5: Number of elements in parallel mesh: 4
5: Number of elements after parallel refinement: 4
4: Number of elements in parallel mesh: 4
4: Number of elements after parallel refinement: 4
Options used:
   --mesh ../../mfem/data/inline-quad.mesh
   --bc-file ../../mfem/miniapps/plasma/transport2d_bcs.inp
   --ic-file ../../mfem/miniapps/plasma/transport2d_ics.inp
   --ec-file /home/gz6/mfem-analysis/input-files/transport2d_ecs.inp
   --es-file ../../mfem/miniapps/plasma/transport2d_ess.inp
   --eqdsk-file 
   --logging 1
   --operator-test 8
   --equation-weights '1 1 1 1 1'
   --problem 0
   --refine-serial 1
   --refine-parallel 0
   --enable-amr
   --max-err -1
   --hysteresis 0.25
   --nc-limit 3
   --amr-weights '1 1 1 1 1'
   --order 1
   --dg-sigma -1
   --dg-kappa 4
   --linear-abs-tolerance 1e-06
   --linear-rel-tolerance 1e-06
   --linear-max-iterations 500
   --linear-logging-level 3
   --newton-abs-tolerance 1e-10
   --newton-rel-tolerance 1e-10
   --newton-max-iterations 1
   --newton-logging-level 1
   --steady-state-abs-tolerance 1e-08
   --steady-state-rel-tolerance 1e-08
   --prec-type 1
   --prec-logging-level 0
   --initial-tolerance 1e-05
   --ode-tolerance 0.001
   --ode-solver 2
   --err-per-step
   --ode-weights '1 1 1 1 1'
   --kP 0
   --kI 0.6
   --kD 0
   --theta-max 2
   --t-minimum 0
   --t-final 100
   --time-step 0.01
   --cfl-number 0.3
   --ion-charge 1
   --ion-mass 2.0141018
   --neutral-mass 2.0141018
   --neutral-temp 3
   --min-neutral-density 9e+14
   --max-neutral-density 1e+15
   --neutral-density-exp 0
   --min-ion-density 1e+16
   --max-ion-density 1e+18
   --ion-density-exp 0
   --min-ion-temp 1
   --max-ion-temp 10
   --ion-temp-exp 0
   --min-electron-temp 10
   --max-electron-temp 440
   --electron-temp-exp 0
   --total-B-magnitude 5
   --poloidal-B-magnitude 0.5
   --velocity 1000
   --Di-perp 1
   --Xi-perp 1
   --Xe-perp 1
   --equation-term-flags '-1 -1 -1 -1 -1'
   --visualization-flags '-1 -1 -1 -1 -1'
   --visualization
   --visit-datafiles
   --ascii-datafiles
   --visualization-steps 4
Device configuration: cpu
Memory configuration: host-std
Number of elements in initial mesh: 16
Number of elements after serial refinement: 64
1: Number of elements in parallel mesh: 4
1: Number of elements after parallel refinement: 4
2: Number of elements in parallel mesh: 4
2: Number of elements after parallel refinement: 4
3: Number of elements in parallel mesh: 4
3: Number of elements after parallel refinement: 4
0: Number of elements in parallel mesh: 4
0: Number of elements after parallel refinement: 4
11: Number of elements in parallel mesh: 4
11: Number of elements after parallel refinement: 4
10: Number of elements in parallel mesh: 4
10: Number of elements after parallel refinement: 4
7: Number of elements in parallel mesh: 4
7: Number of elements after parallel refinement: 4
9: Number of elements in parallel mesh: 4
9: Number of elements after parallel refinement: 4
6: Number of elements in parallel mesh: 4
6: Number of elements after parallel refinement: 4
13: Number of elements in parallel mesh: 4
13: Number of elements after parallel refinement: 4
15: Number of elements in parallel mesh: 4
15: Number of elements after parallel refinement: 4
12: Number of elements in parallel mesh: 4
12: Number of elements after parallel refinement: 4
14: Number of elements in parallel mesh: 4
14: Number of elements after parallel refinement: 4
8: Number of elements in parallel mesh: 4
8: Number of elements after parallel refinement: 4
Configuring initial conditions
Reading initial conditions from ../../mfem/miniapps/plasma/transport2d_ics.inp
Configuring exact solutions
Reading exact solutions from ../../mfem/miniapps/plasma/transport2d_ess.inp

AMR iteration 0
Number of unknowns: 256
Stopping criterion satisfied. Stop.
Number of unknowns per field: 256
Total number of unknowns:     1280
Configuring boundary conditions
Reading boundary conditions from ../../mfem/miniapps/plasma/transport2d_bcs.inp
Configuring equation coefficients
Reading equation coefficients from /home/gz6/mfem-analysis/input-files/transport2d_ecs.inp
|mn| = 3.3444946e-27
|ni| = 1
|ne| = 1

|Dn|     = -nan
|Di|     = -nan
|Eta|    = -nan
|nXi|    = -nan
|nXe|    = -nan

|Eta/mn| = -nan
|nXi/ni| = -nan
|nXe/ne| = -nan
Ion Static Pressure: Adding time derivative term proportional to d n_i / dt
Ion Static Pressure: Adding time derivative term proportional to d T_i / dt
Ion Static Pressure: Adding anisotropic diffusion term
Ion Static Pressure: Adding source term
Opening GLVis sockets.
Range of error estimates for initial condition: -nan < elem err < -nan

Begin time stepping at t = 0
Setting time step: 0.0025 in DGTransportTDO
Setting time step: 0.0025 in CombinedOp
Setting time step: 0.0025 in IonStaticPressureOp
norm(r_0) 0
norm(r_1) 0
norm(r_2) 0
norm(r_3) 0.61685028
norm(r_4) 0
Newton iteration  0 : ||r|| = 0.61685
   Pass :  1   Iteration :   0  ||B r|| = 89.2688 ...
   Pass :  1   Iteration :   8  ||B r|| = 6.47203e-05
norm(r_0) 0
norm(r_1) 0
norm(r_2) 0
norm(r_3) 2.8035219e-06
norm(r_4) 0
Newton iteration  1 : ||r|| = 2.80352e-06, ||r||/||r_0|| = 4.5449e-06
Setting time step: 0.0025 in DGTransportTDO
Setting time step: 0.0025 in CombinedOp
Setting time step: 0.0025 in IonStaticPressureOp
norm(r_0) 0
norm(r_1) 0
norm(r_2) 0
norm(r_3) 0.57619257
norm(r_4) 0
Newton iteration  0 : ||r|| = 0.576193
   Pass :  1   Iteration :   0  ||B r|| = 83.4006 ...
   Pass :  1   Iteration :   8  ||B r|| = 6.03197e-05
norm(r_0) 0
norm(r_1) 0
norm(r_2) 0
norm(r_3) 2.6136059e-06
norm(r_4) 0
Newton iteration  1 : ||r|| = 2.61361e-06, ||r||/||r_0|| = 4.53599e-06
Setting time step: 0.0025 in DGTransportTDO
Setting time step: 0.0025 in CombinedOp
Setting time step: 0.0025 in IonStaticPressureOp
norm(r_0) 0
norm(r_1) 0
norm(r_2) 0
norm(r_3) 0.59223997
norm(r_4) 0
Newton iteration  0 : ||r|| = 0.59224
   Pass :  1   Iteration :   0  ||B r|| = 85.7175 ...
   Pass :  1   Iteration :   8  ||B r|| = 6.20511e-05
norm(r_0) 0
norm(r_1) 0
norm(r_2) 0
norm(r_3) 2.6882627e-06
norm(r_4) 0
Newton iteration  1 : ||r|| = 2.68826e-06, ||r||/||r_0|| = 4.53914e-06
Setting time step: 0.0025 in DGTransportTDO
Setting time step: 0.0025 in CombinedOp
Setting time step: 0.0025 in IonStaticPressureOp
norm(r_0) 0
norm(r_1) 0
norm(r_2) 0
norm(r_3) 0.59633955
norm(r_4) 0
Newton iteration  0 : ||r|| = 0.59634
   Pass :  1   Iteration :   0  ||B r|| = 86.3091 ...
   Pass :  1   Iteration :   8  ||B r|| = 6.24958e-05
norm(r_0) 0
norm(r_1) 0
norm(r_2) 0
norm(r_3) 2.7074735e-06
norm(r_4) 0
Newton iteration  1 : ||r|| = 2.70747e-06, ||r||/||r_0|| = 4.54015e-06
Setting time step: 0.0025 in DGTransportTDO
Setting time step: 0.0025 in CombinedOp
Setting time step: 0.0025 in IonStaticPressureOp
norm(r_0) 0
norm(r_1) 0
norm(r_2) 0
norm(r_3) 0.55658892
norm(r_4) 0
Newton iteration  0 : ||r|| = 0.556589
   Pass :  1   Iteration :   0  ||B r|| = 80.5682 ...
   Pass :  1   Iteration :   8  ||B r|| = 5.82225e-05
norm(r_0) 0
norm(r_1) 0
norm(r_2) 0
norm(r_3) 2.5241618e-06
norm(r_4) 0
Newton iteration  1 : ||r|| = 2.52416e-06, ||r||/||r_0|| = 4.53506e-06
Setting time step: 0.005 in DGTransportTDO
Setting time step: 0.005 in CombinedOp
Setting time step: 0.005 in IonStaticPressureOp
norm(r_0) 0
norm(r_1) 0
norm(r_2) 0
norm(r_3) 0.53824798
norm(r_4) 0
Newton iteration  0 : ||r|| = 0.538248
   Pass :  1   Iteration :   0  ||B r|| = 71.4274 ...
   Pass :  1   Iteration :   9  ||B r|| = 4.89678e-05
norm(r_0) 0
norm(r_1) 0
norm(r_2) 0
norm(r_3) 4.6047368e-06
norm(r_4) 0
Newton iteration  1 : ||r|| = 4.60474e-06, ||r||/||r_0|| = 8.55505e-06
Setting time step: 0.005 in DGTransportTDO
Setting time step: 0.005 in CombinedOp
Setting time step: 0.005 in IonStaticPressureOp
norm(r_0) 0
norm(r_1) 0
norm(r_2) 0
norm(r_3) 0.46956903
norm(r_4) 0
Newton iteration  0 : ||r|| = 0.469569
   Pass :  1   Iteration :   0  ||B r|| = 62.3233 ...
   Pass :  1   Iteration :   9  ||B r|| = 4.26918e-05
norm(r_0) 0
norm(r_1) 0
norm(r_2) 0
norm(r_3) 4.0148675e-06
norm(r_4) 0
Newton iteration  1 : ||r|| = 4.01487e-06, ||r||/||r_0|| = 8.55011e-06
Setting time step: 0.005 in DGTransportTDO
Setting time step: 0.005 in CombinedOp
Setting time step: 0.005 in IonStaticPressureOp
norm(r_0) 0
norm(r_1) 0
norm(r_2) 0
norm(r_3) 0.49633938
norm(r_4) 0
Newton iteration  0 : ||r|| = 0.496339
   Pass :  1   Iteration :   0  ||B r|| = 65.8725 ...
   Pass :  1   Iteration :   9  ||B r|| = 4.51364e-05
norm(r_0) 0
norm(r_1) 0
norm(r_2) 0
norm(r_3) 4.2446483e-06
norm(r_4) 0
Newton iteration  1 : ||r|| = 4.24465e-06, ||r||/||r_0|| = 8.55191e-06
Setting time step: 0.005 in DGTransportTDO
Setting time step: 0.005 in CombinedOp
Setting time step: 0.005 in IonStaticPressureOp
norm(r_0) 0
norm(r_1) 0
norm(r_2) 0
norm(r_3) 0.50332046
norm(r_4) 0
Newton iteration  0 : ||r|| = 0.50332
   Pass :  1   Iteration :   0  ||B r|| = 66.7978 ...
   Pass :  1   Iteration :   9  ||B r|| = 4.57747e-05
norm(r_0) 0
norm(r_1) 0
norm(r_2) 0
norm(r_3) 4.3046372e-06
norm(r_4) 0
Newton iteration  1 : ||r|| = 4.30464e-06, ||r||/||r_0|| = 8.55248e-06
Setting time step: 0.005 in DGTransportTDO
Setting time step: 0.005 in CombinedOp
Setting time step: 0.005 in IonStaticPressureOp
norm(r_0) 0
norm(r_1) 0
norm(r_2) 0
norm(r_3) 0.43775588
norm(r_4) 0
Newton iteration  0 : ||r|| = 0.437756
   Pass :  1   Iteration :   0  ||B r|| = 58.1026 ...
   Pass :  1   Iteration :   9  ||B r|| = 3.97966e-05
norm(r_0) 0
norm(r_1) 0
norm(r_2) 0
norm(r_3) 3.7426333e-06
norm(r_4) 0
Newton iteration  1 : ||r|| = 3.74263e-06, ||r||/||r_0|| = 8.54959e-06
Setting time step: 0.01 in DGTransportTDO
Setting time step: 0.01 in CombinedOp
Setting time step: 0.01 in IonStaticPressureOp
norm(r_0) 0
norm(r_1) 0
norm(r_2) 0
norm(r_3) 0.40982805
norm(r_4) 0
Newton iteration  0 : ||r|| = 0.409828
   Pass :  1   Iteration :   0  ||B r|| = 47.1815 ...
   Pass :  1   Iteration :  10  ||B r|| = 3.36858e-05
norm(r_0) 0
norm(r_1) 0
norm(r_2) 0
norm(r_3) 4.9336993e-06
norm(r_4) 0
Newton iteration  1 : ||r|| = 4.9337e-06, ||r||/||r_0|| = 1.20385e-05
Setting time step: 0.01 in DGTransportTDO
Setting time step: 0.01 in CombinedOp
Setting time step: 0.01 in IonStaticPressureOp
norm(r_0) 0
norm(r_1) 0
norm(r_2) 0
norm(r_3) 0.31151608
norm(r_4) 0
Newton iteration  0 : ||r|| = 0.311516
   Pass :  1   Iteration :   0  ||B r|| = 35.8663 ...
   Pass :  1   Iteration :  10  ||B r|| = 2.55987e-05
norm(r_0) 0
norm(r_1) 0
norm(r_2) 0
norm(r_3) 3.749371e-06
norm(r_4) 0
Newton iteration  1 : ||r|| = 3.74937e-06, ||r||/||r_0|| = 1.20359e-05
Setting time step: 0.01 in DGTransportTDO
Setting time step: 0.01 in CombinedOp
Setting time step: 0.01 in IonStaticPressureOp
norm(r_0) 0
norm(r_1) 0
norm(r_2) 0
norm(r_3) 0.34895416
norm(r_4) 0
Newton iteration  0 : ||r|| = 0.348954
   Pass :  1   Iteration :   0  ||B r|| = 40.1755 ...
   Pass :  1   Iteration :  10  ||B r|| = 2.86779e-05
norm(r_0) 0
norm(r_1) 0
norm(r_2) 0
norm(r_3) 4.2003168e-06
norm(r_4) 0
Newton iteration  1 : ||r|| = 4.20032e-06, ||r||/||r_0|| = 1.20369e-05
Setting time step: 0.01 in DGTransportTDO
Setting time step: 0.01 in CombinedOp
Setting time step: 0.01 in IonStaticPressureOp
norm(r_0) 0
norm(r_1) 0
norm(r_2) 0
norm(r_3) 0.35910164
norm(r_4) 0
Newton iteration  0 : ||r|| = 0.359102
   Pass :  1   Iteration :   0  ||B r|| = 41.3433 ...
   Pass :  1   Iteration :  10  ||B r|| = 2.95127e-05
norm(r_0) 0
norm(r_1) 0
norm(r_2) 0
norm(r_3) 4.3225722e-06
norm(r_4) 0
Newton iteration  1 : ||r|| = 4.32257e-06, ||r||/||r_0|| = 1.20372e-05
Setting time step: 0.01 in DGTransportTDO
Setting time step: 0.01 in CombinedOp
Setting time step: 0.01 in IonStaticPressureOp
norm(r_0) 0
norm(r_1) 0
norm(r_2) 0
norm(r_3) 0.26999093
norm(r_4) 0
Newton iteration  0 : ||r|| = 0.269991
   Pass :  1   Iteration :   0  ||B r|| = 31.0853 ...
   Pass :  1   Iteration :  10  ||B r|| = 2.21864e-05
norm(r_0) 0
norm(r_1) 0
norm(r_2) 0
norm(r_3) 3.2495877e-06
norm(r_4) 0
Newton iteration  1 : ||r|| = 3.24959e-06, ||r||/||r_0|| = 1.20359e-05
Setting time step: 0.02 in DGTransportTDO
Setting time step: 0.02 in CombinedOp
Setting time step: 0.02 in IonStaticPressureOp
norm(r_0) 0
norm(r_1) 0
norm(r_2) 0
norm(r_3) 0.23760744
norm(r_4) 0
Newton iteration  0 : ||r|| = 0.237607
   Pass :  1   Iteration :   0  ||B r|| = 21.8939 ...
   Pass :  1   Iteration :  11  ||B r|| = 1.27161e-05
norm(r_0) 0
norm(r_1) 0
norm(r_2) 0
norm(r_3) 3.8120325e-06
norm(r_4) 0
Newton iteration  1 : ||r|| = 3.81203e-06, ||r||/||r_0|| = 1.60434e-05
Setting time step: 0.02 in DGTransportTDO
Setting time step: 0.02 in CombinedOp
Setting time step: 0.02 in IonStaticPressureOp
norm(r_0) 0
norm(r_1) 0
norm(r_2) 0
norm(r_3) 0.13581897
norm(r_4) 0
Newton iteration  0 : ||r|| = 0.135819
   Pass :  1   Iteration :   0  ||B r|| = 12.515 ...
   Pass :  1   Iteration :  11  ||B r|| = 7.26833e-06
norm(r_0) 0
norm(r_1) 0
norm(r_2) 0
norm(r_3) 2.1789275e-06
norm(r_4) 0
Newton iteration  1 : ||r|| = 2.17893e-06, ||r||/||r_0|| = 1.60429e-05
Setting time step: 0.02 in DGTransportTDO
Setting time step: 0.02 in CombinedOp
Setting time step: 0.02 in IonStaticPressureOp
norm(r_0) 0
norm(r_1) 0
norm(r_2) 0
norm(r_3) 0.17304596
norm(r_4) 0
Newton iteration  0 : ||r|| = 0.173046
   Pass :  1   Iteration :   0  ||B r|| = 15.9452 ...
   Pass :  1   Iteration :  11  ||B r|| = 9.2607e-06
norm(r_0) 0
norm(r_1) 0
norm(r_2) 0
norm(r_3) 2.7761939e-06
norm(r_4) 0
Newton iteration  1 : ||r|| = 2.77619e-06, ||r||/||r_0|| = 1.60431e-05
Setting time step: 0.02 in DGTransportTDO
Setting time step: 0.02 in CombinedOp
Setting time step: 0.02 in IonStaticPressureOp
norm(r_0) 0
norm(r_1) 0
norm(r_2) 0
norm(r_3) 0.18384586
norm(r_4) 0
Newton iteration  0 : ||r|| = 0.183846
   Pass :  1   Iteration :   0  ||B r|| = 16.9403 ...
   Pass :  1   Iteration :  11  ||B r|| = 9.83872e-06
norm(r_0) 0
norm(r_1) 0
norm(r_2) 0
norm(r_3) 2.9494706e-06
norm(r_4) 0
Newton iteration  1 : ||r|| = 2.94947e-06, ||r||/||r_0|| = 1.60432e-05
Setting time step: 0.02 in DGTransportTDO
Setting time step: 0.02 in CombinedOp
Setting time step: 0.02 in IonStaticPressureOp
norm(r_0) 0
norm(r_1) 0
norm(r_2) 0
norm(r_3) 0.10177447
norm(r_4) 0
Newton iteration  0 : ||r|| = 0.101774
   Pass :  1   Iteration :   0  ||B r|| = 9.37789 ...
   Pass :  1   Iteration :  11  ||B r|| = 5.44659e-06
norm(r_0) 0
norm(r_1) 0
norm(r_2) 0
norm(r_3) 1.6327951e-06
norm(r_4) 0
Newton iteration  1 : ||r|| = 1.6328e-06, ||r||/||r_0|| = 1.60433e-05
Time stepping paused at t = 0.15

Estimating errors.
No refinements necessary.
No derefinements needed.

AMR iteration 1
Number of unknowns: 256
Setting time step: 0.019102545 in DGTransportTDO
Setting time step: 0.019102545 in CombinedOp
Setting time step: 0.019102545 in IonStaticPressureOp
norm(r_0) 0
norm(r_1) 0
norm(r_2) 0
norm(r_3) 0.079974928
norm(r_4) 0
Newton iteration  0 : ||r|| = 0.0799749
   Pass :  1   Iteration :   0  ||B r|| = 7.5007 ...
   Pass :  1   Iteration :  11  ||B r|| = 4.10245e-06
norm(r_0) 0
norm(r_1) 0
norm(r_2) 0
norm(r_3) 1.1787306e-06
norm(r_4) 0
Newton iteration  1 : ||r|| = 1.17873e-06, ||r||/||r_0|| = 1.47388e-05
Setting time step: 0.019102545 in DGTransportTDO
Setting time step: 0.019102545 in CombinedOp
Setting time step: 0.019102545 in IonStaticPressureOp
norm(r_0) 0
norm(r_1) 0
norm(r_2) 0
norm(r_3) 0.046934318
norm(r_4) 0
Newton iteration  0 : ||r|| = 0.0469343
   Pass :  1   Iteration :   0  ||B r|| = 4.40191 ...
   Pass :  1   Iteration :  11  ||B r|| = 2.40755e-06
norm(r_0) 0
norm(r_1) 0
norm(r_2) 0
norm(r_3) 6.9174763e-07
norm(r_4) 0
Newton iteration  1 : ||r|| = 6.91748e-07, ||r||/||r_0|| = 1.47386e-05
Setting time step: 0.019102545 in DGTransportTDO
Setting time step: 0.019102545 in CombinedOp
Setting time step: 0.019102545 in IonStaticPressureOp
norm(r_0) 0
norm(r_1) 0
norm(r_2) 0
norm(r_3) 0.059058538
norm(r_4) 0
Newton iteration  0 : ||r|| = 0.0590585
   Pass :  1   Iteration :   0  ||B r|| = 5.53901 ...
   Pass :  1   Iteration :  11  ||B r|| = 3.02949e-06
norm(r_0) 0
norm(r_1) 0
norm(r_2) 0
norm(r_3) 8.7044502e-07
norm(r_4) 0
Newton iteration  1 : ||r|| = 8.70445e-07, ||r||/||r_0|| = 1.47387e-05
Setting time step: 0.019102545 in DGTransportTDO
Setting time step: 0.019102545 in CombinedOp
Setting time step: 0.019102545 in IonStaticPressureOp
norm(r_0) 0
norm(r_1) 0
norm(r_2) 0
norm(r_3) 0.0625561
norm(r_4) 0
Newton iteration  0 : ||r|| = 0.0625561
   Pass :  1   Iteration :   0  ||B r|| = 5.86704 ...
   Pass :  1   Iteration :  11  ||B r|| = 3.20891e-06
norm(r_0) 0
norm(r_1) 0
norm(r_2) 0
norm(r_3) 9.2199545e-07
norm(r_4) 0
Newton iteration  1 : ||r|| = 9.21995e-07, ||r||/||r_0|| = 1.47387e-05
Setting time step: 0.019102545 in DGTransportTDO
Setting time step: 0.019102545 in CombinedOp
Setting time step: 0.019102545 in IonStaticPressureOp
norm(r_0) 0
norm(r_1) 0
norm(r_2) 0
norm(r_3) 0.035617044
norm(r_4) 0
Newton iteration  0 : ||r|| = 0.035617
   Pass :  1   Iteration :   0  ||B r|| = 3.34046 ...
   Pass :  1   Iteration :  11  ||B r|| = 1.82703e-06
norm(r_0) 0
norm(r_1) 0
norm(r_2) 0
norm(r_3) 5.2494902e-07
norm(r_4) 0
Newton iteration  1 : ||r|| = 5.24949e-07, ||r||/||r_0|| = 1.47387e-05
Setting time step: 0.038205091 in DGTransportTDO
Setting time step: 0.038205091 in CombinedOp
Setting time step: 0.038205091 in IonStaticPressureOp
norm(r_0) 0
norm(r_1) 0
norm(r_2) 0
norm(r_3) 0.028259683
norm(r_4) 0
Newton iteration  0 : ||r|| = 0.0282597
   Pass :  1   Iteration :   0  ||B r|| = 1.9301 ...
   Pass :  1   Iteration :  12  ||B r|| = 7.53137e-07
norm(r_0) 0
norm(r_1) 0
norm(r_2) 0
norm(r_3) 4.5767445e-07
norm(r_4) 0
Newton iteration  1 : ||r|| = 4.57674e-07, ||r||/||r_0|| = 1.61953e-05
Setting time step: 0.038205091 in DGTransportTDO
Setting time step: 0.038205091 in CombinedOp
Setting time step: 0.038205091 in IonStaticPressureOp
norm(r_0) 0
norm(r_1) 0
norm(r_2) 0
norm(r_3) 0.0089070737
norm(r_4) 0
Newton iteration  0 : ||r|| = 0.00890707
   Pass :  1   Iteration :   0  ||B r|| = 0.608344 ...
   Pass :  1   Iteration :  11  ||B r|| = 6.95637e-07
norm(r_0) 0
norm(r_1) 0
norm(r_2) 0
norm(r_3) 3.8662347e-07
norm(r_4) 0
Newton iteration  1 : ||r|| = 3.86623e-07, ||r||/||r_0|| = 4.34063e-05
Setting time step: 0.038205091 in DGTransportTDO
Setting time step: 0.038205091 in CombinedOp
Setting time step: 0.038205091 in IonStaticPressureOp
norm(r_0) 0
norm(r_1) 0
norm(r_2) 0
norm(r_3) 0.015587883
norm(r_4) 0
Newton iteration  0 : ||r|| = 0.0155879
   Pass :  1   Iteration :   0  ||B r|| = 1.06463 ...
   Pass :  1   Iteration :  12  ||B r|| = 4.15426e-07
norm(r_0) 0
norm(r_1) 0
norm(r_2) 0
norm(r_3) 2.5245121e-07
norm(r_4) 0
Newton iteration  1 : ||r|| = 2.52451e-07, ||r||/||r_0|| = 1.61953e-05
Setting time step: 0.038205091 in DGTransportTDO
Setting time step: 0.038205091 in CombinedOp
Setting time step: 0.038205091 in IonStaticPressureOp
norm(r_0) 0
norm(r_1) 0
norm(r_2) 0
norm(r_3) 0.017726897
norm(r_4) 0
Newton iteration  0 : ||r|| = 0.0177269
   Pass :  1   Iteration :   0  ||B r|| = 1.21073 ...
   Pass :  1   Iteration :  12  ||B r|| = 4.72432e-07
norm(r_0) 0
norm(r_1) 0
norm(r_2) 0
norm(r_3) 2.8709311e-07
norm(r_4) 0
Newton iteration  1 : ||r|| = 2.87093e-07, ||r||/||r_0|| = 1.61953e-05
Setting time step: 0.038205091 in DGTransportTDO
Setting time step: 0.038205091 in CombinedOp
Setting time step: 0.038205091 in IonStaticPressureOp
norm(r_0) 0
norm(r_1) 0
norm(r_2) 0
norm(r_3) 0.0055795545
norm(r_4) 0
Newton iteration  0 : ||r|| = 0.00557955
   Pass :  1   Iteration :   0  ||B r|| = 0.381075 ...
   Pass :  1   Iteration :  11  ||B r|| = 4.35765e-07
norm(r_0) 0
norm(r_1) 0
norm(r_2) 0
norm(r_3) 2.4218865e-07
norm(r_4) 0
Newton iteration  1 : ||r|| = 2.42189e-07, ||r||/||r_0|| = 4.34064e-05
Setting time step: 0.042842848 in DGTransportTDO
Setting time step: 0.042842848 in CombinedOp
Setting time step: 0.042842848 in IonStaticPressureOp
norm(r_0) 0
norm(r_1) 0
norm(r_2) 0
norm(r_3) 0.0036690777
norm(r_4) 0
Newton iteration  0 : ||r|| = 0.00366908
   Pass :  1   Iteration :   0  ||B r|| = 0.235388 ...
   Pass :  1   Iteration :  11  ||B r|| = 2.95443e-07
norm(r_0) 0
norm(r_1) 0
norm(r_2) 0
norm(r_3) 1.8346624e-07
norm(r_4) 0
Newton iteration  1 : ||r|| = 1.83466e-07, ||r||/||r_0|| = 5.00034e-05
Setting time step: 0.042842848 in DGTransportTDO
Setting time step: 0.042842848 in CombinedOp
Setting time step: 0.042842848 in IonStaticPressureOp
norm(r_0) 0
norm(r_1) 0
norm(r_2) 0
norm(r_3) 0.00096387484
norm(r_4) 0
Newton iteration  0 : ||r|| = 0.000963875
   Pass :  1   Iteration :   0  ||B r|| = 0.0618373 ...
   Pass :  1   Iteration :   9  ||B r|| = 8.95879e-07
norm(r_0) 0
norm(r_1) 0
norm(r_2) 0
norm(r_3) 5.6953166e-07
norm(r_4) 0
Newton iteration  1 : ||r|| = 5.69532e-07, ||r||/||r_0|| = 0.000590877
Setting time step: 0.042842848 in DGTransportTDO
Setting time step: 0.042842848 in CombinedOp
Setting time step: 0.042842848 in IonStaticPressureOp
norm(r_0) 0
norm(r_1) 0
norm(r_2) 0
norm(r_3) 0.0018863929
norm(r_4) 0
Newton iteration  0 : ||r|| = 0.00188639
   Pass :  1   Iteration :   0  ||B r|| = 0.121021 ...
   Pass :  1   Iteration :  10  ||B r|| = 5.15364e-07
norm(r_0) 0
norm(r_1) 0
norm(r_2) 0
norm(r_3) 2.9904886e-07
norm(r_4) 0
Newton iteration  1 : ||r|| = 2.99049e-07, ||r||/||r_0|| = 0.000158529
Setting time step: 0.042842848 in DGTransportTDO
Setting time step: 0.042842848 in CombinedOp
Setting time step: 0.042842848 in IonStaticPressureOp
norm(r_0) 0
norm(r_1) 0
norm(r_2) 0
norm(r_3) 0.0021880395
norm(r_4) 0
Newton iteration  0 : ||r|| = 0.00218804
   Pass :  1   Iteration :   0  ||B r|| = 0.140373 ...
   Pass :  1   Iteration :  10  ||B r|| = 5.97775e-07
norm(r_0) 0
norm(r_1) 0
norm(r_2) 0
norm(r_3) 3.4686895e-07
norm(r_4) 0
Newton iteration  1 : ||r|| = 3.46869e-07, ||r||/||r_0|| = 0.00015853
Setting time step: 0.042842848 in DGTransportTDO
Setting time step: 0.042842848 in CombinedOp
Setting time step: 0.042842848 in IonStaticPressureOp
norm(r_0) 0
norm(r_1) 0
norm(r_2) 0
norm(r_3) 0.00060660073
norm(r_4) 0
Newton iteration  0 : ||r|| = 0.000606601
   Pass :  1   Iteration :   0  ||B r|| = 0.0389149 ...
   Pass :  1   Iteration :   9  ||B r|| = 5.63799e-07
norm(r_0) 0
norm(r_1) 0
norm(r_2) 0
norm(r_3) 3.5840536e-07
norm(r_4) 0
Newton iteration  1 : ||r|| = 3.58405e-07, ||r||/||r_0|| = 0.000590842
Setting time step: 0.085685696 in DGTransportTDO
Setting time step: 0.085685696 in CombinedOp
Setting time step: 0.085685696 in IonStaticPressureOp
norm(r_0) 0
norm(r_1) 0
norm(r_2) 0
norm(r_3) 0.000382974
norm(r_4) 0
Newton iteration  0 : ||r|| = 0.000382974
   Pass :  1   Iteration :   0  ||B r|| = 0.0157793 ...
   Pass :  1   Iteration :   9  ||B r|| = 3.42242e-07
norm(r_0) 0
norm(r_1) 0
norm(r_2) 0
norm(r_3) 4.2567616e-07
norm(r_4) 0
Newton iteration  1 : ||r|| = 4.25676e-07, ||r||/||r_0|| = 0.0011115
Setting time step: 0.085685696 in DGTransportTDO
Setting time step: 0.085685696 in CombinedOp
Setting time step: 0.085685696 in IonStaticPressureOp
norm(r_0) 0
norm(r_1) 0
norm(r_2) 0
norm(r_3) 2.9652965e-05
norm(r_4) 0
Newton iteration  0 : ||r|| = 2.9653e-05
   Pass :  1   Iteration :   0  ||B r|| = 0.00122143 ...
   Pass :  1   Iteration :   6  ||B r|| = 5.79846e-07
norm(r_0) 0
norm(r_1) 0
norm(r_2) 0
norm(r_3) 6.2535724e-07
norm(r_4) 0
Newton iteration  1 : ||r|| = 6.25357e-07, ||r||/||r_0|| = 0.0210892
Setting time step: 0.085685696 in DGTransportTDO
Setting time step: 0.085685696 in CombinedOp
Setting time step: 0.085685696 in IonStaticPressureOp
norm(r_0) 0
norm(r_1) 0
norm(r_2) 0
norm(r_3) 9.9836334e-05
norm(r_4) 0
Newton iteration  0 : ||r|| = 9.98363e-05
   Pass :  1   Iteration :   0  ||B r|| = 0.00411354 ...
   Pass :  1   Iteration :   7  ||B r|| = 7.02366e-07
norm(r_0) 0
norm(r_1) 0
norm(r_2) 0
norm(r_3) 9.6986713e-07
norm(r_4) 0
Newton iteration  1 : ||r|| = 9.69867e-07, ||r||/||r_0|| = 0.00971457
Setting time step: 0.085685696 in DGTransportTDO
Setting time step: 0.085685696 in CombinedOp
Setting time step: 0.085685696 in IonStaticPressureOp
norm(r_0) 0
norm(r_1) 0
norm(r_2) 0
norm(r_3) 0.00014870242
norm(r_4) 0
Newton iteration  0 : ||r|| = 0.000148702
   Pass :  1   Iteration :   0  ||B r|| = 0.00612694 ...
   Pass :  1   Iteration :   8  ||B r|| = 3.94221e-07
norm(r_0) 0
norm(r_1) 0
norm(r_2) 0
norm(r_3) 3.7414431e-07
norm(r_4) 0
Newton iteration  1 : ||r|| = 3.74144e-07, ||r||/||r_0|| = 0.00251606
Setting time step: 0.085685696 in DGTransportTDO
Setting time step: 0.085685696 in CombinedOp
Setting time step: 0.085685696 in IonStaticPressureOp
norm(r_0) 0
norm(r_1) 0
norm(r_2) 0
norm(r_3) 5.9290603e-05
norm(r_4) 0
Newton iteration  0 : ||r|| = 5.92906e-05
   Pass :  1   Iteration :   0  ||B r|| = 0.0019446 ...
   Pass :  1   Iteration :   6  ||B r|| = 9.37198e-07
norm(r_0) 0
norm(r_1) 0
norm(r_2) 0
norm(r_3) 9.9343707e-07
norm(r_4) 0
Newton iteration  1 : ||r|| = 9.93437e-07, ||r||/||r_0|| = 0.0167554
Time stepping paused at t = 0.89334472

Estimating errors.
No refinements necessary.
No derefinements needed.

AMR iteration 2
Number of unknowns: 256
Setting time step: 0.17137139 in DGTransportTDO
Setting time step: 0.17137139 in CombinedOp
Setting time step: 0.17137139 in IonStaticPressureOp
norm(r_0) 0
norm(r_1) 0
norm(r_2) 0
norm(r_3) 2.1738829e-05
norm(r_4) 0
Newton iteration  0 : ||r|| = 2.17388e-05
   Pass :  1   Iteration :   0  ||B r|| = 0.000522198 ...
   Pass :  1   Iteration :   5  ||B r|| = 8.34234e-07
norm(r_0) 0
norm(r_1) 0
norm(r_2) 0
norm(r_3) 1.5913731e-06
norm(r_4) 0
Newton iteration  1 : ||r|| = 1.59137e-06, ||r||/||r_0|| = 0.0732042
Setting time step: 0.17137139 in DGTransportTDO
Setting time step: 0.17137139 in CombinedOp
Setting time step: 0.17137139 in IonStaticPressureOp
norm(r_0) 0
norm(r_1) 0
norm(r_2) 0
norm(r_3) 9.4422881e-06
norm(r_4) 0
Newton iteration  0 : ||r|| = 9.44229e-06
   Pass :  1   Iteration :   0  ||B r|| = 0.00020925 ...
   Pass :  1   Iteration :   4  ||B r|| = 8.46804e-07
norm(r_0) 0
norm(r_1) 0
norm(r_2) 0
norm(r_3) 1.7735181e-06
norm(r_4) 0
Newton iteration  1 : ||r|| = 1.77352e-06, ||r||/||r_0|| = 0.187827
Setting time step: 0.17137139 in DGTransportTDO
Setting time step: 0.17137139 in CombinedOp
Setting time step: 0.17137139 in IonStaticPressureOp
norm(r_0) 0
norm(r_1) 0
norm(r_2) 0
norm(r_3) 2.9289222e-06
norm(r_4) 0
Newton iteration  0 : ||r|| = 2.92892e-06
   Pass :  1   Iteration :   0  ||B r|| = 1.82933e-06 ...
   Pass :  1   Iteration :   1  ||B r|| = 5.99123e-07
norm(r_0) 0
norm(r_1) 0
norm(r_2) 0
norm(r_3) 1.2349599e-06
norm(r_4) 0
Newton iteration  1 : ||r|| = 1.23496e-06, ||r||/||r_0|| = 0.421643
Setting time step: 0.17137139 in DGTransportTDO
Setting time step: 0.17137139 in CombinedOp
Setting time step: 0.17137139 in IonStaticPressureOp
norm(r_0) 0
norm(r_1) 0
norm(r_2) 0
norm(r_3) 4.4564925e-06
norm(r_4) 0
Newton iteration  0 : ||r|| = 4.45649e-06
   Pass :  1   Iteration :   0  ||B r|| = 9.34752e-05 ...
   Pass :  1   Iteration :   3  ||B r|| = 9.67919e-07
norm(r_0) 0
norm(r_1) 0
norm(r_2) 0
norm(r_3) 2.0309788e-06
norm(r_4) 0
Newton iteration  1 : ||r|| = 2.03098e-06, ||r||/||r_0|| = 0.455735
Setting time step: 0.17137139 in DGTransportTDO
Setting time step: 0.17137139 in CombinedOp
Setting time step: 0.17137139 in IonStaticPressureOp
norm(r_0) 0
norm(r_1) 0
norm(r_2) 0
norm(r_3) 7.7693509e-05
norm(r_4) 0
Newton iteration  0 : ||r|| = 7.76935e-05
   Pass :  1   Iteration :   0  ||B r|| = 0.000228874 ...
   Pass :  1   Iteration :   4  ||B r|| = 9.94795e-07
norm(r_0) 0
norm(r_1) 0
norm(r_2) 0
norm(r_3) 2.4952042e-06
norm(r_4) 0
Newton iteration  1 : ||r|| = 2.4952e-06, ||r||/||r_0|| = 0.032116
Setting time step: 0.34274278 in DGTransportTDO
Setting time step: 0.34274278 in CombinedOp
Setting time step: 0.34274278 in IonStaticPressureOp
norm(r_0) 0
norm(r_1) 0
norm(r_2) 0
norm(r_3) 3.868191e-06
norm(r_4) 0
Newton iteration  0 : ||r|| = 3.86819e-06
   Pass :  1   Iteration :   0  ||B r|| = 3.7698e-05 ...
   Pass :  1   Iteration :   3  ||B r|| = 4.22928e-07
norm(r_0) 0
norm(r_1) 0
norm(r_2) 0
norm(r_3) 1.8218196e-06
norm(r_4) 0
Newton iteration  1 : ||r|| = 1.82182e-06, ||r||/||r_0|| = 0.470975
Setting time step: 0.34274278 in DGTransportTDO
Setting time step: 0.34274278 in CombinedOp
Setting time step: 0.34274278 in IonStaticPressureOp
norm(r_0) 0
norm(r_1) 0
norm(r_2) 0
norm(r_3) 5.678502e-06
norm(r_4) 0
Newton iteration  0 : ||r|| = 5.6785e-06
   Pass :  1   Iteration :   0  ||B r|| = 2.43249e-05 ...
   Pass :  1   Iteration :   3  ||B r|| = 3.15552e-07
norm(r_0) 0
norm(r_1) 0
norm(r_2) 0
norm(r_3) 1.2406306e-06
norm(r_4) 0
Newton iteration  1 : ||r|| = 1.24063e-06, ||r||/||r_0|| = 0.218478
Setting time step: 0.34274278 in DGTransportTDO
Setting time step: 0.34274278 in CombinedOp
Setting time step: 0.34274278 in IonStaticPressureOp
norm(r_0) 0
norm(r_1) 0
norm(r_2) 0
norm(r_3) 4.1029347e-06
norm(r_4) 0
Newton iteration  0 : ||r|| = 4.10293e-06
   Pass :  1   Iteration :   0  ||B r|| = 7.71083e-06 ...
   Pass :  1   Iteration :   2  ||B r|| = 3.97613e-07
norm(r_0) 0
norm(r_1) 0
norm(r_2) 0
norm(r_3) 1.1662321e-06
norm(r_4) 0
Newton iteration  1 : ||r|| = 1.16623e-06, ||r||/||r_0|| = 0.284243
Setting time step: 0.34274278 in DGTransportTDO
Setting time step: 0.34274278 in CombinedOp
Setting time step: 0.34274278 in IonStaticPressureOp
norm(r_0) 0
norm(r_1) 0
norm(r_2) 0
norm(r_3) 2.922885e-06
norm(r_4) 0
Newton iteration  0 : ||r|| = 2.92288e-06
   Pass :  1   Iteration :   0  ||B r|| = 8.17637e-07
norm(r_0) 0
norm(r_1) 0
norm(r_2) 0
norm(r_3) 2.922885e-06
norm(r_4) 0
Newton iteration  1 : ||r|| = 2.92288e-06, ||r||/||r_0|| = 1
Setting time step: 0.34274278 in DGTransportTDO
Setting time step: 0.34274278 in CombinedOp
Setting time step: 0.34274278 in IonStaticPressureOp
norm(r_0) 0
norm(r_1) 0
norm(r_2) 0
norm(r_3) 0.00010020733
norm(r_4) 0
Newton iteration  0 : ||r|| = 0.000100207
   Pass :  1   Iteration :   0  ||B r|| = 3.58914e-05 ...
   Pass :  1   Iteration :   4  ||B r|| = 8.56754e-07
norm(r_0) 0
norm(r_1) 0
norm(r_2) 0
norm(r_3) 2.1639327e-06
norm(r_4) 0
Newton iteration  1 : ||r|| = 2.16393e-06, ||r||/||r_0|| = 0.0215946
Setting time step: 0.68548557 in DGTransportTDO
Setting time step: 0.68548557 in CombinedOp
Setting time step: 0.68548557 in IonStaticPressureOp
norm(r_0) 0
norm(r_1) 0
norm(r_2) 0
norm(r_3) 2.1599383e-06
norm(r_4) 0
Newton iteration  0 : ||r|| = 2.15994e-06
   Pass :  1   Iteration :   0  ||B r|| = 8.45125e-07
norm(r_0) 0
norm(r_1) 0
norm(r_2) 0
norm(r_3) 2.1599383e-06
norm(r_4) 0
Newton iteration  1 : ||r|| = 2.15994e-06, ||r||/||r_0|| = 1
Setting time step: 0.68548557 in DGTransportTDO
Setting time step: 0.68548557 in CombinedOp
Setting time step: 0.68548557 in IonStaticPressureOp
norm(r_0) 0
norm(r_1) 0
norm(r_2) 0
norm(r_3) 2.1599383e-06
norm(r_4) 0
Newton iteration  0 : ||r|| = 2.15994e-06
   Pass :  1   Iteration :   0  ||B r|| = 8.45125e-07
norm(r_0) 0
norm(r_1) 0
norm(r_2) 0
norm(r_3) 2.1599383e-06
norm(r_4) 0
Newton iteration  1 : ||r|| = 2.15994e-06, ||r||/||r_0|| = 1
Setting time step: 0.68548557 in DGTransportTDO
Setting time step: 0.68548557 in CombinedOp
Setting time step: 0.68548557 in IonStaticPressureOp
norm(r_0) 0
norm(r_1) 0
norm(r_2) 0
norm(r_3) 2.1599383e-06
norm(r_4) 0
Newton iteration  0 : ||r|| = 2.15994e-06
   Pass :  1   Iteration :   0  ||B r|| = 8.45125e-07
norm(r_0) 0
norm(r_1) 0
norm(r_2) 0
norm(r_3) 2.1599383e-06
norm(r_4) 0
Newton iteration  1 : ||r|| = 2.15994e-06, ||r||/||r_0|| = 1
Setting time step: 0.68548557 in DGTransportTDO
Setting time step: 0.68548557 in CombinedOp
Setting time step: 0.68548557 in IonStaticPressureOp
norm(r_0) 0
norm(r_1) 0
norm(r_2) 0
norm(r_3) 2.1599383e-06
norm(r_4) 0
Newton iteration  0 : ||r|| = 2.15994e-06
   Pass :  1   Iteration :   0  ||B r|| = 8.45125e-07
norm(r_0) 0
norm(r_1) 0
norm(r_2) 0
norm(r_3) 2.1599383e-06
norm(r_4) 0
Newton iteration  1 : ||r|| = 2.15994e-06, ||r||/||r_0|| = 1
Setting time step: 0.68548557 in DGTransportTDO
Setting time step: 0.68548557 in CombinedOp
Setting time step: 0.68548557 in IonStaticPressureOp
norm(r_0) 0
norm(r_1) 0
norm(r_2) 0
norm(r_3) 2.1599383e-06
norm(r_4) 0
Newton iteration  0 : ||r|| = 2.15994e-06
   Pass :  1   Iteration :   0  ||B r|| = 8.45125e-07
norm(r_0) 0
norm(r_1) 0
norm(r_2) 0
norm(r_3) 2.1599383e-06
norm(r_4) 0
Newton iteration  1 : ||r|| = 2.15994e-06, ||r||/||r_0|| = 1
Setting time step: 0.68548557 in DGTransportTDO
Setting time step: 0.68548557 in CombinedOp
Setting time step: 0.68548557 in IonStaticPressureOp
norm(r_0) 0
norm(r_1) 0
norm(r_2) 0
norm(r_3) 2.1599383e-06
norm(r_4) 0
Newton iteration  0 : ||r|| = 2.15994e-06
   Pass :  1   Iteration :   0  ||B r|| = 8.45125e-07
norm(r_0) 0
norm(r_1) 0
norm(r_2) 0
norm(r_3) 2.1599383e-06
norm(r_4) 0
Newton iteration  1 : ||r|| = 2.15994e-06, ||r||/||r_0|| = 1
Setting time step: 0.68548557 in DGTransportTDO
Setting time step: 0.68548557 in CombinedOp
Setting time step: 0.68548557 in IonStaticPressureOp
norm(r_0) 0
norm(r_1) 0
norm(r_2) 0
norm(r_3) 2.1599383e-06
norm(r_4) 0
Newton iteration  0 : ||r|| = 2.15994e-06
   Pass :  1   Iteration :   0  ||B r|| = 8.45125e-07
norm(r_0) 0
norm(r_1) 0
norm(r_2) 0
norm(r_3) 2.1599383e-06
norm(r_4) 0
Newton iteration  1 : ||r|| = 2.15994e-06, ||r||/||r_0|| = 1
Setting time step: 0.68548557 in DGTransportTDO
Setting time step: 0.68548557 in CombinedOp
Setting time step: 0.68548557 in IonStaticPressureOp
norm(r_0) 0
norm(r_1) 0
norm(r_2) 0
norm(r_3) 2.1599383e-06
norm(r_4) 0
Newton iteration  0 : ||r|| = 2.15994e-06
   Pass :  1   Iteration :   0  ||B r|| = 8.45125e-07
norm(r_0) 0
norm(r_1) 0
norm(r_2) 0
norm(r_3) 2.1599383e-06
norm(r_4) 0
Newton iteration  1 : ||r|| = 2.15994e-06, ||r||/||r_0|| = 1
Setting time step: 0.68548557 in DGTransportTDO
Setting time step: 0.68548557 in CombinedOp
Setting time step: 0.68548557 in IonStaticPressureOp
norm(r_0) 0
norm(r_1) 0
norm(r_2) 0
norm(r_3) 2.1599383e-06
norm(r_4) 0
Newton iteration  0 : ||r|| = 2.15994e-06
   Pass :  1   Iteration :   0  ||B r|| = 8.45125e-07
norm(r_0) 0
norm(r_1) 0
norm(r_2) 0
norm(r_3) 2.1599383e-06
norm(r_4) 0
Newton iteration  1 : ||r|| = 2.15994e-06, ||r||/||r_0|| = 1
Setting time step: 0.68548557 in DGTransportTDO
Setting time step: 0.68548557 in CombinedOp
Setting time step: 0.68548557 in IonStaticPressureOp
norm(r_0) 0
norm(r_1) 0
norm(r_2) 0
norm(r_3) 2.1599383e-06
norm(r_4) 0
Newton iteration  0 : ||r|| = 2.15994e-06
   Pass :  1   Iteration :   0  ||B r|| = 8.45125e-07
norm(r_0) 0
norm(r_1) 0
norm(r_2) 0
norm(r_3) 2.1599383e-06
norm(r_4) 0
Newton iteration  1 : ||r|| = 2.15994e-06, ||r||/||r_0|| = 1
Time stepping paused at t = 8.433686
Steady State solution has been reached

Time stepping done after 0.53497548s.
