Options used:
   --mesh ../../mfem/data/inline-quad.mesh
   --bc-file ../../mfem/miniapps/plasma/transport2d_bcs.inp
   --ic-file ../../mfem/miniapps/plasma/transport2d_ics.inp
   --ec-file /home/gz6/mfem-analysis/input-files/transport2d_ecs.inp
   --es-file ../../mfem/miniapps/plasma/transport2d_ess.inp
   --eqdsk-file 
   --logging 1
   --operator-test 8
   --equation-weights '1 1 1 1 1'
   --problem 0
   --refine-serial 3
   --refine-parallel 0
   --enable-amr
   --max-err -1
   --hysteresis 0.25
   --nc-limit 3
   --amr-weights '1 1 1 1 1'
   --order 1
   --dg-sigma -1
   --dg-kappa 4
   --linear-abs-tolerance 1e-06
   --linear-rel-tolerance 1e-06
   --linear-max-iterations 500
   --linear-logging-level 3
   --newton-abs-tolerance 1e-10
   --newton-rel-tolerance 1e-10
   --newton-max-iterations 1
   --newton-logging-level 1
   --steady-state-abs-tolerance 1e-08
   --steady-state-rel-tolerance 1e-08
   --prec-type 1
   --prec-logging-level 0
   --initial-tolerance 1e-05
   --ode-tolerance 0.001
   --ode-solver 2
   --err-per-step
   --ode-weights '1 1 1 1 1'
   --kP 0
   --kI 0.6
   --kD 0
   --theta-max 2
   --t-minimum 0
   --t-final 100
   --time-step 0.01
   --cfl-number 0.3
   --ion-charge 1
   --ion-mass 2.0141018
   --neutral-mass 2.0141018
   --neutral-temp 3
   --min-neutral-density 9e+14
   --max-neutral-density 1e+15
   --neutral-density-exp 0
   --min-ion-density 1e+16
   --max-ion-density 1e+18
   --ion-density-exp 0
   --min-ion-temp 1
   --max-ion-temp 10
   --ion-temp-exp 0
   --min-electron-temp 10
   --max-electron-temp 440
   --electron-temp-exp 0
   --total-B-magnitude 5
   --poloidal-B-magnitude 0.5
   --velocity 1000
   --Di-perp 1
   --Xi-perp 1
   --Xe-perp 1
   --equation-term-flags '-1 -1 -1 -1 -1'
   --visualization-flags '-1 -1 -1 -1 -1'
   --visualization
   --visit-datafiles
   --ascii-datafiles
   --visualization-steps 4
15: Number of elements in parallel mesh: 64
15: Number of elements after parallel refinement: 64
14: Number of elements in parallel mesh: 64
14: Number of elements after parallel refinement: 64
Device configuration: cpu
Memory configuration: host-std
Number of elements in initial mesh: 16
Number of elements after serial refinement: 1024
12: Number of elements in parallel mesh: 64
12: Number of elements after parallel refinement: 64
1: Number of elements in parallel mesh: 64
1: Number of elements after parallel refinement: 64
0: Number of elements in parallel mesh: 64
0: Number of elements after parallel refinement: 64
13: Number of elements in parallel mesh: 64
13: Number of elements after parallel refinement: 64
2: Number of elements in parallel mesh: 64
2: Number of elements after parallel refinement: 64
3: Number of elements in parallel mesh: 64
3: Number of elements after parallel refinement: 64
9: Number of elements in parallel mesh: 64
9: Number of elements after parallel refinement: 64
11: Number of elements in parallel mesh: 64
11: Number of elements after parallel refinement: 64
10: Number of elements in parallel mesh: 64
10: Number of elements after parallel refinement: 64
4: Number of elements in parallel mesh: 64
4: Number of elements after parallel refinement: 64
5: Number of elements in parallel mesh: 64
5: Number of elements after parallel refinement: 64
7: Number of elements in parallel mesh: 64
7: Number of elements after parallel refinement: 64
6: Number of elements in parallel mesh: 64
6: Number of elements after parallel refinement: 64
8: Number of elements in parallel mesh: 64
8: Number of elements after parallel refinement: 64
Configuring initial conditions
Reading initial conditions from ../../mfem/miniapps/plasma/transport2d_ics.inp
Configuring exact solutions
Reading exact solutions from ../../mfem/miniapps/plasma/transport2d_ess.inp

AMR iteration 0
Number of unknowns: 4096
Stopping criterion satisfied. Stop.
Number of unknowns per field: 4096
Total number of unknowns:     20480
Configuring boundary conditions
Reading boundary conditions from ../../mfem/miniapps/plasma/transport2d_bcs.inp
Configuring equation coefficients
Reading equation coefficients from /home/gz6/mfem-analysis/input-files/transport2d_ecs.inp
|mn| = 3.3444946e-27
|ni| = 1
|ne| = 1

|Dn|     = -nan
|Di|     = -nan
|Eta|    = -nan
|nXi|    = -nan
|nXe|    = -nan

|Eta/mn| = -nan
|nXi/ni| = -nan
|nXe/ne| = -nan
Ion Static Pressure: Adding time derivative term proportional to d n_i / dt
Ion Static Pressure: Adding time derivative term proportional to d T_i / dt
Ion Static Pressure: Adding anisotropic diffusion term
Ion Static Pressure: Adding source term
Opening GLVis sockets.
Range of error estimates for initial condition: -nan < elem err < -nan

Begin time stepping at t = 0
Setting time step: 0.0025 in DGTransportTDO
Setting time step: 0.0025 in CombinedOp
Setting time step: 0.0025 in IonStaticPressureOp
norm(r_0) 0
norm(r_1) 0
norm(r_2) 0
norm(r_3) 0.15421257
norm(r_4) 0
Newton iteration  0 : ||r|| = 0.154213
   Pass :  1   Iteration :   0  ||B r|| = 305.158 ...
   Pass :  1   Iteration :  18  ||B r|| = 0.000245793
norm(r_0) 0
norm(r_1) 0
norm(r_2) 0
norm(r_3) 2.0608827e-05
norm(r_4) 0
Newton iteration  1 : ||r|| = 2.06088e-05, ||r||/||r_0|| = 0.000133639
Setting time step: 0.0025 in DGTransportTDO
Setting time step: 0.0025 in CombinedOp
Setting time step: 0.0025 in IonStaticPressureOp
norm(r_0) 0
norm(r_1) 0
norm(r_2) 0
norm(r_3) 0.14423915
norm(r_4) 0
Newton iteration  0 : ||r|| = 0.144239
   Pass :  1   Iteration :   0  ||B r|| = 285.529 ...
   Pass :  1   Iteration :  18  ||B r|| = 0.000229056
norm(r_0) 0
norm(r_1) 0
norm(r_2) 0
norm(r_3) 1.9195457e-05
norm(r_4) 0
Newton iteration  1 : ||r|| = 1.91955e-05, ||r||/||r_0|| = 0.000133081
Setting time step: 0.0025 in DGTransportTDO
Setting time step: 0.0025 in CombinedOp
Setting time step: 0.0025 in IonStaticPressureOp
norm(r_0) 0
norm(r_1) 0
norm(r_2) 0
norm(r_3) 0.14817687
norm(r_4) 0
Newton iteration  0 : ||r|| = 0.148177
   Pass :  1   Iteration :   0  ||B r|| = 293.283 ...
   Pass :  1   Iteration :  18  ||B r|| = 0.000235627
norm(r_0) 0
norm(r_1) 0
norm(r_2) 0
norm(r_3) 1.9749805e-05
norm(r_4) 0
Newton iteration  1 : ||r|| = 1.97498e-05, ||r||/||r_0|| = 0.000133285
Setting time step: 0.0025 in DGTransportTDO
Setting time step: 0.0025 in CombinedOp
Setting time step: 0.0025 in IonStaticPressureOp
norm(r_0) 0
norm(r_1) 0
norm(r_2) 0
norm(r_3) 0.14918236
norm(r_4) 0
Newton iteration  0 : ||r|| = 0.149182
   Pass :  1   Iteration :   0  ||B r|| = 295.261 ...
   Pass :  1   Iteration :  18  ||B r|| = 0.000237322
norm(r_0) 0
norm(r_1) 0
norm(r_2) 0
norm(r_3) 1.9892995e-05
norm(r_4) 0
Newton iteration  1 : ||r|| = 1.9893e-05, ||r||/||r_0|| = 0.000133347
Setting time step: 0.0025 in DGTransportTDO
Setting time step: 0.0025 in CombinedOp
Setting time step: 0.0025 in IonStaticPressureOp
norm(r_0) 0
norm(r_1) 0
norm(r_2) 0
norm(r_3) 0.13942616
norm(r_4) 0
Newton iteration  0 : ||r|| = 0.139426
   Pass :  1   Iteration :   0  ||B r|| = 276.026 ...
   Pass :  1   Iteration :  18  ||B r|| = 0.000221183
norm(r_0) 0
norm(r_1) 0
norm(r_2) 0
norm(r_3) 1.8534409e-05
norm(r_4) 0
Newton iteration  1 : ||r|| = 1.85344e-05, ||r||/||r_0|| = 0.000132934
Setting time step: 0.005 in DGTransportTDO
Setting time step: 0.005 in CombinedOp
Setting time step: 0.005 in IonStaticPressureOp
norm(r_0) 0
norm(r_1) 0
norm(r_2) 0
norm(r_3) 0.13491773
norm(r_4) 0
Newton iteration  0 : ||r|| = 0.134918
   Pass :  1   Iteration :   0  ||B r|| = 239.572 ...
   Pass :  1   Iteration :  19  ||B r|| = 0.00023056
norm(r_0) 0
norm(r_1) 0
norm(r_2) 0
norm(r_3) 3.7769256e-05
norm(r_4) 0
Newton iteration  1 : ||r|| = 3.77693e-05, ||r||/||r_0|| = 0.000279943
Setting time step: 0.005 in DGTransportTDO
Setting time step: 0.005 in CombinedOp
Setting time step: 0.005 in IonStaticPressureOp
norm(r_0) 0
norm(r_1) 0
norm(r_2) 0
norm(r_3) 0.11801391
norm(r_4) 0
Newton iteration  0 : ||r|| = 0.118014
   Pass :  1   Iteration :   0  ||B r|| = 209.61 ...
   Pass :  1   Iteration :  19  ||B r|| = 0.000201345
norm(r_0) 0
norm(r_1) 0
norm(r_2) 0
norm(r_3) 3.2973205e-05
norm(r_4) 0
Newton iteration  1 : ||r|| = 3.29732e-05, ||r||/||r_0|| = 0.000279401
Setting time step: 0.005 in DGTransportTDO
Setting time step: 0.005 in CombinedOp
Setting time step: 0.005 in IonStaticPressureOp
norm(r_0) 0
norm(r_1) 0
norm(r_2) 0
norm(r_3) 0.12460599
norm(r_4) 0
Newton iteration  0 : ||r|| = 0.124606
   Pass :  1   Iteration :   0  ||B r|| = 221.297 ...
   Pass :  1   Iteration :  19  ||B r|| = 0.000212718
norm(r_0) 0
norm(r_1) 0
norm(r_2) 0
norm(r_3) 3.4839738e-05
norm(r_4) 0
Newton iteration  1 : ||r|| = 3.48397e-05, ||r||/||r_0|| = 0.000279599
Setting time step: 0.005 in DGTransportTDO
Setting time step: 0.005 in CombinedOp
Setting time step: 0.005 in IonStaticPressureOp
norm(r_0) 0
norm(r_1) 0
norm(r_2) 0
norm(r_3) 0.12632371
norm(r_4) 0
Newton iteration  0 : ||r|| = 0.126324
   Pass :  1   Iteration :   0  ||B r|| = 224.342 ...
   Pass :  1   Iteration :  19  ||B r|| = 0.000215691
norm(r_0) 0
norm(r_1) 0
norm(r_2) 0
norm(r_3) 3.5327905e-05
norm(r_4) 0
Newton iteration  1 : ||r|| = 3.53279e-05, ||r||/||r_0|| = 0.000279662
Setting time step: 0.005 in DGTransportTDO
Setting time step: 0.005 in CombinedOp
Setting time step: 0.005 in IonStaticPressureOp
norm(r_0) 0
norm(r_1) 0
norm(r_2) 0
norm(r_3) 0.11017097
norm(r_4) 0
Newton iteration  0 : ||r|| = 0.110171
   Pass :  1   Iteration :   0  ||B r|| = 195.69 ...
   Pass :  1   Iteration :  19  ||B r|| = 0.000187944
norm(r_0) 0
norm(r_1) 0
norm(r_2) 0
norm(r_3) 3.0777101e-05
norm(r_4) 0
Newton iteration  1 : ||r|| = 3.07771e-05, ||r||/||r_0|| = 0.000279358
Setting time step: 0.01 in DGTransportTDO
Setting time step: 0.01 in CombinedOp
Setting time step: 0.01 in IonStaticPressureOp
norm(r_0) 0
norm(r_1) 0
norm(r_2) 0
norm(r_3) 0.10326932
norm(r_4) 0
Newton iteration  0 : ||r|| = 0.103269
   Pass :  1   Iteration :   0  ||B r|| = 151.44 ...
   Pass :  1   Iteration :  20  ||B r|| = 0.000136723
norm(r_0) 0
norm(r_1) 0
norm(r_2) 0
norm(r_3) 4.0832052e-05
norm(r_4) 0
Newton iteration  1 : ||r|| = 4.08321e-05, ||r||/||r_0|| = 0.000395394
Setting time step: 0.01 in DGTransportTDO
Setting time step: 0.01 in CombinedOp
Setting time step: 0.01 in IonStaticPressureOp
norm(r_0) 0
norm(r_1) 0
norm(r_2) 0
norm(r_3) 0.078917815
norm(r_4) 0
Newton iteration  0 : ||r|| = 0.0789178
   Pass :  1   Iteration :   0  ||B r|| = 115.743 ...
   Pass :  1   Iteration :  20  ||B r|| = 0.000104379
norm(r_0) 0
norm(r_1) 0
norm(r_2) 0
norm(r_3) 3.1169935e-05
norm(r_4) 0
Newton iteration  1 : ||r|| = 3.11699e-05, ||r||/||r_0|| = 0.000394967
Setting time step: 0.01 in DGTransportTDO
Setting time step: 0.01 in CombinedOp
Setting time step: 0.01 in IonStaticPressureOp
norm(r_0) 0
norm(r_1) 0
norm(r_2) 0
norm(r_3) 0.088199028
norm(r_4) 0
Newton iteration  0 : ||r|| = 0.088199
   Pass :  1   Iteration :   0  ||B r|| = 129.349 ...
   Pass :  1   Iteration :  20  ||B r|| = 0.000116698
norm(r_0) 0
norm(r_1) 0
norm(r_2) 0
norm(r_3) 3.4849853e-05
norm(r_4) 0
Newton iteration  1 : ||r|| = 3.48499e-05, ||r||/||r_0|| = 0.000395127
Setting time step: 0.01 in DGTransportTDO
Setting time step: 0.01 in CombinedOp
Setting time step: 0.01 in IonStaticPressureOp
norm(r_0) 0
norm(r_1) 0
norm(r_2) 0
norm(r_3) 0.090711081
norm(r_4) 0
Newton iteration  0 : ||r|| = 0.0907111
   Pass :  1   Iteration :   0  ||B r|| = 133.031 ...
   Pass :  1   Iteration :  20  ||B r|| = 0.000120037
norm(r_0) 0
norm(r_1) 0
norm(r_2) 0
norm(r_3) 3.5847189e-05
norm(r_4) 0
Newton iteration  1 : ||r|| = 3.58472e-05, ||r||/||r_0|| = 0.00039518
Setting time step: 0.01 in DGTransportTDO
Setting time step: 0.01 in CombinedOp
Setting time step: 0.01 in IonStaticPressureOp
norm(r_0) 0
norm(r_1) 0
norm(r_2) 0
norm(r_3) 0.068592535
norm(r_4) 0
Newton iteration  0 : ||r|| = 0.0685925
   Pass :  1   Iteration :   0  ||B r|| = 100.6 ...
   Pass :  1   Iteration :  20  ||B r|| = 9.07386e-05
norm(r_0) 0
norm(r_1) 0
norm(r_2) 0
norm(r_3) 2.7098223e-05
norm(r_4) 0
Newton iteration  1 : ||r|| = 2.70982e-05, ||r||/||r_0|| = 0.000395061
Setting time step: 0.02 in DGTransportTDO
Setting time step: 0.02 in CombinedOp
Setting time step: 0.02 in IonStaticPressureOp
norm(r_0) 0
norm(r_1) 0
norm(r_2) 0
norm(r_3) 0.060505183
norm(r_4) 0
Newton iteration  0 : ||r|| = 0.0605052
   Pass :  1   Iteration :   0  ||B r|| = 64.6725 ...
   Pass :  1   Iteration :  21  ||B r|| = 4.69015e-05
norm(r_0) 0
norm(r_1) 0
norm(r_2) 0
norm(r_3) 2.5758189e-05
norm(r_4) 0
Newton iteration  1 : ||r|| = 2.57582e-05, ||r||/||r_0|| = 0.000425719
Setting time step: 0.02 in DGTransportTDO
Setting time step: 0.02 in CombinedOp
Setting time step: 0.02 in IonStaticPressureOp
norm(r_0) 0
norm(r_1) 0
norm(r_2) 0
norm(r_3) 0.034979762
norm(r_4) 0
Newton iteration  0 : ||r|| = 0.0349798
   Pass :  1   Iteration :   0  ||B r|| = 37.3899 ...
   Pass :  1   Iteration :  21  ||B r|| = 2.71074e-05
norm(r_0) 0
norm(r_1) 0
norm(r_2) 0
norm(r_3) 1.4887795e-05
norm(r_4) 0
Newton iteration  1 : ||r|| = 1.48878e-05, ||r||/||r_0|| = 0.000425612
Setting time step: 0.02 in DGTransportTDO
Setting time step: 0.02 in CombinedOp
Setting time step: 0.02 in IonStaticPressureOp
norm(r_0) 0
norm(r_1) 0
norm(r_2) 0
norm(r_3) 0.044328441
norm(r_4) 0
Newton iteration  0 : ||r|| = 0.0443284
   Pass :  1   Iteration :   0  ||B r|| = 47.3823 ...
   Pass :  1   Iteration :  21  ||B r|| = 3.43562e-05
norm(r_0) 0
norm(r_1) 0
norm(r_2) 0
norm(r_3) 1.8868641e-05
norm(r_4) 0
Newton iteration  1 : ||r|| = 1.88686e-05, ||r||/||r_0|| = 0.000425655
Setting time step: 0.02 in DGTransportTDO
Setting time step: 0.02 in CombinedOp
Setting time step: 0.02 in IonStaticPressureOp
norm(r_0) 0
norm(r_1) 0
norm(r_2) 0
norm(r_3) 0.047034043
norm(r_4) 0
Newton iteration  0 : ||r|| = 0.047034
   Pass :  1   Iteration :   0  ||B r|| = 50.2741 ...
   Pass :  1   Iteration :  21  ||B r|| = 3.64545e-05
norm(r_0) 0
norm(r_1) 0
norm(r_2) 0
norm(r_3) 2.0020981e-05
norm(r_4) 0
Newton iteration  1 : ||r|| = 2.0021e-05, ||r||/||r_0|| = 0.00042567
Setting time step: 0.02 in DGTransportTDO
Setting time step: 0.02 in CombinedOp
Setting time step: 0.02 in IonStaticPressureOp
norm(r_0) 0
norm(r_1) 0
norm(r_2) 0
norm(r_3) 0.026354055
norm(r_4) 0
Newton iteration  0 : ||r|| = 0.0263541
   Pass :  1   Iteration :   0  ||B r|| = 28.1694 ...
   Pass :  1   Iteration :  21  ||B r|| = 2.04265e-05
norm(r_0) 0
norm(r_1) 0
norm(r_2) 0
norm(r_3) 1.1220118e-05
norm(r_4) 0
Newton iteration  1 : ||r|| = 1.12201e-05, ||r||/||r_0|| = 0.000425745
Time stepping paused at t = 0.15

Estimating errors.
No refinements necessary.
No derefinements needed.

AMR iteration 1
Number of unknowns: 4096
Setting time step: 0.019415895 in DGTransportTDO
Setting time step: 0.019415895 in CombinedOp
Setting time step: 0.019415895 in IonStaticPressureOp
norm(r_0) 0
norm(r_1) 0
norm(r_2) 0
norm(r_3) 0.020794918
norm(r_4) 0
Newton iteration  0 : ||r|| = 0.0207949
   Pass :  1   Iteration :   0  ||B r|| = 22.5716 ...
   Pass :  1   Iteration :  21  ||B r|| = 1.62883e-05
norm(r_0) 0
norm(r_1) 0
norm(r_2) 0
norm(r_3) 8.5989262e-06
norm(r_4) 0
Newton iteration  1 : ||r|| = 8.59893e-06, ||r||/||r_0|| = 0.000413511
Setting time step: 0.019415895 in DGTransportTDO
Setting time step: 0.019415895 in CombinedOp
Setting time step: 0.019415895 in IonStaticPressureOp
norm(r_0) 0
norm(r_1) 0
norm(r_2) 0
norm(r_3) 0.012225536
norm(r_4) 0
Newton iteration  0 : ||r|| = 0.0122255
   Pass :  1   Iteration :   0  ||B r|| = 13.2701 ...
   Pass :  1   Iteration :  21  ||B r|| = 9.5755e-06
norm(r_0) 0
norm(r_1) 0
norm(r_2) 0
norm(r_3) 5.0552047e-06
norm(r_4) 0
Newton iteration  1 : ||r|| = 5.0552e-06, ||r||/||r_0|| = 0.000413496
Setting time step: 0.019415895 in DGTransportTDO
Setting time step: 0.019415895 in CombinedOp
Setting time step: 0.019415895 in IonStaticPressureOp
norm(r_0) 0
norm(r_1) 0
norm(r_2) 0
norm(r_3) 0.01537078
norm(r_4) 0
Newton iteration  0 : ||r|| = 0.0153708
   Pass :  1   Iteration :   0  ||B r|| = 16.6841 ...
   Pass :  1   Iteration :  21  ||B r|| = 1.20393e-05
norm(r_0) 0
norm(r_1) 0
norm(r_2) 0
norm(r_3) 6.3558484e-06
norm(r_4) 0
Newton iteration  1 : ||r|| = 6.35585e-06, ||r||/||r_0|| = 0.000413502
Setting time step: 0.019415895 in DGTransportTDO
Setting time step: 0.019415895 in CombinedOp
Setting time step: 0.019415895 in IonStaticPressureOp
norm(r_0) 0
norm(r_1) 0
norm(r_2) 0
norm(r_3) 0.016277761
norm(r_4) 0
Newton iteration  0 : ||r|| = 0.0162778
   Pass :  1   Iteration :   0  ||B r|| = 17.6685 ...
   Pass :  1   Iteration :  21  ||B r|| = 1.27497e-05
norm(r_0) 0
norm(r_1) 0
norm(r_2) 0
norm(r_3) 6.7309194e-06
norm(r_4) 0
Newton iteration  1 : ||r|| = 6.73092e-06, ||r||/||r_0|| = 0.000413504
Setting time step: 0.019415895 in DGTransportTDO
Setting time step: 0.019415895 in CombinedOp
Setting time step: 0.019415895 in IonStaticPressureOp
norm(r_0) 0
norm(r_1) 0
norm(r_2) 0
norm(r_3) 0.0092856108
norm(r_4) 0
Newton iteration  0 : ||r|| = 0.00928561
   Pass :  1   Iteration :   0  ||B r|| = 10.079 ...
   Pass :  1   Iteration :  21  ||B r|| = 7.273e-06
norm(r_0) 0
norm(r_1) 0
norm(r_2) 0
norm(r_3) 3.8396499e-06
norm(r_4) 0
Newton iteration  1 : ||r|| = 3.83965e-06, ||r||/||r_0|| = 0.000413505
Setting time step: 0.038831791 in DGTransportTDO
Setting time step: 0.038831791 in CombinedOp
Setting time step: 0.038831791 in IonStaticPressureOp
norm(r_0) 0
norm(r_1) 0
norm(r_2) 0
norm(r_3) 0.0073723559
norm(r_4) 0
Newton iteration  0 : ||r|| = 0.00737236
   Pass :  1   Iteration :   0  ||B r|| = 5.27918 ...
   Pass :  1   Iteration :  22  ||B r|| = 4.09283e-06
norm(r_0) 0
norm(r_1) 0
norm(r_2) 0
norm(r_3) 4.7136552e-06
norm(r_4) 0
Newton iteration  1 : ||r|| = 4.71366e-06, ||r||/||r_0|| = 0.000639369
Setting time step: 0.038831791 in DGTransportTDO
Setting time step: 0.038831791 in CombinedOp
Setting time step: 0.038831791 in IonStaticPressureOp
norm(r_0) 0
norm(r_1) 0
norm(r_2) 0
norm(r_3) 0.0023342923
norm(r_4) 0
Newton iteration  0 : ||r|| = 0.00233429
   Pass :  1   Iteration :   0  ||B r|| = 1.67154 ...
   Pass :  1   Iteration :  22  ||B r|| = 1.29343e-06
norm(r_0) 0
norm(r_1) 0
norm(r_2) 0
norm(r_3) 1.4902205e-06
norm(r_4) 0
Newton iteration  1 : ||r|| = 1.49022e-06, ||r||/||r_0|| = 0.000638404
Setting time step: 0.038831791 in DGTransportTDO
Setting time step: 0.038831791 in CombinedOp
Setting time step: 0.038831791 in IonStaticPressureOp
norm(r_0) 0
norm(r_1) 0
norm(r_2) 0
norm(r_3) 0.004074078
norm(r_4) 0
Newton iteration  0 : ||r|| = 0.00407408
   Pass :  1   Iteration :   0  ||B r|| = 2.91737 ...
   Pass :  1   Iteration :  22  ||B r|| = 2.25977e-06
norm(r_0) 0
norm(r_1) 0
norm(r_2) 0
norm(r_3) 2.6030256e-06
norm(r_4) 0
Newton iteration  1 : ||r|| = 2.60303e-06, ||r||/||r_0|| = 0.000638924
Setting time step: 0.038831791 in DGTransportTDO
Setting time step: 0.038831791 in CombinedOp
Setting time step: 0.038831791 in IonStaticPressureOp
norm(r_0) 0
norm(r_1) 0
norm(r_2) 0
norm(r_3) 0.0046307928
norm(r_4) 0
Newton iteration  0 : ||r|| = 0.00463079
   Pass :  1   Iteration :   0  ||B r|| = 3.31602 ...
   Pass :  1   Iteration :  22  ||B r|| = 2.56922e-06
norm(r_0) 0
norm(r_1) 0
norm(r_2) 0
norm(r_3) 2.9593229e-06
norm(r_4) 0
Newton iteration  1 : ||r|| = 2.95932e-06, ||r||/||r_0|| = 0.000639053
Setting time step: 0.038831791 in DGTransportTDO
Setting time step: 0.038831791 in CombinedOp
Setting time step: 0.038831791 in IonStaticPressureOp
norm(r_0) 0
norm(r_1) 0
norm(r_2) 0
norm(r_3) 0.0014628
norm(r_4) 0
Newton iteration  0 : ||r|| = 0.0014628
   Pass :  1   Iteration :   0  ||B r|| = 1.04736 ...
   Pass :  1   Iteration :  22  ||B r|| = 8.15447e-07
norm(r_0) 0
norm(r_1) 0
norm(r_2) 0
norm(r_3) 9.3832213e-07
norm(r_4) 0
Newton iteration  1 : ||r|| = 9.38322e-07, ||r||/||r_0|| = 0.000641456
Setting time step: 0.04231718 in DGTransportTDO
Setting time step: 0.04231718 in CombinedOp
Setting time step: 0.04231718 in IonStaticPressureOp
norm(r_0) 0
norm(r_1) 0
norm(r_2) 0
norm(r_3) 0.00096289573
norm(r_4) 0
Newton iteration  0 : ||r|| = 0.000962896
   Pass :  1   Iteration :   0  ||B r|| = 0.64926 ...
   Pass :  1   Iteration :  21  ||B r|| = 8.51189e-07
norm(r_0) 0
norm(r_1) 0
norm(r_2) 0
norm(r_3) 1.0034957e-06
norm(r_4) 0
Newton iteration  1 : ||r|| = 1.0035e-06, ||r||/||r_0|| = 0.00104216
Setting time step: 0.04231718 in DGTransportTDO
Setting time step: 0.04231718 in CombinedOp
Setting time step: 0.04231718 in IonStaticPressureOp
norm(r_0) 0
norm(r_1) 0
norm(r_2) 0
norm(r_3) 0.00026716258
norm(r_4) 0
Newton iteration  0 : ||r|| = 0.000267163
   Pass :  1   Iteration :   0  ||B r|| = 0.180138 ...
   Pass :  1   Iteration :  19  ||B r|| = 6.71757e-07
norm(r_0) 0
norm(r_1) 0
norm(r_2) 0
norm(r_3) 8.1188026e-07
norm(r_4) 0
Newton iteration  1 : ||r|| = 8.1188e-07, ||r||/||r_0|| = 0.0030389
Setting time step: 0.04231718 in DGTransportTDO
Setting time step: 0.04231718 in CombinedOp
Setting time step: 0.04231718 in IonStaticPressureOp
norm(r_0) 0
norm(r_1) 0
norm(r_2) 0
norm(r_3) 0.00050523605
norm(r_4) 0
Newton iteration  0 : ||r|| = 0.000505236
   Pass :  1   Iteration :   0  ||B r|| = 0.34067 ...
   Pass :  1   Iteration :  20  ||B r|| = 7.54623e-07
norm(r_0) 0
norm(r_1) 0
norm(r_2) 0
norm(r_3) 9.4749861e-07
norm(r_4) 0
Newton iteration  1 : ||r|| = 9.47499e-07, ||r||/||r_0|| = 0.00187536
Setting time step: 0.04231718 in DGTransportTDO
Setting time step: 0.04231718 in CombinedOp
Setting time step: 0.04231718 in IonStaticPressureOp
norm(r_0) 0
norm(r_1) 0
norm(r_2) 0
norm(r_3) 0.00058262119
norm(r_4) 0
Newton iteration  0 : ||r|| = 0.000582621
   Pass :  1   Iteration :   0  ||B r|| = 0.39285 ...
   Pass :  1   Iteration :  20  ||B r|| = 8.70383e-07
norm(r_0) 0
norm(r_1) 0
norm(r_2) 0
norm(r_3) 1.0927556e-06
norm(r_4) 0
Newton iteration  1 : ||r|| = 1.09276e-06, ||r||/||r_0|| = 0.00187559
Setting time step: 0.04231718 in DGTransportTDO
Setting time step: 0.04231718 in CombinedOp
Setting time step: 0.04231718 in IonStaticPressureOp
norm(r_0) 0
norm(r_1) 0
norm(r_2) 0
norm(r_3) 0.0001674257
norm(r_4) 0
Newton iteration  0 : ||r|| = 0.000167426
   Pass :  1   Iteration :   0  ||B r|| = 0.112806 ...
   Pass :  1   Iteration :  18  ||B r|| = 6.50073e-07
norm(r_0) 0
norm(r_1) 0
norm(r_2) 0
norm(r_3) 9.3231044e-07
norm(r_4) 0
Newton iteration  1 : ||r|| = 9.3231e-07, ||r||/||r_0|| = 0.0055685
Setting time step: 0.084634361 in DGTransportTDO
Setting time step: 0.084634361 in CombinedOp
Setting time step: 0.084634361 in IonStaticPressureOp
norm(r_0) 0
norm(r_1) 0
norm(r_2) 0
norm(r_3) 0.00010686627
norm(r_4) 0
Newton iteration  0 : ||r|| = 0.000106866
   Pass :  1   Iteration :   0  ||B r|| = 0.0421215 ...
   Pass :  1   Iteration :  17  ||B r|| = 7.3535e-07
norm(r_0) 0
norm(r_1) 0
norm(r_2) 0
norm(r_3) 1.8977192e-06
norm(r_4) 0
Newton iteration  1 : ||r|| = 1.89772e-06, ||r||/||r_0|| = 0.0177579
Setting time step: 0.084634361 in DGTransportTDO
Setting time step: 0.084634361 in CombinedOp
Setting time step: 0.084634361 in IonStaticPressureOp
norm(r_0) 0
norm(r_1) 0
norm(r_2) 0
norm(r_3) 7.7153079e-06
norm(r_4) 0
Newton iteration  0 : ||r|| = 7.71531e-06
   Pass :  1   Iteration :   0  ||B r|| = 0.0025931 ...
   Pass :  1   Iteration :  12  ||B r|| = 7.70916e-07
norm(r_0) 0
norm(r_1) 0
norm(r_2) 0
norm(r_3) 1.7383686e-06
norm(r_4) 0
Newton iteration  1 : ||r|| = 1.73837e-06, ||r||/||r_0|| = 0.225314
Setting time step: 0.084634361 in DGTransportTDO
Setting time step: 0.084634361 in CombinedOp
Setting time step: 0.084634361 in IonStaticPressureOp
norm(r_0) 0
norm(r_1) 0
norm(r_2) 0
norm(r_3) 2.9339153e-05
norm(r_4) 0
Newton iteration  0 : ||r|| = 2.93392e-05
   Pass :  1   Iteration :   0  ||B r|| = 0.0114956 ...
   Pass :  1   Iteration :  15  ||B r|| = 5.63487e-07
norm(r_0) 0
norm(r_1) 0
norm(r_2) 0
norm(r_3) 1.4659308e-06
norm(r_4) 0
Newton iteration  1 : ||r|| = 1.46593e-06, ||r||/||r_0|| = 0.049965
Setting time step: 0.084634361 in DGTransportTDO
Setting time step: 0.084634361 in CombinedOp
Setting time step: 0.084634361 in IonStaticPressureOp
norm(r_0) 0
norm(r_1) 0
norm(r_2) 0
norm(r_3) 4.2631793e-05
norm(r_4) 0
Newton iteration  0 : ||r|| = 4.26318e-05
   Pass :  1   Iteration :   0  ||B r|| = 0.0167757 ...
   Pass :  1   Iteration :  15  ||B r|| = 8.2372e-07
norm(r_0) 0
norm(r_1) 0
norm(r_2) 0
norm(r_3) 2.1410831e-06
norm(r_4) 0
Newton iteration  1 : ||r|| = 2.14108e-06, ||r||/||r_0|| = 0.0502227
Setting time step: 0.084634361 in DGTransportTDO
Setting time step: 0.084634361 in CombinedOp
Setting time step: 0.084634361 in IonStaticPressureOp
norm(r_0) 0
norm(r_1) 0
norm(r_2) 0
norm(r_3) 2.1653327e-05
norm(r_4) 0
Newton iteration  0 : ||r|| = 2.16533e-05
   Pass :  1   Iteration :   0  ||B r|| = 0.00495593 ...
   Pass :  1   Iteration :  13  ||B r|| = 7.94611e-07
norm(r_0) 0
norm(r_1) 0
norm(r_2) 0
norm(r_3) 2.0709481e-06
norm(r_4) 0
Newton iteration  1 : ||r|| = 2.07095e-06, ||r||/||r_0|| = 0.0956411
Time stepping paused at t = 0.89079691

Estimating errors.
No refinements necessary.
No derefinements needed.

AMR iteration 2
Number of unknowns: 4096
Setting time step: 0.16926872 in DGTransportTDO
Setting time step: 0.16926872 in CombinedOp
Setting time step: 0.16926872 in IonStaticPressureOp
norm(r_0) 0
norm(r_1) 0
norm(r_2) 0
norm(r_3) 6.2490769e-06
norm(r_4) 0
Newton iteration  0 : ||r|| = 6.24908e-06
   Pass :  1   Iteration :   0  ||B r|| = 0.0012702 ...
   Pass :  1   Iteration :  11  ||B r|| = 8.48459e-07
norm(r_0) 0
norm(r_1) 0
norm(r_2) 0
norm(r_3) 3.202261e-06
norm(r_4) 0
Newton iteration  1 : ||r|| = 3.20226e-06, ||r||/||r_0|| = 0.512437
Setting time step: 0.16926872 in DGTransportTDO
Setting time step: 0.16926872 in CombinedOp
Setting time step: 0.16926872 in IonStaticPressureOp
norm(r_0) 0
norm(r_1) 0
norm(r_2) 0
norm(r_3) 6.6244659e-06
norm(r_4) 0
Newton iteration  0 : ||r|| = 6.62447e-06
   Pass :  1   Iteration :   0  ||B r|| = 0.000491294 ...
   Pass :  1   Iteration :   9  ||B r|| = 8.24357e-07
norm(r_0) 0
norm(r_1) 0
norm(r_2) 0
norm(r_3) 3.4364261e-06
norm(r_4) 0
Newton iteration  1 : ||r|| = 3.43643e-06, ||r||/||r_0|| = 0.518748
Setting time step: 0.16926872 in DGTransportTDO
Setting time step: 0.16926872 in CombinedOp
Setting time step: 0.16926872 in IonStaticPressureOp
norm(r_0) 0
norm(r_1) 0
norm(r_2) 0
norm(r_3) 5.4928998e-06
norm(r_4) 0
Newton iteration  0 : ||r|| = 5.4929e-06
   Pass :  1   Iteration :   0  ||B r|| = 1.80304e-05 ...
   Pass :  1   Iteration :   3  ||B r|| = 8.16884e-07
norm(r_0) 0
norm(r_1) 0
norm(r_2) 0
norm(r_3) 2.4637575e-06
norm(r_4) 0
Newton iteration  1 : ||r|| = 2.46376e-06, ||r||/||r_0|| = 0.448535
Setting time step: 0.16926872 in DGTransportTDO
Setting time step: 0.16926872 in CombinedOp
Setting time step: 0.16926872 in IonStaticPressureOp
norm(r_0) 0
norm(r_1) 0
norm(r_2) 0
norm(r_3) 4.4299205e-06
norm(r_4) 0
Newton iteration  0 : ||r|| = 4.42992e-06
   Pass :  1   Iteration :   0  ||B r|| = 0.000239112 ...
   Pass :  1   Iteration :   7  ||B r|| = 9.10976e-07
norm(r_0) 0
norm(r_1) 0
norm(r_2) 0
norm(r_3) 3.3866355e-06
norm(r_4) 0
Newton iteration  1 : ||r|| = 3.38664e-06, ||r||/||r_0|| = 0.764491
Setting time step: 0.16926872 in DGTransportTDO
Setting time step: 0.16926872 in CombinedOp
Setting time step: 0.16926872 in IonStaticPressureOp
norm(r_0) 0
norm(r_1) 0
norm(r_2) 0
norm(r_3) 0.00013150484
norm(r_4) 0
Newton iteration  0 : ||r|| = 0.000131505
   Pass :  1   Iteration :   0  ||B r|| = 0.0004944 ...
   Pass :  1   Iteration :  10  ||B r|| = 6.41183e-07
norm(r_0) 0
norm(r_1) 0
norm(r_2) 0
norm(r_3) 2.1942017e-06
norm(r_4) 0
Newton iteration  1 : ||r|| = 2.1942e-06, ||r||/||r_0|| = 0.0166853
Setting time step: 0.33853744 in DGTransportTDO
Setting time step: 0.33853744 in CombinedOp
Setting time step: 0.33853744 in IonStaticPressureOp
norm(r_0) 0
norm(r_1) 0
norm(r_2) 0
norm(r_3) 2.3445855e-06
norm(r_4) 0
Newton iteration  0 : ||r|| = 2.34459e-06
   Pass :  1   Iteration :   0  ||B r|| = 9.14997e-05 ...
   Pass :  1   Iteration :   6  ||B r|| = 7.38816e-07
norm(r_0) 0
norm(r_1) 0
norm(r_2) 0
norm(r_3) 4.8059732e-06
norm(r_4) 0
Newton iteration  1 : ||r|| = 4.80597e-06, ||r||/||r_0|| = 2.04982
Setting time step: 0.33853744 in DGTransportTDO
Setting time step: 0.33853744 in CombinedOp
Setting time step: 0.33853744 in IonStaticPressureOp
norm(r_0) 0
norm(r_1) 0
norm(r_2) 0
norm(r_3) 1.0123668e-05
norm(r_4) 0
Newton iteration  0 : ||r|| = 1.01237e-05
   Pass :  1   Iteration :   0  ||B r|| = 5.82581e-05 ...
   Pass :  1   Iteration :   4  ||B r|| = 9.57164e-07
norm(r_0) 0
norm(r_1) 0
norm(r_2) 0
norm(r_3) 3.2118632e-06
norm(r_4) 0
Newton iteration  1 : ||r|| = 3.21186e-06, ||r||/||r_0|| = 0.317263
Setting time step: 0.33853744 in DGTransportTDO
Setting time step: 0.33853744 in CombinedOp
Setting time step: 0.33853744 in IonStaticPressureOp
norm(r_0) 0
norm(r_1) 0
norm(r_2) 0
norm(r_3) 8.1796139e-06
norm(r_4) 0
Newton iteration  0 : ||r|| = 8.17961e-06
   Pass :  1   Iteration :   0  ||B r|| = 1.80931e-05 ...
   Pass :  1   Iteration :   2  ||B r|| = 9.8429e-07
norm(r_0) 0
norm(r_1) 0
norm(r_2) 0
norm(r_3) 5.0597242e-06
norm(r_4) 0
Newton iteration  1 : ||r|| = 5.05972e-06, ||r||/||r_0|| = 0.618577
Setting time step: 0.33853744 in DGTransportTDO
Setting time step: 0.33853744 in CombinedOp
Setting time step: 0.33853744 in IonStaticPressureOp
norm(r_0) 0
norm(r_1) 0
norm(r_2) 0
norm(r_3) 6.5346951e-06
norm(r_4) 0
Newton iteration  0 : ||r|| = 6.5347e-06
   Pass :  1   Iteration :   0  ||B r|| = 2.10447e-06 ...
   Pass :  1   Iteration :   1  ||B r|| = 8.95223e-07
norm(r_0) 0
norm(r_1) 0
norm(r_2) 0
norm(r_3) 2.5472074e-06
norm(r_4) 0
Newton iteration  1 : ||r|| = 2.54721e-06, ||r||/||r_0|| = 0.389797
Setting time step: 0.33853744 in DGTransportTDO
Setting time step: 0.33853744 in CombinedOp
Setting time step: 0.33853744 in IonStaticPressureOp
norm(r_0) 0
norm(r_1) 0
norm(r_2) 0
norm(r_3) 0.00018644292
norm(r_4) 0
Newton iteration  0 : ||r|| = 0.000186443
   Pass :  1   Iteration :   0  ||B r|| = 0.000128231 ...
   Pass :  1   Iteration :   8  ||B r|| = 6.97441e-07
norm(r_0) 0
norm(r_1) 0
norm(r_2) 0
norm(r_3) 6.236888e-06
norm(r_4) 0
Newton iteration  1 : ||r|| = 6.23689e-06, ||r||/||r_0|| = 0.033452
Setting time step: 0.67707489 in DGTransportTDO
Setting time step: 0.67707489 in CombinedOp
Setting time step: 0.67707489 in IonStaticPressureOp
norm(r_0) 0
norm(r_1) 0
norm(r_2) 0
norm(r_3) 6.2396396e-06
norm(r_4) 0
Newton iteration  0 : ||r|| = 6.23964e-06
   Pass :  1   Iteration :   0  ||B r|| = 6.53135e-06 ...
   Pass :  1   Iteration :   2  ||B r|| = 6.14244e-07
norm(r_0) 0
norm(r_1) 0
norm(r_2) 0
norm(r_3) 6.1502823e-06
norm(r_4) 0
Newton iteration  1 : ||r|| = 6.15028e-06, ||r||/||r_0|| = 0.985679
Setting time step: 0.67707489 in DGTransportTDO
Setting time step: 0.67707489 in CombinedOp
Setting time step: 0.67707489 in IonStaticPressureOp
norm(r_0) 0
norm(r_1) 0
norm(r_2) 0
norm(r_3) 1.03396e-05
norm(r_4) 0
Newton iteration  0 : ||r|| = 1.03396e-05
   Pass :  1   Iteration :   0  ||B r|| = 5.63357e-06 ...
   Pass :  1   Iteration :   1  ||B r|| = 4.09128e-07
norm(r_0) 0
norm(r_1) 0
norm(r_2) 0
norm(r_3) 5.8163005e-06
norm(r_4) 0
Newton iteration  1 : ||r|| = 5.8163e-06, ||r||/||r_0|| = 0.562527
Setting time step: 0.67707489 in DGTransportTDO
Setting time step: 0.67707489 in CombinedOp
Setting time step: 0.67707489 in IonStaticPressureOp
norm(r_0) 0
norm(r_1) 0
norm(r_2) 0
norm(r_3) 9.5103297e-06
norm(r_4) 0
Newton iteration  0 : ||r|| = 9.51033e-06
   Pass :  1   Iteration :   0  ||B r|| = 2.67563e-06 ...
   Pass :  1   Iteration :   1  ||B r|| = 5.74944e-07
norm(r_0) 0
norm(r_1) 0
norm(r_2) 0
norm(r_3) 7.1010122e-06
norm(r_4) 0
Newton iteration  1 : ||r|| = 7.10101e-06, ||r||/||r_0|| = 0.746663
Setting time step: 0.67707489 in DGTransportTDO
Setting time step: 0.67707489 in CombinedOp
Setting time step: 0.67707489 in IonStaticPressureOp
norm(r_0) 0
norm(r_1) 0
norm(r_2) 0
norm(r_3) 7.4559915e-06
norm(r_4) 0
Newton iteration  0 : ||r|| = 7.45599e-06
   Pass :  1   Iteration :   0  ||B r|| = 1.13222e-06 ...
   Pass :  1   Iteration :   1  ||B r|| = 6.36737e-07
norm(r_0) 0
norm(r_1) 0
norm(r_2) 0
norm(r_3) 4.7403641e-06
norm(r_4) 0
Newton iteration  1 : ||r|| = 4.74036e-06, ||r||/||r_0|| = 0.635779
Setting time step: 0.67707489 in DGTransportTDO
Setting time step: 0.67707489 in CombinedOp
Setting time step: 0.67707489 in IonStaticPressureOp
norm(r_0) 0
norm(r_1) 0
norm(r_2) 0
norm(r_3) 9.9625404e-05
norm(r_4) 0
Newton iteration  0 : ||r|| = 9.96254e-05
   Pass :  1   Iteration :   0  ||B r|| = 1.45574e-05 ...
   Pass :  1   Iteration :   2  ||B r|| = 3.76817e-07
norm(r_0) 0
norm(r_1) 0
norm(r_2) 0
norm(r_3) 2.9758578e-06
norm(r_4) 0
Newton iteration  1 : ||r|| = 2.97586e-06, ||r||/||r_0|| = 0.0298705
Setting time step: 1.3541498 in DGTransportTDO
Setting time step: 1.3541498 in CombinedOp
Setting time step: 1.3541498 in IonStaticPressureOp
norm(r_0) 0
norm(r_1) 0
norm(r_2) 0
norm(r_3) 2.9761257e-06
norm(r_4) 0
Newton iteration  0 : ||r|| = 2.97613e-06
   Pass :  1   Iteration :   0  ||B r|| = 3.44049e-07
norm(r_0) 0
norm(r_1) 0
norm(r_2) 0
norm(r_3) 2.9761257e-06
norm(r_4) 0
Newton iteration  1 : ||r|| = 2.97613e-06, ||r||/||r_0|| = 1
Setting time step: 1.3541498 in DGTransportTDO
Setting time step: 1.3541498 in CombinedOp
Setting time step: 1.3541498 in IonStaticPressureOp
norm(r_0) 0
norm(r_1) 0
norm(r_2) 0
norm(r_3) 2.9761257e-06
norm(r_4) 0
Newton iteration  0 : ||r|| = 2.97613e-06
   Pass :  1   Iteration :   0  ||B r|| = 3.44049e-07
norm(r_0) 0
norm(r_1) 0
norm(r_2) 0
norm(r_3) 2.9761257e-06
norm(r_4) 0
Newton iteration  1 : ||r|| = 2.97613e-06, ||r||/||r_0|| = 1
Setting time step: 1.3541498 in DGTransportTDO
Setting time step: 1.3541498 in CombinedOp
Setting time step: 1.3541498 in IonStaticPressureOp
norm(r_0) 0
norm(r_1) 0
norm(r_2) 0
norm(r_3) 2.9761257e-06
norm(r_4) 0
Newton iteration  0 : ||r|| = 2.97613e-06
   Pass :  1   Iteration :   0  ||B r|| = 3.44049e-07
norm(r_0) 0
norm(r_1) 0
norm(r_2) 0
norm(r_3) 2.9761257e-06
norm(r_4) 0
Newton iteration  1 : ||r|| = 2.97613e-06, ||r||/||r_0|| = 1
Setting time step: 1.3541498 in DGTransportTDO
Setting time step: 1.3541498 in CombinedOp
Setting time step: 1.3541498 in IonStaticPressureOp
norm(r_0) 0
norm(r_1) 0
norm(r_2) 0
norm(r_3) 2.9761257e-06
norm(r_4) 0
Newton iteration  0 : ||r|| = 2.97613e-06
   Pass :  1   Iteration :   0  ||B r|| = 3.44049e-07
norm(r_0) 0
norm(r_1) 0
norm(r_2) 0
norm(r_3) 2.9761257e-06
norm(r_4) 0
Newton iteration  1 : ||r|| = 2.97613e-06, ||r||/||r_0|| = 1
Setting time step: 1.3541498 in DGTransportTDO
Setting time step: 1.3541498 in CombinedOp
Setting time step: 1.3541498 in IonStaticPressureOp
norm(r_0) 0
norm(r_1) 0
norm(r_2) 0
norm(r_3) 2.9761257e-06
norm(r_4) 0
Newton iteration  0 : ||r|| = 2.97613e-06
   Pass :  1   Iteration :   0  ||B r|| = 3.44049e-07
norm(r_0) 0
norm(r_1) 0
norm(r_2) 0
norm(r_3) 2.9761257e-06
norm(r_4) 0
Newton iteration  1 : ||r|| = 2.97613e-06, ||r||/||r_0|| = 1
Time stepping paused at t = 11.04692
Steady State solution has been reached

Time stepping done after 1.8829158s.
