Options used:
   --mesh ../../mfem/data/inline-quad.mesh
   --bc-file /home/gz6/mfem-analysis/input-files/transport2d_bcs.inp
   --ic-file /home/gz6/mfem-analysis/input-files/transport2d_ics.inp
   --ec-file /home/gz6/mfem-analysis/input-files/transport2d_ecs.inp
   --es-file /home/gz6/mfem-analysis/input-files/transport2d_ess.inp
   --eqdsk-file 
   --logging 1
   --operator-test 8
   --equation-weights '1 1 1 1 1'
   --problem 0
   --refine-serial 3
   --refine-parallel 0
   --disable-amr
   --max-err -1
   --hysteresis 0.25
   --nc-limit 3
   --amr-weights '1 1 1 1 1'
   --order 3
   --dg-sigma -1
   --dg-kappa 400
   --linear-abs-tolerance 1e-06
   --linear-rel-tolerance 1e-06
   --linear-max-iterations 300
   --linear-logging-level 3
   --newton-abs-tolerance 1e-10
   --newton-rel-tolerance 1e-10
   --newton-max-iterations 1
   --newton-logging-level 1
   --steady-state-abs-tolerance 1e-08
   --steady-state-rel-tolerance 1e-08
   --prec-type 1
   --prec-logging-level 0
   --initial-tolerance 1e-05
   --ode-tolerance 0.001
   --ode-solver 2
   --err-per-step
   --ode-weights '1 1 1 1 1'
   --kP 0
   --kI 0.6
   --kD 0
   --dead-zone-min 0.95
   --dead-zone-max 1.05
   --theta-max 2
   --t-minimum 0
   --t-final 200
   --time-step 0.01
   --cfl-number 0.3
   --ion-charge 1
   --ion-mass 2.01410178
   --neutral-mass 2.01410178
   --neutral-temp 3
   --min-neutral-density 900000000000000
   --max-neutral-density 1000000000000000
   --neutral-density-exp 0
   --min-ion-density 1e+16
   --max-ion-density 1e+18
   --ion-density-exp 0
   --min-ion-temp 1
   --max-ion-temp 10
   --ion-temp-exp 0
   --min-electron-temp 10
   --max-electron-temp 440
   --electron-temp-exp 0
   --total-B-magnitude 5
   --poloidal-B-magnitude 0.5
   --velocity 1000
   --Di-perp 1
   --Xi-perp 1
   --Xe-perp 1
   --equation-term-flags '-1 -1 -1 -1 -1'
   --visualization-flags '-1 -1 -1 -1 -1'
   --visualization
   --visit-datafiles
   --ascii-datafiles
   --no-check-gradient
   --visualization-steps 4
Device configuration: cpu
Memory configuration: host-std
Number of elements in initial mesh: 16
Number of elements after serial refinement: 1024
11: Number of elements in parallel mesh: 64
11: Number of elements after parallel refinement: 64
0: Number of elements in parallel mesh: 64
0: Number of elements after parallel refinement: 64
9: Number of elements in parallel mesh: 64
9: Number of elements after parallel refinement: 64
10: Number of elements in parallel mesh: 64
10: Number of elements after parallel refinement: 64
3: Number of elements in parallel mesh: 64
3: Number of elements after parallel refinement: 64
7: Number of elements in parallel mesh: 64
7: Number of elements after parallel refinement: 64
15: Number of elements in parallel mesh: 64
15: Number of elements after parallel refinement: 64
4: Number of elements in parallel mesh: 64
4: Number of elements after parallel refinement: 64
5: Number of elements in parallel mesh: 64
5: Number of elements after parallel refinement: 64
6: Number of elements in parallel mesh: 64
6: Number of elements after parallel refinement: 64
8: Number of elements in parallel mesh: 64
8: Number of elements after parallel refinement: 64
12: Number of elements in parallel mesh: 64
12: Number of elements after parallel refinement: 64
14: Number of elements in parallel mesh: 64
14: Number of elements after parallel refinement: 64
2: Number of elements in parallel mesh: 64
2: Number of elements after parallel refinement: 64
13: Number of elements in parallel mesh: 64
13: Number of elements after parallel refinement: 64
1: Number of elements in parallel mesh: 64
1: Number of elements after parallel refinement: 64
Configuring initial conditions
Reading initial conditions from /home/gz6/mfem-analysis/input-files/transport2d_ics.inp
Configuring exact solutions
Reading exact solutions from /home/gz6/mfem-analysis/input-files/transport2d_ess.inp
Number of unknowns per field: 16384
Total number of unknowns:     81920
Configuring boundary conditions
Reading boundary conditions from /home/gz6/mfem-analysis/input-files/transport2d_bcs.inp
Configuring equation coefficients
Reading equation coefficients from /home/gz6/mfem-analysis/input-files/transport2d_ecs.inp
Ion Static Pressure: Adding time derivative term proportional to d n_i / dt
Ion Static Pressure: Adding time derivative term proportional to d T_i / dt
Ion Static Pressure: Adding anisotropic diffusion term
Ion Static Pressure: Adding source term
Opening GLVis sockets.
Range of error estimates for initial condition: 7.339293251180619e-17 < elem err < 1.2381288701441e-16

Begin time stepping at t = 0
Setting time step: 0.0025 in DGTransportTDO
Setting time step: 0.0025 in CombinedOp
Setting time step: 0.0025 in IonStaticPressureOp
norm(r_0) 0
norm(r_1) 0
norm(r_2) 0
norm(r_3) 0.08424575515976154
norm(r_4) 0
Newton iteration  0 : ||r|| = 0.0842458
   Pass :  1   Iteration :   0  ||B r|| = 7.91855 ...
   Pass :  6   Iteration : 300  ||B r|| = 0.00012544
GMRES: No convergence!
norm(r_0) 0
norm(r_1) 0
norm(r_2) 0
norm(r_3) 57.38839721170877
norm(r_4) 0
Newton iteration  1 : ||r|| = 57.3884, ||r||/||r_0|| = 681.202
Setting time step: 0.0025 in DGTransportTDO
Setting time step: 0.0025 in CombinedOp
Setting time step: 0.0025 in IonStaticPressureOp
norm(r_0) 0
norm(r_1) 0
norm(r_2) 0
norm(r_3) 114.7767484173826
norm(r_4) 0
Newton iteration  0 : ||r|| = 114.777
   Pass :  1   Iteration :   0  ||B r|| = 7.4873 ...
   Pass :  6   Iteration : 300  ||B r|| = 0.000120289
GMRES: No convergence!
norm(r_0) 0
norm(r_1) 0
norm(r_2) 0
norm(r_3) 57.06117659554971
norm(r_4) 0
Newton iteration  1 : ||r|| = 57.0612, ||r||/||r_0|| = 0.497149
Setting time step: 0.0025 in DGTransportTDO
Setting time step: 0.0025 in CombinedOp
Setting time step: 0.0025 in IonStaticPressureOp
norm(r_0) 0
norm(r_1) 0
norm(r_2) 0
norm(r_3) 89.17030407132292
norm(r_4) 0
Newton iteration  0 : ||r|| = 89.1703
   Pass :  1   Iteration :   0  ||B r|| = 3.74189 ...
   Pass :  6   Iteration : 300  ||B r|| = 0.000122125
GMRES: No convergence!
norm(r_0) 0
norm(r_1) 0
norm(r_2) 0
norm(r_3) 58.17040864359771
norm(r_4) 0
Newton iteration  1 : ||r|| = 58.1704, ||r||/||r_0|| = 0.652352
Setting time step: 0.0025 in DGTransportTDO
Setting time step: 0.0025 in CombinedOp
Setting time step: 0.0025 in IonStaticPressureOp
norm(r_0) 0
norm(r_1) 0
norm(r_2) 0
norm(r_3) 72.4972934868687
norm(r_4) 0
Newton iteration  0 : ||r|| = 72.4973
   Pass :  1   Iteration :   0  ||B r|| = 1.56688 ...
   Pass :  6   Iteration : 300  ||B r|| = 0.000129073
GMRES: No convergence!
norm(r_0) 0
norm(r_1) 0
norm(r_2) 0
norm(r_3) 57.22033633978902
norm(r_4) 0
Newton iteration  1 : ||r|| = 57.2203, ||r||/||r_0|| = 0.789275
Setting time step: 0.0025 in DGTransportTDO
Setting time step: 0.0025 in CombinedOp
Setting time step: 0.0025 in IonStaticPressureOp
norm(r_0) 0
norm(r_1) 0
norm(r_2) 0
norm(r_3) 885.3419941700365
norm(r_4) 0
Newton iteration  0 : ||r|| = 885.342
   Pass :  1   Iteration :   0  ||B r|| = 17.742 ...
   Pass :  6   Iteration : 300  ||B r|| = 0.000102792
GMRES: No convergence!
norm(r_0) 0
norm(r_1) 0
norm(r_2) 0
norm(r_3) 50.36183992884741
norm(r_4) 0
Newton iteration  1 : ||r|| = 50.3618, ||r||/||r_0|| = 0.0568841
Setting time step: 0.0025 in DGTransportTDO
Setting time step: 0.0025 in CombinedOp
Setting time step: 0.0025 in IonStaticPressureOp
norm(r_0) 0
norm(r_1) 0
norm(r_2) 0
norm(r_3) 50.36183956156898
norm(r_4) 0
Newton iteration  0 : ||r|| = 50.3618
   Pass :  1   Iteration :   0  ||B r|| = 0.408482 ...
   Pass :  6   Iteration : 300  ||B r|| = 0.000106991
GMRES: No convergence!
norm(r_0) 0
norm(r_1) 0
norm(r_2) 0
norm(r_3) 50.05805991489952
norm(r_4) 0
Newton iteration  1 : ||r|| = 50.0581, ||r||/||r_0|| = 0.993968
Setting time step: 0.0025 in DGTransportTDO
Setting time step: 0.0025 in CombinedOp
Setting time step: 0.0025 in IonStaticPressureOp
norm(r_0) 0
norm(r_1) 0
norm(r_2) 0
norm(r_3) 58.14356217880113
norm(r_4) 0
Newton iteration  0 : ||r|| = 58.1436
   Pass :  1   Iteration :   0  ||B r|| = 0.388601 ...
   Pass :  6   Iteration : 300  ||B r|| = 0.00010729
GMRES: No convergence!
norm(r_0) 0
norm(r_1) 0
norm(r_2) 0
norm(r_3) 43.83647919671291
norm(r_4) 0
Newton iteration  1 : ||r|| = 43.8365, ||r||/||r_0|| = 0.753935
Setting time step: 0.0025 in DGTransportTDO
Setting time step: 0.0025 in CombinedOp
Setting time step: 0.0025 in IonStaticPressureOp
norm(r_0) 0
norm(r_1) 0
norm(r_2) 0
norm(r_3) 54.85568674679956
norm(r_4) 0
Newton iteration  0 : ||r|| = 54.8557
   Pass :  1   Iteration :   0  ||B r|| = 0.196099 ...
   Pass :  6   Iteration : 300  ||B r|| = 0.000107006
GMRES: No convergence!
norm(r_0) 0
norm(r_1) 0
norm(r_2) 0
norm(r_3) 47.69488020264854
norm(r_4) 0
Newton iteration  1 : ||r|| = 47.6949, ||r||/||r_0|| = 0.869461
Setting time step: 0.0025 in DGTransportTDO
Setting time step: 0.0025 in CombinedOp
Setting time step: 0.0025 in IonStaticPressureOp
norm(r_0) 0
norm(r_1) 0
norm(r_2) 0
norm(r_3) 52.84398698793887
norm(r_4) 0
Newton iteration  0 : ||r|| = 52.844
   Pass :  1   Iteration :   0  ||B r|| = 0.0834882 ...
   Pass :  6   Iteration : 300  ||B r|| = 0.000106816
GMRES: No convergence!
norm(r_0) 0
norm(r_1) 0
norm(r_2) 0
norm(r_3) 48.73407841639528
norm(r_4) 0
Newton iteration  1 : ||r|| = 48.7341, ||r||/||r_0|| = 0.922226
Setting time step: 0.0025 in DGTransportTDO
Setting time step: 0.0025 in CombinedOp
Setting time step: 0.0025 in IonStaticPressureOp
norm(r_0) 0
norm(r_1) 0
norm(r_2) 0
norm(r_3) 248.6885205104528
norm(r_4) 0
Newton iteration  0 : ||r|| = 248.689
   Pass :  1   Iteration :   0  ||B r|| = 0.808222 ...
   Pass :  6   Iteration : 300  ||B r|| = 0.000114803
GMRES: No convergence!
norm(r_0) 0
norm(r_1) 0
norm(r_2) 0
norm(r_3) 45.54019928669472
norm(r_4) 0
Newton iteration  1 : ||r|| = 45.5402, ||r||/||r_0|| = 0.183121
Setting time step: 0.005 in DGTransportTDO
Setting time step: 0.005 in CombinedOp
Setting time step: 0.005 in IonStaticPressureOp
norm(r_0) 0
norm(r_1) 0
norm(r_2) 0
norm(r_3) 45.54019930688883
norm(r_4) 0
Newton iteration  0 : ||r|| = 45.5402
   Pass :  1   Iteration :   0  ||B r|| = 0.0123461 ...
   Pass :  6   Iteration : 300  ||B r|| = 5.60475e-05
GMRES: No convergence!
norm(r_0) 0
norm(r_1) 0
norm(r_2) 0
norm(r_3) 47.05732418645117
norm(r_4) 0
Newton iteration  1 : ||r|| = 47.0573, ||r||/||r_0|| = 1.03331
Setting time step: 0.005 in DGTransportTDO
Setting time step: 0.005 in CombinedOp
Setting time step: 0.005 in IonStaticPressureOp
norm(r_0) 0
norm(r_1) 0
norm(r_2) 0
norm(r_3) 51.77267113861684
norm(r_4) 0
Newton iteration  0 : ||r|| = 51.7727
   Pass :  1   Iteration :   0  ||B r|| = 0.0177078 ...
   Pass :  6   Iteration : 300  ||B r|| = 5.56825e-05
GMRES: No convergence!
norm(r_0) 0
norm(r_1) 0
norm(r_2) 0
norm(r_3) 47.55400746189392
norm(r_4) 0
Newton iteration  1 : ||r|| = 47.554, ||r||/||r_0|| = 0.918516
Setting time step: 0.005 in DGTransportTDO
Setting time step: 0.005 in CombinedOp
Setting time step: 0.005 in IonStaticPressureOp
norm(r_0) 0
norm(r_1) 0
norm(r_2) 0
norm(r_3) 49.55799359335195
norm(r_4) 0
Newton iteration  0 : ||r|| = 49.558
   Pass :  1   Iteration :   0  ||B r|| = 0.0111891 ...
   Pass :  6   Iteration : 300  ||B r|| = 5.61657e-05
GMRES: No convergence!
norm(r_0) 0
norm(r_1) 0
norm(r_2) 0
norm(r_3) 47.78456180163212
norm(r_4) 0
Newton iteration  1 : ||r|| = 47.7846, ||r||/||r_0|| = 0.964215
Setting time step: 0.005 in DGTransportTDO
Setting time step: 0.005 in CombinedOp
Setting time step: 0.005 in IonStaticPressureOp
norm(r_0) 0
norm(r_1) 0
norm(r_2) 0
norm(r_3) 48.4113837518603
norm(r_4) 0
Newton iteration  0 : ||r|| = 48.4114
   Pass :  1   Iteration :   0  ||B r|| = 0.00661204 ...
   Pass :  6   Iteration : 300  ||B r|| = 5.56873e-05
GMRES: No convergence!
norm(r_0) 0
norm(r_1) 0
norm(r_2) 0
norm(r_3) 46.82523604816767
norm(r_4) 0
Newton iteration  1 : ||r|| = 46.8252, ||r||/||r_0|| = 0.967236
Setting time step: 0.005 in DGTransportTDO
Setting time step: 0.005 in CombinedOp
Setting time step: 0.005 in IonStaticPressureOp
norm(r_0) 0
norm(r_1) 0
norm(r_2) 0
norm(r_3) 297.7237147401989
norm(r_4) 0
Newton iteration  0 : ||r|| = 297.724
   Pass :  1   Iteration :   0  ||B r|| = 0.0536973 ...
   Pass :  6   Iteration : 300  ||B r|| = 5.47986e-05
GMRES: No convergence!
norm(r_0) 0
norm(r_1) 0
norm(r_2) 0
norm(r_3) 43.24301381824385
norm(r_4) 0
Newton iteration  1 : ||r|| = 43.243, ||r||/||r_0|| = 0.145245
Setting time step: 0.01 in DGTransportTDO
Setting time step: 0.01 in CombinedOp
Setting time step: 0.01 in IonStaticPressureOp
norm(r_0) 0
norm(r_1) 0
norm(r_2) 0
norm(r_3) 43.24301371523883
norm(r_4) 0
Newton iteration  0 : ||r|| = 43.243
   Pass :  1   Iteration :   0  ||B r|| = 0.00247046 ...
   Pass :  6   Iteration : 300  ||B r|| = 2.68016e-05
GMRES: No convergence!
norm(r_0) 0
norm(r_1) 0
norm(r_2) 0
norm(r_3) 45.93433538332717
norm(r_4) 0
Newton iteration  1 : ||r|| = 45.9343, ||r||/||r_0|| = 1.06224
Setting time step: 0.01 in DGTransportTDO
Setting time step: 0.01 in CombinedOp
Setting time step: 0.01 in IonStaticPressureOp
norm(r_0) 0
norm(r_1) 0
norm(r_2) 0
norm(r_3) 56.83335250909104
norm(r_4) 0
Newton iteration  0 : ||r|| = 56.8334
   Pass :  1   Iteration :   0  ||B r|| = 0.00229765 ...
   Pass :  6   Iteration : 300  ||B r|| = 2.65199e-05
GMRES: No convergence!
norm(r_0) 0
norm(r_1) 0
norm(r_2) 0
norm(r_3) 44.17411495010283
norm(r_4) 0
Newton iteration  1 : ||r|| = 44.1741, ||r||/||r_0|| = 0.777257
Setting time step: 0.01 in DGTransportTDO
Setting time step: 0.01 in CombinedOp
Setting time step: 0.01 in IonStaticPressureOp
norm(r_0) 0
norm(r_1) 0
norm(r_2) 0
norm(r_3) 52.52165503797284
norm(r_4) 0
Newton iteration  0 : ||r|| = 52.5217
   Pass :  1   Iteration :   0  ||B r|| = 0.00111701 ...
   Pass :  6   Iteration : 300  ||B r|| = 2.65279e-05
GMRES: No convergence!
norm(r_0) 0
norm(r_1) 0
norm(r_2) 0
norm(r_3) 45.7534403521746
norm(r_4) 0
Newton iteration  1 : ||r|| = 45.7534, ||r||/||r_0|| = 0.871135
Setting time step: 0.01 in DGTransportTDO
Setting time step: 0.01 in CombinedOp
Setting time step: 0.01 in IonStaticPressureOp
norm(r_0) 0
norm(r_1) 0
norm(r_2) 0
norm(r_3) 49.28130382649672
norm(r_4) 0
Newton iteration  0 : ||r|| = 49.2813
   Pass :  1   Iteration :   0  ||B r|| = 0.000449242 ...
   Pass :  6   Iteration : 300  ||B r|| = 2.65392e-05
GMRES: No convergence!
norm(r_0) 0
norm(r_1) 0
norm(r_2) 0
norm(r_3) 44.7733173484177
norm(r_4) 0
Newton iteration  1 : ||r|| = 44.7733, ||r||/||r_0|| = 0.908525
Setting time step: 0.01 in DGTransportTDO
Setting time step: 0.01 in CombinedOp
Setting time step: 0.01 in IonStaticPressureOp
norm(r_0) 0
norm(r_1) 0
norm(r_2) 0
norm(r_3) 302.7383993549972
norm(r_4) 0
Newton iteration  0 : ||r|| = 302.738
   Pass :  1   Iteration :   0  ||B r|| = 0.00447306 ...
   Pass :  6   Iteration : 300  ||B r|| = 2.83712e-05
GMRES: No convergence!
norm(r_0) 0
norm(r_1) 0
norm(r_2) 0
norm(r_3) 49.89267272312473
norm(r_4) 0
Newton iteration  1 : ||r|| = 49.8927, ||r||/||r_0|| = 0.164805
Time stepping paused at t = 0.08

Estimating errors.
Setting time step: 0.02 in DGTransportTDO
Setting time step: 0.02 in CombinedOp
Setting time step: 0.02 in IonStaticPressureOp
norm(r_0) 0
norm(r_1) 0
norm(r_2) 0
norm(r_3) 49.89267270255377
norm(r_4) 0
Newton iteration  0 : ||r|| = 49.8927
   Pass :  1   Iteration :   0  ||B r|| = 0.000288054 ...
   Pass :  6   Iteration : 300  ||B r|| = 1.38341e-05
GMRES: No convergence!
norm(r_0) 0
norm(r_1) 0
norm(r_2) 0
norm(r_3) 53.66040646292495
norm(r_4) 0
Newton iteration  1 : ||r|| = 53.6604, ||r||/||r_0|| = 1.07552
Setting time step: 0.02 in DGTransportTDO
Setting time step: 0.02 in CombinedOp
Setting time step: 0.02 in IonStaticPressureOp
norm(r_0) 0
norm(r_1) 0
norm(r_2) 0
norm(r_3) 62.2120964410941
norm(r_4) 0
Newton iteration  0 : ||r|| = 62.2121
   Pass :  1   Iteration :   0  ||B r|| = 0.000275615 ...
   Pass :  6   Iteration : 300  ||B r|| = 1.35698e-05
GMRES: No convergence!
norm(r_0) 0
norm(r_1) 0
norm(r_2) 0
norm(r_3) 50.53647642565292
norm(r_4) 0
Newton iteration  1 : ||r|| = 50.5365, ||r||/||r_0|| = 0.812326
Setting time step: 0.02 in DGTransportTDO
Setting time step: 0.02 in CombinedOp
Setting time step: 0.02 in IonStaticPressureOp
norm(r_0) 0
norm(r_1) 0
norm(r_2) 0
norm(r_3) 58.5600127977515
norm(r_4) 0
Newton iteration  0 : ||r|| = 58.56
   Pass :  1   Iteration :   0  ||B r|| = 0.000137483 ...
   Pass :  6   Iteration : 300  ||B r|| = 1.37064e-05
GMRES: No convergence!
norm(r_0) 0
norm(r_1) 0
norm(r_2) 0
norm(r_3) 51.65822885567206
norm(r_4) 0
Newton iteration  1 : ||r|| = 51.6582, ||r||/||r_0|| = 0.882142
Setting time step: 0.02 in DGTransportTDO
Setting time step: 0.02 in CombinedOp
Setting time step: 0.02 in IonStaticPressureOp
norm(r_0) 0
norm(r_1) 0
norm(r_2) 0
norm(r_3) 55.95127529677573
norm(r_4) 0
Newton iteration  0 : ||r|| = 55.9513
   Pass :  1   Iteration :   0  ||B r|| = 5.90128e-05 ...
   Pass :  6   Iteration : 300  ||B r|| = 1.37977e-05
GMRES: No convergence!
norm(r_0) 0
norm(r_1) 0
norm(r_2) 0
norm(r_3) 55.12513161640464
norm(r_4) 0
Newton iteration  1 : ||r|| = 55.1251, ||r||/||r_0|| = 0.985235
Setting time step: 0.02 in DGTransportTDO
Setting time step: 0.02 in CombinedOp
Setting time step: 0.02 in IonStaticPressureOp
norm(r_0) 0
norm(r_1) 0
norm(r_2) 0
norm(r_3) 415.5520775560784
norm(r_4) 0
Newton iteration  0 : ||r|| = 415.552
   Pass :  1   Iteration :   0  ||B r|| = 0.00132729 ...
   Pass :  6   Iteration : 300  ||B r|| = 1.39806e-05
GMRES: No convergence!
norm(r_0) 0
norm(r_1) 0
norm(r_2) 0
norm(r_3) 45.27800618265118
norm(r_4) 0
Newton iteration  1 : ||r|| = 45.278, ||r||/||r_0|| = 0.108959
Setting time step: 0.04 in DGTransportTDO
Setting time step: 0.04 in CombinedOp
Setting time step: 0.04 in IonStaticPressureOp
norm(r_0) 0
norm(r_1) 0
norm(r_2) 0
norm(r_3) 45.27800620692278
norm(r_4) 0
Newton iteration  0 : ||r|| = 45.278
   Pass :  1   Iteration :   0  ||B r|| = 0.00025617 ...
   Pass :  6   Iteration : 300  ||B r|| = 6.92563e-06
GMRES: No convergence!
norm(r_0) 0
norm(r_1) 0
norm(r_2) 0
norm(r_3) 45.45193011779119
norm(r_4) 0
Newton iteration  1 : ||r|| = 45.4519, ||r||/||r_0|| = 1.00384
Setting time step: 0.04 in DGTransportTDO
Setting time step: 0.04 in CombinedOp
Setting time step: 0.04 in IonStaticPressureOp
norm(r_0) 0
norm(r_1) 0
norm(r_2) 0
norm(r_3) 49.33738909458542
norm(r_4) 0
Newton iteration  0 : ||r|| = 49.3374
   Pass :  1   Iteration :   0  ||B r|| = 0.000258339 ...
   Pass :  6   Iteration : 300  ||B r|| = 6.89638e-06
GMRES: No convergence!
norm(r_0) 0
norm(r_1) 0
norm(r_2) 0
norm(r_3) 45.58169327921657
norm(r_4) 0
Newton iteration  1 : ||r|| = 45.5817, ||r||/||r_0|| = 0.923877
Setting time step: 0.04 in DGTransportTDO
Setting time step: 0.04 in CombinedOp
Setting time step: 0.04 in IonStaticPressureOp
norm(r_0) 0
norm(r_1) 0
norm(r_2) 0
norm(r_3) 47.31103278381217
norm(r_4) 0
Newton iteration  0 : ||r|| = 47.311
   Pass :  1   Iteration :   0  ||B r|| = 0.000135521 ...
   Pass :  6   Iteration : 300  ||B r|| = 6.89152e-06
GMRES: No convergence!
norm(r_0) 0
norm(r_1) 0
norm(r_2) 0
norm(r_3) 45.97000446977953
norm(r_4) 0
Newton iteration  1 : ||r|| = 45.97, ||r||/||r_0|| = 0.971655
Setting time step: 0.04 in DGTransportTDO
Setting time step: 0.04 in CombinedOp
Setting time step: 0.04 in IonStaticPressureOp
norm(r_0) 0
norm(r_1) 0
norm(r_2) 0
norm(r_3) 46.2664998853901
norm(r_4) 0
Newton iteration  0 : ||r|| = 46.2665
   Pass :  1   Iteration :   0  ||B r|| = 6.27839e-05 ...
   Pass :  6   Iteration : 300  ||B r|| = 6.91548e-06
GMRES: No convergence!
norm(r_0) 0
norm(r_1) 0
norm(r_2) 0
norm(r_3) 45.72446979796867
norm(r_4) 0
Newton iteration  1 : ||r|| = 45.7245, ||r||/||r_0|| = 0.988285
Setting time step: 0.04 in DGTransportTDO
Setting time step: 0.04 in CombinedOp
Setting time step: 0.04 in IonStaticPressureOp
norm(r_0) 0
norm(r_1) 0
norm(r_2) 0
norm(r_3) 360.8024953739379
norm(r_4) 0
Newton iteration  0 : ||r|| = 360.802
   Pass :  1   Iteration :   0  ||B r|| = 0.000390908 ...
   Pass :  6   Iteration : 300  ||B r|| = 7.09516e-06
GMRES: No convergence!
norm(r_0) 0
norm(r_1) 0
norm(r_2) 0
norm(r_3) 50.39604216443462
norm(r_4) 0
Newton iteration  1 : ||r|| = 50.396, ||r||/||r_0|| = 0.139678
Setting time step: 0.08 in DGTransportTDO
Setting time step: 0.08 in CombinedOp
Setting time step: 0.08 in IonStaticPressureOp
norm(r_0) 0
norm(r_1) 0
norm(r_2) 0
norm(r_3) 50.39604217373386
norm(r_4) 0
Newton iteration  0 : ||r|| = 50.396
   Pass :  1   Iteration :   0  ||B r|| = 5.51765e-05 ...
   Pass :  6   Iteration : 300  ||B r|| = 3.49524e-06
GMRES: No convergence!
norm(r_0) 0
norm(r_1) 0
norm(r_2) 0
norm(r_3) 52.90526299914693
norm(r_4) 0
Newton iteration  1 : ||r|| = 52.9053, ||r||/||r_0|| = 1.04979
Setting time step: 0.08 in DGTransportTDO
Setting time step: 0.08 in CombinedOp
Setting time step: 0.08 in IonStaticPressureOp
norm(r_0) 0
norm(r_1) 0
norm(r_2) 0
norm(r_3) 59.19292827556829
norm(r_4) 0
Newton iteration  0 : ||r|| = 59.1929
   Pass :  1   Iteration :   0  ||B r|| = 4.4054e-05 ...
   Pass :  6   Iteration : 300  ||B r|| = 3.47208e-06
GMRES: No convergence!
norm(r_0) 0
norm(r_1) 0
norm(r_2) 0
norm(r_3) 55.24703075882744
norm(r_4) 0
Newton iteration  1 : ||r|| = 55.247, ||r||/||r_0|| = 0.933338
Setting time step: 0.08 in DGTransportTDO
Setting time step: 0.08 in CombinedOp
Setting time step: 0.08 in IonStaticPressureOp
norm(r_0) 0
norm(r_1) 0
norm(r_2) 0
norm(r_3) 55.58598977817536
norm(r_4) 0
Newton iteration  0 : ||r|| = 55.586
   Pass :  1   Iteration :   0  ||B r|| = 1.79861e-05 ...
   Pass :  6   Iteration : 300  ||B r|| = 3.48254e-06
GMRES: No convergence!
norm(r_0) 0
norm(r_1) 0
norm(r_2) 0
norm(r_3) 53.52157054241501
norm(r_4) 0
Newton iteration  1 : ||r|| = 53.5216, ||r||/||r_0|| = 0.962861
Setting time step: 0.08 in DGTransportTDO
Setting time step: 0.08 in CombinedOp
Setting time step: 0.08 in IonStaticPressureOp
norm(r_0) 0
norm(r_1) 0
norm(r_2) 0
norm(r_3) 53.94130813430017
norm(r_4) 0
Newton iteration  0 : ||r|| = 53.9413
   Pass :  1   Iteration :   0  ||B r|| = 5.80542e-06 ...
   Pass :  6   Iteration : 300  ||B r|| = 3.47924e-06
GMRES: No convergence!
norm(r_0) 0
norm(r_1) 0
norm(r_2) 0
norm(r_3) 53.99588207130537
norm(r_4) 0
Newton iteration  1 : ||r|| = 53.9959, ||r||/||r_0|| = 1.00101
Setting time step: 0.08 in DGTransportTDO
Setting time step: 0.08 in CombinedOp
Setting time step: 0.08 in IonStaticPressureOp
norm(r_0) 0
norm(r_1) 0
norm(r_2) 0
norm(r_3) 170.8404896260727
norm(r_4) 0
Newton iteration  0 : ||r|| = 170.84
   Pass :  1   Iteration :   0  ||B r|| = 7.55923e-05 ...
   Pass :  6   Iteration : 300  ||B r|| = 3.49375e-06
GMRES: No convergence!
norm(r_0) 0
norm(r_1) 0
norm(r_2) 0
norm(r_3) 50.63117218877224
norm(r_4) 0
Newton iteration  1 : ||r|| = 50.6312, ||r||/||r_0|| = 0.296365
Setting time step: 0.16 in DGTransportTDO
Setting time step: 0.16 in CombinedOp
Setting time step: 0.16 in IonStaticPressureOp
norm(r_0) 0
norm(r_1) 0
norm(r_2) 0
norm(r_3) 50.63117218612383
norm(r_4) 0
Newton iteration  0 : ||r|| = 50.6312
   Pass :  1   Iteration :   0  ||B r|| = 8.63567e-06 ...
   Pass :  6   Iteration : 300  ||B r|| = 1.72419e-06
GMRES: No convergence!
norm(r_0) 0
norm(r_1) 0
norm(r_2) 0
norm(r_3) 51.17947535076156
norm(r_4) 0
Newton iteration  1 : ||r|| = 51.1795, ||r||/||r_0|| = 1.01083
Setting time step: 0.16 in DGTransportTDO
Setting time step: 0.16 in CombinedOp
Setting time step: 0.16 in IonStaticPressureOp
norm(r_0) 0
norm(r_1) 0
norm(r_2) 0
norm(r_3) 56.30726569414816
norm(r_4) 0
Newton iteration  0 : ||r|| = 56.3073
   Pass :  1   Iteration :   0  ||B r|| = 8.60669e-06 ...
   Pass :  6   Iteration : 300  ||B r|| = 1.70443e-06
GMRES: No convergence!
norm(r_0) 0
norm(r_1) 0
norm(r_2) 0
norm(r_3) 54.26626980760422
norm(r_4) 0
Newton iteration  1 : ||r|| = 54.2663, ||r||/||r_0|| = 0.963753
Setting time step: 0.16 in DGTransportTDO
Setting time step: 0.16 in CombinedOp
Setting time step: 0.16 in IonStaticPressureOp
norm(r_0) 0
norm(r_1) 0
norm(r_2) 0
norm(r_3) 53.79415480770974
norm(r_4) 0
Newton iteration  0 : ||r|| = 53.7942
   Pass :  1   Iteration :   0  ||B r|| = 4.58246e-06 ...
   Pass :  6   Iteration : 300  ||B r|| = 1.71522e-06
GMRES: No convergence!
norm(r_0) 0
norm(r_1) 0
norm(r_2) 0
norm(r_3) 51.42742109546297
norm(r_4) 0
Newton iteration  1 : ||r|| = 51.4274, ||r||/||r_0|| = 0.956004
Setting time step: 0.16 in DGTransportTDO
Setting time step: 0.16 in CombinedOp
Setting time step: 0.16 in IonStaticPressureOp
norm(r_0) 0
norm(r_1) 0
norm(r_2) 0
norm(r_3) 52.45631044689308
norm(r_4) 0
Newton iteration  0 : ||r|| = 52.4563
   Pass :  1   Iteration :   0  ||B r|| = 2.57601e-06 ...
   Pass :  6   Iteration : 300  ||B r|| = 1.71518e-06
GMRES: No convergence!
norm(r_0) 0
norm(r_1) 0
norm(r_2) 0
norm(r_3) 51.88461354915948
norm(r_4) 0
Newton iteration  1 : ||r|| = 51.8846, ||r||/||r_0|| = 0.989101
Setting time step: 0.16 in DGTransportTDO
Setting time step: 0.16 in CombinedOp
Setting time step: 0.16 in IonStaticPressureOp
norm(r_0) 0
norm(r_1) 0
norm(r_2) 0
norm(r_3) 315.0920134160606
norm(r_4) 0
Newton iteration  0 : ||r|| = 315.092
   Pass :  1   Iteration :   0  ||B r|| = 8.65726e-06 ...
   Pass :  6   Iteration : 300  ||B r|| = 1.74324e-06
GMRES: No convergence!
norm(r_0) 0
norm(r_1) 0
norm(r_2) 0
norm(r_3) 47.8649724158908
norm(r_4) 0
Newton iteration  1 : ||r|| = 47.865, ||r||/||r_0|| = 0.151908
Time stepping paused at t = 1.28

Estimating errors.
Setting time step: 0.32 in DGTransportTDO
Setting time step: 0.32 in CombinedOp
Setting time step: 0.32 in IonStaticPressureOp
norm(r_0) 0
norm(r_1) 0
norm(r_2) 0
norm(r_3) 47.86497242054529
norm(r_4) 0
Newton iteration  0 : ||r|| = 47.865
   Pass :  1   Iteration :   0  ||B r|| = 5.99398e-06 ...
   Pass :  1   Iteration :   1  ||B r|| = 9.83826e-07
norm(r_0) 0
norm(r_1) 0
norm(r_2) 0
norm(r_3) 24.75239796715704
norm(r_4) 0
Newton iteration  1 : ||r|| = 24.7524, ||r||/||r_0|| = 0.51713
Setting time step: 0.32 in DGTransportTDO
Setting time step: 0.32 in CombinedOp
Setting time step: 0.32 in IonStaticPressureOp
norm(r_0) 0
norm(r_1) 0
norm(r_2) 0
norm(r_3) 40.10547485136946
norm(r_4) 0
Newton iteration  0 : ||r|| = 40.1055
   Pass :  1   Iteration :   0  ||B r|| = 5.99289e-06 ...
   Pass :  1   Iteration :   3  ||B r|| = 9.06953e-07
norm(r_0) 0
norm(r_1) 0
norm(r_2) 0
norm(r_3) 45.87323714217652
norm(r_4) 0
Newton iteration  1 : ||r|| = 45.8732, ||r||/||r_0|| = 1.14381
Setting time step: 0.32 in DGTransportTDO
Setting time step: 0.32 in CombinedOp
Setting time step: 0.32 in IonStaticPressureOp
norm(r_0) 0
norm(r_1) 0
norm(r_2) 0
norm(r_3) 31.78225059362919
norm(r_4) 0
Newton iteration  0 : ||r|| = 31.7823
   Pass :  1   Iteration :   0  ||B r|| = 3.2352e-06 ...
   Pass :  1   Iteration :   3  ||B r|| = 9.14939e-07
norm(r_0) 0
norm(r_1) 0
norm(r_2) 0
norm(r_3) 41.22072473562562
norm(r_4) 0
Newton iteration  1 : ||r|| = 41.2207, ||r||/||r_0|| = 1.29697
Setting time step: 0.32 in DGTransportTDO
Setting time step: 0.32 in CombinedOp
Setting time step: 0.32 in IonStaticPressureOp
norm(r_0) 0
norm(r_1) 0
norm(r_2) 0
norm(r_3) 25.63144067895917
norm(r_4) 0
Newton iteration  0 : ||r|| = 25.6314
   Pass :  1   Iteration :   0  ||B r|| = 1.7125e-06 ...
   Pass :  1   Iteration :   3  ||B r|| = 9.53077e-07
norm(r_0) 0
norm(r_1) 0
norm(r_2) 0
norm(r_3) 31.19154041379483
norm(r_4) 0
Newton iteration  1 : ||r|| = 31.1915, ||r||/||r_0|| = 1.21692
Setting time step: 0.32 in DGTransportTDO
Setting time step: 0.32 in CombinedOp
Setting time step: 0.32 in IonStaticPressureOp
norm(r_0) 0
norm(r_1) 0
norm(r_2) 0
norm(r_3) 567.7266425683265
norm(r_4) 0
Newton iteration  0 : ||r|| = 567.727
   Pass :  1   Iteration :   0  ||B r|| = 1.47205e-05 ...
   Pass :  1   Iteration :  11  ||B r|| = 9.75371e-07
norm(r_0) 0
norm(r_1) 0
norm(r_2) 0
norm(r_3) 62.36168084419653
norm(r_4) 0
Newton iteration  1 : ||r|| = 62.3617, ||r||/||r_0|| = 0.109845
Setting time step: 0.64 in DGTransportTDO
Setting time step: 0.64 in CombinedOp
Setting time step: 0.64 in IonStaticPressureOp
norm(r_0) 0
norm(r_1) 0
norm(r_2) 0
norm(r_3) 62.3616808439871
norm(r_4) 0
Newton iteration  0 : ||r|| = 62.3617
   Pass :  1   Iteration :   0  ||B r|| = 4.88573e-07
norm(r_0) 0
norm(r_1) 0
norm(r_2) 0
norm(r_3) 62.3616808439871
norm(r_4) 0
Newton iteration  1 : ||r|| = 62.3617, ||r||/||r_0|| = 1
Setting time step: 0.64 in DGTransportTDO
Setting time step: 0.64 in CombinedOp
Setting time step: 0.64 in IonStaticPressureOp
norm(r_0) 0
norm(r_1) 0
norm(r_2) 0
norm(r_3) 62.3616808439871
norm(r_4) 0
Newton iteration  0 : ||r|| = 62.3617
   Pass :  1   Iteration :   0  ||B r|| = 4.88573e-07
norm(r_0) 0
norm(r_1) 0
norm(r_2) 0
norm(r_3) 62.3616808439871
norm(r_4) 0
Newton iteration  1 : ||r|| = 62.3617, ||r||/||r_0|| = 1
Setting time step: 0.64 in DGTransportTDO
Setting time step: 0.64 in CombinedOp
Setting time step: 0.64 in IonStaticPressureOp
norm(r_0) 0
norm(r_1) 0
norm(r_2) 0
norm(r_3) 62.3616808439871
norm(r_4) 0
Newton iteration  0 : ||r|| = 62.3617
   Pass :  1   Iteration :   0  ||B r|| = 4.88573e-07
norm(r_0) 0
norm(r_1) 0
norm(r_2) 0
norm(r_3) 62.3616808439871
norm(r_4) 0
Newton iteration  1 : ||r|| = 62.3617, ||r||/||r_0|| = 1
Setting time step: 0.64 in DGTransportTDO
Setting time step: 0.64 in CombinedOp
Setting time step: 0.64 in IonStaticPressureOp
norm(r_0) 0
norm(r_1) 0
norm(r_2) 0
norm(r_3) 62.3616808439871
norm(r_4) 0
Newton iteration  0 : ||r|| = 62.3617
   Pass :  1   Iteration :   0  ||B r|| = 4.88573e-07
norm(r_0) 0
norm(r_1) 0
norm(r_2) 0
norm(r_3) 62.3616808439871
norm(r_4) 0
Newton iteration  1 : ||r|| = 62.3617, ||r||/||r_0|| = 1
Setting time step: 0.64 in DGTransportTDO
Setting time step: 0.64 in CombinedOp
Setting time step: 0.64 in IonStaticPressureOp
norm(r_0) 0
norm(r_1) 0
norm(r_2) 0
norm(r_3) 62.3616808439871
norm(r_4) 0
Newton iteration  0 : ||r|| = 62.3617
   Pass :  1   Iteration :   0  ||B r|| = 4.88573e-07
norm(r_0) 0
norm(r_1) 0
norm(r_2) 0
norm(r_3) 62.3616808439871
norm(r_4) 0
Newton iteration  1 : ||r|| = 62.3617, ||r||/||r_0|| = 1
Setting time step: 0.64 in DGTransportTDO
Setting time step: 0.64 in CombinedOp
Setting time step: 0.64 in IonStaticPressureOp
norm(r_0) 0
norm(r_1) 0
norm(r_2) 0
norm(r_3) 62.3616808439871
norm(r_4) 0
Newton iteration  0 : ||r|| = 62.3617
   Pass :  1   Iteration :   0  ||B r|| = 4.88573e-07
norm(r_0) 0
norm(r_1) 0
norm(r_2) 0
norm(r_3) 62.3616808439871
norm(r_4) 0
Newton iteration  1 : ||r|| = 62.3617, ||r||/||r_0|| = 1
Setting time step: 0.64 in DGTransportTDO
Setting time step: 0.64 in CombinedOp
Setting time step: 0.64 in IonStaticPressureOp
norm(r_0) 0
norm(r_1) 0
norm(r_2) 0
norm(r_3) 62.3616808439871
norm(r_4) 0
Newton iteration  0 : ||r|| = 62.3617
   Pass :  1   Iteration :   0  ||B r|| = 4.88573e-07
norm(r_0) 0
norm(r_1) 0
norm(r_2) 0
norm(r_3) 62.3616808439871
norm(r_4) 0
Newton iteration  1 : ||r|| = 62.3617, ||r||/||r_0|| = 1
Setting time step: 0.64 in DGTransportTDO
Setting time step: 0.64 in CombinedOp
Setting time step: 0.64 in IonStaticPressureOp
norm(r_0) 0
norm(r_1) 0
norm(r_2) 0
norm(r_3) 62.3616808439871
norm(r_4) 0
Newton iteration  0 : ||r|| = 62.3617
   Pass :  1   Iteration :   0  ||B r|| = 4.88573e-07
norm(r_0) 0
norm(r_1) 0
norm(r_2) 0
norm(r_3) 62.3616808439871
norm(r_4) 0
Newton iteration  1 : ||r|| = 62.3617, ||r||/||r_0|| = 1
Setting time step: 0.64 in DGTransportTDO
Setting time step: 0.64 in CombinedOp
Setting time step: 0.64 in IonStaticPressureOp
norm(r_0) 0
norm(r_1) 0
norm(r_2) 0
norm(r_3) 62.3616808439871
norm(r_4) 0
Newton iteration  0 : ||r|| = 62.3617
   Pass :  1   Iteration :   0  ||B r|| = 4.88573e-07
norm(r_0) 0
norm(r_1) 0
norm(r_2) 0
norm(r_3) 62.3616808439871
norm(r_4) 0
Newton iteration  1 : ||r|| = 62.3617, ||r||/||r_0|| = 1
Setting time step: 0.64 in DGTransportTDO
Setting time step: 0.64 in CombinedOp
Setting time step: 0.64 in IonStaticPressureOp
norm(r_0) 0
norm(r_1) 0
norm(r_2) 0
norm(r_3) 62.3616808439871
norm(r_4) 0
Newton iteration  0 : ||r|| = 62.3617
   Pass :  1   Iteration :   0  ||B r|| = 4.88573e-07
norm(r_0) 0
norm(r_1) 0
norm(r_2) 0
norm(r_3) 62.3616808439871
norm(r_4) 0
Newton iteration  1 : ||r|| = 62.3617, ||r||/||r_0|| = 1
Setting time step: 0.64 in DGTransportTDO
Setting time step: 0.64 in CombinedOp
Setting time step: 0.64 in IonStaticPressureOp
norm(r_0) 0
norm(r_1) 0
norm(r_2) 0
norm(r_3) 62.3616808439871
norm(r_4) 0
Newton iteration  0 : ||r|| = 62.3617
   Pass :  1   Iteration :   0  ||B r|| = 4.88573e-07
norm(r_0) 0
norm(r_1) 0
norm(r_2) 0
norm(r_3) 62.3616808439871
norm(r_4) 0
Newton iteration  1 : ||r|| = 62.3617, ||r||/||r_0|| = 1
Setting time step: 0.64 in DGTransportTDO
Setting time step: 0.64 in CombinedOp
Setting time step: 0.64 in IonStaticPressureOp
norm(r_0) 0
norm(r_1) 0
norm(r_2) 0
norm(r_3) 62.3616808439871
norm(r_4) 0
Newton iteration  0 : ||r|| = 62.3617
   Pass :  1   Iteration :   0  ||B r|| = 4.88573e-07
norm(r_0) 0
norm(r_1) 0
norm(r_2) 0
norm(r_3) 62.3616808439871
norm(r_4) 0
Newton iteration  1 : ||r|| = 62.3617, ||r||/||r_0|| = 1
Setting time step: 0.64 in DGTransportTDO
Setting time step: 0.64 in CombinedOp
Setting time step: 0.64 in IonStaticPressureOp
norm(r_0) 0
norm(r_1) 0
norm(r_2) 0
norm(r_3) 62.3616808439871
norm(r_4) 0
Newton iteration  0 : ||r|| = 62.3617
   Pass :  1   Iteration :   0  ||B r|| = 4.88573e-07
norm(r_0) 0
norm(r_1) 0
norm(r_2) 0
norm(r_3) 62.3616808439871
norm(r_4) 0
Newton iteration  1 : ||r|| = 62.3617, ||r||/||r_0|| = 1
Setting time step: 0.64 in DGTransportTDO
Setting time step: 0.64 in CombinedOp
Setting time step: 0.64 in IonStaticPressureOp
norm(r_0) 0
norm(r_1) 0
norm(r_2) 0
norm(r_3) 62.3616808439871
norm(r_4) 0
Newton iteration  0 : ||r|| = 62.3617
   Pass :  1   Iteration :   0  ||B r|| = 4.88573e-07
norm(r_0) 0
norm(r_1) 0
norm(r_2) 0
norm(r_3) 62.3616808439871
norm(r_4) 0
Newton iteration  1 : ||r|| = 62.3617, ||r||/||r_0|| = 1
Setting time step: 0.64 in DGTransportTDO
Setting time step: 0.64 in CombinedOp
Setting time step: 0.64 in IonStaticPressureOp
norm(r_0) 0
norm(r_1) 0
norm(r_2) 0
norm(r_3) 62.3616808439871
norm(r_4) 0
Newton iteration  0 : ||r|| = 62.3617
   Pass :  1   Iteration :   0  ||B r|| = 4.88573e-07
norm(r_0) 0
norm(r_1) 0
norm(r_2) 0
norm(r_3) 62.3616808439871
norm(r_4) 0
Newton iteration  1 : ||r|| = 62.3617, ||r||/||r_0|| = 1
Time stepping paused at t = 10.24
Steady State solution has been reached

Time stepping done after 18.650308676s.
