Options used:
   --mesh ../../../mfem/data/inline-quad.mesh
   --bc-file /home/gz6/mfem-analysis/input-files/transport2d_bcs.inp
   --ic-file /home/gz6/mfem-analysis/input-files/transport2d_ics.inp
   --ec-file /home/gz6/mfem-analysis/input-files/transport2d_ecs.inp
   --es-file /home/gz6/mfem-analysis/input-files/transport2d_ess.inp
   --eqdsk-file 
   --logging 1
   --operator-test 8
   --equation-weights '1 1 1 1 1'
   --problem 0
   --refine-serial 2
   --refine-parallel 0
   --disable-amr
   --max-err -1
   --hysteresis 0.25
   --nc-limit 3
   --amr-weights '1 1 1 1 1'
   --order 4
   --dg-sigma -1
   --dg-kappa 200
   --linear-abs-tolerance 1e-06
   --linear-rel-tolerance 1e-06
   --linear-max-iterations 300
   --linear-logging-level 3
   --newton-abs-tolerance 1e-10
   --newton-rel-tolerance 1e-10
   --newton-max-iterations 1
   --newton-logging-level 1
   --steady-state-abs-tolerance 1e-08
   --steady-state-rel-tolerance 1e-08
   --prec-type 2
   --prec-logging-level 0
   --initial-tolerance 1e-05
   --ode-tolerance 0.001
   --ode-solver 2
   --err-per-step
   --ode-weights '1 1 1 1 1'
   --kP 0
   --kI 0.6
   --kD 0
   --dead-zone-min 0.95
   --dead-zone-max 1.05
   --theta-max 2
   --t-minimum 0
   --t-final 200
   --time-step 0.01
   --cfl-number 0.3
   --ion-charge 1
   --ion-mass 2.01410178
   --neutral-mass 2.01410178
   --neutral-temp 3
   --min-neutral-density 900000000000000
   --max-neutral-density 1000000000000000
   --neutral-density-exp 0
   --min-ion-density 1e+16
   --max-ion-density 1e+18
   --ion-density-exp 0
   --min-ion-temp 1
   --max-ion-temp 10
   --ion-temp-exp 0
   --min-electron-temp 10
   --max-electron-temp 440
   --electron-temp-exp 0
   --total-B-magnitude 5
   --poloidal-B-magnitude 0.5
   --velocity 1000
   --Di-perp 1
   --Xi-perp 1
   --Xe-perp 1
   --equation-term-flags '-1 -1 -1 -1 -1'
   --visualization-flags '-1 -1 -1 -1 -1'
   --visualization
   --visit-datafiles
   --ascii-datafiles
   --no-check-gradient
   --visualization-steps 4
Device configuration: cpu
Memory configuration: host-std
Number of elements in initial mesh: 16
Number of elements after serial refinement: 256
0: Number of elements in parallel mesh: 256
0: Number of elements after parallel refinement: 256
Configuring initial conditions
Reading initial conditions from /home/gz6/mfem-analysis/input-files/transport2d_ics.inp
Configuring exact solutions
Reading exact solutions from /home/gz6/mfem-analysis/input-files/transport2d_ess.inp
Number of unknowns per field: 6400
Total number of unknowns:     32000
Configuring boundary conditions
Reading boundary conditions from /home/gz6/mfem-analysis/input-files/transport2d_bcs.inp
Configuring equation coefficients
Reading equation coefficients from /home/gz6/mfem-analysis/input-files/transport2d_ecs.inp
Ion Static Pressure: Adding time derivative term proportional to d n_i / dt
Ion Static Pressure: Adding time derivative term proportional to d T_i / dt
Ion Static Pressure: Adding anisotropic diffusion term
Ion Static Pressure: Adding source term
Opening GLVis sockets.
Range of error estimates for initial condition: 2.794226506324434e-16 < elem err < 4.099289930684694e-16

Begin time stepping at t = 0
Setting time step: 0.0025 in DGTransportTDO
Setting time step: 0.0025 in CombinedOp
Setting time step: 0.0025 in IonStaticPressureOp
norm(r_0) 0
norm(r_1) 0
norm(r_2) 0
norm(r_3) 0.1378774596309595
norm(r_4) 0
Newton iteration  0 : ||r|| = 0.137877
	Nonzeros in L          83200
	Nonzeros in U          83200
	nonzeros in L+U       160000
	nonzeros in LSUB       16640

** Memory Usage **********************************
** NUMfact space (MB): (sum-of-all-processes)
    L\U :            1.33 |  Total :     3.33
** Total highmark (MB):
    Sum-of-all :     9.92 | Avg :     9.92  | Max :     9.92
**************************************************
	Nonzeros in L          83200
	Nonzeros in U          83200
	nonzeros in L+U       160000
	nonzeros in LSUB       16640

** Memory Usage **********************************
** NUMfact space (MB): (sum-of-all-processes)
    L\U :            1.33 |  Total :     3.33
** Total highmark (MB):
    Sum-of-all :     9.92 | Avg :     9.92  | Max :     9.92
**************************************************
	Nonzeros in L          83200
	Nonzeros in U          83200
	nonzeros in L+U       160000
	nonzeros in LSUB       16640

** Memory Usage **********************************
** NUMfact space (MB): (sum-of-all-processes)
    L\U :            1.33 |  Total :     3.33
** Total highmark (MB):
    Sum-of-all :     9.92 | Avg :     9.92  | Max :     9.92
**************************************************
	Nonzeros in L        1378200
	Nonzeros in U        1378200
	nonzeros in L+U      2750000
	nonzeros in LSUB      317520

** Memory Usage **********************************
** NUMfact space (MB): (sum-of-all-processes)
    L\U :           22.60 |  Total :    41.69
** Total highmark (MB):
    Sum-of-all :    41.69 | Avg :    41.69  | Max :    41.69
**************************************************
	Nonzeros in L          83200
	Nonzeros in U          83200
	nonzeros in L+U       160000
	nonzeros in LSUB       16640

** Memory Usage **********************************
** NUMfact space (MB): (sum-of-all-processes)
    L\U :            1.33 |  Total :     3.33
** Total highmark (MB):
    Sum-of-all :     9.92 | Avg :     9.92  | Max :     9.92
**************************************************
   Pass :  1   Iteration :   0  ||B r|| = 509.613 ...
   Pass :  1   Iteration :   1  ||B r|| = 1.44009e-07
norm(r_0) 0
norm(r_1) 0
norm(r_2) 0
norm(r_3) 2.072786312051955e-09
norm(r_4) 0
Newton iteration  1 : ||r|| = 2.07279e-09, ||r||/||r_0|| = 1.50335e-08
Setting time step: 0.0025 in DGTransportTDO
Setting time step: 0.0025 in CombinedOp
Setting time step: 0.0025 in IonStaticPressureOp
norm(r_0) 0
norm(r_1) 0
norm(r_2) 0
norm(r_3) 0.1290944352715882
norm(r_4) 0
Newton iteration  0 : ||r|| = 0.129094
	Nonzeros in L          83200
	Nonzeros in U          83200
	nonzeros in L+U       160000
	nonzeros in LSUB       16640

** Memory Usage **********************************
** NUMfact space (MB): (sum-of-all-processes)
    L\U :            1.33 |  Total :     3.33
** Total highmark (MB):
    Sum-of-all :     9.92 | Avg :     9.92  | Max :     9.92
**************************************************
	Nonzeros in L          83200
	Nonzeros in U          83200
	nonzeros in L+U       160000
	nonzeros in LSUB       16640

** Memory Usage **********************************
** NUMfact space (MB): (sum-of-all-processes)
    L\U :            1.33 |  Total :     3.33
** Total highmark (MB):
    Sum-of-all :     9.92 | Avg :     9.92  | Max :     9.92
**************************************************
	Nonzeros in L          83200
	Nonzeros in U          83200
	nonzeros in L+U       160000
	nonzeros in LSUB       16640

** Memory Usage **********************************
** NUMfact space (MB): (sum-of-all-processes)
    L\U :            1.33 |  Total :     3.33
** Total highmark (MB):
    Sum-of-all :     9.92 | Avg :     9.92  | Max :     9.92
**************************************************
	Nonzeros in L        1378200
	Nonzeros in U        1378200
	nonzeros in L+U      2750000
	nonzeros in LSUB      317520

** Memory Usage **********************************
** NUMfact space (MB): (sum-of-all-processes)
    L\U :           22.60 |  Total :    41.69
** Total highmark (MB):
    Sum-of-all :    41.69 | Avg :    41.69  | Max :    41.69
**************************************************
	Nonzeros in L          83200
	Nonzeros in U          83200
	nonzeros in L+U       160000
	nonzeros in LSUB       16640

** Memory Usage **********************************
** NUMfact space (MB): (sum-of-all-processes)
    L\U :            1.33 |  Total :     3.33
** Total highmark (MB):
    Sum-of-all :     9.92 | Avg :     9.92  | Max :     9.92
**************************************************
   Pass :  1   Iteration :   0  ||B r|| = 477.15 ...
   Pass :  1   Iteration :   1  ||B r|| = 2.7515e-07
norm(r_0) 0
norm(r_1) 0
norm(r_2) 0
norm(r_3) 3.101959428436792e-09
norm(r_4) 0
Newton iteration  1 : ||r|| = 3.10196e-09, ||r||/||r_0|| = 2.40286e-08
Setting time step: 0.0025 in DGTransportTDO
Setting time step: 0.0025 in CombinedOp
Setting time step: 0.0025 in IonStaticPressureOp
norm(r_0) 0
norm(r_1) 0
norm(r_2) 0
norm(r_3) 0.132562885417559
norm(r_4) 0
Newton iteration  0 : ||r|| = 0.132563
	Nonzeros in L          83200
	Nonzeros in U          83200
	nonzeros in L+U       160000
	nonzeros in LSUB       16640

** Memory Usage **********************************
** NUMfact space (MB): (sum-of-all-processes)
    L\U :            1.33 |  Total :     3.33
** Total highmark (MB):
    Sum-of-all :     9.92 | Avg :     9.92  | Max :     9.92
**************************************************
	Nonzeros in L          83200
	Nonzeros in U          83200
	nonzeros in L+U       160000
	nonzeros in LSUB       16640

** Memory Usage **********************************
** NUMfact space (MB): (sum-of-all-processes)
    L\U :            1.33 |  Total :     3.33
** Total highmark (MB):
    Sum-of-all :     9.92 | Avg :     9.92  | Max :     9.92
**************************************************
	Nonzeros in L          83200
	Nonzeros in U          83200
	nonzeros in L+U       160000
	nonzeros in LSUB       16640

** Memory Usage **********************************
** NUMfact space (MB): (sum-of-all-processes)
    L\U :            1.33 |  Total :     3.33
** Total highmark (MB):
    Sum-of-all :     9.92 | Avg :     9.92  | Max :     9.92
**************************************************
	Nonzeros in L        1378200
	Nonzeros in U        1378200
	nonzeros in L+U      2750000
	nonzeros in LSUB      317520

** Memory Usage **********************************
** NUMfact space (MB): (sum-of-all-processes)
    L\U :           22.60 |  Total :    41.69
** Total highmark (MB):
    Sum-of-all :    41.69 | Avg :    41.69  | Max :    41.69
**************************************************
	Nonzeros in L          83200
	Nonzeros in U          83200
	nonzeros in L+U       160000
	nonzeros in LSUB       16640

** Memory Usage **********************************
** NUMfact space (MB): (sum-of-all-processes)
    L\U :            1.33 |  Total :     3.33
** Total highmark (MB):
    Sum-of-all :     9.92 | Avg :     9.92  | Max :     9.92
**************************************************
   Pass :  1   Iteration :   0  ||B r|| = 489.97 ...
   Pass :  1   Iteration :   1  ||B r|| = 1.32628e-07
norm(r_0) 0
norm(r_1) 0
norm(r_2) 0
norm(r_3) 2.563406782415645e-09
norm(r_4) 0
Newton iteration  1 : ||r|| = 2.56341e-09, ||r||/||r_0|| = 1.93373e-08
Setting time step: 0.0025 in DGTransportTDO
Setting time step: 0.0025 in CombinedOp
Setting time step: 0.0025 in IonStaticPressureOp
norm(r_0) 0
norm(r_1) 0
norm(r_2) 0
norm(r_3) 0.1334482564956908
norm(r_4) 0
Newton iteration  0 : ||r|| = 0.133448
	Nonzeros in L          83200
	Nonzeros in U          83200
	nonzeros in L+U       160000
	nonzeros in LSUB       16640

** Memory Usage **********************************
** NUMfact space (MB): (sum-of-all-processes)
    L\U :            1.33 |  Total :     3.33
** Total highmark (MB):
    Sum-of-all :     9.92 | Avg :     9.92  | Max :     9.92
**************************************************
	Nonzeros in L          83200
	Nonzeros in U          83200
	nonzeros in L+U       160000
	nonzeros in LSUB       16640

** Memory Usage **********************************
** NUMfact space (MB): (sum-of-all-processes)
    L\U :            1.33 |  Total :     3.33
** Total highmark (MB):
    Sum-of-all :     9.92 | Avg :     9.92  | Max :     9.92
**************************************************
	Nonzeros in L          83200
	Nonzeros in U          83200
	nonzeros in L+U       160000
	nonzeros in LSUB       16640

** Memory Usage **********************************
** NUMfact space (MB): (sum-of-all-processes)
    L\U :            1.33 |  Total :     3.33
** Total highmark (MB):
    Sum-of-all :     9.92 | Avg :     9.92  | Max :     9.92
**************************************************
	Nonzeros in L        1378200
	Nonzeros in U        1378200
	nonzeros in L+U      2750000
	nonzeros in LSUB      317520

** Memory Usage **********************************
** NUMfact space (MB): (sum-of-all-processes)
    L\U :           22.60 |  Total :    41.69
** Total highmark (MB):
    Sum-of-all :    41.69 | Avg :    41.69  | Max :    41.69
**************************************************
	Nonzeros in L          83200
	Nonzeros in U          83200
	nonzeros in L+U       160000
	nonzeros in LSUB       16640

** Memory Usage **********************************
** NUMfact space (MB): (sum-of-all-processes)
    L\U :            1.33 |  Total :     3.33
** Total highmark (MB):
    Sum-of-all :     9.92 | Avg :     9.92  | Max :     9.92
**************************************************
   Pass :  1   Iteration :   0  ||B r|| = 493.242 ...
   Pass :  1   Iteration :   1  ||B r|| = 1.74053e-07
norm(r_0) 0
norm(r_1) 0
norm(r_2) 0
norm(r_3) 2.537335106266458e-09
norm(r_4) 0
Newton iteration  1 : ||r|| = 2.53734e-09, ||r||/||r_0|| = 1.90136e-08
Setting time step: 0.0025 in DGTransportTDO
Setting time step: 0.0025 in CombinedOp
Setting time step: 0.0025 in IonStaticPressureOp
norm(r_0) 0
norm(r_1) 0
norm(r_2) 0
norm(r_3) 0.1248533349746878
norm(r_4) 0
Newton iteration  0 : ||r|| = 0.124853
	Nonzeros in L          83200
	Nonzeros in U          83200
	nonzeros in L+U       160000
	nonzeros in LSUB       16640

** Memory Usage **********************************
** NUMfact space (MB): (sum-of-all-processes)
    L\U :            1.33 |  Total :     3.33
** Total highmark (MB):
    Sum-of-all :     9.92 | Avg :     9.92  | Max :     9.92
**************************************************
	Nonzeros in L          83200
	Nonzeros in U          83200
	nonzeros in L+U       160000
	nonzeros in LSUB       16640

** Memory Usage **********************************
** NUMfact space (MB): (sum-of-all-processes)
    L\U :            1.33 |  Total :     3.33
** Total highmark (MB):
    Sum-of-all :     9.92 | Avg :     9.92  | Max :     9.92
**************************************************
	Nonzeros in L          83200
	Nonzeros in U          83200
	nonzeros in L+U       160000
	nonzeros in LSUB       16640

** Memory Usage **********************************
** NUMfact space (MB): (sum-of-all-processes)
    L\U :            1.33 |  Total :     3.33
** Total highmark (MB):
    Sum-of-all :     9.92 | Avg :     9.92  | Max :     9.92
**************************************************
	Nonzeros in L        1378200
	Nonzeros in U        1378200
	nonzeros in L+U      2750000
	nonzeros in LSUB      317520

** Memory Usage **********************************
** NUMfact space (MB): (sum-of-all-processes)
    L\U :           22.60 |  Total :    41.69
** Total highmark (MB):
    Sum-of-all :    41.69 | Avg :    41.69  | Max :    41.69
**************************************************
	Nonzeros in L          83200
	Nonzeros in U          83200
	nonzeros in L+U       160000
	nonzeros in LSUB       16640

** Memory Usage **********************************
** NUMfact space (MB): (sum-of-all-processes)
    L\U :            1.33 |  Total :     3.33
** Total highmark (MB):
    Sum-of-all :     9.92 | Avg :     9.92  | Max :     9.92
**************************************************
   Pass :  1   Iteration :   0  ||B r|| = 461.474 ...
   Pass :  1   Iteration :   1  ||B r|| = 1.43133e-07
norm(r_0) 0
norm(r_1) 0
norm(r_2) 0
norm(r_3) 3.902238019209944e-09
norm(r_4) 0
Newton iteration  1 : ||r|| = 3.90224e-09, ||r||/||r_0|| = 3.12546e-08
Setting time step: 0.005 in DGTransportTDO
Setting time step: 0.005 in CombinedOp
Setting time step: 0.005 in IonStaticPressureOp
norm(r_0) 0
norm(r_1) 0
norm(r_2) 0
norm(r_3) 0.1208766521363911
norm(r_4) 0
Newton iteration  0 : ||r|| = 0.120877
	Nonzeros in L          83200
	Nonzeros in U          83200
	nonzeros in L+U       160000
	nonzeros in LSUB       16640

** Memory Usage **********************************
** NUMfact space (MB): (sum-of-all-processes)
    L\U :            1.33 |  Total :     3.33
** Total highmark (MB):
    Sum-of-all :     9.92 | Avg :     9.92  | Max :     9.92
**************************************************
	Nonzeros in L          83200
	Nonzeros in U          83200
	nonzeros in L+U       160000
	nonzeros in LSUB       16640

** Memory Usage **********************************
** NUMfact space (MB): (sum-of-all-processes)
    L\U :            1.33 |  Total :     3.33
** Total highmark (MB):
    Sum-of-all :     9.92 | Avg :     9.92  | Max :     9.92
**************************************************
	Nonzeros in L          83200
	Nonzeros in U          83200
	nonzeros in L+U       160000
	nonzeros in LSUB       16640

** Memory Usage **********************************
** NUMfact space (MB): (sum-of-all-processes)
    L\U :            1.33 |  Total :     3.33
** Total highmark (MB):
    Sum-of-all :     9.92 | Avg :     9.92  | Max :     9.92
**************************************************
	Nonzeros in L        1378200
	Nonzeros in U        1378200
	nonzeros in L+U      2750000
	nonzeros in LSUB      317520

** Memory Usage **********************************
** NUMfact space (MB): (sum-of-all-processes)
    L\U :           22.60 |  Total :    41.69
** Total highmark (MB):
    Sum-of-all :    41.69 | Avg :    41.69  | Max :    41.69
**************************************************
	Nonzeros in L          83200
	Nonzeros in U          83200
	nonzeros in L+U       160000
	nonzeros in LSUB       16640

** Memory Usage **********************************
** NUMfact space (MB): (sum-of-all-processes)
    L\U :            1.33 |  Total :     3.33
** Total highmark (MB):
    Sum-of-all :     9.92 | Avg :     9.92  | Max :     9.92
**************************************************
   Pass :  1   Iteration :   0  ||B r|| = 432.985 ...
   Pass :  1   Iteration :   1  ||B r|| = 3.1612e-07
norm(r_0) 0
norm(r_1) 0
norm(r_2) 0
norm(r_3) 5.748884745912748e-09
norm(r_4) 0
Newton iteration  1 : ||r|| = 5.74888e-09, ||r||/||r_0|| = 4.75599e-08
Setting time step: 0.005 in DGTransportTDO
Setting time step: 0.005 in CombinedOp
Setting time step: 0.005 in IonStaticPressureOp
norm(r_0) 0
norm(r_1) 0
norm(r_2) 0
norm(r_3) 0.1059519296423964
norm(r_4) 0
Newton iteration  0 : ||r|| = 0.105952
	Nonzeros in L          83200
	Nonzeros in U          83200
	nonzeros in L+U       160000
	nonzeros in LSUB       16640

** Memory Usage **********************************
** NUMfact space (MB): (sum-of-all-processes)
    L\U :            1.33 |  Total :     3.33
** Total highmark (MB):
    Sum-of-all :     9.92 | Avg :     9.92  | Max :     9.92
**************************************************
	Nonzeros in L          83200
	Nonzeros in U          83200
	nonzeros in L+U       160000
	nonzeros in LSUB       16640

** Memory Usage **********************************
** NUMfact space (MB): (sum-of-all-processes)
    L\U :            1.33 |  Total :     3.33
** Total highmark (MB):
    Sum-of-all :     9.92 | Avg :     9.92  | Max :     9.92
**************************************************
	Nonzeros in L          83200
	Nonzeros in U          83200
	nonzeros in L+U       160000
	nonzeros in LSUB       16640

** Memory Usage **********************************
** NUMfact space (MB): (sum-of-all-processes)
    L\U :            1.33 |  Total :     3.33
** Total highmark (MB):
    Sum-of-all :     9.92 | Avg :     9.92  | Max :     9.92
**************************************************
	Nonzeros in L        1378200
	Nonzeros in U        1378200
	nonzeros in L+U      2750000
	nonzeros in LSUB      317520

** Memory Usage **********************************
** NUMfact space (MB): (sum-of-all-processes)
    L\U :           22.60 |  Total :    41.69
** Total highmark (MB):
    Sum-of-all :    41.69 | Avg :    41.69  | Max :    41.69
**************************************************
	Nonzeros in L          83200
	Nonzeros in U          83200
	nonzeros in L+U       160000
	nonzeros in LSUB       16640

** Memory Usage **********************************
** NUMfact space (MB): (sum-of-all-processes)
    L\U :            1.33 |  Total :     3.33
** Total highmark (MB):
    Sum-of-all :     9.92 | Avg :     9.92  | Max :     9.92
**************************************************
   Pass :  1   Iteration :   0  ||B r|| = 379.524 ...
   Pass :  1   Iteration :   1  ||B r|| = 1.05644e-07
norm(r_0) 0
norm(r_1) 0
norm(r_2) 0
norm(r_3) 8.143311190219948e-09
norm(r_4) 0
Newton iteration  1 : ||r|| = 8.14331e-09, ||r||/||r_0|| = 7.68585e-08
Setting time step: 0.005 in DGTransportTDO
Setting time step: 0.005 in CombinedOp
Setting time step: 0.005 in IonStaticPressureOp
norm(r_0) 0
norm(r_1) 0
norm(r_2) 0
norm(r_3) 0.1117743972919335
norm(r_4) 0
Newton iteration  0 : ||r|| = 0.111774
	Nonzeros in L          83200
	Nonzeros in U          83200
	nonzeros in L+U       160000
	nonzeros in LSUB       16640

** Memory Usage **********************************
** NUMfact space (MB): (sum-of-all-processes)
    L\U :            1.33 |  Total :     3.33
** Total highmark (MB):
    Sum-of-all :     9.92 | Avg :     9.92  | Max :     9.92
**************************************************
	Nonzeros in L          83200
	Nonzeros in U          83200
	nonzeros in L+U       160000
	nonzeros in LSUB       16640

** Memory Usage **********************************
** NUMfact space (MB): (sum-of-all-processes)
    L\U :            1.33 |  Total :     3.33
** Total highmark (MB):
    Sum-of-all :     9.92 | Avg :     9.92  | Max :     9.92
**************************************************
	Nonzeros in L          83200
	Nonzeros in U          83200
	nonzeros in L+U       160000
	nonzeros in LSUB       16640

** Memory Usage **********************************
** NUMfact space (MB): (sum-of-all-processes)
    L\U :            1.33 |  Total :     3.33
** Total highmark (MB):
    Sum-of-all :     9.92 | Avg :     9.92  | Max :     9.92
**************************************************
	Nonzeros in L        1378200
	Nonzeros in U        1378200
	nonzeros in L+U      2750000
	nonzeros in LSUB      317520

** Memory Usage **********************************
** NUMfact space (MB): (sum-of-all-processes)
    L\U :           22.60 |  Total :    41.69
** Total highmark (MB):
    Sum-of-all :    41.69 | Avg :    41.69  | Max :    41.69
**************************************************
	Nonzeros in L          83200
	Nonzeros in U          83200
	nonzeros in L+U       160000
	nonzeros in LSUB       16640

** Memory Usage **********************************
** NUMfact space (MB): (sum-of-all-processes)
    L\U :            1.33 |  Total :     3.33
** Total highmark (MB):
    Sum-of-all :     9.92 | Avg :     9.92  | Max :     9.92
**************************************************
   Pass :  1   Iteration :   0  ||B r|| = 400.38 ...
   Pass :  1   Iteration :   1  ||B r|| = 2.22239e-07
norm(r_0) 0
norm(r_1) 0
norm(r_2) 0
norm(r_3) 7.287113902732607e-09
norm(r_4) 0
Newton iteration  1 : ||r|| = 7.28711e-09, ||r||/||r_0|| = 6.51948e-08
Setting time step: 0.005 in DGTransportTDO
Setting time step: 0.005 in CombinedOp
Setting time step: 0.005 in IonStaticPressureOp
norm(r_0) 0
norm(r_1) 0
norm(r_2) 0
norm(r_3) 0.1132906369554498
norm(r_4) 0
Newton iteration  0 : ||r|| = 0.113291
	Nonzeros in L          83200
	Nonzeros in U          83200
	nonzeros in L+U       160000
	nonzeros in LSUB       16640

** Memory Usage **********************************
** NUMfact space (MB): (sum-of-all-processes)
    L\U :            1.33 |  Total :     3.33
** Total highmark (MB):
    Sum-of-all :     9.92 | Avg :     9.92  | Max :     9.92
**************************************************
	Nonzeros in L          83200
	Nonzeros in U          83200
	nonzeros in L+U       160000
	nonzeros in LSUB       16640

** Memory Usage **********************************
** NUMfact space (MB): (sum-of-all-processes)
    L\U :            1.33 |  Total :     3.33
** Total highmark (MB):
    Sum-of-all :     9.92 | Avg :     9.92  | Max :     9.92
**************************************************
	Nonzeros in L          83200
	Nonzeros in U          83200
	nonzeros in L+U       160000
	nonzeros in LSUB       16640

** Memory Usage **********************************
** NUMfact space (MB): (sum-of-all-processes)
    L\U :            1.33 |  Total :     3.33
** Total highmark (MB):
    Sum-of-all :     9.92 | Avg :     9.92  | Max :     9.92
**************************************************
	Nonzeros in L        1378200
	Nonzeros in U        1378200
	nonzeros in L+U      2750000
	nonzeros in LSUB      317520

** Memory Usage **********************************
** NUMfact space (MB): (sum-of-all-processes)
    L\U :           22.60 |  Total :    41.69
** Total highmark (MB):
    Sum-of-all :    41.69 | Avg :    41.69  | Max :    41.69
**************************************************
	Nonzeros in L          83200
	Nonzeros in U          83200
	nonzeros in L+U       160000
	nonzeros in LSUB       16640

** Memory Usage **********************************
** NUMfact space (MB): (sum-of-all-processes)
    L\U :            1.33 |  Total :     3.33
** Total highmark (MB):
    Sum-of-all :     9.92 | Avg :     9.92  | Max :     9.92
**************************************************
   Pass :  1   Iteration :   0  ||B r|| = 405.812 ...
   Pass :  1   Iteration :   1  ||B r|| = 2.57311e-07
norm(r_0) 0
norm(r_1) 0
norm(r_2) 0
norm(r_3) 7.294134834350203e-09
norm(r_4) 0
Newton iteration  1 : ||r|| = 7.29413e-09, ||r||/||r_0|| = 6.43843e-08
Setting time step: 0.005 in DGTransportTDO
Setting time step: 0.005 in CombinedOp
Setting time step: 0.005 in IonStaticPressureOp
norm(r_0) 0
norm(r_1) 0
norm(r_2) 0
norm(r_3) 0.09901837882000415
norm(r_4) 0
Newton iteration  0 : ||r|| = 0.0990184
	Nonzeros in L          83200
	Nonzeros in U          83200
	nonzeros in L+U       160000
	nonzeros in LSUB       16640

** Memory Usage **********************************
** NUMfact space (MB): (sum-of-all-processes)
    L\U :            1.33 |  Total :     3.33
** Total highmark (MB):
    Sum-of-all :     9.92 | Avg :     9.92  | Max :     9.92
**************************************************
	Nonzeros in L          83200
	Nonzeros in U          83200
	nonzeros in L+U       160000
	nonzeros in LSUB       16640

** Memory Usage **********************************
** NUMfact space (MB): (sum-of-all-processes)
    L\U :            1.33 |  Total :     3.33
** Total highmark (MB):
    Sum-of-all :     9.92 | Avg :     9.92  | Max :     9.92
**************************************************
	Nonzeros in L          83200
	Nonzeros in U          83200
	nonzeros in L+U       160000
	nonzeros in LSUB       16640

** Memory Usage **********************************
** NUMfact space (MB): (sum-of-all-processes)
    L\U :            1.33 |  Total :     3.33
** Total highmark (MB):
    Sum-of-all :     9.92 | Avg :     9.92  | Max :     9.92
**************************************************
	Nonzeros in L        1378200
	Nonzeros in U        1378200
	nonzeros in L+U      2750000
	nonzeros in LSUB      317520

** Memory Usage **********************************
** NUMfact space (MB): (sum-of-all-processes)
    L\U :           22.60 |  Total :    41.69
** Total highmark (MB):
    Sum-of-all :    41.69 | Avg :    41.69  | Max :    41.69
**************************************************
	Nonzeros in L          83200
	Nonzeros in U          83200
	nonzeros in L+U       160000
	nonzeros in LSUB       16640

** Memory Usage **********************************
** NUMfact space (MB): (sum-of-all-processes)
    L\U :            1.33 |  Total :     3.33
** Total highmark (MB):
    Sum-of-all :     9.92 | Avg :     9.92  | Max :     9.92
**************************************************
   Pass :  1   Iteration :   0  ||B r|| = 354.688 ...
   Pass :  1   Iteration :   1  ||B r|| = 1.82445e-07
norm(r_0) 0
norm(r_1) 0
norm(r_2) 0
norm(r_3) 9.73312708472445e-09
norm(r_4) 0
Newton iteration  1 : ||r|| = 9.73313e-09, ||r||/||r_0|| = 9.82962e-08
Setting time step: 0.01 in DGTransportTDO
Setting time step: 0.01 in CombinedOp
Setting time step: 0.01 in IonStaticPressureOp
norm(r_0) 0
norm(r_1) 0
norm(r_2) 0
norm(r_3) 0.09290544446562733
norm(r_4) 0
Newton iteration  0 : ||r|| = 0.0929054
	Nonzeros in L          83200
	Nonzeros in U          83200
	nonzeros in L+U       160000
	nonzeros in LSUB       16640

** Memory Usage **********************************
** NUMfact space (MB): (sum-of-all-processes)
    L\U :            1.33 |  Total :     3.33
** Total highmark (MB):
    Sum-of-all :     9.92 | Avg :     9.92  | Max :     9.92
**************************************************
	Nonzeros in L          83200
	Nonzeros in U          83200
	nonzeros in L+U       160000
	nonzeros in LSUB       16640

** Memory Usage **********************************
** NUMfact space (MB): (sum-of-all-processes)
    L\U :            1.33 |  Total :     3.33
** Total highmark (MB):
    Sum-of-all :     9.92 | Avg :     9.92  | Max :     9.92
**************************************************
	Nonzeros in L          83200
	Nonzeros in U          83200
	nonzeros in L+U       160000
	nonzeros in LSUB       16640

** Memory Usage **********************************
** NUMfact space (MB): (sum-of-all-processes)
    L\U :            1.33 |  Total :     3.33
** Total highmark (MB):
    Sum-of-all :     9.92 | Avg :     9.92  | Max :     9.92
**************************************************
	Nonzeros in L        1378200
	Nonzeros in U        1378200
	nonzeros in L+U      2750000
	nonzeros in LSUB      317520

** Memory Usage **********************************
** NUMfact space (MB): (sum-of-all-processes)
    L\U :           22.60 |  Total :    41.69
** Total highmark (MB):
    Sum-of-all :    41.69 | Avg :    41.69  | Max :    41.69
**************************************************
	Nonzeros in L          83200
	Nonzeros in U          83200
	nonzeros in L+U       160000
	nonzeros in LSUB       16640

** Memory Usage **********************************
** NUMfact space (MB): (sum-of-all-processes)
    L\U :            1.33 |  Total :     3.33
** Total highmark (MB):
    Sum-of-all :     9.92 | Avg :     9.92  | Max :     9.92
**************************************************
   Pass :  1   Iteration :   0  ||B r|| = 313.441 ...
   Pass :  1   Iteration :   1  ||B r|| = 1.63895e-07
norm(r_0) 0
norm(r_1) 0
norm(r_2) 0
norm(r_3) 1.259319876081661e-08
norm(r_4) 0
Newton iteration  1 : ||r|| = 1.25932e-08, ||r||/||r_0|| = 1.35549e-07
Setting time step: 0.01 in DGTransportTDO
Setting time step: 0.01 in CombinedOp
Setting time step: 0.01 in IonStaticPressureOp
norm(r_0) 0
norm(r_1) 0
norm(r_2) 0
norm(r_3) 0.07129723763877412
norm(r_4) 0
Newton iteration  0 : ||r|| = 0.0712972
	Nonzeros in L          83200
	Nonzeros in U          83200
	nonzeros in L+U       160000
	nonzeros in LSUB       16640

** Memory Usage **********************************
** NUMfact space (MB): (sum-of-all-processes)
    L\U :            1.33 |  Total :     3.33
** Total highmark (MB):
    Sum-of-all :     9.92 | Avg :     9.92  | Max :     9.92
**************************************************
	Nonzeros in L          83200
	Nonzeros in U          83200
	nonzeros in L+U       160000
	nonzeros in LSUB       16640

** Memory Usage **********************************
** NUMfact space (MB): (sum-of-all-processes)
    L\U :            1.33 |  Total :     3.33
** Total highmark (MB):
    Sum-of-all :     9.92 | Avg :     9.92  | Max :     9.92
**************************************************
	Nonzeros in L          83200
	Nonzeros in U          83200
	nonzeros in L+U       160000
	nonzeros in LSUB       16640

** Memory Usage **********************************
** NUMfact space (MB): (sum-of-all-processes)
    L\U :            1.33 |  Total :     3.33
** Total highmark (MB):
    Sum-of-all :     9.92 | Avg :     9.92  | Max :     9.92
**************************************************
	Nonzeros in L        1378200
	Nonzeros in U        1378200
	nonzeros in L+U      2750000
	nonzeros in LSUB      317520

** Memory Usage **********************************
** NUMfact space (MB): (sum-of-all-processes)
    L\U :           22.60 |  Total :    41.69
** Total highmark (MB):
    Sum-of-all :    41.69 | Avg :    41.69  | Max :    41.69
**************************************************
	Nonzeros in L          83200
	Nonzeros in U          83200
	nonzeros in L+U       160000
	nonzeros in LSUB       16640

** Memory Usage **********************************
** NUMfact space (MB): (sum-of-all-processes)
    L\U :            1.33 |  Total :     3.33
** Total highmark (MB):
    Sum-of-all :     9.92 | Avg :     9.92  | Max :     9.92
**************************************************
   Pass :  1   Iteration :   0  ||B r|| = 240.54 ...
   Pass :  1   Iteration :   1  ||B r|| = 2.38558e-07
norm(r_0) 0
norm(r_1) 0
norm(r_2) 0
norm(r_3) 1.642380819651781e-08
norm(r_4) 0
Newton iteration  1 : ||r|| = 1.64238e-08, ||r||/||r_0|| = 2.30357e-07
Setting time step: 0.01 in DGTransportTDO
Setting time step: 0.01 in CombinedOp
Setting time step: 0.01 in IonStaticPressureOp
norm(r_0) 0
norm(r_1) 0
norm(r_2) 0
norm(r_3) 0.07953846457633303
norm(r_4) 0
Newton iteration  0 : ||r|| = 0.0795385
	Nonzeros in L          83200
	Nonzeros in U          83200
	nonzeros in L+U       160000
	nonzeros in LSUB       16640

** Memory Usage **********************************
** NUMfact space (MB): (sum-of-all-processes)
    L\U :            1.33 |  Total :     3.33
** Total highmark (MB):
    Sum-of-all :     9.92 | Avg :     9.92  | Max :     9.92
**************************************************
	Nonzeros in L          83200
	Nonzeros in U          83200
	nonzeros in L+U       160000
	nonzeros in LSUB       16640

** Memory Usage **********************************
** NUMfact space (MB): (sum-of-all-processes)
    L\U :            1.33 |  Total :     3.33
** Total highmark (MB):
    Sum-of-all :     9.92 | Avg :     9.92  | Max :     9.92
**************************************************
	Nonzeros in L          83200
	Nonzeros in U          83200
	nonzeros in L+U       160000
	nonzeros in LSUB       16640

** Memory Usage **********************************
** NUMfact space (MB): (sum-of-all-processes)
    L\U :            1.33 |  Total :     3.33
** Total highmark (MB):
    Sum-of-all :     9.92 | Avg :     9.92  | Max :     9.92
**************************************************
	Nonzeros in L        1378200
	Nonzeros in U        1378200
	nonzeros in L+U      2750000
	nonzeros in LSUB      317520

** Memory Usage **********************************
** NUMfact space (MB): (sum-of-all-processes)
    L\U :           22.60 |  Total :    41.69
** Total highmark (MB):
    Sum-of-all :    41.69 | Avg :    41.69  | Max :    41.69
**************************************************
	Nonzeros in L          83200
	Nonzeros in U          83200
	nonzeros in L+U       160000
	nonzeros in LSUB       16640

** Memory Usage **********************************
** NUMfact space (MB): (sum-of-all-processes)
    L\U :            1.33 |  Total :     3.33
** Total highmark (MB):
    Sum-of-all :     9.92 | Avg :     9.92  | Max :     9.92
**************************************************
   Pass :  1   Iteration :   0  ||B r|| = 268.344 ...
   Pass :  1   Iteration :   1  ||B r|| = 1.22198e-07
norm(r_0) 0
norm(r_1) 0
norm(r_2) 0
norm(r_3) 1.478099893616328e-08
norm(r_4) 0
Newton iteration  1 : ||r|| = 1.4781e-08, ||r||/||r_0|| = 1.85835e-07
Setting time step: 0.01 in DGTransportTDO
Setting time step: 0.01 in CombinedOp
Setting time step: 0.01 in IonStaticPressureOp
norm(r_0) 0
norm(r_1) 0
norm(r_2) 0
norm(r_3) 0.08176652440448187
norm(r_4) 0
Newton iteration  0 : ||r|| = 0.0817665
	Nonzeros in L          83200
	Nonzeros in U          83200
	nonzeros in L+U       160000
	nonzeros in LSUB       16640

** Memory Usage **********************************
** NUMfact space (MB): (sum-of-all-processes)
    L\U :            1.33 |  Total :     3.33
** Total highmark (MB):
    Sum-of-all :     9.92 | Avg :     9.92  | Max :     9.92
**************************************************
	Nonzeros in L          83200
	Nonzeros in U          83200
	nonzeros in L+U       160000
	nonzeros in LSUB       16640

** Memory Usage **********************************
** NUMfact space (MB): (sum-of-all-processes)
    L\U :            1.33 |  Total :     3.33
** Total highmark (MB):
    Sum-of-all :     9.92 | Avg :     9.92  | Max :     9.92
**************************************************
	Nonzeros in L          83200
	Nonzeros in U          83200
	nonzeros in L+U       160000
	nonzeros in LSUB       16640

** Memory Usage **********************************
** NUMfact space (MB): (sum-of-all-processes)
    L\U :            1.33 |  Total :     3.33
** Total highmark (MB):
    Sum-of-all :     9.92 | Avg :     9.92  | Max :     9.92
**************************************************
	Nonzeros in L        1378200
	Nonzeros in U        1378200
	nonzeros in L+U      2750000
	nonzeros in LSUB      317520

** Memory Usage **********************************
** NUMfact space (MB): (sum-of-all-processes)
    L\U :           22.60 |  Total :    41.69
** Total highmark (MB):
    Sum-of-all :    41.69 | Avg :    41.69  | Max :    41.69
**************************************************
	Nonzeros in L          83200
	Nonzeros in U          83200
	nonzeros in L+U       160000
	nonzeros in LSUB       16640

** Memory Usage **********************************
** NUMfact space (MB): (sum-of-all-processes)
    L\U :            1.33 |  Total :     3.33
** Total highmark (MB):
    Sum-of-all :     9.92 | Avg :     9.92  | Max :     9.92
**************************************************
   Pass :  1   Iteration :   0  ||B r|| = 275.861 ...
   Pass :  1   Iteration :   1  ||B r|| = 3.86343e-07
norm(r_0) 0
norm(r_1) 0
norm(r_2) 0
norm(r_3) 1.412643633616737e-08
norm(r_4) 0
Newton iteration  1 : ||r|| = 1.41264e-08, ||r||/||r_0|| = 1.72766e-07
Setting time step: 0.01 in DGTransportTDO
Setting time step: 0.01 in CombinedOp
Setting time step: 0.01 in IonStaticPressureOp
norm(r_0) 0
norm(r_1) 0
norm(r_2) 0
norm(r_3) 0.06210747624624277
norm(r_4) 0
Newton iteration  0 : ||r|| = 0.0621075
	Nonzeros in L          83200
	Nonzeros in U          83200
	nonzeros in L+U       160000
	nonzeros in LSUB       16640

** Memory Usage **********************************
** NUMfact space (MB): (sum-of-all-processes)
    L\U :            1.33 |  Total :     3.33
** Total highmark (MB):
    Sum-of-all :     9.92 | Avg :     9.92  | Max :     9.92
**************************************************
	Nonzeros in L          83200
	Nonzeros in U          83200
	nonzeros in L+U       160000
	nonzeros in LSUB       16640

** Memory Usage **********************************
** NUMfact space (MB): (sum-of-all-processes)
    L\U :            1.33 |  Total :     3.33
** Total highmark (MB):
    Sum-of-all :     9.92 | Avg :     9.92  | Max :     9.92
**************************************************
	Nonzeros in L          83200
	Nonzeros in U          83200
	nonzeros in L+U       160000
	nonzeros in LSUB       16640

** Memory Usage **********************************
** NUMfact space (MB): (sum-of-all-processes)
    L\U :            1.33 |  Total :     3.33
** Total highmark (MB):
    Sum-of-all :     9.92 | Avg :     9.92  | Max :     9.92
**************************************************
	Nonzeros in L        1378200
	Nonzeros in U        1378200
	nonzeros in L+U      2750000
	nonzeros in LSUB      317520

** Memory Usage **********************************
** NUMfact space (MB): (sum-of-all-processes)
    L\U :           22.60 |  Total :    41.69
** Total highmark (MB):
    Sum-of-all :    41.69 | Avg :    41.69  | Max :    41.69
**************************************************
	Nonzeros in L          83200
	Nonzeros in U          83200
	nonzeros in L+U       160000
	nonzeros in LSUB       16640

** Memory Usage **********************************
** NUMfact space (MB): (sum-of-all-processes)
    L\U :            1.33 |  Total :     3.33
** Total highmark (MB):
    Sum-of-all :     9.92 | Avg :     9.92  | Max :     9.92
**************************************************
   Pass :  1   Iteration :   0  ||B r|| = 209.536 ...
   Pass :  1   Iteration :   1  ||B r|| = 2.59483e-07
norm(r_0) 0
norm(r_1) 0
norm(r_2) 0
norm(r_3) 1.777620226653718e-08
norm(r_4) 0
Newton iteration  1 : ||r|| = 1.77762e-08, ||r||/||r_0|| = 2.86217e-07
Setting time step: 0.02 in DGTransportTDO
Setting time step: 0.02 in CombinedOp
Setting time step: 0.02 in IonStaticPressureOp
norm(r_0) 0
norm(r_1) 0
norm(r_2) 0
norm(r_3) 0.05488491183635091
norm(r_4) 0
Newton iteration  0 : ||r|| = 0.0548849
	Nonzeros in L          83200
	Nonzeros in U          83200
	nonzeros in L+U       160000
	nonzeros in LSUB       16640

** Memory Usage **********************************
** NUMfact space (MB): (sum-of-all-processes)
    L\U :            1.33 |  Total :     3.33
** Total highmark (MB):
    Sum-of-all :     9.92 | Avg :     9.92  | Max :     9.92
**************************************************
	Nonzeros in L          83200
	Nonzeros in U          83200
	nonzeros in L+U       160000
	nonzeros in LSUB       16640

** Memory Usage **********************************
** NUMfact space (MB): (sum-of-all-processes)
    L\U :            1.33 |  Total :     3.33
** Total highmark (MB):
    Sum-of-all :     9.92 | Avg :     9.92  | Max :     9.92
**************************************************
	Nonzeros in L          83200
	Nonzeros in U          83200
	nonzeros in L+U       160000
	nonzeros in LSUB       16640

** Memory Usage **********************************
** NUMfact space (MB): (sum-of-all-processes)
    L\U :            1.33 |  Total :     3.33
** Total highmark (MB):
    Sum-of-all :     9.92 | Avg :     9.92  | Max :     9.92
**************************************************
	Nonzeros in L        1378200
	Nonzeros in U        1378200
	nonzeros in L+U      2750000
	nonzeros in LSUB      317520

** Memory Usage **********************************
** NUMfact space (MB): (sum-of-all-processes)
    L\U :           22.60 |  Total :    41.69
** Total highmark (MB):
    Sum-of-all :    41.69 | Avg :    41.69  | Max :    41.69
**************************************************
	Nonzeros in L          83200
	Nonzeros in U          83200
	nonzeros in L+U       160000
	nonzeros in LSUB       16640

** Memory Usage **********************************
** NUMfact space (MB): (sum-of-all-processes)
    L\U :            1.33 |  Total :     3.33
** Total highmark (MB):
    Sum-of-all :     9.92 | Avg :     9.92  | Max :     9.92
**************************************************
   Pass :  1   Iteration :   0  ||B r|| = 165.878 ...
   Pass :  1   Iteration :   1  ||B r|| = 5.97418e-07
norm(r_0) 0
norm(r_1) 0
norm(r_2) 0
norm(r_3) 1.982307713837279e-08
norm(r_4) 0
Newton iteration  1 : ||r|| = 1.98231e-08, ||r||/||r_0|| = 3.61175e-07
Setting time step: 0.02 in DGTransportTDO
Setting time step: 0.02 in CombinedOp
Setting time step: 0.02 in IonStaticPressureOp
norm(r_0) 0
norm(r_1) 0
norm(r_2) 0
norm(r_3) 0.03201402729338457
norm(r_4) 0
Newton iteration  0 : ||r|| = 0.032014
	Nonzeros in L          83200
	Nonzeros in U          83200
	nonzeros in L+U       160000
	nonzeros in LSUB       16640

** Memory Usage **********************************
** NUMfact space (MB): (sum-of-all-processes)
    L\U :            1.33 |  Total :     3.33
** Total highmark (MB):
    Sum-of-all :     9.92 | Avg :     9.92  | Max :     9.92
**************************************************
	Nonzeros in L          83200
	Nonzeros in U          83200
	nonzeros in L+U       160000
	nonzeros in LSUB       16640

** Memory Usage **********************************
** NUMfact space (MB): (sum-of-all-processes)
    L\U :            1.33 |  Total :     3.33
** Total highmark (MB):
    Sum-of-all :     9.92 | Avg :     9.92  | Max :     9.92
**************************************************
	Nonzeros in L          83200
	Nonzeros in U          83200
	nonzeros in L+U       160000
	nonzeros in LSUB       16640

** Memory Usage **********************************
** NUMfact space (MB): (sum-of-all-processes)
    L\U :            1.33 |  Total :     3.33
** Total highmark (MB):
    Sum-of-all :     9.92 | Avg :     9.92  | Max :     9.92
**************************************************
	Nonzeros in L        1378200
	Nonzeros in U        1378200
	nonzeros in L+U      2750000
	nonzeros in LSUB      317520

** Memory Usage **********************************
** NUMfact space (MB): (sum-of-all-processes)
    L\U :           22.60 |  Total :    41.69
** Total highmark (MB):
    Sum-of-all :    41.69 | Avg :    41.69  | Max :    41.69
**************************************************
	Nonzeros in L          83200
	Nonzeros in U          83200
	nonzeros in L+U       160000
	nonzeros in LSUB       16640

** Memory Usage **********************************
** NUMfact space (MB): (sum-of-all-processes)
    L\U :            1.33 |  Total :     3.33
** Total highmark (MB):
    Sum-of-all :     9.92 | Avg :     9.92  | Max :     9.92
**************************************************
   Pass :  1   Iteration :   0  ||B r|| = 96.7558 ...
   Pass :  1   Iteration :   1  ||B r|| = 1.86213e-07
norm(r_0) 0
norm(r_1) 0
norm(r_2) 0
norm(r_3) 2.357978650096201e-08
norm(r_4) 0
Newton iteration  1 : ||r|| = 2.35798e-08, ||r||/||r_0|| = 7.36545e-07
Setting time step: 0.02 in DGTransportTDO
Setting time step: 0.02 in CombinedOp
Setting time step: 0.02 in IonStaticPressureOp
norm(r_0) 0
norm(r_1) 0
norm(r_2) 0
norm(r_3) 0.04039994618616602
norm(r_4) 0
Newton iteration  0 : ||r|| = 0.0403999
	Nonzeros in L          83200
	Nonzeros in U          83200
	nonzeros in L+U       160000
	nonzeros in LSUB       16640

** Memory Usage **********************************
** NUMfact space (MB): (sum-of-all-processes)
    L\U :            1.33 |  Total :     3.33
** Total highmark (MB):
    Sum-of-all :     9.92 | Avg :     9.92  | Max :     9.92
**************************************************
	Nonzeros in L          83200
	Nonzeros in U          83200
	nonzeros in L+U       160000
	nonzeros in LSUB       16640

** Memory Usage **********************************
** NUMfact space (MB): (sum-of-all-processes)
    L\U :            1.33 |  Total :     3.33
** Total highmark (MB):
    Sum-of-all :     9.92 | Avg :     9.92  | Max :     9.92
**************************************************
	Nonzeros in L          83200
	Nonzeros in U          83200
	nonzeros in L+U       160000
	nonzeros in LSUB       16640

** Memory Usage **********************************
** NUMfact space (MB): (sum-of-all-processes)
    L\U :            1.33 |  Total :     3.33
** Total highmark (MB):
    Sum-of-all :     9.92 | Avg :     9.92  | Max :     9.92
**************************************************
	Nonzeros in L        1378200
	Nonzeros in U        1378200
	nonzeros in L+U      2750000
	nonzeros in LSUB      317520

** Memory Usage **********************************
** NUMfact space (MB): (sum-of-all-processes)
    L\U :           22.60 |  Total :    41.69
** Total highmark (MB):
    Sum-of-all :    41.69 | Avg :    41.69  | Max :    41.69
**************************************************
	Nonzeros in L          83200
	Nonzeros in U          83200
	nonzeros in L+U       160000
	nonzeros in LSUB       16640

** Memory Usage **********************************
** NUMfact space (MB): (sum-of-all-processes)
    L\U :            1.33 |  Total :     3.33
** Total highmark (MB):
    Sum-of-all :     9.92 | Avg :     9.92  | Max :     9.92
**************************************************
   Pass :  1   Iteration :   0  ||B r|| = 122.101 ...
--------------------------------------------------------------------------
mpirun noticed that process rank 0 with PID 0 on node fusiont6-1 exited on signal 15 (Terminated).
--------------------------------------------------------------------------
