0.0684654	9.87797e-17	9.87797e-17	0	0.26031	1.60823e-16
0.120116	9.87797e-17	9.87797e-17	0	0.439477	1.60823e-16
0.161289	9.87797e-17	9.87797e-17	0	0.894672	1.60823e-16
0.20413	9.87797e-17	9.87797e-17	0	0.993588	1.60823e-16
0.244695	9.87797e-17	9.87797e-17	0	0.999464	1.60823e-16
0.289168	9.87797e-17	9.87797e-17	0	0.999938	1.60823e-16
0.331041	9.87797e-17	9.87797e-17	0	0.999989	1.60823e-16
0.371713	9.87797e-17	9.87797e-17	0	0.999998	1.60823e-16
0.415078	9.87797e-17	9.87797e-17	0	1	1.60823e-16
0.456622	9.87797e-17	9.87797e-17	0	1	1.60823e-16
0.498487	9.87797e-17	9.87797e-17	0	1	1.60823e-16
0.538947	9.87797e-17	9.87797e-17	0	1	1.60823e-16
0.58344	9.87797e-17	9.87797e-17	0	1	1.60823e-16
0.625308	9.87797e-17	9.87797e-17	0	1	1.60823e-16
0.665868	9.87797e-17	9.87797e-17	0	1	1.60823e-16
0.707494	9.87797e-17	9.87797e-17	0	1	1.60823e-16
0.752489	9.87797e-17	9.87797e-17	0	1	1.60823e-16
0.794511	9.87797e-17	9.87797e-17	0	1	1.60823e-16
0.836517	9.87797e-17	9.87797e-17	0	1	1.60823e-16
0.878625	9.87797e-17	9.87797e-17	0	1	1.60823e-16
0.920507	9.87797e-17	9.87797e-17	0	1	1.60823e-16
0.96312	9.87797e-17	9.87797e-17	0	1	1.60823e-16
1.00559	9.87797e-17	9.87797e-17	0	1	1.60823e-16
1.04611	9.87797e-17	9.87797e-17	0	1	1.60823e-16
1.08843	9.87797e-17	9.87797e-17	0	1	1.60823e-16
1.13202	9.87797e-17	9.87797e-17	0	1	1.60823e-16
1.17354	9.87797e-17	9.87797e-17	0	1	1.60823e-16
1.21541	9.87797e-17	9.87797e-17	0	1	1.60823e-16
1.25611	9.87797e-17	9.87797e-17	0	1	1.60823e-16
1.29871	9.87797e-17	9.87797e-17	0	1	1.60823e-16
1.33932	9.87797e-17	9.87797e-17	0	1	1.60823e-16
1.38254	9.87797e-17	9.87797e-17	0	1	1.60823e-16
1.42335	9.87797e-17	9.87797e-17	0	1	1.60823e-16
1.46384	9.87797e-17	9.87797e-17	0	1	1.60823e-16
1.50712	9.87797e-17	9.87797e-17	0	1	1.60823e-16
1.54815	9.87797e-17	9.87797e-17	0	1	1.60823e-16
1.58943	9.87797e-17	9.87797e-17	0	1	1.60823e-16
1.63189	9.87797e-17	9.87797e-17	0	1	1.60823e-16
1.6726	9.87797e-17	9.87797e-17	0	1	1.60823e-16
1.71472	9.87797e-17	9.87797e-17	0	1	1.60823e-16
1.75619	9.87797e-17	9.87797e-17	0	1	1.60823e-16
1.79914	9.87797e-17	9.87797e-17	0	1	1.60823e-16
1.83964	9.87797e-17	9.87797e-17	0	1	1.60823e-16
1.88263	9.87797e-17	9.87797e-17	0	1	1.60823e-16
1.92325	9.87797e-17	9.87797e-17	0	1	1.60823e-16
1.96656	9.87797e-17	9.87797e-17	0	1	1.60823e-16
2.00752	9.87797e-17	9.87797e-17	0	1	1.60823e-16
2.04847	9.87797e-17	9.87797e-17	0	1	1.60823e-16
2.08942	9.87797e-17	9.87797e-17	0	1	1.60823e-16
2.13035	9.87797e-17	9.87797e-17	0	1	1.60823e-16
2.17116	9.87797e-17	9.87797e-17	0	1	1.60823e-16
2.21167	9.87797e-17	9.87797e-17	0	1	1.60823e-16
2.25459	9.87797e-17	9.87797e-17	0	1	1.60823e-16
2.29514	9.87797e-17	9.87797e-17	0	1	1.60823e-16
2.33706	9.87797e-17	9.87797e-17	0	1	1.60823e-16
2.37965	9.87797e-17	9.87797e-17	0	1	1.60823e-16
2.42185	9.87797e-17	9.87797e-17	0	1	1.60823e-16
2.46286	9.87797e-17	9.87797e-17	0	1	1.60823e-16
2.50526	9.87797e-17	9.87797e-17	0	1	1.60823e-16
2.54925	9.87797e-17	9.87797e-17	0	1	1.60823e-16
2.5917	9.87797e-17	9.87797e-17	0	1	1.60823e-16
2.63245	9.87797e-17	9.87797e-17	0	1	1.60823e-16
2.67366	9.87797e-17	9.87797e-17	0	1	1.60823e-16
2.71534	9.87797e-17	9.87797e-17	0	1	1.60823e-16
2.75988	9.87797e-17	9.87797e-17	0	1	1.60823e-16
2.80174	9.87797e-17	9.87797e-17	0	1	1.60823e-16
2.84284	9.87797e-17	9.87797e-17	0	1	1.60823e-16
2.8849	9.87797e-17	9.87797e-17	0	1	1.60823e-16
2.92674	9.87797e-17	9.87797e-17	0	1	1.60823e-16
2.9699	9.87797e-17	9.87797e-17	0	1	1.60823e-16
3.01073	9.87797e-17	9.87797e-17	0	1	1.60823e-16
3.05127	9.87797e-17	9.87797e-17	0	1	1.60823e-16
3.0933	9.87797e-17	9.87797e-17	0	1	1.60823e-16
3.1353	9.87797e-17	9.87797e-17	0	1	1.60823e-16
3.17743	9.87797e-17	9.87797e-17	0	1	1.60823e-16
3.21933	9.87797e-17	9.87797e-17	0	1	1.60823e-16
3.26225	9.87797e-17	9.87797e-17	0	1	1.60823e-16
3.3028	9.87797e-17	9.87797e-17	0	1	1.60823e-16
3.34469	9.87797e-17	9.87797e-17	0	1	1.60823e-16
3.38751	9.87797e-17	9.87797e-17	0	1	1.60823e-16
3.42798	9.87797e-17	9.87797e-17	0	1	1.60823e-16
3.47236	9.87797e-17	9.87797e-17	0	1	1.60823e-16
3.51427	9.87797e-17	9.87797e-17	0	1	1.60823e-16
3.55569	9.87797e-17	9.87797e-17	0	1	1.60823e-16
3.59769	9.87797e-17	9.87797e-17	0	1	1.60823e-16
3.63985	9.87797e-17	9.87797e-17	0	1	1.60823e-16
3.68177	9.87797e-17	9.87797e-17	0	1	1.60823e-16
3.7235	9.87797e-17	9.87797e-17	0	1	1.60823e-16
3.7654	9.87797e-17	9.87797e-17	0	1	1.60823e-16
3.80674	9.87797e-17	9.87797e-17	0	1	1.60823e-16
3.84897	9.87797e-17	9.87797e-17	0	1	1.60823e-16
3.8914	9.87797e-17	9.87797e-17	0	1	1.60823e-16
3.93223	9.87797e-17	9.87797e-17	0	1	1.60823e-16
3.97274	9.87797e-17	9.87797e-17	0	1	1.60823e-16
4.01542	9.87797e-17	9.87797e-17	0	1	1.60823e-16
4.05684	9.87797e-17	9.87797e-17	0	1	1.60823e-16
4.09946	9.87797e-17	9.87797e-17	0	1	1.60823e-16
4.14187	9.87797e-17	9.87797e-17	0	1	1.60823e-16
4.18236	9.87797e-17	9.87797e-17	0	1	1.60823e-16
4.22555	9.87797e-17	9.87797e-17	0	1	1.60823e-16
4.26644	9.87797e-17	9.87797e-17	0	1	1.60823e-16
4.30712	9.87797e-17	9.87797e-17	0	1	1.60823e-16
4.35007	9.87797e-17	9.87797e-17	0	1	1.60823e-16
4.39103	9.87797e-17	9.87797e-17	0	1	1.60823e-16
4.43198	9.87797e-17	9.87797e-17	0	1	1.60823e-16
4.47291	9.87797e-17	9.87797e-17	0	1	1.60823e-16
4.51374	9.87797e-17	9.87797e-17	0	1	1.60823e-16
4.55429	9.87797e-17	9.87797e-17	0	1	1.60823e-16
4.59617	9.87797e-17	9.87797e-17	0	1	1.60823e-16
