5: Number of elements in parallel mesh: 16
5: Number of elements after parallel refinement: 16
15: Number of elements in parallel mesh: 16
15: Number of elements after parallel refinement: 16
7: Number of elements in parallel mesh: 16
7: Number of elements after parallel refinement: 16
4: Number of elements in parallel mesh: 16
4: Number of elements after parallel refinement: 16
6: Number of elements in parallel mesh: 16
6: Number of elements after parallel refinement: 16
Options used:
   --mesh ../../mfem/data/inline-quad.mesh
   --bc-file ../../mfem/miniapps/plasma/transport2d_bcs.inp
   --ic-file ../../mfem/miniapps/plasma/transport2d_ics.inp
   --ec-file /home/gz6/mfem-analysis/input-files/transport2d_ecs.inp
   --es-file ../../mfem/miniapps/plasma/transport2d_ess.inp
   --eqdsk-file 
   --logging 1
   --operator-test 8
   --equation-weights '1 1 1 1 1'
   --problem 0
   --refine-serial 2
   --refine-parallel 0
   --enable-amr
   --max-err -1
   --hysteresis 0.25
   --nc-limit 3
   --amr-weights '1 1 1 1 1'
   --order 1
   --dg-sigma -1
   --dg-kappa 4
   --linear-abs-tolerance 1e-06
   --linear-rel-tolerance 1e-06
   --linear-max-iterations 500
   --linear-logging-level 1
   --newton-abs-tolerance 1e-10
   --newton-rel-tolerance 1e-10
   --newton-max-iterations 1
   --newton-logging-level 1
   --steady-state-abs-tolerance 1e-08
   --steady-state-rel-tolerance 1e-08
   --prec-type 1
   --prec-logging-level 0
   --initial-tolerance 1e-05
   --ode-tolerance 0.001
   --ode-solver 2
   --err-per-step
   --ode-weights '1 1 1 1 1'
   --kP 0
   --kI 0.6
   --kD 0
   --theta-max 2
   --t-minimum 0
   --t-final 100
   --time-step 0.01
   --cfl-number 0.3
   --ion-charge 1
   --ion-mass 2.0141018
   --neutral-mass 2.0141018
   --neutral-temp 3
   --min-neutral-density 9e+14
   --max-neutral-density 1e+15
   --neutral-density-exp 0
   --min-ion-density 1e+16
   --max-ion-density 1e+18
   --ion-density-exp 0
   --min-ion-temp 1
   --max-ion-temp 10
   --ion-temp-exp 0
   --min-electron-temp 10
   --max-electron-temp 440
   --electron-temp-exp 0
   --total-B-magnitude 5
   --poloidal-B-magnitude 0.5
   --velocity 1000
   --Di-perp 1
   --Xi-perp 1
   --Xe-perp 1
   --equation-term-flags '-1 -1 -1 -1 -1'
   --visualization-flags '-1 -1 -1 -1 -1'
   --visualization
   --visit-datafiles
   --ascii-datafiles
   --visualization-steps 4
Device configuration: cpu
Memory configuration: host-std
Number of elements in initial mesh: 16
Number of elements after serial refinement: 256
1: Number of elements in parallel mesh: 16
1: Number of elements after parallel refinement: 16
3: Number of elements in parallel mesh: 16
3: Number of elements after parallel refinement: 16
0: Number of elements in parallel mesh: 16
0: Number of elements after parallel refinement: 16
9: Number of elements in parallel mesh: 16
9: Number of elements after parallel refinement: 16
11: Number of elements in parallel mesh: 16
11: Number of elements after parallel refinement: 16
13: Number of elements in parallel mesh: 16
13: Number of elements after parallel refinement: 16
8: Number of elements in parallel mesh: 16
8: Number of elements after parallel refinement: 16
12: Number of elements in parallel mesh: 16
12: Number of elements after parallel refinement: 16
10: Number of elements in parallel mesh: 16
10: Number of elements after parallel refinement: 16
14: Number of elements in parallel mesh: 16
14: Number of elements after parallel refinement: 16
2: Number of elements in parallel mesh: 16
2: Number of elements after parallel refinement: 16
Configuring initial conditions
Reading initial conditions from ../../mfem/miniapps/plasma/transport2d_ics.inp
Configuring exact solutions
Reading exact solutions from ../../mfem/miniapps/plasma/transport2d_ess.inp

AMR iteration 0
Number of unknowns: 1024
Stopping criterion satisfied. Stop.
Number of unknowns per field: 1024
Total number of unknowns:     5120
Configuring boundary conditions
Reading boundary conditions from ../../mfem/miniapps/plasma/transport2d_bcs.inp
Configuring equation coefficients
Reading equation coefficients from /home/gz6/mfem-analysis/input-files/transport2d_ecs.inp
|mn| = 3.3444946e-27
|ni| = 1
|ne| = 1

|Dn|     = -nan
|Di|     = -nan
|Eta|    = -nan
|nXi|    = -nan
|nXe|    = -nan

|Eta/mn| = -nan
|nXi/ni| = -nan
|nXe/ne| = -nan
Ion Static Pressure: Adding time derivative term proportional to d n_i / dt
Ion Static Pressure: Adding time derivative term proportional to d T_i / dt
Ion Static Pressure: Adding anisotropic diffusion term
Ion Static Pressure: Adding source term
Opening GLVis sockets.
Range of error estimates for initial condition: -nan < elem err < -nan

Begin time stepping at t = 0
Setting time step: 0.0025 in DGTransportTDO
Setting time step: 0.0025 in CombinedOp
Setting time step: 0.0025 in IonStaticPressureOp
norm(r_0) 0
norm(r_1) 0
norm(r_2) 0
norm(r_3) 0.30842514
norm(r_4) 0
Newton iteration  0 : ||r|| = 0.308425
   Pass :  1   Iteration :   0  ||B r|| = 129.498
   Pass :  1   Iteration :   1  ||B r|| = 11.4745
   Pass :  1   Iteration :   2  ||B r|| = 4.06354
   Pass :  1   Iteration :   3  ||B r|| = 1.66089
   Pass :  1   Iteration :   4  ||B r|| = 1.10252
   Pass :  1   Iteration :   5  ||B r|| = 0.815446
   Pass :  1   Iteration :   6  ||B r|| = 0.459991
   Pass :  1   Iteration :   7  ||B r|| = 0.280528
   Pass :  1   Iteration :   8  ||B r|| = 0.194155
   Pass :  1   Iteration :   9  ||B r|| = 0.143669
   Pass :  1   Iteration :  10  ||B r|| = 0.106561
   Pass :  1   Iteration :  11  ||B r|| = 0.0756992
   Pass :  1   Iteration :  12  ||B r|| = 0.0431769
   Pass :  1   Iteration :  13  ||B r|| = 0.0257087
   Pass :  1   Iteration :  14  ||B r|| = 0.0179475
   Pass :  1   Iteration :  15  ||B r|| = 0.0102624
   Pass :  1   Iteration :  16  ||B r|| = 0.00691709
   Pass :  1   Iteration :  17  ||B r|| = 0.00425862
   Pass :  1   Iteration :  18  ||B r|| = 0.00262988
   Pass :  1   Iteration :  19  ||B r|| = 0.00180108
   Pass :  1   Iteration :  20  ||B r|| = 0.00107067
   Pass :  1   Iteration :  21  ||B r|| = 0.00066575
   Pass :  1   Iteration :  22  ||B r|| = 0.000406033
   Pass :  1   Iteration :  23  ||B r|| = 0.000218874
   Pass :  1   Iteration :  24  ||B r|| = 0.000128955
norm(r_0) 0
norm(r_1) 0
norm(r_2) 0
norm(r_3) 0.00020134711
norm(r_4) 0
Newton iteration  1 : ||r|| = 0.000201347, ||r||/||r_0|| = 0.000652823
Setting time step: 0.0025 in DGTransportTDO
Setting time step: 0.0025 in CombinedOp
Setting time step: 0.0025 in IonStaticPressureOp
norm(r_0) 0
norm(r_1) 0
norm(r_2) 0
norm(r_3) 0.27836008
norm(r_4) 0
Newton iteration  0 : ||r|| = 0.27836
   Pass :  1   Iteration :   0  ||B r|| = 119.362
   Pass :  1   Iteration :   1  ||B r|| = 10.203
   Pass :  1   Iteration :   2  ||B r|| = 3.56574
   Pass :  1   Iteration :   3  ||B r|| = 1.45222
   Pass :  1   Iteration :   4  ||B r|| = 0.956915
   Pass :  1   Iteration :   5  ||B r|| = 0.703825
   Pass :  1   Iteration :   6  ||B r|| = 0.396671
   Pass :  1   Iteration :   7  ||B r|| = 0.241654
   Pass :  1   Iteration :   8  ||B r|| = 0.165582
   Pass :  1   Iteration :   9  ||B r|| = 0.121886
   Pass :  1   Iteration :  10  ||B r|| = 0.0907583
   Pass :  1   Iteration :  11  ||B r|| = 0.0655926
   Pass :  1   Iteration :  12  ||B r|| = 0.0377462
   Pass :  1   Iteration :  13  ||B r|| = 0.0225137
   Pass :  1   Iteration :  14  ||B r|| = 0.0157746
   Pass :  1   Iteration :  15  ||B r|| = 0.00901265
   Pass :  1   Iteration :  16  ||B r|| = 0.0060763
   Pass :  1   Iteration :  17  ||B r|| = 0.00373467
   Pass :  1   Iteration :  18  ||B r|| = 0.00228528
   Pass :  1   Iteration :  19  ||B r|| = 0.00157079
   Pass :  1   Iteration :  20  ||B r|| = 0.00094175
   Pass :  1   Iteration :  21  ||B r|| = 0.000586493
   Pass :  1   Iteration :  22  ||B r|| = 0.000360829
   Pass :  1   Iteration :  23  ||B r|| = 0.000193259
   Pass :  1   Iteration :  24  ||B r|| = 0.000114131
norm(r_0) 0
norm(r_1) 0
norm(r_2) 0
norm(r_3) 0.00017806589
norm(r_4) 0
Newton iteration  1 : ||r|| = 0.000178066, ||r||/||r_0|| = 0.000639696
Setting time step: 0.0025 in DGTransportTDO
Setting time step: 0.0025 in CombinedOp
Setting time step: 0.0025 in IonStaticPressureOp
norm(r_0) 0
norm(r_1) 0
norm(r_2) 0
norm(r_3) 0.29007263
norm(r_4) 0
Newton iteration  0 : ||r|| = 0.290073
   Pass :  1   Iteration :   0  ||B r|| = 123.47
   Pass :  1   Iteration :   1  ||B r|| = 10.6923
   Pass :  1   Iteration :   2  ||B r|| = 3.75603
   Pass :  1   Iteration :   3  ||B r|| = 1.53209
   Pass :  1   Iteration :   4  ||B r|| = 1.01235
   Pass :  1   Iteration :   5  ||B r|| = 0.746088
   Pass :  1   Iteration :   6  ||B r|| = 0.420448
   Pass :  1   Iteration :   7  ||B r|| = 0.256267
   Pass :  1   Iteration :   8  ||B r|| = 0.176244
   Pass :  1   Iteration :   9  ||B r|| = 0.129976
   Pass :  1   Iteration :  10  ||B r|| = 0.0966681
   Pass :  1   Iteration :  11  ||B r|| = 0.069441
   Pass :  1   Iteration :  12  ||B r|| = 0.0398285
   Pass :  1   Iteration :  13  ||B r|| = 0.0237418
   Pass :  1   Iteration :  14  ||B r|| = 0.0166161
   Pass :  1   Iteration :  15  ||B r|| = 0.00950194
   Pass :  1   Iteration :  16  ||B r|| = 0.00640741
   Pass :  1   Iteration :  17  ||B r|| = 0.00394189
   Pass :  1   Iteration :  18  ||B r|| = 0.00242338
   Pass :  1   Iteration :  19  ||B r|| = 0.00166367
   Pass :  1   Iteration :  20  ||B r|| = 0.000994544
   Pass :  1   Iteration :  21  ||B r|| = 0.000619133
   Pass :  1   Iteration :  22  ||B r|| = 0.000379641
   Pass :  1   Iteration :  23  ||B r|| = 0.000203938
   Pass :  1   Iteration :  24  ||B r|| = 0.000120507
norm(r_0) 0
norm(r_1) 0
norm(r_2) 0
norm(r_3) 0.00018822545
norm(r_4) 0
Newton iteration  1 : ||r|| = 0.000188225, ||r||/||r_0|| = 0.000648891
Setting time step: 0.0025 in DGTransportTDO
Setting time step: 0.0025 in CombinedOp
Setting time step: 0.0025 in IonStaticPressureOp
norm(r_0) 0
norm(r_1) 0
norm(r_2) 0
norm(r_3) 0.29311524
norm(r_4) 0
Newton iteration  0 : ||r|| = 0.293115
   Pass :  1   Iteration :   0  ||B r|| = 124.469
   Pass :  1   Iteration :   1  ||B r|| = 10.8228
   Pass :  1   Iteration :   2  ||B r|| = 3.80743
   Pass :  1   Iteration :   3  ||B r|| = 1.55361
   Pass :  1   Iteration :   4  ||B r|| = 1.02743
   Pass :  1   Iteration :   5  ||B r|| = 0.757726
   Pass :  1   Iteration :   6  ||B r|| = 0.427093
   Pass :  1   Iteration :   7  ||B r|| = 0.26034
   Pass :  1   Iteration :   8  ||B r|| = 0.179252
   Pass :  1   Iteration :   9  ||B r|| = 0.132286
   Pass :  1   Iteration :  10  ||B r|| = 0.0983407
   Pass :  1   Iteration :  11  ||B r|| = 0.0704997
   Pass :  1   Iteration :  12  ||B r|| = 0.0403927
   Pass :  1   Iteration :  13  ||B r|| = 0.0240719
   Pass :  1   Iteration :  14  ||B r|| = 0.0168388
   Pass :  1   Iteration :  15  ||B r|| = 0.00962843
   Pass :  1   Iteration :  16  ||B r|| = 0.00649191
   Pass :  1   Iteration :  17  ||B r|| = 0.00399422
   Pass :  1   Iteration :  18  ||B r|| = 0.00245733
   Pass :  1   Iteration :  19  ||B r|| = 0.00168627
   Pass :  1   Iteration :  20  ||B r|| = 0.001007
   Pass :  1   Iteration :  21  ||B r|| = 0.000626752
   Pass :  1   Iteration :  22  ||B r|| = 0.000383942
   Pass :  1   Iteration :  23  ||B r|| = 0.000206361
   Pass :  1   Iteration :  24  ||B r|| = 0.00012186
norm(r_0) 0
norm(r_1) 0
norm(r_2) 0
norm(r_3) 0.00019031866
norm(r_4) 0
Newton iteration  1 : ||r|| = 0.000190319, ||r||/||r_0|| = 0.000649296
Setting time step: 0.0025 in DGTransportTDO
Setting time step: 0.0025 in CombinedOp
Setting time step: 0.0025 in IonStaticPressureOp
norm(r_0) 0
norm(r_1) 0
norm(r_2) 0
norm(r_3) 0.26432786
norm(r_4) 0
Newton iteration  0 : ||r|| = 0.264328
   Pass :  1   Iteration :   0  ||B r|| = 113.634
   Pass :  1   Iteration :   1  ||B r|| = 9.66329
   Pass :  1   Iteration :   2  ||B r|| = 3.3617
   Pass :  1   Iteration :   3  ||B r|| = 1.36501
   Pass :  1   Iteration :   4  ||B r|| = 0.898333
   Pass :  1   Iteration :   5  ||B r|| = 0.661571
   Pass :  1   Iteration :   6  ||B r|| = 0.374604
   Pass :  1   Iteration :   7  ||B r|| = 0.227875
   Pass :  1   Iteration :   8  ||B r|| = 0.15603
   Pass :  1   Iteration :   9  ||B r|| = 0.115149
   Pass :  1   Iteration :  10  ||B r|| = 0.0856748
   Pass :  1   Iteration :  11  ||B r|| = 0.0618876
   Pass :  1   Iteration :  12  ||B r|| = 0.0355979
   Pass :  1   Iteration :  13  ||B r|| = 0.0211892
   Pass :  1   Iteration :  14  ||B r|| = 0.0148028
   Pass :  1   Iteration :  15  ||B r|| = 0.00838843
   Pass :  1   Iteration :  16  ||B r|| = 0.00563228
   Pass :  1   Iteration :  17  ||B r|| = 0.00344535
   Pass :  1   Iteration :  18  ||B r|| = 0.00207272
   Pass :  1   Iteration :  19  ||B r|| = 0.00142492
   Pass :  1   Iteration :  20  ||B r|| = 0.000852273
   Pass :  1   Iteration :  21  ||B r|| = 0.000530731
   Pass :  1   Iteration :  22  ||B r|| = 0.000328559
   Pass :  1   Iteration :  23  ||B r|| = 0.00017595
   Pass :  1   Iteration :  24  ||B r|| = 0.000103364
norm(r_0) 0
norm(r_1) 0
norm(r_2) 0
norm(r_3) 0.00015691388
norm(r_4) 0
Newton iteration  1 : ||r|| = 0.000156914, ||r||/||r_0|| = 0.000593634
Setting time step: 0.0045454872 in DGTransportTDO
Setting time step: 0.0045454872 in CombinedOp
Setting time step: 0.0045454872 in IonStaticPressureOp
norm(r_0) 0
norm(r_1) 0
norm(r_2) 0
norm(r_3) 0.25162246
norm(r_4) 0
Newton iteration  0 : ||r|| = 0.251622
   Pass :  1   Iteration :   0  ||B r|| = 91.508
   Pass :  1   Iteration :   1  ||B r|| = 7.0079
   Pass :  1   Iteration :   2  ||B r|| = 2.57066
   Pass :  1   Iteration :   3  ||B r|| = 1.20929
   Pass :  1   Iteration :   4  ||B r|| = 0.818222
   Pass :  1   Iteration :   5  ||B r|| = 0.641512
   Pass :  1   Iteration :   6  ||B r|| = 0.395299
   Pass :  1   Iteration :   7  ||B r|| = 0.249113
   Pass :  1   Iteration :   8  ||B r|| = 0.174247
   Pass :  1   Iteration :   9  ||B r|| = 0.130159
   Pass :  1   Iteration :  10  ||B r|| = 0.0954911
   Pass :  1   Iteration :  11  ||B r|| = 0.0710956
   Pass :  1   Iteration :  12  ||B r|| = 0.0450625
   Pass :  1   Iteration :  13  ||B r|| = 0.0294715
   Pass :  1   Iteration :  14  ||B r|| = 0.0211177
   Pass :  1   Iteration :  15  ||B r|| = 0.0120978
   Pass :  1   Iteration :  16  ||B r|| = 0.00847137
   Pass :  1   Iteration :  17  ||B r|| = 0.0051322
   Pass :  1   Iteration :  18  ||B r|| = 0.00302903
   Pass :  1   Iteration :  19  ||B r|| = 0.00227405
   Pass :  1   Iteration :  20  ||B r|| = 0.00145268
   Pass :  1   Iteration :  21  ||B r|| = 0.00100919
   Pass :  1   Iteration :  22  ||B r|| = 0.000711397
   Pass :  1   Iteration :  23  ||B r|| = 0.00049993
   Pass :  1   Iteration :  24  ||B r|| = 0.000388592
   Pass :  1   Iteration :  25  ||B r|| = 0.000283922
   Pass :  1   Iteration :  26  ||B r|| = 0.000214373
   Pass :  1   Iteration :  27  ||B r|| = 0.000156632
   Pass :  1   Iteration :  28  ||B r|| = 0.000101049
   Pass :  1   Iteration :  29  ||B r|| = 6.77205e-05
norm(r_0) 0
norm(r_1) 0
norm(r_2) 0
norm(r_3) 0.00014496067
norm(r_4) 0
Newton iteration  1 : ||r|| = 0.000144961, ||r||/||r_0|| = 0.000576104
Setting time step: 0.0045454872 in DGTransportTDO
Setting time step: 0.0045454872 in CombinedOp
Setting time step: 0.0045454872 in IonStaticPressureOp
norm(r_0) 0
norm(r_1) 0
norm(r_2) 0
norm(r_3) 0.20937313
norm(r_4) 0
Newton iteration  0 : ||r|| = 0.209373
   Pass :  1   Iteration :   0  ||B r|| = 76.6011
   Pass :  1   Iteration :   1  ||B r|| = 5.81594
   Pass :  1   Iteration :   2  ||B r|| = 2.1207
   Pass :  1   Iteration :   3  ||B r|| = 0.995787
   Pass :  1   Iteration :   4  ||B r|| = 0.672116
   Pass :  1   Iteration :   5  ||B r|| = 0.525608
   Pass :  1   Iteration :   6  ||B r|| = 0.325035
   Pass :  1   Iteration :   7  ||B r|| = 0.204723
   Pass :  1   Iteration :   8  ||B r|| = 0.142734
   Pass :  1   Iteration :   9  ||B r|| = 0.106671
   Pass :  1   Iteration :  10  ||B r|| = 0.0783081
   Pass :  1   Iteration :  11  ||B r|| = 0.0584053
   Pass :  1   Iteration :  12  ||B r|| = 0.0370856
   Pass :  1   Iteration :  13  ||B r|| = 0.0243143
   Pass :  1   Iteration :  14  ||B r|| = 0.0174657
   Pass :  1   Iteration :  15  ||B r|| = 0.0100024
   Pass :  1   Iteration :  16  ||B r|| = 0.00700908
   Pass :  1   Iteration :  17  ||B r|| = 0.00425546
   Pass :  1   Iteration :  18  ||B r|| = 0.0025072
   Pass :  1   Iteration :  19  ||B r|| = 0.00189291
   Pass :  1   Iteration :  20  ||B r|| = 0.00121738
   Pass :  1   Iteration :  21  ||B r|| = 0.00085853
   Pass :  1   Iteration :  22  ||B r|| = 0.000615149
   Pass :  1   Iteration :  23  ||B r|| = 0.000440191
   Pass :  1   Iteration :  24  ||B r|| = 0.000344081
   Pass :  1   Iteration :  25  ||B r|| = 0.000250649
   Pass :  1   Iteration :  26  ||B r|| = 0.000187174
   Pass :  1   Iteration :  27  ||B r|| = 0.000134806
   Pass :  1   Iteration :  28  ||B r|| = 8.60127e-05
   Pass :  1   Iteration :  29  ||B r|| = 5.70938e-05
norm(r_0) 0
norm(r_1) 0
norm(r_2) 0
norm(r_3) 0.00012289972
norm(r_4) 0
Newton iteration  1 : ||r|| = 0.0001229, ||r||/||r_0|| = 0.000586989
Setting time step: 0.0045454872 in DGTransportTDO
Setting time step: 0.0045454872 in CombinedOp
Setting time step: 0.0045454872 in IonStaticPressureOp
norm(r_0) 0
norm(r_1) 0
norm(r_2) 0
norm(r_3) 0.2256992
norm(r_4) 0
Newton iteration  0 : ||r|| = 0.225699
   Pass :  1   Iteration :   0  ||B r|| = 82.3946
   Pass :  1   Iteration :   1  ||B r|| = 6.2756
   Pass :  1   Iteration :   2  ||B r|| = 2.29341
   Pass :  1   Iteration :   3  ||B r|| = 1.07763
   Pass :  1   Iteration :   4  ||B r|| = 0.728023
   Pass :  1   Iteration :   5  ||B r|| = 0.569879
   Pass :  1   Iteration :   6  ||B r|| = 0.35194
   Pass :  1   Iteration :   7  ||B r|| = 0.221717
   Pass :  1   Iteration :   8  ||B r|| = 0.154771
   Pass :  1   Iteration :   9  ||B r|| = 0.115643
   Pass :  1   Iteration :  10  ||B r|| = 0.0848751
   Pass :  1   Iteration :  11  ||B r|| = 0.0632629
   Pass :  1   Iteration :  12  ||B r|| = 0.0401435
   Pass :  1   Iteration :  13  ||B r|| = 0.0262947
   Pass :  1   Iteration :  14  ||B r|| = 0.0188706
   Pass :  1   Iteration :  15  ||B r|| = 0.010808
   Pass :  1   Iteration :  16  ||B r|| = 0.00757143
   Pass :  1   Iteration :  17  ||B r|| = 0.00459284
   Pass :  1   Iteration :  18  ||B r|| = 0.0027074
   Pass :  1   Iteration :  19  ||B r|| = 0.00203957
   Pass :  1   Iteration :  20  ||B r|| = 0.00130828
   Pass :  1   Iteration :  21  ||B r|| = 0.000917323
   Pass :  1   Iteration :  22  ||B r|| = 0.000653278
   Pass :  1   Iteration :  23  ||B r|| = 0.000464401
   Pass :  1   Iteration :  24  ||B r|| = 0.000362347
   Pass :  1   Iteration :  25  ||B r|| = 0.000264325
   Pass :  1   Iteration :  26  ||B r|| = 0.000198245
   Pass :  1   Iteration :  27  ||B r|| = 0.00014356
   Pass :  1   Iteration :  28  ||B r|| = 9.19687e-05
   Pass :  1   Iteration :  29  ||B r|| = 6.12607e-05
norm(r_0) 0
norm(r_1) 0
norm(r_2) 0
norm(r_3) 0.00013160474
norm(r_4) 0
Newton iteration  1 : ||r|| = 0.000131605, ||r||/||r_0|| = 0.000583098
Setting time step: 0.0045454872 in DGTransportTDO
Setting time step: 0.0045454872 in CombinedOp
Setting time step: 0.0045454872 in IonStaticPressureOp
norm(r_0) 0
norm(r_1) 0
norm(r_2) 0
norm(r_3) 0.23001688
norm(r_4) 0
Newton iteration  0 : ||r|| = 0.230017
   Pass :  1   Iteration :   0  ||B r|| = 83.9115
   Pass :  1   Iteration :   1  ||B r|| = 6.39764
   Pass :  1   Iteration :   2  ||B r|| = 2.33965
   Pass :  1   Iteration :   3  ||B r|| = 1.09959
   Pass :  1   Iteration :   4  ||B r|| = 0.743073
   Pass :  1   Iteration :   5  ||B r|| = 0.581837
   Pass :  1   Iteration :   6  ||B r|| = 0.359176
   Pass :  1   Iteration :   7  ||B r|| = 0.226288
   Pass :  1   Iteration :   8  ||B r|| = 0.158022
   Pass :  1   Iteration :   9  ||B r|| = 0.118067
   Pass :  1   Iteration :  10  ||B r|| = 0.0866475
   Pass :  1   Iteration :  11  ||B r|| = 0.0645703
   Pass :  1   Iteration :  12  ||B r|| = 0.0409644
   Pass :  1   Iteration :  13  ||B r|| = 0.0268248
   Pass :  1   Iteration :  14  ||B r|| = 0.0192453
   Pass :  1   Iteration :  15  ||B r|| = 0.011023
   Pass :  1   Iteration :  16  ||B r|| = 0.00772142
   Pass :  1   Iteration :  17  ||B r|| = 0.00468266
   Pass :  1   Iteration :  18  ||B r|| = 0.00276092
   Pass :  1   Iteration :  19  ||B r|| = 0.00207854
   Pass :  1   Iteration :  20  ||B r|| = 0.00133224
   Pass :  1   Iteration :  21  ||B r|| = 0.00093253
   Pass :  1   Iteration :  22  ||B r|| = 0.000662881
   Pass :  1   Iteration :  23  ||B r|| = 0.000470275
   Pass :  1   Iteration :  24  ||B r|| = 0.000366705
   Pass :  1   Iteration :  25  ||B r|| = 0.000267599
   Pass :  1   Iteration :  26  ||B r|| = 0.000200954
   Pass :  1   Iteration :  27  ||B r|| = 0.000145758
   Pass :  1   Iteration :  28  ||B r|| = 9.34919e-05
   Pass :  1   Iteration :  29  ||B r|| = 6.23417e-05
norm(r_0) 0
norm(r_1) 0
norm(r_2) 0
norm(r_3) 0.00013384339
norm(r_4) 0
Newton iteration  1 : ||r|| = 0.000133843, ||r||/||r_0|| = 0.000581885
Setting time step: 0.0045454872 in DGTransportTDO
Setting time step: 0.0045454872 in CombinedOp
Setting time step: 0.0045454872 in IonStaticPressureOp
norm(r_0) 0
norm(r_1) 0
norm(r_2) 0
norm(r_3) 0.19039523
norm(r_4) 0
Newton iteration  0 : ||r|| = 0.190395
   Pass :  1   Iteration :   0  ||B r|| = 69.6609
   Pass :  1   Iteration :   1  ||B r|| = 5.2883
   Pass :  1   Iteration :   2  ||B r|| = 1.9275
   Pass :  1   Iteration :   3  ||B r|| = 0.904803
   Pass :  1   Iteration :   4  ||B r|| = 0.610594
   Pass :  1   Iteration :   5  ||B r|| = 0.4775
   Pass :  1   Iteration :   6  ||B r|| = 0.295441
   Pass :  1   Iteration :   7  ||B r|| = 0.185989
   Pass :  1   Iteration :   8  ||B r|| = 0.12964
   Pass :  1   Iteration :   9  ||B r|| = 0.0969342
   Pass :  1   Iteration :  10  ||B r|| = 0.0711629
   Pass :  1   Iteration :  11  ||B r|| = 0.0530643
   Pass :  1   Iteration :  12  ||B r|| = 0.033695
   Pass :  1   Iteration :  13  ||B r|| = 0.0220994
   Pass :  1   Iteration :  14  ||B r|| = 0.0158778
   Pass :  1   Iteration :  15  ||B r|| = 0.00909205
   Pass :  1   Iteration :  16  ||B r|| = 0.00637241
   Pass :  1   Iteration :  17  ||B r|| = 0.00387145
   Pass :  1   Iteration :  18  ||B r|| = 0.00228176
   Pass :  1   Iteration :  19  ||B r|| = 0.00172526
   Pass :  1   Iteration :  20  ||B r|| = 0.00111123
   Pass :  1   Iteration :  21  ||B r|| = 0.000787121
   Pass :  1   Iteration :  22  ||B r|| = 0.00056632
   Pass :  1   Iteration :  23  ||B r|| = 0.000407367
   Pass :  1   Iteration :  24  ||B r|| = 0.000318783
   Pass :  1   Iteration :  25  ||B r|| = 0.000231905
   Pass :  1   Iteration :  26  ||B r|| = 0.000172613
   Pass :  1   Iteration :  27  ||B r|| = 0.000123775
   Pass :  1   Iteration :  28  ||B r|| = 7.87123e-05
   Pass :  1   Iteration :  29  ||B r|| = 5.20935e-05
norm(r_0) 0
norm(r_1) 0
norm(r_2) 0
norm(r_3) 0.00011230597
norm(r_4) 0
Newton iteration  1 : ||r|| = 0.000112306, ||r||/||r_0|| = 0.000589857
Setting time step: 0.0090909745 in DGTransportTDO
Setting time step: 0.0090909745 in CombinedOp
Setting time step: 0.0090909745 in IonStaticPressureOp
norm(r_0) 0
norm(r_1) 0
norm(r_2) 0
norm(r_3) 0.17442045
norm(r_4) 0
Newton iteration  0 : ||r|| = 0.17442
   Pass :  1   Iteration :   0  ||B r|| = 46.9077
   Pass :  1   Iteration :   1  ||B r|| = 3.34926
   Pass :  1   Iteration :   2  ||B r|| = 1.2934
   Pass :  1   Iteration :   3  ||B r|| = 0.700155
   Pass :  1   Iteration :   4  ||B r|| = 0.496277
   Pass :  1   Iteration :   5  ||B r|| = 0.394059
   Pass :  1   Iteration :   6  ||B r|| = 0.272424
   Pass :  1   Iteration :   7  ||B r|| = 0.182238
   Pass :  1   Iteration :   8  ||B r|| = 0.130747
   Pass :  1   Iteration :   9  ||B r|| = 0.101056
   Pass :  1   Iteration :  10  ||B r|| = 0.0750144
   Pass :  1   Iteration :  11  ||B r|| = 0.0564734
   Pass :  1   Iteration :  12  ||B r|| = 0.0380972
   Pass :  1   Iteration :  13  ||B r|| = 0.0272088
   Pass :  1   Iteration :  14  ||B r|| = 0.0208054
   Pass :  1   Iteration :  15  ||B r|| = 0.0128077
   Pass :  1   Iteration :  16  ||B r|| = 0.00959789
   Pass :  1   Iteration :  17  ||B r|| = 0.00643049
   Pass :  1   Iteration :  18  ||B r|| = 0.00444403
   Pass :  1   Iteration :  19  ||B r|| = 0.00376549
   Pass :  1   Iteration :  20  ||B r|| = 0.00276785
   Pass :  1   Iteration :  21  ||B r|| = 0.00228386
   Pass :  1   Iteration :  22  ||B r|| = 0.00178424
   Pass :  1   Iteration :  23  ||B r|| = 0.00137248
   Pass :  1   Iteration :  24  ||B r|| = 0.00104639
   Pass :  1   Iteration :  25  ||B r|| = 0.000690078
   Pass :  1   Iteration :  26  ||B r|| = 0.000435957
   Pass :  1   Iteration :  27  ||B r|| = 0.000276785
   Pass :  1   Iteration :  28  ||B r|| = 0.000166118
   Pass :  1   Iteration :  29  ||B r|| = 0.000102328
   Pass :  1   Iteration :  30  ||B r|| = 5.67126e-05
   Pass :  1   Iteration :  31  ||B r|| = 3.25709e-05
norm(r_0) 0
norm(r_1) 0
norm(r_2) 0
norm(r_3) 0.00017525132
norm(r_4) 0
Newton iteration  1 : ||r|| = 0.000175251, ||r||/||r_0|| = 0.00100476
Setting time step: 0.0090909745 in DGTransportTDO
Setting time step: 0.0090909745 in CombinedOp
Setting time step: 0.0090909745 in IonStaticPressureOp
norm(r_0) 0
norm(r_1) 0
norm(r_2) 0
norm(r_3) 0.12041759
norm(r_4) 0
Newton iteration  0 : ||r|| = 0.120418
   Pass :  1   Iteration :   0  ||B r|| = 32.4192
   Pass :  1   Iteration :   1  ||B r|| = 2.31207
   Pass :  1   Iteration :   2  ||B r|| = 0.892103
   Pass :  1   Iteration :   3  ||B r|| = 0.482797
   Pass :  1   Iteration :   4  ||B r|| = 0.342121
   Pass :  1   Iteration :   5  ||B r|| = 0.271499
   Pass :  1   Iteration :   6  ||B r|| = 0.187767
   Pass :  1   Iteration :   7  ||B r|| = 0.125612
   Pass :  1   Iteration :   8  ||B r|| = 0.0900842
   Pass :  1   Iteration :   9  ||B r|| = 0.0696322
   Pass :  1   Iteration :  10  ||B r|| = 0.0516962
   Pass :  1   Iteration :  11  ||B r|| = 0.0389259
   Pass :  1   Iteration :  12  ||B r|| = 0.0262653
   Pass :  1   Iteration :  13  ||B r|| = 0.0187675
   Pass :  1   Iteration :  14  ||B r|| = 0.0143595
   Pass :  1   Iteration :  15  ||B r|| = 0.00884472
   Pass :  1   Iteration :  16  ||B r|| = 0.00662986
   Pass :  1   Iteration :  17  ||B r|| = 0.00444459
   Pass :  1   Iteration :  18  ||B r|| = 0.00307337
   Pass :  1   Iteration :  19  ||B r|| = 0.00260474
   Pass :  1   Iteration :  20  ||B r|| = 0.00191451
   Pass :  1   Iteration :  21  ||B r|| = 0.00157952
   Pass :  1   Iteration :  22  ||B r|| = 0.00123381
   Pass :  1   Iteration :  23  ||B r|| = 0.000948543
   Pass :  1   Iteration :  24  ||B r|| = 0.000722887
   Pass :  1   Iteration :  25  ||B r|| = 0.000476672
   Pass :  1   Iteration :  26  ||B r|| = 0.000301063
   Pass :  1   Iteration :  27  ||B r|| = 0.000191155
   Pass :  1   Iteration :  28  ||B r|| = 0.000114735
   Pass :  1   Iteration :  29  ||B r|| = 7.06768e-05
   Pass :  1   Iteration :  30  ||B r|| = 3.91647e-05
   Pass :  1   Iteration :  31  ||B r|| = 2.24941e-05
norm(r_0) 0
norm(r_1) 0
norm(r_2) 0
norm(r_3) 0.00012098326
norm(r_4) 0
Newton iteration  1 : ||r|| = 0.000120983, ||r||/||r_0|| = 0.0010047
Setting time step: 0.0090909745 in DGTransportTDO
Setting time step: 0.0090909745 in CombinedOp
Setting time step: 0.0090909745 in IonStaticPressureOp
norm(r_0) 0
norm(r_1) 0
norm(r_2) 0
norm(r_3) 0.14068096
norm(r_4) 0
Newton iteration  0 : ||r|| = 0.140681
   Pass :  1   Iteration :   0  ||B r|| = 37.8591
   Pass :  1   Iteration :   1  ||B r|| = 2.70124
   Pass :  1   Iteration :   2  ||B r|| = 1.0426
   Pass :  1   Iteration :   3  ||B r|| = 0.564303
   Pass :  1   Iteration :   4  ||B r|| = 0.399918
   Pass :  1   Iteration :   5  ||B r|| = 0.317436
   Pass :  1   Iteration :   6  ||B r|| = 0.219504
   Pass :  1   Iteration :   7  ||B r|| = 0.146841
   Pass :  1   Iteration :   8  ||B r|| = 0.105326
   Pass :  1   Iteration :   9  ||B r|| = 0.081411
   Pass :  1   Iteration :  10  ||B r|| = 0.0604373
   Pass :  1   Iteration :  11  ||B r|| = 0.0455046
   Pass :  1   Iteration :  12  ||B r|| = 0.0307017
   Pass :  1   Iteration :  13  ||B r|| = 0.0219333
   Pass :  1   Iteration :  14  ||B r|| = 0.0167778
   Pass :  1   Iteration :  15  ||B r|| = 0.0103319
   Pass :  1   Iteration :  16  ||B r|| = 0.00774381
   Pass :  1   Iteration :  17  ||B r|| = 0.00519013
   Pass :  1   Iteration :  18  ||B r|| = 0.00358807
   Pass :  1   Iteration :  19  ||B r|| = 0.00304067
   Pass :  1   Iteration :  20  ||B r|| = 0.00223498
   Pass :  1   Iteration :  21  ||B r|| = 0.00184401
   Pass :  1   Iteration :  22  ||B r|| = 0.0014405
   Pass :  1   Iteration :  23  ||B r|| = 0.00110769
   Pass :  1   Iteration :  24  ||B r|| = 0.000844308
   Pass :  1   Iteration :  25  ||B r|| = 0.000556768
   Pass :  1   Iteration :  26  ||B r|| = 0.000351686
   Pass :  1   Iteration :  27  ||B r|| = 0.000223293
   Pass :  1   Iteration :  28  ||B r|| = 0.00013402
   Pass :  1   Iteration :  29  ||B r|| = 8.25566e-05
   Pass :  1   Iteration :  30  ||B r|| = 4.57505e-05
   Pass :  1   Iteration :  31  ||B r|| = 2.62761e-05
norm(r_0) 0
norm(r_1) 0
norm(r_2) 0
norm(r_3) 0.00014134662
norm(r_4) 0
Newton iteration  1 : ||r|| = 0.000141347, ||r||/||r_0|| = 0.00100473
Setting time step: 0.0090909745 in DGTransportTDO
Setting time step: 0.0090909745 in CombinedOp
Setting time step: 0.0090909745 in IonStaticPressureOp
norm(r_0) 0
norm(r_1) 0
norm(r_2) 0
norm(r_3) 0.14631058
norm(r_4) 0
Newton iteration  0 : ||r|| = 0.146311
   Pass :  1   Iteration :   0  ||B r|| = 39.3687
   Pass :  1   Iteration :   1  ||B r|| = 2.80936
   Pass :  1   Iteration :   2  ||B r|| = 1.08446
   Pass :  1   Iteration :   3  ||B r|| = 0.586974
   Pass :  1   Iteration :   4  ||B r|| = 0.416
   Pass :  1   Iteration :   5  ||B r|| = 0.330225
   Pass :  1   Iteration :   6  ||B r|| = 0.228336
   Pass :  1   Iteration :   7  ||B r|| = 0.152749
   Pass :  1   Iteration :   8  ||B r|| = 0.109569
   Pass :  1   Iteration :   9  ||B r|| = 0.0846898
   Pass :  1   Iteration :  10  ||B r|| = 0.0628702
   Pass :  1   Iteration :  11  ||B r|| = 0.0473352
   Pass :  1   Iteration :  12  ||B r|| = 0.0319359
   Pass :  1   Iteration :  13  ||B r|| = 0.0228137
   Pass :  1   Iteration :  14  ||B r|| = 0.0174498
   Pass :  1   Iteration :  15  ||B r|| = 0.010745
   Pass :  1   Iteration :  16  ||B r|| = 0.00805317
   Pass :  1   Iteration :  17  ||B r|| = 0.00539708
   Pass :  1   Iteration :  18  ||B r|| = 0.00373087
   Pass :  1   Iteration :  19  ||B r|| = 0.00316159
   Pass :  1   Iteration :  20  ||B r|| = 0.00232388
   Pass :  1   Iteration :  21  ||B r|| = 0.0019174
   Pass :  1   Iteration :  22  ||B r|| = 0.00149785
   Pass :  1   Iteration :  23  ||B r|| = 0.00115187
   Pass :  1   Iteration :  24  ||B r|| = 0.000878027
   Pass :  1   Iteration :  25  ||B r|| = 0.000579011
   Pass :  1   Iteration :  26  ||B r|| = 0.000365747
   Pass :  1   Iteration :  27  ||B r|| = 0.000232218
   Pass :  1   Iteration :  28  ||B r|| = 0.000139376
   Pass :  1   Iteration :  29  ||B r|| = 8.58554e-05
   Pass :  1   Iteration :  30  ||B r|| = 4.75795e-05
   Pass :  1   Iteration :  31  ||B r|| = 2.73264e-05
norm(r_0) 0
norm(r_1) 0
norm(r_2) 0
norm(r_3) 0.00014700377
norm(r_4) 0
Newton iteration  1 : ||r|| = 0.000147004, ||r||/||r_0|| = 0.00100474
Setting time step: 0.0090909745 in DGTransportTDO
Setting time step: 0.0090909745 in CombinedOp
Setting time step: 0.0090909745 in IonStaticPressureOp
norm(r_0) 0
norm(r_1) 0
norm(r_2) 0
norm(r_3) 0.099206446
norm(r_4) 0
Newton iteration  0 : ||r|| = 0.0992064
   Pass :  1   Iteration :   0  ||B r|| = 26.694
   Pass :  1   Iteration :   1  ||B r|| = 1.90488
   Pass :  1   Iteration :   2  ||B r|| = 0.735244
   Pass :  1   Iteration :   3  ||B r|| = 0.397948
   Pass :  1   Iteration :   4  ||B r|| = 0.282028
   Pass :  1   Iteration :   5  ||B r|| = 0.223872
   Pass :  1   Iteration :   6  ||B r|| = 0.154808
   Pass :  1   Iteration :   7  ||B r|| = 0.103551
   Pass :  1   Iteration :   8  ||B r|| = 0.0742701
   Pass :  1   Iteration :   9  ||B r|| = 0.0574113
   Pass :  1   Iteration :  10  ||B r|| = 0.0426225
   Pass :  1   Iteration :  11  ||B r|| = 0.03209
   Pass :  1   Iteration :  12  ||B r|| = 0.0216504
   Pass :  1   Iteration :  13  ||B r|| = 0.0154683
   Pass :  1   Iteration :  14  ||B r|| = 0.0118334
   Pass :  1   Iteration :  15  ||B r|| = 0.00728779
   Pass :  1   Iteration :  16  ||B r|| = 0.00546246
   Pass :  1   Iteration :  17  ||B r|| = 0.00366198
   Pass :  1   Iteration :  18  ||B r|| = 0.00253223
   Pass :  1   Iteration :  19  ||B r|| = 0.00214598
   Pass :  1   Iteration :  20  ||B r|| = 0.00157734
   Pass :  1   Iteration :  21  ||B r|| = 0.00130144
   Pass :  1   Iteration :  22  ||B r|| = 0.00101654
   Pass :  1   Iteration :  23  ||B r|| = 0.000781596
   Pass :  1   Iteration :  24  ||B r|| = 0.00059564
   Pass :  1   Iteration :  25  ||B r|| = 0.000392699
   Pass :  1   Iteration :  26  ||B r|| = 0.000248025
   Pass :  1   Iteration :  27  ||B r|| = 0.000157459
   Pass :  1   Iteration :  28  ||B r|| = 9.44974e-05
   Pass :  1   Iteration :  29  ||B r|| = 5.82087e-05
   Pass :  1   Iteration :  30  ||B r|| = 3.22574e-05
   Pass :  1   Iteration :  31  ||B r|| = 1.85263e-05
norm(r_0) 0
norm(r_1) 0
norm(r_2) 0
norm(r_3) 9.9654728e-05
norm(r_4) 0
Newton iteration  1 : ||r|| = 9.96547e-05, ||r||/||r_0|| = 0.00100452
Setting time step: 0.016336766 in DGTransportTDO
Setting time step: 0.016336766 in CombinedOp
Setting time step: 0.016336766 in IonStaticPressureOp
norm(r_0) 0
norm(r_1) 0
norm(r_2) 0
norm(r_3) 0.083848041
norm(r_4) 0
Newton iteration  0 : ||r|| = 0.083848
   Pass :  1   Iteration :   0  ||B r|| = 15.7989
   Pass :  1   Iteration :   1  ||B r|| = 1.10604
   Pass :  1   Iteration :   2  ||B r|| = 0.448667
   Pass :  1   Iteration :   3  ||B r|| = 0.269465
   Pass :  1   Iteration :   4  ||B r|| = 0.200676
   Pass :  1   Iteration :   5  ||B r|| = 0.158452
   Pass :  1   Iteration :   6  ||B r|| = 0.118343
   Pass :  1   Iteration :   7  ||B r|| = 0.0827434
   Pass :  1   Iteration :   8  ||B r|| = 0.0605094
   Pass :  1   Iteration :   9  ||B r|| = 0.0479032
   Pass :  1   Iteration :  10  ||B r|| = 0.0362409
   Pass :  1   Iteration :  11  ||B r|| = 0.0277885
   Pass :  1   Iteration :  12  ||B r|| = 0.0195359
   Pass :  1   Iteration :  13  ||B r|| = 0.0146693
   Pass :  1   Iteration :  14  ||B r|| = 0.0117535
   Pass :  1   Iteration :  15  ||B r|| = 0.00777594
   Pass :  1   Iteration :  16  ||B r|| = 0.00608706
   Pass :  1   Iteration :  17  ||B r|| = 0.00435839
   Pass :  1   Iteration :  18  ||B r|| = 0.00326492
   Pass :  1   Iteration :  19  ||B r|| = 0.00279896
   Pass :  1   Iteration :  20  ||B r|| = 0.0020597
   Pass :  1   Iteration :  21  ||B r|| = 0.00167849
   Pass :  1   Iteration :  22  ||B r|| = 0.00128493
   Pass :  1   Iteration :  23  ||B r|| = 0.000964285
   Pass :  1   Iteration :  24  ||B r|| = 0.000724308
   Pass :  1   Iteration :  25  ||B r|| = 0.000471192
   Pass :  1   Iteration :  26  ||B r|| = 0.000289797
   Pass :  1   Iteration :  27  ||B r|| = 0.000181455
   Pass :  1   Iteration :  28  ||B r|| = 0.000108636
   Pass :  1   Iteration :  29  ||B r|| = 6.64975e-05
   Pass :  1   Iteration :  30  ||B r|| = 3.64703e-05
   Pass :  1   Iteration :  31  ||B r|| = 2.07858e-05
   Pass :  1   Iteration :  32  ||B r|| = 1.40163e-05
norm(r_0) 0
norm(r_1) 0
norm(r_2) 0
norm(r_3) 0.00012737194
norm(r_4) 0
Newton iteration  1 : ||r|| = 0.000127372, ||r||/||r_0|| = 0.00151908
Setting time step: 0.016336766 in DGTransportTDO
Setting time step: 0.016336766 in CombinedOp
Setting time step: 0.016336766 in IonStaticPressureOp
norm(r_0) 0
norm(r_1) 0
norm(r_2) 0
norm(r_3) 0.042320966
norm(r_4) 0
Newton iteration  0 : ||r|| = 0.042321
   Pass :  1   Iteration :   0  ||B r|| = 7.97618
   Pass :  1   Iteration :   1  ||B r|| = 0.558263
   Pass :  1   Iteration :   2  ||B r|| = 0.226425
   Pass :  1   Iteration :   3  ||B r|| = 0.135982
   Pass :  1   Iteration :   4  ||B r|| = 0.101266
   Pass :  1   Iteration :   5  ||B r|| = 0.0799489
   Pass :  1   Iteration :   6  ||B r|| = 0.0597142
   Pass :  1   Iteration :   7  ||B r|| = 0.0417531
   Pass :  1   Iteration :   8  ||B r|| = 0.0305323
   Pass :  1   Iteration :   9  ||B r|| = 0.0241718
   Pass :  1   Iteration :  10  ||B r|| = 0.0182873
   Pass :  1   Iteration :  11  ||B r|| = 0.0140228
   Pass :  1   Iteration :  12  ||B r|| = 0.00985851
   Pass :  1   Iteration :  13  ||B r|| = 0.00740312
   Pass :  1   Iteration :  14  ||B r|| = 0.00593214
   Pass :  1   Iteration :  15  ||B r|| = 0.00392499
   Pass :  1   Iteration :  16  ||B r|| = 0.00307263
   Pass :  1   Iteration :  17  ||B r|| = 0.00220005
   Pass :  1   Iteration :  18  ||B r|| = 0.0016481
   Pass :  1   Iteration :  19  ||B r|| = 0.00141291
   Pass :  1   Iteration :  20  ||B r|| = 0.00103969
   Pass :  1   Iteration :  21  ||B r|| = 0.000847245
   Pass :  1   Iteration :  22  ||B r|| = 0.000648613
   Pass :  1   Iteration :  23  ||B r|| = 0.000486734
   Pass :  1   Iteration :  24  ||B r|| = 0.000365602
   Pass :  1   Iteration :  25  ||B r|| = 0.000237845
   Pass :  1   Iteration :  26  ||B r|| = 0.000146285
   Pass :  1   Iteration :  27  ||B r|| = 9.16001e-05
   Pass :  1   Iteration :  28  ||B r|| = 5.48404e-05
   Pass :  1   Iteration :  29  ||B r|| = 3.35681e-05
   Pass :  1   Iteration :  30  ||B r|| = 1.84102e-05
   Pass :  1   Iteration :  31  ||B r|| = 1.0493e-05
   Pass :  1   Iteration :  32  ||B r|| = 7.0755e-06
norm(r_0) 0
norm(r_1) 0
norm(r_2) 0
norm(r_3) 6.429581e-05
norm(r_4) 0
Newton iteration  1 : ||r|| = 6.42958e-05, ||r||/||r_0|| = 0.00151924
Setting time step: 0.016336766 in DGTransportTDO
Setting time step: 0.016336766 in CombinedOp
Setting time step: 0.016336766 in IonStaticPressureOp
norm(r_0) 0
norm(r_1) 0
norm(r_2) 0
norm(r_3) 0.057286167
norm(r_4) 0
Newton iteration  0 : ||r|| = 0.0572862
   Pass :  1   Iteration :   0  ||B r|| = 10.7956
   Pass :  1   Iteration :   1  ||B r|| = 0.755673
   Pass :  1   Iteration :   2  ||B r|| = 0.306513
   Pass :  1   Iteration :   3  ||B r|| = 0.184083
   Pass :  1   Iteration :   4  ||B r|| = 0.137089
   Pass :  1   Iteration :   5  ||B r|| = 0.108237
   Pass :  1   Iteration :   6  ||B r|| = 0.0808407
   Pass :  1   Iteration :   7  ||B r|| = 0.056524
   Pass :  1   Iteration :   8  ||B r|| = 0.0413345
   Pass :  1   Iteration :   9  ||B r|| = 0.0327234
   Pass :  1   Iteration :  10  ||B r|| = 0.0247569
   Pass :  1   Iteration :  11  ||B r|| = 0.0189834
   Pass :  1   Iteration :  12  ||B r|| = 0.0133458
   Pass :  1   Iteration :  13  ||B r|| = 0.0100216
   Pass :  1   Iteration :  14  ||B r|| = 0.00802999
   Pass :  1   Iteration :  15  ||B r|| = 0.00531281
   Pass :  1   Iteration :  16  ||B r|| = 0.004159
   Pass :  1   Iteration :  17  ||B r|| = 0.00297789
   Pass :  1   Iteration :  18  ||B r|| = 0.00223078
   Pass :  1   Iteration :  19  ||B r|| = 0.00191243
   Pass :  1   Iteration :  20  ||B r|| = 0.00140729
   Pass :  1   Iteration :  21  ||B r|| = 0.00114681
   Pass :  1   Iteration :  22  ||B r|| = 0.000877934
   Pass :  1   Iteration :  23  ||B r|| = 0.000658835
   Pass :  1   Iteration :  24  ||B r|| = 0.000494874
   Pass :  1   Iteration :  25  ||B r|| = 0.00032194
   Pass :  1   Iteration :  26  ||B r|| = 0.000198005
   Pass :  1   Iteration :  27  ||B r|| = 0.000123984
   Pass :  1   Iteration :  28  ||B r|| = 7.42281e-05
   Pass :  1   Iteration :  29  ||B r|| = 4.54358e-05
   Pass :  1   Iteration :  30  ||B r|| = 2.4919e-05
   Pass :  1   Iteration :  31  ||B r|| = 1.42025e-05
   Pass :  1   Iteration :  32  ||B r|| = 9.57695e-06
norm(r_0) 0
norm(r_1) 0
norm(r_2) 0
norm(r_3) 8.7028013e-05
norm(r_4) 0
Newton iteration  1 : ||r|| = 8.7028e-05, ||r||/||r_0|| = 0.00151918
Setting time step: 0.016336766 in DGTransportTDO
Setting time step: 0.016336766 in CombinedOp
Setting time step: 0.016336766 in IonStaticPressureOp
norm(r_0) 0
norm(r_1) 0
norm(r_2) 0
norm(r_3) 0.061737801
norm(r_4) 0
Newton iteration  0 : ||r|| = 0.0617378
   Pass :  1   Iteration :   0  ||B r|| = 11.6341
   Pass :  1   Iteration :   1  ||B r|| = 0.814395
   Pass :  1   Iteration :   2  ||B r|| = 0.330338
   Pass :  1   Iteration :   3  ||B r|| = 0.198394
   Pass :  1   Iteration :   4  ||B r|| = 0.147746
   Pass :  1   Iteration :   5  ||B r|| = 0.116653
   Pass :  1   Iteration :   6  ||B r|| = 0.0871262
   Pass :  1   Iteration :   7  ||B r|| = 0.0609185
   Pass :  1   Iteration :   8  ||B r|| = 0.0445483
   Pass :  1   Iteration :   9  ||B r|| = 0.0352676
   Pass :  1   Iteration :  10  ||B r|| = 0.0266816
   Pass :  1   Iteration :  11  ||B r|| = 0.0204591
   Pass :  1   Iteration :  12  ||B r|| = 0.0143833
   Pass :  1   Iteration :  13  ||B r|| = 0.0108006
   Pass :  1   Iteration :  14  ||B r|| = 0.00865405
   Pass :  1   Iteration :  15  ||B r|| = 0.00572563
   Pass :  1   Iteration :  16  ||B r|| = 0.00448214
   Pass :  1   Iteration :  17  ||B r|| = 0.00320926
   Pass :  1   Iteration :  18  ||B r|| = 0.0024041
   Pass :  1   Iteration :  19  ||B r|| = 0.00206101
   Pass :  1   Iteration :  20  ||B r|| = 0.00151663
   Pass :  1   Iteration :  21  ||B r|| = 0.00123592
   Pass :  1   Iteration :  22  ||B r|| = 0.000946146
   Pass :  1   Iteration :  23  ||B r|| = 0.000710028
   Pass :  1   Iteration :  24  ||B r|| = 0.000533327
   Pass :  1   Iteration :  25  ||B r|| = 0.000346955
   Pass :  1   Iteration :  26  ||B r|| = 0.000213389
   Pass :  1   Iteration :  27  ||B r|| = 0.000133616
   Pass :  1   Iteration :  28  ||B r|| = 7.99947e-05
   Pass :  1   Iteration :  29  ||B r|| = 4.89656e-05
   Pass :  1   Iteration :  30  ||B r|| = 2.6855e-05
   Pass :  1   Iteration :  31  ||B r|| = 1.53059e-05
   Pass :  1   Iteration :  32  ||B r|| = 1.0321e-05
norm(r_0) 0
norm(r_1) 0
norm(r_2) 0
norm(r_3) 9.3789543e-05
norm(r_4) 0
Newton iteration  1 : ||r|| = 9.37895e-05, ||r||/||r_0|| = 0.00151916
Setting time step: 0.016336766 in DGTransportTDO
Setting time step: 0.016336766 in CombinedOp
Setting time step: 0.016336766 in IonStaticPressureOp
norm(r_0) 0
norm(r_1) 0
norm(r_2) 0
norm(r_3) 0.029987618
norm(r_4) 0
Newton iteration  0 : ||r|| = 0.0299876
   Pass :  1   Iteration :   0  ||B r|| = 5.64918
   Pass :  1   Iteration :   1  ||B r|| = 0.395519
   Pass :  1   Iteration :   2  ||B r|| = 0.160448
   Pass :  1   Iteration :   3  ||B r|| = 0.0963657
   Pass :  1   Iteration :   4  ||B r|| = 0.0717654
   Pass :  1   Iteration :   5  ||B r|| = 0.0566673
   Pass :  1   Iteration :   6  ||B r|| = 0.0423229
   Pass :  1   Iteration :   7  ||B r|| = 0.0295901
   Pass :  1   Iteration :   8  ||B r|| = 0.0216383
   Pass :  1   Iteration :   9  ||B r|| = 0.0171304
   Pass :  1   Iteration :  10  ||B r|| = 0.0129604
   Pass :  1   Iteration :  11  ||B r|| = 0.00993741
   Pass :  1   Iteration :  12  ||B r|| = 0.00698652
   Pass :  1   Iteration :  13  ||B r|| = 0.00524626
   Pass :  1   Iteration :  14  ||B r|| = 0.00420349
   Pass :  1   Iteration :  15  ||B r|| = 0.00278101
   Pass :  1   Iteration :  16  ||B r|| = 0.00217692
   Pass :  1   Iteration :  17  ||B r|| = 0.00155885
   Pass :  1   Iteration :  18  ||B r|| = 0.00116784
   Pass :  1   Iteration :  19  ||B r|| = 0.00100113
   Pass :  1   Iteration :  20  ||B r|| = 0.00073671
   Pass :  1   Iteration :  21  ||B r|| = 0.000600346
   Pass :  1   Iteration :  22  ||B r|| = 0.000459551
   Pass :  1   Iteration :  23  ||B r|| = 0.000344866
   Pass :  1   Iteration :  24  ||B r|| = 0.000259029
   Pass :  1   Iteration :  25  ||B r|| = 0.000168504
   Pass :  1   Iteration :  26  ||B r|| = 0.00010363
   Pass :  1   Iteration :  27  ||B r|| = 6.48852e-05
   Pass :  1   Iteration :  28  ||B r|| = 3.88459e-05
   Pass :  1   Iteration :  29  ||B r|| = 2.37785e-05
   Pass :  1   Iteration :  30  ||B r|| = 1.3041e-05
   Pass :  1   Iteration :  31  ||B r|| = 7.43249e-06
   Pass :  1   Iteration :  32  ||B r|| = 5.01239e-06
norm(r_0) 0
norm(r_1) 0
norm(r_2) 0
norm(r_3) 4.5547487e-05
norm(r_4) 0
Newton iteration  1 : ||r|| = 4.55475e-05, ||r||/||r_0|| = 0.00151888
Time stepping paused at t = 0.12989291

Estimating errors.
No refinements necessary.
No derefinements needed.

AMR iteration 1
Number of unknowns: 1024
Setting time step: 0.015790792 in DGTransportTDO
Setting time step: 0.015790792 in CombinedOp
Setting time step: 0.015790792 in IonStaticPressureOp
norm(r_0) 0
norm(r_1) 0
norm(r_2) 0
norm(r_3) 0.022559176
norm(r_4) 0
Newton iteration  0 : ||r|| = 0.0225592
   Pass :  1   Iteration :   0  ||B r|| = 4.34944
   Pass :  1   Iteration :   1  ||B r|| = 0.30465
   Pass :  1   Iteration :   2  ||B r|| = 0.123227
   Pass :  1   Iteration :   3  ||B r|| = 0.0735877
   Pass :  1   Iteration :   4  ||B r|| = 0.0546379
   Pass :  1   Iteration :   5  ||B r|| = 0.0431594
   Pass :  1   Iteration :   6  ||B r|| = 0.0321053
   Pass :  1   Iteration :   7  ||B r|| = 0.0223971
   Pass :  1   Iteration :   8  ||B r|| = 0.0163629
   Pass :  1   Iteration :   9  ||B r|| = 0.0129388
   Pass :  1   Iteration :  10  ||B r|| = 0.00977848
   Pass :  1   Iteration :  11  ||B r|| = 0.00748947
   Pass :  1   Iteration :  12  ||B r|| = 0.00525434
   Pass :  1   Iteration :  13  ||B r|| = 0.0039363
   Pass :  1   Iteration :  14  ||B r|| = 0.00314688
   Pass :  1   Iteration :  15  ||B r|| = 0.0020747
   Pass :  1   Iteration :  16  ||B r|| = 0.00162108
   Pass :  1   Iteration :  17  ||B r|| = 0.00115756
   Pass :  1   Iteration :  18  ||B r|| = 0.000864646
   Pass :  1   Iteration :  19  ||B r|| = 0.000741234
   Pass :  1   Iteration :  20  ||B r|| = 0.00054568
   Pass :  1   Iteration :  21  ||B r|| = 0.00044507
   Pass :  1   Iteration :  22  ||B r|| = 0.000340988
   Pass :  1   Iteration :  23  ||B r|| = 0.00025611
   Pass :  1   Iteration :  24  ||B r|| = 0.000192429
   Pass :  1   Iteration :  25  ||B r|| = 0.000125208
   Pass :  1   Iteration :  26  ||B r|| = 7.70624e-05
   Pass :  1   Iteration :  27  ||B r|| = 4.82716e-05
   Pass :  1   Iteration :  28  ||B r|| = 2.89038e-05
   Pass :  1   Iteration :  29  ||B r|| = 1.76959e-05
   Pass :  1   Iteration :  30  ||B r|| = 9.7072e-06
   Pass :  1   Iteration :  31  ||B r|| = 5.53403e-06
   Pass :  1   Iteration :  32  ||B r|| = 3.73262e-06
norm(r_0) 0
norm(r_1) 0
norm(r_2) 0
norm(r_3) 3.2803453e-05
norm(r_4) 0
Newton iteration  1 : ||r|| = 3.28035e-05, ||r||/||r_0|| = 0.00145411
Setting time step: 0.015790792 in DGTransportTDO
Setting time step: 0.015790792 in CombinedOp
Setting time step: 0.015790792 in IonStaticPressureOp
norm(r_0) 0
norm(r_1) 0
norm(r_2) 0
norm(r_3) 0.011669403
norm(r_4) 0
Newton iteration  0 : ||r|| = 0.0116694
   Pass :  1   Iteration :   0  ||B r|| = 2.25018
   Pass :  1   Iteration :   1  ||B r|| = 0.157592
   Pass :  1   Iteration :   2  ||B r|| = 0.0637389
   Pass :  1   Iteration :   3  ||B r|| = 0.0380623
   Pass :  1   Iteration :   4  ||B r|| = 0.0282606
   Pass :  1   Iteration :   5  ||B r|| = 0.0223221
   Pass :  1   Iteration :   6  ||B r|| = 0.0166052
   Pass :  1   Iteration :   7  ||B r|| = 0.0115844
   Pass :  1   Iteration :   8  ||B r|| = 0.00846309
   Pass :  1   Iteration :   9  ||B r|| = 0.00669209
   Pass :  1   Iteration :  10  ||B r|| = 0.0050576
   Pass :  1   Iteration :  11  ||B r|| = 0.0038738
   Pass :  1   Iteration :  12  ||B r|| = 0.00271779
   Pass :  1   Iteration :  13  ||B r|| = 0.00203609
   Pass :  1   Iteration :  14  ||B r|| = 0.00162781
   Pass :  1   Iteration :  15  ||B r|| = 0.00107323
   Pass :  1   Iteration :  16  ||B r|| = 0.000838577
   Pass :  1   Iteration :  17  ||B r|| = 0.000598805
   Pass :  1   Iteration :  18  ||B r|| = 0.000447281
   Pass :  1   Iteration :  19  ||B r|| = 0.000383441
   Pass :  1   Iteration :  20  ||B r|| = 0.00028228
   Pass :  1   Iteration :  21  ||B r|| = 0.000230232
   Pass :  1   Iteration :  22  ||B r|| = 0.000176393
   Pass :  1   Iteration :  23  ||B r|| = 0.000132484
   Pass :  1   Iteration :  24  ||B r|| = 9.95427e-05
   Pass :  1   Iteration :  25  ||B r|| = 6.47706e-05
   Pass :  1   Iteration :  26  ||B r|| = 3.98647e-05
   Pass :  1   Iteration :  27  ||B r|| = 2.49718e-05
   Pass :  1   Iteration :  28  ||B r|| = 1.49526e-05
   Pass :  1   Iteration :  29  ||B r|| = 9.1545e-06
   Pass :  1   Iteration :  30  ||B r|| = 5.02174e-06
   Pass :  1   Iteration :  31  ||B r|| = 2.8629e-06
   Pass :  1   Iteration :  32  ||B r|| = 1.931e-06
norm(r_0) 0
norm(r_1) 0
norm(r_2) 0
norm(r_3) 1.697001e-05
norm(r_4) 0
Newton iteration  1 : ||r|| = 1.697e-05, ||r||/||r_0|| = 0.00145423
Setting time step: 0.015790792 in DGTransportTDO
Setting time step: 0.015790792 in CombinedOp
Setting time step: 0.015790792 in IonStaticPressureOp
norm(r_0) 0
norm(r_1) 0
norm(r_2) 0
norm(r_3) 0.015604774
norm(r_4) 0
Newton iteration  0 : ||r|| = 0.0156048
   Pass :  1   Iteration :   0  ||B r|| = 3.00885
   Pass :  1   Iteration :   1  ||B r|| = 0.210736
   Pass :  1   Iteration :   2  ||B r|| = 0.0852363
   Pass :  1   Iteration :   3  ||B r|| = 0.0509002
   Pass :  1   Iteration :   4  ||B r|| = 0.0377926
   Pass :  1   Iteration :   5  ||B r|| = 0.029852
   Pass :  1   Iteration :   6  ||B r|| = 0.0222064
   Pass :  1   Iteration :   7  ||B r|| = 0.0154918
   Pass :  1   Iteration :   8  ||B r|| = 0.0113178
   Pass :  1   Iteration :   9  ||B r|| = 0.00894943
   Pass :  1   Iteration :  10  ||B r|| = 0.00676357
   Pass :  1   Iteration :  11  ||B r|| = 0.0051804
   Pass :  1   Iteration :  12  ||B r|| = 0.00363443
   Pass :  1   Iteration :  13  ||B r|| = 0.00272278
   Pass :  1   Iteration :  14  ||B r|| = 0.00217677
   Pass :  1   Iteration :  15  ||B r|| = 0.00143514
   Pass :  1   Iteration :  16  ||B r|| = 0.00112136
   Pass :  1   Iteration :  17  ||B r|| = 0.00080073
   Pass :  1   Iteration :  18  ||B r|| = 0.000598109
   Pass :  1   Iteration :  19  ||B r|| = 0.000512741
   Pass :  1   Iteration :  20  ||B r|| = 0.000377469
   Pass :  1   Iteration :  21  ||B r|| = 0.000307871
   Pass :  1   Iteration :  22  ||B r|| = 0.000235875
   Pass :  1   Iteration :  23  ||B r|| = 0.000177161
   Pass :  1   Iteration :  24  ||B r|| = 0.00013311
   Pass :  1   Iteration :  25  ||B r|| = 8.66119e-05
   Pass :  1   Iteration :  26  ||B r|| = 5.33075e-05
   Pass :  1   Iteration :  27  ||B r|| = 3.33921e-05
   Pass :  1   Iteration :  28  ||B r|| = 1.99945e-05
   Pass :  1   Iteration :  29  ||B r|| = 1.22413e-05
   Pass :  1   Iteration :  30  ||B r|| = 6.71503e-06
   Pass :  1   Iteration :  31  ||B r|| = 3.82823e-06
   Pass :  1   Iteration :  32  ||B r|| = 2.5821e-06
norm(r_0) 0
norm(r_1) 0
norm(r_2) 0
norm(r_3) 2.269212e-05
norm(r_4) 0
Newton iteration  1 : ||r|| = 2.26921e-05, ||r||/||r_0|| = 0.00145418
Setting time step: 0.015790792 in DGTransportTDO
Setting time step: 0.015790792 in CombinedOp
Setting time step: 0.015790792 in IonStaticPressureOp
norm(r_0) 0
norm(r_1) 0
norm(r_2) 0
norm(r_3) 0.016769882
norm(r_4) 0
Newton iteration  0 : ||r|| = 0.0167699
   Pass :  1   Iteration :   0  ||B r|| = 3.23344
   Pass :  1   Iteration :   1  ||B r|| = 0.22647
   Pass :  1   Iteration :   2  ||B r|| = 0.091601
   Pass :  1   Iteration :   3  ||B r|| = 0.0547012
   Pass :  1   Iteration :   4  ||B r|| = 0.0406148
   Pass :  1   Iteration :   5  ||B r|| = 0.0320815
   Pass :  1   Iteration :   6  ||B r|| = 0.0238649
   Pass :  1   Iteration :   7  ||B r|| = 0.0166487
   Pass :  1   Iteration :   8  ||B r|| = 0.012163
   Pass :  1   Iteration :   9  ||B r|| = 0.0096178
   Pass :  1   Iteration :  10  ||B r|| = 0.00726868
   Pass :  1   Iteration :  11  ||B r|| = 0.00556726
   Pass :  1   Iteration :  12  ||B r|| = 0.00390583
   Pass :  1   Iteration :  13  ||B r|| = 0.00292609
   Pass :  1   Iteration :  14  ||B r|| = 0.0023393
   Pass :  1   Iteration :  15  ||B r|| = 0.00154229
   Pass :  1   Iteration :  16  ||B r|| = 0.00120508
   Pass :  1   Iteration :  17  ||B r|| = 0.000860512
   Pass :  1   Iteration :  18  ||B r|| = 0.000642763
   Pass :  1   Iteration :  19  ||B r|| = 0.000551022
   Pass :  1   Iteration :  20  ||B r|| = 0.00040565
   Pass :  1   Iteration :  21  ||B r|| = 0.000330857
   Pass :  1   Iteration :  22  ||B r|| = 0.000253485
   Pass :  1   Iteration :  23  ||B r|| = 0.000190387
   Pass :  1   Iteration :  24  ||B r|| = 0.000143048
   Pass :  1   Iteration :  25  ||B r|| = 9.30781e-05
   Pass :  1   Iteration :  26  ||B r|| = 5.72872e-05
   Pass :  1   Iteration :  27  ||B r|| = 3.58849e-05
   Pass :  1   Iteration :  28  ||B r|| = 2.14871e-05
   Pass :  1   Iteration :  29  ||B r|| = 1.31551e-05
   Pass :  1   Iteration :  30  ||B r|| = 7.21632e-06
   Pass :  1   Iteration :  31  ||B r|| = 4.11401e-06
   Pass :  1   Iteration :  32  ||B r|| = 2.77485e-06
norm(r_0) 0
norm(r_1) 0
norm(r_2) 0
norm(r_3) 2.4386107e-05
norm(r_4) 0
Newton iteration  1 : ||r|| = 2.43861e-05, ||r||/||r_0|| = 0.00145416
Setting time step: 0.015790792 in DGTransportTDO
Setting time step: 0.015790792 in CombinedOp
Setting time step: 0.015790792 in IonStaticPressureOp
norm(r_0) 0
norm(r_1) 0
norm(r_2) 0
norm(r_3) 0.0083553796
norm(r_4) 0
Newton iteration  0 : ||r|| = 0.00835538
   Pass :  1   Iteration :   0  ||B r|| = 1.61085
   Pass :  1   Iteration :   1  ||B r|| = 0.112835
   Pass :  1   Iteration :   2  ||B r|| = 0.0456404
   Pass :  1   Iteration :   3  ||B r|| = 0.0272554
   Pass :  1   Iteration :   4  ||B r|| = 0.0202366
   Pass :  1   Iteration :   5  ||B r|| = 0.0159855
   Pass :  1   Iteration :   6  ||B r|| = 0.0118913
   Pass :  1   Iteration :   7  ||B r|| = 0.00829533
   Pass :  1   Iteration :   8  ||B r|| = 0.00606032
   Pass :  1   Iteration :   9  ||B r|| = 0.00479223
   Pass :  1   Iteration :  10  ||B r|| = 0.00362177
   Pass :  1   Iteration :  11  ||B r|| = 0.0027739
   Pass :  1   Iteration :  12  ||B r|| = 0.00194605
   Pass :  1   Iteration :  13  ||B r|| = 0.00145792
   Pass :  1   Iteration :  14  ||B r|| = 0.00116557
   Pass :  1   Iteration :  15  ||B r|| = 0.000768465
   Pass :  1   Iteration :  16  ||B r|| = 0.000600456
   Pass :  1   Iteration :  17  ||B r|| = 0.000428778
   Pass :  1   Iteration :  18  ||B r|| = 0.00032029
   Pass :  1   Iteration :  19  ||B r|| = 0.000274573
   Pass :  1   Iteration :  20  ||B r|| = 0.00020213
   Pass :  1   Iteration :  21  ||B r|| = 0.000164861
   Pass :  1   Iteration :  22  ||B r|| = 0.000126304
   Pass :  1   Iteration :  23  ||B r|| = 9.48628e-05
   Pass :  1   Iteration :  24  ||B r|| = 7.12731e-05
   Pass :  1   Iteration :  25  ||B r|| = 4.63747e-05
   Pass :  1   Iteration :  26  ||B r|| = 2.85422e-05
   Pass :  1   Iteration :  27  ||B r|| = 1.78784e-05
   Pass :  1   Iteration :  28  ||B r|| = 1.0705e-05
   Pass :  1   Iteration :  29  ||B r|| = 6.55393e-06
   Pass :  1   Iteration :  30  ||B r|| = 3.59518e-06
   Pass :  1   Iteration :  31  ||B r|| = 2.0496e-06
   Pass :  1   Iteration :  32  ||B r|| = 1.38243e-06
norm(r_0) 0
norm(r_1) 0
norm(r_2) 0
norm(r_3) 1.2148995e-05
norm(r_4) 0
Newton iteration  1 : ||r|| = 1.2149e-05, ||r||/||r_0|| = 0.00145403
Setting time step: 0.031581583 in DGTransportTDO
Setting time step: 0.031581583 in CombinedOp
Setting time step: 0.031581583 in IonStaticPressureOp
norm(r_0) 0
norm(r_1) 0
norm(r_2) 0
norm(r_3) 0.0063387158
norm(r_4) 0
Newton iteration  0 : ||r|| = 0.00633872
   Pass :  1   Iteration :   0  ||B r|| = 0.731347
   Pass :  1   Iteration :   1  ||B r|| = 0.0509926
   Pass :  1   Iteration :   2  ||B r|| = 0.021754
   Pass :  1   Iteration :   3  ||B r|| = 0.0144351
   Pass :  1   Iteration :   4  ||B r|| = 0.0113957
   Pass :  1   Iteration :   5  ||B r|| = 0.00892565
   Pass :  1   Iteration :   6  ||B r|| = 0.00714272
   Pass :  1   Iteration :   7  ||B r|| = 0.00518541
   Pass :  1   Iteration :   8  ||B r|| = 0.00385087
   Pass :  1   Iteration :   9  ||B r|| = 0.00310508
   Pass :  1   Iteration :  10  ||B r|| = 0.00239046
   Pass :  1   Iteration :  11  ||B r|| = 0.00187093
   Pass :  1   Iteration :  12  ||B r|| = 0.00135884
   Pass :  1   Iteration :  13  ||B r|| = 0.0010563
   Pass :  1   Iteration :  14  ||B r|| = 0.000875772
   Pass :  1   Iteration :  15  ||B r|| = 0.000610928
   Pass :  1   Iteration :  16  ||B r|| = 0.000490537
   Pass :  1   Iteration :  17  ||B r|| = 0.000364297
   Pass :  1   Iteration :  18  ||B r|| = 0.000282853
   Pass :  1   Iteration :  19  ||B r|| = 0.00024188
   Pass :  1   Iteration :  20  ||B r|| = 0.00017661
   Pass :  1   Iteration :  21  ||B r|| = 0.000142099
   Pass :  1   Iteration :  22  ||B r|| = 0.000107883
   Pass :  1   Iteration :  23  ||B r|| = 8.01678e-05
   Pass :  1   Iteration :  24  ||B r|| = 6.00759e-05
   Pass :  1   Iteration :  25  ||B r|| = 3.90734e-05
   Pass :  1   Iteration :  26  ||B r|| = 2.3853e-05
   Pass :  1   Iteration :  27  ||B r|| = 1.48884e-05
   Pass :  1   Iteration :  28  ||B r|| = 8.8916e-06
   Pass :  1   Iteration :  29  ||B r|| = 5.42941e-06
   Pass :  1   Iteration :  30  ||B r|| = 2.97419e-06
   Pass :  1   Iteration :  31  ||B r|| = 1.69079e-06
   Pass :  1   Iteration :  32  ||B r|| = 1.132e-06
   Pass :  1   Iteration :  33  ||B r|| = 6.80532e-07
norm(r_0) 0
norm(r_1) 0
norm(r_2) 0
norm(r_3) 1.3693092e-05
norm(r_4) 0
Newton iteration  1 : ||r|| = 1.36931e-05, ||r||/||r_0|| = 0.00216023
Setting time step: 0.031581583 in DGTransportTDO
Setting time step: 0.031581583 in CombinedOp
Setting time step: 0.031581583 in IonStaticPressureOp
norm(r_0) 0
norm(r_1) 0
norm(r_2) 0
norm(r_3) 0.0014093421
norm(r_4) 0
Newton iteration  0 : ||r|| = 0.00140934
   Pass :  1   Iteration :   0  ||B r|| = 0.16258
   Pass :  1   Iteration :   1  ||B r|| = 0.0113346
   Pass :  1   Iteration :   2  ||B r|| = 0.00483521
   Pass :  1   Iteration :   3  ||B r|| = 0.0032083
   Pass :  1   Iteration :   4  ||B r|| = 0.00253275
   Pass :  1   Iteration :   5  ||B r|| = 0.00198367
   Pass :  1   Iteration :   6  ||B r|| = 0.00158747
   Pass :  1   Iteration :   7  ||B r|| = 0.00115249
   Pass :  1   Iteration :   8  ||B r|| = 0.000855839
   Pass :  1   Iteration :   9  ||B r|| = 0.000690138
   Pass :  1   Iteration :  10  ||B r|| = 0.000531312
   Pass :  1   Iteration :  11  ||B r|| = 0.000415841
   Pass :  1   Iteration :  12  ||B r|| = 0.000302019
   Pass :  1   Iteration :  13  ||B r|| = 0.000234783
   Pass :  1   Iteration :  14  ||B r|| = 0.000194663
   Pass :  1   Iteration :  15  ||B r|| = 0.000135801
   Pass :  1   Iteration :  16  ||B r|| = 0.00010904
   Pass :  1   Iteration :  17  ||B r|| = 8.09846e-05
   Pass :  1   Iteration :  18  ||B r|| = 6.2873e-05
   Pass :  1   Iteration :  19  ||B r|| = 5.37659e-05
   Pass :  1   Iteration :  20  ||B r|| = 3.9259e-05
   Pass :  1   Iteration :  21  ||B r|| = 3.15867e-05
   Pass :  1   Iteration :  22  ||B r|| = 2.39828e-05
   Pass :  1   Iteration :  23  ||B r|| = 1.78213e-05
   Pass :  1   Iteration :  24  ||B r|| = 1.33549e-05
   Pass :  1   Iteration :  25  ||B r|| = 8.68536e-06
   Pass :  1   Iteration :  26  ||B r|| = 5.30195e-06
   Pass :  1   Iteration :  27  ||B r|| = 3.30971e-06
   Pass :  1   Iteration :  28  ||B r|| = 1.97655e-06
   Pass :  1   Iteration :  29  ||B r|| = 1.20689e-06
   Pass :  1   Iteration :  30  ||B r|| = 6.61127e-07
norm(r_0) 0
norm(r_1) 0
norm(r_2) 0
norm(r_3) 1.1269862e-05
norm(r_4) 0
Newton iteration  1 : ||r|| = 1.12699e-05, ||r||/||r_0|| = 0.00799654
Setting time step: 0.031581583 in DGTransportTDO
Setting time step: 0.031581583 in CombinedOp
Setting time step: 0.031581583 in IonStaticPressureOp
norm(r_0) 0
norm(r_1) 0
norm(r_2) 0
norm(r_3) 0.0030742259
norm(r_4) 0
Newton iteration  0 : ||r|| = 0.00307423
   Pass :  1   Iteration :   0  ||B r|| = 0.354702
   Pass :  1   Iteration :   1  ||B r|| = 0.0247304
   Pass :  1   Iteration :   2  ||B r|| = 0.01055
   Pass :  1   Iteration :   3  ||B r|| = 0.00700047
   Pass :  1   Iteration :   4  ||B r|| = 0.00552645
   Pass :  1   Iteration :   5  ||B r|| = 0.00432851
   Pass :  1   Iteration :   6  ||B r|| = 0.00346391
   Pass :  1   Iteration :   7  ||B r|| = 0.00251473
   Pass :  1   Iteration :   8  ||B r|| = 0.0018675
   Pass :  1   Iteration :   9  ||B r|| = 0.00150586
   Pass :  1   Iteration :  10  ||B r|| = 0.0011593
   Pass :  1   Iteration :  11  ||B r|| = 0.000907346
   Pass :  1   Iteration :  12  ||B r|| = 0.000658995
   Pass :  1   Iteration :  13  ||B r|| = 0.000512276
   Pass :  1   Iteration :  14  ||B r|| = 0.000424729
   Pass :  1   Iteration :  15  ||B r|| = 0.000296289
   Pass :  1   Iteration :  16  ||B r|| = 0.000237903
   Pass :  1   Iteration :  17  ||B r|| = 0.000176684
   Pass :  1   Iteration :  18  ||B r|| = 0.000137178
   Pass :  1   Iteration :  19  ||B r|| = 0.000117307
   Pass :  1   Iteration :  20  ||B r|| = 8.5654e-05
   Pass :  1   Iteration :  21  ||B r|| = 6.89158e-05
   Pass :  1   Iteration :  22  ||B r|| = 5.23233e-05
   Pass :  1   Iteration :  23  ||B r|| = 3.8881e-05
   Pass :  1   Iteration :  24  ||B r|| = 2.91365e-05
   Pass :  1   Iteration :  25  ||B r|| = 1.89497e-05
   Pass :  1   Iteration :  26  ||B r|| = 1.1568e-05
   Pass :  1   Iteration :  27  ||B r|| = 7.22081e-06
   Pass :  1   Iteration :  28  ||B r|| = 4.31234e-06
   Pass :  1   Iteration :  29  ||B r|| = 2.63318e-06
   Pass :  1   Iteration :  30  ||B r|| = 1.44243e-06
   Pass :  1   Iteration :  31  ||B r|| = 8.20004e-07
norm(r_0) 0
norm(r_1) 0
norm(r_2) 0
norm(r_3) 1.451552e-05
norm(r_4) 0
Newton iteration  1 : ||r|| = 1.45155e-05, ||r||/||r_0|| = 0.00472168
Setting time step: 0.031581583 in DGTransportTDO
Setting time step: 0.031581583 in CombinedOp
Setting time step: 0.031581583 in IonStaticPressureOp
norm(r_0) 0
norm(r_1) 0
norm(r_2) 0
norm(r_3) 0.0036276629
norm(r_4) 0
Newton iteration  0 : ||r|| = 0.00362766
   Pass :  1   Iteration :   0  ||B r|| = 0.41856
   Pass :  1   Iteration :   1  ||B r|| = 0.029183
   Pass :  1   Iteration :   2  ||B r|| = 0.0124496
   Pass :  1   Iteration :   3  ||B r|| = 0.00826098
   Pass :  1   Iteration :   4  ||B r|| = 0.00652154
   Pass :  1   Iteration :   5  ||B r|| = 0.00510794
   Pass :  1   Iteration :   6  ||B r|| = 0.00408764
   Pass :  1   Iteration :   7  ||B r|| = 0.00296753
   Pass :  1   Iteration :   8  ||B r|| = 0.00220377
   Pass :  1   Iteration :   9  ||B r|| = 0.001777
   Pass :  1   Iteration :  10  ||B r|| = 0.00136803
   Pass :  1   Iteration :  11  ||B r|| = 0.00107071
   Pass :  1   Iteration :  12  ||B r|| = 0.00077765
   Pass :  1   Iteration :  13  ||B r|| = 0.000604511
   Pass :  1   Iteration :  14  ||B r|| = 0.000501201
   Pass :  1   Iteration :  15  ||B r|| = 0.000349635
   Pass :  1   Iteration :  16  ||B r|| = 0.000280736
   Pass :  1   Iteration :  17  ||B r|| = 0.000208492
   Pass :  1   Iteration :  18  ||B r|| = 0.000161877
   Pass :  1   Iteration :  19  ||B r|| = 0.000138428
   Pass :  1   Iteration :  20  ||B r|| = 0.000101075
   Pass :  1   Iteration :  21  ||B r|| = 8.13236e-05
   Pass :  1   Iteration :  22  ||B r|| = 6.1743e-05
   Pass :  1   Iteration :  23  ||B r|| = 4.58809e-05
   Pass :  1   Iteration :  24  ||B r|| = 3.43821e-05
   Pass :  1   Iteration :  25  ||B r|| = 2.23617e-05
   Pass :  1   Iteration :  26  ||B r|| = 1.36509e-05
   Pass :  1   Iteration :  27  ||B r|| = 8.52081e-06
   Pass :  1   Iteration :  28  ||B r|| = 5.08874e-06
   Pass :  1   Iteration :  29  ||B r|| = 3.10727e-06
   Pass :  1   Iteration :  30  ||B r|| = 1.70213e-06
   Pass :  1   Iteration :  31  ||B r|| = 9.67639e-07
norm(r_0) 0
norm(r_1) 0
norm(r_2) 0
norm(r_3) 1.7128537e-05
norm(r_4) 0
Newton iteration  1 : ||r|| = 1.71285e-05, ||r||/||r_0|| = 0.00472165
Setting time step: 0.031581583 in DGTransportTDO
Setting time step: 0.031581583 in CombinedOp
Setting time step: 0.031581583 in IonStaticPressureOp
norm(r_0) 0
norm(r_1) 0
norm(r_2) 0
norm(r_3) 0.00091967784
norm(r_4) 0
Newton iteration  0 : ||r|| = 0.000919678
   Pass :  1   Iteration :   0  ||B r|| = 0.105803
   Pass :  1   Iteration :   1  ||B r|| = 0.00737783
   Pass :  1   Iteration :   2  ||B r|| = 0.00314746
   Pass :  1   Iteration :   3  ||B r|| = 0.00208872
   Pass :  1   Iteration :   4  ||B r|| = 0.00164902
   Pass :  1   Iteration :   5  ||B r|| = 0.00129173
   Pass :  1   Iteration :   6  ||B r|| = 0.00103367
   Pass :  1   Iteration :   7  ||B r|| = 0.000750468
   Pass :  1   Iteration :   8  ||B r|| = 0.000557417
   Pass :  1   Iteration :   9  ||B r|| = 0.000449382
   Pass :  1   Iteration :  10  ||B r|| = 0.000345911
   Pass :  1   Iteration :  11  ||B r|| = 0.000270795
   Pass :  1   Iteration :  12  ||B r|| = 0.000196676
   Pass :  1   Iteration :  13  ||B r|| = 0.000152872
   Pass :  1   Iteration :  14  ||B r|| = 0.000126711
   Pass :  1   Iteration :  15  ||B r|| = 8.83588e-05
   Pass :  1   Iteration :  16  ||B r|| = 7.09704e-05
   Pass :  1   Iteration :  17  ||B r|| = 5.27016e-05
   Pass :  1   Iteration :  18  ||B r|| = 4.09178e-05
   Pass :  1   Iteration :  19  ||B r|| = 3.49959e-05
   Pass :  1   Iteration :  20  ||B r|| = 2.55484e-05
   Pass :  1   Iteration :  21  ||B r|| = 2.0557e-05
   Pass :  1   Iteration :  22  ||B r|| = 1.56043e-05
   Pass :  1   Iteration :  23  ||B r|| = 1.15939e-05
   Pass :  1   Iteration :  24  ||B r|| = 8.68634e-06
   Pass :  1   Iteration :  25  ||B r|| = 5.64859e-06
   Pass :  1   Iteration :  26  ||B r|| = 3.44899e-06
   Pass :  1   Iteration :  27  ||B r|| = 2.15283e-06
   Pass :  1   Iteration :  28  ||B r|| = 1.28614e-06
   Pass :  1   Iteration :  29  ||B r|| = 7.85226e-07
norm(r_0) 0
norm(r_1) 0
norm(r_2) 0
norm(r_3) 1.2414938e-05
norm(r_4) 0
Newton iteration  1 : ||r|| = 1.24149e-05, ||r||/||r_0|| = 0.0134992
Setting time step: 0.048003987 in DGTransportTDO
Setting time step: 0.048003987 in CombinedOp
Setting time step: 0.048003987 in IonStaticPressureOp
norm(r_0) 0
norm(r_1) 0
norm(r_2) 0
norm(r_3) 0.00056064132
norm(r_4) 0
Newton iteration  0 : ||r|| = 0.000560641
   Pass :  1   Iteration :   0  ||B r|| = 0.0456
   Pass :  1   Iteration :   1  ||B r|| = 0.00318298
   Pass :  1   Iteration :   2  ||B r|| = 0.0013934
   Pass :  1   Iteration :   3  ||B r|| = 0.000972694
   Pass :  1   Iteration :   4  ||B r|| = 0.000794227
   Pass :  1   Iteration :   5  ||B r|| = 0.000620276
   Pass :  1   Iteration :   6  ||B r|| = 0.000514494
   Pass :  1   Iteration :   7  ||B r|| = 0.000380595
   Pass :  1   Iteration :   8  ||B r|| = 0.000284772
   Pass :  1   Iteration :   9  ||B r|| = 0.000231546
   Pass :  1   Iteration :  10  ||B r|| = 0.00017971
   Pass :  1   Iteration :  11  ||B r|| = 0.000142123
   Pass :  1   Iteration :  12  ||B r|| = 0.00010469
   Pass :  1   Iteration :  13  ||B r|| = 8.2514e-05
   Pass :  1   Iteration :  14  ||B r|| = 6.93964e-05
   Pass :  1   Iteration :  15  ||B r|| = 4.94712e-05
   Pass :  1   Iteration :  16  ||B r|| = 4.00774e-05
   Pass :  1   Iteration :  17  ||B r|| = 3.01514e-05
   Pass :  1   Iteration :  18  ||B r|| = 2.36849e-05
   Pass :  1   Iteration :  19  ||B r|| = 2.02119e-05
   Pass :  1   Iteration :  20  ||B r|| = 1.47152e-05
   Pass :  1   Iteration :  21  ||B r|| = 1.17855e-05
   Pass :  1   Iteration :  22  ||B r|| = 8.9297e-06
   Pass :  1   Iteration :  23  ||B r|| = 6.62037e-06
   Pass :  1   Iteration :  24  ||B r|| = 4.96207e-06
   Pass :  1   Iteration :  25  ||B r|| = 3.22858e-06
   Pass :  1   Iteration :  26  ||B r|| = 1.96812e-06
   Pass :  1   Iteration :  27  ||B r|| = 1.22751e-06
   Pass :  1   Iteration :  28  ||B r|| = 7.32063e-07
norm(r_0) 0
norm(r_1) 0
norm(r_2) 0
norm(r_3) 1.8997862e-05
norm(r_4) 0
Newton iteration  1 : ||r|| = 1.89979e-05, ||r||/||r_0|| = 0.0338859
Setting time step: 0.048003987 in DGTransportTDO
Setting time step: 0.048003987 in CombinedOp
Setting time step: 0.048003987 in IonStaticPressureOp
norm(r_0) 0
norm(r_1) 0
norm(r_2) 0
norm(r_3) 4.5546137e-05
norm(r_4) 0
Newton iteration  0 : ||r|| = 4.55461e-05
   Pass :  1   Iteration :   0  ||B r|| = 0.000763617
   Pass :  1   Iteration :   1  ||B r|| = 5.30583e-05
   Pass :  1   Iteration :   2  ||B r|| = 2.31826e-05
   Pass :  1   Iteration :   3  ||B r|| = 1.6367e-05
   Pass :  1   Iteration :   4  ||B r|| = 1.34539e-05
   Pass :  1   Iteration :   5  ||B r|| = 1.04768e-05
   Pass :  1   Iteration :   6  ||B r|| = 8.68697e-06
   Pass :  1   Iteration :   7  ||B r|| = 6.34568e-06
   Pass :  1   Iteration :   8  ||B r|| = 4.66443e-06
   Pass :  1   Iteration :   9  ||B r|| = 3.81594e-06
   Pass :  1   Iteration :  10  ||B r|| = 2.99963e-06
   Pass :  1   Iteration :  11  ||B r|| = 2.37077e-06
   Pass :  1   Iteration :  12  ||B r|| = 1.73446e-06
   Pass :  1   Iteration :  13  ||B r|| = 1.37781e-06
   Pass :  1   Iteration :  14  ||B r|| = 1.1907e-06
   Pass :  1   Iteration :  15  ||B r|| = 8.23162e-07
norm(r_0) 0
norm(r_1) 0
norm(r_2) 0
norm(r_3) 1.7284155e-05
norm(r_4) 0
Newton iteration  1 : ||r|| = 1.72842e-05, ||r||/||r_0|| = 0.379487
Setting time step: 0.048003987 in DGTransportTDO
Setting time step: 0.048003987 in CombinedOp
Setting time step: 0.048003987 in IonStaticPressureOp
norm(r_0) 0
norm(r_1) 0
norm(r_2) 0
norm(r_3) 0.00018956695
norm(r_4) 0
Newton iteration  0 : ||r|| = 0.000189567
   Pass :  1   Iteration :   0  ||B r|| = 0.0151712
   Pass :  1   Iteration :   1  ||B r|| = 0.00105879
   Pass :  1   Iteration :   2  ||B r|| = 0.000463463
   Pass :  1   Iteration :   3  ||B r|| = 0.000323675
   Pass :  1   Iteration :   4  ||B r|| = 0.000264361
   Pass :  1   Iteration :   5  ||B r|| = 0.000206424
   Pass :  1   Iteration :   6  ||B r|| = 0.000171203
   Pass :  1   Iteration :   7  ||B r|| = 0.00012657
   Pass :  1   Iteration :   8  ||B r|| = 9.46324e-05
   Pass :  1   Iteration :   9  ||B r|| = 7.69756e-05
   Pass :  1   Iteration :  10  ||B r|| = 5.97812e-05
   Pass :  1   Iteration :  11  ||B r|| = 4.72759e-05
   Pass :  1   Iteration :  12  ||B r|| = 3.48135e-05
   Pass :  1   Iteration :  13  ||B r|| = 2.74492e-05
   Pass :  1   Iteration :  14  ||B r|| = 2.31168e-05
   Pass :  1   Iteration :  15  ||B r|| = 1.64616e-05
   Pass :  1   Iteration :  16  ||B r|| = 1.333e-05
   Pass :  1   Iteration :  17  ||B r|| = 1.0037e-05
   Pass :  1   Iteration :  18  ||B r|| = 7.87884e-06
   Pass :  1   Iteration :  19  ||B r|| = 6.72369e-06
   Pass :  1   Iteration :  20  ||B r|| = 4.89335e-06
   Pass :  1   Iteration :  21  ||B r|| = 3.91931e-06
   Pass :  1   Iteration :  22  ||B r|| = 2.97035e-06
   Pass :  1   Iteration :  23  ||B r|| = 2.2028e-06
   Pass :  1   Iteration :  24  ||B r|| = 1.65097e-06
   Pass :  1   Iteration :  25  ||B r|| = 1.07349e-06
   Pass :  1   Iteration :  26  ||B r|| = 6.54721e-07
norm(r_0) 0
norm(r_1) 0
norm(r_2) 0
norm(r_3) 1.8592096e-05
norm(r_4) 0
Newton iteration  1 : ||r|| = 1.85921e-05, ||r||/||r_0|| = 0.0980767
Setting time step: 0.048003987 in DGTransportTDO
Setting time step: 0.048003987 in CombinedOp
Setting time step: 0.048003987 in IonStaticPressureOp
norm(r_0) 0
norm(r_1) 0
norm(r_2) 0
norm(r_3) 0.00025194808
norm(r_4) 0
Newton iteration  0 : ||r|| = 0.000251948
   Pass :  1   Iteration :   0  ||B r|| = 0.0203905
   Pass :  1   Iteration :   1  ||B r|| = 0.00142315
   Pass :  1   Iteration :   2  ||B r|| = 0.000622989
   Pass :  1   Iteration :   3  ||B r|| = 0.000435001
   Pass :  1   Iteration :   4  ||B r|| = 0.000355253
   Pass :  1   Iteration :   5  ||B r|| = 0.000277412
   Pass :  1   Iteration :   6  ||B r|| = 0.000230083
   Pass :  1   Iteration :   7  ||B r|| = 0.000170139
   Pass :  1   Iteration :   8  ||B r|| = 0.000127245
   Pass :  1   Iteration :   9  ||B r|| = 0.000103489
   Pass :  1   Iteration :  10  ||B r|| = 8.03522e-05
   Pass :  1   Iteration :  11  ||B r|| = 6.35469e-05
   Pass :  1   Iteration :  12  ||B r|| = 4.68022e-05
   Pass :  1   Iteration :  13  ||B r|| = 3.68978e-05
   Pass :  1   Iteration :  14  ||B r|| = 3.10564e-05
   Pass :  1   Iteration :  15  ||B r|| = 2.21256e-05
   Pass :  1   Iteration :  16  ||B r|| = 1.79201e-05
   Pass :  1   Iteration :  17  ||B r|| = 1.34886e-05
   Pass :  1   Iteration :  18  ||B r|| = 1.05914e-05
   Pass :  1   Iteration :  19  ||B r|| = 9.03866e-06
   Pass :  1   Iteration :  20  ||B r|| = 6.57871e-06
   Pass :  1   Iteration :  21  ||B r|| = 5.26861e-06
   Pass :  1   Iteration :  22  ||B r|| = 3.99245e-06
   Pass :  1   Iteration :  23  ||B r|| = 2.96025e-06
   Pass :  1   Iteration :  24  ||B r|| = 2.21861e-06
   Pass :  1   Iteration :  25  ||B r|| = 1.44298e-06
   Pass :  1   Iteration :  26  ||B r|| = 8.79892e-07
norm(r_0) 0
norm(r_1) 0
norm(r_2) 0
norm(r_3) 2.4992113e-05
norm(r_4) 0
Newton iteration  1 : ||r|| = 2.49921e-05, ||r||/||r_0|| = 0.0991955
Setting time step: 0.048003987 in DGTransportTDO
Setting time step: 0.048003987 in CombinedOp
Setting time step: 0.048003987 in IonStaticPressureOp
norm(r_0) 0
norm(r_1) 0
norm(r_2) 0
norm(r_3) 0.0001669395
norm(r_4) 0
Newton iteration  0 : ||r|| = 0.000166939
   Pass :  1   Iteration :   0  ||B r|| = 0.00466229
   Pass :  1   Iteration :   1  ||B r|| = 0.000326697
   Pass :  1   Iteration :   2  ||B r|| = 0.000142768
   Pass :  1   Iteration :   3  ||B r|| = 9.95917e-05
   Pass :  1   Iteration :   4  ||B r|| = 8.09788e-05
   Pass :  1   Iteration :   5  ||B r|| = 6.28877e-05
   Pass :  1   Iteration :   6  ||B r|| = 5.19755e-05
   Pass :  1   Iteration :   7  ||B r|| = 3.84655e-05
   Pass :  1   Iteration :   8  ||B r|| = 2.89429e-05
   Pass :  1   Iteration :   9  ||B r|| = 2.37085e-05
   Pass :  1   Iteration :  10  ||B r|| = 1.85287e-05
   Pass :  1   Iteration :  11  ||B r|| = 1.46251e-05
   Pass :  1   Iteration :  12  ||B r|| = 1.08255e-05
   Pass :  1   Iteration :  13  ||B r|| = 8.52036e-06
   Pass :  1   Iteration :  14  ||B r|| = 7.19519e-06
   Pass :  1   Iteration :  15  ||B r|| = 5.24684e-06
   Pass :  1   Iteration :  16  ||B r|| = 4.28264e-06
   Pass :  1   Iteration :  17  ||B r|| = 3.22843e-06
   Pass :  1   Iteration :  18  ||B r|| = 2.57367e-06
   Pass :  1   Iteration :  19  ||B r|| = 2.17132e-06
   Pass :  1   Iteration :  20  ||B r|| = 1.56711e-06
   Pass :  1   Iteration :  21  ||B r|| = 1.23986e-06
   Pass :  1   Iteration :  22  ||B r|| = 9.24687e-07
norm(r_0) 0
norm(r_1) 0
norm(r_2) 0
norm(r_3) 1.8893907e-05
norm(r_4) 0
Newton iteration  1 : ||r|| = 1.88939e-05, ||r||/||r_0|| = 0.113178
Setting time step: 0.096007973 in DGTransportTDO
Setting time step: 0.096007973 in CombinedOp
Setting time step: 0.096007973 in IonStaticPressureOp
norm(r_0) 0
norm(r_1) 0
norm(r_2) 0
norm(r_3) 3.4767349e-05
norm(r_4) 0
Newton iteration  0 : ||r|| = 3.47673e-05
   Pass :  1   Iteration :   0  ||B r|| = 0.00127908
   Pass :  1   Iteration :   1  ||B r|| = 8.93788e-05
   Pass :  1   Iteration :   2  ||B r|| = 4.03181e-05
   Pass :  1   Iteration :   3  ||B r|| = 2.98929e-05
   Pass :  1   Iteration :   4  ||B r|| = 2.54309e-05
   Pass :  1   Iteration :   5  ||B r|| = 1.98296e-05
   Pass :  1   Iteration :   6  ||B r|| = 1.72279e-05
   Pass :  1   Iteration :   7  ||B r|| = 1.30471e-05
   Pass :  1   Iteration :   8  ||B r|| = 9.8484e-06
   Pass :  1   Iteration :   9  ||B r|| = 8.10049e-06
   Pass :  1   Iteration :  10  ||B r|| = 6.35935e-06
   Pass :  1   Iteration :  11  ||B r|| = 5.11249e-06
   Pass :  1   Iteration :  12  ||B r|| = 3.81374e-06
   Pass :  1   Iteration :  13  ||B r|| = 3.03867e-06
   Pass :  1   Iteration :  14  ||B r|| = 2.59497e-06
   Pass :  1   Iteration :  15  ||B r|| = 1.88892e-06
   Pass :  1   Iteration :  16  ||B r|| = 1.54508e-06
   Pass :  1   Iteration :  17  ||B r|| = 1.18531e-06
   Pass :  1   Iteration :  18  ||B r|| = 9.41885e-07
norm(r_0) 0
norm(r_1) 0
norm(r_2) 0
norm(r_3) 3.2666734e-05
norm(r_4) 0
Newton iteration  1 : ||r|| = 3.26667e-05, ||r||/||r_0|| = 0.939581
Setting time step: 0.096007973 in DGTransportTDO
Setting time step: 0.096007973 in CombinedOp
Setting time step: 0.096007973 in IonStaticPressureOp
norm(r_0) 0
norm(r_1) 0
norm(r_2) 0
norm(r_3) 7.0976254e-05
norm(r_4) 0
Newton iteration  0 : ||r|| = 7.09763e-05
   Pass :  1   Iteration :   0  ||B r|| = 0.000403592
   Pass :  1   Iteration :   1  ||B r|| = 2.86158e-05
   Pass :  1   Iteration :   2  ||B r|| = 1.30179e-05
   Pass :  1   Iteration :   3  ||B r|| = 9.62342e-06
   Pass :  1   Iteration :   4  ||B r|| = 8.36616e-06
   Pass :  1   Iteration :   5  ||B r|| = 6.54568e-06
   Pass :  1   Iteration :   6  ||B r|| = 5.6731e-06
   Pass :  1   Iteration :   7  ||B r|| = 4.32317e-06
   Pass :  1   Iteration :   8  ||B r|| = 3.23123e-06
   Pass :  1   Iteration :   9  ||B r|| = 2.59703e-06
   Pass :  1   Iteration :  10  ||B r|| = 2.10153e-06
   Pass :  1   Iteration :  11  ||B r|| = 1.77374e-06
   Pass :  1   Iteration :  12  ||B r|| = 1.36122e-06
   Pass :  1   Iteration :  13  ||B r|| = 1.09537e-06
   Pass :  1   Iteration :  14  ||B r|| = 9.59966e-07
norm(r_0) 0
norm(r_1) 0
norm(r_2) 0
norm(r_3) 2.7025531e-05
norm(r_4) 0
Newton iteration  1 : ||r|| = 2.70255e-05, ||r||/||r_0|| = 0.380769
Setting time step: 0.096007973 in DGTransportTDO
Setting time step: 0.096007973 in CombinedOp
Setting time step: 0.096007973 in IonStaticPressureOp
norm(r_0) 0
norm(r_1) 0
norm(r_2) 0
norm(r_3) 5.76342e-05
norm(r_4) 0
Newton iteration  0 : ||r|| = 5.76342e-05
   Pass :  1   Iteration :   0  ||B r|| = 9.30743e-05
   Pass :  1   Iteration :   1  ||B r|| = 6.3646e-06
   Pass :  1   Iteration :   2  ||B r|| = 3.08498e-06
   Pass :  1   Iteration :   3  ||B r|| = 2.41766e-06
   Pass :  1   Iteration :   4  ||B r|| = 1.9211e-06
   Pass :  1   Iteration :   5  ||B r|| = 1.42952e-06
   Pass :  1   Iteration :   6  ||B r|| = 1.20784e-06
   Pass :  1   Iteration :   7  ||B r|| = 9.35831e-07
norm(r_0) 0
norm(r_1) 0
norm(r_2) 0
norm(r_3) 2.6118048e-05
norm(r_4) 0
Newton iteration  1 : ||r|| = 2.6118e-05, ||r||/||r_0|| = 0.453169
Setting time step: 0.096007973 in DGTransportTDO
Setting time step: 0.096007973 in CombinedOp
Setting time step: 0.096007973 in IonStaticPressureOp
norm(r_0) 0
norm(r_1) 0
norm(r_2) 0
norm(r_3) 4.5606712e-05
norm(r_4) 0
Newton iteration  0 : ||r|| = 4.56067e-05
   Pass :  1   Iteration :   0  ||B r|| = 0.000300944
   Pass :  1   Iteration :   1  ||B r|| = 2.0806e-05
   Pass :  1   Iteration :   2  ||B r|| = 9.46657e-06
   Pass :  1   Iteration :   3  ||B r|| = 7.10995e-06
   Pass :  1   Iteration :   4  ||B r|| = 5.94256e-06
   Pass :  1   Iteration :   5  ||B r|| = 4.60553e-06
   Pass :  1   Iteration :   6  ||B r|| = 4.0051e-06
   Pass :  1   Iteration :   7  ||B r|| = 3.03741e-06
   Pass :  1   Iteration :   8  ||B r|| = 2.29035e-06
   Pass :  1   Iteration :   9  ||B r|| = 1.90988e-06
   Pass :  1   Iteration :  10  ||B r|| = 1.4757e-06
   Pass :  1   Iteration :  11  ||B r|| = 1.13076e-06
   Pass :  1   Iteration :  12  ||B r|| = 8.14985e-07
norm(r_0) 0
norm(r_1) 0
norm(r_2) 0
norm(r_3) 2.5040159e-05
norm(r_4) 0
Newton iteration  1 : ||r|| = 2.50402e-05, ||r||/||r_0|| = 0.549045
Setting time step: 0.096007973 in DGTransportTDO
Setting time step: 0.096007973 in CombinedOp
Setting time step: 0.096007973 in IonStaticPressureOp
norm(r_0) 0
norm(r_1) 0
norm(r_2) 0
norm(r_3) 0.0010777903
norm(r_4) 0
Newton iteration  0 : ||r|| = 0.00107779
   Pass :  1   Iteration :   0  ||B r|| = 0.000346904
   Pass :  1   Iteration :   1  ||B r|| = 3.64733e-05
   Pass :  1   Iteration :   2  ||B r|| = 2.92541e-05
   Pass :  1   Iteration :   3  ||B r|| = 2.01305e-05
   Pass :  1   Iteration :   4  ||B r|| = 1.79584e-05
   Pass :  1   Iteration :   5  ||B r|| = 1.64167e-05
   Pass :  1   Iteration :   6  ||B r|| = 1.34297e-05
   Pass :  1   Iteration :   7  ||B r|| = 1.25101e-05
   Pass :  1   Iteration :   8  ||B r|| = 8.79205e-06
   Pass :  1   Iteration :   9  ||B r|| = 7.64055e-06
   Pass :  1   Iteration :  10  ||B r|| = 5.45401e-06
   Pass :  1   Iteration :  11  ||B r|| = 4.12002e-06
   Pass :  1   Iteration :  12  ||B r|| = 3.54951e-06
   Pass :  1   Iteration :  13  ||B r|| = 2.69591e-06
   Pass :  1   Iteration :  14  ||B r|| = 2.12958e-06
   Pass :  1   Iteration :  15  ||B r|| = 1.87091e-06
   Pass :  1   Iteration :  16  ||B r|| = 1.57949e-06
   Pass :  1   Iteration :  17  ||B r|| = 1.19592e-06
   Pass :  1   Iteration :  18  ||B r|| = 8.19542e-07
norm(r_0) 0
norm(r_1) 0
norm(r_2) 0
norm(r_3) 4.0815679e-05
norm(r_4) 0
Newton iteration  1 : ||r|| = 4.08157e-05, ||r||/||r_0|| = 0.0378698
Time stepping paused at t = 0.89543025

Estimating errors.
No refinements necessary.
No derefinements needed.

AMR iteration 2
Number of unknowns: 1024
Setting time step: 0.19201595 in DGTransportTDO
Setting time step: 0.19201595 in CombinedOp
Setting time step: 0.19201595 in IonStaticPressureOp
norm(r_0) 0
norm(r_1) 0
norm(r_2) 0
norm(r_3) 4.1004276e-05
norm(r_4) 0
Newton iteration  0 : ||r|| = 4.10043e-05
   Pass :  1   Iteration :   0  ||B r|| = 7.66617e-05
   Pass :  1   Iteration :   1  ||B r|| = 5.87255e-06
   Pass :  1   Iteration :   2  ||B r|| = 2.94391e-06
   Pass :  1   Iteration :   3  ||B r|| = 2.28977e-06
   Pass :  1   Iteration :   4  ||B r|| = 2.02097e-06
   Pass :  1   Iteration :   5  ||B r|| = 1.68273e-06
   Pass :  1   Iteration :   6  ||B r|| = 1.4308e-06
   Pass :  1   Iteration :   7  ||B r|| = 1.04694e-06
   Pass :  1   Iteration :   8  ||B r|| = 7.61802e-07
norm(r_0) 0
norm(r_1) 0
norm(r_2) 0
norm(r_3) 5.2582038e-05
norm(r_4) 0
Newton iteration  1 : ||r|| = 5.2582e-05, ||r||/||r_0|| = 1.28235
Setting time step: 0.19201595 in DGTransportTDO
Setting time step: 0.19201595 in CombinedOp
Setting time step: 0.19201595 in IonStaticPressureOp
norm(r_0) 0
norm(r_1) 0
norm(r_2) 0
norm(r_3) 0.00011466124
norm(r_4) 0
Newton iteration  0 : ||r|| = 0.000114661
   Pass :  1   Iteration :   0  ||B r|| = 4.27909e-05
   Pass :  1   Iteration :   1  ||B r|| = 3.78688e-06
   Pass :  1   Iteration :   2  ||B r|| = 1.68808e-06
   Pass :  1   Iteration :   3  ||B r|| = 1.40875e-06
   Pass :  1   Iteration :   4  ||B r|| = 7.93972e-07
norm(r_0) 0
norm(r_1) 0
norm(r_2) 0
norm(r_3) 4.2534424e-05
norm(r_4) 0
Newton iteration  1 : ||r|| = 4.25344e-05, ||r||/||r_0|| = 0.370957
Setting time step: 0.19201595 in DGTransportTDO
Setting time step: 0.19201595 in CombinedOp
Setting time step: 0.19201595 in IonStaticPressureOp
norm(r_0) 0
norm(r_1) 0
norm(r_2) 0
norm(r_3) 9.1374155e-05
norm(r_4) 0
Newton iteration  0 : ||r|| = 9.13742e-05
   Pass :  1   Iteration :   0  ||B r|| = 1.02846e-05
   Pass :  1   Iteration :   1  ||B r|| = 1.46661e-06
   Pass :  1   Iteration :   2  ||B r|| = 9.20695e-07
norm(r_0) 0
norm(r_1) 0
norm(r_2) 0
norm(r_3) 4.1548797e-05
norm(r_4) 0
Newton iteration  1 : ||r|| = 4.15488e-05, ||r||/||r_0|| = 0.454711
Setting time step: 0.19201595 in DGTransportTDO
Setting time step: 0.19201595 in CombinedOp
Setting time step: 0.19201595 in IonStaticPressureOp
norm(r_0) 0
norm(r_1) 0
norm(r_2) 0
norm(r_3) 6.981952e-05
norm(r_4) 0
Newton iteration  0 : ||r|| = 6.98195e-05
   Pass :  1   Iteration :   0  ||B r|| = 5.47734e-06
   Pass :  1   Iteration :   1  ||B r|| = 9.69186e-07
norm(r_0) 0
norm(r_1) 0
norm(r_2) 0
norm(r_3) 3.3305034e-05
norm(r_4) 0
Newton iteration  1 : ||r|| = 3.3305e-05, ||r||/||r_0|| = 0.477016
Setting time step: 0.19201595 in DGTransportTDO
Setting time step: 0.19201595 in CombinedOp
Setting time step: 0.19201595 in IonStaticPressureOp
norm(r_0) 0
norm(r_1) 0
norm(r_2) 0
norm(r_3) 0.0016221647
norm(r_4) 0
Newton iteration  0 : ||r|| = 0.00162216
   Pass :  1   Iteration :   0  ||B r|| = 0.000118865
   Pass :  1   Iteration :   1  ||B r|| = 1.56195e-05
   Pass :  1   Iteration :   2  ||B r|| = 1.31087e-05
   Pass :  1   Iteration :   3  ||B r|| = 1.09646e-05
   Pass :  1   Iteration :   4  ||B r|| = 9.15207e-06
   Pass :  1   Iteration :   5  ||B r|| = 5.32994e-06
   Pass :  1   Iteration :   6  ||B r|| = 4.22643e-06
   Pass :  1   Iteration :   7  ||B r|| = 3.67279e-06
   Pass :  1   Iteration :   8  ||B r|| = 2.91829e-06
   Pass :  1   Iteration :   9  ||B r|| = 2.63802e-06
   Pass :  1   Iteration :  10  ||B r|| = 1.63511e-06
   Pass :  1   Iteration :  11  ||B r|| = 1.36722e-06
   Pass :  1   Iteration :  12  ||B r|| = 1.15504e-06
   Pass :  1   Iteration :  13  ||B r|| = 9.48711e-07
norm(r_0) 0
norm(r_1) 0
norm(r_2) 0
norm(r_3) 6.9825537e-05
norm(r_4) 0
Newton iteration  1 : ||r|| = 6.98255e-05, ||r||/||r_0|| = 0.0430447
Setting time step: 0.38403189 in DGTransportTDO
Setting time step: 0.38403189 in CombinedOp
Setting time step: 0.38403189 in IonStaticPressureOp
norm(r_0) 0
norm(r_1) 0
norm(r_2) 0
norm(r_3) 6.985364e-05
norm(r_4) 0
Newton iteration  0 : ||r|| = 6.98536e-05
   Pass :  1   Iteration :   0  ||B r|| = 1.53259e-05
   Pass :  1   Iteration :   1  ||B r|| = 1.29142e-06
   Pass :  1   Iteration :   2  ||B r|| = 7.87461e-07
norm(r_0) 0
norm(r_1) 0
norm(r_2) 0
norm(r_3) 4.0807719e-05
norm(r_4) 0
Newton iteration  1 : ||r|| = 4.08077e-05, ||r||/||r_0|| = 0.584189
Setting time step: 0.38403189 in DGTransportTDO
Setting time step: 0.38403189 in CombinedOp
Setting time step: 0.38403189 in IonStaticPressureOp
norm(r_0) 0
norm(r_1) 0
norm(r_2) 0
norm(r_3) 0.00011195649
norm(r_4) 0
Newton iteration  0 : ||r|| = 0.000111956
   Pass :  1   Iteration :   0  ||B r|| = 1.4091e-05
   Pass :  1   Iteration :   1  ||B r|| = 8.07011e-07
norm(r_0) 0
norm(r_1) 0
norm(r_2) 0
norm(r_3) 3.6844804e-05
norm(r_4) 0
Newton iteration  1 : ||r|| = 3.68448e-05, ||r||/||r_0|| = 0.329099
Setting time step: 0.38403189 in DGTransportTDO
Setting time step: 0.38403189 in CombinedOp
Setting time step: 0.38403189 in IonStaticPressureOp
norm(r_0) 0
norm(r_1) 0
norm(r_2) 0
norm(r_3) 7.6100817e-05
norm(r_4) 0
Newton iteration  0 : ||r|| = 7.61008e-05
   Pass :  1   Iteration :   0  ||B r|| = 6.91834e-06
   Pass :  1   Iteration :   1  ||B r|| = 7.58116e-07
norm(r_0) 0
norm(r_1) 0
norm(r_2) 0
norm(r_3) 2.9485664e-05
norm(r_4) 0
Newton iteration  1 : ||r|| = 2.94857e-05, ||r||/||r_0|| = 0.387455
Setting time step: 0.38403189 in DGTransportTDO
Setting time step: 0.38403189 in CombinedOp
Setting time step: 0.38403189 in IonStaticPressureOp
norm(r_0) 0
norm(r_1) 0
norm(r_2) 0
norm(r_3) 5.5099024e-05
norm(r_4) 0
Newton iteration  0 : ||r|| = 5.5099e-05
   Pass :  1   Iteration :   0  ||B r|| = 2.86766e-06
   Pass :  1   Iteration :   1  ||B r|| = 7.86195e-07
norm(r_0) 0
norm(r_1) 0
norm(r_2) 0
norm(r_3) 2.8781203e-05
norm(r_4) 0
Newton iteration  1 : ||r|| = 2.87812e-05, ||r||/||r_0|| = 0.522354
Setting time step: 0.38403189 in DGTransportTDO
Setting time step: 0.38403189 in CombinedOp
Setting time step: 0.38403189 in IonStaticPressureOp
norm(r_0) 0
norm(r_1) 0
norm(r_2) 0
norm(r_3) 0.00023035687
norm(r_4) 0
Newton iteration  0 : ||r|| = 0.000230357
   Pass :  1   Iteration :   0  ||B r|| = 3.18413e-05
   Pass :  1   Iteration :   1  ||B r|| = 8.45724e-07
norm(r_0) 0
norm(r_1) 0
norm(r_2) 0
norm(r_3) 6.3374425e-05
norm(r_4) 0
Newton iteration  1 : ||r|| = 6.33744e-05, ||r||/||r_0|| = 0.275114
Setting time step: 0.76806378 in DGTransportTDO
Setting time step: 0.76806378 in CombinedOp
Setting time step: 0.76806378 in IonStaticPressureOp
norm(r_0) 0
norm(r_1) 0
norm(r_2) 0
norm(r_3) 6.3375108e-05
norm(r_4) 0
Newton iteration  0 : ||r|| = 6.33751e-05
   Pass :  1   Iteration :   0  ||B r|| = 5.38799e-07
norm(r_0) 0
norm(r_1) 0
norm(r_2) 0
norm(r_3) 6.3375108e-05
norm(r_4) 0
Newton iteration  1 : ||r|| = 6.33751e-05, ||r||/||r_0|| = 1
Setting time step: 0.76806378 in DGTransportTDO
Setting time step: 0.76806378 in CombinedOp
Setting time step: 0.76806378 in IonStaticPressureOp
norm(r_0) 0
norm(r_1) 0
norm(r_2) 0
norm(r_3) 6.3375108e-05
norm(r_4) 0
Newton iteration  0 : ||r|| = 6.33751e-05
   Pass :  1   Iteration :   0  ||B r|| = 5.38799e-07
norm(r_0) 0
norm(r_1) 0
norm(r_2) 0
norm(r_3) 6.3375108e-05
norm(r_4) 0
Newton iteration  1 : ||r|| = 6.33751e-05, ||r||/||r_0|| = 1
Setting time step: 0.76806378 in DGTransportTDO
Setting time step: 0.76806378 in CombinedOp
Setting time step: 0.76806378 in IonStaticPressureOp
norm(r_0) 0
norm(r_1) 0
norm(r_2) 0
norm(r_3) 6.3375108e-05
norm(r_4) 0
Newton iteration  0 : ||r|| = 6.33751e-05
   Pass :  1   Iteration :   0  ||B r|| = 5.38799e-07
norm(r_0) 0
norm(r_1) 0
norm(r_2) 0
norm(r_3) 6.3375108e-05
norm(r_4) 0
Newton iteration  1 : ||r|| = 6.33751e-05, ||r||/||r_0|| = 1
Setting time step: 0.76806378 in DGTransportTDO
Setting time step: 0.76806378 in CombinedOp
Setting time step: 0.76806378 in IonStaticPressureOp
norm(r_0) 0
norm(r_1) 0
norm(r_2) 0
norm(r_3) 6.3375108e-05
norm(r_4) 0
Newton iteration  0 : ||r|| = 6.33751e-05
   Pass :  1   Iteration :   0  ||B r|| = 5.38799e-07
norm(r_0) 0
norm(r_1) 0
norm(r_2) 0
norm(r_3) 6.3375108e-05
norm(r_4) 0
Newton iteration  1 : ||r|| = 6.33751e-05, ||r||/||r_0|| = 1
Setting time step: 0.76806378 in DGTransportTDO
Setting time step: 0.76806378 in CombinedOp
Setting time step: 0.76806378 in IonStaticPressureOp
norm(r_0) 0
norm(r_1) 0
norm(r_2) 0
norm(r_3) 6.3375108e-05
norm(r_4) 0
Newton iteration  0 : ||r|| = 6.33751e-05
   Pass :  1   Iteration :   0  ||B r|| = 5.38799e-07
norm(r_0) 0
norm(r_1) 0
norm(r_2) 0
norm(r_3) 6.3375108e-05
norm(r_4) 0
Newton iteration  1 : ||r|| = 6.33751e-05, ||r||/||r_0|| = 1
Setting time step: 0.76806378 in DGTransportTDO
Setting time step: 0.76806378 in CombinedOp
Setting time step: 0.76806378 in IonStaticPressureOp
norm(r_0) 0
norm(r_1) 0
norm(r_2) 0
norm(r_3) 6.3375108e-05
norm(r_4) 0
Newton iteration  0 : ||r|| = 6.33751e-05
   Pass :  1   Iteration :   0  ||B r|| = 5.38799e-07
norm(r_0) 0
norm(r_1) 0
norm(r_2) 0
norm(r_3) 6.3375108e-05
norm(r_4) 0
Newton iteration  1 : ||r|| = 6.33751e-05, ||r||/||r_0|| = 1
Setting time step: 0.76806378 in DGTransportTDO
Setting time step: 0.76806378 in CombinedOp
Setting time step: 0.76806378 in IonStaticPressureOp
norm(r_0) 0
norm(r_1) 0
norm(r_2) 0
norm(r_3) 6.3375108e-05
norm(r_4) 0
Newton iteration  0 : ||r|| = 6.33751e-05
   Pass :  1   Iteration :   0  ||B r|| = 5.38799e-07
norm(r_0) 0
norm(r_1) 0
norm(r_2) 0
norm(r_3) 6.3375108e-05
norm(r_4) 0
Newton iteration  1 : ||r|| = 6.33751e-05, ||r||/||r_0|| = 1
Setting time step: 0.76806378 in DGTransportTDO
Setting time step: 0.76806378 in CombinedOp
Setting time step: 0.76806378 in IonStaticPressureOp
norm(r_0) 0
norm(r_1) 0
norm(r_2) 0
norm(r_3) 6.3375108e-05
norm(r_4) 0
Newton iteration  0 : ||r|| = 6.33751e-05
   Pass :  1   Iteration :   0  ||B r|| = 5.38799e-07
norm(r_0) 0
norm(r_1) 0
norm(r_2) 0
norm(r_3) 6.3375108e-05
norm(r_4) 0
Newton iteration  1 : ||r|| = 6.33751e-05, ||r||/||r_0|| = 1
Setting time step: 0.76806378 in DGTransportTDO
Setting time step: 0.76806378 in CombinedOp
Setting time step: 0.76806378 in IonStaticPressureOp
norm(r_0) 0
norm(r_1) 0
norm(r_2) 0
norm(r_3) 6.3375108e-05
norm(r_4) 0
Newton iteration  0 : ||r|| = 6.33751e-05
   Pass :  1   Iteration :   0  ||B r|| = 5.38799e-07
norm(r_0) 0
norm(r_1) 0
norm(r_2) 0
norm(r_3) 6.3375108e-05
norm(r_4) 0
Newton iteration  1 : ||r|| = 6.33751e-05, ||r||/||r_0|| = 1
Setting time step: 0.76806378 in DGTransportTDO
Setting time step: 0.76806378 in CombinedOp
Setting time step: 0.76806378 in IonStaticPressureOp
norm(r_0) 0
norm(r_1) 0
norm(r_2) 0
norm(r_3) 6.3375108e-05
norm(r_4) 0
Newton iteration  0 : ||r|| = 6.33751e-05
   Pass :  1   Iteration :   0  ||B r|| = 5.38799e-07
norm(r_0) 0
norm(r_1) 0
norm(r_2) 0
norm(r_3) 6.3375108e-05
norm(r_4) 0
Newton iteration  1 : ||r|| = 6.33751e-05, ||r||/||r_0|| = 1
Time stepping paused at t = 9.3441319
Steady State solution has been reached

Time stepping done after 1.464198s.
