Options used:
   --mesh ../../mfem/data/inline-quad.mesh
   --bc-file ../../mfem/miniapps/plasma/transport2d_bcs.inp
   --ic-file ../../mfem/miniapps/plasma/transport2d_ics.inp
   --ec-file /home/gz6/mfem-analysis/input-files/transport2d_ecs.inp
   --es-file ../../mfem/miniapps/plasma/transport2d_ess.inp
   --eqdsk-file 
   --logging 1
   --operator-test 8
   --equation-weights '1 1 1 1 1'
   --problem 0
   --refine-serial 1
   --refine-parallel 0
   --enable-amr
   --max-err -1
   --hysteresis 0.25
   --nc-limit 3
   --amr-weights '1 1 1 1 1'
   --order 2
   --dg-sigma -1
   --dg-kappa 9
   --linear-abs-tolerance 1e-06
   --linear-rel-tolerance 1e-06
   --linear-max-iterations 500
   --linear-logging-level 3
   --newton-abs-tolerance 1e-10
   --newton-rel-tolerance 1e-10
   --newton-max-iterations 1
   --newton-logging-level 1
   --steady-state-abs-tolerance 1e-08
   --steady-state-rel-tolerance 1e-08
   --prec-type 1
   --prec-logging-level 0
   --initial-tolerance 1e-05
   --ode-tolerance 0.001
   --ode-solver 2
   --err-per-step
   --ode-weights '1 1 1 1 1'
   --kP 0
   --kI 0.6
   --kD 0
   --theta-max 2
   --t-minimum 0
   --t-final 100
   --time-step 0.01
   --cfl-number 0.3
   --ion-charge 1
   --ion-mass 2.0141018
   --neutral-mass 2.0141018
   --neutral-temp 3
   --min-neutral-density 9e+14
   --max-neutral-density 1e+15
   --neutral-density-exp 0
   --min-ion-density 1e+16
   --max-ion-density 1e+18
   --ion-density-exp 0
   --min-ion-temp 1
   --max-ion-temp 10
   --ion-temp-exp 0
   --min-electron-temp 10
   --max-electron-temp 440
   --electron-temp-exp 0
   --total-B-magnitude 5
   --poloidal-B-magnitude 0.5
   --velocity 1000
   --Di-perp 1
   --Xi-perp 1
   --Xe-perp 1
   --equation-term-flags '-1 -1 -1 -1 -1'
   --visualization-flags '-1 -1 -1 -1 -1'
   --visualization
   --visit-datafiles
   --ascii-datafiles
   --visualization-steps 4
Device configuration: cpu
Memory configuration: host-std
Number of elements in initial mesh: 16
Number of elements after serial refinement: 64
0: Number of elements in parallel mesh: 4
0: Number of elements after parallel refinement: 4
1: Number of elements in parallel mesh: 4
1: Number of elements after parallel refinement: 4
3: Number of elements in parallel mesh: 4
3: Number of elements after parallel refinement: 4
2: Number of elements in parallel mesh: 4
2: Number of elements after parallel refinement: 4
15: Number of elements in parallel mesh: 4
15: Number of elements after parallel refinement: 4
5: Number of elements in parallel mesh: 4
5: Number of elements after parallel refinement: 4
4: Number of elements in parallel mesh: 4
4: Number of elements after parallel refinement: 4
11: Number of elements in parallel mesh: 4
11: Number of elements after parallel refinement: 4
13: Number of elements in parallel mesh: 4
13: Number of elements after parallel refinement: 4
7: Number of elements in parallel mesh: 4
7: Number of elements after parallel refinement: 4
9: Number of elements in parallel mesh: 4
9: Number of elements after parallel refinement: 4
6: Number of elements in parallel mesh: 4
6: Number of elements after parallel refinement: 4
10: Number of elements in parallel mesh: 4
10: Number of elements after parallel refinement: 4
14: Number of elements in parallel mesh: 4
14: Number of elements after parallel refinement: 4
12: Number of elements in parallel mesh: 4
12: Number of elements after parallel refinement: 4
8: Number of elements in parallel mesh: 4
8: Number of elements after parallel refinement: 4
Configuring initial conditions
Reading initial conditions from ../../mfem/miniapps/plasma/transport2d_ics.inp
Configuring exact solutions
Reading exact solutions from ../../mfem/miniapps/plasma/transport2d_ess.inp

AMR iteration 0
Number of unknowns: 576
Stopping criterion satisfied. Stop.
Number of unknowns per field: 576
Total number of unknowns:     2880
Configuring boundary conditions
Reading boundary conditions from ../../mfem/miniapps/plasma/transport2d_bcs.inp
Configuring equation coefficients
Reading equation coefficients from /home/gz6/mfem-analysis/input-files/transport2d_ecs.inp
|mn| = 3.3444946e-27
|ni| = 1
|ne| = 1

|Dn|     = -nan
|Di|     = -nan
|Eta|    = -nan
|nXi|    = -nan
|nXe|    = -nan

|Eta/mn| = -nan
|nXi/ni| = -nan
|nXe/ne| = -nan
Ion Static Pressure: Adding time derivative term proportional to d n_i / dt
Ion Static Pressure: Adding time derivative term proportional to d T_i / dt
Ion Static Pressure: Adding anisotropic diffusion term
Ion Static Pressure: Adding source term
Opening GLVis sockets.
Range of error estimates for initial condition: -nan < elem err < -nan

Begin time stepping at t = 0
Setting time step: 0.0025 in DGTransportTDO
Setting time step: 0.0025 in CombinedOp
Setting time step: 0.0025 in IonStaticPressureOp
norm(r_0) 0
norm(r_1) 0
norm(r_2) 0
norm(r_3) 0.43407982
norm(r_4) 0
Newton iteration  0 : ||r|| = 0.43408
   Pass :  1   Iteration :   0  ||B r|| = 127.333 ...
   Pass :  1   Iteration :  12  ||B r|| = 8.31577e-05
norm(r_0) 0
norm(r_1) 0
norm(r_2) 0
norm(r_3) 4.3404851e-06
norm(r_4) 0
Newton iteration  1 : ||r|| = 4.34049e-06, ||r||/||r_0|| = 9.99928e-06
Setting time step: 0.0025 in DGTransportTDO
Setting time step: 0.0025 in CombinedOp
Setting time step: 0.0025 in IonStaticPressureOp
norm(r_0) 0
norm(r_1) 0
norm(r_2) 0
norm(r_3) 0.40643972
norm(r_4) 0
Newton iteration  0 : ||r|| = 0.40644
   Pass :  1   Iteration :   0  ||B r|| = 119.222 ...
   Pass :  1   Iteration :  12  ||B r|| = 7.78573e-05
norm(r_0) 0
norm(r_1) 0
norm(r_2) 0
norm(r_3) 4.0639094e-06
norm(r_4) 0
Newton iteration  1 : ||r|| = 4.06391e-06, ||r||/||r_0|| = 9.9988e-06
Setting time step: 0.0025 in DGTransportTDO
Setting time step: 0.0025 in CombinedOp
Setting time step: 0.0025 in IonStaticPressureOp
norm(r_0) 0
norm(r_1) 0
norm(r_2) 0
norm(r_3) 0.41735663
norm(r_4) 0
Newton iteration  0 : ||r|| = 0.417357
   Pass :  1   Iteration :   0  ||B r|| = 122.425 ...
   Pass :  1   Iteration :  12  ||B r|| = 7.99504e-05
norm(r_0) 0
norm(r_1) 0
norm(r_2) 0
norm(r_3) 4.1731413e-06
norm(r_4) 0
Newton iteration  1 : ||r|| = 4.17314e-06, ||r||/||r_0|| = 9.99898e-06
Setting time step: 0.0025 in DGTransportTDO
Setting time step: 0.0025 in CombinedOp
Setting time step: 0.0025 in IonStaticPressureOp
norm(r_0) 0
norm(r_1) 0
norm(r_2) 0
norm(r_3) 0.42014244
norm(r_4) 0
Newton iteration  0 : ||r|| = 0.420142
   Pass :  1   Iteration :   0  ||B r|| = 123.242 ...
   Pass :  1   Iteration :  12  ||B r|| = 8.04847e-05
norm(r_0) 0
norm(r_1) 0
norm(r_2) 0
norm(r_3) 4.2010186e-06
norm(r_4) 0
Newton iteration  1 : ||r|| = 4.20102e-06, ||r||/||r_0|| = 9.99903e-06
Setting time step: 0.0025 in DGTransportTDO
Setting time step: 0.0025 in CombinedOp
Setting time step: 0.0025 in IonStaticPressureOp
norm(r_0) 0
norm(r_1) 0
norm(r_2) 0
norm(r_3) 0.39307094
norm(r_4) 0
Newton iteration  0 : ||r|| = 0.393071
   Pass :  1   Iteration :   0  ||B r|| = 115.305 ...
   Pass :  1   Iteration :  12  ||B r|| = 7.52982e-05
norm(r_0) 0
norm(r_1) 0
norm(r_2) 0
norm(r_3) 3.9302294e-06
norm(r_4) 0
Newton iteration  1 : ||r|| = 3.93023e-06, ||r||/||r_0|| = 9.99878e-06
Setting time step: 0.005 in DGTransportTDO
Setting time step: 0.005 in CombinedOp
Setting time step: 0.005 in IonStaticPressureOp
norm(r_0) 0
norm(r_1) 0
norm(r_2) 0
norm(r_3) 0.38056049
norm(r_4) 0
Newton iteration  0 : ||r|| = 0.38056
   Pass :  1   Iteration :   0  ||B r|| = 100.778 ...
   Pass :  1   Iteration :  14  ||B r|| = 4.51404e-05
norm(r_0) 0
norm(r_1) 0
norm(r_2) 0
norm(r_3) 3.6205388e-06
norm(r_4) 0
Newton iteration  1 : ||r|| = 3.62054e-06, ||r||/||r_0|| = 9.5137e-06
Setting time step: 0.005 in DGTransportTDO
Setting time step: 0.005 in CombinedOp
Setting time step: 0.005 in IonStaticPressureOp
norm(r_0) 0
norm(r_1) 0
norm(r_2) 0
norm(r_3) 0.33357355
norm(r_4) 0
Newton iteration  0 : ||r|| = 0.333574
   Pass :  1   Iteration :   0  ||B r|| = 88.3353 ...
   Pass :  1   Iteration :  14  ||B r|| = 3.95651e-05
norm(r_0) 0
norm(r_1) 0
norm(r_2) 0
norm(r_3) 3.1733612e-06
norm(r_4) 0
Newton iteration  1 : ||r|| = 3.17336e-06, ||r||/||r_0|| = 9.51323e-06
Setting time step: 0.005 in DGTransportTDO
Setting time step: 0.005 in CombinedOp
Setting time step: 0.005 in IonStaticPressureOp
norm(r_0) 0
norm(r_1) 0
norm(r_2) 0
norm(r_3) 0.35190446
norm(r_4) 0
Newton iteration  0 : ||r|| = 0.351904
   Pass :  1   Iteration :   0  ||B r|| = 93.1896 ...
   Pass :  1   Iteration :  14  ||B r|| = 4.174e-05
norm(r_0) 0
norm(r_1) 0
norm(r_2) 0
norm(r_3) 3.3478077e-06
norm(r_4) 0
Newton iteration  1 : ||r|| = 3.34781e-06, ||r||/||r_0|| = 9.5134e-06
Setting time step: 0.005 in DGTransportTDO
Setting time step: 0.005 in CombinedOp
Setting time step: 0.005 in IonStaticPressureOp
norm(r_0) 0
norm(r_1) 0
norm(r_2) 0
norm(r_3) 0.35667791
norm(r_4) 0
Newton iteration  0 : ||r|| = 0.356678
   Pass :  1   Iteration :   0  ||B r|| = 94.4537 ...
   Pass :  1   Iteration :  14  ||B r|| = 4.23065e-05
norm(r_0) 0
norm(r_1) 0
norm(r_2) 0
norm(r_3) 3.3932391e-06
norm(r_4) 0
Newton iteration  1 : ||r|| = 3.39324e-06, ||r||/||r_0|| = 9.51345e-06
Setting time step: 0.005 in DGTransportTDO
Setting time step: 0.005 in CombinedOp
Setting time step: 0.005 in IonStaticPressureOp
norm(r_0) 0
norm(r_1) 0
norm(r_2) 0
norm(r_3) 0.31174146
norm(r_4) 0
Newton iteration  0 : ||r|| = 0.311741
   Pass :  1   Iteration :   0  ||B r|| = 82.5547 ...
   Pass :  1   Iteration :  14  ||B r|| = 3.69754e-05
norm(r_0) 0
norm(r_1) 0
norm(r_2) 0
norm(r_3) 2.9656691e-06
norm(r_4) 0
Newton iteration  1 : ||r|| = 2.96567e-06, ||r||/||r_0|| = 9.51323e-06
Setting time step: 0.01 in DGTransportTDO
Setting time step: 0.01 in CombinedOp
Setting time step: 0.01 in IonStaticPressureOp
norm(r_0) 0
norm(r_1) 0
norm(r_2) 0
norm(r_3) 0.29249732
norm(r_4) 0
Newton iteration  0 : ||r|| = 0.292497
   Pass :  1   Iteration :   0  ||B r|| = 65.9892 ...
   Pass :  1   Iteration :  15  ||B r|| = 5.00027e-05
norm(r_0) 0
norm(r_1) 0
norm(r_2) 0
norm(r_3) 7.6632872e-06
norm(r_4) 0
Newton iteration  1 : ||r|| = 7.66329e-06, ||r||/||r_0|| = 2.61995e-05
Setting time step: 0.01 in DGTransportTDO
Setting time step: 0.01 in CombinedOp
Setting time step: 0.01 in IonStaticPressureOp
norm(r_0) 0
norm(r_1) 0
norm(r_2) 0
norm(r_3) 0.22446641
norm(r_4) 0
Newton iteration  0 : ||r|| = 0.224466
   Pass :  1   Iteration :   0  ||B r|| = 50.6412 ...
   Pass :  1   Iteration :  15  ||B r|| = 3.83726e-05
norm(r_0) 0
norm(r_1) 0
norm(r_2) 0
norm(r_3) 5.8808889e-06
norm(r_4) 0
Newton iteration  1 : ||r|| = 5.88089e-06, ||r||/||r_0|| = 2.61994e-05
Setting time step: 0.01 in DGTransportTDO
Setting time step: 0.01 in CombinedOp
Setting time step: 0.01 in IonStaticPressureOp
norm(r_0) 0
norm(r_1) 0
norm(r_2) 0
norm(r_3) 0.25041289
norm(r_4) 0
Newton iteration  0 : ||r|| = 0.250413
   Pass :  1   Iteration :   0  ||B r|| = 56.4949 ...
   Pass :  1   Iteration :  15  ||B r|| = 4.28082e-05
norm(r_0) 0
norm(r_1) 0
norm(r_2) 0
norm(r_3) 6.5606841e-06
norm(r_4) 0
Newton iteration  1 : ||r|| = 6.56068e-06, ||r||/||r_0|| = 2.61995e-05
Setting time step: 0.01 in DGTransportTDO
Setting time step: 0.01 in CombinedOp
Setting time step: 0.01 in IonStaticPressureOp
norm(r_0) 0
norm(r_1) 0
norm(r_2) 0
norm(r_3) 0.25742769
norm(r_4) 0
Newton iteration  0 : ||r|| = 0.257428
   Pass :  1   Iteration :   0  ||B r|| = 58.0774 ...
   Pass :  1   Iteration :  15  ||B r|| = 4.40074e-05
norm(r_0) 0
norm(r_1) 0
norm(r_2) 0
norm(r_3) 6.7444701e-06
norm(r_4) 0
Newton iteration  1 : ||r|| = 6.74447e-06, ||r||/||r_0|| = 2.61995e-05
Setting time step: 0.01 in DGTransportTDO
Setting time step: 0.01 in CombinedOp
Setting time step: 0.01 in IonStaticPressureOp
norm(r_0) 0
norm(r_1) 0
norm(r_2) 0
norm(r_3) 0.19553424
norm(r_4) 0
Newton iteration  0 : ||r|| = 0.195534
   Pass :  1   Iteration :   0  ||B r|| = 44.1138 ...
   Pass :  1   Iteration :  15  ||B r|| = 3.34263e-05
norm(r_0) 0
norm(r_1) 0
norm(r_2) 0
norm(r_3) 5.1228299e-06
norm(r_4) 0
Newton iteration  1 : ||r|| = 5.12283e-06, ||r||/||r_0|| = 2.61991e-05
Setting time step: 0.02 in DGTransportTDO
Setting time step: 0.02 in CombinedOp
Setting time step: 0.02 in IonStaticPressureOp
norm(r_0) 0
norm(r_1) 0
norm(r_2) 0
norm(r_3) 0.17279471
norm(r_4) 0
Newton iteration  0 : ||r|| = 0.172795
   Pass :  1   Iteration :   0  ||B r|| = 31.3066 ...
   Pass :  1   Iteration :  16  ||B r|| = 2.59479e-05
norm(r_0) 0
norm(r_1) 0
norm(r_2) 0
norm(r_3) 9.4339311e-06
norm(r_4) 0
Newton iteration  1 : ||r|| = 9.43393e-06, ||r||/||r_0|| = 5.45962e-05
Setting time step: 0.02 in DGTransportTDO
Setting time step: 0.02 in CombinedOp
Setting time step: 0.02 in IonStaticPressureOp
norm(r_0) 0
norm(r_1) 0
norm(r_2) 0
norm(r_3) 0.10078962
norm(r_4) 0
Newton iteration  0 : ||r|| = 0.10079
   Pass :  1   Iteration :   0  ||B r|| = 18.2608 ...
   Pass :  1   Iteration :  16  ||B r|| = 1.51351e-05
norm(r_0) 0
norm(r_1) 0
norm(r_2) 0
norm(r_3) 5.5027116e-06
norm(r_4) 0
Newton iteration  1 : ||r|| = 5.50271e-06, ||r||/||r_0|| = 5.4596e-05
Setting time step: 0.02 in DGTransportTDO
Setting time step: 0.02 in CombinedOp
Setting time step: 0.02 in IonStaticPressureOp
norm(r_0) 0
norm(r_1) 0
norm(r_2) 0
norm(r_3) 0.12719128
norm(r_4) 0
Newton iteration  0 : ||r|| = 0.127191
   Pass :  1   Iteration :   0  ||B r|| = 23.0443 ...
   Pass :  1   Iteration :  16  ||B r|| = 1.90998e-05
norm(r_0) 0
norm(r_1) 0
norm(r_2) 0
norm(r_3) 6.9441452e-06
norm(r_4) 0
Newton iteration  1 : ||r|| = 6.94415e-06, ||r||/||r_0|| = 5.45961e-05
Setting time step: 0.02 in DGTransportTDO
Setting time step: 0.02 in CombinedOp
Setting time step: 0.02 in IonStaticPressureOp
norm(r_0) 0
norm(r_1) 0
norm(r_2) 0
norm(r_3) 0.13481759
norm(r_4) 0
Newton iteration  0 : ||r|| = 0.134818
   Pass :  1   Iteration :   0  ||B r|| = 24.426 ...
   Pass :  1   Iteration :  16  ||B r|| = 2.0245e-05
norm(r_0) 0
norm(r_1) 0
norm(r_2) 0
norm(r_3) 7.3605151e-06
norm(r_4) 0
Newton iteration  1 : ||r|| = 7.36052e-06, ||r||/||r_0|| = 5.45961e-05
Setting time step: 0.02 in DGTransportTDO
Setting time step: 0.02 in CombinedOp
Setting time step: 0.02 in IonStaticPressureOp
norm(r_0) 0
norm(r_1) 0
norm(r_2) 0
norm(r_3) 0.076260147
norm(r_4) 0
Newton iteration  0 : ||r|| = 0.0762601
   Pass :  1   Iteration :   0  ||B r|| = 13.8167 ...
   Pass :  1   Iteration :  16  ||B r|| = 1.14517e-05
norm(r_0) 0
norm(r_1) 0
norm(r_2) 0
norm(r_3) 4.1635275e-06
norm(r_4) 0
Newton iteration  1 : ||r|| = 4.16353e-06, ||r||/||r_0|| = 5.45964e-05
Time stepping paused at t = 0.15

Estimating errors.
No refinements necessary.
No derefinements needed.

AMR iteration 1
Number of unknowns: 576
Setting time step: 0.019723172 in DGTransportTDO
Setting time step: 0.019723172 in CombinedOp
Setting time step: 0.019723172 in IonStaticPressureOp
norm(r_0) 0
norm(r_1) 0
norm(r_2) 0
norm(r_3) 0.060371278
norm(r_4) 0
Newton iteration  0 : ||r|| = 0.0603713
   Pass :  1   Iteration :   0  ||B r|| = 11.0007 ...
   Pass :  1   Iteration :  16  ||B r|| = 8.98241e-06
norm(r_0) 0
norm(r_1) 0
norm(r_2) 0
norm(r_3) 3.2247301e-06
norm(r_4) 0
Newton iteration  1 : ||r|| = 3.22473e-06, ||r||/||r_0|| = 5.3415e-05
Setting time step: 0.019723172 in DGTransportTDO
Setting time step: 0.019723172 in CombinedOp
Setting time step: 0.019723172 in IonStaticPressureOp
norm(r_0) 0
norm(r_1) 0
norm(r_2) 0
norm(r_3) 0.035490387
norm(r_4) 0
Newton iteration  0 : ||r|| = 0.0354904
   Pass :  1   Iteration :   0  ||B r|| = 6.46695 ...
   Pass :  1   Iteration :  16  ||B r|| = 5.28048e-06
norm(r_0) 0
norm(r_1) 0
norm(r_2) 0
norm(r_3) 1.8957182e-06
norm(r_4) 0
Newton iteration  1 : ||r|| = 1.89572e-06, ||r||/||r_0|| = 5.3415e-05
Setting time step: 0.019723172 in DGTransportTDO
Setting time step: 0.019723172 in CombinedOp
Setting time step: 0.019723172 in IonStaticPressureOp
norm(r_0) 0
norm(r_1) 0
norm(r_2) 0
norm(r_3) 0.044622409
norm(r_4) 0
Newton iteration  0 : ||r|| = 0.0446224
   Pass :  1   Iteration :   0  ||B r|| = 8.13096 ...
   Pass :  1   Iteration :  16  ||B r|| = 6.63919e-06
norm(r_0) 0
norm(r_1) 0
norm(r_2) 0
norm(r_3) 2.3835048e-06
norm(r_4) 0
Newton iteration  1 : ||r|| = 2.3835e-06, ||r||/||r_0|| = 5.3415e-05
Setting time step: 0.019723172 in DGTransportTDO
Setting time step: 0.019723172 in CombinedOp
Setting time step: 0.019723172 in IonStaticPressureOp
norm(r_0) 0
norm(r_1) 0
norm(r_2) 0
norm(r_3) 0.047255812
norm(r_4) 0
Newton iteration  0 : ||r|| = 0.0472558
   Pass :  1   Iteration :   0  ||B r|| = 8.61081 ...
   Pass :  1   Iteration :  16  ||B r|| = 7.03101e-06
norm(r_0) 0
norm(r_1) 0
norm(r_2) 0
norm(r_3) 2.524168e-06
norm(r_4) 0
Newton iteration  1 : ||r|| = 2.52417e-06, ||r||/||r_0|| = 5.3415e-05
Setting time step: 0.019723172 in DGTransportTDO
Setting time step: 0.019723172 in CombinedOp
Setting time step: 0.019723172 in IonStaticPressureOp
norm(r_0) 0
norm(r_1) 0
norm(r_2) 0
norm(r_3) 0.026954939
norm(r_4) 0
Newton iteration  0 : ||r|| = 0.0269549
   Pass :  1   Iteration :   0  ||B r|| = 4.91165 ...
   Pass :  1   Iteration :  16  ||B r|| = 4.01052e-06
norm(r_0) 0
norm(r_1) 0
norm(r_2) 0
norm(r_3) 1.4397985e-06
norm(r_4) 0
Newton iteration  1 : ||r|| = 1.4398e-06, ||r||/||r_0|| = 5.3415e-05
Setting time step: 0.038633848 in DGTransportTDO
Setting time step: 0.038633848 in CombinedOp
Setting time step: 0.038633848 in IonStaticPressureOp
norm(r_0) 0
norm(r_1) 0
norm(r_2) 0
norm(r_3) 0.021400457
norm(r_4) 0
Newton iteration  0 : ||r|| = 0.0214005
   Pass :  1   Iteration :   0  ||B r|| = 2.79241 ...
   Pass :  1   Iteration :  17  ||B r|| = 2.04028e-06
norm(r_0) 0
norm(r_1) 0
norm(r_2) 0
norm(r_3) 1.2812343e-06
norm(r_4) 0
Newton iteration  1 : ||r|| = 1.28123e-06, ||r||/||r_0|| = 5.98695e-05
Setting time step: 0.038633848 in DGTransportTDO
Setting time step: 0.038633848 in CombinedOp
Setting time step: 0.038633848 in IonStaticPressureOp
norm(r_0) 0
norm(r_1) 0
norm(r_2) 0
norm(r_3) 0.0069744289
norm(r_4) 0
Newton iteration  0 : ||r|| = 0.00697443
   Pass :  1   Iteration :   0  ||B r|| = 0.910052 ...
   Pass :  1   Iteration :  17  ||B r|| = 6.64925e-07
norm(r_0) 0
norm(r_1) 0
norm(r_2) 0
norm(r_3) 4.1755252e-07
norm(r_4) 0
Newton iteration  1 : ||r|| = 4.17553e-07, ||r||/||r_0|| = 5.98691e-05
Setting time step: 0.038633848 in DGTransportTDO
Setting time step: 0.038633848 in CombinedOp
Setting time step: 0.038633848 in IonStaticPressureOp
norm(r_0) 0
norm(r_1) 0
norm(r_2) 0
norm(r_3) 0.011966873
norm(r_4) 0
Newton iteration  0 : ||r|| = 0.0119669
   Pass :  1   Iteration :   0  ||B r|| = 1.56148 ...
   Pass :  1   Iteration :  17  ||B r|| = 1.1409e-06
norm(r_0) 0
norm(r_1) 0
norm(r_2) 0
norm(r_3) 7.1644821e-07
norm(r_4) 0
Newton iteration  1 : ||r|| = 7.16448e-07, ||r||/||r_0|| = 5.98693e-05
Setting time step: 0.038633848 in DGTransportTDO
Setting time step: 0.038633848 in CombinedOp
Setting time step: 0.038633848 in IonStaticPressureOp
norm(r_0) 0
norm(r_1) 0
norm(r_2) 0
norm(r_3) 0.013558524
norm(r_4) 0
Newton iteration  0 : ||r|| = 0.0135585
   Pass :  1   Iteration :   0  ||B r|| = 1.76917 ...
   Pass :  1   Iteration :  17  ||B r|| = 1.29264e-06
norm(r_0) 0
norm(r_1) 0
norm(r_2) 0
norm(r_3) 8.1173997e-07
norm(r_4) 0
Newton iteration  1 : ||r|| = 8.1174e-07, ||r||/||r_0|| = 5.98693e-05
Setting time step: 0.038633848 in DGTransportTDO
Setting time step: 0.038633848 in CombinedOp
Setting time step: 0.038633848 in IonStaticPressureOp
norm(r_0) 0
norm(r_1) 0
norm(r_2) 0
norm(r_3) 0.0043807305
norm(r_4) 0
Newton iteration  0 : ||r|| = 0.00438073
   Pass :  1   Iteration :   0  ||B r|| = 0.571611 ...
   Pass :  1   Iteration :  16  ||B r|| = 8.47305e-07
norm(r_0) 0
norm(r_1) 0
norm(r_2) 0
norm(r_3) 5.6566576e-07
norm(r_4) 0
Newton iteration  1 : ||r|| = 5.65666e-07, ||r||/||r_0|| = 0.000129126
Setting time step: 0.042546968 in DGTransportTDO
Setting time step: 0.042546968 in CombinedOp
Setting time step: 0.042546968 in IonStaticPressureOp
norm(r_0) 0
norm(r_1) 0
norm(r_2) 0
norm(r_3) 0.0029041977
norm(r_4) 0
Newton iteration  0 : ||r|| = 0.0029042
   Pass :  1   Iteration :   0  ||B r|| = 0.357739 ...
   Pass :  1   Iteration :  16  ||B r|| = 5.68416e-07
norm(r_0) 0
norm(r_1) 0
norm(r_2) 0
norm(r_3) 4.1636591e-07
norm(r_4) 0
Newton iteration  1 : ||r|| = 4.16366e-07, ||r||/||r_0|| = 0.000143367
Setting time step: 0.042546968 in DGTransportTDO
Setting time step: 0.042546968 in CombinedOp
Setting time step: 0.042546968 in IonStaticPressureOp
norm(r_0) 0
norm(r_1) 0
norm(r_2) 0
norm(r_3) 0.00081936219
norm(r_4) 0
Newton iteration  0 : ||r|| = 0.000819362
   Pass :  1   Iteration :   0  ||B r|| = 0.100929 ...
   Pass :  1   Iteration :  14  ||B r|| = 6.59695e-07
norm(r_0) 0
norm(r_1) 0
norm(r_2) 0
norm(r_3) 4.2468945e-07
norm(r_4) 0
Newton iteration  1 : ||r|| = 4.24689e-07, ||r||/||r_0|| = 0.000518317
Setting time step: 0.042546968 in DGTransportTDO
Setting time step: 0.042546968 in CombinedOp
Setting time step: 0.042546968 in IonStaticPressureOp
norm(r_0) 0
norm(r_1) 0
norm(r_2) 0
norm(r_3) 0.0015335653
norm(r_4) 0
Newton iteration  0 : ||r|| = 0.00153357
   Pass :  1   Iteration :   0  ||B r|| = 0.188905 ...
   Pass :  1   Iteration :  15  ||B r|| = 5.47079e-07
norm(r_0) 0
norm(r_1) 0
norm(r_2) 0
norm(r_3) 3.7087134e-07
norm(r_4) 0
Newton iteration  1 : ||r|| = 3.70871e-07, ||r||/||r_0|| = 0.000241836
Setting time step: 0.042546968 in DGTransportTDO
Setting time step: 0.042546968 in CombinedOp
Setting time step: 0.042546968 in IonStaticPressureOp
norm(r_0) 0
norm(r_1) 0
norm(r_2) 0
norm(r_3) 0.0017652764
norm(r_4) 0
Newton iteration  0 : ||r|| = 0.00176528
   Pass :  1   Iteration :   0  ||B r|| = 0.217447 ...
   Pass :  1   Iteration :  15  ||B r|| = 6.29741e-07
norm(r_0) 0
norm(r_1) 0
norm(r_2) 0
norm(r_3) 4.2690913e-07
norm(r_4) 0
Newton iteration  1 : ||r|| = 4.26909e-07, ||r||/||r_0|| = 0.000241837
Setting time step: 0.042546968 in DGTransportTDO
Setting time step: 0.042546968 in CombinedOp
Setting time step: 0.042546968 in IonStaticPressureOp
norm(r_0) 0
norm(r_1) 0
norm(r_2) 0
norm(r_3) 0.00051267422
norm(r_4) 0
Newton iteration  0 : ||r|| = 0.000512674
   Pass :  1   Iteration :   0  ||B r|| = 0.0631514 ...
   Pass :  1   Iteration :  13  ||B r|| = 7.91806e-07
norm(r_0) 0
norm(r_1) 0
norm(r_2) 0
norm(r_3) 5.6154262e-07
norm(r_4) 0
Newton iteration  1 : ||r|| = 5.61543e-07, ||r||/||r_0|| = 0.00109532
Setting time step: 0.085093936 in DGTransportTDO
Setting time step: 0.085093936 in CombinedOp
Setting time step: 0.085093936 in IonStaticPressureOp
norm(r_0) 0
norm(r_1) 0
norm(r_2) 0
norm(r_3) 0.00032865965
norm(r_4) 0
Newton iteration  0 : ||r|| = 0.00032866
   Pass :  1   Iteration :   0  ||B r|| = 0.0245429 ...
   Pass :  1   Iteration :  13  ||B r|| = 4.70973e-07
norm(r_0) 0
norm(r_1) 0
norm(r_2) 0
norm(r_3) 6.8845327e-07
norm(r_4) 0
Newton iteration  1 : ||r|| = 6.88453e-07, ||r||/||r_0|| = 0.00209473
Setting time step: 0.085093936 in DGTransportTDO
Setting time step: 0.085093936 in CombinedOp
Setting time step: 0.085093936 in IonStaticPressureOp
norm(r_0) 0
norm(r_1) 0
norm(r_2) 0
norm(r_3) 1.85882e-05
norm(r_4) 0
Newton iteration  0 : ||r|| = 1.85882e-05
   Pass :  1   Iteration :   0  ||B r|| = 0.00138704 ...
   Pass :  1   Iteration :   9  ||B r|| = 4.81036e-07
norm(r_0) 0
norm(r_1) 0
norm(r_2) 0
norm(r_3) 6.8190894e-07
norm(r_4) 0
Newton iteration  1 : ||r|| = 6.81909e-07, ||r||/||r_0|| = 0.036685
Setting time step: 0.085093936 in DGTransportTDO
Setting time step: 0.085093936 in CombinedOp
Setting time step: 0.085093936 in IonStaticPressureOp
norm(r_0) 0
norm(r_1) 0
norm(r_2) 0
norm(r_3) 9.0978822e-05
norm(r_4) 0
Newton iteration  0 : ||r|| = 9.09788e-05
   Pass :  1   Iteration :   0  ||B r|| = 0.00679333 ...
   Pass :  1   Iteration :  11  ||B r|| = 5.59342e-07
norm(r_0) 0
norm(r_1) 0
norm(r_2) 0
norm(r_3) 6.7496391e-07
norm(r_4) 0
Newton iteration  1 : ||r|| = 6.74964e-07, ||r||/||r_0|| = 0.00741891
Setting time step: 0.085093936 in DGTransportTDO
Setting time step: 0.085093936 in CombinedOp
Setting time step: 0.085093936 in IonStaticPressureOp
norm(r_0) 0
norm(r_1) 0
norm(r_2) 0
norm(r_3) 0.00013194124
norm(r_4) 0
Newton iteration  0 : ||r|| = 0.000131941
   Pass :  1   Iteration :   0  ||B r|| = 0.00985242 ...
   Pass :  1   Iteration :  11  ||B r|| = 8.11635e-07
norm(r_0) 0
norm(r_1) 0
norm(r_2) 0
norm(r_3) 9.793923e-07
norm(r_4) 0
Newton iteration  1 : ||r|| = 9.79392e-07, ||r||/||r_0|| = 0.00742294
Setting time step: 0.085093936 in DGTransportTDO
Setting time step: 0.085093936 in CombinedOp
Setting time step: 0.085093936 in IonStaticPressureOp
norm(r_0) 0
norm(r_1) 0
norm(r_2) 0
norm(r_3) 3.845834e-05
norm(r_4) 0
Newton iteration  0 : ||r|| = 3.84583e-05
   Pass :  1   Iteration :   0  ||B r|| = 0.00285042 ...
   Pass :  1   Iteration :   9  ||B r|| = 9.90659e-07
norm(r_0) 0
norm(r_1) 0
norm(r_2) 0
norm(r_3) 1.4016656e-06
norm(r_4) 0
Newton iteration  1 : ||r|| = 1.40167e-06, ||r||/||r_0|| = 0.0364463
Time stepping paused at t = 0.8939917

Estimating errors.
No refinements necessary.
No derefinements needed.

AMR iteration 2
Number of unknowns: 576
Setting time step: 0.17018787 in DGTransportTDO
Setting time step: 0.17018787 in CombinedOp
Setting time step: 0.17018787 in IonStaticPressureOp
norm(r_0) 0
norm(r_1) 0
norm(r_2) 0
norm(r_3) 1.8031758e-05
norm(r_4) 0
Newton iteration  0 : ||r|| = 1.80318e-05
   Pass :  1   Iteration :   0  ||B r|| = 0.000761546 ...
   Pass :  1   Iteration :   8  ||B r|| = 7.17995e-07
norm(r_0) 0
norm(r_1) 0
norm(r_2) 0
norm(r_3) 1.81248e-06
norm(r_4) 0
Newton iteration  1 : ||r|| = 1.81248e-06, ||r||/||r_0|| = 0.100516
Setting time step: 0.17018787 in DGTransportTDO
Setting time step: 0.17018787 in CombinedOp
Setting time step: 0.17018787 in IonStaticPressureOp
norm(r_0) 0
norm(r_1) 0
norm(r_2) 0
norm(r_3) 7.9807993e-06
norm(r_4) 0
Newton iteration  0 : ||r|| = 7.9808e-06
   Pass :  1   Iteration :   0  ||B r|| = 0.000291281 ...
   Pass :  1   Iteration :   7  ||B r|| = 5.41002e-07
norm(r_0) 0
norm(r_1) 0
norm(r_2) 0
norm(r_3) 1.3622642e-06
norm(r_4) 0
Newton iteration  1 : ||r|| = 1.36226e-06, ||r||/||r_0|| = 0.170693
Setting time step: 0.17018787 in DGTransportTDO
Setting time step: 0.17018787 in CombinedOp
Setting time step: 0.17018787 in IonStaticPressureOp
norm(r_0) 0
norm(r_1) 0
norm(r_2) 0
norm(r_3) 3.2295897e-06
norm(r_4) 0
Newton iteration  0 : ||r|| = 3.22959e-06
   Pass :  1   Iteration :   0  ||B r|| = 1.35183e-05 ...
   Pass :  1   Iteration :   2  ||B r|| = 8.76384e-07
norm(r_0) 0
norm(r_1) 0
norm(r_2) 0
norm(r_3) 2.1093425e-06
norm(r_4) 0
Newton iteration  1 : ||r|| = 2.10934e-06, ||r||/||r_0|| = 0.65313
Setting time step: 0.17018787 in DGTransportTDO
Setting time step: 0.17018787 in CombinedOp
Setting time step: 0.17018787 in IonStaticPressureOp
norm(r_0) 0
norm(r_1) 0
norm(r_2) 0
norm(r_3) 4.2707808e-06
norm(r_4) 0
Newton iteration  0 : ||r|| = 4.27078e-06
   Pass :  1   Iteration :   0  ||B r|| = 0.000145551 ...
   Pass :  1   Iteration :   5  ||B r|| = 9.30648e-07
norm(r_0) 0
norm(r_1) 0
norm(r_2) 0
norm(r_3) 2.2982864e-06
norm(r_4) 0
Newton iteration  1 : ||r|| = 2.29829e-06, ||r||/||r_0|| = 0.538142
Setting time step: 0.17018787 in DGTransportTDO
Setting time step: 0.17018787 in CombinedOp
Setting time step: 0.17018787 in IonStaticPressureOp
norm(r_0) 0
norm(r_1) 0
norm(r_2) 0
norm(r_3) 0.00010009795
norm(r_4) 0
Newton iteration  0 : ||r|| = 0.000100098
   Pass :  1   Iteration :   0  ||B r|| = 0.000286262 ...
   Pass :  1   Iteration :   7  ||B r|| = 6.20644e-07
norm(r_0) 0
norm(r_1) 0
norm(r_2) 0
norm(r_3) 1.7911265e-06
norm(r_4) 0
Newton iteration  1 : ||r|| = 1.79113e-06, ||r||/||r_0|| = 0.0178937
Setting time step: 0.34037574 in DGTransportTDO
Setting time step: 0.34037574 in CombinedOp
Setting time step: 0.34037574 in IonStaticPressureOp
norm(r_0) 0
norm(r_1) 0
norm(r_2) 0
norm(r_3) 3.1513059e-06
norm(r_4) 0
Newton iteration  0 : ||r|| = 3.15131e-06
   Pass :  1   Iteration :   0  ||B r|| = 5.86591e-05 ...
   Pass :  1   Iteration :   4  ||B r|| = 7.52284e-07
norm(r_0) 0
norm(r_1) 0
norm(r_2) 0
norm(r_3) 3.2663963e-06
norm(r_4) 0
Newton iteration  1 : ||r|| = 3.2664e-06, ||r||/||r_0|| = 1.03652
Setting time step: 0.34037574 in DGTransportTDO
Setting time step: 0.34037574 in CombinedOp
Setting time step: 0.34037574 in IonStaticPressureOp
norm(r_0) 0
norm(r_1) 0
norm(r_2) 0
norm(r_3) 6.0104308e-06
norm(r_4) 0
Newton iteration  0 : ||r|| = 6.01043e-06
   Pass :  1   Iteration :   0  ||B r|| = 3.7358e-05 ...
   Pass :  1   Iteration :   3  ||B r|| = 6.62672e-07
norm(r_0) 0
norm(r_1) 0
norm(r_2) 0
norm(r_3) 2.7209759e-06
norm(r_4) 0
Newton iteration  1 : ||r|| = 2.72098e-06, ||r||/||r_0|| = 0.452709
Setting time step: 0.34037574 in DGTransportTDO
Setting time step: 0.34037574 in CombinedOp
Setting time step: 0.34037574 in IonStaticPressureOp
norm(r_0) 0
norm(r_1) 0
norm(r_2) 0
norm(r_3) 5.174465e-06
norm(r_4) 0
Newton iteration  0 : ||r|| = 5.17447e-06
   Pass :  1   Iteration :   0  ||B r|| = 1.16611e-05 ...
   Pass :  1   Iteration :   2  ||B r|| = 3.88285e-07
norm(r_0) 0
norm(r_1) 0
norm(r_2) 0
norm(r_3) 2.0234572e-06
norm(r_4) 0
Newton iteration  1 : ||r|| = 2.02346e-06, ||r||/||r_0|| = 0.391047
Setting time step: 0.34037574 in DGTransportTDO
Setting time step: 0.34037574 in CombinedOp
Setting time step: 0.34037574 in IonStaticPressureOp
norm(r_0) 0
norm(r_1) 0
norm(r_2) 0
norm(r_3) 4.2317696e-06
norm(r_4) 0
Newton iteration  0 : ||r|| = 4.23177e-06
   Pass :  1   Iteration :   0  ||B r|| = 1.52265e-06 ...
   Pass :  1   Iteration :   1  ||B r|| = 8.25027e-07
norm(r_0) 0
norm(r_1) 0
norm(r_2) 0
norm(r_3) 2.3596593e-06
norm(r_4) 0
Newton iteration  1 : ||r|| = 2.35966e-06, ||r||/||r_0|| = 0.557606
Setting time step: 0.34037574 in DGTransportTDO
Setting time step: 0.34037574 in CombinedOp
Setting time step: 0.34037574 in IonStaticPressureOp
norm(r_0) 0
norm(r_1) 0
norm(r_2) 0
norm(r_3) 8.3900875e-05
norm(r_4) 0
Newton iteration  0 : ||r|| = 8.39009e-05
   Pass :  1   Iteration :   0  ||B r|| = 6.98476e-05 ...
   Pass :  1   Iteration :   6  ||B r|| = 5.29285e-07
norm(r_0) 0
norm(r_1) 0
norm(r_2) 0
norm(r_3) 3.0002229e-06
norm(r_4) 0
Newton iteration  1 : ||r|| = 3.00022e-06, ||r||/||r_0|| = 0.0357591
Setting time step: 0.68075149 in DGTransportTDO
Setting time step: 0.68075149 in CombinedOp
Setting time step: 0.68075149 in IonStaticPressureOp
norm(r_0) 0
norm(r_1) 0
norm(r_2) 0
norm(r_3) 3.0470831e-06
norm(r_4) 0
Newton iteration  0 : ||r|| = 3.04708e-06
   Pass :  1   Iteration :   0  ||B r|| = 1.68007e-06 ...
   Pass :  1   Iteration :   1  ||B r|| = 2.3104e-07
norm(r_0) 0
norm(r_1) 0
norm(r_2) 0
norm(r_3) 1.6092294e-06
norm(r_4) 0
Newton iteration  1 : ||r|| = 1.60923e-06, ||r||/||r_0|| = 0.528121
Setting time step: 0.68075149 in DGTransportTDO
Setting time step: 0.68075149 in CombinedOp
Setting time step: 0.68075149 in IonStaticPressureOp
norm(r_0) 0
norm(r_1) 0
norm(r_2) 0
norm(r_3) 3.7087311e-06
norm(r_4) 0
Newton iteration  0 : ||r|| = 3.70873e-06
   Pass :  1   Iteration :   0  ||B r|| = 1.53161e-06 ...
   Pass :  1   Iteration :   1  ||B r|| = 1.35791e-07
norm(r_0) 0
norm(r_1) 0
norm(r_2) 0
norm(r_3) 8.484079e-07
norm(r_4) 0
Newton iteration  1 : ||r|| = 8.48408e-07, ||r||/||r_0|| = 0.22876
Setting time step: 0.68075149 in DGTransportTDO
Setting time step: 0.68075149 in CombinedOp
Setting time step: 0.68075149 in IonStaticPressureOp
norm(r_0) 0
norm(r_1) 0
norm(r_2) 0
norm(r_3) 2.7097442e-06
norm(r_4) 0
Newton iteration  0 : ||r|| = 2.70974e-06
   Pass :  1   Iteration :   0  ||B r|| = 7.71693e-07
norm(r_0) 0
norm(r_1) 0
norm(r_2) 0
norm(r_3) 2.7097442e-06
norm(r_4) 0
Newton iteration  1 : ||r|| = 2.70974e-06, ||r||/||r_0|| = 1
Setting time step: 0.68075149 in DGTransportTDO
Setting time step: 0.68075149 in CombinedOp
Setting time step: 0.68075149 in IonStaticPressureOp
norm(r_0) 0
norm(r_1) 0
norm(r_2) 0
norm(r_3) 2.3016789e-06
norm(r_4) 0
Newton iteration  0 : ||r|| = 2.30168e-06
   Pass :  1   Iteration :   0  ||B r|| = 4.43322e-07
norm(r_0) 0
norm(r_1) 0
norm(r_2) 0
norm(r_3) 2.3016789e-06
norm(r_4) 0
Newton iteration  1 : ||r|| = 2.30168e-06, ||r||/||r_0|| = 1
Setting time step: 0.68075149 in DGTransportTDO
Setting time step: 0.68075149 in CombinedOp
Setting time step: 0.68075149 in IonStaticPressureOp
norm(r_0) 0
norm(r_1) 0
norm(r_2) 0
norm(r_3) 2.6238743e-05
norm(r_4) 0
Newton iteration  0 : ||r|| = 2.62387e-05
   Pass :  1   Iteration :   0  ||B r|| = 1.09537e-05 ...
   Pass :  1   Iteration :   1  ||B r|| = 3.32137e-07
norm(r_0) 0
norm(r_1) 0
norm(r_2) 0
norm(r_3) 4.360439e-06
norm(r_4) 0
Newton iteration  1 : ||r|| = 4.36044e-06, ||r||/||r_0|| = 0.166183
Setting time step: 1.361503 in DGTransportTDO
Setting time step: 1.361503 in CombinedOp
Setting time step: 1.361503 in IonStaticPressureOp
norm(r_0) 0
norm(r_1) 0
norm(r_2) 0
norm(r_3) 4.3572274e-06
norm(r_4) 0
Newton iteration  0 : ||r|| = 4.35723e-06
   Pass :  1   Iteration :   0  ||B r|| = 2.8441e-07
norm(r_0) 0
norm(r_1) 0
norm(r_2) 0
norm(r_3) 4.3572274e-06
norm(r_4) 0
Newton iteration  1 : ||r|| = 4.35723e-06, ||r||/||r_0|| = 1
Setting time step: 1.361503 in DGTransportTDO
Setting time step: 1.361503 in CombinedOp
Setting time step: 1.361503 in IonStaticPressureOp
norm(r_0) 0
norm(r_1) 0
norm(r_2) 0
norm(r_3) 4.3572274e-06
norm(r_4) 0
Newton iteration  0 : ||r|| = 4.35723e-06
   Pass :  1   Iteration :   0  ||B r|| = 2.8441e-07
norm(r_0) 0
norm(r_1) 0
norm(r_2) 0
norm(r_3) 4.3572274e-06
norm(r_4) 0
Newton iteration  1 : ||r|| = 4.35723e-06, ||r||/||r_0|| = 1
Setting time step: 1.361503 in DGTransportTDO
Setting time step: 1.361503 in CombinedOp
Setting time step: 1.361503 in IonStaticPressureOp
norm(r_0) 0
norm(r_1) 0
norm(r_2) 0
norm(r_3) 4.3572274e-06
norm(r_4) 0
Newton iteration  0 : ||r|| = 4.35723e-06
   Pass :  1   Iteration :   0  ||B r|| = 2.8441e-07
norm(r_0) 0
norm(r_1) 0
norm(r_2) 0
norm(r_3) 4.3572274e-06
norm(r_4) 0
Newton iteration  1 : ||r|| = 4.35723e-06, ||r||/||r_0|| = 1
Setting time step: 1.361503 in DGTransportTDO
Setting time step: 1.361503 in CombinedOp
Setting time step: 1.361503 in IonStaticPressureOp
norm(r_0) 0
norm(r_1) 0
norm(r_2) 0
norm(r_3) 4.3572274e-06
norm(r_4) 0
Newton iteration  0 : ||r|| = 4.35723e-06
   Pass :  1   Iteration :   0  ||B r|| = 2.8441e-07
norm(r_0) 0
norm(r_1) 0
norm(r_2) 0
norm(r_3) 4.3572274e-06
norm(r_4) 0
Newton iteration  1 : ||r|| = 4.35723e-06, ||r||/||r_0|| = 1
Setting time step: 1.361503 in DGTransportTDO
Setting time step: 1.361503 in CombinedOp
Setting time step: 1.361503 in IonStaticPressureOp
norm(r_0) 0
norm(r_1) 0
norm(r_2) 0
norm(r_3) 4.3572274e-06
norm(r_4) 0
Newton iteration  0 : ||r|| = 4.35723e-06
   Pass :  1   Iteration :   0  ||B r|| = 2.8441e-07
norm(r_0) 0
norm(r_1) 0
norm(r_2) 0
norm(r_3) 4.3572274e-06
norm(r_4) 0
Newton iteration  1 : ||r|| = 4.35723e-06, ||r||/||r_0|| = 1
Time stepping paused at t = 11.105264
Steady State solution has been reached

Time stepping done after 0.6062722s.
