0.00242284	2.97985e-16	2.97985e-16	0	0.488177	2.40496e-16
0.011844	2.97985e-16	2.97985e-16	0	0.445661	2.40496e-16
0.0179298	2.97985e-16	2.97985e-16	0	0.484754	2.40496e-16
0.0224945	2.97985e-16	2.97985e-16	0	0.839567	2.40496e-16
0.0266509	2.97985e-16	2.97985e-16	0	0.987796	2.40496e-16
0.0309705	2.97985e-16	2.97985e-16	0	0.999369	2.40496e-16
0.0350811	2.97985e-16	2.97985e-16	0	0.999954	2.40496e-16
0.0390883	2.97985e-16	2.97985e-16	0	0.999994	2.40496e-16
0.0431997	2.97985e-16	2.97985e-16	0	0.999999	2.40496e-16
0.047173	2.97985e-16	2.97985e-16	0	1	2.40496e-16
0.0511247	2.97985e-16	2.97985e-16	0	1	2.40496e-16
0.0553988	2.97985e-16	2.97985e-16	0	1	2.40496e-16
0.0595285	2.97985e-16	2.97985e-16	0	1	2.40496e-16
0.0634773	2.97985e-16	2.97985e-16	0	1	2.40496e-16
0.0676998	2.97985e-16	2.97985e-16	0	1	2.40496e-16
0.0717047	2.97985e-16	2.97985e-16	0	1	2.40496e-16
0.0758116	2.97985e-16	2.97985e-16	0	1	2.40496e-16
0.0797958	2.97985e-16	2.97985e-16	0	1	2.40496e-16
0.0837897	2.97985e-16	2.97985e-16	0	1	2.40496e-16
0.0878311	2.97985e-16	2.97985e-16	0	1	2.40496e-16
0.0918994	2.97985e-16	2.97985e-16	0	1	2.40496e-16
0.0960749	2.97985e-16	2.97985e-16	0	1	2.40496e-16
0.100057	2.97985e-16	2.97985e-16	0	1	2.40496e-16
0.104042	2.97985e-16	2.97985e-16	0	1	2.40496e-16
0.10804	2.97985e-16	2.97985e-16	0	1	2.40496e-16
0.112103	2.97985e-16	2.97985e-16	0	1	2.40496e-16
0.116188	2.97985e-16	2.97985e-16	0	1	2.40496e-16
0.120263	2.97985e-16	2.97985e-16	0	1	2.40496e-16
0.124336	2.97985e-16	2.97985e-16	0	1	2.40496e-16
0.128464	2.97985e-16	2.97985e-16	0	1	2.40496e-16
0.132418	2.97985e-16	2.97985e-16	0	1	2.40496e-16
0.136596	2.97985e-16	2.97985e-16	0	1	2.40496e-16
0.140582	2.97985e-16	2.97985e-16	0	1	2.40496e-16
0.14458	2.97985e-16	2.97985e-16	0	1	2.40496e-16
0.148645	2.97985e-16	2.97985e-16	0	1	2.40496e-16
0.15274	2.97985e-16	2.97985e-16	0	1	2.40496e-16
0.156809	2.97985e-16	2.97985e-16	0	1	2.40496e-16
0.1608	2.97985e-16	2.97985e-16	0	1	2.40496e-16
0.164902	2.97985e-16	2.97985e-16	0	1	2.40496e-16
0.169021	2.97985e-16	2.97985e-16	0	1	2.40496e-16
0.173289	2.97985e-16	2.97985e-16	0	1	2.40496e-16
0.177408	2.97985e-16	2.97985e-16	0	1	2.40496e-16
0.181359	2.97985e-16	2.97985e-16	0	1	2.40496e-16
0.185636	2.97985e-16	2.97985e-16	0	1	2.40496e-16
0.189756	2.97985e-16	2.97985e-16	0	1	2.40496e-16
0.193744	2.97985e-16	2.97985e-16	0	1	2.40496e-16
0.197756	2.97985e-16	2.97985e-16	0	1	2.40496e-16
0.201884	2.97985e-16	2.97985e-16	0	1	2.40496e-16
0.205839	2.97985e-16	2.97985e-16	0	1	2.40496e-16
0.210005	2.97985e-16	2.97985e-16	0	1	2.40496e-16
0.213979	2.97985e-16	2.97985e-16	0	1	2.40496e-16
0.217931	2.97985e-16	2.97985e-16	0	1	2.40496e-16
0.222192	2.97985e-16	2.97985e-16	0	1	2.40496e-16
0.226317	2.97985e-16	2.97985e-16	0	1	2.40496e-16
0.230258	2.97985e-16	2.97985e-16	0	1	2.40496e-16
0.234347	2.97985e-16	2.97985e-16	0	1	2.40496e-16
0.238405	2.97985e-16	2.97985e-16	0	1	2.40496e-16
0.242661	2.97985e-16	2.97985e-16	0	1	2.40496e-16
0.246765	2.97985e-16	2.97985e-16	0	1	2.40496e-16
0.250759	2.97985e-16	2.97985e-16	0	1	2.40496e-16
0.254798	2.97985e-16	2.97985e-16	0	1	2.40496e-16
0.258868	2.97985e-16	2.97985e-16	0	1	2.40496e-16
0.262894	2.97985e-16	2.97985e-16	0	1	2.40496e-16
0.26705	2.97985e-16	2.97985e-16	0	1	2.40496e-16
0.271057	2.97985e-16	2.97985e-16	0	1	2.40496e-16
0.275101	2.97985e-16	2.97985e-16	0	1	2.40496e-16
0.279487	2.97985e-16	2.97985e-16	0	1	2.40496e-16
0.283589	2.97985e-16	2.97985e-16	0	1	2.40496e-16
0.287694	2.97985e-16	2.97985e-16	0	1	2.40496e-16
0.291825	2.97985e-16	2.97985e-16	0	1	2.40496e-16
0.29577	2.97985e-16	2.97985e-16	0	1	2.40496e-16
0.299881	2.97985e-16	2.97985e-16	0	1	2.40496e-16
0.304056	2.97985e-16	2.97985e-16	0	1	2.40496e-16
0.307993	2.97985e-16	2.97985e-16	0	1	2.40496e-16
0.312162	2.97985e-16	2.97985e-16	0	1	2.40496e-16
0.316102	2.97985e-16	2.97985e-16	0	1	2.40496e-16
0.3202	2.97985e-16	2.97985e-16	0	1	2.40496e-16
0.324293	2.97985e-16	2.97985e-16	0	1	2.40496e-16
0.328344	2.97985e-16	2.97985e-16	0	1	2.40496e-16
0.33267	2.97985e-16	2.97985e-16	0	1	2.40496e-16
0.33674	2.97985e-16	2.97985e-16	0	1	2.40496e-16
0.340674	2.97985e-16	2.97985e-16	0	1	2.40496e-16
0.344952	2.97985e-16	2.97985e-16	0	1	2.40496e-16
0.349068	2.97985e-16	2.97985e-16	0	1	2.40496e-16
0.353097	2.97985e-16	2.97985e-16	0	1	2.40496e-16
0.357174	2.97985e-16	2.97985e-16	0	1	2.40496e-16
0.361281	2.97985e-16	2.97985e-16	0	1	2.40496e-16
0.365268	2.97985e-16	2.97985e-16	0	1	2.40496e-16
0.369275	2.97985e-16	2.97985e-16	0	1	2.40496e-16
0.373395	2.97985e-16	2.97985e-16	0	1	2.40496e-16
0.377343	2.97985e-16	2.97985e-16	0	1	2.40496e-16
0.381528	2.97985e-16	2.97985e-16	0	1	2.40496e-16
0.385476	2.97985e-16	2.97985e-16	0	1	2.40496e-16
0.389677	2.97985e-16	2.97985e-16	0	1	2.40496e-16
0.393644	2.97985e-16	2.97985e-16	0	1	2.40496e-16
0.39758	2.97985e-16	2.97985e-16	0	1	2.40496e-16
0.401778	2.97985e-16	2.97985e-16	0	1	2.40496e-16
0.40575	2.97985e-16	2.97985e-16	0	1	2.40496e-16
0.409699	2.97985e-16	2.97985e-16	0	1	2.40496e-16
0.413939	2.97985e-16	2.97985e-16	0	1	2.40496e-16
0.417982	2.97985e-16	2.97985e-16	0	1	2.40496e-16
0.422051	2.97985e-16	2.97985e-16	0	1	2.40496e-16
0.426328	2.97985e-16	2.97985e-16	0	1	2.40496e-16
0.43045	2.97985e-16	2.97985e-16	0	1	2.40496e-16
0.434431	2.97985e-16	2.97985e-16	0	1	2.40496e-16
0.43841	2.97985e-16	2.97985e-16	0	1	2.40496e-16
0.442381	2.97985e-16	2.97985e-16	0	1	2.40496e-16
0.446328	2.97985e-16	2.97985e-16	0	1	2.40496e-16
0.45049	2.97985e-16	2.97985e-16	0	1	2.40496e-16
0.454447	2.97985e-16	2.97985e-16	0	1	2.40496e-16
