Options used:
   --mesh ../../mfem/data/inline-quad.mesh
   --bc-file ../../mfem/miniapps/plasma/transport2d_bcs.inp
   --ic-file ../../mfem/miniapps/plasma/transport2d_ics.inp
   --ec-file /home/gz6/mfem-analysis/input-files/transport2d_ecs.inp
   --es-file ../../mfem/miniapps/plasma/transport2d_ess.inp
   --eqdsk-file 
   --logging 1
   --operator-test 8
   --equation-weights '1 1 1 1 1'
   --problem 0
   --refine-serial 1
   --refine-parallel 0
   --enable-amr
   --max-err -1
   --hysteresis 0.25
   --nc-limit 3
   --amr-weights '1 1 1 1 1'
   --order 4
   --dg-sigma -1
   --dg-kappa 25
   --linear-abs-tolerance 1e-06
   --linear-rel-tolerance 1e-06
   --linear-max-iterations 500
   --linear-logging-level 3
   --newton-abs-tolerance 1e-10
   --newton-rel-tolerance 1e-10
   --newton-max-iterations 1
   --newton-logging-level 1
   --steady-state-abs-tolerance 1e-08
   --steady-state-rel-tolerance 1e-08
   --prec-type 1
   --prec-logging-level 0
   --initial-tolerance 1e-05
   --ode-tolerance 0.001
   --ode-solver 2
   --err-per-step
   --ode-weights '1 1 1 1 1'
   --kP 0
   --kI 0.6
   --kD 0
   --theta-max 2
   --t-minimum 0
   --t-final 100
   --time-step 0.01
   --cfl-number 0.3
   --ion-charge 1
   --ion-mass 2.0141018
   --neutral-mass 2.0141018
   --neutral-temp 3
   --min-neutral-density 9e+14
   --max-neutral-density 1e+15
   --neutral-density-exp 0
   --min-ion-density 1e+16
   --max-ion-density 1e+18
   --ion-density-exp 0
   --min-ion-temp 1
   --max-ion-temp 10
   --ion-temp-exp 0
   --min-electron-temp 10
   --max-electron-temp 440
   --electron-temp-exp 0
   --total-B-magnitude 5
   --poloidal-B-magnitude 0.5
   --velocity 1000
   --Di-perp 1
   --Xi-perp 1
   --Xe-perp 1
   --equation-term-flags '-1 -1 -1 -1 -1'
   --visualization-flags '-1 -1 -1 -1 -1'
   --visualization
   --visit-datafiles
   --ascii-datafiles
   --visualization-steps 4
Device configuration: cpu
Memory configuration: host-std
Number of elements in initial mesh: 16
Number of elements after serial refinement: 64
1: Number of elements in parallel mesh: 4
1: Number of elements after parallel refinement: 4
0: Number of elements in parallel mesh: 4
0: Number of elements after parallel refinement: 4
9: Number of elements in parallel mesh: 4
9: Number of elements after parallel refinement: 4
5: Number of elements in parallel mesh: 4
11: Number of elements in parallel mesh: 4
11: Number of elements after parallel refinement: 4
10: Number of elements in parallel mesh: 4
10: Number of elements after parallel refinement: 4
5: Number of elements after parallel refinement: 4
3: Number of elements in parallel mesh: 4
3: Number of elements after parallel refinement: 4
2: Number of elements in parallel mesh: 4
2: Number of elements after parallel refinement: 4
4: Number of elements in parallel mesh: 4
4: Number of elements after parallel refinement: 4
12: Number of elements in parallel mesh: 4
12: Number of elements after parallel refinement: 4
15: Number of elements in parallel mesh: 4
15: Number of elements after parallel refinement: 4
8: Number of elements in parallel mesh: 4
8: Number of elements after parallel refinement: 4
7: Number of elements in parallel mesh: 4
7: Number of elements after parallel refinement: 4
13: Number of elements in parallel mesh: 4
13: Number of elements after parallel refinement: 4
14: Number of elements in parallel mesh: 4
14: Number of elements after parallel refinement: 4
6: Number of elements in parallel mesh: 4
6: Number of elements after parallel refinement: 4
Configuring initial conditions
Reading initial conditions from ../../mfem/miniapps/plasma/transport2d_ics.inp
Configuring exact solutions
Reading exact solutions from ../../mfem/miniapps/plasma/transport2d_ess.inp

AMR iteration 0
Number of unknowns: 1600
Stopping criterion satisfied. Stop.
Number of unknowns per field: 1600
Total number of unknowns:     8000
Configuring boundary conditions
Reading boundary conditions from ../../mfem/miniapps/plasma/transport2d_bcs.inp
Configuring equation coefficients
Reading equation coefficients from /home/gz6/mfem-analysis/input-files/transport2d_ecs.inp
|mn| = 3.3444946e-27
|ni| = 1
|ne| = 1

|Dn|     = -nan
|Di|     = -nan
|Eta|    = -nan
|nXi|    = -nan
|nXe|    = -nan

|Eta/mn| = -nan
|nXi/ni| = -nan
|nXe/ne| = -nan
Ion Static Pressure: Adding time derivative term proportional to d n_i / dt
Ion Static Pressure: Adding time derivative term proportional to d T_i / dt
Ion Static Pressure: Adding anisotropic diffusion term
Ion Static Pressure: Adding source term
Opening GLVis sockets.
Range of error estimates for initial condition: -nan < elem err < -nan

Begin time stepping at t = 0
Setting time step: 0.0025 in DGTransportTDO
Setting time step: 0.0025 in CombinedOp
Setting time step: 0.0025 in IonStaticPressureOp
norm(r_0) 0
norm(r_1) 0
norm(r_2) 0
norm(r_3) 0.27575492
norm(r_4) 0
Newton iteration  0 : ||r|| = 0.275755
   Pass :  1   Iteration :   0  ||B r|| = 175.875 ...
   Pass :  1   Iteration :  36  ||B r|| = 0.00014101
norm(r_0) 0
norm(r_1) 0
norm(r_2) 0
norm(r_3) 6.1488773e-05
norm(r_4) 0
Newton iteration  1 : ||r|| = 6.14888e-05, ||r||/||r_0|| = 0.000222983
Setting time step: 0.0025 in DGTransportTDO
Setting time step: 0.0025 in CombinedOp
Setting time step: 0.0025 in IonStaticPressureOp
norm(r_0) 0
norm(r_1) 0
norm(r_2) 0
norm(r_3) 0.25818509
norm(r_4) 0
Newton iteration  0 : ||r|| = 0.258185
   Pass :  1   Iteration :   0  ||B r|| = 164.671 ...
   Pass :  1   Iteration :  36  ||B r|| = 0.000132083
norm(r_0) 0
norm(r_1) 0
norm(r_2) 0
norm(r_3) 5.7599973e-05
norm(r_4) 0
Newton iteration  1 : ||r|| = 5.76e-05, ||r||/||r_0|| = 0.000223096
Setting time step: 0.0025 in DGTransportTDO
Setting time step: 0.0025 in CombinedOp
Setting time step: 0.0025 in IonStaticPressureOp
norm(r_0) 0
norm(r_1) 0
norm(r_2) 0
norm(r_3) 0.26512285
norm(r_4) 0
Newton iteration  0 : ||r|| = 0.265123
   Pass :  1   Iteration :   0  ||B r|| = 169.096 ...
   Pass :  1   Iteration :  36  ||B r|| = 0.000135617
norm(r_0) 0
norm(r_1) 0
norm(r_2) 0
norm(r_3) 5.9139963e-05
norm(r_4) 0
Newton iteration  1 : ||r|| = 5.914e-05, ||r||/||r_0|| = 0.000223066
Setting time step: 0.0025 in DGTransportTDO
Setting time step: 0.0025 in CombinedOp
Setting time step: 0.0025 in IonStaticPressureOp
norm(r_0) 0
norm(r_1) 0
norm(r_2) 0
norm(r_3) 0.26689414
norm(r_4) 0
Newton iteration  0 : ||r|| = 0.266894
   Pass :  1   Iteration :   0  ||B r|| = 170.225 ...
   Pass :  1   Iteration :  36  ||B r|| = 0.000136514
norm(r_0) 0
norm(r_1) 0
norm(r_2) 0
norm(r_3) 5.9530863e-05
norm(r_4) 0
Newton iteration  1 : ||r|| = 5.95309e-05, ||r||/||r_0|| = 0.00022305
Setting time step: 0.0025 in DGTransportTDO
Setting time step: 0.0025 in CombinedOp
Setting time step: 0.0025 in IonStaticPressureOp
norm(r_0) 0
norm(r_1) 0
norm(r_2) 0
norm(r_3) 0.24970994
norm(r_4) 0
Newton iteration  0 : ||r|| = 0.24971
   Pass :  1   Iteration :   0  ||B r|| = 159.261 ...
   Pass :  1   Iteration :  36  ||B r|| = 0.000127661
norm(r_0) 0
norm(r_1) 0
norm(r_2) 0
norm(r_3) 5.5666476e-05
norm(r_4) 0
Newton iteration  1 : ||r|| = 5.56665e-05, ||r||/||r_0|| = 0.000222925
Setting time step: 0.005 in DGTransportTDO
Setting time step: 0.005 in CombinedOp
Setting time step: 0.005 in IonStaticPressureOp
norm(r_0) 0
norm(r_1) 0
norm(r_2) 0
norm(r_3) 0.24175171
norm(r_4) 0
Newton iteration  0 : ||r|| = 0.241752
   Pass :  1   Iteration :   0  ||B r|| = 134.494 ...
   Pass :  1   Iteration :  39  ||B r|| = 0.000128595
norm(r_0) 0
norm(r_1) 0
norm(r_2) 0
norm(r_3) 9.470231e-05
norm(r_4) 0
Newton iteration  1 : ||r|| = 9.47023e-05, ||r||/||r_0|| = 0.000391734
Setting time step: 0.005 in DGTransportTDO
Setting time step: 0.005 in CombinedOp
Setting time step: 0.005 in IonStaticPressureOp
norm(r_0) 0
norm(r_1) 0
norm(r_2) 0
norm(r_3) 0.21190077
norm(r_4) 0
Newton iteration  0 : ||r|| = 0.211901
   Pass :  1   Iteration :   0  ||B r|| = 117.888 ...
   Pass :  1   Iteration :  39  ||B r|| = 0.000112714
norm(r_0) 0
norm(r_1) 0
norm(r_2) 0
norm(r_3) 8.301284e-05
norm(r_4) 0
Newton iteration  1 : ||r|| = 8.30128e-05, ||r||/||r_0|| = 0.000391753
Setting time step: 0.005 in DGTransportTDO
Setting time step: 0.005 in CombinedOp
Setting time step: 0.005 in IonStaticPressureOp
norm(r_0) 0
norm(r_1) 0
norm(r_2) 0
norm(r_3) 0.22354599
norm(r_4) 0
Newton iteration  0 : ||r|| = 0.223546
   Pass :  1   Iteration :   0  ||B r|| = 124.366 ...
   Pass :  1   Iteration :  39  ||B r|| = 0.000118909
norm(r_0) 0
norm(r_1) 0
norm(r_2) 0
norm(r_3) 8.757375e-05
norm(r_4) 0
Newton iteration  1 : ||r|| = 8.75737e-05, ||r||/||r_0|| = 0.000391748
Setting time step: 0.005 in DGTransportTDO
Setting time step: 0.005 in CombinedOp
Setting time step: 0.005 in IonStaticPressureOp
norm(r_0) 0
norm(r_1) 0
norm(r_2) 0
norm(r_3) 0.2265787
norm(r_4) 0
Newton iteration  0 : ||r|| = 0.226579
   Pass :  1   Iteration :   0  ||B r|| = 126.053 ...
   Pass :  1   Iteration :  39  ||B r|| = 0.000120523
norm(r_0) 0
norm(r_1) 0
norm(r_2) 0
norm(r_3) 8.8761154e-05
norm(r_4) 0
Newton iteration  1 : ||r|| = 8.87612e-05, ||r||/||r_0|| = 0.000391745
Setting time step: 0.005 in DGTransportTDO
Setting time step: 0.005 in CombinedOp
Setting time step: 0.005 in IonStaticPressureOp
norm(r_0) 0
norm(r_1) 0
norm(r_2) 0
norm(r_3) 0.19803724
norm(r_4) 0
Newton iteration  0 : ||r|| = 0.198037
   Pass :  1   Iteration :   0  ||B r|| = 110.173 ...
   Pass :  1   Iteration :  39  ||B r|| = 0.000105341
norm(r_0) 0
norm(r_1) 0
norm(r_2) 0
norm(r_3) 7.7573818e-05
norm(r_4) 0
Newton iteration  1 : ||r|| = 7.75738e-05, ||r||/||r_0|| = 0.000391713
Setting time step: 0.01 in DGTransportTDO
Setting time step: 0.01 in CombinedOp
Setting time step: 0.01 in IonStaticPressureOp
norm(r_0) 0
norm(r_1) 0
norm(r_2) 0
norm(r_3) 0.18580895
norm(r_4) 0
Newton iteration  0 : ||r|| = 0.185809
   Pass :  1   Iteration :   0  ||B r|| = 81.5623 ...
   Pass :  1   Iteration :  43  ||B r|| = 6.73427e-05
norm(r_0) 0
norm(r_1) 0
norm(r_2) 0
norm(r_3) 9.2692884e-05
norm(r_4) 0
Newton iteration  1 : ||r|| = 9.26929e-05, ||r||/||r_0|| = 0.000498861
Setting time step: 0.01 in DGTransportTDO
Setting time step: 0.01 in CombinedOp
Setting time step: 0.01 in IonStaticPressureOp
norm(r_0) 0
norm(r_1) 0
norm(r_2) 0
norm(r_3) 0.1425936
norm(r_4) 0
Newton iteration  0 : ||r|| = 0.142594
   Pass :  1   Iteration :   0  ||B r|| = 62.5924 ...
   Pass :  1   Iteration :  43  ||B r|| = 5.1679e-05
norm(r_0) 0
norm(r_1) 0
norm(r_2) 0
norm(r_3) 7.1132822e-05
norm(r_4) 0
Newton iteration  1 : ||r|| = 7.11328e-05, ||r||/||r_0|| = 0.00049885
Setting time step: 0.01 in DGTransportTDO
Setting time step: 0.01 in CombinedOp
Setting time step: 0.01 in IonStaticPressureOp
norm(r_0) 0
norm(r_1) 0
norm(r_2) 0
norm(r_3) 0.15907574
norm(r_4) 0
Newton iteration  0 : ||r|| = 0.159076
   Pass :  1   Iteration :   0  ||B r|| = 69.8274 ...
   Pass :  1   Iteration :  43  ||B r|| = 5.76529e-05
norm(r_0) 0
norm(r_1) 0
norm(r_2) 0
norm(r_3) 7.9355521e-05
norm(r_4) 0
Newton iteration  1 : ||r|| = 7.93555e-05, ||r||/||r_0|| = 0.000498854
Setting time step: 0.01 in DGTransportTDO
Setting time step: 0.01 in CombinedOp
Setting time step: 0.01 in IonStaticPressureOp
norm(r_0) 0
norm(r_1) 0
norm(r_2) 0
norm(r_3) 0.16353171
norm(r_4) 0
Newton iteration  0 : ||r|| = 0.163532
   Pass :  1   Iteration :   0  ||B r|| = 71.7834 ...
   Pass :  1   Iteration :  43  ||B r|| = 5.92681e-05
norm(r_0) 0
norm(r_1) 0
norm(r_2) 0
norm(r_3) 8.157866e-05
norm(r_4) 0
Newton iteration  1 : ||r|| = 8.15787e-05, ||r||/||r_0|| = 0.000498855
Setting time step: 0.01 in DGTransportTDO
Setting time step: 0.01 in CombinedOp
Setting time step: 0.01 in IonStaticPressureOp
norm(r_0) 0
norm(r_1) 0
norm(r_2) 0
norm(r_3) 0.12421299
norm(r_4) 0
Newton iteration  0 : ||r|| = 0.124213
   Pass :  1   Iteration :   0  ||B r|| = 54.5246 ...
   Pass :  1   Iteration :  43  ||B r|| = 4.50191e-05
norm(r_0) 0
norm(r_1) 0
norm(r_2) 0
norm(r_3) 6.1965651e-05
norm(r_4) 0
Newton iteration  1 : ||r|| = 6.19657e-05, ||r||/||r_0|| = 0.000498866
Setting time step: 0.02 in DGTransportTDO
Setting time step: 0.02 in CombinedOp
Setting time step: 0.02 in IonStaticPressureOp
norm(r_0) 0
norm(r_1) 0
norm(r_2) 0
norm(r_3) 0.10976879
norm(r_4) 0
Newton iteration  0 : ||r|| = 0.109769
   Pass :  1   Iteration :   0  ||B r|| = 33.4471 ...
   Pass :  1   Iteration :  45  ||B r|| = 3.26795e-05
norm(r_0) 0
norm(r_1) 0
norm(r_2) 0
norm(r_3) 8.3116009e-05
norm(r_4) 0
Newton iteration  1 : ||r|| = 8.3116e-05, ||r||/||r_0|| = 0.000757192
Setting time step: 0.02 in DGTransportTDO
Setting time step: 0.02 in CombinedOp
Setting time step: 0.02 in IonStaticPressureOp
norm(r_0) 0
norm(r_1) 0
norm(r_2) 0
norm(r_3) 0.064029099
norm(r_4) 0
Newton iteration  0 : ||r|| = 0.0640291
   Pass :  1   Iteration :   0  ||B r|| = 19.5096 ...
   Pass :  1   Iteration :  45  ||B r|| = 1.90605e-05
norm(r_0) 0
norm(r_1) 0
norm(r_2) 0
norm(r_3) 4.847836e-05
norm(r_4) 0
Newton iteration  1 : ||r|| = 4.84784e-05, ||r||/||r_0|| = 0.00075713
Setting time step: 0.02 in DGTransportTDO
Setting time step: 0.02 in CombinedOp
Setting time step: 0.02 in IonStaticPressureOp
norm(r_0) 0
norm(r_1) 0
norm(r_2) 0
norm(r_3) 0.080800429
norm(r_4) 0
Newton iteration  0 : ||r|| = 0.0808004
   Pass :  1   Iteration :   0  ||B r|| = 24.62 ...
   Pass :  1   Iteration :  45  ||B r|| = 2.40539e-05
norm(r_0) 0
norm(r_1) 0
norm(r_2) 0
norm(r_3) 6.1178316e-05
norm(r_4) 0
Newton iteration  1 : ||r|| = 6.11783e-05, ||r||/||r_0|| = 0.000757153
Setting time step: 0.02 in DGTransportTDO
Setting time step: 0.02 in CombinedOp
Setting time step: 0.02 in IonStaticPressureOp
norm(r_0) 0
norm(r_1) 0
norm(r_2) 0
norm(r_3) 0.085644795
norm(r_4) 0
Newton iteration  0 : ||r|| = 0.0856448
   Pass :  1   Iteration :   0  ||B r|| = 26.0961 ...
   Pass :  1   Iteration :  45  ||B r|| = 2.54964e-05
norm(r_0) 0
norm(r_1) 0
norm(r_2) 0
norm(r_3) 6.4847031e-05
norm(r_4) 0
Newton iteration  1 : ||r|| = 6.4847e-05, ||r||/||r_0|| = 0.000757163
Setting time step: 0.02 in DGTransportTDO
Setting time step: 0.02 in CombinedOp
Setting time step: 0.02 in IonStaticPressureOp
norm(r_0) 0
norm(r_1) 0
norm(r_2) 0
norm(r_3) 0.048443309
norm(r_4) 0
Newton iteration  0 : ||r|| = 0.0484433
   Pass :  1   Iteration :   0  ||B r|| = 14.7614 ...
   Pass :  1   Iteration :  45  ||B r|| = 1.44241e-05
norm(r_0) 0
norm(r_1) 0
norm(r_2) 0
norm(r_3) 3.6685188e-05
norm(r_4) 0
Newton iteration  1 : ||r|| = 3.66852e-05, ||r||/||r_0|| = 0.000757281
Time stepping paused at t = 0.15

Estimating errors.
No refinements necessary.
No derefinements needed.

AMR iteration 1
Number of unknowns: 1600
Setting time step: 0.019711997 in DGTransportTDO
Setting time step: 0.019711997 in CombinedOp
Setting time step: 0.019711997 in IonStaticPressureOp
norm(r_0) 0
norm(r_1) 0
norm(r_2) 0
norm(r_3) 0.038351879
norm(r_4) 0
Newton iteration  0 : ||r|| = 0.0383519
   Pass :  1   Iteration :   0  ||B r|| = 11.7906 ...
   Pass :  1   Iteration :  45  ||B r|| = 1.13494e-05
norm(r_0) 0
norm(r_1) 0
norm(r_2) 0
norm(r_3) 2.8443636e-05
norm(r_4) 0
Newton iteration  1 : ||r|| = 2.84436e-05, ||r||/||r_0|| = 0.000741649
Setting time step: 0.019711997 in DGTransportTDO
Setting time step: 0.019711997 in CombinedOp
Setting time step: 0.019711997 in IonStaticPressureOp
norm(r_0) 0
norm(r_1) 0
norm(r_2) 0
norm(r_3) 0.022553029
norm(r_4) 0
Newton iteration  0 : ||r|| = 0.022553
   Pass :  1   Iteration :   0  ||B r|| = 6.93355 ...
   Pass :  1   Iteration :  45  ||B r|| = 6.67407e-06
norm(r_0) 0
norm(r_1) 0
norm(r_2) 0
norm(r_3) 1.6726432e-05
norm(r_4) 0
Newton iteration  1 : ||r|| = 1.67264e-05, ||r||/||r_0|| = 0.000741649
Setting time step: 0.019711997 in DGTransportTDO
Setting time step: 0.019711997 in CombinedOp
Setting time step: 0.019711997 in IonStaticPressureOp
norm(r_0) 0
norm(r_1) 0
norm(r_2) 0
norm(r_3) 0.028351902
norm(r_4) 0
Newton iteration  0 : ||r|| = 0.0283519
   Pass :  1   Iteration :   0  ||B r|| = 8.7163 ...
   Pass :  1   Iteration :  45  ||B r|| = 8.39012e-06
norm(r_0) 0
norm(r_1) 0
norm(r_2) 0
norm(r_3) 2.1027162e-05
norm(r_4) 0
Newton iteration  1 : ||r|| = 2.10272e-05, ||r||/||r_0|| = 0.000741649
Setting time step: 0.019711997 in DGTransportTDO
Setting time step: 0.019711997 in CombinedOp
Setting time step: 0.019711997 in IonStaticPressureOp
norm(r_0) 0
norm(r_1) 0
norm(r_2) 0
norm(r_3) 0.030024013
norm(r_4) 0
Newton iteration  0 : ||r|| = 0.030024
   Pass :  1   Iteration :   0  ||B r|| = 9.23035 ...
   Pass :  1   Iteration :  45  ||B r|| = 8.88495e-06
norm(r_0) 0
norm(r_1) 0
norm(r_2) 0
norm(r_3) 2.2267282e-05
norm(r_4) 0
Newton iteration  1 : ||r|| = 2.22673e-05, ||r||/||r_0|| = 0.000741649
Setting time step: 0.019711997 in DGTransportTDO
Setting time step: 0.019711997 in CombinedOp
Setting time step: 0.019711997 in IonStaticPressureOp
norm(r_0) 0
norm(r_1) 0
norm(r_2) 0
norm(r_3) 0.017131775
norm(r_4) 0
Newton iteration  0 : ||r|| = 0.0171318
   Pass :  1   Iteration :   0  ||B r|| = 5.26681 ...
   Pass :  1   Iteration :  45  ||B r|| = 5.06978e-06
norm(r_0) 0
norm(r_1) 0
norm(r_2) 0
norm(r_3) 1.2705761e-05
norm(r_4) 0
Newton iteration  1 : ||r|| = 1.27058e-05, ||r||/||r_0|| = 0.000741649
Setting time step: 0.038636329 in DGTransportTDO
Setting time step: 0.038636329 in CombinedOp
Setting time step: 0.038636329 in IonStaticPressureOp
norm(r_0) 0
norm(r_1) 0
norm(r_2) 0
norm(r_3) 0.013603065
norm(r_4) 0
Newton iteration  0 : ||r|| = 0.0136031
   Pass :  1   Iteration :   0  ||B r|| = 2.62884 ...
   Pass :  1   Iteration :  47  ||B r|| = 2.48345e-06
norm(r_0) 0
norm(r_1) 0
norm(r_2) 0
norm(r_3) 1.241216e-05
norm(r_4) 0
Newton iteration  1 : ||r|| = 1.24122e-05, ||r||/||r_0|| = 0.000912453
Setting time step: 0.038636329 in DGTransportTDO
Setting time step: 0.038636329 in CombinedOp
Setting time step: 0.038636329 in IonStaticPressureOp
norm(r_0) 0
norm(r_1) 0
norm(r_2) 0
norm(r_3) 0.0044328409
norm(r_4) 0
Newton iteration  0 : ||r|| = 0.00443284
   Pass :  1   Iteration :   0  ||B r|| = 0.856693 ...
   Pass :  1   Iteration :  47  ||B r|| = 8.0953e-07
norm(r_0) 0
norm(r_1) 0
norm(r_2) 0
norm(r_3) 4.0454214e-06
norm(r_4) 0
Newton iteration  1 : ||r|| = 4.04542e-06, ||r||/||r_0|| = 0.000912602
Setting time step: 0.038636329 in DGTransportTDO
Setting time step: 0.038636329 in CombinedOp
Setting time step: 0.038636329 in IonStaticPressureOp
norm(r_0) 0
norm(r_1) 0
norm(r_2) 0
norm(r_3) 0.0076063559
norm(r_4) 0
Newton iteration  0 : ||r|| = 0.00760636
   Pass :  1   Iteration :   0  ||B r|| = 1.46998 ...
   Pass :  1   Iteration :  47  ||B r|| = 1.38886e-06
norm(r_0) 0
norm(r_1) 0
norm(r_2) 0
norm(r_3) 6.9409969e-06
norm(r_4) 0
Newton iteration  1 : ||r|| = 6.941e-06, ||r||/||r_0|| = 0.000912526
Setting time step: 0.038636329 in DGTransportTDO
Setting time step: 0.038636329 in CombinedOp
Setting time step: 0.038636329 in IonStaticPressureOp
norm(r_0) 0
norm(r_1) 0
norm(r_2) 0
norm(r_3) 0.0086181297
norm(r_4) 0
Newton iteration  0 : ||r|| = 0.00861813
   Pass :  1   Iteration :   0  ||B r|| = 1.66551 ...
   Pass :  1   Iteration :  47  ||B r|| = 1.57354e-06
norm(r_0) 0
norm(r_1) 0
norm(r_2) 0
norm(r_3) 7.8640893e-06
norm(r_4) 0
Newton iteration  1 : ||r|| = 7.86409e-06, ||r||/||r_0|| = 0.000912505
Setting time step: 0.038636329 in DGTransportTDO
Setting time step: 0.038636329 in CombinedOp
Setting time step: 0.038636329 in IonStaticPressureOp
norm(r_0) 0
norm(r_1) 0
norm(r_2) 0
norm(r_3) 0.0027845985
norm(r_4) 0
Newton iteration  0 : ||r|| = 0.0027846
   Pass :  1   Iteration :   0  ||B r|| = 0.538052 ...
   Pass :  1   Iteration :  44  ||B r|| = 9.79789e-07
norm(r_0) 0
norm(r_1) 0
norm(r_2) 0
norm(r_3) 5.4751224e-06
norm(r_4) 0
Newton iteration  1 : ||r|| = 5.47512e-06, ||r||/||r_0|| = 0.00196622
Setting time step: 0.042507108 in DGTransportTDO
Setting time step: 0.042507108 in CombinedOp
Setting time step: 0.042507108 in IonStaticPressureOp
norm(r_0) 0
norm(r_1) 0
norm(r_2) 0
norm(r_3) 0.001845743
norm(r_4) 0
Newton iteration  0 : ||r|| = 0.00184574
   Pass :  1   Iteration :   0  ||B r|| = 0.331476 ...
   Pass :  1   Iteration :  42  ||B r|| = 9.29848e-07
norm(r_0) 0
norm(r_1) 0
norm(r_2) 0
norm(r_3) 5.506292e-06
norm(r_4) 0
Newton iteration  1 : ||r|| = 5.50629e-06, ||r||/||r_0|| = 0.00298324
Setting time step: 0.042507108 in DGTransportTDO
Setting time step: 0.042507108 in CombinedOp
Setting time step: 0.042507108 in IonStaticPressureOp
norm(r_0) 0
norm(r_1) 0
norm(r_2) 0
norm(r_3) 0.0005215475
norm(r_4) 0
Newton iteration  0 : ||r|| = 0.000521547
   Pass :  1   Iteration :   0  ||B r|| = 0.0936671 ...
   Pass :  1   Iteration :  37  ||B r|| = 9.04047e-07
norm(r_0) 0
norm(r_1) 0
norm(r_2) 0
norm(r_3) 4.3766518e-06
norm(r_4) 0
Newton iteration  1 : ||r|| = 4.37665e-06, ||r||/||r_0|| = 0.00839166
Setting time step: 0.042507108 in DGTransportTDO
Setting time step: 0.042507108 in CombinedOp
Setting time step: 0.042507108 in IonStaticPressureOp
norm(r_0) 0
norm(r_1) 0
norm(r_2) 0
norm(r_3) 0.00097520788
norm(r_4) 0
Newton iteration  0 : ||r|| = 0.000975208
   Pass :  1   Iteration :   0  ||B r|| = 0.175143 ...
   Pass :  1   Iteration :  39  ||B r|| = 8.94732e-07
norm(r_0) 0
norm(r_1) 0
norm(r_2) 0
norm(r_3) 4.9638617e-06
norm(r_4) 0
Newton iteration  1 : ||r|| = 4.96386e-06, ||r||/||r_0|| = 0.00509005
Setting time step: 0.042507108 in DGTransportTDO
Setting time step: 0.042507108 in CombinedOp
Setting time step: 0.042507108 in IonStaticPressureOp
norm(r_0) 0
norm(r_1) 0
norm(r_2) 0
norm(r_3) 0.0011223639
norm(r_4) 0
Newton iteration  0 : ||r|| = 0.00112236
   Pass :  1   Iteration :   0  ||B r|| = 0.201571 ...
   Pass :  1   Iteration :  40  ||B r|| = 8.45139e-07
norm(r_0) 0
norm(r_1) 0
norm(r_2) 0
norm(r_3) 4.5902918e-06
norm(r_4) 0
Newton iteration  1 : ||r|| = 4.59029e-06, ||r||/||r_0|| = 0.00408984
Setting time step: 0.042507108 in DGTransportTDO
Setting time step: 0.042507108 in CombinedOp
Setting time step: 0.042507108 in IonStaticPressureOp
norm(r_0) 0
norm(r_1) 0
norm(r_2) 0
norm(r_3) 0.00034588551
norm(r_4) 0
Newton iteration  0 : ||r|| = 0.000345886
   Pass :  1   Iteration :   0  ||B r|| = 0.0585587 ...
   Pass :  1   Iteration :  36  ||B r|| = 7.4526e-07
norm(r_0) 0
norm(r_1) 0
norm(r_2) 0
norm(r_3) 3.8378871e-06
norm(r_4) 0
Newton iteration  1 : ||r|| = 3.83789e-06, ||r||/||r_0|| = 0.0110958
Setting time step: 0.085014215 in DGTransportTDO
Setting time step: 0.085014215 in CombinedOp
Setting time step: 0.085014215 in IonStaticPressureOp
norm(r_0) 0
norm(r_1) 0
norm(r_2) 0
norm(r_3) 0.00020926833
norm(r_4) 0
Newton iteration  0 : ||r|| = 0.000209268
   Pass :  1   Iteration :   0  ||B r|| = 0.0211386 ...
   Pass :  1   Iteration :  32  ||B r|| = 9.98605e-07
norm(r_0) 0
norm(r_1) 0
norm(r_2) 0
norm(r_3) 8.2170949e-06
norm(r_4) 0
Newton iteration  1 : ||r|| = 8.21709e-06, ||r||/||r_0|| = 0.0392658
Setting time step: 0.085014215 in DGTransportTDO
Setting time step: 0.085014215 in CombinedOp
Setting time step: 0.085014215 in IonStaticPressureOp
norm(r_0) 0
norm(r_1) 0
norm(r_2) 0
norm(r_3) 1.9678498e-05
norm(r_4) 0
Newton iteration  0 : ||r|| = 1.96785e-05
   Pass :  1   Iteration :   0  ||B r|| = 0.00119113 ...
   Pass :  1   Iteration :  16  ||B r|| = 9.6199e-07
norm(r_0) 0
norm(r_1) 0
norm(r_2) 0
norm(r_3) 8.6414661e-06
norm(r_4) 0
Newton iteration  1 : ||r|| = 8.64147e-06, ||r||/||r_0|| = 0.439132
Setting time step: 0.085014215 in DGTransportTDO
Setting time step: 0.085014215 in CombinedOp
Setting time step: 0.085014215 in IonStaticPressureOp
norm(r_0) 0
norm(r_1) 0
norm(r_2) 0
norm(r_3) 5.966878e-05
norm(r_4) 0
Newton iteration  0 : ||r|| = 5.96688e-05
   Pass :  1   Iteration :   0  ||B r|| = 0.00585155 ...
   Pass :  1   Iteration :  25  ||B r|| = 9.94839e-07
norm(r_0) 0
norm(r_1) 0
norm(r_2) 0
norm(r_3) 9.2807952e-06
norm(r_4) 0
Newton iteration  1 : ||r|| = 9.2808e-06, ||r||/||r_0|| = 0.155539
Setting time step: 0.085014215 in DGTransportTDO
Setting time step: 0.085014215 in CombinedOp
Setting time step: 0.085014215 in IonStaticPressureOp
norm(r_0) 0
norm(r_1) 0
norm(r_2) 0
norm(r_3) 8.4866886e-05
norm(r_4) 0
Newton iteration  0 : ||r|| = 8.48669e-05
   Pass :  1   Iteration :   0  ||B r|| = 0.00848571 ...
   Pass :  1   Iteration :  27  ||B r|| = 9.73214e-07
norm(r_0) 0
norm(r_1) 0
norm(r_2) 0
norm(r_3) 7.0046039e-06
norm(r_4) 0
Newton iteration  1 : ||r|| = 7.0046e-06, ||r||/||r_0|| = 0.0825364
Setting time step: 0.085014215 in DGTransportTDO
Setting time step: 0.085014215 in CombinedOp
Setting time step: 0.085014215 in IonStaticPressureOp
norm(r_0) 0
norm(r_1) 0
norm(r_2) 0
norm(r_3) 0.00028992648
norm(r_4) 0
Newton iteration  0 : ||r|| = 0.000289926
   Pass :  1   Iteration :   0  ||B r|| = 0.00240879 ...
   Pass :  1   Iteration :  19  ||B r|| = 9.94945e-07
norm(r_0) 0
norm(r_1) 0
norm(r_2) 0
norm(r_3) 8.0678231e-06
norm(r_4) 0
Newton iteration  1 : ||r|| = 8.06782e-06, ||r||/||r_0|| = 0.0278271
Time stepping paused at t = 0.8934786

Estimating errors.
No refinements necessary.
No derefinements needed.

AMR iteration 2
Number of unknowns: 1600
Setting time step: 0.17002843 in DGTransportTDO
Setting time step: 0.17002843 in CombinedOp
Setting time step: 0.17002843 in IonStaticPressureOp
norm(r_0) 0
norm(r_1) 0
norm(r_2) 0
norm(r_3) 1.4344936e-05
norm(r_4) 0
Newton iteration  0 : ||r|| = 1.43449e-05
   Pass :  1   Iteration :   0  ||B r|| = 0.00062838 ...
   Pass :  1   Iteration :  15  ||B r|| = 8.92186e-07
norm(r_0) 0
norm(r_1) 0
norm(r_2) 0
norm(r_3) 1.6319513e-05
norm(r_4) 0
Newton iteration  1 : ||r|| = 1.63195e-05, ||r||/||r_0|| = 1.13765
Setting time step: 0.17002843 in DGTransportTDO
Setting time step: 0.17002843 in CombinedOp
Setting time step: 0.17002843 in IonStaticPressureOp
norm(r_0) 0
norm(r_1) 0
norm(r_2) 0
norm(r_3) 3.0390465e-05
norm(r_4) 0
Newton iteration  0 : ||r|| = 3.03905e-05
   Pass :  1   Iteration :   0  ||B r|| = 0.00023868 ...
   Pass :  1   Iteration :  11  ||B r|| = 9.41154e-07
norm(r_0) 0
norm(r_1) 0
norm(r_2) 0
norm(r_3) 1.1473111e-05
norm(r_4) 0
Newton iteration  1 : ||r|| = 1.14731e-05, ||r||/||r_0|| = 0.377523
Setting time step: 0.17002843 in DGTransportTDO
Setting time step: 0.17002843 in CombinedOp
Setting time step: 0.17002843 in IonStaticPressureOp
norm(r_0) 0
norm(r_1) 0
norm(r_2) 0
norm(r_3) 2.6443452e-05
norm(r_4) 0
Newton iteration  0 : ||r|| = 2.64435e-05
   Pass :  1   Iteration :   0  ||B r|| = 1.17836e-05 ...
   Pass :  1   Iteration :   4  ||B r|| = 9.97664e-07
norm(r_0) 0
norm(r_1) 0
norm(r_2) 0
norm(r_3) 1.0887771e-05
norm(r_4) 0
Newton iteration  1 : ||r|| = 1.08878e-05, ||r||/||r_0|| = 0.411738
Setting time step: 0.17002843 in DGTransportTDO
Setting time step: 0.17002843 in CombinedOp
Setting time step: 0.17002843 in IonStaticPressureOp
norm(r_0) 0
norm(r_1) 0
norm(r_2) 0
norm(r_3) 2.2128287e-05
norm(r_4) 0
Newton iteration  0 : ||r|| = 2.21283e-05
   Pass :  1   Iteration :   0  ||B r|| = 0.000120124 ...
   Pass :  1   Iteration :  10  ||B r|| = 6.57897e-07
norm(r_0) 0
norm(r_1) 0
norm(r_2) 0
norm(r_3) 1.0130396e-05
norm(r_4) 0
Newton iteration  1 : ||r|| = 1.01304e-05, ||r||/||r_0|| = 0.457803
Setting time step: 0.17002843 in DGTransportTDO
Setting time step: 0.17002843 in CombinedOp
Setting time step: 0.17002843 in IonStaticPressureOp
norm(r_0) 0
norm(r_1) 0
norm(r_2) 0
norm(r_3) 0.00046795568
norm(r_4) 0
Newton iteration  0 : ||r|| = 0.000467956
   Pass :  1   Iteration :   0  ||B r|| = 8.81167e-05 ...
   Pass :  1   Iteration :  19  ||B r|| = 7.81476e-07
norm(r_0) 0
norm(r_1) 0
norm(r_2) 0
norm(r_3) 1.263573e-05
norm(r_4) 0
Newton iteration  1 : ||r|| = 1.26357e-05, ||r||/||r_0|| = 0.027002
Setting time step: 0.34005686 in DGTransportTDO
Setting time step: 0.34005686 in CombinedOp
Setting time step: 0.34005686 in IonStaticPressureOp
norm(r_0) 0
norm(r_1) 0
norm(r_2) 0
norm(r_3) 1.3558435e-05
norm(r_4) 0
Newton iteration  0 : ||r|| = 1.35584e-05
   Pass :  1   Iteration :   0  ||B r|| = 9.45933e-05 ...
   Pass :  1   Iteration :   9  ||B r|| = 9.0891e-07
norm(r_0) 0
norm(r_1) 0
norm(r_2) 0
norm(r_3) 1.74839e-05
norm(r_4) 0
Newton iteration  1 : ||r|| = 1.74839e-05, ||r||/||r_0|| = 1.28952
Setting time step: 0.34005686 in DGTransportTDO
Setting time step: 0.34005686 in CombinedOp
Setting time step: 0.34005686 in IonStaticPressureOp
norm(r_0) 0
norm(r_1) 0
norm(r_2) 0
norm(r_3) 3.4802418e-05
norm(r_4) 0
Newton iteration  0 : ||r|| = 3.48024e-05
   Pass :  1   Iteration :   0  ||B r|| = 5.6757e-05 ...
   Pass :  1   Iteration :   5  ||B r|| = 6.5201e-07
norm(r_0) 0
norm(r_1) 0
norm(r_2) 0
norm(r_3) 1.5655405e-05
norm(r_4) 0
Newton iteration  1 : ||r|| = 1.56554e-05, ||r||/||r_0|| = 0.449837
Setting time step: 0.34005686 in DGTransportTDO
Setting time step: 0.34005686 in CombinedOp
Setting time step: 0.34005686 in IonStaticPressureOp
norm(r_0) 0
norm(r_1) 0
norm(r_2) 0
norm(r_3) 2.8966751e-05
norm(r_4) 0
Newton iteration  0 : ||r|| = 2.89668e-05
   Pass :  1   Iteration :   0  ||B r|| = 1.59288e-05 ...
   Pass :  1   Iteration :   3  ||B r|| = 7.53477e-07
norm(r_0) 0
norm(r_1) 0
norm(r_2) 0
norm(r_3) 1.7441925e-05
norm(r_4) 0
Newton iteration  1 : ||r|| = 1.74419e-05, ||r||/||r_0|| = 0.602136
Setting time step: 0.34005686 in DGTransportTDO
Setting time step: 0.34005686 in CombinedOp
Setting time step: 0.34005686 in IonStaticPressureOp
norm(r_0) 0
norm(r_1) 0
norm(r_2) 0
norm(r_3) 2.3364094e-05
norm(r_4) 0
Newton iteration  0 : ||r|| = 2.33641e-05
   Pass :  1   Iteration :   0  ||B r|| = 4.12953e-06 ...
   Pass :  1   Iteration :   2  ||B r|| = 9.35712e-07
norm(r_0) 0
norm(r_1) 0
norm(r_2) 0
norm(r_3) 2.034057e-05
norm(r_4) 0
Newton iteration  1 : ||r|| = 2.03406e-05, ||r||/||r_0|| = 0.870591
Setting time step: 0.34005686 in DGTransportTDO
Setting time step: 0.34005686 in CombinedOp
Setting time step: 0.34005686 in IonStaticPressureOp
norm(r_0) 0
norm(r_1) 0
norm(r_2) 0
norm(r_3) 0.00065671543
norm(r_4) 0
Newton iteration  0 : ||r|| = 0.000656715
   Pass :  1   Iteration :   0  ||B r|| = 0.000117339 ...
   Pass :  1   Iteration :  12  ||B r|| = 9.24221e-07
norm(r_0) 0
norm(r_1) 0
norm(r_2) 0
norm(r_3) 3.0135395e-05
norm(r_4) 0
Newton iteration  1 : ||r|| = 3.01354e-05, ||r||/||r_0|| = 0.0458881
Setting time step: 0.68011372 in DGTransportTDO
Setting time step: 0.68011372 in CombinedOp
Setting time step: 0.68011372 in IonStaticPressureOp
norm(r_0) 0
norm(r_1) 0
norm(r_2) 0
norm(r_3) 3.0148604e-05
norm(r_4) 0
Newton iteration  0 : ||r|| = 3.01486e-05
   Pass :  1   Iteration :   0  ||B r|| = 2.88697e-06 ...
   Pass :  1   Iteration :   1  ||B r|| = 6.72152e-07
norm(r_0) 0
norm(r_1) 0
norm(r_2) 0
norm(r_3) 2.4032691e-05
norm(r_4) 0
Newton iteration  1 : ||r|| = 2.40327e-05, ||r||/||r_0|| = 0.797141
Setting time step: 0.68011372 in DGTransportTDO
Setting time step: 0.68011372 in CombinedOp
Setting time step: 0.68011372 in IonStaticPressureOp
norm(r_0) 0
norm(r_1) 0
norm(r_2) 0
norm(r_3) 3.6851472e-05
norm(r_4) 0
Newton iteration  0 : ||r|| = 3.68515e-05
   Pass :  1   Iteration :   0  ||B r|| = 2.71276e-06 ...
   Pass :  1   Iteration :   1  ||B r|| = 6.49017e-07
norm(r_0) 0
norm(r_1) 0
norm(r_2) 0
norm(r_3) 2.0084303e-05
norm(r_4) 0
Newton iteration  1 : ||r|| = 2.00843e-05, ||r||/||r_0|| = 0.545007
Setting time step: 0.68011372 in DGTransportTDO
Setting time step: 0.68011372 in CombinedOp
Setting time step: 0.68011372 in IonStaticPressureOp
norm(r_0) 0
norm(r_1) 0
norm(r_2) 0
norm(r_3) 3.0020054e-05
norm(r_4) 0
Newton iteration  0 : ||r|| = 3.00201e-05
   Pass :  1   Iteration :   0  ||B r|| = 1.47065e-06 ...
   Pass :  1   Iteration :   1  ||B r|| = 6.60112e-07
norm(r_0) 0
norm(r_1) 0
norm(r_2) 0
norm(r_3) 2.1636418e-05
norm(r_4) 0
Newton iteration  1 : ||r|| = 2.16364e-05, ||r||/||r_0|| = 0.720732
Setting time step: 0.68011372 in DGTransportTDO
Setting time step: 0.68011372 in CombinedOp
Setting time step: 0.68011372 in IonStaticPressureOp
norm(r_0) 0
norm(r_1) 0
norm(r_2) 0
norm(r_3) 2.6505218e-05
norm(r_4) 0
Newton iteration  0 : ||r|| = 2.65052e-05
   Pass :  1   Iteration :   0  ||B r|| = 8.67791e-07
norm(r_0) 0
norm(r_1) 0
norm(r_2) 0
norm(r_3) 2.6505218e-05
norm(r_4) 0
Newton iteration  1 : ||r|| = 2.65052e-05, ||r||/||r_0|| = 1
Setting time step: 0.68011372 in DGTransportTDO
Setting time step: 0.68011372 in CombinedOp
Setting time step: 0.68011372 in IonStaticPressureOp
norm(r_0) 0
norm(r_1) 0
norm(r_2) 0
norm(r_3) 0.00029381745
norm(r_4) 0
Newton iteration  0 : ||r|| = 0.000293817
   Pass :  1   Iteration :   0  ||B r|| = 2.14618e-05 ...
   Pass :  1   Iteration :   1  ||B r|| = 8.75687e-07
norm(r_0) 0
norm(r_1) 0
norm(r_2) 0
norm(r_3) 6.0935625e-05
norm(r_4) 0
Newton iteration  1 : ||r|| = 6.09356e-05, ||r||/||r_0|| = 0.207393
Setting time step: 1.3602274 in DGTransportTDO
Setting time step: 1.3602274 in CombinedOp
Setting time step: 1.3602274 in IonStaticPressureOp
norm(r_0) 0
norm(r_1) 0
norm(r_2) 0
norm(r_3) 6.0934987e-05
norm(r_4) 0
Newton iteration  0 : ||r|| = 6.0935e-05
   Pass :  1   Iteration :   0  ||B r|| = 5.14066e-07
norm(r_0) 0
norm(r_1) 0
norm(r_2) 0
norm(r_3) 6.0934987e-05
norm(r_4) 0
Newton iteration  1 : ||r|| = 6.0935e-05, ||r||/||r_0|| = 1
Setting time step: 1.3602274 in DGTransportTDO
Setting time step: 1.3602274 in CombinedOp
Setting time step: 1.3602274 in IonStaticPressureOp
norm(r_0) 0
norm(r_1) 0
norm(r_2) 0
norm(r_3) 6.0934987e-05
norm(r_4) 0
Newton iteration  0 : ||r|| = 6.0935e-05
   Pass :  1   Iteration :   0  ||B r|| = 5.14066e-07
norm(r_0) 0
norm(r_1) 0
norm(r_2) 0
norm(r_3) 6.0934987e-05
norm(r_4) 0
Newton iteration  1 : ||r|| = 6.0935e-05, ||r||/||r_0|| = 1
Setting time step: 1.3602274 in DGTransportTDO
Setting time step: 1.3602274 in CombinedOp
Setting time step: 1.3602274 in IonStaticPressureOp
norm(r_0) 0
norm(r_1) 0
norm(r_2) 0
norm(r_3) 6.0934987e-05
norm(r_4) 0
Newton iteration  0 : ||r|| = 6.0935e-05
   Pass :  1   Iteration :   0  ||B r|| = 5.14066e-07
norm(r_0) 0
norm(r_1) 0
norm(r_2) 0
norm(r_3) 6.0934987e-05
norm(r_4) 0
Newton iteration  1 : ||r|| = 6.0935e-05, ||r||/||r_0|| = 1
Setting time step: 1.3602274 in DGTransportTDO
Setting time step: 1.3602274 in CombinedOp
Setting time step: 1.3602274 in IonStaticPressureOp
norm(r_0) 0
norm(r_1) 0
norm(r_2) 0
norm(r_3) 6.0934987e-05
norm(r_4) 0
Newton iteration  0 : ||r|| = 6.0935e-05
   Pass :  1   Iteration :   0  ||B r|| = 5.14066e-07
norm(r_0) 0
norm(r_1) 0
norm(r_2) 0
norm(r_3) 6.0934987e-05
norm(r_4) 0
Newton iteration  1 : ||r|| = 6.0935e-05, ||r||/||r_0|| = 1
Setting time step: 1.3602274 in DGTransportTDO
Setting time step: 1.3602274 in CombinedOp
Setting time step: 1.3602274 in IonStaticPressureOp
norm(r_0) 0
norm(r_1) 0
norm(r_2) 0
norm(r_3) 6.0934987e-05
norm(r_4) 0
Newton iteration  0 : ||r|| = 6.0935e-05
   Pass :  1   Iteration :   0  ||B r|| = 5.14066e-07
norm(r_0) 0
norm(r_1) 0
norm(r_2) 0
norm(r_3) 6.0934987e-05
norm(r_4) 0
Newton iteration  1 : ||r|| = 6.0935e-05, ||r||/||r_0|| = 1
Time stepping paused at t = 11.095184
Steady State solution has been reached

Time stepping done after 2.161231s.
