Options used:
   --mesh ../../mfem/data/inline-quad.mesh
   --bc-file ../../mfem/miniapps/plasma/transport2d_bcs.inp
   --ic-file ../../mfem/miniapps/plasma/transport2d_ics.inp
   --ec-file /home/gz6/mfem-analysis/input-files/transport2d_ecs.inp
   --es-file ../../mfem/miniapps/plasma/transport2d_ess.inp
   --eqdsk-file 
   --logging 1
   --operator-test 8
   --equation-weights '1 1 1 1 1'
   --problem 0
   --refine-serial 5
   --refine-parallel 0
   --enable-amr
   --max-err -1
   --hysteresis 0.25
   --nc-limit 3
   --amr-weights '1 1 1 1 1'
   --order 5
   --dg-sigma -1
   --dg-kappa 36
   --linear-abs-tolerance 1e-06
   --linear-rel-tolerance 1e-06
   --linear-max-iterations 500
   --linear-logging-level 3
   --newton-abs-tolerance 1e-10
   --newton-rel-tolerance 1e-10
   --newton-max-iterations 1
   --newton-logging-level 1
   --steady-state-abs-tolerance 1e-08
   --steady-state-rel-tolerance 1e-08
   --prec-type 1
   --prec-logging-level 0
   --initial-tolerance 1e-05
   --ode-tolerance 0.001
   --ode-solver 2
   --err-per-step
   --ode-weights '1 1 1 1 1'
   --kP 0
   --kI 0.6
   --kD 0
   --theta-max 2
   --t-minimum 0
   --t-final 100
   --time-step 0.01
   --cfl-number 0.3
   --ion-charge 1
   --ion-mass 2.0141018
   --neutral-mass 2.0141018
   --neutral-temp 3
   --min-neutral-density 9e+14
   --max-neutral-density 1e+15
   --neutral-density-exp 0
   --min-ion-density 1e+16
   --max-ion-density 1e+18
   --ion-density-exp 0
   --min-ion-temp 1
   --max-ion-temp 10
   --ion-temp-exp 0
   --min-electron-temp 10
   --max-electron-temp 440
   --electron-temp-exp 0
   --total-B-magnitude 5
   --poloidal-B-magnitude 0.5
   --velocity 1000
   --Di-perp 1
   --Xi-perp 1
   --Xe-perp 1
   --equation-term-flags '-1 -1 -1 -1 -1'
   --visualization-flags '-1 -1 -1 -1 -1'
   --visualization
   --visit-datafiles
   --ascii-datafiles
   --visualization-steps 4
Device configuration: cpu
Memory configuration: host-std
Number of elements in initial mesh: 16
Number of elements after serial refinement: 16384
1: Number of elements in parallel mesh: 1024
1: Number of elements after parallel refinement: 1024
0: Number of elements in parallel mesh: 1024
0: Number of elements after parallel refinement: 1024
3: Number of elements in parallel mesh: 1024
3: Number of elements after parallel refinement: 1024
2: Number of elements in parallel mesh: 1024
2: Number of elements after parallel refinement: 1024
11: Number of elements in parallel mesh: 1024
11: Number of elements after parallel refinement: 1024
12: Number of elements in parallel mesh: 1024
13: Number of elements in parallel mesh: 1024
13: Number of elements after parallel refinement: 1024
12: Number of elements after parallel refinement: 1024
10: Number of elements in parallel mesh: 1024
10: Number of elements after parallel refinement: 1024
5: Number of elements in parallel mesh: 1024
5: Number of elements after parallel refinement: 1024
4: Number of elements in parallel mesh: 1024
14: Number of elements in parallel mesh: 1024
4: Number of elements after parallel refinement: 1024
14: Number of elements after parallel refinement: 1024
15: Number of elements in parallel mesh: 1024
15: Number of elements after parallel refinement: 1024
9: Number of elements in parallel mesh: 1024
9: Number of elements after parallel refinement: 1024
7: Number of elements in parallel mesh: 1024
7: Number of elements after parallel refinement: 1024
8: Number of elements in parallel mesh: 1024
8: Number of elements after parallel refinement: 1024
6: Number of elements in parallel mesh: 1024
6: Number of elements after parallel refinement: 1024
Configuring initial conditions
Reading initial conditions from ../../mfem/miniapps/plasma/transport2d_ics.inp
Configuring exact solutions
Reading exact solutions from ../../mfem/miniapps/plasma/transport2d_ess.inp

AMR iteration 0
Number of unknowns: 589824
Reached the maximum number of dofs. Stop.
Number of unknowns per field: 589824
Total number of unknowns:     2949120
Configuring boundary conditions
Reading boundary conditions from ../../mfem/miniapps/plasma/transport2d_bcs.inp
Configuring equation coefficients
Reading equation coefficients from /home/gz6/mfem-analysis/input-files/transport2d_ecs.inp
|mn| = 3.3444946e-27
|ni| = 1
|ne| = 1

|Dn|     = -nan
|Di|     = -nan
|Eta|    = -nan
|nXi|    = -nan
|nXe|    = -nan

|Eta/mn| = -nan
|nXi/ni| = -nan
|nXe/ne| = -nan
Ion Static Pressure: Adding time derivative term proportional to d n_i / dt
Ion Static Pressure: Adding time derivative term proportional to d T_i / dt
Ion Static Pressure: Adding anisotropic diffusion term
Ion Static Pressure: Adding source term
Opening GLVis sockets.
Range of error estimates for initial condition: -nan < elem err < -nan

Begin time stepping at t = 0
Setting time step: 0.0025 in DGTransportTDO
Setting time step: 0.0025 in CombinedOp
Setting time step: 0.0025 in IonStaticPressureOp
norm(r_0) 0
norm(r_1) 0
norm(r_2) 0
norm(r_3) 0.014590222
norm(r_4) 0
Newton iteration  0 : ||r|| = 0.0145902
   Pass :  1   Iteration :   0  ||B r|| = 2990.53 ...
   Pass :  1   Iteration :  46  ||B r|| = 0.00282444
norm(r_0) 0
norm(r_1) 0
norm(r_2) 0
norm(r_3) 0.00024399774
norm(r_4) 0
Newton iteration  1 : ||r|| = 0.000243998, ||r||/||r_0|| = 0.0167234
Setting time step: 0.0025 in DGTransportTDO
Setting time step: 0.0025 in CombinedOp
Setting time step: 0.0025 in IonStaticPressureOp
norm(r_0) 0
norm(r_1) 0
norm(r_2) 0
norm(r_3) 0.013669401
norm(r_4) 0
Newton iteration  0 : ||r|| = 0.0136694
   Pass :  1   Iteration :   0  ||B r|| = 2800.03 ...
   Pass :  1   Iteration :  47  ||B r|| = 0.00268694
norm(r_0) 0
norm(r_1) 0
norm(r_2) 0
norm(r_3) 0.00024741004
norm(r_4) 0
Newton iteration  1 : ||r|| = 0.00024741, ||r||/||r_0|| = 0.0180996
Setting time step: 0.0025 in DGTransportTDO
Setting time step: 0.0025 in CombinedOp
Setting time step: 0.0025 in IonStaticPressureOp
norm(r_0) 0
norm(r_1) 0
norm(r_2) 0
norm(r_3) 0.014033071
norm(r_4) 0
Newton iteration  0 : ||r|| = 0.0140331
   Pass :  1   Iteration :   0  ||B r|| = 2875.26 ...
   Pass :  1   Iteration :  47  ||B r|| = 0.00267926
norm(r_0) 0
norm(r_1) 0
norm(r_2) 0
norm(r_3) 0.00024496317
norm(r_4) 0
Newton iteration  1 : ||r|| = 0.000244963, ||r||/||r_0|| = 0.0174561
Setting time step: 0.0025 in DGTransportTDO
Setting time step: 0.0025 in CombinedOp
Setting time step: 0.0025 in IonStaticPressureOp
norm(r_0) 0
norm(r_1) 0
norm(r_2) 0
norm(r_3) 0.014124818
norm(r_4) 0
Newton iteration  0 : ||r|| = 0.0141248
   Pass :  1   Iteration :   0  ||B r|| = 2894.46 ...
   Pass :  1   Iteration :  47  ||B r|| = 0.00265503
norm(r_0) 0
norm(r_1) 0
norm(r_2) 0
norm(r_3) 0.00024175657
norm(r_4) 0
Newton iteration  1 : ||r|| = 0.000241757, ||r||/||r_0|| = 0.0171157
Setting time step: 0.0025 in DGTransportTDO
Setting time step: 0.0025 in CombinedOp
Setting time step: 0.0025 in IonStaticPressureOp
norm(r_0) 0
norm(r_1) 0
norm(r_2) 0
norm(r_3) 0.013225529
norm(r_4) 0
Newton iteration  0 : ||r|| = 0.0132255
   Pass :  1   Iteration :   0  ||B r|| = 2708.04 ...
   Pass :  1   Iteration :  46  ||B r|| = 0.00245997
norm(r_0) 0
norm(r_1) 0
norm(r_2) 0
norm(r_3) 0.00020917668
norm(r_4) 0
Newton iteration  1 : ||r|| = 0.000209177, ||r||/||r_0|| = 0.0158161
Setting time step: 0.005 in DGTransportTDO
Setting time step: 0.005 in CombinedOp
Setting time step: 0.005 in IonStaticPressureOp
norm(r_0) 0
norm(r_1) 0
norm(r_2) 0
norm(r_3) 0.012792862
norm(r_4) 0
Newton iteration  0 : ||r|| = 0.0127929
   Pass :  1   Iteration :   0  ||B r|| = 2042.56 ...
   Pass :  1   Iteration :  50  ||B r|| = 0.00198686
norm(r_0) 0
norm(r_1) 0
norm(r_2) 0
norm(r_3) 0.00032818864
norm(r_4) 0
Newton iteration  1 : ||r|| = 0.000328189, ||r||/||r_0|| = 0.025654
Setting time step: 0.005 in DGTransportTDO
Setting time step: 0.005 in CombinedOp
Setting time step: 0.005 in IonStaticPressureOp
norm(r_0) 0
norm(r_1) 0
norm(r_2) 0
norm(r_3) 0.011224952
norm(r_4) 0
Newton iteration  0 : ||r|| = 0.011225
   Pass :  1   Iteration :   0  ||B r|| = 1790.36 ...
   Pass :  2   Iteration :  51  ||B r|| = 0.00176101
norm(r_0) 0
norm(r_1) 0
norm(r_2) 0
norm(r_3) 0.00027327192
norm(r_4) 0
Newton iteration  1 : ||r|| = 0.000273272, ||r||/||r_0|| = 0.024345
Setting time step: 0.005 in DGTransportTDO
Setting time step: 0.005 in CombinedOp
Setting time step: 0.005 in IonStaticPressureOp
norm(r_0) 0
norm(r_1) 0
norm(r_2) 0
norm(r_3) 0.011836723
norm(r_4) 0
Newton iteration  0 : ||r|| = 0.0118367
   Pass :  1   Iteration :   0  ||B r|| = 1888.75 ...
   Pass :  2   Iteration :  51  ||B r|| = 0.00183436
norm(r_0) 0
norm(r_1) 0
norm(r_2) 0
norm(r_3) 0.00028299924
norm(r_4) 0
Newton iteration  1 : ||r|| = 0.000282999, ||r||/||r_0|| = 0.0239086
Setting time step: 0.005 in DGTransportTDO
Setting time step: 0.005 in CombinedOp
Setting time step: 0.005 in IonStaticPressureOp
norm(r_0) 0
norm(r_1) 0
norm(r_2) 0
norm(r_3) 0.01199454
norm(r_4) 0
Newton iteration  0 : ||r|| = 0.0119945
   Pass :  1   Iteration :   0  ||B r|| = 1914.37 ...
   Pass :  1   Iteration :  50  ||B r|| = 0.0019107
norm(r_0) 0
norm(r_1) 0
norm(r_2) 0
norm(r_3) 0.00031896711
norm(r_4) 0
Newton iteration  1 : ||r|| = 0.000318967, ||r||/||r_0|| = 0.0265927
Setting time step: 0.005 in DGTransportTDO
Setting time step: 0.005 in CombinedOp
Setting time step: 0.005 in IonStaticPressureOp
norm(r_0) 0
norm(r_1) 0
norm(r_2) 0
norm(r_3) 0.012155621
norm(r_4) 0
Newton iteration  0 : ||r|| = 0.0121556
   Pass :  1   Iteration :   0  ||B r|| = 1673.21 ...
   Pass :  1   Iteration :  50  ||B r|| = 0.0015837
norm(r_0) 0
norm(r_1) 0
norm(r_2) 0
norm(r_3) 0.00025853705
norm(r_4) 0
Newton iteration  1 : ||r|| = 0.000258537, ||r||/||r_0|| = 0.0212689
Setting time step: 0.01 in DGTransportTDO
Setting time step: 0.01 in CombinedOp
Setting time step: 0.01 in IonStaticPressureOp
norm(r_0) 0
norm(r_1) 0
norm(r_2) 0
norm(r_3) 0.0098346298
norm(r_4) 0
Newton iteration  0 : ||r|| = 0.00983463
   Pass :  1   Iteration :   0  ||B r|| = 1088.35 ...
   Pass :  2   Iteration :  57  ||B r|| = 0.001067
norm(r_0) 0
norm(r_1) 0
norm(r_2) 0
norm(r_3) 0.00033236301
norm(r_4) 0
Newton iteration  1 : ||r|| = 0.000332363, ||r||/||r_0|| = 0.0337952
Setting time step: 0.01 in DGTransportTDO
Setting time step: 0.01 in CombinedOp
Setting time step: 0.01 in IonStaticPressureOp
norm(r_0) 0
norm(r_1) 0
norm(r_2) 0
norm(r_3) 0.0075631136
norm(r_4) 0
Newton iteration  0 : ||r|| = 0.00756311
   Pass :  1   Iteration :   0  ||B r|| = 835.212 ...
   Pass :  2   Iteration :  58  ||B r|| = 0.000790318
norm(r_0) 0
norm(r_1) 0
norm(r_2) 0
norm(r_3) 0.00027088801
norm(r_4) 0
Newton iteration  1 : ||r|| = 0.000270888, ||r||/||r_0|| = 0.035817
Setting time step: 0.01 in DGTransportTDO
Setting time step: 0.01 in CombinedOp
Setting time step: 0.01 in IonStaticPressureOp
norm(r_0) 0
norm(r_1) 0
norm(r_2) 0
norm(r_3) 0.0084287558
norm(r_4) 0
Newton iteration  0 : ||r|| = 0.00842876
   Pass :  1   Iteration :   0  ||B r|| = 931.756 ...
   Pass :  2   Iteration :  58  ||B r|| = 0.000872497
norm(r_0) 0
norm(r_1) 0
norm(r_2) 0
norm(r_3) 0.00029791725
norm(r_4) 0
Newton iteration  1 : ||r|| = 0.000297917, ||r||/||r_0|| = 0.0353453
Setting time step: 0.01 in DGTransportTDO
Setting time step: 0.01 in CombinedOp
Setting time step: 0.01 in IonStaticPressureOp
norm(r_0) 0
norm(r_1) 0
norm(r_2) 0
norm(r_3) 0.008661089
norm(r_4) 0
Newton iteration  0 : ||r|| = 0.00866109
   Pass :  1   Iteration :   0  ||B r|| = 957.857 ...
   Pass :  2   Iteration :  57  ||B r|| = 0.000956931
norm(r_0) 0
norm(r_1) 0
norm(r_2) 0
norm(r_3) 0.00030149208
norm(r_4) 0
Newton iteration  1 : ||r|| = 0.000301492, ||r||/||r_0|| = 0.03481
Setting time step: 0.01 in DGTransportTDO
Setting time step: 0.01 in CombinedOp
Setting time step: 0.01 in IonStaticPressureOp
norm(r_0) 0
norm(r_1) 0
norm(r_2) 0
norm(r_3) 0.0091451276
norm(r_4) 0
Newton iteration  0 : ||r|| = 0.00914513
   Pass :  1   Iteration :   0  ||B r|| = 727.556 ...
   Pass :  2   Iteration :  56  ||B r|| = 0.000693806
norm(r_0) 0
norm(r_1) 0
norm(r_2) 0
norm(r_3) 0.00020240086
norm(r_4) 0
Newton iteration  1 : ||r|| = 0.000202401, ||r||/||r_0|| = 0.0221321
Setting time step: 0.02 in DGTransportTDO
Setting time step: 0.02 in CombinedOp
Setting time step: 0.02 in IonStaticPressureOp
norm(r_0) 0
norm(r_1) 0
norm(r_2) 0
norm(r_3) 0.0058114693
norm(r_4) 0
Newton iteration  0 : ||r|| = 0.00581147
   Pass :  1   Iteration :   0  ||B r|| = 394.243 ...
   Pass :  2   Iteration :  64  ||B r|| = 0.000360806
norm(r_0) 0
norm(r_1) 0
norm(r_2) 0
norm(r_3) 0.00019529046
norm(r_4) 0
Newton iteration  1 : ||r|| = 0.00019529, ||r||/||r_0|| = 0.0336043
Setting time step: 0.02 in DGTransportTDO
Setting time step: 0.02 in CombinedOp
Setting time step: 0.02 in IonStaticPressureOp
norm(r_0) 0
norm(r_1) 0
norm(r_2) 0
norm(r_3) 0.0033991138
norm(r_4) 0
Newton iteration  0 : ||r|| = 0.00339911
   Pass :  1   Iteration :   0  ||B r|| = 229.959 ...
   Pass :  2   Iteration :  64  ||B r|| = 0.000214269
norm(r_0) 0
norm(r_1) 0
norm(r_2) 0
norm(r_3) 0.00011709582
norm(r_4) 0
Newton iteration  1 : ||r|| = 0.000117096, ||r||/||r_0|| = 0.0344489
Setting time step: 0.02 in DGTransportTDO
Setting time step: 0.02 in CombinedOp
Setting time step: 0.02 in IonStaticPressureOp
norm(r_0) 0
norm(r_1) 0
norm(r_2) 0
norm(r_3) 0.00428206
norm(r_4) 0
Newton iteration  0 : ||r|| = 0.00428206
   Pass :  1   Iteration :   0  ||B r|| = 290.196 ...
   Pass :  2   Iteration :  64  ||B r|| = 0.000268577
norm(r_0) 0
norm(r_1) 0
norm(r_2) 0
norm(r_3) 0.00014625237
norm(r_4) 0
Newton iteration  1 : ||r|| = 0.000146252, ||r||/||r_0|| = 0.0341547
Setting time step: 0.02 in DGTransportTDO
Setting time step: 0.02 in CombinedOp
Setting time step: 0.02 in IonStaticPressureOp
norm(r_0) 0
norm(r_1) 0
norm(r_2) 0
norm(r_3) 0.0045367411
norm(r_4) 0
Newton iteration  0 : ||r|| = 0.00453674
   Pass :  1   Iteration :   0  ||B r|| = 307.596 ...
   Pass :  2   Iteration :  64  ||B r|| = 0.000283932
norm(r_0) 0
norm(r_1) 0
norm(r_2) 0
norm(r_3) 0.00015439633
norm(r_4) 0
Newton iteration  1 : ||r|| = 0.000154396, ||r||/||r_0|| = 0.0340324
Setting time step: 0.02 in DGTransportTDO
Setting time step: 0.02 in CombinedOp
Setting time step: 0.02 in IonStaticPressureOp
norm(r_0) 0
norm(r_1) 0
norm(r_2) 0
norm(r_3) 0.0025847561
norm(r_4) 0
Newton iteration  0 : ||r|| = 0.00258476
   Pass :  1   Iteration :   0  ||B r|| = 173.995 ...
   Pass :  2   Iteration :  63  ||B r|| = 0.00017234
norm(r_0) 0
norm(r_1) 0
norm(r_2) 0
norm(r_3) 9.0048576e-05
norm(r_4) 0
Newton iteration  1 : ||r|| = 9.00486e-05, ||r||/||r_0|| = 0.0348383
Time stepping paused at t = 0.15
Setting time step: 0.019717143 in DGTransportTDO
Setting time step: 0.019717143 in CombinedOp
Setting time step: 0.019717143 in IonStaticPressureOp
norm(r_0) 0
norm(r_1) 0
norm(r_2) 0
norm(r_3) 0.0020312468
norm(r_4) 0
Newton iteration  0 : ||r|| = 0.00203125
   Pass :  1   Iteration :   0  ||B r|| = 139.263 ...
   Pass :  2   Iteration :  64  ||B r|| = 0.000126952
norm(r_0) 0
norm(r_1) 0
norm(r_2) 0
norm(r_3) 6.8189741e-05
norm(r_4) 0
Newton iteration  1 : ||r|| = 6.81897e-05, ||r||/||r_0|| = 0.0335704
Setting time step: 0.019717143 in DGTransportTDO
Setting time step: 0.019717143 in CombinedOp
Setting time step: 0.019717143 in IonStaticPressureOp
norm(r_0) 0
norm(r_1) 0
norm(r_2) 0
norm(r_3) 0.0011965007
norm(r_4) 0
Newton iteration  0 : ||r|| = 0.0011965
   Pass :  1   Iteration :   0  ||B r|| = 81.884 ...
   Pass :  2   Iteration :  64  ||B r|| = 7.43994e-05
norm(r_0) 0
norm(r_1) 0
norm(r_2) 0
norm(r_3) 3.9916304e-05
norm(r_4) 0
Newton iteration  1 : ||r|| = 3.99163e-05, ||r||/||r_0|| = 0.0333609
Setting time step: 0.019717143 in DGTransportTDO
Setting time step: 0.019717143 in CombinedOp
Setting time step: 0.019717143 in IonStaticPressureOp
norm(r_0) 0
norm(r_1) 0
norm(r_2) 0
norm(r_3) 0.0015021031
norm(r_4) 0
Newton iteration  0 : ||r|| = 0.0015021
   Pass :  1   Iteration :   0  ||B r|| = 102.944 ...
   Pass :  2   Iteration :  64  ||B r|| = 9.36499e-05
norm(r_0) 0
norm(r_1) 0
norm(r_2) 0
norm(r_3) 5.026593e-05
norm(r_4) 0
Newton iteration  1 : ||r|| = 5.02659e-05, ||r||/||r_0|| = 0.0334637
Setting time step: 0.019717143 in DGTransportTDO
Setting time step: 0.019717143 in CombinedOp
Setting time step: 0.019717143 in IonStaticPressureOp
norm(r_0) 0
norm(r_1) 0
norm(r_2) 0
norm(r_3) 0.001590198
norm(r_4) 0
Newton iteration  0 : ||r|| = 0.0015902
   Pass :  1   Iteration :   0  ||B r|| = 109.017 ...
   Pass :  2   Iteration :  64  ||B r|| = 9.9223e-05
norm(r_0) 0
norm(r_1) 0
norm(r_2) 0
norm(r_3) 5.3266277e-05
norm(r_4) 0
Newton iteration  1 : ||r|| = 5.32663e-05, ||r||/||r_0|| = 0.0334966
Setting time step: 0.019717143 in DGTransportTDO
Setting time step: 0.019717143 in CombinedOp
Setting time step: 0.019717143 in IonStaticPressureOp
norm(r_0) 0
norm(r_1) 0
norm(r_2) 0
norm(r_3) 0.00091630801
norm(r_4) 0
Newton iteration  0 : ||r|| = 0.000916308
   Pass :  1   Iteration :   0  ||B r|| = 62.1957 ...
   Pass :  2   Iteration :  64  ||B r|| = 5.69645e-05
norm(r_0) 0
norm(r_1) 0
norm(r_2) 0
norm(r_3) 3.0646317e-05
norm(r_4) 0
Newton iteration  1 : ||r|| = 3.06463e-05, ||r||/||r_0|| = 0.0334454
Setting time step: 0.038629786 in DGTransportTDO
Setting time step: 0.038629786 in CombinedOp
Setting time step: 0.038629786 in IonStaticPressureOp
norm(r_0) 0
norm(r_1) 0
norm(r_2) 0
norm(r_3) 0.00072023762
norm(r_4) 0
Newton iteration  0 : ||r|| = 0.000720238
   Pass :  1   Iteration :   0  ||B r|| = 28.4135 ...
   Pass :  2   Iteration :  69  ||B r|| = 2.63367e-05
norm(r_0) 0
norm(r_1) 0
norm(r_2) 0
norm(r_3) 2.7815798e-05
norm(r_4) 0
Newton iteration  1 : ||r|| = 2.78158e-05, ||r||/||r_0|| = 0.0386203
Setting time step: 0.038629786 in DGTransportTDO
Setting time step: 0.038629786 in CombinedOp
Setting time step: 0.038629786 in IonStaticPressureOp
norm(r_0) 0
norm(r_1) 0
norm(r_2) 0
norm(r_3) 0.00023827429
norm(r_4) 0
Newton iteration  0 : ||r|| = 0.000238274
   Pass :  1   Iteration :   0  ||B r|| = 9.26168 ...
   Pass :  2   Iteration :  69  ||B r|| = 8.66473e-06
norm(r_0) 0
norm(r_1) 0
norm(r_2) 0
norm(r_3) 9.1783113e-06
norm(r_4) 0
Newton iteration  1 : ||r|| = 9.17831e-06, ||r||/||r_0|| = 0.0385199
Setting time step: 0.038629786 in DGTransportTDO
Setting time step: 0.038629786 in CombinedOp
Setting time step: 0.038629786 in IonStaticPressureOp
norm(r_0) 0
norm(r_1) 0
norm(r_2) 0
norm(r_3) 0.00040407795
norm(r_4) 0
Newton iteration  0 : ||r|| = 0.000404078
   Pass :  1   Iteration :   0  ||B r|| = 15.8897 ...
   Pass :  2   Iteration :  69  ||B r|| = 1.4793e-05
norm(r_0) 0
norm(r_1) 0
norm(r_2) 0
norm(r_3) 1.5645697e-05
norm(r_4) 0
Newton iteration  1 : ||r|| = 1.56457e-05, ||r||/||r_0|| = 0.0387195
Setting time step: 0.038629786 in DGTransportTDO
Setting time step: 0.038629786 in CombinedOp
Setting time step: 0.038629786 in IonStaticPressureOp
norm(r_0) 0
norm(r_1) 0
norm(r_2) 0
norm(r_3) 0.000457058
norm(r_4) 0
Newton iteration  0 : ||r|| = 0.000457058
   Pass :  1   Iteration :   0  ||B r|| = 18.0027 ...
   Pass :  2   Iteration :  69  ||B r|| = 1.67391e-05
norm(r_0) 0
norm(r_1) 0
norm(r_2) 0
norm(r_3) 1.7696786e-05
norm(r_4) 0
Newton iteration  1 : ||r|| = 1.76968e-05, ||r||/||r_0|| = 0.0387189
Setting time step: 0.038629786 in DGTransportTDO
Setting time step: 0.038629786 in CombinedOp
Setting time step: 0.038629786 in IonStaticPressureOp
norm(r_0) 0
norm(r_1) 0
norm(r_2) 0
norm(r_3) 0.00016192783
norm(r_4) 0
Newton iteration  0 : ||r|| = 0.000161928
   Pass :  1   Iteration :   0  ||B r|| = 5.81734 ...
   Pass :  2   Iteration :  69  ||B r|| = 5.27438e-06
norm(r_0) 0
norm(r_1) 0
norm(r_2) 0
norm(r_3) 5.5304398e-06
norm(r_4) 0
Newton iteration  1 : ||r|| = 5.53044e-06, ||r||/||r_0|| = 0.0341537
Setting time step: 0.042511398 in DGTransportTDO
Setting time step: 0.042511398 in CombinedOp
Setting time step: 0.042511398 in IonStaticPressureOp
norm(r_0) 0
norm(r_1) 0
norm(r_2) 0
norm(r_3) 9.7834734e-05
norm(r_4) 0
Newton iteration  0 : ||r|| = 9.78347e-05
   Pass :  1   Iteration :   0  ||B r|| = 3.54374 ...
   Pass :  2   Iteration :  69  ||B r|| = 3.5307e-06
norm(r_0) 0
norm(r_1) 0
norm(r_2) 0
norm(r_3) 4.0488327e-06
norm(r_4) 0
Newton iteration  1 : ||r|| = 4.04883e-06, ||r||/||r_0|| = 0.0413844
Setting time step: 0.042511398 in DGTransportTDO
Setting time step: 0.042511398 in CombinedOp
Setting time step: 0.042511398 in IonStaticPressureOp
norm(r_0) 0
norm(r_1) 0
norm(r_2) 0
norm(r_3) 2.7725854e-05
norm(r_4) 0
Newton iteration  0 : ||r|| = 2.77259e-05
   Pass :  1   Iteration :   0  ||B r|| = 1.00118 ...
   Pass :  2   Iteration :  70  ||B r|| = 9.4289e-07
norm(r_0) 0
norm(r_1) 0
norm(r_2) 0
norm(r_3) 9.4184034e-07
norm(r_4) 0
Newton iteration  1 : ||r|| = 9.4184e-07, ||r||/||r_0|| = 0.0339698
Setting time step: 0.042511398 in DGTransportTDO
Setting time step: 0.042511398 in CombinedOp
Setting time step: 0.042511398 in IonStaticPressureOp
norm(r_0) 0
norm(r_1) 0
norm(r_2) 0
norm(r_3) 5.1752537e-05
norm(r_4) 0
Newton iteration  0 : ||r|| = 5.17525e-05
   Pass :  1   Iteration :   0  ||B r|| = 1.87226 ...
   Pass :  2   Iteration :  70  ||B r|| = 1.75301e-06
norm(r_0) 0
norm(r_1) 0
norm(r_2) 0
norm(r_3) 1.7471222e-06
norm(r_4) 0
Newton iteration  1 : ||r|| = 1.74712e-06, ||r||/||r_0|| = 0.0337592
Setting time step: 0.042511398 in DGTransportTDO
Setting time step: 0.042511398 in CombinedOp
Setting time step: 0.042511398 in IonStaticPressureOp
norm(r_0) 0
norm(r_1) 0
norm(r_2) 0
norm(r_3) 5.9531549e-05
norm(r_4) 0
Newton iteration  0 : ||r|| = 5.95315e-05
   Pass :  1   Iteration :   0  ||B r|| = 2.15483 ...
   Pass :  2   Iteration :  69  ||B r|| = 2.15364e-06
norm(r_0) 0
norm(r_1) 0
norm(r_2) 0
norm(r_3) 2.4719374e-06
norm(r_4) 0
Newton iteration  1 : ||r|| = 2.47194e-06, ||r||/||r_0|| = 0.0415231
Setting time step: 0.042511398 in DGTransportTDO
Setting time step: 0.042511398 in CombinedOp
Setting time step: 0.042511398 in IonStaticPressureOp
norm(r_0) 0
norm(r_1) 0
norm(r_2) 0
norm(r_3) 6.2365258e-05
norm(r_4) 0
Newton iteration  0 : ||r|| = 6.23653e-05
   Pass :  1   Iteration :   0  ||B r|| = 0.626458 ...
   Pass :  2   Iteration :  64  ||B r|| = 9.74615e-07
norm(r_0) 0
norm(r_1) 0
norm(r_2) 0
norm(r_3) 9.4705262e-07
norm(r_4) 0
Newton iteration  1 : ||r|| = 9.47053e-07, ||r||/||r_0|| = 0.0151856
Setting time step: 0.085022797 in DGTransportTDO
Setting time step: 0.085022797 in CombinedOp
Setting time step: 0.085022797 in IonStaticPressureOp
norm(r_0) 0
norm(r_1) 0
norm(r_2) 0
norm(r_3) 1.1112479e-05
norm(r_4) 0
Newton iteration  0 : ||r|| = 1.11125e-05
   Pass :  1   Iteration :   0  ||B r|| = 0.213612 ...
   Pass :  2   Iteration :  56  ||B r|| = 9.94292e-07
norm(r_0) 0
norm(r_1) 0
norm(r_2) 0
norm(r_3) 1.9044611e-06
norm(r_4) 0
Newton iteration  1 : ||r|| = 1.90446e-06, ||r||/||r_0|| = 0.17138
Setting time step: 0.085022797 in DGTransportTDO
Setting time step: 0.085022797 in CombinedOp
Setting time step: 0.085022797 in IonStaticPressureOp
norm(r_0) 0
norm(r_1) 0
norm(r_2) 0
norm(r_3) 3.1964246e-06
norm(r_4) 0
Newton iteration  0 : ||r|| = 3.19642e-06
   Pass :  1   Iteration :   0  ||B r|| = 0.0119909 ...
   Pass :  1   Iteration :  33  ||B r|| = 9.6218e-07
norm(r_0) 0
norm(r_1) 0
norm(r_2) 0
norm(r_3) 1.806337e-06
norm(r_4) 0
Newton iteration  1 : ||r|| = 1.80634e-06, ||r||/||r_0|| = 0.565112
Setting time step: 0.085022797 in DGTransportTDO
Setting time step: 0.085022797 in CombinedOp
Setting time step: 0.085022797 in IonStaticPressureOp
norm(r_0) 0
norm(r_1) 0
norm(r_2) 0
norm(r_3) 4.17474e-06
norm(r_4) 0
Newton iteration  0 : ||r|| = 4.17474e-06
   Pass :  1   Iteration :   0  ||B r|| = 0.0591879 ...
   Pass :  1   Iteration :  45  ||B r|| = 9.12971e-07
norm(r_0) 0
norm(r_1) 0
norm(r_2) 0
norm(r_3) 1.9932904e-06
norm(r_4) 0
Newton iteration  1 : ||r|| = 1.99329e-06, ||r||/||r_0|| = 0.477465
Setting time step: 0.085022797 in DGTransportTDO
Setting time step: 0.085022797 in CombinedOp
Setting time step: 0.085022797 in IonStaticPressureOp
norm(r_0) 0
norm(r_1) 0
norm(r_2) 0
norm(r_3) 5.0800941e-06
norm(r_4) 0
Newton iteration  0 : ||r|| = 5.08009e-06
   Pass :  1   Iteration :   0  ||B r|| = 0.0858019 ...
   Pass :  1   Iteration :  47  ||B r|| = 9.90688e-07
norm(r_0) 0
norm(r_1) 0
norm(r_2) 0
norm(r_3) 2.3547042e-06
norm(r_4) 0
Newton iteration  1 : ||r|| = 2.3547e-06, ||r||/||r_0|| = 0.463516
Setting time step: 0.085022797 in DGTransportTDO
Setting time step: 0.085022797 in CombinedOp
Setting time step: 0.085022797 in IonStaticPressureOp
norm(r_0) 0
norm(r_1) 0
norm(r_2) 0
norm(r_3) 6.7521134e-05
norm(r_4) 0
Newton iteration  0 : ||r|| = 6.75211e-05
   Pass :  1   Iteration :   0  ||B r|| = 0.0247852 ...
   Pass :  1   Iteration :  39  ||B r|| = 8.38693e-07
norm(r_0) 0
norm(r_1) 0
norm(r_2) 0
norm(r_3) 1.9142539e-06
norm(r_4) 0
Newton iteration  1 : ||r|| = 1.91425e-06, ||r||/||r_0|| = 0.0283504
Time stepping paused at t = 0.8935245
Setting time step: 0.17004559 in DGTransportTDO
Setting time step: 0.17004559 in CombinedOp
Setting time step: 0.17004559 in IonStaticPressureOp
norm(r_0) 0
norm(r_1) 0
norm(r_2) 0
norm(r_3) 2.0084255e-06
norm(r_4) 0
Newton iteration  0 : ||r|| = 2.00843e-06
   Pass :  1   Iteration :   0  ||B r|| = 0.00604391 ...
   Pass :  1   Iteration :  31  ||B r|| = 9.75678e-07
norm(r_0) 0
norm(r_1) 0
norm(r_2) 0
norm(r_3) 3.765013e-06
norm(r_4) 0
Newton iteration  1 : ||r|| = 3.76501e-06, ||r||/||r_0|| = 1.87461
Setting time step: 0.17004559 in DGTransportTDO
Setting time step: 0.17004559 in CombinedOp
Setting time step: 0.17004559 in IonStaticPressureOp
norm(r_0) 0
norm(r_1) 0
norm(r_2) 0
norm(r_3) 7.538951e-06
norm(r_4) 0
Newton iteration  0 : ||r|| = 7.53895e-06
   Pass :  1   Iteration :   0  ||B r|| = 0.0023109 ...
   Pass :  1   Iteration :  25  ||B r|| = 9.90186e-07
norm(r_0) 0
norm(r_1) 0
norm(r_2) 0
norm(r_3) 3.8150433e-06
norm(r_4) 0
Newton iteration  1 : ||r|| = 3.81504e-06, ||r||/||r_0|| = 0.506044
Setting time step: 0.17004559 in DGTransportTDO
Setting time step: 0.17004559 in CombinedOp
Setting time step: 0.17004559 in IonStaticPressureOp
norm(r_0) 0
norm(r_1) 0
norm(r_2) 0
norm(r_3) 6.2683084e-06
norm(r_4) 0
Newton iteration  0 : ||r|| = 6.26831e-06
   Pass :  1   Iteration :   0  ||B r|| = 0.000106854 ...
   Pass :  1   Iteration :  12  ||B r|| = 8.87573e-07
norm(r_0) 0
norm(r_1) 0
norm(r_2) 0
norm(r_3) 2.7562608e-06
norm(r_4) 0
Newton iteration  1 : ||r|| = 2.75626e-06, ||r||/||r_0|| = 0.439714
Setting time step: 0.17004559 in DGTransportTDO
Setting time step: 0.17004559 in CombinedOp
Setting time step: 0.17004559 in IonStaticPressureOp
norm(r_0) 0
norm(r_1) 0
norm(r_2) 0
norm(r_3) 4.9441873e-06
norm(r_4) 0
Newton iteration  0 : ||r|| = 4.94419e-06
   Pass :  1   Iteration :   0  ||B r|| = 0.00115534 ...
   Pass :  1   Iteration :  22  ||B r|| = 9.43789e-07
norm(r_0) 0
norm(r_1) 0
norm(r_2) 0
norm(r_3) 3.4582083e-06
norm(r_4) 0
Newton iteration  1 : ||r|| = 3.45821e-06, ||r||/||r_0|| = 0.699449
Setting time step: 0.17004559 in DGTransportTDO
Setting time step: 0.17004559 in CombinedOp
Setting time step: 0.17004559 in IonStaticPressureOp
norm(r_0) 0
norm(r_1) 0
norm(r_2) 0
norm(r_3) 0.0001353174
norm(r_4) 0
Newton iteration  0 : ||r|| = 0.000135317
   Pass :  1   Iteration :   0  ||B r|| = 0.00240344 ...
   Pass :  1   Iteration :  26  ||B r|| = 8.3382e-07
norm(r_0) 0
norm(r_1) 0
norm(r_2) 0
norm(r_3) 3.5135562e-06
norm(r_4) 0
Newton iteration  1 : ||r|| = 3.51356e-06, ||r||/||r_0|| = 0.0259653
Setting time step: 0.34009119 in DGTransportTDO
Setting time step: 0.34009119 in CombinedOp
Setting time step: 0.34009119 in IonStaticPressureOp
norm(r_0) 0
norm(r_1) 0
norm(r_2) 0
norm(r_3) 3.5145237e-06
norm(r_4) 0
Newton iteration  0 : ||r|| = 3.51452e-06
   Pass :  1   Iteration :   0  ||B r|| = 0.000390466 ...
   Pass :  1   Iteration :  17  ||B r|| = 9.30413e-07
norm(r_0) 0
norm(r_1) 0
norm(r_2) 0
norm(r_3) 5.6927154e-06
norm(r_4) 0
Newton iteration  1 : ||r|| = 5.69272e-06, ||r||/||r_0|| = 1.61977
Setting time step: 0.34009119 in DGTransportTDO
Setting time step: 0.34009119 in CombinedOp
Setting time step: 0.34009119 in IonStaticPressureOp
norm(r_0) 0
norm(r_1) 0
norm(r_2) 0
norm(r_3) 1.1951159e-05
norm(r_4) 0
Newton iteration  0 : ||r|| = 1.19512e-05
   Pass :  1   Iteration :   0  ||B r|| = 0.000244921 ...
   Pass :  1   Iteration :  14  ||B r|| = 9.0936e-07
norm(r_0) 0
norm(r_1) 0
norm(r_2) 0
norm(r_3) 4.4913473e-06
norm(r_4) 0
Newton iteration  1 : ||r|| = 4.49135e-06, ||r||/||r_0|| = 0.375809
Setting time step: 0.34009119 in DGTransportTDO
Setting time step: 0.34009119 in CombinedOp
Setting time step: 0.34009119 in IonStaticPressureOp
norm(r_0) 0
norm(r_1) 0
norm(r_2) 0
norm(r_3) 1.002155e-05
norm(r_4) 0
Newton iteration  0 : ||r|| = 1.00216e-05
   Pass :  1   Iteration :   0  ||B r|| = 7.37562e-05 ...
   Pass :  1   Iteration :   7  ||B r|| = 9.61548e-07
norm(r_0) 0
norm(r_1) 0
norm(r_2) 0
norm(r_3) 6.6295593e-06
norm(r_4) 0
Newton iteration  1 : ||r|| = 6.62956e-06, ||r||/||r_0|| = 0.66153
Setting time step: 0.34009119 in DGTransportTDO
Setting time step: 0.34009119 in CombinedOp
Setting time step: 0.34009119 in IonStaticPressureOp
norm(r_0) 0
norm(r_1) 0
norm(r_2) 0
norm(r_3) 7.5964769e-06
norm(r_4) 0
Newton iteration  0 : ||r|| = 7.59648e-06
   Pass :  1   Iteration :   0  ||B r|| = 1.02758e-05 ...
   Pass :  1   Iteration :   5  ||B r|| = 9.97025e-07
norm(r_0) 0
norm(r_1) 0
norm(r_2) 0
norm(r_3) 5.4322032e-06
norm(r_4) 0
Newton iteration  1 : ||r|| = 5.4322e-06, ||r||/||r_0|| = 0.715095
Setting time step: 0.34009119 in DGTransportTDO
Setting time step: 0.34009119 in CombinedOp
Setting time step: 0.34009119 in IonStaticPressureOp
norm(r_0) 0
norm(r_1) 0
norm(r_2) 0
norm(r_3) 0.00015210264
norm(r_4) 0
Newton iteration  0 : ||r|| = 0.000152103
   Pass :  1   Iteration :   0  ||B r|| = 0.000451203 ...
   Pass :  1   Iteration :  22  ||B r|| = 7.6026e-07
norm(r_0) 0
norm(r_1) 0
norm(r_2) 0
norm(r_3) 6.7202713e-06
norm(r_4) 0
Newton iteration  1 : ||r|| = 6.72027e-06, ||r||/||r_0|| = 0.0441825
Setting time step: 0.68018237 in DGTransportTDO
Setting time step: 0.68018237 in CombinedOp
Setting time step: 0.68018237 in IonStaticPressureOp
norm(r_0) 0
norm(r_1) 0
norm(r_2) 0
norm(r_3) 6.7202863e-06
norm(r_4) 0
Newton iteration  0 : ||r|| = 6.72029e-06
   Pass :  1   Iteration :   0  ||B r|| = 1.51409e-06 ...
   Pass :  1   Iteration :   2  ||B r|| = 8.80679e-07
norm(r_0) 0
norm(r_1) 0
norm(r_2) 0
norm(r_3) 2.8924918e-05
norm(r_4) 0
Newton iteration  1 : ||r|| = 2.89249e-05, ||r||/||r_0|| = 4.30412
Setting time step: 0.68018237 in DGTransportTDO
Setting time step: 0.68018237 in CombinedOp
Setting time step: 0.68018237 in IonStaticPressureOp
norm(r_0) 0
norm(r_1) 0
norm(r_2) 0
norm(r_3) 5.294963e-05
norm(r_4) 0
Newton iteration  0 : ||r|| = 5.29496e-05
   Pass :  1   Iteration :   0  ||B r|| = 1.58023e-06 ...
   Pass :  1   Iteration :   2  ||B r|| = 7.71684e-07
norm(r_0) 0
norm(r_1) 0
norm(r_2) 0
norm(r_3) 2.3795609e-05
norm(r_4) 0
Newton iteration  1 : ||r|| = 2.37956e-05, ||r||/||r_0|| = 0.449401
Setting time step: 0.68018237 in DGTransportTDO
Setting time step: 0.68018237 in CombinedOp
Setting time step: 0.68018237 in IonStaticPressureOp
norm(r_0) 0
norm(r_1) 0
norm(r_2) 0
norm(r_3) 4.2383881e-05
norm(r_4) 0
Newton iteration  0 : ||r|| = 4.23839e-05
   Pass :  1   Iteration :   0  ||B r|| = 1.17099e-06 ...
   Pass :  1   Iteration :   2  ||B r|| = 7.99656e-07
norm(r_0) 0
norm(r_1) 0
norm(r_2) 0
norm(r_3) 2.3041393e-05
norm(r_4) 0
Newton iteration  1 : ||r|| = 2.30414e-05, ||r||/||r_0|| = 0.543636
Setting time step: 0.68018237 in DGTransportTDO
Setting time step: 0.68018237 in CombinedOp
Setting time step: 0.68018237 in IonStaticPressureOp
norm(r_0) 0
norm(r_1) 0
norm(r_2) 0
norm(r_3) 3.4996351e-05
norm(r_4) 0
Newton iteration  0 : ||r|| = 3.49964e-05
   Pass :  1   Iteration :   0  ||B r|| = 9.88812e-07
norm(r_0) 0
norm(r_1) 0
norm(r_2) 0
norm(r_3) 3.4996351e-05
norm(r_4) 0
Newton iteration  1 : ||r|| = 3.49964e-05, ||r||/||r_0|| = 1
Setting time step: 0.68018237 in DGTransportTDO
Setting time step: 0.68018237 in CombinedOp
Setting time step: 0.68018237 in IonStaticPressureOp
norm(r_0) 0
norm(r_1) 0
norm(r_2) 0
norm(r_3) 0.00041938695
norm(r_4) 0
Newton iteration  0 : ||r|| = 0.000419387
   Pass :  1   Iteration :   0  ||B r|| = 1.67375e-05 ...
   Pass :  1   Iteration :   4  ||B r|| = 6.71741e-07
norm(r_0) 0
norm(r_1) 0
norm(r_2) 0
norm(r_3) 2.3690204e-05
norm(r_4) 0
Newton iteration  1 : ||r|| = 2.36902e-05, ||r||/||r_0|| = 0.0564877
Setting time step: 1.3603647 in DGTransportTDO
Setting time step: 1.3603647 in CombinedOp
Setting time step: 1.3603647 in IonStaticPressureOp
norm(r_0) 0
norm(r_1) 0
norm(r_2) 0
norm(r_3) 2.3690205e-05
norm(r_4) 0
Newton iteration  0 : ||r|| = 2.36902e-05
   Pass :  1   Iteration :   0  ||B r|| = 3.7462e-07
norm(r_0) 0
norm(r_1) 0
norm(r_2) 0
norm(r_3) 2.3690205e-05
norm(r_4) 0
Newton iteration  1 : ||r|| = 2.36902e-05, ||r||/||r_0|| = 1
Setting time step: 1.3603647 in DGTransportTDO
Setting time step: 1.3603647 in CombinedOp
Setting time step: 1.3603647 in IonStaticPressureOp
norm(r_0) 0
norm(r_1) 0
norm(r_2) 0
norm(r_3) 2.3690205e-05
norm(r_4) 0
Newton iteration  0 : ||r|| = 2.36902e-05
   Pass :  1   Iteration :   0  ||B r|| = 3.7462e-07
norm(r_0) 0
norm(r_1) 0
norm(r_2) 0
norm(r_3) 2.3690205e-05
norm(r_4) 0
Newton iteration  1 : ||r|| = 2.36902e-05, ||r||/||r_0|| = 1
Setting time step: 1.3603647 in DGTransportTDO
Setting time step: 1.3603647 in CombinedOp
Setting time step: 1.3603647 in IonStaticPressureOp
norm(r_0) 0
norm(r_1) 0
norm(r_2) 0
norm(r_3) 2.3690205e-05
norm(r_4) 0
Newton iteration  0 : ||r|| = 2.36902e-05
   Pass :  1   Iteration :   0  ||B r|| = 3.7462e-07
norm(r_0) 0
norm(r_1) 0
norm(r_2) 0
norm(r_3) 2.3690205e-05
norm(r_4) 0
Newton iteration  1 : ||r|| = 2.36902e-05, ||r||/||r_0|| = 1
Setting time step: 1.3603647 in DGTransportTDO
Setting time step: 1.3603647 in CombinedOp
Setting time step: 1.3603647 in IonStaticPressureOp
norm(r_0) 0
norm(r_1) 0
norm(r_2) 0
norm(r_3) 2.3690205e-05
norm(r_4) 0
Newton iteration  0 : ||r|| = 2.36902e-05
   Pass :  1   Iteration :   0  ||B r|| = 3.7462e-07
norm(r_0) 0
norm(r_1) 0
norm(r_2) 0
norm(r_3) 2.3690205e-05
norm(r_4) 0
Newton iteration  1 : ||r|| = 2.36902e-05, ||r||/||r_0|| = 1
Setting time step: 1.3603647 in DGTransportTDO
Setting time step: 1.3603647 in CombinedOp
Setting time step: 1.3603647 in IonStaticPressureOp
norm(r_0) 0
norm(r_1) 0
norm(r_2) 0
norm(r_3) 2.3690205e-05
norm(r_4) 0
Newton iteration  0 : ||r|| = 2.36902e-05
   Pass :  1   Iteration :   0  ||B r|| = 3.7462e-07
norm(r_0) 0
norm(r_1) 0
norm(r_2) 0
norm(r_3) 2.3690205e-05
norm(r_4) 0
Newton iteration  1 : ||r|| = 2.36902e-05, ||r||/||r_0|| = 1
Time stepping paused at t = 11.09626
Steady State solution has been reached

Time stepping done after 823.60573s.
