Options used:
   --mesh ../../mfem/data/inline-quad.mesh
   --bc-file ../../mfem/miniapps/plasma/transport2d_bcs.inp
   --ic-file ../../mfem/miniapps/plasma/transport2d_ics.inp
   --ec-file /home/gz6/mfem-analysis/input-files/transport2d_ecs.inp
   --es-file ../../mfem/miniapps/plasma/transport2d_ess.inp
   --eqdsk-file 
   --logging 1
   --operator-test 8
   --equation-weights '1 1 1 1 1'
   --problem 0
   --refine-serial 2
   --refine-parallel 0
   --enable-amr
   --max-err -1
   --hysteresis 0.25
   --nc-limit 3
   --amr-weights '1 1 1 1 1'
   --order 1
   --dg-sigma -1
   --dg-kappa 4
   --linear-abs-tolerance 1e-06
   --linear-rel-tolerance 1e-06
   --linear-max-iterations 500
   --linear-logging-level 3
   --newton-abs-tolerance 1e-10
   --newton-rel-tolerance 1e-10
   --newton-max-iterations 1
   --newton-logging-level 1
   --steady-state-abs-tolerance 1e-08
   --steady-state-rel-tolerance 1e-08
   --prec-type 1
   --prec-logging-level 0
   --initial-tolerance 1e-05
   --ode-tolerance 0.001
   --ode-solver 2
   --err-per-step
   --ode-weights '1 1 1 1 1'
   --kP 0
   --kI 0.6
   --kD 0
   --theta-max 2
   --t-minimum 0
   --t-final 100
   --time-step 0.01
   --cfl-number 0.3
   --ion-charge 1
   --ion-mass 2.0141018
   --neutral-mass 2.0141018
   --neutral-temp 3
   --min-neutral-density 9e+14
   --max-neutral-density 1e+15
   --neutral-density-exp 0
   --min-ion-density 1e+16
   --max-ion-density 1e+18
   --ion-density-exp 0
   --min-ion-temp 1
   --max-ion-temp 10
   --ion-temp-exp 0
   --min-electron-temp 10
   --max-electron-temp 440
   --electron-temp-exp 0
   --total-B-magnitude 5
   --poloidal-B-magnitude 0.5
   --velocity 1000
   --Di-perp 1
   --Xi-perp 1
   --Xe-perp 1
   --equation-term-flags '-1 -1 -1 -1 -1'
   --visualization-flags '-1 -1 -1 -1 -1'
   --visualization
   --visit-datafiles
   --ascii-datafiles
   --visualization-steps 4
Device configuration: cpu
Memory configuration: host-std
Number of elements in initial mesh: 16
Number of elements after serial refinement: 256
5: Number of elements in parallel mesh: 16
5: Number of elements after parallel refinement: 16
15: Number of elements in parallel mesh: 16
15: Number of elements after parallel refinement: 16
1: Number of elements in parallel mesh: 16
1: Number of elements after parallel refinement: 16
0: Number of elements in parallel mesh: 16
0: Number of elements after parallel refinement: 16
14: Number of elements in parallel mesh: 16
14: Number of elements after parallel refinement: 16
2: Number of elements in parallel mesh: 16
2: Number of elements after parallel refinement: 16
4: Number of elements in parallel mesh: 16
4: Number of elements after parallel refinement: 16
3: Number of elements in parallel mesh: 16
3: Number of elements after parallel refinement: 16
11: Number of elements in parallel mesh: 16
11: Number of elements after parallel refinement: 16
13: Number of elements in parallel mesh: 16
13: Number of elements after parallel refinement: 16
10: Number of elements in parallel mesh: 16
10: Number of elements after parallel refinement: 16
6: Number of elements in parallel mesh: 16
6: Number of elements after parallel refinement: 16
7: Number of elements in parallel mesh: 16
7: Number of elements after parallel refinement: 16
9: Number of elements in parallel mesh: 16
9: Number of elements after parallel refinement: 16
12: Number of elements in parallel mesh: 16
12: Number of elements after parallel refinement: 16
8: Number of elements in parallel mesh: 16
8: Number of elements after parallel refinement: 16
Configuring initial conditions
Reading initial conditions from ../../mfem/miniapps/plasma/transport2d_ics.inp
Configuring exact solutions
Reading exact solutions from ../../mfem/miniapps/plasma/transport2d_ess.inp

AMR iteration 0
Number of unknowns: 1024
Stopping criterion satisfied. Stop.
Number of unknowns per field: 1024
Total number of unknowns:     5120
Configuring boundary conditions
Reading boundary conditions from ../../mfem/miniapps/plasma/transport2d_bcs.inp
Configuring equation coefficients
Reading equation coefficients from /home/gz6/mfem-analysis/input-files/transport2d_ecs.inp
|mn| = 3.3444946e-27
|ni| = 1
|ne| = 1

|Dn|     = -nan
|Di|     = -nan
|Eta|    = -nan
|nXi|    = -nan
|nXe|    = -nan

|Eta/mn| = -nan
|nXi/ni| = -nan
|nXe/ne| = -nan
Ion Static Pressure: Adding time derivative term proportional to d n_i / dt
Ion Static Pressure: Adding time derivative term proportional to d T_i / dt
Ion Static Pressure: Adding anisotropic diffusion term
Ion Static Pressure: Adding source term
Opening GLVis sockets.
Range of error estimates for initial condition: -nan < elem err < -nan

Begin time stepping at t = 0
Setting time step: 0.0025 in DGTransportTDO
Setting time step: 0.0025 in CombinedOp
Setting time step: 0.0025 in IonStaticPressureOp
norm(r_0) 0
norm(r_1) 0
norm(r_2) 0
norm(r_3) 0.30842514
norm(r_4) 0
Newton iteration  0 : ||r|| = 0.308425
   Pass :  1   Iteration :   0  ||B r|| = 154.992 ...
   Pass :  1   Iteration :  15  ||B r|| = 6.9877e-05
norm(r_0) 0
norm(r_1) 0
norm(r_2) 0
norm(r_3) 1.0786258e-05
norm(r_4) 0
Newton iteration  1 : ||r|| = 1.07863e-05, ||r||/||r_0|| = 3.4972e-05
Setting time step: 0.0025 in DGTransportTDO
Setting time step: 0.0025 in CombinedOp
Setting time step: 0.0025 in IonStaticPressureOp
norm(r_0) 0
norm(r_1) 0
norm(r_2) 0
norm(r_3) 0.2876012
norm(r_4) 0
Newton iteration  0 : ||r|| = 0.287601
   Pass :  1   Iteration :   0  ||B r|| = 144.696 ...
   Pass :  1   Iteration :  15  ||B r|| = 6.44763e-05
norm(r_0) 0
norm(r_1) 0
norm(r_2) 0
norm(r_3) 9.9564714e-06
norm(r_4) 0
Newton iteration  1 : ||r|| = 9.95647e-06, ||r||/||r_0|| = 3.4619e-05
Setting time step: 0.0025 in DGTransportTDO
Setting time step: 0.0025 in CombinedOp
Setting time step: 0.0025 in IonStaticPressureOp
norm(r_0) 0
norm(r_1) 0
norm(r_2) 0
norm(r_3) 0.29581691
norm(r_4) 0
Newton iteration  0 : ||r|| = 0.295817
   Pass :  1   Iteration :   0  ||B r|| = 148.767 ...
   Pass :  1   Iteration :  15  ||B r|| = 6.6573e-05
norm(r_0) 0
norm(r_1) 0
norm(r_2) 0
norm(r_3) 1.0278959e-05
norm(r_4) 0
Newton iteration  1 : ||r|| = 1.0279e-05, ||r||/||r_0|| = 3.47477e-05
Setting time step: 0.0025 in DGTransportTDO
Setting time step: 0.0025 in CombinedOp
Setting time step: 0.0025 in IonStaticPressureOp
norm(r_0) 0
norm(r_1) 0
norm(r_2) 0
norm(r_3) 0.29791707
norm(r_4) 0
Newton iteration  0 : ||r|| = 0.297917
   Pass :  1   Iteration :   0  ||B r|| = 149.803 ...
   Pass :  1   Iteration :  15  ||B r|| = 6.71247e-05
norm(r_0) 0
norm(r_1) 0
norm(r_2) 0
norm(r_3) 1.0363666e-05
norm(r_4) 0
Newton iteration  1 : ||r|| = 1.03637e-05, ||r||/||r_0|| = 3.47871e-05
Setting time step: 0.0025 in DGTransportTDO
Setting time step: 0.0025 in CombinedOp
Setting time step: 0.0025 in IonStaticPressureOp
norm(r_0) 0
norm(r_1) 0
norm(r_2) 0
norm(r_3) 0.27757274
norm(r_4) 0
Newton iteration  0 : ||r|| = 0.277573
   Pass :  1   Iteration :   0  ||B r|| = 139.685 ...
   Pass :  1   Iteration :  15  ||B r|| = 6.21013e-05
norm(r_0) 0
norm(r_1) 0
norm(r_2) 0
norm(r_3) 9.5885246e-06
norm(r_4) 0
Newton iteration  1 : ||r|| = 9.58852e-06, ||r||/||r_0|| = 3.45442e-05
Setting time step: 0.005 in DGTransportTDO
Setting time step: 0.005 in CombinedOp
Setting time step: 0.005 in IonStaticPressureOp
norm(r_0) 0
norm(r_1) 0
norm(r_2) 0
norm(r_3) 0.26820586
norm(r_4) 0
Newton iteration  0 : ||r|| = 0.268206
   Pass :  1   Iteration :   0  ||B r|| = 120.903 ...
   Pass :  1   Iteration :  15  ||B r|| = 0.000108952
norm(r_0) 0
norm(r_1) 0
norm(r_2) 0
norm(r_3) 3.0518442e-05
norm(r_4) 0
Newton iteration  1 : ||r|| = 3.05184e-05, ||r||/||r_0|| = 0.000113787
Setting time step: 0.005 in DGTransportTDO
Setting time step: 0.005 in CombinedOp
Setting time step: 0.005 in IonStaticPressureOp
norm(r_0) 0
norm(r_1) 0
norm(r_2) 0
norm(r_3) 0.23318892
norm(r_4) 0
Newton iteration  0 : ||r|| = 0.233189
   Pass :  1   Iteration :   0  ||B r|| = 105.205 ...
   Pass :  1   Iteration :  15  ||B r|| = 9.42149e-05
norm(r_0) 0
norm(r_1) 0
norm(r_2) 0
norm(r_3) 2.6379952e-05
norm(r_4) 0
Newton iteration  1 : ||r|| = 2.638e-05, ||r||/||r_0|| = 0.000113127
Setting time step: 0.005 in DGTransportTDO
Setting time step: 0.005 in CombinedOp
Setting time step: 0.005 in IonStaticPressureOp
norm(r_0) 0
norm(r_1) 0
norm(r_2) 0
norm(r_3) 0.24682962
norm(r_4) 0
Newton iteration  0 : ||r|| = 0.24683
   Pass :  1   Iteration :   0  ||B r|| = 111.325 ...
   Pass :  1   Iteration :  15  ||B r|| = 9.99216e-05
norm(r_0) 0
norm(r_1) 0
norm(r_2) 0
norm(r_3) 2.7981238e-05
norm(r_4) 0
Newton iteration  1 : ||r|| = 2.79812e-05, ||r||/||r_0|| = 0.000113363
Setting time step: 0.005 in DGTransportTDO
Setting time step: 0.005 in CombinedOp
Setting time step: 0.005 in IonStaticPressureOp
norm(r_0) 0
norm(r_1) 0
norm(r_2) 0
norm(r_3) 0.25039042
norm(r_4) 0
Newton iteration  0 : ||r|| = 0.25039
   Pass :  1   Iteration :   0  ||B r|| = 112.92 ...
   Pass :  1   Iteration :  15  ||B r|| = 0.000101428
norm(r_0) 0
norm(r_1) 0
norm(r_2) 0
norm(r_3) 2.8404387e-05
norm(r_4) 0
Newton iteration  1 : ||r|| = 2.84044e-05, ||r||/||r_0|| = 0.00011344
Setting time step: 0.005 in DGTransportTDO
Setting time step: 0.005 in CombinedOp
Setting time step: 0.005 in IonStaticPressureOp
norm(r_0) 0
norm(r_1) 0
norm(r_2) 0
norm(r_3) 0.21700326
norm(r_4) 0
Newton iteration  0 : ||r|| = 0.217003
   Pass :  1   Iteration :   0  ||B r|| = 97.9173 ...
   Pass :  1   Iteration :  15  ||B r|| = 8.76707e-05
norm(r_0) 0
norm(r_1) 0
norm(r_2) 0
norm(r_3) 2.4552453e-05
norm(r_4) 0
Newton iteration  1 : ||r|| = 2.45525e-05, ||r||/||r_0|| = 0.000113143
Setting time step: 0.01 in DGTransportTDO
Setting time step: 0.01 in CombinedOp
Setting time step: 0.01 in IonStaticPressureOp
norm(r_0) 0
norm(r_1) 0
norm(r_2) 0
norm(r_3) 0.20283818
norm(r_4) 0
Newton iteration  0 : ||r|| = 0.202838
   Pass :  1   Iteration :   0  ||B r|| = 76.2828 ...
   Pass :  1   Iteration :  16  ||B r|| = 5.38634e-05
norm(r_0) 0
norm(r_1) 0
norm(r_2) 0
norm(r_3) 2.9929227e-05
norm(r_4) 0
Newton iteration  1 : ||r|| = 2.99292e-05, ||r||/||r_0|| = 0.000147552
Setting time step: 0.01 in DGTransportTDO
Setting time step: 0.01 in CombinedOp
Setting time step: 0.01 in IonStaticPressureOp
norm(r_0) 0
norm(r_1) 0
norm(r_2) 0
norm(r_3) 0.15312208
norm(r_4) 0
Newton iteration  0 : ||r|| = 0.153122
   Pass :  1   Iteration :   0  ||B r|| = 57.6067 ...
   Pass :  1   Iteration :  16  ||B r|| = 4.04017e-05
norm(r_0) 0
norm(r_1) 0
norm(r_2) 0
norm(r_3) 2.24482e-05
norm(r_4) 0
Newton iteration  1 : ||r|| = 2.24482e-05, ||r||/||r_0|| = 0.000146603
Setting time step: 0.01 in DGTransportTDO
Setting time step: 0.01 in CombinedOp
Setting time step: 0.01 in IonStaticPressureOp
norm(r_0) 0
norm(r_1) 0
norm(r_2) 0
norm(r_3) 0.17203364
norm(r_4) 0
Newton iteration  0 : ||r|| = 0.172034
   Pass :  1   Iteration :   0  ||B r|| = 64.7124 ...
   Pass :  1   Iteration :  16  ||B r|| = 4.55037e-05
norm(r_0) 0
norm(r_1) 0
norm(r_2) 0
norm(r_3) 2.5283405e-05
norm(r_4) 0
Newton iteration  1 : ||r|| = 2.52834e-05, ||r||/||r_0|| = 0.000146968
Setting time step: 0.01 in DGTransportTDO
Setting time step: 0.01 in CombinedOp
Setting time step: 0.01 in IonStaticPressureOp
norm(r_0) 0
norm(r_1) 0
norm(r_2) 0
norm(r_3) 0.17716895
norm(r_4) 0
Newton iteration  0 : ||r|| = 0.177169
   Pass :  1   Iteration :   0  ||B r|| = 66.6412 ...
   Pass :  1   Iteration :  16  ||B r|| = 4.68983e-05
norm(r_0) 0
norm(r_1) 0
norm(r_2) 0
norm(r_3) 2.6058418e-05
norm(r_4) 0
Newton iteration  1 : ||r|| = 2.60584e-05, ||r||/||r_0|| = 0.000147082
Setting time step: 0.01 in DGTransportTDO
Setting time step: 0.01 in CombinedOp
Setting time step: 0.01 in IonStaticPressureOp
norm(r_0) 0
norm(r_1) 0
norm(r_2) 0
norm(r_3) 0.13222738
norm(r_4) 0
Newton iteration  0 : ||r|| = 0.132227
   Pass :  1   Iteration :   0  ||B r|| = 49.7447 ...
   Pass :  1   Iteration :  16  ||B r|| = 3.48979e-05
norm(r_0) 0
norm(r_1) 0
norm(r_2) 0
norm(r_3) 1.9389979e-05
norm(r_4) 0
Newton iteration  1 : ||r|| = 1.939e-05, ||r||/||r_0|| = 0.000146641
Setting time step: 0.02 in DGTransportTDO
Setting time step: 0.02 in CombinedOp
Setting time step: 0.02 in IonStaticPressureOp
norm(r_0) 0
norm(r_1) 0
norm(r_2) 0
norm(r_3) 0.11602278
norm(r_4) 0
Newton iteration  0 : ||r|| = 0.116023
   Pass :  1   Iteration :   0  ||B r|| = 32.0556 ...
   Pass :  1   Iteration :  18  ||B r|| = 1.73032e-05
norm(r_0) 0
norm(r_1) 0
norm(r_2) 0
norm(r_3) 1.8546849e-05
norm(r_4) 0
Newton iteration  1 : ||r|| = 1.85468e-05, ||r||/||r_0|| = 0.000159855
Setting time step: 0.02 in DGTransportTDO
Setting time step: 0.02 in CombinedOp
Setting time step: 0.02 in IonStaticPressureOp
norm(r_0) 0
norm(r_1) 0
norm(r_2) 0
norm(r_3) 0.065357188
norm(r_4) 0
Newton iteration  0 : ||r|| = 0.0653572
   Pass :  1   Iteration :   0  ||B r|| = 18.0586 ...
   Pass :  1   Iteration :  18  ||B r|| = 9.74423e-06
norm(r_0) 0
norm(r_1) 0
norm(r_2) 0
norm(r_3) 1.0445013e-05
norm(r_4) 0
Newton iteration  1 : ||r|| = 1.0445e-05, ||r||/||r_0|| = 0.000159814
Setting time step: 0.02 in DGTransportTDO
Setting time step: 0.02 in CombinedOp
Setting time step: 0.02 in IonStaticPressureOp
norm(r_0) 0
norm(r_1) 0
norm(r_2) 0
norm(r_3) 0.083853423
norm(r_4) 0
Newton iteration  0 : ||r|| = 0.0838534
   Pass :  1   Iteration :   0  ||B r|| = 23.1685 ...
   Pass :  1   Iteration :  18  ||B r|| = 1.25035e-05
norm(r_0) 0
norm(r_1) 0
norm(r_2) 0
norm(r_3) 1.3402446e-05
norm(r_4) 0
Newton iteration  1 : ||r|| = 1.34024e-05, ||r||/||r_0|| = 0.000159832
Setting time step: 0.02 in DGTransportTDO
Setting time step: 0.02 in CombinedOp
Setting time step: 0.02 in IonStaticPressureOp
norm(r_0) 0
norm(r_1) 0
norm(r_2) 0
norm(r_3) 0.089235915
norm(r_4) 0
Newton iteration  0 : ||r|| = 0.0892359
   Pass :  1   Iteration :   0  ||B r|| = 24.6555 ...
   Pass :  1   Iteration :  18  ||B r|| = 1.33066e-05
norm(r_0) 0
norm(r_1) 0
norm(r_2) 0
norm(r_3) 1.4263216e-05
norm(r_4) 0
Newton iteration  1 : ||r|| = 1.42632e-05, ||r||/||r_0|| = 0.000159837
Setting time step: 0.02 in DGTransportTDO
Setting time step: 0.02 in CombinedOp
Setting time step: 0.02 in IonStaticPressureOp
norm(r_0) 0
norm(r_1) 0
norm(r_2) 0
norm(r_3) 0.048637345
norm(r_4) 0
Newton iteration  0 : ||r|| = 0.0486373
   Pass :  1   Iteration :   0  ||B r|| = 13.4381 ...
   Pass :  1   Iteration :  18  ||B r|| = 7.25283e-06
norm(r_0) 0
norm(r_1) 0
norm(r_2) 0
norm(r_3) 7.7742807e-06
norm(r_4) 0
Newton iteration  1 : ||r|| = 7.77428e-06, ||r||/||r_0|| = 0.000159842
Time stepping paused at t = 0.15

Estimating errors.
No refinements necessary.
No derefinements needed.

AMR iteration 1
Number of unknowns: 1024
Setting time step: 0.018650762 in DGTransportTDO
Setting time step: 0.018650762 in CombinedOp
Setting time step: 0.018650762 in IonStaticPressureOp
norm(r_0) 0
norm(r_1) 0
norm(r_2) 0
norm(r_3) 0.03801768
norm(r_4) 0
Newton iteration  0 : ||r|| = 0.0380177
   Pass :  1   Iteration :   0  ||B r|| = 10.889 ...
   Pass :  1   Iteration :  18  ||B r|| = 5.34927e-06
norm(r_0) 0
norm(r_1) 0
norm(r_2) 0
norm(r_3) 5.368151e-06
norm(r_4) 0
Newton iteration  1 : ||r|| = 5.36815e-06, ||r||/||r_0|| = 0.000141201
Setting time step: 0.018650762 in DGTransportTDO
Setting time step: 0.018650762 in CombinedOp
Setting time step: 0.018650762 in IonStaticPressureOp
norm(r_0) 0
norm(r_1) 0
norm(r_2) 0
norm(r_3) 0.0223044
norm(r_4) 0
Newton iteration  0 : ||r|| = 0.0223044
   Pass :  1   Iteration :   0  ||B r|| = 6.38854 ...
   Pass :  1   Iteration :  18  ||B r|| = 3.13812e-06
norm(r_0) 0
norm(r_1) 0
norm(r_2) 0
norm(r_3) 3.149226e-06
norm(r_4) 0
Newton iteration  1 : ||r|| = 3.14923e-06, ||r||/||r_0|| = 0.000141193
Setting time step: 0.018650762 in DGTransportTDO
Setting time step: 0.018650762 in CombinedOp
Setting time step: 0.018650762 in IonStaticPressureOp
norm(r_0) 0
norm(r_1) 0
norm(r_2) 0
norm(r_3) 0.028070149
norm(r_4) 0
Newton iteration  0 : ||r|| = 0.0280701
   Pass :  1   Iteration :   0  ||B r|| = 8.03993 ...
   Pass :  1   Iteration :  18  ||B r|| = 3.94945e-06
norm(r_0) 0
norm(r_1) 0
norm(r_2) 0
norm(r_3) 3.9634104e-06
norm(r_4) 0
Newton iteration  1 : ||r|| = 3.96341e-06, ||r||/||r_0|| = 0.000141197
Setting time step: 0.018650762 in DGTransportTDO
Setting time step: 0.018650762 in CombinedOp
Setting time step: 0.018650762 in IonStaticPressureOp
norm(r_0) 0
norm(r_1) 0
norm(r_2) 0
norm(r_3) 0.029733546
norm(r_4) 0
Newton iteration  0 : ||r|| = 0.0297335
   Pass :  1   Iteration :   0  ||B r|| = 8.51635 ...
   Pass :  1   Iteration :  18  ||B r|| = 4.18352e-06
norm(r_0) 0
norm(r_1) 0
norm(r_2) 0
norm(r_3) 4.1983081e-06
norm(r_4) 0
Newton iteration  1 : ||r|| = 4.19831e-06, ||r||/||r_0|| = 0.000141198
Setting time step: 0.018650762 in DGTransportTDO
Setting time step: 0.018650762 in CombinedOp
Setting time step: 0.018650762 in IonStaticPressureOp
norm(r_0) 0
norm(r_1) 0
norm(r_2) 0
norm(r_3) 0.016923654
norm(r_4) 0
Newton iteration  0 : ||r|| = 0.0169237
   Pass :  1   Iteration :   0  ||B r|| = 4.84729 ...
   Pass :  1   Iteration :  18  ||B r|| = 2.38113e-06
norm(r_0) 0
norm(r_1) 0
norm(r_2) 0
norm(r_3) 2.3895486e-06
norm(r_4) 0
Newton iteration  1 : ||r|| = 2.38955e-06, ||r||/||r_0|| = 0.000141196
Setting time step: 0.037301524 in DGTransportTDO
Setting time step: 0.037301524 in CombinedOp
Setting time step: 0.037301524 in IonStaticPressureOp
norm(r_0) 0
norm(r_1) 0
norm(r_2) 0
norm(r_3) 0.013426253
norm(r_4) 0
Newton iteration  0 : ||r|| = 0.0134263
   Pass :  1   Iteration :   0  ||B r|| = 2.5477 ...
   Pass :  1   Iteration :  19  ||B r|| = 1.43089e-06
norm(r_0) 0
norm(r_1) 0
norm(r_2) 0
norm(r_3) 3.3062874e-06
norm(r_4) 0
Newton iteration  1 : ||r|| = 3.30629e-06, ||r||/||r_0|| = 0.000246255
Setting time step: 0.037301524 in DGTransportTDO
Setting time step: 0.037301524 in CombinedOp
Setting time step: 0.037301524 in IonStaticPressureOp
norm(r_0) 0
norm(r_1) 0
norm(r_2) 0
norm(r_3) 0.0042284986
norm(r_4) 0
Newton iteration  0 : ||r|| = 0.0042285
   Pass :  1   Iteration :   0  ||B r|| = 0.802385 ...
   Pass :  1   Iteration :  18  ||B r|| = 8.71848e-07
norm(r_0) 0
norm(r_1) 0
norm(r_2) 0
norm(r_3) 1.6785353e-06
norm(r_4) 0
Newton iteration  1 : ||r|| = 1.67854e-06, ||r||/||r_0|| = 0.000396958
Setting time step: 0.037301524 in DGTransportTDO
Setting time step: 0.037301524 in CombinedOp
Setting time step: 0.037301524 in IonStaticPressureOp
norm(r_0) 0
norm(r_1) 0
norm(r_2) 0
norm(r_3) 0.0074035181
norm(r_4) 0
Newton iteration  0 : ||r|| = 0.00740352
   Pass :  1   Iteration :   0  ||B r|| = 1.40486 ...
   Pass :  1   Iteration :  19  ||B r|| = 7.89016e-07
norm(r_0) 0
norm(r_1) 0
norm(r_2) 0
norm(r_3) 1.8231454e-06
norm(r_4) 0
Newton iteration  1 : ||r|| = 1.82315e-06, ||r||/||r_0|| = 0.000246254
Setting time step: 0.037301524 in DGTransportTDO
Setting time step: 0.037301524 in CombinedOp
Setting time step: 0.037301524 in IonStaticPressureOp
norm(r_0) 0
norm(r_1) 0
norm(r_2) 0
norm(r_3) 0.0084201724
norm(r_4) 0
Newton iteration  0 : ||r|| = 0.00842017
   Pass :  1   Iteration :   0  ||B r|| = 1.59777 ...
   Pass :  1   Iteration :  19  ||B r|| = 8.97367e-07
norm(r_0) 0
norm(r_1) 0
norm(r_2) 0
norm(r_3) 2.0735046e-06
norm(r_4) 0
Newton iteration  1 : ||r|| = 2.0735e-06, ||r||/||r_0|| = 0.000246254
Setting time step: 0.037301524 in DGTransportTDO
Setting time step: 0.037301524 in CombinedOp
Setting time step: 0.037301524 in IonStaticPressureOp
norm(r_0) 0
norm(r_1) 0
norm(r_2) 0
norm(r_3) 0.0026486722
norm(r_4) 0
Newton iteration  0 : ||r|| = 0.00264867
   Pass :  1   Iteration :   0  ||B r|| = 0.502595 ...
   Pass :  1   Iteration :  18  ||B r|| = 5.46157e-07
norm(r_0) 0
norm(r_1) 0
norm(r_2) 0
norm(r_3) 1.0515444e-06
norm(r_4) 0
Newton iteration  1 : ||r|| = 1.05154e-06, ||r||/||r_0|| = 0.000397008
Setting time step: 0.04340853 in DGTransportTDO
Setting time step: 0.04340853 in CombinedOp
Setting time step: 0.04340853 in IonStaticPressureOp
norm(r_0) 0
norm(r_1) 0
norm(r_2) 0
norm(r_3) 0.0017414214
norm(r_4) 0
Newton iteration  0 : ||r|| = 0.00174142
   Pass :  1   Iteration :   0  ||B r|| = 0.297431 ...
   Pass :  1   Iteration :  17  ||B r|| = 7.6164e-07
norm(r_0) 0
norm(r_1) 0
norm(r_2) 0
norm(r_3) 1.6700982e-06
norm(r_4) 0
Newton iteration  1 : ||r|| = 1.6701e-06, ||r||/||r_0|| = 0.000959043
Setting time step: 0.04340853 in DGTransportTDO
Setting time step: 0.04340853 in CombinedOp
Setting time step: 0.04340853 in IonStaticPressureOp
norm(r_0) 0
norm(r_1) 0
norm(r_2) 0
norm(r_3) 0.00042687307
norm(r_4) 0
Newton iteration  0 : ||r|| = 0.000426873
   Pass :  1   Iteration :   0  ||B r|| = 0.0729055 ...
   Pass :  1   Iteration :  15  ||B r|| = 6.25526e-07
norm(r_0) 0
norm(r_1) 0
norm(r_2) 0
norm(r_3) 1.3330928e-06
norm(r_4) 0
Newton iteration  1 : ||r|| = 1.33309e-06, ||r||/||r_0|| = 0.00312293
Setting time step: 0.04340853 in DGTransportTDO
Setting time step: 0.04340853 in CombinedOp
Setting time step: 0.04340853 in IonStaticPressureOp
norm(r_0) 0
norm(r_1) 0
norm(r_2) 0
norm(r_3) 0.0008733005
norm(r_4) 0
Newton iteration  0 : ||r|| = 0.000873301
   Pass :  1   Iteration :   0  ||B r|| = 0.149156 ...
   Pass :  1   Iteration :  16  ||B r|| = 7.16039e-07
norm(r_0) 0
norm(r_1) 0
norm(r_2) 0
norm(r_3) 1.7608388e-06
norm(r_4) 0
Newton iteration  1 : ||r|| = 1.76084e-06, ||r||/||r_0|| = 0.0020163
Setting time step: 0.04340853 in DGTransportTDO
Setting time step: 0.04340853 in CombinedOp
Setting time step: 0.04340853 in IonStaticPressureOp
norm(r_0) 0
norm(r_1) 0
norm(r_2) 0
norm(r_3) 0.0010203174
norm(r_4) 0
Newton iteration  0 : ||r|| = 0.00102032
   Pass :  1   Iteration :   0  ||B r|| = 0.174267 ...
   Pass :  1   Iteration :  16  ||B r|| = 8.36602e-07
norm(r_0) 0
norm(r_1) 0
norm(r_2) 0
norm(r_3) 2.0573296e-06
norm(r_4) 0
Newton iteration  1 : ||r|| = 2.05733e-06, ||r||/||r_0|| = 0.00201636
Setting time step: 0.04340853 in DGTransportTDO
Setting time step: 0.04340853 in CombinedOp
Setting time step: 0.04340853 in IonStaticPressureOp
norm(r_0) 0
norm(r_1) 0
norm(r_2) 0
norm(r_3) 0.0002716905
norm(r_4) 0
Newton iteration  0 : ||r|| = 0.00027169
   Pass :  1   Iteration :   0  ||B r|| = 0.0463731 ...
   Pass :  1   Iteration :  14  ||B r|| = 6.89527e-07
norm(r_0) 0
norm(r_1) 0
norm(r_2) 0
norm(r_3) 1.4769083e-06
norm(r_4) 0
Newton iteration  1 : ||r|| = 1.47691e-06, ||r||/||r_0|| = 0.005436
Setting time step: 0.08681706 in DGTransportTDO
Setting time step: 0.08681706 in CombinedOp
Setting time step: 0.08681706 in IonStaticPressureOp
norm(r_0) 0
norm(r_1) 0
norm(r_2) 0
norm(r_3) 0.00016902169
norm(r_4) 0
Newton iteration  0 : ||r|| = 0.000169022
   Pass :  1   Iteration :   0  ||B r|| = 0.0168668 ...
   Pass :  1   Iteration :  13  ||B r|| = 6.01327e-07
norm(r_0) 0
norm(r_1) 0
norm(r_2) 0
norm(r_3) 3.8022029e-06
norm(r_4) 0
Newton iteration  1 : ||r|| = 3.8022e-06, ||r||/||r_0|| = 0.0224954
Setting time step: 0.08681706 in DGTransportTDO
Setting time step: 0.08681706 in CombinedOp
Setting time step: 0.08681706 in IonStaticPressureOp
norm(r_0) 0
norm(r_1) 0
norm(r_2) 0
norm(r_3) 1.8130343e-05
norm(r_4) 0
Newton iteration  0 : ||r|| = 1.81303e-05
   Pass :  1   Iteration :   0  ||B r|| = 0.00162084 ...
   Pass :  1   Iteration :   9  ||B r|| = 8.56223e-07
norm(r_0) 0
norm(r_1) 0
norm(r_2) 0
norm(r_3) 2.979598e-06
norm(r_4) 0
Newton iteration  1 : ||r|| = 2.9796e-06, ||r||/||r_0|| = 0.164343
Setting time step: 0.08681706 in DGTransportTDO
Setting time step: 0.08681706 in CombinedOp
Setting time step: 0.08681706 in IonStaticPressureOp
norm(r_0) 0
norm(r_1) 0
norm(r_2) 0
norm(r_3) 4.2145772e-05
norm(r_4) 0
Newton iteration  0 : ||r|| = 4.21458e-05
   Pass :  1   Iteration :   0  ||B r|| = 0.00415288 ...
   Pass :  1   Iteration :  11  ||B r|| = 6.97958e-07
norm(r_0) 0
norm(r_1) 0
norm(r_2) 0
norm(r_3) 3.2992658e-06
norm(r_4) 0
Newton iteration  1 : ||r|| = 3.29927e-06, ||r||/||r_0|| = 0.0782822
Setting time step: 0.08681706 in DGTransportTDO
Setting time step: 0.08681706 in CombinedOp
Setting time step: 0.08681706 in IonStaticPressureOp
norm(r_0) 0
norm(r_1) 0
norm(r_2) 0
norm(r_3) 6.3846116e-05
norm(r_4) 0
Newton iteration  0 : ||r|| = 6.38461e-05
   Pass :  1   Iteration :   0  ||B r|| = 0.00634996 ...
   Pass :  1   Iteration :  12  ||B r|| = 5.00938e-07
norm(r_0) 0
norm(r_1) 0
norm(r_2) 0
norm(r_3) 2.3560117e-06
norm(r_4) 0
Newton iteration  1 : ||r|| = 2.35601e-06, ||r||/||r_0|| = 0.0369014
Setting time step: 0.08681706 in DGTransportTDO
Setting time step: 0.08681706 in CombinedOp
Setting time step: 0.08681706 in IonStaticPressureOp
norm(r_0) 0
norm(r_1) 0
norm(r_2) 0
norm(r_3) 0.00014084185
norm(r_4) 0
Newton iteration  0 : ||r|| = 0.000140842
   Pass :  1   Iteration :   0  ||B r|| = 0.00219434 ...
   Pass :  1   Iteration :  10  ||B r|| = 6.41908e-07
norm(r_0) 0
norm(r_1) 0
norm(r_2) 0
norm(r_3) 3.4141001e-06
norm(r_4) 0
Newton iteration  1 : ||r|| = 3.4141e-06, ||r||/||r_0|| = 0.0242407
Time stepping paused at t = 0.8947115

Estimating errors.
No refinements necessary.
No derefinements needed.

AMR iteration 2
Number of unknowns: 1024
Setting time step: 0.17363412 in DGTransportTDO
Setting time step: 0.17363412 in CombinedOp
Setting time step: 0.17363412 in IonStaticPressureOp
norm(r_0) 0
norm(r_1) 0
norm(r_2) 0
norm(r_3) 1.0592968e-05
norm(r_4) 0
Newton iteration  0 : ||r|| = 1.0593e-05
   Pass :  1   Iteration :   0  ||B r|| = 0.000545134 ...
   Pass :  1   Iteration :   8  ||B r|| = 5.63841e-07
norm(r_0) 0
norm(r_1) 0
norm(r_2) 0
norm(r_3) 6.1884573e-06
norm(r_4) 0
Newton iteration  1 : ||r|| = 6.18846e-06, ||r||/||r_0|| = 0.584204
Setting time step: 0.17363412 in DGTransportTDO
Setting time step: 0.17363412 in CombinedOp
Setting time step: 0.17363412 in IonStaticPressureOp
norm(r_0) 0
norm(r_1) 0
norm(r_2) 0
norm(r_3) 1.1427702e-05
norm(r_4) 0
Newton iteration  0 : ||r|| = 1.14277e-05
   Pass :  1   Iteration :   0  ||B r|| = 0.000226777 ...
   Pass :  1   Iteration :   6  ||B r|| = 9.80143e-07
norm(r_0) 0
norm(r_1) 0
norm(r_2) 0
norm(r_3) 6.8756118e-06
norm(r_4) 0
Newton iteration  1 : ||r|| = 6.87561e-06, ||r||/||r_0|| = 0.601662
Setting time step: 0.17363412 in DGTransportTDO
Setting time step: 0.17363412 in CombinedOp
Setting time step: 0.17363412 in IonStaticPressureOp
norm(r_0) 0
norm(r_1) 0
norm(r_2) 0
norm(r_3) 9.6420048e-06
norm(r_4) 0
Newton iteration  0 : ||r|| = 9.642e-06
   Pass :  1   Iteration :   0  ||B r|| = 5.51403e-06 ...
   Pass :  1   Iteration :   1  ||B r|| = 9.64136e-07
norm(r_0) 0
norm(r_1) 0
norm(r_2) 0
norm(r_3) 5.4493063e-06
norm(r_4) 0
Newton iteration  1 : ||r|| = 5.44931e-06, ||r||/||r_0|| = 0.565163
Setting time step: 0.17363412 in DGTransportTDO
Setting time step: 0.17363412 in CombinedOp
Setting time step: 0.17363412 in IonStaticPressureOp
norm(r_0) 0
norm(r_1) 0
norm(r_2) 0
norm(r_3) 7.9199416e-06
norm(r_4) 0
Newton iteration  0 : ||r|| = 7.91994e-06
   Pass :  1   Iteration :   0  ||B r|| = 9.21735e-05 ...
   Pass :  1   Iteration :   5  ||B r|| = 7.02988e-07
norm(r_0) 0
norm(r_1) 0
norm(r_2) 0
norm(r_3) 4.9302229e-06
norm(r_4) 0
Newton iteration  1 : ||r|| = 4.93022e-06, ||r||/||r_0|| = 0.622507
Setting time step: 0.17363412 in DGTransportTDO
Setting time step: 0.17363412 in CombinedOp
Setting time step: 0.17363412 in IonStaticPressureOp
norm(r_0) 0
norm(r_1) 0
norm(r_2) 0
norm(r_3) 0.00020716383
norm(r_4) 0
Newton iteration  0 : ||r|| = 0.000207164
   Pass :  1   Iteration :   0  ||B r|| = 0.000266047 ...
   Pass :  1   Iteration :   8  ||B r|| = 4.66037e-07
norm(r_0) 0
norm(r_1) 0
norm(r_2) 0
norm(r_3) 5.2329681e-06
norm(r_4) 0
Newton iteration  1 : ||r|| = 5.23297e-06, ||r||/||r_0|| = 0.02526
Setting time step: 0.34726824 in DGTransportTDO
Setting time step: 0.34726824 in CombinedOp
Setting time step: 0.34726824 in IonStaticPressureOp
norm(r_0) 0
norm(r_1) 0
norm(r_2) 0
norm(r_3) 5.3392248e-06
norm(r_4) 0
Newton iteration  0 : ||r|| = 5.33922e-06
   Pass :  1   Iteration :   0  ||B r|| = 3.22959e-05 ...
   Pass :  1   Iteration :   3  ||B r|| = 9.47653e-07
norm(r_0) 0
norm(r_1) 0
norm(r_2) 0
norm(r_3) 8.4177432e-06
norm(r_4) 0
Newton iteration  1 : ||r|| = 8.41774e-06, ||r||/||r_0|| = 1.57659
Setting time step: 0.34726824 in DGTransportTDO
Setting time step: 0.34726824 in CombinedOp
Setting time step: 0.34726824 in IonStaticPressureOp
norm(r_0) 0
norm(r_1) 0
norm(r_2) 0
norm(r_3) 1.8712278e-05
norm(r_4) 0
Newton iteration  0 : ||r|| = 1.87123e-05
   Pass :  1   Iteration :   0  ||B r|| = 2.22429e-05 ...
   Pass :  1   Iteration :   2  ||B r|| = 7.1771e-07
norm(r_0) 0
norm(r_1) 0
norm(r_2) 0
norm(r_3) 7.1831439e-06
norm(r_4) 0
Newton iteration  1 : ||r|| = 7.18314e-06, ||r||/||r_0|| = 0.383873
Setting time step: 0.34726824 in DGTransportTDO
Setting time step: 0.34726824 in CombinedOp
Setting time step: 0.34726824 in IonStaticPressureOp
norm(r_0) 0
norm(r_1) 0
norm(r_2) 0
norm(r_3) 1.4673278e-05
norm(r_4) 0
Newton iteration  0 : ||r|| = 1.46733e-05
   Pass :  1   Iteration :   0  ||B r|| = 8.04474e-06 ...
   Pass :  1   Iteration :   2  ||B r|| = 5.79086e-07
norm(r_0) 0
norm(r_1) 0
norm(r_2) 0
norm(r_3) 2.9042712e-06
norm(r_4) 0
Newton iteration  1 : ||r|| = 2.90427e-06, ||r||/||r_0|| = 0.197929
Setting time step: 0.34726824 in DGTransportTDO
Setting time step: 0.34726824 in CombinedOp
Setting time step: 0.34726824 in IonStaticPressureOp
norm(r_0) 0
norm(r_1) 0
norm(r_2) 0
norm(r_3) 1.1119857e-05
norm(r_4) 0
Newton iteration  0 : ||r|| = 1.11199e-05
   Pass :  1   Iteration :   0  ||B r|| = 1.42029e-06 ...
   Pass :  1   Iteration :   2  ||B r|| = 8.92179e-07
norm(r_0) 0
norm(r_1) 0
norm(r_2) 0
norm(r_3) 4.6741744e-06
norm(r_4) 0
Newton iteration  1 : ||r|| = 4.67417e-06, ||r||/||r_0|| = 0.420345
Setting time step: 0.34726824 in DGTransportTDO
Setting time step: 0.34726824 in CombinedOp
Setting time step: 0.34726824 in IonStaticPressureOp
norm(r_0) 0
norm(r_1) 0
norm(r_2) 0
norm(r_3) 0.00014315132
norm(r_4) 0
Newton iteration  0 : ||r|| = 0.000143151
   Pass :  1   Iteration :   0  ||B r|| = 4.32061e-05 ...
   Pass :  1   Iteration :   5  ||B r|| = 5.15144e-07
norm(r_0) 0
norm(r_1) 0
norm(r_2) 0
norm(r_3) 9.4718083e-06
norm(r_4) 0
Newton iteration  1 : ||r|| = 9.47181e-06, ||r||/||r_0|| = 0.0661664
Setting time step: 0.69453648 in DGTransportTDO
Setting time step: 0.69453648 in CombinedOp
Setting time step: 0.69453648 in IonStaticPressureOp
norm(r_0) 0
norm(r_1) 0
norm(r_2) 0
norm(r_3) 9.4689292e-06
norm(r_4) 0
Newton iteration  0 : ||r|| = 9.46893e-06
   Pass :  1   Iteration :   0  ||B r|| = 4.4935e-07
norm(r_0) 0
norm(r_1) 0
norm(r_2) 0
norm(r_3) 9.4689292e-06
norm(r_4) 0
Newton iteration  1 : ||r|| = 9.46893e-06, ||r||/||r_0|| = 1
Setting time step: 0.69453648 in DGTransportTDO
Setting time step: 0.69453648 in CombinedOp
Setting time step: 0.69453648 in IonStaticPressureOp
norm(r_0) 0
norm(r_1) 0
norm(r_2) 0
norm(r_3) 9.4689292e-06
norm(r_4) 0
Newton iteration  0 : ||r|| = 9.46893e-06
   Pass :  1   Iteration :   0  ||B r|| = 4.4935e-07
norm(r_0) 0
norm(r_1) 0
norm(r_2) 0
norm(r_3) 9.4689292e-06
norm(r_4) 0
Newton iteration  1 : ||r|| = 9.46893e-06, ||r||/||r_0|| = 1
Setting time step: 0.69453648 in DGTransportTDO
Setting time step: 0.69453648 in CombinedOp
Setting time step: 0.69453648 in IonStaticPressureOp
norm(r_0) 0
norm(r_1) 0
norm(r_2) 0
norm(r_3) 9.4689292e-06
norm(r_4) 0
Newton iteration  0 : ||r|| = 9.46893e-06
   Pass :  1   Iteration :   0  ||B r|| = 4.4935e-07
norm(r_0) 0
norm(r_1) 0
norm(r_2) 0
norm(r_3) 9.4689292e-06
norm(r_4) 0
Newton iteration  1 : ||r|| = 9.46893e-06, ||r||/||r_0|| = 1
Setting time step: 0.69453648 in DGTransportTDO
Setting time step: 0.69453648 in CombinedOp
Setting time step: 0.69453648 in IonStaticPressureOp
norm(r_0) 0
norm(r_1) 0
norm(r_2) 0
norm(r_3) 9.4689292e-06
norm(r_4) 0
Newton iteration  0 : ||r|| = 9.46893e-06
   Pass :  1   Iteration :   0  ||B r|| = 4.4935e-07
norm(r_0) 0
norm(r_1) 0
norm(r_2) 0
norm(r_3) 9.4689292e-06
norm(r_4) 0
Newton iteration  1 : ||r|| = 9.46893e-06, ||r||/||r_0|| = 1
Setting time step: 0.69453648 in DGTransportTDO
Setting time step: 0.69453648 in CombinedOp
Setting time step: 0.69453648 in IonStaticPressureOp
norm(r_0) 0
norm(r_1) 0
norm(r_2) 0
norm(r_3) 9.4689292e-06
norm(r_4) 0
Newton iteration  0 : ||r|| = 9.46893e-06
   Pass :  1   Iteration :   0  ||B r|| = 4.4935e-07
norm(r_0) 0
norm(r_1) 0
norm(r_2) 0
norm(r_3) 9.4689292e-06
norm(r_4) 0
Newton iteration  1 : ||r|| = 9.46893e-06, ||r||/||r_0|| = 1
Setting time step: 0.69453648 in DGTransportTDO
Setting time step: 0.69453648 in CombinedOp
Setting time step: 0.69453648 in IonStaticPressureOp
norm(r_0) 0
norm(r_1) 0
norm(r_2) 0
norm(r_3) 9.4689292e-06
norm(r_4) 0
Newton iteration  0 : ||r|| = 9.46893e-06
   Pass :  1   Iteration :   0  ||B r|| = 4.4935e-07
norm(r_0) 0
norm(r_1) 0
norm(r_2) 0
norm(r_3) 9.4689292e-06
norm(r_4) 0
Newton iteration  1 : ||r|| = 9.46893e-06, ||r||/||r_0|| = 1
Setting time step: 0.69453648 in DGTransportTDO
Setting time step: 0.69453648 in CombinedOp
Setting time step: 0.69453648 in IonStaticPressureOp
norm(r_0) 0
norm(r_1) 0
norm(r_2) 0
norm(r_3) 9.4689292e-06
norm(r_4) 0
Newton iteration  0 : ||r|| = 9.46893e-06
   Pass :  1   Iteration :   0  ||B r|| = 4.4935e-07
norm(r_0) 0
norm(r_1) 0
norm(r_2) 0
norm(r_3) 9.4689292e-06
norm(r_4) 0
Newton iteration  1 : ||r|| = 9.46893e-06, ||r||/||r_0|| = 1
Setting time step: 0.69453648 in DGTransportTDO
Setting time step: 0.69453648 in CombinedOp
Setting time step: 0.69453648 in IonStaticPressureOp
norm(r_0) 0
norm(r_1) 0
norm(r_2) 0
norm(r_3) 9.4689292e-06
norm(r_4) 0
Newton iteration  0 : ||r|| = 9.46893e-06
   Pass :  1   Iteration :   0  ||B r|| = 4.4935e-07
norm(r_0) 0
norm(r_1) 0
norm(r_2) 0
norm(r_3) 9.4689292e-06
norm(r_4) 0
Newton iteration  1 : ||r|| = 9.46893e-06, ||r||/||r_0|| = 1
Setting time step: 0.69453648 in DGTransportTDO
Setting time step: 0.69453648 in CombinedOp
Setting time step: 0.69453648 in IonStaticPressureOp
norm(r_0) 0
norm(r_1) 0
norm(r_2) 0
norm(r_3) 9.4689292e-06
norm(r_4) 0
Newton iteration  0 : ||r|| = 9.46893e-06
   Pass :  1   Iteration :   0  ||B r|| = 4.4935e-07
norm(r_0) 0
norm(r_1) 0
norm(r_2) 0
norm(r_3) 9.4689292e-06
norm(r_4) 0
Newton iteration  1 : ||r|| = 9.46893e-06, ||r||/||r_0|| = 1
Setting time step: 0.69453648 in DGTransportTDO
Setting time step: 0.69453648 in CombinedOp
Setting time step: 0.69453648 in IonStaticPressureOp
norm(r_0) 0
norm(r_1) 0
norm(r_2) 0
norm(r_3) 9.4689292e-06
norm(r_4) 0
Newton iteration  0 : ||r|| = 9.46893e-06
   Pass :  1   Iteration :   0  ||B r|| = 4.4935e-07
norm(r_0) 0
norm(r_1) 0
norm(r_2) 0
norm(r_3) 9.4689292e-06
norm(r_4) 0
Newton iteration  1 : ||r|| = 9.46893e-06, ||r||/||r_0|| = 1
Time stepping paused at t = 8.5346128
Steady State solution has been reached

Time stepping done after 1.7305055s.
