Options used:
   --mesh ../../../mfem/data/inline-quad.mesh
   --bc-file /home/gz6/mfem-analysis/input-files/transport2d_bcs.inp
   --ic-file /home/gz6/mfem-analysis/input-files/transport2d_ics.inp
   --ec-file /home/gz6/mfem-analysis/input-files/transport2d_ecs.inp
   --es-file /home/gz6/mfem-analysis/input-files/transport2d_ess.inp
   --eqdsk-file 
   --logging 1
   --operator-test 8
   --equation-weights '1 1 1 1 1'
   --problem 0
   --refine-serial 3
   --refine-parallel 0
   --disable-amr
   --max-err -1
   --hysteresis 0.25
   --nc-limit 3
   --amr-weights '1 1 1 1 1'
   --order 3
   --dg-sigma -1
   --dg-kappa 400
   --linear-abs-tolerance 1e-06
   --linear-rel-tolerance 1e-06
   --linear-max-iterations 300
   --linear-logging-level 3
   --newton-abs-tolerance 1e-10
   --newton-rel-tolerance 1e-10
   --newton-max-iterations 1
   --newton-logging-level 1
   --steady-state-abs-tolerance 1e-08
   --steady-state-rel-tolerance 1e-08
   --prec-type 2
   --prec-logging-level 0
   --initial-tolerance 1e-05
   --ode-tolerance 0.001
   --ode-solver 2
   --err-per-step
   --ode-weights '1 1 1 1 1'
   --kP 0
   --kI 0.6
   --kD 0
   --dead-zone-min 0.95
   --dead-zone-max 1.05
   --theta-max 2
   --t-minimum 0
   --t-final 200
   --time-step 0.01
   --cfl-number 0.3
   --ion-charge 1
   --ion-mass 2.01410178
   --neutral-mass 2.01410178
   --neutral-temp 3
   --min-neutral-density 900000000000000
   --max-neutral-density 1000000000000000
   --neutral-density-exp 0
   --min-ion-density 1e+16
   --max-ion-density 1e+18
   --ion-density-exp 0
   --min-ion-temp 1
   --max-ion-temp 10
   --ion-temp-exp 0
   --min-electron-temp 10
   --max-electron-temp 440
   --electron-temp-exp 0
   --total-B-magnitude 5
   --poloidal-B-magnitude 0.5
   --velocity 1000
   --Di-perp 1
   --Xi-perp 1
   --Xe-perp 1
   --equation-term-flags '-1 -1 -1 -1 -1'
   --visualization-flags '-1 -1 -1 -1 -1'
   --visualization
   --visit-datafiles
   --ascii-datafiles
   --no-check-gradient
   --visualization-steps 4
Device configuration: cpu
Memory configuration: host-std
Number of elements in initial mesh: 16
Number of elements after serial refinement: 1024
0: Number of elements in parallel mesh: 1024
0: Number of elements after parallel refinement: 1024
Configuring initial conditions
Reading initial conditions from /home/gz6/mfem-analysis/input-files/transport2d_ics.inp
Configuring exact solutions
Reading exact solutions from /home/gz6/mfem-analysis/input-files/transport2d_ess.inp
Number of unknowns per field: 16384
Total number of unknowns:     81920
Configuring boundary conditions
Reading boundary conditions from /home/gz6/mfem-analysis/input-files/transport2d_bcs.inp
Configuring equation coefficients
Reading equation coefficients from /home/gz6/mfem-analysis/input-files/transport2d_ecs.inp
Ion Static Pressure: Adding time derivative term proportional to d n_i / dt
Ion Static Pressure: Adding time derivative term proportional to d T_i / dt
Ion Static Pressure: Adding anisotropic diffusion term
Ion Static Pressure: Adding source term
Opening GLVis sockets.
Range of error estimates for initial condition: 7.339293251180452e-17 < elem err < 1.238128870144119e-16

Begin time stepping at t = 0
Setting time step: 0.0025 in DGTransportTDO
Setting time step: 0.0025 in CombinedOp
Setting time step: 0.0025 in IonStaticPressureOp
norm(r_0) 0
norm(r_1) 0
norm(r_2) 0
norm(r_3) 0.08424575515976199
norm(r_4) 0
Newton iteration  0 : ||r|| = 0.0842458
	Nonzeros in L         139264
	Nonzeros in U         139264
	nonzeros in L+U       262144
	nonzeros in LSUB       32768

** Memory Usage **********************************
** NUMfact space (MB): (sum-of-all-processes)
    L\U :            2.18 |  Total :     4.17
** Total highmark (MB):
    Sum-of-all :    23.80 | Avg :    23.80  | Max :    23.80
**************************************************
	Nonzeros in L         139264
	Nonzeros in U         139264
	nonzeros in L+U       262144
	nonzeros in LSUB       32768

** Memory Usage **********************************
** NUMfact space (MB): (sum-of-all-processes)
    L\U :            2.18 |  Total :     4.17
** Total highmark (MB):
    Sum-of-all :    23.80 | Avg :    23.80  | Max :    23.80
**************************************************
	Nonzeros in L         139264
	Nonzeros in U         139264
	nonzeros in L+U       262144
	nonzeros in LSUB       32768

** Memory Usage **********************************
** NUMfact space (MB): (sum-of-all-processes)
    L\U :            2.18 |  Total :     4.17
** Total highmark (MB):
    Sum-of-all :    23.80 | Avg :    23.80  | Max :    23.80
**************************************************
	Nonzeros in L        3302400
	Nonzeros in U        3302400
	nonzeros in L+U      6588416
	nonzeros in LSUB      805570

** Memory Usage **********************************
** NUMfact space (MB): (sum-of-all-processes)
    L\U :           54.21 |  Total :    77.02
** Total highmark (MB):
    Sum-of-all :    84.46 | Avg :    84.46  | Max :    84.46
**************************************************
	Nonzeros in L         139264
	Nonzeros in U         139264
	nonzeros in L+U       262144
	nonzeros in LSUB       32768

** Memory Usage **********************************
** NUMfact space (MB): (sum-of-all-processes)
    L\U :            2.18 |  Total :     4.17
** Total highmark (MB):
    Sum-of-all :    23.80 | Avg :    23.80  | Max :    23.80
**************************************************
   Pass :  1   Iteration :   0  ||B r|| = 815.381 ...
   Pass :  1   Iteration :   1  ||B r|| = 1.53693e-06
norm(r_0) 0
norm(r_1) 0
norm(r_2) 0
norm(r_3) 7.379300650711486e-09
norm(r_4) 0
Newton iteration  1 : ||r|| = 7.3793e-09, ||r||/||r_0|| = 8.75926e-08
Setting time step: 0.0025 in DGTransportTDO
Setting time step: 0.0025 in CombinedOp
Setting time step: 0.0025 in IonStaticPressureOp
norm(r_0) 0
norm(r_1) 0
norm(r_2) 0
norm(r_3) 0.07887915786072716
norm(r_4) 0
Newton iteration  0 : ||r|| = 0.0788792
	Nonzeros in L         139264
	Nonzeros in U         139264
	nonzeros in L+U       262144
	nonzeros in LSUB       32768

** Memory Usage **********************************
** NUMfact space (MB): (sum-of-all-processes)
    L\U :            2.18 |  Total :     4.17
** Total highmark (MB):
    Sum-of-all :    23.80 | Avg :    23.80  | Max :    23.80
**************************************************
	Nonzeros in L         139264
	Nonzeros in U         139264
	nonzeros in L+U       262144
	nonzeros in LSUB       32768

** Memory Usage **********************************
** NUMfact space (MB): (sum-of-all-processes)
    L\U :            2.18 |  Total :     4.17
** Total highmark (MB):
    Sum-of-all :    23.80 | Avg :    23.80  | Max :    23.80
**************************************************
	Nonzeros in L         139264
	Nonzeros in U         139264
	nonzeros in L+U       262144
	nonzeros in LSUB       32768

** Memory Usage **********************************
** NUMfact space (MB): (sum-of-all-processes)
    L\U :            2.18 |  Total :     4.17
** Total highmark (MB):
    Sum-of-all :    23.80 | Avg :    23.80  | Max :    23.80
**************************************************
	Nonzeros in L        3302400
	Nonzeros in U        3302400
	nonzeros in L+U      6588416
	nonzeros in LSUB      805570

** Memory Usage **********************************
** NUMfact space (MB): (sum-of-all-processes)
    L\U :           54.21 |  Total :    77.02
** Total highmark (MB):
    Sum-of-all :    84.46 | Avg :    84.46  | Max :    84.46
**************************************************
	Nonzeros in L         139264
	Nonzeros in U         139264
	nonzeros in L+U       262144
	nonzeros in LSUB       32768

** Memory Usage **********************************
** NUMfact space (MB): (sum-of-all-processes)
    L\U :            2.18 |  Total :     4.17
** Total highmark (MB):
    Sum-of-all :    23.80 | Avg :    23.80  | Max :    23.80
**************************************************
   Pass :  1   Iteration :   0  ||B r|| = 763.44 ...
   Pass :  1   Iteration :   1  ||B r|| = 1.79808e-06
norm(r_0) 0
norm(r_1) 0
norm(r_2) 0
norm(r_3) 1.162792839095622e-08
norm(r_4) 0
Newton iteration  1 : ||r|| = 1.16279e-08, ||r||/||r_0|| = 1.47414e-07
Setting time step: 0.0025 in DGTransportTDO
Setting time step: 0.0025 in CombinedOp
Setting time step: 0.0025 in IonStaticPressureOp
norm(r_0) 0
norm(r_1) 0
norm(r_2) 0
norm(r_3) 0.08099844753015174
norm(r_4) 0
Newton iteration  0 : ||r|| = 0.0809984
	Nonzeros in L         139264
	Nonzeros in U         139264
	nonzeros in L+U       262144
	nonzeros in LSUB       32768

** Memory Usage **********************************
** NUMfact space (MB): (sum-of-all-processes)
    L\U :            2.18 |  Total :     4.17
** Total highmark (MB):
    Sum-of-all :    23.80 | Avg :    23.80  | Max :    23.80
**************************************************
	Nonzeros in L         139264
	Nonzeros in U         139264
	nonzeros in L+U       262144
	nonzeros in LSUB       32768

** Memory Usage **********************************
** NUMfact space (MB): (sum-of-all-processes)
    L\U :            2.18 |  Total :     4.17
** Total highmark (MB):
    Sum-of-all :    23.80 | Avg :    23.80  | Max :    23.80
**************************************************
	Nonzeros in L         139264
	Nonzeros in U         139264
	nonzeros in L+U       262144
	nonzeros in LSUB       32768

** Memory Usage **********************************
** NUMfact space (MB): (sum-of-all-processes)
    L\U :            2.18 |  Total :     4.17
** Total highmark (MB):
    Sum-of-all :    23.80 | Avg :    23.80  | Max :    23.80
**************************************************
	Nonzeros in L        3302400
	Nonzeros in U        3302400
	nonzeros in L+U      6588416
	nonzeros in LSUB      805570

** Memory Usage **********************************
** NUMfact space (MB): (sum-of-all-processes)
    L\U :           54.21 |  Total :    77.02
** Total highmark (MB):
    Sum-of-all :    84.46 | Avg :    84.46  | Max :    84.46
**************************************************
	Nonzeros in L         139264
	Nonzeros in U         139264
	nonzeros in L+U       262144
	nonzeros in LSUB       32768

** Memory Usage **********************************
** NUMfact space (MB): (sum-of-all-processes)
    L\U :            2.18 |  Total :     4.17
** Total highmark (MB):
    Sum-of-all :    23.80 | Avg :    23.80  | Max :    23.80
**************************************************
   Pass :  1   Iteration :   0  ||B r|| = 783.952 ...
   Pass :  1   Iteration :   1  ||B r|| = 2.12988e-06
norm(r_0) 0
norm(r_1) 0
norm(r_2) 0
norm(r_3) 9.66221658389794e-09
norm(r_4) 0
Newton iteration  1 : ||r|| = 9.66222e-09, ||r||/||r_0|| = 1.19289e-07
Setting time step: 0.0025 in DGTransportTDO
Setting time step: 0.0025 in CombinedOp
Setting time step: 0.0025 in IonStaticPressureOp
norm(r_0) 0
norm(r_1) 0
norm(r_2) 0
norm(r_3) 0.08153942640495446
norm(r_4) 0
Newton iteration  0 : ||r|| = 0.0815394
	Nonzeros in L         139264
	Nonzeros in U         139264
	nonzeros in L+U       262144
	nonzeros in LSUB       32768

** Memory Usage **********************************
** NUMfact space (MB): (sum-of-all-processes)
    L\U :            2.18 |  Total :     4.17
** Total highmark (MB):
    Sum-of-all :    23.80 | Avg :    23.80  | Max :    23.80
**************************************************
	Nonzeros in L         139264
	Nonzeros in U         139264
	nonzeros in L+U       262144
	nonzeros in LSUB       32768

** Memory Usage **********************************
** NUMfact space (MB): (sum-of-all-processes)
    L\U :            2.18 |  Total :     4.17
** Total highmark (MB):
    Sum-of-all :    23.80 | Avg :    23.80  | Max :    23.80
**************************************************
	Nonzeros in L         139264
	Nonzeros in U         139264
	nonzeros in L+U       262144
	nonzeros in LSUB       32768

** Memory Usage **********************************
** NUMfact space (MB): (sum-of-all-processes)
    L\U :            2.18 |  Total :     4.17
** Total highmark (MB):
    Sum-of-all :    23.80 | Avg :    23.80  | Max :    23.80
**************************************************
	Nonzeros in L        3302400
	Nonzeros in U        3302400
	nonzeros in L+U      6588416
	nonzeros in LSUB      805570

** Memory Usage **********************************
** NUMfact space (MB): (sum-of-all-processes)
    L\U :           54.21 |  Total :    77.02
** Total highmark (MB):
    Sum-of-all :    84.46 | Avg :    84.46  | Max :    84.46
**************************************************
	Nonzeros in L         139264
	Nonzeros in U         139264
	nonzeros in L+U       262144
	nonzeros in LSUB       32768

** Memory Usage **********************************
** NUMfact space (MB): (sum-of-all-processes)
    L\U :            2.18 |  Total :     4.17
** Total highmark (MB):
    Sum-of-all :    23.80 | Avg :    23.80  | Max :    23.80
**************************************************
   Pass :  1   Iteration :   0  ||B r|| = 789.188 ...
   Pass :  1   Iteration :   1  ||B r|| = 1.45593e-06
norm(r_0) 0
norm(r_1) 0
norm(r_2) 0
norm(r_3) 9.072973514212369e-09
norm(r_4) 0
Newton iteration  1 : ||r|| = 9.07297e-09, ||r||/||r_0|| = 1.11271e-07
Setting time step: 0.0025 in DGTransportTDO
Setting time step: 0.0025 in CombinedOp
Setting time step: 0.0025 in IonStaticPressureOp
norm(r_0) 0
norm(r_1) 0
norm(r_2) 0
norm(r_3) 0.07628776709389509
norm(r_4) 0
Newton iteration  0 : ||r|| = 0.0762878
	Nonzeros in L         139264
	Nonzeros in U         139264
	nonzeros in L+U       262144
	nonzeros in LSUB       32768

** Memory Usage **********************************
** NUMfact space (MB): (sum-of-all-processes)
    L\U :            2.18 |  Total :     4.17
** Total highmark (MB):
    Sum-of-all :    23.80 | Avg :    23.80  | Max :    23.80
**************************************************
	Nonzeros in L         139264
	Nonzeros in U         139264
	nonzeros in L+U       262144
	nonzeros in LSUB       32768

** Memory Usage **********************************
** NUMfact space (MB): (sum-of-all-processes)
    L\U :            2.18 |  Total :     4.17
** Total highmark (MB):
    Sum-of-all :    23.80 | Avg :    23.80  | Max :    23.80
**************************************************
	Nonzeros in L         139264
	Nonzeros in U         139264
	nonzeros in L+U       262144
	nonzeros in LSUB       32768

** Memory Usage **********************************
** NUMfact space (MB): (sum-of-all-processes)
    L\U :            2.18 |  Total :     4.17
** Total highmark (MB):
    Sum-of-all :    23.80 | Avg :    23.80  | Max :    23.80
**************************************************
	Nonzeros in L        3302400
	Nonzeros in U        3302400
	nonzeros in L+U      6588416
	nonzeros in LSUB      805570

** Memory Usage **********************************
** NUMfact space (MB): (sum-of-all-processes)
    L\U :           54.21 |  Total :    77.02
** Total highmark (MB):
    Sum-of-all :    84.46 | Avg :    84.46  | Max :    84.46
**************************************************
	Nonzeros in L         139264
	Nonzeros in U         139264
	nonzeros in L+U       262144
	nonzeros in LSUB       32768

** Memory Usage **********************************
** NUMfact space (MB): (sum-of-all-processes)
    L\U :            2.18 |  Total :     4.17
** Total highmark (MB):
    Sum-of-all :    23.80 | Avg :    23.80  | Max :    23.80
**************************************************
   Pass :  1   Iteration :   0  ||B r|| = 738.359 ...
   Pass :  1   Iteration :   1  ||B r|| = 1.40269e-06
norm(r_0) 0
norm(r_1) 0
norm(r_2) 0
norm(r_3) 1.429340063725398e-08
norm(r_4) 0
Newton iteration  1 : ||r|| = 1.42934e-08, ||r||/||r_0|| = 1.87362e-07
Setting time step: 0.005 in DGTransportTDO
Setting time step: 0.005 in CombinedOp
Setting time step: 0.005 in IonStaticPressureOp
norm(r_0) 0
norm(r_1) 0
norm(r_2) 0
norm(r_3) 0.07385793592095667
norm(r_4) 0
Newton iteration  0 : ||r|| = 0.0738579
	Nonzeros in L         139264
	Nonzeros in U         139264
	nonzeros in L+U       262144
	nonzeros in LSUB       32768

** Memory Usage **********************************
** NUMfact space (MB): (sum-of-all-processes)
    L\U :            2.18 |  Total :     4.17
** Total highmark (MB):
    Sum-of-all :    23.80 | Avg :    23.80  | Max :    23.80
**************************************************
	Nonzeros in L         139264
	Nonzeros in U         139264
	nonzeros in L+U       262144
	nonzeros in LSUB       32768

** Memory Usage **********************************
** NUMfact space (MB): (sum-of-all-processes)
    L\U :            2.18 |  Total :     4.17
** Total highmark (MB):
    Sum-of-all :    23.80 | Avg :    23.80  | Max :    23.80
**************************************************
	Nonzeros in L         139264
	Nonzeros in U         139264
	nonzeros in L+U       262144
	nonzeros in LSUB       32768

** Memory Usage **********************************
** NUMfact space (MB): (sum-of-all-processes)
    L\U :            2.18 |  Total :     4.17
** Total highmark (MB):
    Sum-of-all :    23.80 | Avg :    23.80  | Max :    23.80
**************************************************
	Nonzeros in L        3302400
	Nonzeros in U        3302400
	nonzeros in L+U      6588416
	nonzeros in LSUB      805570

** Memory Usage **********************************
** NUMfact space (MB): (sum-of-all-processes)
    L\U :           54.21 |  Total :    77.02
** Total highmark (MB):
    Sum-of-all :    84.46 | Avg :    84.46  | Max :    84.46
**************************************************
	Nonzeros in L         139264
	Nonzeros in U         139264
	nonzeros in L+U       262144
	nonzeros in LSUB       32768

** Memory Usage **********************************
** NUMfact space (MB): (sum-of-all-processes)
    L\U :            2.18 |  Total :     4.17
** Total highmark (MB):
    Sum-of-all :    23.80 | Avg :    23.80  | Max :    23.80
**************************************************
   Pass :  1   Iteration :   0  ||B r|| = 692.776 ...
   Pass :  1   Iteration :   1  ||B r|| = 3.96221e-06
norm(r_0) 0
norm(r_1) 0
norm(r_2) 0
norm(r_3) 2.156271819400517e-08
norm(r_4) 0
Newton iteration  1 : ||r|| = 2.15627e-08, ||r||/||r_0|| = 2.91949e-07
Setting time step: 0.005 in DGTransportTDO
Setting time step: 0.005 in CombinedOp
Setting time step: 0.005 in IonStaticPressureOp
norm(r_0) 0
norm(r_1) 0
norm(r_2) 0
norm(r_3) 0.06473864557510231
norm(r_4) 0
Newton iteration  0 : ||r|| = 0.0647386
	Nonzeros in L         139264
	Nonzeros in U         139264
	nonzeros in L+U       262144
	nonzeros in LSUB       32768

** Memory Usage **********************************
** NUMfact space (MB): (sum-of-all-processes)
    L\U :            2.18 |  Total :     4.17
** Total highmark (MB):
    Sum-of-all :    23.80 | Avg :    23.80  | Max :    23.80
**************************************************
	Nonzeros in L         139264
	Nonzeros in U         139264
	nonzeros in L+U       262144
	nonzeros in LSUB       32768

** Memory Usage **********************************
** NUMfact space (MB): (sum-of-all-processes)
    L\U :            2.18 |  Total :     4.17
** Total highmark (MB):
    Sum-of-all :    23.80 | Avg :    23.80  | Max :    23.80
**************************************************
	Nonzeros in L         139264
	Nonzeros in U         139264
	nonzeros in L+U       262144
	nonzeros in LSUB       32768

** Memory Usage **********************************
** NUMfact space (MB): (sum-of-all-processes)
    L\U :            2.18 |  Total :     4.17
** Total highmark (MB):
    Sum-of-all :    23.80 | Avg :    23.80  | Max :    23.80
**************************************************
	Nonzeros in L        3302400
	Nonzeros in U        3302400
	nonzeros in L+U      6588416
	nonzeros in LSUB      805570

** Memory Usage **********************************
** NUMfact space (MB): (sum-of-all-processes)
    L\U :           54.21 |  Total :    77.02
** Total highmark (MB):
    Sum-of-all :    84.46 | Avg :    84.46  | Max :    84.46
**************************************************
	Nonzeros in L         139264
	Nonzeros in U         139264
	nonzeros in L+U       262144
	nonzeros in LSUB       32768

** Memory Usage **********************************
** NUMfact space (MB): (sum-of-all-processes)
    L\U :            2.18 |  Total :     4.17
** Total highmark (MB):
    Sum-of-all :    23.80 | Avg :    23.80  | Max :    23.80
**************************************************
   Pass :  1   Iteration :   0  ||B r|| = 607.239 ...
   Pass :  1   Iteration :   1  ||B r|| = 1.33574e-06
norm(r_0) 0
norm(r_1) 0
norm(r_2) 0
norm(r_3) 3.232328401970363e-08
norm(r_4) 0
Newton iteration  1 : ||r|| = 3.23233e-08, ||r||/||r_0|| = 4.99289e-07
Setting time step: 0.005 in DGTransportTDO
Setting time step: 0.005 in CombinedOp
Setting time step: 0.005 in IonStaticPressureOp
norm(r_0) 0
norm(r_1) 0
norm(r_2) 0
norm(r_3) 0.06829628436111293
norm(r_4) 0
Newton iteration  0 : ||r|| = 0.0682963
	Nonzeros in L         139264
	Nonzeros in U         139264
	nonzeros in L+U       262144
	nonzeros in LSUB       32768

** Memory Usage **********************************
** NUMfact space (MB): (sum-of-all-processes)
    L\U :            2.18 |  Total :     4.17
** Total highmark (MB):
    Sum-of-all :    23.80 | Avg :    23.80  | Max :    23.80
**************************************************
	Nonzeros in L         139264
	Nonzeros in U         139264
	nonzeros in L+U       262144
	nonzeros in LSUB       32768

** Memory Usage **********************************
** NUMfact space (MB): (sum-of-all-processes)
    L\U :            2.18 |  Total :     4.17
** Total highmark (MB):
    Sum-of-all :    23.80 | Avg :    23.80  | Max :    23.80
**************************************************
	Nonzeros in L         139264
	Nonzeros in U         139264
	nonzeros in L+U       262144
	nonzeros in LSUB       32768

** Memory Usage **********************************
** NUMfact space (MB): (sum-of-all-processes)
    L\U :            2.18 |  Total :     4.17
** Total highmark (MB):
    Sum-of-all :    23.80 | Avg :    23.80  | Max :    23.80
**************************************************
	Nonzeros in L        3302400
	Nonzeros in U        3302400
	nonzeros in L+U      6588416
	nonzeros in LSUB      805570

** Memory Usage **********************************
** NUMfact space (MB): (sum-of-all-processes)
    L\U :           54.21 |  Total :    77.02
** Total highmark (MB):
    Sum-of-all :    84.46 | Avg :    84.46  | Max :    84.46
**************************************************
	Nonzeros in L         139264
	Nonzeros in U         139264
	nonzeros in L+U       262144
	nonzeros in LSUB       32768

** Memory Usage **********************************
** NUMfact space (MB): (sum-of-all-processes)
    L\U :            2.18 |  Total :     4.17
** Total highmark (MB):
    Sum-of-all :    23.80 | Avg :    23.80  | Max :    23.80
**************************************************
   Pass :  1   Iteration :   0  ||B r|| = 640.609 ...
   Pass :  1   Iteration :   1  ||B r|| = 2.05921e-06
norm(r_0) 0
norm(r_1) 0
norm(r_2) 0
norm(r_3) 2.762352834919313e-08
norm(r_4) 0
Newton iteration  1 : ||r|| = 2.76235e-08, ||r||/||r_0|| = 4.04466e-07
Setting time step: 0.005 in DGTransportTDO
Setting time step: 0.005 in CombinedOp
Setting time step: 0.005 in IonStaticPressureOp
norm(r_0) 0
norm(r_1) 0
norm(r_2) 0
norm(r_3) 0.06922273579357885
norm(r_4) 0
Newton iteration  0 : ||r|| = 0.0692227
	Nonzeros in L         139264
	Nonzeros in U         139264
	nonzeros in L+U       262144
	nonzeros in LSUB       32768

** Memory Usage **********************************
** NUMfact space (MB): (sum-of-all-processes)
    L\U :            2.18 |  Total :     4.17
** Total highmark (MB):
    Sum-of-all :    23.80 | Avg :    23.80  | Max :    23.80
**************************************************
	Nonzeros in L         139264
	Nonzeros in U         139264
	nonzeros in L+U       262144
	nonzeros in LSUB       32768

** Memory Usage **********************************
** NUMfact space (MB): (sum-of-all-processes)
    L\U :            2.18 |  Total :     4.17
** Total highmark (MB):
    Sum-of-all :    23.80 | Avg :    23.80  | Max :    23.80
**************************************************
	Nonzeros in L         139264
	Nonzeros in U         139264
	nonzeros in L+U       262144
	nonzeros in LSUB       32768

** Memory Usage **********************************
** NUMfact space (MB): (sum-of-all-processes)
    L\U :            2.18 |  Total :     4.17
** Total highmark (MB):
    Sum-of-all :    23.80 | Avg :    23.80  | Max :    23.80
**************************************************
	Nonzeros in L        3302400
	Nonzeros in U        3302400
	nonzeros in L+U      6588416
	nonzeros in LSUB      805570

** Memory Usage **********************************
** NUMfact space (MB): (sum-of-all-processes)
    L\U :           54.21 |  Total :    77.02
** Total highmark (MB):
    Sum-of-all :    84.46 | Avg :    84.46  | Max :    84.46
**************************************************
	Nonzeros in L         139264
	Nonzeros in U         139264
	nonzeros in L+U       262144
	nonzeros in LSUB       32768

** Memory Usage **********************************
** NUMfact space (MB): (sum-of-all-processes)
    L\U :            2.18 |  Total :     4.17
** Total highmark (MB):
    Sum-of-all :    23.80 | Avg :    23.80  | Max :    23.80
**************************************************
   Pass :  1   Iteration :   0  ||B r|| = 649.299 ...
   Pass :  1   Iteration :   1  ||B r|| = 1.45172e-06
norm(r_0) 0
norm(r_1) 0
norm(r_2) 0
norm(r_3) 2.676202547531251e-08
norm(r_4) 0
Newton iteration  1 : ||r|| = 2.6762e-08, ||r||/||r_0|| = 3.86607e-07
Setting time step: 0.005 in DGTransportTDO
Setting time step: 0.005 in CombinedOp
Setting time step: 0.005 in IonStaticPressureOp
norm(r_0) 0
norm(r_1) 0
norm(r_2) 0
norm(r_3) 0.06050211390799722
norm(r_4) 0
Newton iteration  0 : ||r|| = 0.0605021
	Nonzeros in L         139264
	Nonzeros in U         139264
	nonzeros in L+U       262144
	nonzeros in LSUB       32768

** Memory Usage **********************************
** NUMfact space (MB): (sum-of-all-processes)
    L\U :            2.18 |  Total :     4.17
** Total highmark (MB):
    Sum-of-all :    23.80 | Avg :    23.80  | Max :    23.80
**************************************************
	Nonzeros in L         139264
	Nonzeros in U         139264
	nonzeros in L+U       262144
	nonzeros in LSUB       32768

** Memory Usage **********************************
** NUMfact space (MB): (sum-of-all-processes)
    L\U :            2.18 |  Total :     4.17
** Total highmark (MB):
    Sum-of-all :    23.80 | Avg :    23.80  | Max :    23.80
**************************************************
	Nonzeros in L         139264
	Nonzeros in U         139264
	nonzeros in L+U       262144
	nonzeros in LSUB       32768

** Memory Usage **********************************
** NUMfact space (MB): (sum-of-all-processes)
    L\U :            2.18 |  Total :     4.17
** Total highmark (MB):
    Sum-of-all :    23.80 | Avg :    23.80  | Max :    23.80
**************************************************
	Nonzeros in L        3302400
	Nonzeros in U        3302400
	nonzeros in L+U      6588416
	nonzeros in LSUB      805570

** Memory Usage **********************************
** NUMfact space (MB): (sum-of-all-processes)
    L\U :           54.21 |  Total :    77.02
** Total highmark (MB):
    Sum-of-all :    84.46 | Avg :    84.46  | Max :    84.46
**************************************************
	Nonzeros in L         139264
	Nonzeros in U         139264
	nonzeros in L+U       262144
	nonzeros in LSUB       32768

** Memory Usage **********************************
** NUMfact space (MB): (sum-of-all-processes)
    L\U :            2.18 |  Total :     4.17
** Total highmark (MB):
    Sum-of-all :    23.80 | Avg :    23.80  | Max :    23.80
**************************************************
   Pass :  1   Iteration :   0  ||B r|| = 567.501 ...
   Pass :  1   Iteration :   1  ||B r|| = 7.14885e-07
norm(r_0) 0
norm(r_1) 0
norm(r_2) 0
norm(r_3) 3.669205190356099e-08
norm(r_4) 0
Newton iteration  1 : ||r|| = 3.66921e-08, ||r||/||r_0|| = 6.06459e-07
Setting time step: 0.01 in DGTransportTDO
Setting time step: 0.01 in CombinedOp
Setting time step: 0.01 in IonStaticPressureOp
norm(r_0) 0
norm(r_1) 0
norm(r_2) 0
norm(r_3) 0.05676699379733102
norm(r_4) 0
Newton iteration  0 : ||r|| = 0.056767
	Nonzeros in L         139264
	Nonzeros in U         139264
	nonzeros in L+U       262144
	nonzeros in LSUB       32768

** Memory Usage **********************************
** NUMfact space (MB): (sum-of-all-processes)
    L\U :            2.18 |  Total :     4.17
** Total highmark (MB):
    Sum-of-all :    23.80 | Avg :    23.80  | Max :    23.80
**************************************************
	Nonzeros in L         139264
	Nonzeros in U         139264
	nonzeros in L+U       262144
	nonzeros in LSUB       32768

** Memory Usage **********************************
** NUMfact space (MB): (sum-of-all-processes)
    L\U :            2.18 |  Total :     4.17
** Total highmark (MB):
    Sum-of-all :    23.80 | Avg :    23.80  | Max :    23.80
**************************************************
	Nonzeros in L         139264
	Nonzeros in U         139264
	nonzeros in L+U       262144
	nonzeros in LSUB       32768

** Memory Usage **********************************
** NUMfact space (MB): (sum-of-all-processes)
    L\U :            2.18 |  Total :     4.17
** Total highmark (MB):
    Sum-of-all :    23.80 | Avg :    23.80  | Max :    23.80
**************************************************
	Nonzeros in L        3302400
	Nonzeros in U        3302400
	nonzeros in L+U      6588416
	nonzeros in LSUB      805570

** Memory Usage **********************************
** NUMfact space (MB): (sum-of-all-processes)
    L\U :           54.21 |  Total :    77.02
** Total highmark (MB):
    Sum-of-all :    84.46 | Avg :    84.46  | Max :    84.46
**************************************************
	Nonzeros in L         139264
	Nonzeros in U         139264
	nonzeros in L+U       262144
	nonzeros in LSUB       32768

** Memory Usage **********************************
** NUMfact space (MB): (sum-of-all-processes)
    L\U :            2.18 |  Total :     4.17
** Total highmark (MB):
    Sum-of-all :    23.80 | Avg :    23.80  | Max :    23.80
**************************************************
   Pass :  1   Iteration :   0  ||B r|| = 501.505 ...
   Pass :  1   Iteration :   1  ||B r|| = 3.15838e-06
norm(r_0) 0
norm(r_1) 0
norm(r_2) 0
norm(r_3) 4.687135388454945e-08
norm(r_4) 0
Newton iteration  1 : ||r|| = 4.68714e-08, ||r||/||r_0|| = 8.2568e-07
Setting time step: 0.01 in DGTransportTDO
Setting time step: 0.01 in CombinedOp
Setting time step: 0.01 in IonStaticPressureOp
norm(r_0) 0
norm(r_1) 0
norm(r_2) 0
norm(r_3) 0.04356396729559361
norm(r_4) 0
Newton iteration  0 : ||r|| = 0.043564
	Nonzeros in L         139264
	Nonzeros in U         139264
	nonzeros in L+U       262144
	nonzeros in LSUB       32768

** Memory Usage **********************************
** NUMfact space (MB): (sum-of-all-processes)
    L\U :            2.18 |  Total :     4.17
** Total highmark (MB):
    Sum-of-all :    23.80 | Avg :    23.80  | Max :    23.80
**************************************************
	Nonzeros in L         139264
	Nonzeros in U         139264
	nonzeros in L+U       262144
	nonzeros in LSUB       32768

** Memory Usage **********************************
** NUMfact space (MB): (sum-of-all-processes)
    L\U :            2.18 |  Total :     4.17
** Total highmark (MB):
    Sum-of-all :    23.80 | Avg :    23.80  | Max :    23.80
**************************************************
	Nonzeros in L         139264
	Nonzeros in U         139264
	nonzeros in L+U       262144
	nonzeros in LSUB       32768

** Memory Usage **********************************
** NUMfact space (MB): (sum-of-all-processes)
    L\U :            2.18 |  Total :     4.17
** Total highmark (MB):
    Sum-of-all :    23.80 | Avg :    23.80  | Max :    23.80
**************************************************
	Nonzeros in L        3302400
	Nonzeros in U        3302400
	nonzeros in L+U      6588416
	nonzeros in LSUB      805570

** Memory Usage **********************************
** NUMfact space (MB): (sum-of-all-processes)
    L\U :           54.21 |  Total :    77.02
** Total highmark (MB):
    Sum-of-all :    84.46 | Avg :    84.46  | Max :    84.46
**************************************************
	Nonzeros in L         139264
	Nonzeros in U         139264
	nonzeros in L+U       262144
	nonzeros in LSUB       32768

** Memory Usage **********************************
** NUMfact space (MB): (sum-of-all-processes)
    L\U :            2.18 |  Total :     4.17
** Total highmark (MB):
    Sum-of-all :    23.80 | Avg :    23.80  | Max :    23.80
**************************************************
   Pass :  1   Iteration :   0  ||B r|| = 384.864 ...
   Pass :  1   Iteration :   1  ||B r|| = 2.07843e-06
norm(r_0) 0
norm(r_1) 0
norm(r_2) 0
norm(r_3) 6.188104681165522e-08
norm(r_4) 0
Newton iteration  1 : ||r|| = 6.1881e-08, ||r||/||r_0|| = 1.42046e-06
Setting time step: 0.01 in DGTransportTDO
Setting time step: 0.01 in CombinedOp
Setting time step: 0.01 in IonStaticPressureOp
norm(r_0) 0
norm(r_1) 0
norm(r_2) 0
norm(r_3) 0.04859951416154754
norm(r_4) 0
Newton iteration  0 : ||r|| = 0.0485995
	Nonzeros in L         139264
	Nonzeros in U         139264
	nonzeros in L+U       262144
	nonzeros in LSUB       32768

** Memory Usage **********************************
** NUMfact space (MB): (sum-of-all-processes)
    L\U :            2.18 |  Total :     4.17
** Total highmark (MB):
    Sum-of-all :    23.80 | Avg :    23.80  | Max :    23.80
**************************************************
	Nonzeros in L         139264
	Nonzeros in U         139264
	nonzeros in L+U       262144
	nonzeros in LSUB       32768

** Memory Usage **********************************
** NUMfact space (MB): (sum-of-all-processes)
    L\U :            2.18 |  Total :     4.17
** Total highmark (MB):
    Sum-of-all :    23.80 | Avg :    23.80  | Max :    23.80
**************************************************
	Nonzeros in L         139264
	Nonzeros in U         139264
	nonzeros in L+U       262144
	nonzeros in LSUB       32768

** Memory Usage **********************************
** NUMfact space (MB): (sum-of-all-processes)
    L\U :            2.18 |  Total :     4.17
** Total highmark (MB):
    Sum-of-all :    23.80 | Avg :    23.80  | Max :    23.80
**************************************************
	Nonzeros in L        3302400
	Nonzeros in U        3302400
	nonzeros in L+U      6588416
	nonzeros in LSUB      805570

** Memory Usage **********************************
** NUMfact space (MB): (sum-of-all-processes)
    L\U :           54.21 |  Total :    77.02
** Total highmark (MB):
    Sum-of-all :    84.46 | Avg :    84.46  | Max :    84.46
**************************************************
	Nonzeros in L         139264
	Nonzeros in U         139264
	nonzeros in L+U       262144
	nonzeros in LSUB       32768

** Memory Usage **********************************
** NUMfact space (MB): (sum-of-all-processes)
    L\U :            2.18 |  Total :     4.17
** Total highmark (MB):
    Sum-of-all :    23.80 | Avg :    23.80  | Max :    23.80
**************************************************
   Pass :  1   Iteration :   0  ||B r|| = 429.35 ...
   Pass :  1   Iteration :   1  ||B r|| = 2.64742e-06
norm(r_0) 0
norm(r_1) 0
norm(r_2) 0
norm(r_3) 5.580090410412053e-08
norm(r_4) 0
Newton iteration  1 : ||r|| = 5.58009e-08, ||r||/||r_0|| = 1.14818e-06
Setting time step: 0.01 in DGTransportTDO
Setting time step: 0.01 in CombinedOp
Setting time step: 0.01 in IonStaticPressureOp
norm(r_0) 0
norm(r_1) 0
norm(r_2) 0
norm(r_3) 0.04996090103470848
norm(r_4) 0
Newton iteration  0 : ||r|| = 0.0499609
	Nonzeros in L         139264
	Nonzeros in U         139264
	nonzeros in L+U       262144
	nonzeros in LSUB       32768

** Memory Usage **********************************
** NUMfact space (MB): (sum-of-all-processes)
    L\U :            2.18 |  Total :     4.17
** Total highmark (MB):
    Sum-of-all :    23.80 | Avg :    23.80  | Max :    23.80
**************************************************
	Nonzeros in L         139264
	Nonzeros in U         139264
	nonzeros in L+U       262144
	nonzeros in LSUB       32768

** Memory Usage **********************************
** NUMfact space (MB): (sum-of-all-processes)
    L\U :            2.18 |  Total :     4.17
** Total highmark (MB):
    Sum-of-all :    23.80 | Avg :    23.80  | Max :    23.80
**************************************************
	Nonzeros in L         139264
	Nonzeros in U         139264
	nonzeros in L+U       262144
	nonzeros in LSUB       32768

** Memory Usage **********************************
** NUMfact space (MB): (sum-of-all-processes)
    L\U :            2.18 |  Total :     4.17
** Total highmark (MB):
    Sum-of-all :    23.80 | Avg :    23.80  | Max :    23.80
**************************************************
	Nonzeros in L        3302400
	Nonzeros in U        3302400
	nonzeros in L+U      6588416
	nonzeros in LSUB      805570

** Memory Usage **********************************
** NUMfact space (MB): (sum-of-all-processes)
    L\U :           54.21 |  Total :    77.02
** Total highmark (MB):
    Sum-of-all :    84.46 | Avg :    84.46  | Max :    84.46
**************************************************
	Nonzeros in L         139264
	Nonzeros in U         139264
	nonzeros in L+U       262144
	nonzeros in LSUB       32768

** Memory Usage **********************************
** NUMfact space (MB): (sum-of-all-processes)
    L\U :            2.18 |  Total :     4.17
** Total highmark (MB):
    Sum-of-all :    23.80 | Avg :    23.80  | Max :    23.80
**************************************************
   Pass :  1   Iteration :   0  ||B r|| = 441.377 ...
   Pass :  1   Iteration :   1  ||B r|| = 8.36016e-07
norm(r_0) 0
norm(r_1) 0
norm(r_2) 0
norm(r_3) 5.454483692092717e-08
norm(r_4) 0
Newton iteration  1 : ||r|| = 5.45448e-08, ||r||/||r_0|| = 1.09175e-06
Setting time step: 0.01 in DGTransportTDO
Setting time step: 0.01 in CombinedOp
Setting time step: 0.01 in IonStaticPressureOp
norm(r_0) 0
norm(r_1) 0
norm(r_2) 0
norm(r_3) 0.03794884376428394
norm(r_4) 0
Newton iteration  0 : ||r|| = 0.0379488
	Nonzeros in L         139264
	Nonzeros in U         139264
	nonzeros in L+U       262144
	nonzeros in LSUB       32768

** Memory Usage **********************************
** NUMfact space (MB): (sum-of-all-processes)
    L\U :            2.18 |  Total :     4.17
** Total highmark (MB):
    Sum-of-all :    23.80 | Avg :    23.80  | Max :    23.80
**************************************************
	Nonzeros in L         139264
	Nonzeros in U         139264
	nonzeros in L+U       262144
	nonzeros in LSUB       32768

** Memory Usage **********************************
** NUMfact space (MB): (sum-of-all-processes)
    L\U :            2.18 |  Total :     4.17
** Total highmark (MB):
    Sum-of-all :    23.80 | Avg :    23.80  | Max :    23.80
**************************************************
	Nonzeros in L         139264
	Nonzeros in U         139264
	nonzeros in L+U       262144
	nonzeros in LSUB       32768

** Memory Usage **********************************
** NUMfact space (MB): (sum-of-all-processes)
    L\U :            2.18 |  Total :     4.17
** Total highmark (MB):
    Sum-of-all :    23.80 | Avg :    23.80  | Max :    23.80
**************************************************
	Nonzeros in L        3302400
	Nonzeros in U        3302400
	nonzeros in L+U      6588416
	nonzeros in LSUB      805570

** Memory Usage **********************************
** NUMfact space (MB): (sum-of-all-processes)
    L\U :           54.21 |  Total :    77.02
** Total highmark (MB):
    Sum-of-all :    84.46 | Avg :    84.46  | Max :    84.46
**************************************************
	Nonzeros in L         139264
	Nonzeros in U         139264
	nonzeros in L+U       262144
	nonzeros in LSUB       32768

** Memory Usage **********************************
** NUMfact space (MB): (sum-of-all-processes)
    L\U :            2.18 |  Total :     4.17
** Total highmark (MB):
    Sum-of-all :    23.80 | Avg :    23.80  | Max :    23.80
**************************************************
   Pass :  1   Iteration :   0  ||B r|| = 335.257 ...
   Pass :  1   Iteration :   1  ||B r|| = 1.13304e-06
norm(r_0) 0
norm(r_1) 0
norm(r_2) 0
norm(r_3) 6.739255782051789e-08
norm(r_4) 0
Newton iteration  1 : ||r|| = 6.73926e-08, ||r||/||r_0|| = 1.77588e-06
Setting time step: 0.02 in DGTransportTDO
Setting time step: 0.02 in CombinedOp
Setting time step: 0.02 in IonStaticPressureOp
norm(r_0) 0
norm(r_1) 0
norm(r_2) 0
norm(r_3) 0.03353572493718033
norm(r_4) 0
Newton iteration  0 : ||r|| = 0.0335357
	Nonzeros in L         139264
	Nonzeros in U         139264
	nonzeros in L+U       262144
	nonzeros in LSUB       32768

** Memory Usage **********************************
** NUMfact space (MB): (sum-of-all-processes)
    L\U :            2.18 |  Total :     4.17
** Total highmark (MB):
    Sum-of-all :    23.80 | Avg :    23.80  | Max :    23.80
**************************************************
	Nonzeros in L         139264
	Nonzeros in U         139264
	nonzeros in L+U       262144
	nonzeros in LSUB       32768

** Memory Usage **********************************
** NUMfact space (MB): (sum-of-all-processes)
    L\U :            2.18 |  Total :     4.17
** Total highmark (MB):
    Sum-of-all :    23.80 | Avg :    23.80  | Max :    23.80
**************************************************
	Nonzeros in L         139264
	Nonzeros in U         139264
	nonzeros in L+U       262144
	nonzeros in LSUB       32768

** Memory Usage **********************************
** NUMfact space (MB): (sum-of-all-processes)
    L\U :            2.18 |  Total :     4.17
** Total highmark (MB):
    Sum-of-all :    23.80 | Avg :    23.80  | Max :    23.80
**************************************************
	Nonzeros in L        3302400
	Nonzeros in U        3302400
	nonzeros in L+U      6588416
	nonzeros in LSUB      805570

** Memory Usage **********************************
** NUMfact space (MB): (sum-of-all-processes)
    L\U :           54.21 |  Total :    77.02
** Total highmark (MB):
    Sum-of-all :    84.46 | Avg :    84.46  | Max :    84.46
**************************************************
	Nonzeros in L         139264
	Nonzeros in U         139264
	nonzeros in L+U       262144
	nonzeros in LSUB       32768

** Memory Usage **********************************
** NUMfact space (MB): (sum-of-all-processes)
    L\U :            2.18 |  Total :     4.17
** Total highmark (MB):
    Sum-of-all :    23.80 | Avg :    23.80  | Max :    23.80
**************************************************
   Pass :  1   Iteration :   0  ||B r|| = 265.405 ...
   Pass :  1   Iteration :   1  ||B r|| = 1.47268e-06
norm(r_0) 0
norm(r_1) 0
norm(r_2) 0
norm(r_3) 7.784774741816882e-08
norm(r_4) 0
Newton iteration  1 : ||r|| = 7.78477e-08, ||r||/||r_0|| = 2.32134e-06
Setting time step: 0.02 in DGTransportTDO
Setting time step: 0.02 in CombinedOp
Setting time step: 0.02 in IonStaticPressureOp
norm(r_0) 0
norm(r_1) 0
norm(r_2) 0
norm(r_3) 0.01956117822971276
norm(r_4) 0
Newton iteration  0 : ||r|| = 0.0195612
	Nonzeros in L         139264
	Nonzeros in U         139264
	nonzeros in L+U       262144
	nonzeros in LSUB       32768

** Memory Usage **********************************
** NUMfact space (MB): (sum-of-all-processes)
    L\U :            2.18 |  Total :     4.17
** Total highmark (MB):
    Sum-of-all :    23.80 | Avg :    23.80  | Max :    23.80
**************************************************
	Nonzeros in L         139264
	Nonzeros in U         139264
	nonzeros in L+U       262144
	nonzeros in LSUB       32768

** Memory Usage **********************************
** NUMfact space (MB): (sum-of-all-processes)
    L\U :            2.18 |  Total :     4.17
** Total highmark (MB):
    Sum-of-all :    23.80 | Avg :    23.80  | Max :    23.80
**************************************************
	Nonzeros in L         139264
	Nonzeros in U         139264
	nonzeros in L+U       262144
	nonzeros in LSUB       32768

** Memory Usage **********************************
** NUMfact space (MB): (sum-of-all-processes)
    L\U :            2.18 |  Total :     4.17
** Total highmark (MB):
    Sum-of-all :    23.80 | Avg :    23.80  | Max :    23.80
**************************************************
	Nonzeros in L        3302400
	Nonzeros in U        3302400
	nonzeros in L+U      6588416
	nonzeros in LSUB      805570

** Memory Usage **********************************
** NUMfact space (MB): (sum-of-all-processes)
    L\U :           54.21 |  Total :    77.02
** Total highmark (MB):
    Sum-of-all :    84.46 | Avg :    84.46  | Max :    84.46
**************************************************
	Nonzeros in L         139264
	Nonzeros in U         139264
	nonzeros in L+U       262144
	nonzeros in LSUB       32768

** Memory Usage **********************************
** NUMfact space (MB): (sum-of-all-processes)
    L\U :            2.18 |  Total :     4.17
** Total highmark (MB):
    Sum-of-all :    23.80 | Avg :    23.80  | Max :    23.80
**************************************************
   Pass :  1   Iteration :   0  ||B r|| = 154.809 ...
   Pass :  1   Iteration :   1  ||B r|| = 6.80064e-07
norm(r_0) 0
norm(r_1) 0
norm(r_2) 0
norm(r_3) 9.493729691716374e-08
norm(r_4) 0
Newton iteration  1 : ||r|| = 9.49373e-08, ||r||/||r_0|| = 4.85335e-06
Setting time step: 0.02 in DGTransportTDO
Setting time step: 0.02 in CombinedOp
Setting time step: 0.02 in IonStaticPressureOp
norm(r_0) 0
norm(r_1) 0
norm(r_2) 0
norm(r_3) 0.02468513576451385
norm(r_4) 0
Newton iteration  0 : ||r|| = 0.0246851
	Nonzeros in L         139264
	Nonzeros in U         139264
	nonzeros in L+U       262144
	nonzeros in LSUB       32768

** Memory Usage **********************************
** NUMfact space (MB): (sum-of-all-processes)
    L\U :            2.18 |  Total :     4.17
** Total highmark (MB):
    Sum-of-all :    23.80 | Avg :    23.80  | Max :    23.80
**************************************************
	Nonzeros in L         139264
	Nonzeros in U         139264
	nonzeros in L+U       262144
	nonzeros in LSUB       32768

** Memory Usage **********************************
** NUMfact space (MB): (sum-of-all-processes)
    L\U :            2.18 |  Total :     4.17
** Total highmark (MB):
    Sum-of-all :    23.80 | Avg :    23.80  | Max :    23.80
**************************************************
	Nonzeros in L         139264
	Nonzeros in U         139264
	nonzeros in L+U       262144
	nonzeros in LSUB       32768

** Memory Usage **********************************
** NUMfact space (MB): (sum-of-all-processes)
    L\U :            2.18 |  Total :     4.17
** Total highmark (MB):
    Sum-of-all :    23.80 | Avg :    23.80  | Max :    23.80
**************************************************
	Nonzeros in L        3302400
	Nonzeros in U        3302400
	nonzeros in L+U      6588416
	nonzeros in LSUB      805570

** Memory Usage **********************************
** NUMfact space (MB): (sum-of-all-processes)
    L\U :           54.21 |  Total :    77.02
** Total highmark (MB):
    Sum-of-all :    84.46 | Avg :    84.46  | Max :    84.46
**************************************************
	Nonzeros in L         139264
	Nonzeros in U         139264
	nonzeros in L+U       262144
	nonzeros in LSUB       32768

** Memory Usage **********************************
** NUMfact space (MB): (sum-of-all-processes)
    L\U :            2.18 |  Total :     4.17
** Total highmark (MB):
    Sum-of-all :    23.80 | Avg :    23.80  | Max :    23.80
**************************************************
   Pass :  1   Iteration :   0  ||B r|| = 195.361 ...
   Pass :  1   Iteration :   1  ||B r|| = 1.19896e-06
norm(r_0) 0
norm(r_1) 0
norm(r_2) 0
norm(r_3) 8.663682765360325e-08
norm(r_4) 0
Newton iteration  1 : ||r|| = 8.66368e-08, ||r||/||r_0|| = 3.50968e-06
Setting time step: 0.02 in DGTransportTDO
Setting time step: 0.02 in CombinedOp
Setting time step: 0.02 in IonStaticPressureOp
norm(r_0) 0
norm(r_1) 0
norm(r_2) 0
norm(r_3) 0.02616522945866618
norm(r_4) 0
Newton iteration  0 : ||r|| = 0.0261652
	Nonzeros in L         139264
	Nonzeros in U         139264
	nonzeros in L+U       262144
	nonzeros in LSUB       32768

** Memory Usage **********************************
** NUMfact space (MB): (sum-of-all-processes)
    L\U :            2.18 |  Total :     4.17
** Total highmark (MB):
    Sum-of-all :    23.80 | Avg :    23.80  | Max :    23.80
**************************************************
	Nonzeros in L         139264
	Nonzeros in U         139264
	nonzeros in L+U       262144
	nonzeros in LSUB       32768

** Memory Usage **********************************
** NUMfact space (MB): (sum-of-all-processes)
    L\U :            2.18 |  Total :     4.17
** Total highmark (MB):
    Sum-of-all :    23.80 | Avg :    23.80  | Max :    23.80
**************************************************
	Nonzeros in L         139264
	Nonzeros in U         139264
	nonzeros in L+U       262144
	nonzeros in LSUB       32768

** Memory Usage **********************************
** NUMfact space (MB): (sum-of-all-processes)
    L\U :            2.18 |  Total :     4.17
** Total highmark (MB):
    Sum-of-all :    23.80 | Avg :    23.80  | Max :    23.80
**************************************************
	Nonzeros in L        3302400
	Nonzeros in U        3302400
	nonzeros in L+U      6588416
	nonzeros in LSUB      805570

** Memory Usage **********************************
** NUMfact space (MB): (sum-of-all-processes)
    L\U :           54.21 |  Total :    77.02
** Total highmark (MB):
    Sum-of-all :    84.46 | Avg :    84.46  | Max :    84.46
**************************************************
	Nonzeros in L         139264
	Nonzeros in U         139264
	nonzeros in L+U       262144
	nonzeros in LSUB       32768

** Memory Usage **********************************
** NUMfact space (MB): (sum-of-all-processes)
    L\U :            2.18 |  Total :     4.17
** Total highmark (MB):
    Sum-of-all :    23.80 | Avg :    23.80  | Max :    23.80
**************************************************
   Pass :  1   Iteration :   0  ||B r|| = 207.074 ...
   Pass :  1   Iteration :   1  ||B r|| = 1.44271e-06
norm(r_0) 0
norm(r_1) 0
norm(r_2) 0
norm(r_3) 8.485806117534268e-08
norm(r_4) 0
Newton iteration  1 : ||r|| = 8.48581e-08, ||r||/||r_0|| = 3.24316e-06
Setting time step: 0.02 in DGTransportTDO
Setting time step: 0.02 in CombinedOp
Setting time step: 0.02 in IonStaticPressureOp
norm(r_0) 0
norm(r_1) 0
norm(r_2) 0
norm(r_3) 0.01480068007460786
norm(r_4) 0
Newton iteration  0 : ||r|| = 0.0148007
	Nonzeros in L         139264
	Nonzeros in U         139264
	nonzeros in L+U       262144
	nonzeros in LSUB       32768

** Memory Usage **********************************
** NUMfact space (MB): (sum-of-all-processes)
    L\U :            2.18 |  Total :     4.17
** Total highmark (MB):
    Sum-of-all :    23.80 | Avg :    23.80  | Max :    23.80
**************************************************
	Nonzeros in L         139264
	Nonzeros in U         139264
	nonzeros in L+U       262144
	nonzeros in LSUB       32768

** Memory Usage **********************************
** NUMfact space (MB): (sum-of-all-processes)
    L\U :            2.18 |  Total :     4.17
** Total highmark (MB):
    Sum-of-all :    23.80 | Avg :    23.80  | Max :    23.80
**************************************************
	Nonzeros in L         139264
	Nonzeros in U         139264
	nonzeros in L+U       262144
	nonzeros in LSUB       32768

** Memory Usage **********************************
** NUMfact space (MB): (sum-of-all-processes)
    L\U :            2.18 |  Total :     4.17
** Total highmark (MB):
    Sum-of-all :    23.80 | Avg :    23.80  | Max :    23.80
**************************************************
	Nonzeros in L        3302400
	Nonzeros in U        3302400
	nonzeros in L+U      6588416
	nonzeros in LSUB      805570

** Memory Usage **********************************
** NUMfact space (MB): (sum-of-all-processes)
    L\U :           54.21 |  Total :    77.02
** Total highmark (MB):
    Sum-of-all :    84.46 | Avg :    84.46  | Max :    84.46
**************************************************
	Nonzeros in L         139264
	Nonzeros in U         139264
	nonzeros in L+U       262144
	nonzeros in LSUB       32768

** Memory Usage **********************************
** NUMfact space (MB): (sum-of-all-processes)
    L\U :            2.18 |  Total :     4.17
** Total highmark (MB):
    Sum-of-all :    23.80 | Avg :    23.80  | Max :    23.80
**************************************************
   Pass :  1   Iteration :   0  ||B r|| = 117.134 ...
   Pass :  1   Iteration :   1  ||B r|| = 1.22791e-06
norm(r_0) 0
norm(r_1) 0
norm(r_2) 0
norm(r_3) 9.922051055251431e-08
norm(r_4) 0
Newton iteration  1 : ||r|| = 9.92205e-08, ||r||/||r_0|| = 6.70378e-06
Time stepping paused at t = 0.15

Estimating errors.
Setting time step: 0.02 in DGTransportTDO
Setting time step: 0.02 in CombinedOp
Setting time step: 0.02 in IonStaticPressureOp
norm(r_0) 0
norm(r_1) 0
norm(r_2) 0
norm(r_3) 0.01171690667922563
norm(r_4) 0
Newton iteration  0 : ||r|| = 0.0117169
	Nonzeros in L         139264
	Nonzeros in U         139264
	nonzeros in L+U       262144
	nonzeros in LSUB       32768

** Memory Usage **********************************
** NUMfact space (MB): (sum-of-all-processes)
    L\U :            2.18 |  Total :     4.17
** Total highmark (MB):
    Sum-of-all :    23.80 | Avg :    23.80  | Max :    23.80
**************************************************
	Nonzeros in L         139264
	Nonzeros in U         139264
	nonzeros in L+U       262144
	nonzeros in LSUB       32768

** Memory Usage **********************************
** NUMfact space (MB): (sum-of-all-processes)
    L\U :            2.18 |  Total :     4.17
** Total highmark (MB):
    Sum-of-all :    23.80 | Avg :    23.80  | Max :    23.80
**************************************************
	Nonzeros in L         139264
	Nonzeros in U         139264
	nonzeros in L+U       262144
	nonzeros in LSUB       32768

** Memory Usage **********************************
** NUMfact space (MB): (sum-of-all-processes)
    L\U :            2.18 |  Total :     4.17
** Total highmark (MB):
    Sum-of-all :    23.80 | Avg :    23.80  | Max :    23.80
**************************************************
	Nonzeros in L        3302400
	Nonzeros in U        3302400
	nonzeros in L+U      6588416
	nonzeros in LSUB      805570

** Memory Usage **********************************
** NUMfact space (MB): (sum-of-all-processes)
    L\U :           54.21 |  Total :    77.02
** Total highmark (MB):
    Sum-of-all :    84.46 | Avg :    84.46  | Max :    84.46
**************************************************
	Nonzeros in L         139264
	Nonzeros in U         139264
	nonzeros in L+U       262144
	nonzeros in LSUB       32768

** Memory Usage **********************************
** NUMfact space (MB): (sum-of-all-processes)
    L\U :            2.18 |  Total :     4.17
** Total highmark (MB):
    Sum-of-all :    23.80 | Avg :    23.80  | Max :    23.80
**************************************************
   Pass :  1   Iteration :   0  ||B r|| = 92.7289 ...
   Pass :  1   Iteration :   1  ||B r|| = 5.14648e-07
norm(r_0) 0
norm(r_1) 0
norm(r_2) 0
norm(r_3) 1.052048317046396e-07
norm(r_4) 0
Newton iteration  1 : ||r|| = 1.05205e-07, ||r||/||r_0|| = 8.97889e-06
Setting time step: 0.02 in DGTransportTDO
Setting time step: 0.02 in CombinedOp
Setting time step: 0.02 in IonStaticPressureOp
norm(r_0) 0
norm(r_1) 0
norm(r_2) 0
norm(r_3) 0.006834397158564263
norm(r_4) 0
Newton iteration  0 : ||r|| = 0.0068344
	Nonzeros in L         139264
	Nonzeros in U         139264
	nonzeros in L+U       262144
	nonzeros in LSUB       32768

** Memory Usage **********************************
** NUMfact space (MB): (sum-of-all-processes)
    L\U :            2.18 |  Total :     4.17
** Total highmark (MB):
    Sum-of-all :    23.80 | Avg :    23.80  | Max :    23.80
**************************************************
	Nonzeros in L         139264
	Nonzeros in U         139264
	nonzeros in L+U       262144
	nonzeros in LSUB       32768

** Memory Usage **********************************
** NUMfact space (MB): (sum-of-all-processes)
    L\U :            2.18 |  Total :     4.17
** Total highmark (MB):
    Sum-of-all :    23.80 | Avg :    23.80  | Max :    23.80
**************************************************
	Nonzeros in L         139264
	Nonzeros in U         139264
	nonzeros in L+U       262144
	nonzeros in LSUB       32768

** Memory Usage **********************************
** NUMfact space (MB): (sum-of-all-processes)
    L\U :            2.18 |  Total :     4.17
** Total highmark (MB):
    Sum-of-all :    23.80 | Avg :    23.80  | Max :    23.80
**************************************************
	Nonzeros in L        3302400
	Nonzeros in U        3302400
	nonzeros in L+U      6588416
	nonzeros in LSUB      805570

** Memory Usage **********************************
** NUMfact space (MB): (sum-of-all-processes)
    L\U :           54.21 |  Total :    77.02
** Total highmark (MB):
    Sum-of-all :    84.46 | Avg :    84.46  | Max :    84.46
**************************************************
	Nonzeros in L         139264
	Nonzeros in U         139264
	nonzeros in L+U       262144
	nonzeros in LSUB       32768

** Memory Usage **********************************
** NUMfact space (MB): (sum-of-all-processes)
    L\U :            2.18 |  Total :     4.17
** Total highmark (MB):
    Sum-of-all :    23.80 | Avg :    23.80  | Max :    23.80
**************************************************
   Pass :  1   Iteration :   0  ||B r|| = 54.0882 ...
   Pass :  1   Iteration :   1  ||B r|| = 3.80853e-07
norm(r_0) 0
norm(r_1) 0
norm(r_2) 0
norm(r_3) 1.081582142533141e-07
norm(r_4) 0
Newton iteration  1 : ||r|| = 1.08158e-07, ||r||/||r_0|| = 1.58256e-05
Setting time step: 0.02 in DGTransportTDO
Setting time step: 0.02 in CombinedOp
Setting time step: 0.02 in IonStaticPressureOp
norm(r_0) 0
norm(r_1) 0
norm(r_2) 0
norm(r_3) 0.008624636113168084
norm(r_4) 0
Newton iteration  0 : ||r|| = 0.00862464
	Nonzeros in L         139264
	Nonzeros in U         139264
	nonzeros in L+U       262144
	nonzeros in LSUB       32768

** Memory Usage **********************************
** NUMfact space (MB): (sum-of-all-processes)
    L\U :            2.18 |  Total :     4.17
** Total highmark (MB):
    Sum-of-all :    23.80 | Avg :    23.80  | Max :    23.80
**************************************************
	Nonzeros in L         139264
	Nonzeros in U         139264
	nonzeros in L+U       262144
	nonzeros in LSUB       32768

** Memory Usage **********************************
** NUMfact space (MB): (sum-of-all-processes)
    L\U :            2.18 |  Total :     4.17
** Total highmark (MB):
    Sum-of-all :    23.80 | Avg :    23.80  | Max :    23.80
**************************************************
	Nonzeros in L         139264
	Nonzeros in U         139264
	nonzeros in L+U       262144
	nonzeros in LSUB       32768

** Memory Usage **********************************
** NUMfact space (MB): (sum-of-all-processes)
    L\U :            2.18 |  Total :     4.17
** Total highmark (MB):
    Sum-of-all :    23.80 | Avg :    23.80  | Max :    23.80
**************************************************
	Nonzeros in L        3302400
	Nonzeros in U        3302400
	nonzeros in L+U      6588416
	nonzeros in LSUB      805570

** Memory Usage **********************************
** NUMfact space (MB): (sum-of-all-processes)
    L\U :           54.21 |  Total :    77.02
** Total highmark (MB):
    Sum-of-all :    84.46 | Avg :    84.46  | Max :    84.46
**************************************************
	Nonzeros in L         139264
	Nonzeros in U         139264
	nonzeros in L+U       262144
	nonzeros in LSUB       32768

** Memory Usage **********************************
** NUMfact space (MB): (sum-of-all-processes)
    L\U :            2.18 |  Total :     4.17
** Total highmark (MB):
    Sum-of-all :    23.80 | Avg :    23.80  | Max :    23.80
**************************************************
   Pass :  1   Iteration :   0  ||B r|| = 68.2563 ...
   Pass :  1   Iteration :   1  ||B r|| = 5.17857e-07
norm(r_0) 0
norm(r_1) 0
norm(r_2) 0
norm(r_3) 1.048011207440391e-07
norm(r_4) 0
Newton iteration  1 : ||r|| = 1.04801e-07, ||r||/||r_0|| = 1.21514e-05
Setting time step: 0.02 in DGTransportTDO
Setting time step: 0.02 in CombinedOp
Setting time step: 0.02 in IonStaticPressureOp
norm(r_0) 0
norm(r_1) 0
norm(r_2) 0
norm(r_3) 0.009141760985472296
norm(r_4) 0
Newton iteration  0 : ||r|| = 0.00914176
	Nonzeros in L         139264
	Nonzeros in U         139264
	nonzeros in L+U       262144
	nonzeros in LSUB       32768

** Memory Usage **********************************
** NUMfact space (MB): (sum-of-all-processes)
    L\U :            2.18 |  Total :     4.17
** Total highmark (MB):
    Sum-of-all :    23.80 | Avg :    23.80  | Max :    23.80
**************************************************
	Nonzeros in L         139264
	Nonzeros in U         139264
	nonzeros in L+U       262144
	nonzeros in LSUB       32768

** Memory Usage **********************************
** NUMfact space (MB): (sum-of-all-processes)
    L\U :            2.18 |  Total :     4.17
** Total highmark (MB):
    Sum-of-all :    23.80 | Avg :    23.80  | Max :    23.80
**************************************************
	Nonzeros in L         139264
	Nonzeros in U         139264
	nonzeros in L+U       262144
	nonzeros in LSUB       32768

** Memory Usage **********************************
** NUMfact space (MB): (sum-of-all-processes)
    L\U :            2.18 |  Total :     4.17
** Total highmark (MB):
    Sum-of-all :    23.80 | Avg :    23.80  | Max :    23.80
**************************************************
	Nonzeros in L        3302400
	Nonzeros in U        3302400
	nonzeros in L+U      6588416
	nonzeros in LSUB      805570

** Memory Usage **********************************
** NUMfact space (MB): (sum-of-all-processes)
    L\U :           54.21 |  Total :    77.02
** Total highmark (MB):
    Sum-of-all :    84.46 | Avg :    84.46  | Max :    84.46
**************************************************
	Nonzeros in L         139264
	Nonzeros in U         139264
	nonzeros in L+U       262144
	nonzeros in LSUB       32768

** Memory Usage **********************************
** NUMfact space (MB): (sum-of-all-processes)
    L\U :            2.18 |  Total :     4.17
** Total highmark (MB):
    Sum-of-all :    23.80 | Avg :    23.80  | Max :    23.80
**************************************************
   Pass :  1   Iteration :   0  ||B r|| = 72.3489 ...
   Pass :  1   Iteration :   1  ||B r|| = 6.154e-07
norm(r_0) 0
norm(r_1) 0
norm(r_2) 0
norm(r_3) 1.069500333120962e-07
norm(r_4) 0
Newton iteration  1 : ||r|| = 1.0695e-07, ||r||/||r_0|| = 1.16991e-05
Setting time step: 0.02 in DGTransportTDO
Setting time step: 0.02 in CombinedOp
Setting time step: 0.02 in IonStaticPressureOp
norm(r_0) 0
norm(r_1) 0
norm(r_2) 0
norm(r_3) 0.005171151563480896
norm(r_4) 0
Newton iteration  0 : ||r|| = 0.00517115
	Nonzeros in L         139264
	Nonzeros in U         139264
	nonzeros in L+U       262144
	nonzeros in LSUB       32768

** Memory Usage **********************************
** NUMfact space (MB): (sum-of-all-processes)
    L\U :            2.18 |  Total :     4.17
** Total highmark (MB):
    Sum-of-all :    23.80 | Avg :    23.80  | Max :    23.80
**************************************************
	Nonzeros in L         139264
	Nonzeros in U         139264
	nonzeros in L+U       262144
	nonzeros in LSUB       32768

** Memory Usage **********************************
** NUMfact space (MB): (sum-of-all-processes)
    L\U :            2.18 |  Total :     4.17
** Total highmark (MB):
    Sum-of-all :    23.80 | Avg :    23.80  | Max :    23.80
**************************************************
	Nonzeros in L         139264
	Nonzeros in U         139264
	nonzeros in L+U       262144
	nonzeros in LSUB       32768

** Memory Usage **********************************
** NUMfact space (MB): (sum-of-all-processes)
    L\U :            2.18 |  Total :     4.17
** Total highmark (MB):
    Sum-of-all :    23.80 | Avg :    23.80  | Max :    23.80
**************************************************
	Nonzeros in L        3302400
	Nonzeros in U        3302400
	nonzeros in L+U      6588416
	nonzeros in LSUB      805570

** Memory Usage **********************************
** NUMfact space (MB): (sum-of-all-processes)
    L\U :           54.21 |  Total :    77.02
** Total highmark (MB):
    Sum-of-all :    84.46 | Avg :    84.46  | Max :    84.46
**************************************************
	Nonzeros in L         139264
	Nonzeros in U         139264
	nonzeros in L+U       262144
	nonzeros in LSUB       32768

** Memory Usage **********************************
** NUMfact space (MB): (sum-of-all-processes)
    L\U :            2.18 |  Total :     4.17
** Total highmark (MB):
    Sum-of-all :    23.80 | Avg :    23.80  | Max :    23.80
**************************************************
   Pass :  1   Iteration :   0  ||B r|| = 40.925 ...
   Pass :  1   Iteration :   1  ||B r|| = 2.1345e-07
norm(r_0) 0
norm(r_1) 0
norm(r_2) 0
norm(r_3) 1.086615836923191e-07
norm(r_4) 0
Newton iteration  1 : ||r|| = 1.08662e-07, ||r||/||r_0|| = 2.1013e-05
Setting time step: 0.03811405429007263 in DGTransportTDO
Setting time step: 0.03811405429007263 in CombinedOp
Setting time step: 0.03811405429007263 in IonStaticPressureOp
norm(r_0) 0
norm(r_1) 0
norm(r_2) 0
norm(r_3) 0.004093723436608901
norm(r_4) 0
Newton iteration  0 : ||r|| = 0.00409372
	Nonzeros in L         139264
	Nonzeros in U         139264
	nonzeros in L+U       262144
	nonzeros in LSUB       32768

** Memory Usage **********************************
** NUMfact space (MB): (sum-of-all-processes)
    L\U :            2.18 |  Total :     4.17
** Total highmark (MB):
    Sum-of-all :    23.80 | Avg :    23.80  | Max :    23.80
**************************************************
	Nonzeros in L         139264
	Nonzeros in U         139264
	nonzeros in L+U       262144
	nonzeros in LSUB       32768

** Memory Usage **********************************
** NUMfact space (MB): (sum-of-all-processes)
    L\U :            2.18 |  Total :     4.17
** Total highmark (MB):
    Sum-of-all :    23.80 | Avg :    23.80  | Max :    23.80
**************************************************
	Nonzeros in L         139264
	Nonzeros in U         139264
	nonzeros in L+U       262144
	nonzeros in LSUB       32768

** Memory Usage **********************************
** NUMfact space (MB): (sum-of-all-processes)
    L\U :            2.18 |  Total :     4.17
** Total highmark (MB):
    Sum-of-all :    23.80 | Avg :    23.80  | Max :    23.80
**************************************************
	Nonzeros in L        3302400
	Nonzeros in U        3302400
	nonzeros in L+U      6588416
	nonzeros in LSUB      805570

** Memory Usage **********************************
** NUMfact space (MB): (sum-of-all-processes)
    L\U :           54.21 |  Total :    77.02
** Total highmark (MB):
    Sum-of-all :    84.46 | Avg :    84.46  | Max :    84.46
**************************************************
	Nonzeros in L         139264
	Nonzeros in U         139264
	nonzeros in L+U       262144
	nonzeros in LSUB       32768

** Memory Usage **********************************
** NUMfact space (MB): (sum-of-all-processes)
    L\U :            2.18 |  Total :     4.17
** Total highmark (MB):
    Sum-of-all :    23.80 | Avg :    23.80  | Max :    23.80
**************************************************
   Pass :  1   Iteration :   0  ||B r|| = 27.255 ...
   Pass :  1   Iteration :   1  ||B r|| = 2.00655e-07
norm(r_0) 0
norm(r_1) 0
norm(r_2) 0
norm(r_3) 1.111113674923011e-07
norm(r_4) 0
Newton iteration  1 : ||r|| = 1.11111e-07, ||r||/||r_0|| = 2.71419e-05
Setting time step: 0.03811405429007263 in DGTransportTDO
Setting time step: 0.03811405429007263 in CombinedOp
Setting time step: 0.03811405429007263 in IonStaticPressureOp
norm(r_0) 0
norm(r_1) 0
norm(r_2) 0
norm(r_3) 0.001358901650747449
norm(r_4) 0
Newton iteration  0 : ||r|| = 0.0013589
	Nonzeros in L         139264
	Nonzeros in U         139264
	nonzeros in L+U       262144
	nonzeros in LSUB       32768

** Memory Usage **********************************
** NUMfact space (MB): (sum-of-all-processes)
    L\U :            2.18 |  Total :     4.17
** Total highmark (MB):
    Sum-of-all :    23.80 | Avg :    23.80  | Max :    23.80
**************************************************
	Nonzeros in L         139264
	Nonzeros in U         139264
	nonzeros in L+U       262144
	nonzeros in LSUB       32768

** Memory Usage **********************************
** NUMfact space (MB): (sum-of-all-processes)
    L\U :            2.18 |  Total :     4.17
** Total highmark (MB):
    Sum-of-all :    23.80 | Avg :    23.80  | Max :    23.80
**************************************************
	Nonzeros in L         139264
	Nonzeros in U         139264
	nonzeros in L+U       262144
	nonzeros in LSUB       32768

** Memory Usage **********************************
** NUMfact space (MB): (sum-of-all-processes)
    L\U :            2.18 |  Total :     4.17
** Total highmark (MB):
    Sum-of-all :    23.80 | Avg :    23.80  | Max :    23.80
**************************************************
	Nonzeros in L        3302400
	Nonzeros in U        3302400
	nonzeros in L+U      6588416
	nonzeros in LSUB      805570

** Memory Usage **********************************
** NUMfact space (MB): (sum-of-all-processes)
    L\U :           54.21 |  Total :    77.02
** Total highmark (MB):
    Sum-of-all :    84.46 | Avg :    84.46  | Max :    84.46
**************************************************
	Nonzeros in L         139264
	Nonzeros in U         139264
	nonzeros in L+U       262144
	nonzeros in LSUB       32768

** Memory Usage **********************************
** NUMfact space (MB): (sum-of-all-processes)
    L\U :            2.18 |  Total :     4.17
** Total highmark (MB):
    Sum-of-all :    23.80 | Avg :    23.80  | Max :    23.80
**************************************************
   Pass :  1   Iteration :   0  ||B r|| = 9.04723 ...
   Pass :  1   Iteration :   1  ||B r|| = 1.3959e-07
norm(r_0) 0
norm(r_1) 0
norm(r_2) 0
norm(r_3) 1.146014058888233e-07
norm(r_4) 0
Newton iteration  1 : ||r|| = 1.14601e-07, ||r||/||r_0|| = 8.43338e-05
Setting time step: 0.03811405429007263 in DGTransportTDO
Setting time step: 0.03811405429007263 in CombinedOp
Setting time step: 0.03811405429007263 in IonStaticPressureOp
norm(r_0) 0
norm(r_1) 0
norm(r_2) 0
norm(r_3) 0.002306670110731927
norm(r_4) 0
Newton iteration  0 : ||r|| = 0.00230667
	Nonzeros in L         139264
	Nonzeros in U         139264
	nonzeros in L+U       262144
	nonzeros in LSUB       32768

** Memory Usage **********************************
** NUMfact space (MB): (sum-of-all-processes)
    L\U :            2.18 |  Total :     4.17
** Total highmark (MB):
    Sum-of-all :    23.80 | Avg :    23.80  | Max :    23.80
**************************************************
	Nonzeros in L         139264
	Nonzeros in U         139264
	nonzeros in L+U       262144
	nonzeros in LSUB       32768

** Memory Usage **********************************
** NUMfact space (MB): (sum-of-all-processes)
    L\U :            2.18 |  Total :     4.17
** Total highmark (MB):
    Sum-of-all :    23.80 | Avg :    23.80  | Max :    23.80
**************************************************
	Nonzeros in L         139264
	Nonzeros in U         139264
	nonzeros in L+U       262144
	nonzeros in LSUB       32768

** Memory Usage **********************************
** NUMfact space (MB): (sum-of-all-processes)
    L\U :            2.18 |  Total :     4.17
** Total highmark (MB):
    Sum-of-all :    23.80 | Avg :    23.80  | Max :    23.80
**************************************************
	Nonzeros in L        3302400
	Nonzeros in U        3302400
	nonzeros in L+U      6588416
	nonzeros in LSUB      805570

** Memory Usage **********************************
** NUMfact space (MB): (sum-of-all-processes)
    L\U :           54.21 |  Total :    77.02
** Total highmark (MB):
    Sum-of-all :    84.46 | Avg :    84.46  | Max :    84.46
**************************************************
	Nonzeros in L         139264
	Nonzeros in U         139264
	nonzeros in L+U       262144
	nonzeros in LSUB       32768

** Memory Usage **********************************
** NUMfact space (MB): (sum-of-all-processes)
    L\U :            2.18 |  Total :     4.17
** Total highmark (MB):
    Sum-of-all :    23.80 | Avg :    23.80  | Max :    23.80
**************************************************
   Pass :  1   Iteration :   0  ||B r|| = 15.3572 ...
   Pass :  1   Iteration :   1  ||B r|| = 2.06316e-07
norm(r_0) 0
norm(r_1) 0
norm(r_2) 0
norm(r_3) 1.137225284730152e-07
norm(r_4) 0
Newton iteration  1 : ||r|| = 1.13723e-07, ||r||/||r_0|| = 4.93016e-05
Setting time step: 0.03811405429007263 in DGTransportTDO
Setting time step: 0.03811405429007263 in CombinedOp
Setting time step: 0.03811405429007263 in IonStaticPressureOp
norm(r_0) 0
norm(r_1) 0
norm(r_2) 0
norm(r_3) 0.002608105969492277
norm(r_4) 0
Newton iteration  0 : ||r|| = 0.00260811
	Nonzeros in L         139264
	Nonzeros in U         139264
	nonzeros in L+U       262144
	nonzeros in LSUB       32768

** Memory Usage **********************************
** NUMfact space (MB): (sum-of-all-processes)
    L\U :            2.18 |  Total :     4.17
** Total highmark (MB):
    Sum-of-all :    23.80 | Avg :    23.80  | Max :    23.80
**************************************************
	Nonzeros in L         139264
	Nonzeros in U         139264
	nonzeros in L+U       262144
	nonzeros in LSUB       32768

** Memory Usage **********************************
** NUMfact space (MB): (sum-of-all-processes)
    L\U :            2.18 |  Total :     4.17
** Total highmark (MB):
    Sum-of-all :    23.80 | Avg :    23.80  | Max :    23.80
**************************************************
	Nonzeros in L         139264
	Nonzeros in U         139264
	nonzeros in L+U       262144
	nonzeros in LSUB       32768

** Memory Usage **********************************
** NUMfact space (MB): (sum-of-all-processes)
    L\U :            2.18 |  Total :     4.17
** Total highmark (MB):
    Sum-of-all :    23.80 | Avg :    23.80  | Max :    23.80
**************************************************
	Nonzeros in L        3302400
	Nonzeros in U        3302400
	nonzeros in L+U      6588416
	nonzeros in LSUB      805570

** Memory Usage **********************************
** NUMfact space (MB): (sum-of-all-processes)
    L\U :           54.21 |  Total :    77.02
** Total highmark (MB):
    Sum-of-all :    84.46 | Avg :    84.46  | Max :    84.46
**************************************************
	Nonzeros in L         139264
	Nonzeros in U         139264
	nonzeros in L+U       262144
	nonzeros in LSUB       32768

** Memory Usage **********************************
** NUMfact space (MB): (sum-of-all-processes)
    L\U :            2.18 |  Total :     4.17
** Total highmark (MB):
    Sum-of-all :    23.80 | Avg :    23.80  | Max :    23.80
**************************************************
   Pass :  1   Iteration :   0  ||B r|| = 17.3641 ...
   Pass :  1   Iteration :   1  ||B r|| = 1.73933e-07
norm(r_0) 0
norm(r_1) 0
norm(r_2) 0
norm(r_3) 1.133184046240854e-07
norm(r_4) 0
Newton iteration  1 : ||r|| = 1.13318e-07, ||r||/||r_0|| = 4.34485e-05
Setting time step: 0.03811405429007263 in DGTransportTDO
Setting time step: 0.03811405429007263 in CombinedOp
Setting time step: 0.03811405429007263 in IonStaticPressureOp
norm(r_0) 0
norm(r_1) 0
norm(r_2) 0
norm(r_3) 0.0008551931100105548
norm(r_4) 0
Newton iteration  0 : ||r|| = 0.000855193
	Nonzeros in L         139264
	Nonzeros in U         139264
	nonzeros in L+U       262144
	nonzeros in LSUB       32768

** Memory Usage **********************************
** NUMfact space (MB): (sum-of-all-processes)
    L\U :            2.18 |  Total :     4.17
** Total highmark (MB):
    Sum-of-all :    23.80 | Avg :    23.80  | Max :    23.80
**************************************************
	Nonzeros in L         139264
	Nonzeros in U         139264
	nonzeros in L+U       262144
	nonzeros in LSUB       32768

** Memory Usage **********************************
** NUMfact space (MB): (sum-of-all-processes)
    L\U :            2.18 |  Total :     4.17
** Total highmark (MB):
    Sum-of-all :    23.80 | Avg :    23.80  | Max :    23.80
**************************************************
	Nonzeros in L         139264
	Nonzeros in U         139264
	nonzeros in L+U       262144
	nonzeros in LSUB       32768

** Memory Usage **********************************
** NUMfact space (MB): (sum-of-all-processes)
    L\U :            2.18 |  Total :     4.17
** Total highmark (MB):
    Sum-of-all :    23.80 | Avg :    23.80  | Max :    23.80
**************************************************
	Nonzeros in L        3302400
	Nonzeros in U        3302400
	nonzeros in L+U      6588416
	nonzeros in LSUB      805570

** Memory Usage **********************************
** NUMfact space (MB): (sum-of-all-processes)
    L\U :           54.21 |  Total :    77.02
** Total highmark (MB):
    Sum-of-all :    84.46 | Avg :    84.46  | Max :    84.46
**************************************************
	Nonzeros in L         139264
	Nonzeros in U         139264
	nonzeros in L+U       262144
	nonzeros in LSUB       32768

** Memory Usage **********************************
** NUMfact space (MB): (sum-of-all-processes)
    L\U :            2.18 |  Total :     4.17
** Total highmark (MB):
    Sum-of-all :    23.80 | Avg :    23.80  | Max :    23.80
**************************************************
   Pass :  1   Iteration :   0  ||B r|| = 5.69371 ...
   Pass :  1   Iteration :   1  ||B r|| = 5.41846e-08
norm(r_0) 0
norm(r_1) 0
norm(r_2) 0
norm(r_3) 1.13370997225566e-07
norm(r_4) 0
Newton iteration  1 : ||r|| = 1.13371e-07, ||r||/||r_0|| = 0.000132568
Setting time step: 0.04326756668912185 in DGTransportTDO
Setting time step: 0.04326756668912185 in CombinedOp
Setting time step: 0.04326756668912185 in IonStaticPressureOp
norm(r_0) 0
norm(r_1) 0
norm(r_2) 0
norm(r_3) 0.0005695416608991266
norm(r_4) 0
Newton iteration  0 : ||r|| = 0.000569542
	Nonzeros in L         139264
	Nonzeros in U         139264
	nonzeros in L+U       262144
	nonzeros in LSUB       32768

** Memory Usage **********************************
** NUMfact space (MB): (sum-of-all-processes)
    L\U :            2.18 |  Total :     4.17
** Total highmark (MB):
    Sum-of-all :    23.80 | Avg :    23.80  | Max :    23.80
**************************************************
	Nonzeros in L         139264
	Nonzeros in U         139264
	nonzeros in L+U       262144
	nonzeros in LSUB       32768

** Memory Usage **********************************
** NUMfact space (MB): (sum-of-all-processes)
    L\U :            2.18 |  Total :     4.17
** Total highmark (MB):
    Sum-of-all :    23.80 | Avg :    23.80  | Max :    23.80
**************************************************
	Nonzeros in L         139264
	Nonzeros in U         139264
	nonzeros in L+U       262144
	nonzeros in LSUB       32768

** Memory Usage **********************************
** NUMfact space (MB): (sum-of-all-processes)
    L\U :            2.18 |  Total :     4.17
** Total highmark (MB):
    Sum-of-all :    23.80 | Avg :    23.80  | Max :    23.80
**************************************************
	Nonzeros in L        3302400
	Nonzeros in U        3302400
	nonzeros in L+U      6588416
	nonzeros in LSUB      805570

** Memory Usage **********************************
** NUMfact space (MB): (sum-of-all-processes)
    L\U :           54.21 |  Total :    77.02
** Total highmark (MB):
    Sum-of-all :    84.46 | Avg :    84.46  | Max :    84.46
**************************************************
	Nonzeros in L         139264
	Nonzeros in U         139264
	nonzeros in L+U       262144
	nonzeros in LSUB       32768

** Memory Usage **********************************
** NUMfact space (MB): (sum-of-all-processes)
    L\U :            2.18 |  Total :     4.17
** Total highmark (MB):
    Sum-of-all :    23.80 | Avg :    23.80  | Max :    23.80
**************************************************
   Pass :  1   Iteration :   0  ||B r|| = 3.62801 ...
   Pass :  1   Iteration :   1  ||B r|| = 4.64148e-08
norm(r_0) 0
norm(r_1) 0
norm(r_2) 0
norm(r_3) 1.163093489514614e-07
norm(r_4) 0
Newton iteration  1 : ||r|| = 1.16309e-07, ||r||/||r_0|| = 0.000204216
Setting time step: 0.04326756668912185 in DGTransportTDO
Setting time step: 0.04326756668912185 in CombinedOp
Setting time step: 0.04326756668912185 in IonStaticPressureOp
norm(r_0) 0
norm(r_1) 0
norm(r_2) 0
norm(r_3) 0.0001562761693236244
norm(r_4) 0
Newton iteration  0 : ||r|| = 0.000156276
	Nonzeros in L         139264
	Nonzeros in U         139264
	nonzeros in L+U       262144
	nonzeros in LSUB       32768

** Memory Usage **********************************
** NUMfact space (MB): (sum-of-all-processes)
    L\U :            2.18 |  Total :     4.17
** Total highmark (MB):
    Sum-of-all :    23.80 | Avg :    23.80  | Max :    23.80
**************************************************
	Nonzeros in L         139264
	Nonzeros in U         139264
	nonzeros in L+U       262144
	nonzeros in LSUB       32768

** Memory Usage **********************************
** NUMfact space (MB): (sum-of-all-processes)
    L\U :            2.18 |  Total :     4.17
** Total highmark (MB):
    Sum-of-all :    23.80 | Avg :    23.80  | Max :    23.80
**************************************************
	Nonzeros in L         139264
	Nonzeros in U         139264
	nonzeros in L+U       262144
	nonzeros in LSUB       32768

** Memory Usage **********************************
** NUMfact space (MB): (sum-of-all-processes)
    L\U :            2.18 |  Total :     4.17
** Total highmark (MB):
    Sum-of-all :    23.80 | Avg :    23.80  | Max :    23.80
**************************************************
	Nonzeros in L        3302400
	Nonzeros in U        3302400
	nonzeros in L+U      6588416
	nonzeros in LSUB      805570

** Memory Usage **********************************
** NUMfact space (MB): (sum-of-all-processes)
    L\U :           54.21 |  Total :    77.02
** Total highmark (MB):
    Sum-of-all :    84.46 | Avg :    84.46  | Max :    84.46
**************************************************
	Nonzeros in L         139264
	Nonzeros in U         139264
	nonzeros in L+U       262144
	nonzeros in LSUB       32768

** Memory Usage **********************************
** NUMfact space (MB): (sum-of-all-processes)
    L\U :            2.18 |  Total :     4.17
** Total highmark (MB):
    Sum-of-all :    23.80 | Avg :    23.80  | Max :    23.80
**************************************************
   Pass :  1   Iteration :   0  ||B r|| = 0.995476 ...
   Pass :  1   Iteration :   1  ||B r|| = 1.03365e-08
norm(r_0) 0
norm(r_1) 0
norm(r_2) 0
norm(r_3) 1.145182443375877e-07
norm(r_4) 0
Newton iteration  1 : ||r|| = 1.14518e-07, ||r||/||r_0|| = 0.000732794
Setting time step: 0.04326756668912185 in DGTransportTDO
Setting time step: 0.04326756668912185 in CombinedOp
Setting time step: 0.04326756668912185 in IonStaticPressureOp
norm(r_0) 0
norm(r_1) 0
norm(r_2) 0
norm(r_3) 0.0002975921989341678
norm(r_4) 0
Newton iteration  0 : ||r|| = 0.000297592
	Nonzeros in L         139264
	Nonzeros in U         139264
	nonzeros in L+U       262144
	nonzeros in LSUB       32768

** Memory Usage **********************************
** NUMfact space (MB): (sum-of-all-processes)
    L\U :            2.18 |  Total :     4.17
** Total highmark (MB):
    Sum-of-all :    23.80 | Avg :    23.80  | Max :    23.80
**************************************************
	Nonzeros in L         139264
	Nonzeros in U         139264
	nonzeros in L+U       262144
	nonzeros in LSUB       32768

** Memory Usage **********************************
** NUMfact space (MB): (sum-of-all-processes)
    L\U :            2.18 |  Total :     4.17
** Total highmark (MB):
    Sum-of-all :    23.80 | Avg :    23.80  | Max :    23.80
**************************************************
	Nonzeros in L         139264
	Nonzeros in U         139264
	nonzeros in L+U       262144
	nonzeros in LSUB       32768

** Memory Usage **********************************
** NUMfact space (MB): (sum-of-all-processes)
    L\U :            2.18 |  Total :     4.17
** Total highmark (MB):
    Sum-of-all :    23.80 | Avg :    23.80  | Max :    23.80
**************************************************
	Nonzeros in L        3302400
	Nonzeros in U        3302400
	nonzeros in L+U      6588416
	nonzeros in LSUB      805570

** Memory Usage **********************************
** NUMfact space (MB): (sum-of-all-processes)
    L\U :           54.21 |  Total :    77.02
** Total highmark (MB):
    Sum-of-all :    84.46 | Avg :    84.46  | Max :    84.46
**************************************************
	Nonzeros in L         139264
	Nonzeros in U         139264
	nonzeros in L+U       262144
	nonzeros in LSUB       32768

** Memory Usage **********************************
** NUMfact space (MB): (sum-of-all-processes)
    L\U :            2.18 |  Total :     4.17
** Total highmark (MB):
    Sum-of-all :    23.80 | Avg :    23.80  | Max :    23.80
**************************************************
   Pass :  1   Iteration :   0  ||B r|| = 1.89567 ...
   Pass :  1   Iteration :   1  ||B r|| = 1.56432e-08
norm(r_0) 0
norm(r_1) 0
norm(r_2) 0
norm(r_3) 1.127680389644093e-07
norm(r_4) 0
Newton iteration  1 : ||r|| = 1.12768e-07, ||r||/||r_0|| = 0.000378935
Setting time step: 0.04326756668912185 in DGTransportTDO
Setting time step: 0.04326756668912185 in CombinedOp
Setting time step: 0.04326756668912185 in IonStaticPressureOp
norm(r_0) 0
norm(r_1) 0
norm(r_2) 0
norm(r_3) 0.0003435813839469675
norm(r_4) 0
Newton iteration  0 : ||r|| = 0.000343581
	Nonzeros in L         139264
	Nonzeros in U         139264
	nonzeros in L+U       262144
	nonzeros in LSUB       32768

** Memory Usage **********************************
** NUMfact space (MB): (sum-of-all-processes)
    L\U :            2.18 |  Total :     4.17
** Total highmark (MB):
    Sum-of-all :    23.80 | Avg :    23.80  | Max :    23.80
**************************************************
	Nonzeros in L         139264
	Nonzeros in U         139264
	nonzeros in L+U       262144
	nonzeros in LSUB       32768

** Memory Usage **********************************
** NUMfact space (MB): (sum-of-all-processes)
    L\U :            2.18 |  Total :     4.17
** Total highmark (MB):
    Sum-of-all :    23.80 | Avg :    23.80  | Max :    23.80
**************************************************
	Nonzeros in L         139264
	Nonzeros in U         139264
	nonzeros in L+U       262144
	nonzeros in LSUB       32768

** Memory Usage **********************************
** NUMfact space (MB): (sum-of-all-processes)
    L\U :            2.18 |  Total :     4.17
** Total highmark (MB):
    Sum-of-all :    23.80 | Avg :    23.80  | Max :    23.80
**************************************************
	Nonzeros in L        3302400
	Nonzeros in U        3302400
	nonzeros in L+U      6588416
	nonzeros in LSUB      805570
--------------------------------------------------------------------------
mpirun noticed that process rank 0 with PID 0 on node fusiont6-1 exited on signal 15 (Terminated).
--------------------------------------------------------------------------
