Options used:
   --mesh ../../mfem/data/inline-quad.mesh
   --bc-file ../../mfem/miniapps/plasma/transport2d_bcs.inp
   --ic-file ../../mfem/miniapps/plasma/transport2d_ics.inp
   --ec-file /home/gz6/mfem-analysis/input-files/transport2d_ecs.inp
   --es-file ../../mfem/miniapps/plasma/transport2d_ess.inp
   --eqdsk-file 
   --logging 1
   --operator-test 8
   --equation-weights '1 1 1 1 1'
   --problem 0
   --refine-serial 1
   --refine-parallel 0
   --enable-amr
   --max-err -1
   --hysteresis 0.25
   --nc-limit 3
   --amr-weights '1 1 1 1 1'
   --order 2
   --dg-sigma -1
   --dg-kappa 9
   --linear-abs-tolerance 1e-06
   --linear-rel-tolerance 1e-06
   --linear-max-iterations 300
   --linear-logging-level 3
   --newton-abs-tolerance 1e-10
   --newton-rel-tolerance 1e-10
   --newton-max-iterations 1
   --newton-logging-level 1
   --steady-state-abs-tolerance 1e-08
   --steady-state-rel-tolerance 1e-08
   --prec-type 2
   --prec-logging-level 0
   --initial-tolerance 1e-05
   --ode-tolerance 0.001
   --ode-solver 2
   --err-per-step
   --ode-weights '1 1 1 1 1'
   --kP 0
   --kI 0.6
   --kD 0
   --theta-max 2
   --t-minimum 0
   --t-final 100
   --time-step 0.01
   --cfl-number 0.3
   --ion-charge 1
   --ion-mass 2.0141018
   --neutral-mass 2.0141018
   --neutral-temp 3
   --min-neutral-density 9e+14
   --max-neutral-density 1e+15
   --neutral-density-exp 0
   --min-ion-density 1e+16
   --max-ion-density 1e+18
   --ion-density-exp 0
   --min-ion-temp 1
   --max-ion-temp 10
   --ion-temp-exp 0
   --min-electron-temp 10
   --max-electron-temp 440
   --electron-temp-exp 0
   --total-B-magnitude 5
   --poloidal-B-magnitude 0.5
   --velocity 1000
   --Di-perp 1
   --Xi-perp 1
   --Xe-perp 1
   --equation-term-flags '-1 -1 -1 -1 -1'
   --visualization-flags '-1 -1 -1 -1 -1'
   --visualization
   --visit-datafiles
   --ascii-datafiles
   --visualization-steps 4
Device configuration: cpu
Memory configuration: host-std
Number of elements in initial mesh: 16
Number of elements after serial refinement: 64
0: Number of elements in parallel mesh: 64
0: Number of elements after parallel refinement: 64
Configuring initial conditions
Reading initial conditions from ../../mfem/miniapps/plasma/transport2d_ics.inp
Configuring exact solutions
Reading exact solutions from ../../mfem/miniapps/plasma/transport2d_ess.inp

AMR iteration 0
Number of unknowns: 576
Stopping criterion satisfied. Stop.
Number of unknowns per field: 576
Total number of unknowns:     2880
Configuring boundary conditions
Reading boundary conditions from ../../mfem/miniapps/plasma/transport2d_bcs.inp
Configuring equation coefficients
Reading equation coefficients from /home/gz6/mfem-analysis/input-files/transport2d_ecs.inp
|mn| = 3.3444946e-27
|ni| = 1
|ne| = 1

|Dn|     = -nan
|Di|     = -nan
|Eta|    = -nan
|nXi|    = -nan
|nXe|    = -nan

|Eta/mn| = -nan
|nXi/ni| = -nan
|nXe/ne| = -nan
Ion Static Pressure: Adding time derivative term proportional to d n_i / dt
Ion Static Pressure: Adding time derivative term proportional to d T_i / dt
Ion Static Pressure: Adding anisotropic diffusion term
Ion Static Pressure: Adding source term
Opening GLVis sockets.
Range of error estimates for initial condition: -nan < elem err < -nan

Begin time stepping at t = 0
Setting time step: 0.0025 in DGTransportTDO
Setting time step: 0.0025 in CombinedOp
Setting time step: 0.0025 in IonStaticPressureOp
norm(r_0) 0
norm(r_1) 0
norm(r_2) 0
norm(r_3) 0.43407982
norm(r_4) 0
Newton iteration  0 : ||r|| = 0.43408

** Memory Usage **********************************
** NUMfact space (MB): (sum-of-all-processes)
    L\U :            0.04 |  Total :     1.97
** Total highmark (MB):
    Sum-of-all :     1.97 | Avg :     1.97  | Max :     1.97
**************************************************

** Memory Usage **********************************
** NUMfact space (MB): (sum-of-all-processes)
    L\U :            0.04 |  Total :     1.97
** Total highmark (MB):
    Sum-of-all :     1.97 | Avg :     1.97  | Max :     1.97
**************************************************

** Memory Usage **********************************
** NUMfact space (MB): (sum-of-all-processes)
    L\U :            0.04 |  Total :     1.97
** Total highmark (MB):
    Sum-of-all :     1.97 | Avg :     1.97  | Max :     1.97
**************************************************

** Memory Usage **********************************
** NUMfact space (MB): (sum-of-all-processes)
    L\U :            0.67 |  Total :     3.22
** Total highmark (MB):
    Sum-of-all :     3.22 | Avg :     3.22  | Max :     3.22
**************************************************

** Memory Usage **********************************
** NUMfact space (MB): (sum-of-all-processes)
    L\U :            0.04 |  Total :     1.97
** Total highmark (MB):
    Sum-of-all :     1.97 | Avg :     1.97  | Max :     1.97
**************************************************
   Pass :  1   Iteration :   0  ||B r|| = 152.882 ...
   Pass :  1   Iteration :   1  ||B r|| = 3.63898e-13
norm(r_0) 0
norm(r_1) 0
norm(r_2) 0
norm(r_3) 4.5507758e-15
norm(r_4) 0
Newton iteration  1 : ||r|| = 4.55078e-15, ||r||/||r_0|| = 1.04837e-14
Setting time step: 0.0025 in DGTransportTDO
Setting time step: 0.0025 in CombinedOp
Setting time step: 0.0025 in IonStaticPressureOp
norm(r_0) 0
norm(r_1) 0
norm(r_2) 0
norm(r_3) 0.40643977
norm(r_4) 0
Newton iteration  0 : ||r|| = 0.40644

** Memory Usage **********************************
** NUMfact space (MB): (sum-of-all-processes)
    L\U :            0.04 |  Total :     1.97
** Total highmark (MB):
    Sum-of-all :     1.97 | Avg :     1.97  | Max :     1.97
**************************************************

** Memory Usage **********************************
** NUMfact space (MB): (sum-of-all-processes)
    L\U :            0.04 |  Total :     1.97
** Total highmark (MB):
    Sum-of-all :     1.97 | Avg :     1.97  | Max :     1.97
**************************************************

** Memory Usage **********************************
** NUMfact space (MB): (sum-of-all-processes)
    L\U :            0.04 |  Total :     1.97
** Total highmark (MB):
    Sum-of-all :     1.97 | Avg :     1.97  | Max :     1.97
**************************************************

** Memory Usage **********************************
** NUMfact space (MB): (sum-of-all-processes)
    L\U :            0.67 |  Total :     3.22
** Total highmark (MB):
    Sum-of-all :     3.22 | Avg :     3.22  | Max :     3.22
**************************************************

** Memory Usage **********************************
** NUMfact space (MB): (sum-of-all-processes)
    L\U :            0.04 |  Total :     1.97
** Total highmark (MB):
    Sum-of-all :     1.97 | Avg :     1.97  | Max :     1.97
**************************************************
   Pass :  1   Iteration :   0  ||B r|| = 143.143 ...
   Pass :  1   Iteration :   1  ||B r|| = 3.37017e-13
norm(r_0) 0
norm(r_1) 0
norm(r_2) 0
norm(r_3) 5.9911792e-15
norm(r_4) 0
Newton iteration  1 : ||r|| = 5.99118e-15, ||r||/||r_0|| = 1.47406e-14
Setting time step: 0.0025 in DGTransportTDO
Setting time step: 0.0025 in CombinedOp
Setting time step: 0.0025 in IonStaticPressureOp
norm(r_0) 0
norm(r_1) 0
norm(r_2) 0
norm(r_3) 0.41735667
norm(r_4) 0
Newton iteration  0 : ||r|| = 0.417357

** Memory Usage **********************************
** NUMfact space (MB): (sum-of-all-processes)
    L\U :            0.04 |  Total :     1.97
** Total highmark (MB):
    Sum-of-all :     1.97 | Avg :     1.97  | Max :     1.97
**************************************************

** Memory Usage **********************************
** NUMfact space (MB): (sum-of-all-processes)
    L\U :            0.04 |  Total :     1.97
** Total highmark (MB):
    Sum-of-all :     1.97 | Avg :     1.97  | Max :     1.97
**************************************************

** Memory Usage **********************************
** NUMfact space (MB): (sum-of-all-processes)
    L\U :            0.04 |  Total :     1.97
** Total highmark (MB):
    Sum-of-all :     1.97 | Avg :     1.97  | Max :     1.97
**************************************************

** Memory Usage **********************************
** NUMfact space (MB): (sum-of-all-processes)
    L\U :            0.67 |  Total :     3.22
** Total highmark (MB):
    Sum-of-all :     3.22 | Avg :     3.22  | Max :     3.22
**************************************************

** Memory Usage **********************************
** NUMfact space (MB): (sum-of-all-processes)
    L\U :            0.04 |  Total :     1.97
** Total highmark (MB):
    Sum-of-all :     1.97 | Avg :     1.97  | Max :     1.97
**************************************************
   Pass :  1   Iteration :   0  ||B r|| = 146.989 ...
   Pass :  1   Iteration :   1  ||B r|| = 3.15844e-13
norm(r_0) 0
norm(r_1) 0
norm(r_2) 0
norm(r_3) 5.7342948e-15
norm(r_4) 0
Newton iteration  1 : ||r|| = 5.73429e-15, ||r||/||r_0|| = 1.37396e-14
Setting time step: 0.0025 in DGTransportTDO
Setting time step: 0.0025 in CombinedOp
Setting time step: 0.0025 in IonStaticPressureOp
norm(r_0) 0
norm(r_1) 0
norm(r_2) 0
norm(r_3) 0.42014247
norm(r_4) 0
Newton iteration  0 : ||r|| = 0.420142

** Memory Usage **********************************
** NUMfact space (MB): (sum-of-all-processes)
    L\U :            0.04 |  Total :     1.97
** Total highmark (MB):
    Sum-of-all :     1.97 | Avg :     1.97  | Max :     1.97
**************************************************

** Memory Usage **********************************
** NUMfact space (MB): (sum-of-all-processes)
    L\U :            0.04 |  Total :     1.97
** Total highmark (MB):
    Sum-of-all :     1.97 | Avg :     1.97  | Max :     1.97
**************************************************

** Memory Usage **********************************
** NUMfact space (MB): (sum-of-all-processes)
    L\U :            0.04 |  Total :     1.97
** Total highmark (MB):
    Sum-of-all :     1.97 | Avg :     1.97  | Max :     1.97
**************************************************

** Memory Usage **********************************
** NUMfact space (MB): (sum-of-all-processes)
    L\U :            0.67 |  Total :     3.22
** Total highmark (MB):
    Sum-of-all :     3.22 | Avg :     3.22  | Max :     3.22
**************************************************

** Memory Usage **********************************
** NUMfact space (MB): (sum-of-all-processes)
    L\U :            0.04 |  Total :     1.97
** Total highmark (MB):
    Sum-of-all :     1.97 | Avg :     1.97  | Max :     1.97
**************************************************
   Pass :  1   Iteration :   0  ||B r|| = 147.97 ...
   Pass :  1   Iteration :   1  ||B r|| = 3.61125e-13
norm(r_0) 0
norm(r_1) 0
norm(r_2) 0
norm(r_3) 5.1775892e-15
norm(r_4) 0
Newton iteration  1 : ||r|| = 5.17759e-15, ||r||/||r_0|| = 1.23234e-14
Setting time step: 0.0025 in DGTransportTDO
Setting time step: 0.0025 in CombinedOp
Setting time step: 0.0025 in IonStaticPressureOp
norm(r_0) 0
norm(r_1) 0
norm(r_2) 0
norm(r_3) 0.39307094
norm(r_4) 0
Newton iteration  0 : ||r|| = 0.393071

** Memory Usage **********************************
** NUMfact space (MB): (sum-of-all-processes)
    L\U :            0.04 |  Total :     1.97
** Total highmark (MB):
    Sum-of-all :     1.97 | Avg :     1.97  | Max :     1.97
**************************************************

** Memory Usage **********************************
** NUMfact space (MB): (sum-of-all-processes)
    L\U :            0.04 |  Total :     1.97
** Total highmark (MB):
    Sum-of-all :     1.97 | Avg :     1.97  | Max :     1.97
**************************************************

** Memory Usage **********************************
** NUMfact space (MB): (sum-of-all-processes)
    L\U :            0.04 |  Total :     1.97
** Total highmark (MB):
    Sum-of-all :     1.97 | Avg :     1.97  | Max :     1.97
**************************************************

** Memory Usage **********************************
** NUMfact space (MB): (sum-of-all-processes)
    L\U :            0.67 |  Total :     3.22
** Total highmark (MB):
    Sum-of-all :     3.22 | Avg :     3.22  | Max :     3.22
**************************************************

** Memory Usage **********************************
** NUMfact space (MB): (sum-of-all-processes)
    L\U :            0.04 |  Total :     1.97
** Total highmark (MB):
    Sum-of-all :     1.97 | Avg :     1.97  | Max :     1.97
**************************************************
   Pass :  1   Iteration :   0  ||B r|| = 138.44 ...
   Pass :  1   Iteration :   1  ||B r|| = 3.94125e-13
norm(r_0) 0
norm(r_1) 0
norm(r_2) 0
norm(r_3) 7.7532674e-15
norm(r_4) 0
Newton iteration  1 : ||r|| = 7.75327e-15, ||r||/||r_0|| = 1.97249e-14
Setting time step: 0.005 in DGTransportTDO
Setting time step: 0.005 in CombinedOp
Setting time step: 0.005 in IonStaticPressureOp
norm(r_0) 0
norm(r_1) 0
norm(r_2) 0
norm(r_3) 0.38056051
norm(r_4) 0
Newton iteration  0 : ||r|| = 0.380561

** Memory Usage **********************************
** NUMfact space (MB): (sum-of-all-processes)
    L\U :            0.04 |  Total :     1.97
** Total highmark (MB):
    Sum-of-all :     1.97 | Avg :     1.97  | Max :     1.97
**************************************************

** Memory Usage **********************************
** NUMfact space (MB): (sum-of-all-processes)
    L\U :            0.04 |  Total :     1.97
** Total highmark (MB):
    Sum-of-all :     1.97 | Avg :     1.97  | Max :     1.97
**************************************************

** Memory Usage **********************************
** NUMfact space (MB): (sum-of-all-processes)
    L\U :            0.04 |  Total :     1.97
** Total highmark (MB):
    Sum-of-all :     1.97 | Avg :     1.97  | Max :     1.97
**************************************************

** Memory Usage **********************************
** NUMfact space (MB): (sum-of-all-processes)
    L\U :            0.67 |  Total :     3.22
** Total highmark (MB):
    Sum-of-all :     3.22 | Avg :     3.22  | Max :     3.22
**************************************************

** Memory Usage **********************************
** NUMfact space (MB): (sum-of-all-processes)
    L\U :            0.04 |  Total :     1.97
** Total highmark (MB):
    Sum-of-all :     1.97 | Avg :     1.97  | Max :     1.97
**************************************************
   Pass :  1   Iteration :   0  ||B r|| = 129.893 ...
   Pass :  1   Iteration :   1  ||B r|| = 2.97416e-13
norm(r_0) 0
norm(r_1) 0
norm(r_2) 0
norm(r_3) 1.0988581e-14
norm(r_4) 0
Newton iteration  1 : ||r|| = 1.09886e-14, ||r||/||r_0|| = 2.88747e-14
Setting time step: 0.005 in DGTransportTDO
Setting time step: 0.005 in CombinedOp
Setting time step: 0.005 in IonStaticPressureOp
norm(r_0) 0
norm(r_1) 0
norm(r_2) 0
norm(r_3) 0.33357347
norm(r_4) 0
Newton iteration  0 : ||r|| = 0.333573

** Memory Usage **********************************
** NUMfact space (MB): (sum-of-all-processes)
    L\U :            0.04 |  Total :     1.97
** Total highmark (MB):
    Sum-of-all :     1.97 | Avg :     1.97  | Max :     1.97
**************************************************

** Memory Usage **********************************
** NUMfact space (MB): (sum-of-all-processes)
    L\U :            0.04 |  Total :     1.97
** Total highmark (MB):
    Sum-of-all :     1.97 | Avg :     1.97  | Max :     1.97
**************************************************

** Memory Usage **********************************
** NUMfact space (MB): (sum-of-all-processes)
    L\U :            0.04 |  Total :     1.97
** Total highmark (MB):
    Sum-of-all :     1.97 | Avg :     1.97  | Max :     1.97
**************************************************

** Memory Usage **********************************
** NUMfact space (MB): (sum-of-all-processes)
    L\U :            0.67 |  Total :     3.22
** Total highmark (MB):
    Sum-of-all :     3.22 | Avg :     3.22  | Max :     3.22
**************************************************

** Memory Usage **********************************
** NUMfact space (MB): (sum-of-all-processes)
    L\U :            0.04 |  Total :     1.97
** Total highmark (MB):
    Sum-of-all :     1.97 | Avg :     1.97  | Max :     1.97
**************************************************
   Pass :  1   Iteration :   0  ||B r|| = 113.855 ...
   Pass :  1   Iteration :   1  ||B r|| = 2.90907e-13
norm(r_0) 0
norm(r_1) 0
norm(r_2) 0
norm(r_3) 1.6548708e-14
norm(r_4) 0
Newton iteration  1 : ||r|| = 1.65487e-14, ||r||/||r_0|| = 4.96104e-14
Setting time step: 0.005 in DGTransportTDO
Setting time step: 0.005 in CombinedOp
Setting time step: 0.005 in IonStaticPressureOp
norm(r_0) 0
norm(r_1) 0
norm(r_2) 0
norm(r_3) 0.3519044
norm(r_4) 0
Newton iteration  0 : ||r|| = 0.351904

** Memory Usage **********************************
** NUMfact space (MB): (sum-of-all-processes)
    L\U :            0.04 |  Total :     1.97
** Total highmark (MB):
    Sum-of-all :     1.97 | Avg :     1.97  | Max :     1.97
**************************************************

** Memory Usage **********************************
** NUMfact space (MB): (sum-of-all-processes)
    L\U :            0.04 |  Total :     1.97
** Total highmark (MB):
    Sum-of-all :     1.97 | Avg :     1.97  | Max :     1.97
**************************************************

** Memory Usage **********************************
** NUMfact space (MB): (sum-of-all-processes)
    L\U :            0.04 |  Total :     1.97
** Total highmark (MB):
    Sum-of-all :     1.97 | Avg :     1.97  | Max :     1.97
**************************************************

** Memory Usage **********************************
** NUMfact space (MB): (sum-of-all-processes)
    L\U :            0.67 |  Total :     3.22
** Total highmark (MB):
    Sum-of-all :     3.22 | Avg :     3.22  | Max :     3.22
**************************************************

** Memory Usage **********************************
** NUMfact space (MB): (sum-of-all-processes)
    L\U :            0.04 |  Total :     1.97
** Total highmark (MB):
    Sum-of-all :     1.97 | Avg :     1.97  | Max :     1.97
**************************************************
   Pass :  1   Iteration :   0  ||B r|| = 120.112 ...
   Pass :  1   Iteration :   1  ||B r|| = 2.73771e-13
norm(r_0) 0
norm(r_1) 0
norm(r_2) 0
norm(r_3) 1.339289e-14
norm(r_4) 0
Newton iteration  1 : ||r|| = 1.33929e-14, ||r||/||r_0|| = 3.80583e-14
Setting time step: 0.005 in DGTransportTDO
Setting time step: 0.005 in CombinedOp
Setting time step: 0.005 in IonStaticPressureOp
norm(r_0) 0
norm(r_1) 0
norm(r_2) 0
norm(r_3) 0.35667787
norm(r_4) 0
Newton iteration  0 : ||r|| = 0.356678

** Memory Usage **********************************
** NUMfact space (MB): (sum-of-all-processes)
    L\U :            0.04 |  Total :     1.97
** Total highmark (MB):
    Sum-of-all :     1.97 | Avg :     1.97  | Max :     1.97
**************************************************

** Memory Usage **********************************
** NUMfact space (MB): (sum-of-all-processes)
    L\U :            0.04 |  Total :     1.97
** Total highmark (MB):
    Sum-of-all :     1.97 | Avg :     1.97  | Max :     1.97
**************************************************

** Memory Usage **********************************
** NUMfact space (MB): (sum-of-all-processes)
    L\U :            0.04 |  Total :     1.97
** Total highmark (MB):
    Sum-of-all :     1.97 | Avg :     1.97  | Max :     1.97
**************************************************

** Memory Usage **********************************
** NUMfact space (MB): (sum-of-all-processes)
    L\U :            0.67 |  Total :     3.22
** Total highmark (MB):
    Sum-of-all :     3.22 | Avg :     3.22  | Max :     3.22
**************************************************

** Memory Usage **********************************
** NUMfact space (MB): (sum-of-all-processes)
    L\U :            0.04 |  Total :     1.97
** Total highmark (MB):
    Sum-of-all :     1.97 | Avg :     1.97  | Max :     1.97
**************************************************
   Pass :  1   Iteration :   0  ||B r|| = 121.741 ...
   Pass :  1   Iteration :   1  ||B r|| = 4.32223e-13
norm(r_0) 0
norm(r_1) 0
norm(r_2) 0
norm(r_3) 1.4208881e-14
norm(r_4) 0
Newton iteration  1 : ||r|| = 1.42089e-14, ||r||/||r_0|| = 3.98367e-14
Setting time step: 0.005 in DGTransportTDO
Setting time step: 0.005 in CombinedOp
Setting time step: 0.005 in IonStaticPressureOp
norm(r_0) 0
norm(r_1) 0
norm(r_2) 0
norm(r_3) 0.31174151
norm(r_4) 0
Newton iteration  0 : ||r|| = 0.311742

** Memory Usage **********************************
** NUMfact space (MB): (sum-of-all-processes)
    L\U :            0.04 |  Total :     1.97
** Total highmark (MB):
    Sum-of-all :     1.97 | Avg :     1.97  | Max :     1.97
**************************************************

** Memory Usage **********************************
** NUMfact space (MB): (sum-of-all-processes)
    L\U :            0.04 |  Total :     1.97
** Total highmark (MB):
    Sum-of-all :     1.97 | Avg :     1.97  | Max :     1.97
**************************************************

** Memory Usage **********************************
** NUMfact space (MB): (sum-of-all-processes)
    L\U :            0.04 |  Total :     1.97
** Total highmark (MB):
    Sum-of-all :     1.97 | Avg :     1.97  | Max :     1.97
**************************************************

** Memory Usage **********************************
** NUMfact space (MB): (sum-of-all-processes)
    L\U :            0.67 |  Total :     3.22
** Total highmark (MB):
    Sum-of-all :     3.22 | Avg :     3.22  | Max :     3.22
**************************************************

** Memory Usage **********************************
** NUMfact space (MB): (sum-of-all-processes)
    L\U :            0.04 |  Total :     1.97
** Total highmark (MB):
    Sum-of-all :     1.97 | Avg :     1.97  | Max :     1.97
**************************************************
   Pass :  1   Iteration :   0  ||B r|| = 106.404 ...
   Pass :  1   Iteration :   1  ||B r|| = 2.90895e-13
norm(r_0) 0
norm(r_1) 0
norm(r_2) 0
norm(r_3) 1.8179972e-14
norm(r_4) 0
Newton iteration  1 : ||r|| = 1.818e-14, ||r||/||r_0|| = 5.83175e-14
Setting time step: 0.01 in DGTransportTDO
Setting time step: 0.01 in CombinedOp
Setting time step: 0.01 in IonStaticPressureOp
norm(r_0) 0
norm(r_1) 0
norm(r_2) 0
norm(r_3) 0.2924973
norm(r_4) 0
Newton iteration  0 : ||r|| = 0.292497

** Memory Usage **********************************
** NUMfact space (MB): (sum-of-all-processes)
    L\U :            0.04 |  Total :     1.97
** Total highmark (MB):
    Sum-of-all :     1.97 | Avg :     1.97  | Max :     1.97
**************************************************

** Memory Usage **********************************
** NUMfact space (MB): (sum-of-all-processes)
    L\U :            0.04 |  Total :     1.97
** Total highmark (MB):
    Sum-of-all :     1.97 | Avg :     1.97  | Max :     1.97
**************************************************

** Memory Usage **********************************
** NUMfact space (MB): (sum-of-all-processes)
    L\U :            0.04 |  Total :     1.97
** Total highmark (MB):
    Sum-of-all :     1.97 | Avg :     1.97  | Max :     1.97
**************************************************

** Memory Usage **********************************
** NUMfact space (MB): (sum-of-all-processes)
    L\U :            0.67 |  Total :     3.22
** Total highmark (MB):
    Sum-of-all :     3.22 | Avg :     3.22  | Max :     3.22
**************************************************

** Memory Usage **********************************
** NUMfact space (MB): (sum-of-all-processes)
    L\U :            0.04 |  Total :     1.97
** Total highmark (MB):
    Sum-of-all :     1.97 | Avg :     1.97  | Max :     1.97
**************************************************
   Pass :  1   Iteration :   0  ||B r|| = 94.0302 ...
   Pass :  1   Iteration :   1  ||B r|| = 4.1192e-13
norm(r_0) 0
norm(r_1) 0
norm(r_2) 0
norm(r_3) 2.414771e-14
norm(r_4) 0
Newton iteration  1 : ||r|| = 2.41477e-14, ||r||/||r_0|| = 8.2557e-14
Setting time step: 0.01 in DGTransportTDO
Setting time step: 0.01 in CombinedOp
Setting time step: 0.01 in IonStaticPressureOp
norm(r_0) 0
norm(r_1) 0
norm(r_2) 0
norm(r_3) 0.22446682
norm(r_4) 0
Newton iteration  0 : ||r|| = 0.224467

** Memory Usage **********************************
** NUMfact space (MB): (sum-of-all-processes)
    L\U :            0.04 |  Total :     1.97
** Total highmark (MB):
    Sum-of-all :     1.97 | Avg :     1.97  | Max :     1.97
**************************************************

** Memory Usage **********************************
** NUMfact space (MB): (sum-of-all-processes)
    L\U :            0.04 |  Total :     1.97
** Total highmark (MB):
    Sum-of-all :     1.97 | Avg :     1.97  | Max :     1.97
**************************************************

** Memory Usage **********************************
** NUMfact space (MB): (sum-of-all-processes)
    L\U :            0.04 |  Total :     1.97
** Total highmark (MB):
    Sum-of-all :     1.97 | Avg :     1.97  | Max :     1.97
**************************************************

** Memory Usage **********************************
** NUMfact space (MB): (sum-of-all-processes)
    L\U :            0.67 |  Total :     3.22
** Total highmark (MB):
    Sum-of-all :     3.22 | Avg :     3.22  | Max :     3.22
**************************************************

** Memory Usage **********************************
** NUMfact space (MB): (sum-of-all-processes)
    L\U :            0.04 |  Total :     1.97
** Total highmark (MB):
    Sum-of-all :     1.97 | Avg :     1.97  | Max :     1.97
**************************************************
   Pass :  1   Iteration :   0  ||B r|| = 72.1601 ...
   Pass :  1   Iteration :   1  ||B r|| = 2.1011e-13
norm(r_0) 0
norm(r_1) 0
norm(r_2) 0
norm(r_3) 2.9090936e-14
norm(r_4) 0
Newton iteration  1 : ||r|| = 2.90909e-14, ||r||/||r_0|| = 1.296e-13
Setting time step: 0.01 in DGTransportTDO
Setting time step: 0.01 in CombinedOp
Setting time step: 0.01 in IonStaticPressureOp
norm(r_0) 0
norm(r_1) 0
norm(r_2) 0
norm(r_3) 0.2504132
norm(r_4) 0
Newton iteration  0 : ||r|| = 0.250413

** Memory Usage **********************************
** NUMfact space (MB): (sum-of-all-processes)
    L\U :            0.04 |  Total :     1.97
** Total highmark (MB):
    Sum-of-all :     1.97 | Avg :     1.97  | Max :     1.97
**************************************************

** Memory Usage **********************************
** NUMfact space (MB): (sum-of-all-processes)
    L\U :            0.04 |  Total :     1.97
** Total highmark (MB):
    Sum-of-all :     1.97 | Avg :     1.97  | Max :     1.97
**************************************************

** Memory Usage **********************************
** NUMfact space (MB): (sum-of-all-processes)
    L\U :            0.04 |  Total :     1.97
** Total highmark (MB):
    Sum-of-all :     1.97 | Avg :     1.97  | Max :     1.97
**************************************************

** Memory Usage **********************************
** NUMfact space (MB): (sum-of-all-processes)
    L\U :            0.67 |  Total :     3.22
** Total highmark (MB):
    Sum-of-all :     3.22 | Avg :     3.22  | Max :     3.22
**************************************************

** Memory Usage **********************************
** NUMfact space (MB): (sum-of-all-processes)
    L\U :            0.04 |  Total :     1.97
** Total highmark (MB):
    Sum-of-all :     1.97 | Avg :     1.97  | Max :     1.97
**************************************************
   Pass :  1   Iteration :   0  ||B r|| = 80.5012 ...
   Pass :  1   Iteration :   1  ||B r|| = 3.35093e-13
norm(r_0) 0
norm(r_1) 0
norm(r_2) 0
norm(r_3) 2.706238e-14
norm(r_4) 0
Newton iteration  1 : ||r|| = 2.70624e-14, ||r||/||r_0|| = 1.08071e-13
Setting time step: 0.01 in DGTransportTDO
Setting time step: 0.01 in CombinedOp
Setting time step: 0.01 in IonStaticPressureOp
norm(r_0) 0
norm(r_1) 0
norm(r_2) 0
norm(r_3) 0.25742794
norm(r_4) 0
Newton iteration  0 : ||r|| = 0.257428

** Memory Usage **********************************
** NUMfact space (MB): (sum-of-all-processes)
    L\U :            0.04 |  Total :     1.97
** Total highmark (MB):
    Sum-of-all :     1.97 | Avg :     1.97  | Max :     1.97
**************************************************

** Memory Usage **********************************
** NUMfact space (MB): (sum-of-all-processes)
    L\U :            0.04 |  Total :     1.97
** Total highmark (MB):
    Sum-of-all :     1.97 | Avg :     1.97  | Max :     1.97
**************************************************

** Memory Usage **********************************
** NUMfact space (MB): (sum-of-all-processes)
    L\U :            0.04 |  Total :     1.97
** Total highmark (MB):
    Sum-of-all :     1.97 | Avg :     1.97  | Max :     1.97
**************************************************

** Memory Usage **********************************
** NUMfact space (MB): (sum-of-all-processes)
    L\U :            0.67 |  Total :     3.22
** Total highmark (MB):
    Sum-of-all :     3.22 | Avg :     3.22  | Max :     3.22
**************************************************

** Memory Usage **********************************
** NUMfact space (MB): (sum-of-all-processes)
    L\U :            0.04 |  Total :     1.97
** Total highmark (MB):
    Sum-of-all :     1.97 | Avg :     1.97  | Max :     1.97
**************************************************
   Pass :  1   Iteration :   0  ||B r|| = 82.7563 ...
   Pass :  1   Iteration :   1  ||B r|| = 2.51709e-13
norm(r_0) 0
norm(r_1) 0
norm(r_2) 0
norm(r_3) 2.5718558e-14
norm(r_4) 0
Newton iteration  1 : ||r|| = 2.57186e-14, ||r||/||r_0|| = 9.99059e-14
Setting time step: 0.01 in DGTransportTDO
Setting time step: 0.01 in CombinedOp
Setting time step: 0.01 in IonStaticPressureOp
norm(r_0) 0
norm(r_1) 0
norm(r_2) 0
norm(r_3) 0.19553386
norm(r_4) 0
Newton iteration  0 : ||r|| = 0.195534

** Memory Usage **********************************
** NUMfact space (MB): (sum-of-all-processes)
    L\U :            0.04 |  Total :     1.97
** Total highmark (MB):
    Sum-of-all :     1.97 | Avg :     1.97  | Max :     1.97
**************************************************

** Memory Usage **********************************
** NUMfact space (MB): (sum-of-all-processes)
    L\U :            0.04 |  Total :     1.97
** Total highmark (MB):
    Sum-of-all :     1.97 | Avg :     1.97  | Max :     1.97
**************************************************

** Memory Usage **********************************
** NUMfact space (MB): (sum-of-all-processes)
    L\U :            0.04 |  Total :     1.97
** Total highmark (MB):
    Sum-of-all :     1.97 | Avg :     1.97  | Max :     1.97
**************************************************

** Memory Usage **********************************
** NUMfact space (MB): (sum-of-all-processes)
    L\U :            0.67 |  Total :     3.22
** Total highmark (MB):
    Sum-of-all :     3.22 | Avg :     3.22  | Max :     3.22
**************************************************

** Memory Usage **********************************
** NUMfact space (MB): (sum-of-all-processes)
    L\U :            0.04 |  Total :     1.97
** Total highmark (MB):
    Sum-of-all :     1.97 | Avg :     1.97  | Max :     1.97
**************************************************
   Pass :  1   Iteration :   0  ||B r|| = 62.859 ...
   Pass :  1   Iteration :   1  ||B r|| = 2.06873e-13
norm(r_0) 0
norm(r_1) 0
norm(r_2) 0
norm(r_3) 3.0876132e-14
norm(r_4) 0
Newton iteration  1 : ||r|| = 3.08761e-14, ||r||/||r_0|| = 1.57907e-13
Setting time step: 0.02 in DGTransportTDO
Setting time step: 0.02 in CombinedOp
Setting time step: 0.02 in IonStaticPressureOp
norm(r_0) 0
norm(r_1) 0
norm(r_2) 0
norm(r_3) 0.17279484
norm(r_4) 0
Newton iteration  0 : ||r|| = 0.172795

** Memory Usage **********************************
** NUMfact space (MB): (sum-of-all-processes)
    L\U :            0.04 |  Total :     1.97
** Total highmark (MB):
    Sum-of-all :     1.97 | Avg :     1.97  | Max :     1.97
**************************************************

** Memory Usage **********************************
** NUMfact space (MB): (sum-of-all-processes)
    L\U :            0.04 |  Total :     1.97
** Total highmark (MB):
    Sum-of-all :     1.97 | Avg :     1.97  | Max :     1.97
**************************************************

** Memory Usage **********************************
** NUMfact space (MB): (sum-of-all-processes)
    L\U :            0.04 |  Total :     1.97
** Total highmark (MB):
    Sum-of-all :     1.97 | Avg :     1.97  | Max :     1.97
**************************************************

** Memory Usage **********************************
** NUMfact space (MB): (sum-of-all-processes)
    L\U :            0.67 |  Total :     3.22
** Total highmark (MB):
    Sum-of-all :     3.22 | Avg :     3.22  | Max :     3.22
**************************************************

** Memory Usage **********************************
** NUMfact space (MB): (sum-of-all-processes)
    L\U :            0.04 |  Total :     1.97
** Total highmark (MB):
    Sum-of-all :     1.97 | Avg :     1.97  | Max :     1.97
**************************************************
   Pass :  1   Iteration :   0  ||B r|| = 49.762 ...
   Pass :  1   Iteration :   1  ||B r|| = 1.79566e-13
norm(r_0) 0
norm(r_1) 0
norm(r_2) 0
norm(r_3) 3.8978599e-14
norm(r_4) 0
Newton iteration  1 : ||r|| = 3.89786e-14, ||r||/||r_0|| = 2.25577e-13
Setting time step: 0.02 in DGTransportTDO
Setting time step: 0.02 in CombinedOp
Setting time step: 0.02 in IonStaticPressureOp
norm(r_0) 0
norm(r_1) 0
norm(r_2) 0
norm(r_3) 0.10078941
norm(r_4) 0
Newton iteration  0 : ||r|| = 0.100789

** Memory Usage **********************************
** NUMfact space (MB): (sum-of-all-processes)
    L\U :            0.04 |  Total :     1.97
** Total highmark (MB):
    Sum-of-all :     1.97 | Avg :     1.97  | Max :     1.97
**************************************************

** Memory Usage **********************************
** NUMfact space (MB): (sum-of-all-processes)
    L\U :            0.04 |  Total :     1.97
** Total highmark (MB):
    Sum-of-all :     1.97 | Avg :     1.97  | Max :     1.97
**************************************************

** Memory Usage **********************************
** NUMfact space (MB): (sum-of-all-processes)
    L\U :            0.04 |  Total :     1.97
** Total highmark (MB):
    Sum-of-all :     1.97 | Avg :     1.97  | Max :     1.97
**************************************************

** Memory Usage **********************************
** NUMfact space (MB): (sum-of-all-processes)
    L\U :            0.67 |  Total :     3.22
** Total highmark (MB):
    Sum-of-all :     3.22 | Avg :     3.22  | Max :     3.22
**************************************************

** Memory Usage **********************************
** NUMfact space (MB): (sum-of-all-processes)
    L\U :            0.04 |  Total :     1.97
** Total highmark (MB):
    Sum-of-all :     1.97 | Avg :     1.97  | Max :     1.97
**************************************************
   Pass :  1   Iteration :   0  ||B r|| = 29.0257 ...
   Pass :  1   Iteration :   1  ||B r|| = 1.26738e-13
norm(r_0) 0
norm(r_1) 0
norm(r_2) 0
norm(r_3) 4.3810154e-14
norm(r_4) 0
Newton iteration  1 : ||r|| = 4.38102e-14, ||r||/||r_0|| = 4.3467e-13
Setting time step: 0.02 in DGTransportTDO
Setting time step: 0.02 in CombinedOp
Setting time step: 0.02 in IonStaticPressureOp
norm(r_0) 0
norm(r_1) 0
norm(r_2) 0
norm(r_3) 0.12719115
norm(r_4) 0
Newton iteration  0 : ||r|| = 0.127191

** Memory Usage **********************************
** NUMfact space (MB): (sum-of-all-processes)
    L\U :            0.04 |  Total :     1.97
** Total highmark (MB):
    Sum-of-all :     1.97 | Avg :     1.97  | Max :     1.97
**************************************************

** Memory Usage **********************************
** NUMfact space (MB): (sum-of-all-processes)
    L\U :            0.04 |  Total :     1.97
** Total highmark (MB):
    Sum-of-all :     1.97 | Avg :     1.97  | Max :     1.97
**************************************************

** Memory Usage **********************************
** NUMfact space (MB): (sum-of-all-processes)
    L\U :            0.04 |  Total :     1.97
** Total highmark (MB):
    Sum-of-all :     1.97 | Avg :     1.97  | Max :     1.97
**************************************************

** Memory Usage **********************************
** NUMfact space (MB): (sum-of-all-processes)
    L\U :            0.67 |  Total :     3.22
** Total highmark (MB):
    Sum-of-all :     3.22 | Avg :     3.22  | Max :     3.22
**************************************************

** Memory Usage **********************************
** NUMfact space (MB): (sum-of-all-processes)
    L\U :            0.04 |  Total :     1.97
** Total highmark (MB):
    Sum-of-all :     1.97 | Avg :     1.97  | Max :     1.97
**************************************************
   Pass :  1   Iteration :   0  ||B r|| = 36.6289 ...
   Pass :  1   Iteration :   1  ||B r|| = 2.50388e-13
norm(r_0) 0
norm(r_1) 0
norm(r_2) 0
norm(r_3) 4.1645425e-14
norm(r_4) 0
Newton iteration  1 : ||r|| = 4.16454e-14, ||r||/||r_0|| = 3.27424e-13
Setting time step: 0.02 in DGTransportTDO
Setting time step: 0.02 in CombinedOp
Setting time step: 0.02 in IonStaticPressureOp
norm(r_0) 0
norm(r_1) 0
norm(r_2) 0
norm(r_3) 0.13481751
norm(r_4) 0
Newton iteration  0 : ||r|| = 0.134818

** Memory Usage **********************************
** NUMfact space (MB): (sum-of-all-processes)
    L\U :            0.04 |  Total :     1.97
** Total highmark (MB):
    Sum-of-all :     1.97 | Avg :     1.97  | Max :     1.97
**************************************************

** Memory Usage **********************************
** NUMfact space (MB): (sum-of-all-processes)
    L\U :            0.04 |  Total :     1.97
** Total highmark (MB):
    Sum-of-all :     1.97 | Avg :     1.97  | Max :     1.97
**************************************************

** Memory Usage **********************************
** NUMfact space (MB): (sum-of-all-processes)
    L\U :            0.04 |  Total :     1.97
** Total highmark (MB):
    Sum-of-all :     1.97 | Avg :     1.97  | Max :     1.97
**************************************************

** Memory Usage **********************************
** NUMfact space (MB): (sum-of-all-processes)
    L\U :            0.67 |  Total :     3.22
** Total highmark (MB):
    Sum-of-all :     3.22 | Avg :     3.22  | Max :     3.22
**************************************************

** Memory Usage **********************************
** NUMfact space (MB): (sum-of-all-processes)
    L\U :            0.04 |  Total :     1.97
** Total highmark (MB):
    Sum-of-all :     1.97 | Avg :     1.97  | Max :     1.97
**************************************************
   Pass :  1   Iteration :   0  ||B r|| = 38.8252 ...
   Pass :  1   Iteration :   1  ||B r|| = 2.49492e-13
norm(r_0) 0
norm(r_1) 0
norm(r_2) 0
norm(r_3) 3.9437461e-14
norm(r_4) 0
Newton iteration  1 : ||r|| = 3.94375e-14, ||r||/||r_0|| = 2.92525e-13
Setting time step: 0.02 in DGTransportTDO
Setting time step: 0.02 in CombinedOp
Setting time step: 0.02 in IonStaticPressureOp
norm(r_0) 0
norm(r_1) 0
norm(r_2) 0
norm(r_3) 0.076260561
norm(r_4) 0
Newton iteration  0 : ||r|| = 0.0762606

** Memory Usage **********************************
** NUMfact space (MB): (sum-of-all-processes)
    L\U :            0.04 |  Total :     1.97
** Total highmark (MB):
    Sum-of-all :     1.97 | Avg :     1.97  | Max :     1.97
**************************************************

** Memory Usage **********************************
** NUMfact space (MB): (sum-of-all-processes)
    L\U :            0.04 |  Total :     1.97
** Total highmark (MB):
    Sum-of-all :     1.97 | Avg :     1.97  | Max :     1.97
**************************************************

** Memory Usage **********************************
** NUMfact space (MB): (sum-of-all-processes)
    L\U :            0.04 |  Total :     1.97
** Total highmark (MB):
    Sum-of-all :     1.97 | Avg :     1.97  | Max :     1.97
**************************************************
