Options used:
   --mesh ../../mfem/data/inline-quad.mesh
   --bc-file ../../mfem/miniapps/plasma/transport2d_bcs.inp
   --ic-file ../../mfem/miniapps/plasma/transport2d_ics.inp
   --ec-file /home/gz6/mfem-analysis/input-files/transport2d_ecs.inp
   --es-file ../../mfem/miniapps/plasma/transport2d_ess.inp
   --eqdsk-file 
   --logging 1
   --operator-test 8
   --equation-weights '1 1 1 1 1'
   --problem 0
   --refine-serial 2
   --refine-parallel 0
   --enable-amr
   --max-err -1
   --hysteresis 0.25
   --nc-limit 3
   --amr-weights '1 1 1 1 1'
   --order 2
   --dg-sigma -1
   --dg-kappa 9
   --linear-abs-tolerance 1e-06
   --linear-rel-tolerance 1e-06
   --linear-max-iterations 500
   --linear-logging-level 3
   --newton-abs-tolerance 1e-10
   --newton-rel-tolerance 1e-10
   --newton-max-iterations 1
   --newton-logging-level 1
   --steady-state-abs-tolerance 1e-08
   --steady-state-rel-tolerance 1e-08
   --prec-type 1
   --prec-logging-level 0
   --initial-tolerance 1e-05
   --ode-tolerance 0.001
   --ode-solver 2
   --err-per-step
   --ode-weights '1 1 1 1 1'
   --kP 0
   --kI 0.6
   --kD 0
   --theta-max 2
   --t-minimum 0
   --t-final 100
   --time-step 0.01
   --cfl-number 0.3
   --ion-charge 1
   --ion-mass 2.0141018
   --neutral-mass 2.0141018
   --neutral-temp 3
   --min-neutral-density 9e+14
   --max-neutral-density 1e+15
   --neutral-density-exp 0
   --min-ion-density 1e+16
   --max-ion-density 1e+18
   --ion-density-exp 0
   --min-ion-temp 1
   --max-ion-temp 10
   --ion-temp-exp 0
   --min-electron-temp 10
   --max-electron-temp 440
   --electron-temp-exp 0
   --total-B-magnitude 5
   --poloidal-B-magnitude 0.5
   --velocity 1000
   --Di-perp 1
   --Xi-perp 1
   --Xe-perp 1
   --equation-term-flags '-1 -1 -1 -1 -1'
   --visualization-flags '-1 -1 -1 -1 -1'
   --visualization
   --visit-datafiles
   --ascii-datafiles
   --visualization-steps 4
Device configuration: cpu
Memory configuration: host-std
Number of elements in initial mesh: 16
Number of elements after serial refinement: 256
5: Number of elements in parallel mesh: 16
5: Number of elements after parallel refinement: 16
6: Number of elements in parallel mesh: 16
6: Number of elements after parallel refinement: 16
7: Number of elements in parallel mesh: 16
7: Number of elements after parallel refinement: 16
8: Number of elements in parallel mesh: 16
8: Number of elements after parallel refinement: 16
9: Number of elements in parallel mesh: 16
9: Number of elements after parallel refinement: 16
10: Number of elements in parallel mesh: 16
10: Number of elements after parallel refinement: 16
11: Number of elements in parallel mesh: 16
11: Number of elements after parallel refinement: 16
1: Number of elements in parallel mesh: 16
1: Number of elements after parallel refinement: 16
2: Number of elements in parallel mesh: 16
2: Number of elements after parallel refinement: 16
0: Number of elements in parallel mesh: 16
0: Number of elements after parallel refinement: 16
4: Number of elements in parallel mesh: 16
4: Number of elements after parallel refinement: 16
3: Number of elements in parallel mesh: 16
3: Number of elements after parallel refinement: 16
12: Number of elements in parallel mesh: 16
12: Number of elements after parallel refinement: 16
13: Number of elements in parallel mesh: 16
13: Number of elements after parallel refinement: 16
15: Number of elements in parallel mesh: 16
15: Number of elements after parallel refinement: 16
14: Number of elements in parallel mesh: 16
14: Number of elements after parallel refinement: 16
Configuring initial conditions
Reading initial conditions from ../../mfem/miniapps/plasma/transport2d_ics.inp
Configuring exact solutions
Reading exact solutions from ../../mfem/miniapps/plasma/transport2d_ess.inp

AMR iteration 0
Number of unknowns: 2304
Stopping criterion satisfied. Stop.
Number of unknowns per field: 2304
Total number of unknowns:     11520
Configuring boundary conditions
Reading boundary conditions from ../../mfem/miniapps/plasma/transport2d_bcs.inp
Configuring equation coefficients
Reading equation coefficients from /home/gz6/mfem-analysis/input-files/transport2d_ecs.inp
|mn| = 3.3444946e-27
|ni| = 1
|ne| = 1

|Dn|     = -nan
|Di|     = -nan
|Eta|    = -nan
|nXi|    = -nan
|nXe|    = -nan

|Eta/mn| = -nan
|nXi/ni| = -nan
|nXe/ne| = -nan
Ion Static Pressure: Adding time derivative term proportional to d n_i / dt
Ion Static Pressure: Adding time derivative term proportional to d T_i / dt
Ion Static Pressure: Adding anisotropic diffusion term
Ion Static Pressure: Adding source term
Opening GLVis sockets.
Range of error estimates for initial condition: -nan < elem err < -nan

Begin time stepping at t = 0
Setting time step: 0.0025 in DGTransportTDO
Setting time step: 0.0025 in CombinedOp
Setting time step: 0.0025 in IonStaticPressureOp
norm(r_0) 0
norm(r_1) 0
norm(r_2) 0
norm(r_3) 0.21703991
norm(r_4) 0
Newton iteration  0 : ||r|| = 0.21704
   Pass :  1   Iteration :   0  ||B r|| = 224.095 ...
   Pass :  1   Iteration :  26  ||B r|| = 0.000177312
norm(r_0) 0
norm(r_1) 0
norm(r_2) 0
norm(r_3) 3.20829e-05
norm(r_4) 0
Newton iteration  1 : ||r|| = 3.20829e-05, ||r||/||r_0|| = 0.00014782
Setting time step: 0.0025 in DGTransportTDO
Setting time step: 0.0025 in CombinedOp
Setting time step: 0.0025 in IonStaticPressureOp
norm(r_0) 0
norm(r_1) 0
norm(r_2) 0
norm(r_3) 0.20321395
norm(r_4) 0
Newton iteration  0 : ||r|| = 0.203214
   Pass :  1   Iteration :   0  ||B r|| = 209.82 ...
   Pass :  1   Iteration :  26  ||B r|| = 0.00016618
norm(r_0) 0
norm(r_1) 0
norm(r_2) 0
norm(r_3) 3.0067239e-05
norm(r_4) 0
Newton iteration  1 : ||r|| = 3.00672e-05, ||r||/||r_0|| = 0.000147959
Setting time step: 0.0025 in DGTransportTDO
Setting time step: 0.0025 in CombinedOp
Setting time step: 0.0025 in IonStaticPressureOp
norm(r_0) 0
norm(r_1) 0
norm(r_2) 0
norm(r_3) 0.20867386
norm(r_4) 0
Newton iteration  0 : ||r|| = 0.208674
   Pass :  1   Iteration :   0  ||B r|| = 215.458 ...
   Pass :  1   Iteration :  26  ||B r|| = 0.000170597
norm(r_0) 0
norm(r_1) 0
norm(r_2) 0
norm(r_3) 3.0866917e-05
norm(r_4) 0
Newton iteration  1 : ||r|| = 3.08669e-05, ||r||/||r_0|| = 0.000147919
Setting time step: 0.0025 in DGTransportTDO
Setting time step: 0.0025 in CombinedOp
Setting time step: 0.0025 in IonStaticPressureOp
norm(r_0) 0
norm(r_1) 0
norm(r_2) 0
norm(r_3) 0.21006758
norm(r_4) 0
Newton iteration  0 : ||r|| = 0.210068
   Pass :  1   Iteration :   0  ||B r|| = 216.896 ...
   Pass :  1   Iteration :  26  ||B r|| = 0.000171714
norm(r_0) 0
norm(r_1) 0
norm(r_2) 0
norm(r_3) 3.1069196e-05
norm(r_4) 0
Newton iteration  1 : ||r|| = 3.10692e-05, ||r||/||r_0|| = 0.000147901
Setting time step: 0.0025 in DGTransportTDO
Setting time step: 0.0025 in CombinedOp
Setting time step: 0.0025 in IonStaticPressureOp
norm(r_0) 0
norm(r_1) 0
norm(r_2) 0
norm(r_3) 0.19653793
norm(r_4) 0
Newton iteration  0 : ||r|| = 0.196538
   Pass :  1   Iteration :   0  ||B r|| = 202.927 ...
   Pass :  1   Iteration :  26  ||B r|| = 0.000160555
norm(r_0) 0
norm(r_1) 0
norm(r_2) 0
norm(r_3) 2.9050827e-05
norm(r_4) 0
Newton iteration  1 : ||r|| = 2.90508e-05, ||r||/||r_0|| = 0.000147813
Setting time step: 0.005 in DGTransportTDO
Setting time step: 0.005 in CombinedOp
Setting time step: 0.005 in IonStaticPressureOp
norm(r_0) 0
norm(r_1) 0
norm(r_2) 0
norm(r_3) 0.19027789
norm(r_4) 0
Newton iteration  0 : ||r|| = 0.190278
   Pass :  1   Iteration :   0  ||B r|| = 175.559 ...
   Pass :  1   Iteration :  28  ||B r|| = 0.000139109
norm(r_0) 0
norm(r_1) 0
norm(r_2) 0
norm(r_3) 4.4076793e-05
norm(r_4) 0
Newton iteration  1 : ||r|| = 4.40768e-05, ||r||/||r_0|| = 0.000231644
Setting time step: 0.005 in DGTransportTDO
Setting time step: 0.005 in CombinedOp
Setting time step: 0.005 in IonStaticPressureOp
norm(r_0) 0
norm(r_1) 0
norm(r_2) 0
norm(r_3) 0.16678401
norm(r_4) 0
Newton iteration  0 : ||r|| = 0.166784
   Pass :  1   Iteration :   0  ||B r|| = 153.882 ...
   Pass :  1   Iteration :  28  ||B r|| = 0.000122347
norm(r_0) 0
norm(r_1) 0
norm(r_2) 0
norm(r_3) 3.8765592e-05
norm(r_4) 0
Newton iteration  1 : ||r|| = 3.87656e-05, ||r||/||r_0|| = 0.00023243
Setting time step: 0.005 in DGTransportTDO
Setting time step: 0.005 in CombinedOp
Setting time step: 0.005 in IonStaticPressureOp
norm(r_0) 0
norm(r_1) 0
norm(r_2) 0
norm(r_3) 0.17594949
norm(r_4) 0
Newton iteration  0 : ||r|| = 0.175949
   Pass :  1   Iteration :   0  ||B r|| = 162.339 ...
   Pass :  1   Iteration :  28  ||B r|| = 0.000128943
norm(r_0) 0
norm(r_1) 0
norm(r_2) 0
norm(r_3) 4.0855528e-05
norm(r_4) 0
Newton iteration  1 : ||r|| = 4.08555e-05, ||r||/||r_0|| = 0.0002322
Setting time step: 0.005 in DGTransportTDO
Setting time step: 0.005 in CombinedOp
Setting time step: 0.005 in IonStaticPressureOp
norm(r_0) 0
norm(r_1) 0
norm(r_2) 0
norm(r_3) 0.17833629
norm(r_4) 0
Newton iteration  0 : ||r|| = 0.178336
   Pass :  1   Iteration :   0  ||B r|| = 164.541 ...
   Pass :  1   Iteration :  28  ||B r|| = 0.000130632
norm(r_0) 0
norm(r_1) 0
norm(r_2) 0
norm(r_3) 4.1390587e-05
norm(r_4) 0
Newton iteration  1 : ||r|| = 4.13906e-05, ||r||/||r_0|| = 0.000232093
Setting time step: 0.005 in DGTransportTDO
Setting time step: 0.005 in CombinedOp
Setting time step: 0.005 in IonStaticPressureOp
norm(r_0) 0
norm(r_1) 0
norm(r_2) 0
norm(r_3) 0.15586958
norm(r_4) 0
Newton iteration  0 : ||r|| = 0.15587
   Pass :  1   Iteration :   0  ||B r|| = 143.812 ...
   Pass :  1   Iteration :  28  ||B r|| = 0.000113859
norm(r_0) 0
norm(r_1) 0
norm(r_2) 0
norm(r_3) 3.6077024e-05
norm(r_4) 0
Newton iteration  1 : ||r|| = 3.6077e-05, ||r||/||r_0|| = 0.000231456
Setting time step: 0.01 in DGTransportTDO
Setting time step: 0.01 in CombinedOp
Setting time step: 0.01 in IonStaticPressureOp
norm(r_0) 0
norm(r_1) 0
norm(r_2) 0
norm(r_3) 0.14624683
norm(r_4) 0
Newton iteration  0 : ||r|| = 0.146247
   Pass :  1   Iteration :   0  ||B r|| = 109.018 ...
   Pass :  1   Iteration :  29  ||B r|| = 9.08581e-05
norm(r_0) 0
norm(r_1) 0
norm(r_2) 0
norm(r_3) 6.062941e-05
norm(r_4) 0
Newton iteration  1 : ||r|| = 6.06294e-05, ||r||/||r_0|| = 0.000414569
Setting time step: 0.01 in DGTransportTDO
Setting time step: 0.01 in CombinedOp
Setting time step: 0.01 in IonStaticPressureOp
norm(r_0) 0
norm(r_1) 0
norm(r_2) 0
norm(r_3) 0.11223204
norm(r_4) 0
Newton iteration  0 : ||r|| = 0.112232
   Pass :  1   Iteration :   0  ||B r|| = 83.6629 ...
   Pass :  1   Iteration :  29  ||B r|| = 7.0634e-05
norm(r_0) 0
norm(r_1) 0
norm(r_2) 0
norm(r_3) 4.7096674e-05
norm(r_4) 0
Newton iteration  1 : ||r|| = 4.70967e-05, ||r||/||r_0|| = 0.000419637
Setting time step: 0.01 in DGTransportTDO
Setting time step: 0.01 in CombinedOp
Setting time step: 0.01 in IonStaticPressureOp
norm(r_0) 0
norm(r_1) 0
norm(r_2) 0
norm(r_3) 0.12520501
norm(r_4) 0
Newton iteration  0 : ||r|| = 0.125205
   Pass :  1   Iteration :   0  ||B r|| = 93.3334 ...
   Pass :  1   Iteration :  29  ||B r|| = 7.84748e-05
norm(r_0) 0
norm(r_1) 0
norm(r_2) 0
norm(r_3) 5.2337748e-05
norm(r_4) 0
Newton iteration  1 : ||r|| = 5.23377e-05, ||r||/||r_0|| = 0.000418016
Setting time step: 0.01 in DGTransportTDO
Setting time step: 0.01 in CombinedOp
Setting time step: 0.01 in IonStaticPressureOp
norm(r_0) 0
norm(r_1) 0
norm(r_2) 0
norm(r_3) 0.12871234
norm(r_4) 0
Newton iteration  0 : ||r|| = 0.128712
   Pass :  1   Iteration :   0  ||B r|| = 95.9478 ...
   Pass :  1   Iteration :  29  ||B r|| = 8.0525e-05
norm(r_0) 0
norm(r_1) 0
norm(r_2) 0
norm(r_3) 5.371097e-05
norm(r_4) 0
Newton iteration  1 : ||r|| = 5.3711e-05, ||r||/||r_0|| = 0.000417295
Setting time step: 0.01 in DGTransportTDO
Setting time step: 0.01 in CombinedOp
Setting time step: 0.01 in IonStaticPressureOp
norm(r_0) 0
norm(r_1) 0
norm(r_2) 0
norm(r_3) 0.097766337
norm(r_4) 0
Newton iteration  0 : ||r|| = 0.0977663
   Pass :  1   Iteration :   0  ||B r|| = 72.8789 ...
   Pass :  1   Iteration :  29  ||B r|| = 6.02808e-05
norm(r_0) 0
norm(r_1) 0
norm(r_2) 0
norm(r_3) 4.0240331e-05
norm(r_4) 0
Newton iteration  1 : ||r|| = 4.02403e-05, ||r||/||r_0|| = 0.000411597
Setting time step: 0.02 in DGTransportTDO
Setting time step: 0.02 in CombinedOp
Setting time step: 0.02 in IonStaticPressureOp
norm(r_0) 0
norm(r_1) 0
norm(r_2) 0
norm(r_3) 0.086396578
norm(r_4) 0
Newton iteration  0 : ||r|| = 0.0863966
   Pass :  1   Iteration :   0  ||B r|| = 46.0724 ...
   Pass :  1   Iteration :  33  ||B r|| = 3.01937e-05
norm(r_0) 0
norm(r_1) 0
norm(r_2) 0
norm(r_3) 3.8955893e-05
norm(r_4) 0
Newton iteration  1 : ||r|| = 3.89559e-05, ||r||/||r_0|| = 0.000450896
Setting time step: 0.02 in DGTransportTDO
Setting time step: 0.02 in CombinedOp
Setting time step: 0.02 in IonStaticPressureOp
norm(r_0) 0
norm(r_1) 0
norm(r_2) 0
norm(r_3) 0.050395176
norm(r_4) 0
Newton iteration  0 : ||r|| = 0.0503952
   Pass :  1   Iteration :   0  ||B r|| = 26.8738 ...
   Pass :  1   Iteration :  33  ||B r|| = 1.76081e-05
norm(r_0) 0
norm(r_1) 0
norm(r_2) 0
norm(r_3) 2.2722187e-05
norm(r_4) 0
Newton iteration  1 : ||r|| = 2.27222e-05, ||r||/||r_0|| = 0.00045088
Setting time step: 0.02 in DGTransportTDO
Setting time step: 0.02 in CombinedOp
Setting time step: 0.02 in IonStaticPressureOp
norm(r_0) 0
norm(r_1) 0
norm(r_2) 0
norm(r_3) 0.063595661
norm(r_4) 0
Newton iteration  0 : ||r|| = 0.0635957
   Pass :  1   Iteration :   0  ||B r|| = 33.9132 ...
   Pass :  1   Iteration :  33  ||B r|| = 2.22222e-05
norm(r_0) 0
norm(r_1) 0
norm(r_2) 0
norm(r_3) 2.8674404e-05
norm(r_4) 0
Newton iteration  1 : ||r|| = 2.86744e-05, ||r||/||r_0|| = 0.000450886
Setting time step: 0.02 in DGTransportTDO
Setting time step: 0.02 in CombinedOp
Setting time step: 0.02 in IonStaticPressureOp
norm(r_0) 0
norm(r_1) 0
norm(r_2) 0
norm(r_3) 0.067408659
norm(r_4) 0
Newton iteration  0 : ||r|| = 0.0674087
   Pass :  1   Iteration :   0  ||B r|| = 35.9466 ...
   Pass :  1   Iteration :  33  ||B r|| = 2.35554e-05
norm(r_0) 0
norm(r_1) 0
norm(r_2) 0
norm(r_3) 3.0393817e-05
norm(r_4) 0
Newton iteration  1 : ||r|| = 3.03938e-05, ||r||/||r_0|| = 0.000450889
Setting time step: 0.02 in DGTransportTDO
Setting time step: 0.02 in CombinedOp
Setting time step: 0.02 in IonStaticPressureOp
norm(r_0) 0
norm(r_1) 0
norm(r_2) 0
norm(r_3) 0.038129514
norm(r_4) 0
Newton iteration  0 : ||r|| = 0.0381295
   Pass :  1   Iteration :   0  ||B r|| = 20.3334 ...
   Pass :  1   Iteration :  33  ||B r|| = 1.33299e-05
norm(r_0) 0
norm(r_1) 0
norm(r_2) 0
norm(r_3) 1.719424e-05
norm(r_4) 0
Newton iteration  1 : ||r|| = 1.71942e-05, ||r||/||r_0|| = 0.000450943
Time stepping paused at t = 0.15

Estimating errors.
No refinements necessary.
No derefinements needed.

AMR iteration 1
Number of unknowns: 2304
Setting time step: 0.019705709 in DGTransportTDO
Setting time step: 0.019705709 in CombinedOp
Setting time step: 0.019705709 in IonStaticPressureOp
norm(r_0) 0
norm(r_1) 0
norm(r_2) 0
norm(r_3) 0.030185684
norm(r_4) 0
Newton iteration  0 : ||r|| = 0.0301857
   Pass :  1   Iteration :   0  ||B r|| = 16.2339 ...
   Pass :  1   Iteration :  32  ||B r|| = 1.60983e-05
norm(r_0) 0
norm(r_1) 0
norm(r_2) 0
norm(r_3) 1.9905745e-05
norm(r_4) 0
Newton iteration  1 : ||r|| = 1.99057e-05, ||r||/||r_0|| = 0.000659443
Setting time step: 0.019705709 in DGTransportTDO
Setting time step: 0.019705709 in CombinedOp
Setting time step: 0.019705709 in IonStaticPressureOp
norm(r_0) 0
norm(r_1) 0
norm(r_2) 0
norm(r_3) 0.017753908
norm(r_4) 0
Newton iteration  0 : ||r|| = 0.0177539
   Pass :  1   Iteration :   0  ||B r|| = 9.54819 ...
   Pass :  1   Iteration :  32  ||B r|| = 9.47607e-06
norm(r_0) 0
norm(r_1) 0
norm(r_2) 0
norm(r_3) 1.1719884e-05
norm(r_4) 0
Newton iteration  1 : ||r|| = 1.17199e-05, ||r||/||r_0|| = 0.00066013
Setting time step: 0.019705709 in DGTransportTDO
Setting time step: 0.019705709 in CombinedOp
Setting time step: 0.019705709 in IonStaticPressureOp
norm(r_0) 0
norm(r_1) 0
norm(r_2) 0
norm(r_3) 0.022316991
norm(r_4) 0
Newton iteration  0 : ||r|| = 0.022317
   Pass :  1   Iteration :   0  ||B r|| = 12.0022 ...
   Pass :  1   Iteration :  32  ||B r|| = 1.19079e-05
norm(r_0) 0
norm(r_1) 0
norm(r_2) 0
norm(r_3) 1.4726317e-05
norm(r_4) 0
Newton iteration  1 : ||r|| = 1.47263e-05, ||r||/||r_0|| = 0.00065987
Setting time step: 0.019705709 in DGTransportTDO
Setting time step: 0.019705709 in CombinedOp
Setting time step: 0.019705709 in IonStaticPressureOp
norm(r_0) 0
norm(r_1) 0
norm(r_2) 0
norm(r_3) 0.02363272
norm(r_4) 0
Newton iteration  0 : ||r|| = 0.0236327
   Pass :  1   Iteration :   0  ||B r|| = 12.7098 ...
   Pass :  1   Iteration :  32  ||B r|| = 1.26085e-05
norm(r_0) 0
norm(r_1) 0
norm(r_2) 0
norm(r_3) 1.5592184e-05
norm(r_4) 0
Newton iteration  1 : ||r|| = 1.55922e-05, ||r||/||r_0|| = 0.000659771
Setting time step: 0.019705709 in DGTransportTDO
Setting time step: 0.019705709 in CombinedOp
Setting time step: 0.019705709 in IonStaticPressureOp
norm(r_0) 0
norm(r_1) 0
norm(r_2) 0
norm(r_3) 0.01348774
norm(r_4) 0
Newton iteration  0 : ||r|| = 0.0134877
   Pass :  1   Iteration :   0  ||B r|| = 7.2535 ...
   Pass :  1   Iteration :  32  ||B r|| = 7.18664e-06
norm(r_0) 0
norm(r_1) 0
norm(r_2) 0
norm(r_3) 8.8843469e-06
norm(r_4) 0
Newton iteration  1 : ||r|| = 8.88435e-06, ||r||/||r_0|| = 0.000658698
Setting time step: 0.038629115 in DGTransportTDO
Setting time step: 0.038629115 in CombinedOp
Setting time step: 0.038629115 in IonStaticPressureOp
norm(r_0) 0
norm(r_1) 0
norm(r_2) 0
norm(r_3) 0.01071006
norm(r_4) 0
Newton iteration  0 : ||r|| = 0.0107101
   Pass :  1   Iteration :   0  ||B r|| = 3.71716 ...
   Pass :  1   Iteration :  34  ||B r|| = 3.12431e-06
norm(r_0) 0
norm(r_1) 0
norm(r_2) 0
norm(r_3) 8.2127031e-06
norm(r_4) 0
Newton iteration  1 : ||r|| = 8.2127e-06, ||r||/||r_0|| = 0.000766821
Setting time step: 0.038629115 in DGTransportTDO
Setting time step: 0.038629115 in CombinedOp
Setting time step: 0.038629115 in IonStaticPressureOp
norm(r_0) 0
norm(r_1) 0
norm(r_2) 0
norm(r_3) 0.0034911042
norm(r_4) 0
Newton iteration  0 : ||r|| = 0.0034911
   Pass :  1   Iteration :   0  ||B r|| = 1.21165 ...
   Pass :  1   Iteration :  34  ||B r|| = 1.01805e-06
norm(r_0) 0
norm(r_1) 0
norm(r_2) 0
norm(r_3) 2.6761716e-06
norm(r_4) 0
Newton iteration  1 : ||r|| = 2.67617e-06, ||r||/||r_0|| = 0.000766569
Setting time step: 0.038629115 in DGTransportTDO
Setting time step: 0.038629115 in CombinedOp
Setting time step: 0.038629115 in IonStaticPressureOp
norm(r_0) 0
norm(r_1) 0
norm(r_2) 0
norm(r_3) 0.0059894104
norm(r_4) 0
Newton iteration  0 : ||r|| = 0.00598941
   Pass :  1   Iteration :   0  ||B r|| = 2.07875 ...
   Pass :  1   Iteration :  34  ||B r|| = 1.74693e-06
norm(r_0) 0
norm(r_1) 0
norm(r_2) 0
norm(r_3) 4.5921077e-06
norm(r_4) 0
Newton iteration  1 : ||r|| = 4.59211e-06, ||r||/||r_0|| = 0.000766704
Setting time step: 0.038629115 in DGTransportTDO
Setting time step: 0.038629115 in CombinedOp
Setting time step: 0.038629115 in IonStaticPressureOp
norm(r_0) 0
norm(r_1) 0
norm(r_2) 0
norm(r_3) 0.0067858796
norm(r_4) 0
Newton iteration  0 : ||r|| = 0.00678588
   Pass :  1   Iteration :   0  ||B r|| = 2.35519 ...
   Pass :  1   Iteration :  34  ||B r|| = 1.97933e-06
norm(r_0) 0
norm(r_1) 0
norm(r_2) 0
norm(r_3) 5.202996e-06
norm(r_4) 0
Newton iteration  1 : ||r|| = 5.203e-06, ||r||/||r_0|| = 0.000766739
Setting time step: 0.038629115 in DGTransportTDO
Setting time step: 0.038629115 in CombinedOp
Setting time step: 0.038629115 in IonStaticPressureOp
norm(r_0) 0
norm(r_1) 0
norm(r_2) 0
norm(r_3) 0.002192899
norm(r_4) 0
Newton iteration  0 : ||r|| = 0.0021929
   Pass :  1   Iteration :   0  ||B r|| = 0.761034 ...
   Pass :  1   Iteration :  33  ||B r|| = 9.86584e-07
norm(r_0) 0
norm(r_1) 0
norm(r_2) 0
norm(r_3) 2.4095092e-06
norm(r_4) 0
Newton iteration  1 : ||r|| = 2.40951e-06, ||r||/||r_0|| = 0.00109878
Setting time step: 0.042506183 in DGTransportTDO
Setting time step: 0.042506183 in CombinedOp
Setting time step: 0.042506183 in IonStaticPressureOp
norm(r_0) 0
norm(r_1) 0
norm(r_2) 0
norm(r_3) 0.001453784
norm(r_4) 0
Newton iteration  0 : ||r|| = 0.00145378
   Pass :  1   Iteration :   0  ||B r|| = 0.470301 ...
   Pass :  1   Iteration :  33  ||B r|| = 6.64258e-07
norm(r_0) 0
norm(r_1) 0
norm(r_2) 0
norm(r_3) 1.7769986e-06
norm(r_4) 0
Newton iteration  1 : ||r|| = 1.777e-06, ||r||/||r_0|| = 0.00122233
Setting time step: 0.042506183 in DGTransportTDO
Setting time step: 0.042506183 in CombinedOp
Setting time step: 0.042506183 in IonStaticPressureOp
norm(r_0) 0
norm(r_1) 0
norm(r_2) 0
norm(r_3) 0.0004108038
norm(r_4) 0
Newton iteration  0 : ||r|| = 0.000410804
   Pass :  1   Iteration :   0  ||B r|| = 0.132896 ...
   Pass :  1   Iteration :  29  ||B r|| = 8.76462e-07
norm(r_0) 0
norm(r_1) 0
norm(r_2) 0
norm(r_3) 2.3989948e-06
norm(r_4) 0
Newton iteration  1 : ||r|| = 2.39899e-06, ||r||/||r_0|| = 0.00583976
Setting time step: 0.042506183 in DGTransportTDO
Setting time step: 0.042506183 in CombinedOp
Setting time step: 0.042506183 in IonStaticPressureOp
norm(r_0) 0
norm(r_1) 0
norm(r_2) 0
norm(r_3) 0.00076813562
norm(r_4) 0
Newton iteration  0 : ||r|| = 0.000768136
   Pass :  1   Iteration :   0  ||B r|| = 0.248493 ...
   Pass :  1   Iteration :  31  ||B r|| = 7.59844e-07
norm(r_0) 0
norm(r_1) 0
norm(r_2) 0
norm(r_3) 1.7968838e-06
norm(r_4) 0
Newton iteration  1 : ||r|| = 1.79688e-06, ||r||/||r_0|| = 0.00233928
Setting time step: 0.042506183 in DGTransportTDO
Setting time step: 0.042506183 in CombinedOp
Setting time step: 0.042506183 in IonStaticPressureOp
norm(r_0) 0
norm(r_1) 0
norm(r_2) 0
norm(r_3) 0.00088404487
norm(r_4) 0
Newton iteration  0 : ||r|| = 0.000884045
   Pass :  1   Iteration :   0  ||B r|| = 0.28599 ...
   Pass :  1   Iteration :  31  ||B r|| = 8.74535e-07
norm(r_0) 0
norm(r_1) 0
norm(r_2) 0
norm(r_3) 2.0680961e-06
norm(r_4) 0
Newton iteration  1 : ||r|| = 2.0681e-06, ||r||/||r_0|| = 0.00233936
Setting time step: 0.042506183 in DGTransportTDO
Setting time step: 0.042506183 in CombinedOp
Setting time step: 0.042506183 in IonStaticPressureOp
norm(r_0) 0
norm(r_1) 0
norm(r_2) 0
norm(r_3) 0.00025719135
norm(r_4) 0
Newton iteration  0 : ||r|| = 0.000257191
   Pass :  1   Iteration :   0  ||B r|| = 0.0831424 ...
   Pass :  1   Iteration :  26  ||B r|| = 9.26253e-07
norm(r_0) 0
norm(r_1) 0
norm(r_2) 0
norm(r_3) 2.2730415e-06
norm(r_4) 0
Newton iteration  1 : ||r|| = 2.27304e-06, ||r||/||r_0|| = 0.00883794
Setting time step: 0.085012366 in DGTransportTDO
Setting time step: 0.085012366 in CombinedOp
Setting time step: 0.085012366 in IonStaticPressureOp
norm(r_0) 0
norm(r_1) 0
norm(r_2) 0
norm(r_3) 0.00016486665
norm(r_4) 0
Newton iteration  0 : ||r|| = 0.000164867
   Pass :  1   Iteration :   0  ||B r|| = 0.0305507 ...
   Pass :  1   Iteration :  23  ||B r|| = 9.04718e-07
norm(r_0) 0
norm(r_1) 0
norm(r_2) 0
norm(r_3) 4.9500853e-06
norm(r_4) 0
Newton iteration  1 : ||r|| = 4.95009e-06, ||r||/||r_0|| = 0.0300248
Setting time step: 0.085012366 in DGTransportTDO
Setting time step: 0.085012366 in CombinedOp
Setting time step: 0.085012366 in IonStaticPressureOp
norm(r_0) 0
norm(r_1) 0
norm(r_2) 0
norm(r_3) 1.2650691e-05
norm(r_4) 0
Newton iteration  0 : ||r|| = 1.26507e-05
   Pass :  1   Iteration :   0  ||B r|| = 0.00171386 ...
   Pass :  1   Iteration :  15  ||B r|| = 7.86601e-07
norm(r_0) 0
norm(r_1) 0
norm(r_2) 0
norm(r_3) 2.8984802e-06
norm(r_4) 0
Newton iteration  1 : ||r|| = 2.89848e-06, ||r||/||r_0|| = 0.229116
Setting time step: 0.085012366 in DGTransportTDO
Setting time step: 0.085012366 in CombinedOp
Setting time step: 0.085012366 in IonStaticPressureOp
norm(r_0) 0
norm(r_1) 0
norm(r_2) 0
norm(r_3) 4.6370761e-05
norm(r_4) 0
Newton iteration  0 : ||r|| = 4.63708e-05
   Pass :  1   Iteration :   0  ||B r|| = 0.00846586 ...
   Pass :  1   Iteration :  19  ||B r|| = 9.82801e-07
norm(r_0) 0
norm(r_1) 0
norm(r_2) 0
norm(r_3) 4.2096865e-06
norm(r_4) 0
Newton iteration  1 : ||r|| = 4.20969e-06, ||r||/||r_0|| = 0.0907832
Setting time step: 0.085012366 in DGTransportTDO
Setting time step: 0.085012366 in CombinedOp
Setting time step: 0.085012366 in IonStaticPressureOp
norm(r_0) 0
norm(r_1) 0
norm(r_2) 0
norm(r_3) 6.6572861e-05
norm(r_4) 0
Newton iteration  0 : ||r|| = 6.65729e-05
   Pass :  1   Iteration :   0  ||B r|| = 0.0122718 ...
   Pass :  1   Iteration :  21  ||B r|| = 7.2308e-07
norm(r_0) 0
norm(r_1) 0
norm(r_2) 0
norm(r_3) 3.9597212e-06
norm(r_4) 0
Newton iteration  1 : ||r|| = 3.95972e-06, ||r||/||r_0|| = 0.0594795
Setting time step: 0.085012366 in DGTransportTDO
Setting time step: 0.085012366 in CombinedOp
Setting time step: 0.085012366 in IonStaticPressureOp
norm(r_0) 0
norm(r_1) 0
norm(r_2) 0
norm(r_3) 0.00013175177
norm(r_4) 0
Newton iteration  0 : ||r|| = 0.000131752
   Pass :  1   Iteration :   0  ||B r|| = 0.00348333 ...
   Pass :  1   Iteration :  16  ||B r|| = 8.15148e-07
norm(r_0) 0
norm(r_1) 0
norm(r_2) 0
norm(r_3) 4.0893968e-06
norm(r_4) 0
Newton iteration  1 : ||r|| = 4.0894e-06, ||r||/||r_0|| = 0.0310386
Time stepping paused at t = 0.89341349

Estimating errors.
No refinements necessary.
No derefinements needed.

AMR iteration 2
Number of unknowns: 2304
Setting time step: 0.17002473 in DGTransportTDO
Setting time step: 0.17002473 in CombinedOp
Setting time step: 0.17002473 in IonStaticPressureOp
norm(r_0) 0
norm(r_1) 0
norm(r_2) 0
norm(r_3) 1.0098936e-05
norm(r_4) 0
Newton iteration  0 : ||r|| = 1.00989e-05
   Pass :  1   Iteration :   0  ||B r|| = 0.000918197 ...
   Pass :  1   Iteration :  13  ||B r|| = 9.81243e-07
norm(r_0) 0
norm(r_1) 0
norm(r_2) 0
norm(r_3) 6.7890052e-06
norm(r_4) 0
Newton iteration  1 : ||r|| = 6.78901e-06, ||r||/||r_0|| = 0.67225
Setting time step: 0.17002473 in DGTransportTDO
Setting time step: 0.17002473 in CombinedOp
Setting time step: 0.17002473 in IonStaticPressureOp
norm(r_0) 0
norm(r_1) 0
norm(r_2) 0
norm(r_3) 1.5077411e-05
norm(r_4) 0
Newton iteration  0 : ||r|| = 1.50774e-05
   Pass :  1   Iteration :   0  ||B r|| = 0.000350497 ...
   Pass :  1   Iteration :  10  ||B r|| = 9.61583e-07
norm(r_0) 0
norm(r_1) 0
norm(r_2) 0
norm(r_3) 7.4121189e-06
norm(r_4) 0
Newton iteration  1 : ||r|| = 7.41212e-06, ||r||/||r_0|| = 0.491604
Setting time step: 0.17002473 in DGTransportTDO
Setting time step: 0.17002473 in CombinedOp
Setting time step: 0.17002473 in IonStaticPressureOp
norm(r_0) 0
norm(r_1) 0
norm(r_2) 0
norm(r_3) 1.1970785e-05
norm(r_4) 0
Newton iteration  0 : ||r|| = 1.19708e-05
   Pass :  1   Iteration :   0  ||B r|| = 1.67242e-05 ...
   Pass :  1   Iteration :   3  ||B r|| = 8.60758e-07
norm(r_0) 0
norm(r_1) 0
norm(r_2) 0
norm(r_3) 7.2215421e-06
norm(r_4) 0
Newton iteration  1 : ||r|| = 7.22154e-06, ||r||/||r_0|| = 0.603264
Setting time step: 0.17002473 in DGTransportTDO
Setting time step: 0.17002473 in CombinedOp
Setting time step: 0.17002473 in IonStaticPressureOp
norm(r_0) 0
norm(r_1) 0
norm(r_2) 0
norm(r_3) 9.2428329e-06
norm(r_4) 0
Newton iteration  0 : ||r|| = 9.24283e-06
   Pass :  1   Iteration :   0  ||B r|| = 0.000175589 ...
   Pass :  1   Iteration :   9  ||B r|| = 7.35411e-07
norm(r_0) 0
norm(r_1) 0
norm(r_2) 0
norm(r_3) 4.7259758e-06
norm(r_4) 0
Newton iteration  1 : ||r|| = 4.72598e-06, ||r||/||r_0|| = 0.511312
Setting time step: 0.17002473 in DGTransportTDO
Setting time step: 0.17002473 in CombinedOp
Setting time step: 0.17002473 in IonStaticPressureOp
norm(r_0) 0
norm(r_1) 0
norm(r_2) 0
norm(r_3) 0.00031402596
norm(r_4) 0
Newton iteration  0 : ||r|| = 0.000314026
   Pass :  1   Iteration :   0  ||B r|| = 0.000323962 ...
   Pass :  1   Iteration :  13  ||B r|| = 9.11599e-07
norm(r_0) 0
norm(r_1) 0
norm(r_2) 0
norm(r_3) 6.1737049e-06
norm(r_4) 0
Newton iteration  1 : ||r|| = 6.1737e-06, ||r||/||r_0|| = 0.0196599
Setting time step: 0.34004946 in DGTransportTDO
Setting time step: 0.34004946 in CombinedOp
Setting time step: 0.34004946 in IonStaticPressureOp
norm(r_0) 0
norm(r_1) 0
norm(r_2) 0
norm(r_3) 6.3868489e-06
norm(r_4) 0
Newton iteration  0 : ||r|| = 6.38685e-06
   Pass :  1   Iteration :   0  ||B r|| = 7.15272e-05 ...
   Pass :  1   Iteration :   6  ||B r|| = 9.05607e-07
norm(r_0) 0
norm(r_1) 0
norm(r_2) 0
norm(r_3) 8.9848364e-06
norm(r_4) 0
Newton iteration  1 : ||r|| = 8.98484e-06, ||r||/||r_0|| = 1.40677
Setting time step: 0.34004946 in DGTransportTDO
Setting time step: 0.34004946 in CombinedOp
Setting time step: 0.34004946 in IonStaticPressureOp
norm(r_0) 0
norm(r_1) 0
norm(r_2) 0
norm(r_3) 1.8047133e-05
norm(r_4) 0
Newton iteration  0 : ||r|| = 1.80471e-05
   Pass :  1   Iteration :   0  ||B r|| = 4.5379e-05 ...
   Pass :  1   Iteration :   3  ||B r|| = 9.78719e-07
norm(r_0) 0
norm(r_1) 0
norm(r_2) 0
norm(r_3) 1.0021645e-05
norm(r_4) 0
Newton iteration  1 : ||r|| = 1.00216e-05, ||r||/||r_0|| = 0.555304
Setting time step: 0.34004946 in DGTransportTDO
Setting time step: 0.34004946 in CombinedOp
Setting time step: 0.34004946 in IonStaticPressureOp
norm(r_0) 0
norm(r_1) 0
norm(r_2) 0
norm(r_3) 1.5298092e-05
norm(r_4) 0
Newton iteration  0 : ||r|| = 1.52981e-05
   Pass :  1   Iteration :   0  ||B r|| = 1.42737e-05 ...
   Pass :  1   Iteration :   2  ||B r|| = 9.51077e-07
norm(r_0) 0
norm(r_1) 0
norm(r_2) 0
norm(r_3) 8.2772915e-06
norm(r_4) 0
Newton iteration  1 : ||r|| = 8.27729e-06, ||r||/||r_0|| = 0.541067
Setting time step: 0.34004946 in DGTransportTDO
Setting time step: 0.34004946 in CombinedOp
Setting time step: 0.34004946 in IonStaticPressureOp
norm(r_0) 0
norm(r_1) 0
norm(r_2) 0
norm(r_3) 1.2584042e-05
norm(r_4) 0
Newton iteration  0 : ||r|| = 1.2584e-05
   Pass :  1   Iteration :   0  ||B r|| = 1.71228e-06 ...
   Pass :  1   Iteration :   2  ||B r|| = 8.34661e-07
norm(r_0) 0
norm(r_1) 0
norm(r_2) 0
norm(r_3) 7.1862528e-06
norm(r_4) 0
Newton iteration  1 : ||r|| = 7.18625e-06, ||r||/||r_0|| = 0.571061
Setting time step: 0.34004946 in DGTransportTDO
Setting time step: 0.34004946 in CombinedOp
Setting time step: 0.34004946 in IonStaticPressureOp
norm(r_0) 0
norm(r_1) 0
norm(r_2) 0
norm(r_3) 0.00017159138
norm(r_4) 0
Newton iteration  0 : ||r|| = 0.000171591
   Pass :  1   Iteration :   0  ||B r|| = 9.89334e-05 ...
   Pass :  1   Iteration :   7  ||B r|| = 9.66986e-07
norm(r_0) 0
norm(r_1) 0
norm(r_2) 0
norm(r_3) 1.1543275e-05
norm(r_4) 0
Newton iteration  1 : ||r|| = 1.15433e-05, ||r||/||r_0|| = 0.0672719
Setting time step: 0.68009893 in DGTransportTDO
Setting time step: 0.68009893 in CombinedOp
Setting time step: 0.68009893 in IonStaticPressureOp
norm(r_0) 0
norm(r_1) 0
norm(r_2) 0
norm(r_3) 1.1542747e-05
norm(r_4) 0
Newton iteration  0 : ||r|| = 1.15427e-05
   Pass :  1   Iteration :   0  ||B r|| = 3.90295e-06 ...
   Pass :  1   Iteration :   1  ||B r|| = 7.64113e-07
norm(r_0) 0
norm(r_1) 0
norm(r_2) 0
norm(r_3) 1.0166032e-05
norm(r_4) 0
Newton iteration  1 : ||r|| = 1.0166e-05, ||r||/||r_0|| = 0.880729
Setting time step: 0.68009893 in DGTransportTDO
Setting time step: 0.68009893 in CombinedOp
Setting time step: 0.68009893 in IonStaticPressureOp
norm(r_0) 0
norm(r_1) 0
norm(r_2) 0
norm(r_3) 2.1918073e-05
norm(r_4) 0
Newton iteration  0 : ||r|| = 2.19181e-05
   Pass :  1   Iteration :   0  ||B r|| = 3.61899e-06 ...
   Pass :  1   Iteration :   1  ||B r|| = 7.14186e-07
norm(r_0) 0
norm(r_1) 0
norm(r_2) 0
norm(r_3) 6.9934937e-06
norm(r_4) 0
Newton iteration  1 : ||r|| = 6.99349e-06, ||r||/||r_0|| = 0.319074
Setting time step: 0.68009893 in DGTransportTDO
Setting time step: 0.68009893 in CombinedOp
Setting time step: 0.68009893 in IonStaticPressureOp
norm(r_0) 0
norm(r_1) 0
norm(r_2) 0
norm(r_3) 1.6840977e-05
norm(r_4) 0
Newton iteration  0 : ||r|| = 1.6841e-05
   Pass :  1   Iteration :   0  ||B r|| = 1.90407e-06 ...
   Pass :  1   Iteration :   1  ||B r|| = 7.38407e-07
norm(r_0) 0
norm(r_1) 0
norm(r_2) 0
norm(r_3) 7.7517563e-06
norm(r_4) 0
Newton iteration  1 : ||r|| = 7.75176e-06, ||r||/||r_0|| = 0.460291
Setting time step: 0.68009893 in DGTransportTDO
Setting time step: 0.68009893 in CombinedOp
Setting time step: 0.68009893 in IonStaticPressureOp
norm(r_0) 0
norm(r_1) 0
norm(r_2) 0
norm(r_3) 1.3290636e-05
norm(r_4) 0
Newton iteration  0 : ||r|| = 1.32906e-05
   Pass :  1   Iteration :   0  ||B r|| = 1.04917e-06 ...
   Pass :  1   Iteration :   1  ||B r|| = 7.55268e-07
norm(r_0) 0
norm(r_1) 0
norm(r_2) 0
norm(r_3) 9.0237177e-06
norm(r_4) 0
Newton iteration  1 : ||r|| = 9.02372e-06, ||r||/||r_0|| = 0.678953
Setting time step: 0.68009893 in DGTransportTDO
Setting time step: 0.68009893 in CombinedOp
Setting time step: 0.68009893 in IonStaticPressureOp
norm(r_0) 0
norm(r_1) 0
norm(r_2) 0
norm(r_3) 8.2254516e-05
norm(r_4) 0
Newton iteration  0 : ||r|| = 8.22545e-05
   Pass :  1   Iteration :   0  ||B r|| = 7.90476e-06 ...
   Pass :  1   Iteration :   1  ||B r|| = 5.93746e-07
norm(r_0) 0
norm(r_1) 0
norm(r_2) 0
norm(r_3) 6.7633316e-06
norm(r_4) 0
Newton iteration  1 : ||r|| = 6.76333e-06, ||r||/||r_0|| = 0.0822244
Setting time step: 1.3601979 in DGTransportTDO
Setting time step: 1.3601979 in CombinedOp
Setting time step: 1.3601979 in IonStaticPressureOp
norm(r_0) 0
norm(r_1) 0
norm(r_2) 0
norm(r_3) 6.7633944e-06
norm(r_4) 0
Newton iteration  0 : ||r|| = 6.76339e-06
   Pass :  1   Iteration :   0  ||B r|| = 3.08817e-07
norm(r_0) 0
norm(r_1) 0
norm(r_2) 0
norm(r_3) 6.7633944e-06
norm(r_4) 0
Newton iteration  1 : ||r|| = 6.76339e-06, ||r||/||r_0|| = 1
Setting time step: 1.3601979 in DGTransportTDO
Setting time step: 1.3601979 in CombinedOp
Setting time step: 1.3601979 in IonStaticPressureOp
norm(r_0) 0
norm(r_1) 0
norm(r_2) 0
norm(r_3) 6.7633944e-06
norm(r_4) 0
Newton iteration  0 : ||r|| = 6.76339e-06
   Pass :  1   Iteration :   0  ||B r|| = 3.08817e-07
norm(r_0) 0
norm(r_1) 0
norm(r_2) 0
norm(r_3) 6.7633944e-06
norm(r_4) 0
Newton iteration  1 : ||r|| = 6.76339e-06, ||r||/||r_0|| = 1
Setting time step: 1.3601979 in DGTransportTDO
Setting time step: 1.3601979 in CombinedOp
Setting time step: 1.3601979 in IonStaticPressureOp
norm(r_0) 0
norm(r_1) 0
norm(r_2) 0
norm(r_3) 6.7633944e-06
norm(r_4) 0
Newton iteration  0 : ||r|| = 6.76339e-06
   Pass :  1   Iteration :   0  ||B r|| = 3.08817e-07
norm(r_0) 0
norm(r_1) 0
norm(r_2) 0
norm(r_3) 6.7633944e-06
norm(r_4) 0
Newton iteration  1 : ||r|| = 6.76339e-06, ||r||/||r_0|| = 1
Setting time step: 1.3601979 in DGTransportTDO
Setting time step: 1.3601979 in CombinedOp
Setting time step: 1.3601979 in IonStaticPressureOp
norm(r_0) 0
norm(r_1) 0
norm(r_2) 0
norm(r_3) 6.7633944e-06
norm(r_4) 0
Newton iteration  0 : ||r|| = 6.76339e-06
   Pass :  1   Iteration :   0  ||B r|| = 3.08817e-07
norm(r_0) 0
norm(r_1) 0
norm(r_2) 0
norm(r_3) 6.7633944e-06
norm(r_4) 0
Newton iteration  1 : ||r|| = 6.76339e-06, ||r||/||r_0|| = 1
Setting time step: 1.3601979 in DGTransportTDO
Setting time step: 1.3601979 in CombinedOp
Setting time step: 1.3601979 in IonStaticPressureOp
norm(r_0) 0
norm(r_1) 0
norm(r_2) 0
norm(r_3) 6.7633944e-06
norm(r_4) 0
Newton iteration  0 : ||r|| = 6.76339e-06
   Pass :  1   Iteration :   0  ||B r|| = 3.08817e-07
norm(r_0) 0
norm(r_1) 0
norm(r_2) 0
norm(r_3) 6.7633944e-06
norm(r_4) 0
Newton iteration  1 : ||r|| = 6.76339e-06, ||r||/||r_0|| = 1
Time stepping paused at t = 11.094897
Steady State solution has been reached

Time stepping done after 1.8284521s.
