Options used:
   --mesh ../../mfem/data/inline-quad.mesh
   --bc-file ../../mfem/miniapps/plasma/transport2d_bcs.inp
   --ic-file ../../mfem/miniapps/plasma/transport2d_ics.inp
   --ec-file /home/gz6/mfem-analysis/input-files/transport2d_ecs.inp
   --es-file ../../mfem/miniapps/plasma/transport2d_ess.inp
   --eqdsk-file 
   --logging 1
   --operator-test 8
   --equation-weights '1 1 1 1 1'
   --problem 0
   --refine-serial 0
   --refine-parallel 0
   --enable-amr
   --max-err -1
   --hysteresis 0.25
   --nc-limit 3
   --amr-weights '1 1 1 1 1'
   --order 3
   --dg-sigma -1
   --dg-kappa 16
   --linear-abs-tolerance 1e-06
   --linear-rel-tolerance 1e-06
   --linear-max-iterations 500
   --linear-logging-level 1
   --newton-abs-tolerance 1e-10
   --newton-rel-tolerance 1e-10
   --newton-max-iterations 1
   --newton-logging-level 1
   --steady-state-abs-tolerance 1e-08
   --steady-state-rel-tolerance 1e-08
   --prec-type 1
   --prec-logging-level 0
   --initial-tolerance 1e-05
   --ode-tolerance 0.001
   --ode-solver 2
   --err-per-step
   --ode-weights '1 1 1 1 1'
   --kP 0
   --kI 0.6
   --kD 0
   --theta-max 2
   --t-minimum 0
   --t-final 100
   --time-step 0.01
   --cfl-number 0.3
   --ion-charge 1
   --ion-mass 2.0141018
   --neutral-mass 2.0141018
   --neutral-temp 3
   --min-neutral-density 9e+14
   --max-neutral-density 1e+15
   --neutral-density-exp 0
   --min-ion-density 1e+16
   --max-ion-density 1e+18
   --ion-density-exp 0
   --min-ion-temp 1
   --max-ion-temp 10
   --ion-temp-exp 0
   --min-electron-temp 10
   --max-electron-temp 440
   --electron-temp-exp 0
   --total-B-magnitude 5
   --poloidal-B-magnitude 0.5
   --velocity 1000
   --Di-perp 1
   --Xi-perp 1
   --Xe-perp 1
   --equation-term-flags '-1 -1 -1 -1 -1'
   --visualization-flags '-1 -1 -1 -1 -1'
   --visualization
   --visit-datafiles
   --ascii-datafiles
   --visualization-steps 4
Device configuration: cpu
Memory configuration: host-std
Number of elements in initial mesh: 16
Number of elements after serial refinement: 16
5: Number of elements in parallel mesh: 1
5: Number of elements after parallel refinement: 1
7: Number of elements in parallel mesh: 1
7: Number of elements after parallel refinement: 1
13: Number of elements in parallel mesh: 1
13: Number of elements after parallel refinement: 1
15: Number of elements in parallel mesh: 1
15: Number of elements after parallel refinement: 1
4: Number of elements in parallel mesh: 1
4: Number of elements after parallel refinement: 1
6: Number of elements in parallel mesh: 1
6: Number of elements after parallel refinement: 1
11: Number of elements in parallel mesh: 1
11: Number of elements after parallel refinement: 1
14: Number of elements in parallel mesh: 1
14: Number of elements after parallel refinement: 1
9: Number of elements in parallel mesh: 1
9: Number of elements after parallel refinement: 1
10: Number of elements in parallel mesh: 1
10: Number of elements after parallel refinement: 1
12: Number of elements in parallel mesh: 1
12: Number of elements after parallel refinement: 1
8: Number of elements in parallel mesh: 1
8: Number of elements after parallel refinement: 1
1: Number of elements in parallel mesh: 1
1: Number of elements after parallel refinement: 1
0: Number of elements in parallel mesh: 1
0: Number of elements after parallel refinement: 1
2: Number of elements in parallel mesh: 1
2: Number of elements after parallel refinement: 1
3: Number of elements in parallel mesh: 1
3: Number of elements after parallel refinement: 1
Configuring initial conditions
Reading initial conditions from ../../mfem/miniapps/plasma/transport2d_ics.inp
Configuring exact solutions
Reading exact solutions from ../../mfem/miniapps/plasma/transport2d_ess.inp

AMR iteration 0
Number of unknowns: 256
Stopping criterion satisfied. Stop.
Number of unknowns per field: 256
Total number of unknowns:     1280
Configuring boundary conditions
Reading boundary conditions from ../../mfem/miniapps/plasma/transport2d_bcs.inp
Configuring equation coefficients
Reading equation coefficients from /home/gz6/mfem-analysis/input-files/transport2d_ecs.inp
|mn| = 3.3444946e-27
|ni| = 1
|ne| = 1

|Dn|     = -nan
|Di|     = -nan
|Eta|    = -nan
|nXi|    = -nan
|nXe|    = -nan

|Eta/mn| = -nan
|nXi/ni| = -nan
|nXe/ne| = -nan
Ion Static Pressure: Adding time derivative term proportional to d n_i / dt
Ion Static Pressure: Adding time derivative term proportional to d T_i / dt
Ion Static Pressure: Adding anisotropic diffusion term
Ion Static Pressure: Adding source term
Opening GLVis sockets.
Range of error estimates for initial condition: -nan < elem err < -nan

Begin time stepping at t = 0
Setting time step: 0.0025 in DGTransportTDO
Setting time step: 0.0025 in CombinedOp
Setting time step: 0.0025 in IonStaticPressureOp
norm(r_0) 0
norm(r_1) 0
norm(r_2) 0
norm(r_3) 0.67396604
norm(r_4) 0
Newton iteration  0 : ||r|| = 0.673966
   Pass :  1   Iteration :   0  ||B r|| = 84.9449
   Pass :  1   Iteration :   1  ||B r|| = 6.23284
   Pass :  1   Iteration :   2  ||B r|| = 1.8354
   Pass :  1   Iteration :   3  ||B r|| = 0.604731
   Pass :  1   Iteration :   4  ||B r|| = 0.258571
   Pass :  1   Iteration :   5  ||B r|| = 0.111344
   Pass :  1   Iteration :   6  ||B r|| = 0.0403031
   Pass :  1   Iteration :   7  ||B r|| = 0.0149478
   Pass :  1   Iteration :   8  ||B r|| = 0.00577348
   Pass :  1   Iteration :   9  ||B r|| = 0.00218767
   Pass :  1   Iteration :  10  ||B r|| = 0.000851831
   Pass :  1   Iteration :  11  ||B r|| = 0.000345575
   Pass :  1   Iteration :  12  ||B r|| = 0.000140868
   Pass :  1   Iteration :  13  ||B r|| = 4.64163e-05
norm(r_0) 0
norm(r_1) 0
norm(r_2) 0
norm(r_3) 3.7416563e-06
norm(r_4) 0
Newton iteration  1 : ||r|| = 3.74166e-06, ||r||/||r_0|| = 5.5517e-06
Setting time step: 0.0025 in DGTransportTDO
Setting time step: 0.0025 in CombinedOp
Setting time step: 0.0025 in IonStaticPressureOp
norm(r_0) 0
norm(r_1) 0
norm(r_2) 0
norm(r_3) 0.63098504
norm(r_4) 0
Newton iteration  0 : ||r|| = 0.630985
   Pass :  1   Iteration :   0  ||B r|| = 79.5339
   Pass :  1   Iteration :   1  ||B r|| = 5.83646
   Pass :  1   Iteration :   2  ||B r|| = 1.71867
   Pass :  1   Iteration :   3  ||B r|| = 0.56625
   Pass :  1   Iteration :   4  ||B r|| = 0.242129
   Pass :  1   Iteration :   5  ||B r|| = 0.104263
   Pass :  1   Iteration :   6  ||B r|| = 0.0377397
   Pass :  1   Iteration :   7  ||B r|| = 0.0139964
   Pass :  1   Iteration :   8  ||B r|| = 0.0054062
   Pass :  1   Iteration :   9  ||B r|| = 0.00204859
   Pass :  1   Iteration :  10  ||B r|| = 0.000797677
   Pass :  1   Iteration :  11  ||B r|| = 0.000323585
   Pass :  1   Iteration :  12  ||B r|| = 0.000131906
   Pass :  1   Iteration :  13  ||B r|| = 4.34624e-05
norm(r_0) 0
norm(r_1) 0
norm(r_2) 0
norm(r_3) 3.50367e-06
norm(r_4) 0
Newton iteration  1 : ||r|| = 3.50367e-06, ||r||/||r_0|| = 5.5527e-06
Setting time step: 0.0025 in DGTransportTDO
Setting time step: 0.0025 in CombinedOp
Setting time step: 0.0025 in IonStaticPressureOp
norm(r_0) 0
norm(r_1) 0
norm(r_2) 0
norm(r_3) 0.64795228
norm(r_4) 0
Newton iteration  0 : ||r|| = 0.647952
   Pass :  1   Iteration :   0  ||B r|| = 81.6708
   Pass :  1   Iteration :   1  ||B r|| = 5.99307
   Pass :  1   Iteration :   2  ||B r|| = 1.76479
   Pass :  1   Iteration :   3  ||B r|| = 0.581452
   Pass :  1   Iteration :   4  ||B r|| = 0.248626
   Pass :  1   Iteration :   5  ||B r|| = 0.107061
   Pass :  1   Iteration :   6  ||B r|| = 0.0387526
   Pass :  1   Iteration :   7  ||B r|| = 0.0143722
   Pass :  1   Iteration :   8  ||B r|| = 0.00555131
   Pass :  1   Iteration :   9  ||B r|| = 0.00210354
   Pass :  1   Iteration :  10  ||B r|| = 0.000819076
   Pass :  1   Iteration :  11  ||B r|| = 0.000332273
   Pass :  1   Iteration :  12  ||B r|| = 0.000135447
   Pass :  1   Iteration :  13  ||B r|| = 4.46293e-05
norm(r_0) 0
norm(r_1) 0
norm(r_2) 0
norm(r_3) 3.5976955e-06
norm(r_4) 0
Newton iteration  1 : ||r|| = 3.5977e-06, ||r||/||r_0|| = 5.55241e-06
Setting time step: 0.0025 in DGTransportTDO
Setting time step: 0.0025 in CombinedOp
Setting time step: 0.0025 in IonStaticPressureOp
norm(r_0) 0
norm(r_1) 0
norm(r_2) 0
norm(r_3) 0.65228649
norm(r_4) 0
Newton iteration  0 : ||r|| = 0.652286
   Pass :  1   Iteration :   0  ||B r|| = 82.2162
   Pass :  1   Iteration :   1  ||B r|| = 6.03301
   Pass :  1   Iteration :   2  ||B r|| = 1.77655
   Pass :  1   Iteration :   3  ||B r|| = 0.58533
   Pass :  1   Iteration :   4  ||B r|| = 0.250282
   Pass :  1   Iteration :   5  ||B r|| = 0.107774
   Pass :  1   Iteration :   6  ||B r|| = 0.0390108
   Pass :  1   Iteration :   7  ||B r|| = 0.0144681
   Pass :  1   Iteration :   8  ||B r|| = 0.00558831
   Pass :  1   Iteration :   9  ||B r|| = 0.00211756
   Pass :  1   Iteration :  10  ||B r|| = 0.000824532
   Pass :  1   Iteration :  11  ||B r|| = 0.000334488
   Pass :  1   Iteration :  12  ||B r|| = 0.00013635
   Pass :  1   Iteration :  13  ||B r|| = 4.4927e-05
norm(r_0) 0
norm(r_1) 0
norm(r_2) 0
norm(r_3) 3.6216753e-06
norm(r_4) 0
Newton iteration  1 : ||r|| = 3.62168e-06, ||r||/||r_0|| = 5.55228e-06
Setting time step: 0.0025 in DGTransportTDO
Setting time step: 0.0025 in CombinedOp
Setting time step: 0.0025 in IonStaticPressureOp
norm(r_0) 0
norm(r_1) 0
norm(r_2) 0
norm(r_3) 0.61030087
norm(r_4) 0
Newton iteration  0 : ||r|| = 0.610301
   Pass :  1   Iteration :   0  ||B r|| = 76.921
   Pass :  1   Iteration :   1  ||B r|| = 5.64427
   Pass :  1   Iteration :   2  ||B r|| = 1.66209
   Pass :  1   Iteration :   3  ||B r|| = 0.547596
   Pass :  1   Iteration :   4  ||B r|| = 0.23415
   Pass :  1   Iteration :   5  ||B r|| = 0.10083
   Pass :  1   Iteration :   6  ||B r|| = 0.0364964
   Pass :  1   Iteration :   7  ||B r|| = 0.0135353
   Pass :  1   Iteration :   8  ||B r|| = 0.00522812
   Pass :  1   Iteration :   9  ||B r|| = 0.0019811
   Pass :  1   Iteration :  10  ||B r|| = 0.000771395
   Pass :  1   Iteration :  11  ||B r|| = 0.000312927
   Pass :  1   Iteration :  12  ||B r|| = 0.000127562
   Pass :  1   Iteration :  13  ||B r|| = 4.20322e-05
norm(r_0) 0
norm(r_1) 0
norm(r_2) 0
norm(r_3) 3.3882976e-06
norm(r_4) 0
Newton iteration  1 : ||r|| = 3.3883e-06, ||r||/||r_0|| = 5.55185e-06
Setting time step: 0.005 in DGTransportTDO
Setting time step: 0.005 in CombinedOp
Setting time step: 0.005 in IonStaticPressureOp
norm(r_0) 0
norm(r_1) 0
norm(r_2) 0
norm(r_3) 0.590839
norm(r_4) 0
Newton iteration  0 : ||r|| = 0.590839
   Pass :  1   Iteration :   0  ||B r|| = 68.2016
   Pass :  1   Iteration :   1  ||B r|| = 5.6214
   Pass :  1   Iteration :   2  ||B r|| = 1.75271
   Pass :  1   Iteration :   3  ||B r|| = 0.593205
   Pass :  1   Iteration :   4  ||B r|| = 0.279177
   Pass :  1   Iteration :   5  ||B r|| = 0.151415
   Pass :  1   Iteration :   6  ||B r|| = 0.0648715
   Pass :  1   Iteration :   7  ||B r|| = 0.0263758
   Pass :  1   Iteration :   8  ||B r|| = 0.0100434
   Pass :  1   Iteration :   9  ||B r|| = 0.00437349
   Pass :  1   Iteration :  10  ||B r|| = 0.0019318
   Pass :  1   Iteration :  11  ||B r|| = 0.000858614
   Pass :  1   Iteration :  12  ||B r|| = 0.000375917
   Pass :  1   Iteration :  13  ||B r|| = 0.000156522
   Pass :  1   Iteration :  14  ||B r|| = 6.3912e-05
norm(r_0) 0
norm(r_1) 0
norm(r_2) 0
norm(r_3) 1.0122768e-05
norm(r_4) 0
Newton iteration  1 : ||r|| = 1.01228e-05, ||r||/||r_0|| = 1.71329e-05
Setting time step: 0.005 in DGTransportTDO
Setting time step: 0.005 in CombinedOp
Setting time step: 0.005 in IonStaticPressureOp
norm(r_0) 0
norm(r_1) 0
norm(r_2) 0
norm(r_3) 0.51787971
norm(r_4) 0
Newton iteration  0 : ||r|| = 0.51788
   Pass :  1   Iteration :   0  ||B r|| = 59.7807
   Pass :  1   Iteration :   1  ||B r|| = 4.92734
   Pass :  1   Iteration :   2  ||B r|| = 1.5363
   Pass :  1   Iteration :   3  ||B r|| = 0.519961
   Pass :  1   Iteration :   4  ||B r|| = 0.244706
   Pass :  1   Iteration :   5  ||B r|| = 0.132719
   Pass :  1   Iteration :   6  ||B r|| = 0.0568617
   Pass :  1   Iteration :   7  ||B r|| = 0.0231193
   Pass :  1   Iteration :   8  ||B r|| = 0.00880339
   Pass :  1   Iteration :   9  ||B r|| = 0.0038335
   Pass :  1   Iteration :  10  ||B r|| = 0.00169328
   Pass :  1   Iteration :  11  ||B r|| = 0.000752598
   Pass :  1   Iteration :  12  ||B r|| = 0.000329502
   Pass :  1   Iteration :  13  ||B r|| = 0.000137197
   Pass :  1   Iteration :  14  ||B r|| = 5.6021e-05
norm(r_0) 0
norm(r_1) 0
norm(r_2) 0
norm(r_3) 8.8728774e-06
norm(r_4) 0
Newton iteration  1 : ||r|| = 8.87288e-06, ||r||/||r_0|| = 1.71331e-05
Setting time step: 0.005 in DGTransportTDO
Setting time step: 0.005 in CombinedOp
Setting time step: 0.005 in IonStaticPressureOp
norm(r_0) 0
norm(r_1) 0
norm(r_2) 0
norm(r_3) 0.54634166
norm(r_4) 0
Newton iteration  0 : ||r|| = 0.546342
   Pass :  1   Iteration :   0  ||B r|| = 63.0659
   Pass :  1   Iteration :   1  ||B r|| = 5.19811
   Pass :  1   Iteration :   2  ||B r|| = 1.62073
   Pass :  1   Iteration :   3  ||B r|| = 0.548535
   Pass :  1   Iteration :   4  ||B r|| = 0.258154
   Pass :  1   Iteration :   5  ||B r|| = 0.140013
   Pass :  1   Iteration :   6  ||B r|| = 0.0599866
   Pass :  1   Iteration :   7  ||B r|| = 0.0243898
   Pass :  1   Iteration :   8  ||B r|| = 0.00928715
   Pass :  1   Iteration :   9  ||B r|| = 0.00404417
   Pass :  1   Iteration :  10  ||B r|| = 0.00178633
   Pass :  1   Iteration :  11  ||B r|| = 0.000793957
   Pass :  1   Iteration :  12  ||B r|| = 0.00034761
   Pass :  1   Iteration :  13  ||B r|| = 0.000144736
   Pass :  1   Iteration :  14  ||B r|| = 5.90995e-05
norm(r_0) 0
norm(r_1) 0
norm(r_2) 0
norm(r_3) 9.3604911e-06
norm(r_4) 0
Newton iteration  1 : ||r|| = 9.36049e-06, ||r||/||r_0|| = 1.7133e-05
Setting time step: 0.005 in DGTransportTDO
Setting time step: 0.005 in CombinedOp
Setting time step: 0.005 in IonStaticPressureOp
norm(r_0) 0
norm(r_1) 0
norm(r_2) 0
norm(r_3) 0.55375406
norm(r_4) 0
Newton iteration  0 : ||r|| = 0.553754
   Pass :  1   Iteration :   0  ||B r|| = 63.9214
   Pass :  1   Iteration :   1  ||B r|| = 5.26862
   Pass :  1   Iteration :   2  ||B r|| = 1.64271
   Pass :  1   Iteration :   3  ||B r|| = 0.555976
   Pass :  1   Iteration :   4  ||B r|| = 0.261656
   Pass :  1   Iteration :   5  ||B r|| = 0.141912
   Pass :  1   Iteration :   6  ||B r|| = 0.0608003
   Pass :  1   Iteration :   7  ||B r|| = 0.0247206
   Pass :  1   Iteration :   8  ||B r|| = 0.00941312
   Pass :  1   Iteration :   9  ||B r|| = 0.00409902
   Pass :  1   Iteration :  10  ||B r|| = 0.00181056
   Pass :  1   Iteration :  11  ||B r|| = 0.000804728
   Pass :  1   Iteration :  12  ||B r|| = 0.000352325
   Pass :  1   Iteration :  13  ||B r|| = 0.000146699
   Pass :  1   Iteration :  14  ||B r|| = 5.99012e-05
norm(r_0) 0
norm(r_1) 0
norm(r_2) 0
norm(r_3) 9.4874693e-06
norm(r_4) 0
Newton iteration  1 : ||r|| = 9.48747e-06, ||r||/||r_0|| = 1.7133e-05
Setting time step: 0.005 in DGTransportTDO
Setting time step: 0.005 in CombinedOp
Setting time step: 0.005 in IonStaticPressureOp
norm(r_0) 0
norm(r_1) 0
norm(r_2) 0
norm(r_3) 0.48399935
norm(r_4) 0
Newton iteration  0 : ||r|| = 0.483999
   Pass :  1   Iteration :   0  ||B r|| = 55.8687
   Pass :  1   Iteration :   1  ||B r|| = 4.60482
   Pass :  1   Iteration :   2  ||B r|| = 1.43575
   Pass :  1   Iteration :   3  ||B r|| = 0.48593
   Pass :  1   Iteration :   4  ||B r|| = 0.22869
   Pass :  1   Iteration :   5  ||B r|| = 0.124033
   Pass :  1   Iteration :   6  ||B r|| = 0.05314
   Pass :  1   Iteration :   7  ||B r|| = 0.021606
   Pass :  1   Iteration :   8  ||B r|| = 0.00822713
   Pass :  1   Iteration :   9  ||B r|| = 0.00358257
   Pass :  1   Iteration :  10  ||B r|| = 0.00158245
   Pass :  1   Iteration :  11  ||B r|| = 0.000703341
   Pass :  1   Iteration :  12  ||B r|| = 0.000307936
   Pass :  1   Iteration :  13  ||B r|| = 0.000128216
   Pass :  1   Iteration :  14  ||B r|| = 5.23541e-05
norm(r_0) 0
norm(r_1) 0
norm(r_2) 0
norm(r_3) 8.2921338e-06
norm(r_4) 0
Newton iteration  1 : ||r|| = 8.29213e-06, ||r||/||r_0|| = 1.71325e-05
Setting time step: 0.01 in DGTransportTDO
Setting time step: 0.01 in CombinedOp
Setting time step: 0.01 in IonStaticPressureOp
norm(r_0) 0
norm(r_1) 0
norm(r_2) 0
norm(r_3) 0.45411363
norm(r_4) 0
Newton iteration  0 : ||r|| = 0.454114
   Pass :  1   Iteration :   0  ||B r|| = 44.9392
   Pass :  1   Iteration :   1  ||B r|| = 3.97467
   Pass :  1   Iteration :   2  ||B r|| = 1.36086
   Pass :  1   Iteration :   3  ||B r|| = 0.528447
   Pass :  1   Iteration :   4  ||B r|| = 0.217865
   Pass :  1   Iteration :   5  ||B r|| = 0.144659
   Pass :  1   Iteration :   6  ||B r|| = 0.0660549
   Pass :  1   Iteration :   7  ||B r|| = 0.0331282
   Pass :  1   Iteration :   8  ||B r|| = 0.0136461
   Pass :  1   Iteration :   9  ||B r|| = 0.00566264
   Pass :  1   Iteration :  10  ||B r|| = 0.00250931
   Pass :  1   Iteration :  11  ||B r|| = 0.00115924
   Pass :  1   Iteration :  12  ||B r|| = 0.000622712
   Pass :  1   Iteration :  13  ||B r|| = 0.00026949
   Pass :  1   Iteration :  14  ||B r|| = 0.000130649
   Pass :  1   Iteration :  15  ||B r|| = 5.20325e-05
   Pass :  1   Iteration :  16  ||B r|| = 2.42599e-05
norm(r_0) 0
norm(r_1) 0
norm(r_2) 0
norm(r_3) 5.9376588e-06
norm(r_4) 0
Newton iteration  1 : ||r|| = 5.93766e-06, ||r||/||r_0|| = 1.30753e-05
Setting time step: 0.01 in DGTransportTDO
Setting time step: 0.01 in CombinedOp
Setting time step: 0.01 in IonStaticPressureOp
norm(r_0) 0
norm(r_1) 0
norm(r_2) 0
norm(r_3) 0.34849341
norm(r_4) 0
Newton iteration  0 : ||r|| = 0.348493
   Pass :  1   Iteration :   0  ||B r|| = 34.4871
   Pass :  1   Iteration :   1  ||B r|| = 3.05022
   Pass :  1   Iteration :   2  ||B r|| = 1.04434
   Pass :  1   Iteration :   3  ||B r|| = 0.40554
   Pass :  1   Iteration :   4  ||B r|| = 0.167194
   Pass :  1   Iteration :   5  ||B r|| = 0.111014
   Pass :  1   Iteration :   6  ||B r|| = 0.0506917
   Pass :  1   Iteration :   7  ||B r|| = 0.0254231
   Pass :  1   Iteration :   8  ||B r|| = 0.0104723
   Pass :  1   Iteration :   9  ||B r|| = 0.00434563
   Pass :  1   Iteration :  10  ||B r|| = 0.0019257
   Pass :  1   Iteration :  11  ||B r|| = 0.000889626
   Pass :  1   Iteration :  12  ||B r|| = 0.000477883
   Pass :  1   Iteration :  13  ||B r|| = 0.000206812
   Pass :  1   Iteration :  14  ||B r|| = 0.000100263
   Pass :  1   Iteration :  15  ||B r|| = 3.9931e-05
   Pass :  1   Iteration :  16  ||B r|| = 1.86179e-05
norm(r_0) 0
norm(r_1) 0
norm(r_2) 0
norm(r_3) 4.5567461e-06
norm(r_4) 0
Newton iteration  1 : ||r|| = 4.55675e-06, ||r||/||r_0|| = 1.30756e-05
Setting time step: 0.01 in DGTransportTDO
Setting time step: 0.01 in CombinedOp
Setting time step: 0.01 in IonStaticPressureOp
norm(r_0) 0
norm(r_1) 0
norm(r_2) 0
norm(r_3) 0.38877614
norm(r_4) 0
Newton iteration  0 : ||r|| = 0.388776
   Pass :  1   Iteration :   0  ||B r|| = 38.4735
   Pass :  1   Iteration :   1  ||B r|| = 3.4028
   Pass :  1   Iteration :   2  ||B r|| = 1.16506
   Pass :  1   Iteration :   3  ||B r|| = 0.452416
   Pass :  1   Iteration :   4  ||B r|| = 0.18652
   Pass :  1   Iteration :   5  ||B r|| = 0.123846
   Pass :  1   Iteration :   6  ||B r|| = 0.0565512
   Pass :  1   Iteration :   7  ||B r|| = 0.0283618
   Pass :  1   Iteration :   8  ||B r|| = 0.0116828
   Pass :  1   Iteration :   9  ||B r|| = 0.00484793
   Pass :  1   Iteration :  10  ||B r|| = 0.00214828
   Pass :  1   Iteration :  11  ||B r|| = 0.000992455
   Pass :  1   Iteration :  12  ||B r|| = 0.00053312
   Pass :  1   Iteration :  13  ||B r|| = 0.000230718
   Pass :  1   Iteration :  14  ||B r|| = 0.000111852
   Pass :  1   Iteration :  15  ||B r|| = 4.45465e-05
   Pass :  1   Iteration :  16  ||B r|| = 2.07697e-05
norm(r_0) 0
norm(r_1) 0
norm(r_2) 0
norm(r_3) 5.0834298e-06
norm(r_4) 0
Newton iteration  1 : ||r|| = 5.08343e-06, ||r||/||r_0|| = 1.30755e-05
Setting time step: 0.01 in DGTransportTDO
Setting time step: 0.01 in CombinedOp
Setting time step: 0.01 in IonStaticPressureOp
norm(r_0) 0
norm(r_1) 0
norm(r_2) 0
norm(r_3) 0.39966686
norm(r_4) 0
Newton iteration  0 : ||r|| = 0.399667
   Pass :  1   Iteration :   0  ||B r|| = 39.5512
   Pass :  1   Iteration :   1  ||B r|| = 3.49812
   Pass :  1   Iteration :   2  ||B r|| = 1.1977
   Pass :  1   Iteration :   3  ||B r|| = 0.465089
   Pass :  1   Iteration :   4  ||B r|| = 0.191745
   Pass :  1   Iteration :   5  ||B r|| = 0.127316
   Pass :  1   Iteration :   6  ||B r|| = 0.0581353
   Pass :  1   Iteration :   7  ||B r|| = 0.0291563
   Pass :  1   Iteration :   8  ||B r|| = 0.01201
   Pass :  1   Iteration :   9  ||B r|| = 0.00498373
   Pass :  1   Iteration :  10  ||B r|| = 0.00220846
   Pass :  1   Iteration :  11  ||B r|| = 0.00102025
   Pass :  1   Iteration :  12  ||B r|| = 0.000548054
   Pass :  1   Iteration :  13  ||B r|| = 0.00023718
   Pass :  1   Iteration :  14  ||B r|| = 0.000114986
   Pass :  1   Iteration :  15  ||B r|| = 4.57943e-05
   Pass :  1   Iteration :  16  ||B r|| = 2.13515e-05
norm(r_0) 0
norm(r_1) 0
norm(r_2) 0
norm(r_3) 5.2258147e-06
norm(r_4) 0
Newton iteration  1 : ||r|| = 5.22581e-06, ||r||/||r_0|| = 1.30754e-05
Setting time step: 0.01 in DGTransportTDO
Setting time step: 0.01 in CombinedOp
Setting time step: 0.01 in IonStaticPressureOp
norm(r_0) 0
norm(r_1) 0
norm(r_2) 0
norm(r_3) 0.30357575
norm(r_4) 0
Newton iteration  0 : ||r|| = 0.303576
   Pass :  1   Iteration :   0  ||B r|| = 30.0419
   Pass :  1   Iteration :   1  ||B r|| = 2.65706
   Pass :  1   Iteration :   2  ||B r|| = 0.909731
   Pass :  1   Iteration :   3  ||B r|| = 0.353266
   Pass :  1   Iteration :   4  ||B r|| = 0.145642
   Pass :  1   Iteration :   5  ||B r|| = 0.0967043
   Pass :  1   Iteration :   6  ||B r|| = 0.0441575
   Pass :  1   Iteration :   7  ||B r|| = 0.0221461
   Pass :  1   Iteration :   8  ||B r|| = 0.00912239
   Pass :  1   Iteration :   9  ||B r|| = 0.00378545
   Pass :  1   Iteration :  10  ||B r|| = 0.00167746
   Pass :  1   Iteration :  11  ||B r|| = 0.000774945
   Pass :  1   Iteration :  12  ||B r|| = 0.000416281
   Pass :  1   Iteration :  13  ||B r|| = 0.000180153
   Pass :  1   Iteration :  14  ||B r|| = 8.73386e-05
   Pass :  1   Iteration :  15  ||B r|| = 3.47836e-05
   Pass :  1   Iteration :  16  ||B r|| = 1.62176e-05
norm(r_0) 0
norm(r_1) 0
norm(r_2) 0
norm(r_3) 3.9692859e-06
norm(r_4) 0
Newton iteration  1 : ||r|| = 3.96929e-06, ||r||/||r_0|| = 1.30751e-05
Setting time step: 0.02 in DGTransportTDO
Setting time step: 0.02 in CombinedOp
Setting time step: 0.02 in IonStaticPressureOp
norm(r_0) 0
norm(r_1) 0
norm(r_2) 0
norm(r_3) 0.26827166
norm(r_4) 0
Newton iteration  0 : ||r|| = 0.268272
   Pass :  1   Iteration :   0  ||B r|| = 20.8205
   Pass :  1   Iteration :   1  ||B r|| = 1.93658
   Pass :  1   Iteration :   2  ||B r|| = 0.741887
   Pass :  1   Iteration :   3  ||B r|| = 0.33771
   Pass :  1   Iteration :   4  ||B r|| = 0.12554
   Pass :  1   Iteration :   5  ||B r|| = 0.0899283
   Pass :  1   Iteration :   6  ||B r|| = 0.0396154
   Pass :  1   Iteration :   7  ||B r|| = 0.0229027
   Pass :  1   Iteration :   8  ||B r|| = 0.0116134
   Pass :  1   Iteration :   9  ||B r|| = 0.00482189
   Pass :  1   Iteration :  10  ||B r|| = 0.00219988
   Pass :  1   Iteration :  11  ||B r|| = 0.000892168
   Pass :  1   Iteration :  12  ||B r|| = 0.00044817
   Pass :  1   Iteration :  13  ||B r|| = 0.000234028
   Pass :  1   Iteration :  14  ||B r|| = 0.000136857
   Pass :  1   Iteration :  15  ||B r|| = 6.42773e-05
   Pass :  1   Iteration :  16  ||B r|| = 2.94545e-05
   Pass :  1   Iteration :  17  ||B r|| = 1.43257e-05
norm(r_0) 0
norm(r_1) 0
norm(r_2) 0
norm(r_3) 7.3103321e-06
norm(r_4) 0
Newton iteration  1 : ||r|| = 7.31033e-06, ||r||/||r_0|| = 2.72497e-05
Setting time step: 0.02 in DGTransportTDO
Setting time step: 0.02 in CombinedOp
Setting time step: 0.02 in IonStaticPressureOp
norm(r_0) 0
norm(r_1) 0
norm(r_2) 0
norm(r_3) 0.15648123
norm(r_4) 0
Newton iteration  0 : ||r|| = 0.156481
   Pass :  1   Iteration :   0  ||B r|| = 12.1444
   Pass :  1   Iteration :   1  ||B r|| = 1.12959
   Pass :  1   Iteration :   2  ||B r|| = 0.432737
   Pass :  1   Iteration :   3  ||B r|| = 0.196984
   Pass :  1   Iteration :   4  ||B r|| = 0.0732272
   Pass :  1   Iteration :   5  ||B r|| = 0.0524548
   Pass :  1   Iteration :   6  ||B r|| = 0.0231076
   Pass :  1   Iteration :   7  ||B r|| = 0.0133591
   Pass :  1   Iteration :   8  ||B r|| = 0.00677401
   Pass :  1   Iteration :   9  ||B r|| = 0.0028126
   Pass :  1   Iteration :  10  ||B r|| = 0.00128317
   Pass :  1   Iteration :  11  ||B r|| = 0.000520394
   Pass :  1   Iteration :  12  ||B r|| = 0.000261413
   Pass :  1   Iteration :  13  ||B r|| = 0.000136507
   Pass :  1   Iteration :  14  ||B r|| = 7.98273e-05
   Pass :  1   Iteration :  15  ||B r|| = 3.74921e-05
   Pass :  1   Iteration :  16  ||B r|| = 1.71805e-05
   Pass :  1   Iteration :  17  ||B r|| = 8.35611e-06
norm(r_0) 0
norm(r_1) 0
norm(r_2) 0
norm(r_3) 4.2640484e-06
norm(r_4) 0
Newton iteration  1 : ||r|| = 4.26405e-06, ||r||/||r_0|| = 2.72496e-05
Setting time step: 0.02 in DGTransportTDO
Setting time step: 0.02 in CombinedOp
Setting time step: 0.02 in IonStaticPressureOp
norm(r_0) 0
norm(r_1) 0
norm(r_2) 0
norm(r_3) 0.19747076
norm(r_4) 0
Newton iteration  0 : ||r|| = 0.197471
   Pass :  1   Iteration :   0  ||B r|| = 15.3256
   Pass :  1   Iteration :   1  ||B r|| = 1.42548
   Pass :  1   Iteration :   2  ||B r|| = 0.546091
   Pass :  1   Iteration :   3  ||B r|| = 0.248583
   Pass :  1   Iteration :   4  ||B r|| = 0.0924086
   Pass :  1   Iteration :   5  ||B r|| = 0.066195
   Pass :  1   Iteration :   6  ||B r|| = 0.0291604
   Pass :  1   Iteration :   7  ||B r|| = 0.0168584
   Pass :  1   Iteration :   8  ||B r|| = 0.00854843
   Pass :  1   Iteration :   9  ||B r|| = 0.00354934
   Pass :  1   Iteration :  10  ||B r|| = 0.00161929
   Pass :  1   Iteration :  11  ||B r|| = 0.00065671
   Pass :  1   Iteration :  12  ||B r|| = 0.00032989
   Pass :  1   Iteration :  13  ||B r|| = 0.000172264
   Pass :  1   Iteration :  14  ||B r|| = 0.000100738
   Pass :  1   Iteration :  15  ||B r|| = 4.73132e-05
   Pass :  1   Iteration :  16  ||B r|| = 2.16809e-05
   Pass :  1   Iteration :  17  ||B r|| = 1.05449e-05
norm(r_0) 0
norm(r_1) 0
norm(r_2) 0
norm(r_3) 5.3810076e-06
norm(r_4) 0
Newton iteration  1 : ||r|| = 5.38101e-06, ||r||/||r_0|| = 2.72496e-05
Setting time step: 0.02 in DGTransportTDO
Setting time step: 0.02 in CombinedOp
Setting time step: 0.02 in IonStaticPressureOp
norm(r_0) 0
norm(r_1) 0
norm(r_2) 0
norm(r_3) 0.20931087
norm(r_4) 0
Newton iteration  0 : ||r|| = 0.209311
   Pass :  1   Iteration :   0  ||B r|| = 16.2445
   Pass :  1   Iteration :   1  ||B r|| = 1.51095
   Pass :  1   Iteration :   2  ||B r|| = 0.578835
   Pass :  1   Iteration :   3  ||B r|| = 0.263488
   Pass :  1   Iteration :   4  ||B r|| = 0.0979493
   Pass :  1   Iteration :   5  ||B r|| = 0.0701639
   Pass :  1   Iteration :   6  ||B r|| = 0.0309088
   Pass :  1   Iteration :   7  ||B r|| = 0.0178692
   Pass :  1   Iteration :   8  ||B r|| = 0.00906098
   Pass :  1   Iteration :   9  ||B r|| = 0.00376215
   Pass :  1   Iteration :  10  ||B r|| = 0.00171639
   Pass :  1   Iteration :  11  ||B r|| = 0.000696086
   Pass :  1   Iteration :  12  ||B r|| = 0.00034967
   Pass :  1   Iteration :  13  ||B r|| = 0.000182593
   Pass :  1   Iteration :  14  ||B r|| = 0.000106778
   Pass :  1   Iteration :  15  ||B r|| = 5.01501e-05
   Pass :  1   Iteration :  16  ||B r|| = 2.29809e-05
   Pass :  1   Iteration :  17  ||B r|| = 1.11772e-05
norm(r_0) 0
norm(r_1) 0
norm(r_2) 0
norm(r_3) 5.703651e-06
norm(r_4) 0
Newton iteration  1 : ||r|| = 5.70365e-06, ||r||/||r_0|| = 2.72497e-05
Setting time step: 0.02 in DGTransportTDO
Setting time step: 0.02 in CombinedOp
Setting time step: 0.02 in IonStaticPressureOp
norm(r_0) 0
norm(r_1) 0
norm(r_2) 0
norm(r_3) 0.1183982
norm(r_4) 0
Newton iteration  0 : ||r|| = 0.118398
   Pass :  1   Iteration :   0  ||B r|| = 9.18888
   Pass :  1   Iteration :   1  ||B r|| = 0.854688
   Pass :  1   Iteration :   2  ||B r|| = 0.327423
   Pass :  1   Iteration :   3  ||B r|| = 0.149044
   Pass :  1   Iteration :   4  ||B r|| = 0.0554054
   Pass :  1   Iteration :   5  ||B r|| = 0.0396884
   Pass :  1   Iteration :   6  ||B r|| = 0.0174837
   Pass :  1   Iteration :   7  ||B r|| = 0.0101077
   Pass :  1   Iteration :   8  ||B r|| = 0.00512541
   Pass :  1   Iteration :   9  ||B r|| = 0.00212806
   Pass :  1   Iteration :  10  ||B r|| = 0.000970888
   Pass :  1   Iteration :  11  ||B r|| = 0.000393747
   Pass :  1   Iteration :  12  ||B r|| = 0.000197794
   Pass :  1   Iteration :  13  ||B r|| = 0.000103285
   Pass :  1   Iteration :  14  ||B r|| = 6.03997e-05
   Pass :  1   Iteration :  15  ||B r|| = 2.83682e-05
   Pass :  1   Iteration :  16  ||B r|| = 1.29995e-05
   Pass :  1   Iteration :  17  ||B r|| = 6.32245e-06
norm(r_0) 0
norm(r_1) 0
norm(r_2) 0
norm(r_3) 3.2263417e-06
norm(r_4) 0
Newton iteration  1 : ||r|| = 3.22634e-06, ||r||/||r_0|| = 2.72499e-05
Time stepping paused at t = 0.15

Estimating errors.
No refinements necessary.
No derefinements needed.

AMR iteration 1
Number of unknowns: 256
Setting time step: 0.019728612 in DGTransportTDO
Setting time step: 0.019728612 in CombinedOp
Setting time step: 0.019728612 in IonStaticPressureOp
norm(r_0) 0
norm(r_1) 0
norm(r_2) 0
norm(r_3) 0.093729972
norm(r_4) 0
Newton iteration  0 : ||r|| = 0.09373
   Pass :  1   Iteration :   0  ||B r|| = 7.31485
   Pass :  1   Iteration :   1  ||B r|| = 0.679813
   Pass :  1   Iteration :   2  ||B r|| = 0.259946
   Pass :  1   Iteration :   3  ||B r|| = 0.117975
   Pass :  1   Iteration :   4  ||B r|| = 0.0438923
   Pass :  1   Iteration :   5  ||B r|| = 0.0314159
   Pass :  1   Iteration :   6  ||B r|| = 0.0138597
   Pass :  1   Iteration :   7  ||B r|| = 0.00800325
   Pass :  1   Iteration :   8  ||B r|| = 0.00404121
   Pass :  1   Iteration :   9  ||B r|| = 0.00167524
   Pass :  1   Iteration :  10  ||B r|| = 0.000763269
   Pass :  1   Iteration :  11  ||B r|| = 0.000310116
   Pass :  1   Iteration :  12  ||B r|| = 0.000156248
   Pass :  1   Iteration :  13  ||B r|| = 8.16058e-05
   Pass :  1   Iteration :  14  ||B r|| = 4.75825e-05
   Pass :  1   Iteration :  15  ||B r|| = 2.22338e-05
   Pass :  1   Iteration :  16  ||B r|| = 1.01809e-05
   Pass :  1   Iteration :  17  ||B r|| = 4.94835e-06
norm(r_0) 0
norm(r_1) 0
norm(r_2) 0
norm(r_3) 2.4946739e-06
norm(r_4) 0
Newton iteration  1 : ||r|| = 2.49467e-06, ||r||/||r_0|| = 2.66155e-05
Setting time step: 0.019728612 in DGTransportTDO
Setting time step: 0.019728612 in CombinedOp
Setting time step: 0.019728612 in IonStaticPressureOp
norm(r_0) 0
norm(r_1) 0
norm(r_2) 0
norm(r_3) 0.055092729
norm(r_4) 0
Newton iteration  0 : ||r|| = 0.0550927
   Pass :  1   Iteration :   0  ||B r|| = 4.29953
   Pass :  1   Iteration :   1  ||B r|| = 0.399581
   Pass :  1   Iteration :   2  ||B r|| = 0.152791
   Pass :  1   Iteration :   3  ||B r|| = 0.0693438
   Pass :  1   Iteration :   4  ||B r|| = 0.0257991
   Pass :  1   Iteration :   5  ||B r|| = 0.0184657
   Pass :  1   Iteration :   6  ||B r|| = 0.00814648
   Pass :  1   Iteration :   7  ||B r|| = 0.00470417
   Pass :  1   Iteration :   8  ||B r|| = 0.00237535
   Pass :  1   Iteration :   9  ||B r|| = 0.000984679
   Pass :  1   Iteration :  10  ||B r|| = 0.000448636
   Pass :  1   Iteration :  11  ||B r|| = 0.00018228
   Pass :  1   Iteration :  12  ||B r|| = 9.18392e-05
   Pass :  1   Iteration :  13  ||B r|| = 4.79663e-05
   Pass :  1   Iteration :  14  ||B r|| = 2.7968e-05
   Pass :  1   Iteration :  15  ||B r|| = 1.30686e-05
   Pass :  1   Iteration :  16  ||B r|| = 5.98412e-06
   Pass :  1   Iteration :  17  ||B r|| = 2.90855e-06
norm(r_0) 0
norm(r_1) 0
norm(r_2) 0
norm(r_3) 1.4663225e-06
norm(r_4) 0
Newton iteration  1 : ||r|| = 1.46632e-06, ||r||/||r_0|| = 2.66155e-05
Setting time step: 0.019728612 in DGTransportTDO
Setting time step: 0.019728612 in CombinedOp
Setting time step: 0.019728612 in IonStaticPressureOp
norm(r_0) 0
norm(r_1) 0
norm(r_2) 0
norm(r_3) 0.06927347
norm(r_4) 0
Newton iteration  0 : ||r|| = 0.0692735
   Pass :  1   Iteration :   0  ||B r|| = 5.40622
   Pass :  1   Iteration :   1  ||B r|| = 0.502432
   Pass :  1   Iteration :   2  ||B r|| = 0.192119
   Pass :  1   Iteration :   3  ||B r|| = 0.0871927
   Pass :  1   Iteration :   4  ||B r|| = 0.0324397
   Pass :  1   Iteration :   5  ||B r|| = 0.0232187
   Pass :  1   Iteration :   6  ||B r|| = 0.0102434
   Pass :  1   Iteration :   7  ||B r|| = 0.00591501
   Pass :  1   Iteration :   8  ||B r|| = 0.00298676
   Pass :  1   Iteration :   9  ||B r|| = 0.00123813
   Pass :  1   Iteration :  10  ||B r|| = 0.000564113
   Pass :  1   Iteration :  11  ||B r|| = 0.000229199
   Pass :  1   Iteration :  12  ||B r|| = 0.000115479
   Pass :  1   Iteration :  13  ||B r|| = 6.03127e-05
   Pass :  1   Iteration :  14  ||B r|| = 3.5167e-05
   Pass :  1   Iteration :  15  ||B r|| = 1.64324e-05
   Pass :  1   Iteration :  16  ||B r|| = 7.52443e-06
   Pass :  1   Iteration :  17  ||B r|| = 3.6572e-06
norm(r_0) 0
norm(r_1) 0
norm(r_2) 0
norm(r_3) 1.8437507e-06
norm(r_4) 0
Newton iteration  1 : ||r|| = 1.84375e-06, ||r||/||r_0|| = 2.66155e-05
Setting time step: 0.019728612 in DGTransportTDO
Setting time step: 0.019728612 in CombinedOp
Setting time step: 0.019728612 in IonStaticPressureOp
norm(r_0) 0
norm(r_1) 0
norm(r_2) 0
norm(r_3) 0.073362903
norm(r_4) 0
Newton iteration  0 : ||r|| = 0.0733629
   Pass :  1   Iteration :   0  ||B r|| = 5.72537
   Pass :  1   Iteration :   1  ||B r|| = 0.532092
   Pass :  1   Iteration :   2  ||B r|| = 0.203461
   Pass :  1   Iteration :   3  ||B r|| = 0.09234
   Pass :  1   Iteration :   4  ||B r|| = 0.0343547
   Pass :  1   Iteration :   5  ||B r|| = 0.0245894
   Pass :  1   Iteration :   6  ||B r|| = 0.0108481
   Pass :  1   Iteration :   7  ||B r|| = 0.00626419
   Pass :  1   Iteration :   8  ||B r|| = 0.00316308
   Pass :  1   Iteration :   9  ||B r|| = 0.00131122
   Pass :  1   Iteration :  10  ||B r|| = 0.000597415
   Pass :  1   Iteration :  11  ||B r|| = 0.000242729
   Pass :  1   Iteration :  12  ||B r|| = 0.000122296
   Pass :  1   Iteration :  13  ||B r|| = 6.38732e-05
   Pass :  1   Iteration :  14  ||B r|| = 3.7243e-05
   Pass :  1   Iteration :  15  ||B r|| = 1.74025e-05
   Pass :  1   Iteration :  16  ||B r|| = 7.96862e-06
   Pass :  1   Iteration :  17  ||B r|| = 3.8731e-06
norm(r_0) 0
norm(r_1) 0
norm(r_2) 0
norm(r_3) 1.9525932e-06
norm(r_4) 0
Newton iteration  1 : ||r|| = 1.95259e-06, ||r||/||r_0|| = 2.66155e-05
Setting time step: 0.019728612 in DGTransportTDO
Setting time step: 0.019728612 in CombinedOp
Setting time step: 0.019728612 in IonStaticPressureOp
norm(r_0) 0
norm(r_1) 0
norm(r_2) 0
norm(r_3) 0.04183987
norm(r_4) 0
Newton iteration  0 : ||r|| = 0.0418399
   Pass :  1   Iteration :   0  ||B r|| = 3.26526
   Pass :  1   Iteration :   1  ||B r|| = 0.30346
   Pass :  1   Iteration :   2  ||B r|| = 0.116036
   Pass :  1   Iteration :   3  ||B r|| = 0.0526627
   Pass :  1   Iteration :   4  ||B r|| = 0.0195929
   Pass :  1   Iteration :   5  ||B r|| = 0.0140236
   Pass :  1   Iteration :   6  ||B r|| = 0.00618677
   Pass :  1   Iteration :   7  ||B r|| = 0.00357254
   Pass :  1   Iteration :   8  ||B r|| = 0.00180394
   Pass :  1   Iteration :   9  ||B r|| = 0.000747804
   Pass :  1   Iteration :  10  ||B r|| = 0.000340713
   Pass :  1   Iteration :  11  ||B r|| = 0.000138432
   Pass :  1   Iteration :  12  ||B r|| = 6.97469e-05
   Pass :  1   Iteration :  13  ||B r|| = 3.64278e-05
   Pass :  1   Iteration :  14  ||B r|| = 2.12402e-05
   Pass :  1   Iteration :  15  ||B r|| = 9.9249e-06
   Pass :  1   Iteration :  16  ||B r|| = 4.54462e-06
   Pass :  1   Iteration :  17  ||B r|| = 2.20888e-06
norm(r_0) 0
norm(r_1) 0
norm(r_2) 0
norm(r_3) 1.1135902e-06
norm(r_4) 0
Newton iteration  1 : ||r|| = 1.11359e-06, ||r||/||r_0|| = 2.66155e-05
Setting time step: 0.03863182 in DGTransportTDO
Setting time step: 0.03863182 in CombinedOp
Setting time step: 0.03863182 in IonStaticPressureOp
norm(r_0) 0
norm(r_1) 0
norm(r_2) 0
norm(r_3) 0.033216298
norm(r_4) 0
Newton iteration  0 : ||r|| = 0.0332163
   Pass :  1   Iteration :   0  ||B r|| = 1.89007
   Pass :  1   Iteration :   1  ||B r|| = 0.180093
   Pass :  1   Iteration :   2  ||B r|| = 0.0754345
   Pass :  1   Iteration :   3  ||B r|| = 0.0386035
   Pass :  1   Iteration :   4  ||B r|| = 0.0144559
   Pass :  1   Iteration :   5  ||B r|| = 0.0106049
   Pass :  1   Iteration :   6  ||B r|| = 0.004372
   Pass :  1   Iteration :   7  ||B r|| = 0.00251734
   Pass :  1   Iteration :   8  ||B r|| = 0.00147635
   Pass :  1   Iteration :   9  ||B r|| = 0.000688812
   Pass :  1   Iteration :  10  ||B r|| = 0.000341918
   Pass :  1   Iteration :  11  ||B r|| = 0.00013534
   Pass :  1   Iteration :  12  ||B r|| = 6.28018e-05
   Pass :  1   Iteration :  13  ||B r|| = 2.97762e-05
   Pass :  1   Iteration :  14  ||B r|| = 1.81414e-05
   Pass :  1   Iteration :  15  ||B r|| = 9.896e-06
   Pass :  1   Iteration :  16  ||B r|| = 4.72542e-06
   Pass :  1   Iteration :  17  ||B r|| = 2.45007e-06
   Pass :  1   Iteration :  18  ||B r|| = 1.10273e-06
norm(r_0) 0
norm(r_1) 0
norm(r_2) 0
norm(r_3) 1.0268897e-06
norm(r_4) 0
Newton iteration  1 : ||r|| = 1.02689e-06, ||r||/||r_0|| = 3.09152e-05
Setting time step: 0.03863182 in DGTransportTDO
Setting time step: 0.03863182 in CombinedOp
Setting time step: 0.03863182 in IonStaticPressureOp
norm(r_0) 0
norm(r_1) 0
norm(r_2) 0
norm(r_3) 0.010826131
norm(r_4) 0
Newton iteration  0 : ||r|| = 0.0108261
   Pass :  1   Iteration :   0  ||B r|| = 0.616029
   Pass :  1   Iteration :   1  ||B r|| = 0.0586977
   Pass :  1   Iteration :   2  ||B r|| = 0.0245862
   Pass :  1   Iteration :   3  ||B r|| = 0.012582
   Pass :  1   Iteration :   4  ||B r|| = 0.0047116
   Pass :  1   Iteration :   5  ||B r|| = 0.00345646
   Pass :  1   Iteration :   6  ||B r|| = 0.00142497
   Pass :  1   Iteration :   7  ||B r|| = 0.000820486
   Pass :  1   Iteration :   8  ||B r|| = 0.000481189
   Pass :  1   Iteration :   9  ||B r|| = 0.000224506
   Pass :  1   Iteration :  10  ||B r|| = 0.000111442
   Pass :  1   Iteration :  11  ||B r|| = 4.41108e-05
   Pass :  1   Iteration :  12  ||B r|| = 2.04685e-05
   Pass :  1   Iteration :  13  ||B r|| = 9.70465e-06
   Pass :  1   Iteration :  14  ||B r|| = 5.91258e-06
   Pass :  1   Iteration :  15  ||B r|| = 3.22533e-06
   Pass :  1   Iteration :  16  ||B r|| = 1.54011e-06
   Pass :  1   Iteration :  17  ||B r|| = 7.98534e-07
norm(r_0) 0
norm(r_1) 0
norm(r_2) 0
norm(r_3) 7.1220246e-07
norm(r_4) 0
Newton iteration  1 : ||r|| = 7.12202e-07, ||r||/||r_0|| = 6.57855e-05
Setting time step: 0.03863182 in DGTransportTDO
Setting time step: 0.03863182 in CombinedOp
Setting time step: 0.03863182 in IonStaticPressureOp
norm(r_0) 0
norm(r_1) 0
norm(r_2) 0
norm(r_3) 0.018574787
norm(r_4) 0
Newton iteration  0 : ||r|| = 0.0185748
   Pass :  1   Iteration :   0  ||B r|| = 1.05694
   Pass :  1   Iteration :   1  ||B r|| = 0.10071
   Pass :  1   Iteration :   2  ||B r|| = 0.0421835
   Pass :  1   Iteration :   3  ||B r|| = 0.0215873
   Pass :  1   Iteration :   4  ||B r|| = 0.00808385
   Pass :  1   Iteration :   5  ||B r|| = 0.00593035
   Pass :  1   Iteration :   6  ||B r|| = 0.00244487
   Pass :  1   Iteration :   7  ||B r|| = 0.00140773
   Pass :  1   Iteration :   8  ||B r|| = 0.000825588
   Pass :  1   Iteration :   9  ||B r|| = 0.000385191
   Pass :  1   Iteration :  10  ||B r|| = 0.000191204
   Pass :  1   Iteration :  11  ||B r|| = 7.56828e-05
   Pass :  1   Iteration :  12  ||B r|| = 3.51189e-05
   Pass :  1   Iteration :  13  ||B r|| = 1.66509e-05
   Pass :  1   Iteration :  14  ||B r|| = 1.01446e-05
   Pass :  1   Iteration :  15  ||B r|| = 5.53388e-06
   Pass :  1   Iteration :  16  ||B r|| = 2.64246e-06
   Pass :  1   Iteration :  17  ||B r|| = 1.37009e-06
   Pass :  1   Iteration :  18  ||B r|| = 6.16648e-07
norm(r_0) 0
norm(r_1) 0
norm(r_2) 0
norm(r_3) 5.7424006e-07
norm(r_4) 0
Newton iteration  1 : ||r|| = 5.7424e-07, ||r||/||r_0|| = 3.0915e-05
Setting time step: 0.03863182 in DGTransportTDO
Setting time step: 0.03863182 in CombinedOp
Setting time step: 0.03863182 in IonStaticPressureOp
norm(r_0) 0
norm(r_1) 0
norm(r_2) 0
norm(r_3) 0.021045124
norm(r_4) 0
Newton iteration  0 : ||r|| = 0.0210451
   Pass :  1   Iteration :   0  ||B r|| = 1.19751
   Pass :  1   Iteration :   1  ||B r|| = 0.114103
   Pass :  1   Iteration :   2  ||B r|| = 0.0477936
   Pass :  1   Iteration :   3  ||B r|| = 0.0244583
   Pass :  1   Iteration :   4  ||B r|| = 0.00915896
   Pass :  1   Iteration :   5  ||B r|| = 0.00671905
   Pass :  1   Iteration :   6  ||B r|| = 0.00277001
   Pass :  1   Iteration :   7  ||B r|| = 0.00159494
   Pass :  1   Iteration :   8  ||B r|| = 0.000935384
   Pass :  1   Iteration :   9  ||B r|| = 0.000436418
   Pass :  1   Iteration :  10  ||B r|| = 0.000216633
   Pass :  1   Iteration :  11  ||B r|| = 8.57483e-05
   Pass :  1   Iteration :  12  ||B r|| = 3.97896e-05
   Pass :  1   Iteration :  13  ||B r|| = 1.88654e-05
   Pass :  1   Iteration :  14  ||B r|| = 1.14939e-05
   Pass :  1   Iteration :  15  ||B r|| = 6.26986e-06
   Pass :  1   Iteration :  16  ||B r|| = 2.9939e-06
   Pass :  1   Iteration :  17  ||B r|| = 1.5523e-06
   Pass :  1   Iteration :  18  ||B r|| = 6.9866e-07
norm(r_0) 0
norm(r_1) 0
norm(r_2) 0
norm(r_3) 6.5061197e-07
norm(r_4) 0
Newton iteration  1 : ||r|| = 6.50612e-07, ||r||/||r_0|| = 3.09151e-05
Setting time step: 0.03863182 in DGTransportTDO
Setting time step: 0.03863182 in CombinedOp
Setting time step: 0.03863182 in IonStaticPressureOp
norm(r_0) 0
norm(r_1) 0
norm(r_2) 0
norm(r_3) 0.0067999417
norm(r_4) 0
Newton iteration  0 : ||r|| = 0.00679994
   Pass :  1   Iteration :   0  ||B r|| = 0.386937
   Pass :  1   Iteration :   1  ||B r|| = 0.0368687
   Pass :  1   Iteration :   2  ||B r|| = 0.015443
   Pass :  1   Iteration :   3  ||B r|| = 0.00790291
   Pass :  1   Iteration :   4  ||B r|| = 0.00295941
   Pass :  1   Iteration :   5  ||B r|| = 0.00217101
   Pass :  1   Iteration :   6  ||B r|| = 0.000895009
   Pass :  1   Iteration :   7  ||B r|| = 0.000515326
   Pass :  1   Iteration :   8  ||B r|| = 0.000302226
   Pass :  1   Iteration :   9  ||B r|| = 0.000141009
   Pass :  1   Iteration :  10  ||B r|| = 6.99985e-05
   Pass :  1   Iteration :  11  ||B r|| = 2.77081e-05
   Pass :  1   Iteration :  12  ||B r|| = 1.28577e-05
   Pass :  1   Iteration :  13  ||B r|| = 6.09643e-06
   Pass :  1   Iteration :  14  ||B r|| = 3.71439e-06
   Pass :  1   Iteration :  15  ||B r|| = 2.02613e-06
   Pass :  1   Iteration :  16  ||B r|| = 9.67499e-07
norm(r_0) 0
norm(r_1) 0
norm(r_2) 0
norm(r_3) 9.0590393e-07
norm(r_4) 0
Newton iteration  1 : ||r|| = 9.05904e-07, ||r||/||r_0|| = 0.000133222
Setting time step: 0.042563526 in DGTransportTDO
Setting time step: 0.042563526 in CombinedOp
Setting time step: 0.042563526 in IonStaticPressureOp
norm(r_0) 0
norm(r_1) 0
norm(r_2) 0
norm(r_3) 0.0045082031
norm(r_4) 0
Newton iteration  0 : ||r|| = 0.0045082
   Pass :  1   Iteration :   0  ||B r|| = 0.242714
   Pass :  1   Iteration :   1  ||B r|| = 0.0232319
   Pass :  1   Iteration :   2  ||B r|| = 0.00984719
   Pass :  1   Iteration :   3  ||B r|| = 0.00511063
   Pass :  1   Iteration :   4  ||B r|| = 0.00192277
   Pass :  1   Iteration :   5  ||B r|| = 0.0014147
   Pass :  1   Iteration :   6  ||B r|| = 0.000579915
   Pass :  1   Iteration :   7  ||B r|| = 0.000331168
   Pass :  1   Iteration :   8  ||B r|| = 0.000196806
   Pass :  1   Iteration :   9  ||B r|| = 9.34308e-05
   Pass :  1   Iteration :  10  ||B r|| = 4.69638e-05
   Pass :  1   Iteration :  11  ||B r|| = 1.86765e-05
   Pass :  1   Iteration :  12  ||B r|| = 8.64751e-06
   Pass :  1   Iteration :  13  ||B r|| = 4.05042e-06
   Pass :  1   Iteration :  14  ||B r|| = 2.45656e-06
   Pass :  1   Iteration :  15  ||B r|| = 1.34877e-06
   Pass :  1   Iteration :  16  ||B r|| = 6.43179e-07
norm(r_0) 0
norm(r_1) 0
norm(r_2) 0
norm(r_3) 6.729986e-07
norm(r_4) 0
Newton iteration  1 : ||r|| = 6.72999e-07, ||r||/||r_0|| = 0.000149283
Setting time step: 0.042563526 in DGTransportTDO
Setting time step: 0.042563526 in CombinedOp
Setting time step: 0.042563526 in IonStaticPressureOp
norm(r_0) 0
norm(r_1) 0
norm(r_2) 0
norm(r_3) 0.0012711177
norm(r_4) 0
Newton iteration  0 : ||r|| = 0.00127112
   Pass :  1   Iteration :   0  ||B r|| = 0.0684345
   Pass :  1   Iteration :   1  ||B r|| = 0.0065504
   Pass :  1   Iteration :   2  ||B r|| = 0.00277648
   Pass :  1   Iteration :   3  ||B r|| = 0.00144097
   Pass :  1   Iteration :   4  ||B r|| = 0.000542129
   Pass :  1   Iteration :   5  ||B r|| = 0.000398881
   Pass :  1   Iteration :   6  ||B r|| = 0.000163514
   Pass :  1   Iteration :   7  ||B r|| = 9.33783e-05
   Pass :  1   Iteration :   8  ||B r|| = 5.54928e-05
   Pass :  1   Iteration :   9  ||B r|| = 2.63438e-05
   Pass :  1   Iteration :  10  ||B r|| = 1.32414e-05
   Pass :  1   Iteration :  11  ||B r|| = 5.26575e-06
   Pass :  1   Iteration :  12  ||B r|| = 2.43807e-06
   Pass :  1   Iteration :  13  ||B r|| = 1.14193e-06
   Pass :  1   Iteration :  14  ||B r|| = 6.92549e-07
norm(r_0) 0
norm(r_1) 0
norm(r_2) 0
norm(r_3) 8.100074e-07
norm(r_4) 0
Newton iteration  1 : ||r|| = 8.10007e-07, ||r||/||r_0|| = 0.00063724
Setting time step: 0.042563526 in DGTransportTDO
Setting time step: 0.042563526 in CombinedOp
Setting time step: 0.042563526 in IonStaticPressureOp
norm(r_0) 0
norm(r_1) 0
norm(r_2) 0
norm(r_3) 0.002380004
norm(r_4) 0
Newton iteration  0 : ||r|| = 0.00238
   Pass :  1   Iteration :   0  ||B r|| = 0.128135
   Pass :  1   Iteration :   1  ||B r|| = 0.0122648
   Pass :  1   Iteration :   2  ||B r|| = 0.0051986
   Pass :  1   Iteration :   3  ||B r|| = 0.00269804
   Pass :  1   Iteration :   4  ||B r|| = 0.00101508
   Pass :  1   Iteration :   5  ||B r|| = 0.000746858
   Pass :  1   Iteration :   6  ||B r|| = 0.000306155
   Pass :  1   Iteration :   7  ||B r|| = 0.000174834
   Pass :  1   Iteration :   8  ||B r|| = 0.0001039
   Pass :  1   Iteration :   9  ||B r|| = 4.93249e-05
   Pass :  1   Iteration :  10  ||B r|| = 2.47932e-05
   Pass :  1   Iteration :  11  ||B r|| = 9.85967e-06
   Pass :  1   Iteration :  12  ||B r|| = 4.56516e-06
   Pass :  1   Iteration :  13  ||B r|| = 2.13825e-06
   Pass :  1   Iteration :  14  ||B r|| = 1.29683e-06
   Pass :  1   Iteration :  15  ||B r|| = 7.12021e-07
norm(r_0) 0
norm(r_1) 0
norm(r_2) 0
norm(r_3) 8.2218155e-07
norm(r_4) 0
Newton iteration  1 : ||r|| = 8.22182e-07, ||r||/||r_0|| = 0.000345454
Setting time step: 0.042563526 in DGTransportTDO
Setting time step: 0.042563526 in CombinedOp
Setting time step: 0.042563526 in IonStaticPressureOp
norm(r_0) 0
norm(r_1) 0
norm(r_2) 0
norm(r_3) 0.0027397883
norm(r_4) 0
Newton iteration  0 : ||r|| = 0.00273979
   Pass :  1   Iteration :   0  ||B r|| = 0.147505
   Pass :  1   Iteration :   1  ||B r|| = 0.0141188
   Pass :  1   Iteration :   2  ||B r|| = 0.00598446
   Pass :  1   Iteration :   3  ||B r|| = 0.0031059
   Pass :  1   Iteration :   4  ||B r|| = 0.00116853
   Pass :  1   Iteration :   5  ||B r|| = 0.00085976
   Pass :  1   Iteration :   6  ||B r|| = 0.000352435
   Pass :  1   Iteration :   7  ||B r|| = 0.000201263
   Pass :  1   Iteration :   8  ||B r|| = 0.000119606
   Pass :  1   Iteration :   9  ||B r|| = 5.67812e-05
   Pass :  1   Iteration :  10  ||B r|| = 2.85413e-05
   Pass :  1   Iteration :  11  ||B r|| = 1.13502e-05
   Pass :  1   Iteration :  12  ||B r|| = 5.2553e-06
   Pass :  1   Iteration :  13  ||B r|| = 2.46151e-06
   Pass :  1   Iteration :  14  ||B r|| = 1.49288e-06
   Pass :  1   Iteration :  15  ||B r|| = 8.19666e-07
norm(r_0) 0
norm(r_1) 0
norm(r_2) 0
norm(r_3) 9.4648105e-07
norm(r_4) 0
Newton iteration  1 : ||r|| = 9.46481e-07, ||r||/||r_0|| = 0.000345458
Setting time step: 0.042563526 in DGTransportTDO
Setting time step: 0.042563526 in CombinedOp
Setting time step: 0.042563526 in IonStaticPressureOp
norm(r_0) 0
norm(r_1) 0
norm(r_2) 0
norm(r_3) 0.00079538485
norm(r_4) 0
Newton iteration  0 : ||r|| = 0.000795385
   Pass :  1   Iteration :   0  ||B r|| = 0.042821
   Pass :  1   Iteration :   1  ||B r|| = 0.00409847
   Pass :  1   Iteration :   2  ||B r|| = 0.00173726
   Pass :  1   Iteration :   3  ||B r|| = 0.00090171
   Pass :  1   Iteration :   4  ||B r|| = 0.00033926
   Pass :  1   Iteration :   5  ||B r|| = 0.000249605
   Pass :  1   Iteration :   6  ||B r|| = 0.000102289
   Pass :  1   Iteration :   7  ||B r|| = 5.8396e-05
   Pass :  1   Iteration :   8  ||B r|| = 3.47098e-05
   Pass :  1   Iteration :   9  ||B r|| = 1.64822e-05
   Pass :  1   Iteration :  10  ||B r|| = 8.28539e-06
   Pass :  1   Iteration :  11  ||B r|| = 3.29503e-06
   Pass :  1   Iteration :  12  ||B r|| = 1.52629e-06
   Pass :  1   Iteration :  13  ||B r|| = 7.15104e-07
norm(r_0) 0
norm(r_1) 0
norm(r_2) 0
norm(r_3) 9.5179536e-07
norm(r_4) 0
Newton iteration  1 : ||r|| = 9.51795e-07, ||r||/||r_0|| = 0.00119665
Setting time step: 0.085127053 in DGTransportTDO
Setting time step: 0.085127053 in CombinedOp
Setting time step: 0.085127053 in IonStaticPressureOp
norm(r_0) 0
norm(r_1) 0
norm(r_2) 0
norm(r_3) 0.00050978828
norm(r_4) 0
Newton iteration  0 : ||r|| = 0.000509788
   Pass :  1   Iteration :   0  ||B r|| = 0.0173435
   Pass :  1   Iteration :   1  ||B r|| = 0.00171386
   Pass :  1   Iteration :   2  ||B r|| = 0.000783634
   Pass :  1   Iteration :   3  ||B r|| = 0.000439588
   Pass :  1   Iteration :   4  ||B r|| = 0.000172904
   Pass :  1   Iteration :   5  ||B r|| = 0.000129255
   Pass :  1   Iteration :   6  ||B r|| = 5.20895e-05
   Pass :  1   Iteration :   7  ||B r|| = 2.78074e-05
   Pass :  1   Iteration :   8  ||B r|| = 1.73619e-05
   Pass :  1   Iteration :   9  ||B r|| = 9.01788e-06
   Pass :  1   Iteration :  10  ||B r|| = 4.88314e-06
   Pass :  1   Iteration :  11  ||B r|| = 2.04449e-06
   Pass :  1   Iteration :  12  ||B r|| = 9.54229e-07
norm(r_0) 0
norm(r_1) 0
norm(r_2) 0
norm(r_3) 2.3483949e-06
norm(r_4) 0
Newton iteration  1 : ||r|| = 2.34839e-06, ||r||/||r_0|| = 0.00460661
Setting time step: 0.085127053 in DGTransportTDO
Setting time step: 0.085127053 in CombinedOp
Setting time step: 0.085127053 in IonStaticPressureOp
norm(r_0) 0
norm(r_1) 0
norm(r_2) 0
norm(r_3) 2.930164e-05
norm(r_4) 0
Newton iteration  0 : ||r|| = 2.93016e-05
   Pass :  1   Iteration :   0  ||B r|| = 0.000984732
   Pass :  1   Iteration :   1  ||B r|| = 9.70155e-05
   Pass :  1   Iteration :   2  ||B r|| = 4.43572e-05
   Pass :  1   Iteration :   3  ||B r|| = 2.49536e-05
   Pass :  1   Iteration :   4  ||B r|| = 9.83538e-06
   Pass :  1   Iteration :   5  ||B r|| = 7.332e-06
   Pass :  1   Iteration :   6  ||B r|| = 2.91509e-06
   Pass :  1   Iteration :   7  ||B r|| = 1.56278e-06
   Pass :  1   Iteration :   8  ||B r|| = 9.78438e-07
norm(r_0) 0
norm(r_1) 0
norm(r_2) 0
norm(r_3) 1.804109e-06
norm(r_4) 0
Newton iteration  1 : ||r|| = 1.80411e-06, ||r||/||r_0|| = 0.0615702
Setting time step: 0.085127053 in DGTransportTDO
Setting time step: 0.085127053 in CombinedOp
Setting time step: 0.085127053 in IonStaticPressureOp
norm(r_0) 0
norm(r_1) 0
norm(r_2) 0
norm(r_3) 0.00014101757
norm(r_4) 0
Newton iteration  0 : ||r|| = 0.000141018
   Pass :  1   Iteration :   0  ||B r|| = 0.00479677
   Pass :  1   Iteration :   1  ||B r|| = 0.000474288
   Pass :  1   Iteration :   2  ||B r|| = 0.000216869
   Pass :  1   Iteration :   3  ||B r|| = 0.000121596
   Pass :  1   Iteration :   4  ||B r|| = 4.78197e-05
   Pass :  1   Iteration :   5  ||B r|| = 3.57642e-05
   Pass :  1   Iteration :   6  ||B r|| = 1.44464e-05
   Pass :  1   Iteration :   7  ||B r|| = 7.70625e-06
   Pass :  1   Iteration :   8  ||B r|| = 4.80927e-06
   Pass :  1   Iteration :   9  ||B r|| = 2.49786e-06
   Pass :  1   Iteration :  10  ||B r|| = 1.35286e-06
   Pass :  1   Iteration :  11  ||B r|| = 5.66635e-07
norm(r_0) 0
norm(r_1) 0
norm(r_2) 0
norm(r_3) 1.372677e-06
norm(r_4) 0
Newton iteration  1 : ||r|| = 1.37268e-06, ||r||/||r_0|| = 0.00973408
Setting time step: 0.085127053 in DGTransportTDO
Setting time step: 0.085127053 in CombinedOp
Setting time step: 0.085127053 in IonStaticPressureOp
norm(r_0) 0
norm(r_1) 0
norm(r_2) 0
norm(r_3) 0.0002045567
norm(r_4) 0
Newton iteration  0 : ||r|| = 0.000204557
   Pass :  1   Iteration :   0  ||B r|| = 0.00695921
   Pass :  1   Iteration :   1  ||B r|| = 0.000687934
   Pass :  1   Iteration :   2  ||B r|| = 0.000314553
   Pass :  1   Iteration :   3  ||B r|| = 0.000176404
   Pass :  1   Iteration :   4  ||B r|| = 6.93825e-05
   Pass :  1   Iteration :   5  ||B r|| = 5.18808e-05
   Pass :  1   Iteration :   6  ||B r|| = 2.09349e-05
   Pass :  1   Iteration :   7  ||B r|| = 1.11711e-05
   Pass :  1   Iteration :   8  ||B r|| = 6.97309e-06
   Pass :  1   Iteration :   9  ||B r|| = 3.62165e-06
   Pass :  1   Iteration :  10  ||B r|| = 1.96126e-06
   Pass :  1   Iteration :  11  ||B r|| = 8.21325e-07
norm(r_0) 0
norm(r_1) 0
norm(r_2) 0
norm(r_3) 1.9909585e-06
norm(r_4) 0
Newton iteration  1 : ||r|| = 1.99096e-06, ||r||/||r_0|| = 0.00973304
Setting time step: 0.085127053 in DGTransportTDO
Setting time step: 0.085127053 in CombinedOp
Setting time step: 0.085127053 in IonStaticPressureOp
norm(r_0) 0
norm(r_1) 0
norm(r_2) 0
norm(r_3) 6.0964381e-05
norm(r_4) 0
Newton iteration  0 : ||r|| = 6.09644e-05
   Pass :  1   Iteration :   0  ||B r|| = 0.00201847
   Pass :  1   Iteration :   1  ||B r|| = 0.000199161
   Pass :  1   Iteration :   2  ||B r|| = 9.13037e-05
   Pass :  1   Iteration :   3  ||B r|| = 5.14717e-05
   Pass :  1   Iteration :   4  ||B r|| = 2.04984e-05
   Pass :  1   Iteration :   5  ||B r|| = 1.52339e-05
   Pass :  1   Iteration :   6  ||B r|| = 6.03786e-06
   Pass :  1   Iteration :   7  ||B r|| = 3.24891e-06
   Pass :  1   Iteration :   8  ||B r|| = 2.03831e-06
   Pass :  1   Iteration :   9  ||B r|| = 1.04442e-06
   Pass :  1   Iteration :  10  ||B r|| = 5.61496e-07
norm(r_0) 0
norm(r_1) 0
norm(r_2) 0
norm(r_3) 1.0676878e-06
norm(r_4) 0
Newton iteration  1 : ||r|| = 1.06769e-06, ||r||/||r_0|| = 0.0175133
Time stepping paused at t = 0.89420404

Estimating errors.
No refinements necessary.
No derefinements needed.

AMR iteration 2
Number of unknowns: 256
Setting time step: 0.17025411 in DGTransportTDO
Setting time step: 0.17025411 in CombinedOp
Setting time step: 0.17025411 in IonStaticPressureOp
norm(r_0) 0
norm(r_1) 0
norm(r_2) 0
norm(r_3) 2.8031849e-05
norm(r_4) 0
Newton iteration  0 : ||r|| = 2.80318e-05
   Pass :  1   Iteration :   0  ||B r|| = 0.000547147
   Pass :  1   Iteration :   1  ||B r|| = 5.5606e-05
   Pass :  1   Iteration :   2  ||B r|| = 2.68753e-05
   Pass :  1   Iteration :   3  ||B r|| = 1.58374e-05
   Pass :  1   Iteration :   4  ||B r|| = 6.46117e-06
   Pass :  1   Iteration :   5  ||B r|| = 4.89192e-06
   Pass :  1   Iteration :   6  ||B r|| = 1.98047e-06
   Pass :  1   Iteration :   7  ||B r|| = 1.00567e-06
   Pass :  1   Iteration :   8  ||B r|| = 6.35292e-07
norm(r_0) 0
norm(r_1) 0
norm(r_2) 0
norm(r_3) 2.2991599e-06
norm(r_4) 0
Newton iteration  1 : ||r|| = 2.29916e-06, ||r||/||r_0|| = 0.0820196
Setting time step: 0.17025411 in DGTransportTDO
Setting time step: 0.17025411 in CombinedOp
Setting time step: 0.17025411 in IonStaticPressureOp
norm(r_0) 0
norm(r_1) 0
norm(r_2) 0
norm(r_3) 1.1765498e-05
norm(r_4) 0
Newton iteration  0 : ||r|| = 1.17655e-05
   Pass :  1   Iteration :   0  ||B r|| = 0.000209918
   Pass :  1   Iteration :   1  ||B r|| = 2.11612e-05
   Pass :  1   Iteration :   2  ||B r|| = 1.01758e-05
   Pass :  1   Iteration :   3  ||B r|| = 5.99086e-06
   Pass :  1   Iteration :   4  ||B r|| = 2.38783e-06
   Pass :  1   Iteration :   5  ||B r|| = 1.8215e-06
   Pass :  1   Iteration :   6  ||B r|| = 7.42675e-07
norm(r_0) 0
norm(r_1) 0
norm(r_2) 0
norm(r_3) 3.8227397e-06
norm(r_4) 0
Newton iteration  1 : ||r|| = 3.82274e-06, ||r||/||r_0|| = 0.324911
Setting time step: 0.17025411 in DGTransportTDO
Setting time step: 0.17025411 in CombinedOp
Setting time step: 0.17025411 in IonStaticPressureOp
norm(r_0) 0
norm(r_1) 0
norm(r_2) 0
norm(r_3) 3.7390426e-06
norm(r_4) 0
Newton iteration  0 : ||r|| = 3.73904e-06
   Pass :  1   Iteration :   0  ||B r|| = 9.03754e-06
   Pass :  1   Iteration :   1  ||B r|| = 1.32653e-06
   Pass :  1   Iteration :   2  ||B r|| = 7.75693e-07
norm(r_0) 0
norm(r_1) 0
norm(r_2) 0
norm(r_3) 2.0083623e-06
norm(r_4) 0
Newton iteration  1 : ||r|| = 2.00836e-06, ||r||/||r_0|| = 0.537133
Setting time step: 0.17025411 in DGTransportTDO
Setting time step: 0.17025411 in CombinedOp
Setting time step: 0.17025411 in IonStaticPressureOp
norm(r_0) 0
norm(r_1) 0
norm(r_2) 0
norm(r_3) 6.0913409e-06
norm(r_4) 0
Newton iteration  0 : ||r|| = 6.09134e-06
   Pass :  1   Iteration :   0  ||B r|| = 0.000103982
   Pass :  1   Iteration :   1  ||B r|| = 1.07731e-05
   Pass :  1   Iteration :   2  ||B r|| = 5.26877e-06
   Pass :  1   Iteration :   3  ||B r|| = 3.11455e-06
   Pass :  1   Iteration :   4  ||B r|| = 1.29793e-06
   Pass :  1   Iteration :   5  ||B r|| = 9.66937e-07
norm(r_0) 0
norm(r_1) 0
norm(r_2) 0
norm(r_3) 2.4959467e-06
norm(r_4) 0
Newton iteration  1 : ||r|| = 2.49595e-06, ||r||/||r_0|| = 0.409753
Setting time step: 0.17025411 in DGTransportTDO
Setting time step: 0.17025411 in CombinedOp
Setting time step: 0.17025411 in IonStaticPressureOp
norm(r_0) 0
norm(r_1) 0
norm(r_2) 0
norm(r_3) 8.8243864e-05
norm(r_4) 0
Newton iteration  0 : ||r|| = 8.82439e-05
   Pass :  1   Iteration :   0  ||B r|| = 0.000210064
   Pass :  1   Iteration :   1  ||B r|| = 3.59405e-05
   Pass :  1   Iteration :   2  ||B r|| = 1.3418e-05
   Pass :  1   Iteration :   3  ||B r|| = 8.22718e-06
   Pass :  1   Iteration :   4  ||B r|| = 5.639e-06
   Pass :  1   Iteration :   5  ||B r|| = 2.65198e-06
   Pass :  1   Iteration :   6  ||B r|| = 1.12807e-06
   Pass :  1   Iteration :   7  ||B r|| = 4.79421e-07
norm(r_0) 0
norm(r_1) 0
norm(r_2) 0
norm(r_3) 2.2791158e-06
norm(r_4) 0
Newton iteration  1 : ||r|| = 2.27912e-06, ||r||/||r_0|| = 0.0258275
Setting time step: 0.34050821 in DGTransportTDO
Setting time step: 0.34050821 in CombinedOp
Setting time step: 0.34050821 in IonStaticPressureOp
norm(r_0) 0
norm(r_1) 0
norm(r_2) 0
norm(r_3) 4.7531562e-06
norm(r_4) 0
Newton iteration  0 : ||r|| = 4.75316e-06
   Pass :  1   Iteration :   0  ||B r|| = 4.18495e-05
   Pass :  1   Iteration :   1  ||B r|| = 4.49142e-06
   Pass :  1   Iteration :   2  ||B r|| = 2.2524e-06
   Pass :  1   Iteration :   3  ||B r|| = 1.37089e-06
   Pass :  1   Iteration :   4  ||B r|| = 6.0868e-07
norm(r_0) 0
norm(r_1) 0
norm(r_2) 0
norm(r_3) 4.8792269e-06
norm(r_4) 0
Newton iteration  1 : ||r|| = 4.87923e-06, ||r||/||r_0|| = 1.02652
Setting time step: 0.34050821 in DGTransportTDO
Setting time step: 0.34050821 in CombinedOp
Setting time step: 0.34050821 in IonStaticPressureOp
norm(r_0) 0
norm(r_1) 0
norm(r_2) 0
norm(r_3) 1.0213903e-05
norm(r_4) 0
Newton iteration  0 : ||r|| = 1.02139e-05
   Pass :  1   Iteration :   0  ||B r|| = 2.66596e-05
   Pass :  1   Iteration :   1  ||B r|| = 2.99245e-06
   Pass :  1   Iteration :   2  ||B r|| = 1.08152e-06
   Pass :  1   Iteration :   3  ||B r|| = 6.61603e-07
norm(r_0) 0
norm(r_1) 0
norm(r_2) 0
norm(r_3) 3.2116092e-06
norm(r_4) 0
Newton iteration  1 : ||r|| = 3.21161e-06, ||r||/||r_0|| = 0.314435
Setting time step: 0.34050821 in DGTransportTDO
Setting time step: 0.34050821 in CombinedOp
Setting time step: 0.34050821 in IonStaticPressureOp
norm(r_0) 0
norm(r_1) 0
norm(r_2) 0
norm(r_3) 8.3334446e-06
norm(r_4) 0
Newton iteration  0 : ||r|| = 8.33344e-06
   Pass :  1   Iteration :   0  ||B r|| = 8.35945e-06
   Pass :  1   Iteration :   1  ||B r|| = 1.19887e-06
   Pass :  1   Iteration :   2  ||B r|| = 3.10404e-07
norm(r_0) 0
norm(r_1) 0
norm(r_2) 0
norm(r_3) 2.5729018e-06
norm(r_4) 0
Newton iteration  1 : ||r|| = 2.5729e-06, ||r||/||r_0|| = 0.308744
Setting time step: 0.34050821 in DGTransportTDO
Setting time step: 0.34050821 in CombinedOp
Setting time step: 0.34050821 in IonStaticPressureOp
norm(r_0) 0
norm(r_1) 0
norm(r_2) 0
norm(r_3) 6.6209069e-06
norm(r_4) 0
Newton iteration  0 : ||r|| = 6.62091e-06
   Pass :  1   Iteration :   0  ||B r|| = 1.16003e-06
   Pass :  1   Iteration :   1  ||B r|| = 7.47377e-07
norm(r_0) 0
norm(r_1) 0
norm(r_2) 0
norm(r_3) 3.4215721e-06
norm(r_4) 0
Newton iteration  1 : ||r|| = 3.42157e-06, ||r||/||r_0|| = 0.516783
Setting time step: 0.34050821 in DGTransportTDO
Setting time step: 0.34050821 in CombinedOp
Setting time step: 0.34050821 in IonStaticPressureOp
norm(r_0) 0
norm(r_1) 0
norm(r_2) 0
norm(r_3) 0.00013647284
norm(r_4) 0
Newton iteration  0 : ||r|| = 0.000136473
   Pass :  1   Iteration :   0  ||B r|| = 4.5731e-05
   Pass :  1   Iteration :   1  ||B r|| = 9.07532e-06
   Pass :  1   Iteration :   2  ||B r|| = 7.18913e-06
   Pass :  1   Iteration :   3  ||B r|| = 4.10443e-06
   Pass :  1   Iteration :   4  ||B r|| = 1.93825e-06
   Pass :  1   Iteration :   5  ||B r|| = 1.26465e-06
   Pass :  1   Iteration :   6  ||B r|| = 4.90869e-07
norm(r_0) 0
norm(r_1) 0
norm(r_2) 0
norm(r_3) 3.6727576e-06
norm(r_4) 0
Newton iteration  1 : ||r|| = 3.67276e-06, ||r||/||r_0|| = 0.026912
Setting time step: 0.68101642 in DGTransportTDO
Setting time step: 0.68101642 in CombinedOp
Setting time step: 0.68101642 in IonStaticPressureOp
norm(r_0) 0
norm(r_1) 0
norm(r_2) 0
norm(r_3) 3.7443036e-06
norm(r_4) 0
Newton iteration  0 : ||r|| = 3.7443e-06
   Pass :  1   Iteration :   0  ||B r|| = 1.38843e-06
   Pass :  1   Iteration :   1  ||B r|| = 1.97374e-07
norm(r_0) 0
norm(r_1) 0
norm(r_2) 0
norm(r_3) 1.9407844e-06
norm(r_4) 0
Newton iteration  1 : ||r|| = 1.94078e-06, ||r||/||r_0|| = 0.51833
Setting time step: 0.68101642 in DGTransportTDO
Setting time step: 0.68101642 in CombinedOp
Setting time step: 0.68101642 in IonStaticPressureOp
norm(r_0) 0
norm(r_1) 0
norm(r_2) 0
norm(r_3) 4.5351758e-06
norm(r_4) 0
Newton iteration  0 : ||r|| = 4.53518e-06
   Pass :  1   Iteration :   0  ||B r|| = 1.2566e-06
   Pass :  1   Iteration :   1  ||B r|| = 9.7068e-08
norm(r_0) 0
norm(r_1) 0
norm(r_2) 0
norm(r_3) 1.0812058e-06
norm(r_4) 0
Newton iteration  1 : ||r|| = 1.08121e-06, ||r||/||r_0|| = 0.238404
Setting time step: 0.68101642 in DGTransportTDO
Setting time step: 0.68101642 in CombinedOp
Setting time step: 0.68101642 in IonStaticPressureOp
norm(r_0) 0
norm(r_1) 0
norm(r_2) 0
norm(r_3) 3.2682099e-06
norm(r_4) 0
Newton iteration  0 : ||r|| = 3.26821e-06
   Pass :  1   Iteration :   0  ||B r|| = 6.32526e-07
norm(r_0) 0
norm(r_1) 0
norm(r_2) 0
norm(r_3) 3.2682099e-06
norm(r_4) 0
Newton iteration  1 : ||r|| = 3.26821e-06, ||r||/||r_0|| = 1
Setting time step: 0.68101642 in DGTransportTDO
Setting time step: 0.68101642 in CombinedOp
Setting time step: 0.68101642 in IonStaticPressureOp
norm(r_0) 0
norm(r_1) 0
norm(r_2) 0
norm(r_3) 2.7553389e-06
norm(r_4) 0
Newton iteration  0 : ||r|| = 2.75534e-06
   Pass :  1   Iteration :   0  ||B r|| = 3.66122e-07
norm(r_0) 0
norm(r_1) 0
norm(r_2) 0
norm(r_3) 2.7553389e-06
norm(r_4) 0
Newton iteration  1 : ||r|| = 2.75534e-06, ||r||/||r_0|| = 1
Setting time step: 0.68101642 in DGTransportTDO
Setting time step: 0.68101642 in CombinedOp
Setting time step: 0.68101642 in IonStaticPressureOp
norm(r_0) 0
norm(r_1) 0
norm(r_2) 0
norm(r_3) 3.1606289e-05
norm(r_4) 0
Newton iteration  0 : ||r|| = 3.16063e-05
   Pass :  1   Iteration :   0  ||B r|| = 8.97795e-06
   Pass :  1   Iteration :   1  ||B r|| = 2.4316e-07
norm(r_0) 0
norm(r_1) 0
norm(r_2) 0
norm(r_3) 4.4283113e-06
norm(r_4) 0
Newton iteration  1 : ||r|| = 4.42831e-06, ||r||/||r_0|| = 0.140109
Setting time step: 1.3620328 in DGTransportTDO
Setting time step: 1.3620328 in CombinedOp
Setting time step: 1.3620328 in IonStaticPressureOp
norm(r_0) 0
norm(r_1) 0
norm(r_2) 0
norm(r_3) 4.4246895e-06
norm(r_4) 0
Newton iteration  0 : ||r|| = 4.42469e-06
   Pass :  1   Iteration :   0  ||B r|| = 2.35557e-07
norm(r_0) 0
norm(r_1) 0
norm(r_2) 0
norm(r_3) 4.4246895e-06
norm(r_4) 0
Newton iteration  1 : ||r|| = 4.42469e-06, ||r||/||r_0|| = 1
Setting time step: 1.3620328 in DGTransportTDO
Setting time step: 1.3620328 in CombinedOp
Setting time step: 1.3620328 in IonStaticPressureOp
norm(r_0) 0
norm(r_1) 0
norm(r_2) 0
norm(r_3) 4.4246895e-06
norm(r_4) 0
Newton iteration  0 : ||r|| = 4.42469e-06
   Pass :  1   Iteration :   0  ||B r|| = 2.35557e-07
norm(r_0) 0
norm(r_1) 0
norm(r_2) 0
norm(r_3) 4.4246895e-06
norm(r_4) 0
Newton iteration  1 : ||r|| = 4.42469e-06, ||r||/||r_0|| = 1
Setting time step: 1.3620328 in DGTransportTDO
Setting time step: 1.3620328 in CombinedOp
Setting time step: 1.3620328 in IonStaticPressureOp
norm(r_0) 0
norm(r_1) 0
norm(r_2) 0
norm(r_3) 4.4246895e-06
norm(r_4) 0
Newton iteration  0 : ||r|| = 4.42469e-06
   Pass :  1   Iteration :   0  ||B r|| = 2.35557e-07
norm(r_0) 0
norm(r_1) 0
norm(r_2) 0
norm(r_3) 4.4246895e-06
norm(r_4) 0
Newton iteration  1 : ||r|| = 4.42469e-06, ||r||/||r_0|| = 1
Setting time step: 1.3620328 in DGTransportTDO
Setting time step: 1.3620328 in CombinedOp
Setting time step: 1.3620328 in IonStaticPressureOp
norm(r_0) 0
norm(r_1) 0
norm(r_2) 0
norm(r_3) 4.4246895e-06
norm(r_4) 0
Newton iteration  0 : ||r|| = 4.42469e-06
   Pass :  1   Iteration :   0  ||B r|| = 2.35557e-07
norm(r_0) 0
norm(r_1) 0
norm(r_2) 0
norm(r_3) 4.4246895e-06
norm(r_4) 0
Newton iteration  1 : ||r|| = 4.42469e-06, ||r||/||r_0|| = 1
Setting time step: 1.3620328 in DGTransportTDO
Setting time step: 1.3620328 in CombinedOp
Setting time step: 1.3620328 in IonStaticPressureOp
norm(r_0) 0
norm(r_1) 0
norm(r_2) 0
norm(r_3) 4.4246895e-06
norm(r_4) 0
Newton iteration  0 : ||r|| = 4.42469e-06
   Pass :  1   Iteration :   0  ||B r|| = 2.35557e-07
norm(r_0) 0
norm(r_1) 0
norm(r_2) 0
norm(r_3) 4.4246895e-06
norm(r_4) 0
Newton iteration  1 : ||r|| = 4.42469e-06, ||r||/||r_0|| = 1
Time stepping paused at t = 11.10945
Steady State solution has been reached

Time stepping done after 0.44884638s.
