Options used:
   --mesh ../../mfem/data/inline-quad.mesh
   --bc-file ../../mfem/miniapps/plasma/transport2d_bcs.inp
   --ic-file ../../mfem/miniapps/plasma/transport2d_ics.inp
   --ec-file /home/gz6/mfem-analysis/input-files/transport2d_ecs.inp
   --es-file ../../mfem/miniapps/plasma/transport2d_ess.inp
   --eqdsk-file 
   --logging 1
   --operator-test 8
   --equation-weights '1 1 1 1 1'
   --problem 0
   --refine-serial 3
   --refine-parallel 0
   --enable-amr
   --max-err -1
   --hysteresis 0.25
   --nc-limit 3
   --amr-weights '1 1 1 1 1'
   --order 3
   --dg-sigma -1
   --dg-kappa 16
   --linear-abs-tolerance 1e-06
   --linear-rel-tolerance 1e-06
   --linear-max-iterations 500
   --linear-logging-level 3
   --newton-abs-tolerance 1e-10
   --newton-rel-tolerance 1e-10
   --newton-max-iterations 1
   --newton-logging-level 1
   --steady-state-abs-tolerance 1e-08
   --steady-state-rel-tolerance 1e-08
   --prec-type 1
   --prec-logging-level 0
   --initial-tolerance 1e-05
   --ode-tolerance 0.001
   --ode-solver 2
   --err-per-step
   --ode-weights '1 1 1 1 1'
   --kP 0
   --kI 0.6
   --kD 0
   --theta-max 2
   --t-minimum 0
   --t-final 100
   --time-step 0.01
   --cfl-number 0.3
   --ion-charge 1
   --ion-mass 2.0141018
   --neutral-mass 2.0141018
   --neutral-temp 3
   --min-neutral-density 9e+14
   --max-neutral-density 1e+15
   --neutral-density-exp 0
   --min-ion-density 1e+16
   --max-ion-density 1e+18
   --ion-density-exp 0
   --min-ion-temp 1
   --max-ion-temp 10
   --ion-temp-exp 0
   --min-electron-temp 10
   --max-electron-temp 440
   --electron-temp-exp 0
   --total-B-magnitude 5
   --poloidal-B-magnitude 0.5
   --velocity 1000
   --Di-perp 1
   --Xi-perp 1
   --Xe-perp 1
   --equation-term-flags '-1 -1 -1 -1 -1'
   --visualization-flags '-1 -1 -1 -1 -1'
   --visualization
   --visit-datafiles
   --ascii-datafiles
   --visualization-steps 4
Device configuration: cpu
Memory configuration: host-std
Number of elements in initial mesh: 16
Number of elements after serial refinement: 1024
1: Number of elements in parallel mesh: 64
1: Number of elements after parallel refinement: 64
2: Number of elements in parallel mesh: 64
2: Number of elements after parallel refinement: 64
3: Number of elements in parallel mesh: 64
3: Number of elements after parallel refinement: 64
0: Number of elements in parallel mesh: 64
0: Number of elements after parallel refinement: 64
12: Number of elements in parallel mesh: 64
12: Number of elements after parallel refinement: 64
13: Number of elements in parallel mesh: 64
13: Number of elements after parallel refinement: 64
15: Number of elements in parallel mesh: 64
15: Number of elements after parallel refinement: 64
10: Number of elements in parallel mesh: 64
10: Number of elements after parallel refinement: 64
11: Number of elements in parallel mesh: 64
11: Number of elements after parallel refinement: 64
4: Number of elements in parallel mesh: 64
4: Number of elements after parallel refinement: 64
5: Number of elements in parallel mesh: 64
5: Number of elements after parallel refinement: 64
6: Number of elements in parallel mesh: 64
6: Number of elements after parallel refinement: 64
7: Number of elements in parallel mesh: 64
7: Number of elements after parallel refinement: 64
9: Number of elements in parallel mesh: 64
9: Number of elements after parallel refinement: 64
8: Number of elements in parallel mesh: 64
8: Number of elements after parallel refinement: 64
14: Number of elements in parallel mesh: 64
14: Number of elements after parallel refinement: 64
Configuring initial conditions
Reading initial conditions from ../../mfem/miniapps/plasma/transport2d_ics.inp
Configuring exact solutions
Reading exact solutions from ../../mfem/miniapps/plasma/transport2d_ess.inp

AMR iteration 0
Number of unknowns: 16384
Stopping criterion satisfied. Stop.
Number of unknowns per field: 16384
Total number of unknowns:     81920
Configuring boundary conditions
Reading boundary conditions from ../../mfem/miniapps/plasma/transport2d_bcs.inp
Configuring equation coefficients
Reading equation coefficients from /home/gz6/mfem-analysis/input-files/transport2d_ecs.inp
|mn| = 3.3444946e-27
|ni| = 1
|ne| = 1

|Dn|     = -nan
|Di|     = -nan
|Eta|    = -nan
|nXi|    = -nan
|nXe|    = -nan

|Eta/mn| = -nan
|nXi/ni| = -nan
|nXe/ne| = -nan
Ion Static Pressure: Adding time derivative term proportional to d n_i / dt
Ion Static Pressure: Adding time derivative term proportional to d T_i / dt
Ion Static Pressure: Adding anisotropic diffusion term
Ion Static Pressure: Adding source term
Opening GLVis sockets.
Range of error estimates for initial condition: -nan < elem err < -nan

Begin time stepping at t = 0
Setting time step: 0.0025 in DGTransportTDO
Setting time step: 0.0025 in CombinedOp
Setting time step: 0.0025 in IonStaticPressureOp
norm(r_0) 0
norm(r_1) 0
norm(r_2) 0
norm(r_3) 0.084245755
norm(r_4) 0
Newton iteration  0 : ||r|| = 0.0842458
   Pass :  1   Iteration :   0  ||B r|| = 641.981 ...
   Pass :  1   Iteration :  19  ||B r|| = 0.000413281
norm(r_0) 0
norm(r_1) 0
norm(r_2) 0
norm(r_3) 1.2934516e-05
norm(r_4) 0
Newton iteration  1 : ||r|| = 1.29345e-05, ||r||/||r_0|| = 0.000153533
Setting time step: 0.0025 in DGTransportTDO
Setting time step: 0.0025 in CombinedOp
Setting time step: 0.0025 in IonStaticPressureOp
norm(r_0) 0
norm(r_1) 0
norm(r_2) 0
norm(r_3) 0.078879313
norm(r_4) 0
Newton iteration  0 : ||r|| = 0.0788793
   Pass :  1   Iteration :   0  ||B r|| = 601.086 ...
   Pass :  1   Iteration :  19  ||B r|| = 0.000387322
norm(r_0) 0
norm(r_1) 0
norm(r_2) 0
norm(r_3) 1.2121787e-05
norm(r_4) 0
Newton iteration  1 : ||r|| = 1.21218e-05, ||r||/||r_0|| = 0.000153675
Setting time step: 0.0025 in DGTransportTDO
Setting time step: 0.0025 in CombinedOp
Setting time step: 0.0025 in IonStaticPressureOp
norm(r_0) 0
norm(r_1) 0
norm(r_2) 0
norm(r_3) 0.080998565
norm(r_4) 0
Newton iteration  0 : ||r|| = 0.0809986
   Pass :  1   Iteration :   0  ||B r|| = 617.235 ...
   Pass :  1   Iteration :  19  ||B r|| = 0.000397629
norm(r_0) 0
norm(r_1) 0
norm(r_2) 0
norm(r_3) 1.2444428e-05
norm(r_4) 0
Newton iteration  1 : ||r|| = 1.24444e-05, ||r||/||r_0|| = 0.000153638
Setting time step: 0.0025 in DGTransportTDO
Setting time step: 0.0025 in CombinedOp
Setting time step: 0.0025 in IonStaticPressureOp
norm(r_0) 0
norm(r_1) 0
norm(r_2) 0
norm(r_3) 0.081539522
norm(r_4) 0
Newton iteration  0 : ||r|| = 0.0815395
   Pass :  1   Iteration :   0  ||B r|| = 621.358 ...
   Pass :  1   Iteration :  19  ||B r|| = 0.000400232
norm(r_0) 0
norm(r_1) 0
norm(r_2) 0
norm(r_3) 1.2525922e-05
norm(r_4) 0
Newton iteration  1 : ||r|| = 1.25259e-05, ||r||/||r_0|| = 0.000153618
Setting time step: 0.0025 in DGTransportTDO
Setting time step: 0.0025 in CombinedOp
Setting time step: 0.0025 in IonStaticPressureOp
norm(r_0) 0
norm(r_1) 0
norm(r_2) 0
norm(r_3) 0.076287663
norm(r_4) 0
Newton iteration  0 : ||r|| = 0.0762877
   Pass :  1   Iteration :   0  ||B r|| = 581.338 ...
   Pass :  1   Iteration :  19  ||B r|| = 0.000374064
norm(r_0) 0
norm(r_1) 0
norm(r_2) 0
norm(r_3) 1.1707515e-05
norm(r_4) 0
Newton iteration  1 : ||r|| = 1.17075e-05, ||r||/||r_0|| = 0.000153465
Setting time step: 0.005 in DGTransportTDO
Setting time step: 0.005 in CombinedOp
Setting time step: 0.005 in IonStaticPressureOp
norm(r_0) 0
norm(r_1) 0
norm(r_2) 0
norm(r_3) 0.073858006
norm(r_4) 0
Newton iteration  0 : ||r|| = 0.073858
   Pass :  1   Iteration :   0  ||B r|| = 499.552 ...
   Pass :  1   Iteration :  20  ||B r|| = 0.000317055
norm(r_0) 0
norm(r_1) 0
norm(r_2) 0
norm(r_3) 1.8991537e-05
norm(r_4) 0
Newton iteration  1 : ||r|| = 1.89915e-05, ||r||/||r_0|| = 0.000257136
Setting time step: 0.005 in DGTransportTDO
Setting time step: 0.005 in CombinedOp
Setting time step: 0.005 in IonStaticPressureOp
norm(r_0) 0
norm(r_1) 0
norm(r_2) 0
norm(r_3) 0.064738497
norm(r_4) 0
Newton iteration  0 : ||r|| = 0.0647385
   Pass :  1   Iteration :   0  ||B r|| = 437.872 ...
   Pass :  1   Iteration :  20  ||B r|| = 0.000278023
norm(r_0) 0
norm(r_1) 0
norm(r_2) 0
norm(r_3) 1.6652965e-05
norm(r_4) 0
Newton iteration  1 : ||r|| = 1.6653e-05, ||r||/||r_0|| = 0.000257234
Setting time step: 0.005 in DGTransportTDO
Setting time step: 0.005 in CombinedOp
Setting time step: 0.005 in IonStaticPressureOp
norm(r_0) 0
norm(r_1) 0
norm(r_2) 0
norm(r_3) 0.068296185
norm(r_4) 0
Newton iteration  0 : ||r|| = 0.0682962
   Pass :  1   Iteration :   0  ||B r|| = 461.935 ...
   Pass :  1   Iteration :  20  ||B r|| = 0.000293268
norm(r_0) 0
norm(r_1) 0
norm(r_2) 0
norm(r_3) 1.7566271e-05
norm(r_4) 0
Newton iteration  1 : ||r|| = 1.75663e-05, ||r||/||r_0|| = 0.000257207
Setting time step: 0.005 in DGTransportTDO
Setting time step: 0.005 in CombinedOp
Setting time step: 0.005 in IonStaticPressureOp
norm(r_0) 0
norm(r_1) 0
norm(r_2) 0
norm(r_3) 0.069222666
norm(r_4) 0
Newton iteration  0 : ||r|| = 0.0692227
   Pass :  1   Iteration :   0  ||B r|| = 468.201 ...
   Pass :  1   Iteration :  20  ||B r|| = 0.000297229
norm(r_0) 0
norm(r_1) 0
norm(r_2) 0
norm(r_3) 1.7803594e-05
norm(r_4) 0
Newton iteration  1 : ||r|| = 1.78036e-05, ||r||/||r_0|| = 0.000257193
Setting time step: 0.005 in DGTransportTDO
Setting time step: 0.005 in CombinedOp
Setting time step: 0.005 in IonStaticPressureOp
norm(r_0) 0
norm(r_1) 0
norm(r_2) 0
norm(r_3) 0.060502363
norm(r_4) 0
Newton iteration  0 : ||r|| = 0.0605024
   Pass :  1   Iteration :   0  ||B r|| = 409.217 ...
   Pass :  1   Iteration :  20  ||B r|| = 0.000259646
norm(r_0) 0
norm(r_1) 0
norm(r_2) 0
norm(r_3) 1.555323e-05
norm(r_4) 0
Newton iteration  1 : ||r|| = 1.55532e-05, ||r||/||r_0|| = 0.000257068
Setting time step: 0.01 in DGTransportTDO
Setting time step: 0.01 in CombinedOp
Setting time step: 0.01 in IonStaticPressureOp
norm(r_0) 0
norm(r_1) 0
norm(r_2) 0
norm(r_3) 0.05676696
norm(r_4) 0
Newton iteration  0 : ||r|| = 0.056767
   Pass :  1   Iteration :   0  ||B r|| = 308.81 ...
   Pass :  1   Iteration :  21  ||B r|| = 0.000208086
norm(r_0) 0
norm(r_1) 0
norm(r_2) 0
norm(r_3) 2.1445753e-05
norm(r_4) 0
Newton iteration  1 : ||r|| = 2.14458e-05, ||r||/||r_0|| = 0.000377786
Setting time step: 0.01 in DGTransportTDO
Setting time step: 0.01 in CombinedOp
Setting time step: 0.01 in IonStaticPressureOp
norm(r_0) 0
norm(r_1) 0
norm(r_2) 0
norm(r_3) 0.043564129
norm(r_4) 0
Newton iteration  0 : ||r|| = 0.0435641
   Pass :  1   Iteration :   0  ||B r|| = 236.986 ...
   Pass :  1   Iteration :  21  ||B r|| = 0.000159749
norm(r_0) 0
norm(r_1) 0
norm(r_2) 0
norm(r_3) 1.6462584e-05
norm(r_4) 0
Newton iteration  1 : ||r|| = 1.64626e-05, ||r||/||r_0|| = 0.000377893
Setting time step: 0.01 in DGTransportTDO
Setting time step: 0.01 in CombinedOp
Setting time step: 0.01 in IonStaticPressureOp
norm(r_0) 0
norm(r_1) 0
norm(r_2) 0
norm(r_3) 0.048599624
norm(r_4) 0
Newton iteration  0 : ||r|| = 0.0485996
   Pass :  1   Iteration :   0  ||B r|| = 264.38 ...
   Pass :  1   Iteration :  21  ||B r|| = 0.000178194
norm(r_0) 0
norm(r_1) 0
norm(r_2) 0
norm(r_3) 1.8363878e-05
norm(r_4) 0
Newton iteration  1 : ||r|| = 1.83639e-05, ||r||/||r_0|| = 0.00037786
Setting time step: 0.01 in DGTransportTDO
Setting time step: 0.01 in CombinedOp
Setting time step: 0.01 in IonStaticPressureOp
norm(r_0) 0
norm(r_1) 0
norm(r_2) 0
norm(r_3) 0.049960981
norm(r_4) 0
Newton iteration  0 : ||r|| = 0.049961
   Pass :  1   Iteration :   0  ||B r|| = 271.785 ...
   Pass :  1   Iteration :  21  ||B r|| = 0.000183175
norm(r_0) 0
norm(r_1) 0
norm(r_2) 0
norm(r_3) 1.8877498e-05
norm(r_4) 0
Newton iteration  1 : ||r|| = 1.88775e-05, ||r||/||r_0|| = 0.000377845
Setting time step: 0.01 in DGTransportTDO
Setting time step: 0.01 in CombinedOp
Setting time step: 0.01 in IonStaticPressureOp
norm(r_0) 0
norm(r_1) 0
norm(r_2) 0
norm(r_3) 0.037948708
norm(r_4) 0
Newton iteration  0 : ||r|| = 0.0379487
   Pass :  1   Iteration :   0  ||B r|| = 206.44 ...
   Pass :  1   Iteration :  21  ||B r|| = 0.000139053
norm(r_0) 0
norm(r_1) 0
norm(r_2) 0
norm(r_3) 1.433251e-05
norm(r_4) 0
Newton iteration  1 : ||r|| = 1.43325e-05, ||r||/||r_0|| = 0.000377681
Setting time step: 0.02 in DGTransportTDO
Setting time step: 0.02 in CombinedOp
Setting time step: 0.02 in IonStaticPressureOp
norm(r_0) 0
norm(r_1) 0
norm(r_2) 0
norm(r_3) 0.033535761
norm(r_4) 0
Newton iteration  0 : ||r|| = 0.0335358
   Pass :  1   Iteration :   0  ||B r|| = 133.967 ...
   Pass :  1   Iteration :  21  ||B r|| = 0.000131462
norm(r_0) 0
norm(r_1) 0
norm(r_2) 0
norm(r_3) 2.6487669e-05
norm(r_4) 0
Newton iteration  1 : ||r|| = 2.64877e-05, ||r||/||r_0|| = 0.000789834
Setting time step: 0.02 in DGTransportTDO
Setting time step: 0.02 in CombinedOp
Setting time step: 0.02 in IonStaticPressureOp
norm(r_0) 0
norm(r_1) 0
norm(r_2) 0
norm(r_3) 0.019561304
norm(r_4) 0
Newton iteration  0 : ||r|| = 0.0195613
   Pass :  1   Iteration :   0  ||B r|| = 78.1418 ...
   Pass :  1   Iteration :  21  ||B r|| = 7.67392e-05
norm(r_0) 0
norm(r_1) 0
norm(r_2) 0
norm(r_3) 1.5458923e-05
norm(r_4) 0
Newton iteration  1 : ||r|| = 1.54589e-05, ||r||/||r_0|| = 0.000790281
Setting time step: 0.02 in DGTransportTDO
Setting time step: 0.02 in CombinedOp
Setting time step: 0.02 in IonStaticPressureOp
norm(r_0) 0
norm(r_1) 0
norm(r_2) 0
norm(r_3) 0.024685236
norm(r_4) 0
Newton iteration  0 : ||r|| = 0.0246852
   Pass :  1   Iteration :   0  ||B r|| = 98.6107 ...
   Pass :  1   Iteration :  21  ||B r|| = 9.68133e-05
norm(r_0) 0
norm(r_1) 0
norm(r_2) 0
norm(r_3) 1.9504168e-05
norm(r_4) 0
Newton iteration  1 : ||r|| = 1.95042e-05, ||r||/||r_0|| = 0.000790115
Setting time step: 0.02 in DGTransportTDO
Setting time step: 0.02 in CombinedOp
Setting time step: 0.02 in IonStaticPressureOp
norm(r_0) 0
norm(r_1) 0
norm(r_2) 0
norm(r_3) 0.026165316
norm(r_4) 0
Newton iteration  0 : ||r|| = 0.0261653
   Pass :  1   Iteration :   0  ||B r|| = 104.523 ...
   Pass :  1   Iteration :  21  ||B r|| = 0.000102607
norm(r_0) 0
norm(r_1) 0
norm(r_2) 0
norm(r_3) 2.0671866e-05
norm(r_4) 0
Newton iteration  1 : ||r|| = 2.06719e-05, ||r||/||r_0|| = 0.000790048
Setting time step: 0.02 in DGTransportTDO
Setting time step: 0.02 in CombinedOp
Setting time step: 0.02 in IonStaticPressureOp
norm(r_0) 0
norm(r_1) 0
norm(r_2) 0
norm(r_3) 0.01480066
norm(r_4) 0
Newton iteration  0 : ||r|| = 0.0148007
   Pass :  1   Iteration :   0  ||B r|| = 59.1251 ...
   Pass :  1   Iteration :  21  ||B r|| = 5.79515e-05
norm(r_0) 0
norm(r_1) 0
norm(r_2) 0
norm(r_3) 1.168003e-05
norm(r_4) 0
Newton iteration  1 : ||r|| = 1.168e-05, ||r||/||r_0|| = 0.000789156
Time stepping paused at t = 0.15

Estimating errors.
No refinements necessary.
No derefinements needed.

AMR iteration 1
Number of unknowns: 16384
Setting time step: 0.019711041 in DGTransportTDO
Setting time step: 0.019711041 in CombinedOp
Setting time step: 0.019711041 in IonStaticPressureOp
norm(r_0) 0
norm(r_1) 0
norm(r_2) 0
norm(r_3) 0.01171695
norm(r_4) 0
Newton iteration  0 : ||r|| = 0.011717
   Pass :  1   Iteration :   0  ||B r|| = 47.1684 ...
   Pass :  1   Iteration :  21  ||B r|| = 4.59504e-05
norm(r_0) 0
norm(r_1) 0
norm(r_2) 0
norm(r_3) 9.1258079e-06
norm(r_4) 0
Newton iteration  1 : ||r|| = 9.12581e-06, ||r||/||r_0|| = 0.000778855
Setting time step: 0.019711041 in DGTransportTDO
Setting time step: 0.019711041 in CombinedOp
Setting time step: 0.019711041 in IonStaticPressureOp
norm(r_0) 0
norm(r_1) 0
norm(r_2) 0
norm(r_3) 0.0068904382
norm(r_4) 0
Newton iteration  0 : ||r|| = 0.00689044
   Pass :  1   Iteration :   0  ||B r|| = 27.7385 ...
   Pass :  1   Iteration :  21  ||B r|| = 2.70228e-05
norm(r_0) 0
norm(r_1) 0
norm(r_2) 0
norm(r_3) 5.3668289e-06
norm(r_4) 0
Newton iteration  1 : ||r|| = 5.36683e-06, ||r||/||r_0|| = 0.000778881
Setting time step: 0.019711041 in DGTransportTDO
Setting time step: 0.019711041 in CombinedOp
Setting time step: 0.019711041 in IonStaticPressureOp
norm(r_0) 0
norm(r_1) 0
norm(r_2) 0
norm(r_3) 0.0086619898
norm(r_4) 0
Newton iteration  0 : ||r|| = 0.00866199
   Pass :  1   Iteration :   0  ||B r|| = 34.8702 ...
   Pass :  1   Iteration :  21  ||B r|| = 3.39701e-05
norm(r_0) 0
norm(r_1) 0
norm(r_2) 0
norm(r_3) 6.7465739e-06
norm(r_4) 0
Newton iteration  1 : ||r|| = 6.74657e-06, ||r||/||r_0|| = 0.000778871
Setting time step: 0.019711041 in DGTransportTDO
Setting time step: 0.019711041 in CombinedOp
Setting time step: 0.019711041 in IonStaticPressureOp
norm(r_0) 0
norm(r_1) 0
norm(r_2) 0
norm(r_3) 0.0091728138
norm(r_4) 0
Newton iteration  0 : ||r|| = 0.00917281
   Pass :  1   Iteration :   0  ||B r|| = 36.9266 ...
   Pass :  1   Iteration :  21  ||B r|| = 3.59734e-05
norm(r_0) 0
norm(r_1) 0
norm(r_2) 0
norm(r_3) 7.1444057e-06
norm(r_4) 0
Newton iteration  1 : ||r|| = 7.14441e-06, ||r||/||r_0|| = 0.000778867
Setting time step: 0.019711041 in DGTransportTDO
Setting time step: 0.019711041 in CombinedOp
Setting time step: 0.019711041 in IonStaticPressureOp
norm(r_0) 0
norm(r_1) 0
norm(r_2) 0
norm(r_3) 0.0052341772
norm(r_4) 0
Newton iteration  0 : ||r|| = 0.00523418
   Pass :  1   Iteration :   0  ||B r|| = 21.071 ...
   Pass :  1   Iteration :  21  ||B r|| = 2.05262e-05
norm(r_0) 0
norm(r_1) 0
norm(r_2) 0
norm(r_3) 4.076487e-06
norm(r_4) 0
Newton iteration  1 : ||r|| = 4.07649e-06, ||r||/||r_0|| = 0.000778821
Setting time step: 0.038631849 in DGTransportTDO
Setting time step: 0.038631849 in CombinedOp
Setting time step: 0.038631849 in IonStaticPressureOp
norm(r_0) 0
norm(r_1) 0
norm(r_2) 0
norm(r_3) 0.0041561309
norm(r_4) 0
Newton iteration  0 : ||r|| = 0.00415613
   Pass :  1   Iteration :   0  ||B r|| = 11.0934 ...
   Pass :  1   Iteration :  22  ||B r|| = 1.05989e-05
norm(r_0) 0
norm(r_1) 0
norm(r_2) 0
norm(r_3) 4.0307737e-06
norm(r_4) 0
Newton iteration  1 : ||r|| = 4.03077e-06, ||r||/||r_0|| = 0.000969838
Setting time step: 0.038631849 in DGTransportTDO
Setting time step: 0.038631849 in CombinedOp
Setting time step: 0.038631849 in IonStaticPressureOp
norm(r_0) 0
norm(r_1) 0
norm(r_2) 0
norm(r_3) 0.001354614
norm(r_4) 0
Newton iteration  0 : ||r|| = 0.00135461
   Pass :  1   Iteration :   0  ||B r|| = 3.61567 ...
   Pass :  1   Iteration :  22  ||B r|| = 3.45598e-06
norm(r_0) 0
norm(r_1) 0
norm(r_2) 0
norm(r_3) 1.3142131e-06
norm(r_4) 0
Newton iteration  1 : ||r|| = 1.31421e-06, ||r||/||r_0|| = 0.000970175
Setting time step: 0.038631849 in DGTransportTDO
Setting time step: 0.038631849 in CombinedOp
Setting time step: 0.038631849 in IonStaticPressureOp
norm(r_0) 0
norm(r_1) 0
norm(r_2) 0
norm(r_3) 0.0023241338
norm(r_4) 0
Newton iteration  0 : ||r|| = 0.00232413
   Pass :  1   Iteration :   0  ||B r|| = 6.20351 ...
   Pass :  1   Iteration :  22  ||B r|| = 5.92819e-06
norm(r_0) 0
norm(r_1) 0
norm(r_2) 0
norm(r_3) 2.2544194e-06
norm(r_4) 0
Newton iteration  1 : ||r|| = 2.25442e-06, ||r||/||r_0|| = 0.000970004
Setting time step: 0.038631849 in DGTransportTDO
Setting time step: 0.038631849 in CombinedOp
Setting time step: 0.038631849 in IonStaticPressureOp
norm(r_0) 0
norm(r_1) 0
norm(r_2) 0
norm(r_3) 0.0026332284
norm(r_4) 0
Newton iteration  0 : ||r|| = 0.00263323
   Pass :  1   Iteration :   0  ||B r|| = 7.02854 ...
   Pass :  1   Iteration :  22  ||B r|| = 6.7162e-06
norm(r_0) 0
norm(r_1) 0
norm(r_2) 0
norm(r_3) 2.554119e-06
norm(r_4) 0
Newton iteration  1 : ||r|| = 2.55412e-06, ||r||/||r_0|| = 0.000969957
Setting time step: 0.038631849 in DGTransportTDO
Setting time step: 0.038631849 in CombinedOp
Setting time step: 0.038631849 in IonStaticPressureOp
norm(r_0) 0
norm(r_1) 0
norm(r_2) 0
norm(r_3) 0.0008510355
norm(r_4) 0
Newton iteration  0 : ||r|| = 0.000851035
   Pass :  1   Iteration :   0  ||B r|| = 2.27106 ...
   Pass :  1   Iteration :  22  ||B r|| = 2.16743e-06
norm(r_0) 0
norm(r_1) 0
norm(r_2) 0
norm(r_3) 8.2445287e-07
norm(r_4) 0
Newton iteration  1 : ||r|| = 8.24453e-07, ||r||/||r_0|| = 0.000968764
Setting time step: 0.04250559 in DGTransportTDO
Setting time step: 0.04250559 in CombinedOp
Setting time step: 0.04250559 in IonStaticPressureOp
norm(r_0) 0
norm(r_1) 0
norm(r_2) 0
norm(r_3) 0.00056408326
norm(r_4) 0
Newton iteration  0 : ||r|| = 0.000564083
   Pass :  1   Iteration :   0  ||B r|| = 1.40832 ...
   Pass :  1   Iteration :  22  ||B r|| = 1.40518e-06
norm(r_0) 0
norm(r_1) 0
norm(r_2) 0
norm(r_3) 5.8682601e-07
norm(r_4) 0
Newton iteration  1 : ||r|| = 5.86826e-07, ||r||/||r_0|| = 0.00104032
Setting time step: 0.04250559 in DGTransportTDO
Setting time step: 0.04250559 in CombinedOp
Setting time step: 0.04250559 in IonStaticPressureOp
norm(r_0) 0
norm(r_1) 0
norm(r_2) 0
norm(r_3) 0.00015940145
norm(r_4) 0
Newton iteration  0 : ||r|| = 0.000159401
   Pass :  1   Iteration :   0  ||B r|| = 0.39797 ...
   Pass :  1   Iteration :  20  ||B r|| = 9.01175e-07
norm(r_0) 0
norm(r_1) 0
norm(r_2) 0
norm(r_3) 4.2818818e-07
norm(r_4) 0
Newton iteration  1 : ||r|| = 4.28188e-07, ||r||/||r_0|| = 0.00268623
Setting time step: 0.04250559 in DGTransportTDO
Setting time step: 0.04250559 in CombinedOp
Setting time step: 0.04250559 in IonStaticPressureOp
norm(r_0) 0
norm(r_1) 0
norm(r_2) 0
norm(r_3) 0.00029804822
norm(r_4) 0
Newton iteration  0 : ||r|| = 0.000298048
   Pass :  1   Iteration :   0  ||B r|| = 0.744124 ...
   Pass :  1   Iteration :  22  ||B r|| = 7.42501e-07
norm(r_0) 0
norm(r_1) 0
norm(r_2) 0
norm(r_3) 3.1007934e-07
norm(r_4) 0
Newton iteration  1 : ||r|| = 3.10079e-07, ||r||/||r_0|| = 0.00104037
Setting time step: 0.04250559 in DGTransportTDO
Setting time step: 0.04250559 in CombinedOp
Setting time step: 0.04250559 in IonStaticPressureOp
norm(r_0) 0
norm(r_1) 0
norm(r_2) 0
norm(r_3) 0.00034302167
norm(r_4) 0
Newton iteration  0 : ||r|| = 0.000343022
   Pass :  1   Iteration :   0  ||B r|| = 0.856408 ...
   Pass :  1   Iteration :  22  ||B r|| = 8.5452e-07
norm(r_0) 0
norm(r_1) 0
norm(r_2) 0
norm(r_3) 3.5686107e-07
norm(r_4) 0
Newton iteration  1 : ||r|| = 3.56861e-07, ||r||/||r_0|| = 0.00104035
Setting time step: 0.04250559 in DGTransportTDO
Setting time step: 0.04250559 in CombinedOp
Setting time step: 0.04250559 in IonStaticPressureOp
norm(r_0) 0
norm(r_1) 0
norm(r_2) 0
norm(r_3) 9.9745133e-05
norm(r_4) 0
Newton iteration  0 : ||r|| = 9.97451e-05
   Pass :  1   Iteration :   0  ||B r|| = 0.248995 ...
   Pass :  1   Iteration :  19  ||B r|| = 9.75262e-07
norm(r_0) 0
norm(r_1) 0
norm(r_2) 0
norm(r_3) 4.8478627e-07
norm(r_4) 0
Newton iteration  1 : ||r|| = 4.84786e-07, ||r||/||r_0|| = 0.00486025
Setting time step: 0.08501118 in DGTransportTDO
Setting time step: 0.08501118 in CombinedOp
Setting time step: 0.08501118 in IonStaticPressureOp
norm(r_0) 0
norm(r_1) 0
norm(r_2) 0
norm(r_3) 6.3958519e-05
norm(r_4) 0
Newton iteration  0 : ||r|| = 6.39585e-05
   Pass :  1   Iteration :   0  ||B r|| = 0.0933653 ...
   Pass :  1   Iteration :  18  ||B r|| = 8.54044e-07
norm(r_0) 0
norm(r_1) 0
norm(r_2) 0
norm(r_3) 7.0820419e-07
norm(r_4) 0
Newton iteration  1 : ||r|| = 7.08204e-07, ||r||/||r_0|| = 0.0110729
Setting time step: 0.08501118 in DGTransportTDO
Setting time step: 0.08501118 in CombinedOp
Setting time step: 0.08501118 in IonStaticPressureOp
norm(r_0) 0
norm(r_1) 0
norm(r_2) 0
norm(r_3) 3.9370122e-06
norm(r_4) 0
Newton iteration  0 : ||r|| = 3.93701e-06
   Pass :  1   Iteration :   0  ||B r|| = 0.00523072 ...
   Pass :  1   Iteration :  11  ||B r|| = 9.8247e-07
norm(r_0) 0
norm(r_1) 0
norm(r_2) 0
norm(r_3) 6.8333164e-07
norm(r_4) 0
Newton iteration  1 : ||r|| = 6.83332e-07, ||r||/||r_0|| = 0.173566
Setting time step: 0.08501118 in DGTransportTDO
Setting time step: 0.08501118 in CombinedOp
Setting time step: 0.08501118 in IonStaticPressureOp
norm(r_0) 0
norm(r_1) 0
norm(r_2) 0
norm(r_3) 1.7772534e-05
norm(r_4) 0
Newton iteration  0 : ||r|| = 1.77725e-05
   Pass :  1   Iteration :   0  ||B r|| = 0.0258781 ...
   Pass :  1   Iteration :  15  ||B r|| = 8.11501e-07
norm(r_0) 0
norm(r_1) 0
norm(r_2) 0
norm(r_3) 6.4990565e-07
norm(r_4) 0
Newton iteration  1 : ||r|| = 6.49906e-07, ||r||/||r_0|| = 0.036568
Setting time step: 0.08501118 in DGTransportTDO
Setting time step: 0.08501118 in CombinedOp
Setting time step: 0.08501118 in IonStaticPressureOp
norm(r_0) 0
norm(r_1) 0
norm(r_2) 0
norm(r_3) 2.5711863e-05
norm(r_4) 0
Newton iteration  0 : ||r|| = 2.57119e-05
   Pass :  1   Iteration :   0  ||B r|| = 0.037509 ...
   Pass :  1   Iteration :  16  ||B r|| = 7.44687e-07
norm(r_0) 0
norm(r_1) 0
norm(r_2) 0
norm(r_3) 5.806412e-07
norm(r_4) 0
Newton iteration  1 : ||r|| = 5.80641e-07, ||r||/||r_0|| = 0.0225826
Setting time step: 0.08501118 in DGTransportTDO
Setting time step: 0.08501118 in CombinedOp
Setting time step: 0.08501118 in IonStaticPressureOp
norm(r_0) 0
norm(r_1) 0
norm(r_2) 0
norm(r_3) 3.228235e-05
norm(r_4) 0
Newton iteration  0 : ||r|| = 3.22823e-05
   Pass :  1   Iteration :   0  ||B r|| = 0.0108169 ...
   Pass :  1   Iteration :  13  ||B r|| = 9.53474e-07
norm(r_0) 0
norm(r_1) 0
norm(r_2) 0
norm(r_3) 7.1553955e-07
norm(r_4) 0
Newton iteration  1 : ||r|| = 7.1554e-07, ||r||/||r_0|| = 0.022165
Time stepping paused at t = 0.89343864

Estimating errors.
No refinements necessary.
No derefinements needed.

AMR iteration 2
Number of unknowns: 16384
Setting time step: 0.17002236 in DGTransportTDO
Setting time step: 0.17002236 in CombinedOp
Setting time step: 0.17002236 in IonStaticPressureOp
norm(r_0) 0
norm(r_1) 0
norm(r_2) 0
norm(r_3) 3.5756178e-06
norm(r_4) 0
Newton iteration  0 : ||r|| = 3.57562e-06
   Pass :  1   Iteration :   0  ||B r|| = 0.00279318 ...
   Pass :  1   Iteration :  11  ||B r|| = 6.80045e-07
norm(r_0) 0
norm(r_1) 0
norm(r_2) 0
norm(r_3) 9.578606e-07
norm(r_4) 0
Newton iteration  1 : ||r|| = 9.57861e-07, ||r||/||r_0|| = 0.267887
Setting time step: 0.17002236 in DGTransportTDO
Setting time step: 0.17002236 in CombinedOp
Setting time step: 0.17002236 in IonStaticPressureOp
norm(r_0) 0
norm(r_1) 0
norm(r_2) 0
norm(r_3) 2.337757e-06
norm(r_4) 0
Newton iteration  0 : ||r|| = 2.33776e-06
   Pass :  1   Iteration :   0  ||B r|| = 0.00106709 ...
   Pass :  1   Iteration :   9  ||B r|| = 7.02168e-07
norm(r_0) 0
norm(r_1) 0
norm(r_2) 0
norm(r_3) 1.0910533e-06
norm(r_4) 0
Newton iteration  1 : ||r|| = 1.09105e-06, ||r||/||r_0|| = 0.466709
Setting time step: 0.17002236 in DGTransportTDO
Setting time step: 0.17002236 in CombinedOp
Setting time step: 0.17002236 in IonStaticPressureOp
norm(r_0) 0
norm(r_1) 0
norm(r_2) 0
norm(r_3) 1.6351222e-06
norm(r_4) 0
Newton iteration  0 : ||r|| = 1.63512e-06
   Pass :  1   Iteration :   0  ||B r|| = 5.022e-05 ...
   Pass :  1   Iteration :   4  ||B r|| = 6.34206e-07
norm(r_0) 0
norm(r_1) 0
norm(r_2) 0
norm(r_3) 7.5532961e-07
norm(r_4) 0
Newton iteration  1 : ||r|| = 7.5533e-07, ||r||/||r_0|| = 0.461941
Setting time step: 0.17002236 in DGTransportTDO
Setting time step: 0.17002236 in CombinedOp
Setting time step: 0.17002236 in IonStaticPressureOp
norm(r_0) 0
norm(r_1) 0
norm(r_2) 0
norm(r_3) 1.4920645e-06
norm(r_4) 0
Newton iteration  0 : ||r|| = 1.49206e-06
   Pass :  1   Iteration :   0  ||B r|| = 0.000534651 ...
   Pass :  1   Iteration :   8  ||B r|| = 6.51536e-07
norm(r_0) 0
norm(r_1) 0
norm(r_2) 0
norm(r_3) 9.5138319e-07
norm(r_4) 0
Newton iteration  1 : ||r|| = 9.51383e-07, ||r||/||r_0|| = 0.637629
Setting time step: 0.17002236 in DGTransportTDO
Setting time step: 0.17002236 in CombinedOp
Setting time step: 0.17002236 in IonStaticPressureOp
norm(r_0) 0
norm(r_1) 0
norm(r_2) 0
norm(r_3) 4.318457e-05
norm(r_4) 0
Newton iteration  0 : ||r|| = 4.31846e-05
   Pass :  1   Iteration :   0  ||B r|| = 0.00112551 ...
   Pass :  1   Iteration :   9  ||B r|| = 8.19786e-07
norm(r_0) 0
norm(r_1) 0
norm(r_2) 0
norm(r_3) 1.3267136e-06
norm(r_4) 0
Newton iteration  1 : ||r|| = 1.32671e-06, ||r||/||r_0|| = 0.0307219
Setting time step: 0.34004472 in DGTransportTDO
Setting time step: 0.34004472 in CombinedOp
Setting time step: 0.34004472 in IonStaticPressureOp
norm(r_0) 0
norm(r_1) 0
norm(r_2) 0
norm(r_3) 1.396382e-06
norm(r_4) 0
Newton iteration  0 : ||r|| = 1.39638e-06
   Pass :  1   Iteration :   0  ||B r|| = 0.000180897 ...
   Pass :  1   Iteration :   6  ||B r|| = 7.26e-07
norm(r_0) 0
norm(r_1) 0
norm(r_2) 0
norm(r_3) 1.9297053e-06
norm(r_4) 0
Newton iteration  1 : ||r|| = 1.92971e-06, ||r||/||r_0|| = 1.38193
Setting time step: 0.34004472 in DGTransportTDO
Setting time step: 0.34004472 in CombinedOp
Setting time step: 0.34004472 in IonStaticPressureOp
norm(r_0) 0
norm(r_1) 0
norm(r_2) 0
norm(r_3) 3.3591094e-06
norm(r_4) 0
Newton iteration  0 : ||r|| = 3.35911e-06
   Pass :  1   Iteration :   0  ||B r|| = 0.000114758 ...
   Pass :  1   Iteration :   5  ||B r|| = 6.81302e-07
norm(r_0) 0
norm(r_1) 0
norm(r_2) 0
norm(r_3) 1.8496894e-06
norm(r_4) 0
Newton iteration  1 : ||r|| = 1.84969e-06, ||r||/||r_0|| = 0.550649
Setting time step: 0.34004472 in DGTransportTDO
Setting time step: 0.34004472 in CombinedOp
Setting time step: 0.34004472 in IonStaticPressureOp
norm(r_0) 0
norm(r_1) 0
norm(r_2) 0
norm(r_3) 2.9018351e-06
norm(r_4) 0
Newton iteration  0 : ||r|| = 2.90184e-06
   Pass :  1   Iteration :   0  ||B r|| = 3.52345e-05 ...
   Pass :  1   Iteration :   3  ||B r|| = 5.6914e-07
norm(r_0) 0
norm(r_1) 0
norm(r_2) 0
norm(r_3) 1.9219361e-06
norm(r_4) 0
Newton iteration  1 : ||r|| = 1.92194e-06, ||r||/||r_0|| = 0.662317
Setting time step: 0.34004472 in DGTransportTDO
Setting time step: 0.34004472 in CombinedOp
Setting time step: 0.34004472 in IonStaticPressureOp
norm(r_0) 0
norm(r_1) 0
norm(r_2) 0
norm(r_3) 2.2137415e-06
norm(r_4) 0
Newton iteration  0 : ||r|| = 2.21374e-06
   Pass :  1   Iteration :   0  ||B r|| = 3.95677e-06 ...
   Pass :  1   Iteration :   2  ||B r|| = 8.11145e-07
norm(r_0) 0
norm(r_1) 0
norm(r_2) 0
norm(r_3) 9.5925656e-07
norm(r_4) 0
Newton iteration  1 : ||r|| = 9.59257e-07, ||r||/||r_0|| = 0.433319
Setting time step: 0.34004472 in DGTransportTDO
Setting time step: 0.34004472 in CombinedOp
Setting time step: 0.34004472 in IonStaticPressureOp
norm(r_0) 0
norm(r_1) 0
norm(r_2) 0
norm(r_3) 8.5232247e-05
norm(r_4) 0
Newton iteration  0 : ||r|| = 8.52322e-05
   Pass :  1   Iteration :   0  ||B r|| = 0.000178545 ...
   Pass :  1   Iteration :   7  ||B r|| = 9.1665e-07
norm(r_0) 0
norm(r_1) 0
norm(r_2) 0
norm(r_3) 3.1443836e-06
norm(r_4) 0
Newton iteration  1 : ||r|| = 3.14438e-06, ||r||/||r_0|| = 0.0368919
Setting time step: 0.68008944 in DGTransportTDO
Setting time step: 0.68008944 in CombinedOp
Setting time step: 0.68008944 in IonStaticPressureOp
norm(r_0) 0
norm(r_1) 0
norm(r_2) 0
norm(r_3) 3.1450347e-06
norm(r_4) 0
Newton iteration  0 : ||r|| = 3.14503e-06
   Pass :  1   Iteration :   0  ||B r|| = 1.22011e-05 ...
   Pass :  1   Iteration :   2  ||B r|| = 5.95355e-07
norm(r_0) 0
norm(r_1) 0
norm(r_2) 0
norm(r_3) 2.7362021e-06
norm(r_4) 0
Newton iteration  1 : ||r|| = 2.7362e-06, ||r||/||r_0|| = 0.870007
Setting time step: 0.68008944 in DGTransportTDO
Setting time step: 0.68008944 in CombinedOp
Setting time step: 0.68008944 in IonStaticPressureOp
norm(r_0) 0
norm(r_1) 0
norm(r_2) 0
norm(r_3) 3.8389998e-06
norm(r_4) 0
Newton iteration  0 : ||r|| = 3.839e-06
   Pass :  1   Iteration :   0  ||B r|| = 1.02954e-05 ...
   Pass :  1   Iteration :   1  ||B r|| = 6.6997e-07
norm(r_0) 0
norm(r_1) 0
norm(r_2) 0
norm(r_3) 4.3960444e-06
norm(r_4) 0
Newton iteration  1 : ||r|| = 4.39604e-06, ||r||/||r_0|| = 1.1451
Setting time step: 0.68008944 in DGTransportTDO
Setting time step: 0.68008944 in CombinedOp
Setting time step: 0.68008944 in IonStaticPressureOp
norm(r_0) 0
norm(r_1) 0
norm(r_2) 0
norm(r_3) 4.16327e-06
norm(r_4) 0
Newton iteration  0 : ||r|| = 4.16327e-06
   Pass :  1   Iteration :   0  ||B r|| = 4.70206e-06 ...
   Pass :  1   Iteration :   1  ||B r|| = 6.85661e-07
norm(r_0) 0
norm(r_1) 0
norm(r_2) 0
norm(r_3) 7.5100162e-06
norm(r_4) 0
Newton iteration  1 : ||r|| = 7.51002e-06, ||r||/||r_0|| = 1.80387
Setting time step: 0.68008944 in DGTransportTDO
Setting time step: 0.68008944 in CombinedOp
Setting time step: 0.68008944 in IonStaticPressureOp
norm(r_0) 0
norm(r_1) 0
norm(r_2) 0
norm(r_3) 3.0127122e-06
norm(r_4) 0
Newton iteration  0 : ||r|| = 3.01271e-06
   Pass :  1   Iteration :   0  ||B r|| = 1.7265e-06 ...
   Pass :  1   Iteration :   1  ||B r|| = 8.09249e-07
norm(r_0) 0
norm(r_1) 0
norm(r_2) 0
norm(r_3) 6.805066e-06
norm(r_4) 0
Newton iteration  1 : ||r|| = 6.80507e-06, ||r||/||r_0|| = 2.25878
Setting time step: 0.68008944 in DGTransportTDO
Setting time step: 0.68008944 in CombinedOp
Setting time step: 0.68008944 in IonStaticPressureOp
norm(r_0) 0
norm(r_1) 0
norm(r_2) 0
norm(r_3) 5.1543041e-05
norm(r_4) 0
Newton iteration  0 : ||r|| = 5.1543e-05
   Pass :  1   Iteration :   0  ||B r|| = 2.918e-05 ...
   Pass :  1   Iteration :   2  ||B r|| = 2.26934e-07
norm(r_0) 0
norm(r_1) 0
norm(r_2) 0
norm(r_3) 1.3353241e-06
norm(r_4) 0
Newton iteration  1 : ||r|| = 1.33532e-06, ||r||/||r_0|| = 0.025907
Setting time step: 1.3601789 in DGTransportTDO
Setting time step: 1.3601789 in CombinedOp
Setting time step: 1.3601789 in IonStaticPressureOp
norm(r_0) 0
norm(r_1) 0
norm(r_2) 0
norm(r_3) 1.3353469e-06
norm(r_4) 0
Newton iteration  0 : ||r|| = 1.33535e-06
   Pass :  1   Iteration :   0  ||B r|| = 5.73012e-07
norm(r_0) 0
norm(r_1) 0
norm(r_2) 0
norm(r_3) 1.3353469e-06
norm(r_4) 0
Newton iteration  1 : ||r|| = 1.33535e-06, ||r||/||r_0|| = 1
Setting time step: 1.3601789 in DGTransportTDO
Setting time step: 1.3601789 in CombinedOp
Setting time step: 1.3601789 in IonStaticPressureOp
norm(r_0) 0
norm(r_1) 0
norm(r_2) 0
norm(r_3) 1.3353469e-06
norm(r_4) 0
Newton iteration  0 : ||r|| = 1.33535e-06
   Pass :  1   Iteration :   0  ||B r|| = 5.73012e-07
norm(r_0) 0
norm(r_1) 0
norm(r_2) 0
norm(r_3) 1.3353469e-06
norm(r_4) 0
Newton iteration  1 : ||r|| = 1.33535e-06, ||r||/||r_0|| = 1
Setting time step: 1.3601789 in DGTransportTDO
Setting time step: 1.3601789 in CombinedOp
Setting time step: 1.3601789 in IonStaticPressureOp
norm(r_0) 0
norm(r_1) 0
norm(r_2) 0
norm(r_3) 1.3353469e-06
norm(r_4) 0
Newton iteration  0 : ||r|| = 1.33535e-06
   Pass :  1   Iteration :   0  ||B r|| = 5.73012e-07
norm(r_0) 0
norm(r_1) 0
norm(r_2) 0
norm(r_3) 1.3353469e-06
norm(r_4) 0
Newton iteration  1 : ||r|| = 1.33535e-06, ||r||/||r_0|| = 1
Setting time step: 1.3601789 in DGTransportTDO
Setting time step: 1.3601789 in CombinedOp
Setting time step: 1.3601789 in IonStaticPressureOp
norm(r_0) 0
norm(r_1) 0
norm(r_2) 0
norm(r_3) 1.3353469e-06
norm(r_4) 0
Newton iteration  0 : ||r|| = 1.33535e-06
   Pass :  1   Iteration :   0  ||B r|| = 5.73012e-07
norm(r_0) 0
norm(r_1) 0
norm(r_2) 0
norm(r_3) 1.3353469e-06
norm(r_4) 0
Newton iteration  1 : ||r|| = 1.33535e-06, ||r||/||r_0|| = 1
Setting time step: 1.3601789 in DGTransportTDO
Setting time step: 1.3601789 in CombinedOp
Setting time step: 1.3601789 in IonStaticPressureOp
norm(r_0) 0
norm(r_1) 0
norm(r_2) 0
norm(r_3) 1.3353469e-06
norm(r_4) 0
Newton iteration  0 : ||r|| = 1.33535e-06
   Pass :  1   Iteration :   0  ||B r|| = 5.73012e-07
norm(r_0) 0
norm(r_1) 0
norm(r_2) 0
norm(r_3) 1.3353469e-06
norm(r_4) 0
Newton iteration  1 : ||r|| = 1.33535e-06, ||r||/||r_0|| = 1
Time stepping paused at t = 11.09478
Steady State solution has been reached

Time stepping done after 7.4657867s.
