Options used:
   --mesh ../../mfem/data/inline-quad.mesh
   --bc-file ../../mfem/miniapps/plasma/transport2d_bcs.inp
   --ic-file ../../mfem/miniapps/plasma/transport2d_ics.inp
   --ec-file /home/gz6/mfem-analysis/input-files/transport2d_ecs.inp
   --es-file ../../mfem/miniapps/plasma/transport2d_ess.inp
   --eqdsk-file 
   --logging 1
   --operator-test 8
   --equation-weights '1 1 1 1 1'
   --problem 0
   --refine-serial 0
   --refine-parallel 0
   --enable-amr
   --max-err -1
   --hysteresis 0.25
   --nc-limit 3
   --amr-weights '1 1 1 1 1'
   --order 2
   --dg-sigma -1
   --dg-kappa 9
   --linear-abs-tolerance 1e-06
   --linear-rel-tolerance 1e-06
   --linear-max-iterations 500
   --linear-logging-level 1
   --newton-abs-tolerance 1e-10
   --newton-rel-tolerance 1e-10
   --newton-max-iterations 1
   --newton-logging-level 1
   --steady-state-abs-tolerance 1e-08
   --steady-state-rel-tolerance 1e-08
   --prec-type 1
   --prec-logging-level 0
   --initial-tolerance 1e-05
   --ode-tolerance 0.001
   --ode-solver 2
   --err-per-step
   --ode-weights '1 1 1 1 1'
   --kP 0
   --kI 0.6
   --kD 0
   --theta-max 2
   --t-minimum 0
   --t-final 100
   --time-step 0.01
   --cfl-number 0.3
   --ion-charge 1
   --ion-mass 2.0141018
   --neutral-mass 2.0141018
   --neutral-temp 3
   --min-neutral-density 9e+14
   --max-neutral-density 1e+15
   --neutral-density-exp 0
   --min-ion-density 1e+16
   --max-ion-density 1e+18
   --ion-density-exp 0
   --min-ion-temp 1
   --max-ion-temp 10
   --ion-temp-exp 0
   --min-electron-temp 10
   --max-electron-temp 440
   --electron-temp-exp 0
   --total-B-magnitude 5
   --poloidal-B-magnitude 0.5
   --velocity 1000
   --Di-perp 1
   --Xi-perp 1
   --Xe-perp 1
   --equation-term-flags '-1 -1 -1 -1 -1'
   --visualization-flags '-1 -1 -1 -1 -1'
   --visualization
   --visit-datafiles
   --ascii-datafiles
   --visualization-steps 4
Device configuration: cpu
Memory configuration: host-std
Number of elements in initial mesh: 16
5: Number of elements in parallel mesh: 1
5: Number of elements after parallel refinement: 1
6: Number of elements in parallel mesh: 1
6: Number of elements after parallel refinement: 1
7: Number of elements in parallel mesh: 1
7: Number of elements after parallel refinement: 1
9: Number of elements in parallel mesh: 1
10: Number of elements in parallel mesh: 1
10: Number of elements after parallel refinement: 1
11: Number of elements in parallel mesh: 1
11: Number of elements after parallel refinement: 1
12: Number of elements in parallel mesh: 1
12: Number of elements after parallel refinement: 1
13: Number of elements in parallel mesh: 1
13: Number of elements after parallel refinement: 1
14: Number of elements in parallel mesh: 1
14: Number of elements after parallel refinement: 1
15: Number of elements in parallel mesh: 1
15: Number of elements after parallel refinement: 1
Number of elements after serial refinement: 16
4: Number of elements in parallel mesh: 1
4: Number of elements after parallel refinement: 1
8: Number of elements in parallel mesh: 1
8: Number of elements after parallel refinement: 1
9: Number of elements after parallel refinement: 1
0: Number of elements in parallel mesh: 1
0: Number of elements after parallel refinement: 1
1: Number of elements in parallel mesh: 1
1: Number of elements after parallel refinement: 1
3: Number of elements in parallel mesh: 1
3: Number of elements after parallel refinement: 1
2: Number of elements in parallel mesh: 1
2: Number of elements after parallel refinement: 1
Configuring initial conditions
Reading initial conditions from ../../mfem/miniapps/plasma/transport2d_ics.inp
Configuring exact solutions
Reading exact solutions from ../../mfem/miniapps/plasma/transport2d_ess.inp

AMR iteration 0
Number of unknowns: 144
Stopping criterion satisfied. Stop.
Number of unknowns per field: 144
Total number of unknowns:     720
Configuring boundary conditions
Reading boundary conditions from ../../mfem/miniapps/plasma/transport2d_bcs.inp
Configuring equation coefficients
Reading equation coefficients from /home/gz6/mfem-analysis/input-files/transport2d_ecs.inp
|mn| = 3.3444946e-27
|ni| = 1
|ne| = 1

|Dn|     = -nan
|Di|     = -nan
|Eta|    = -nan
|nXi|    = -nan
|nXe|    = -nan

|Eta/mn| = -nan
|nXi/ni| = -nan
|nXe/ne| = -nan
Ion Static Pressure: Adding time derivative term proportional to d n_i / dt
Ion Static Pressure: Adding time derivative term proportional to d T_i / dt
Ion Static Pressure: Adding anisotropic diffusion term
Ion Static Pressure: Adding source term
Opening GLVis sockets.
Range of error estimates for initial condition: -nan < elem err < -nan

Begin time stepping at t = 0
Setting time step: 0.0025 in DGTransportTDO
Setting time step: 0.0025 in CombinedOp
Setting time step: 0.0025 in IonStaticPressureOp
norm(r_0) 0
norm(r_1) 0
norm(r_2) 0
norm(r_3) 0.86815965
norm(r_4) 0
Newton iteration  0 : ||r|| = 0.86816
   Pass :  1   Iteration :   0  ||B r|| = 59.6388
   Pass :  1   Iteration :   1  ||B r|| = 4.72174
   Pass :  1   Iteration :   2  ||B r|| = 1.31276
   Pass :  1   Iteration :   3  ||B r|| = 0.430927
   Pass :  1   Iteration :   4  ||B r|| = 0.112471
   Pass :  1   Iteration :   5  ||B r|| = 0.0173311
   Pass :  1   Iteration :   6  ||B r|| = 0.00498047
   Pass :  1   Iteration :   7  ||B r|| = 0.00121379
   Pass :  1   Iteration :   8  ||B r|| = 0.000259655
   Pass :  1   Iteration :   9  ||B r|| = 7.99443e-05
   Pass :  1   Iteration :  10  ||B r|| = 1.80798e-05
norm(r_0) 0
norm(r_1) 0
norm(r_2) 0
norm(r_3) 1.5550084e-06
norm(r_4) 0
Newton iteration  1 : ||r|| = 1.55501e-06, ||r||/||r_0|| = 1.79115e-06
Setting time step: 0.0025 in DGTransportTDO
Setting time step: 0.0025 in CombinedOp
Setting time step: 0.0025 in IonStaticPressureOp
norm(r_0) 0
norm(r_1) 0
norm(r_2) 0
norm(r_3) 0.81317293
norm(r_4) 0
Newton iteration  0 : ||r|| = 0.813173
   Pass :  1   Iteration :   0  ||B r|| = 55.8406
   Pass :  1   Iteration :   1  ||B r|| = 4.41797
   Pass :  1   Iteration :   2  ||B r|| = 1.22796
   Pass :  1   Iteration :   3  ||B r|| = 0.403178
   Pass :  1   Iteration :   4  ||B r|| = 0.105264
   Pass :  1   Iteration :   5  ||B r|| = 0.0162142
   Pass :  1   Iteration :   6  ||B r|| = 0.00465957
   Pass :  1   Iteration :   7  ||B r|| = 0.0011361
   Pass :  1   Iteration :   8  ||B r|| = 0.000242808
   Pass :  1   Iteration :   9  ||B r|| = 7.48281e-05
   Pass :  1   Iteration :  10  ||B r|| = 1.69081e-05
norm(r_0) 0
norm(r_1) 0
norm(r_2) 0
norm(r_3) 1.4546641e-06
norm(r_4) 0
Newton iteration  1 : ||r|| = 1.45466e-06, ||r||/||r_0|| = 1.78887e-06
Setting time step: 0.0025 in DGTransportTDO
Setting time step: 0.0025 in CombinedOp
Setting time step: 0.0025 in IonStaticPressureOp
norm(r_0) 0
norm(r_1) 0
norm(r_2) 0
norm(r_3) 0.83492453
norm(r_4) 0
Newton iteration  0 : ||r|| = 0.834925
   Pass :  1   Iteration :   0  ||B r|| = 57.3406
   Pass :  1   Iteration :   1  ||B r|| = 4.53773
   Pass :  1   Iteration :   2  ||B r|| = 1.26134
   Pass :  1   Iteration :   3  ||B r|| = 0.41411
   Pass :  1   Iteration :   4  ||B r|| = 0.108107
   Pass :  1   Iteration :   5  ||B r|| = 0.0166539
   Pass :  1   Iteration :   6  ||B r|| = 0.00478592
   Pass :  1   Iteration :   7  ||B r|| = 0.00116675
   Pass :  1   Iteration :   8  ||B r|| = 0.000249432
   Pass :  1   Iteration :   9  ||B r|| = 7.68463e-05
   Pass :  1   Iteration :  10  ||B r|| = 1.73693e-05
norm(r_0) 0
norm(r_1) 0
norm(r_2) 0
norm(r_3) 1.4941769e-06
norm(r_4) 0
Newton iteration  1 : ||r|| = 1.49418e-06, ||r||/||r_0|| = 1.7896e-06
Setting time step: 0.0025 in DGTransportTDO
Setting time step: 0.0025 in CombinedOp
Setting time step: 0.0025 in IonStaticPressureOp
norm(r_0) 0
norm(r_1) 0
norm(r_2) 0
norm(r_3) 0.8404583
norm(r_4) 0
Newton iteration  0 : ||r|| = 0.840458
   Pass :  1   Iteration :   0  ||B r|| = 57.7234
   Pass :  1   Iteration :   1  ||B r|| = 4.56839
   Pass :  1   Iteration :   2  ||B r|| = 1.26992
   Pass :  1   Iteration :   3  ||B r|| = 0.416913
   Pass :  1   Iteration :   4  ||B r|| = 0.108834
   Pass :  1   Iteration :   5  ||B r|| = 0.0167668
   Pass :  1   Iteration :   6  ||B r|| = 0.00481835
   Pass :  1   Iteration :   7  ||B r|| = 0.00117459
   Pass :  1   Iteration :   8  ||B r|| = 0.000251137
   Pass :  1   Iteration :   9  ||B r|| = 7.73625e-05
   Pass :  1   Iteration :  10  ||B r|| = 1.74877e-05
norm(r_0) 0
norm(r_1) 0
norm(r_2) 0
norm(r_3) 1.5043183e-06
norm(r_4) 0
Newton iteration  1 : ||r|| = 1.50432e-06, ||r||/||r_0|| = 1.78988e-06
Setting time step: 0.0025 in DGTransportTDO
Setting time step: 0.0025 in CombinedOp
Setting time step: 0.0025 in IonStaticPressureOp
norm(r_0) 0
norm(r_1) 0
norm(r_2) 0
norm(r_3) 0.78621957
norm(r_4) 0
Newton iteration  0 : ||r|| = 0.78622
   Pass :  1   Iteration :   0  ||B r|| = 54.0056
   Pass :  1   Iteration :   1  ||B r|| = 4.27285
   Pass :  1   Iteration :   2  ||B r|| = 1.18801
   Pass :  1   Iteration :   3  ||B r|| = 0.390014
   Pass :  1   Iteration :   4  ||B r|| = 0.101805
   Pass :  1   Iteration :   5  ||B r|| = 0.0156883
   Pass :  1   Iteration :   6  ||B r|| = 0.00450796
   Pass :  1   Iteration :   7  ||B r|| = 0.00109883
   Pass :  1   Iteration :   8  ||B r|| = 0.000234929
   Pass :  1   Iteration :   9  ||B r|| = 7.23786e-05
   Pass :  1   Iteration :  10  ||B r|| = 1.63563e-05
norm(r_0) 0
norm(r_1) 0
norm(r_2) 0
norm(r_3) 1.4073221e-06
norm(r_4) 0
Newton iteration  1 : ||r|| = 1.40732e-06, ||r||/||r_0|| = 1.78999e-06
Setting time step: 0.005 in DGTransportTDO
Setting time step: 0.005 in CombinedOp
Setting time step: 0.005 in IonStaticPressureOp
norm(r_0) 0
norm(r_1) 0
norm(r_2) 0
norm(r_3) 0.76127744
norm(r_4) 0
Newton iteration  0 : ||r|| = 0.761277
   Pass :  1   Iteration :   0  ||B r|| = 47.1199
   Pass :  1   Iteration :   1  ||B r|| = 4.79369
   Pass :  1   Iteration :   2  ||B r|| = 1.39357
   Pass :  1   Iteration :   3  ||B r|| = 0.459592
   Pass :  1   Iteration :   4  ||B r|| = 0.184009
   Pass :  1   Iteration :   5  ||B r|| = 0.0399139
   Pass :  1   Iteration :   6  ||B r|| = 0.00998444
   Pass :  1   Iteration :   7  ||B r|| = 0.00280168
   Pass :  1   Iteration :   8  ||B r|| = 0.000994088
   Pass :  1   Iteration :   9  ||B r|| = 0.000292435
   Pass :  1   Iteration :  10  ||B r|| = 7.98907e-05
   Pass :  1   Iteration :  11  ||B r|| = 2.61906e-05
norm(r_0) 0
norm(r_1) 0
norm(r_2) 0
norm(r_3) 4.2799065e-06
norm(r_4) 0
Newton iteration  1 : ||r|| = 4.27991e-06, ||r||/||r_0|| = 5.62201e-06
Setting time step: 0.005 in DGTransportTDO
Setting time step: 0.005 in CombinedOp
Setting time step: 0.005 in IonStaticPressureOp
norm(r_0) 0
norm(r_1) 0
norm(r_2) 0
norm(r_3) 0.66732371
norm(r_4) 0
Newton iteration  0 : ||r|| = 0.667324
   Pass :  1   Iteration :   0  ||B r|| = 41.3043
   Pass :  1   Iteration :   1  ||B r|| = 4.20015
   Pass :  1   Iteration :   2  ||B r|| = 1.22118
   Pass :  1   Iteration :   3  ||B r|| = 0.402822
   Pass :  1   Iteration :   4  ||B r|| = 0.161262
   Pass :  1   Iteration :   5  ||B r|| = 0.0349758
   Pass :  1   Iteration :   6  ||B r|| = 0.00874735
   Pass :  1   Iteration :   7  ||B r|| = 0.00245498
   Pass :  1   Iteration :   8  ||B r|| = 0.000871147
   Pass :  1   Iteration :   9  ||B r|| = 0.000256266
   Pass :  1   Iteration :  10  ||B r|| = 6.99928e-05
   Pass :  1   Iteration :  11  ||B r|| = 2.29492e-05
norm(r_0) 0
norm(r_1) 0
norm(r_2) 0
norm(r_3) 3.7500881e-06
norm(r_4) 0
Newton iteration  1 : ||r|| = 3.75009e-06, ||r||/||r_0|| = 5.61959e-06
Setting time step: 0.005 in DGTransportTDO
Setting time step: 0.005 in CombinedOp
Setting time step: 0.005 in IonStaticPressureOp
norm(r_0) 0
norm(r_1) 0
norm(r_2) 0
norm(r_3) 0.70398376
norm(r_4) 0
Newton iteration  0 : ||r|| = 0.703984
   Pass :  1   Iteration :   0  ||B r|| = 43.5732
   Pass :  1   Iteration :   1  ||B r|| = 4.43162
   Pass :  1   Iteration :   2  ||B r|| = 1.28842
   Pass :  1   Iteration :   3  ||B r|| = 0.424968
   Pass :  1   Iteration :   4  ||B r|| = 0.170134
   Pass :  1   Iteration :   5  ||B r|| = 0.0369018
   Pass :  1   Iteration :   6  ||B r|| = 0.00922971
   Pass :  1   Iteration :   7  ||B r|| = 0.00259019
   Pass :  1   Iteration :   8  ||B r|| = 0.000919094
   Pass :  1   Iteration :   9  ||B r|| = 0.000270372
   Pass :  1   Iteration :  10  ||B r|| = 7.38525e-05
   Pass :  1   Iteration :  11  ||B r|| = 2.42134e-05
norm(r_0) 0
norm(r_1) 0
norm(r_2) 0
norm(r_3) 3.9566911e-06
norm(r_4) 0
Newton iteration  1 : ||r|| = 3.95669e-06, ||r||/||r_0|| = 5.62043e-06
Setting time step: 0.005 in DGTransportTDO
Setting time step: 0.005 in CombinedOp
Setting time step: 0.005 in IonStaticPressureOp
norm(r_0) 0
norm(r_1) 0
norm(r_2) 0
norm(r_3) 0.71352704
norm(r_4) 0
Newton iteration  0 : ||r|| = 0.713527
   Pass :  1   Iteration :   0  ||B r|| = 44.164
   Pass :  1   Iteration :   1  ||B r|| = 4.49194
   Pass :  1   Iteration :   2  ||B r|| = 1.30593
   Pass :  1   Iteration :   3  ||B r|| = 0.430736
   Pass :  1   Iteration :   4  ||B r|| = 0.172446
   Pass :  1   Iteration :   5  ||B r|| = 0.0374036
   Pass :  1   Iteration :   6  ||B r|| = 0.00935544
   Pass :  1   Iteration :   7  ||B r|| = 0.00262542
   Pass :  1   Iteration :   8  ||B r|| = 0.000931587
   Pass :  1   Iteration :   9  ||B r|| = 0.000274047
   Pass :  1   Iteration :  10  ||B r|| = 7.48584e-05
   Pass :  1   Iteration :  11  ||B r|| = 2.45427e-05
norm(r_0) 0
norm(r_1) 0
norm(r_2) 0
norm(r_3) 4.0105373e-06
norm(r_4) 0
Newton iteration  1 : ||r|| = 4.01054e-06, ||r||/||r_0|| = 5.62072e-06
Setting time step: 0.005 in DGTransportTDO
Setting time step: 0.005 in CombinedOp
Setting time step: 0.005 in IonStaticPressureOp
norm(r_0) 0
norm(r_1) 0
norm(r_2) 0
norm(r_3) 0.62359296
norm(r_4) 0
Newton iteration  0 : ||r|| = 0.623593
   Pass :  1   Iteration :   0  ||B r|| = 38.6017
   Pass :  1   Iteration :   1  ||B r|| = 3.92505
   Pass :  1   Iteration :   2  ||B r|| = 1.14122
   Pass :  1   Iteration :   3  ||B r|| = 0.376466
   Pass :  1   Iteration :   4  ||B r|| = 0.15071
   Pass :  1   Iteration :   5  ||B r|| = 0.0326858
   Pass :  1   Iteration :   6  ||B r|| = 0.00817498
   Pass :  1   Iteration :   7  ||B r|| = 0.00229433
   Pass :  1   Iteration :   8  ||B r|| = 0.000814189
   Pass :  1   Iteration :   9  ||B r|| = 0.000239501
   Pass :  1   Iteration :  10  ||B r|| = 6.54078e-05
   Pass :  1   Iteration :  11  ||B r|| = 2.14459e-05
norm(r_0) 0
norm(r_1) 0
norm(r_2) 0
norm(r_3) 3.5048055e-06
norm(r_4) 0
Newton iteration  1 : ||r|| = 3.50481e-06, ||r||/||r_0|| = 5.62034e-06
Setting time step: 0.01 in DGTransportTDO
Setting time step: 0.01 in CombinedOp
Setting time step: 0.01 in IonStaticPressureOp
norm(r_0) 0
norm(r_1) 0
norm(r_2) 0
norm(r_3) 0.58512254
norm(r_4) 0
Newton iteration  0 : ||r|| = 0.585123
   Pass :  1   Iteration :   0  ||B r|| = 30.942
   Pass :  1   Iteration :   1  ||B r|| = 3.59858
   Pass :  1   Iteration :   2  ||B r|| = 1.26869
   Pass :  1   Iteration :   3  ||B r|| = 0.427244
   Pass :  1   Iteration :   4  ||B r|| = 0.149168
   Pass :  1   Iteration :   5  ||B r|| = 0.0487673
   Pass :  1   Iteration :   6  ||B r|| = 0.0185986
   Pass :  1   Iteration :   7  ||B r|| = 0.00571041
   Pass :  1   Iteration :   8  ||B r|| = 0.0021057
   Pass :  1   Iteration :   9  ||B r|| = 0.000599708
   Pass :  1   Iteration :  10  ||B r|| = 0.000218985
   Pass :  1   Iteration :  11  ||B r|| = 8.96506e-05
   Pass :  1   Iteration :  12  ||B r|| = 2.96874e-05
norm(r_0) 0
norm(r_1) 0
norm(r_2) 0
norm(r_3) 9.8510237e-06
norm(r_4) 0
Newton iteration  1 : ||r|| = 9.85102e-06, ||r||/||r_0|| = 1.68358e-05
Setting time step: 0.01 in DGTransportTDO
Setting time step: 0.01 in CombinedOp
Setting time step: 0.01 in IonStaticPressureOp
norm(r_0) 0
norm(r_1) 0
norm(r_2) 0
norm(r_3) 0.44903054
norm(r_4) 0
Newton iteration  0 : ||r|| = 0.449031
   Pass :  1   Iteration :   0  ||B r|| = 23.7461
   Pass :  1   Iteration :   1  ||B r|| = 2.76112
   Pass :  1   Iteration :   2  ||B r|| = 0.973438
   Pass :  1   Iteration :   3  ||B r|| = 0.327862
   Pass :  1   Iteration :   4  ||B r|| = 0.114465
   Pass :  1   Iteration :   5  ||B r|| = 0.0374203
   Pass :  1   Iteration :   6  ||B r|| = 0.0142704
   Pass :  1   Iteration :   7  ||B r|| = 0.00438168
   Pass :  1   Iteration :   8  ||B r|| = 0.00161577
   Pass :  1   Iteration :   9  ||B r|| = 0.000460174
   Pass :  1   Iteration :  10  ||B r|| = 0.000168024
   Pass :  1   Iteration :  11  ||B r|| = 6.87883e-05
   Pass :  1   Iteration :  12  ||B r|| = 2.27787e-05
norm(r_0) 0
norm(r_1) 0
norm(r_2) 0
norm(r_3) 7.5583726e-06
norm(r_4) 0
Newton iteration  1 : ||r|| = 7.55837e-06, ||r||/||r_0|| = 1.68326e-05
Setting time step: 0.01 in DGTransportTDO
Setting time step: 0.01 in CombinedOp
Setting time step: 0.01 in IonStaticPressureOp
norm(r_0) 0
norm(r_1) 0
norm(r_2) 0
norm(r_3) 0.50093597
norm(r_4) 0
Newton iteration  0 : ||r|| = 0.500936
   Pass :  1   Iteration :   0  ||B r|| = 26.4907
   Pass :  1   Iteration :   1  ||B r|| = 3.08049
   Pass :  1   Iteration :   2  ||B r|| = 1.08603
   Pass :  1   Iteration :   3  ||B r|| = 0.365765
   Pass :  1   Iteration :   4  ||B r|| = 0.1277
   Pass :  1   Iteration :   5  ||B r|| = 0.0417477
   Pass :  1   Iteration :   6  ||B r|| = 0.015921
   Pass :  1   Iteration :   7  ||B r|| = 0.00488841
   Pass :  1   Iteration :   8  ||B r|| = 0.00180261
   Pass :  1   Iteration :   9  ||B r|| = 0.000513388
   Pass :  1   Iteration :  10  ||B r|| = 0.000187459
   Pass :  1   Iteration :  11  ||B r|| = 7.67444e-05
   Pass :  1   Iteration :  12  ||B r|| = 2.54134e-05
norm(r_0) 0
norm(r_1) 0
norm(r_2) 0
norm(r_3) 8.4326743e-06
norm(r_4) 0
Newton iteration  1 : ||r|| = 8.43267e-06, ||r||/||r_0|| = 1.68338e-05
Setting time step: 0.01 in DGTransportTDO
Setting time step: 0.01 in CombinedOp
Setting time step: 0.01 in IonStaticPressureOp
norm(r_0) 0
norm(r_1) 0
norm(r_2) 0
norm(r_3) 0.51496841
norm(r_4) 0
Newton iteration  0 : ||r|| = 0.514968
   Pass :  1   Iteration :   0  ||B r|| = 27.2326
   Pass :  1   Iteration :   1  ||B r|| = 3.16685
   Pass :  1   Iteration :   2  ||B r|| = 1.11648
   Pass :  1   Iteration :   3  ||B r|| = 0.376013
   Pass :  1   Iteration :   4  ||B r|| = 0.131278
   Pass :  1   Iteration :   5  ||B r|| = 0.0429178
   Pass :  1   Iteration :   6  ||B r|| = 0.0163673
   Pass :  1   Iteration :   7  ||B r|| = 0.00502543
   Pass :  1   Iteration :   8  ||B r|| = 0.00185313
   Pass :  1   Iteration :   9  ||B r|| = 0.000527777
   Pass :  1   Iteration :  10  ||B r|| = 0.000192714
   Pass :  1   Iteration :  11  ||B r|| = 7.88957e-05
   Pass :  1   Iteration :  12  ||B r|| = 2.61258e-05
norm(r_0) 0
norm(r_1) 0
norm(r_2) 0
norm(r_3) 8.669096e-06
norm(r_4) 0
Newton iteration  1 : ||r|| = 8.6691e-06, ||r||/||r_0|| = 1.68342e-05
Setting time step: 0.01 in DGTransportTDO
Setting time step: 0.01 in CombinedOp
Setting time step: 0.01 in IonStaticPressureOp
norm(r_0) 0
norm(r_1) 0
norm(r_2) 0
norm(r_3) 0.39113883
norm(r_4) 0
Newton iteration  0 : ||r|| = 0.391139
   Pass :  1   Iteration :   0  ||B r|| = 20.6852
   Pass :  1   Iteration :   1  ||B r|| = 2.40522
   Pass :  1   Iteration :   2  ||B r|| = 0.847955
   Pass :  1   Iteration :   3  ||B r|| = 0.285598
   Pass :  1   Iteration :   4  ||B r|| = 0.0997116
   Pass :  1   Iteration :   5  ||B r|| = 0.0325969
   Pass :  1   Iteration :   6  ||B r|| = 0.0124309
   Pass :  1   Iteration :   7  ||B r|| = 0.00381689
   Pass :  1   Iteration :   8  ||B r|| = 0.00140751
   Pass :  1   Iteration :   9  ||B r|| = 0.000400861
   Pass :  1   Iteration :  10  ||B r|| = 0.000146365
   Pass :  1   Iteration :  11  ||B r|| = 5.9921e-05
   Pass :  1   Iteration :  12  ||B r|| = 1.98425e-05
norm(r_0) 0
norm(r_1) 0
norm(r_2) 0
norm(r_3) 6.5842195e-06
norm(r_4) 0
Newton iteration  1 : ||r|| = 6.58422e-06, ||r||/||r_0|| = 1.68335e-05
Setting time step: 0.02 in DGTransportTDO
Setting time step: 0.02 in CombinedOp
Setting time step: 0.02 in IonStaticPressureOp
norm(r_0) 0
norm(r_1) 0
norm(r_2) 0
norm(r_3) 0.34565519
norm(r_4) 0
Newton iteration  0 : ||r|| = 0.345655
   Pass :  1   Iteration :   0  ||B r|| = 14.169
   Pass :  1   Iteration :   1  ||B r|| = 1.73696
   Pass :  1   Iteration :   2  ||B r|| = 0.727095
   Pass :  1   Iteration :   3  ||B r|| = 0.296661
   Pass :  1   Iteration :   4  ||B r|| = 0.088906
   Pass :  1   Iteration :   5  ||B r|| = 0.0309755
   Pass :  1   Iteration :   6  ||B r|| = 0.0128646
   Pass :  1   Iteration :   7  ||B r|| = 0.00454705
   Pass :  1   Iteration :   8  ||B r|| = 0.0018557
   Pass :  1   Iteration :   9  ||B r|| = 0.000596085
   Pass :  1   Iteration :  10  ||B r|| = 0.000249108
   Pass :  1   Iteration :  11  ||B r|| = 9.30991e-05
   Pass :  1   Iteration :  12  ||B r|| = 3.34441e-05
   Pass :  1   Iteration :  13  ||B r|| = 1.19461e-05
norm(r_0) 0
norm(r_1) 0
norm(r_2) 0
norm(r_3) 6.3824369e-06
norm(r_4) 0
Newton iteration  1 : ||r|| = 6.38244e-06, ||r||/||r_0|| = 1.84648e-05
Setting time step: 0.02 in DGTransportTDO
Setting time step: 0.02 in CombinedOp
Setting time step: 0.02 in IonStaticPressureOp
norm(r_0) 0
norm(r_1) 0
norm(r_2) 0
norm(r_3) 0.2016111
norm(r_4) 0
Newton iteration  0 : ||r|| = 0.201611
   Pass :  1   Iteration :   0  ||B r|| = 8.26441
   Pass :  1   Iteration :   1  ||B r|| = 1.01309
   Pass :  1   Iteration :   2  ||B r|| = 0.424076
   Pass :  1   Iteration :   3  ||B r|| = 0.173031
   Pass :  1   Iteration :   4  ||B r|| = 0.0518556
   Pass :  1   Iteration :   5  ||B r|| = 0.0180669
   Pass :  1   Iteration :   6  ||B r|| = 0.00750333
   Pass :  1   Iteration :   7  ||B r|| = 0.00265212
   Pass :  1   Iteration :   8  ||B r|| = 0.00108235
   Pass :  1   Iteration :   9  ||B r|| = 0.000347671
   Pass :  1   Iteration :  10  ||B r|| = 0.000145294
   Pass :  1   Iteration :  11  ||B r|| = 5.43012e-05
   Pass :  1   Iteration :  12  ||B r|| = 1.95066e-05
   Pass :  1   Iteration :  13  ||B r|| = 6.96756e-06
norm(r_0) 0
norm(r_1) 0
norm(r_2) 0
norm(r_3) 3.7225803e-06
norm(r_4) 0
Newton iteration  1 : ||r|| = 3.72258e-06, ||r||/||r_0|| = 1.84642e-05
Setting time step: 0.02 in DGTransportTDO
Setting time step: 0.02 in CombinedOp
Setting time step: 0.02 in IonStaticPressureOp
norm(r_0) 0
norm(r_1) 0
norm(r_2) 0
norm(r_3) 0.25442677
norm(r_4) 0
Newton iteration  0 : ||r|| = 0.254427
   Pass :  1   Iteration :   0  ||B r|| = 10.4294
   Pass :  1   Iteration :   1  ||B r|| = 1.2785
   Pass :  1   Iteration :   2  ||B r|| = 0.53518
   Pass :  1   Iteration :   3  ||B r|| = 0.218361
   Pass :  1   Iteration :   4  ||B r|| = 0.0654405
   Pass :  1   Iteration :   5  ||B r|| = 0.0228
   Pass :  1   Iteration :   6  ||B r|| = 0.00946908
   Pass :  1   Iteration :   7  ||B r|| = 0.00334692
   Pass :  1   Iteration :   8  ||B r|| = 0.00136591
   Pass :  1   Iteration :   9  ||B r|| = 0.000438754
   Pass :  1   Iteration :  10  ||B r|| = 0.000183358
   Pass :  1   Iteration :  11  ||B r|| = 6.85269e-05
   Pass :  1   Iteration :  12  ||B r|| = 2.46169e-05
   Pass :  1   Iteration :  13  ||B r|| = 8.79297e-06
norm(r_0) 0
norm(r_1) 0
norm(r_2) 0
norm(r_3) 4.69784e-06
norm(r_4) 0
Newton iteration  1 : ||r|| = 4.69784e-06, ||r||/||r_0|| = 1.84644e-05
Setting time step: 0.02 in DGTransportTDO
Setting time step: 0.02 in CombinedOp
Setting time step: 0.02 in IonStaticPressureOp
norm(r_0) 0
norm(r_1) 0
norm(r_2) 0
norm(r_3) 0.26968299
norm(r_4) 0
Newton iteration  0 : ||r|| = 0.269683
   Pass :  1   Iteration :   0  ||B r|| = 11.0548
   Pass :  1   Iteration :   1  ||B r|| = 1.35517
   Pass :  1   Iteration :   2  ||B r|| = 0.567275
   Pass :  1   Iteration :   3  ||B r|| = 0.231455
   Pass :  1   Iteration :   4  ||B r|| = 0.0693646
   Pass :  1   Iteration :   5  ||B r|| = 0.0241672
   Pass :  1   Iteration :   6  ||B r|| = 0.0100369
   Pass :  1   Iteration :   7  ||B r|| = 0.00354762
   Pass :  1   Iteration :   8  ||B r|| = 0.00144782
   Pass :  1   Iteration :   9  ||B r|| = 0.000465065
   Pass :  1   Iteration :  10  ||B r|| = 0.000194353
   Pass :  1   Iteration :  11  ||B r|| = 7.26361e-05
   Pass :  1   Iteration :  12  ||B r|| = 2.60931e-05
   Pass :  1   Iteration :  13  ||B r|| = 9.32027e-06
norm(r_0) 0
norm(r_1) 0
norm(r_2) 0
norm(r_3) 4.9795578e-06
norm(r_4) 0
Newton iteration  1 : ||r|| = 4.97956e-06, ||r||/||r_0|| = 1.84645e-05
Setting time step: 0.02 in DGTransportTDO
Setting time step: 0.02 in CombinedOp
Setting time step: 0.02 in IonStaticPressureOp
norm(r_0) 0
norm(r_1) 0
norm(r_2) 0
norm(r_3) 0.15253985
norm(r_4) 0
Newton iteration  0 : ||r|| = 0.15254
   Pass :  1   Iteration :   0  ||B r|| = 6.25296
   Pass :  1   Iteration :   1  ||B r|| = 0.766534
   Pass :  1   Iteration :   2  ||B r|| = 0.320871
   Pass :  1   Iteration :   3  ||B r|| = 0.13092
   Pass :  1   Iteration :   4  ||B r|| = 0.0392354
   Pass :  1   Iteration :   5  ||B r|| = 0.0136698
   Pass :  1   Iteration :   6  ||B r|| = 0.00567728
   Pass :  1   Iteration :   7  ||B r|| = 0.00200663
   Pass :  1   Iteration :   8  ||B r|| = 0.000818927
   Pass :  1   Iteration :   9  ||B r|| = 0.000263057
   Pass :  1   Iteration :  10  ||B r|| = 0.000109933
   Pass :  1   Iteration :  11  ||B r|| = 4.10856e-05
   Pass :  1   Iteration :  12  ||B r|| = 1.47588e-05
   Pass :  1   Iteration :  13  ||B r|| = 5.27179e-06
norm(r_0) 0
norm(r_1) 0
norm(r_2) 0
norm(r_3) 2.8165868e-06
norm(r_4) 0
Newton iteration  1 : ||r|| = 2.81659e-06, ||r||/||r_0|| = 1.84646e-05
Time stepping paused at t = 0.15

Estimating errors.
No refinements necessary.
No derefinements needed.

AMR iteration 1
Number of unknowns: 144
Setting time step: 0.019770526 in DGTransportTDO
Setting time step: 0.019770526 in CombinedOp
Setting time step: 0.019770526 in IonStaticPressureOp
norm(r_0) 0
norm(r_1) 0
norm(r_2) 0
norm(r_3) 0.1207573
norm(r_4) 0
Newton iteration  0 : ||r|| = 0.120757
   Pass :  1   Iteration :   0  ||B r|| = 4.97592
   Pass :  1   Iteration :   1  ||B r|| = 0.609451
   Pass :  1   Iteration :   2  ||B r|| = 0.254562
   Pass :  1   Iteration :   3  ||B r|| = 0.103515
   Pass :  1   Iteration :   4  ||B r|| = 0.0310431
   Pass :  1   Iteration :   5  ||B r|| = 0.0108171
   Pass :  1   Iteration :   6  ||B r|| = 0.00449383
   Pass :  1   Iteration :   7  ||B r|| = 0.0015874
   Pass :  1   Iteration :   8  ||B r|| = 0.000647319
   Pass :  1   Iteration :   9  ||B r|| = 0.000207581
   Pass :  1   Iteration :  10  ||B r|| = 8.64708e-05
   Pass :  1   Iteration :  11  ||B r|| = 3.22836e-05
   Pass :  1   Iteration :  12  ||B r|| = 1.16155e-05
   Pass :  1   Iteration :  13  ||B r|| = 4.14925e-06
norm(r_0) 0
norm(r_1) 0
norm(r_2) 0
norm(r_3) 2.1894808e-06
norm(r_4) 0
Newton iteration  1 : ||r|| = 2.18948e-06, ||r||/||r_0|| = 1.81312e-05
Setting time step: 0.019770526 in DGTransportTDO
Setting time step: 0.019770526 in CombinedOp
Setting time step: 0.019770526 in IonStaticPressureOp
norm(r_0) 0
norm(r_1) 0
norm(r_2) 0
norm(r_3) 0.070892119
norm(r_4) 0
Newton iteration  0 : ||r|| = 0.0708921
   Pass :  1   Iteration :   0  ||B r|| = 2.92118
   Pass :  1   Iteration :   1  ||B r|| = 0.357784
   Pass :  1   Iteration :   2  ||B r|| = 0.149443
   Pass :  1   Iteration :   3  ||B r|| = 0.0607695
   Pass :  1   Iteration :   4  ||B r|| = 0.0182242
   Pass :  1   Iteration :   5  ||B r|| = 0.0063503
   Pass :  1   Iteration :   6  ||B r|| = 0.00263815
   Pass :  1   Iteration :   7  ||B r|| = 0.000931898
   Pass :  1   Iteration :   8  ||B r|| = 0.000380015
   Pass :  1   Iteration :   9  ||B r|| = 0.000121862
   Pass :  1   Iteration :  10  ||B r|| = 5.07635e-05
   Pass :  1   Iteration :  11  ||B r|| = 1.89524e-05
   Pass :  1   Iteration :  12  ||B r|| = 6.81899e-06
   Pass :  1   Iteration :  13  ||B r|| = 2.43585e-06
norm(r_0) 0
norm(r_1) 0
norm(r_2) 0
norm(r_3) 1.2853558e-06
norm(r_4) 0
Newton iteration  1 : ||r|| = 1.28536e-06, ||r||/||r_0|| = 1.81312e-05
Setting time step: 0.019770526 in DGTransportTDO
Setting time step: 0.019770526 in CombinedOp
Setting time step: 0.019770526 in IonStaticPressureOp
norm(r_0) 0
norm(r_1) 0
norm(r_2) 0
norm(r_3) 0.089190914
norm(r_4) 0
Newton iteration  0 : ||r|| = 0.0891909
   Pass :  1   Iteration :   0  ||B r|| = 3.6752
   Pass :  1   Iteration :   1  ||B r|| = 0.450137
   Pass :  1   Iteration :   2  ||B r|| = 0.188018
   Pass :  1   Iteration :   3  ||B r|| = 0.0764555
   Pass :  1   Iteration :   4  ||B r|| = 0.0229283
   Pass :  1   Iteration :   5  ||B r|| = 0.00798946
   Pass :  1   Iteration :   6  ||B r|| = 0.00331912
   Pass :  1   Iteration :   7  ||B r|| = 0.00117244
   Pass :  1   Iteration :   8  ||B r|| = 0.000478106
   Pass :  1   Iteration :   9  ||B r|| = 0.000153318
   Pass :  1   Iteration :  10  ||B r|| = 6.38668e-05
   Pass :  1   Iteration :  11  ||B r|| = 2.38445e-05
   Pass :  1   Iteration :  12  ||B r|| = 8.57913e-06
   Pass :  1   Iteration :  13  ||B r|| = 3.06461e-06
norm(r_0) 0
norm(r_1) 0
norm(r_2) 0
norm(r_3) 1.6171377e-06
norm(r_4) 0
Newton iteration  1 : ||r|| = 1.61714e-06, ||r||/||r_0|| = 1.81312e-05
Setting time step: 0.019770526 in DGTransportTDO
Setting time step: 0.019770526 in CombinedOp
Setting time step: 0.019770526 in IonStaticPressureOp
norm(r_0) 0
norm(r_1) 0
norm(r_2) 0
norm(r_3) 0.094469302
norm(r_4) 0
Newton iteration  0 : ||r|| = 0.0944693
   Pass :  1   Iteration :   0  ||B r|| = 3.8927
   Pass :  1   Iteration :   1  ||B r|| = 0.476776
   Pass :  1   Iteration :   2  ||B r|| = 0.199145
   Pass :  1   Iteration :   3  ||B r|| = 0.0809802
   Pass :  1   Iteration :   4  ||B r|| = 0.0242852
   Pass :  1   Iteration :   5  ||B r|| = 0.00846229
   Pass :  1   Iteration :   6  ||B r|| = 0.00351555
   Pass :  1   Iteration :   7  ||B r|| = 0.00124183
   Pass :  1   Iteration :   8  ||B r|| = 0.000506401
   Pass :  1   Iteration :   9  ||B r|| = 0.000162392
   Pass :  1   Iteration :  10  ||B r|| = 6.76465e-05
   Pass :  1   Iteration :  11  ||B r|| = 2.52557e-05
   Pass :  1   Iteration :  12  ||B r|| = 9.08685e-06
   Pass :  1   Iteration :  13  ||B r|| = 3.24598e-06
norm(r_0) 0
norm(r_1) 0
norm(r_2) 0
norm(r_3) 1.7128424e-06
norm(r_4) 0
Newton iteration  1 : ||r|| = 1.71284e-06, ||r||/||r_0|| = 1.81312e-05
Setting time step: 0.019770526 in DGTransportTDO
Setting time step: 0.019770526 in CombinedOp
Setting time step: 0.019770526 in IonStaticPressureOp
norm(r_0) 0
norm(r_1) 0
norm(r_2) 0
norm(r_3) 0.053806492
norm(r_4) 0
Newton iteration  0 : ||r|| = 0.0538065
   Pass :  1   Iteration :   0  ||B r|| = 2.21715
   Pass :  1   Iteration :   1  ||B r|| = 0.271557
   Pass :  1   Iteration :   2  ||B r|| = 0.113427
   Pass :  1   Iteration :   3  ||B r|| = 0.0461237
   Pass :  1   Iteration :   4  ||B r|| = 0.0138321
   Pass :  1   Iteration :   5  ||B r|| = 0.00481984
   Pass :  1   Iteration :   6  ||B r|| = 0.00200234
   Pass :  1   Iteration :   7  ||B r|| = 0.000707304
   Pass :  1   Iteration :   8  ||B r|| = 0.000288429
   Pass :  1   Iteration :   9  ||B r|| = 9.2493e-05
   Pass :  1   Iteration :  10  ||B r|| = 3.85293e-05
   Pass :  1   Iteration :  11  ||B r|| = 1.43848e-05
   Pass :  1   Iteration :  12  ||B r|| = 5.17554e-06
   Pass :  1   Iteration :  13  ||B r|| = 1.8488e-06
norm(r_0) 0
norm(r_1) 0
norm(r_2) 0
norm(r_3) 9.7557683e-07
norm(r_4) 0
Newton iteration  1 : ||r|| = 9.75577e-07, ||r||/||r_0|| = 1.81312e-05
Setting time step: 0.038648047 in DGTransportTDO
Setting time step: 0.038648047 in CombinedOp
Setting time step: 0.038648047 in IonStaticPressureOp
norm(r_0) 0
norm(r_1) 0
norm(r_2) 0
norm(r_3) 0.042697236
norm(r_4) 0
Newton iteration  0 : ||r|| = 0.0426972
   Pass :  1   Iteration :   0  ||B r|| = 1.22808
   Pass :  1   Iteration :   1  ||B r|| = 0.15916
   Pass :  1   Iteration :   2  ||B r|| = 0.0734317
   Pass :  1   Iteration :   3  ||B r|| = 0.0356162
   Pass :  1   Iteration :   4  ||B r|| = 0.0109065
   Pass :  1   Iteration :   5  ||B r|| = 0.00389095
   Pass :  1   Iteration :   6  ||B r|| = 0.00164802
   Pass :  1   Iteration :   7  ||B r|| = 0.000587925
   Pass :  1   Iteration :   8  ||B r|| = 0.000248144
   Pass :  1   Iteration :   9  ||B r|| = 7.47911e-05
   Pass :  1   Iteration :  10  ||B r|| = 2.85763e-05
   Pass :  1   Iteration :  11  ||B r|| = 1.42505e-05
   Pass :  1   Iteration :  12  ||B r|| = 5.56739e-06
   Pass :  1   Iteration :  13  ||B r|| = 2.20895e-06
   Pass :  1   Iteration :  14  ||B r|| = 8.97903e-07
norm(r_0) 0
norm(r_1) 0
norm(r_2) 0
norm(r_3) 1.1796551e-06
norm(r_4) 0
Newton iteration  1 : ||r|| = 1.17966e-06, ||r||/||r_0|| = 2.76284e-05
Setting time step: 0.038648047 in DGTransportTDO
Setting time step: 0.038648047 in CombinedOp
Setting time step: 0.038648047 in IonStaticPressureOp
norm(r_0) 0
norm(r_1) 0
norm(r_2) 0
norm(r_3) 0.013906803
norm(r_4) 0
Newton iteration  0 : ||r|| = 0.0139068
   Pass :  1   Iteration :   0  ||B r|| = 0.399995
   Pass :  1   Iteration :   1  ||B r|| = 0.0518395
   Pass :  1   Iteration :   2  ||B r|| = 0.0239173
   Pass :  1   Iteration :   3  ||B r|| = 0.0116005
   Pass :  1   Iteration :   4  ||B r|| = 0.00355233
   Pass :  1   Iteration :   5  ||B r|| = 0.00126731
   Pass :  1   Iteration :   6  ||B r|| = 0.000536766
   Pass :  1   Iteration :   7  ||B r|| = 0.000191495
   Pass :  1   Iteration :   8  ||B r|| = 8.08235e-05
   Pass :  1   Iteration :   9  ||B r|| = 2.43596e-05
   Pass :  1   Iteration :  10  ||B r|| = 9.30684e-06
   Pass :  1   Iteration :  11  ||B r|| = 4.64125e-06
   Pass :  1   Iteration :  12  ||B r|| = 1.81329e-06
   Pass :  1   Iteration :  13  ||B r|| = 7.19435e-07
norm(r_0) 0
norm(r_1) 0
norm(r_2) 0
norm(r_3) 8.0918245e-07
norm(r_4) 0
Newton iteration  1 : ||r|| = 8.09182e-07, ||r||/||r_0|| = 5.81861e-05
Setting time step: 0.038648047 in DGTransportTDO
Setting time step: 0.038648047 in CombinedOp
Setting time step: 0.038648047 in IonStaticPressureOp
norm(r_0) 0
norm(r_1) 0
norm(r_2) 0
norm(r_3) 0.023869918
norm(r_4) 0
Newton iteration  0 : ||r|| = 0.0238699
   Pass :  1   Iteration :   0  ||B r|| = 0.68656
   Pass :  1   Iteration :   1  ||B r|| = 0.0889783
   Pass :  1   Iteration :   2  ||B r|| = 0.0410521
   Pass :  1   Iteration :   3  ||B r|| = 0.0199113
   Pass :  1   Iteration :   4  ||B r|| = 0.00609728
   Pass :  1   Iteration :   5  ||B r|| = 0.00217523
   Pass :  1   Iteration :   6  ||B r|| = 0.000921321
   Pass :  1   Iteration :   7  ||B r|| = 0.000328683
   Pass :  1   Iteration :   8  ||B r|| = 0.000138726
   Pass :  1   Iteration :   9  ||B r|| = 4.18117e-05
   Pass :  1   Iteration :  10  ||B r|| = 1.59751e-05
   Pass :  1   Iteration :  11  ||B r|| = 7.96656e-06
   Pass :  1   Iteration :  12  ||B r|| = 3.11242e-06
   Pass :  1   Iteration :  13  ||B r|| = 1.23489e-06
   Pass :  1   Iteration :  14  ||B r|| = 5.01959e-07
norm(r_0) 0
norm(r_1) 0
norm(r_2) 0
norm(r_3) 6.5947194e-07
norm(r_4) 0
Newton iteration  1 : ||r|| = 6.59472e-07, ||r||/||r_0|| = 2.76277e-05
Setting time step: 0.038648047 in DGTransportTDO
Setting time step: 0.038648047 in CombinedOp
Setting time step: 0.038648047 in IonStaticPressureOp
norm(r_0) 0
norm(r_1) 0
norm(r_2) 0
norm(r_3) 0.027046522
norm(r_4) 0
Newton iteration  0 : ||r|| = 0.0270465
   Pass :  1   Iteration :   0  ||B r|| = 0.777927
   Pass :  1   Iteration :   1  ||B r|| = 0.10082
   Pass :  1   Iteration :   2  ||B r|| = 0.0465153
   Pass :  1   Iteration :   3  ||B r|| = 0.0225611
   Pass :  1   Iteration :   4  ||B r|| = 0.00690871
   Pass :  1   Iteration :   5  ||B r|| = 0.00246471
   Pass :  1   Iteration :   6  ||B r|| = 0.00104393
   Pass :  1   Iteration :   7  ||B r|| = 0.000372423
   Pass :  1   Iteration :   8  ||B r|| = 0.000157187
   Pass :  1   Iteration :   9  ||B r|| = 4.73761e-05
   Pass :  1   Iteration :  10  ||B r|| = 1.81012e-05
   Pass :  1   Iteration :  11  ||B r|| = 9.0268e-06
   Pass :  1   Iteration :  12  ||B r|| = 3.52663e-06
   Pass :  1   Iteration :  13  ||B r|| = 1.39923e-06
   Pass :  1   Iteration :  14  ||B r|| = 5.68765e-07
norm(r_0) 0
norm(r_1) 0
norm(r_2) 0
norm(r_3) 7.4723951e-07
norm(r_4) 0
Newton iteration  1 : ||r|| = 7.4724e-07, ||r||/||r_0|| = 2.76279e-05
Setting time step: 0.038648047 in DGTransportTDO
Setting time step: 0.038648047 in CombinedOp
Setting time step: 0.038648047 in IonStaticPressureOp
norm(r_0) 0
norm(r_1) 0
norm(r_2) 0
norm(r_3) 0.0087344822
norm(r_4) 0
Newton iteration  0 : ||r|| = 0.00873448
   Pass :  1   Iteration :   0  ||B r|| = 0.251227
   Pass :  1   Iteration :   1  ||B r|| = 0.0325591
   Pass :  1   Iteration :   2  ||B r|| = 0.0150219
   Pass :  1   Iteration :   3  ||B r|| = 0.00728592
   Pass :  1   Iteration :   4  ||B r|| = 0.00223114
   Pass :  1   Iteration :   5  ||B r|| = 0.00079597
   Pass :  1   Iteration :   6  ||B r|| = 0.000337142
   Pass :  1   Iteration :   7  ||B r|| = 0.000120269
   Pass :  1   Iteration :   8  ||B r|| = 5.07615e-05
   Pass :  1   Iteration :   9  ||B r|| = 1.53013e-05
   Pass :  1   Iteration :  10  ||B r|| = 5.84735e-06
   Pass :  1   Iteration :  11  ||B r|| = 2.91575e-06
   Pass :  1   Iteration :  12  ||B r|| = 1.13903e-06
   Pass :  1   Iteration :  13  ||B r|| = 4.5194e-07
norm(r_0) 0
norm(r_1) 0
norm(r_2) 0
norm(r_3) 5.0837723e-07
norm(r_4) 0
Newton iteration  1 : ||r|| = 5.08377e-07, ||r||/||r_0|| = 5.82035e-05
Setting time step: 0.042714558 in DGTransportTDO
Setting time step: 0.042714558 in CombinedOp
Setting time step: 0.042714558 in IonStaticPressureOp
norm(r_0) 0
norm(r_1) 0
norm(r_2) 0
norm(r_3) 0.0057897182
norm(r_4) 0
Newton iteration  0 : ||r|| = 0.00578972
   Pass :  1   Iteration :   0  ||B r|| = 0.156309
   Pass :  1   Iteration :   1  ||B r|| = 0.0204496
   Pass :  1   Iteration :   2  ||B r|| = 0.0095418
   Pass :  1   Iteration :   3  ||B r|| = 0.00472972
   Pass :  1   Iteration :   4  ||B r|| = 0.00146142
   Pass :  1   Iteration :   5  ||B r|| = 0.000525652
   Pass :  1   Iteration :   6  ||B r|| = 0.00022496
   Pass :  1   Iteration :   7  ||B r|| = 8.06287e-05
   Pass :  1   Iteration :   8  ||B r|| = 3.43657e-05
   Pass :  1   Iteration :   9  ||B r|| = 1.03038e-05
   Pass :  1   Iteration :  10  ||B r|| = 3.81578e-06
   Pass :  1   Iteration :  11  ||B r|| = 1.95887e-06
   Pass :  1   Iteration :  12  ||B r|| = 7.85907e-07
norm(r_0) 0
norm(r_1) 0
norm(r_2) 0
norm(r_3) 8.5365924e-07
norm(r_4) 0
Newton iteration  1 : ||r|| = 8.53659e-07, ||r||/||r_0|| = 0.000147444
Setting time step: 0.042714558 in DGTransportTDO
Setting time step: 0.042714558 in CombinedOp
Setting time step: 0.042714558 in IonStaticPressureOp
norm(r_0) 0
norm(r_1) 0
norm(r_2) 0
norm(r_3) 0.001622707
norm(r_4) 0
Newton iteration  0 : ||r|| = 0.00162271
   Pass :  1   Iteration :   0  ||B r|| = 0.0438117
   Pass :  1   Iteration :   1  ||B r|| = 0.00573182
   Pass :  1   Iteration :   2  ||B r|| = 0.00267453
   Pass :  1   Iteration :   3  ||B r|| = 0.0013257
   Pass :  1   Iteration :   4  ||B r|| = 0.000409619
   Pass :  1   Iteration :   5  ||B r|| = 0.000147343
   Pass :  1   Iteration :   6  ||B r|| = 6.30654e-05
   Pass :  1   Iteration :   7  ||B r|| = 2.25977e-05
   Pass :  1   Iteration :   8  ||B r|| = 9.63155e-06
   Pass :  1   Iteration :   9  ||B r|| = 2.88723e-06
   Pass :  1   Iteration :  10  ||B r|| = 1.06867e-06
   Pass :  1   Iteration :  11  ||B r|| = 5.48698e-07
norm(r_0) 0
norm(r_1) 0
norm(r_2) 0
norm(r_3) 5.5464958e-07
norm(r_4) 0
Newton iteration  1 : ||r|| = 5.5465e-07, ||r||/||r_0|| = 0.000341805
Setting time step: 0.042714558 in DGTransportTDO
Setting time step: 0.042714558 in CombinedOp
Setting time step: 0.042714558 in IonStaticPressureOp
norm(r_0) 0
norm(r_1) 0
norm(r_2) 0
norm(r_3) 0.0030495721
norm(r_4) 0
Newton iteration  0 : ||r|| = 0.00304957
   Pass :  1   Iteration :   0  ||B r|| = 0.0823333
   Pass :  1   Iteration :   1  ||B r|| = 0.0107715
   Pass :  1   Iteration :   2  ||B r|| = 0.00502605
   Pass :  1   Iteration :   3  ||B r|| = 0.00249132
   Pass :  1   Iteration :   4  ||B r|| = 0.000769778
   Pass :  1   Iteration :   5  ||B r|| = 0.000276885
   Pass :  1   Iteration :   6  ||B r|| = 0.000118503
   Pass :  1   Iteration :   7  ||B r|| = 4.24686e-05
   Pass :  1   Iteration :   8  ||B r|| = 1.8101e-05
   Pass :  1   Iteration :   9  ||B r|| = 5.42673e-06
   Pass :  1   Iteration :  10  ||B r|| = 2.00925e-06
   Pass :  1   Iteration :  11  ||B r|| = 1.03153e-06
   Pass :  1   Iteration :  12  ||B r|| = 4.13859e-07
norm(r_0) 0
norm(r_1) 0
norm(r_2) 0
norm(r_3) 4.4955729e-07
norm(r_4) 0
Newton iteration  1 : ||r|| = 4.49557e-07, ||r||/||r_0|| = 0.000147417
Setting time step: 0.042714558 in DGTransportTDO
Setting time step: 0.042714558 in CombinedOp
Setting time step: 0.042714558 in IonStaticPressureOp
norm(r_0) 0
norm(r_1) 0
norm(r_2) 0
norm(r_3) 0.003512847
norm(r_4) 0
Newton iteration  0 : ||r|| = 0.00351285
   Pass :  1   Iteration :   0  ||B r|| = 0.0948403
   Pass :  1   Iteration :   1  ||B r|| = 0.0124078
   Pass :  1   Iteration :   2  ||B r|| = 0.00578952
   Pass :  1   Iteration :   3  ||B r|| = 0.00286976
   Pass :  1   Iteration :   4  ||B r|| = 0.000886712
   Pass :  1   Iteration :   5  ||B r|| = 0.000318943
   Pass :  1   Iteration :   6  ||B r|| = 0.000136501
   Pass :  1   Iteration :   7  ||B r|| = 4.89203e-05
   Pass :  1   Iteration :   8  ||B r|| = 2.08509e-05
   Pass :  1   Iteration :   9  ||B r|| = 6.25131e-06
   Pass :  1   Iteration :  10  ||B r|| = 2.3147e-06
   Pass :  1   Iteration :  11  ||B r|| = 1.18833e-06
   Pass :  1   Iteration :  12  ||B r|| = 4.76764e-07
norm(r_0) 0
norm(r_1) 0
norm(r_2) 0
norm(r_3) 5.1788216e-07
norm(r_4) 0
Newton iteration  1 : ||r|| = 5.17882e-07, ||r||/||r_0|| = 0.000147425
Setting time step: 0.042714558 in DGTransportTDO
Setting time step: 0.042714558 in CombinedOp
Setting time step: 0.042714558 in IonStaticPressureOp
norm(r_0) 0
norm(r_1) 0
norm(r_2) 0
norm(r_3) 0.0010158419
norm(r_4) 0
Newton iteration  0 : ||r|| = 0.00101584
   Pass :  1   Iteration :   0  ||B r|| = 0.0274224
   Pass :  1   Iteration :   1  ||B r|| = 0.00358744
   Pass :  1   Iteration :   2  ||B r|| = 0.00167381
   Pass :  1   Iteration :   3  ||B r|| = 0.000829745
   Pass :  1   Iteration :   4  ||B r|| = 0.000256374
   Pass :  1   Iteration :   5  ||B r|| = 9.21981e-05
   Pass :  1   Iteration :   6  ||B r|| = 3.94467e-05
   Pass :  1   Iteration :   7  ||B r|| = 1.41478e-05
   Pass :  1   Iteration :   8  ||B r|| = 6.03113e-06
   Pass :  1   Iteration :   9  ||B r|| = 1.80882e-06
   Pass :  1   Iteration :  10  ||B r|| = 6.71016e-07
norm(r_0) 0
norm(r_1) 0
norm(r_2) 0
norm(r_3) 8.0394217e-07
norm(r_4) 0
Newton iteration  1 : ||r|| = 8.03942e-07, ||r||/||r_0|| = 0.000791405
Setting time step: 0.085429116 in DGTransportTDO
Setting time step: 0.085429116 in CombinedOp
Setting time step: 0.085429116 in IonStaticPressureOp
norm(r_0) 0
norm(r_1) 0
norm(r_2) 0
norm(r_3) 0.00065021449
norm(r_4) 0
Newton iteration  0 : ||r|| = 0.000650214
   Pass :  1   Iteration :   0  ||B r|| = 0.0106617
   Pass :  1   Iteration :   1  ||B r|| = 0.001489
   Pass :  1   Iteration :   2  ||B r|| = 0.00073977
   Pass :  1   Iteration :   3  ||B r|| = 0.000412479
   Pass :  1   Iteration :   4  ||B r|| = 0.000136318
   Pass :  1   Iteration :   5  ||B r|| = 5.20188e-05
   Pass :  1   Iteration :   6  ||B r|| = 2.39455e-05
   Pass :  1   Iteration :   7  ||B r|| = 8.86779e-06
   Pass :  1   Iteration :   8  ||B r|| = 3.97727e-06
   Pass :  1   Iteration :   9  ||B r|| = 1.24921e-06
   Pass :  1   Iteration :  10  ||B r|| = 4.84507e-07
norm(r_0) 0
norm(r_1) 0
norm(r_2) 0
norm(r_3) 1.1470266e-06
norm(r_4) 0
Newton iteration  1 : ||r|| = 1.14703e-06, ||r||/||r_0|| = 0.00176407
Setting time step: 0.085429116 in DGTransportTDO
Setting time step: 0.085429116 in CombinedOp
Setting time step: 0.085429116 in IonStaticPressureOp
norm(r_0) 0
norm(r_1) 0
norm(r_2) 0
norm(r_3) 3.8008424e-05
norm(r_4) 0
Newton iteration  0 : ||r|| = 3.80084e-05
   Pass :  1   Iteration :   0  ||B r|| = 0.000623535
   Pass :  1   Iteration :   1  ||B r|| = 8.71913e-05
   Pass :  1   Iteration :   2  ||B r|| = 4.32806e-05
   Pass :  1   Iteration :   3  ||B r|| = 2.41427e-05
   Pass :  1   Iteration :   4  ||B r|| = 7.98498e-06
   Pass :  1   Iteration :   5  ||B r|| = 3.04507e-06
   Pass :  1   Iteration :   6  ||B r|| = 1.40629e-06
   Pass :  1   Iteration :   7  ||B r|| = 5.21292e-07
norm(r_0) 0
norm(r_1) 0
norm(r_2) 0
norm(r_3) 1.1621895e-06
norm(r_4) 0
Newton iteration  1 : ||r|| = 1.16219e-06, ||r||/||r_0|| = 0.0305772
Setting time step: 0.085429116 in DGTransportTDO
Setting time step: 0.085429116 in CombinedOp
Setting time step: 0.085429116 in IonStaticPressureOp
norm(r_0) 0
norm(r_1) 0
norm(r_2) 0
norm(r_3) 0.00017905837
norm(r_4) 0
Newton iteration  0 : ||r|| = 0.000179058
   Pass :  1   Iteration :   0  ||B r|| = 0.00293499
   Pass :  1   Iteration :   1  ||B r|| = 0.000409804
   Pass :  1   Iteration :   2  ||B r|| = 0.000203633
   Pass :  1   Iteration :   3  ||B r|| = 0.000113534
   Pass :  1   Iteration :   4  ||B r|| = 3.75152e-05
   Pass :  1   Iteration :   5  ||B r|| = 1.43153e-05
   Pass :  1   Iteration :   6  ||B r|| = 6.58507e-06
   Pass :  1   Iteration :   7  ||B r|| = 2.43876e-06
   Pass :  1   Iteration :   8  ||B r|| = 1.0935e-06
   Pass :  1   Iteration :   9  ||B r|| = 3.42476e-07
norm(r_0) 0
norm(r_1) 0
norm(r_2) 0
norm(r_3) 9.1338248e-07
norm(r_4) 0
Newton iteration  1 : ||r|| = 9.13382e-07, ||r||/||r_0|| = 0.00510103
Setting time step: 0.085429116 in DGTransportTDO
Setting time step: 0.085429116 in CombinedOp
Setting time step: 0.085429116 in IonStaticPressureOp
norm(r_0) 0
norm(r_1) 0
norm(r_2) 0
norm(r_3) 0.00026026691
norm(r_4) 0
Newton iteration  0 : ||r|| = 0.000260267
   Pass :  1   Iteration :   0  ||B r|| = 0.00426683
   Pass :  1   Iteration :   1  ||B r|| = 0.000595828
   Pass :  1   Iteration :   2  ||B r|| = 0.000296047
   Pass :  1   Iteration :   3  ||B r|| = 0.000165065
   Pass :  1   Iteration :   4  ||B r|| = 5.45462e-05
   Pass :  1   Iteration :   5  ||B r|| = 2.08125e-05
   Pass :  1   Iteration :   6  ||B r|| = 9.57654e-06
   Pass :  1   Iteration :   7  ||B r|| = 3.54671e-06
   Pass :  1   Iteration :   8  ||B r|| = 1.59048e-06
   Pass :  1   Iteration :   9  ||B r|| = 4.98744e-07
norm(r_0) 0
norm(r_1) 0
norm(r_2) 0
norm(r_3) 1.3278002e-06
norm(r_4) 0
Newton iteration  1 : ||r|| = 1.3278e-06, ||r||/||r_0|| = 0.00510169
Setting time step: 0.085429116 in DGTransportTDO
Setting time step: 0.085429116 in CombinedOp
Setting time step: 0.085429116 in IonStaticPressureOp
norm(r_0) 0
norm(r_1) 0
norm(r_2) 0
norm(r_3) 7.6676839e-05
norm(r_4) 0
Newton iteration  0 : ||r|| = 7.66768e-05
   Pass :  1   Iteration :   0  ||B r|| = 0.00124352
   Pass :  1   Iteration :   1  ||B r|| = 0.0001737
   Pass :  1   Iteration :   2  ||B r|| = 8.63299e-05
   Pass :  1   Iteration :   3  ||B r|| = 4.81312e-05
   Pass :  1   Iteration :   4  ||B r|| = 1.59022e-05
   Pass :  1   Iteration :   5  ||B r|| = 6.07372e-06
   Pass :  1   Iteration :   6  ||B r|| = 2.78019e-06
   Pass :  1   Iteration :   7  ||B r|| = 1.0445e-06
   Pass :  1   Iteration :   8  ||B r|| = 4.65779e-07
norm(r_0) 0
norm(r_1) 0
norm(r_2) 0
norm(r_3) 9.1018121e-07
norm(r_4) 0
Newton iteration  1 : ||r|| = 9.10181e-07, ||r||/||r_0|| = 0.0118704
Time stepping paused at t = 0.89624899

Estimating errors.
No refinements necessary.
No derefinements needed.

AMR iteration 2
Number of unknowns: 144
Setting time step: 0.17085823 in DGTransportTDO
Setting time step: 0.17085823 in CombinedOp
Setting time step: 0.17085823 in IonStaticPressureOp
norm(r_0) 0
norm(r_1) 0
norm(r_2) 0
norm(r_3) 3.5715127e-05
norm(r_4) 0
Newton iteration  0 : ||r|| = 3.57151e-05
   Pass :  1   Iteration :   0  ||B r|| = 0.000327726
   Pass :  1   Iteration :   1  ||B r|| = 4.82887e-05
   Pass :  1   Iteration :   2  ||B r|| = 2.50408e-05
   Pass :  1   Iteration :   3  ||B r|| = 1.49941e-05
   Pass :  1   Iteration :   4  ||B r|| = 5.23524e-06
   Pass :  1   Iteration :   5  ||B r|| = 2.07284e-06
   Pass :  1   Iteration :   6  ||B r|| = 9.95917e-07
norm(r_0) 0
norm(r_1) 0
norm(r_2) 0
norm(r_3) 3.4608969e-06
norm(r_4) 0
Newton iteration  1 : ||r|| = 3.4609e-06, ||r||/||r_0|| = 0.0969028
Setting time step: 0.17085823 in DGTransportTDO
Setting time step: 0.17085823 in CombinedOp
Setting time step: 0.17085823 in IonStaticPressureOp
norm(r_0) 0
norm(r_1) 0
norm(r_2) 0
norm(r_3) 1.532302e-05
norm(r_4) 0
Newton iteration  0 : ||r|| = 1.5323e-05
   Pass :  1   Iteration :   0  ||B r|| = 0.00012568
   Pass :  1   Iteration :   1  ||B r|| = 1.86205e-05
   Pass :  1   Iteration :   2  ||B r|| = 9.63666e-06
   Pass :  1   Iteration :   3  ||B r|| = 5.68484e-06
   Pass :  1   Iteration :   4  ||B r|| = 2.12124e-06
   Pass :  1   Iteration :   5  ||B r|| = 9.04396e-07
norm(r_0) 0
norm(r_1) 0
norm(r_2) 0
norm(r_3) 3.8956587e-06
norm(r_4) 0
Newton iteration  1 : ||r|| = 3.89566e-06, ||r||/||r_0|| = 0.254236
Setting time step: 0.17085823 in DGTransportTDO
Setting time step: 0.17085823 in CombinedOp
Setting time step: 0.17085823 in IonStaticPressureOp
norm(r_0) 0
norm(r_1) 0
norm(r_2) 0
norm(r_3) 5.6887438e-06
norm(r_4) 0
Newton iteration  0 : ||r|| = 5.68874e-06
   Pass :  1   Iteration :   0  ||B r|| = 5.79336e-06
   Pass :  1   Iteration :   1  ||B r|| = 1.27834e-06
   Pass :  1   Iteration :   2  ||B r|| = 6.25992e-07
norm(r_0) 0
norm(r_1) 0
norm(r_2) 0
norm(r_3) 1.8995237e-06
norm(r_4) 0
Newton iteration  1 : ||r|| = 1.89952e-06, ||r||/||r_0|| = 0.333909
Setting time step: 0.17085823 in DGTransportTDO
Setting time step: 0.17085823 in CombinedOp
Setting time step: 0.17085823 in IonStaticPressureOp
norm(r_0) 0
norm(r_1) 0
norm(r_2) 0
norm(r_3) 8.1578805e-06
norm(r_4) 0
Newton iteration  0 : ||r|| = 8.15788e-06
   Pass :  1   Iteration :   0  ||B r|| = 6.24508e-05
   Pass :  1   Iteration :   1  ||B r|| = 9.2204e-06
   Pass :  1   Iteration :   2  ||B r|| = 4.79348e-06
   Pass :  1   Iteration :   3  ||B r|| = 2.90738e-06
   Pass :  1   Iteration :   4  ||B r|| = 9.47642e-07
norm(r_0) 0
norm(r_1) 0
norm(r_2) 0
norm(r_3) 3.8021452e-06
norm(r_4) 0
Newton iteration  1 : ||r|| = 3.80215e-06, ||r||/||r_0|| = 0.46607
Setting time step: 0.17085823 in DGTransportTDO
Setting time step: 0.17085823 in CombinedOp
Setting time step: 0.17085823 in IonStaticPressureOp
norm(r_0) 0
norm(r_1) 0
norm(r_2) 0
norm(r_3) 0.00010891963
norm(r_4) 0
Newton iteration  0 : ||r|| = 0.00010892
   Pass :  1   Iteration :   0  ||B r|| = 0.000129984
   Pass :  1   Iteration :   1  ||B r|| = 2.93273e-05
   Pass :  1   Iteration :   2  ||B r|| = 9.78508e-06
   Pass :  1   Iteration :   3  ||B r|| = 7.37056e-06
   Pass :  1   Iteration :   4  ||B r|| = 2.62069e-06
   Pass :  1   Iteration :   5  ||B r|| = 9.65605e-07
norm(r_0) 0
norm(r_1) 0
norm(r_2) 0
norm(r_3) 5.2900784e-06
norm(r_4) 0
Newton iteration  1 : ||r|| = 5.29008e-06, ||r||/||r_0|| = 0.0485686
Setting time step: 0.34171646 in DGTransportTDO
Setting time step: 0.34171646 in CombinedOp
Setting time step: 0.34171646 in IonStaticPressureOp
norm(r_0) 0
norm(r_1) 0
norm(r_2) 0
norm(r_3) 6.9993109e-06
norm(r_4) 0
Newton iteration  0 : ||r|| = 6.99931e-06
   Pass :  1   Iteration :   0  ||B r|| = 2.26002e-05
   Pass :  1   Iteration :   1  ||B r|| = 3.53292e-06
   Pass :  1   Iteration :   2  ||B r|| = 1.90188e-06
   Pass :  1   Iteration :   3  ||B r|| = 1.15116e-06
   Pass :  1   Iteration :   4  ||B r|| = 4.02361e-07
norm(r_0) 0
norm(r_1) 0
norm(r_2) 0
norm(r_3) 3.3105807e-06
norm(r_4) 0
Newton iteration  1 : ||r|| = 3.31058e-06, ||r||/||r_0|| = 0.472987
Setting time step: 0.34171646 in DGTransportTDO
Setting time step: 0.34171646 in CombinedOp
Setting time step: 0.34171646 in IonStaticPressureOp
norm(r_0) 0
norm(r_1) 0
norm(r_2) 0
norm(r_3) 1.0147315e-05
norm(r_4) 0
Newton iteration  0 : ||r|| = 1.01473e-05
   Pass :  1   Iteration :   0  ||B r|| = 1.43256e-05
   Pass :  1   Iteration :   1  ||B r|| = 2.28803e-06
   Pass :  1   Iteration :   2  ||B r|| = 1.00878e-06
   Pass :  1   Iteration :   3  ||B r|| = 6.99964e-07
norm(r_0) 0
norm(r_1) 0
norm(r_2) 0
norm(r_3) 3.8016056e-06
norm(r_4) 0
Newton iteration  1 : ||r|| = 3.80161e-06, ||r||/||r_0|| = 0.374642
Setting time step: 0.34171646 in DGTransportTDO
Setting time step: 0.34171646 in CombinedOp
Setting time step: 0.34171646 in IonStaticPressureOp
norm(r_0) 0
norm(r_1) 0
norm(r_2) 0
norm(r_3) 7.2040569e-06
norm(r_4) 0
Newton iteration  0 : ||r|| = 7.20406e-06
   Pass :  1   Iteration :   0  ||B r|| = 4.45706e-06
   Pass :  1   Iteration :   1  ||B r|| = 7.9677e-07
norm(r_0) 0
norm(r_1) 0
norm(r_2) 0
norm(r_3) 4.9361564e-06
norm(r_4) 0
Newton iteration  1 : ||r|| = 4.93616e-06, ||r||/||r_0|| = 0.685191
Setting time step: 0.34171646 in DGTransportTDO
Setting time step: 0.34171646 in CombinedOp
Setting time step: 0.34171646 in IonStaticPressureOp
norm(r_0) 0
norm(r_1) 0
norm(r_2) 0
norm(r_3) 5.0260107e-06
norm(r_4) 0
Newton iteration  0 : ||r|| = 5.02601e-06
   Pass :  1   Iteration :   0  ||B r|| = 7.85834e-07
norm(r_0) 0
norm(r_1) 0
norm(r_2) 0
norm(r_3) 5.0260107e-06
norm(r_4) 0
Newton iteration  1 : ||r|| = 5.02601e-06, ||r||/||r_0|| = 1
Setting time step: 0.34171646 in DGTransportTDO
Setting time step: 0.34171646 in CombinedOp
Setting time step: 0.34171646 in IonStaticPressureOp
norm(r_0) 0
norm(r_1) 0
norm(r_2) 0
norm(r_3) 0.00024391211
norm(r_4) 0
Newton iteration  0 : ||r|| = 0.000243912
   Pass :  1   Iteration :   0  ||B r|| = 3.07692e-05
   Pass :  1   Iteration :   1  ||B r|| = 1.37405e-05
   Pass :  1   Iteration :   2  ||B r|| = 6.82339e-06
   Pass :  1   Iteration :   3  ||B r|| = 4.14349e-06
   Pass :  1   Iteration :   4  ||B r|| = 1.59266e-06
   Pass :  1   Iteration :   5  ||B r|| = 5.74409e-07
norm(r_0) 0
norm(r_1) 0
norm(r_2) 0
norm(r_3) 8.4233539e-06
norm(r_4) 0
Newton iteration  1 : ||r|| = 8.42335e-06, ||r||/||r_0|| = 0.0345344
Setting time step: 0.68343293 in DGTransportTDO
Setting time step: 0.68343293 in CombinedOp
Setting time step: 0.68343293 in IonStaticPressureOp
norm(r_0) 0
norm(r_1) 0
norm(r_2) 0
norm(r_3) 8.52665e-06
norm(r_4) 0
Newton iteration  0 : ||r|| = 8.52665e-06
   Pass :  1   Iteration :   0  ||B r|| = 2.73453e-06
   Pass :  1   Iteration :   1  ||B r|| = 5.16628e-07
norm(r_0) 0
norm(r_1) 0
norm(r_2) 0
norm(r_3) 9.0009798e-06
norm(r_4) 0
Newton iteration  1 : ||r|| = 9.00098e-06, ||r||/||r_0|| = 1.05563
Setting time step: 0.68343293 in DGTransportTDO
Setting time step: 0.68343293 in CombinedOp
Setting time step: 0.68343293 in IonStaticPressureOp
norm(r_0) 0
norm(r_1) 0
norm(r_2) 0
norm(r_3) 2.5509269e-05
norm(r_4) 0
Newton iteration  0 : ||r|| = 2.55093e-05
   Pass :  1   Iteration :   0  ||B r|| = 2.38906e-06
   Pass :  1   Iteration :   1  ||B r|| = 3.40969e-07
norm(r_0) 0
norm(r_1) 0
norm(r_2) 0
norm(r_3) 6.6069284e-06
norm(r_4) 0
Newton iteration  1 : ||r|| = 6.60693e-06, ||r||/||r_0|| = 0.259001
Setting time step: 0.68343293 in DGTransportTDO
Setting time step: 0.68343293 in CombinedOp
Setting time step: 0.68343293 in IonStaticPressureOp
norm(r_0) 0
norm(r_1) 0
norm(r_2) 0
norm(r_3) 1.9798855e-05
norm(r_4) 0
Newton iteration  0 : ||r|| = 1.97989e-05
   Pass :  1   Iteration :   0  ||B r|| = 1.24136e-06
   Pass :  1   Iteration :   1  ||B r|| = 3.63625e-07
norm(r_0) 0
norm(r_1) 0
norm(r_2) 0
norm(r_3) 2.7805891e-06
norm(r_4) 0
Newton iteration  1 : ||r|| = 2.78059e-06, ||r||/||r_0|| = 0.140442
Setting time step: 0.68343293 in DGTransportTDO
Setting time step: 0.68343293 in CombinedOp
Setting time step: 0.68343293 in IonStaticPressureOp
norm(r_0) 0
norm(r_1) 0
norm(r_2) 0
norm(r_3) 1.4528284e-05
norm(r_4) 0
Newton iteration  0 : ||r|| = 1.45283e-05
   Pass :  1   Iteration :   0  ||B r|| = 7.07232e-07
norm(r_0) 0
norm(r_1) 0
norm(r_2) 0
norm(r_3) 1.4528284e-05
norm(r_4) 0
Newton iteration  1 : ||r|| = 1.45283e-05, ||r||/||r_0|| = 1
Setting time step: 0.68343293 in DGTransportTDO
Setting time step: 0.68343293 in CombinedOp
Setting time step: 0.68343293 in IonStaticPressureOp
norm(r_0) 0
norm(r_1) 0
norm(r_2) 0
norm(r_3) 0.00041839067
norm(r_4) 0
Newton iteration  0 : ||r|| = 0.000418391
   Pass :  1   Iteration :   0  ||B r|| = 1.97863e-05
   Pass :  1   Iteration :   1  ||B r|| = 2.27817e-06
   Pass :  1   Iteration :   2  ||B r|| = 1.24884e-06
   Pass :  1   Iteration :   3  ||B r|| = 8.23591e-07
norm(r_0) 0
norm(r_1) 0
norm(r_2) 0
norm(r_3) 2.0016832e-05
norm(r_4) 0
Newton iteration  1 : ||r|| = 2.00168e-05, ||r||/||r_0|| = 0.0478424
Setting time step: 1.3668659 in DGTransportTDO
Setting time step: 1.3668659 in CombinedOp
Setting time step: 1.3668659 in IonStaticPressureOp
norm(r_0) 0
norm(r_1) 0
norm(r_2) 0
norm(r_3) 2.0085833e-05
norm(r_4) 0
Newton iteration  0 : ||r|| = 2.00858e-05
   Pass :  1   Iteration :   0  ||B r|| = 3.94063e-07
norm(r_0) 0
norm(r_1) 0
norm(r_2) 0
norm(r_3) 2.0085833e-05
norm(r_4) 0
Newton iteration  1 : ||r|| = 2.00858e-05, ||r||/||r_0|| = 1
Setting time step: 1.3668659 in DGTransportTDO
Setting time step: 1.3668659 in CombinedOp
Setting time step: 1.3668659 in IonStaticPressureOp
norm(r_0) 0
norm(r_1) 0
norm(r_2) 0
norm(r_3) 2.0085833e-05
norm(r_4) 0
Newton iteration  0 : ||r|| = 2.00858e-05
   Pass :  1   Iteration :   0  ||B r|| = 3.94063e-07
norm(r_0) 0
norm(r_1) 0
norm(r_2) 0
norm(r_3) 2.0085833e-05
norm(r_4) 0
Newton iteration  1 : ||r|| = 2.00858e-05, ||r||/||r_0|| = 1
Setting time step: 1.3668659 in DGTransportTDO
Setting time step: 1.3668659 in CombinedOp
Setting time step: 1.3668659 in IonStaticPressureOp
norm(r_0) 0
norm(r_1) 0
norm(r_2) 0
norm(r_3) 2.0085833e-05
norm(r_4) 0
Newton iteration  0 : ||r|| = 2.00858e-05
   Pass :  1   Iteration :   0  ||B r|| = 3.94063e-07
norm(r_0) 0
norm(r_1) 0
norm(r_2) 0
norm(r_3) 2.0085833e-05
norm(r_4) 0
Newton iteration  1 : ||r|| = 2.00858e-05, ||r||/||r_0|| = 1
Setting time step: 1.3668659 in DGTransportTDO
Setting time step: 1.3668659 in CombinedOp
Setting time step: 1.3668659 in IonStaticPressureOp
norm(r_0) 0
norm(r_1) 0
norm(r_2) 0
norm(r_3) 2.0085833e-05
norm(r_4) 0
Newton iteration  0 : ||r|| = 2.00858e-05
   Pass :  1   Iteration :   0  ||B r|| = 3.94063e-07
norm(r_0) 0
norm(r_1) 0
norm(r_2) 0
norm(r_3) 2.0085833e-05
norm(r_4) 0
Newton iteration  1 : ||r|| = 2.00858e-05, ||r||/||r_0|| = 1
Setting time step: 1.3668659 in DGTransportTDO
Setting time step: 1.3668659 in CombinedOp
Setting time step: 1.3668659 in IonStaticPressureOp
norm(r_0) 0
norm(r_1) 0
norm(r_2) 0
norm(r_3) 2.0085833e-05
norm(r_4) 0
Newton iteration  0 : ||r|| = 2.00858e-05
   Pass :  1   Iteration :   0  ||B r|| = 3.94063e-07
norm(r_0) 0
norm(r_1) 0
norm(r_2) 0
norm(r_3) 2.0085833e-05
norm(r_4) 0
Newton iteration  1 : ||r|| = 2.00858e-05, ||r||/||r_0|| = 1
Time stepping paused at t = 11.147743
Steady State solution has been reached

Time stepping done after 0.32338549s.
