5: Number of elements in parallel mesh: 4
5: Number of elements after parallel refinement: 4
Options used:
   --mesh ../../mfem/data/inline-quad.mesh
   --bc-file ../../mfem/miniapps/plasma/transport2d_bcs.inp
   --ic-file ../../mfem/miniapps/plasma/transport2d_ics.inp
   --ec-file /home/gz6/mfem-analysis/input-files/transport2d_ecs.inp
   --es-file ../../mfem/miniapps/plasma/transport2d_ess.inp
   --eqdsk-file 
   --logging 1
   --operator-test 8
   --equation-weights '1 1 1 1 1'
   --problem 0
   --refine-serial 1
   --refine-parallel 0
   --enable-amr
   --max-err -1
   --hysteresis 0.25
   --nc-limit 3
   --amr-weights '1 1 1 1 1'
   --order 3
   --dg-sigma -1
   --dg-kappa 16
   --linear-abs-tolerance 1e-06
   --linear-rel-tolerance 1e-06
   --linear-max-iterations 500
   --linear-logging-level 3
   --newton-abs-tolerance 1e-10
   --newton-rel-tolerance 1e-10
   --newton-max-iterations 1
   --newton-logging-level 1
   --steady-state-abs-tolerance 1e-08
   --steady-state-rel-tolerance 1e-08
   --prec-type 1
   --prec-logging-level 0
   --initial-tolerance 1e-05
   --ode-tolerance 0.001
   --ode-solver 2
   --err-per-step
   --ode-weights '1 1 1 1 1'
   --kP 0
   --kI 0.6
   --kD 0
   --theta-max 2
   --t-minimum 0
   --t-final 100
   --time-step 0.01
   --cfl-number 0.3
   --ion-charge 1
   --ion-mass 2.0141018
   --neutral-mass 2.0141018
   --neutral-temp 3
   --min-neutral-density 9e+14
   --max-neutral-density 1e+15
   --neutral-density-exp 0
   --min-ion-density 1e+16
   --max-ion-density 1e+18
   --ion-density-exp 0
   --min-ion-temp 1
   --max-ion-temp 10
   --ion-temp-exp 0
   --min-electron-temp 10
   --max-electron-temp 440
   --electron-temp-exp 0
   --total-B-magnitude 5
   --poloidal-B-magnitude 0.5
   --velocity 1000
   --Di-perp 1
   --Xi-perp 1
   --Xe-perp 1
   --equation-term-flags '-1 -1 -1 -1 -1'
   --visualization-flags '-1 -1 -1 -1 -1'
   --visualization
   --visit-datafiles
   --ascii-datafiles
   --visualization-steps 4
Device configuration: cpu
Memory configuration: host-std
Number of elements in initial mesh: 16
Number of elements after serial refinement: 64
0: Number of elements in parallel mesh: 4
0: Number of elements after parallel refinement: 4
1: Number of elements in parallel mesh: 4
1: Number of elements after parallel refinement: 4
11: Number of elements in parallel mesh: 4
11: Number of elements after parallel refinement: 4
10: Number of elements in parallel mesh: 4
10: Number of elements after parallel refinement: 4
2: Number of elements in parallel mesh: 4
2: Number of elements after parallel refinement: 4
3: Number of elements in parallel mesh: 4
3: Number of elements after parallel refinement: 4
7: Number of elements in parallel mesh: 4
7: Number of elements after parallel refinement: 4
9: Number of elements in parallel mesh: 4
9: Number of elements after parallel refinement: 4
6: Number of elements in parallel mesh: 4
6: Number of elements after parallel refinement: 4
13: Number of elements in parallel mesh: 4
15: Number of elements in parallel mesh: 4
15: Number of elements after parallel refinement: 4
12: Number of elements in parallel mesh: 4
12: Number of elements after parallel refinement: 4
13: Number of elements after parallel refinement: 4
4: Number of elements in parallel mesh: 4
4: Number of elements after parallel refinement: 4
8: Number of elements in parallel mesh: 4
8: Number of elements after parallel refinement: 4
14: Number of elements in parallel mesh: 4
14: Number of elements after parallel refinement: 4
Configuring initial conditions
Reading initial conditions from ../../mfem/miniapps/plasma/transport2d_ics.inp
Configuring exact solutions
Reading exact solutions from ../../mfem/miniapps/plasma/transport2d_ess.inp

AMR iteration 0
Number of unknowns: 1024
Stopping criterion satisfied. Stop.
Number of unknowns per field: 1024
Total number of unknowns:     5120
Configuring boundary conditions
Reading boundary conditions from ../../mfem/miniapps/plasma/transport2d_bcs.inp
Configuring equation coefficients
Reading equation coefficients from /home/gz6/mfem-analysis/input-files/transport2d_ecs.inp
|mn| = 3.3444946e-27
|ni| = 1
|ne| = 1

|Dn|     = -nan
|Di|     = -nan
|Eta|    = -nan
|nXi|    = -nan
|nXe|    = -nan

|Eta/mn| = -nan
|nXi/ni| = -nan
|nXe/ne| = -nan
Ion Static Pressure: Adding time derivative term proportional to d n_i / dt
Ion Static Pressure: Adding time derivative term proportional to d T_i / dt
Ion Static Pressure: Adding anisotropic diffusion term
Ion Static Pressure: Adding source term
Opening GLVis sockets.
Range of error estimates for initial condition: -nan < elem err < -nan

Begin time stepping at t = 0
Setting time step: 0.0025 in DGTransportTDO
Setting time step: 0.0025 in CombinedOp
Setting time step: 0.0025 in IonStaticPressureOp
norm(r_0) 0
norm(r_1) 0
norm(r_2) 0
norm(r_3) 0.33698302
norm(r_4) 0
Newton iteration  0 : ||r|| = 0.336983
   Pass :  1   Iteration :   0  ||B r|| = 160.089 ...
   Pass :  1   Iteration :  15  ||B r|| = 0.000133923
norm(r_0) 0
norm(r_1) 0
norm(r_2) 0
norm(r_3) 6.8795285e-06
norm(r_4) 0
Newton iteration  1 : ||r|| = 6.87953e-06, ||r||/||r_0|| = 2.04151e-05
Setting time step: 0.0025 in DGTransportTDO
Setting time step: 0.0025 in CombinedOp
Setting time step: 0.0025 in IonStaticPressureOp
norm(r_0) 0
norm(r_1) 0
norm(r_2) 0
norm(r_3) 0.31551481
norm(r_4) 0
Newton iteration  0 : ||r|| = 0.315515
   Pass :  1   Iteration :   0  ||B r|| = 149.891 ...
   Pass :  1   Iteration :  15  ||B r|| = 0.000125387
norm(r_0) 0
norm(r_1) 0
norm(r_2) 0
norm(r_3) 6.4411747e-06
norm(r_4) 0
Newton iteration  1 : ||r|| = 6.44117e-06, ||r||/||r_0|| = 2.04148e-05
Setting time step: 0.0025 in DGTransportTDO
Setting time step: 0.0025 in CombinedOp
Setting time step: 0.0025 in IonStaticPressureOp
norm(r_0) 0
norm(r_1) 0
norm(r_2) 0
norm(r_3) 0.32399242
norm(r_4) 0
Newton iteration  0 : ||r|| = 0.323992
   Pass :  1   Iteration :   0  ||B r|| = 153.918 ...
   Pass :  1   Iteration :  15  ||B r|| = 0.000128758
norm(r_0) 0
norm(r_1) 0
norm(r_2) 0
norm(r_3) 6.614268e-06
norm(r_4) 0
Newton iteration  1 : ||r|| = 6.61427e-06, ||r||/||r_0|| = 2.04149e-05
Setting time step: 0.0025 in DGTransportTDO
Setting time step: 0.0025 in CombinedOp
Setting time step: 0.0025 in IonStaticPressureOp
norm(r_0) 0
norm(r_1) 0
norm(r_2) 0
norm(r_3) 0.32615659
norm(r_4) 0
Newton iteration  0 : ||r|| = 0.326157
   Pass :  1   Iteration :   0  ||B r|| = 154.946 ...
   Pass :  1   Iteration :  15  ||B r|| = 0.000129618
norm(r_0) 0
norm(r_1) 0
norm(r_2) 0
norm(r_3) 6.6584597e-06
norm(r_4) 0
Newton iteration  1 : ||r|| = 6.65846e-06, ||r||/||r_0|| = 2.04149e-05
Setting time step: 0.0025 in DGTransportTDO
Setting time step: 0.0025 in CombinedOp
Setting time step: 0.0025 in IonStaticPressureOp
norm(r_0) 0
norm(r_1) 0
norm(r_2) 0
norm(r_3) 0.30515174
norm(r_4) 0
Newton iteration  0 : ||r|| = 0.305152
   Pass :  1   Iteration :   0  ||B r|| = 144.967 ...
   Pass :  1   Iteration :  15  ||B r|| = 0.000121272
norm(r_0) 0
norm(r_1) 0
norm(r_2) 0
norm(r_3) 6.2296667e-06
norm(r_4) 0
Newton iteration  1 : ||r|| = 6.22967e-06, ||r||/||r_0|| = 2.0415e-05
Setting time step: 0.005 in DGTransportTDO
Setting time step: 0.005 in CombinedOp
Setting time step: 0.005 in IonStaticPressureOp
norm(r_0) 0
norm(r_1) 0
norm(r_2) 0
norm(r_3) 0.29543096
norm(r_4) 0
Newton iteration  0 : ||r|| = 0.295431
   Pass :  1   Iteration :   0  ||B r|| = 124.744 ...
   Pass :  1   Iteration :  17  ||B r|| = 6.82536e-05
norm(r_0) 0
norm(r_1) 0
norm(r_2) 0
norm(r_3) 6.9061719e-06
norm(r_4) 0
Newton iteration  1 : ||r|| = 6.90617e-06, ||r||/||r_0|| = 2.33766e-05
Setting time step: 0.005 in DGTransportTDO
Setting time step: 0.005 in CombinedOp
Setting time step: 0.005 in IonStaticPressureOp
norm(r_0) 0
norm(r_1) 0
norm(r_2) 0
norm(r_3) 0.25895382
norm(r_4) 0
Newton iteration  0 : ||r|| = 0.258954
   Pass :  1   Iteration :   0  ||B r|| = 109.341 ...
   Pass :  1   Iteration :  17  ||B r|| = 5.98248e-05
norm(r_0) 0
norm(r_1) 0
norm(r_2) 0
norm(r_3) 6.053311e-06
norm(r_4) 0
Newton iteration  1 : ||r|| = 6.05331e-06, ||r||/||r_0|| = 2.3376e-05
Setting time step: 0.005 in DGTransportTDO
Setting time step: 0.005 in CombinedOp
Setting time step: 0.005 in IonStaticPressureOp
norm(r_0) 0
norm(r_1) 0
norm(r_2) 0
norm(r_3) 0.27318436
norm(r_4) 0
Newton iteration  0 : ||r|| = 0.273184
   Pass :  1   Iteration :   0  ||B r|| = 115.35 ...
   Pass :  1   Iteration :  17  ||B r|| = 6.31129e-05
norm(r_0) 0
norm(r_1) 0
norm(r_2) 0
norm(r_3) 6.3860126e-06
norm(r_4) 0
Newton iteration  1 : ||r|| = 6.38601e-06, ||r||/||r_0|| = 2.33762e-05
Setting time step: 0.005 in DGTransportTDO
Setting time step: 0.005 in CombinedOp
Setting time step: 0.005 in IonStaticPressureOp
norm(r_0) 0
norm(r_1) 0
norm(r_2) 0
norm(r_3) 0.27689016
norm(r_4) 0
Newton iteration  0 : ||r|| = 0.27689
   Pass :  1   Iteration :   0  ||B r|| = 116.915 ...
   Pass :  1   Iteration :  17  ||B r|| = 6.39692e-05
norm(r_0) 0
norm(r_1) 0
norm(r_2) 0
norm(r_3) 6.4726615e-06
norm(r_4) 0
Newton iteration  1 : ||r|| = 6.47266e-06, ||r||/||r_0|| = 2.33763e-05
Setting time step: 0.005 in DGTransportTDO
Setting time step: 0.005 in CombinedOp
Setting time step: 0.005 in IonStaticPressureOp
norm(r_0) 0
norm(r_1) 0
norm(r_2) 0
norm(r_3) 0.24200788
norm(r_4) 0
Newton iteration  0 : ||r|| = 0.242008
   Pass :  1   Iteration :   0  ||B r|| = 102.186 ...
   Pass :  1   Iteration :  17  ||B r|| = 5.59111e-05
norm(r_0) 0
norm(r_1) 0
norm(r_2) 0
norm(r_3) 5.6573133e-06
norm(r_4) 0
Newton iteration  1 : ||r|| = 5.65731e-06, ||r||/||r_0|| = 2.33766e-05
Setting time step: 0.01 in DGTransportTDO
Setting time step: 0.01 in CombinedOp
Setting time step: 0.01 in IonStaticPressureOp
norm(r_0) 0
norm(r_1) 0
norm(r_2) 0
norm(r_3) 0.22706734
norm(r_4) 0
Newton iteration  0 : ||r|| = 0.227067
   Pass :  1   Iteration :   0  ||B r|| = 80.5641 ...
   Pass :  1   Iteration :  18  ||B r|| = 5.47592e-05
norm(r_0) 0
norm(r_1) 0
norm(r_2) 0
norm(r_3) 9.5163572e-06
norm(r_4) 0
Newton iteration  1 : ||r|| = 9.51636e-06, ||r||/||r_0|| = 4.19098e-05
Setting time step: 0.01 in DGTransportTDO
Setting time step: 0.01 in CombinedOp
Setting time step: 0.01 in IonStaticPressureOp
norm(r_0) 0
norm(r_1) 0
norm(r_2) 0
norm(r_3) 0.17425522
norm(r_4) 0
Newton iteration  0 : ||r|| = 0.174255
   Pass :  1   Iteration :   0  ||B r|| = 61.8263 ...
   Pass :  1   Iteration :  18  ||B r|| = 4.20215e-05
norm(r_0) 0
norm(r_1) 0
norm(r_2) 0
norm(r_3) 7.3026015e-06
norm(r_4) 0
Newton iteration  1 : ||r|| = 7.3026e-06, ||r||/||r_0|| = 4.19075e-05
Setting time step: 0.01 in DGTransportTDO
Setting time step: 0.01 in CombinedOp
Setting time step: 0.01 in IonStaticPressureOp
norm(r_0) 0
norm(r_1) 0
norm(r_2) 0
norm(r_3) 0.19439739
norm(r_4) 0
Newton iteration  0 : ||r|| = 0.194397
   Pass :  1   Iteration :   0  ||B r|| = 68.9728 ...
   Pass :  1   Iteration :  18  ||B r|| = 4.68793e-05
norm(r_0) 0
norm(r_1) 0
norm(r_2) 0
norm(r_3) 8.1468581e-06
norm(r_4) 0
Newton iteration  1 : ||r|| = 8.14686e-06, ||r||/||r_0|| = 4.19083e-05
Setting time step: 0.01 in DGTransportTDO
Setting time step: 0.01 in CombinedOp
Setting time step: 0.01 in IonStaticPressureOp
norm(r_0) 0
norm(r_1) 0
norm(r_2) 0
norm(r_3) 0.19984295
norm(r_4) 0
Newton iteration  0 : ||r|| = 0.199843
   Pass :  1   Iteration :   0  ||B r|| = 70.9049 ...
   Pass :  1   Iteration :  18  ||B r|| = 4.81928e-05
norm(r_0) 0
norm(r_1) 0
norm(r_2) 0
norm(r_3) 8.3751366e-06
norm(r_4) 0
Newton iteration  1 : ||r|| = 8.37514e-06, ||r||/||r_0|| = 4.19086e-05
Setting time step: 0.01 in DGTransportTDO
Setting time step: 0.01 in CombinedOp
Setting time step: 0.01 in IonStaticPressureOp
norm(r_0) 0
norm(r_1) 0
norm(r_2) 0
norm(r_3) 0.15179512
norm(r_4) 0
Newton iteration  0 : ||r|| = 0.151795
   Pass :  1   Iteration :   0  ||B r|| = 53.8573 ...
   Pass :  1   Iteration :  18  ||B r|| = 3.66071e-05
norm(r_0) 0
norm(r_1) 0
norm(r_2) 0
norm(r_3) 6.3618159e-06
norm(r_4) 0
Newton iteration  1 : ||r|| = 6.36182e-06, ||r||/||r_0|| = 4.19105e-05
Setting time step: 0.02 in DGTransportTDO
Setting time step: 0.02 in CombinedOp
Setting time step: 0.02 in IonStaticPressureOp
norm(r_0) 0
norm(r_1) 0
norm(r_2) 0
norm(r_3) 0.13414247
norm(r_4) 0
Newton iteration  0 : ||r|| = 0.134142
   Pass :  1   Iteration :   0  ||B r|| = 36.5631 ...
   Pass :  1   Iteration :  19  ||B r|| = 3.12704e-05
norm(r_0) 0
norm(r_1) 0
norm(r_2) 0
norm(r_3) 1.1334322e-05
norm(r_4) 0
Newton iteration  1 : ||r|| = 1.13343e-05, ||r||/||r_0|| = 8.44947e-05
Setting time step: 0.02 in DGTransportTDO
Setting time step: 0.02 in CombinedOp
Setting time step: 0.02 in IonStaticPressureOp
norm(r_0) 0
norm(r_1) 0
norm(r_2) 0
norm(r_3) 0.078244195
norm(r_4) 0
Newton iteration  0 : ||r|| = 0.0782442
   Pass :  1   Iteration :   0  ||B r|| = 21.327 ...
   Pass :  1   Iteration :  19  ||B r|| = 1.8237e-05
norm(r_0) 0
norm(r_1) 0
norm(r_2) 0
norm(r_3) 6.6102634e-06
norm(r_4) 0
Newton iteration  1 : ||r|| = 6.61026e-06, ||r||/||r_0|| = 8.44825e-05
Setting time step: 0.02 in DGTransportTDO
Setting time step: 0.02 in CombinedOp
Setting time step: 0.02 in IonStaticPressureOp
norm(r_0) 0
norm(r_1) 0
norm(r_2) 0
norm(r_3) 0.098740006
norm(r_4) 0
Newton iteration  0 : ||r|| = 0.09874
   Pass :  1   Iteration :   0  ||B r|| = 26.9135 ...
   Pass :  1   Iteration :  19  ||B r|| = 2.30155e-05
norm(r_0) 0
norm(r_1) 0
norm(r_2) 0
norm(r_3) 8.3422619e-06
norm(r_4) 0
Newton iteration  1 : ||r|| = 8.34226e-06, ||r||/||r_0|| = 8.44872e-05
Setting time step: 0.02 in DGTransportTDO
Setting time step: 0.02 in CombinedOp
Setting time step: 0.02 in IonStaticPressureOp
norm(r_0) 0
norm(r_1) 0
norm(r_2) 0
norm(r_3) 0.10466041
norm(r_4) 0
Newton iteration  0 : ||r|| = 0.10466
   Pass :  1   Iteration :   0  ||B r|| = 28.5272 ...
   Pass :  1   Iteration :  19  ||B r|| = 2.4396e-05
norm(r_0) 0
norm(r_1) 0
norm(r_2) 0
norm(r_3) 8.8426435e-06
norm(r_4) 0
Newton iteration  1 : ||r|| = 8.84264e-06, ||r||/||r_0|| = 8.44889e-05
Setting time step: 0.02 in DGTransportTDO
Setting time step: 0.02 in CombinedOp
Setting time step: 0.02 in IonStaticPressureOp
norm(r_0) 0
norm(r_1) 0
norm(r_2) 0
norm(r_3) 0.059202902
norm(r_4) 0
Newton iteration  0 : ||r|| = 0.0592029
   Pass :  1   Iteration :   0  ||B r|| = 16.1368 ...
   Pass :  1   Iteration :  19  ||B r|| = 1.38031e-05
norm(r_0) 0
norm(r_1) 0
norm(r_2) 0
norm(r_3) 5.003067e-06
norm(r_4) 0
Newton iteration  1 : ||r|| = 5.00307e-06, ||r||/||r_0|| = 8.45071e-05
Time stepping paused at t = 0.15

Estimating errors.
No refinements necessary.
No derefinements needed.

AMR iteration 1
Number of unknowns: 1024
Setting time step: 0.019715037 in DGTransportTDO
Setting time step: 0.019715037 in CombinedOp
Setting time step: 0.019715037 in IonStaticPressureOp
norm(r_0) 0
norm(r_1) 0
norm(r_2) 0
norm(r_3) 0.046867448
norm(r_4) 0
Newton iteration  0 : ||r|| = 0.0468674
   Pass :  1   Iteration :   0  ||B r|| = 12.8585 ...
   Pass :  1   Iteration :  19  ||B r|| = 1.08063e-05
norm(r_0) 0
norm(r_1) 0
norm(r_2) 0
norm(r_3) 3.8572188e-06
norm(r_4) 0
Newton iteration  1 : ||r|| = 3.85722e-06, ||r||/||r_0|| = 8.23006e-05
Setting time step: 0.019715037 in DGTransportTDO
Setting time step: 0.019715037 in CombinedOp
Setting time step: 0.019715037 in IonStaticPressureOp
norm(r_0) 0
norm(r_1) 0
norm(r_2) 0
norm(r_3) 0.027558445
norm(r_4) 0
Newton iteration  0 : ||r|| = 0.0275584
   Pass :  1   Iteration :   0  ||B r|| = 7.56089 ...
   Pass :  1   Iteration :  19  ||B r|| = 6.35393e-06
norm(r_0) 0
norm(r_1) 0
norm(r_2) 0
norm(r_3) 2.2679857e-06
norm(r_4) 0
Newton iteration  1 : ||r|| = 2.26799e-06, ||r||/||r_0|| = 8.22973e-05
Setting time step: 0.019715037 in DGTransportTDO
Setting time step: 0.019715037 in CombinedOp
Setting time step: 0.019715037 in IonStaticPressureOp
norm(r_0) 0
norm(r_1) 0
norm(r_2) 0
norm(r_3) 0.034645635
norm(r_4) 0
Newton iteration  0 : ||r|| = 0.0346456
   Pass :  1   Iteration :   0  ||B r|| = 9.50532 ...
   Pass :  1   Iteration :  19  ||B r|| = 7.9881e-06
norm(r_0) 0
norm(r_1) 0
norm(r_2) 0
norm(r_3) 2.8512861e-06
norm(r_4) 0
Newton iteration  1 : ||r|| = 2.85129e-06, ||r||/||r_0|| = 8.22986e-05
Setting time step: 0.019715037 in DGTransportTDO
Setting time step: 0.019715037 in CombinedOp
Setting time step: 0.019715037 in IonStaticPressureOp
norm(r_0) 0
norm(r_1) 0
norm(r_2) 0
norm(r_3) 0.036689264
norm(r_4) 0
Newton iteration  0 : ||r|| = 0.0366893
   Pass :  1   Iteration :   0  ||B r|| = 10.066 ...
   Pass :  1   Iteration :  19  ||B r|| = 8.45934e-06
norm(r_0) 0
norm(r_1) 0
norm(r_2) 0
norm(r_3) 3.0194911e-06
norm(r_4) 0
Newton iteration  1 : ||r|| = 3.01949e-06, ||r||/||r_0|| = 8.2299e-05
Setting time step: 0.019715037 in DGTransportTDO
Setting time step: 0.019715037 in CombinedOp
Setting time step: 0.019715037 in IonStaticPressureOp
norm(r_0) 0
norm(r_1) 0
norm(r_2) 0
norm(r_3) 0.020933031
norm(r_4) 0
Newton iteration  0 : ||r|| = 0.020933
   Pass :  1   Iteration :   0  ||B r|| = 5.74316 ...
   Pass :  1   Iteration :  19  ||B r|| = 4.82676e-06
norm(r_0) 0
norm(r_1) 0
norm(r_2) 0
norm(r_3) 1.7228639e-06
norm(r_4) 0
Newton iteration  1 : ||r|| = 1.72286e-06, ||r||/||r_0|| = 8.23036e-05
Setting time step: 0.038633644 in DGTransportTDO
Setting time step: 0.038633644 in CombinedOp
Setting time step: 0.038633644 in IonStaticPressureOp
norm(r_0) 0
norm(r_1) 0
norm(r_2) 0
norm(r_3) 0.016620919
norm(r_4) 0
Newton iteration  0 : ||r|| = 0.0166209
   Pass :  1   Iteration :   0  ||B r|| = 3.1709 ...
   Pass :  1   Iteration :  20  ||B r|| = 3.03345e-06
norm(r_0) 0
norm(r_1) 0
norm(r_2) 0
norm(r_3) 1.9166258e-06
norm(r_4) 0
Newton iteration  1 : ||r|| = 1.91663e-06, ||r||/||r_0|| = 0.000115314
Setting time step: 0.038633644 in DGTransportTDO
Setting time step: 0.038633644 in CombinedOp
Setting time step: 0.038633644 in IonStaticPressureOp
norm(r_0) 0
norm(r_1) 0
norm(r_2) 0
norm(r_3) 0.0054169392
norm(r_4) 0
Newton iteration  0 : ||r|| = 0.00541694
   Pass :  1   Iteration :   0  ||B r|| = 1.03343 ...
   Pass :  1   Iteration :  20  ||B r|| = 9.88616e-07
norm(r_0) 0
norm(r_1) 0
norm(r_2) 0
norm(r_3) 6.2464515e-07
norm(r_4) 0
Newton iteration  1 : ||r|| = 6.24645e-07, ||r||/||r_0|| = 0.000115313
Setting time step: 0.038633644 in DGTransportTDO
Setting time step: 0.038633644 in CombinedOp
Setting time step: 0.038633644 in IonStaticPressureOp
norm(r_0) 0
norm(r_1) 0
norm(r_2) 0
norm(r_3) 0.0092943342
norm(r_4) 0
Newton iteration  0 : ||r|| = 0.00929433
   Pass :  1   Iteration :   0  ||B r|| = 1.77315 ...
   Pass :  1   Iteration :  20  ||B r|| = 1.69628e-06
norm(r_0) 0
norm(r_1) 0
norm(r_2) 0
norm(r_3) 1.0717644e-06
norm(r_4) 0
Newton iteration  1 : ||r|| = 1.07176e-06, ||r||/||r_0|| = 0.000115314
Setting time step: 0.038633644 in DGTransportTDO
Setting time step: 0.038633644 in CombinedOp
Setting time step: 0.038633644 in IonStaticPressureOp
norm(r_0) 0
norm(r_1) 0
norm(r_2) 0
norm(r_3) 0.010530487
norm(r_4) 0
Newton iteration  0 : ||r|| = 0.0105305
   Pass :  1   Iteration :   0  ||B r|| = 2.00898 ...
   Pass :  1   Iteration :  20  ||B r|| = 1.92189e-06
norm(r_0) 0
norm(r_1) 0
norm(r_2) 0
norm(r_3) 1.2143108e-06
norm(r_4) 0
Newton iteration  1 : ||r|| = 1.21431e-06, ||r||/||r_0|| = 0.000115314
Setting time step: 0.038633644 in DGTransportTDO
Setting time step: 0.038633644 in CombinedOp
Setting time step: 0.038633644 in IonStaticPressureOp
norm(r_0) 0
norm(r_1) 0
norm(r_2) 0
norm(r_3) 0.0034024064
norm(r_4) 0
Newton iteration  0 : ||r|| = 0.00340241
   Pass :  1   Iteration :   0  ||B r|| = 0.649107 ...
   Pass :  1   Iteration :  20  ||B r|| = 6.20988e-07
norm(r_0) 0
norm(r_1) 0
norm(r_2) 0
norm(r_3) 3.9234646e-07
norm(r_4) 0
Newton iteration  1 : ||r|| = 3.92346e-07, ||r||/||r_0|| = 0.000115314
Setting time step: 0.042519069 in DGTransportTDO
Setting time step: 0.042519069 in CombinedOp
Setting time step: 0.042519069 in IonStaticPressureOp
norm(r_0) 0
norm(r_1) 0
norm(r_2) 0
norm(r_3) 0.0022556601
norm(r_4) 0
Newton iteration  0 : ||r|| = 0.00225566
   Pass :  1   Iteration :   0  ||B r|| = 0.404698 ...
   Pass :  1   Iteration :  19  ||B r|| = 7.74832e-07
norm(r_0) 0
norm(r_1) 0
norm(r_2) 0
norm(r_3) 6.4067567e-07
norm(r_4) 0
Newton iteration  1 : ||r|| = 6.40676e-07, ||r||/||r_0|| = 0.00028403
Setting time step: 0.042519069 in DGTransportTDO
Setting time step: 0.042519069 in CombinedOp
Setting time step: 0.042519069 in IonStaticPressureOp
norm(r_0) 0
norm(r_1) 0
norm(r_2) 0
norm(r_3) 0.0006370752
norm(r_4) 0
Newton iteration  0 : ||r|| = 0.000637075
   Pass :  1   Iteration :   0  ||B r|| = 0.114302 ...
   Pass :  1   Iteration :  17  ||B r|| = 5.58451e-07
norm(r_0) 0
norm(r_1) 0
norm(r_2) 0
norm(r_3) 4.4919896e-07
norm(r_4) 0
Newton iteration  1 : ||r|| = 4.49199e-07, ||r||/||r_0|| = 0.000705096
Setting time step: 0.042519069 in DGTransportTDO
Setting time step: 0.042519069 in CombinedOp
Setting time step: 0.042519069 in IonStaticPressureOp
norm(r_0) 0
norm(r_1) 0
norm(r_2) 0
norm(r_3) 0.0011915908
norm(r_4) 0
Newton iteration  0 : ||r|| = 0.00119159
   Pass :  1   Iteration :   0  ||B r|| = 0.21379 ...
   Pass :  1   Iteration :  18  ||B r|| = 7.08534e-07
norm(r_0) 0
norm(r_1) 0
norm(r_2) 0
norm(r_3) 4.5365061e-07
norm(r_4) 0
Newton iteration  1 : ||r|| = 4.53651e-07, ||r||/||r_0|| = 0.00038071
Setting time step: 0.042519069 in DGTransportTDO
Setting time step: 0.042519069 in CombinedOp
Setting time step: 0.042519069 in IonStaticPressureOp
norm(r_0) 0
norm(r_1) 0
norm(r_2) 0
norm(r_3) 0.0013714742
norm(r_4) 0
Newton iteration  0 : ||r|| = 0.00137147
   Pass :  1   Iteration :   0  ||B r|| = 0.246063 ...
   Pass :  1   Iteration :  18  ||B r|| = 8.15508e-07
norm(r_0) 0
norm(r_1) 0
norm(r_2) 0
norm(r_3) 5.2213719e-07
norm(r_4) 0
Newton iteration  1 : ||r|| = 5.22137e-07, ||r||/||r_0|| = 0.000380712
Setting time step: 0.042519069 in DGTransportTDO
Setting time step: 0.042519069 in CombinedOp
Setting time step: 0.042519069 in IonStaticPressureOp
norm(r_0) 0
norm(r_1) 0
norm(r_2) 0
norm(r_3) 0.00039862653
norm(r_4) 0
Newton iteration  0 : ||r|| = 0.000398627
   Pass :  1   Iteration :   0  ||B r|| = 0.0715177 ...
   Pass :  1   Iteration :  16  ||B r|| = 6.46558e-07
norm(r_0) 0
norm(r_1) 0
norm(r_2) 0
norm(r_3) 5.3767738e-07
norm(r_4) 0
Newton iteration  1 : ||r|| = 5.37677e-07, ||r||/||r_0|| = 0.00134882
Setting time step: 0.085038138 in DGTransportTDO
Setting time step: 0.085038138 in CombinedOp
Setting time step: 0.085038138 in IonStaticPressureOp
norm(r_0) 0
norm(r_1) 0
norm(r_2) 0
norm(r_3) 0.00025558822
norm(r_4) 0
Newton iteration  0 : ||r|| = 0.000255588
   Pass :  1   Iteration :   0  ||B r|| = 0.0280983 ...
   Pass :  1   Iteration :  15  ||B r|| = 8.1487e-07
norm(r_0) 0
norm(r_1) 0
norm(r_2) 0
norm(r_3) 1.1167221e-06
norm(r_4) 0
Newton iteration  1 : ||r|| = 1.11672e-06, ||r||/||r_0|| = 0.00436922
Setting time step: 0.085038138 in DGTransportTDO
Setting time step: 0.085038138 in CombinedOp
Setting time step: 0.085038138 in IonStaticPressureOp
norm(r_0) 0
norm(r_1) 0
norm(r_2) 0
norm(r_3) 1.455061e-05
norm(r_4) 0
Newton iteration  0 : ||r|| = 1.45506e-05
   Pass :  1   Iteration :   0  ||B r|| = 0.00157955 ...
   Pass :  1   Iteration :  10  ||B r|| = 6.65599e-07
norm(r_0) 0
norm(r_1) 0
norm(r_2) 0
norm(r_3) 8.7401531e-07
norm(r_4) 0
Newton iteration  1 : ||r|| = 8.74015e-07, ||r||/||r_0|| = 0.0600673
Setting time step: 0.085038138 in DGTransportTDO
Setting time step: 0.085038138 in CombinedOp
Setting time step: 0.085038138 in IonStaticPressureOp
norm(r_0) 0
norm(r_1) 0
norm(r_2) 0
norm(r_3) 7.0836355e-05
norm(r_4) 0
Newton iteration  0 : ||r|| = 7.08364e-05
   Pass :  1   Iteration :   0  ||B r|| = 0.00778371 ...
   Pass :  1   Iteration :  13  ||B r|| = 6.94386e-07
norm(r_0) 0
norm(r_1) 0
norm(r_2) 0
norm(r_3) 8.8430028e-07
norm(r_4) 0
Newton iteration  1 : ||r|| = 8.843e-07, ||r||/||r_0|| = 0.0124837
Setting time step: 0.085038138 in DGTransportTDO
Setting time step: 0.085038138 in CombinedOp
Setting time step: 0.085038138 in IonStaticPressureOp
norm(r_0) 0
norm(r_1) 0
norm(r_2) 0
norm(r_3) 0.00010266593
norm(r_4) 0
Newton iteration  0 : ||r|| = 0.000102666
   Pass :  1   Iteration :   0  ||B r|| = 0.0112848 ...
   Pass :  1   Iteration :  14  ||B r|| = 5.76388e-07
norm(r_0) 0
norm(r_1) 0
norm(r_2) 0
norm(r_3) 8.2113136e-07
norm(r_4) 0
Newton iteration  1 : ||r|| = 8.21131e-07, ||r||/||r_0|| = 0.00799809
Setting time step: 0.085038138 in DGTransportTDO
Setting time step: 0.085038138 in CombinedOp
Setting time step: 0.085038138 in IonStaticPressureOp
norm(r_0) 0
norm(r_1) 0
norm(r_2) 0
norm(r_3) 5.2559432e-05
norm(r_4) 0
Newton iteration  0 : ||r|| = 5.25594e-05
   Pass :  1   Iteration :   0  ||B r|| = 0.00325896 ...
   Pass :  1   Iteration :  11  ||B r|| = 9.23342e-07
norm(r_0) 0
norm(r_1) 0
norm(r_2) 0
norm(r_3) 1.0908594e-06
norm(r_4) 0
Newton iteration  1 : ||r|| = 1.09086e-06, ||r||/||r_0|| = 0.0207548
Time stepping paused at t = 0.89362355

Estimating errors.
No refinements necessary.
No derefinements needed.

AMR iteration 2
Number of unknowns: 1024
Setting time step: 0.17007628 in DGTransportTDO
Setting time step: 0.17007628 in CombinedOp
Setting time step: 0.17007628 in IonStaticPressureOp
norm(r_0) 0
norm(r_1) 0
norm(r_2) 0
norm(r_3) 1.407257e-05
norm(r_4) 0
Newton iteration  0 : ||r|| = 1.40726e-05
   Pass :  1   Iteration :   0  ||B r|| = 0.000866048 ...
   Pass :  1   Iteration :   9  ||B r|| = 7.23025e-07
norm(r_0) 0
norm(r_1) 0
norm(r_2) 0
norm(r_3) 2.1952706e-06
norm(r_4) 0
Newton iteration  1 : ||r|| = 2.19527e-06, ||r||/||r_0|| = 0.155996
Setting time step: 0.17007628 in DGTransportTDO
Setting time step: 0.17007628 in CombinedOp
Setting time step: 0.17007628 in IonStaticPressureOp
norm(r_0) 0
norm(r_1) 0
norm(r_2) 0
norm(r_3) 6.8202099e-06
norm(r_4) 0
Newton iteration  0 : ||r|| = 6.82021e-06
   Pass :  1   Iteration :   0  ||B r|| = 0.000331009 ...
   Pass :  1   Iteration :   7  ||B r|| = 6.76617e-07
norm(r_0) 0
norm(r_1) 0
norm(r_2) 0
norm(r_3) 2.1315961e-06
norm(r_4) 0
Newton iteration  1 : ||r|| = 2.1316e-06, ||r||/||r_0|| = 0.312541
Setting time step: 0.17007628 in DGTransportTDO
Setting time step: 0.17007628 in CombinedOp
Setting time step: 0.17007628 in IonStaticPressureOp
norm(r_0) 0
norm(r_1) 0
norm(r_2) 0
norm(r_3) 3.753761e-06
norm(r_4) 0
Newton iteration  0 : ||r|| = 3.75376e-06
   Pass :  1   Iteration :   0  ||B r|| = 1.54189e-05 ...
   Pass :  1   Iteration :   3  ||B r|| = 6.4498e-07
norm(r_0) 0
norm(r_1) 0
norm(r_2) 0
norm(r_3) 1.4920438e-06
norm(r_4) 0
Newton iteration  1 : ||r|| = 1.49204e-06, ||r||/||r_0|| = 0.39748
Setting time step: 0.17007628 in DGTransportTDO
Setting time step: 0.17007628 in CombinedOp
Setting time step: 0.17007628 in IonStaticPressureOp
norm(r_0) 0
norm(r_1) 0
norm(r_2) 0
norm(r_3) 4.0432399e-06
norm(r_4) 0
Newton iteration  0 : ||r|| = 4.04324e-06
   Pass :  1   Iteration :   0  ||B r|| = 0.000165562 ...
   Pass :  1   Iteration :   6  ||B r|| = 6.22238e-07
norm(r_0) 0
norm(r_1) 0
norm(r_2) 0
norm(r_3) 1.8594996e-06
norm(r_4) 0
Newton iteration  1 : ||r|| = 1.8595e-06, ||r||/||r_0|| = 0.459903
Setting time step: 0.17007628 in DGTransportTDO
Setting time step: 0.17007628 in CombinedOp
Setting time step: 0.17007628 in IonStaticPressureOp
norm(r_0) 0
norm(r_1) 0
norm(r_2) 0
norm(r_3) 6.0341633e-05
norm(r_4) 0
Newton iteration  0 : ||r|| = 6.03416e-05
   Pass :  1   Iteration :   0  ||B r|| = 0.000341561 ...
   Pass :  1   Iteration :   7  ||B r|| = 8.70317e-07
norm(r_0) 0
norm(r_1) 0
norm(r_2) 0
norm(r_3) 2.6379044e-06
norm(r_4) 0
Newton iteration  1 : ||r|| = 2.6379e-06, ||r||/||r_0|| = 0.0437162
Setting time step: 0.34015255 in DGTransportTDO
Setting time step: 0.34015255 in CombinedOp
Setting time step: 0.34015255 in IonStaticPressureOp
norm(r_0) 0
norm(r_1) 0
norm(r_2) 0
norm(r_3) 3.2262735e-06
norm(r_4) 0
Newton iteration  0 : ||r|| = 3.22627e-06
   Pass :  1   Iteration :   0  ||B r|| = 5.92995e-05 ...
   Pass :  1   Iteration :   4  ||B r|| = 9.15424e-07
norm(r_0) 0
norm(r_1) 0
norm(r_2) 0
norm(r_3) 5.6927446e-06
norm(r_4) 0
Newton iteration  1 : ||r|| = 5.69274e-06, ||r||/||r_0|| = 1.7645
Setting time step: 0.34015255 in DGTransportTDO
Setting time step: 0.34015255 in CombinedOp
Setting time step: 0.34015255 in IonStaticPressureOp
norm(r_0) 0
norm(r_1) 0
norm(r_2) 0
norm(r_3) 1.0725798e-05
norm(r_4) 0
Newton iteration  0 : ||r|| = 1.07258e-05
   Pass :  1   Iteration :   0  ||B r|| = 3.73096e-05 ...
   Pass :  1   Iteration :   4  ||B r|| = 5.06255e-07
norm(r_0) 0
norm(r_1) 0
norm(r_2) 0
norm(r_3) 2.6010814e-06
norm(r_4) 0
Newton iteration  1 : ||r|| = 2.60108e-06, ||r||/||r_0|| = 0.242507
Setting time step: 0.34015255 in DGTransportTDO
Setting time step: 0.34015255 in CombinedOp
Setting time step: 0.34015255 in IonStaticPressureOp
norm(r_0) 0
norm(r_1) 0
norm(r_2) 0
norm(r_3) 9.3168549e-06
norm(r_4) 0
Newton iteration  0 : ||r|| = 9.31685e-06
   Pass :  1   Iteration :   0  ||B r|| = 1.1381e-05 ...
   Pass :  1   Iteration :   2  ||B r|| = 4.44779e-07
norm(r_0) 0
norm(r_1) 0
norm(r_2) 0
norm(r_3) 3.1348608e-06
norm(r_4) 0
Newton iteration  1 : ||r|| = 3.13486e-06, ||r||/||r_0|| = 0.336472
Setting time step: 0.34015255 in DGTransportTDO
Setting time step: 0.34015255 in CombinedOp
Setting time step: 0.34015255 in IonStaticPressureOp
norm(r_0) 0
norm(r_1) 0
norm(r_2) 0
norm(r_3) 7.6694261e-06
norm(r_4) 0
Newton iteration  0 : ||r|| = 7.66943e-06
   Pass :  1   Iteration :   0  ||B r|| = 1.92165e-06 ...
   Pass :  1   Iteration :   1  ||B r|| = 8.97754e-07
norm(r_0) 0
norm(r_1) 0
norm(r_2) 0
norm(r_3) 3.3658604e-06
norm(r_4) 0
Newton iteration  1 : ||r|| = 3.36586e-06, ||r||/||r_0|| = 0.438867
Setting time step: 0.34015255 in DGTransportTDO
Setting time step: 0.34015255 in CombinedOp
Setting time step: 0.34015255 in IonStaticPressureOp
norm(r_0) 0
norm(r_1) 0
norm(r_2) 0
norm(r_3) 0.0001247645
norm(r_4) 0
Newton iteration  0 : ||r|| = 0.000124765
   Pass :  1   Iteration :   0  ||B r|| = 7.58278e-05 ...
   Pass :  1   Iteration :   7  ||B r|| = 6.08875e-07
norm(r_0) 0
norm(r_1) 0
norm(r_2) 0
norm(r_3) 3.8044101e-06
norm(r_4) 0
Newton iteration  1 : ||r|| = 3.80441e-06, ||r||/||r_0|| = 0.0304927
Setting time step: 0.6803051 in DGTransportTDO
Setting time step: 0.6803051 in CombinedOp
Setting time step: 0.6803051 in IonStaticPressureOp
norm(r_0) 0
norm(r_1) 0
norm(r_2) 0
norm(r_3) 3.8143549e-06
norm(r_4) 0
Newton iteration  0 : ||r|| = 3.81435e-06
   Pass :  1   Iteration :   0  ||B r|| = 9.58164e-07
norm(r_0) 0
norm(r_1) 0
norm(r_2) 0
norm(r_3) 3.8143549e-06
norm(r_4) 0
Newton iteration  1 : ||r|| = 3.81435e-06, ||r||/||r_0|| = 1
Setting time step: 0.6803051 in DGTransportTDO
Setting time step: 0.6803051 in CombinedOp
Setting time step: 0.6803051 in IonStaticPressureOp
norm(r_0) 0
norm(r_1) 0
norm(r_2) 0
norm(r_3) 3.8143549e-06
norm(r_4) 0
Newton iteration  0 : ||r|| = 3.81435e-06
   Pass :  1   Iteration :   0  ||B r|| = 9.58164e-07
norm(r_0) 0
norm(r_1) 0
norm(r_2) 0
norm(r_3) 3.8143549e-06
norm(r_4) 0
Newton iteration  1 : ||r|| = 3.81435e-06, ||r||/||r_0|| = 1
Setting time step: 0.6803051 in DGTransportTDO
Setting time step: 0.6803051 in CombinedOp
Setting time step: 0.6803051 in IonStaticPressureOp
norm(r_0) 0
norm(r_1) 0
norm(r_2) 0
norm(r_3) 3.8143549e-06
norm(r_4) 0
Newton iteration  0 : ||r|| = 3.81435e-06
   Pass :  1   Iteration :   0  ||B r|| = 9.58164e-07
norm(r_0) 0
norm(r_1) 0
norm(r_2) 0
norm(r_3) 3.8143549e-06
norm(r_4) 0
Newton iteration  1 : ||r|| = 3.81435e-06, ||r||/||r_0|| = 1
Setting time step: 0.6803051 in DGTransportTDO
Setting time step: 0.6803051 in CombinedOp
Setting time step: 0.6803051 in IonStaticPressureOp
norm(r_0) 0
norm(r_1) 0
norm(r_2) 0
norm(r_3) 3.8143549e-06
norm(r_4) 0
Newton iteration  0 : ||r|| = 3.81435e-06
   Pass :  1   Iteration :   0  ||B r|| = 9.58164e-07
norm(r_0) 0
norm(r_1) 0
norm(r_2) 0
norm(r_3) 3.8143549e-06
norm(r_4) 0
Newton iteration  1 : ||r|| = 3.81435e-06, ||r||/||r_0|| = 1
Setting time step: 0.6803051 in DGTransportTDO
Setting time step: 0.6803051 in CombinedOp
Setting time step: 0.6803051 in IonStaticPressureOp
norm(r_0) 0
norm(r_1) 0
norm(r_2) 0
norm(r_3) 3.8143549e-06
norm(r_4) 0
Newton iteration  0 : ||r|| = 3.81435e-06
   Pass :  1   Iteration :   0  ||B r|| = 9.58164e-07
norm(r_0) 0
norm(r_1) 0
norm(r_2) 0
norm(r_3) 3.8143549e-06
norm(r_4) 0
Newton iteration  1 : ||r|| = 3.81435e-06, ||r||/||r_0|| = 1
Setting time step: 0.6803051 in DGTransportTDO
Setting time step: 0.6803051 in CombinedOp
Setting time step: 0.6803051 in IonStaticPressureOp
norm(r_0) 0
norm(r_1) 0
norm(r_2) 0
norm(r_3) 3.8143549e-06
norm(r_4) 0
Newton iteration  0 : ||r|| = 3.81435e-06
   Pass :  1   Iteration :   0  ||B r|| = 9.58164e-07
norm(r_0) 0
norm(r_1) 0
norm(r_2) 0
norm(r_3) 3.8143549e-06
norm(r_4) 0
Newton iteration  1 : ||r|| = 3.81435e-06, ||r||/||r_0|| = 1
Setting time step: 0.6803051 in DGTransportTDO
Setting time step: 0.6803051 in CombinedOp
Setting time step: 0.6803051 in IonStaticPressureOp
norm(r_0) 0
norm(r_1) 0
norm(r_2) 0
norm(r_3) 3.8143549e-06
norm(r_4) 0
Newton iteration  0 : ||r|| = 3.81435e-06
   Pass :  1   Iteration :   0  ||B r|| = 9.58164e-07
norm(r_0) 0
norm(r_1) 0
norm(r_2) 0
norm(r_3) 3.8143549e-06
norm(r_4) 0
Newton iteration  1 : ||r|| = 3.81435e-06, ||r||/||r_0|| = 1
Setting time step: 0.6803051 in DGTransportTDO
Setting time step: 0.6803051 in CombinedOp
Setting time step: 0.6803051 in IonStaticPressureOp
norm(r_0) 0
norm(r_1) 0
norm(r_2) 0
norm(r_3) 3.8143549e-06
norm(r_4) 0
Newton iteration  0 : ||r|| = 3.81435e-06
   Pass :  1   Iteration :   0  ||B r|| = 9.58164e-07
norm(r_0) 0
norm(r_1) 0
norm(r_2) 0
norm(r_3) 3.8143549e-06
norm(r_4) 0
Newton iteration  1 : ||r|| = 3.81435e-06, ||r||/||r_0|| = 1
Setting time step: 0.6803051 in DGTransportTDO
Setting time step: 0.6803051 in CombinedOp
Setting time step: 0.6803051 in IonStaticPressureOp
norm(r_0) 0
norm(r_1) 0
norm(r_2) 0
norm(r_3) 3.8143549e-06
norm(r_4) 0
Newton iteration  0 : ||r|| = 3.81435e-06
   Pass :  1   Iteration :   0  ||B r|| = 9.58164e-07
norm(r_0) 0
norm(r_1) 0
norm(r_2) 0
norm(r_3) 3.8143549e-06
norm(r_4) 0
Newton iteration  1 : ||r|| = 3.81435e-06, ||r||/||r_0|| = 1
Setting time step: 0.6803051 in DGTransportTDO
Setting time step: 0.6803051 in CombinedOp
Setting time step: 0.6803051 in IonStaticPressureOp
norm(r_0) 0
norm(r_1) 0
norm(r_2) 0
norm(r_3) 3.8143549e-06
norm(r_4) 0
Newton iteration  0 : ||r|| = 3.81435e-06
   Pass :  1   Iteration :   0  ||B r|| = 9.58164e-07
norm(r_0) 0
norm(r_1) 0
norm(r_2) 0
norm(r_3) 3.8143549e-06
norm(r_4) 0
Newton iteration  1 : ||r|| = 3.81435e-06, ||r||/||r_0|| = 1
Time stepping paused at t = 8.3769797
Steady State solution has been reached

Time stepping done after 1.0304048s.
