Options used:
   --mesh ../../mfem/data/inline-quad.mesh
   --bc-file ../../mfem/miniapps/plasma/transport2d_bcs.inp
   --ic-file ../../mfem/miniapps/plasma/transport2d_ics.inp
   --ec-file /home/gz6/mfem-analysis/input-files/transport2d_ecs.inp
   --es-file ../../mfem/miniapps/plasma/transport2d_ess.inp
   --eqdsk-file 
   --logging 1
   --operator-test 8
   --equation-weights '1 1 1 1 1'
   --problem 0
   --refine-serial 4
   --refine-parallel 0
   --enable-amr
   --max-err -1
   --hysteresis 0.25
   --nc-limit 3
   --amr-weights '1 1 1 1 1'
   --order 1
   --dg-sigma -1
   --dg-kappa 4
   --linear-abs-tolerance 1e-06
   --linear-rel-tolerance 1e-06
   --linear-max-iterations 500
   --linear-logging-level 3
   --newton-abs-tolerance 1e-10
   --newton-rel-tolerance 1e-10
   --newton-max-iterations 1
   --newton-logging-level 1
   --steady-state-abs-tolerance 1e-08
   --steady-state-rel-tolerance 1e-08
   --prec-type 1
   --prec-logging-level 0
   --initial-tolerance 1e-05
   --ode-tolerance 0.001
   --ode-solver 2
   --err-per-step
   --ode-weights '1 1 1 1 1'
   --kP 0
   --kI 0.6
   --kD 0
   --theta-max 2
   --t-minimum 0
   --t-final 100
   --time-step 0.01
   --cfl-number 0.3
   --ion-charge 1
   --ion-mass 2.0141018
   --neutral-mass 2.0141018
   --neutral-temp 3
   --min-neutral-density 9e+14
   --max-neutral-density 1e+15
   --neutral-density-exp 0
   --min-ion-density 1e+16
   --max-ion-density 1e+18
   --ion-density-exp 0
   --min-ion-temp 1
   --max-ion-temp 10
   --ion-temp-exp 0
   --min-electron-temp 10
   --max-electron-temp 440
   --electron-temp-exp 0
   --total-B-magnitude 5
   --poloidal-B-magnitude 0.5
   --velocity 1000
   --Di-perp 1
   --Xi-perp 1
   --Xe-perp 1
   --equation-term-flags '-1 -1 -1 -1 -1'
   --visualization-flags '-1 -1 -1 -1 -1'
   --visualization
   --visit-datafiles
   --ascii-datafiles
   --visualization-steps 4
Device configuration: cpu
Memory configuration: host-std
Number of elements in initial mesh: 16
Number of elements after serial refinement: 4096
5: Number of elements in parallel mesh: 256
5: Number of elements after parallel refinement: 256
1: Number of elements in parallel mesh: 256
1: Number of elements after parallel refinement: 256
0: Number of elements in parallel mesh: 256
0: Number of elements after parallel refinement: 256
3: Number of elements in parallel mesh: 256
3: Number of elements after parallel refinement: 256
4: Number of elements in parallel mesh: 256
4: Number of elements after parallel refinement: 256
2: Number of elements in parallel mesh: 256
2: Number of elements after parallel refinement: 256
15: Number of elements in parallel mesh: 256
15: Number of elements after parallel refinement: 256
6: Number of elements in parallel mesh: 256
6: Number of elements after parallel refinement: 256
7: Number of elements in parallel mesh: 256
7: Number of elements after parallel refinement: 256
13: Number of elements in parallel mesh: 256
13: Number of elements after parallel refinement: 256
11: Number of elements in parallel mesh: 256
11: Number of elements after parallel refinement: 256
9: Number of elements in parallel mesh: 256
9: Number of elements after parallel refinement: 256
8: Number of elements in parallel mesh: 256
8: Number of elements after parallel refinement: 256
10: Number of elements in parallel mesh: 256
10: Number of elements after parallel refinement: 256
12: Number of elements in parallel mesh: 256
12: Number of elements after parallel refinement: 256
14: Number of elements in parallel mesh: 256
14: Number of elements after parallel refinement: 256
Configuring initial conditions
Reading initial conditions from ../../mfem/miniapps/plasma/transport2d_ics.inp
Configuring exact solutions
Reading exact solutions from ../../mfem/miniapps/plasma/transport2d_ess.inp

AMR iteration 0
Number of unknowns: 16384
Stopping criterion satisfied. Stop.
Number of unknowns per field: 16384
Total number of unknowns:     81920
Configuring boundary conditions
Reading boundary conditions from ../../mfem/miniapps/plasma/transport2d_bcs.inp
Configuring equation coefficients
Reading equation coefficients from /home/gz6/mfem-analysis/input-files/transport2d_ecs.inp
|mn| = 3.3444946e-27
|ni| = 1
|ne| = 1

|Dn|     = -nan
|Di|     = -nan
|Eta|    = -nan
|nXi|    = -nan
|nXe|    = -nan

|Eta/mn| = -nan
|nXi/ni| = -nan
|nXe/ne| = -nan
Ion Static Pressure: Adding time derivative term proportional to d n_i / dt
Ion Static Pressure: Adding time derivative term proportional to d T_i / dt
Ion Static Pressure: Adding anisotropic diffusion term
Ion Static Pressure: Adding source term
Opening GLVis sockets.
Range of error estimates for initial condition: -nan < elem err < -nan

Begin time stepping at t = 0
Setting time step: 0.0025 in DGTransportTDO
Setting time step: 0.0025 in CombinedOp
Setting time step: 0.0025 in IonStaticPressureOp
norm(r_0) 0
norm(r_1) 0
norm(r_2) 0
norm(r_3) 0.077106284
norm(r_4) 0
Newton iteration  0 : ||r|| = 0.0771063
   Pass :  1   Iteration :   0  ||B r|| = 693.862 ...
   Pass :  1   Iteration :  12  ||B r|| = 0.000429929
norm(r_0) 0
norm(r_1) 0
norm(r_2) 0
norm(r_3) 6.6277575e-06
norm(r_4) 0
Newton iteration  1 : ||r|| = 6.62776e-06, ||r||/||r_0|| = 8.59561e-05
Setting time step: 0.0025 in DGTransportTDO
Setting time step: 0.0025 in CombinedOp
Setting time step: 0.0025 in IonStaticPressureOp
norm(r_0) 0
norm(r_1) 0
norm(r_2) 0
norm(r_3) 0.072191745
norm(r_4) 0
Newton iteration  0 : ||r|| = 0.0721917
   Pass :  1   Iteration :   0  ||B r|| = 649.639 ...
   Pass :  1   Iteration :  12  ||B r|| = 0.000402656
norm(r_0) 0
norm(r_1) 0
norm(r_2) 0
norm(r_3) 6.2075803e-06
norm(r_4) 0
Newton iteration  1 : ||r|| = 6.20758e-06, ||r||/||r_0|| = 8.59874e-05
Setting time step: 0.0025 in DGTransportTDO
Setting time step: 0.0025 in CombinedOp
Setting time step: 0.0025 in IonStaticPressureOp
norm(r_0) 0
norm(r_1) 0
norm(r_2) 0
norm(r_3) 0.074132501
norm(r_4) 0
Newton iteration  0 : ||r|| = 0.0741325
   Pass :  1   Iteration :   0  ||B r|| = 667.103 ...
   Pass :  1   Iteration :  12  ||B r|| = 0.000413447
norm(r_0) 0
norm(r_1) 0
norm(r_2) 0
norm(r_3) 6.3738773e-06
norm(r_4) 0
Newton iteration  1 : ||r|| = 6.37388e-06, ||r||/||r_0|| = 8.59795e-05
Setting time step: 0.0025 in DGTransportTDO
Setting time step: 0.0025 in CombinedOp
Setting time step: 0.0025 in IonStaticPressureOp
norm(r_0) 0
norm(r_1) 0
norm(r_2) 0
norm(r_3) 0.074627913
norm(r_4) 0
Newton iteration  0 : ||r|| = 0.0746279
   Pass :  1   Iteration :   0  ||B r|| = 671.561 ...
   Pass :  1   Iteration :  12  ||B r|| = 0.000416191
norm(r_0) 0
norm(r_1) 0
norm(r_2) 0
norm(r_3) 6.4161378e-06
norm(r_4) 0
Newton iteration  1 : ||r|| = 6.41614e-06, ||r||/||r_0|| = 8.5975e-05
Setting time step: 0.0025 in DGTransportTDO
Setting time step: 0.0025 in CombinedOp
Setting time step: 0.0025 in IonStaticPressureOp
norm(r_0) 0
norm(r_1) 0
norm(r_2) 0
norm(r_3) 0.069818687
norm(r_4) 0
Newton iteration  0 : ||r|| = 0.0698187
   Pass :  1   Iteration :   0  ||B r|| = 628.285 ...
   Pass :  1   Iteration :  12  ||B r|| = 0.000389215
norm(r_0) 0
norm(r_1) 0
norm(r_2) 0
norm(r_3) 5.9999784e-06
norm(r_4) 0
Newton iteration  1 : ||r|| = 5.99998e-06, ||r||/||r_0|| = 8.59366e-05
Setting time step: 0.005 in DGTransportTDO
Setting time step: 0.005 in CombinedOp
Setting time step: 0.005 in IonStaticPressureOp
norm(r_0) 0
norm(r_1) 0
norm(r_2) 0
norm(r_3) 0.067593662
norm(r_4) 0
Newton iteration  0 : ||r|| = 0.0675937
   Pass :  1   Iteration :   0  ||B r|| = 557.195 ...
   Pass :  1   Iteration :  13  ||B r|| = 0.000265518
norm(r_0) 0
norm(r_1) 0
norm(r_2) 0
norm(r_3) 7.0511517e-06
norm(r_4) 0
Newton iteration  1 : ||r|| = 7.05115e-06, ||r||/||r_0|| = 0.000104317
Setting time step: 0.005 in DGTransportTDO
Setting time step: 0.005 in CombinedOp
Setting time step: 0.005 in IonStaticPressureOp
norm(r_0) 0
norm(r_1) 0
norm(r_2) 0
norm(r_3) 0.059243313
norm(r_4) 0
Newton iteration  0 : ||r|| = 0.0592433
   Pass :  1   Iteration :   0  ||B r|| = 488.362 ...
   Pass :  1   Iteration :  13  ||B r|| = 0.00023273
norm(r_0) 0
norm(r_1) 0
norm(r_2) 0
norm(r_3) 6.1803727e-06
norm(r_4) 0
Newton iteration  1 : ||r|| = 6.18037e-06, ||r||/||r_0|| = 0.000104322
Setting time step: 0.005 in DGTransportTDO
Setting time step: 0.005 in CombinedOp
Setting time step: 0.005 in IonStaticPressureOp
norm(r_0) 0
norm(r_1) 0
norm(r_2) 0
norm(r_3) 0.062500926
norm(r_4) 0
Newton iteration  0 : ||r|| = 0.0625009
   Pass :  1   Iteration :   0  ||B r|| = 515.215 ...
   Pass :  1   Iteration :  13  ||B r|| = 0.000245524
norm(r_0) 0
norm(r_1) 0
norm(r_2) 0
norm(r_3) 6.5201446e-06
norm(r_4) 0
Newton iteration  1 : ||r|| = 6.52014e-06, ||r||/||r_0|| = 0.000104321
Setting time step: 0.005 in DGTransportTDO
Setting time step: 0.005 in CombinedOp
Setting time step: 0.005 in IonStaticPressureOp
norm(r_0) 0
norm(r_1) 0
norm(r_2) 0
norm(r_3) 0.063349265
norm(r_4) 0
Newton iteration  0 : ||r|| = 0.0633493
   Pass :  1   Iteration :   0  ||B r|| = 522.208 ...
   Pass :  1   Iteration :  13  ||B r|| = 0.000248854
norm(r_0) 0
norm(r_1) 0
norm(r_2) 0
norm(r_3) 6.6085919e-06
norm(r_4) 0
Newton iteration  1 : ||r|| = 6.60859e-06, ||r||/||r_0|| = 0.00010432
Setting time step: 0.005 in DGTransportTDO
Setting time step: 0.005 in CombinedOp
Setting time step: 0.005 in IonStaticPressureOp
norm(r_0) 0
norm(r_1) 0
norm(r_2) 0
norm(r_3) 0.055364189
norm(r_4) 0
Newton iteration  0 : ||r|| = 0.0553642
   Pass :  1   Iteration :   0  ||B r|| = 456.385 ...
   Pass :  1   Iteration :  13  ||B r|| = 0.000217459
norm(r_0) 0
norm(r_1) 0
norm(r_2) 0
norm(r_3) 5.7749084e-06
norm(r_4) 0
Newton iteration  1 : ||r|| = 5.77491e-06, ||r||/||r_0|| = 0.000104308
Setting time step: 0.01 in DGTransportTDO
Setting time step: 0.01 in CombinedOp
Setting time step: 0.01 in IonStaticPressureOp
norm(r_0) 0
norm(r_1) 0
norm(r_2) 0
norm(r_3) 0.051944409
norm(r_4) 0
Newton iteration  0 : ||r|| = 0.0519444
   Pass :  1   Iteration :   0  ||B r|| = 365.02 ...
   Pass :  1   Iteration :  13  ||B r|| = 0.000255526
norm(r_0) 0
norm(r_1) 0
norm(r_2) 0
norm(r_3) 1.3247068e-05
norm(r_4) 0
Newton iteration  1 : ||r|| = 1.32471e-05, ||r||/||r_0|| = 0.000255024
Setting time step: 0.01 in DGTransportTDO
Setting time step: 0.01 in CombinedOp
Setting time step: 0.01 in IonStaticPressureOp
norm(r_0) 0
norm(r_1) 0
norm(r_2) 0
norm(r_3) 0.039856882
norm(r_4) 0
Newton iteration  0 : ||r|| = 0.0398569
   Pass :  1   Iteration :   0  ||B r|| = 280.08 ...
   Pass :  1   Iteration :  13  ||B r|| = 0.000196086
norm(r_0) 0
norm(r_1) 0
norm(r_2) 0
norm(r_3) 1.0165124e-05
norm(r_4) 0
Newton iteration  1 : ||r|| = 1.01651e-05, ||r||/||r_0|| = 0.000255041
Setting time step: 0.01 in DGTransportTDO
Setting time step: 0.01 in CombinedOp
Setting time step: 0.01 in IonStaticPressureOp
norm(r_0) 0
norm(r_1) 0
norm(r_2) 0
norm(r_3) 0.04446687
norm(r_4) 0
Newton iteration  0 : ||r|| = 0.0444669
   Pass :  1   Iteration :   0  ||B r|| = 312.475 ...
   Pass :  1   Iteration :  13  ||B r|| = 0.000218758
norm(r_0) 0
norm(r_1) 0
norm(r_2) 0
norm(r_3) 1.1340632e-05
norm(r_4) 0
Newton iteration  1 : ||r|| = 1.13406e-05, ||r||/||r_0|| = 0.000255036
Setting time step: 0.01 in DGTransportTDO
Setting time step: 0.01 in CombinedOp
Setting time step: 0.01 in IonStaticPressureOp
norm(r_0) 0
norm(r_1) 0
norm(r_2) 0
norm(r_3) 0.045713256
norm(r_4) 0
Newton iteration  0 : ||r|| = 0.0457133
   Pass :  1   Iteration :   0  ||B r|| = 321.233 ...
   Pass :  1   Iteration :  13  ||B r|| = 0.000224887
norm(r_0) 0
norm(r_1) 0
norm(r_2) 0
norm(r_3) 1.1658394e-05
norm(r_4) 0
Newton iteration  1 : ||r|| = 1.16584e-05, ||r||/||r_0|| = 0.000255033
Setting time step: 0.01 in DGTransportTDO
Setting time step: 0.01 in CombinedOp
Setting time step: 0.01 in IonStaticPressureOp
norm(r_0) 0
norm(r_1) 0
norm(r_2) 0
norm(r_3) 0.034716736
norm(r_4) 0
Newton iteration  0 : ||r|| = 0.0347167
   Pass :  1   Iteration :   0  ||B r|| = 243.959 ...
   Pass :  1   Iteration :  13  ||B r|| = 0.000170763
norm(r_0) 0
norm(r_1) 0
norm(r_2) 0
norm(r_3) 8.8530658e-06
norm(r_4) 0
Newton iteration  1 : ||r|| = 8.85307e-06, ||r||/||r_0|| = 0.000255009
Setting time step: 0.02 in DGTransportTDO
Setting time step: 0.02 in CombinedOp
Setting time step: 0.02 in IonStaticPressureOp
norm(r_0) 0
norm(r_1) 0
norm(r_2) 0
norm(r_3) 0.03067742
norm(r_4) 0
Newton iteration  0 : ||r|| = 0.0306774
   Pass :  1   Iteration :   0  ||B r|| = 174.406 ...
   Pass :  1   Iteration :  13  ||B r|| = 0.000167693
norm(r_0) 0
norm(r_1) 0
norm(r_2) 0
norm(r_3) 1.713736e-05
norm(r_4) 0
Newton iteration  1 : ||r|| = 1.71374e-05, ||r||/||r_0|| = 0.000558631
Setting time step: 0.02 in DGTransportTDO
Setting time step: 0.02 in CombinedOp
Setting time step: 0.02 in IonStaticPressureOp
norm(r_0) 0
norm(r_1) 0
norm(r_2) 0
norm(r_3) 0.017888129
norm(r_4) 0
Newton iteration  0 : ||r|| = 0.0178881
   Pass :  1   Iteration :   0  ||B r|| = 101.697 ...
   Pass :  1   Iteration :  13  ||B r|| = 9.77966e-05
norm(r_0) 0
norm(r_1) 0
norm(r_2) 0
norm(r_3) 9.9937949e-06
norm(r_4) 0
Newton iteration  1 : ||r|| = 9.99379e-06, ||r||/||r_0|| = 0.000558683
Setting time step: 0.02 in DGTransportTDO
Setting time step: 0.02 in CombinedOp
Setting time step: 0.02 in IonStaticPressureOp
norm(r_0) 0
norm(r_1) 0
norm(r_2) 0
norm(r_3) 0.0225773
norm(r_4) 0
Newton iteration  0 : ||r|| = 0.0225773
   Pass :  1   Iteration :   0  ||B r|| = 128.356 ...
   Pass :  1   Iteration :  13  ||B r|| = 0.000123426
norm(r_0) 0
norm(r_1) 0
norm(r_2) 0
norm(r_3) 1.2613114e-05
norm(r_4) 0
Newton iteration  1 : ||r|| = 1.26131e-05, ||r||/||r_0|| = 0.000558664
Setting time step: 0.02 in DGTransportTDO
Setting time step: 0.02 in CombinedOp
Setting time step: 0.02 in IonStaticPressureOp
norm(r_0) 0
norm(r_1) 0
norm(r_2) 0
norm(r_3) 0.023931898
norm(r_4) 0
Newton iteration  0 : ||r|| = 0.0239319
   Pass :  1   Iteration :   0  ||B r|| = 136.057 ...
   Pass :  1   Iteration :  13  ||B r|| = 0.000130829
norm(r_0) 0
norm(r_1) 0
norm(r_2) 0
norm(r_3) 1.3369696e-05
norm(r_4) 0
Newton iteration  1 : ||r|| = 1.33697e-05, ||r||/||r_0|| = 0.000558656
Setting time step: 0.02 in DGTransportTDO
Setting time step: 0.02 in CombinedOp
Setting time step: 0.02 in IonStaticPressureOp
norm(r_0) 0
norm(r_1) 0
norm(r_2) 0
norm(r_3) 0.013532668
norm(r_4) 0
Newton iteration  0 : ||r|| = 0.0135327
   Pass :  1   Iteration :   0  ||B r|| = 76.9354 ...
   Pass :  1   Iteration :  13  ||B r|| = 7.39589e-05
norm(r_0) 0
norm(r_1) 0
norm(r_2) 0
norm(r_3) 7.5588578e-06
norm(r_4) 0
Newton iteration  1 : ||r|| = 7.55886e-06, ||r||/||r_0|| = 0.000558564
Time stepping paused at t = 0.15

Estimating errors.
No refinements necessary.
No derefinements needed.

AMR iteration 1
Number of unknowns: 16384
Setting time step: 0.019697487 in DGTransportTDO
Setting time step: 0.019697487 in CombinedOp
Setting time step: 0.019697487 in IonStaticPressureOp
norm(r_0) 0
norm(r_1) 0
norm(r_2) 0
norm(r_3) 0.010711795
norm(r_4) 0
Newton iteration  0 : ||r|| = 0.0107118
   Pass :  1   Iteration :   0  ||B r|| = 61.2727 ...
   Pass :  1   Iteration :  13  ||B r|| = 5.84633e-05
norm(r_0) 0
norm(r_1) 0
norm(r_2) 0
norm(r_3) 5.8833738e-06
norm(r_4) 0
Newton iteration  1 : ||r|| = 5.88337e-06, ||r||/||r_0|| = 0.000549243
Setting time step: 0.019697487 in DGTransportTDO
Setting time step: 0.019697487 in CombinedOp
Setting time step: 0.019697487 in IonStaticPressureOp
norm(r_0) 0
norm(r_1) 0
norm(r_2) 0
norm(r_3) 0.0062997208
norm(r_4) 0
Newton iteration  0 : ||r|| = 0.00629972
   Pass :  1   Iteration :   0  ||B r|| = 36.0351 ...
   Pass :  1   Iteration :  13  ||B r|| = 3.43839e-05
norm(r_0) 0
norm(r_1) 0
norm(r_2) 0
norm(r_3) 3.4601617e-06
norm(r_4) 0
Newton iteration  1 : ||r|| = 3.46016e-06, ||r||/||r_0|| = 0.000549256
Setting time step: 0.019697487 in DGTransportTDO
Setting time step: 0.019697487 in CombinedOp
Setting time step: 0.019697487 in IonStaticPressureOp
norm(r_0) 0
norm(r_1) 0
norm(r_2) 0
norm(r_3) 0.0079191676
norm(r_4) 0
Newton iteration  0 : ||r|| = 0.00791917
   Pass :  1   Iteration :   0  ||B r|| = 45.2985 ...
   Pass :  1   Iteration :  13  ||B r|| = 4.32224e-05
norm(r_0) 0
norm(r_1) 0
norm(r_2) 0
norm(r_3) 4.349612e-06
norm(r_4) 0
Newton iteration  1 : ||r|| = 4.34961e-06, ||r||/||r_0|| = 0.000549251
Setting time step: 0.019697487 in DGTransportTDO
Setting time step: 0.019697487 in CombinedOp
Setting time step: 0.019697487 in IonStaticPressureOp
norm(r_0) 0
norm(r_1) 0
norm(r_2) 0
norm(r_3) 0.0083861261
norm(r_4) 0
Newton iteration  0 : ||r|| = 0.00838613
   Pass :  1   Iteration :   0  ||B r|| = 47.9696 ...
   Pass :  1   Iteration :  13  ||B r|| = 4.57708e-05
norm(r_0) 0
norm(r_1) 0
norm(r_2) 0
norm(r_3) 4.6060727e-06
norm(r_4) 0
Newton iteration  1 : ||r|| = 4.60607e-06, ||r||/||r_0|| = 0.000549249
Setting time step: 0.019697487 in DGTransportTDO
Setting time step: 0.019697487 in CombinedOp
Setting time step: 0.019697487 in IonStaticPressureOp
norm(r_0) 0
norm(r_1) 0
norm(r_2) 0
norm(r_3) 0.0047855935
norm(r_4) 0
Newton iteration  0 : ||r|| = 0.00478559
   Pass :  1   Iteration :   0  ||B r|| = 27.3741 ...
   Pass :  1   Iteration :  13  ||B r|| = 2.6118e-05
norm(r_0) 0
norm(r_1) 0
norm(r_2) 0
norm(r_3) 2.6283714e-06
norm(r_4) 0
Newton iteration  1 : ||r|| = 2.62837e-06, ||r||/||r_0|| = 0.000549226
Setting time step: 0.038647388 in DGTransportTDO
Setting time step: 0.038647388 in CombinedOp
Setting time step: 0.038647388 in IonStaticPressureOp
norm(r_0) 0
norm(r_1) 0
norm(r_2) 0
norm(r_3) 0.0038000259
norm(r_4) 0
Newton iteration  0 : ||r|| = 0.00380003
   Pass :  1   Iteration :   0  ||B r|| = 15.977 ...
   Pass :  1   Iteration :  14  ||B r|| = 9.58732e-06
norm(r_0) 0
norm(r_1) 0
norm(r_2) 0
norm(r_3) 2.0884838e-06
norm(r_4) 0
Newton iteration  1 : ||r|| = 2.08848e-06, ||r||/||r_0|| = 0.000549597
Setting time step: 0.038647388 in DGTransportTDO
Setting time step: 0.038647388 in CombinedOp
Setting time step: 0.038647388 in IonStaticPressureOp
norm(r_0) 0
norm(r_1) 0
norm(r_2) 0
norm(r_3) 0.0012368977
norm(r_4) 0
Newton iteration  0 : ||r|| = 0.0012369
   Pass :  1   Iteration :   0  ||B r|| = 5.2004 ...
   Pass :  1   Iteration :  14  ||B r|| = 3.12075e-06
norm(r_0) 0
norm(r_1) 0
norm(r_2) 0
norm(r_3) 6.7982612e-07
norm(r_4) 0
Newton iteration  1 : ||r|| = 6.79826e-07, ||r||/||r_0|| = 0.000549622
Setting time step: 0.038647388 in DGTransportTDO
Setting time step: 0.038647388 in CombinedOp
Setting time step: 0.038647388 in IonStaticPressureOp
norm(r_0) 0
norm(r_1) 0
norm(r_2) 0
norm(r_3) 0.0021238351
norm(r_4) 0
Newton iteration  0 : ||r|| = 0.00212384
   Pass :  1   Iteration :   0  ||B r|| = 8.92953 ...
   Pass :  1   Iteration :  14  ||B r|| = 5.35846e-06
norm(r_0) 0
norm(r_1) 0
norm(r_2) 0
norm(r_3) 1.1672835e-06
norm(r_4) 0
Newton iteration  1 : ||r|| = 1.16728e-06, ||r||/||r_0|| = 0.000549611
Setting time step: 0.038647388 in DGTransportTDO
Setting time step: 0.038647388 in CombinedOp
Setting time step: 0.038647388 in IonStaticPressureOp
norm(r_0) 0
norm(r_1) 0
norm(r_2) 0
norm(r_3) 0.0024066481
norm(r_4) 0
Newton iteration  0 : ||r|| = 0.00240665
   Pass :  1   Iteration :   0  ||B r|| = 10.1186 ...
   Pass :  1   Iteration :  14  ||B r|| = 6.07197e-06
norm(r_0) 0
norm(r_1) 0
norm(r_2) 0
norm(r_3) 1.322712e-06
norm(r_4) 0
Newton iteration  1 : ||r|| = 1.32271e-06, ||r||/||r_0|| = 0.000549608
Setting time step: 0.038647388 in DGTransportTDO
Setting time step: 0.038647388 in CombinedOp
Setting time step: 0.038647388 in IonStaticPressureOp
norm(r_0) 0
norm(r_1) 0
norm(r_2) 0
norm(r_3) 0.00077689382
norm(r_4) 0
Newton iteration  0 : ||r|| = 0.000776894
   Pass :  1   Iteration :   0  ||B r|| = 3.26605 ...
   Pass :  1   Iteration :  14  ||B r|| = 1.95962e-06
norm(r_0) 0
norm(r_1) 0
norm(r_2) 0
norm(r_3) 4.268686e-07
norm(r_4) 0
Newton iteration  1 : ||r|| = 4.26869e-07, ||r||/||r_0|| = 0.000549456
Setting time step: 0.042489387 in DGTransportTDO
Setting time step: 0.042489387 in CombinedOp
Setting time step: 0.042489387 in IonStaticPressureOp
norm(r_0) 0
norm(r_1) 0
norm(r_2) 0
norm(r_3) 0.00051482501
norm(r_4) 0
Newton iteration  0 : ||r|| = 0.000514825
   Pass :  1   Iteration :   0  ||B r|| = 2.04741 ...
   Pass :  1   Iteration :  14  ||B r|| = 1.28823e-06
norm(r_0) 0
norm(r_1) 0
norm(r_2) 0
norm(r_3) 3.089534e-07
norm(r_4) 0
Newton iteration  1 : ||r|| = 3.08953e-07, ||r||/||r_0|| = 0.000600113
Setting time step: 0.042489387 in DGTransportTDO
Setting time step: 0.042489387 in CombinedOp
Setting time step: 0.042489387 in IonStaticPressureOp
norm(r_0) 0
norm(r_1) 0
norm(r_2) 0
norm(r_3) 0.00014543557
norm(r_4) 0
Newton iteration  0 : ||r|| = 0.000145436
   Pass :  1   Iteration :   0  ||B r|| = 0.578383 ...
   Pass :  1   Iteration :  13  ||B r|| = 8.11658e-07
norm(r_0) 0
norm(r_1) 0
norm(r_2) 0
norm(r_3) 1.7265494e-07
norm(r_4) 0
Newton iteration  1 : ||r|| = 1.72655e-07, ||r||/||r_0|| = 0.00118716
Setting time step: 0.042489387 in DGTransportTDO
Setting time step: 0.042489387 in CombinedOp
Setting time step: 0.042489387 in IonStaticPressureOp
norm(r_0) 0
norm(r_1) 0
norm(r_2) 0
norm(r_3) 0.00027198829
norm(r_4) 0
Newton iteration  0 : ||r|| = 0.000271988
   Pass :  1   Iteration :   0  ||B r|| = 1.08167 ...
   Pass :  1   Iteration :  14  ||B r|| = 6.80601e-07
norm(r_0) 0
norm(r_1) 0
norm(r_2) 0
norm(r_3) 1.6322673e-07
norm(r_4) 0
Newton iteration  1 : ||r|| = 1.63227e-07, ||r||/||r_0|| = 0.000600124
Setting time step: 0.042489387 in DGTransportTDO
Setting time step: 0.042489387 in CombinedOp
Setting time step: 0.042489387 in IonStaticPressureOp
norm(r_0) 0
norm(r_1) 0
norm(r_2) 0
norm(r_3) 0.00031304021
norm(r_4) 0
Newton iteration  0 : ||r|| = 0.00031304
   Pass :  1   Iteration :   0  ||B r|| = 1.24493 ...
   Pass :  1   Iteration :  14  ||B r|| = 7.8332e-07
norm(r_0) 0
norm(r_1) 0
norm(r_2) 0
norm(r_3) 1.8786175e-07
norm(r_4) 0
Newton iteration  1 : ||r|| = 1.87862e-07, ||r||/||r_0|| = 0.00060012
Setting time step: 0.042489387 in DGTransportTDO
Setting time step: 0.042489387 in CombinedOp
Setting time step: 0.042489387 in IonStaticPressureOp
norm(r_0) 0
norm(r_1) 0
norm(r_2) 0
norm(r_3) 9.0999126e-05
norm(r_4) 0
Newton iteration  0 : ||r|| = 9.09991e-05
   Pass :  1   Iteration :   0  ||B r|| = 0.361873 ...
   Pass :  1   Iteration :  13  ||B r|| = 5.07574e-07
norm(r_0) 0
norm(r_1) 0
norm(r_2) 0
norm(r_3) 1.0798005e-07
norm(r_4) 0
Newton iteration  1 : ||r|| = 1.0798e-07, ||r||/||r_0|| = 0.00118661
Setting time step: 0.084978774 in DGTransportTDO
Setting time step: 0.084978774 in CombinedOp
Setting time step: 0.084978774 in IonStaticPressureOp
norm(r_0) 0
norm(r_1) 0
norm(r_2) 0
norm(r_3) 5.834952e-05
norm(r_4) 0
Newton iteration  0 : ||r|| = 5.83495e-05
   Pass :  1   Iteration :   0  ||B r|| = 0.144886 ...
   Pass :  1   Iteration :  12  ||B r|| = 5.97474e-07
norm(r_0) 0
norm(r_1) 0
norm(r_2) 0
norm(r_3) 2.7563578e-07
norm(r_4) 0
Newton iteration  1 : ||r|| = 2.75636e-07, ||r||/||r_0|| = 0.00472387
Setting time step: 0.084978774 in DGTransportTDO
Setting time step: 0.084978774 in CombinedOp
Setting time step: 0.084978774 in IonStaticPressureOp
norm(r_0) 0
norm(r_1) 0
norm(r_2) 0
norm(r_3) 3.334599e-06
norm(r_4) 0
Newton iteration  0 : ||r|| = 3.3346e-06
   Pass :  1   Iteration :   0  ||B r|| = 0.00813179 ...
   Pass :  1   Iteration :   8  ||B r|| = 9.44166e-07
norm(r_0) 0
norm(r_1) 0
norm(r_2) 0
norm(r_3) 4.0675811e-07
norm(r_4) 0
Newton iteration  1 : ||r|| = 4.06758e-07, ||r||/||r_0|| = 0.121981
Setting time step: 0.084978774 in DGTransportTDO
Setting time step: 0.084978774 in CombinedOp
Setting time step: 0.084978774 in IonStaticPressureOp
norm(r_0) 0
norm(r_1) 0
norm(r_2) 0
norm(r_3) 1.6176691e-05
norm(r_4) 0
Newton iteration  0 : ||r|| = 1.61767e-05
   Pass :  1   Iteration :   0  ||B r|| = 0.0401467 ...
   Pass :  1   Iteration :  10  ||B r|| = 9.34734e-07
norm(r_0) 0
norm(r_1) 0
norm(r_2) 0
norm(r_3) 3.9323994e-07
norm(r_4) 0
Newton iteration  1 : ||r|| = 3.9324e-07, ||r||/||r_0|| = 0.024309
Setting time step: 0.084978774 in DGTransportTDO
Setting time step: 0.084978774 in CombinedOp
Setting time step: 0.084978774 in IonStaticPressureOp
norm(r_0) 0
norm(r_1) 0
norm(r_2) 0
norm(r_3) 2.3441859e-05
norm(r_4) 0
Newton iteration  0 : ||r|| = 2.34419e-05
   Pass :  1   Iteration :   0  ||B r|| = 0.0581977 ...
   Pass :  1   Iteration :  11  ||B r|| = 5.55738e-07
norm(r_0) 0
norm(r_1) 0
norm(r_2) 0
norm(r_3) 2.489713e-07
norm(r_4) 0
Newton iteration  1 : ||r|| = 2.48971e-07, ||r||/||r_0|| = 0.0106208
Setting time step: 0.084978774 in DGTransportTDO
Setting time step: 0.084978774 in CombinedOp
Setting time step: 0.084978774 in IonStaticPressureOp
norm(r_0) 0
norm(r_1) 0
norm(r_2) 0
norm(r_3) 2.0516529e-05
norm(r_4) 0
Newton iteration  0 : ||r|| = 2.05165e-05
   Pass :  1   Iteration :   0  ||B r|| = 0.0168151 ...
   Pass :  1   Iteration :   9  ||B r|| = 9.14471e-07
norm(r_0) 0
norm(r_1) 0
norm(r_2) 0
norm(r_3) 4.0770201e-07
norm(r_4) 0
Newton iteration  1 : ||r|| = 4.07702e-07, ||r||/||r_0|| = 0.0198719
Time stepping paused at t = 0.89325215

Estimating errors.
No refinements necessary.
No derefinements needed.

AMR iteration 2
Number of unknowns: 16384
Setting time step: 0.16995755 in DGTransportTDO
Setting time step: 0.16995755 in CombinedOp
Setting time step: 0.16995755 in IonStaticPressureOp
norm(r_0) 0
norm(r_1) 0
norm(r_2) 0
norm(r_3) 3.2191765e-06
norm(r_4) 0
Newton iteration  0 : ||r|| = 3.21918e-06
   Pass :  1   Iteration :   0  ||B r|| = 0.00450835 ...
   Pass :  1   Iteration :   8  ||B r|| = 6.65003e-07
norm(r_0) 0
norm(r_1) 0
norm(r_2) 0
norm(r_3) 5.8675804e-07
norm(r_4) 0
Newton iteration  1 : ||r|| = 5.86758e-07, ||r||/||r_0|| = 0.18227
Setting time step: 0.16995755 in DGTransportTDO
Setting time step: 0.16995755 in CombinedOp
Setting time step: 0.16995755 in IonStaticPressureOp
norm(r_0) 0
norm(r_1) 0
norm(r_2) 0
norm(r_3) 1.9337085e-06
norm(r_4) 0
Newton iteration  0 : ||r|| = 1.93371e-06
   Pass :  1   Iteration :   0  ||B r|| = 0.00172344 ...
   Pass :  1   Iteration :   7  ||B r|| = 5.24414e-07
norm(r_0) 0
norm(r_1) 0
norm(r_2) 0
norm(r_3) 3.9978101e-07
norm(r_4) 0
Newton iteration  1 : ||r|| = 3.99781e-07, ||r||/||r_0|| = 0.206743
Setting time step: 0.16995755 in DGTransportTDO
Setting time step: 0.16995755 in CombinedOp
Setting time step: 0.16995755 in IonStaticPressureOp
norm(r_0) 0
norm(r_1) 0
norm(r_2) 0
norm(r_3) 1.1038768e-06
norm(r_4) 0
Newton iteration  0 : ||r|| = 1.10388e-06
   Pass :  1   Iteration :   0  ||B r|| = 8.01654e-05 ...
   Pass :  1   Iteration :   3  ||B r|| = 6.21969e-07
norm(r_0) 0
norm(r_1) 0
norm(r_2) 0
norm(r_3) 7.753011e-07
norm(r_4) 0
Newton iteration  1 : ||r|| = 7.75301e-07, ||r||/||r_0|| = 0.702344
Setting time step: 0.16995755 in DGTransportTDO
Setting time step: 0.16995755 in CombinedOp
Setting time step: 0.16995755 in IonStaticPressureOp
norm(r_0) 0
norm(r_1) 0
norm(r_2) 0
norm(r_3) 9.5260851e-07
norm(r_4) 0
Newton iteration  0 : ||r|| = 9.52609e-07
   Pass :  1   Iteration :   0  ||B r|| = 0.000862234 ...
   Pass :  1   Iteration :   6  ||B r|| = 5.94439e-07
norm(r_0) 0
norm(r_1) 0
norm(r_2) 0
norm(r_3) 3.8970774e-07
norm(r_4) 0
Newton iteration  1 : ||r|| = 3.89708e-07, ||r||/||r_0|| = 0.409095
Setting time step: 0.16995755 in DGTransportTDO
Setting time step: 0.16995755 in CombinedOp
Setting time step: 0.16995755 in IonStaticPressureOp
norm(r_0) 0
norm(r_1) 0
norm(r_2) 0
norm(r_3) 3.7983807e-05
norm(r_4) 0
Newton iteration  0 : ||r|| = 3.79838e-05
   Pass :  1   Iteration :   0  ||B r|| = 0.00180123 ...
   Pass :  1   Iteration :   7  ||B r|| = 6.28927e-07
norm(r_0) 0
norm(r_1) 0
norm(r_2) 0
norm(r_3) 3.3683539e-07
norm(r_4) 0
Newton iteration  1 : ||r|| = 3.36835e-07, ||r||/||r_0|| = 0.00886787
Setting time step: 0.3399151 in DGTransportTDO
Setting time step: 0.3399151 in CombinedOp
Setting time step: 0.3399151 in IonStaticPressureOp
norm(r_0) 0
norm(r_1) 0
norm(r_2) 0
norm(r_3) 5.2595312e-07
norm(r_4) 0
Newton iteration  0 : ||r|| = 5.25953e-07
   Pass :  1   Iteration :   0  ||B r|| = 0.000306583 ...
   Pass :  1   Iteration :   5  ||B r|| = 5.02073e-07
norm(r_0) 0
norm(r_1) 0
norm(r_2) 0
norm(r_3) 8.2579081e-07
norm(r_4) 0
Newton iteration  1 : ||r|| = 8.25791e-07, ||r||/||r_0|| = 1.57008
Setting time step: 0.3399151 in DGTransportTDO
Setting time step: 0.3399151 in CombinedOp
Setting time step: 0.3399151 in IonStaticPressureOp
norm(r_0) 0
norm(r_1) 0
norm(r_2) 0
norm(r_3) 1.843305e-06
norm(r_4) 0
Newton iteration  0 : ||r|| = 1.8433e-06
   Pass :  1   Iteration :   0  ||B r|| = 0.000194473 ...
   Pass :  1   Iteration :   4  ||B r|| = 6.4582e-07
norm(r_0) 0
norm(r_1) 0
norm(r_2) 0
norm(r_3) 7.2574594e-07
norm(r_4) 0
Newton iteration  1 : ||r|| = 7.25746e-07, ||r||/||r_0|| = 0.39372
Setting time step: 0.3399151 in DGTransportTDO
Setting time step: 0.3399151 in CombinedOp
Setting time step: 0.3399151 in IonStaticPressureOp
norm(r_0) 0
norm(r_1) 0
norm(r_2) 0
norm(r_3) 1.3833735e-06
norm(r_4) 0
Newton iteration  0 : ||r|| = 1.38337e-06
   Pass :  1   Iteration :   0  ||B r|| = 5.95762e-05 ...
   Pass :  1   Iteration :   3  ||B r|| = 4.81792e-07
norm(r_0) 0
norm(r_1) 0
norm(r_2) 0
norm(r_3) 8.966253e-07
norm(r_4) 0
Newton iteration  1 : ||r|| = 8.96625e-07, ||r||/||r_0|| = 0.648144
Setting time step: 0.3399151 in DGTransportTDO
Setting time step: 0.3399151 in CombinedOp
Setting time step: 0.3399151 in IonStaticPressureOp
norm(r_0) 0
norm(r_1) 0
norm(r_2) 0
norm(r_3) 9.3078956e-07
norm(r_4) 0
Newton iteration  0 : ||r|| = 9.3079e-07
   Pass :  1   Iteration :   0  ||B r|| = 6.61456e-06 ...
   Pass :  1   Iteration :   1  ||B r|| = 8.30598e-07
norm(r_0) 0
norm(r_1) 0
norm(r_2) 0
norm(r_3) 9.3117284e-07
norm(r_4) 0
Newton iteration  1 : ||r|| = 9.31173e-07, ||r||/||r_0|| = 1.00041
Setting time step: 0.3399151 in DGTransportTDO
Setting time step: 0.3399151 in CombinedOp
Setting time step: 0.3399151 in IonStaticPressureOp
norm(r_0) 0
norm(r_1) 0
norm(r_2) 0
norm(r_3) 1.7474415e-05
norm(r_4) 0
Newton iteration  0 : ||r|| = 1.74744e-05
   Pass :  1   Iteration :   0  ||B r|| = 0.00029731 ...
   Pass :  1   Iteration :   5  ||B r|| = 7.06167e-07
norm(r_0) 0
norm(r_1) 0
norm(r_2) 0
norm(r_3) 1.2708751e-06
norm(r_4) 0
Newton iteration  1 : ||r|| = 1.27088e-06, ||r||/||r_0|| = 0.0727278
Setting time step: 0.6798302 in DGTransportTDO
Setting time step: 0.6798302 in CombinedOp
Setting time step: 0.6798302 in IonStaticPressureOp
norm(r_0) 0
norm(r_1) 0
norm(r_2) 0
norm(r_3) 1.2721527e-06
norm(r_4) 0
Newton iteration  0 : ||r|| = 1.27215e-06
   Pass :  1   Iteration :   0  ||B r|| = 2.25695e-05 ...
   Pass :  1   Iteration :   2  ||B r|| = 6.04982e-07
norm(r_0) 0
norm(r_1) 0
norm(r_2) 0
norm(r_3) 1.4299652e-06
norm(r_4) 0
Newton iteration  1 : ||r|| = 1.42997e-06, ||r||/||r_0|| = 1.12405
Setting time step: 0.6798302 in DGTransportTDO
Setting time step: 0.6798302 in CombinedOp
Setting time step: 0.6798302 in IonStaticPressureOp
norm(r_0) 0
norm(r_1) 0
norm(r_2) 0
norm(r_3) 2.1688126e-06
norm(r_4) 0
Newton iteration  0 : ||r|| = 2.16881e-06
   Pass :  1   Iteration :   0  ||B r|| = 1.8276e-05 ...
   Pass :  1   Iteration :   1  ||B r|| = 9.34284e-07
norm(r_0) 0
norm(r_1) 0
norm(r_2) 0
norm(r_3) 1.9054232e-06
norm(r_4) 0
Newton iteration  1 : ||r|| = 1.90542e-06, ||r||/||r_0|| = 0.878556
Setting time step: 0.6798302 in DGTransportTDO
Setting time step: 0.6798302 in CombinedOp
Setting time step: 0.6798302 in IonStaticPressureOp
norm(r_0) 0
norm(r_1) 0
norm(r_2) 0
norm(r_3) 2.263e-06
norm(r_4) 0
Newton iteration  0 : ||r|| = 2.263e-06
   Pass :  1   Iteration :   0  ||B r|| = 7.90414e-06 ...
   Pass :  1   Iteration :   1  ||B r|| = 7.88354e-07
norm(r_0) 0
norm(r_1) 0
norm(r_2) 0
norm(r_3) 3.4847221e-06
norm(r_4) 0
Newton iteration  1 : ||r|| = 3.48472e-06, ||r||/||r_0|| = 1.53987
Setting time step: 0.6798302 in DGTransportTDO
Setting time step: 0.6798302 in CombinedOp
Setting time step: 0.6798302 in IonStaticPressureOp
norm(r_0) 0
norm(r_1) 0
norm(r_2) 0
norm(r_3) 1.6188759e-06
norm(r_4) 0
Newton iteration  0 : ||r|| = 1.61888e-06
   Pass :  1   Iteration :   0  ||B r|| = 2.4362e-06 ...
   Pass :  1   Iteration :   2  ||B r|| = 2.93536e-07
norm(r_0) 0
norm(r_1) 0
norm(r_2) 0
norm(r_3) 1.3672509e-07
norm(r_4) 0
Newton iteration  1 : ||r|| = 1.36725e-07, ||r||/||r_0|| = 0.0844568
Setting time step: 0.6798302 in DGTransportTDO
Setting time step: 0.6798302 in CombinedOp
Setting time step: 0.6798302 in IonStaticPressureOp
norm(r_0) 0
norm(r_1) 0
norm(r_2) 0
norm(r_3) 0.00011223535
norm(r_4) 0
Newton iteration  0 : ||r|| = 0.000112235
   Pass :  1   Iteration :   0  ||B r|| = 3.58992e-05 ...
   Pass :  1   Iteration :   3  ||B r|| = 6.63935e-07
norm(r_0) 0
norm(r_1) 0
norm(r_2) 0
norm(r_3) 2.2436728e-06
norm(r_4) 0
Newton iteration  1 : ||r|| = 2.24367e-06, ||r||/||r_0|| = 0.0199908
Setting time step: 1.3596604 in DGTransportTDO
Setting time step: 1.3596604 in CombinedOp
Setting time step: 1.3596604 in IonStaticPressureOp
norm(r_0) 0
norm(r_1) 0
norm(r_2) 0
norm(r_3) 2.2432857e-06
norm(r_4) 0
Newton iteration  0 : ||r|| = 2.24329e-06
   Pass :  1   Iteration :   0  ||B r|| = 3.13364e-06 ...
   Pass :  1   Iteration :   1  ||B r|| = 2.01228e-07
norm(r_0) 0
norm(r_1) 0
norm(r_2) 0
norm(r_3) 2.3713036e-06
norm(r_4) 0
Newton iteration  1 : ||r|| = 2.3713e-06, ||r||/||r_0|| = 1.05707
Setting time step: 1.3596604 in DGTransportTDO
Setting time step: 1.3596604 in CombinedOp
Setting time step: 1.3596604 in IonStaticPressureOp
norm(r_0) 0
norm(r_1) 0
norm(r_2) 0
norm(r_3) 6.911406e-06
norm(r_4) 0
Newton iteration  0 : ||r|| = 6.91141e-06
   Pass :  1   Iteration :   0  ||B r|| = 2.89268e-06 ...
   Pass :  1   Iteration :   1  ||B r|| = 2.48347e-07
norm(r_0) 0
norm(r_1) 0
norm(r_2) 0
norm(r_3) 3.6020276e-06
norm(r_4) 0
Newton iteration  1 : ||r|| = 3.60203e-06, ||r||/||r_0|| = 0.521171
Setting time step: 1.3596604 in DGTransportTDO
Setting time step: 1.3596604 in CombinedOp
Setting time step: 1.3596604 in IonStaticPressureOp
norm(r_0) 0
norm(r_1) 0
norm(r_2) 0
norm(r_3) 5.6813097e-06
norm(r_4) 0
Newton iteration  0 : ||r|| = 5.68131e-06
   Pass :  1   Iteration :   0  ||B r|| = 1.43184e-06 ...
   Pass :  1   Iteration :   1  ||B r|| = 8.86439e-08
norm(r_0) 0
norm(r_1) 0
norm(r_2) 0
norm(r_3) 1.3548407e-06
norm(r_4) 0
Newton iteration  1 : ||r|| = 1.35484e-06, ||r||/||r_0|| = 0.238473
Setting time step: 1.3596604 in DGTransportTDO
Setting time step: 1.3596604 in CombinedOp
Setting time step: 1.3596604 in IonStaticPressureOp
norm(r_0) 0
norm(r_1) 0
norm(r_2) 0
norm(r_3) 4.1220683e-06
norm(r_4) 0
Newton iteration  0 : ||r|| = 4.12207e-06
   Pass :  1   Iteration :   0  ||B r|| = 6.19539e-07
norm(r_0) 0
norm(r_1) 0
norm(r_2) 0
norm(r_3) 4.1220683e-06
norm(r_4) 0
Newton iteration  1 : ||r|| = 4.12207e-06, ||r||/||r_0|| = 1
Setting time step: 1.3596604 in DGTransportTDO
Setting time step: 1.3596604 in CombinedOp
Setting time step: 1.3596604 in IonStaticPressureOp
norm(r_0) 0
norm(r_1) 0
norm(r_2) 0
norm(r_3) 0.00016004439
norm(r_4) 0
Newton iteration  0 : ||r|| = 0.000160044
   Pass :  1   Iteration :   0  ||B r|| = 2.33752e-05 ...
   Pass :  1   Iteration :   2  ||B r|| = 9.81541e-07
norm(r_0) 0
norm(r_1) 0
norm(r_2) 0
norm(r_3) 8.5471684e-06
norm(r_4) 0
Newton iteration  1 : ||r|| = 8.54717e-06, ||r||/||r_0|| = 0.053405
Time stepping paused at t = 11.090705

Estimating errors.
No refinements necessary.
No derefinements needed.

AMR iteration 3
Number of unknowns: 16384
Setting time step: 2.7193208 in DGTransportTDO
Setting time step: 2.7193208 in CombinedOp
Setting time step: 2.7193208 in IonStaticPressureOp
norm(r_0) 0
norm(r_1) 0
norm(r_2) 0
norm(r_3) 8.5475943e-06
norm(r_4) 0
Newton iteration  0 : ||r|| = 8.54759e-06
   Pass :  1   Iteration :   0  ||B r|| = 4.59421e-07
norm(r_0) 0
norm(r_1) 0
norm(r_2) 0
norm(r_3) 8.5475943e-06
norm(r_4) 0
Newton iteration  1 : ||r|| = 8.54759e-06, ||r||/||r_0|| = 1
Setting time step: 2.7193208 in DGTransportTDO
Setting time step: 2.7193208 in CombinedOp
Setting time step: 2.7193208 in IonStaticPressureOp
norm(r_0) 0
norm(r_1) 0
norm(r_2) 0
norm(r_3) 8.5475943e-06
norm(r_4) 0
Newton iteration  0 : ||r|| = 8.54759e-06
   Pass :  1   Iteration :   0  ||B r|| = 4.59421e-07
norm(r_0) 0
norm(r_1) 0
norm(r_2) 0
norm(r_3) 8.5475943e-06
norm(r_4) 0
Newton iteration  1 : ||r|| = 8.54759e-06, ||r||/||r_0|| = 1
Setting time step: 2.7193208 in DGTransportTDO
Setting time step: 2.7193208 in CombinedOp
Setting time step: 2.7193208 in IonStaticPressureOp
norm(r_0) 0
norm(r_1) 0
norm(r_2) 0
norm(r_3) 8.5475943e-06
norm(r_4) 0
Newton iteration  0 : ||r|| = 8.54759e-06
   Pass :  1   Iteration :   0  ||B r|| = 4.59421e-07
norm(r_0) 0
norm(r_1) 0
norm(r_2) 0
norm(r_3) 8.5475943e-06
norm(r_4) 0
Newton iteration  1 : ||r|| = 8.54759e-06, ||r||/||r_0|| = 1
Setting time step: 2.7193208 in DGTransportTDO
Setting time step: 2.7193208 in CombinedOp
Setting time step: 2.7193208 in IonStaticPressureOp
norm(r_0) 0
norm(r_1) 0
norm(r_2) 0
norm(r_3) 8.5475943e-06
norm(r_4) 0
Newton iteration  0 : ||r|| = 8.54759e-06
   Pass :  1   Iteration :   0  ||B r|| = 4.59421e-07
norm(r_0) 0
norm(r_1) 0
norm(r_2) 0
norm(r_3) 8.5475943e-06
norm(r_4) 0
Newton iteration  1 : ||r|| = 8.54759e-06, ||r||/||r_0|| = 1
Setting time step: 2.7193208 in DGTransportTDO
Setting time step: 2.7193208 in CombinedOp
Setting time step: 2.7193208 in IonStaticPressureOp
norm(r_0) 0
norm(r_1) 0
norm(r_2) 0
norm(r_3) 8.5475943e-06
norm(r_4) 0
Newton iteration  0 : ||r|| = 8.54759e-06
   Pass :  1   Iteration :   0  ||B r|| = 4.59421e-07
norm(r_0) 0
norm(r_1) 0
norm(r_2) 0
norm(r_3) 8.5475943e-06
norm(r_4) 0
Newton iteration  1 : ||r|| = 8.54759e-06, ||r||/||r_0|| = 1
Setting time step: 2.7193208 in DGTransportTDO
Setting time step: 2.7193208 in CombinedOp
Setting time step: 2.7193208 in IonStaticPressureOp
norm(r_0) 0
norm(r_1) 0
norm(r_2) 0
norm(r_3) 8.5475943e-06
norm(r_4) 0
Newton iteration  0 : ||r|| = 8.54759e-06
   Pass :  1   Iteration :   0  ||B r|| = 4.59421e-07
norm(r_0) 0
norm(r_1) 0
norm(r_2) 0
norm(r_3) 8.5475943e-06
norm(r_4) 0
Newton iteration  1 : ||r|| = 8.54759e-06, ||r||/||r_0|| = 1
Setting time step: 2.7193208 in DGTransportTDO
Setting time step: 2.7193208 in CombinedOp
Setting time step: 2.7193208 in IonStaticPressureOp
norm(r_0) 0
norm(r_1) 0
norm(r_2) 0
norm(r_3) 8.5475943e-06
norm(r_4) 0
Newton iteration  0 : ||r|| = 8.54759e-06
   Pass :  1   Iteration :   0  ||B r|| = 4.59421e-07
norm(r_0) 0
norm(r_1) 0
norm(r_2) 0
norm(r_3) 8.5475943e-06
norm(r_4) 0
Newton iteration  1 : ||r|| = 8.54759e-06, ||r||/||r_0|| = 1
Setting time step: 2.7193208 in DGTransportTDO
Setting time step: 2.7193208 in CombinedOp
Setting time step: 2.7193208 in IonStaticPressureOp
norm(r_0) 0
norm(r_1) 0
norm(r_2) 0
norm(r_3) 8.5475943e-06
norm(r_4) 0
Newton iteration  0 : ||r|| = 8.54759e-06
   Pass :  1   Iteration :   0  ||B r|| = 4.59421e-07
norm(r_0) 0
norm(r_1) 0
norm(r_2) 0
norm(r_3) 8.5475943e-06
norm(r_4) 0
Newton iteration  1 : ||r|| = 8.54759e-06, ||r||/||r_0|| = 1
Setting time step: 2.7193208 in DGTransportTDO
Setting time step: 2.7193208 in CombinedOp
Setting time step: 2.7193208 in IonStaticPressureOp
norm(r_0) 0
norm(r_1) 0
norm(r_2) 0
norm(r_3) 8.5475943e-06
norm(r_4) 0
Newton iteration  0 : ||r|| = 8.54759e-06
   Pass :  1   Iteration :   0  ||B r|| = 4.59421e-07
norm(r_0) 0
norm(r_1) 0
norm(r_2) 0
norm(r_3) 8.5475943e-06
norm(r_4) 0
Newton iteration  1 : ||r|| = 8.54759e-06, ||r||/||r_0|| = 1
Setting time step: 2.7193208 in DGTransportTDO
Setting time step: 2.7193208 in CombinedOp
Setting time step: 2.7193208 in IonStaticPressureOp
norm(r_0) 0
norm(r_1) 0
norm(r_2) 0
norm(r_3) 8.5475943e-06
norm(r_4) 0
Newton iteration  0 : ||r|| = 8.54759e-06
   Pass :  1   Iteration :   0  ||B r|| = 4.59421e-07
norm(r_0) 0
norm(r_1) 0
norm(r_2) 0
norm(r_3) 8.5475943e-06
norm(r_4) 0
Newton iteration  1 : ||r|| = 8.54759e-06, ||r||/||r_0|| = 1
Setting time step: 2.7193208 in DGTransportTDO
Setting time step: 2.7193208 in CombinedOp
Setting time step: 2.7193208 in IonStaticPressureOp
norm(r_0) 0
norm(r_1) 0
norm(r_2) 0
norm(r_3) 8.5475943e-06
norm(r_4) 0
Newton iteration  0 : ||r|| = 8.54759e-06
   Pass :  1   Iteration :   0  ||B r|| = 4.59421e-07
norm(r_0) 0
norm(r_1) 0
norm(r_2) 0
norm(r_3) 8.5475943e-06
norm(r_4) 0
Newton iteration  1 : ||r|| = 8.54759e-06, ||r||/||r_0|| = 1
Setting time step: 2.7193208 in DGTransportTDO
Setting time step: 2.7193208 in CombinedOp
Setting time step: 2.7193208 in IonStaticPressureOp
norm(r_0) 0
norm(r_1) 0
norm(r_2) 0
norm(r_3) 8.5475943e-06
norm(r_4) 0
Newton iteration  0 : ||r|| = 8.54759e-06
   Pass :  1   Iteration :   0  ||B r|| = 4.59421e-07
norm(r_0) 0
norm(r_1) 0
norm(r_2) 0
norm(r_3) 8.5475943e-06
norm(r_4) 0
Newton iteration  1 : ||r|| = 8.54759e-06, ||r||/||r_0|| = 1
Setting time step: 2.7193208 in DGTransportTDO
Setting time step: 2.7193208 in CombinedOp
Setting time step: 2.7193208 in IonStaticPressureOp
norm(r_0) 0
norm(r_1) 0
norm(r_2) 0
norm(r_3) 8.5475943e-06
norm(r_4) 0
Newton iteration  0 : ||r|| = 8.54759e-06
   Pass :  1   Iteration :   0  ||B r|| = 4.59421e-07
norm(r_0) 0
norm(r_1) 0
norm(r_2) 0
norm(r_3) 8.5475943e-06
norm(r_4) 0
Newton iteration  1 : ||r|| = 8.54759e-06, ||r||/||r_0|| = 1
Setting time step: 2.7193208 in DGTransportTDO
Setting time step: 2.7193208 in CombinedOp
Setting time step: 2.7193208 in IonStaticPressureOp
norm(r_0) 0
norm(r_1) 0
norm(r_2) 0
norm(r_3) 8.5475943e-06
norm(r_4) 0
Newton iteration  0 : ||r|| = 8.54759e-06
   Pass :  1   Iteration :   0  ||B r|| = 4.59421e-07
norm(r_0) 0
norm(r_1) 0
norm(r_2) 0
norm(r_3) 8.5475943e-06
norm(r_4) 0
Newton iteration  1 : ||r|| = 8.54759e-06, ||r||/||r_0|| = 1
Setting time step: 2.7193208 in DGTransportTDO
Setting time step: 2.7193208 in CombinedOp
Setting time step: 2.7193208 in IonStaticPressureOp
norm(r_0) 0
norm(r_1) 0
norm(r_2) 0
norm(r_3) 8.5475943e-06
norm(r_4) 0
Newton iteration  0 : ||r|| = 8.54759e-06
   Pass :  1   Iteration :   0  ||B r|| = 4.59421e-07
norm(r_0) 0
norm(r_1) 0
norm(r_2) 0
norm(r_3) 8.5475943e-06
norm(r_4) 0
Newton iteration  1 : ||r|| = 8.54759e-06, ||r||/||r_0|| = 1
Setting time step: 2.7193208 in DGTransportTDO
Setting time step: 2.7193208 in CombinedOp
Setting time step: 2.7193208 in IonStaticPressureOp
norm(r_0) 0
norm(r_1) 0
norm(r_2) 0
norm(r_3) 8.5475943e-06
norm(r_4) 0
Newton iteration  0 : ||r|| = 8.54759e-06
   Pass :  1   Iteration :   0  ||B r|| = 4.59421e-07
norm(r_0) 0
norm(r_1) 0
norm(r_2) 0
norm(r_3) 8.5475943e-06
norm(r_4) 0
Newton iteration  1 : ||r|| = 8.54759e-06, ||r||/||r_0|| = 1
Setting time step: 2.7193208 in DGTransportTDO
Setting time step: 2.7193208 in CombinedOp
Setting time step: 2.7193208 in IonStaticPressureOp
norm(r_0) 0
norm(r_1) 0
norm(r_2) 0
norm(r_3) 8.5475943e-06
norm(r_4) 0
Newton iteration  0 : ||r|| = 8.54759e-06
   Pass :  1   Iteration :   0  ||B r|| = 4.59421e-07
norm(r_0) 0
norm(r_1) 0
norm(r_2) 0
norm(r_3) 8.5475943e-06
norm(r_4) 0
Newton iteration  1 : ||r|| = 8.54759e-06, ||r||/||r_0|| = 1
Setting time step: 2.7193208 in DGTransportTDO
Setting time step: 2.7193208 in CombinedOp
Setting time step: 2.7193208 in IonStaticPressureOp
norm(r_0) 0
norm(r_1) 0
norm(r_2) 0
norm(r_3) 8.5475943e-06
norm(r_4) 0
Newton iteration  0 : ||r|| = 8.54759e-06
   Pass :  1   Iteration :   0  ||B r|| = 4.59421e-07
norm(r_0) 0
norm(r_1) 0
norm(r_2) 0
norm(r_3) 8.5475943e-06
norm(r_4) 0
Newton iteration  1 : ||r|| = 8.54759e-06, ||r||/||r_0|| = 1
Setting time step: 2.7193208 in DGTransportTDO
Setting time step: 2.7193208 in CombinedOp
Setting time step: 2.7193208 in IonStaticPressureOp
norm(r_0) 0
norm(r_1) 0
norm(r_2) 0
norm(r_3) 8.5475943e-06
norm(r_4) 0
Newton iteration  0 : ||r|| = 8.54759e-06
   Pass :  1   Iteration :   0  ||B r|| = 4.59421e-07
norm(r_0) 0
norm(r_1) 0
norm(r_2) 0
norm(r_3) 8.5475943e-06
norm(r_4) 0
Newton iteration  1 : ||r|| = 8.54759e-06, ||r||/||r_0|| = 1
Setting time step: 2.7193208 in DGTransportTDO
Setting time step: 2.7193208 in CombinedOp
Setting time step: 2.7193208 in IonStaticPressureOp
norm(r_0) 0
norm(r_1) 0
norm(r_2) 0
norm(r_3) 8.5475943e-06
norm(r_4) 0
Newton iteration  0 : ||r|| = 8.54759e-06
   Pass :  1   Iteration :   0  ||B r|| = 4.59421e-07
norm(r_0) 0
norm(r_1) 0
norm(r_2) 0
norm(r_3) 8.5475943e-06
norm(r_4) 0
Newton iteration  1 : ||r|| = 8.54759e-06, ||r||/||r_0|| = 1
Time stepping paused at t = 54.599838
Steady State solution has been reached

Time stepping done after 6.8738158s.
