Options used:
   --mesh ../../mfem/data/inline-quad.mesh
   --bc-file ../../mfem/miniapps/plasma/transport2d_bcs.inp
   --ic-file ../../mfem/miniapps/plasma/transport2d_ics.inp
   --ec-file /home/gz6/mfem-analysis/input-files/transport2d_ecs.inp
   --es-file ../../mfem/miniapps/plasma/transport2d_ess.inp
   --eqdsk-file 
   --logging 1
   --operator-test 8
   --equation-weights '1 1 1 1 1'
   --problem 0
   --refine-serial 4
   --refine-parallel 0
   --enable-amr
   --max-err -1
   --hysteresis 0.25
   --nc-limit 3
   --amr-weights '1 1 1 1 1'
   --order 2
   --dg-sigma -1
   --dg-kappa 9
   --linear-abs-tolerance 1e-06
   --linear-rel-tolerance 1e-06
   --linear-max-iterations 500
   --linear-logging-level 3
   --newton-abs-tolerance 1e-10
   --newton-rel-tolerance 1e-10
   --newton-max-iterations 1
   --newton-logging-level 1
   --steady-state-abs-tolerance 1e-08
   --steady-state-rel-tolerance 1e-08
   --prec-type 1
   --prec-logging-level 0
   --initial-tolerance 1e-05
   --ode-tolerance 0.001
   --ode-solver 2
   --err-per-step
   --ode-weights '1 1 1 1 1'
   --kP 0
   --kI 0.6
   --kD 0
   --theta-max 2
   --t-minimum 0
   --t-final 100
   --time-step 0.01
   --cfl-number 0.3
   --ion-charge 1
   --ion-mass 2.0141018
   --neutral-mass 2.0141018
   --neutral-temp 3
   --min-neutral-density 9e+14
   --max-neutral-density 1e+15
   --neutral-density-exp 0
   --min-ion-density 1e+16
   --max-ion-density 1e+18
   --ion-density-exp 0
   --min-ion-temp 1
   --max-ion-temp 10
   --ion-temp-exp 0
   --min-electron-temp 10
   --max-electron-temp 440
   --electron-temp-exp 0
   --total-B-magnitude 5
   --poloidal-B-magnitude 0.5
   --velocity 1000
   --Di-perp 1
   --Xi-perp 1
   --Xe-perp 1
   --equation-term-flags '-1 -1 -1 -1 -1'
   --visualization-flags '-1 -1 -1 -1 -1'
   --visualization
   --visit-datafiles
   --ascii-datafiles
   --visualization-steps 4
Device configuration: cpu
Memory configuration: host-std
Number of elements in initial mesh: 16
9: Number of elements in parallel mesh: 256
9: Number of elements after parallel refinement: 256
12: Number of elements in parallel mesh: 256
12: Number of elements after parallel refinement: 256
Number of elements after serial refinement: 4096
11: Number of elements in parallel mesh: 256
11: Number of elements after parallel refinement: 256
10: Number of elements in parallel mesh: 256
10: Number of elements after parallel refinement: 256
14: Number of elements in parallel mesh: 256
14: Number of elements after parallel refinement: 256
15: Number of elements in parallel mesh: 256
15: Number of elements after parallel refinement: 256
1: Number of elements in parallel mesh: 256
1: Number of elements after parallel refinement: 256
0: Number of elements in parallel mesh: 256
0: Number of elements after parallel refinement: 256
5: Number of elements in parallel mesh: 256
5: Number of elements after parallel refinement: 256
6: Number of elements in parallel mesh: 256
6: Number of elements after parallel refinement: 256
7: Number of elements in parallel mesh: 256
7: Number of elements after parallel refinement: 256
13: Number of elements in parallel mesh: 256
13: Number of elements after parallel refinement: 256
2: Number of elements in parallel mesh: 256
2: Number of elements after parallel refinement: 256
3: Number of elements in parallel mesh: 256
3: Number of elements after parallel refinement: 256
8: Number of elements in parallel mesh: 256
8: Number of elements after parallel refinement: 256
4: Number of elements in parallel mesh: 256
4: Number of elements after parallel refinement: 256
Configuring initial conditions
Reading initial conditions from ../../mfem/miniapps/plasma/transport2d_ics.inp
Configuring exact solutions
Reading exact solutions from ../../mfem/miniapps/plasma/transport2d_ess.inp

AMR iteration 0
Number of unknowns: 36864
Stopping criterion satisfied. Stop.
Number of unknowns per field: 36864
Total number of unknowns:     184320
Configuring boundary conditions
Reading boundary conditions from ../../mfem/miniapps/plasma/transport2d_bcs.inp
Configuring equation coefficients
Reading equation coefficients from /home/gz6/mfem-analysis/input-files/transport2d_ecs.inp
|mn| = 3.3444946e-27
|ni| = 1
|ne| = 1

|Dn|     = -nan
|Di|     = -nan
|Eta|    = -nan
|nXi|    = -nan
|nXe|    = -nan

|Eta/mn| = -nan
|nXi/ni| = -nan
|nXe/ne| = -nan
Ion Static Pressure: Adding time derivative term proportional to d n_i / dt
Ion Static Pressure: Adding time derivative term proportional to d T_i / dt
Ion Static Pressure: Adding anisotropic diffusion term
Ion Static Pressure: Adding source term
Opening GLVis sockets.
Range of error estimates for initial condition: -nan < elem err < -nan

Begin time stepping at t = 0
Setting time step: 0.0025 in DGTransportTDO
Setting time step: 0.0025 in CombinedOp
Setting time step: 0.0025 in IonStaticPressureOp
norm(r_0) 0
norm(r_1) 0
norm(r_2) 0
norm(r_3) 0.054259978
norm(r_4) 0
Newton iteration  0 : ||r|| = 0.05426
   Pass :  1   Iteration :   0  ||B r|| = 968.123 ...
   Pass :  1   Iteration :  15  ||B r|| = 0.000744195
norm(r_0) 0
norm(r_1) 0
norm(r_2) 0
norm(r_3) 1.617328e-05
norm(r_4) 0
Newton iteration  1 : ||r|| = 1.61733e-05, ||r||/||r_0|| = 0.00029807
Setting time step: 0.0025 in DGTransportTDO
Setting time step: 0.0025 in CombinedOp
Setting time step: 0.0025 in IonStaticPressureOp
norm(r_0) 0
norm(r_1) 0
norm(r_2) 0
norm(r_3) 0.050803274
norm(r_4) 0
Newton iteration  0 : ||r|| = 0.0508033
   Pass :  1   Iteration :   0  ||B r|| = 906.452 ...
   Pass :  1   Iteration :  15  ||B r|| = 0.000698413
norm(r_0) 0
norm(r_1) 0
norm(r_2) 0
norm(r_3) 1.5177786e-05
norm(r_4) 0
Newton iteration  1 : ||r|| = 1.51778e-05, ||r||/||r_0|| = 0.000298756
Setting time step: 0.0025 in DGTransportTDO
Setting time step: 0.0025 in CombinedOp
Setting time step: 0.0025 in IonStaticPressureOp
norm(r_0) 0
norm(r_1) 0
norm(r_2) 0
norm(r_3) 0.052168297
norm(r_4) 0
Newton iteration  0 : ||r|| = 0.0521683
   Pass :  1   Iteration :   0  ||B r|| = 930.807 ...
   Pass :  1   Iteration :  15  ||B r|| = 0.00071673
norm(r_0) 0
norm(r_1) 0
norm(r_2) 0
norm(r_3) 1.557599e-05
norm(r_4) 0
Newton iteration  1 : ||r|| = 1.5576e-05, ||r||/||r_0|| = 0.000298572
Setting time step: 0.0025 in DGTransportTDO
Setting time step: 0.0025 in CombinedOp
Setting time step: 0.0025 in IonStaticPressureOp
norm(r_0) 0
norm(r_1) 0
norm(r_2) 0
norm(r_3) 0.05251676
norm(r_4) 0
Newton iteration  0 : ||r|| = 0.0525168
   Pass :  1   Iteration :   0  ||B r|| = 937.023 ...
   Pass :  1   Iteration :  15  ||B r|| = 0.000721284
norm(r_0) 0
norm(r_1) 0
norm(r_2) 0
norm(r_3) 1.5675033e-05
norm(r_4) 0
Newton iteration  1 : ||r|| = 1.5675e-05, ||r||/||r_0|| = 0.000298477
Setting time step: 0.0025 in DGTransportTDO
Setting time step: 0.0025 in CombinedOp
Setting time step: 0.0025 in IonStaticPressureOp
norm(r_0) 0
norm(r_1) 0
norm(r_2) 0
norm(r_3) 0.049134692
norm(r_4) 0
Newton iteration  0 : ||r|| = 0.0491347
   Pass :  1   Iteration :   0  ||B r|| = 876.673 ...
   Pass :  1   Iteration :  15  ||B r|| = 0.000673288
norm(r_0) 0
norm(r_1) 0
norm(r_2) 0
norm(r_3) 1.4632513e-05
norm(r_4) 0
Newton iteration  1 : ||r|| = 1.46325e-05, ||r||/||r_0|| = 0.000297804
Setting time step: 0.005 in DGTransportTDO
Setting time step: 0.005 in CombinedOp
Setting time step: 0.005 in IonStaticPressureOp
norm(r_0) 0
norm(r_1) 0
norm(r_2) 0
norm(r_3) 0.047569403
norm(r_4) 0
Newton iteration  0 : ||r|| = 0.0475694
   Pass :  1   Iteration :   0  ||B r|| = 738.158 ...
   Pass :  1   Iteration :  16  ||B r|| = 0.000505634
norm(r_0) 0
norm(r_1) 0
norm(r_2) 0
norm(r_3) 1.9875176e-05
norm(r_4) 0
Newton iteration  1 : ||r|| = 1.98752e-05, ||r||/||r_0|| = 0.000417814
Setting time step: 0.005 in DGTransportTDO
Setting time step: 0.005 in CombinedOp
Setting time step: 0.005 in IonStaticPressureOp
norm(r_0) 0
norm(r_1) 0
norm(r_2) 0
norm(r_3) 0.041696493
norm(r_4) 0
Newton iteration  0 : ||r|| = 0.0416965
   Pass :  1   Iteration :   0  ||B r|| = 647.017 ...
   Pass :  1   Iteration :  16  ||B r|| = 0.000443528
norm(r_0) 0
norm(r_1) 0
norm(r_2) 0
norm(r_3) 1.7433969e-05
norm(r_4) 0
Newton iteration  1 : ||r|| = 1.7434e-05, ||r||/||r_0|| = 0.000418116
Setting time step: 0.005 in DGTransportTDO
Setting time step: 0.005 in CombinedOp
Setting time step: 0.005 in IonStaticPressureOp
norm(r_0) 0
norm(r_1) 0
norm(r_2) 0
norm(r_3) 0.04398772
norm(r_4) 0
Newton iteration  0 : ||r|| = 0.0439877
   Pass :  1   Iteration :   0  ||B r|| = 682.573 ...
   Pass :  1   Iteration :  16  ||B r|| = 0.000467805
norm(r_0) 0
norm(r_1) 0
norm(r_2) 0
norm(r_3) 1.8388239e-05
norm(r_4) 0
Newton iteration  1 : ||r|| = 1.83882e-05, ||r||/||r_0|| = 0.000418031
Setting time step: 0.005 in DGTransportTDO
Setting time step: 0.005 in CombinedOp
Setting time step: 0.005 in IonStaticPressureOp
norm(r_0) 0
norm(r_1) 0
norm(r_2) 0
norm(r_3) 0.044584339
norm(r_4) 0
Newton iteration  0 : ||r|| = 0.0445843
   Pass :  1   Iteration :   0  ||B r|| = 691.832 ...
   Pass :  1   Iteration :  16  ||B r|| = 0.000474102
norm(r_0) 0
norm(r_1) 0
norm(r_2) 0
norm(r_3) 1.8635747e-05
norm(r_4) 0
Newton iteration  1 : ||r|| = 1.86357e-05, ||r||/||r_0|| = 0.000417989
Setting time step: 0.005 in DGTransportTDO
Setting time step: 0.005 in CombinedOp
Setting time step: 0.005 in IonStaticPressureOp
norm(r_0) 0
norm(r_1) 0
norm(r_2) 0
norm(r_3) 0.038967014
norm(r_4) 0
Newton iteration  0 : ||r|| = 0.038967
   Pass :  1   Iteration :   0  ||B r|| = 604.676 ...
   Pass :  1   Iteration :  16  ||B r|| = 0.000414037
norm(r_0) 0
norm(r_1) 0
norm(r_2) 0
norm(r_3) 1.6274695e-05
norm(r_4) 0
Newton iteration  1 : ||r|| = 1.62747e-05, ||r||/||r_0|| = 0.000417653
Setting time step: 0.01 in DGTransportTDO
Setting time step: 0.01 in CombinedOp
Setting time step: 0.01 in IonStaticPressureOp
norm(r_0) 0
norm(r_1) 0
norm(r_2) 0
norm(r_3) 0.036561906
norm(r_4) 0
Newton iteration  0 : ||r|| = 0.0365619
   Pass :  1   Iteration :   0  ||B r|| = 448.797 ...
   Pass :  1   Iteration :  17  ||B r|| = 0.000291996
norm(r_0) 0
norm(r_1) 0
norm(r_2) 0
norm(r_3) 2.4039025e-05
norm(r_4) 0
Newton iteration  1 : ||r|| = 2.4039e-05, ||r||/||r_0|| = 0.000657488
Setting time step: 0.01 in DGTransportTDO
Setting time step: 0.01 in CombinedOp
Setting time step: 0.01 in IonStaticPressureOp
norm(r_0) 0
norm(r_1) 0
norm(r_2) 0
norm(r_3) 0.028057744
norm(r_4) 0
Newton iteration  0 : ||r|| = 0.0280577
   Pass :  1   Iteration :   0  ||B r|| = 344.415 ...
   Pass :  1   Iteration :  17  ||B r|| = 0.000224159
norm(r_0) 0
norm(r_1) 0
norm(r_2) 0
norm(r_3) 1.8455046e-05
norm(r_4) 0
Newton iteration  1 : ||r|| = 1.8455e-05, ||r||/||r_0|| = 0.000657752
Setting time step: 0.01 in DGTransportTDO
Setting time step: 0.01 in CombinedOp
Setting time step: 0.01 in IonStaticPressureOp
norm(r_0) 0
norm(r_1) 0
norm(r_2) 0
norm(r_3) 0.031301076
norm(r_4) 0
Newton iteration  0 : ||r|| = 0.0313011
   Pass :  1   Iteration :   0  ||B r|| = 384.225 ...
   Pass :  1   Iteration :  17  ||B r|| = 0.000250043
norm(r_0) 0
norm(r_1) 0
norm(r_2) 0
norm(r_3) 2.058581e-05
norm(r_4) 0
Newton iteration  1 : ||r|| = 2.05858e-05, ||r||/||r_0|| = 0.000657671
Setting time step: 0.01 in DGTransportTDO
Setting time step: 0.01 in CombinedOp
Setting time step: 0.01 in IonStaticPressureOp
norm(r_0) 0
norm(r_1) 0
norm(r_2) 0
norm(r_3) 0.032177972
norm(r_4) 0
Newton iteration  0 : ||r|| = 0.032178
   Pass :  1   Iteration :   0  ||B r|| = 394.989 ...
   Pass :  1   Iteration :  17  ||B r|| = 0.000257034
norm(r_0) 0
norm(r_1) 0
norm(r_2) 0
norm(r_3) 2.1161293e-05
norm(r_4) 0
Newton iteration  1 : ||r|| = 2.11613e-05, ||r||/||r_0|| = 0.000657633
Setting time step: 0.01 in DGTransportTDO
Setting time step: 0.01 in CombinedOp
Setting time step: 0.01 in IonStaticPressureOp
norm(r_0) 0
norm(r_1) 0
norm(r_2) 0
norm(r_3) 0.024442344
norm(r_4) 0
Newton iteration  0 : ||r|| = 0.0244423
   Pass :  1   Iteration :   0  ||B r|| = 300.022 ...
   Pass :  1   Iteration :  17  ||B r|| = 0.000195146
norm(r_0) 0
norm(r_1) 0
norm(r_2) 0
norm(r_3) 1.6065173e-05
norm(r_4) 0
Newton iteration  1 : ||r|| = 1.60652e-05, ||r||/||r_0|| = 0.000657268
Setting time step: 0.02 in DGTransportTDO
Setting time step: 0.02 in CombinedOp
Setting time step: 0.02 in IonStaticPressureOp
norm(r_0) 0
norm(r_1) 0
norm(r_2) 0
norm(r_3) 0.021599169
norm(r_4) 0
Newton iteration  0 : ||r|| = 0.0215992
   Pass :  1   Iteration :   0  ||B r|| = 191.777 ...
   Pass :  1   Iteration :  18  ||B r|| = 0.000116216
norm(r_0) 0
norm(r_1) 0
norm(r_2) 0
norm(r_3) 1.9076653e-05
norm(r_4) 0
Newton iteration  1 : ||r|| = 1.90767e-05, ||r||/||r_0|| = 0.000883212
Setting time step: 0.02 in DGTransportTDO
Setting time step: 0.02 in CombinedOp
Setting time step: 0.02 in IonStaticPressureOp
norm(r_0) 0
norm(r_1) 0
norm(r_2) 0
norm(r_3) 0.012599035
norm(r_4) 0
Newton iteration  0 : ||r|| = 0.012599
   Pass :  1   Iteration :   0  ||B r|| = 111.863 ...
   Pass :  1   Iteration :  18  ||B r|| = 6.78017e-05
norm(r_0) 0
norm(r_1) 0
norm(r_2) 0
norm(r_3) 1.1129734e-05
norm(r_4) 0
Newton iteration  1 : ||r|| = 1.11297e-05, ||r||/||r_0|| = 0.00088338
Setting time step: 0.02 in DGTransportTDO
Setting time step: 0.02 in CombinedOp
Setting time step: 0.02 in IonStaticPressureOp
norm(r_0) 0
norm(r_1) 0
norm(r_2) 0
norm(r_3) 0.015899077
norm(r_4) 0
Newton iteration  0 : ||r|| = 0.0158991
   Pass :  1   Iteration :   0  ||B r|| = 141.164 ...
   Pass :  1   Iteration :  18  ||B r|| = 8.55556e-05
norm(r_0) 0
norm(r_1) 0
norm(r_2) 0
norm(r_3) 1.4043959e-05
norm(r_4) 0
Newton iteration  1 : ||r|| = 1.4044e-05, ||r||/||r_0|| = 0.000883319
Setting time step: 0.02 in DGTransportTDO
Setting time step: 0.02 in CombinedOp
Setting time step: 0.02 in IonStaticPressureOp
norm(r_0) 0
norm(r_1) 0
norm(r_2) 0
norm(r_3) 0.016852292
norm(r_4) 0
Newton iteration  0 : ||r|| = 0.0168523
   Pass :  1   Iteration :   0  ||B r|| = 149.628 ...
   Pass :  1   Iteration :  18  ||B r|| = 9.06828e-05
norm(r_0) 0
norm(r_1) 0
norm(r_2) 0
norm(r_3) 1.4885538e-05
norm(r_4) 0
Newton iteration  1 : ||r|| = 1.48855e-05, ||r||/||r_0|| = 0.000883295
Setting time step: 0.02 in DGTransportTDO
Setting time step: 0.02 in CombinedOp
Setting time step: 0.02 in IonStaticPressureOp
norm(r_0) 0
norm(r_1) 0
norm(r_2) 0
norm(r_3) 0.0095325455
norm(r_4) 0
Newton iteration  0 : ||r|| = 0.00953255
   Pass :  1   Iteration :   0  ||B r|| = 84.639 ...
   Pass :  1   Iteration :  18  ||B r|| = 5.12768e-05
norm(r_0) 0
norm(r_1) 0
norm(r_2) 0
norm(r_3) 8.4167247e-06
norm(r_4) 0
Newton iteration  1 : ||r|| = 8.41672e-06, ||r||/||r_0|| = 0.000882946
Time stepping paused at t = 0.15

Estimating errors.
No refinements necessary.
No derefinements needed.

AMR iteration 1
Number of unknowns: 36864
Setting time step: 0.019709747 in DGTransportTDO
Setting time step: 0.019709747 in CombinedOp
Setting time step: 0.019709747 in IonStaticPressureOp
norm(r_0) 0
norm(r_1) 0
norm(r_2) 0
norm(r_3) 0.0075465126
norm(r_4) 0
Newton iteration  0 : ||r|| = 0.00754651
   Pass :  1   Iteration :   0  ||B r|| = 67.5452 ...
   Pass :  1   Iteration :  18  ||B r|| = 4.04978e-05
norm(r_0) 0
norm(r_1) 0
norm(r_2) 0
norm(r_3) 6.5550158e-06
norm(r_4) 0
Newton iteration  1 : ||r|| = 6.55502e-06, ||r||/||r_0|| = 0.000868615
Setting time step: 0.019709747 in DGTransportTDO
Setting time step: 0.019709747 in CombinedOp
Setting time step: 0.019709747 in IonStaticPressureOp
norm(r_0) 0
norm(r_1) 0
norm(r_2) 0
norm(r_3) 0.0044380712
norm(r_4) 0
Newton iteration  0 : ||r|| = 0.00443807
   Pass :  1   Iteration :   0  ||B r|| = 39.723 ...
   Pass :  1   Iteration :  18  ||B r|| = 2.38171e-05
norm(r_0) 0
norm(r_1) 0
norm(r_2) 0
norm(r_3) 3.8550785e-06
norm(r_4) 0
Newton iteration  1 : ||r|| = 3.85508e-06, ||r||/||r_0|| = 0.000868638
Setting time step: 0.019709747 in DGTransportTDO
Setting time step: 0.019709747 in CombinedOp
Setting time step: 0.019709747 in IonStaticPressureOp
norm(r_0) 0
norm(r_1) 0
norm(r_2) 0
norm(r_3) 0.0055790172
norm(r_4) 0
Newton iteration  0 : ||r|| = 0.00557902
   Pass :  1   Iteration :   0  ||B r|| = 49.9351 ...
   Pass :  1   Iteration :  18  ||B r|| = 2.99398e-05
norm(r_0) 0
norm(r_1) 0
norm(r_2) 0
norm(r_3) 4.8460997e-06
norm(r_4) 0
Newton iteration  1 : ||r|| = 4.8461e-06, ||r||/||r_0|| = 0.00086863
Setting time step: 0.019709747 in DGTransportTDO
Setting time step: 0.019709747 in CombinedOp
Setting time step: 0.019709747 in IonStaticPressureOp
norm(r_0) 0
norm(r_1) 0
norm(r_2) 0
norm(r_3) 0.0059080046
norm(r_4) 0
Newton iteration  0 : ||r|| = 0.005908
   Pass :  1   Iteration :   0  ||B r|| = 52.8797 ...
   Pass :  1   Iteration :  18  ||B r|| = 3.17052e-05
norm(r_0) 0
norm(r_1) 0
norm(r_2) 0
norm(r_3) 5.1318479e-06
norm(r_4) 0
Newton iteration  1 : ||r|| = 5.13185e-06, ||r||/||r_0|| = 0.000868626
Setting time step: 0.019709747 in DGTransportTDO
Setting time step: 0.019709747 in CombinedOp
Setting time step: 0.019709747 in IonStaticPressureOp
norm(r_0) 0
norm(r_1) 0
norm(r_2) 0
norm(r_3) 0.0033713483
norm(r_4) 0
Newton iteration  0 : ||r|| = 0.00337135
   Pass :  1   Iteration :   0  ||B r|| = 30.1753 ...
   Pass :  1   Iteration :  18  ||B r|| = 1.80915e-05
norm(r_0) 0
norm(r_1) 0
norm(r_2) 0
norm(r_3) 2.9283039e-06
norm(r_4) 0
Newton iteration  1 : ||r|| = 2.9283e-06, ||r||/||r_0|| = 0.000868585
Setting time step: 0.038633369 in DGTransportTDO
Setting time step: 0.038633369 in CombinedOp
Setting time step: 0.038633369 in IonStaticPressureOp
norm(r_0) 0
norm(r_1) 0
norm(r_2) 0
norm(r_3) 0.0026770109
norm(r_4) 0
Newton iteration  0 : ||r|| = 0.00267701
   Pass :  1   Iteration :   0  ||B r|| = 15.9179 ...
   Pass :  1   Iteration :  18  ||B r|| = 1.47758e-05
norm(r_0) 0
norm(r_1) 0
norm(r_2) 0
norm(r_3) 4.4554882e-06
norm(r_4) 0
Newton iteration  1 : ||r|| = 4.45549e-06, ||r||/||r_0|| = 0.00166435
Setting time step: 0.038633369 in DGTransportTDO
Setting time step: 0.038633369 in CombinedOp
Setting time step: 0.038633369 in IonStaticPressureOp
norm(r_0) 0
norm(r_1) 0
norm(r_2) 0
norm(r_3) 0.00087249453
norm(r_4) 0
Newton iteration  0 : ||r|| = 0.000872495
   Pass :  1   Iteration :   0  ||B r|| = 5.18784 ...
   Pass :  1   Iteration :  18  ||B r|| = 4.8182e-06
norm(r_0) 0
norm(r_1) 0
norm(r_2) 0
norm(r_3) 1.4529928e-06
norm(r_4) 0
Newton iteration  1 : ||r|| = 1.45299e-06, ||r||/||r_0|| = 0.00166533
Setting time step: 0.038633369 in DGTransportTDO
Setting time step: 0.038633369 in CombinedOp
Setting time step: 0.038633369 in IonStaticPressureOp
norm(r_0) 0
norm(r_1) 0
norm(r_2) 0
norm(r_3) 0.0014969862
norm(r_4) 0
Newton iteration  0 : ||r|| = 0.00149699
   Pass :  1   Iteration :   0  ||B r|| = 8.90121 ...
   Pass :  1   Iteration :  18  ||B r|| = 8.26467e-06
norm(r_0) 0
norm(r_1) 0
norm(r_2) 0
norm(r_3) 2.4922159e-06
norm(r_4) 0
Newton iteration  1 : ||r|| = 2.49222e-06, ||r||/||r_0|| = 0.00166482
Setting time step: 0.038633369 in DGTransportTDO
Setting time step: 0.038633369 in CombinedOp
Setting time step: 0.038633369 in IonStaticPressureOp
norm(r_0) 0
norm(r_1) 0
norm(r_2) 0
norm(r_3) 0.0016960803
norm(r_4) 0
Newton iteration  0 : ||r|| = 0.00169608
   Pass :  1   Iteration :   0  ||B r|| = 10.0851 ...
   Pass :  1   Iteration :  18  ||B r|| = 9.36318e-06
norm(r_0) 0
norm(r_1) 0
norm(r_2) 0
norm(r_3) 2.8234441e-06
norm(r_4) 0
Newton iteration  1 : ||r|| = 2.82344e-06, ||r||/||r_0|| = 0.00166469
Setting time step: 0.038633369 in DGTransportTDO
Setting time step: 0.038633369 in CombinedOp
Setting time step: 0.038633369 in IonStaticPressureOp
norm(r_0) 0
norm(r_1) 0
norm(r_2) 0
norm(r_3) 0.0005480592
norm(r_4) 0
Newton iteration  0 : ||r|| = 0.000548059
   Pass :  1   Iteration :   0  ||B r|| = 3.25854 ...
   Pass :  1   Iteration :  18  ||B r|| = 3.02085e-06
norm(r_0) 0
norm(r_1) 0
norm(r_2) 0
norm(r_3) 9.1073297e-07
norm(r_4) 0
Newton iteration  1 : ||r|| = 9.10733e-07, ||r||/||r_0|| = 0.00166174
Setting time step: 0.042502625 in DGTransportTDO
Setting time step: 0.042502625 in CombinedOp
Setting time step: 0.042502625 in IonStaticPressureOp
norm(r_0) 0
norm(r_1) 0
norm(r_2) 0
norm(r_3) 0.00036330837
norm(r_4) 0
Newton iteration  0 : ||r|| = 0.000363308
   Pass :  1   Iteration :   0  ||B r|| = 2.01815 ...
   Pass :  1   Iteration :  18  ||B r|| = 1.98001e-06
norm(r_0) 0
norm(r_1) 0
norm(r_2) 0
norm(r_3) 6.5183447e-07
norm(r_4) 0
Newton iteration  1 : ||r|| = 6.51834e-07, ||r||/||r_0|| = 0.00179416
Setting time step: 0.042502625 in DGTransportTDO
Setting time step: 0.042502625 in CombinedOp
Setting time step: 0.042502625 in IonStaticPressureOp
norm(r_0) 0
norm(r_1) 0
norm(r_2) 0
norm(r_3) 0.00010267766
norm(r_4) 0
Newton iteration  0 : ||r|| = 0.000102678
   Pass :  1   Iteration :   0  ||B r|| = 0.570364 ...
   Pass :  1   Iteration :  17  ||B r|| = 9.59901e-07
norm(r_0) 0
norm(r_1) 0
norm(r_2) 0
norm(r_3) 3.0153406e-07
norm(r_4) 0
Newton iteration  1 : ||r|| = 3.01534e-07, ||r||/||r_0|| = 0.00293671
Setting time step: 0.042502625 in DGTransportTDO
Setting time step: 0.042502625 in CombinedOp
Setting time step: 0.042502625 in IonStaticPressureOp
norm(r_0) 0
norm(r_1) 0
norm(r_2) 0
norm(r_3) 0.00019197265
norm(r_4) 0
Newton iteration  0 : ||r|| = 0.000191973
   Pass :  1   Iteration :   0  ||B r|| = 1.06639 ...
   Pass :  1   Iteration :  18  ||B r|| = 1.04635e-06
norm(r_0) 0
norm(r_1) 0
norm(r_2) 0
norm(r_3) 3.4447196e-07
norm(r_4) 0
Newton iteration  1 : ||r|| = 3.44472e-07, ||r||/||r_0|| = 0.00179438
Setting time step: 0.042502625 in DGTransportTDO
Setting time step: 0.042502625 in CombinedOp
Setting time step: 0.042502625 in IonStaticPressureOp
norm(r_0) 0
norm(r_1) 0
norm(r_2) 0
norm(r_3) 0.00022093715
norm(r_4) 0
Newton iteration  0 : ||r|| = 0.000220937
   Pass :  1   Iteration :   0  ||B r|| = 1.22729 ...
   Pass :  1   Iteration :  18  ||B r|| = 1.20418e-06
norm(r_0) 0
norm(r_1) 0
norm(r_2) 0
norm(r_3) 3.9642949e-07
norm(r_4) 0
Newton iteration  1 : ||r|| = 3.96429e-07, ||r||/||r_0|| = 0.00179431
Setting time step: 0.042502625 in DGTransportTDO
Setting time step: 0.042502625 in CombinedOp
Setting time step: 0.042502625 in IonStaticPressureOp
norm(r_0) 0
norm(r_1) 0
norm(r_2) 0
norm(r_3) 6.4271542e-05
norm(r_4) 0
Newton iteration  0 : ||r|| = 6.42715e-05
   Pass :  1   Iteration :   0  ||B r|| = 0.35685 ...
   Pass :  1   Iteration :  17  ||B r|| = 5.99435e-07
norm(r_0) 0
norm(r_1) 0
norm(r_2) 0
norm(r_3) 1.8827338e-07
norm(r_4) 0
Newton iteration  1 : ||r|| = 1.88273e-07, ||r||/||r_0|| = 0.00292934
Setting time step: 0.08500525 in DGTransportTDO
Setting time step: 0.08500525 in CombinedOp
Setting time step: 0.08500525 in IonStaticPressureOp
norm(r_0) 0
norm(r_1) 0
norm(r_2) 0
norm(r_3) 4.1196973e-05
norm(r_4) 0
Newton iteration  0 : ||r|| = 4.1197e-05
   Pass :  1   Iteration :   0  ||B r|| = 0.133025 ...
   Pass :  1   Iteration :  15  ||B r|| = 9.45877e-07
norm(r_0) 0
norm(r_1) 0
norm(r_2) 0
norm(r_3) 6.2146886e-07
norm(r_4) 0
Newton iteration  1 : ||r|| = 6.21469e-07, ||r||/||r_0|| = 0.0150853
Setting time step: 0.08500525 in DGTransportTDO
Setting time step: 0.08500525 in CombinedOp
Setting time step: 0.08500525 in IonStaticPressureOp
norm(r_0) 0
norm(r_1) 0
norm(r_2) 0
norm(r_3) 2.6049473e-06
norm(r_4) 0
Newton iteration  0 : ||r|| = 2.60495e-06
   Pass :  1   Iteration :   0  ||B r|| = 0.00744802 ...
   Pass :  1   Iteration :  11  ||B r|| = 5.4645e-07
norm(r_0) 0
norm(r_1) 0
norm(r_2) 0
norm(r_3) 3.5478203e-07
norm(r_4) 0
Newton iteration  1 : ||r|| = 3.54782e-07, ||r||/||r_0|| = 0.136195
Setting time step: 0.08500525 in DGTransportTDO
Setting time step: 0.08500525 in CombinedOp
Setting time step: 0.08500525 in IonStaticPressureOp
norm(r_0) 0
norm(r_1) 0
norm(r_2) 0
norm(r_3) 1.1463034e-05
norm(r_4) 0
Newton iteration  0 : ||r|| = 1.1463e-05
   Pass :  1   Iteration :   0  ||B r|| = 0.0368741 ...
   Pass :  1   Iteration :  13  ||B r|| = 8.68981e-07
norm(r_0) 0
norm(r_1) 0
norm(r_2) 0
norm(r_3) 5.2277428e-07
norm(r_4) 0
Newton iteration  1 : ||r|| = 5.22774e-07, ||r||/||r_0|| = 0.0456052
Setting time step: 0.08500525 in DGTransportTDO
Setting time step: 0.08500525 in CombinedOp
Setting time step: 0.08500525 in IonStaticPressureOp
norm(r_0) 0
norm(r_1) 0
norm(r_2) 0
norm(r_3) 1.6570252e-05
norm(r_4) 0
Newton iteration  0 : ||r|| = 1.65703e-05
   Pass :  1   Iteration :   0  ||B r|| = 0.0534448 ...
   Pass :  1   Iteration :  14  ||B r|| = 6.85779e-07
norm(r_0) 0
norm(r_1) 0
norm(r_2) 0
norm(r_3) 4.656608e-07
norm(r_4) 0
Newton iteration  1 : ||r|| = 4.65661e-07, ||r||/||r_0|| = 0.0281022
Setting time step: 0.08500525 in DGTransportTDO
Setting time step: 0.08500525 in CombinedOp
Setting time step: 0.08500525 in IonStaticPressureOp
norm(r_0) 0
norm(r_1) 0
norm(r_2) 0
norm(r_3) 2.7898347e-05
norm(r_4) 0
Newton iteration  0 : ||r|| = 2.78983e-05
   Pass :  1   Iteration :   0  ||B r|| = 0.0154245 ...
   Pass :  1   Iteration :  12  ||B r|| = 6.50213e-07
norm(r_0) 0
norm(r_1) 0
norm(r_2) 0
norm(r_3) 4.0345806e-07
norm(r_4) 0
Newton iteration  1 : ||r|| = 4.03458e-07, ||r||/||r_0|| = 0.0144617
Time stepping paused at t = 0.89340396

Estimating errors.
No refinements necessary.
No derefinements needed.

AMR iteration 2
Number of unknowns: 36864
Setting time step: 0.1700105 in DGTransportTDO
Setting time step: 0.1700105 in CombinedOp
Setting time step: 0.1700105 in IonStaticPressureOp
norm(r_0) 0
norm(r_1) 0
norm(r_2) 0
norm(r_3) 2.2911685e-06
norm(r_4) 0
Newton iteration  0 : ||r|| = 2.29117e-06
   Pass :  1   Iteration :   0  ||B r|| = 0.0039592 ...
   Pass :  1   Iteration :  10  ||B r|| = 6.90278e-07
norm(r_0) 0
norm(r_1) 0
norm(r_2) 0
norm(r_3) 9.2192643e-07
norm(r_4) 0
Newton iteration  1 : ||r|| = 9.21926e-07, ||r||/||r_0|| = 0.402383
Setting time step: 0.1700105 in DGTransportTDO
Setting time step: 0.1700105 in CombinedOp
Setting time step: 0.1700105 in IonStaticPressureOp
norm(r_0) 0
norm(r_1) 0
norm(r_2) 0
norm(r_3) 1.9377855e-06
norm(r_4) 0
Newton iteration  0 : ||r|| = 1.93779e-06
   Pass :  1   Iteration :   0  ||B r|| = 0.00151315 ...
   Pass :  1   Iteration :   8  ||B r|| = 8.67917e-07
norm(r_0) 0
norm(r_1) 0
norm(r_2) 0
norm(r_3) 9.4779212e-07
norm(r_4) 0
Newton iteration  1 : ||r|| = 9.47792e-07, ||r||/||r_0|| = 0.489111
Setting time step: 0.1700105 in DGTransportTDO
Setting time step: 0.1700105 in CombinedOp
Setting time step: 0.1700105 in IonStaticPressureOp
norm(r_0) 0
norm(r_1) 0
norm(r_2) 0
norm(r_3) 1.564446e-06
norm(r_4) 0
Newton iteration  0 : ||r|| = 1.56445e-06
   Pass :  1   Iteration :   0  ||B r|| = 7.06419e-05 ...
   Pass :  1   Iteration :   4  ||B r|| = 6.58673e-07
norm(r_0) 0
norm(r_1) 0
norm(r_2) 0
norm(r_3) 8.8656754e-07
norm(r_4) 0
Newton iteration  1 : ||r|| = 8.86568e-07, ||r||/||r_0|| = 0.566697
Setting time step: 0.1700105 in DGTransportTDO
Setting time step: 0.1700105 in CombinedOp
Setting time step: 0.1700105 in IonStaticPressureOp
norm(r_0) 0
norm(r_1) 0
norm(r_2) 0
norm(r_3) 1.3898577e-06
norm(r_4) 0
Newton iteration  0 : ||r|| = 1.38986e-06
   Pass :  1   Iteration :   0  ||B r|| = 0.000757453 ...
   Pass :  1   Iteration :   7  ||B r|| = 8.70854e-07
norm(r_0) 0
norm(r_1) 0
norm(r_2) 0
norm(r_3) 1.040818e-06
norm(r_4) 0
Newton iteration  1 : ||r|| = 1.04082e-06, ||r||/||r_0|| = 0.748867
Setting time step: 0.1700105 in DGTransportTDO
Setting time step: 0.1700105 in CombinedOp
Setting time step: 0.1700105 in IonStaticPressureOp
norm(r_0) 0
norm(r_1) 0
norm(r_2) 0
norm(r_3) 5.4277179e-05
norm(r_4) 0
Newton iteration  0 : ||r|| = 5.42772e-05
   Pass :  1   Iteration :   0  ||B r|| = 0.00160854 ...
   Pass :  1   Iteration :   8  ||B r|| = 8.69224e-07
norm(r_0) 0
norm(r_1) 0
norm(r_2) 0
norm(r_3) 1.2515944e-06
norm(r_4) 0
Newton iteration  1 : ||r|| = 1.25159e-06, ||r||/||r_0|| = 0.0230593
Setting time step: 0.340021 in DGTransportTDO
Setting time step: 0.340021 in CombinedOp
Setting time step: 0.340021 in IonStaticPressureOp
norm(r_0) 0
norm(r_1) 0
norm(r_2) 0
norm(r_3) 1.2813905e-06
norm(r_4) 0
Newton iteration  0 : ||r|| = 1.28139e-06
   Pass :  1   Iteration :   0  ||B r|| = 0.000251961 ...
   Pass :  1   Iteration :   6  ||B r|| = 6.83082e-07
norm(r_0) 0
norm(r_1) 0
norm(r_2) 0
norm(r_3) 1.2119489e-06
norm(r_4) 0
Newton iteration  1 : ||r|| = 1.21195e-06, ||r||/||r_0|| = 0.945808
Setting time step: 0.340021 in DGTransportTDO
Setting time step: 0.340021 in CombinedOp
Setting time step: 0.340021 in IonStaticPressureOp
norm(r_0) 0
norm(r_1) 0
norm(r_2) 0
norm(r_3) 2.8550955e-06
norm(r_4) 0
Newton iteration  0 : ||r|| = 2.8551e-06
   Pass :  1   Iteration :   0  ||B r|| = 0.000159241 ...
   Pass :  1   Iteration :   5  ||B r|| = 6.81033e-07
norm(r_0) 0
norm(r_1) 0
norm(r_2) 0
norm(r_3) 1.6062112e-06
norm(r_4) 0
Newton iteration  1 : ||r|| = 1.60621e-06, ||r||/||r_0|| = 0.562577
Setting time step: 0.340021 in DGTransportTDO
Setting time step: 0.340021 in CombinedOp
Setting time step: 0.340021 in IonStaticPressureOp
norm(r_0) 0
norm(r_1) 0
norm(r_2) 0
norm(r_3) 2.1998485e-06
norm(r_4) 0
Newton iteration  0 : ||r|| = 2.19985e-06
   Pass :  1   Iteration :   0  ||B r|| = 4.84475e-05 ...
   Pass :  1   Iteration :   3  ||B r|| = 8.34265e-07
norm(r_0) 0
norm(r_1) 0
norm(r_2) 0
norm(r_3) 1.7348014e-06
norm(r_4) 0
Newton iteration  1 : ||r|| = 1.7348e-06, ||r||/||r_0|| = 0.7886
Setting time step: 0.340021 in DGTransportTDO
Setting time step: 0.340021 in CombinedOp
Setting time step: 0.340021 in IonStaticPressureOp
norm(r_0) 0
norm(r_1) 0
norm(r_2) 0
norm(r_3) 1.5452264e-06
norm(r_4) 0
Newton iteration  0 : ||r|| = 1.54523e-06
   Pass :  1   Iteration :   0  ||B r|| = 5.86917e-06 ...
   Pass :  1   Iteration :   1  ||B r|| = 9.2997e-07
norm(r_0) 0
norm(r_1) 0
norm(r_2) 0
norm(r_3) 2.0056482e-06
norm(r_4) 0
Newton iteration  1 : ||r|| = 2.00565e-06, ||r||/||r_0|| = 1.29796
Setting time step: 0.340021 in DGTransportTDO
Setting time step: 0.340021 in CombinedOp
Setting time step: 0.340021 in IonStaticPressureOp
norm(r_0) 0
norm(r_1) 0
norm(r_2) 0
norm(r_3) 3.8949777e-05
norm(r_4) 0
Newton iteration  0 : ||r|| = 3.89498e-05
   Pass :  1   Iteration :   0  ||B r|| = 0.00024057 ...
   Pass :  1   Iteration :   7  ||B r|| = 6.35071e-07
norm(r_0) 0
norm(r_1) 0
norm(r_2) 0
norm(r_3) 1.8724541e-06
norm(r_4) 0
Newton iteration  1 : ||r|| = 1.87245e-06, ||r||/||r_0|| = 0.0480736
Setting time step: 0.680042 in DGTransportTDO
Setting time step: 0.680042 in CombinedOp
Setting time step: 0.680042 in IonStaticPressureOp
norm(r_0) 0
norm(r_1) 0
norm(r_2) 0
norm(r_3) 1.8728914e-06
norm(r_4) 0
Newton iteration  0 : ||r|| = 1.87289e-06
   Pass :  1   Iteration :   0  ||B r|| = 1.89836e-05 ...
   Pass :  1   Iteration :   2  ||B r|| = 9.4052e-07
norm(r_0) 0
norm(r_1) 0
norm(r_2) 0
norm(r_3) 3.08071e-06
norm(r_4) 0
Newton iteration  1 : ||r|| = 3.08071e-06, ||r||/||r_0|| = 1.6449
Setting time step: 0.680042 in DGTransportTDO
Setting time step: 0.680042 in CombinedOp
Setting time step: 0.680042 in IonStaticPressureOp
norm(r_0) 0
norm(r_1) 0
norm(r_2) 0
norm(r_3) 4.8885339e-06
norm(r_4) 0
Newton iteration  0 : ||r|| = 4.88853e-06
   Pass :  1   Iteration :   0  ||B r|| = 1.55811e-05 ...
   Pass :  1   Iteration :   2  ||B r|| = 6.60074e-07
norm(r_0) 0
norm(r_1) 0
norm(r_2) 0
norm(r_3) 1.0870125e-06
norm(r_4) 0
Newton iteration  1 : ||r|| = 1.08701e-06, ||r||/||r_0|| = 0.22236
Setting time step: 0.680042 in DGTransportTDO
Setting time step: 0.680042 in CombinedOp
Setting time step: 0.680042 in IonStaticPressureOp
norm(r_0) 0
norm(r_1) 0
norm(r_2) 0
norm(r_3) 4.5810327e-06
norm(r_4) 0
Newton iteration  0 : ||r|| = 4.58103e-06
   Pass :  1   Iteration :   0  ||B r|| = 6.92362e-06 ...
   Pass :  1   Iteration :   2  ||B r|| = 3.60561e-07
norm(r_0) 0
norm(r_1) 0
norm(r_2) 0
norm(r_3) 6.4819312e-07
norm(r_4) 0
Newton iteration  1 : ||r|| = 6.48193e-07, ||r||/||r_0|| = 0.141495
Setting time step: 0.680042 in DGTransportTDO
Setting time step: 0.680042 in CombinedOp
Setting time step: 0.680042 in IonStaticPressureOp
norm(r_0) 0
norm(r_1) 0
norm(r_2) 0
norm(r_3) 3.7885981e-06
norm(r_4) 0
Newton iteration  0 : ||r|| = 3.7886e-06
   Pass :  1   Iteration :   0  ||B r|| = 2.41128e-06 ...
   Pass :  1   Iteration :   2  ||B r|| = 5.51998e-07
norm(r_0) 0
norm(r_1) 0
norm(r_2) 0
norm(r_3) 6.8341749e-07
norm(r_4) 0
Newton iteration  1 : ||r|| = 6.83417e-07, ||r||/||r_0|| = 0.180388
Setting time step: 0.680042 in DGTransportTDO
Setting time step: 0.680042 in CombinedOp
Setting time step: 0.680042 in IonStaticPressureOp
norm(r_0) 0
norm(r_1) 0
norm(r_2) 0
norm(r_3) 8.577877e-06
norm(r_4) 0
Newton iteration  0 : ||r|| = 8.57788e-06
   Pass :  1   Iteration :   0  ||B r|| = 3.103e-05 ...
   Pass :  1   Iteration :   3  ||B r|| = 6.54036e-07
norm(r_0) 0
norm(r_1) 0
norm(r_2) 0
norm(r_3) 5.6251568e-06
norm(r_4) 0
Newton iteration  1 : ||r|| = 5.62516e-06, ||r||/||r_0|| = 0.655775
Setting time step: 1.360084 in DGTransportTDO
Setting time step: 1.360084 in CombinedOp
Setting time step: 1.360084 in IonStaticPressureOp
norm(r_0) 0
norm(r_1) 0
norm(r_2) 0
norm(r_3) 5.6251488e-06
norm(r_4) 0
Newton iteration  0 : ||r|| = 5.62515e-06
   Pass :  1   Iteration :   0  ||B r|| = 5.09482e-07
norm(r_0) 0
norm(r_1) 0
norm(r_2) 0
norm(r_3) 5.6251488e-06
norm(r_4) 0
Newton iteration  1 : ||r|| = 5.62515e-06, ||r||/||r_0|| = 1
Setting time step: 1.360084 in DGTransportTDO
Setting time step: 1.360084 in CombinedOp
Setting time step: 1.360084 in IonStaticPressureOp
norm(r_0) 0
norm(r_1) 0
norm(r_2) 0
norm(r_3) 5.6251488e-06
norm(r_4) 0
Newton iteration  0 : ||r|| = 5.62515e-06
   Pass :  1   Iteration :   0  ||B r|| = 5.09482e-07
norm(r_0) 0
norm(r_1) 0
norm(r_2) 0
norm(r_3) 5.6251488e-06
norm(r_4) 0
Newton iteration  1 : ||r|| = 5.62515e-06, ||r||/||r_0|| = 1
Setting time step: 1.360084 in DGTransportTDO
Setting time step: 1.360084 in CombinedOp
Setting time step: 1.360084 in IonStaticPressureOp
norm(r_0) 0
norm(r_1) 0
norm(r_2) 0
norm(r_3) 5.6251488e-06
norm(r_4) 0
Newton iteration  0 : ||r|| = 5.62515e-06
   Pass :  1   Iteration :   0  ||B r|| = 5.09482e-07
norm(r_0) 0
norm(r_1) 0
norm(r_2) 0
norm(r_3) 5.6251488e-06
norm(r_4) 0
Newton iteration  1 : ||r|| = 5.62515e-06, ||r||/||r_0|| = 1
Setting time step: 1.360084 in DGTransportTDO
Setting time step: 1.360084 in CombinedOp
Setting time step: 1.360084 in IonStaticPressureOp
norm(r_0) 0
norm(r_1) 0
norm(r_2) 0
norm(r_3) 5.6251488e-06
norm(r_4) 0
Newton iteration  0 : ||r|| = 5.62515e-06
   Pass :  1   Iteration :   0  ||B r|| = 5.09482e-07
norm(r_0) 0
norm(r_1) 0
norm(r_2) 0
norm(r_3) 5.6251488e-06
norm(r_4) 0
Newton iteration  1 : ||r|| = 5.62515e-06, ||r||/||r_0|| = 1
Setting time step: 1.360084 in DGTransportTDO
Setting time step: 1.360084 in CombinedOp
Setting time step: 1.360084 in IonStaticPressureOp
norm(r_0) 0
norm(r_1) 0
norm(r_2) 0
norm(r_3) 5.6251488e-06
norm(r_4) 0
Newton iteration  0 : ||r|| = 5.62515e-06
   Pass :  1   Iteration :   0  ||B r|| = 5.09482e-07
norm(r_0) 0
norm(r_1) 0
norm(r_2) 0
norm(r_3) 5.6251488e-06
norm(r_4) 0
Newton iteration  1 : ||r|| = 5.62515e-06, ||r||/||r_0|| = 1
Time stepping paused at t = 11.094034
Steady State solution has been reached

Time stepping done after 13.018598s.
