Options used:
   --mesh ../../mfem/data/inline-quad.mesh
   --bc-file /home/gz6/mfem-analysis/input-files/transport2d_bcs.inp
   --ic-file /home/gz6/mfem-analysis/input-files/transport2d_ics.inp
   --ec-file /home/gz6/mfem-analysis/input-files/transport2d_ecs.inp
   --es-file /home/gz6/mfem-analysis/input-files/transport2d_ess.inp
   --eqdsk-file 
   --logging 1
   --operator-test 8
   --equation-weights '1 1 1 1 1'
   --problem 0
   --refine-serial 1
   --refine-parallel 0
   --disable-amr
   --max-err -1
   --hysteresis 0.25
   --nc-limit 3
   --amr-weights '1 1 1 1 1'
   --order 5
   --dg-sigma -1
   --dg-kappa 400
   --linear-abs-tolerance 1e-06
   --linear-rel-tolerance 1e-06
   --linear-max-iterations 300
   --linear-logging-level 3
   --newton-abs-tolerance 1e-10
   --newton-rel-tolerance 1e-10
   --newton-max-iterations 1
   --newton-logging-level 1
   --steady-state-abs-tolerance 1e-08
   --steady-state-rel-tolerance 1e-08
   --prec-type 1
   --prec-logging-level 0
   --initial-tolerance 1e-05
   --ode-tolerance 0.001
   --ode-solver 2
   --err-per-step
   --ode-weights '1 1 1 1 1'
   --kP 0
   --kI 0.6
   --kD 0
   --dead-zone-min 0.95
   --dead-zone-max 1.05
   --theta-max 2
   --t-minimum 0
   --t-final 200
   --time-step 0.01
   --cfl-number 0.3
   --ion-charge 1
   --ion-mass 2.01410178
   --neutral-mass 2.01410178
   --neutral-temp 3
   --min-neutral-density 900000000000000
   --max-neutral-density 1000000000000000
   --neutral-density-exp 0
   --min-ion-density 1e+16
   --max-ion-density 1e+18
   --ion-density-exp 0
   --min-ion-temp 1
   --max-ion-temp 10
   --ion-temp-exp 0
   --min-electron-temp 10
   --max-electron-temp 440
   --electron-temp-exp 0
   --total-B-magnitude 5
   --poloidal-B-magnitude 0.5
   --velocity 1000
   --Di-perp 1
   --Xi-perp 1
   --Xe-perp 1
   --equation-term-flags '-1 -1 -1 -1 -1'
   --visualization-flags '-1 -1 -1 -1 -1'
   --visualization
   --visit-datafiles
   --ascii-datafiles
   --no-check-gradient
   --visualization-steps 4
Device configuration: cpu
Memory configuration: host-std
Number of elements in initial mesh: 16
Number of elements after serial refinement: 64
15: Number of elements in parallel mesh: 4
15: Number of elements after parallel refinement: 4
4: Number of elements in parallel mesh: 4
4: Number of elements after parallel refinement: 4
5: Number of elements in parallel mesh: 4
5: Number of elements after parallel refinement: 4
6: Number of elements in parallel mesh: 4
6: Number of elements after parallel refinement: 4
0: Number of elements in parallel mesh: 4
0: Number of elements after parallel refinement: 4
3: Number of elements in parallel mesh: 4
3: Number of elements after parallel refinement: 4
9: Number of elements in parallel mesh: 4
9: Number of elements after parallel refinement: 4
10: Number of elements in parallel mesh: 4
10: Number of elements after parallel refinement: 4
7: Number of elements in parallel mesh: 4
7: Number of elements after parallel refinement: 4
8: Number of elements in parallel mesh: 4
8: Number of elements after parallel refinement: 4
1: Number of elements in parallel mesh: 4
1: Number of elements after parallel refinement: 4
2: Number of elements in parallel mesh: 4
2: Number of elements after parallel refinement: 4
11: Number of elements in parallel mesh: 4
11: Number of elements after parallel refinement: 4
13: Number of elements in parallel mesh: 4
13: Number of elements after parallel refinement: 4
14: Number of elements in parallel mesh: 4
14: Number of elements after parallel refinement: 4
12: Number of elements in parallel mesh: 4
12: Number of elements after parallel refinement: 4
Configuring initial conditions
Reading initial conditions from /home/gz6/mfem-analysis/input-files/transport2d_ics.inp
Configuring exact solutions
Reading exact solutions from /home/gz6/mfem-analysis/input-files/transport2d_ess.inp
Number of unknowns per field: 2304
Total number of unknowns:     11520
Configuring boundary conditions
Reading boundary conditions from /home/gz6/mfem-analysis/input-files/transport2d_bcs.inp
Configuring equation coefficients
Reading equation coefficients from /home/gz6/mfem-analysis/input-files/transport2d_ecs.inp
Ion Static Pressure: Adding time derivative term proportional to d n_i / dt
Ion Static Pressure: Adding time derivative term proportional to d T_i / dt
Ion Static Pressure: Adding anisotropic diffusion term
Ion Static Pressure: Adding source term
Opening GLVis sockets.
Range of error estimates for initial condition: 9.421764701171604e-17 < elem err < 1.236480363166438e-16

Begin time stepping at t = 0
Setting time step: 0.0025 in DGTransportTDO
Setting time step: 0.0025 in CombinedOp
Setting time step: 0.0025 in IonStaticPressureOp
norm(r_0) 0
norm(r_1) 0
norm(r_2) 0
norm(r_3) 0.2334435596535441
norm(r_4) 0
Newton iteration  0 : ||r|| = 0.233444
   Pass :  1   Iteration :   0  ||B r|| = 11.4665 ...
   Pass :  6   Iteration : 300  ||B r|| = 3.7912e-05
GMRES: No convergence!
norm(r_0) 0
norm(r_1) 0
norm(r_2) 0
norm(r_3) 27.15412510288993
norm(r_4) 0
Newton iteration  1 : ||r|| = 27.1541, ||r||/||r_0|| = 116.32
Setting time step: 0.0025 in DGTransportTDO
Setting time step: 0.0025 in CombinedOp
Setting time step: 0.0025 in IonStaticPressureOp
norm(r_0) 0
norm(r_1) 0
norm(r_2) 0
norm(r_3) 54.30741237033762
norm(r_4) 0
Newton iteration  0 : ||r|| = 54.3074
   Pass :  1   Iteration :   0  ||B r|| = 10.4178 ...
   Pass :  6   Iteration : 300  ||B r|| = 3.76939e-05
GMRES: No convergence!
norm(r_0) 0
norm(r_1) 0
norm(r_2) 0
norm(r_3) 28.79077392389625
norm(r_4) 0
Newton iteration  1 : ||r|| = 28.7908, ||r||/||r_0|| = 0.530144
Setting time step: 0.0025 in DGTransportTDO
Setting time step: 0.0025 in CombinedOp
Setting time step: 0.0025 in IonStaticPressureOp
norm(r_0) 0
norm(r_1) 0
norm(r_2) 0
norm(r_3) 42.33170815427113
norm(r_4) 0
Newton iteration  0 : ||r|| = 42.3317
   Pass :  1   Iteration :   0  ||B r|| = 5.00657 ...
   Pass :  6   Iteration : 300  ||B r|| = 3.80385e-05
GMRES: No convergence!
norm(r_0) 0
norm(r_1) 0
norm(r_2) 0
norm(r_3) 29.56181052187639
norm(r_4) 0
Newton iteration  1 : ||r|| = 29.5618, ||r||/||r_0|| = 0.698337
Setting time step: 0.0025 in DGTransportTDO
Setting time step: 0.0025 in CombinedOp
Setting time step: 0.0025 in IonStaticPressureOp
norm(r_0) 0
norm(r_1) 0
norm(r_2) 0
norm(r_3) 34.1101877589461
norm(r_4) 0
Newton iteration  0 : ||r|| = 34.1102
   Pass :  1   Iteration :   0  ||B r|| = 1.95003 ...
   Pass :  6   Iteration : 300  ||B r|| = 3.7474e-05
GMRES: No convergence!
norm(r_0) 0
norm(r_1) 0
norm(r_2) 0
norm(r_3) 29.04539183288347
norm(r_4) 0
Newton iteration  1 : ||r|| = 29.0454, ||r||/||r_0|| = 0.851517
Setting time step: 0.0025 in DGTransportTDO
Setting time step: 0.0025 in CombinedOp
Setting time step: 0.0025 in IonStaticPressureOp
norm(r_0) 0
norm(r_1) 0
norm(r_2) 0
norm(r_3) 580.831496404621
norm(r_4) 0
Newton iteration  0 : ||r|| = 580.831
   Pass :  1   Iteration :   0  ||B r|| = 22.2377 ...
   Pass :  6   Iteration : 300  ||B r|| = 3.66517e-05
GMRES: No convergence!
norm(r_0) 0
norm(r_1) 0
norm(r_2) 0
norm(r_3) 31.53320719216811
norm(r_4) 0
Newton iteration  1 : ||r|| = 31.5332, ||r||/||r_0|| = 0.0542898
Setting time step: 0.001730702926361829 in DGTransportTDO
Setting time step: 0.001730702926361829 in CombinedOp
Setting time step: 0.001730702926361829 in IonStaticPressureOp
norm(r_0) 0
norm(r_1) 0
norm(r_2) 0
norm(r_3) 0.2334435596535441
norm(r_4) 0
Newton iteration  0 : ||r|| = 0.233444
   Pass :  1   Iteration :   0  ||B r|| = 16.24 ...
   Pass :  6   Iteration : 300  ||B r|| = 5.37812e-05
GMRES: No convergence!
norm(r_0) 0
norm(r_1) 0
norm(r_2) 0
norm(r_3) 26.89499269395392
norm(r_4) 0
Newton iteration  1 : ||r|| = 26.895, ||r||/||r_0|| = 115.21
Setting time step: 0.001730702926361829 in DGTransportTDO
Setting time step: 0.001730702926361829 in CombinedOp
Setting time step: 0.001730702926361829 in IonStaticPressureOp
norm(r_0) 0
norm(r_1) 0
norm(r_2) 0
norm(r_3) 53.78911667552531
norm(r_4) 0
Newton iteration  0 : ||r|| = 53.7891
   Pass :  1   Iteration :   0  ||B r|| = 14.1318 ...
   Pass :  6   Iteration : 300  ||B r|| = 5.48307e-05
GMRES: No convergence!
norm(r_0) 0
norm(r_1) 0
norm(r_2) 0
norm(r_3) 31.97310060929056
norm(r_4) 0
Newton iteration  1 : ||r|| = 31.9731, ||r||/||r_0|| = 0.594416
Setting time step: 0.001730702926361829 in DGTransportTDO
Setting time step: 0.001730702926361829 in CombinedOp
Setting time step: 0.001730702926361829 in IonStaticPressureOp
norm(r_0) 0
norm(r_1) 0
norm(r_2) 0
norm(r_3) 41.66209297957553
norm(r_4) 0
Newton iteration  0 : ||r|| = 41.6621
   Pass :  1   Iteration :   0  ||B r|| = 6.52988 ...
   Pass :  6   Iteration : 300  ||B r|| = 5.5164e-05
GMRES: No convergence!
norm(r_0) 0
norm(r_1) 0
norm(r_2) 0
norm(r_3) 30.54028169608673
norm(r_4) 0
Newton iteration  1 : ||r|| = 30.5403, ||r||/||r_0|| = 0.733047
Setting time step: 0.001730702926361829 in DGTransportTDO
Setting time step: 0.001730702926361829 in CombinedOp
Setting time step: 0.001730702926361829 in IonStaticPressureOp
norm(r_0) 0
norm(r_1) 0
norm(r_2) 0
norm(r_3) 33.77291819901569
norm(r_4) 0
Newton iteration  0 : ||r|| = 33.7729
   Pass :  1   Iteration :   0  ||B r|| = 2.32187 ...
   Pass :  6   Iteration : 300  ||B r|| = 5.46949e-05
GMRES: No convergence!
norm(r_0) 0
norm(r_1) 0
norm(r_2) 0
norm(r_3) 29.51348214752957
norm(r_4) 0
Newton iteration  1 : ||r|| = 29.5135, ||r||/||r_0|| = 0.87388
Setting time step: 0.001730702926361829 in DGTransportTDO
Setting time step: 0.001730702926361829 in CombinedOp
Setting time step: 0.001730702926361829 in IonStaticPressureOp
norm(r_0) 0
norm(r_1) 0
norm(r_2) 0
norm(r_3) 478.5606272665181
norm(r_4) 0
Newton iteration  0 : ||r|| = 478.561
   Pass :  1   Iteration :   0  ||B r|| = 29.2752 ...
   Pass :  6   Iteration : 300  ||B r|| = 5.46774e-05
GMRES: No convergence!
norm(r_0) 0
norm(r_1) 0
norm(r_2) 0
norm(r_3) 30.88059605647614
norm(r_4) 0
Newton iteration  1 : ||r|| = 30.8806, ||r||/||r_0|| = 0.0645281
Setting time step: 0.001260766147534677 in DGTransportTDO
Setting time step: 0.001260766147534677 in CombinedOp
Setting time step: 0.001260766147534677 in IonStaticPressureOp
norm(r_0) 0
norm(r_1) 0
norm(r_2) 0
norm(r_3) 0.2334435596535441
norm(r_4) 0
Newton iteration  0 : ||r|| = 0.233444
   Pass :  1   Iteration :   0  ||B r|| = 21.7783 ...
   Pass :  6   Iteration : 300  ||B r|| = 7.24596e-05
GMRES: No convergence!
norm(r_0) 0
norm(r_1) 0
norm(r_2) 0
norm(r_3) 26.53729450243349
norm(r_4) 0
Newton iteration  1 : ||r|| = 26.5373, ||r||/||r_0|| = 113.678
Setting time step: 0.001260766147534677 in DGTransportTDO
Setting time step: 0.001260766147534677 in CombinedOp
Setting time step: 0.001260766147534677 in IonStaticPressureOp
norm(r_0) 0
norm(r_1) 0
norm(r_2) 0
norm(r_3) 53.07369186713197
norm(r_4) 0
Newton iteration  0 : ||r|| = 53.0737
   Pass :  1   Iteration :   0  ||B r|| = 17.9631 ...
   Pass :  6   Iteration : 300  ||B r|| = 7.58244e-05
GMRES: No convergence!
norm(r_0) 0
norm(r_1) 0
norm(r_2) 0
norm(r_3) 32.70141633602534
norm(r_4) 0
Newton iteration  1 : ||r|| = 32.7014, ||r||/||r_0|| = 0.616151
Setting time step: 0.001260766147534677 in DGTransportTDO
Setting time step: 0.001260766147534677 in CombinedOp
Setting time step: 0.001260766147534677 in IonStaticPressureOp
norm(r_0) 0
norm(r_1) 0
norm(r_2) 0
norm(r_3) 41.18187890975078
norm(r_4) 0
Newton iteration  0 : ||r|| = 41.1819
   Pass :  1   Iteration :   0  ||B r|| = 7.8716 ...
   Pass :  6   Iteration : 300  ||B r|| = 7.49352e-05
GMRES: No convergence!
norm(r_0) 0
norm(r_1) 0
norm(r_2) 0
norm(r_3) 33.1548131407239
norm(r_4) 0
Newton iteration  1 : ||r|| = 33.1548, ||r||/||r_0|| = 0.805083
Setting time step: 0.001260766147534677 in DGTransportTDO
Setting time step: 0.001260766147534677 in CombinedOp
Setting time step: 0.001260766147534677 in IonStaticPressureOp
norm(r_0) 0
norm(r_1) 0
norm(r_2) 0
norm(r_3) 33.4250403430692
norm(r_4) 0
Newton iteration  0 : ||r|| = 33.425
   Pass :  1   Iteration :   0  ||B r|| = 2.41926 ...
   Pass :  6   Iteration : 300  ||B r|| = 7.49247e-05
GMRES: No convergence!
norm(r_0) 0
norm(r_1) 0
norm(r_2) 0
norm(r_3) 31.91353539883489
norm(r_4) 0
Newton iteration  1 : ||r|| = 31.9135, ||r||/||r_0|| = 0.954779
Setting time step: 0.001260766147534677 in DGTransportTDO
Setting time step: 0.001260766147534677 in CombinedOp
Setting time step: 0.001260766147534677 in IonStaticPressureOp
norm(r_0) 0
norm(r_1) 0
norm(r_2) 0
norm(r_3) 497.7314638166924
norm(r_4) 0
Newton iteration  0 : ||r|| = 497.731
   Pass :  1   Iteration :   0  ||B r|| = 35.6984 ...
   Pass :  6   Iteration : 300  ||B r|| = 7.82848e-05
GMRES: No convergence!
norm(r_0) 0
norm(r_1) 0
norm(r_2) 0
norm(r_3) 25.72540998904368
norm(r_4) 0
Newton iteration  1 : ||r|| = 25.7254, ||r||/||r_0|| = 0.0516853
Setting time step: 0.0009858241725708454 in DGTransportTDO
Setting time step: 0.0009858241725708454 in CombinedOp
Setting time step: 0.0009858241725708454 in IonStaticPressureOp
norm(r_0) 0
norm(r_1) 0
norm(r_2) 0
norm(r_3) 0.2334435596535441
norm(r_4) 0
Newton iteration  0 : ||r|| = 0.233444
   Pass :  1   Iteration :   0  ||B r|| = 27.2067 ...
   Pass :  6   Iteration : 300  ||B r|| = 9.0105e-05
GMRES: No convergence!
norm(r_0) 0
norm(r_1) 0
norm(r_2) 0
norm(r_3) 26.3351422806097
norm(r_4) 0
Newton iteration  1 : ||r|| = 26.3351, ||r||/||r_0|| = 112.812
Setting time step: 0.0009858241725708454 in DGTransportTDO
Setting time step: 0.0009858241725708454 in CombinedOp
Setting time step: 0.0009858241725708454 in IonStaticPressureOp
norm(r_0) 0
norm(r_1) 0
norm(r_2) 0
norm(r_3) 52.66934988962358
norm(r_4) 0
Newton iteration  0 : ||r|| = 52.6693
   Pass :  1   Iteration :   0  ||B r|| = 21.2499 ...
   Pass :  6   Iteration : 300  ||B r|| = 9.73794e-05
GMRES: No convergence!
norm(r_0) 0
norm(r_1) 0
norm(r_2) 0
norm(r_3) 34.06581171299884
norm(r_4) 0
Newton iteration  1 : ||r|| = 34.0658, ||r||/||r_0|| = 0.646786
Setting time step: 0.0009858241725708454 in DGTransportTDO
Setting time step: 0.0009858241725708454 in CombinedOp
Setting time step: 0.0009858241725708454 in IonStaticPressureOp
norm(r_0) 0
norm(r_1) 0
norm(r_2) 0
norm(r_3) 40.34276051988209
norm(r_4) 0
Newton iteration  0 : ||r|| = 40.3428
   Pass :  1   Iteration :   0  ||B r|| = 8.7791 ...
   Pass :  6   Iteration : 300  ||B r|| = 9.69266e-05
GMRES: No convergence!
norm(r_0) 0
norm(r_1) 0
norm(r_2) 0
norm(r_3) 32.84675833175781
norm(r_4) 0
Newton iteration  1 : ||r|| = 32.8468, ||r||/||r_0|| = 0.814192
Setting time step: 0.0009858241725708454 in DGTransportTDO
Setting time step: 0.0009858241725708454 in CombinedOp
Setting time step: 0.0009858241725708454 in IonStaticPressureOp
norm(r_0) 0
norm(r_1) 0
norm(r_2) 0
norm(r_3) 33.00023392499932
norm(r_4) 0
Newton iteration  0 : ||r|| = 33.0002
   Pass :  1   Iteration :   0  ||B r|| = 2.19147 ...
   Pass :  6   Iteration : 300  ||B r|| = 9.66284e-05
GMRES: No convergence!
norm(r_0) 0
norm(r_1) 0
norm(r_2) 0
norm(r_3) 30.81550317439417
norm(r_4) 0
Newton iteration  1 : ||r|| = 30.8155, ||r||/||r_0|| = 0.933797
Setting time step: 0.0009858241725708454 in DGTransportTDO
Setting time step: 0.0009858241725708454 in CombinedOp
Setting time step: 0.0009858241725708454 in IonStaticPressureOp
norm(r_0) 0
norm(r_1) 0
norm(r_2) 0
norm(r_3) 394.6663609332392
norm(r_4) 0
Newton iteration  0 : ||r|| = 394.666
   Pass :  1   Iteration :   0  ||B r|| = 38.433 ...
   Pass :  6   Iteration : 300  ||B r|| = 9.93072e-05
GMRES: No convergence!
norm(r_0) 0
norm(r_1) 0
norm(r_2) 0
norm(r_3) 32.59296423127103
norm(r_4) 0
Newton iteration  1 : ||r|| = 32.593, ||r||/||r_0|| = 0.0825836
Setting time step: 0.000837837859387008 in DGTransportTDO
Setting time step: 0.000837837859387008 in CombinedOp
Setting time step: 0.000837837859387008 in IonStaticPressureOp
norm(r_0) 0
norm(r_1) 0
norm(r_2) 0
norm(r_3) 0.2334435596535441
norm(r_4) 0
Newton iteration  0 : ||r|| = 0.233444
   Pass :  1   Iteration :   0  ||B r|| = 31.4223 ...
   Pass :  6   Iteration : 300  ||B r|| = 0.000104397
GMRES: No convergence!
norm(r_0) 0
norm(r_1) 0
norm(r_2) 0
norm(r_3) 28.26182255978346
norm(r_4) 0
Newton iteration  1 : ||r|| = 28.2618, ||r||/||r_0|| = 121.065
Setting time step: 0.000837837859387008 in DGTransportTDO
Setting time step: 0.000837837859387008 in CombinedOp
Setting time step: 0.000837837859387008 in IonStaticPressureOp
norm(r_0) 0
norm(r_1) 0
norm(r_2) 0
norm(r_3) 56.52276008155309
norm(r_4) 0
Newton iteration  0 : ||r|| = 56.5228
   Pass :  1   Iteration :   0  ||B r|| = 23.4563 ...
   Pass :  6   Iteration : 300  ||B r|| = 0.000116291
GMRES: No convergence!
norm(r_0) 0
norm(r_1) 0
norm(r_2) 0
norm(r_3) 34.4814688503579
norm(r_4) 0
Newton iteration  1 : ||r|| = 34.4815, ||r||/||r_0|| = 0.610046
Setting time step: 0.000837837859387008 in DGTransportTDO
Setting time step: 0.000837837859387008 in CombinedOp
Setting time step: 0.000837837859387008 in IonStaticPressureOp
norm(r_0) 0
norm(r_1) 0
norm(r_2) 0
norm(r_3) 43.38251397624622
norm(r_4) 0
Newton iteration  0 : ||r|| = 43.3825
   Pass :  1   Iteration :   0  ||B r|| = 9.17909 ...
   Pass :  6   Iteration : 300  ||B r|| = 0.000113649
GMRES: No convergence!
norm(r_0) 0
norm(r_1) 0
norm(r_2) 0
norm(r_3) 30.92731484648276
norm(r_4) 0
Newton iteration  1 : ||r|| = 30.9273, ||r||/||r_0|| = 0.712898
Setting time step: 0.000837837859387008 in DGTransportTDO
Setting time step: 0.000837837859387008 in CombinedOp
Setting time step: 0.000837837859387008 in IonStaticPressureOp
norm(r_0) 0
norm(r_1) 0
norm(r_2) 0
norm(r_3) 35.13607758470816
norm(r_4) 0
Newton iteration  0 : ||r|| = 35.1361
   Pass :  1   Iteration :   0  ||B r|| = 1.77138 ...
   Pass :  6   Iteration : 300  ||B r|| = 0.000116563
GMRES: No convergence!
norm(r_0) 0
norm(r_1) 0
norm(r_2) 0
norm(r_3) 30.2334422641585
norm(r_4) 0
Newton iteration  1 : ||r|| = 30.2334, ||r||/||r_0|| = 0.860467
Setting time step: 0.000837837859387008 in DGTransportTDO
Setting time step: 0.000837837859387008 in CombinedOp
Setting time step: 0.000837837859387008 in IonStaticPressureOp
norm(r_0) 0
norm(r_1) 0
norm(r_2) 0
norm(r_3) 504.1680449815977
norm(r_4) 0
Newton iteration  0 : ||r|| = 504.168
   Pass :  1   Iteration :   0  ||B r|| = 39.5278 ...
   Pass :  6   Iteration : 300  ||B r|| = 0.00010937
GMRES: No convergence!
norm(r_0) 0
norm(r_1) 0
norm(r_2) 0
norm(r_3) 23.91251131353112
norm(r_4) 0
Newton iteration  1 : ||r|| = 23.9125, ||r||/||r_0|| = 0.0474296
Setting time step: 0.0007532467591724509 in DGTransportTDO
Setting time step: 0.0007532467591724509 in CombinedOp
Setting time step: 0.0007532467591724509 in IonStaticPressureOp
norm(r_0) 0
norm(r_1) 0
norm(r_2) 0
norm(r_3) 23.91249090967373
norm(r_4) 0
Newton iteration  0 : ||r|| = 23.9125
   Pass :  1   Iteration :   0  ||B r|| = 5.44682 ...
   Pass :  6   Iteration : 300  ||B r|| = 0.000143423
GMRES: No convergence!
norm(r_0) 0
norm(r_1) 0
norm(r_2) 0
norm(r_3) 33.94100481387971
norm(r_4) 0
Newton iteration  1 : ||r|| = 33.941, ||r||/||r_0|| = 1.41938
Setting time step: 0.0007532467591724509 in DGTransportTDO
Setting time step: 0.0007532467591724509 in CombinedOp
Setting time step: 0.0007532467591724509 in IonStaticPressureOp
norm(r_0) 0
norm(r_1) 0
norm(r_2) 0
norm(r_3) 50.41489142597542
norm(r_4) 0
Newton iteration  0 : ||r|| = 50.4149
   Pass :  1   Iteration :   0  ||B r|| = 4.26346 ...
   Pass :  6   Iteration : 300  ||B r|| = 0.000143157
GMRES: No convergence!
norm(r_0) 0
norm(r_1) 0
norm(r_2) 0
norm(r_3) 37.95992051143009
norm(r_4) 0
Newton iteration  1 : ||r|| = 37.9599, ||r||/||r_0|| = 0.752951
Setting time step: 0.0007532467591724509 in DGTransportTDO
Setting time step: 0.0007532467591724509 in CombinedOp
Setting time step: 0.0007532467591724509 in IonStaticPressureOp
norm(r_0) 0
norm(r_1) 0
norm(r_2) 0
norm(r_3) 41.86580248143743
norm(r_4) 0
Newton iteration  0 : ||r|| = 41.8658
   Pass :  1   Iteration :   0  ||B r|| = 1.77712 ...
   Pass :  6   Iteration : 300  ||B r|| = 0.000144
GMRES: No convergence!
norm(r_0) 0
norm(r_1) 0
norm(r_2) 0
norm(r_3) 33.82306296421
norm(r_4) 0
Newton iteration  1 : ||r|| = 33.8231, ||r||/||r_0|| = 0.807892
Setting time step: 0.0007532467591724509 in DGTransportTDO
Setting time step: 0.0007532467591724509 in CombinedOp
Setting time step: 0.0007532467591724509 in IonStaticPressureOp
norm(r_0) 0
norm(r_1) 0
norm(r_2) 0
norm(r_3) 37.05944646236115
norm(r_4) 0
Newton iteration  0 : ||r|| = 37.0594
   Pass :  1   Iteration :   0  ||B r|| = 0.458707 ...
   Pass :  6   Iteration : 300  ||B r|| = 0.000143266
GMRES: No convergence!
norm(r_0) 0
norm(r_1) 0
norm(r_2) 0
norm(r_3) 32.40706851426798
norm(r_4) 0
Newton iteration  1 : ||r|| = 32.4071, ||r||/||r_0|| = 0.874462
Setting time step: 0.0007532467591724509 in DGTransportTDO
Setting time step: 0.0007532467591724509 in CombinedOp
Setting time step: 0.0007532467591724509 in IonStaticPressureOp
norm(r_0) 0
norm(r_1) 0
norm(r_2) 0
norm(r_3) 273.1232204050901
norm(r_4) 0
Newton iteration  0 : ||r|| = 273.123
   Pass :  1   Iteration :   0  ||B r|| = 8.68379 ...
   Pass :  6   Iteration : 300  ||B r|| = 0.000177783
GMRES: No convergence!
norm(r_0) 0
norm(r_1) 0
norm(r_2) 0
norm(r_3) 32.19251708019029
norm(r_4) 0
Newton iteration  1 : ||r|| = 32.1925, ||r||/||r_0|| = 0.117868
Setting time step: 0.001506493518344902 in DGTransportTDO
Setting time step: 0.001506493518344902 in CombinedOp
Setting time step: 0.001506493518344902 in IonStaticPressureOp
norm(r_0) 0
norm(r_1) 0
norm(r_2) 0
norm(r_3) 32.19250873301658
norm(r_4) 0
Newton iteration  0 : ||r|| = 32.1925
   Pass :  1   Iteration :   0  ||B r|| = 0.175676 ...
   Pass :  6   Iteration : 300  ||B r|| = 8.78771e-05
GMRES: No convergence!
norm(r_0) 0
norm(r_1) 0
norm(r_2) 0
norm(r_3) 34.71506172342588
norm(r_4) 0
Newton iteration  1 : ||r|| = 34.7151, ||r||/||r_0|| = 1.07836
Setting time step: 0.001506493518344902 in DGTransportTDO
Setting time step: 0.001506493518344902 in CombinedOp
Setting time step: 0.001506493518344902 in IonStaticPressureOp
norm(r_0) 0
norm(r_1) 0
norm(r_2) 0
norm(r_3) 39.94294644489909
norm(r_4) 0
Newton iteration  0 : ||r|| = 39.9429
   Pass :  1   Iteration :   0  ||B r|| = 0.147348 ...
   Pass :  6   Iteration : 300  ||B r|| = 8.39018e-05
GMRES: No convergence!
norm(r_0) 0
norm(r_1) 0
norm(r_2) 0
norm(r_3) 38.61367895764403
norm(r_4) 0
Newton iteration  1 : ||r|| = 38.6137, ||r||/||r_0|| = 0.966721
Setting time step: 0.001506493518344902 in DGTransportTDO
Setting time step: 0.001506493518344902 in CombinedOp
Setting time step: 0.001506493518344902 in IonStaticPressureOp
norm(r_0) 0
norm(r_1) 0
norm(r_2) 0
norm(r_3) 37.14990308661077
norm(r_4) 0
Newton iteration  0 : ||r|| = 37.1499
   Pass :  1   Iteration :   0  ||B r|| = 0.0686094 ...
   Pass :  6   Iteration : 300  ||B r|| = 8.14669e-05
GMRES: No convergence!
norm(r_0) 0
norm(r_1) 0
norm(r_2) 0
norm(r_3) 38.27364144942744
norm(r_4) 0
Newton iteration  1 : ||r|| = 38.2736, ||r||/||r_0|| = 1.03025
Setting time step: 0.001506493518344902 in DGTransportTDO
Setting time step: 0.001506493518344902 in CombinedOp
Setting time step: 0.001506493518344902 in IonStaticPressureOp
norm(r_0) 0
norm(r_1) 0
norm(r_2) 0
norm(r_3) 35.62622885379003
norm(r_4) 0
Newton iteration  0 : ||r|| = 35.6262
   Pass :  1   Iteration :   0  ||B r|| = 0.0153768 ...
   Pass :  6   Iteration : 300  ||B r|| = 8.26621e-05
GMRES: No convergence!
norm(r_0) 0
norm(r_1) 0
norm(r_2) 0
norm(r_3) 39.3749772813576
norm(r_4) 0
Newton iteration  1 : ||r|| = 39.375, ||r||/||r_0|| = 1.10522
Setting time step: 0.001506493518344902 in DGTransportTDO
Setting time step: 0.001506493518344902 in CombinedOp
Setting time step: 0.001506493518344902 in IonStaticPressureOp
norm(r_0) 0
norm(r_1) 0
norm(r_2) 0
norm(r_3) 188.4702901131064
norm(r_4) 0
Newton iteration  0 : ||r|| = 188.47
   Pass :  1   Iteration :   0  ||B r|| = 0.467971 ...
   Pass :  6   Iteration : 300  ||B r|| = 9.65662e-05
GMRES: No convergence!
norm(r_0) 0
norm(r_1) 0
norm(r_2) 0
norm(r_3) 43.58810840159212
norm(r_4) 0
Newton iteration  1 : ||r|| = 43.5881, ||r||/||r_0|| = 0.231273
Setting time step: 0.003012987036689803 in DGTransportTDO
Setting time step: 0.003012987036689803 in CombinedOp
Setting time step: 0.003012987036689803 in IonStaticPressureOp
norm(r_0) 0
norm(r_1) 0
norm(r_2) 0
norm(r_3) 43.58810748747794
norm(r_4) 0
Newton iteration  0 : ||r|| = 43.5881
   Pass :  1   Iteration :   0  ||B r|| = 0.0397576 ...
   Pass :  6   Iteration : 300  ||B r|| = 4.68366e-05
GMRES: No convergence!
norm(r_0) 0
norm(r_1) 0
norm(r_2) 0
norm(r_3) 38.22373858118529
norm(r_4) 0
Newton iteration  1 : ||r|| = 38.2237, ||r||/||r_0|| = 0.87693
Setting time step: 0.003012987036689803 in DGTransportTDO
Setting time step: 0.003012987036689803 in CombinedOp
Setting time step: 0.003012987036689803 in IonStaticPressureOp
norm(r_0) 0
norm(r_1) 0
norm(r_2) 0
norm(r_3) 39.44528127675828
norm(r_4) 0
Newton iteration  0 : ||r|| = 39.4453
   Pass :  1   Iteration :   0  ||B r|| = 0.0347061 ...
   Pass :  6   Iteration : 300  ||B r|| = 4.6306e-05
GMRES: No convergence!
norm(r_0) 0
norm(r_1) 0
norm(r_2) 0
norm(r_3) 38.10743132766559
norm(r_4) 0
Newton iteration  1 : ||r|| = 38.1074, ||r||/||r_0|| = 0.966083
Setting time step: 0.003012987036689803 in DGTransportTDO
Setting time step: 0.003012987036689803 in CombinedOp
Setting time step: 0.003012987036689803 in IonStaticPressureOp
norm(r_0) 0
norm(r_1) 0
norm(r_2) 0
norm(r_3) 38.42330599040829
norm(r_4) 0
Newton iteration  0 : ||r|| = 38.4233
   Pass :  1   Iteration :   0  ||B r|| = 0.0171331 ...
   Pass :  6   Iteration : 300  ||B r|| = 4.66483e-05
GMRES: No convergence!
norm(r_0) 0
norm(r_1) 0
norm(r_2) 0
norm(r_3) 37.86579518951653
norm(r_4) 0
Newton iteration  1 : ||r|| = 37.8658, ||r||/||r_0|| = 0.98549
Setting time step: 0.003012987036689803 in DGTransportTDO
Setting time step: 0.003012987036689803 in CombinedOp
Setting time step: 0.003012987036689803 in IonStaticPressureOp
norm(r_0) 0
norm(r_1) 0
norm(r_2) 0
norm(r_3) 38.23876770100281
norm(r_4) 0
Newton iteration  0 : ||r|| = 38.2388
   Pass :  1   Iteration :   0  ||B r|| = 0.00644748 ...
   Pass :  6   Iteration : 300  ||B r|| = 4.68637e-05
GMRES: No convergence!
norm(r_0) 0
norm(r_1) 0
norm(r_2) 0
norm(r_3) 37.73749395648741
norm(r_4) 0
Newton iteration  1 : ||r|| = 37.7375, ||r||/||r_0|| = 0.986891
Setting time step: 0.003012987036689803 in DGTransportTDO
Setting time step: 0.003012987036689803 in CombinedOp
Setting time step: 0.003012987036689803 in IonStaticPressureOp
norm(r_0) 0
norm(r_1) 0
norm(r_2) 0
norm(r_3) 118.7209228719737
norm(r_4) 0
Newton iteration  0 : ||r|| = 118.721
   Pass :  1   Iteration :   0  ||B r|| = 0.171824 ...
   Pass :  6   Iteration : 300  ||B r|| = 4.42476e-05
GMRES: No convergence!
norm(r_0) 0
norm(r_1) 0
norm(r_2) 0
norm(r_3) 38.38357885977639
norm(r_4) 0
Newton iteration  1 : ||r|| = 38.3836, ||r||/||r_0|| = 0.323309
Time stepping paused at t = 0.02444226069437665

Estimating errors.
Setting time step: 0.006025974073379607 in DGTransportTDO
Setting time step: 0.006025974073379607 in CombinedOp
Setting time step: 0.006025974073379607 in IonStaticPressureOp
norm(r_0) 0
norm(r_1) 0
norm(r_2) 0
norm(r_3) 38.38358174011431
norm(r_4) 0
Newton iteration  0 : ||r|| = 38.3836
   Pass :  1   Iteration :   0  ||B r|| = 0.00830991 ...
   Pass :  6   Iteration : 300  ||B r|| = 2.20418e-05
GMRES: No convergence!
norm(r_0) 0
norm(r_1) 0
norm(r_2) 0
norm(r_3) 37.23562010025892
norm(r_4) 0
Newton iteration  1 : ||r|| = 37.2356, ||r||/||r_0|| = 0.970092
Setting time step: 0.006025974073379607 in DGTransportTDO
Setting time step: 0.006025974073379607 in CombinedOp
Setting time step: 0.006025974073379607 in IonStaticPressureOp
norm(r_0) 0
norm(r_1) 0
norm(r_2) 0
norm(r_3) 36.91096873677546
norm(r_4) 0
Newton iteration  0 : ||r|| = 36.911
   Pass :  1   Iteration :   0  ||B r|| = 0.00527121 ...
   Pass :  6   Iteration : 300  ||B r|| = 2.19968e-05
GMRES: No convergence!
norm(r_0) 0
norm(r_1) 0
norm(r_2) 0
norm(r_3) 39.91361984743108
norm(r_4) 0
Newton iteration  1 : ||r|| = 39.9136, ||r||/||r_0|| = 1.08135
Setting time step: 0.006025974073379607 in DGTransportTDO
Setting time step: 0.006025974073379607 in CombinedOp
Setting time step: 0.006025974073379607 in IonStaticPressureOp
norm(r_0) 0
norm(r_1) 0
norm(r_2) 0
norm(r_3) 36.73504004699003
norm(r_4) 0
Newton iteration  0 : ||r|| = 36.735
   Pass :  1   Iteration :   0  ||B r|| = 0.00178868 ...
   Pass :  6   Iteration : 300  ||B r|| = 2.1963e-05
GMRES: No convergence!
norm(r_0) 0
norm(r_1) 0
norm(r_2) 0
norm(r_3) 38.95162609151019
norm(r_4) 0
Newton iteration  1 : ||r|| = 38.9516, ||r||/||r_0|| = 1.06034
Setting time step: 0.006025974073379607 in DGTransportTDO
Setting time step: 0.006025974073379607 in CombinedOp
Setting time step: 0.006025974073379607 in IonStaticPressureOp
norm(r_0) 0
norm(r_1) 0
norm(r_2) 0
norm(r_3) 36.90905685405362
norm(r_4) 0
Newton iteration  0 : ||r|| = 36.9091
   Pass :  1   Iteration :   0  ||B r|| = 5.65733e-05 ...
   Pass :  6   Iteration : 300  ||B r|| = 2.19131e-05
GMRES: No convergence!
norm(r_0) 0
norm(r_1) 0
norm(r_2) 0
norm(r_3) 36.97174940038654
norm(r_4) 0
Newton iteration  1 : ||r|| = 36.9717, ||r||/||r_0|| = 1.0017
Setting time step: 0.006025974073379607 in DGTransportTDO
Setting time step: 0.006025974073379607 in CombinedOp
Setting time step: 0.006025974073379607 in IonStaticPressureOp
norm(r_0) 0
norm(r_1) 0
norm(r_2) 0
norm(r_3) 161.5453903323831
norm(r_4) 0
Newton iteration  0 : ||r|| = 161.545
   Pass :  1   Iteration :   0  ||B r|| = 0.0261482 ...
   Pass :  6   Iteration : 300  ||B r|| = 2.34607e-05
GMRES: No convergence!
norm(r_0) 0
norm(r_1) 0
norm(r_2) 0
norm(r_3) 48.29532296736749
norm(r_4) 0
Newton iteration  1 : ||r|| = 48.2953, ||r||/||r_0|| = 0.298958
Setting time step: 0.01205194814675921 in DGTransportTDO
Setting time step: 0.01205194814675921 in CombinedOp
Setting time step: 0.01205194814675921 in IonStaticPressureOp
norm(r_0) 0
norm(r_1) 0
norm(r_2) 0
norm(r_3) 48.29532281728493
norm(r_4) 0
Newton iteration  0 : ||r|| = 48.2953
   Pass :  1   Iteration :   0  ||B r|| = 0.000829661 ...
   Pass :  6   Iteration : 300  ||B r|| = 1.15811e-05
GMRES: No convergence!
norm(r_0) 0
norm(r_1) 0
norm(r_2) 0
norm(r_3) 45.12351100778292
norm(r_4) 0
Newton iteration  1 : ||r|| = 45.1235, ||r||/||r_0|| = 0.934325
Setting time step: 0.01205194814675921 in DGTransportTDO
Setting time step: 0.01205194814675921 in CombinedOp
Setting time step: 0.01205194814675921 in IonStaticPressureOp
norm(r_0) 0
norm(r_1) 0
norm(r_2) 0
norm(r_3) 43.64218489075282
norm(r_4) 0
Newton iteration  0 : ||r|| = 43.6422
   Pass :  1   Iteration :   0  ||B r|| = 0.000455814 ...
   Pass :  6   Iteration : 300  ||B r|| = 1.14841e-05
GMRES: No convergence!
norm(r_0) 0
norm(r_1) 0
norm(r_2) 0
norm(r_3) 42.96329761612689
norm(r_4) 0
Newton iteration  1 : ||r|| = 42.9633, ||r||/||r_0|| = 0.984444
Setting time step: 0.01205194814675921 in DGTransportTDO
Setting time step: 0.01205194814675921 in CombinedOp
Setting time step: 0.01205194814675921 in IonStaticPressureOp
norm(r_0) 0
norm(r_1) 0
norm(r_2) 0
norm(r_3) 44.57181405719726
norm(r_4) 0
Newton iteration  0 : ||r|| = 44.5718
   Pass :  1   Iteration :   0  ||B r|| = 0.000130827 ...
   Pass :  6   Iteration : 300  ||B r|| = 1.1481e-05
GMRES: No convergence!
norm(r_0) 0
norm(r_1) 0
norm(r_2) 0
norm(r_3) 42.75174281278652
norm(r_4) 0
Newton iteration  1 : ||r|| = 42.7517, ||r||/||r_0|| = 0.959165
Setting time step: 0.01205194814675921 in DGTransportTDO
Setting time step: 0.01205194814675921 in CombinedOp
Setting time step: 0.01205194814675921 in IonStaticPressureOp
norm(r_0) 0
norm(r_1) 0
norm(r_2) 0
norm(r_3) 44.84941062807582
norm(r_4) 0
Newton iteration  0 : ||r|| = 44.8494
   Pass :  1   Iteration :   0  ||B r|| = 4.25454e-05 ...
   Pass :  6   Iteration : 300  ||B r|| = 1.15531e-05
GMRES: No convergence!
norm(r_0) 0
norm(r_1) 0
norm(r_2) 0
norm(r_3) 45.01219417241732
norm(r_4) 0
Newton iteration  1 : ||r|| = 45.0122, ||r||/||r_0|| = 1.00363
Setting time step: 0.01205194814675921 in DGTransportTDO
Setting time step: 0.01205194814675921 in CombinedOp
Setting time step: 0.01205194814675921 in IonStaticPressureOp
norm(r_0) 0
norm(r_1) 0
norm(r_2) 0
norm(r_3) 216.602720267295
norm(r_4) 0
Newton iteration  0 : ||r|| = 216.603
   Pass :  1   Iteration :   0  ||B r|| = 0.00232199 ...
   Pass :  6   Iteration : 300  ||B r|| = 1.16682e-05
GMRES: No convergence!
norm(r_0) 0
norm(r_1) 0
norm(r_2) 0
norm(r_3) 35.41318228969309
norm(r_4) 0
Newton iteration  1 : ||r|| = 35.4132, ||r||/||r_0|| = 0.163494
Setting time step: 0.02410389629351843 in DGTransportTDO
Setting time step: 0.02410389629351843 in CombinedOp
Setting time step: 0.02410389629351843 in IonStaticPressureOp
norm(r_0) 0
norm(r_1) 0
norm(r_2) 0
norm(r_3) 35.41318109285741
norm(r_4) 0
Newton iteration  0 : ||r|| = 35.4132
   Pass :  1   Iteration :   0  ||B r|| = 0.00097155 ...
   Pass :  6   Iteration : 300  ||B r|| = 5.81146e-06
GMRES: No convergence!
norm(r_0) 0
norm(r_1) 0
norm(r_2) 0
norm(r_3) 35.2759794666043
norm(r_4) 0
Newton iteration  1 : ||r|| = 35.276, ||r||/||r_0|| = 0.996126
Setting time step: 0.02410389629351843 in DGTransportTDO
Setting time step: 0.02410389629351843 in CombinedOp
Setting time step: 0.02410389629351843 in IonStaticPressureOp
norm(r_0) 0
norm(r_1) 0
norm(r_2) 0
norm(r_3) 36.20275727557526
norm(r_4) 0
Newton iteration  0 : ||r|| = 36.2028
   Pass :  1   Iteration :   0  ||B r|| = 0.000970285 ...
   Pass :  6   Iteration : 300  ||B r|| = 5.80142e-06
GMRES: No convergence!
norm(r_0) 0
norm(r_1) 0
norm(r_2) 0
norm(r_3) 34.95848835680953
norm(r_4) 0
Newton iteration  1 : ||r|| = 34.9585, ||r||/||r_0|| = 0.965631
Setting time step: 0.02410389629351843 in DGTransportTDO
Setting time step: 0.02410389629351843 in CombinedOp
Setting time step: 0.02410389629351843 in IonStaticPressureOp
norm(r_0) 0
norm(r_1) 0
norm(r_2) 0
norm(r_3) 35.74817071381434
norm(r_4) 0
Newton iteration  0 : ||r|| = 35.7482
   Pass :  1   Iteration :   0  ||B r|| = 0.000504487 ...
   Pass :  6   Iteration : 300  ||B r|| = 5.79992e-06
GMRES: No convergence!
norm(r_0) 0
norm(r_1) 0
norm(r_2) 0
norm(r_3) 35.461534663942
norm(r_4) 0
Newton iteration  1 : ||r|| = 35.4615, ||r||/||r_0|| = 0.991982
Setting time step: 0.02410389629351843 in DGTransportTDO
Setting time step: 0.02410389629351843 in CombinedOp
Setting time step: 0.02410389629351843 in IonStaticPressureOp
norm(r_0) 0
norm(r_1) 0
norm(r_2) 0
norm(r_3) 35.55399140764563
norm(r_4) 0
Newton iteration  0 : ||r|| = 35.554
   Pass :  1   Iteration :   0  ||B r|| = 0.000227846 ...
   Pass :  6   Iteration : 300  ||B r|| = 5.80083e-06
GMRES: No convergence!
norm(r_0) 0
norm(r_1) 0
norm(r_2) 0
norm(r_3) 35.27156663271239
norm(r_4) 0
Newton iteration  1 : ||r|| = 35.2716, ||r||/||r_0|| = 0.992056
Setting time step: 0.02410389629351843 in DGTransportTDO
Setting time step: 0.02410389629351843 in CombinedOp
Setting time step: 0.02410389629351843 in IonStaticPressureOp
norm(r_0) 0
norm(r_1) 0
norm(r_2) 0
norm(r_3) 60.96345778367497
norm(r_4) 0
Newton iteration  0 : ||r|| = 60.9635
   Pass :  1   Iteration :   0  ||B r|| = 0.00229106 ...
   Pass :  6   Iteration : 300  ||B r|| = 5.81973e-06
GMRES: No convergence!
norm(r_0) 0
norm(r_1) 0
norm(r_2) 0
norm(r_3) 34.84616317126191
norm(r_4) 0
Newton iteration  1 : ||r|| = 34.8462, ||r||/||r_0|| = 0.571591
Setting time step: 0.04820779258703686 in DGTransportTDO
Setting time step: 0.04820779258703686 in CombinedOp
Setting time step: 0.04820779258703686 in IonStaticPressureOp
norm(r_0) 0
norm(r_1) 0
norm(r_2) 0
norm(r_3) 34.84616328719288
norm(r_4) 0
Newton iteration  0 : ||r|| = 34.8462
   Pass :  1   Iteration :   0  ||B r|| = 4.33386e-05 ...
   Pass :  6   Iteration : 300  ||B r|| = 2.90766e-06
GMRES: No convergence!
norm(r_0) 0
norm(r_1) 0
norm(r_2) 0
norm(r_3) 35.08488193151076
norm(r_4) 0
Newton iteration  1 : ||r|| = 35.0849, ||r||/||r_0|| = 1.00685
Setting time step: 0.04820779258703686 in DGTransportTDO
Setting time step: 0.04820779258703686 in CombinedOp
Setting time step: 0.04820779258703686 in IonStaticPressureOp
norm(r_0) 0
norm(r_1) 0
norm(r_2) 0
norm(r_3) 35.83398250560064
norm(r_4) 0
Newton iteration  0 : ||r|| = 35.834
   Pass :  1   Iteration :   0  ||B r|| = 4.18956e-05 ...
   Pass :  6   Iteration : 300  ||B r|| = 2.91127e-06
GMRES: No convergence!
norm(r_0) 0
norm(r_1) 0
norm(r_2) 0
norm(r_3) 35.30117821056147
norm(r_4) 0
Newton iteration  1 : ||r|| = 35.3012, ||r||/||r_0|| = 0.985131
Setting time step: 0.04820779258703686 in DGTransportTDO
Setting time step: 0.04820779258703686 in CombinedOp
Setting time step: 0.04820779258703686 in IonStaticPressureOp
norm(r_0) 0
norm(r_1) 0
norm(r_2) 0
norm(r_3) 35.40313240058151
norm(r_4) 0
Newton iteration  0 : ||r|| = 35.4031
   Pass :  1   Iteration :   0  ||B r|| = 2.14524e-05 ...
   Pass :  6   Iteration : 300  ||B r|| = 2.90805e-06
GMRES: No convergence!
norm(r_0) 0
norm(r_1) 0
norm(r_2) 0
norm(r_3) 35.23832481693582
norm(r_4) 0
Newton iteration  1 : ||r|| = 35.2383, ||r||/||r_0|| = 0.995345
Setting time step: 0.04820779258703686 in DGTransportTDO
Setting time step: 0.04820779258703686 in CombinedOp
Setting time step: 0.04820779258703686 in IonStaticPressureOp
norm(r_0) 0
norm(r_1) 0
norm(r_2) 0
norm(r_3) 35.24189926954798
norm(r_4) 0
Newton iteration  0 : ||r|| = 35.2419
   Pass :  1   Iteration :   0  ||B r|| = 9.71099e-06 ...
   Pass :  6   Iteration : 300  ||B r|| = 2.90793e-06
GMRES: No convergence!
norm(r_0) 0
norm(r_1) 0
norm(r_2) 0
norm(r_3) 35.15096027021129
norm(r_4) 0
Newton iteration  1 : ||r|| = 35.151, ||r||/||r_0|| = 0.99742
Setting time step: 0.04820779258703686 in DGTransportTDO
Setting time step: 0.04820779258703686 in CombinedOp
Setting time step: 0.04820779258703686 in IonStaticPressureOp
norm(r_0) 0
norm(r_1) 0
norm(r_2) 0
norm(r_3) 39.6280736653442
norm(r_4) 0
Newton iteration  0 : ||r|| = 39.6281
   Pass :  1   Iteration :   0  ||B r|| = 9.8036e-05 ...
   Pass :  6   Iteration : 300  ||B r|| = 2.88908e-06
GMRES: No convergence!
norm(r_0) 0
norm(r_1) 0
norm(r_2) 0
norm(r_3) 34.37050888856903
norm(r_4) 0
Newton iteration  1 : ||r|| = 34.3705, ||r||/||r_0|| = 0.867327
Time stepping paused at t = 0.3860007050971531

Estimating errors.
Setting time step: 0.09641558517407371 in DGTransportTDO
Setting time step: 0.09641558517407371 in CombinedOp
Setting time step: 0.09641558517407371 in IonStaticPressureOp
norm(r_0) 0
norm(r_1) 0
norm(r_2) 0
norm(r_3) 34.37050887738332
norm(r_4) 0
Newton iteration  0 : ||r|| = 34.3705
   Pass :  1   Iteration :   0  ||B r|| = 3.23163e-06 ...
   Pass :  6   Iteration : 300  ||B r|| = 1.44048e-06
GMRES: No convergence!
norm(r_0) 0
norm(r_1) 0
norm(r_2) 0
norm(r_3) 34.79224960052557
norm(r_4) 0
Newton iteration  1 : ||r|| = 34.7922, ||r||/||r_0|| = 1.01227
Setting time step: 0.09641558517407371 in DGTransportTDO
Setting time step: 0.09641558517407371 in CombinedOp
Setting time step: 0.09641558517407371 in IonStaticPressureOp
norm(r_0) 0
norm(r_1) 0
norm(r_2) 0
norm(r_3) 35.68294356954942
norm(r_4) 0
Newton iteration  0 : ||r|| = 35.6829
   Pass :  1   Iteration :   0  ||B r|| = 1.54343e-06 ...
   Pass :  6   Iteration : 300  ||B r|| = 1.43916e-06
GMRES: No convergence!
norm(r_0) 0
norm(r_1) 0
norm(r_2) 0
norm(r_3) 35.12949636446601
norm(r_4) 0
Newton iteration  1 : ||r|| = 35.1295, ||r||/||r_0|| = 0.98449
Setting time step: 0.09641558517407371 in DGTransportTDO
Setting time step: 0.09641558517407371 in CombinedOp
Setting time step: 0.09641558517407371 in IonStaticPressureOp
norm(r_0) 0
norm(r_1) 0
norm(r_2) 0
norm(r_3) 35.15807774294002
norm(r_4) 0
Newton iteration  0 : ||r|| = 35.1581
   Pass :  1   Iteration :   0  ||B r|| = 1.54167e-06 ...
   Pass :  6   Iteration : 300  ||B r|| = 1.44014e-06
GMRES: No convergence!
norm(r_0) 0
norm(r_1) 0
norm(r_2) 0
norm(r_3) 34.69994150332298
norm(r_4) 0
Newton iteration  1 : ||r|| = 34.6999, ||r||/||r_0|| = 0.986969
Setting time step: 0.09641558517407371 in DGTransportTDO
Setting time step: 0.09641558517407371 in CombinedOp
Setting time step: 0.09641558517407371 in IonStaticPressureOp
norm(r_0) 0
norm(r_1) 0
norm(r_2) 0
norm(r_3) 34.90477598093381
norm(r_4) 0
Newton iteration  0 : ||r|| = 34.9048
   Pass :  1   Iteration :   0  ||B r|| = 1.71214e-06 ...
   Pass :  6   Iteration : 300  ||B r|| = 1.4405e-06
GMRES: No convergence!
norm(r_0) 0
norm(r_1) 0
norm(r_2) 0
norm(r_3) 34.70468768482259
norm(r_4) 0
Newton iteration  1 : ||r|| = 34.7047, ||r||/||r_0|| = 0.994268
Setting time step: 0.09641558517407371 in DGTransportTDO
Setting time step: 0.09641558517407371 in CombinedOp
Setting time step: 0.09641558517407371 in IonStaticPressureOp
norm(r_0) 0
norm(r_1) 0
norm(r_2) 0
norm(r_3) 37.40397070741162
norm(r_4) 0
Newton iteration  0 : ||r|| = 37.404
   Pass :  1   Iteration :   0  ||B r|| = 1.48001e-06 ...
   Pass :  6   Iteration : 300  ||B r|| = 1.43764e-06
GMRES: No convergence!
norm(r_0) 0
norm(r_1) 0
norm(r_2) 0
norm(r_3) 34.32141492970482
norm(r_4) 0
Newton iteration  1 : ||r|| = 34.3214, ||r||/||r_0|| = 0.917587
Setting time step: 0.1928311703481474 in DGTransportTDO
Setting time step: 0.1928311703481474 in CombinedOp
Setting time step: 0.1928311703481474 in IonStaticPressureOp
norm(r_0) 0
norm(r_1) 0
norm(r_2) 0
norm(r_3) 34.32141493075133
norm(r_4) 0
Newton iteration  0 : ||r|| = 34.3214
   Pass :  1   Iteration :   0  ||B r|| = 7.23697e-07
norm(r_0) 0
norm(r_1) 0
norm(r_2) 0
norm(r_3) 34.32141493075133
norm(r_4) 0
Newton iteration  1 : ||r|| = 34.3214, ||r||/||r_0|| = 1
Setting time step: 0.1928311703481474 in DGTransportTDO
Setting time step: 0.1928311703481474 in CombinedOp
Setting time step: 0.1928311703481474 in IonStaticPressureOp
norm(r_0) 0
norm(r_1) 0
norm(r_2) 0
norm(r_3) 34.32141493075133
norm(r_4) 0
Newton iteration  0 : ||r|| = 34.3214
   Pass :  1   Iteration :   0  ||B r|| = 7.23697e-07
norm(r_0) 0
norm(r_1) 0
norm(r_2) 0
norm(r_3) 34.32141493075133
norm(r_4) 0
Newton iteration  1 : ||r|| = 34.3214, ||r||/||r_0|| = 1
Setting time step: 0.1928311703481474 in DGTransportTDO
Setting time step: 0.1928311703481474 in CombinedOp
Setting time step: 0.1928311703481474 in IonStaticPressureOp
norm(r_0) 0
norm(r_1) 0
norm(r_2) 0
norm(r_3) 34.32141493075133
norm(r_4) 0
Newton iteration  0 : ||r|| = 34.3214
   Pass :  1   Iteration :   0  ||B r|| = 7.23697e-07
norm(r_0) 0
norm(r_1) 0
norm(r_2) 0
norm(r_3) 34.32141493075133
norm(r_4) 0
Newton iteration  1 : ||r|| = 34.3214, ||r||/||r_0|| = 1
Setting time step: 0.1928311703481474 in DGTransportTDO
Setting time step: 0.1928311703481474 in CombinedOp
Setting time step: 0.1928311703481474 in IonStaticPressureOp
norm(r_0) 0
norm(r_1) 0
norm(r_2) 0
norm(r_3) 34.32141493075133
norm(r_4) 0
Newton iteration  0 : ||r|| = 34.3214
   Pass :  1   Iteration :   0  ||B r|| = 7.23697e-07
norm(r_0) 0
norm(r_1) 0
norm(r_2) 0
norm(r_3) 34.32141493075133
norm(r_4) 0
Newton iteration  1 : ||r|| = 34.3214, ||r||/||r_0|| = 1
Setting time step: 0.1928311703481474 in DGTransportTDO
Setting time step: 0.1928311703481474 in CombinedOp
Setting time step: 0.1928311703481474 in IonStaticPressureOp
norm(r_0) 0
norm(r_1) 0
norm(r_2) 0
norm(r_3) 34.32141493075133
norm(r_4) 0
Newton iteration  0 : ||r|| = 34.3214
   Pass :  1   Iteration :   0  ||B r|| = 7.23697e-07
norm(r_0) 0
norm(r_1) 0
norm(r_2) 0
norm(r_3) 34.32141493075133
norm(r_4) 0
Newton iteration  1 : ||r|| = 34.3214, ||r||/||r_0|| = 1
Setting time step: 0.1928311703481474 in DGTransportTDO
Setting time step: 0.1928311703481474 in CombinedOp
Setting time step: 0.1928311703481474 in IonStaticPressureOp
norm(r_0) 0
norm(r_1) 0
norm(r_2) 0
norm(r_3) 34.32141493075133
norm(r_4) 0
Newton iteration  0 : ||r|| = 34.3214
   Pass :  1   Iteration :   0  ||B r|| = 7.23697e-07
norm(r_0) 0
norm(r_1) 0
norm(r_2) 0
norm(r_3) 34.32141493075133
norm(r_4) 0
Newton iteration  1 : ||r|| = 34.3214, ||r||/||r_0|| = 1
Setting time step: 0.1928311703481474 in DGTransportTDO
Setting time step: 0.1928311703481474 in CombinedOp
Setting time step: 0.1928311703481474 in IonStaticPressureOp
norm(r_0) 0
norm(r_1) 0
norm(r_2) 0
norm(r_3) 34.32141493075133
norm(r_4) 0
Newton iteration  0 : ||r|| = 34.3214
   Pass :  1   Iteration :   0  ||B r|| = 7.23697e-07
norm(r_0) 0
norm(r_1) 0
norm(r_2) 0
norm(r_3) 34.32141493075133
norm(r_4) 0
Newton iteration  1 : ||r|| = 34.3214, ||r||/||r_0|| = 1
Setting time step: 0.1928311703481474 in DGTransportTDO
Setting time step: 0.1928311703481474 in CombinedOp
Setting time step: 0.1928311703481474 in IonStaticPressureOp
norm(r_0) 0
norm(r_1) 0
norm(r_2) 0
norm(r_3) 34.32141493075133
norm(r_4) 0
Newton iteration  0 : ||r|| = 34.3214
   Pass :  1   Iteration :   0  ||B r|| = 7.23697e-07
norm(r_0) 0
norm(r_1) 0
norm(r_2) 0
norm(r_3) 34.32141493075133
norm(r_4) 0
Newton iteration  1 : ||r|| = 34.3214, ||r||/||r_0|| = 1
Setting time step: 0.1928311703481474 in DGTransportTDO
Setting time step: 0.1928311703481474 in CombinedOp
Setting time step: 0.1928311703481474 in IonStaticPressureOp
norm(r_0) 0
norm(r_1) 0
norm(r_2) 0
norm(r_3) 34.32141493075133
norm(r_4) 0
Newton iteration  0 : ||r|| = 34.3214
   Pass :  1   Iteration :   0  ||B r|| = 7.23697e-07
norm(r_0) 0
norm(r_1) 0
norm(r_2) 0
norm(r_3) 34.32141493075133
norm(r_4) 0
Newton iteration  1 : ||r|| = 34.3214, ||r||/||r_0|| = 1
Setting time step: 0.1928311703481474 in DGTransportTDO
Setting time step: 0.1928311703481474 in CombinedOp
Setting time step: 0.1928311703481474 in IonStaticPressureOp
norm(r_0) 0
norm(r_1) 0
norm(r_2) 0
norm(r_3) 34.32141493075133
norm(r_4) 0
Newton iteration  0 : ||r|| = 34.3214
   Pass :  1   Iteration :   0  ||B r|| = 7.23697e-07
norm(r_0) 0
norm(r_1) 0
norm(r_2) 0
norm(r_3) 34.32141493075133
norm(r_4) 0
Newton iteration  1 : ||r|| = 34.3214, ||r||/||r_0|| = 1
Setting time step: 0.1928311703481474 in DGTransportTDO
Setting time step: 0.1928311703481474 in CombinedOp
Setting time step: 0.1928311703481474 in IonStaticPressureOp
norm(r_0) 0
norm(r_1) 0
norm(r_2) 0
norm(r_3) 34.32141493075133
norm(r_4) 0
Newton iteration  0 : ||r|| = 34.3214
   Pass :  1   Iteration :   0  ||B r|| = 7.23697e-07
norm(r_0) 0
norm(r_1) 0
norm(r_2) 0
norm(r_3) 34.32141493075133
norm(r_4) 0
Newton iteration  1 : ||r|| = 34.3214, ||r||/||r_0|| = 1
Setting time step: 0.1928311703481474 in DGTransportTDO
Setting time step: 0.1928311703481474 in CombinedOp
Setting time step: 0.1928311703481474 in IonStaticPressureOp
norm(r_0) 0
norm(r_1) 0
norm(r_2) 0
norm(r_3) 34.32141493075133
norm(r_4) 0
Newton iteration  0 : ||r|| = 34.3214
   Pass :  1   Iteration :   0  ||B r|| = 7.23697e-07
norm(r_0) 0
norm(r_1) 0
norm(r_2) 0
norm(r_3) 34.32141493075133
norm(r_4) 0
Newton iteration  1 : ||r|| = 34.3214, ||r||/||r_0|| = 1
Setting time step: 0.1928311703481474 in DGTransportTDO
Setting time step: 0.1928311703481474 in CombinedOp
Setting time step: 0.1928311703481474 in IonStaticPressureOp
norm(r_0) 0
norm(r_1) 0
norm(r_2) 0
norm(r_3) 34.32141493075133
norm(r_4) 0
Newton iteration  0 : ||r|| = 34.3214
   Pass :  1   Iteration :   0  ||B r|| = 7.23697e-07
norm(r_0) 0
norm(r_1) 0
norm(r_2) 0
norm(r_3) 34.32141493075133
norm(r_4) 0
Newton iteration  1 : ||r|| = 34.3214, ||r||/||r_0|| = 1
Setting time step: 0.1928311703481474 in DGTransportTDO
Setting time step: 0.1928311703481474 in CombinedOp
Setting time step: 0.1928311703481474 in IonStaticPressureOp
norm(r_0) 0
norm(r_1) 0
norm(r_2) 0
norm(r_3) 34.32141493075133
norm(r_4) 0
Newton iteration  0 : ||r|| = 34.3214
   Pass :  1   Iteration :   0  ||B r|| = 7.23697e-07
norm(r_0) 0
norm(r_1) 0
norm(r_2) 0
norm(r_3) 34.32141493075133
norm(r_4) 0
Newton iteration  1 : ||r|| = 34.3214, ||r||/||r_0|| = 1
Setting time step: 0.1928311703481474 in DGTransportTDO
Setting time step: 0.1928311703481474 in CombinedOp
Setting time step: 0.1928311703481474 in IonStaticPressureOp
norm(r_0) 0
norm(r_1) 0
norm(r_2) 0
norm(r_3) 34.32141493075133
norm(r_4) 0
Newton iteration  0 : ||r|| = 34.3214
   Pass :  1   Iteration :   0  ||B r|| = 7.23697e-07
norm(r_0) 0
norm(r_1) 0
norm(r_2) 0
norm(r_3) 34.32141493075133
norm(r_4) 0
Newton iteration  1 : ||r|| = 34.3214, ||r||/||r_0|| = 1
Time stepping paused at t = 3.085637089971217
Steady State solution has been reached

Time stepping done after 10.861026835s.
