Options used:
   --mesh ../../mfem/data/inline-quad.mesh
   --bc-file ../../mfem/miniapps/plasma/transport2d_bcs.inp
   --ic-file ../../mfem/miniapps/plasma/transport2d_ics.inp
   --ec-file /home/gz6/mfem-analysis/input-files/transport2d_ecs.inp
   --es-file ../../mfem/miniapps/plasma/transport2d_ess.inp
   --eqdsk-file 
   --logging 1
   --operator-test 8
   --equation-weights '1 1 1 1 1'
   --problem 0
   --refine-serial 4
   --refine-parallel 0
   --enable-amr
   --max-err -1
   --hysteresis 0.25
   --nc-limit 3
   --amr-weights '1 1 1 1 1'
   --order 3
   --dg-sigma -1
   --dg-kappa 16
   --linear-abs-tolerance 1e-06
   --linear-rel-tolerance 1e-06
   --linear-max-iterations 500
   --linear-logging-level 3
   --newton-abs-tolerance 1e-10
   --newton-rel-tolerance 1e-10
   --newton-max-iterations 1
   --newton-logging-level 1
   --steady-state-abs-tolerance 1e-08
   --steady-state-rel-tolerance 1e-08
   --prec-type 1
   --prec-logging-level 0
   --initial-tolerance 1e-05
   --ode-tolerance 0.001
   --ode-solver 2
   --err-per-step
   --ode-weights '1 1 1 1 1'
   --kP 0
   --kI 0.6
   --kD 0
   --theta-max 2
   --t-minimum 0
   --t-final 100
   --time-step 0.01
   --cfl-number 0.3
   --ion-charge 1
   --ion-mass 2.0141018
   --neutral-mass 2.0141018
   --neutral-temp 3
   --min-neutral-density 9e+14
   --max-neutral-density 1e+15
   --neutral-density-exp 0
   --min-ion-density 1e+16
   --max-ion-density 1e+18
   --ion-density-exp 0
   --min-ion-temp 1
   --max-ion-temp 10
   --ion-temp-exp 0
   --min-electron-temp 10
   --max-electron-temp 440
   --electron-temp-exp 0
   --total-B-magnitude 5
   --poloidal-B-magnitude 0.5
   --velocity 1000
   --Di-perp 1
   --Xi-perp 1
   --Xe-perp 1
   --equation-term-flags '-1 -1 -1 -1 -1'
   --visualization-flags '-1 -1 -1 -1 -1'
   --visualization
   --visit-datafiles
   --ascii-datafiles
   --visualization-steps 4
Device configuration: cpu
Memory configuration: host-std
Number of elements in initial mesh: 16
Number of elements after serial refinement: 4096
11: Number of elements in parallel mesh: 256
11: Number of elements after parallel refinement: 256
12: Number of elements in parallel mesh: 256
12: Number of elements after parallel refinement: 256
1: Number of elements in parallel mesh: 256
1: Number of elements after parallel refinement: 256
9: Number of elements in parallel mesh: 256
9: Number of elements after parallel refinement: 256
3: Number of elements in parallel mesh: 256
3: Number of elements after parallel refinement: 256
13: Number of elements in parallel mesh: 256
13: Number of elements after parallel refinement: 256
2: Number of elements in parallel mesh: 256
2: Number of elements after parallel refinement: 256
10: Number of elements in parallel mesh: 256
10: Number of elements after parallel refinement: 256
15: Number of elements in parallel mesh: 256
15: Number of elements after parallel refinement: 256
14: Number of elements in parallel mesh: 256
14: Number of elements after parallel refinement: 256
0: Number of elements in parallel mesh: 256
0: Number of elements after parallel refinement: 256
5: Number of elements in parallel mesh: 256
5: Number of elements after parallel refinement: 256
7: Number of elements in parallel mesh: 256
7: Number of elements after parallel refinement: 256
4: Number of elements in parallel mesh: 256
4: Number of elements after parallel refinement: 256
8: Number of elements in parallel mesh: 256
8: Number of elements after parallel refinement: 256
6: Number of elements in parallel mesh: 256
6: Number of elements after parallel refinement: 256
Configuring initial conditions
Reading initial conditions from ../../mfem/miniapps/plasma/transport2d_ics.inp
Configuring exact solutions
Reading exact solutions from ../../mfem/miniapps/plasma/transport2d_ess.inp

AMR iteration 0
Number of unknowns: 65536
Stopping criterion satisfied. Stop.
Number of unknowns per field: 65536
Total number of unknowns:     327680
Configuring boundary conditions
Reading boundary conditions from ../../mfem/miniapps/plasma/transport2d_bcs.inp
Configuring equation coefficients
Reading equation coefficients from /home/gz6/mfem-analysis/input-files/transport2d_ecs.inp
|mn| = 3.3444946e-27
|ni| = 1
|ne| = 1

|Dn|     = -nan
|Di|     = -nan
|Eta|    = -nan
|nXi|    = -nan
|nXe|    = -nan

|Eta/mn| = -nan
|nXi/ni| = -nan
|nXe/ne| = -nan
Ion Static Pressure: Adding time derivative term proportional to d n_i / dt
Ion Static Pressure: Adding time derivative term proportional to d T_i / dt
Ion Static Pressure: Adding anisotropic diffusion term
Ion Static Pressure: Adding source term
Opening GLVis sockets.
Range of error estimates for initial condition: -nan < elem err < -nan

Begin time stepping at t = 0
Setting time step: 0.0025 in DGTransportTDO
Setting time step: 0.0025 in CombinedOp
Setting time step: 0.0025 in IonStaticPressureOp
norm(r_0) 0
norm(r_1) 0
norm(r_2) 0
norm(r_3) 0.042122878
norm(r_4) 0
Newton iteration  0 : ||r|| = 0.0421229
   Pass :  1   Iteration :   0  ||B r|| = 1142.02 ...
   Pass :  1   Iteration :  35  ||B r|| = 0.00103483
norm(r_0) 0
norm(r_1) 0
norm(r_2) 0
norm(r_3) 0.00012736784
norm(r_4) 0
Newton iteration  1 : ||r|| = 0.000127368, ||r||/||r_0|| = 0.00302372
Setting time step: 0.0025 in DGTransportTDO
Setting time step: 0.0025 in CombinedOp
Setting time step: 0.0025 in IonStaticPressureOp
norm(r_0) 0
norm(r_1) 0
norm(r_2) 0
norm(r_3) 0.039440504
norm(r_4) 0
Newton iteration  0 : ||r|| = 0.0394405
   Pass :  1   Iteration :   0  ||B r|| = 1069.28 ...
   Pass :  1   Iteration :  35  ||B r|| = 0.0010242
norm(r_0) 0
norm(r_1) 0
norm(r_2) 0
norm(r_3) 0.00012369352
norm(r_4) 0
Newton iteration  1 : ||r|| = 0.000123694, ||r||/||r_0|| = 0.00313621
Setting time step: 0.0025 in DGTransportTDO
Setting time step: 0.0025 in CombinedOp
Setting time step: 0.0025 in IonStaticPressureOp
norm(r_0) 0
norm(r_1) 0
norm(r_2) 0
norm(r_3) 0.040499767
norm(r_4) 0
Newton iteration  0 : ||r|| = 0.0404998
   Pass :  1   Iteration :   0  ||B r|| = 1098 ...
   Pass :  1   Iteration :  35  ||B r|| = 0.00103693
norm(r_0) 0
norm(r_1) 0
norm(r_2) 0
norm(r_3) 0.0001258829
norm(r_4) 0
Newton iteration  1 : ||r|| = 0.000125883, ||r||/||r_0|| = 0.00310824
Setting time step: 0.0025 in DGTransportTDO
Setting time step: 0.0025 in CombinedOp
Setting time step: 0.0025 in IonStaticPressureOp
norm(r_0) 0
norm(r_1) 0
norm(r_2) 0
norm(r_3) 0.040770084
norm(r_4) 0
Newton iteration  0 : ||r|| = 0.0407701
   Pass :  1   Iteration :   0  ||B r|| = 1105.34 ...
   Pass :  1   Iteration :  35  ||B r|| = 0.00103588
norm(r_0) 0
norm(r_1) 0
norm(r_2) 0
norm(r_3) 0.00012609318
norm(r_4) 0
Newton iteration  1 : ||r|| = 0.000126093, ||r||/||r_0|| = 0.00309279
Setting time step: 0.0025 in DGTransportTDO
Setting time step: 0.0025 in CombinedOp
Setting time step: 0.0025 in IonStaticPressureOp
norm(r_0) 0
norm(r_1) 0
norm(r_2) 0
norm(r_3) 0.038144196
norm(r_4) 0
Newton iteration  0 : ||r|| = 0.0381442
   Pass :  1   Iteration :   0  ||B r|| = 1034.15 ...
   Pass :  1   Iteration :  35  ||B r|| = 0.000909705
norm(r_0) 0
norm(r_1) 0
norm(r_2) 0
norm(r_3) 0.00011279361
norm(r_4) 0
Newton iteration  1 : ||r|| = 0.000112794, ||r||/||r_0|| = 0.00295703
Setting time step: 0.005 in DGTransportTDO
Setting time step: 0.005 in CombinedOp
Setting time step: 0.005 in IonStaticPressureOp
norm(r_0) 0
norm(r_1) 0
norm(r_2) 0
norm(r_3) 0.036929187
norm(r_4) 0
Newton iteration  0 : ||r|| = 0.0369292
   Pass :  1   Iteration :   0  ||B r|| = 853.835 ...
   Pass :  1   Iteration :  37  ||B r|| = 0.000795207
norm(r_0) 0
norm(r_1) 0
norm(r_2) 0
norm(r_3) 0.00018063684
norm(r_4) 0
Newton iteration  1 : ||r|| = 0.000180637, ||r||/||r_0|| = 0.00489144
Setting time step: 0.005 in DGTransportTDO
Setting time step: 0.005 in CombinedOp
Setting time step: 0.005 in IonStaticPressureOp
norm(r_0) 0
norm(r_1) 0
norm(r_2) 0
norm(r_3) 0.032370304
norm(r_4) 0
Newton iteration  0 : ||r|| = 0.0323703
   Pass :  1   Iteration :   0  ||B r|| = 748.411 ...
   Pass :  1   Iteration :  37  ||B r|| = 0.000713302
norm(r_0) 0
norm(r_1) 0
norm(r_2) 0
norm(r_3) 0.00016080562
norm(r_4) 0
Newton iteration  1 : ||r|| = 0.000160806, ||r||/||r_0|| = 0.00496769
Setting time step: 0.005 in DGTransportTDO
Setting time step: 0.005 in CombinedOp
Setting time step: 0.005 in IonStaticPressureOp
norm(r_0) 0
norm(r_1) 0
norm(r_2) 0
norm(r_3) 0.034148827
norm(r_4) 0
Newton iteration  0 : ||r|| = 0.0341488
   Pass :  1   Iteration :   0  ||B r|| = 789.54 ...
   Pass :  1   Iteration :  37  ||B r|| = 0.00074777
norm(r_0) 0
norm(r_1) 0
norm(r_2) 0
norm(r_3) 0.00016893668
norm(r_4) 0
Newton iteration  1 : ||r|| = 0.000168937, ||r||/||r_0|| = 0.00494707
Setting time step: 0.005 in DGTransportTDO
Setting time step: 0.005 in CombinedOp
Setting time step: 0.005 in IonStaticPressureOp
norm(r_0) 0
norm(r_1) 0
norm(r_2) 0
norm(r_3) 0.034611913
norm(r_4) 0
Newton iteration  0 : ||r|| = 0.0346119
   Pass :  1   Iteration :   0  ||B r|| = 800.25 ...
   Pass :  1   Iteration :  37  ||B r|| = 0.000755434
norm(r_0) 0
norm(r_1) 0
norm(r_2) 0
norm(r_3) 0.00017085335
norm(r_4) 0
Newton iteration  1 : ||r|| = 0.000170853, ||r||/||r_0|| = 0.00493626
Setting time step: 0.005 in DGTransportTDO
Setting time step: 0.005 in CombinedOp
Setting time step: 0.005 in IonStaticPressureOp
norm(r_0) 0
norm(r_1) 0
norm(r_2) 0
norm(r_3) 0.030251461
norm(r_4) 0
Newton iteration  0 : ||r|| = 0.0302515
   Pass :  1   Iteration :   0  ||B r|| = 699.435 ...
   Pass :  1   Iteration :  37  ||B r|| = 0.000641305
norm(r_0) 0
norm(r_1) 0
norm(r_2) 0
norm(r_3) 0.00014632821
norm(r_4) 0
Newton iteration  1 : ||r|| = 0.000146328, ||r||/||r_0|| = 0.00483706
Setting time step: 0.01 in DGTransportTDO
Setting time step: 0.01 in CombinedOp
Setting time step: 0.01 in IonStaticPressureOp
norm(r_0) 0
norm(r_1) 0
norm(r_2) 0
norm(r_3) 0.028383858
norm(r_4) 0
Newton iteration  0 : ||r|| = 0.0283839
   Pass :  1   Iteration :   0  ||B r|| = 500.807 ...
   Pass :  1   Iteration :  39  ||B r|| = 0.000483513
norm(r_0) 0
norm(r_1) 0
norm(r_2) 0
norm(r_3) 0.00019661891
norm(r_4) 0
Newton iteration  1 : ||r|| = 0.000196619, ||r||/||r_0|| = 0.00692714
Setting time step: 0.01 in DGTransportTDO
Setting time step: 0.01 in CombinedOp
Setting time step: 0.01 in IonStaticPressureOp
norm(r_0) 0
norm(r_1) 0
norm(r_2) 0
norm(r_3) 0.021783615
norm(r_4) 0
Newton iteration  0 : ||r|| = 0.0217836
   Pass :  1   Iteration :   0  ||B r|| = 384.328 ...
   Pass :  1   Iteration :  39  ||B r|| = 0.000376245
norm(r_0) 0
norm(r_1) 0
norm(r_2) 0
norm(r_3) 0.00015242568
norm(r_4) 0
Newton iteration  1 : ||r|| = 0.000152426, ||r||/||r_0|| = 0.00699726
Setting time step: 0.01 in DGTransportTDO
Setting time step: 0.01 in CombinedOp
Setting time step: 0.01 in IonStaticPressureOp
norm(r_0) 0
norm(r_1) 0
norm(r_2) 0
norm(r_3) 0.024300891
norm(r_4) 0
Newton iteration  0 : ||r|| = 0.0243009
   Pass :  1   Iteration :   0  ||B r|| = 428.752 ...
   Pass :  1   Iteration :  39  ||B r|| = 0.00041797
norm(r_0) 0
norm(r_1) 0
norm(r_2) 0
norm(r_3) 0.00016952658
norm(r_4) 0
Newton iteration  1 : ||r|| = 0.000169527, ||r||/||r_0|| = 0.00697615
Setting time step: 0.01 in DGTransportTDO
Setting time step: 0.01 in CombinedOp
Setting time step: 0.01 in IonStaticPressureOp
norm(r_0) 0
norm(r_1) 0
norm(r_2) 0
norm(r_3) 0.024981349
norm(r_4) 0
Newton iteration  0 : ||r|| = 0.0249813
   Pass :  1   Iteration :   0  ||B r|| = 440.763 ...
   Pass :  1   Iteration :  39  ||B r|| = 0.00042881
norm(r_0) 0
norm(r_1) 0
norm(r_2) 0
norm(r_3) 0.00017401901
norm(r_4) 0
Newton iteration  1 : ||r|| = 0.000174019, ||r||/||r_0|| = 0.00696596
Setting time step: 0.01 in DGTransportTDO
Setting time step: 0.01 in CombinedOp
Setting time step: 0.01 in IonStaticPressureOp
norm(r_0) 0
norm(r_1) 0
norm(r_2) 0
norm(r_3) 0.018975259
norm(r_4) 0
Newton iteration  0 : ||r|| = 0.0189753
   Pass :  1   Iteration :   0  ||B r|| = 334.791 ...
   Pass :  1   Iteration :  39  ||B r|| = 0.000318965
norm(r_0) 0
norm(r_1) 0
norm(r_2) 0
norm(r_3) 0.00013013298
norm(r_4) 0
Newton iteration  1 : ||r|| = 0.000130133, ||r||/||r_0|| = 0.00685803
Setting time step: 0.02 in DGTransportTDO
Setting time step: 0.02 in CombinedOp
Setting time step: 0.02 in IonStaticPressureOp
norm(r_0) 0
norm(r_1) 0
norm(r_2) 0
norm(r_3) 0.01676835
norm(r_4) 0
Newton iteration  0 : ||r|| = 0.0167684
   Pass :  1   Iteration :   0  ||B r|| = 196.434 ...
   Pass :  1   Iteration :  42  ||B r|| = 0.000183854
norm(r_0) 0
norm(r_1) 0
norm(r_2) 0
norm(r_3) 0.00013816561
norm(r_4) 0
Newton iteration  1 : ||r|| = 0.000138166, ||r||/||r_0|| = 0.00823967
Setting time step: 0.02 in DGTransportTDO
Setting time step: 0.02 in CombinedOp
Setting time step: 0.02 in IonStaticPressureOp
norm(r_0) 0
norm(r_1) 0
norm(r_2) 0
norm(r_3) 0.0097825954
norm(r_4) 0
Newton iteration  0 : ||r|| = 0.0097826
   Pass :  1   Iteration :   0  ||B r|| = 114.579 ...
   Pass :  1   Iteration :  42  ||B r|| = 0.000108041
norm(r_0) 0
norm(r_1) 0
norm(r_2) 0
norm(r_3) 8.1052137e-05
norm(r_4) 0
Newton iteration  1 : ||r|| = 8.10521e-05, ||r||/||r_0|| = 0.00828534
Setting time step: 0.02 in DGTransportTDO
Setting time step: 0.02 in CombinedOp
Setting time step: 0.02 in IonStaticPressureOp
norm(r_0) 0
norm(r_1) 0
norm(r_2) 0
norm(r_3) 0.012343845
norm(r_4) 0
Newton iteration  0 : ||r|| = 0.0123438
   Pass :  1   Iteration :   0  ||B r|| = 144.592 ...
   Pass :  1   Iteration :  42  ||B r|| = 0.000135966
norm(r_0) 0
norm(r_1) 0
norm(r_2) 0
norm(r_3) 0.00010206777
norm(r_4) 0
Newton iteration  1 : ||r|| = 0.000102068, ||r||/||r_0|| = 0.00826872
Setting time step: 0.02 in DGTransportTDO
Setting time step: 0.02 in CombinedOp
Setting time step: 0.02 in IonStaticPressureOp
norm(r_0) 0
norm(r_1) 0
norm(r_2) 0
norm(r_3) 0.013083594
norm(r_4) 0
Newton iteration  0 : ||r|| = 0.0130836
   Pass :  1   Iteration :   0  ||B r|| = 153.262 ...
   Pass :  1   Iteration :  42  ||B r|| = 0.000143959
norm(r_0) 0
norm(r_1) 0
norm(r_2) 0
norm(r_3) 0.00010809631
norm(r_4) 0
Newton iteration  1 : ||r|| = 0.000108096, ||r||/||r_0|| = 0.00826197
Setting time step: 0.02 in DGTransportTDO
Setting time step: 0.02 in CombinedOp
Setting time step: 0.02 in IonStaticPressureOp
norm(r_0) 0
norm(r_1) 0
norm(r_2) 0
norm(r_3) 0.0074031405
norm(r_4) 0
Newton iteration  0 : ||r|| = 0.00740314
   Pass :  1   Iteration :   0  ||B r|| = 86.6948 ...
   Pass :  1   Iteration :  42  ||B r|| = 8.02367e-05
norm(r_0) 0
norm(r_1) 0
norm(r_2) 0
norm(r_3) 6.0445815e-05
norm(r_4) 0
Newton iteration  1 : ||r|| = 6.04458e-05, ||r||/||r_0|| = 0.00816489
Time stepping paused at t = 0.15

Estimating errors.
No refinements necessary.
No derefinements needed.

AMR iteration 1
Number of unknowns: 65536
Setting time step: 0.019710269 in DGTransportTDO
Setting time step: 0.019710269 in CombinedOp
Setting time step: 0.019710269 in IonStaticPressureOp
norm(r_0) 0
norm(r_1) 0
norm(r_2) 0
norm(r_3) 0.0058588081
norm(r_4) 0
Newton iteration  0 : ||r|| = 0.00585881
   Pass :  1   Iteration :   0  ||B r|| = 69.2901 ...
   Pass :  1   Iteration :  42  ||B r|| = 6.45062e-05
norm(r_0) 0
norm(r_1) 0
norm(r_2) 0
norm(r_3) 4.7793462e-05
norm(r_4) 0
Newton iteration  1 : ||r|| = 4.77935e-05, ||r||/||r_0|| = 0.00815754
Setting time step: 0.019710269 in DGTransportTDO
Setting time step: 0.019710269 in CombinedOp
Setting time step: 0.019710269 in IonStaticPressureOp
norm(r_0) 0
norm(r_1) 0
norm(r_2) 0
norm(r_3) 0.0034454947
norm(r_4) 0
Newton iteration  0 : ||r|| = 0.00344549
   Pass :  1   Iteration :   0  ||B r|| = 40.7487 ...
   Pass :  1   Iteration :  42  ||B r|| = 3.79479e-05
norm(r_0) 0
norm(r_1) 0
norm(r_2) 0
norm(r_3) 2.8113303e-05
norm(r_4) 0
Newton iteration  1 : ||r|| = 2.81133e-05, ||r||/||r_0|| = 0.00815944
Setting time step: 0.019710269 in DGTransportTDO
Setting time step: 0.019710269 in CombinedOp
Setting time step: 0.019710269 in IonStaticPressureOp
norm(r_0) 0
norm(r_1) 0
norm(r_2) 0
norm(r_3) 0.004331294
norm(r_4) 0
Newton iteration  0 : ||r|| = 0.00433129
   Pass :  1   Iteration :   0  ||B r|| = 51.2247 ...
   Pass :  1   Iteration :  42  ||B r|| = 4.7698e-05
norm(r_0) 0
norm(r_1) 0
norm(r_2) 0
norm(r_3) 3.5337863e-05
norm(r_4) 0
Newton iteration  1 : ||r|| = 3.53379e-05, ||r||/||r_0|| = 0.00815873
Setting time step: 0.019710269 in DGTransportTDO
Setting time step: 0.019710269 in CombinedOp
Setting time step: 0.019710269 in IonStaticPressureOp
norm(r_0) 0
norm(r_1) 0
norm(r_2) 0
norm(r_3) 0.0045867116
norm(r_4) 0
Newton iteration  0 : ||r|| = 0.00458671
   Pass :  1   Iteration :   0  ||B r|| = 54.2455 ...
   Pass :  1   Iteration :  42  ||B r|| = 5.05083e-05
norm(r_0) 0
norm(r_1) 0
norm(r_2) 0
norm(r_3) 3.7420461e-05
norm(r_4) 0
Newton iteration  1 : ||r|| = 3.74205e-05, ||r||/||r_0|| = 0.00815845
Setting time step: 0.019710269 in DGTransportTDO
Setting time step: 0.019710269 in CombinedOp
Setting time step: 0.019710269 in IonStaticPressureOp
norm(r_0) 0
norm(r_1) 0
norm(r_2) 0
norm(r_3) 0.0026173318
norm(r_4) 0
Newton iteration  0 : ||r|| = 0.00261733
   Pass :  1   Iteration :   0  ||B r|| = 30.9543 ...
   Pass :  1   Iteration :  42  ||B r|| = 2.88038e-05
norm(r_0) 0
norm(r_1) 0
norm(r_2) 0
norm(r_3) 2.134407e-05
norm(r_4) 0
Newton iteration  1 : ||r|| = 2.13441e-05, ||r||/||r_0|| = 0.0081549
Setting time step: 0.038633213 in DGTransportTDO
Setting time step: 0.038633213 in CombinedOp
Setting time step: 0.038633213 in IonStaticPressureOp
norm(r_0) 0
norm(r_1) 0
norm(r_2) 0
norm(r_3) 0.0020782739
norm(r_4) 0
Newton iteration  0 : ||r|| = 0.00207827
   Pass :  1   Iteration :   0  ||B r|| = 15.285 ...
   Pass :  1   Iteration :  44  ||B r|| = 1.47684e-05
norm(r_0) 0
norm(r_1) 0
norm(r_2) 0
norm(r_3) 1.9479018e-05
norm(r_4) 0
Newton iteration  1 : ||r|| = 1.9479e-05, ||r||/||r_0|| = 0.00937269
Setting time step: 0.038633213 in DGTransportTDO
Setting time step: 0.038633213 in CombinedOp
Setting time step: 0.038633213 in IonStaticPressureOp
norm(r_0) 0
norm(r_1) 0
norm(r_2) 0
norm(r_3) 0.00067772801
norm(r_4) 0
Newton iteration  0 : ||r|| = 0.000677728
   Pass :  1   Iteration :   0  ||B r|| = 4.9816 ...
   Pass :  1   Iteration :  44  ||B r|| = 4.85704e-06
norm(r_0) 0
norm(r_1) 0
norm(r_2) 0
norm(r_3) 6.394236e-06
norm(r_4) 0
Newton iteration  1 : ||r|| = 6.39424e-06, ||r||/||r_0|| = 0.00943481
Setting time step: 0.038633213 in DGTransportTDO
Setting time step: 0.038633213 in CombinedOp
Setting time step: 0.038633213 in IonStaticPressureOp
norm(r_0) 0
norm(r_1) 0
norm(r_2) 0
norm(r_3) 0.0011623418
norm(r_4) 0
Newton iteration  0 : ||r|| = 0.00116234
   Pass :  1   Iteration :   0  ||B r|| = 8.54732 ...
   Pass :  1   Iteration :  44  ||B r|| = 8.29416e-06
norm(r_0) 0
norm(r_1) 0
norm(r_2) 0
norm(r_3) 1.0930128e-05
norm(r_4) 0
Newton iteration  1 : ||r|| = 1.09301e-05, ||r||/||r_0|| = 0.00940354
Setting time step: 0.038633213 in DGTransportTDO
Setting time step: 0.038633213 in CombinedOp
Setting time step: 0.038633213 in IonStaticPressureOp
norm(r_0) 0
norm(r_1) 0
norm(r_2) 0
norm(r_3) 0.0013168457
norm(r_4) 0
Newton iteration  0 : ||r|| = 0.00131685
   Pass :  1   Iteration :   0  ||B r|| = 9.68411 ...
   Pass :  1   Iteration :  44  ||B r|| = 9.38561e-06
norm(r_0) 0
norm(r_1) 0
norm(r_2) 0
norm(r_3) 1.2371617e-05
norm(r_4) 0
Newton iteration  1 : ||r|| = 1.23716e-05, ||r||/||r_0|| = 0.00939489
Setting time step: 0.038633213 in DGTransportTDO
Setting time step: 0.038633213 in CombinedOp
Setting time step: 0.038633213 in IonStaticPressureOp
norm(r_0) 0
norm(r_1) 0
norm(r_2) 0
norm(r_3) 0.00042667082
norm(r_4) 0
Newton iteration  0 : ||r|| = 0.000426671
   Pass :  1   Iteration :   0  ||B r|| = 3.12906 ...
   Pass :  1   Iteration :  44  ||B r|| = 2.9533e-06
norm(r_0) 0
norm(r_1) 0
norm(r_2) 0
norm(r_3) 3.9117447e-06
norm(r_4) 0
Newton iteration  1 : ||r|| = 3.91174e-06, ||r||/||r_0|| = 0.00916806
Setting time step: 0.042503314 in DGTransportTDO
Setting time step: 0.042503314 in CombinedOp
Setting time step: 0.042503314 in IonStaticPressureOp
norm(r_0) 0
norm(r_1) 0
norm(r_2) 0
norm(r_3) 0.00028206783
norm(r_4) 0
Newton iteration  0 : ||r|| = 0.000282068
   Pass :  1   Iteration :   0  ||B r|| = 1.92232 ...
   Pass :  1   Iteration :  45  ||B r|| = 1.68257e-06
norm(r_0) 0
norm(r_1) 0
norm(r_2) 0
norm(r_3) 2.4839023e-06
norm(r_4) 0
Newton iteration  1 : ||r|| = 2.4839e-06, ||r||/||r_0|| = 0.00880605
Setting time step: 0.042503314 in DGTransportTDO
Setting time step: 0.042503314 in CombinedOp
Setting time step: 0.042503314 in IonStaticPressureOp
norm(r_0) 0
norm(r_1) 0
norm(r_2) 0
norm(r_3) 7.9779754e-05
norm(r_4) 0
Newton iteration  0 : ||r|| = 7.97798e-05
   Pass :  1   Iteration :   0  ||B r|| = 0.543268 ...
   Pass :  1   Iteration :  41  ||B r|| = 9.18738e-07
norm(r_0) 0
norm(r_1) 0
norm(r_2) 0
norm(r_3) 1.3518341e-06
norm(r_4) 0
Newton iteration  1 : ||r|| = 1.35183e-06, ||r||/||r_0|| = 0.0169446
Setting time step: 0.042503314 in DGTransportTDO
Setting time step: 0.042503314 in CombinedOp
Setting time step: 0.042503314 in IonStaticPressureOp
norm(r_0) 0
norm(r_1) 0
norm(r_2) 0
norm(r_3) 0.00014905829
norm(r_4) 0
Newton iteration  0 : ||r|| = 0.000149058
   Pass :  1   Iteration :   0  ||B r|| = 1.01574 ...
   Pass :  1   Iteration :  45  ||B r|| = 8.88561e-07
norm(r_0) 0
norm(r_1) 0
norm(r_2) 0
norm(r_3) 1.3119314e-06
norm(r_4) 0
Newton iteration  1 : ||r|| = 1.31193e-06, ||r||/||r_0|| = 0.00880147
Setting time step: 0.042503314 in DGTransportTDO
Setting time step: 0.042503314 in CombinedOp
Setting time step: 0.042503314 in IonStaticPressureOp
norm(r_0) 0
norm(r_1) 0
norm(r_2) 0
norm(r_3) 0.00017153587
norm(r_4) 0
Newton iteration  0 : ||r|| = 0.000171536
   Pass :  1   Iteration :   0  ||B r|| = 1.169 ...
   Pass :  1   Iteration :  45  ||B r|| = 1.02271e-06
norm(r_0) 0
norm(r_1) 0
norm(r_2) 0
norm(r_3) 1.5099689e-06
norm(r_4) 0
Newton iteration  1 : ||r|| = 1.50997e-06, ||r||/||r_0|| = 0.00880264
Setting time step: 0.042503314 in DGTransportTDO
Setting time step: 0.042503314 in CombinedOp
Setting time step: 0.042503314 in IonStaticPressureOp
norm(r_0) 0
norm(r_1) 0
norm(r_2) 0
norm(r_3) 5.0258984e-05
norm(r_4) 0
Newton iteration  0 : ||r|| = 5.0259e-05
   Pass :  1   Iteration :   0  ||B r|| = 0.339903 ...
   Pass :  1   Iteration :  39  ||B r|| = 8.17384e-07
norm(r_0) 0
norm(r_1) 0
norm(r_2) 0
norm(r_3) 1.2163356e-06
norm(r_4) 0
Newton iteration  1 : ||r|| = 1.21634e-06, ||r||/||r_0|| = 0.0242014
Setting time step: 0.085006629 in DGTransportTDO
Setting time step: 0.085006629 in CombinedOp
Setting time step: 0.085006629 in IonStaticPressureOp
norm(r_0) 0
norm(r_1) 0
norm(r_2) 0
norm(r_3) 3.2003922e-05
norm(r_4) 0
Newton iteration  0 : ||r|| = 3.20039e-05
   Pass :  1   Iteration :   0  ||B r|| = 0.120712 ...
   Pass :  1   Iteration :  34  ||B r|| = 9.96379e-07
norm(r_0) 0
norm(r_1) 0
norm(r_2) 0
norm(r_3) 2.7032077e-06
norm(r_4) 0
Newton iteration  1 : ||r|| = 2.70321e-06, ||r||/||r_0|| = 0.0844649
Setting time step: 0.085006629 in DGTransportTDO
Setting time step: 0.085006629 in CombinedOp
Setting time step: 0.085006629 in IonStaticPressureOp
norm(r_0) 0
norm(r_1) 0
norm(r_2) 0
norm(r_3) 4.9958159e-06
norm(r_4) 0
Newton iteration  0 : ||r|| = 4.99582e-06
   Pass :  1   Iteration :   0  ||B r|| = 0.00676233 ...
   Pass :  1   Iteration :  22  ||B r|| = 8.32352e-07
norm(r_0) 0
norm(r_1) 0
norm(r_2) 0
norm(r_3) 1.3659884e-06
norm(r_4) 0
Newton iteration  1 : ||r|| = 1.36599e-06, ||r||/||r_0|| = 0.273426
Setting time step: 0.085006629 in DGTransportTDO
Setting time step: 0.085006629 in CombinedOp
Setting time step: 0.085006629 in IonStaticPressureOp
norm(r_0) 0
norm(r_1) 0
norm(r_2) 0
norm(r_3) 9.788959e-06
norm(r_4) 0
Newton iteration  0 : ||r|| = 9.78896e-06
   Pass :  1   Iteration :   0  ||B r|| = 0.0334573 ...
   Pass :  1   Iteration :  29  ||B r|| = 8.48087e-07
norm(r_0) 0
norm(r_1) 0
norm(r_2) 0
norm(r_3) 1.8602805e-06
norm(r_4) 0
Newton iteration  1 : ||r|| = 1.86028e-06, ||r||/||r_0|| = 0.190039
Setting time step: 0.085006629 in DGTransportTDO
Setting time step: 0.085006629 in CombinedOp
Setting time step: 0.085006629 in IonStaticPressureOp
norm(r_0) 0
norm(r_1) 0
norm(r_2) 0
norm(r_3) 1.3311314e-05
norm(r_4) 0
Newton iteration  0 : ||r|| = 1.33113e-05
   Pass :  1   Iteration :   0  ||B r|| = 0.0484948 ...
   Pass :  1   Iteration :  30  ||B r|| = 9.52381e-07
norm(r_0) 0
norm(r_1) 0
norm(r_2) 0
norm(r_3) 2.3016683e-06
norm(r_4) 0
Newton iteration  1 : ||r|| = 2.30167e-06, ||r||/||r_0|| = 0.172911
Setting time step: 0.085006629 in DGTransportTDO
Setting time step: 0.085006629 in CombinedOp
Setting time step: 0.085006629 in IonStaticPressureOp
norm(r_0) 0
norm(r_1) 0
norm(r_2) 0
norm(r_3) 7.7256031e-05
norm(r_4) 0
Newton iteration  0 : ||r|| = 7.7256e-05
   Pass :  1   Iteration :   0  ||B r|| = 0.013984 ...
   Pass :  1   Iteration :  25  ||B r|| = 9.07919e-07
norm(r_0) 0
norm(r_1) 0
norm(r_2) 0
norm(r_3) 1.6627125e-06
norm(r_4) 0
Newton iteration  1 : ||r|| = 1.66271e-06, ||r||/||r_0|| = 0.0215221
Time stepping paused at t = 0.8934137

Estimating errors.
No refinements necessary.
No derefinements needed.

AMR iteration 2
Number of unknowns: 65536
Setting time step: 0.17001326 in DGTransportTDO
Setting time step: 0.17001326 in CombinedOp
Setting time step: 0.17001326 in IonStaticPressureOp
norm(r_0) 0
norm(r_1) 0
norm(r_2) 0
norm(r_3) 2.4157875e-06
norm(r_4) 0
Newton iteration  0 : ||r|| = 2.41579e-06
   Pass :  1   Iteration :   0  ||B r|| = 0.00349504 ...
   Pass :  1   Iteration :  20  ||B r|| = 9.43982e-07
norm(r_0) 0
norm(r_1) 0
norm(r_2) 0
norm(r_3) 2.7554902e-06
norm(r_4) 0
Newton iteration  1 : ||r|| = 2.75549e-06, ||r||/||r_0|| = 1.14062
Setting time step: 0.17001326 in DGTransportTDO
Setting time step: 0.17001326 in CombinedOp
Setting time step: 0.17001326 in IonStaticPressureOp
norm(r_0) 0
norm(r_1) 0
norm(r_2) 0
norm(r_3) 5.512838e-06
norm(r_4) 0
Newton iteration  0 : ||r|| = 5.51284e-06
   Pass :  1   Iteration :   0  ||B r|| = 0.00133547 ...
   Pass :  1   Iteration :  16  ||B r|| = 8.53378e-07
norm(r_0) 0
norm(r_1) 0
norm(r_2) 0
norm(r_3) 2.7389384e-06
norm(r_4) 0
Newton iteration  1 : ||r|| = 2.73894e-06, ||r||/||r_0|| = 0.496829
Setting time step: 0.17001326 in DGTransportTDO
Setting time step: 0.17001326 in CombinedOp
Setting time step: 0.17001326 in IonStaticPressureOp
norm(r_0) 0
norm(r_1) 0
norm(r_2) 0
norm(r_3) 4.6934776e-06
norm(r_4) 0
Newton iteration  0 : ||r|| = 4.69348e-06
   Pass :  1   Iteration :   0  ||B r|| = 6.23729e-05 ...
   Pass :  1   Iteration :   7  ||B r|| = 8.98375e-07
norm(r_0) 0
norm(r_1) 0
norm(r_2) 0
norm(r_3) 2.9008972e-06
norm(r_4) 0
Newton iteration  1 : ||r|| = 2.9009e-06, ||r||/||r_0|| = 0.61807
Setting time step: 0.17001326 in DGTransportTDO
Setting time step: 0.17001326 in CombinedOp
Setting time step: 0.17001326 in IonStaticPressureOp
norm(r_0) 0
norm(r_1) 0
norm(r_2) 0
norm(r_3) 3.6646527e-06
norm(r_4) 0
Newton iteration  0 : ||r|| = 3.66465e-06
   Pass :  1   Iteration :   0  ||B r|| = 0.000668465 ...
   Pass :  1   Iteration :  14  ||B r|| = 8.37968e-07
norm(r_0) 0
norm(r_1) 0
norm(r_2) 0
norm(r_3) 2.2735677e-06
norm(r_4) 0
Newton iteration  1 : ||r|| = 2.27357e-06, ||r||/||r_0|| = 0.620405
Setting time step: 0.17001326 in DGTransportTDO
Setting time step: 0.17001326 in CombinedOp
Setting time step: 0.17001326 in IonStaticPressureOp
norm(r_0) 0
norm(r_1) 0
norm(r_2) 0
norm(r_3) 0.0001310923
norm(r_4) 0
Newton iteration  0 : ||r|| = 0.000131092
   Pass :  1   Iteration :   0  ||B r|| = 0.00137817 ...
   Pass :  1   Iteration :  17  ||B r|| = 9.76969e-07
norm(r_0) 0
norm(r_1) 0
norm(r_2) 0
norm(r_3) 3.6347623e-06
norm(r_4) 0
Newton iteration  1 : ||r|| = 3.63476e-06, ||r||/||r_0|| = 0.0277267
Setting time step: 0.34002651 in DGTransportTDO
Setting time step: 0.34002651 in CombinedOp
Setting time step: 0.34002651 in IonStaticPressureOp
norm(r_0) 0
norm(r_1) 0
norm(r_2) 0
norm(r_3) 3.6434586e-06
norm(r_4) 0
Newton iteration  0 : ||r|| = 3.64346e-06
   Pass :  1   Iteration :   0  ||B r|| = 0.000230501 ...
   Pass :  1   Iteration :  11  ||B r|| = 8.79975e-07
norm(r_0) 0
norm(r_1) 0
norm(r_2) 0
norm(r_3) 4.2027642e-06
norm(r_4) 0
Newton iteration  1 : ||r|| = 4.20276e-06, ||r||/||r_0|| = 1.15351
Setting time step: 0.34002651 in DGTransportTDO
Setting time step: 0.34002651 in CombinedOp
Setting time step: 0.34002651 in IonStaticPressureOp
norm(r_0) 0
norm(r_1) 0
norm(r_2) 0
norm(r_3) 9.915844e-06
norm(r_4) 0
Newton iteration  0 : ||r|| = 9.91584e-06
   Pass :  1   Iteration :   0  ||B r|| = 0.000143449 ...
   Pass :  1   Iteration :   8  ||B r|| = 9.14619e-07
norm(r_0) 0
norm(r_1) 0
norm(r_2) 0
norm(r_3) 3.8380359e-06
norm(r_4) 0
Newton iteration  1 : ||r|| = 3.83804e-06, ||r||/||r_0|| = 0.387061
Setting time step: 0.34002651 in DGTransportTDO
Setting time step: 0.34002651 in CombinedOp
Setting time step: 0.34002651 in IonStaticPressureOp
norm(r_0) 0
norm(r_1) 0
norm(r_2) 0
norm(r_3) 7.6346349e-06
norm(r_4) 0
Newton iteration  0 : ||r|| = 7.63463e-06
   Pass :  1   Iteration :   0  ||B r|| = 4.24318e-05 ...
   Pass :  1   Iteration :   5  ||B r|| = 5.71629e-07
norm(r_0) 0
norm(r_1) 0
norm(r_2) 0
norm(r_3) 5.3151791e-06
norm(r_4) 0
Newton iteration  1 : ||r|| = 5.31518e-06, ||r||/||r_0|| = 0.696193
Setting time step: 0.34002651 in DGTransportTDO
Setting time step: 0.34002651 in CombinedOp
Setting time step: 0.34002651 in IonStaticPressureOp
norm(r_0) 0
norm(r_1) 0
norm(r_2) 0
norm(r_3) 5.3792268e-06
norm(r_4) 0
Newton iteration  0 : ||r|| = 5.37923e-06
   Pass :  1   Iteration :   0  ||B r|| = 6.91533e-06 ...
   Pass :  1   Iteration :   3  ||B r|| = 8.41827e-07
norm(r_0) 0
norm(r_1) 0
norm(r_2) 0
norm(r_3) 4.3924948e-06
norm(r_4) 0
Newton iteration  1 : ||r|| = 4.39249e-06, ||r||/||r_0|| = 0.816566
Setting time step: 0.34002651 in DGTransportTDO
Setting time step: 0.34002651 in CombinedOp
Setting time step: 0.34002651 in IonStaticPressureOp
norm(r_0) 0
norm(r_1) 0
norm(r_2) 0
norm(r_3) 0.00013178605
norm(r_4) 0
Newton iteration  0 : ||r|| = 0.000131786
   Pass :  1   Iteration :   0  ||B r|| = 0.000227496 ...
   Pass :  1   Iteration :  14  ||B r|| = 9.84965e-07
norm(r_0) 0
norm(r_1) 0
norm(r_2) 0
norm(r_3) 7.5823494e-06
norm(r_4) 0
Newton iteration  1 : ||r|| = 7.58235e-06, ||r||/||r_0|| = 0.0575353
Setting time step: 0.68005303 in DGTransportTDO
Setting time step: 0.68005303 in CombinedOp
Setting time step: 0.68005303 in IonStaticPressureOp
norm(r_0) 0
norm(r_1) 0
norm(r_2) 0
norm(r_3) 7.5824561e-06
norm(r_4) 0
Newton iteration  0 : ||r|| = 7.58246e-06
   Pass :  1   Iteration :   0  ||B r|| = 1.36417e-05 ...
   Pass :  1   Iteration :   2  ||B r|| = 5.55714e-07
norm(r_0) 0
norm(r_1) 0
norm(r_2) 0
norm(r_3) 7.4446917e-06
norm(r_4) 0
Newton iteration  1 : ||r|| = 7.44469e-06, ||r||/||r_0|| = 0.981831
Setting time step: 0.68005303 in DGTransportTDO
Setting time step: 0.68005303 in CombinedOp
Setting time step: 0.68005303 in IonStaticPressureOp
norm(r_0) 0
norm(r_1) 0
norm(r_2) 0
norm(r_3) 9.0322709e-06
norm(r_4) 0
Newton iteration  0 : ||r|| = 9.03227e-06
   Pass :  1   Iteration :   0  ||B r|| = 1.2523e-05 ...
   Pass :  1   Iteration :   1  ||B r|| = 3.84041e-07
norm(r_0) 0
norm(r_1) 0
norm(r_2) 0
norm(r_3) 7.7963113e-06
norm(r_4) 0
Newton iteration  1 : ||r|| = 7.79631e-06, ||r||/||r_0|| = 0.863162
Setting time step: 0.68005303 in DGTransportTDO
Setting time step: 0.68005303 in CombinedOp
Setting time step: 0.68005303 in IonStaticPressureOp
norm(r_0) 0
norm(r_1) 0
norm(r_2) 0
norm(r_3) 1.0287919e-05
norm(r_4) 0
Newton iteration  0 : ||r|| = 1.02879e-05
   Pass :  1   Iteration :   0  ||B r|| = 6.12391e-06 ...
   Pass :  1   Iteration :   1  ||B r|| = 4.83241e-07
norm(r_0) 0
norm(r_1) 0
norm(r_2) 0
norm(r_3) 1.0359389e-05
norm(r_4) 0
Newton iteration  1 : ||r|| = 1.03594e-05, ||r||/||r_0|| = 1.00695
Setting time step: 0.68005303 in DGTransportTDO
Setting time step: 0.68005303 in CombinedOp
Setting time step: 0.68005303 in IonStaticPressureOp
norm(r_0) 0
norm(r_1) 0
norm(r_2) 0
norm(r_3) 8.4308081e-06
norm(r_4) 0
Newton iteration  0 : ||r|| = 8.43081e-06
   Pass :  1   Iteration :   0  ||B r|| = 2.50904e-06 ...
   Pass :  1   Iteration :   1  ||B r|| = 5.46843e-07
norm(r_0) 0
norm(r_1) 0
norm(r_2) 0
norm(r_3) 8.651265e-06
norm(r_4) 0
Newton iteration  1 : ||r|| = 8.65127e-06, ||r||/||r_0|| = 1.02615
Setting time step: 0.68005303 in DGTransportTDO
Setting time step: 0.68005303 in CombinedOp
Setting time step: 0.68005303 in IonStaticPressureOp
norm(r_0) 0
norm(r_1) 0
norm(r_2) 0
norm(r_3) 8.7708051e-05
norm(r_4) 0
Newton iteration  0 : ||r|| = 8.77081e-05
   Pass :  1   Iteration :   0  ||B r|| = 2.84045e-05 ...
   Pass :  1   Iteration :   2  ||B r|| = 3.11857e-07
norm(r_0) 0
norm(r_1) 0
norm(r_2) 0
norm(r_3) 2.2390114e-06
norm(r_4) 0
Newton iteration  1 : ||r|| = 2.23901e-06, ||r||/||r_0|| = 0.025528
Setting time step: 1.3601061 in DGTransportTDO
Setting time step: 1.3601061 in CombinedOp
Setting time step: 1.3601061 in IonStaticPressureOp
norm(r_0) 0
norm(r_1) 0
norm(r_2) 0
norm(r_3) 2.2390155e-06
norm(r_4) 0
Newton iteration  0 : ||r|| = 2.23902e-06
   Pass :  1   Iteration :   0  ||B r|| = 3.76987e-07
norm(r_0) 0
norm(r_1) 0
norm(r_2) 0
norm(r_3) 2.2390155e-06
norm(r_4) 0
Newton iteration  1 : ||r|| = 2.23902e-06, ||r||/||r_0|| = 1
Setting time step: 1.3601061 in DGTransportTDO
Setting time step: 1.3601061 in CombinedOp
Setting time step: 1.3601061 in IonStaticPressureOp
norm(r_0) 0
norm(r_1) 0
norm(r_2) 0
norm(r_3) 2.2390155e-06
norm(r_4) 0
Newton iteration  0 : ||r|| = 2.23902e-06
   Pass :  1   Iteration :   0  ||B r|| = 3.76987e-07
norm(r_0) 0
norm(r_1) 0
norm(r_2) 0
norm(r_3) 2.2390155e-06
norm(r_4) 0
Newton iteration  1 : ||r|| = 2.23902e-06, ||r||/||r_0|| = 1
Setting time step: 1.3601061 in DGTransportTDO
Setting time step: 1.3601061 in CombinedOp
Setting time step: 1.3601061 in IonStaticPressureOp
norm(r_0) 0
norm(r_1) 0
norm(r_2) 0
norm(r_3) 2.2390155e-06
norm(r_4) 0
Newton iteration  0 : ||r|| = 2.23902e-06
   Pass :  1   Iteration :   0  ||B r|| = 3.76987e-07
norm(r_0) 0
norm(r_1) 0
norm(r_2) 0
norm(r_3) 2.2390155e-06
norm(r_4) 0
Newton iteration  1 : ||r|| = 2.23902e-06, ||r||/||r_0|| = 1
Setting time step: 1.3601061 in DGTransportTDO
Setting time step: 1.3601061 in CombinedOp
Setting time step: 1.3601061 in IonStaticPressureOp
norm(r_0) 0
norm(r_1) 0
norm(r_2) 0
norm(r_3) 2.2390155e-06
norm(r_4) 0
Newton iteration  0 : ||r|| = 2.23902e-06
   Pass :  1   Iteration :   0  ||B r|| = 3.76987e-07
norm(r_0) 0
norm(r_1) 0
norm(r_2) 0
norm(r_3) 2.2390155e-06
norm(r_4) 0
Newton iteration  1 : ||r|| = 2.23902e-06, ||r||/||r_0|| = 1
Setting time step: 1.3601061 in DGTransportTDO
Setting time step: 1.3601061 in CombinedOp
Setting time step: 1.3601061 in IonStaticPressureOp
norm(r_0) 0
norm(r_1) 0
norm(r_2) 0
norm(r_3) 2.2390155e-06
norm(r_4) 0
Newton iteration  0 : ||r|| = 2.23902e-06
   Pass :  1   Iteration :   0  ||B r|| = 3.76987e-07
norm(r_0) 0
norm(r_1) 0
norm(r_2) 0
norm(r_3) 2.2390155e-06
norm(r_4) 0
Newton iteration  1 : ||r|| = 2.23902e-06, ||r||/||r_0|| = 1
Time stepping paused at t = 11.094209
Steady State solution has been reached

Time stepping done after 36.855312s.
