Options used:
   --mesh ../../mfem/data/inline-quad.mesh
   --bc-file ../../mfem/miniapps/plasma/transport2d_bcs.inp
   --ic-file ../../mfem/miniapps/plasma/transport2d_ics.inp
   --ec-file /home/gz6/mfem-analysis/input-files/transport2d_ecs.inp
   --es-file ../../mfem/miniapps/plasma/transport2d_ess.inp
   --eqdsk-file 
   --logging 1
   --operator-test 8
   --equation-weights '1 1 1 1 1'
   --problem 0
   --refine-serial 3
   --refine-parallel 0
   --enable-amr
   --max-err -1
   --hysteresis 0.25
   --nc-limit 3
   --amr-weights '1 1 1 1 1'
   --order 2
   --dg-sigma -1
   --dg-kappa 9
   --linear-abs-tolerance 1e-06
   --linear-rel-tolerance 1e-06
   --linear-max-iterations 500
   --linear-logging-level 3
   --newton-abs-tolerance 1e-10
   --newton-rel-tolerance 1e-10
   --newton-max-iterations 1
   --newton-logging-level 1
   --steady-state-abs-tolerance 1e-08
   --steady-state-rel-tolerance 1e-08
   --prec-type 1
   --prec-logging-level 0
   --initial-tolerance 1e-05
   --ode-tolerance 0.001
   --ode-solver 2
   --err-per-step
   --ode-weights '1 1 1 1 1'
   --kP 0
   --kI 0.6
   --kD 0
   --theta-max 2
   --t-minimum 0
   --t-final 100
   --time-step 0.01
   --cfl-number 0.3
   --ion-charge 1
   --ion-mass 2.0141018
   --neutral-mass 2.0141018
   --neutral-temp 3
   --min-neutral-density 9e+14
   --max-neutral-density 1e+15
   --neutral-density-exp 0
   --min-ion-density 1e+16
   --max-ion-density 1e+18
   --ion-density-exp 0
   --min-ion-temp 1
   --max-ion-temp 10
   --ion-temp-exp 0
   --min-electron-temp 10
   --max-electron-temp 440
   --electron-temp-exp 0
   --total-B-magnitude 5
   --poloidal-B-magnitude 0.5
   --velocity 1000
   --Di-perp 1
   --Xi-perp 1
   --Xe-perp 1
   --equation-term-flags '-1 -1 -1 -1 -1'
   --visualization-flags '-1 -1 -1 -1 -1'
   --visualization
   --visit-datafiles
   --ascii-datafiles
   --visualization-steps 4
Device configuration: cpu
Memory configuration: host-std
Number of elements in initial mesh: 16
10: Number of elements in parallel mesh: 64
10: Number of elements after parallel refinement: 64
11: Number of elements in parallel mesh: 64
11: Number of elements after parallel refinement: 64
9: Number of elements in parallel mesh: 64
9: Number of elements after parallel refinement: 64
5: Number of elements in parallel mesh: 64
5: Number of elements after parallel refinement: 64
6: Number of elements in parallel mesh: 64
6: Number of elements after parallel refinement: 64
7: Number of elements in parallel mesh: 64
7: Number of elements after parallel refinement: 64
12: Number of elements in parallel mesh: 64
12: Number of elements after parallel refinement: 64
13: Number of elements in parallel mesh: 64
13: Number of elements after parallel refinement: 64
4: Number of elements in parallel mesh: 64
4: Number of elements after parallel refinement: 64
Number of elements after serial refinement: 1024
0: Number of elements in parallel mesh: 64
0: Number of elements after parallel refinement: 64
3: Number of elements in parallel mesh: 64
3: Number of elements after parallel refinement: 64
1: Number of elements in parallel mesh: 64
1: Number of elements after parallel refinement: 64
8: Number of elements in parallel mesh: 64
8: Number of elements after parallel refinement: 64
15: Number of elements in parallel mesh: 64
15: Number of elements after parallel refinement: 64
14: Number of elements in parallel mesh: 64
14: Number of elements after parallel refinement: 64
2: Number of elements in parallel mesh: 64
2: Number of elements after parallel refinement: 64
Configuring initial conditions
Reading initial conditions from ../../mfem/miniapps/plasma/transport2d_ics.inp
Configuring exact solutions
Reading exact solutions from ../../mfem/miniapps/plasma/transport2d_ess.inp

AMR iteration 0
Number of unknowns: 9216
Stopping criterion satisfied. Stop.
Number of unknowns per field: 9216
Total number of unknowns:     46080
Configuring boundary conditions
Reading boundary conditions from ../../mfem/miniapps/plasma/transport2d_bcs.inp
Configuring equation coefficients
Reading equation coefficients from /home/gz6/mfem-analysis/input-files/transport2d_ecs.inp
|mn| = 3.3444946e-27
|ni| = 1
|ne| = 1

|Dn|     = -nan
|Di|     = -nan
|Eta|    = -nan
|nXi|    = -nan
|nXe|    = -nan

|Eta/mn| = -nan
|nXi/ni| = -nan
|nXe/ne| = -nan
Ion Static Pressure: Adding time derivative term proportional to d n_i / dt
Ion Static Pressure: Adding time derivative term proportional to d T_i / dt
Ion Static Pressure: Adding anisotropic diffusion term
Ion Static Pressure: Adding source term
Opening GLVis sockets.
Range of error estimates for initial condition: -nan < elem err < -nan

Begin time stepping at t = 0
Setting time step: 0.0025 in DGTransportTDO
Setting time step: 0.0025 in CombinedOp
Setting time step: 0.0025 in IonStaticPressureOp
norm(r_0) 0
norm(r_1) 0
norm(r_2) 0
norm(r_3) 0.10851996
norm(r_4) 0
Newton iteration  0 : ||r|| = 0.10852
   Pass :  1   Iteration :   0  ||B r|| = 451.249 ...
   Pass :  1   Iteration :  24  ||B r|| = 0.000447168
norm(r_0) 0
norm(r_1) 0
norm(r_2) 0
norm(r_3) 5.2905177e-05
norm(r_4) 0
Newton iteration  1 : ||r|| = 5.29052e-05, ||r||/||r_0|| = 0.000487516
Setting time step: 0.0025 in DGTransportTDO
Setting time step: 0.0025 in CombinedOp
Setting time step: 0.0025 in IonStaticPressureOp
norm(r_0) 0
norm(r_1) 0
norm(r_2) 0
norm(r_3) 0.10160681
norm(r_4) 0
Newton iteration  0 : ||r|| = 0.101607
   Pass :  1   Iteration :   0  ||B r|| = 422.503 ...
   Pass :  1   Iteration :  24  ||B r|| = 0.000420286
norm(r_0) 0
norm(r_1) 0
norm(r_2) 0
norm(r_3) 4.9789626e-05
norm(r_4) 0
Newton iteration  1 : ||r|| = 4.97896e-05, ||r||/||r_0|| = 0.000490023
Setting time step: 0.0025 in DGTransportTDO
Setting time step: 0.0025 in CombinedOp
Setting time step: 0.0025 in IonStaticPressureOp
norm(r_0) 0
norm(r_1) 0
norm(r_2) 0
norm(r_3) 0.10433679
norm(r_4) 0
Newton iteration  0 : ||r|| = 0.104337
   Pass :  1   Iteration :   0  ||B r|| = 433.855 ...
   Pass :  1   Iteration :  24  ||B r|| = 0.000431146
norm(r_0) 0
norm(r_1) 0
norm(r_2) 0
norm(r_3) 5.105883e-05
norm(r_4) 0
Newton iteration  1 : ||r|| = 5.10588e-05, ||r||/||r_0|| = 0.000489366
Setting time step: 0.0025 in DGTransportTDO
Setting time step: 0.0025 in CombinedOp
Setting time step: 0.0025 in IonStaticPressureOp
norm(r_0) 0
norm(r_1) 0
norm(r_2) 0
norm(r_3) 0.10503367
norm(r_4) 0
Newton iteration  0 : ||r|| = 0.105034
   Pass :  1   Iteration :   0  ||B r|| = 436.753 ...
   Pass :  1   Iteration :  24  ||B r|| = 0.000433793
norm(r_0) 0
norm(r_1) 0
norm(r_2) 0
norm(r_3) 5.1362985e-05
norm(r_4) 0
Newton iteration  1 : ||r|| = 5.1363e-05, ||r||/||r_0|| = 0.000489014
Setting time step: 0.0025 in DGTransportTDO
Setting time step: 0.0025 in CombinedOp
Setting time step: 0.0025 in IonStaticPressureOp
norm(r_0) 0
norm(r_1) 0
norm(r_2) 0
norm(r_3) 0.098269235
norm(r_4) 0
Newton iteration  0 : ||r|| = 0.0982692
   Pass :  1   Iteration :   0  ||B r|| = 408.623 ...
   Pass :  1   Iteration :  24  ||B r|| = 0.000404115
norm(r_0) 0
norm(r_1) 0
norm(r_2) 0
norm(r_3) 4.7781474e-05
norm(r_4) 0
Newton iteration  1 : ||r|| = 4.77815e-05, ||r||/||r_0|| = 0.00048623
Setting time step: 0.005 in DGTransportTDO
Setting time step: 0.005 in CombinedOp
Setting time step: 0.005 in IonStaticPressureOp
norm(r_0) 0
norm(r_1) 0
norm(r_2) 0
norm(r_3) 0.095138913
norm(r_4) 0
Newton iteration  0 : ||r|| = 0.0951389
   Pass :  1   Iteration :   0  ||B r|| = 350.922 ...
   Pass :  1   Iteration :  25  ||B r|| = 0.000330345
norm(r_0) 0
norm(r_1) 0
norm(r_2) 0
norm(r_3) 7.2485851e-05
norm(r_4) 0
Newton iteration  1 : ||r|| = 7.24859e-05, ||r||/||r_0|| = 0.000761895
Setting time step: 0.005 in DGTransportTDO
Setting time step: 0.005 in CombinedOp
Setting time step: 0.005 in IonStaticPressureOp
norm(r_0) 0
norm(r_1) 0
norm(r_2) 0
norm(r_3) 0.083392124
norm(r_4) 0
Newton iteration  0 : ||r|| = 0.0833921
   Pass :  1   Iteration :   0  ||B r|| = 307.593 ...
   Pass :  1   Iteration :  25  ||B r|| = 0.000289872
norm(r_0) 0
norm(r_1) 0
norm(r_2) 0
norm(r_3) 6.3625385e-05
norm(r_4) 0
Newton iteration  1 : ||r|| = 6.36254e-05, ||r||/||r_0|| = 0.000762966
Setting time step: 0.005 in DGTransportTDO
Setting time step: 0.005 in CombinedOp
Setting time step: 0.005 in IonStaticPressureOp
norm(r_0) 0
norm(r_1) 0
norm(r_2) 0
norm(r_3) 0.0879748
norm(r_4) 0
Newton iteration  0 : ||r|| = 0.0879748
   Pass :  1   Iteration :   0  ||B r|| = 324.497 ...
   Pass :  1   Iteration :  25  ||B r|| = 0.000305711
norm(r_0) 0
norm(r_1) 0
norm(r_2) 0
norm(r_3) 6.7095983e-05
norm(r_4) 0
Newton iteration  1 : ||r|| = 6.7096e-05, ||r||/||r_0|| = 0.000762673
Setting time step: 0.005 in DGTransportTDO
Setting time step: 0.005 in CombinedOp
Setting time step: 0.005 in IonStaticPressureOp
norm(r_0) 0
norm(r_1) 0
norm(r_2) 0
norm(r_3) 0.089168176
norm(r_4) 0
Newton iteration  0 : ||r|| = 0.0891682
   Pass :  1   Iteration :   0  ||B r|| = 328.898 ...
   Pass :  1   Iteration :  25  ||B r|| = 0.00030981
norm(r_0) 0
norm(r_1) 0
norm(r_2) 0
norm(r_3) 6.7992437e-05
norm(r_4) 0
Newton iteration  1 : ||r|| = 6.79924e-05, ||r||/||r_0|| = 0.000762519
Setting time step: 0.005 in DGTransportTDO
Setting time step: 0.005 in CombinedOp
Setting time step: 0.005 in IonStaticPressureOp
norm(r_0) 0
norm(r_1) 0
norm(r_2) 0
norm(r_3) 0.077934917
norm(r_4) 0
Newton iteration  0 : ||r|| = 0.0779349
   Pass :  1   Iteration :   0  ||B r|| = 287.464 ...
   Pass :  1   Iteration :  25  ||B r|| = 0.000270394
norm(r_0) 0
norm(r_1) 0
norm(r_2) 0
norm(r_3) 5.931787e-05
norm(r_4) 0
Newton iteration  1 : ||r|| = 5.93179e-05, ||r||/||r_0|| = 0.000761121
Setting time step: 0.01 in DGTransportTDO
Setting time step: 0.01 in CombinedOp
Setting time step: 0.01 in IonStaticPressureOp
norm(r_0) 0
norm(r_1) 0
norm(r_2) 0
norm(r_3) 0.0731235
norm(r_4) 0
Newton iteration  0 : ||r|| = 0.0731235
   Pass :  1   Iteration :   0  ||B r|| = 216.053 ...
   Pass :  1   Iteration :  27  ||B r|| = 0.00015174
norm(r_0) 0
norm(r_1) 0
norm(r_2) 0
norm(r_3) 6.3676151e-05
norm(r_4) 0
Newton iteration  1 : ||r|| = 6.36762e-05, ||r||/||r_0|| = 0.000870803
Setting time step: 0.01 in DGTransportTDO
Setting time step: 0.01 in CombinedOp
Setting time step: 0.01 in IonStaticPressureOp
norm(r_0) 0
norm(r_1) 0
norm(r_2) 0
norm(r_3) 0.056116582
norm(r_4) 0
Newton iteration  0 : ||r|| = 0.0561166
   Pass :  1   Iteration :   0  ||B r|| = 165.803 ...
   Pass :  1   Iteration :  27  ||B r|| = 0.000116471
norm(r_0) 0
norm(r_1) 0
norm(r_2) 0
norm(r_3) 4.8883066e-05
norm(r_4) 0
Newton iteration  1 : ||r|| = 4.88831e-05, ||r||/||r_0|| = 0.000871098
Setting time step: 0.01 in DGTransportTDO
Setting time step: 0.01 in CombinedOp
Setting time step: 0.01 in IonStaticPressureOp
norm(r_0) 0
norm(r_1) 0
norm(r_2) 0
norm(r_3) 0.062602939
norm(r_4) 0
Newton iteration  0 : ||r|| = 0.0626029
   Pass :  1   Iteration :   0  ||B r|| = 184.968 ...
   Pass :  1   Iteration :  27  ||B r|| = 0.000129926
norm(r_0) 0
norm(r_1) 0
norm(r_2) 0
norm(r_3) 5.4527752e-05
norm(r_4) 0
Newton iteration  1 : ||r|| = 5.45278e-05, ||r||/||r_0|| = 0.000871009
Setting time step: 0.01 in DGTransportTDO
Setting time step: 0.01 in CombinedOp
Setting time step: 0.01 in IonStaticPressureOp
norm(r_0) 0
norm(r_1) 0
norm(r_2) 0
norm(r_3) 0.06435653
norm(r_4) 0
Newton iteration  0 : ||r|| = 0.0643565
   Pass :  1   Iteration :   0  ||B r|| = 190.15 ...
   Pass :  1   Iteration :  27  ||B r|| = 0.000133562
norm(r_0) 0
norm(r_1) 0
norm(r_2) 0
norm(r_3) 5.6052347e-05
norm(r_4) 0
Newton iteration  1 : ||r|| = 5.60523e-05, ||r||/||r_0|| = 0.000870966
Setting time step: 0.01 in DGTransportTDO
Setting time step: 0.01 in CombinedOp
Setting time step: 0.01 in IonStaticPressureOp
norm(r_0) 0
norm(r_1) 0
norm(r_2) 0
norm(r_3) 0.048883077
norm(r_4) 0
Newton iteration  0 : ||r|| = 0.0488831
   Pass :  1   Iteration :   0  ||B r|| = 144.432 ...
   Pass :  1   Iteration :  27  ||B r|| = 0.000101415
norm(r_0) 0
norm(r_1) 0
norm(r_2) 0
norm(r_3) 4.2552108e-05
norm(r_4) 0
Newton iteration  1 : ||r|| = 4.25521e-05, ||r||/||r_0|| = 0.000870488
Setting time step: 0.02 in DGTransportTDO
Setting time step: 0.02 in CombinedOp
Setting time step: 0.02 in IonStaticPressureOp
norm(r_0) 0
norm(r_1) 0
norm(r_2) 0
norm(r_3) 0.043198596
norm(r_4) 0
Newton iteration  0 : ||r|| = 0.0431986
   Pass :  1   Iteration :   0  ||B r|| = 90.2092 ...
   Pass :  1   Iteration :  28  ||B r|| = 7.18876e-05
norm(r_0) 0
norm(r_1) 0
norm(r_2) 0
norm(r_3) 5.2447686e-05
norm(r_4) 0
Newton iteration  1 : ||r|| = 5.24477e-05, ||r||/||r_0|| = 0.00121411
Setting time step: 0.02 in DGTransportTDO
Setting time step: 0.02 in CombinedOp
Setting time step: 0.02 in IonStaticPressureOp
norm(r_0) 0
norm(r_1) 0
norm(r_2) 0
norm(r_3) 0.025197822
norm(r_4) 0
Newton iteration  0 : ||r|| = 0.0251978
   Pass :  1   Iteration :   0  ||B r|| = 52.6184 ...
   Pass :  1   Iteration :  28  ||B r|| = 4.19454e-05
norm(r_0) 0
norm(r_1) 0
norm(r_2) 0
norm(r_3) 3.0612748e-05
norm(r_4) 0
Newton iteration  1 : ||r|| = 3.06127e-05, ||r||/||r_0|| = 0.0012149
Setting time step: 0.02 in DGTransportTDO
Setting time step: 0.02 in CombinedOp
Setting time step: 0.02 in IonStaticPressureOp
norm(r_0) 0
norm(r_1) 0
norm(r_2) 0
norm(r_3) 0.03179804
norm(r_4) 0
Newton iteration  0 : ||r|| = 0.031798
   Pass :  1   Iteration :   0  ||B r|| = 66.4016 ...
   Pass :  1   Iteration :  28  ||B r|| = 5.29264e-05
norm(r_0) 0
norm(r_1) 0
norm(r_2) 0
norm(r_3) 3.8622071e-05
norm(r_4) 0
Newton iteration  1 : ||r|| = 3.86221e-05, ||r||/||r_0|| = 0.00121461
Setting time step: 0.02 in DGTransportTDO
Setting time step: 0.02 in CombinedOp
Setting time step: 0.02 in IonStaticPressureOp
norm(r_0) 0
norm(r_1) 0
norm(r_2) 0
norm(r_3) 0.033704542
norm(r_4) 0
Newton iteration  0 : ||r|| = 0.0337045
   Pass :  1   Iteration :   0  ||B r|| = 70.3829 ...
   Pass :  1   Iteration :  28  ||B r|| = 5.6097e-05
norm(r_0) 0
norm(r_1) 0
norm(r_2) 0
norm(r_3) 4.0933761e-05
norm(r_4) 0
Newton iteration  1 : ||r|| = 4.09338e-05, ||r||/||r_0|| = 0.00121449
Setting time step: 0.02 in DGTransportTDO
Setting time step: 0.02 in CombinedOp
Setting time step: 0.02 in IonStaticPressureOp
norm(r_0) 0
norm(r_1) 0
norm(r_2) 0
norm(r_3) 0.019065563
norm(r_4) 0
Newton iteration  0 : ||r|| = 0.0190656
   Pass :  1   Iteration :   0  ||B r|| = 39.8129 ...
   Pass :  1   Iteration :  28  ||B r|| = 3.17097e-05
norm(r_0) 0
norm(r_1) 0
norm(r_2) 0
norm(r_3) 2.3123411e-05
norm(r_4) 0
Newton iteration  1 : ||r|| = 2.31234e-05, ||r||/||r_0|| = 0.00121284
Time stepping paused at t = 0.15

Estimating errors.
No refinements necessary.
No derefinements needed.

AMR iteration 1
Number of unknowns: 9216
Setting time step: 0.01970814 in DGTransportTDO
Setting time step: 0.01970814 in CombinedOp
Setting time step: 0.01970814 in IonStaticPressureOp
norm(r_0) 0
norm(r_1) 0
norm(r_2) 0
norm(r_3) 0.015093029
norm(r_4) 0
Newton iteration  0 : ||r|| = 0.015093
   Pass :  1   Iteration :   0  ||B r|| = 31.7899 ...
   Pass :  1   Iteration :  28  ||B r|| = 2.51727e-05
norm(r_0) 0
norm(r_1) 0
norm(r_2) 0
norm(r_3) 1.810721e-05
norm(r_4) 0
Newton iteration  1 : ||r|| = 1.81072e-05, ||r||/||r_0|| = 0.00119971
Setting time step: 0.01970814 in DGTransportTDO
Setting time step: 0.01970814 in CombinedOp
Setting time step: 0.01970814 in IonStaticPressureOp
norm(r_0) 0
norm(r_1) 0
norm(r_2) 0
norm(r_3) 0.0088765467
norm(r_4) 0
Newton iteration  0 : ||r|| = 0.00887655
   Pass :  1   Iteration :   0  ||B r|| = 18.6964 ...
   Pass :  1   Iteration :  28  ||B r|| = 1.48044e-05
norm(r_0) 0
norm(r_1) 0
norm(r_2) 0
norm(r_3) 1.0649343e-05
norm(r_4) 0
Newton iteration  1 : ||r|| = 1.06493e-05, ||r||/||r_0|| = 0.00119972
Setting time step: 0.01970814 in DGTransportTDO
Setting time step: 0.01970814 in CombinedOp
Setting time step: 0.01970814 in IonStaticPressureOp
norm(r_0) 0
norm(r_1) 0
norm(r_2) 0
norm(r_3) 0.011158305
norm(r_4) 0
Newton iteration  0 : ||r|| = 0.0111583
   Pass :  1   Iteration :   0  ||B r|| = 23.5024 ...
   Pass :  1   Iteration :  28  ||B r|| = 1.86101e-05
norm(r_0) 0
norm(r_1) 0
norm(r_2) 0
norm(r_3) 1.3386768e-05
norm(r_4) 0
Newton iteration  1 : ||r|| = 1.33868e-05, ||r||/||r_0|| = 0.00119971
Setting time step: 0.01970814 in DGTransportTDO
Setting time step: 0.01970814 in CombinedOp
Setting time step: 0.01970814 in IonStaticPressureOp
norm(r_0) 0
norm(r_1) 0
norm(r_2) 0
norm(r_3) 0.011816235
norm(r_4) 0
Newton iteration  0 : ||r|| = 0.0118162
   Pass :  1   Iteration :   0  ||B r|| = 24.8881 ...
   Pass :  1   Iteration :  28  ||B r|| = 1.97074e-05
norm(r_0) 0
norm(r_1) 0
norm(r_2) 0
norm(r_3) 1.4176076e-05
norm(r_4) 0
Newton iteration  1 : ||r|| = 1.41761e-05, ||r||/||r_0|| = 0.00119971
Setting time step: 0.01970814 in DGTransportTDO
Setting time step: 0.01970814 in CombinedOp
Setting time step: 0.01970814 in IonStaticPressureOp
norm(r_0) 0
norm(r_1) 0
norm(r_2) 0
norm(r_3) 0.0067431501
norm(r_4) 0
Newton iteration  0 : ||r|| = 0.00674315
   Pass :  1   Iteration :   0  ||B r|| = 14.2029 ...
   Pass :  1   Iteration :  28  ||B r|| = 1.12465e-05
norm(r_0) 0
norm(r_1) 0
norm(r_2) 0
norm(r_3) 8.0896265e-06
norm(r_4) 0
Newton iteration  1 : ||r|| = 8.08963e-06, ||r||/||r_0|| = 0.00119968
Setting time step: 0.038634419 in DGTransportTDO
Setting time step: 0.038634419 in CombinedOp
Setting time step: 0.038634419 in IonStaticPressureOp
norm(r_0) 0
norm(r_1) 0
norm(r_2) 0
norm(r_3) 0.0053544725
norm(r_4) 0
Newton iteration  0 : ||r|| = 0.00535447
   Pass :  1   Iteration :   0  ||B r|| = 7.35215 ...
   Pass :  1   Iteration :  29  ||B r|| = 5.76621e-06
norm(r_0) 0
norm(r_1) 0
norm(r_2) 0
norm(r_3) 8.5157279e-06
norm(r_4) 0
Newton iteration  1 : ||r|| = 8.51573e-06, ||r||/||r_0|| = 0.0015904
Setting time step: 0.038634419 in DGTransportTDO
Setting time step: 0.038634419 in CombinedOp
Setting time step: 0.038634419 in IonStaticPressureOp
norm(r_0) 0
norm(r_1) 0
norm(r_2) 0
norm(r_3) 0.001745065
norm(r_4) 0
Newton iteration  0 : ||r|| = 0.00174506
   Pass :  1   Iteration :   0  ||B r|| = 2.39607 ...
   Pass :  1   Iteration :  29  ||B r|| = 1.87968e-06
norm(r_0) 0
norm(r_1) 0
norm(r_2) 0
norm(r_3) 2.7766805e-06
norm(r_4) 0
Newton iteration  1 : ||r|| = 2.77668e-06, ||r||/||r_0|| = 0.00159116
Setting time step: 0.038634419 in DGTransportTDO
Setting time step: 0.038634419 in CombinedOp
Setting time step: 0.038634419 in IonStaticPressureOp
norm(r_0) 0
norm(r_1) 0
norm(r_2) 0
norm(r_3) 0.002994147
norm(r_4) 0
Newton iteration  0 : ||r|| = 0.00299415
   Pass :  1   Iteration :   0  ||B r|| = 4.11123 ...
   Pass :  1   Iteration :  29  ||B r|| = 3.22477e-06
norm(r_0) 0
norm(r_1) 0
norm(r_2) 0
norm(r_3) 4.7630254e-06
norm(r_4) 0
Newton iteration  1 : ||r|| = 4.76303e-06, ||r||/||r_0|| = 0.00159078
Setting time step: 0.038634419 in DGTransportTDO
Setting time step: 0.038634419 in CombinedOp
Setting time step: 0.038634419 in IonStaticPressureOp
norm(r_0) 0
norm(r_1) 0
norm(r_2) 0
norm(r_3) 0.0033923772
norm(r_4) 0
Newton iteration  0 : ||r|| = 0.00339238
   Pass :  1   Iteration :   0  ||B r|| = 4.65805 ...
   Pass :  1   Iteration :  29  ||B r|| = 3.65356e-06
norm(r_0) 0
norm(r_1) 0
norm(r_2) 0
norm(r_3) 5.3961589e-06
norm(r_4) 0
Newton iteration  1 : ||r|| = 5.39616e-06, ||r||/||r_0|| = 0.00159067
Setting time step: 0.038634419 in DGTransportTDO
Setting time step: 0.038634419 in CombinedOp
Setting time step: 0.038634419 in IonStaticPressureOp
norm(r_0) 0
norm(r_1) 0
norm(r_2) 0
norm(r_3) 0.0010965304
norm(r_4) 0
Newton iteration  0 : ||r|| = 0.00109653
   Pass :  1   Iteration :   0  ||B r|| = 1.505 ...
   Pass :  1   Iteration :  29  ||B r|| = 1.17965e-06
norm(r_0) 0
norm(r_1) 0
norm(r_2) 0
norm(r_3) 1.7410296e-06
norm(r_4) 0
Newton iteration  1 : ||r|| = 1.74103e-06, ||r||/||r_0|| = 0.00158776
Setting time step: 0.042500309 in DGTransportTDO
Setting time step: 0.042500309 in CombinedOp
Setting time step: 0.042500309 in IonStaticPressureOp
norm(r_0) 0
norm(r_1) 0
norm(r_2) 0
norm(r_3) 0.00072663658
norm(r_4) 0
Newton iteration  0 : ||r|| = 0.000726637
   Pass :  1   Iteration :   0  ||B r|| = 0.929674 ...
   Pass :  1   Iteration :  29  ||B r|| = 7.63398e-07
norm(r_0) 0
norm(r_1) 0
norm(r_2) 0
norm(r_3) 1.2333247e-06
norm(r_4) 0
Newton iteration  1 : ||r|| = 1.23332e-06, ||r||/||r_0|| = 0.00169731
Setting time step: 0.042500309 in DGTransportTDO
Setting time step: 0.042500309 in CombinedOp
Setting time step: 0.042500309 in IonStaticPressureOp
norm(r_0) 0
norm(r_1) 0
norm(r_2) 0
norm(r_3) 0.00020537827
norm(r_4) 0
Newton iteration  0 : ||r|| = 0.000205378
   Pass :  1   Iteration :   0  ||B r|| = 0.262764 ...
   Pass :  1   Iteration :  26  ||B r|| = 7.17744e-07
norm(r_0) 0
norm(r_1) 0
norm(r_2) 0
norm(r_3) 1.276646e-06
norm(r_4) 0
Newton iteration  1 : ||r|| = 1.27665e-06, ||r||/||r_0|| = 0.00621607
Setting time step: 0.042500309 in DGTransportTDO
Setting time step: 0.042500309 in CombinedOp
Setting time step: 0.042500309 in IonStaticPressureOp
norm(r_0) 0
norm(r_1) 0
norm(r_2) 0
norm(r_3) 0.0003839676
norm(r_4) 0
Newton iteration  0 : ||r|| = 0.000383968
   Pass :  1   Iteration :   0  ||B r|| = 0.491255 ...
   Pass :  1   Iteration :  27  ||B r|| = 7.8184e-07
norm(r_0) 0
norm(r_1) 0
norm(r_2) 0
norm(r_3) 1.4178778e-06
norm(r_4) 0
Newton iteration  1 : ||r|| = 1.41788e-06, ||r||/||r_0|| = 0.0036927
Setting time step: 0.042500309 in DGTransportTDO
Setting time step: 0.042500309 in CombinedOp
Setting time step: 0.042500309 in IonStaticPressureOp
norm(r_0) 0
norm(r_1) 0
norm(r_2) 0
norm(r_3) 0.000441896
norm(r_4) 0
Newton iteration  0 : ||r|| = 0.000441896
   Pass :  1   Iteration :   0  ||B r|| = 0.56537 ...
   Pass :  1   Iteration :  27  ||B r|| = 8.99787e-07
norm(r_0) 0
norm(r_1) 0
norm(r_2) 0
norm(r_3) 1.6317704e-06
norm(r_4) 0
Newton iteration  1 : ||r|| = 1.63177e-06, ||r||/||r_0|| = 0.00369266
Setting time step: 0.042500309 in DGTransportTDO
Setting time step: 0.042500309 in CombinedOp
Setting time step: 0.042500309 in IonStaticPressureOp
norm(r_0) 0
norm(r_1) 0
norm(r_2) 0
norm(r_3) 0.00012865598
norm(r_4) 0
Newton iteration  0 : ||r|| = 0.000128656
   Pass :  1   Iteration :   0  ||B r|| = 0.164401 ...
   Pass :  1   Iteration :  25  ||B r|| = 7.16937e-07
norm(r_0) 0
norm(r_1) 0
norm(r_2) 0
norm(r_3) 1.220654e-06
norm(r_4) 0
Newton iteration  1 : ||r|| = 1.22065e-06, ||r||/||r_0|| = 0.00948774
Setting time step: 0.085000617 in DGTransportTDO
Setting time step: 0.085000617 in CombinedOp
Setting time step: 0.085000617 in IonStaticPressureOp
norm(r_0) 0
norm(r_1) 0
norm(r_2) 0
norm(r_3) 8.2413643e-05
norm(r_4) 0
Newton iteration  0 : ||r|| = 8.24136e-05
   Pass :  1   Iteration :   0  ||B r|| = 0.060187 ...
   Pass :  1   Iteration :  22  ||B r|| = 9.71514e-07
norm(r_0) 0
norm(r_1) 0
norm(r_2) 0
norm(r_3) 2.8784757e-06
norm(r_4) 0
Newton iteration  1 : ||r|| = 2.87848e-06, ||r||/||r_0|| = 0.0349272
Setting time step: 0.085000617 in DGTransportTDO
Setting time step: 0.085000617 in CombinedOp
Setting time step: 0.085000617 in IonStaticPressureOp
norm(r_0) 0
norm(r_1) 0
norm(r_2) 0
norm(r_3) 7.465952e-06
norm(r_4) 0
Newton iteration  0 : ||r|| = 7.46595e-06
   Pass :  1   Iteration :   0  ||B r|| = 0.00336886 ...
   Pass :  1   Iteration :  14  ||B r|| = 9.07591e-07
norm(r_0) 0
norm(r_1) 0
norm(r_2) 0
norm(r_3) 2.3659644e-06
norm(r_4) 0
Newton iteration  1 : ||r|| = 2.36596e-06, ||r||/||r_0|| = 0.316901
Setting time step: 0.085000617 in DGTransportTDO
Setting time step: 0.085000617 in CombinedOp
Setting time step: 0.085000617 in IonStaticPressureOp
norm(r_0) 0
norm(r_1) 0
norm(r_2) 0
norm(r_3) 2.3360399e-05
norm(r_4) 0
Newton iteration  0 : ||r|| = 2.33604e-05
   Pass :  1   Iteration :   0  ||B r|| = 0.0166845 ...
   Pass :  1   Iteration :  19  ||B r|| = 8.75943e-07
norm(r_0) 0
norm(r_1) 0
norm(r_2) 0
norm(r_3) 2.0065291e-06
norm(r_4) 0
Newton iteration  1 : ||r|| = 2.00653e-06, ||r||/||r_0|| = 0.0858945
Setting time step: 0.085000617 in DGTransportTDO
Setting time step: 0.085000617 in CombinedOp
Setting time step: 0.085000617 in IonStaticPressureOp
norm(r_0) 0
norm(r_1) 0
norm(r_2) 0
norm(r_3) 3.3328803e-05
norm(r_4) 0
Newton iteration  0 : ||r|| = 3.33288e-05
   Pass :  1   Iteration :   0  ||B r|| = 0.0241817 ...
   Pass :  1   Iteration :  20  ||B r|| = 8.2036e-07
norm(r_0) 0
norm(r_1) 0
norm(r_2) 0
norm(r_3) 2.54352e-06
norm(r_4) 0
Newton iteration  1 : ||r|| = 2.54352e-06, ||r||/||r_0|| = 0.076316
Setting time step: 0.085000617 in DGTransportTDO
Setting time step: 0.085000617 in CombinedOp
Setting time step: 0.085000617 in IonStaticPressureOp
norm(r_0) 0
norm(r_1) 0
norm(r_2) 0
norm(r_3) 0.00010938661
norm(r_4) 0
Newton iteration  0 : ||r|| = 0.000109387
   Pass :  1   Iteration :   0  ||B r|| = 0.00696673 ...
   Pass :  1   Iteration :  16  ||B r|| = 9.23302e-07
norm(r_0) 0
norm(r_1) 0
norm(r_2) 0
norm(r_3) 2.2705685e-06
norm(r_4) 0
Newton iteration  1 : ||r|| = 2.27057e-06, ||r||/||r_0|| = 0.0207573
Time stepping paused at t = 0.89337394

Estimating errors.
No refinements necessary.
No derefinements needed.

AMR iteration 2
Number of unknowns: 9216
Setting time step: 0.17000123 in DGTransportTDO
Setting time step: 0.17000123 in CombinedOp
Setting time step: 0.17000123 in IonStaticPressureOp
norm(r_0) 0
norm(r_1) 0
norm(r_2) 0
norm(r_3) 5.0617439e-06
norm(r_4) 0
Newton iteration  0 : ||r|| = 5.06174e-06
   Pass :  1   Iteration :   0  ||B r|| = 0.001775 ...
   Pass :  1   Iteration :  14  ||B r|| = 6.73936e-07
norm(r_0) 0
norm(r_1) 0
norm(r_2) 0
norm(r_3) 3.4539478e-06
norm(r_4) 0
Newton iteration  1 : ||r|| = 3.45395e-06, ||r||/||r_0|| = 0.682363
Setting time step: 0.17000123 in DGTransportTDO
Setting time step: 0.17000123 in CombinedOp
Setting time step: 0.17000123 in IonStaticPressureOp
norm(r_0) 0
norm(r_1) 0
norm(r_2) 0
norm(r_3) 6.9049508e-06
norm(r_4) 0
Newton iteration  0 : ||r|| = 6.90495e-06
   Pass :  1   Iteration :   0  ||B r|| = 0.000676451 ...
   Pass :  1   Iteration :  11  ||B r|| = 8.92205e-07
norm(r_0) 0
norm(r_1) 0
norm(r_2) 0
norm(r_3) 3.2209251e-06
norm(r_4) 0
Newton iteration  1 : ||r|| = 3.22093e-06, ||r||/||r_0|| = 0.466466
Setting time step: 0.17000123 in DGTransportTDO
Setting time step: 0.17000123 in CombinedOp
Setting time step: 0.17000123 in IonStaticPressureOp
norm(r_0) 0
norm(r_1) 0
norm(r_2) 0
norm(r_3) 5.5619157e-06
norm(r_4) 0
Newton iteration  0 : ||r|| = 5.56192e-06
   Pass :  1   Iteration :   0  ||B r|| = 3.36242e-05 ...
   Pass :  1   Iteration :   3  ||B r|| = 9.20932e-07
norm(r_0) 0
norm(r_1) 0
norm(r_2) 0
norm(r_3) 4.3331432e-06
norm(r_4) 0
Newton iteration  1 : ||r|| = 4.33314e-06, ||r||/||r_0|| = 0.779074
Setting time step: 0.17000123 in DGTransportTDO
Setting time step: 0.17000123 in CombinedOp
Setting time step: 0.17000123 in IonStaticPressureOp
norm(r_0) 0
norm(r_1) 0
norm(r_2) 0
norm(r_3) 4.2593549e-06
norm(r_4) 0
Newton iteration  0 : ||r|| = 4.25935e-06
   Pass :  1   Iteration :   0  ||B r|| = 0.000340945 ...
   Pass :  1   Iteration :   9  ||B r|| = 7.68071e-07
norm(r_0) 0
norm(r_1) 0
norm(r_2) 0
norm(r_3) 2.3796145e-06
norm(r_4) 0
Newton iteration  1 : ||r|| = 2.37961e-06, ||r||/||r_0|| = 0.55868
Setting time step: 0.17000123 in DGTransportTDO
Setting time step: 0.17000123 in CombinedOp
Setting time step: 0.17000123 in IonStaticPressureOp
norm(r_0) 0
norm(r_1) 0
norm(r_2) 0
norm(r_3) 0.0001778596
norm(r_4) 0
Newton iteration  0 : ||r|| = 0.00017786
   Pass :  1   Iteration :   0  ||B r|| = 0.00062498 ...
   Pass :  1   Iteration :  12  ||B r|| = 8.67092e-07
norm(r_0) 0
norm(r_1) 0
norm(r_2) 0
norm(r_3) 6.115387e-06
norm(r_4) 0
Newton iteration  1 : ||r|| = 6.11539e-06, ||r||/||r_0|| = 0.0343832
Setting time step: 0.34000247 in DGTransportTDO
Setting time step: 0.34000247 in CombinedOp
Setting time step: 0.34000247 in IonStaticPressureOp
norm(r_0) 0
norm(r_1) 0
norm(r_2) 0
norm(r_3) 6.155242e-06
norm(r_4) 0
Newton iteration  0 : ||r|| = 6.15524e-06
   Pass :  1   Iteration :   0  ||B r|| = 0.000142556 ...
   Pass :  1   Iteration :   7  ||B r|| = 8.45694e-07
norm(r_0) 0
norm(r_1) 0
norm(r_2) 0
norm(r_3) 7.5590308e-06
norm(r_4) 0
Newton iteration  1 : ||r|| = 7.55903e-06, ||r||/||r_0|| = 1.22806
Setting time step: 0.34000247 in DGTransportTDO
Setting time step: 0.34000247 in CombinedOp
Setting time step: 0.34000247 in IonStaticPressureOp
norm(r_0) 0
norm(r_1) 0
norm(r_2) 0
norm(r_3) 1.7236666e-05
norm(r_4) 0
Newton iteration  0 : ||r|| = 1.72367e-05
   Pass :  1   Iteration :   0  ||B r|| = 8.98615e-05 ...
   Pass :  1   Iteration :   6  ||B r|| = 7.9025e-07
norm(r_0) 0
norm(r_1) 0
norm(r_2) 0
norm(r_3) 5.8984382e-06
norm(r_4) 0
Newton iteration  1 : ||r|| = 5.89844e-06, ||r||/||r_0|| = 0.342203
Setting time step: 0.34000247 in DGTransportTDO
Setting time step: 0.34000247 in CombinedOp
Setting time step: 0.34000247 in IonStaticPressureOp
norm(r_0) 0
norm(r_1) 0
norm(r_2) 0
norm(r_3) 1.3146179e-05
norm(r_4) 0
Newton iteration  0 : ||r|| = 1.31462e-05
   Pass :  1   Iteration :   0  ||B r|| = 2.72845e-05 ...
   Pass :  1   Iteration :   3  ||B r|| = 6.72029e-07
norm(r_0) 0
norm(r_1) 0
norm(r_2) 0
norm(r_3) 1.0891726e-05
norm(r_4) 0
Newton iteration  1 : ||r|| = 1.08917e-05, ||r||/||r_0|| = 0.828509
Setting time step: 0.34000247 in DGTransportTDO
Setting time step: 0.34000247 in CombinedOp
Setting time step: 0.34000247 in IonStaticPressureOp
norm(r_0) 0
norm(r_1) 0
norm(r_2) 0
norm(r_3) 8.8473876e-06
norm(r_4) 0
Newton iteration  0 : ||r|| = 8.84739e-06
   Pass :  1   Iteration :   0  ||B r|| = 3.69037e-06 ...
   Pass :  1   Iteration :   1  ||B r|| = 9.88191e-07
norm(r_0) 0
norm(r_1) 0
norm(r_2) 0
norm(r_3) 4.372641e-06
norm(r_4) 0
Newton iteration  1 : ||r|| = 4.37264e-06, ||r||/||r_0|| = 0.49423
Setting time step: 0.34000247 in DGTransportTDO
Setting time step: 0.34000247 in CombinedOp
Setting time step: 0.34000247 in IonStaticPressureOp
norm(r_0) 0
norm(r_1) 0
norm(r_2) 0
norm(r_3) 0.00036121505
norm(r_4) 0
Newton iteration  0 : ||r|| = 0.000361215
   Pass :  1   Iteration :   0  ||B r|| = 0.000180434 ...
   Pass :  1   Iteration :  10  ||B r|| = 7.01637e-07
norm(r_0) 0
norm(r_1) 0
norm(r_2) 0
norm(r_3) 6.282353e-06
norm(r_4) 0
Newton iteration  1 : ||r|| = 6.28235e-06, ||r||/||r_0|| = 0.0173923
Setting time step: 0.68000494 in DGTransportTDO
Setting time step: 0.68000494 in CombinedOp
Setting time step: 0.68000494 in IonStaticPressureOp
norm(r_0) 0
norm(r_1) 0
norm(r_2) 0
norm(r_3) 6.2825751e-06
norm(r_4) 0
Newton iteration  0 : ||r|| = 6.28258e-06
   Pass :  1   Iteration :   0  ||B r|| = 5.59568e-06 ...
   Pass :  1   Iteration :   1  ||B r|| = 9.90028e-07
norm(r_0) 0
norm(r_1) 0
norm(r_2) 0
norm(r_3) 6.2042548e-06
norm(r_4) 0
Newton iteration  1 : ||r|| = 6.20425e-06, ||r||/||r_0|| = 0.987534
Setting time step: 0.68000494 in DGTransportTDO
Setting time step: 0.68000494 in CombinedOp
Setting time step: 0.68000494 in IonStaticPressureOp
norm(r_0) 0
norm(r_1) 0
norm(r_2) 0
norm(r_3) 1.549868e-05
norm(r_4) 0
Newton iteration  0 : ||r|| = 1.54987e-05
   Pass :  1   Iteration :   0  ||B r|| = 5.19443e-06 ...
   Pass :  1   Iteration :   1  ||B r|| = 7.10524e-07
norm(r_0) 0
norm(r_1) 0
norm(r_2) 0
norm(r_3) 3.0717205e-06
norm(r_4) 0
Newton iteration  1 : ||r|| = 3.07172e-06, ||r||/||r_0|| = 0.198192
Setting time step: 0.68000494 in DGTransportTDO
Setting time step: 0.68000494 in CombinedOp
Setting time step: 0.68000494 in IonStaticPressureOp
norm(r_0) 0
norm(r_1) 0
norm(r_2) 0
norm(r_3) 1.1594964e-05
norm(r_4) 0
Newton iteration  0 : ||r|| = 1.1595e-05
   Pass :  1   Iteration :   0  ||B r|| = 2.71696e-06 ...
   Pass :  1   Iteration :   1  ||B r|| = 8.51933e-07
norm(r_0) 0
norm(r_1) 0
norm(r_2) 0
norm(r_3) 4.205939e-06
norm(r_4) 0
Newton iteration  1 : ||r|| = 4.20594e-06, ||r||/||r_0|| = 0.362738
Setting time step: 0.68000494 in DGTransportTDO
Setting time step: 0.68000494 in CombinedOp
Setting time step: 0.68000494 in IonStaticPressureOp
norm(r_0) 0
norm(r_1) 0
norm(r_2) 0
norm(r_3) 8.8113861e-06
norm(r_4) 0
Newton iteration  0 : ||r|| = 8.81139e-06
   Pass :  1   Iteration :   0  ||B r|| = 1.44546e-06 ...
   Pass :  1   Iteration :   1  ||B r|| = 9.31002e-07
norm(r_0) 0
norm(r_1) 0
norm(r_2) 0
norm(r_3) 5.3122082e-06
norm(r_4) 0
Newton iteration  1 : ||r|| = 5.31221e-06, ||r||/||r_0|| = 0.60288
Setting time step: 0.68000494 in DGTransportTDO
Setting time step: 0.68000494 in CombinedOp
Setting time step: 0.68000494 in IonStaticPressureOp
norm(r_0) 0
norm(r_1) 0
norm(r_2) 0
norm(r_3) 5.1848976e-05
norm(r_4) 0
Newton iteration  0 : ||r|| = 5.1849e-05
   Pass :  1   Iteration :   0  ||B r|| = 1.1219e-05 ...
   Pass :  1   Iteration :   1  ||B r|| = 4.19536e-07
norm(r_0) 0
norm(r_1) 0
norm(r_2) 0
norm(r_3) 4.0010126e-06
norm(r_4) 0
Newton iteration  1 : ||r|| = 4.00101e-06, ||r||/||r_0|| = 0.0771667
Setting time step: 1.3600099 in DGTransportTDO
Setting time step: 1.3600099 in CombinedOp
Setting time step: 1.3600099 in IonStaticPressureOp
norm(r_0) 0
norm(r_1) 0
norm(r_2) 0
norm(r_3) 4.0010249e-06
norm(r_4) 0
Newton iteration  0 : ||r|| = 4.00102e-06
   Pass :  1   Iteration :   0  ||B r|| = 2.31423e-07
norm(r_0) 0
norm(r_1) 0
norm(r_2) 0
norm(r_3) 4.0010249e-06
norm(r_4) 0
Newton iteration  1 : ||r|| = 4.00102e-06, ||r||/||r_0|| = 1
Setting time step: 1.3600099 in DGTransportTDO
Setting time step: 1.3600099 in CombinedOp
Setting time step: 1.3600099 in IonStaticPressureOp
norm(r_0) 0
norm(r_1) 0
norm(r_2) 0
norm(r_3) 4.0010249e-06
norm(r_4) 0
Newton iteration  0 : ||r|| = 4.00102e-06
   Pass :  1   Iteration :   0  ||B r|| = 2.31423e-07
norm(r_0) 0
norm(r_1) 0
norm(r_2) 0
norm(r_3) 4.0010249e-06
norm(r_4) 0
Newton iteration  1 : ||r|| = 4.00102e-06, ||r||/||r_0|| = 1
Setting time step: 1.3600099 in DGTransportTDO
Setting time step: 1.3600099 in CombinedOp
Setting time step: 1.3600099 in IonStaticPressureOp
norm(r_0) 0
norm(r_1) 0
norm(r_2) 0
norm(r_3) 4.0010249e-06
norm(r_4) 0
Newton iteration  0 : ||r|| = 4.00102e-06
   Pass :  1   Iteration :   0  ||B r|| = 2.31423e-07
norm(r_0) 0
norm(r_1) 0
norm(r_2) 0
norm(r_3) 4.0010249e-06
norm(r_4) 0
Newton iteration  1 : ||r|| = 4.00102e-06, ||r||/||r_0|| = 1
Setting time step: 1.3600099 in DGTransportTDO
Setting time step: 1.3600099 in CombinedOp
Setting time step: 1.3600099 in IonStaticPressureOp
norm(r_0) 0
norm(r_1) 0
norm(r_2) 0
norm(r_3) 4.0010249e-06
norm(r_4) 0
Newton iteration  0 : ||r|| = 4.00102e-06
   Pass :  1   Iteration :   0  ||B r|| = 2.31423e-07
norm(r_0) 0
norm(r_1) 0
norm(r_2) 0
norm(r_3) 4.0010249e-06
norm(r_4) 0
Newton iteration  1 : ||r|| = 4.00102e-06, ||r||/||r_0|| = 1
Setting time step: 1.3600099 in DGTransportTDO
Setting time step: 1.3600099 in CombinedOp
Setting time step: 1.3600099 in IonStaticPressureOp
norm(r_0) 0
norm(r_1) 0
norm(r_2) 0
norm(r_3) 4.0010249e-06
norm(r_4) 0
Newton iteration  0 : ||r|| = 4.00102e-06
   Pass :  1   Iteration :   0  ||B r|| = 2.31423e-07
norm(r_0) 0
norm(r_1) 0
norm(r_2) 0
norm(r_3) 4.0010249e-06
norm(r_4) 0
Newton iteration  1 : ||r|| = 4.00102e-06, ||r||/||r_0|| = 1
Time stepping paused at t = 11.093448
Steady State solution has been reached

Time stepping done after 4.3374292s.
