Options used:
   --mesh ../../mfem/data/inline-quad.mesh
   --bc-file ../../mfem/miniapps/plasma/transport2d_bcs.inp
   --ic-file ../../mfem/miniapps/plasma/transport2d_ics.inp
   --ec-file /home/gz6/mfem-analysis/input-files/transport2d_ecs.inp
   --es-file ../../mfem/miniapps/plasma/transport2d_ess.inp
   --eqdsk-file 
   --logging 1
   --operator-test 8
   --equation-weights '1 1 1 1 1'
   --problem 0
   --refine-serial 1
   --refine-parallel 0
   --enable-amr
   --max-err -1
   --hysteresis 0.25
   --nc-limit 3
   --amr-weights '1 1 1 1 1'
   --order 3
   --dg-sigma -1
   --dg-kappa 16
   --linear-abs-tolerance 1e-12
   --linear-rel-tolerance 1e-12
   --linear-max-iterations 300
   --linear-logging-level 3
   --newton-abs-tolerance 1e-12
   --newton-rel-tolerance 1e-12
   --newton-max-iterations 10
   --newton-logging-level 1
   --steady-state-abs-tolerance 1e-08
   --steady-state-rel-tolerance 1e-08
   --prec-type 1
   --prec-logging-level 0
   --initial-tolerance 1e-05
   --ode-tolerance 0.001
   --ode-solver 2
   --err-per-step
   --ode-weights '1 1 1 1 1'
   --kP 0
   --kI 0.6
   --kD 0
   --dead-zone-min 0
   --dead-zone-max 1e+20
   --theta-max 2
   --t-minimum 0
   --t-final 100
   --time-step 9.999999999999999e-12
   --cfl-number 0.3
   --ion-charge 1
   --ion-mass 2.01410178
   --neutral-mass 2.01410178
   --neutral-temp 3
   --min-neutral-density 900000000000000
   --max-neutral-density 1000000000000000
   --neutral-density-exp 0
   --min-ion-density 1e+16
   --max-ion-density 1e+18
   --ion-density-exp 0
   --min-ion-temp 1
   --max-ion-temp 10
   --ion-temp-exp 0
   --min-electron-temp 10
   --max-electron-temp 440
   --electron-temp-exp 0
   --total-B-magnitude 5
   --poloidal-B-magnitude 0.5
   --velocity 1000
   --Di-perp 1
   --Xi-perp 1
   --Xe-perp 1
   --equation-term-flags '-1 -1 -1 -1 -1'
   --visualization-flags '-1 -1 -1 -1 -1'
   --visualization
   --visit-datafiles
   --ascii-datafiles
   --no-check-gradient
   --visualization-steps 4
Device configuration: cpu
Memory configuration: host-std
Number of elements in initial mesh: 16
Number of elements after serial refinement: 64
0: Number of elements in parallel mesh: 32
0: Number of elements after parallel refinement: 32
1: Number of elements in parallel mesh: 32
1: Number of elements after parallel refinement: 32
Configuring initial conditions
Reading initial conditions from ../../mfem/miniapps/plasma/transport2d_ics.inp
Configuring exact solutions
Reading exact solutions from ../../mfem/miniapps/plasma/transport2d_ess.inp

AMR iteration 0
Number of unknowns: 1024

AMR iteration 1
Number of unknowns: 1792
Stopping criterion satisfied. Stop.
Number of unknowns per field: 1792
Total number of unknowns:     8960
Configuring boundary conditions
Reading boundary conditions from ../../mfem/miniapps/plasma/transport2d_bcs.inp
Configuring equation coefficients
Reading equation coefficients from /home/gz6/mfem-analysis/input-files/transport2d_ecs.inp
Ion Static Pressure: Adding time derivative term proportional to d n_i / dt
Ion Static Pressure: Adding time derivative term proportional to d T_i / dt
Ion Static Pressure: Adding anisotropic diffusion term
Ion Static Pressure: Adding source term
Opening GLVis sockets.
Range of error estimates for initial condition: 1.238733844041918e-07 < elem err < 4.250861014377719e-05

Begin time stepping at t = 0
Setting time step: 2.5e-12 in DGTransportTDO
Setting time step: 2.5e-12 in CombinedOp
Setting time step: 2.5e-12 in IonStaticPressureOp
norm(r_0) 0
norm(r_1) 0
norm(r_2) 0
norm(r_3) 557.9599717150601
norm(r_4) 0
Newton iteration  0 : ||r|| = 557.96
   Pass :  1   Iteration :   0  ||B r|| = 1.98844e-11 ...
   Pass :  1   Iteration :   1  ||B r|| = 5.77821e-27
norm(r_0) 0
norm(r_1) 0
norm(r_2) 0
norm(r_3) 1.908043779686737e-13
norm(r_4) 0
Newton iteration  1 : ||r|| = 1.90804e-13, ||r||/||r_0|| = 3.41968e-16
Setting time step: 2.5e-12 in DGTransportTDO
Setting time step: 2.5e-12 in CombinedOp
Setting time step: 2.5e-12 in IonStaticPressureOp
norm(r_0) 0
norm(r_1) 0
norm(r_2) 0
norm(r_3) 557.9599717150601
norm(r_4) 0
Newton iteration  0 : ||r|| = 557.96
   Pass :  1   Iteration :   0  ||B r|| = 1.98844e-11 ...
   Pass :  1   Iteration :   1  ||B r|| = 5.77821e-27
norm(r_0) 0
norm(r_1) 0
norm(r_2) 0
norm(r_3) 1.908043779686737e-13
norm(r_4) 0
Newton iteration  1 : ||r|| = 1.90804e-13, ||r||/||r_0|| = 3.41968e-16
Setting time step: 2.5e-12 in DGTransportTDO
Setting time step: 2.5e-12 in CombinedOp
Setting time step: 2.5e-12 in IonStaticPressureOp
norm(r_0) 0
norm(r_1) 0
norm(r_2) 0
norm(r_3) 557.9599717150601
norm(r_4) 0
Newton iteration  0 : ||r|| = 557.96
   Pass :  1   Iteration :   0  ||B r|| = 1.98844e-11 ...
   Pass :  1   Iteration :   1  ||B r|| = 5.77821e-27
norm(r_0) 0
norm(r_1) 0
norm(r_2) 0
norm(r_3) 1.908043779686737e-13
norm(r_4) 0
Newton iteration  1 : ||r|| = 1.90804e-13, ||r||/||r_0|| = 3.41968e-16
Setting time step: 2.5e-12 in DGTransportTDO
Setting time step: 2.5e-12 in CombinedOp
Setting time step: 2.5e-12 in IonStaticPressureOp
norm(r_0) 0
norm(r_1) 0
norm(r_2) 0
norm(r_3) 557.9599717150601
norm(r_4) 0
Newton iteration  0 : ||r|| = 557.96
   Pass :  1   Iteration :   0  ||B r|| = 1.98844e-11 ...
   Pass :  1   Iteration :   1  ||B r|| = 5.77821e-27
norm(r_0) 0
norm(r_1) 0
norm(r_2) 0
norm(r_3) 1.908043779686737e-13
norm(r_4) 0
Newton iteration  1 : ||r|| = 1.90804e-13, ||r||/||r_0|| = 3.41968e-16
Setting time step: 2.5e-12 in DGTransportTDO
Setting time step: 2.5e-12 in CombinedOp
Setting time step: 2.5e-12 in IonStaticPressureOp
norm(r_0) 0
norm(r_1) 0
norm(r_2) 0
norm(r_3) 557.9599717150601
norm(r_4) 0
Newton iteration  0 : ||r|| = 557.96
   Pass :  1   Iteration :   0  ||B r|| = 1.98844e-11 ...
   Pass :  1   Iteration :   1  ||B r|| = 5.77821e-27
norm(r_0) 0
norm(r_1) 0
norm(r_2) 0
norm(r_3) 1.908043779686737e-13
norm(r_4) 0
Newton iteration  1 : ||r|| = 1.90804e-13, ||r||/||r_0|| = 3.41968e-16
Setting time step: 5e-12 in DGTransportTDO
Setting time step: 5e-12 in CombinedOp
Setting time step: 5e-12 in IonStaticPressureOp
norm(r_0) 0
norm(r_1) 0
norm(r_2) 0
norm(r_3) 557.9599717150601
norm(r_4) 0
Newton iteration  0 : ||r|| = 557.96
   Pass :  1   Iteration :   0  ||B r|| = 1.98844e-11 ...
   Pass :  1   Iteration :   1  ||B r|| = 5.77821e-27
norm(r_0) 0
norm(r_1) 0
norm(r_2) 0
norm(r_3) 1.908043780426699e-13
norm(r_4) 0
Newton iteration  1 : ||r|| = 1.90804e-13, ||r||/||r_0|| = 3.41968e-16
Setting time step: 5e-12 in DGTransportTDO
Setting time step: 5e-12 in CombinedOp
Setting time step: 5e-12 in IonStaticPressureOp
norm(r_0) 0
norm(r_1) 0
norm(r_2) 0
norm(r_3) 557.9599717150601
norm(r_4) 0
Newton iteration  0 : ||r|| = 557.96
   Pass :  1   Iteration :   0  ||B r|| = 1.98844e-11 ...
   Pass :  1   Iteration :   1  ||B r|| = 5.77821e-27
norm(r_0) 0
norm(r_1) 0
norm(r_2) 0
norm(r_3) 1.908043780426699e-13
norm(r_4) 0
Newton iteration  1 : ||r|| = 1.90804e-13, ||r||/||r_0|| = 3.41968e-16
Setting time step: 5e-12 in DGTransportTDO
Setting time step: 5e-12 in CombinedOp
Setting time step: 5e-12 in IonStaticPressureOp
norm(r_0) 0
norm(r_1) 0
norm(r_2) 0
norm(r_3) 557.9599717150601
norm(r_4) 0
Newton iteration  0 : ||r|| = 557.96
   Pass :  1   Iteration :   0  ||B r|| = 1.98844e-11 ...
   Pass :  1   Iteration :   1  ||B r|| = 5.77821e-27
norm(r_0) 0
norm(r_1) 0
norm(r_2) 0
norm(r_3) 1.908043780426699e-13
norm(r_4) 0
Newton iteration  1 : ||r|| = 1.90804e-13, ||r||/||r_0|| = 3.41968e-16
Setting time step: 5e-12 in DGTransportTDO
Setting time step: 5e-12 in CombinedOp
Setting time step: 5e-12 in IonStaticPressureOp
norm(r_0) 0
norm(r_1) 0
norm(r_2) 0
norm(r_3) 557.9599717150601
norm(r_4) 0
Newton iteration  0 : ||r|| = 557.96
   Pass :  1   Iteration :   0  ||B r|| = 1.98844e-11 ...
   Pass :  1   Iteration :   1  ||B r|| = 5.77821e-27
norm(r_0) 0
norm(r_1) 0
norm(r_2) 0
norm(r_3) 1.908043780426699e-13
norm(r_4) 0
Newton iteration  1 : ||r|| = 1.90804e-13, ||r||/||r_0|| = 3.41968e-16
Setting time step: 5e-12 in DGTransportTDO
Setting time step: 5e-12 in CombinedOp
Setting time step: 5e-12 in IonStaticPressureOp
norm(r_0) 0
norm(r_1) 0
norm(r_2) 0
norm(r_3) 557.9599717150601
norm(r_4) 0
Newton iteration  0 : ||r|| = 557.96
   Pass :  1   Iteration :   0  ||B r|| = 1.98844e-11 ...
   Pass :  1   Iteration :   1  ||B r|| = 5.77821e-27
norm(r_0) 0
norm(r_1) 0
norm(r_2) 0
norm(r_3) 1.908043780426699e-13
norm(r_4) 0
Newton iteration  1 : ||r|| = 1.90804e-13, ||r||/||r_0|| = 3.41968e-16
Setting time step: 9.999999999999999e-12 in DGTransportTDO
Setting time step: 9.999999999999999e-12 in CombinedOp
Setting time step: 9.999999999999999e-12 in IonStaticPressureOp
norm(r_0) 0
norm(r_1) 0
norm(r_2) 0
norm(r_3) 557.9599717150601
norm(r_4) 0
Newton iteration  0 : ||r|| = 557.96
   Pass :  1   Iteration :   0  ||B r|| = 1.98844e-11 ...
   Pass :  1   Iteration :   1  ||B r|| = 5.77821e-27
norm(r_0) 0
norm(r_1) 0
norm(r_2) 0
norm(r_3) 1.912947762905692e-13
norm(r_4) 0
Newton iteration  1 : ||r|| = 1.91295e-13, ||r||/||r_0|| = 3.42847e-16
Setting time step: 9.999999999999999e-12 in DGTransportTDO
Setting time step: 9.999999999999999e-12 in CombinedOp
Setting time step: 9.999999999999999e-12 in IonStaticPressureOp
norm(r_0) 0
norm(r_1) 0
norm(r_2) 0
norm(r_3) 557.9599717150601
norm(r_4) 0
Newton iteration  0 : ||r|| = 557.96
   Pass :  1   Iteration :   0  ||B r|| = 1.98844e-11 ...
   Pass :  1   Iteration :   1  ||B r|| = 5.77821e-27
norm(r_0) 0
norm(r_1) 0
norm(r_2) 0
norm(r_3) 1.912947762905692e-13
norm(r_4) 0
Newton iteration  1 : ||r|| = 1.91295e-13, ||r||/||r_0|| = 3.42847e-16
Setting time step: 9.999999999999999e-12 in DGTransportTDO
Setting time step: 9.999999999999999e-12 in CombinedOp
Setting time step: 9.999999999999999e-12 in IonStaticPressureOp
norm(r_0) 0
norm(r_1) 0
norm(r_2) 0
norm(r_3) 557.9599717150601
norm(r_4) 0
Newton iteration  0 : ||r|| = 557.96
   Pass :  1   Iteration :   0  ||B r|| = 1.98844e-11 ...
   Pass :  1   Iteration :   1  ||B r|| = 5.77821e-27
norm(r_0) 0
norm(r_1) 0
norm(r_2) 0
norm(r_3) 1.912947762905692e-13
norm(r_4) 0
Newton iteration  1 : ||r|| = 1.91295e-13, ||r||/||r_0|| = 3.42847e-16
Setting time step: 9.999999999999999e-12 in DGTransportTDO
Setting time step: 9.999999999999999e-12 in CombinedOp
Setting time step: 9.999999999999999e-12 in IonStaticPressureOp
norm(r_0) 0
norm(r_1) 0
norm(r_2) 0
norm(r_3) 557.9599717150601
norm(r_4) 0
Newton iteration  0 : ||r|| = 557.96
   Pass :  1   Iteration :   0  ||B r|| = 1.98844e-11 ...
   Pass :  1   Iteration :   1  ||B r|| = 5.77821e-27
norm(r_0) 0
norm(r_1) 0
norm(r_2) 0
norm(r_3) 1.912947762905692e-13
norm(r_4) 0
Newton iteration  1 : ||r|| = 1.91295e-13, ||r||/||r_0|| = 3.42847e-16
Setting time step: 9.999999999999999e-12 in DGTransportTDO
Setting time step: 9.999999999999999e-12 in CombinedOp
Setting time step: 9.999999999999999e-12 in IonStaticPressureOp
norm(r_0) 0
norm(r_1) 0
norm(r_2) 0
norm(r_3) 557.9599717150601
norm(r_4) 0
Newton iteration  0 : ||r|| = 557.96
   Pass :  1   Iteration :   0  ||B r|| = 1.98844e-11 ...
   Pass :  1   Iteration :   1  ||B r|| = 5.77821e-27
norm(r_0) 0
norm(r_1) 0
norm(r_2) 0
norm(r_3) 1.912947762905692e-13
norm(r_4) 0
Newton iteration  1 : ||r|| = 1.91295e-13, ||r||/||r_0|| = 3.42847e-16
Setting time step: 2e-11 in DGTransportTDO
Setting time step: 2e-11 in CombinedOp
Setting time step: 2e-11 in IonStaticPressureOp
norm(r_0) 0
norm(r_1) 0
norm(r_2) 0
norm(r_3) 557.9599717150601
norm(r_4) 0
Newton iteration  0 : ||r|| = 557.96
   Pass :  1   Iteration :   0  ||B r|| = 1.98844e-11 ...
   Pass :  1   Iteration :   1  ||B r|| = 6.13033e-27
norm(r_0) 0
norm(r_1) 0
norm(r_2) 0
norm(r_3) 1.916971292371257e-13
norm(r_4) 0
Newton iteration  1 : ||r|| = 1.91697e-13, ||r||/||r_0|| = 3.43568e-16
Setting time step: 2e-11 in DGTransportTDO
Setting time step: 2e-11 in CombinedOp
Setting time step: 2e-11 in IonStaticPressureOp
norm(r_0) 0
norm(r_1) 0
norm(r_2) 0
norm(r_3) 557.9599717150601
norm(r_4) 0
Newton iteration  0 : ||r|| = 557.96
   Pass :  1   Iteration :   0  ||B r|| = 1.98844e-11 ...
   Pass :  1   Iteration :   1  ||B r|| = 6.13033e-27
norm(r_0) 0
norm(r_1) 0
norm(r_2) 0
norm(r_3) 1.916971292371257e-13
norm(r_4) 0
Newton iteration  1 : ||r|| = 1.91697e-13, ||r||/||r_0|| = 3.43568e-16
Setting time step: 2e-11 in DGTransportTDO
Setting time step: 2e-11 in CombinedOp
Setting time step: 2e-11 in IonStaticPressureOp
norm(r_0) 0
norm(r_1) 0
norm(r_2) 0
norm(r_3) 557.9599717150601
norm(r_4) 0
Newton iteration  0 : ||r|| = 557.96
   Pass :  1   Iteration :   0  ||B r|| = 1.98844e-11 ...
   Pass :  1   Iteration :   1  ||B r|| = 6.13033e-27
norm(r_0) 0
norm(r_1) 0
norm(r_2) 0
norm(r_3) 1.916971292371257e-13
norm(r_4) 0
Newton iteration  1 : ||r|| = 1.91697e-13, ||r||/||r_0|| = 3.43568e-16
Setting time step: 2e-11 in DGTransportTDO
Setting time step: 2e-11 in CombinedOp
Setting time step: 2e-11 in IonStaticPressureOp
norm(r_0) 0
norm(r_1) 0
norm(r_2) 0
norm(r_3) 557.9599717150601
norm(r_4) 0
Newton iteration  0 : ||r|| = 557.96
   Pass :  1   Iteration :   0  ||B r|| = 1.98844e-11 ...
   Pass :  1   Iteration :   1  ||B r|| = 6.13033e-27
norm(r_0) 0
norm(r_1) 0
norm(r_2) 0
norm(r_3) 1.916971292371257e-13
norm(r_4) 0
Newton iteration  1 : ||r|| = 1.91697e-13, ||r||/||r_0|| = 3.43568e-16
Setting time step: 2e-11 in DGTransportTDO
Setting time step: 2e-11 in CombinedOp
Setting time step: 2e-11 in IonStaticPressureOp
norm(r_0) 0
norm(r_1) 0
norm(r_2) 0
norm(r_3) 557.9599717150601
norm(r_4) 0
Newton iteration  0 : ||r|| = 557.96
   Pass :  1   Iteration :   0  ||B r|| = 1.98844e-11 ...
   Pass :  1   Iteration :   1  ||B r|| = 6.13033e-27
norm(r_0) 0
norm(r_1) 0
norm(r_2) 0
norm(r_3) 1.916971292371257e-13
norm(r_4) 0
Newton iteration  1 : ||r|| = 1.91697e-13, ||r||/||r_0|| = 3.43568e-16
Time stepping paused at t = 1.5e-10
Steady State solution has been reached

Time stepping done after 0.6418330759999999s.
