Options used:
   --mesh ../../mfem/data/inline-quad.mesh
   --bc-file ../../mfem/miniapps/plasma/transport2d_bcs.inp
   --ic-file ../../mfem/miniapps/plasma/transport2d_ics.inp
   --ec-file /home/gz6/mfem-analysis/input-files/transport2d_ecs.inp
   --es-file ../../mfem/miniapps/plasma/transport2d_ess.inp
   --eqdsk-file 
   --logging 1
   --operator-test 8
   --equation-weights '1 1 1 1 1'
   --problem 0
   --refine-serial 0
   --refine-parallel 0
   --enable-amr
   --max-err -1
   --hysteresis 0.25
   --nc-limit 3
   --amr-weights '1 1 1 1 1'
   --order 2
   --dg-sigma -1
   --dg-kappa 9
   --linear-abs-tolerance 1e-06
   --linear-rel-tolerance 1e-06
   --linear-max-iterations 500
   --linear-logging-level 1
   --newton-abs-tolerance 1e-10
   --newton-rel-tolerance 1e-10
   --newton-max-iterations 1
   --newton-logging-level 1
   --steady-state-abs-tolerance 1e-08
   --steady-state-rel-tolerance 1e-08
   --prec-type 1
   --prec-logging-level 0
   --initial-tolerance 1e-05
   --ode-tolerance 0.001
   --ode-solver 2
   --err-per-step
   --ode-weights '1 1 1 1 1'
   --kP 0
   --kI 0.6
   --kD 0
   --theta-max 2
   --t-minimum 0
   --t-final 100
   --time-step 0.01
   --cfl-number 0.3
   --ion-charge 1
   --ion-mass 2.0141018
   --neutral-mass 2.0141018
   --neutral-temp 3
   --min-neutral-density 9e+14
   --max-neutral-density 1e+15
   --neutral-density-exp 0
   --min-ion-density 1e+16
   --max-ion-density 1e+18
   --ion-density-exp 0
   --min-ion-temp 1
   --max-ion-temp 10
   --ion-temp-exp 0
   --min-electron-temp 10
   --max-electron-temp 440
   --electron-temp-exp 0
   --total-B-magnitude 5
   --poloidal-B-magnitude 0.5
   --velocity 1000
   --Di-perp 1
   --Xi-perp 1
   --Xe-perp 1
   --equation-term-flags '-1 -1 -1 -1 -1'
   --visualization-flags '-1 -1 -1 -1 -1'
   --visualization
   --visit-datafiles
   --ascii-datafiles
   --visualization-steps 4
Device configuration: cpu
Memory configuration: host-std
Number of elements in initial mesh: 16
Number of elements after serial refinement: 16
15: Number of elements in parallel mesh: 1
15: Number of elements after parallel refinement: 1
5: Number of elements in parallel mesh: 1
5: Number of elements after parallel refinement: 1
4: Number of elements in parallel mesh: 1
4: Number of elements after parallel refinement: 1
7: Number of elements in parallel mesh: 1
7: Number of elements after parallel refinement: 1
10: Number of elements in parallel mesh: 1
10: Number of elements after parallel refinement: 1
11: Number of elements in parallel mesh: 1
11: Number of elements after parallel refinement: 1
12: Number of elements in parallel mesh: 1
12: Number of elements after parallel refinement: 1
13: Number of elements in parallel mesh: 1
13: Number of elements after parallel refinement: 1
14: Number of elements in parallel mesh: 1
14: Number of elements after parallel refinement: 1
6: Number of elements in parallel mesh: 1
6: Number of elements after parallel refinement: 1
8: Number of elements in parallel mesh: 1
8: Number of elements after parallel refinement: 1
9: Number of elements in parallel mesh: 1
9: Number of elements after parallel refinement: 1
0: Number of elements in parallel mesh: 1
0: Number of elements after parallel refinement: 1
1: Number of elements in parallel mesh: 1
1: Number of elements after parallel refinement: 1
2: Number of elements in parallel mesh: 1
2: Number of elements after parallel refinement: 1
3: Number of elements in parallel mesh: 1
3: Number of elements after parallel refinement: 1
Configuring initial conditions
Reading initial conditions from ../../mfem/miniapps/plasma/transport2d_ics.inp
Configuring exact solutions
Reading exact solutions from ../../mfem/miniapps/plasma/transport2d_ess.inp

AMR iteration 0
Number of unknowns: 144
Stopping criterion satisfied. Stop.
Number of unknowns per field: 144
Total number of unknowns:     720
Configuring boundary conditions
Reading boundary conditions from ../../mfem/miniapps/plasma/transport2d_bcs.inp
Configuring equation coefficients
Reading equation coefficients from /home/gz6/mfem-analysis/input-files/transport2d_ecs.inp
|mn| = 3.3444946e-27
|ni| = 1
|ne| = 1

|Dn|     = -nan
|Di|     = -nan
|Eta|    = -nan
|nXi|    = -nan
|nXe|    = -nan

|Eta/mn| = -nan
|nXi/ni| = -nan
|nXe/ne| = -nan
Ion Static Pressure: Adding time derivative term proportional to d n_i / dt
Ion Static Pressure: Adding time derivative term proportional to d T_i / dt
Ion Static Pressure: Adding anisotropic diffusion term
Ion Static Pressure: Adding source term
Opening GLVis sockets.
Range of error estimates for initial condition: -nan < elem err < -nan

Begin time stepping at t = 0
Setting time step: 0.0025 in DGTransportTDO
Setting time step: 0.0025 in CombinedOp
Setting time step: 0.0025 in IonStaticPressureOp
norm(r_0) 0
norm(r_1) 0
norm(r_2) 0
norm(r_3) 0.86815965
norm(r_4) 0
Newton iteration  0 : ||r|| = 0.86816
   Pass :  1   Iteration :   0  ||B r|| = 51.6036
   Pass :  1   Iteration :   1  ||B r|| = 0.0332732
   Pass :  1   Iteration :   2  ||B r|| = 0.0198907
   Pass :  1   Iteration :   3  ||B r|| = 0.0198573
   Pass :  1   Iteration :   4  ||B r|| = 0.0176232
   Pass :  1   Iteration :   5  ||B r|| = 0.0167426
   Pass :  1   Iteration :   6  ||B r|| = 0.0162944
   Pass :  1   Iteration :   7  ||B r|| = 0.0161203
   Pass :  1   Iteration :   8  ||B r|| = 0.0160427
   Pass :  1   Iteration :   9  ||B r|| = 0.0160388
   Pass :  1   Iteration :  10  ||B r|| = 0.0154199
   Pass :  1   Iteration :  11  ||B r|| = 0.0138286
   Pass :  1   Iteration :  12  ||B r|| = 0.013586
   Pass :  1   Iteration :  13  ||B r|| = 0.0127446
   Pass :  1   Iteration :  14  ||B r|| = 0.0101667
   Pass :  1   Iteration :  15  ||B r|| = 0.00786638
   Pass :  1   Iteration :  16  ||B r|| = 0.00616459
   Pass :  1   Iteration :  17  ||B r|| = 0.00592203
   Pass :  1   Iteration :  18  ||B r|| = 0.00572346
   Pass :  1   Iteration :  19  ||B r|| = 0.00548374
   Pass :  1   Iteration :  20  ||B r|| = 0.00535351
   Pass :  1   Iteration :  21  ||B r|| = 0.00521431
   Pass :  1   Iteration :  22  ||B r|| = 0.0050027
   Pass :  1   Iteration :  23  ||B r|| = 0.0047349
   Pass :  1   Iteration :  24  ||B r|| = 0.00448481
   Pass :  1   Iteration :  25  ||B r|| = 0.00425003
   Pass :  1   Iteration :  26  ||B r|| = 0.00362602
   Pass :  1   Iteration :  27  ||B r|| = 0.00255002
   Pass :  1   Iteration :  28  ||B r|| = 0.00191399
   Pass :  1   Iteration :  29  ||B r|| = 0.00114396
   Pass :  1   Iteration :  30  ||B r|| = 0.000573908
   Pass :  1   Iteration :  31  ||B r|| = 0.000329465
   Pass :  1   Iteration :  32  ||B r|| = 0.000173369
   Pass :  1   Iteration :  33  ||B r|| = 9.87003e-05
   Pass :  1   Iteration :  34  ||B r|| = 6.09687e-05
   Pass :  1   Iteration :  35  ||B r|| = 3.44284e-05
norm(r_0) 0
norm(r_1) 0
norm(r_2) 0
norm(r_3) 0.01525782
norm(r_4) 0
Newton iteration  1 : ||r|| = 0.0152578, ||r||/||r_0|| = 0.0175749
Setting time step: 0.0025 in DGTransportTDO
Setting time step: 0.0025 in CombinedOp
Setting time step: 0.0025 in IonStaticPressureOp
norm(r_0) 0
norm(r_1) 0
norm(r_2) 0
norm(r_3) 0.81115866
norm(r_4) 0
Newton iteration  0 : ||r|| = 0.811159
   Pass :  1   Iteration :   0  ||B r|| = 48.8388
   Pass :  1   Iteration :   1  ||B r|| = 0.0304762
   Pass :  1   Iteration :   2  ||B r|| = 0.0173935
   Pass :  1   Iteration :   3  ||B r|| = 0.0171935
   Pass :  1   Iteration :   4  ||B r|| = 0.0162605
   Pass :  1   Iteration :   5  ||B r|| = 0.0156199
   Pass :  1   Iteration :   6  ||B r|| = 0.0152013
   Pass :  1   Iteration :   7  ||B r|| = 0.0149887
   Pass :  1   Iteration :   8  ||B r|| = 0.0149127
   Pass :  1   Iteration :   9  ||B r|| = 0.0149064
   Pass :  1   Iteration :  10  ||B r|| = 0.0142892
   Pass :  1   Iteration :  11  ||B r|| = 0.0126757
   Pass :  1   Iteration :  12  ||B r|| = 0.0123765
   Pass :  1   Iteration :  13  ||B r|| = 0.0115387
   Pass :  1   Iteration :  14  ||B r|| = 0.00919099
   Pass :  1   Iteration :  15  ||B r|| = 0.00747414
   Pass :  1   Iteration :  16  ||B r|| = 0.00633507
   Pass :  1   Iteration :  17  ||B r|| = 0.00623361
   Pass :  1   Iteration :  18  ||B r|| = 0.00610888
   Pass :  1   Iteration :  19  ||B r|| = 0.00589037
   Pass :  1   Iteration :  20  ||B r|| = 0.00572736
   Pass :  1   Iteration :  21  ||B r|| = 0.00558953
   Pass :  1   Iteration :  22  ||B r|| = 0.00534893
   Pass :  1   Iteration :  23  ||B r|| = 0.0050125
   Pass :  1   Iteration :  24  ||B r|| = 0.00469355
   Pass :  1   Iteration :  25  ||B r|| = 0.00437028
   Pass :  1   Iteration :  26  ||B r|| = 0.00359796
   Pass :  1   Iteration :  27  ||B r|| = 0.00242923
   Pass :  1   Iteration :  28  ||B r|| = 0.00178197
   Pass :  1   Iteration :  29  ||B r|| = 0.00105757
   Pass :  1   Iteration :  30  ||B r|| = 0.000511938
   Pass :  1   Iteration :  31  ||B r|| = 0.00029447
   Pass :  1   Iteration :  32  ||B r|| = 0.000155918
   Pass :  1   Iteration :  33  ||B r|| = 9.2026e-05
   Pass :  1   Iteration :  34  ||B r|| = 5.58919e-05
   Pass :  1   Iteration :  35  ||B r|| = 3.01879e-05
norm(r_0) 0
norm(r_1) 0
norm(r_2) 0
norm(r_3) 0.012808531
norm(r_4) 0
Newton iteration  1 : ||r|| = 0.0128085, ||r||/||r_0|| = 0.0157904
Setting time step: 0.0025 in DGTransportTDO
Setting time step: 0.0025 in CombinedOp
Setting time step: 0.0025 in IonStaticPressureOp
norm(r_0) 0
norm(r_1) 0
norm(r_2) 0
norm(r_3) 0.8330776
norm(r_4) 0
Newton iteration  0 : ||r|| = 0.833078
   Pass :  1   Iteration :   0  ||B r|| = 49.9664
   Pass :  1   Iteration :   1  ||B r|| = 0.0315319
   Pass :  1   Iteration :   2  ||B r|| = 0.0182089
   Pass :  1   Iteration :   3  ||B r|| = 0.0180641
   Pass :  1   Iteration :   4  ||B r|| = 0.0168112
   Pass :  1   Iteration :   5  ||B r|| = 0.0160743
   Pass :  1   Iteration :   6  ||B r|| = 0.01564
   Pass :  1   Iteration :   7  ||B r|| = 0.0154389
   Pass :  1   Iteration :   8  ||B r|| = 0.0153635
   Pass :  1   Iteration :   9  ||B r|| = 0.0153581
   Pass :  1   Iteration :  10  ||B r|| = 0.014735
   Pass :  1   Iteration :  11  ||B r|| = 0.0131138
   Pass :  1   Iteration :  12  ||B r|| = 0.0128282
   Pass :  1   Iteration :  13  ||B r|| = 0.0119767
   Pass :  1   Iteration :  14  ||B r|| = 0.00953803
   Pass :  1   Iteration :  15  ||B r|| = 0.00764935
   Pass :  1   Iteration :  16  ||B r|| = 0.00636802
   Pass :  1   Iteration :  17  ||B r|| = 0.0062385
   Pass :  1   Iteration :  18  ||B r|| = 0.00609608
   Pass :  1   Iteration :  19  ||B r|| = 0.00587031
   Pass :  1   Iteration :  20  ||B r|| = 0.00571552
   Pass :  1   Iteration :  21  ||B r|| = 0.00557605
   Pass :  1   Iteration :  22  ||B r|| = 0.00533842
   Pass :  1   Iteration :  23  ||B r|| = 0.00501449
   Pass :  1   Iteration :  24  ||B r|| = 0.00470987
   Pass :  1   Iteration :  25  ||B r|| = 0.00440626
   Pass :  1   Iteration :  26  ||B r|| = 0.0036591
   Pass :  1   Iteration :  27  ||B r|| = 0.00249274
   Pass :  1   Iteration :  28  ||B r|| = 0.00183715
   Pass :  1   Iteration :  29  ||B r|| = 0.00109167
   Pass :  1   Iteration :  30  ||B r|| = 0.000533927
   Pass :  1   Iteration :  31  ||B r|| = 0.000306602
   Pass :  1   Iteration :  32  ||B r|| = 0.000162221
   Pass :  1   Iteration :  33  ||B r|| = 9.48113e-05
   Pass :  1   Iteration :  34  ||B r|| = 5.79169e-05
   Pass :  1   Iteration :  35  ||B r|| = 3.16478e-05
norm(r_0) 0
norm(r_1) 0
norm(r_2) 0
norm(r_3) 0.0135783
norm(r_4) 0
Newton iteration  1 : ||r|| = 0.0135783, ||r||/||r_0|| = 0.016299
Setting time step: 0.0025 in DGTransportTDO
Setting time step: 0.0025 in CombinedOp
Setting time step: 0.0025 in IonStaticPressureOp
norm(r_0) 0
norm(r_1) 0
norm(r_2) 0
norm(r_3) 0.83864734
norm(r_4) 0
Newton iteration  0 : ||r|| = 0.838647
   Pass :  1   Iteration :   0  ||B r|| = 50.2384
   Pass :  1   Iteration :   1  ||B r|| = 0.0318199
   Pass :  1   Iteration :   2  ||B r|| = 0.0184947
   Pass :  1   Iteration :   3  ||B r|| = 0.0183755
   Pass :  1   Iteration :   4  ||B r|| = 0.0169512
   Pass :  1   Iteration :   5  ||B r|| = 0.0161777
   Pass :  1   Iteration :   6  ||B r|| = 0.0157415
   Pass :  1   Iteration :   7  ||B r|| = 0.0155472
   Pass :  1   Iteration :   8  ||B r|| = 0.0154719
   Pass :  1   Iteration :   9  ||B r|| = 0.0154668
   Pass :  1   Iteration :  10  ||B r|| = 0.0148457
   Pass :  1   Iteration :  11  ||B r|| = 0.0132324
   Pass :  1   Iteration :  12  ||B r|| = 0.0129555
   Pass :  1   Iteration :  13  ||B r|| = 0.0121062
   Pass :  1   Iteration :  14  ||B r|| = 0.00964157
   Pass :  1   Iteration :  15  ||B r|| = 0.00767847
   Pass :  1   Iteration :  16  ||B r|| = 0.00632706
   Pass :  1   Iteration :  17  ||B r|| = 0.00618131
   Pass :  1   Iteration :  18  ||B r|| = 0.00603033
   Pass :  1   Iteration :  19  ||B r|| = 0.00580315
   Pass :  1   Iteration :  20  ||B r|| = 0.00565376
   Pass :  1   Iteration :  21  ||B r|| = 0.00551433
   Pass :  1   Iteration :  22  ||B r|| = 0.00528094
   Pass :  1   Iteration :  23  ||B r|| = 0.00496671
   Pass :  1   Iteration :  24  ||B r|| = 0.00467229
   Pass :  1   Iteration :  25  ||B r|| = 0.00438124
   Pass :  1   Iteration :  26  ||B r|| = 0.00365596
   Pass :  1   Iteration :  27  ||B r|| = 0.0025027
   Pass :  1   Iteration :  28  ||B r|| = 0.00185005
   Pass :  1   Iteration :  29  ||B r|| = 0.00110058
   Pass :  1   Iteration :  30  ||B r|| = 0.00054094
   Pass :  1   Iteration :  31  ||B r|| = 0.000310611
   Pass :  1   Iteration :  32  ||B r|| = 0.000164215
   Pass :  1   Iteration :  33  ||B r|| = 9.54777e-05
   Pass :  1   Iteration :  34  ||B r|| = 5.84689e-05
   Pass :  1   Iteration :  35  ||B r|| = 3.21614e-05
norm(r_0) 0
norm(r_1) 0
norm(r_2) 0
norm(r_3) 0.013880313
norm(r_4) 0
Newton iteration  1 : ||r|| = 0.0138803, ||r||/||r_0|| = 0.0165508
Setting time step: 0.0025 in DGTransportTDO
Setting time step: 0.0025 in CombinedOp
Setting time step: 0.0025 in IonStaticPressureOp
norm(r_0) 0
norm(r_1) 0
norm(r_2) 0
norm(r_3) 0.7853299
norm(r_4) 0
Newton iteration  0 : ||r|| = 0.78533
   Pass :  1   Iteration :   0  ||B r|| = 47.3186
   Pass :  1   Iteration :   1  ||B r|| = 0.0294352
   Pass :  1   Iteration :   2  ||B r|| = 0.0180779
   Pass :  1   Iteration :   3  ||B r|| = 0.0180673
   Pass :  1   Iteration :   4  ||B r|| = 0.0155244
   Pass :  1   Iteration :   5  ||B r|| = 0.0147157
   Pass :  1   Iteration :   6  ||B r|| = 0.0143481
   Pass :  1   Iteration :   7  ||B r|| = 0.0142078
   Pass :  1   Iteration :   8  ||B r|| = 0.0141306
   Pass :  1   Iteration :   9  ||B r|| = 0.0141272
   Pass :  1   Iteration :  10  ||B r|| = 0.0135965
   Pass :  1   Iteration :  11  ||B r|| = 0.0122223
   Pass :  1   Iteration :  12  ||B r|| = 0.012024
   Pass :  1   Iteration :  13  ||B r|| = 0.0113378
   Pass :  1   Iteration :  14  ||B r|| = 0.00905467
   Pass :  1   Iteration :  15  ||B r|| = 0.00689244
   Pass :  1   Iteration :  16  ||B r|| = 0.00514515
   Pass :  1   Iteration :  17  ||B r|| = 0.0048379
   Pass :  1   Iteration :  18  ||B r|| = 0.00463696
   Pass :  1   Iteration :  19  ||B r|| = 0.00444085
   Pass :  1   Iteration :  20  ||B r|| = 0.00434556
   Pass :  1   Iteration :  21  ||B r|| = 0.00421969
   Pass :  1   Iteration :  22  ||B r|| = 0.00405548
   Pass :  1   Iteration :  23  ||B r|| = 0.00385467
   Pass :  1   Iteration :  24  ||B r|| = 0.00366629
   Pass :  1   Iteration :  25  ||B r|| = 0.00348913
   Pass :  1   Iteration :  26  ||B r|| = 0.00303787
   Pass :  1   Iteration :  27  ||B r|| = 0.00217914
   Pass :  1   Iteration :  28  ||B r|| = 0.00167295
   Pass :  1   Iteration :  29  ||B r|| = 0.00101318
   Pass :  1   Iteration :  30  ||B r|| = 0.000509697
   Pass :  1   Iteration :  31  ||B r|| = 0.000299424
   Pass :  1   Iteration :  32  ||B r|| = 0.000156212
   Pass :  1   Iteration :  33  ||B r|| = 8.66497e-05
   Pass :  1   Iteration :  34  ||B r|| = 5.33186e-05
   Pass :  1   Iteration :  35  ||B r|| = 3.0901e-05
norm(r_0) 0
norm(r_1) 0
norm(r_2) 0
norm(r_3) 0.013913671
norm(r_4) 0
Newton iteration  1 : ||r|| = 0.0139137, ||r||/||r_0|| = 0.017717
Setting time step: 0.005 in DGTransportTDO
Setting time step: 0.005 in CombinedOp
Setting time step: 0.005 in IonStaticPressureOp
norm(r_0) 0
norm(r_1) 0
norm(r_2) 0
norm(r_3) 0.75659302
norm(r_4) 0
Newton iteration  0 : ||r|| = 0.756593
   Pass :  1   Iteration :   0  ||B r|| = 38.3301
   Pass :  1   Iteration :   1  ||B r|| = 0.0166982
   Pass :  1   Iteration :   2  ||B r|| = 0.00960332
   Pass :  1   Iteration :   3  ||B r|| = 0.00958004
   Pass :  1   Iteration :   4  ||B r|| = 0.00876791
   Pass :  1   Iteration :   5  ||B r|| = 0.0083901
   Pass :  1   Iteration :   6  ||B r|| = 0.00822538
   Pass :  1   Iteration :   7  ||B r|| = 0.00813015
   Pass :  1   Iteration :   8  ||B r|| = 0.00809563
   Pass :  1   Iteration :   9  ||B r|| = 0.00809543
   Pass :  1   Iteration :  10  ||B r|| = 0.00782554
   Pass :  1   Iteration :  11  ||B r|| = 0.00720795
   Pass :  1   Iteration :  12  ||B r|| = 0.0071576
   Pass :  1   Iteration :  13  ||B r|| = 0.00687079
   Pass :  1   Iteration :  14  ||B r|| = 0.00591969
   Pass :  1   Iteration :  15  ||B r|| = 0.00522373
   Pass :  1   Iteration :  16  ||B r|| = 0.00475492
   Pass :  1   Iteration :  17  ||B r|| = 0.00473126
   Pass :  1   Iteration :  18  ||B r|| = 0.00462153
   Pass :  1   Iteration :  19  ||B r|| = 0.00448454
   Pass :  1   Iteration :  20  ||B r|| = 0.00436414
   Pass :  1   Iteration :  21  ||B r|| = 0.00431729
   Pass :  1   Iteration :  22  ||B r|| = 0.00415707
   Pass :  1   Iteration :  23  ||B r|| = 0.00394949
   Pass :  1   Iteration :  24  ||B r|| = 0.00377223
   Pass :  1   Iteration :  25  ||B r|| = 0.00358405
   Pass :  1   Iteration :  26  ||B r|| = 0.00303371
   Pass :  1   Iteration :  27  ||B r|| = 0.00214874
   Pass :  1   Iteration :  28  ||B r|| = 0.00153542
   Pass :  1   Iteration :  29  ||B r|| = 0.000885438
   Pass :  1   Iteration :  30  ||B r|| = 0.000456283
   Pass :  1   Iteration :  31  ||B r|| = 0.000248863
   Pass :  1   Iteration :  32  ||B r|| = 0.000133791
   Pass :  1   Iteration :  33  ||B r|| = 7.85994e-05
   Pass :  1   Iteration :  34  ||B r|| = 4.83607e-05
   Pass :  1   Iteration :  35  ||B r|| = 2.34976e-05
norm(r_0) 0
norm(r_1) 0
norm(r_2) 0
norm(r_3) 0.020252886
norm(r_4) 0
Newton iteration  1 : ||r|| = 0.0202529, ||r||/||r_0|| = 0.0267685
Setting time step: 0.005 in DGTransportTDO
Setting time step: 0.005 in CombinedOp
Setting time step: 0.005 in IonStaticPressureOp
norm(r_0) 0
norm(r_1) 0
norm(r_2) 0
norm(r_3) 0.66043271
norm(r_4) 0
Newton iteration  0 : ||r|| = 0.660433
   Pass :  1   Iteration :   0  ||B r|| = 33.4726
   Pass :  1   Iteration :   1  ||B r|| = 0.0145277
   Pass :  1   Iteration :   2  ||B r|| = 0.00830928
   Pass :  1   Iteration :   3  ||B r|| = 0.00828248
   Pass :  1   Iteration :   4  ||B r|| = 0.00763547
   Pass :  1   Iteration :   5  ||B r|| = 0.00731153
   Pass :  1   Iteration :   6  ||B r|| = 0.00716926
   Pass :  1   Iteration :   7  ||B r|| = 0.00708172
   Pass :  1   Iteration :   8  ||B r|| = 0.007053
   Pass :  1   Iteration :   9  ||B r|| = 0.00705287
   Pass :  1   Iteration :  10  ||B r|| = 0.0068175
   Pass :  1   Iteration :  11  ||B r|| = 0.00626638
   Pass :  1   Iteration :  12  ||B r|| = 0.00621797
   Pass :  1   Iteration :  13  ||B r|| = 0.00596447
   Pass :  1   Iteration :  14  ||B r|| = 0.00513196
   Pass :  1   Iteration :  15  ||B r|| = 0.00454703
   Pass :  1   Iteration :  16  ||B r|| = 0.00415648
   Pass :  1   Iteration :  17  ||B r|| = 0.00414087
   Pass :  1   Iteration :  18  ||B r|| = 0.00405191
   Pass :  1   Iteration :  19  ||B r|| = 0.00393685
   Pass :  1   Iteration :  20  ||B r|| = 0.00383074
   Pass :  1   Iteration :  21  ||B r|| = 0.00379107
   Pass :  1   Iteration :  22  ||B r|| = 0.00364807
   Pass :  1   Iteration :  23  ||B r|| = 0.00345332
   Pass :  1   Iteration :  24  ||B r|| = 0.00328689
   Pass :  1   Iteration :  25  ||B r|| = 0.00311056
   Pass :  1   Iteration :  26  ||B r|| = 0.00262102
   Pass :  1   Iteration :  27  ||B r|| = 0.00185642
   Pass :  1   Iteration :  28  ||B r|| = 0.00132939
   Pass :  1   Iteration :  29  ||B r|| = 0.000777911
   Pass :  1   Iteration :  30  ||B r|| = 0.000395769
   Pass :  1   Iteration :  31  ||B r|| = 0.000217414
   Pass :  1   Iteration :  32  ||B r|| = 0.000115969
   Pass :  1   Iteration :  33  ||B r|| = 6.92994e-05
   Pass :  1   Iteration :  34  ||B r|| = 4.27171e-05
   Pass :  1   Iteration :  35  ||B r|| = 2.02217e-05
norm(r_0) 0
norm(r_1) 0
norm(r_2) 0
norm(r_3) 0.017404393
norm(r_4) 0
Newton iteration  1 : ||r|| = 0.0174044, ||r||/||r_0|| = 0.026353
Setting time step: 0.005 in DGTransportTDO
Setting time step: 0.005 in CombinedOp
Setting time step: 0.005 in IonStaticPressureOp
norm(r_0) 0
norm(r_1) 0
norm(r_2) 0
norm(r_3) 0.69795897
norm(r_4) 0
Newton iteration  0 : ||r|| = 0.697959
   Pass :  1   Iteration :   0  ||B r|| = 35.3706
   Pass :  1   Iteration :   1  ||B r|| = 0.0153705
   Pass :  1   Iteration :   2  ||B r|| = 0.00880442
   Pass :  1   Iteration :   3  ||B r|| = 0.00877814
   Pass :  1   Iteration :   4  ||B r|| = 0.00807606
   Pass :  1   Iteration :   5  ||B r|| = 0.00773171
   Pass :  1   Iteration :   6  ||B r|| = 0.00758093
   Pass :  1   Iteration :   7  ||B r|| = 0.00748971
   Pass :  1   Iteration :   8  ||B r|| = 0.00745897
   Pass :  1   Iteration :   9  ||B r|| = 0.00745883
   Pass :  1   Iteration :  10  ||B r|| = 0.00721009
   Pass :  1   Iteration :  11  ||B r|| = 0.00663113
   Pass :  1   Iteration :  12  ||B r|| = 0.00658138
   Pass :  1   Iteration :  13  ||B r|| = 0.00631444
   Pass :  1   Iteration :  14  ||B r|| = 0.00543502
   Pass :  1   Iteration :  15  ||B r|| = 0.00480997
   Pass :  1   Iteration :  16  ||B r|| = 0.00439174
   Pass :  1   Iteration :  17  ||B r|| = 0.00437389
   Pass :  1   Iteration :  18  ||B r|| = 0.00427774
   Pass :  1   Iteration :  19  ||B r|| = 0.00415467
   Pass :  1   Iteration :  20  ||B r|| = 0.0040429
   Pass :  1   Iteration :  21  ||B r|| = 0.00400069
   Pass :  1   Iteration :  22  ||B r|| = 0.0038504
   Pass :  1   Iteration :  23  ||B r|| = 0.0036485
   Pass :  1   Iteration :  24  ||B r|| = 0.0034762
   Pass :  1   Iteration :  25  ||B r|| = 0.00329349
   Pass :  1   Iteration :  26  ||B r|| = 0.00277884
   Pass :  1   Iteration :  27  ||B r|| = 0.00196828
   Pass :  1   Iteration :  28  ||B r|| = 0.00140838
   Pass :  1   Iteration :  29  ||B r|| = 0.000820795
   Pass :  1   Iteration :  30  ||B r|| = 0.000419123
   Pass :  1   Iteration :  31  ||B r|| = 0.000229758
   Pass :  1   Iteration :  32  ||B r|| = 0.000122771
   Pass :  1   Iteration :  33  ||B r|| = 7.29886e-05
   Pass :  1   Iteration :  34  ||B r|| = 4.49627e-05
   Pass :  1   Iteration :  35  ||B r|| = 2.14226e-05
norm(r_0) 0
norm(r_1) 0
norm(r_2) 0
norm(r_3) 0.018446722
norm(r_4) 0
Newton iteration  1 : ||r|| = 0.0184467, ||r||/||r_0|| = 0.0264295
Setting time step: 0.005 in DGTransportTDO
Setting time step: 0.005 in CombinedOp
Setting time step: 0.005 in IonStaticPressureOp
norm(r_0) 0
norm(r_1) 0
norm(r_2) 0
norm(r_3) 0.70768263
norm(r_4) 0
Newton iteration  0 : ||r|| = 0.707683
   Pass :  1   Iteration :   0  ||B r|| = 35.8634
   Pass :  1   Iteration :   1  ||B r|| = 0.0155919
   Pass :  1   Iteration :   2  ||B r|| = 0.00893832
   Pass :  1   Iteration :   3  ||B r|| = 0.00891266
   Pass :  1   Iteration :   4  ||B r|| = 0.00819135
   Pass :  1   Iteration :   5  ||B r|| = 0.00784128
   Pass :  1   Iteration :   6  ||B r|| = 0.00768817
   Pass :  1   Iteration :   7  ||B r|| = 0.00759639
   Pass :  1   Iteration :   8  ||B r|| = 0.007565
   Pass :  1   Iteration :   9  ||B r|| = 0.00756485
   Pass :  1   Iteration :  10  ||B r|| = 0.00731258
   Pass :  1   Iteration :  11  ||B r|| = 0.00672737
   Pass :  1   Iteration :  12  ||B r|| = 0.00667759
   Pass :  1   Iteration :  13  ||B r|| = 0.00640737
   Pass :  1   Iteration :  14  ||B r|| = 0.00551601
   Pass :  1   Iteration :  15  ||B r|| = 0.00487878
   Pass :  1   Iteration :  16  ||B r|| = 0.00445195
   Pass :  1   Iteration :  17  ||B r|| = 0.00443309
   Pass :  1   Iteration :  18  ||B r|| = 0.00433462
   Pass :  1   Iteration :  19  ||B r|| = 0.00420919
   Pass :  1   Iteration :  20  ||B r|| = 0.00409603
   Pass :  1   Iteration :  21  ||B r|| = 0.00405303
   Pass :  1   Iteration :  22  ||B r|| = 0.00390115
   Pass :  1   Iteration :  23  ||B r|| = 0.00369854
   Pass :  1   Iteration :  24  ||B r|| = 0.00352562
   Pass :  1   Iteration :  25  ||B r|| = 0.00334217
   Pass :  1   Iteration :  26  ||B r|| = 0.00282164
   Pass :  1   Iteration :  27  ||B r|| = 0.00199845
   Pass :  1   Iteration :  28  ||B r|| = 0.00142969
   Pass :  1   Iteration :  29  ||B r|| = 0.000831495
   Pass :  1   Iteration :  30  ||B r|| = 0.000425289
   Pass :  1   Iteration :  31  ||B r|| = 0.000232915
   Pass :  1   Iteration :  32  ||B r|| = 0.000124608
   Pass :  1   Iteration :  33  ||B r|| = 7.39176e-05
   Pass :  1   Iteration :  34  ||B r|| = 4.55251e-05
   Pass :  1   Iteration :  35  ||B r|| = 2.17702e-05
norm(r_0) 0
norm(r_1) 0
norm(r_2) 0
norm(r_3) 0.018748506
norm(r_4) 0
Newton iteration  1 : ||r|| = 0.0187485, ||r||/||r_0|| = 0.0264928
Setting time step: 0.005 in DGTransportTDO
Setting time step: 0.005 in CombinedOp
Setting time step: 0.005 in IonStaticPressureOp
norm(r_0) 0
norm(r_1) 0
norm(r_2) 0
norm(r_3) 0.61482774
norm(r_4) 0
Newton iteration  0 : ||r|| = 0.614828
   Pass :  1   Iteration :   0  ||B r|| = 31.1844
   Pass :  1   Iteration :   1  ||B r|| = 0.013554
   Pass :  1   Iteration :   2  ||B r|| = 0.00783132
   Pass :  1   Iteration :   3  ||B r|| = 0.00781527
   Pass :  1   Iteration :   4  ||B r|| = 0.00711983
   Pass :  1   Iteration :   5  ||B r|| = 0.0068118
   Pass :  1   Iteration :   6  ||B r|| = 0.00667641
   Pass :  1   Iteration :   7  ||B r|| = 0.00660288
   Pass :  1   Iteration :   8  ||B r|| = 0.00657343
   Pass :  1   Iteration :   9  ||B r|| = 0.00657313
   Pass :  1   Iteration :  10  ||B r|| = 0.00635125
   Pass :  1   Iteration :  11  ||B r|| = 0.0058574
   Pass :  1   Iteration :  12  ||B r|| = 0.00581735
   Pass :  1   Iteration :  13  ||B r|| = 0.00558347
   Pass :  1   Iteration :  14  ||B r|| = 0.00481377
   Pass :  1   Iteration :  15  ||B r|| = 0.00423715
   Pass :  1   Iteration :  16  ||B r|| = 0.00384725
   Pass :  1   Iteration :  17  ||B r|| = 0.00382344
   Pass :  1   Iteration :  18  ||B r|| = 0.003734
   Pass :  1   Iteration :  19  ||B r|| = 0.00362374
   Pass :  1   Iteration :  20  ||B r|| = 0.00352576
   Pass :  1   Iteration :  21  ||B r|| = 0.00348517
   Pass :  1   Iteration :  22  ||B r|| = 0.00335939
   Pass :  1   Iteration :  23  ||B r|| = 0.00320197
   Pass :  1   Iteration :  24  ||B r|| = 0.0030635
   Pass :  1   Iteration :  25  ||B r|| = 0.00291596
   Pass :  1   Iteration :  26  ||B r|| = 0.00246984
   Pass :  1   Iteration :  27  ||B r|| = 0.00174432
   Pass :  1   Iteration :  28  ||B r|| = 0.00125118
   Pass :  1   Iteration :  29  ||B r|| = 0.000715247
   Pass :  1   Iteration :  30  ||B r|| = 0.000367765
   Pass :  1   Iteration :  31  ||B r|| = 0.000200782
   Pass :  1   Iteration :  32  ||B r|| = 0.000109346
   Pass :  1   Iteration :  33  ||B r|| = 6.44295e-05
   Pass :  1   Iteration :  34  ||B r|| = 3.97875e-05
   Pass :  1   Iteration :  35  ||B r|| = 1.98433e-05
norm(r_0) 0
norm(r_1) 0
norm(r_2) 0
norm(r_3) 0.017116076
norm(r_4) 0
Newton iteration  1 : ||r|| = 0.0171161, ||r||/||r_0|| = 0.0278388
Setting time step: 0.01 in DGTransportTDO
Setting time step: 0.01 in CombinedOp
Setting time step: 0.01 in IonStaticPressureOp
norm(r_0) 0
norm(r_1) 0
norm(r_2) 0
norm(r_3) 0.57556905
norm(r_4) 0
Newton iteration  0 : ||r|| = 0.575569
   Pass :  1   Iteration :   0  ||B r|| = 22.0403
   Pass :  1   Iteration :   1  ||B r|| = 0.00755514
   Pass :  1   Iteration :   2  ||B r|| = 0.00428499
   Pass :  1   Iteration :   3  ||B r|| = 0.0042796
   Pass :  1   Iteration :   4  ||B r|| = 0.00395808
   Pass :  1   Iteration :   5  ||B r|| = 0.00380304
   Pass :  1   Iteration :   6  ||B r|| = 0.00374212
   Pass :  1   Iteration :   7  ||B r|| = 0.00369581
   Pass :  1   Iteration :   8  ||B r|| = 0.00368335
   Pass :  1   Iteration :   9  ||B r|| = 0.00368333
   Pass :  1   Iteration :  10  ||B r|| = 0.00356501
   Pass :  1   Iteration :  11  ||B r|| = 0.00335161
   Pass :  1   Iteration :  12  ||B r|| = 0.00334331
   Pass :  1   Iteration :  13  ||B r|| = 0.0032406
   Pass :  1   Iteration :  14  ||B r|| = 0.00292337
   Pass :  1   Iteration :  15  ||B r|| = 0.002769
   Pass :  1   Iteration :  16  ||B r|| = 0.00264307
   Pass :  1   Iteration :  17  ||B r|| = 0.00264193
   Pass :  1   Iteration :  18  ||B r|| = 0.00256471
   Pass :  1   Iteration :  19  ||B r|| = 0.00252384
   Pass :  1   Iteration :  20  ||B r|| = 0.00245069
   Pass :  1   Iteration :  21  ||B r|| = 0.00244041
   Pass :  1   Iteration :  22  ||B r|| = 0.00238183
   Pass :  1   Iteration :  23  ||B r|| = 0.00230138
   Pass :  1   Iteration :  24  ||B r|| = 0.00221896
   Pass :  1   Iteration :  25  ||B r|| = 0.00212842
   Pass :  1   Iteration :  26  ||B r|| = 0.00190556
   Pass :  1   Iteration :  27  ||B r|| = 0.00144287
   Pass :  1   Iteration :  28  ||B r|| = 0.00104097
   Pass :  1   Iteration :  29  ||B r|| = 0.000562632
   Pass :  1   Iteration :  30  ||B r|| = 0.000328001
   Pass :  1   Iteration :  31  ||B r|| = 0.00016348
   Pass :  1   Iteration :  32  ||B r|| = 8.97881e-05
   Pass :  1   Iteration :  33  ||B r|| = 5.15694e-05
   Pass :  1   Iteration :  34  ||B r|| = 3.16069e-05
   Pass :  1   Iteration :  35  ||B r|| = 1.4709e-05
norm(r_0) 0
norm(r_1) 0
norm(r_2) 0
norm(r_3) 0.029181824
norm(r_4) 0
Newton iteration  1 : ||r|| = 0.0291818, ||r||/||r_0|| = 0.0507008
Setting time step: 0.01 in DGTransportTDO
Setting time step: 0.01 in CombinedOp
Setting time step: 0.01 in IonStaticPressureOp
norm(r_0) 0
norm(r_1) 0
norm(r_2) 0
norm(r_3) 0.44022372
norm(r_4) 0
Newton iteration  0 : ||r|| = 0.440224
   Pass :  1   Iteration :   0  ||B r|| = 16.7331
   Pass :  1   Iteration :   1  ||B r|| = 0.00573559
   Pass :  1   Iteration :   2  ||B r|| = 0.00324894
   Pass :  1   Iteration :   3  ||B r|| = 0.00324471
   Pass :  1   Iteration :   4  ||B r|| = 0.00299622
   Pass :  1   Iteration :   5  ||B r|| = 0.00287812
   Pass :  1   Iteration :   6  ||B r|| = 0.00283464
   Pass :  1   Iteration :   7  ||B r|| = 0.00279798
   Pass :  1   Iteration :   8  ||B r|| = 0.00278813
   Pass :  1   Iteration :   9  ||B r|| = 0.00278813
   Pass :  1   Iteration :  10  ||B r|| = 0.00270065
   Pass :  1   Iteration :  11  ||B r|| = 0.00253186
   Pass :  1   Iteration :  12  ||B r|| = 0.00252486
   Pass :  1   Iteration :  13  ||B r|| = 0.00245314
   Pass :  1   Iteration :  14  ||B r|| = 0.00221503
   Pass :  1   Iteration :  15  ||B r|| = 0.00209823
   Pass :  1   Iteration :  16  ||B r|| = 0.00199915
   Pass :  1   Iteration :  17  ||B r|| = 0.00199872
   Pass :  1   Iteration :  18  ||B r|| = 0.00194103
   Pass :  1   Iteration :  19  ||B r|| = 0.00191146
   Pass :  1   Iteration :  20  ||B r|| = 0.00185655
   Pass :  1   Iteration :  21  ||B r|| = 0.00185086
   Pass :  1   Iteration :  22  ||B r|| = 0.00180743
   Pass :  1   Iteration :  23  ||B r|| = 0.00173851
   Pass :  1   Iteration :  24  ||B r|| = 0.00167581
   Pass :  1   Iteration :  25  ||B r|| = 0.00160625
   Pass :  1   Iteration :  26  ||B r|| = 0.00144362
   Pass :  1   Iteration :  27  ||B r|| = 0.00109741
   Pass :  1   Iteration :  28  ||B r|| = 0.000799407
   Pass :  1   Iteration :  29  ||B r|| = 0.000453603
   Pass :  1   Iteration :  30  ||B r|| = 0.000257168
   Pass :  1   Iteration :  31  ||B r|| = 0.000127022
   Pass :  1   Iteration :  32  ||B r|| = 6.85928e-05
   Pass :  1   Iteration :  33  ||B r|| = 4.2432e-05
   Pass :  1   Iteration :  34  ||B r|| = 2.56195e-05
   Pass :  1   Iteration :  35  ||B r|| = 1.16517e-05
norm(r_0) 0
norm(r_1) 0
norm(r_2) 0
norm(r_3) 0.022101471
norm(r_4) 0
Newton iteration  1 : ||r|| = 0.0221015, ||r||/||r_0|| = 0.0502051
Setting time step: 0.01 in DGTransportTDO
Setting time step: 0.01 in CombinedOp
Setting time step: 0.01 in IonStaticPressureOp
norm(r_0) 0
norm(r_1) 0
norm(r_2) 0
norm(r_3) 0.49183251
norm(r_4) 0
Newton iteration  0 : ||r|| = 0.491833
   Pass :  1   Iteration :   0  ||B r|| = 18.7541
   Pass :  1   Iteration :   1  ||B r|| = 0.00642852
   Pass :  1   Iteration :   2  ||B r|| = 0.00364269
   Pass :  1   Iteration :   3  ||B r|| = 0.003638
   Pass :  1   Iteration :   4  ||B r|| = 0.00336064
   Pass :  1   Iteration :   5  ||B r|| = 0.00322843
   Pass :  1   Iteration :   6  ||B r|| = 0.00317895
   Pass :  1   Iteration :   7  ||B r|| = 0.00313838
   Pass :  1   Iteration :   8  ||B r|| = 0.00312744
   Pass :  1   Iteration :   9  ||B r|| = 0.00312744
   Pass :  1   Iteration :  10  ||B r|| = 0.00302867
   Pass :  1   Iteration :  11  ||B r|| = 0.00284171
   Pass :  1   Iteration :  12  ||B r|| = 0.00283415
   Pass :  1   Iteration :  13  ||B r|| = 0.00275186
   Pass :  1   Iteration :  14  ||B r|| = 0.00248376
   Pass :  1   Iteration :  15  ||B r|| = 0.00235257
   Pass :  1   Iteration :  16  ||B r|| = 0.00224305
   Pass :  1   Iteration :  17  ||B r|| = 0.00224245
   Pass :  1   Iteration :  18  ||B r|| = 0.00217709
   Pass :  1   Iteration :  19  ||B r|| = 0.00214328
   Pass :  1   Iteration :  20  ||B r|| = 0.00208194
   Pass :  1   Iteration :  21  ||B r|| = 0.00207502
   Pass :  1   Iteration :  22  ||B r|| = 0.0020259
   Pass :  1   Iteration :  23  ||B r|| = 0.00195112
   Pass :  1   Iteration :  24  ||B r|| = 0.00188115
   Pass :  1   Iteration :  25  ||B r|| = 0.00180365
   Pass :  1   Iteration :  26  ||B r|| = 0.00161933
   Pass :  1   Iteration :  27  ||B r|| = 0.00122958
   Pass :  1   Iteration :  28  ||B r|| = 0.000893061
   Pass :  1   Iteration :  29  ||B r|| = 0.000499636
   Pass :  1   Iteration :  30  ||B r|| = 0.000285718
   Pass :  1   Iteration :  31  ||B r|| = 0.000141275
   Pass :  1   Iteration :  32  ||B r|| = 7.66594e-05
   Pass :  1   Iteration :  33  ||B r|| = 4.64429e-05
   Pass :  1   Iteration :  34  ||B r|| = 2.81201e-05
   Pass :  1   Iteration :  35  ||B r|| = 1.281e-05
norm(r_0) 0
norm(r_1) 0
norm(r_2) 0
norm(r_3) 0.024580445
norm(r_4) 0
Newton iteration  1 : ||r|| = 0.0245804, ||r||/||r_0|| = 0.0499773
Setting time step: 0.01 in DGTransportTDO
Setting time step: 0.01 in CombinedOp
Setting time step: 0.01 in IonStaticPressureOp
norm(r_0) 0
norm(r_1) 0
norm(r_2) 0
norm(r_3) 0.5055678
norm(r_4) 0
Newton iteration  0 : ||r|| = 0.505568
   Pass :  1   Iteration :   0  ||B r|| = 19.3019
   Pass :  1   Iteration :   1  ||B r|| = 0.0066163
   Pass :  1   Iteration :   2  ||B r|| = 0.00374981
   Pass :  1   Iteration :   3  ||B r|| = 0.00374501
   Pass :  1   Iteration :   4  ||B r|| = 0.00346035
   Pass :  1   Iteration :   5  ||B r|| = 0.00332437
   Pass :  1   Iteration :   6  ||B r|| = 0.00327295
   Pass :  1   Iteration :   7  ||B r|| = 0.00323144
   Pass :  1   Iteration :   8  ||B r|| = 0.00322026
   Pass :  1   Iteration :   9  ||B r|| = 0.00322026
   Pass :  1   Iteration :  10  ||B r|| = 0.00311819
   Pass :  1   Iteration :  11  ||B r|| = 0.00292694
   Pass :  1   Iteration :  12  ||B r|| = 0.00291927
   Pass :  1   Iteration :  13  ||B r|| = 0.00283343
   Pass :  1   Iteration :  14  ||B r|| = 0.00255712
   Pass :  1   Iteration :  15  ||B r|| = 0.00242199
   Pass :  1   Iteration :  16  ||B r|| = 0.00230987
   Pass :  1   Iteration :  17  ||B r|| = 0.00230918
   Pass :  1   Iteration :  18  ||B r|| = 0.00224181
   Pass :  1   Iteration :  19  ||B r|| = 0.00220673
   Pass :  1   Iteration :  20  ||B r|| = 0.00214348
   Pass :  1   Iteration :  21  ||B r|| = 0.002136
   Pass :  1   Iteration :  22  ||B r|| = 0.00208524
   Pass :  1   Iteration :  23  ||B r|| = 0.00200951
   Pass :  1   Iteration :  24  ||B r|| = 0.00193753
   Pass :  1   Iteration :  25  ||B r|| = 0.00185789
   Pass :  1   Iteration :  26  ||B r|| = 0.00166712
   Pass :  1   Iteration :  27  ||B r|| = 0.00126506
   Pass :  1   Iteration :  28  ||B r|| = 0.000917519
   Pass :  1   Iteration :  29  ||B r|| = 0.000509576
   Pass :  1   Iteration :  30  ||B r|| = 0.00029295
   Pass :  1   Iteration :  31  ||B r|| = 0.00014487
   Pass :  1   Iteration :  32  ||B r|| = 7.8834e-05
   Pass :  1   Iteration :  33  ||B r|| = 4.7265e-05
   Pass :  1   Iteration :  34  ||B r|| = 2.86955e-05
   Pass :  1   Iteration :  35  ||B r|| = 1.30985e-05
norm(r_0) 0
norm(r_1) 0
norm(r_2) 0
norm(r_3) 0.02532346
norm(r_4) 0
Newton iteration  1 : ||r|| = 0.0253235, ||r||/||r_0|| = 0.0500891
Setting time step: 0.01 in DGTransportTDO
Setting time step: 0.01 in CombinedOp
Setting time step: 0.01 in IonStaticPressureOp
norm(r_0) 0
norm(r_1) 0
norm(r_2) 0
norm(r_3) 0.38130739
norm(r_4) 0
Newton iteration  0 : ||r|| = 0.381307
   Pass :  1   Iteration :   0  ||B r|| = 14.4871
   Pass :  1   Iteration :   1  ||B r|| = 0.00496325
   Pass :  1   Iteration :   2  ||B r|| = 0.00282342
   Pass :  1   Iteration :   3  ||B r|| = 0.00281984
   Pass :  1   Iteration :   4  ||B r|| = 0.00262198
   Pass :  1   Iteration :   5  ||B r|| = 0.00252038
   Pass :  1   Iteration :   6  ||B r|| = 0.00247199
   Pass :  1   Iteration :   7  ||B r|| = 0.0024432
   Pass :  1   Iteration :   8  ||B r|| = 0.00243632
   Pass :  1   Iteration :   9  ||B r|| = 0.00243606
   Pass :  1   Iteration :  10  ||B r|| = 0.00235375
   Pass :  1   Iteration :  11  ||B r|| = 0.00222315
   Pass :  1   Iteration :  12  ||B r|| = 0.00221706
   Pass :  1   Iteration :  13  ||B r|| = 0.00213617
   Pass :  1   Iteration :  14  ||B r|| = 0.00193225
   Pass :  1   Iteration :  15  ||B r|| = 0.00183361
   Pass :  1   Iteration :  16  ||B r|| = 0.0017469
   Pass :  1   Iteration :  17  ||B r|| = 0.00174527
   Pass :  1   Iteration :  18  ||B r|| = 0.00170229
   Pass :  1   Iteration :  19  ||B r|| = 0.0016782
   Pass :  1   Iteration :  20  ||B r|| = 0.00161885
   Pass :  1   Iteration :  21  ||B r|| = 0.00160572
   Pass :  1   Iteration :  22  ||B r|| = 0.00156805
   Pass :  1   Iteration :  23  ||B r|| = 0.00152522
   Pass :  1   Iteration :  24  ||B r|| = 0.0014668
   Pass :  1   Iteration :  25  ||B r|| = 0.00140675
   Pass :  1   Iteration :  26  ||B r|| = 0.00125593
   Pass :  1   Iteration :  27  ||B r|| = 0.000937975
   Pass :  1   Iteration :  28  ||B r|| = 0.000652258
   Pass :  1   Iteration :  29  ||B r|| = 0.000335934
   Pass :  1   Iteration :  30  ||B r|| = 0.000206253
   Pass :  1   Iteration :  31  ||B r|| = 0.000110983
   Pass :  1   Iteration :  32  ||B r|| = 5.85352e-05
   Pass :  1   Iteration :  33  ||B r|| = 3.27141e-05
   Pass :  1   Iteration :  34  ||B r|| = 2.03493e-05
   Pass :  1   Iteration :  35  ||B r|| = 1.13685e-05
norm(r_0) 0
norm(r_1) 0
norm(r_2) 0
norm(r_3) 0.022819776
norm(r_4) 0
Newton iteration  1 : ||r|| = 0.0228198, ||r||/||r_0|| = 0.0598461
Setting time step: 0.02 in DGTransportTDO
Setting time step: 0.02 in CombinedOp
Setting time step: 0.02 in IonStaticPressureOp
norm(r_0) 0
norm(r_1) 0
norm(r_2) 0
norm(r_3) 0.33365047
norm(r_4) 0
Newton iteration  0 : ||r|| = 0.33365
   Pass :  1   Iteration :   0  ||B r|| = 8.55572
   Pass :  1   Iteration :   1  ||B r|| = 0.0025422
   Pass :  1   Iteration :   2  ||B r|| = 0.00143613
   Pass :  1   Iteration :   3  ||B r|| = 0.00143478
   Pass :  1   Iteration :   4  ||B r|| = 0.00133618
   Pass :  1   Iteration :   5  ||B r|| = 0.00128677
   Pass :  1   Iteration :   6  ||B r|| = 0.0012681
   Pass :  1   Iteration :   7  ||B r|| = 0.00125192
   Pass :  1   Iteration :   8  ||B r|| = 0.0012486
   Pass :  1   Iteration :   9  ||B r|| = 0.00124859
   Pass :  1   Iteration :  10  ||B r|| = 0.00120766
   Pass :  1   Iteration :  11  ||B r|| = 0.00115092
   Pass :  1   Iteration :  12  ||B r|| = 0.00114976
   Pass :  1   Iteration :  13  ||B r|| = 0.00112011
   Pass :  1   Iteration :  14  ||B r|| = 0.00103795
   Pass :  1   Iteration :  15  ||B r|| = 0.00101772
   Pass :  1   Iteration :  16  ||B r|| = 0.00098406
   Pass :  1   Iteration :  17  ||B r|| = 0.000984027
   Pass :  1   Iteration :  18  ||B r|| = 0.00095194
   Pass :  1   Iteration :  19  ||B r|| = 0.000946721
   Pass :  1   Iteration :  20  ||B r|| = 0.00091252
   Pass :  1   Iteration :  21  ||B r|| = 0.000910934
   Pass :  1   Iteration :  22  ||B r|| = 0.000899789
   Pass :  1   Iteration :  23  ||B r|| = 0.000883753
   Pass :  1   Iteration :  24  ||B r|| = 0.000860241
   Pass :  1   Iteration :  25  ||B r|| = 0.000833198
   Pass :  1   Iteration :  26  ||B r|| = 0.000788053
   Pass :  1   Iteration :  27  ||B r|| = 0.000645615
   Pass :  1   Iteration :  28  ||B r|| = 0.00051389
   Pass :  1   Iteration :  29  ||B r|| = 0.000272568
   Pass :  1   Iteration :  30  ||B r|| = 0.0001668
   Pass :  1   Iteration :  31  ||B r|| = 7.90996e-05
   Pass :  1   Iteration :  32  ||B r|| = 4.44793e-05
   Pass :  1   Iteration :  33  ||B r|| = 2.53221e-05
   Pass :  1   Iteration :  34  ||B r|| = 1.54802e-05
   Pass :  1   Iteration :  35  ||B r|| = 7.86737e-06
norm(r_0) 0
norm(r_1) 0
norm(r_2) 0
norm(r_3) 0.036565012
norm(r_4) 0
Newton iteration  1 : ||r|| = 0.036565, ||r||/||r_0|| = 0.109591
Setting time step: 0.02 in DGTransportTDO
Setting time step: 0.02 in CombinedOp
Setting time step: 0.02 in IonStaticPressureOp
norm(r_0) 0
norm(r_1) 0
norm(r_2) 0
norm(r_3) 0.19847875
norm(r_4) 0
Newton iteration  0 : ||r|| = 0.198479
   Pass :  1   Iteration :   0  ||B r|| = 4.87378
   Pass :  1   Iteration :   1  ||B r|| = 0.00144957
   Pass :  1   Iteration :   2  ||B r|| = 0.000817687
   Pass :  1   Iteration :   3  ||B r|| = 0.000816863
   Pass :  1   Iteration :   4  ||B r|| = 0.000759801
   Pass :  1   Iteration :   5  ||B r|| = 0.000731626
   Pass :  1   Iteration :   6  ||B r|| = 0.000721465
   Pass :  1   Iteration :   7  ||B r|| = 0.000711564
   Pass :  1   Iteration :   8  ||B r|| = 0.000709461
   Pass :  1   Iteration :   9  ||B r|| = 0.000709432
   Pass :  1   Iteration :  10  ||B r|| = 0.000687252
   Pass :  1   Iteration :  11  ||B r|| = 0.000653638
   Pass :  1   Iteration :  12  ||B r|| = 0.000652519
   Pass :  1   Iteration :  13  ||B r|| = 0.000637196
   Pass :  1   Iteration :  14  ||B r|| = 0.000595199
   Pass :  1   Iteration :  15  ||B r|| = 0.000584302
   Pass :  1   Iteration :  16  ||B r|| = 0.0005602
   Pass :  1   Iteration :  17  ||B r|| = 0.000560194
   Pass :  1   Iteration :  18  ||B r|| = 0.00054576
   Pass :  1   Iteration :  19  ||B r|| = 0.000543672
   Pass :  1   Iteration :  20  ||B r|| = 0.000520611
   Pass :  1   Iteration :  21  ||B r|| = 0.000519848
   Pass :  1   Iteration :  22  ||B r|| = 0.000514246
   Pass :  1   Iteration :  23  ||B r|| = 0.000502455
   Pass :  1   Iteration :  24  ||B r|| = 0.000487857
   Pass :  1   Iteration :  25  ||B r|| = 0.00047114
   Pass :  1   Iteration :  26  ||B r|| = 0.000444992
   Pass :  1   Iteration :  27  ||B r|| = 0.000372233
   Pass :  1   Iteration :  28  ||B r|| = 0.000297775
   Pass :  1   Iteration :  29  ||B r|| = 0.000171306
   Pass :  1   Iteration :  30  ||B r|| = 0.000103003
   Pass :  1   Iteration :  31  ||B r|| = 4.73077e-05
   Pass :  1   Iteration :  32  ||B r|| = 2.60274e-05
   Pass :  1   Iteration :  33  ||B r|| = 1.69796e-05
   Pass :  1   Iteration :  34  ||B r|| = 1.04369e-05
   Pass :  1   Iteration :  35  ||B r|| = 5.02015e-06
   Pass :  1   Iteration :  36  ||B r|| = 2.62658e-06
norm(r_0) 0
norm(r_1) 0
norm(r_2) 0
norm(r_3) 0.0090454404
norm(r_4) 0
Newton iteration  1 : ||r|| = 0.00904544, ||r||/||r_0|| = 0.0455738
Setting time step: 0.02 in DGTransportTDO
Setting time step: 0.02 in CombinedOp
Setting time step: 0.02 in IonStaticPressureOp
norm(r_0) 0
norm(r_1) 0
norm(r_2) 0
norm(r_3) 0.24820574
norm(r_4) 0
Newton iteration  0 : ||r|| = 0.248206
   Pass :  1   Iteration :   0  ||B r|| = 6.21909
   Pass :  1   Iteration :   1  ||B r|| = 0.00184911
   Pass :  1   Iteration :   2  ||B r|| = 0.00104351
   Pass :  1   Iteration :   3  ||B r|| = 0.00104248
   Pass :  1   Iteration :   4  ||B r|| = 0.000969794
   Pass :  1   Iteration :   5  ||B r|| = 0.000933875
   Pass :  1   Iteration :   6  ||B r|| = 0.000920845
   Pass :  1   Iteration :   7  ||B r|| = 0.000908507
   Pass :  1   Iteration :   8  ||B r|| = 0.000905907
   Pass :  1   Iteration :   9  ||B r|| = 0.000905892
   Pass :  1   Iteration :  10  ||B r|| = 0.000877148
   Pass :  1   Iteration :  11  ||B r|| = 0.000834775
   Pass :  1   Iteration :  12  ||B r|| = 0.000833584
   Pass :  1   Iteration :  13  ||B r|| = 0.000813422
   Pass :  1   Iteration :  14  ||B r|| = 0.000757588
   Pass :  1   Iteration :  15  ||B r|| = 0.000743406
   Pass :  1   Iteration :  16  ||B r|| = 0.000715007
   Pass :  1   Iteration :  17  ||B r|| = 0.000714993
   Pass :  1   Iteration :  18  ||B r|| = 0.000694909
   Pass :  1   Iteration :  19  ||B r|| = 0.00069184
   Pass :  1   Iteration :  20  ||B r|| = 0.000663922
   Pass :  1   Iteration :  21  ||B r|| = 0.00066293
   Pass :  1   Iteration :  22  ||B r|| = 0.000655516
   Pass :  1   Iteration :  23  ||B r|| = 0.000641489
   Pass :  1   Iteration :  24  ||B r|| = 0.00062337
   Pass :  1   Iteration :  25  ||B r|| = 0.000602865
   Pass :  1   Iteration :  26  ||B r|| = 0.000569827
   Pass :  1   Iteration :  27  ||B r|| = 0.000473347
   Pass :  1   Iteration :  28  ||B r|| = 0.000377807
   Pass :  1   Iteration :  29  ||B r|| = 0.00021175
   Pass :  1   Iteration :  30  ||B r|| = 0.000128856
   Pass :  1   Iteration :  31  ||B r|| = 5.92167e-05
   Pass :  1   Iteration :  32  ||B r|| = 3.27836e-05
   Pass :  1   Iteration :  33  ||B r|| = 2.04783e-05
   Pass :  1   Iteration :  34  ||B r|| = 1.2557e-05
   Pass :  1   Iteration :  35  ||B r|| = 6.14344e-06
norm(r_0) 0
norm(r_1) 0
norm(r_2) 0
norm(r_3) 0.029490409
norm(r_4) 0
Newton iteration  1 : ||r|| = 0.0294904, ||r||/||r_0|| = 0.118814
Setting time step: 0.02 in DGTransportTDO
Setting time step: 0.02 in CombinedOp
Setting time step: 0.02 in IonStaticPressureOp
norm(r_0) 0
norm(r_1) 0
norm(r_2) 0
norm(r_3) 0.26199385
norm(r_4) 0
Newton iteration  0 : ||r|| = 0.261994
   Pass :  1   Iteration :   0  ||B r|| = 6.60987
   Pass :  1   Iteration :   1  ||B r|| = 0.00196508
   Pass :  1   Iteration :   2  ||B r|| = 0.00110919
   Pass :  1   Iteration :   3  ||B r|| = 0.00110811
   Pass :  1   Iteration :   4  ||B r|| = 0.00103102
   Pass :  1   Iteration :   5  ||B r|| = 0.000992882
   Pass :  1   Iteration :   6  ||B r|| = 0.00097894
   Pass :  1   Iteration :   7  ||B r|| = 0.000965956
   Pass :  1   Iteration :   8  ||B r|| = 0.000963231
   Pass :  1   Iteration :   9  ||B r|| = 0.000963223
   Pass :  1   Iteration :  10  ||B r|| = 0.000932451
   Pass :  1   Iteration :  11  ||B r|| = 0.000887651
   Pass :  1   Iteration :  12  ||B r|| = 0.000886465
   Pass :  1   Iteration :  13  ||B r|| = 0.000864715
   Pass :  1   Iteration :  14  ||B r|| = 0.000804485
   Pass :  1   Iteration :  15  ||B r|| = 0.000789239
   Pass :  1   Iteration :  16  ||B r|| = 0.000760011
   Pass :  1   Iteration :  17  ||B r|| = 0.000759995
   Pass :  1   Iteration :  18  ||B r|| = 0.000737989
   Pass :  1   Iteration :  19  ||B r|| = 0.000734546
   Pass :  1   Iteration :  20  ||B r|| = 0.000705538
   Pass :  1   Iteration :  21  ||B r|| = 0.000704449
   Pass :  1   Iteration :  22  ||B r|| = 0.000696433
   Pass :  1   Iteration :  23  ||B r|| = 0.000682012
   Pass :  1   Iteration :  24  ||B r|| = 0.000662961
   Pass :  1   Iteration :  25  ||B r|| = 0.000641382
   Pass :  1   Iteration :  26  ||B r|| = 0.000606417
   Pass :  1   Iteration :  27  ||B r|| = 0.000502072
   Pass :  1   Iteration :  28  ||B r|| = 0.000400415
   Pass :  1   Iteration :  29  ||B r|| = 0.000221883
   Pass :  1   Iteration :  30  ||B r|| = 0.000135646
   Pass :  1   Iteration :  31  ||B r|| = 6.25349e-05
   Pass :  1   Iteration :  32  ||B r|| = 3.47627e-05
   Pass :  1   Iteration :  33  ||B r|| = 2.13041e-05
   Pass :  1   Iteration :  34  ||B r|| = 1.30741e-05
   Pass :  1   Iteration :  35  ||B r|| = 6.45657e-06
norm(r_0) 0
norm(r_1) 0
norm(r_2) 0
norm(r_3) 0.03079344
norm(r_4) 0
Newton iteration  1 : ||r|| = 0.0307934, ||r||/||r_0|| = 0.117535
Setting time step: 0.02 in DGTransportTDO
Setting time step: 0.02 in CombinedOp
Setting time step: 0.02 in IonStaticPressureOp
norm(r_0) 0
norm(r_1) 0
norm(r_2) 0
norm(r_3) 0.16670297
norm(r_4) 0
Newton iteration  0 : ||r|| = 0.166703
   Pass :  1   Iteration :   0  ||B r|| = 3.63729
   Pass :  1   Iteration :   1  ||B r|| = 0.00108602
   Pass :  1   Iteration :   2  ||B r|| = 0.000615319
   Pass :  1   Iteration :   3  ||B r|| = 0.000614317
   Pass :  1   Iteration :   4  ||B r|| = 0.000576093
   Pass :  1   Iteration :   5  ||B r|| = 0.000556058
   Pass :  1   Iteration :   6  ||B r|| = 0.000546288
   Pass :  1   Iteration :   7  ||B r|| = 0.000539514
   Pass :  1   Iteration :   8  ||B r|| = 0.000537685
   Pass :  1   Iteration :   9  ||B r|| = 0.000537656
   Pass :  1   Iteration :  10  ||B r|| = 0.000519387
   Pass :  1   Iteration :  11  ||B r|| = 0.000496551
   Pass :  1   Iteration :  12  ||B r|| = 0.000493768
   Pass :  1   Iteration :  13  ||B r|| = 0.000477788
   Pass :  1   Iteration :  14  ||B r|| = 0.000446937
   Pass :  1   Iteration :  15  ||B r|| = 0.000440284
   Pass :  1   Iteration :  16  ||B r|| = 0.000418638
   Pass :  1   Iteration :  17  ||B r|| = 0.000418635
   Pass :  1   Iteration :  18  ||B r|| = 0.00041323
   Pass :  1   Iteration :  19  ||B r|| = 0.000412251
   Pass :  1   Iteration :  20  ||B r|| = 0.000390623
   Pass :  1   Iteration :  21  ||B r|| = 0.000390189
   Pass :  1   Iteration :  22  ||B r|| = 0.000388592
   Pass :  1   Iteration :  23  ||B r|| = 0.000381471
   Pass :  1   Iteration :  24  ||B r|| = 0.000364791
   Pass :  1   Iteration :  25  ||B r|| = 0.000350229
   Pass :  1   Iteration :  26  ||B r|| = 0.000339251
   Pass :  1   Iteration :  27  ||B r|| = 0.000271082
   Pass :  1   Iteration :  28  ||B r|| = 0.000228107
   Pass :  1   Iteration :  29  ||B r|| = 0.000127941
   Pass :  1   Iteration :  30  ||B r|| = 8.43949e-05
   Pass :  1   Iteration :  31  ||B r|| = 4.68277e-05
   Pass :  1   Iteration :  32  ||B r|| = 2.51193e-05
   Pass :  1   Iteration :  33  ||B r|| = 1.42209e-05
   Pass :  1   Iteration :  34  ||B r|| = 8.84333e-06
   Pass :  1   Iteration :  35  ||B r|| = 5.7991e-06
   Pass :  1   Iteration :  36  ||B r|| = 2.7234e-06
norm(r_0) 0
norm(r_1) 0
norm(r_2) 0
norm(r_3) 0.010053347
norm(r_4) 0
Newton iteration  1 : ||r|| = 0.0100533, ||r||/||r_0|| = 0.0603069
Time stepping paused at t = 0.15

Estimating errors.
No refinements necessary.
No derefinements needed.

AMR iteration 1
Number of unknowns: 144
Setting time step: 0.019755463 in DGTransportTDO
Setting time step: 0.019755463 in CombinedOp
Setting time step: 0.019755463 in IonStaticPressureOp
norm(r_0) 0
norm(r_1) 0
norm(r_2) 0
norm(r_3) 0.1120776
norm(r_4) 0
Newton iteration  0 : ||r|| = 0.112078
--------------------------------------------------------------------------
MPI_ABORT was invoked on rank 1 in communicator MPI_COMM_WORLD
with errorcode 1.

NOTE: invoking MPI_ABORT causes Open MPI to kill all MPI processes.
You may or may not see output from other processes, depending on
exactly when Open MPI kills them.
--------------------------------------------------------------------------
