Options used:
   --mesh ../../mfem/data/inline-quad.mesh
   --bc-file ../../mfem/miniapps/plasma/transport2d_bcs.inp
   --ic-file ../../mfem/miniapps/plasma/transport2d_ics.inp
   --ec-file /home/gz6/mfem-analysis/input-files/transport2d_ecs.inp
   --es-file ../../mfem/miniapps/plasma/transport2d_ess.inp
   --eqdsk-file 
   --logging 1
   --operator-test 8
   --equation-weights '1 1 1 1 1'
   --problem 0
   --refine-serial 2
   --refine-parallel 0
   --enable-amr
   --max-err -1
   --hysteresis 0.25
   --nc-limit 3
   --amr-weights '1 1 1 1 1'
   --order 3
   --dg-sigma -1
   --dg-kappa 16
   --linear-abs-tolerance 1e-06
   --linear-rel-tolerance 1e-06
   --linear-max-iterations 500
   --linear-logging-level 3
   --newton-abs-tolerance 1e-10
   --newton-rel-tolerance 1e-10
   --newton-max-iterations 1
   --newton-logging-level 1
   --steady-state-abs-tolerance 1e-08
   --steady-state-rel-tolerance 1e-08
   --prec-type 1
   --prec-logging-level 0
   --initial-tolerance 1e-05
   --ode-tolerance 0.001
   --ode-solver 2
   --err-per-step
   --ode-weights '1 1 1 1 1'
   --kP 0
   --kI 0.6
   --kD 0
   --theta-max 2
   --t-minimum 0
   --t-final 100
   --time-step 0.01
   --cfl-number 0.3
   --ion-charge 1
   --ion-mass 2.0141018
   --neutral-mass 2.0141018
   --neutral-temp 3
   --min-neutral-density 9e+14
   --max-neutral-density 1e+15
   --neutral-density-exp 0
   --min-ion-density 1e+16
   --max-ion-density 1e+18
   --ion-density-exp 0
   --min-ion-temp 1
   --max-ion-temp 10
   --ion-temp-exp 0
   --min-electron-temp 10
   --max-electron-temp 440
   --electron-temp-exp 0
   --total-B-magnitude 5
   --poloidal-B-magnitude 0.5
   --velocity 1000
   --Di-perp 1
   --Xi-perp 1
   --Xe-perp 1
   --equation-term-flags '-1 -1 -1 -1 -1'
   --visualization-flags '-1 -1 -1 -1 -1'
   --visualization
   --visit-datafiles
   --ascii-datafiles
   --visualization-steps 4
Device configuration: cpu
Memory configuration: host-std
Number of elements in initial mesh: 16
Number of elements after serial refinement: 256
1: Number of elements in parallel mesh: 16
1: Number of elements after parallel refinement: 16
0: Number of elements in parallel mesh: 16
0: Number of elements after parallel refinement: 16
15: Number of elements in parallel mesh: 16
15: Number of elements after parallel refinement: 16
14: Number of elements in parallel mesh: 16
14: Number of elements after parallel refinement: 16
5: Number of elements in parallel mesh: 16
5: Number of elements after parallel refinement: 16
6: Number of elements in parallel mesh: 16
6: Number of elements after parallel refinement: 16
3: Number of elements in parallel mesh: 16
3: Number of elements after parallel refinement: 16
7: Number of elements in parallel mesh: 16
7: Number of elements after parallel refinement: 16
2: Number of elements in parallel mesh: 16
2: Number of elements after parallel refinement: 16
13: Number of elements in parallel mesh: 16
13: Number of elements after parallel refinement: 16
8: Number of elements in parallel mesh: 16
8: Number of elements after parallel refinement: 16
9: Number of elements in parallel mesh: 16
9: Number of elements after parallel refinement: 16
11: Number of elements in parallel mesh: 16
11: Number of elements after parallel refinement: 16
12: Number of elements in parallel mesh: 16
12: Number of elements after parallel refinement: 16
4: Number of elements in parallel mesh: 16
4: Number of elements after parallel refinement: 16
10: Number of elements in parallel mesh: 16
10: Number of elements after parallel refinement: 16
Configuring initial conditions
Reading initial conditions from ../../mfem/miniapps/plasma/transport2d_ics.inp
Configuring exact solutions
Reading exact solutions from ../../mfem/miniapps/plasma/transport2d_ess.inp

AMR iteration 0
Number of unknowns: 4096
Stopping criterion satisfied. Stop.
Number of unknowns per field: 4096
Total number of unknowns:     20480
Configuring boundary conditions
Reading boundary conditions from ../../mfem/miniapps/plasma/transport2d_bcs.inp
Configuring equation coefficients
Reading equation coefficients from /home/gz6/mfem-analysis/input-files/transport2d_ecs.inp
|mn| = 3.3444946e-27
|ni| = 1
|ne| = 1

|Dn|     = -nan
|Di|     = -nan
|Eta|    = -nan
|nXi|    = -nan
|nXe|    = -nan

|Eta/mn| = -nan
|nXi/ni| = -nan
|nXe/ne| = -nan
Ion Static Pressure: Adding time derivative term proportional to d n_i / dt
Ion Static Pressure: Adding time derivative term proportional to d T_i / dt
Ion Static Pressure: Adding anisotropic diffusion term
Ion Static Pressure: Adding source term
Opening GLVis sockets.
Range of error estimates for initial condition: -nan < elem err < -nan

Begin time stepping at t = 0
Setting time step: 0.0025 in DGTransportTDO
Setting time step: 0.0025 in CombinedOp
Setting time step: 0.0025 in IonStaticPressureOp
norm(r_0) 0
norm(r_1) 0
norm(r_2) 0
norm(r_3) 0.16849151
norm(r_4) 0
Newton iteration  0 : ||r|| = 0.168492
   Pass :  1   Iteration :   0  ||B r|| = 325.905 ...
   Pass :  1   Iteration :  17  ||B r|| = 0.000270735
norm(r_0) 0
norm(r_1) 0
norm(r_2) 0
norm(r_3) 1.0442145e-05
norm(r_4) 0
Newton iteration  1 : ||r|| = 1.04421e-05, ||r||/||r_0|| = 6.19743e-05
Setting time step: 0.0025 in DGTransportTDO
Setting time step: 0.0025 in CombinedOp
Setting time step: 0.0025 in IonStaticPressureOp
norm(r_0) 0
norm(r_1) 0
norm(r_2) 0
norm(r_3) 0.15775833
norm(r_4) 0
Newton iteration  0 : ||r|| = 0.157758
   Pass :  1   Iteration :   0  ||B r|| = 305.144 ...
   Pass :  1   Iteration :  17  ||B r|| = 0.000253687
norm(r_0) 0
norm(r_1) 0
norm(r_2) 0
norm(r_3) 9.782823e-06
norm(r_4) 0
Newton iteration  1 : ||r|| = 9.78282e-06, ||r||/||r_0|| = 6.20114e-05
Setting time step: 0.0025 in DGTransportTDO
Setting time step: 0.0025 in CombinedOp
Setting time step: 0.0025 in IonStaticPressureOp
norm(r_0) 0
norm(r_1) 0
norm(r_2) 0
norm(r_3) 0.16199691
norm(r_4) 0
Newton iteration  0 : ||r|| = 0.161997
   Pass :  1   Iteration :   0  ||B r|| = 313.343 ...
   Pass :  1   Iteration :  17  ||B r|| = 0.000260447
norm(r_0) 0
norm(r_1) 0
norm(r_2) 0
norm(r_3) 1.0044011e-05
norm(r_4) 0
Newton iteration  1 : ||r|| = 1.0044e-05, ||r||/||r_0|| = 6.20013e-05
Setting time step: 0.0025 in DGTransportTDO
Setting time step: 0.0025 in CombinedOp
Setting time step: 0.0025 in IonStaticPressureOp
norm(r_0) 0
norm(r_1) 0
norm(r_2) 0
norm(r_3) 0.16307886
norm(r_4) 0
Newton iteration  0 : ||r|| = 0.163079
   Pass :  1   Iteration :   0  ||B r|| = 315.436 ...
   Pass :  1   Iteration :  17  ||B r|| = 0.000262158
norm(r_0) 0
norm(r_1) 0
norm(r_2) 0
norm(r_3) 1.0110269e-05
norm(r_4) 0
Newton iteration  1 : ||r|| = 1.01103e-05, ||r||/||r_0|| = 6.19962e-05
Setting time step: 0.0025 in DGTransportTDO
Setting time step: 0.0025 in CombinedOp
Setting time step: 0.0025 in IonStaticPressureOp
norm(r_0) 0
norm(r_1) 0
norm(r_2) 0
norm(r_3) 0.15257553
norm(r_4) 0
Newton iteration  0 : ||r|| = 0.152576
   Pass :  1   Iteration :   0  ||B r|| = 295.119 ...
   Pass :  1   Iteration :  17  ||B r|| = 0.000245118
norm(r_0) 0
norm(r_1) 0
norm(r_2) 0
norm(r_3) 9.4545269e-06
norm(r_4) 0
Newton iteration  1 : ||r|| = 9.45453e-06, ||r||/||r_0|| = 6.19662e-05
Setting time step: 0.005 in DGTransportTDO
Setting time step: 0.005 in CombinedOp
Setting time step: 0.005 in IonStaticPressureOp
norm(r_0) 0
norm(r_1) 0
norm(r_2) 0
norm(r_3) 0.14771588
norm(r_4) 0
Newton iteration  0 : ||r|| = 0.147716
   Pass :  1   Iteration :   0  ||B r|| = 256.844 ...
   Pass :  1   Iteration :  18  ||B r|| = 0.000209032
norm(r_0) 0
norm(r_1) 0
norm(r_2) 0
norm(r_3) 1.5538195e-05
norm(r_4) 0
Newton iteration  1 : ||r|| = 1.55382e-05, ||r||/||r_0|| = 0.00010519
Setting time step: 0.005 in DGTransportTDO
Setting time step: 0.005 in CombinedOp
Setting time step: 0.005 in IonStaticPressureOp
norm(r_0) 0
norm(r_1) 0
norm(r_2) 0
norm(r_3) 0.12947714
norm(r_4) 0
Newton iteration  0 : ||r|| = 0.129477
   Pass :  1   Iteration :   0  ||B r|| = 225.132 ...
   Pass :  1   Iteration :  18  ||B r|| = 0.000183292
norm(r_0) 0
norm(r_1) 0
norm(r_2) 0
norm(r_3) 1.3624387e-05
norm(r_4) 0
Newton iteration  1 : ||r|| = 1.36244e-05, ||r||/||r_0|| = 0.000105226
Setting time step: 0.005 in DGTransportTDO
Setting time step: 0.005 in CombinedOp
Setting time step: 0.005 in IonStaticPressureOp
norm(r_0) 0
norm(r_1) 0
norm(r_2) 0
norm(r_3) 0.13659246
norm(r_4) 0
Newton iteration  0 : ||r|| = 0.136592
   Pass :  1   Iteration :   0  ||B r|| = 237.504 ...
   Pass :  1   Iteration :  18  ||B r|| = 0.000193344
norm(r_0) 0
norm(r_1) 0
norm(r_2) 0
norm(r_3) 1.4371695e-05
norm(r_4) 0
Newton iteration  1 : ||r|| = 1.43717e-05, ||r||/||r_0|| = 0.000105216
Setting time step: 0.005 in DGTransportTDO
Setting time step: 0.005 in CombinedOp
Setting time step: 0.005 in IonStaticPressureOp
norm(r_0) 0
norm(r_1) 0
norm(r_2) 0
norm(r_3) 0.13844538
norm(r_4) 0
Newton iteration  0 : ||r|| = 0.138445
   Pass :  1   Iteration :   0  ||B r|| = 240.725 ...
   Pass :  1   Iteration :  18  ||B r|| = 0.000195956
norm(r_0) 0
norm(r_1) 0
norm(r_2) 0
norm(r_3) 1.4565944e-05
norm(r_4) 0
Newton iteration  1 : ||r|| = 1.45659e-05, ||r||/||r_0|| = 0.000105211
Setting time step: 0.005 in DGTransportTDO
Setting time step: 0.005 in CombinedOp
Setting time step: 0.005 in IonStaticPressureOp
norm(r_0) 0
norm(r_1) 0
norm(r_2) 0
norm(r_3) 0.12100436
norm(r_4) 0
Newton iteration  0 : ||r|| = 0.121004
   Pass :  1   Iteration :   0  ||B r|| = 210.399 ...
   Pass :  1   Iteration :  18  ||B r|| = 0.000171202
norm(r_0) 0
norm(r_1) 0
norm(r_2) 0
norm(r_3) 1.2726309e-05
norm(r_4) 0
Newton iteration  1 : ||r|| = 1.27263e-05, ||r||/||r_0|| = 0.000105172
Setting time step: 0.01 in DGTransportTDO
Setting time step: 0.01 in CombinedOp
Setting time step: 0.01 in IonStaticPressureOp
norm(r_0) 0
norm(r_1) 0
norm(r_2) 0
norm(r_3) 0.11353393
norm(r_4) 0
Newton iteration  0 : ||r|| = 0.113534
   Pass :  1   Iteration :   0  ||B r|| = 165.541 ...
   Pass :  1   Iteration :  19  ||B r|| = 0.000132033
norm(r_0) 0
norm(r_1) 0
norm(r_2) 0
norm(r_3) 1.7728151e-05
norm(r_4) 0
Newton iteration  1 : ||r|| = 1.77282e-05, ||r||/||r_0|| = 0.000156148
Setting time step: 0.01 in DGTransportTDO
Setting time step: 0.01 in CombinedOp
Setting time step: 0.01 in IonStaticPressureOp
norm(r_0) 0
norm(r_1) 0
norm(r_2) 0
norm(r_3) 0.087128031
norm(r_4) 0
Newton iteration  0 : ||r|| = 0.087128
   Pass :  1   Iteration :   0  ||B r|| = 127.039 ...
   Pass :  1   Iteration :  19  ||B r|| = 0.000101348
norm(r_0) 0
norm(r_1) 0
norm(r_2) 0
norm(r_3) 1.3607785e-05
norm(r_4) 0
Newton iteration  1 : ||r|| = 1.36078e-05, ||r||/||r_0|| = 0.000156181
Setting time step: 0.01 in DGTransportTDO
Setting time step: 0.01 in CombinedOp
Setting time step: 0.01 in IonStaticPressureOp
norm(r_0) 0
norm(r_1) 0
norm(r_2) 0
norm(r_3) 0.097199087
norm(r_4) 0
Newton iteration  0 : ||r|| = 0.0971991
   Pass :  1   Iteration :   0  ||B r|| = 141.723 ...
   Pass :  1   Iteration :  19  ||B r|| = 0.000113055
norm(r_0) 0
norm(r_1) 0
norm(r_2) 0
norm(r_3) 1.5179704e-05
norm(r_4) 0
Newton iteration  1 : ||r|| = 1.51797e-05, ||r||/||r_0|| = 0.000156171
Setting time step: 0.01 in DGTransportTDO
Setting time step: 0.01 in CombinedOp
Setting time step: 0.01 in IonStaticPressureOp
norm(r_0) 0
norm(r_1) 0
norm(r_2) 0
norm(r_3) 0.099921839
norm(r_4) 0
Newton iteration  0 : ||r|| = 0.0999218
   Pass :  1   Iteration :   0  ||B r|| = 145.693 ...
   Pass :  1   Iteration :  19  ||B r|| = 0.000116218
norm(r_0) 0
norm(r_1) 0
norm(r_2) 0
norm(r_3) 1.5604444e-05
norm(r_4) 0
Newton iteration  1 : ||r|| = 1.56044e-05, ||r||/||r_0|| = 0.000156166
Setting time step: 0.01 in DGTransportTDO
Setting time step: 0.01 in CombinedOp
Setting time step: 0.01 in IonStaticPressureOp
norm(r_0) 0
norm(r_1) 0
norm(r_2) 0
norm(r_3) 0.075897542
norm(r_4) 0
Newton iteration  0 : ||r|| = 0.0758975
   Pass :  1   Iteration :   0  ||B r|| = 110.664 ...
   Pass :  1   Iteration :  19  ||B r|| = 8.82473e-05
norm(r_0) 0
norm(r_1) 0
norm(r_2) 0
norm(r_3) 1.184927e-05
norm(r_4) 0
Newton iteration  1 : ||r|| = 1.18493e-05, ||r||/||r_0|| = 0.000156122
Setting time step: 0.02 in DGTransportTDO
Setting time step: 0.02 in CombinedOp
Setting time step: 0.02 in IonStaticPressureOp
norm(r_0) 0
norm(r_1) 0
norm(r_2) 0
norm(r_3) 0.067071457
norm(r_4) 0
Newton iteration  0 : ||r|| = 0.0670715
   Pass :  1   Iteration :   0  ||B r|| = 70.1026 ...
   Pass :  1   Iteration :  20  ||B r|| = 5.40669e-05
norm(r_0) 0
norm(r_1) 0
norm(r_2) 0
norm(r_3) 1.3867658e-05
norm(r_4) 0
Newton iteration  1 : ||r|| = 1.38677e-05, ||r||/||r_0|| = 0.000206759
Setting time step: 0.02 in DGTransportTDO
Setting time step: 0.02 in CombinedOp
Setting time step: 0.02 in IonStaticPressureOp
norm(r_0) 0
norm(r_1) 0
norm(r_2) 0
norm(r_3) 0.039122268
norm(r_4) 0
Newton iteration  0 : ||r|| = 0.0391223
   Pass :  1   Iteration :   0  ||B r|| = 40.8904 ...
   Pass :  1   Iteration :  20  ||B r|| = 3.15407e-05
norm(r_0) 0
norm(r_1) 0
norm(r_2) 0
norm(r_3) 8.0898337e-06
norm(r_4) 0
Newton iteration  1 : ||r|| = 8.08983e-06, ||r||/||r_0|| = 0.000206783
Setting time step: 0.02 in DGTransportTDO
Setting time step: 0.02 in CombinedOp
Setting time step: 0.02 in IonStaticPressureOp
norm(r_0) 0
norm(r_1) 0
norm(r_2) 0
norm(r_3) 0.049370198
norm(r_4) 0
Newton iteration  0 : ||r|| = 0.0493702
   Pass :  1   Iteration :   0  ||B r|| = 51.6015 ...
   Pass :  1   Iteration :  20  ||B r|| = 3.98008e-05
norm(r_0) 0
norm(r_1) 0
norm(r_2) 0
norm(r_3) 1.0208494e-05
norm(r_4) 0
Newton iteration  1 : ||r|| = 1.02085e-05, ||r||/||r_0|| = 0.000206774
Setting time step: 0.02 in DGTransportTDO
Setting time step: 0.02 in CombinedOp
Setting time step: 0.02 in IonStaticPressureOp
norm(r_0) 0
norm(r_1) 0
norm(r_2) 0
norm(r_3) 0.052330402
norm(r_4) 0
Newton iteration  0 : ||r|| = 0.0523304
   Pass :  1   Iteration :   0  ||B r|| = 54.6954 ...
   Pass :  1   Iteration :  20  ||B r|| = 4.21865e-05
norm(r_0) 0
norm(r_1) 0
norm(r_2) 0
norm(r_3) 1.0820404e-05
norm(r_4) 0
Newton iteration  1 : ||r|| = 1.08204e-05, ||r||/||r_0|| = 0.000206771
Setting time step: 0.02 in DGTransportTDO
Setting time step: 0.02 in CombinedOp
Setting time step: 0.02 in IonStaticPressureOp
norm(r_0) 0
norm(r_1) 0
norm(r_2) 0
norm(r_3) 0.029601497
norm(r_4) 0
Newton iteration  0 : ||r|| = 0.0296015
   Pass :  1   Iteration :   0  ||B r|| = 30.9391 ...
   Pass :  1   Iteration :  20  ||B r|| = 2.38579e-05
norm(r_0) 0
norm(r_1) 0
norm(r_2) 0
norm(r_3) 6.1193765e-06
norm(r_4) 0
Newton iteration  1 : ||r|| = 6.11938e-06, ||r||/||r_0|| = 0.000206725
Time stepping paused at t = 0.15

Estimating errors.
No refinements necessary.
No derefinements needed.

AMR iteration 1
Number of unknowns: 4096
Setting time step: 0.019713312 in DGTransportTDO
Setting time step: 0.019713312 in CombinedOp
Setting time step: 0.019713312 in IonStaticPressureOp
norm(r_0) 0
norm(r_1) 0
norm(r_2) 0
norm(r_3) 0.023433801
norm(r_4) 0
Newton iteration  0 : ||r|| = 0.0234338
   Pass :  1   Iteration :   0  ||B r|| = 24.6706 ...
   Pass :  1   Iteration :  20  ||B r|| = 1.88606e-05
norm(r_0) 0
norm(r_1) 0
norm(r_2) 0
norm(r_3) 4.7699994e-06
norm(r_4) 0
Newton iteration  1 : ||r|| = 4.77e-06, ||r||/||r_0|| = 0.000203552
Setting time step: 0.019713312 in DGTransportTDO
Setting time step: 0.019713312 in CombinedOp
Setting time step: 0.019713312 in IonStaticPressureOp
norm(r_0) 0
norm(r_1) 0
norm(r_2) 0
norm(r_3) 0.01377993
norm(r_4) 0
Newton iteration  0 : ||r|| = 0.0137799
   Pass :  1   Iteration :   0  ||B r|| = 14.5072 ...
   Pass :  1   Iteration :  20  ||B r|| = 1.10909e-05
norm(r_0) 0
norm(r_1) 0
norm(r_2) 0
norm(r_3) 2.804963e-06
norm(r_4) 0
Newton iteration  1 : ||r|| = 2.80496e-06, ||r||/||r_0|| = 0.000203554
Setting time step: 0.019713312 in DGTransportTDO
Setting time step: 0.019713312 in CombinedOp
Setting time step: 0.019713312 in IonStaticPressureOp
norm(r_0) 0
norm(r_1) 0
norm(r_2) 0
norm(r_3) 0.017323315
norm(r_4) 0
Newton iteration  0 : ||r|| = 0.0173233
   Pass :  1   Iteration :   0  ||B r|| = 18.2376 ...
   Pass :  1   Iteration :  20  ||B r|| = 1.39427e-05
norm(r_0) 0
norm(r_1) 0
norm(r_2) 0
norm(r_3) 3.5262201e-06
norm(r_4) 0
Newton iteration  1 : ||r|| = 3.52622e-06, ||r||/||r_0|| = 0.000203553
Setting time step: 0.019713312 in DGTransportTDO
Setting time step: 0.019713312 in CombinedOp
Setting time step: 0.019713312 in IonStaticPressureOp
norm(r_0) 0
norm(r_1) 0
norm(r_2) 0
norm(r_3) 0.018345059
norm(r_4) 0
Newton iteration  0 : ||r|| = 0.0183451
   Pass :  1   Iteration :   0  ||B r|| = 19.3133 ...
   Pass :  1   Iteration :  20  ||B r|| = 1.4765e-05
norm(r_0) 0
norm(r_1) 0
norm(r_2) 0
norm(r_3) 3.7341938e-06
norm(r_4) 0
Newton iteration  1 : ||r|| = 3.73419e-06, ||r||/||r_0|| = 0.000203553
Setting time step: 0.019713312 in DGTransportTDO
Setting time step: 0.019713312 in CombinedOp
Setting time step: 0.019713312 in IonStaticPressureOp
norm(r_0) 0
norm(r_1) 0
norm(r_2) 0
norm(r_3) 0.010467307
norm(r_4) 0
Newton iteration  0 : ||r|| = 0.0104673
   Pass :  1   Iteration :   0  ||B r|| = 11.0198 ...
   Pass :  1   Iteration :  20  ||B r|| = 8.42443e-06
norm(r_0) 0
norm(r_1) 0
norm(r_2) 0
norm(r_3) 2.1306153e-06
norm(r_4) 0
Newton iteration  1 : ||r|| = 2.13062e-06, ||r||/||r_0|| = 0.00020355
Setting time step: 0.038630162 in DGTransportTDO
Setting time step: 0.038630162 in CombinedOp
Setting time step: 0.038630162 in IonStaticPressureOp
norm(r_0) 0
norm(r_1) 0
norm(r_2) 0
norm(r_3) 0.008311232
norm(r_4) 0
Newton iteration  0 : ||r|| = 0.00831123
   Pass :  1   Iteration :   0  ||B r|| = 5.9222 ...
   Pass :  1   Iteration :  21  ||B r|| = 4.05665e-06
norm(r_0) 0
norm(r_1) 0
norm(r_2) 0
norm(r_3) 2.0814661e-06
norm(r_4) 0
Newton iteration  1 : ||r|| = 2.08147e-06, ||r||/||r_0|| = 0.00025044
Setting time step: 0.038630162 in DGTransportTDO
Setting time step: 0.038630162 in CombinedOp
Setting time step: 0.038630162 in IonStaticPressureOp
norm(r_0) 0
norm(r_1) 0
norm(r_2) 0
norm(r_3) 0.002709069
norm(r_4) 0
Newton iteration  0 : ||r|| = 0.00270907
   Pass :  1   Iteration :   0  ||B r|| = 1.93034 ...
   Pass :  1   Iteration :  21  ||B r|| = 1.32234e-06
norm(r_0) 0
norm(r_1) 0
norm(r_2) 0
norm(r_3) 6.7849516e-07
norm(r_4) 0
Newton iteration  1 : ||r|| = 6.78495e-07, ||r||/||r_0|| = 0.000250453
Setting time step: 0.038630162 in DGTransportTDO
Setting time step: 0.038630162 in CombinedOp
Setting time step: 0.038630162 in IonStaticPressureOp
norm(r_0) 0
norm(r_1) 0
norm(r_2) 0
norm(r_3) 0.0046478448
norm(r_4) 0
Newton iteration  0 : ||r|| = 0.00464784
   Pass :  1   Iteration :   0  ||B r|| = 3.31182 ...
   Pass :  1   Iteration :  21  ||B r|| = 2.26863e-06
norm(r_0) 0
norm(r_1) 0
norm(r_2) 0
norm(r_3) 1.1640361e-06
norm(r_4) 0
Newton iteration  1 : ||r|| = 1.16404e-06, ||r||/||r_0|| = 0.000250446
Setting time step: 0.038630162 in DGTransportTDO
Setting time step: 0.038630162 in CombinedOp
Setting time step: 0.038630162 in IonStaticPressureOp
norm(r_0) 0
norm(r_1) 0
norm(r_2) 0
norm(r_3) 0.0052659357
norm(r_4) 0
Newton iteration  0 : ||r|| = 0.00526594
   Pass :  1   Iteration :   0  ||B r|| = 3.75225 ...
   Pass :  1   Iteration :  21  ||B r|| = 2.57031e-06
norm(r_0) 0
norm(r_1) 0
norm(r_2) 0
norm(r_3) 1.3188253e-06
norm(r_4) 0
Newton iteration  1 : ||r|| = 1.31883e-06, ||r||/||r_0|| = 0.000250445
Setting time step: 0.038630162 in DGTransportTDO
Setting time step: 0.038630162 in CombinedOp
Setting time step: 0.038630162 in IonStaticPressureOp
norm(r_0) 0
norm(r_1) 0
norm(r_2) 0
norm(r_3) 0.0017015958
norm(r_4) 0
Newton iteration  0 : ||r|| = 0.0017016
   Pass :  1   Iteration :   0  ||B r|| = 1.21249 ...
   Pass :  1   Iteration :  21  ||B r|| = 8.30432e-07
norm(r_0) 0
norm(r_1) 0
norm(r_2) 0
norm(r_3) 4.2609024e-07
norm(r_4) 0
Newton iteration  1 : ||r|| = 4.2609e-07, ||r||/||r_0|| = 0.000250406
Setting time step: 0.042512295 in DGTransportTDO
Setting time step: 0.042512295 in CombinedOp
Setting time step: 0.042512295 in IonStaticPressureOp
norm(r_0) 0
norm(r_1) 0
norm(r_2) 0
norm(r_3) 0.0011281236
norm(r_4) 0
Newton iteration  0 : ||r|| = 0.00112812
   Pass :  1   Iteration :   0  ||B r|| = 0.754289 ...
   Pass :  1   Iteration :  20  ||B r|| = 9.02064e-07
norm(r_0) 0
norm(r_1) 0
norm(r_2) 0
norm(r_3) 4.8515248e-07
norm(r_4) 0
Newton iteration  1 : ||r|| = 4.85152e-07, ||r||/||r_0|| = 0.000430053
Setting time step: 0.042512295 in DGTransportTDO
Setting time step: 0.042512295 in CombinedOp
Setting time step: 0.042512295 in IonStaticPressureOp
norm(r_0) 0
norm(r_1) 0
norm(r_2) 0
norm(r_3) 0.00031870626
norm(r_4) 0
Newton iteration  0 : ||r|| = 0.000318706
   Pass :  1   Iteration :   0  ||B r|| = 0.213096 ...
   Pass :  1   Iteration :  18  ||B r|| = 7.37415e-07
norm(r_0) 0
norm(r_1) 0
norm(r_2) 0
norm(r_3) 4.0861126e-07
norm(r_4) 0
Newton iteration  1 : ||r|| = 4.08611e-07, ||r||/||r_0|| = 0.00128209
Setting time step: 0.042512295 in DGTransportTDO
Setting time step: 0.042512295 in CombinedOp
Setting time step: 0.042512295 in IonStaticPressureOp
norm(r_0) 0
norm(r_1) 0
norm(r_2) 0
norm(r_3) 0.00059601234
norm(r_4) 0
Newton iteration  0 : ||r|| = 0.000596012
   Pass :  1   Iteration :   0  ||B r|| = 0.39851 ...
   Pass :  1   Iteration :  19  ||B r|| = 8.62491e-07
norm(r_0) 0
norm(r_1) 0
norm(r_2) 0
norm(r_3) 4.465966e-07
norm(r_4) 0
Newton iteration  1 : ||r|| = 4.46597e-07, ||r||/||r_0|| = 0.000749308
Setting time step: 0.042512295 in DGTransportTDO
Setting time step: 0.042512295 in CombinedOp
Setting time step: 0.042512295 in IonStaticPressureOp
norm(r_0) 0
norm(r_1) 0
norm(r_2) 0
norm(r_3) 0.00068596636
norm(r_4) 0
Newton iteration  0 : ||r|| = 0.000685966
   Pass :  1   Iteration :   0  ||B r|| = 0.458655 ...
   Pass :  1   Iteration :  19  ||B r|| = 9.92624e-07
norm(r_0) 0
norm(r_1) 0
norm(r_2) 0
norm(r_3) 5.1397733e-07
norm(r_4) 0
Newton iteration  1 : ||r|| = 5.13977e-07, ||r||/||r_0|| = 0.000749275
Setting time step: 0.042512295 in DGTransportTDO
Setting time step: 0.042512295 in CombinedOp
Setting time step: 0.042512295 in IonStaticPressureOp
norm(r_0) 0
norm(r_1) 0
norm(r_2) 0
norm(r_3) 0.0001994355
norm(r_4) 0
Newton iteration  0 : ||r|| = 0.000199435
   Pass :  1   Iteration :   0  ||B r|| = 0.133325 ...
   Pass :  1   Iteration :  17  ||B r|| = 7.64674e-07
norm(r_0) 0
norm(r_1) 0
norm(r_2) 0
norm(r_3) 4.1791958e-07
norm(r_4) 0
Newton iteration  1 : ||r|| = 4.1792e-07, ||r||/||r_0|| = 0.00209551
Setting time step: 0.08502459 in DGTransportTDO
Setting time step: 0.08502459 in CombinedOp
Setting time step: 0.08502459 in IonStaticPressureOp
norm(r_0) 0
norm(r_1) 0
norm(r_2) 0
norm(r_3) 0.00012787086
norm(r_4) 0
Newton iteration  0 : ||r|| = 0.000127871
   Pass :  1   Iteration :   0  ||B r|| = 0.0510719 ...
   Pass :  1   Iteration :  16  ||B r|| = 6.43679e-07
norm(r_0) 0
norm(r_1) 0
norm(r_2) 0
norm(r_3) 6.7955876e-07
norm(r_4) 0
Newton iteration  1 : ||r|| = 6.79559e-07, ||r||/||r_0|| = 0.00531441
Setting time step: 0.08502459 in DGTransportTDO
Setting time step: 0.08502459 in CombinedOp
Setting time step: 0.08502459 in IonStaticPressureOp
norm(r_0) 0
norm(r_1) 0
norm(r_2) 0
norm(r_3) 7.3135525e-06
norm(r_4) 0
Newton iteration  0 : ||r|| = 7.31355e-06
   Pass :  1   Iteration :   0  ||B r|| = 0.00286557 ...
   Pass :  1   Iteration :  10  ||B r|| = 7.20447e-07
norm(r_0) 0
norm(r_1) 0
norm(r_2) 0
norm(r_3) 7.6350551e-07
norm(r_4) 0
Newton iteration  1 : ||r|| = 7.63506e-07, ||r||/||r_0|| = 0.104396
Setting time step: 0.08502459 in DGTransportTDO
Setting time step: 0.08502459 in CombinedOp
Setting time step: 0.08502459 in IonStaticPressureOp
norm(r_0) 0
norm(r_1) 0
norm(r_2) 0
norm(r_3) 3.5447715e-05
norm(r_4) 0
Newton iteration  0 : ||r|| = 3.54477e-05
   Pass :  1   Iteration :   0  ||B r|| = 0.0141523 ...
   Pass :  1   Iteration :  13  ||B r|| = 7.62864e-07
norm(r_0) 0
norm(r_1) 0
norm(r_2) 0
norm(r_3) 8.4171485e-07
norm(r_4) 0
Newton iteration  1 : ||r|| = 8.41715e-07, ||r||/||r_0|| = 0.0237452
Setting time step: 0.08502459 in DGTransportTDO
Setting time step: 0.08502459 in CombinedOp
Setting time step: 0.08502459 in IonStaticPressureOp
norm(r_0) 0
norm(r_1) 0
norm(r_2) 0
norm(r_3) 5.1368854e-05
norm(r_4) 0
Newton iteration  0 : ||r|| = 5.13689e-05
   Pass :  1   Iteration :   0  ||B r|| = 0.0205151 ...
   Pass :  1   Iteration :  14  ||B r|| = 6.39748e-07
norm(r_0) 0
norm(r_1) 0
norm(r_2) 0
norm(r_3) 6.9834224e-07
norm(r_4) 0
Newton iteration  1 : ||r|| = 6.98342e-07, ||r||/||r_0|| = 0.0135947
Setting time step: 0.08502459 in DGTransportTDO
Setting time step: 0.08502459 in CombinedOp
Setting time step: 0.08502459 in IonStaticPressureOp
norm(r_0) 0
norm(r_1) 0
norm(r_2) 0
norm(r_3) 3.7284197e-05
norm(r_4) 0
Newton iteration  0 : ||r|| = 3.72842e-05
   Pass :  1   Iteration :   0  ||B r|| = 0.00592789 ...
   Pass :  1   Iteration :  11  ||B r|| = 9.51288e-07
norm(r_0) 0
norm(r_1) 0
norm(r_2) 0
norm(r_3) 8.8890507e-07
norm(r_4) 0
Newton iteration  1 : ||r|| = 8.88905e-07, ||r||/||r_0|| = 0.0238413
Time stepping paused at t = 0.89352144

Estimating errors.
No refinements necessary.
No derefinements needed.

AMR iteration 2
Number of unknowns: 4096
Setting time step: 0.17004918 in DGTransportTDO
Setting time step: 0.17004918 in CombinedOp
Setting time step: 0.17004918 in IonStaticPressureOp
norm(r_0) 0
norm(r_1) 0
norm(r_2) 0
norm(r_3) 7.0546453e-06
norm(r_4) 0
Newton iteration  0 : ||r|| = 7.05465e-06
   Pass :  1   Iteration :   0  ||B r|| = 0.00154721 ...
   Pass :  1   Iteration :   9  ||B r|| = 8.94698e-07
norm(r_0) 0
norm(r_1) 0
norm(r_2) 0
norm(r_3) 1.7071185e-06
norm(r_4) 0
Newton iteration  1 : ||r|| = 1.70712e-06, ||r||/||r_0|| = 0.241985
Setting time step: 0.17004918 in DGTransportTDO
Setting time step: 0.17004918 in CombinedOp
Setting time step: 0.17004918 in IonStaticPressureOp
norm(r_0) 0
norm(r_1) 0
norm(r_2) 0
norm(r_3) 4.1547948e-06
norm(r_4) 0
Newton iteration  0 : ||r|| = 4.15479e-06
   Pass :  1   Iteration :   0  ||B r|| = 0.00059128 ...
   Pass :  1   Iteration :   7  ||B r|| = 9.84313e-07
norm(r_0) 0
norm(r_1) 0
norm(r_2) 0
norm(r_3) 2.0430527e-06
norm(r_4) 0
Newton iteration  1 : ||r|| = 2.04305e-06, ||r||/||r_0|| = 0.491734
Setting time step: 0.17004918 in DGTransportTDO
Setting time step: 0.17004918 in CombinedOp
Setting time step: 0.17004918 in IonStaticPressureOp
norm(r_0) 0
norm(r_1) 0
norm(r_2) 0
norm(r_3) 2.745038e-06
norm(r_4) 0
Newton iteration  0 : ||r|| = 2.74504e-06
   Pass :  1   Iteration :   0  ||B r|| = 2.76964e-05 ...
   Pass :  1   Iteration :   3  ||B r|| = 7.81234e-07
norm(r_0) 0
norm(r_1) 0
norm(r_2) 0
norm(r_3) 1.1616322e-06
norm(r_4) 0
Newton iteration  1 : ||r|| = 1.16163e-06, ||r||/||r_0|| = 0.423175
Setting time step: 0.17004918 in DGTransportTDO
Setting time step: 0.17004918 in CombinedOp
Setting time step: 0.17004918 in IonStaticPressureOp
norm(r_0) 0
norm(r_1) 0
norm(r_2) 0
norm(r_3) 2.5725131e-06
norm(r_4) 0
Newton iteration  0 : ||r|| = 2.57251e-06
   Pass :  1   Iteration :   0  ||B r|| = 0.000295988 ...
   Pass :  1   Iteration :   7  ||B r|| = 5.25945e-07
norm(r_0) 0
norm(r_1) 0
norm(r_2) 0
norm(r_3) 1.0840212e-06
norm(r_4) 0
Newton iteration  1 : ||r|| = 1.08402e-06, ||r||/||r_0|| = 0.421386
Setting time step: 0.17004918 in DGTransportTDO
Setting time step: 0.17004918 in CombinedOp
Setting time step: 0.17004918 in IonStaticPressureOp
norm(r_0) 0
norm(r_1) 0
norm(r_2) 0
norm(r_3) 4.7678336e-05
norm(r_4) 0
Newton iteration  0 : ||r|| = 4.76783e-05
   Pass :  1   Iteration :   0  ||B r|| = 0.000606287 ...
   Pass :  1   Iteration :   8  ||B r|| = 7.1786e-07
norm(r_0) 0
norm(r_1) 0
norm(r_2) 0
norm(r_3) 1.2928189e-06
norm(r_4) 0
Newton iteration  1 : ||r|| = 1.29282e-06, ||r||/||r_0|| = 0.0271154
Setting time step: 0.34009836 in DGTransportTDO
Setting time step: 0.34009836 in CombinedOp
Setting time step: 0.34009836 in IonStaticPressureOp
norm(r_0) 0
norm(r_1) 0
norm(r_2) 0
norm(r_3) 1.6010559e-06
norm(r_4) 0
Newton iteration  0 : ||r|| = 1.60106e-06
   Pass :  1   Iteration :   0  ||B r|| = 0.000106899 ...
   Pass :  1   Iteration :   5  ||B r|| = 7.90993e-07
norm(r_0) 0
norm(r_1) 0
norm(r_2) 0
norm(r_3) 2.3035704e-06
norm(r_4) 0
Newton iteration  1 : ||r|| = 2.30357e-06, ||r||/||r_0|| = 1.43878
Setting time step: 0.34009836 in DGTransportTDO
Setting time step: 0.34009836 in CombinedOp
Setting time step: 0.34009836 in IonStaticPressureOp
norm(r_0) 0
norm(r_1) 0
norm(r_2) 0
norm(r_3) 5.0345411e-06
norm(r_4) 0
Newton iteration  0 : ||r|| = 5.03454e-06
   Pass :  1   Iteration :   0  ||B r|| = 6.72982e-05 ...
   Pass :  1   Iteration :   4  ||B r|| = 7.83987e-07
norm(r_0) 0
norm(r_1) 0
norm(r_2) 0
norm(r_3) 2.2003813e-06
norm(r_4) 0
Newton iteration  1 : ||r|| = 2.20038e-06, ||r||/||r_0|| = 0.437057
Setting time step: 0.34009836 in DGTransportTDO
Setting time step: 0.34009836 in CombinedOp
Setting time step: 0.34009836 in IonStaticPressureOp
norm(r_0) 0
norm(r_1) 0
norm(r_2) 0
norm(r_3) 3.9582632e-06
norm(r_4) 0
Newton iteration  0 : ||r|| = 3.95826e-06
   Pass :  1   Iteration :   0  ||B r|| = 2.03616e-05 ...
   Pass :  1   Iteration :   2  ||B r|| = 9.43651e-07
norm(r_0) 0
norm(r_1) 0
norm(r_2) 0
norm(r_3) 4.1520797e-06
norm(r_4) 0
Newton iteration  1 : ||r|| = 4.15208e-06, ||r||/||r_0|| = 1.04897
Setting time step: 0.34009836 in DGTransportTDO
Setting time step: 0.34009836 in CombinedOp
Setting time step: 0.34009836 in IonStaticPressureOp
norm(r_0) 0
norm(r_1) 0
norm(r_2) 0
norm(r_3) 3.2435456e-06
norm(r_4) 0
Newton iteration  0 : ||r|| = 3.24355e-06
   Pass :  1   Iteration :   0  ||B r|| = 2.87402e-06 ...
   Pass :  1   Iteration :   1  ||B r|| = 9.3874e-07
norm(r_0) 0
norm(r_1) 0
norm(r_2) 0
norm(r_3) 1.8609659e-06
norm(r_4) 0
Newton iteration  1 : ||r|| = 1.86097e-06, ||r||/||r_0|| = 0.573744
Setting time step: 0.34009836 in DGTransportTDO
Setting time step: 0.34009836 in CombinedOp
Setting time step: 0.34009836 in IonStaticPressureOp
norm(r_0) 0
norm(r_1) 0
norm(r_2) 0
norm(r_3) 0.00016821852
norm(r_4) 0
Newton iteration  0 : ||r|| = 0.000168219
   Pass :  1   Iteration :   0  ||B r|| = 0.00011562 ...
   Pass :  1   Iteration :   7  ||B r|| = 6.24422e-07
norm(r_0) 0
norm(r_1) 0
norm(r_2) 0
norm(r_3) 2.2568594e-06
norm(r_4) 0
Newton iteration  1 : ||r|| = 2.25686e-06, ||r||/||r_0|| = 0.0134162
Setting time step: 0.68019672 in DGTransportTDO
Setting time step: 0.68019672 in CombinedOp
Setting time step: 0.68019672 in IonStaticPressureOp
norm(r_0) 0
norm(r_1) 0
norm(r_2) 0
norm(r_3) 2.2591384e-06
norm(r_4) 0
Newton iteration  0 : ||r|| = 2.25914e-06
   Pass :  1   Iteration :   0  ||B r|| = 4.87698e-06 ...
   Pass :  1   Iteration :   1  ||B r|| = 4.16766e-07
norm(r_0) 0
norm(r_1) 0
norm(r_2) 0
norm(r_3) 1.7058307e-06
norm(r_4) 0
Newton iteration  1 : ||r|| = 1.70583e-06, ||r||/||r_0|| = 0.75508
Setting time step: 0.68019672 in DGTransportTDO
Setting time step: 0.68019672 in CombinedOp
Setting time step: 0.68019672 in IonStaticPressureOp
norm(r_0) 0
norm(r_1) 0
norm(r_2) 0
norm(r_3) 4.3001921e-06
norm(r_4) 0
Newton iteration  0 : ||r|| = 4.30019e-06
   Pass :  1   Iteration :   0  ||B r|| = 4.44974e-06 ...
   Pass :  1   Iteration :   1  ||B r|| = 2.09127e-07
norm(r_0) 0
norm(r_1) 0
norm(r_2) 0
norm(r_3) 1.0870779e-06
norm(r_4) 0
Newton iteration  1 : ||r|| = 1.08708e-06, ||r||/||r_0|| = 0.252798
Setting time step: 0.68019672 in DGTransportTDO
Setting time step: 0.68019672 in CombinedOp
Setting time step: 0.68019672 in IonStaticPressureOp
norm(r_0) 0
norm(r_1) 0
norm(r_2) 0
norm(r_3) 3.2269287e-06
norm(r_4) 0
Newton iteration  0 : ||r|| = 3.22693e-06
   Pass :  1   Iteration :   0  ||B r|| = 2.20104e-06 ...
   Pass :  1   Iteration :   1  ||B r|| = 2.98336e-07
norm(r_0) 0
norm(r_1) 0
norm(r_2) 0
norm(r_3) 1.0780955e-06
norm(r_4) 0
Newton iteration  1 : ||r|| = 1.0781e-06, ||r||/||r_0|| = 0.334093
Setting time step: 0.68019672 in DGTransportTDO
Setting time step: 0.68019672 in CombinedOp
Setting time step: 0.68019672 in IonStaticPressureOp
norm(r_0) 0
norm(r_1) 0
norm(r_2) 0
norm(r_3) 2.4353191e-06
norm(r_4) 0
Newton iteration  0 : ||r|| = 2.43532e-06
   Pass :  1   Iteration :   0  ||B r|| = 9.70387e-07
norm(r_0) 0
norm(r_1) 0
norm(r_2) 0
norm(r_3) 2.4353191e-06
norm(r_4) 0
Newton iteration  1 : ||r|| = 2.43532e-06, ||r||/||r_0|| = 1
Setting time step: 0.68019672 in DGTransportTDO
Setting time step: 0.68019672 in CombinedOp
Setting time step: 0.68019672 in IonStaticPressureOp
norm(r_0) 0
norm(r_1) 0
norm(r_2) 0
norm(r_3) 5.5774733e-05
norm(r_4) 0
Newton iteration  0 : ||r|| = 5.57747e-05
   Pass :  1   Iteration :   0  ||B r|| = 3.45972e-05 ...
   Pass :  1   Iteration :   3  ||B r|| = 3.12234e-07
norm(r_0) 0
norm(r_1) 0
norm(r_2) 0
norm(r_3) 2.2490168e-06
norm(r_4) 0
Newton iteration  1 : ||r|| = 2.24902e-06, ||r||/||r_0|| = 0.0403232
Setting time step: 1.3603934 in DGTransportTDO
Setting time step: 1.3603934 in CombinedOp
Setting time step: 1.3603934 in IonStaticPressureOp
norm(r_0) 0
norm(r_1) 0
norm(r_2) 0
norm(r_3) 2.24891e-06
norm(r_4) 0
Newton iteration  0 : ||r|| = 2.24891e-06
   Pass :  1   Iteration :   0  ||B r|| = 2.81036e-07
norm(r_0) 0
norm(r_1) 0
norm(r_2) 0
norm(r_3) 2.24891e-06
norm(r_4) 0
Newton iteration  1 : ||r|| = 2.24891e-06, ||r||/||r_0|| = 1
Setting time step: 1.3603934 in DGTransportTDO
Setting time step: 1.3603934 in CombinedOp
Setting time step: 1.3603934 in IonStaticPressureOp
norm(r_0) 0
norm(r_1) 0
norm(r_2) 0
norm(r_3) 2.24891e-06
norm(r_4) 0
Newton iteration  0 : ||r|| = 2.24891e-06
   Pass :  1   Iteration :   0  ||B r|| = 2.81036e-07
norm(r_0) 0
norm(r_1) 0
norm(r_2) 0
norm(r_3) 2.24891e-06
norm(r_4) 0
Newton iteration  1 : ||r|| = 2.24891e-06, ||r||/||r_0|| = 1
Setting time step: 1.3603934 in DGTransportTDO
Setting time step: 1.3603934 in CombinedOp
Setting time step: 1.3603934 in IonStaticPressureOp
norm(r_0) 0
norm(r_1) 0
norm(r_2) 0
norm(r_3) 2.24891e-06
norm(r_4) 0
Newton iteration  0 : ||r|| = 2.24891e-06
   Pass :  1   Iteration :   0  ||B r|| = 2.81036e-07
norm(r_0) 0
norm(r_1) 0
norm(r_2) 0
norm(r_3) 2.24891e-06
norm(r_4) 0
Newton iteration  1 : ||r|| = 2.24891e-06, ||r||/||r_0|| = 1
Setting time step: 1.3603934 in DGTransportTDO
Setting time step: 1.3603934 in CombinedOp
Setting time step: 1.3603934 in IonStaticPressureOp
norm(r_0) 0
norm(r_1) 0
norm(r_2) 0
norm(r_3) 2.24891e-06
norm(r_4) 0
Newton iteration  0 : ||r|| = 2.24891e-06
   Pass :  1   Iteration :   0  ||B r|| = 2.81036e-07
norm(r_0) 0
norm(r_1) 0
norm(r_2) 0
norm(r_3) 2.24891e-06
norm(r_4) 0
Newton iteration  1 : ||r|| = 2.24891e-06, ||r||/||r_0|| = 1
Setting time step: 1.3603934 in DGTransportTDO
Setting time step: 1.3603934 in CombinedOp
Setting time step: 1.3603934 in IonStaticPressureOp
norm(r_0) 0
norm(r_1) 0
norm(r_2) 0
norm(r_3) 2.24891e-06
norm(r_4) 0
Newton iteration  0 : ||r|| = 2.24891e-06
   Pass :  1   Iteration :   0  ||B r|| = 2.81036e-07
norm(r_0) 0
norm(r_1) 0
norm(r_2) 0
norm(r_3) 2.24891e-06
norm(r_4) 0
Newton iteration  1 : ||r|| = 2.24891e-06, ||r||/||r_0|| = 1
Time stepping paused at t = 11.096472
Steady State solution has been reached

Time stepping done after 2.428163s.
