Options used:
   --mesh ../../mfem/data/inline-quad.mesh
   --bc-file ../../mfem/miniapps/plasma/transport2d_bcs.inp
   --ic-file ../../mfem/miniapps/plasma/transport2d_ics.inp
   --ec-file /home/gz6/mfem-analysis/input-files/transport2d_ecs.inp
   --es-file ../../mfem/miniapps/plasma/transport2d_ess.inp
   --eqdsk-file 
   --logging 1
   --operator-test 8
   --equation-weights '1 1 1 1 1'
   --problem 0
   --refine-serial 5
   --refine-parallel 0
   --enable-amr
   --max-err -1
   --hysteresis 0.25
   --nc-limit 3
   --amr-weights '1 1 1 1 1'
   --order 1
   --dg-sigma -1
   --dg-kappa 4
   --linear-abs-tolerance 1e-06
   --linear-rel-tolerance 1e-06
   --linear-max-iterations 500
   --linear-logging-level 3
   --newton-abs-tolerance 1e-10
   --newton-rel-tolerance 1e-10
   --newton-max-iterations 1
   --newton-logging-level 1
   --steady-state-abs-tolerance 1e-08
   --steady-state-rel-tolerance 1e-08
   --prec-type 1
   --prec-logging-level 0
   --initial-tolerance 1e-05
   --ode-tolerance 0.001
   --ode-solver 2
   --err-per-step
   --ode-weights '1 1 1 1 1'
   --kP 0
   --kI 0.6
   --kD 0
   --theta-max 2
   --t-minimum 0
   --t-final 100
   --time-step 0.01
   --cfl-number 0.3
   --ion-charge 1
   --ion-mass 2.0141018
   --neutral-mass 2.0141018
   --neutral-temp 3
   --min-neutral-density 9e+14
   --max-neutral-density 1e+15
   --neutral-density-exp 0
   --min-ion-density 1e+16
   --max-ion-density 1e+18
   --ion-density-exp 0
   --min-ion-temp 1
   --max-ion-temp 10
   --ion-temp-exp 0
   --min-electron-temp 10
   --max-electron-temp 440
   --electron-temp-exp 0
   --total-B-magnitude 5
   --poloidal-B-magnitude 0.5
   --velocity 1000
   --Di-perp 1
   --Xi-perp 1
   --Xe-perp 1
   --equation-term-flags '-1 -1 -1 -1 -1'
   --visualization-flags '-1 -1 -1 -1 -1'
   --visualization
   --visit-datafiles
   --ascii-datafiles
   --visualization-steps 4
Device configuration: cpu
Memory configuration: host-std
Number of elements in initial mesh: 16
Number of elements after serial refinement: 16384
5: Number of elements in parallel mesh: 1024
5: Number of elements after parallel refinement: 1024
10: Number of elements in parallel mesh: 1024
10: Number of elements after parallel refinement: 1024
4: Number of elements in parallel mesh: 1024
4: Number of elements after parallel refinement: 1024
15: Number of elements in parallel mesh: 1024
15: Number of elements after parallel refinement: 1024
14: Number of elements in parallel mesh: 1024
14: Number of elements after parallel refinement: 1024
13: Number of elements in parallel mesh: 1024
13: Number of elements after parallel refinement: 1024
1: Number of elements in parallel mesh: 1024
1: Number of elements after parallel refinement: 1024
3: Number of elements in parallel mesh: 1024
3: Number of elements after parallel refinement: 1024
2: Number of elements in parallel mesh: 1024
2: Number of elements after parallel refinement: 1024
0: Number of elements in parallel mesh: 1024
0: Number of elements after parallel refinement: 1024
12: Number of elements in parallel mesh: 1024
12: Number of elements after parallel refinement: 1024
11: Number of elements in parallel mesh: 1024
11: Number of elements after parallel refinement: 1024
7: Number of elements in parallel mesh: 1024
7: Number of elements after parallel refinement: 1024
8: Number of elements in parallel mesh: 1024
8: Number of elements after parallel refinement: 1024
9: Number of elements in parallel mesh: 1024
9: Number of elements after parallel refinement: 1024
6: Number of elements in parallel mesh: 1024
6: Number of elements after parallel refinement: 1024
Configuring initial conditions
Reading initial conditions from ../../mfem/miniapps/plasma/transport2d_ics.inp
Configuring exact solutions
Reading exact solutions from ../../mfem/miniapps/plasma/transport2d_ess.inp

AMR iteration 0
Number of unknowns: 65536
Stopping criterion satisfied. Stop.
Number of unknowns per field: 65536
Total number of unknowns:     327680
Configuring boundary conditions
Reading boundary conditions from ../../mfem/miniapps/plasma/transport2d_bcs.inp
Configuring equation coefficients
Reading equation coefficients from /home/gz6/mfem-analysis/input-files/transport2d_ecs.inp
|mn| = 3.3444946e-27
|ni| = 1
|ne| = 1

|Dn|     = -nan
|Di|     = -nan
|Eta|    = -nan
|nXi|    = -nan
|nXe|    = -nan

|Eta/mn| = -nan
|nXi/ni| = -nan
|nXe/ne| = -nan
Ion Static Pressure: Adding time derivative term proportional to d n_i / dt
Ion Static Pressure: Adding time derivative term proportional to d T_i / dt
Ion Static Pressure: Adding anisotropic diffusion term
Ion Static Pressure: Adding source term
Opening GLVis sockets.
Range of error estimates for initial condition: -nan < elem err < -nan

Begin time stepping at t = 0
Setting time step: 0.0025 in DGTransportTDO
Setting time step: 0.0025 in CombinedOp
Setting time step: 0.0025 in IonStaticPressureOp
norm(r_0) 0
norm(r_1) 0
norm(r_2) 0
norm(r_3) 0.038553142
norm(r_4) 0
Newton iteration  0 : ||r|| = 0.0385531
   Pass :  1   Iteration :   0  ||B r|| = 1259.65 ...
   Pass :  1   Iteration :  21  ||B r|| = 0.000905242
norm(r_0) 0
norm(r_1) 0
norm(r_2) 0
norm(r_3) 4.1906675e-05
norm(r_4) 0
Newton iteration  1 : ||r|| = 4.19067e-05, ||r||/||r_0|| = 0.00108698
Setting time step: 0.0025 in DGTransportTDO
Setting time step: 0.0025 in CombinedOp
Setting time step: 0.0025 in IonStaticPressureOp
norm(r_0) 0
norm(r_1) 0
norm(r_2) 0
norm(r_3) 0.036094984
norm(r_4) 0
Newton iteration  0 : ||r|| = 0.036095
   Pass :  1   Iteration :   0  ||B r|| = 1179.36 ...
   Pass :  1   Iteration :  21  ||B r|| = 0.000848331
norm(r_0) 0
norm(r_1) 0
norm(r_2) 0
norm(r_3) 3.9289007e-05
norm(r_4) 0
Newton iteration  1 : ||r|| = 3.9289e-05, ||r||/||r_0|| = 0.00108849
Setting time step: 0.0025 in DGTransportTDO
Setting time step: 0.0025 in CombinedOp
Setting time step: 0.0025 in IonStaticPressureOp
norm(r_0) 0
norm(r_1) 0
norm(r_2) 0
norm(r_3) 0.037065705
norm(r_4) 0
Newton iteration  0 : ||r|| = 0.0370657
   Pass :  1   Iteration :   0  ||B r|| = 1211.07 ...
   Pass :  1   Iteration :  21  ||B r|| = 0.000870958
norm(r_0) 0
norm(r_1) 0
norm(r_2) 0
norm(r_3) 4.0332327e-05
norm(r_4) 0
Newton iteration  1 : ||r|| = 4.03323e-05, ||r||/||r_0|| = 0.00108813
Setting time step: 0.0025 in DGTransportTDO
Setting time step: 0.0025 in CombinedOp
Setting time step: 0.0025 in IonStaticPressureOp
norm(r_0) 0
norm(r_1) 0
norm(r_2) 0
norm(r_3) 0.037313492
norm(r_4) 0
Newton iteration  0 : ||r|| = 0.0373135
   Pass :  1   Iteration :   0  ||B r|| = 1219.16 ...
   Pass :  1   Iteration :  21  ||B r|| = 0.000876656
norm(r_0) 0
norm(r_1) 0
norm(r_2) 0
norm(r_3) 4.0593716e-05
norm(r_4) 0
Newton iteration  1 : ||r|| = 4.05937e-05, ||r||/||r_0|| = 0.00108791
Setting time step: 0.0025 in DGTransportTDO
Setting time step: 0.0025 in CombinedOp
Setting time step: 0.0025 in IonStaticPressureOp
norm(r_0) 0
norm(r_1) 0
norm(r_2) 0
norm(r_3) 0.034907955
norm(r_4) 0
Newton iteration  0 : ||r|| = 0.034908
   Pass :  1   Iteration :   0  ||B r|| = 1140.58 ...
   Pass :  1   Iteration :  21  ||B r|| = 0.000818761
norm(r_0) 0
norm(r_1) 0
norm(r_2) 0
norm(r_3) 3.7896714e-05
norm(r_4) 0
Newton iteration  1 : ||r|| = 3.78967e-05, ||r||/||r_0|| = 0.00108562
Setting time step: 0.005 in DGTransportTDO
Setting time step: 0.005 in CombinedOp
Setting time step: 0.005 in IonStaticPressureOp
norm(r_0) 0
norm(r_1) 0
norm(r_2) 0
norm(r_3) 0.03379501
norm(r_4) 0
Newton iteration  0 : ||r|| = 0.033795
   Pass :  1   Iteration :   0  ||B r|| = 986.553 ...
   Pass :  1   Iteration :  22  ||B r|| = 0.000796082
norm(r_0) 0
norm(r_1) 0
norm(r_2) 0
norm(r_3) 5.3457464e-05
norm(r_4) 0
Newton iteration  1 : ||r|| = 5.34575e-05, ||r||/||r_0|| = 0.00158182
Setting time step: 0.005 in DGTransportTDO
Setting time step: 0.005 in CombinedOp
Setting time step: 0.005 in IonStaticPressureOp
norm(r_0) 0
norm(r_1) 0
norm(r_2) 0
norm(r_3) 0.029618721
norm(r_4) 0
Newton iteration  0 : ||r|| = 0.0296187
   Pass :  1   Iteration :   0  ||B r|| = 864.645 ...
   Pass :  1   Iteration :  22  ||B r|| = 0.000698587
norm(r_0) 0
norm(r_1) 0
norm(r_2) 0
norm(r_3) 4.6906464e-05
norm(r_4) 0
Newton iteration  1 : ||r|| = 4.69065e-05, ||r||/||r_0|| = 0.00158368
Setting time step: 0.005 in DGTransportTDO
Setting time step: 0.005 in CombinedOp
Setting time step: 0.005 in IonStaticPressureOp
norm(r_0) 0
norm(r_1) 0
norm(r_2) 0
norm(r_3) 0.031247901
norm(r_4) 0
Newton iteration  0 : ||r|| = 0.0312479
   Pass :  1   Iteration :   0  ||B r|| = 912.203 ...
   Pass :  1   Iteration :  22  ||B r|| = 0.000736764
norm(r_0) 0
norm(r_1) 0
norm(r_2) 0
norm(r_3) 4.9471088e-05
norm(r_4) 0
Newton iteration  1 : ||r|| = 4.94711e-05, ||r||/||r_0|| = 0.00158318
Setting time step: 0.005 in DGTransportTDO
Setting time step: 0.005 in CombinedOp
Setting time step: 0.005 in IonStaticPressureOp
norm(r_0) 0
norm(r_1) 0
norm(r_2) 0
norm(r_3) 0.031672152
norm(r_4) 0
Newton iteration  0 : ||r|| = 0.0316722
   Pass :  1   Iteration :   0  ||B r|| = 924.588 ...
   Pass :  1   Iteration :  22  ||B r|| = 0.000746631
norm(r_0) 0
norm(r_1) 0
norm(r_2) 0
norm(r_3) 5.0134238e-05
norm(r_4) 0
Newton iteration  1 : ||r|| = 5.01342e-05, ||r||/||r_0|| = 0.00158291
Setting time step: 0.005 in DGTransportTDO
Setting time step: 0.005 in CombinedOp
Setting time step: 0.005 in IonStaticPressureOp
norm(r_0) 0
norm(r_1) 0
norm(r_2) 0
norm(r_3) 0.027678717
norm(r_4) 0
Newton iteration  0 : ||r|| = 0.0276787
   Pass :  1   Iteration :   0  ||B r|| = 808.009 ...
   Pass :  1   Iteration :  22  ||B r|| = 0.000651332
norm(r_0) 0
norm(r_1) 0
norm(r_2) 0
norm(r_3) 4.3739086e-05
norm(r_4) 0
Newton iteration  1 : ||r|| = 4.37391e-05, ||r||/||r_0|| = 0.00158024
Setting time step: 0.01 in DGTransportTDO
Setting time step: 0.01 in CombinedOp
Setting time step: 0.01 in IonStaticPressureOp
norm(r_0) 0
norm(r_1) 0
norm(r_2) 0
norm(r_3) 0.025967996
norm(r_4) 0
Newton iteration  0 : ||r|| = 0.025968
   Pass :  1   Iteration :   0  ||B r|| = 614.944 ...
   Pass :  1   Iteration :  23  ||B r|| = 0.000504752
norm(r_0) 0
norm(r_1) 0
norm(r_2) 0
norm(r_3) 6.0037262e-05
norm(r_4) 0
Newton iteration  1 : ||r|| = 6.00373e-05, ||r||/||r_0|| = 0.00231197
Setting time step: 0.01 in DGTransportTDO
Setting time step: 0.01 in CombinedOp
Setting time step: 0.01 in IonStaticPressureOp
norm(r_0) 0
norm(r_1) 0
norm(r_2) 0
norm(r_3) 0.019923506
norm(r_4) 0
Newton iteration  0 : ||r|| = 0.0199235
   Pass :  1   Iteration :   0  ||B r|| = 471.798 ...
   Pass :  1   Iteration :  23  ||B r|| = 0.000387569
norm(r_0) 0
norm(r_1) 0
norm(r_2) 0
norm(r_3) 4.6099211e-05
norm(r_4) 0
Newton iteration  1 : ||r|| = 4.60992e-05, ||r||/||r_0|| = 0.00231381
Setting time step: 0.01 in DGTransportTDO
Setting time step: 0.01 in CombinedOp
Setting time step: 0.01 in IonStaticPressureOp
norm(r_0) 0
norm(r_1) 0
norm(r_2) 0
norm(r_3) 0.022228644
norm(r_4) 0
Newton iteration  0 : ||r|| = 0.0222286
   Pass :  1   Iteration :   0  ||B r|| = 526.391 ...
   Pass :  1   Iteration :  23  ||B r|| = 0.00043231
norm(r_0) 0
norm(r_1) 0
norm(r_2) 0
norm(r_3) 5.1420835e-05
norm(r_4) 0
Newton iteration  1 : ||r|| = 5.14208e-05, ||r||/||r_0|| = 0.00231327
Setting time step: 0.01 in DGTransportTDO
Setting time step: 0.01 in CombinedOp
Setting time step: 0.01 in IonStaticPressureOp
norm(r_0) 0
norm(r_1) 0
norm(r_2) 0
norm(r_3) 0.022851861
norm(r_4) 0
Newton iteration  0 : ||r|| = 0.0228519
   Pass :  1   Iteration :   0  ||B r|| = 541.151 ...
   Pass :  1   Iteration :  23  ||B r|| = 0.000444379
norm(r_0) 0
norm(r_1) 0
norm(r_2) 0
norm(r_3) 5.285642e-05
norm(r_4) 0
Newton iteration  1 : ||r|| = 5.28564e-05, ||r||/||r_0|| = 0.002313
Setting time step: 0.01 in DGTransportTDO
Setting time step: 0.01 in CombinedOp
Setting time step: 0.01 in IonStaticPressureOp
norm(r_0) 0
norm(r_1) 0
norm(r_2) 0
norm(r_3) 0.017353568
norm(r_4) 0
Newton iteration  0 : ||r|| = 0.0173536
   Pass :  1   Iteration :   0  ||B r|| = 410.928 ...
   Pass :  1   Iteration :  23  ||B r|| = 0.00033702
norm(r_0) 0
norm(r_1) 0
norm(r_2) 0
norm(r_3) 4.008637e-05
norm(r_4) 0
Newton iteration  1 : ||r|| = 4.00864e-05, ||r||/||r_0|| = 0.00230998
Setting time step: 0.02 in DGTransportTDO
Setting time step: 0.02 in CombinedOp
Setting time step: 0.02 in IonStaticPressureOp
norm(r_0) 0
norm(r_1) 0
norm(r_2) 0
norm(r_3) 0.015332911
norm(r_4) 0
Newton iteration  0 : ||r|| = 0.0153329
   Pass :  1   Iteration :   0  ||B r|| = 263.911 ...
   Pass :  1   Iteration :  24  ||B r|| = 0.000231372
norm(r_0) 0
norm(r_1) 0
norm(r_2) 0
norm(r_3) 5.9061683e-05
norm(r_4) 0
Newton iteration  1 : ||r|| = 5.90617e-05, ||r||/||r_0|| = 0.00385196
Setting time step: 0.02 in DGTransportTDO
Setting time step: 0.02 in CombinedOp
Setting time step: 0.02 in IonStaticPressureOp
norm(r_0) 0
norm(r_1) 0
norm(r_2) 0
norm(r_3) 0.0089396347
norm(r_4) 0
Newton iteration  0 : ||r|| = 0.00893963
   Pass :  1   Iteration :   0  ||B r|| = 153.852 ...
   Pass :  1   Iteration :  24  ||B r|| = 0.00013494
norm(r_0) 0
norm(r_1) 0
norm(r_2) 0
norm(r_3) 3.4446111e-05
norm(r_4) 0
Newton iteration  1 : ||r|| = 3.44461e-05, ||r||/||r_0|| = 0.00385319
Setting time step: 0.02 in DGTransportTDO
Setting time step: 0.02 in CombinedOp
Setting time step: 0.02 in IonStaticPressureOp
norm(r_0) 0
norm(r_1) 0
norm(r_2) 0
norm(r_3) 0.011283421
norm(r_4) 0
Newton iteration  0 : ||r|| = 0.0112834
   Pass :  1   Iteration :   0  ||B r|| = 194.204 ...
   Pass :  1   Iteration :  24  ||B r|| = 0.000170305
norm(r_0) 0
norm(r_1) 0
norm(r_2) 0
norm(r_3) 4.3473494e-05
norm(r_4) 0
Newton iteration  1 : ||r|| = 4.34735e-05, ||r||/||r_0|| = 0.00385286
Setting time step: 0.02 in DGTransportTDO
Setting time step: 0.02 in CombinedOp
Setting time step: 0.02 in IonStaticPressureOp
norm(r_0) 0
norm(r_1) 0
norm(r_2) 0
norm(r_3) 0.011960488
norm(r_4) 0
Newton iteration  0 : ||r|| = 0.0119605
   Pass :  1   Iteration :   0  ||B r|| = 205.861 ...
   Pass :  1   Iteration :  24  ||B r|| = 0.000180516
norm(r_0) 0
norm(r_1) 0
norm(r_2) 0
norm(r_3) 4.6080065e-05
norm(r_4) 0
Newton iteration  1 : ||r|| = 4.60801e-05, ||r||/||r_0|| = 0.00385269
Setting time step: 0.02 in DGTransportTDO
Setting time step: 0.02 in CombinedOp
Setting time step: 0.02 in IonStaticPressureOp
norm(r_0) 0
norm(r_1) 0
norm(r_2) 0
norm(r_3) 0.0067643025
norm(r_4) 0
Newton iteration  0 : ||r|| = 0.0067643
   Pass :  1   Iteration :   0  ||B r|| = 116.378 ...
   Pass :  1   Iteration :  24  ||B r|| = 0.000101963
norm(r_0) 0
norm(r_1) 0
norm(r_2) 0
norm(r_3) 2.6027429e-05
norm(r_4) 0
Newton iteration  1 : ||r|| = 2.60274e-05, ||r||/||r_0|| = 0.00384776
Time stepping paused at t = 0.15

Estimating errors.
No refinements necessary.
No derefinements needed.

AMR iteration 1
Number of unknowns: 65536
Setting time step: 0.019690061 in DGTransportTDO
Setting time step: 0.019690061 in CombinedOp
Setting time step: 0.019690061 in IonStaticPressureOp
norm(r_0) 0
norm(r_1) 0
norm(r_2) 0
norm(r_3) 0.0053515978
norm(r_4) 0
Newton iteration  0 : ||r|| = 0.0053516
   Pass :  1   Iteration :   0  ||B r|| = 92.9057 ...
   Pass :  1   Iteration :  24  ||B r|| = 8.06638e-05
norm(r_0) 0
norm(r_1) 0
norm(r_2) 0
norm(r_3) 2.0264228e-05
norm(r_4) 0
Newton iteration  1 : ||r|| = 2.02642e-05, ||r||/||r_0|| = 0.00378658
Setting time step: 0.019690061 in DGTransportTDO
Setting time step: 0.019690061 in CombinedOp
Setting time step: 0.019690061 in IonStaticPressureOp
norm(r_0) 0
norm(r_1) 0
norm(r_2) 0
norm(r_3) 0.0031472643
norm(r_4) 0
Newton iteration  0 : ||r|| = 0.00314726
   Pass :  1   Iteration :   0  ||B r|| = 54.6378 ...
   Pass :  1   Iteration :  24  ||B r|| = 4.74389e-05
norm(r_0) 0
norm(r_1) 0
norm(r_2) 0
norm(r_3) 1.1917529e-05
norm(r_4) 0
Newton iteration  1 : ||r|| = 1.19175e-05, ||r||/||r_0|| = 0.00378663
Setting time step: 0.019690061 in DGTransportTDO
Setting time step: 0.019690061 in CombinedOp
Setting time step: 0.019690061 in IonStaticPressureOp
norm(r_0) 0
norm(r_1) 0
norm(r_2) 0
norm(r_3) 0.0039563597
norm(r_4) 0
Newton iteration  0 : ||r|| = 0.00395636
   Pass :  1   Iteration :   0  ||B r|| = 68.6839 ...
   Pass :  1   Iteration :  24  ||B r|| = 5.96342e-05
norm(r_0) 0
norm(r_1) 0
norm(r_2) 0
norm(r_3) 1.4981193e-05
norm(r_4) 0
Newton iteration  1 : ||r|| = 1.49812e-05, ||r||/||r_0|| = 0.00378661
Setting time step: 0.019690061 in DGTransportTDO
Setting time step: 0.019690061 in CombinedOp
Setting time step: 0.019690061 in IonStaticPressureOp
norm(r_0) 0
norm(r_1) 0
norm(r_2) 0
norm(r_3) 0.0041896593
norm(r_4) 0
Newton iteration  0 : ||r|| = 0.00418966
   Pass :  1   Iteration :   0  ||B r|| = 72.7341 ...
   Pass :  1   Iteration :  24  ||B r|| = 6.31505e-05
norm(r_0) 0
norm(r_1) 0
norm(r_2) 0
norm(r_3) 1.5864573e-05
norm(r_4) 0
Newton iteration  1 : ||r|| = 1.58646e-05, ||r||/||r_0|| = 0.0037866
Setting time step: 0.019690061 in DGTransportTDO
Setting time step: 0.019690061 in CombinedOp
Setting time step: 0.019690061 in IonStaticPressureOp
norm(r_0) 0
norm(r_1) 0
norm(r_2) 0
norm(r_3) 0.0023908085
norm(r_4) 0
Newton iteration  0 : ||r|| = 0.00239081
   Pass :  1   Iteration :   0  ||B r|| = 41.5052 ...
   Pass :  1   Iteration :  24  ||B r|| = 3.60354e-05
norm(r_0) 0
norm(r_1) 0
norm(r_2) 0
norm(r_3) 9.0527863e-06
norm(r_4) 0
Newton iteration  1 : ||r|| = 9.05279e-06, ||r||/||r_0|| = 0.0037865
Setting time step: 0.038653831 in DGTransportTDO
Setting time step: 0.038653831 in CombinedOp
Setting time step: 0.038653831 in IonStaticPressureOp
norm(r_0) 0
norm(r_1) 0
norm(r_2) 0
norm(r_3) 0.0018984154
norm(r_4) 0
Newton iteration  0 : ||r|| = 0.00189842
   Pass :  1   Iteration :   0  ||B r|| = 21.5403 ...
   Pass :  1   Iteration :  25  ||B r|| = 1.74046e-05
norm(r_0) 0
norm(r_1) 0
norm(r_2) 0
norm(r_3) 9.3024425e-06
norm(r_4) 0
Newton iteration  1 : ||r|| = 9.30244e-06, ||r||/||r_0|| = 0.00490011
Setting time step: 0.038653831 in DGTransportTDO
Setting time step: 0.038653831 in CombinedOp
Setting time step: 0.038653831 in IonStaticPressureOp
norm(r_0) 0
norm(r_1) 0
norm(r_2) 0
norm(r_3) 0.00061792274
norm(r_4) 0
Newton iteration  0 : ||r|| = 0.000617923
   Pass :  1   Iteration :   0  ||B r|| = 7.00562 ...
   Pass :  1   Iteration :  25  ||B r|| = 5.6614e-06
norm(r_0) 0
norm(r_1) 0
norm(r_2) 0
norm(r_3) 3.0254339e-06
norm(r_4) 0
Newton iteration  1 : ||r|| = 3.02543e-06, ||r||/||r_0|| = 0.00489614
Setting time step: 0.038653831 in DGTransportTDO
Setting time step: 0.038653831 in CombinedOp
Setting time step: 0.038653831 in IonStaticPressureOp
norm(r_0) 0
norm(r_1) 0
norm(r_2) 0
norm(r_3) 0.0010608185
norm(r_4) 0
Newton iteration  0 : ||r|| = 0.00106082
   Pass :  1   Iteration :   0  ||B r|| = 12.0349 ...
   Pass :  1   Iteration :  25  ||B r|| = 9.7249e-06
norm(r_0) 0
norm(r_1) 0
norm(r_2) 0
norm(r_3) 5.197392e-06
norm(r_4) 0
Newton iteration  1 : ||r|| = 5.19739e-06, ||r||/||r_0|| = 0.00489942
Setting time step: 0.038653831 in DGTransportTDO
Setting time step: 0.038653831 in CombinedOp
Setting time step: 0.038653831 in IonStaticPressureOp
norm(r_0) 0
norm(r_1) 0
norm(r_2) 0
norm(r_3) 0.0012020855
norm(r_4) 0
Newton iteration  0 : ||r|| = 0.00120209
   Pass :  1   Iteration :   0  ||B r|| = 13.6387 ...
   Pass :  1   Iteration :  25  ||B r|| = 1.10207e-05
norm(r_0) 0
norm(r_1) 0
norm(r_2) 0
norm(r_3) 5.8900245e-06
norm(r_4) 0
Newton iteration  1 : ||r|| = 5.89002e-06, ||r||/||r_0|| = 0.00489984
Setting time step: 0.038653831 in DGTransportTDO
Setting time step: 0.038653831 in CombinedOp
Setting time step: 0.038653831 in IonStaticPressureOp
norm(r_0) 0
norm(r_1) 0
norm(r_2) 0
norm(r_3) 0.00039037567
norm(r_4) 0
Newton iteration  0 : ||r|| = 0.000390376
   Pass :  1   Iteration :   0  ||B r|| = 4.39942 ...
   Pass :  1   Iteration :  25  ||B r|| = 3.55343e-06
norm(r_0) 0
norm(r_1) 0
norm(r_2) 0
norm(r_3) 1.9000068e-06
norm(r_4) 0
Newton iteration  1 : ||r|| = 1.90001e-06, ||r||/||r_0|| = 0.00486712
Setting time step: 0.042483504 in DGTransportTDO
Setting time step: 0.042483504 in CombinedOp
Setting time step: 0.042483504 in IonStaticPressureOp
norm(r_0) 0
norm(r_1) 0
norm(r_2) 0
norm(r_3) 0.00025692525
norm(r_4) 0
Newton iteration  0 : ||r|| = 0.000256925
   Pass :  1   Iteration :   0  ||B r|| = 2.72406 ...
   Pass :  1   Iteration :  25  ||B r|| = 2.31078e-06
norm(r_0) 0
norm(r_1) 0
norm(r_2) 0
norm(r_3) 1.3664736e-06
norm(r_4) 0
Newton iteration  1 : ||r|| = 1.36647e-06, ||r||/||r_0|| = 0.00531856
Setting time step: 0.042483504 in DGTransportTDO
Setting time step: 0.042483504 in CombinedOp
Setting time step: 0.042483504 in IonStaticPressureOp
norm(r_0) 0
norm(r_1) 0
norm(r_2) 0
norm(r_3) 7.2550361e-05
norm(r_4) 0
Newton iteration  0 : ||r|| = 7.25504e-05
   Pass :  1   Iteration :   0  ||B r|| = 0.769189 ...
   Pass :  1   Iteration :  25  ||B r|| = 6.52545e-07
norm(r_0) 0
norm(r_1) 0
norm(r_2) 0
norm(r_3) 3.8588134e-07
norm(r_4) 0
Newton iteration  1 : ||r|| = 3.85881e-07, ||r||/||r_0|| = 0.00531881
Setting time step: 0.042483504 in DGTransportTDO
Setting time step: 0.042483504 in CombinedOp
Setting time step: 0.042483504 in IonStaticPressureOp
norm(r_0) 0
norm(r_1) 0
norm(r_2) 0
norm(r_3) 0.00013571542
norm(r_4) 0
Newton iteration  0 : ||r|| = 0.000135715
   Pass :  1   Iteration :   0  ||B r|| = 1.43891 ...
   Pass :  1   Iteration :  25  ||B r|| = 1.22065e-06
norm(r_0) 0
norm(r_1) 0
norm(r_2) 0
norm(r_3) 7.2182709e-07
norm(r_4) 0
Newton iteration  1 : ||r|| = 7.21827e-07, ||r||/||r_0|| = 0.00531868
Setting time step: 0.042483504 in DGTransportTDO
Setting time step: 0.042483504 in CombinedOp
Setting time step: 0.042483504 in IonStaticPressureOp
norm(r_0) 0
norm(r_1) 0
norm(r_2) 0
norm(r_3) 0.00015620614
norm(r_4) 0
Newton iteration  0 : ||r|| = 0.000156206
   Pass :  1   Iteration :   0  ||B r|| = 1.65616 ...
   Pass :  1   Iteration :  25  ||B r|| = 1.40494e-06
norm(r_0) 0
norm(r_1) 0
norm(r_2) 0
norm(r_3) 8.308055e-07
norm(r_4) 0
Newton iteration  1 : ||r|| = 8.30806e-07, ||r||/||r_0|| = 0.00531865
Setting time step: 0.042483504 in DGTransportTDO
Setting time step: 0.042483504 in CombinedOp
Setting time step: 0.042483504 in IonStaticPressureOp
norm(r_0) 0
norm(r_1) 0
norm(r_2) 0
norm(r_3) 4.5390271e-05
norm(r_4) 0
Newton iteration  0 : ||r|| = 4.53903e-05
   Pass :  1   Iteration :   0  ||B r|| = 0.481259 ...
   Pass :  1   Iteration :  23  ||B r|| = 9.45074e-07
norm(r_0) 0
norm(r_1) 0
norm(r_2) 0
norm(r_3) 4.5684684e-07
norm(r_4) 0
Newton iteration  1 : ||r|| = 4.56847e-07, ||r||/||r_0|| = 0.0100649
Setting time step: 0.084967008 in DGTransportTDO
Setting time step: 0.084967008 in CombinedOp
Setting time step: 0.084967008 in IonStaticPressureOp
norm(r_0) 0
norm(r_1) 0
norm(r_2) 0
norm(r_3) 2.9106897e-05
norm(r_4) 0
Newton iteration  0 : ||r|| = 2.91069e-05
   Pass :  1   Iteration :   0  ||B r|| = 0.178561 ...
   Pass :  1   Iteration :  22  ||B r|| = 7.48623e-07
norm(r_0) 0
norm(r_1) 0
norm(r_2) 0
norm(r_3) 7.9428611e-07
norm(r_4) 0
Newton iteration  1 : ||r|| = 7.94286e-07, ||r||/||r_0|| = 0.0272886
Setting time step: 0.084967008 in DGTransportTDO
Setting time step: 0.084967008 in CombinedOp
Setting time step: 0.084967008 in IonStaticPressureOp
norm(r_0) 0
norm(r_1) 0
norm(r_2) 0
norm(r_3) 2.5059587e-06
norm(r_4) 0
Newton iteration  0 : ||r|| = 2.50596e-06
   Pass :  1   Iteration :   0  ||B r|| = 0.0100466 ...
   Pass :  1   Iteration :  15  ||B r|| = 7.74289e-07
norm(r_0) 0
norm(r_1) 0
norm(r_2) 0
norm(r_3) 6.7433522e-07
norm(r_4) 0
Newton iteration  1 : ||r|| = 6.74335e-07, ||r||/||r_0|| = 0.269093
Setting time step: 0.084967008 in DGTransportTDO
Setting time step: 0.084967008 in CombinedOp
Setting time step: 0.084967008 in IonStaticPressureOp
norm(r_0) 0
norm(r_1) 0
norm(r_2) 0
norm(r_3) 8.1995188e-06
norm(r_4) 0
Newton iteration  0 : ||r|| = 8.19952e-06
   Pass :  1   Iteration :   0  ||B r|| = 0.0494586 ...
   Pass :  1   Iteration :  19  ||B r|| = 7.45824e-07
norm(r_0) 0
norm(r_1) 0
norm(r_2) 0
norm(r_3) 6.9953074e-07
norm(r_4) 0
Newton iteration  1 : ||r|| = 6.99531e-07, ||r||/||r_0|| = 0.0853136
Setting time step: 0.084967008 in DGTransportTDO
Setting time step: 0.084967008 in CombinedOp
Setting time step: 0.084967008 in IonStaticPressureOp
norm(r_0) 0
norm(r_1) 0
norm(r_2) 0
norm(r_3) 1.1739397e-05
norm(r_4) 0
Newton iteration  0 : ||r|| = 1.17394e-05
   Pass :  1   Iteration :   0  ||B r|| = 0.0717087 ...
   Pass :  1   Iteration :  20  ||B r|| = 7.12351e-07
norm(r_0) 0
norm(r_1) 0
norm(r_2) 0
norm(r_3) 7.2783457e-07
norm(r_4) 0
Newton iteration  1 : ||r|| = 7.27835e-07, ||r||/||r_0|| = 0.0619993
Setting time step: 0.084967008 in DGTransportTDO
Setting time step: 0.084967008 in CombinedOp
Setting time step: 0.084967008 in IonStaticPressureOp
norm(r_0) 0
norm(r_1) 0
norm(r_2) 0
norm(r_3) 4.3604179e-05
norm(r_4) 0
Newton iteration  0 : ||r|| = 4.36042e-05
   Pass :  1   Iteration :   0  ||B r|| = 0.0207176 ...
   Pass :  1   Iteration :  17  ||B r|| = 7.24313e-07
norm(r_0) 0
norm(r_1) 0
norm(r_2) 0
norm(r_3) 6.640873e-07
norm(r_4) 0
Newton iteration  1 : ||r|| = 6.64087e-07, ||r||/||r_0|| = 0.0152299
Time stepping paused at t = 0.89317761

Estimating errors.
No refinements necessary.
No derefinements needed.

AMR iteration 2
Number of unknowns: 65536
Setting time step: 0.16993402 in DGTransportTDO
Setting time step: 0.16993402 in CombinedOp
Setting time step: 0.16993402 in IonStaticPressureOp
norm(r_0) 0
norm(r_1) 0
norm(r_2) 0
norm(r_3) 1.7270268e-06
norm(r_4) 0
Newton iteration  0 : ||r|| = 1.72703e-06
   Pass :  1   Iteration :   0  ||B r|| = 0.005303 ...
   Pass :  1   Iteration :  14  ||B r|| = 8.25476e-07
norm(r_0) 0
norm(r_1) 0
norm(r_2) 0
norm(r_3) 1.6838437e-06
norm(r_4) 0
Newton iteration  1 : ||r|| = 1.68384e-06, ||r||/||r_0|| = 0.974996
Setting time step: 0.16993402 in DGTransportTDO
Setting time step: 0.16993402 in CombinedOp
Setting time step: 0.16993402 in IonStaticPressureOp
norm(r_0) 0
norm(r_1) 0
norm(r_2) 0
norm(r_3) 3.7048147e-06
norm(r_4) 0
Newton iteration  0 : ||r|| = 3.70481e-06
   Pass :  1   Iteration :   0  ||B r|| = 0.0020283 ...
   Pass :  1   Iteration :  12  ||B r|| = 6.97393e-07
norm(r_0) 0
norm(r_1) 0
norm(r_2) 0
norm(r_3) 1.2795328e-06
norm(r_4) 0
Newton iteration  1 : ||r|| = 1.27953e-06, ||r||/||r_0|| = 0.34537
Setting time step: 0.16993402 in DGTransportTDO
Setting time step: 0.16993402 in CombinedOp
Setting time step: 0.16993402 in IonStaticPressureOp
norm(r_0) 0
norm(r_1) 0
norm(r_2) 0
norm(r_3) 3.11207e-06
norm(r_4) 0
Newton iteration  0 : ||r|| = 3.11207e-06
   Pass :  1   Iteration :   0  ||B r|| = 9.33098e-05 ...
   Pass :  1   Iteration :   6  ||B r|| = 7.35836e-07
norm(r_0) 0
norm(r_1) 0
norm(r_2) 0
norm(r_3) 1.5568316e-06
norm(r_4) 0
Newton iteration  1 : ||r|| = 1.55683e-06, ||r||/||r_0|| = 0.500256
Setting time step: 0.16993402 in DGTransportTDO
Setting time step: 0.16993402 in CombinedOp
Setting time step: 0.16993402 in IonStaticPressureOp
norm(r_0) 0
norm(r_1) 0
norm(r_2) 0
norm(r_3) 2.580927e-06
norm(r_4) 0
Newton iteration  0 : ||r|| = 2.58093e-06
   Pass :  1   Iteration :   0  ||B r|| = 0.00101343 ...
   Pass :  1   Iteration :  10  ||B r|| = 9.30454e-07
norm(r_0) 0
norm(r_1) 0
norm(r_2) 0
norm(r_3) 1.8284709e-06
norm(r_4) 0
Newton iteration  1 : ||r|| = 1.82847e-06, ||r||/||r_0|| = 0.708455
Setting time step: 0.16993402 in DGTransportTDO
Setting time step: 0.16993402 in CombinedOp
Setting time step: 0.16993402 in IonStaticPressureOp
norm(r_0) 0
norm(r_1) 0
norm(r_2) 0
norm(r_3) 2.8062644e-05
norm(r_4) 0
Newton iteration  0 : ||r|| = 2.80626e-05
   Pass :  1   Iteration :   0  ||B r|| = 0.00212906 ...
   Pass :  1   Iteration :  12  ||B r|| = 7.4057e-07
norm(r_0) 0
norm(r_1) 0
norm(r_2) 0
norm(r_3) 1.2158587e-06
norm(r_4) 0
Newton iteration  1 : ||r|| = 1.21586e-06, ||r||/||r_0|| = 0.0433266
Setting time step: 0.33986803 in DGTransportTDO
Setting time step: 0.33986803 in CombinedOp
Setting time step: 0.33986803 in IonStaticPressureOp
norm(r_0) 0
norm(r_1) 0
norm(r_2) 0
norm(r_3) 1.2323453e-06
norm(r_4) 0
Newton iteration  0 : ||r|| = 1.23235e-06
   Pass :  1   Iteration :   0  ||B r|| = 0.000346816 ...
   Pass :  1   Iteration :   8  ||B r|| = 8.94094e-07
norm(r_0) 0
norm(r_1) 0
norm(r_2) 0
norm(r_3) 2.3845109e-06
norm(r_4) 0
Newton iteration  1 : ||r|| = 2.38451e-06, ||r||/||r_0|| = 1.93494
Setting time step: 0.33986803 in DGTransportTDO
Setting time step: 0.33986803 in CombinedOp
Setting time step: 0.33986803 in IonStaticPressureOp
norm(r_0) 0
norm(r_1) 0
norm(r_2) 0
norm(r_3) 4.2733428e-06
norm(r_4) 0
Newton iteration  0 : ||r|| = 4.27334e-06
   Pass :  1   Iteration :   0  ||B r|| = 0.000219313 ...
   Pass :  1   Iteration :   7  ||B r|| = 7.94357e-07
norm(r_0) 0
norm(r_1) 0
norm(r_2) 0
norm(r_3) 2.6888769e-06
norm(r_4) 0
Newton iteration  1 : ||r|| = 2.68888e-06, ||r||/||r_0|| = 0.629221
Setting time step: 0.33986803 in DGTransportTDO
Setting time step: 0.33986803 in CombinedOp
Setting time step: 0.33986803 in IonStaticPressureOp
norm(r_0) 0
norm(r_1) 0
norm(r_2) 0
norm(r_3) 3.8977578e-06
norm(r_4) 0
Newton iteration  0 : ||r|| = 3.89776e-06
   Pass :  1   Iteration :   0  ||B r|| = 6.68534e-05 ...
   Pass :  1   Iteration :   4  ||B r|| = 8.98268e-07
norm(r_0) 0
norm(r_1) 0
norm(r_2) 0
norm(r_3) 2.5873146e-06
norm(r_4) 0
Newton iteration  1 : ||r|| = 2.58731e-06, ||r||/||r_0|| = 0.663796
Setting time step: 0.33986803 in DGTransportTDO
Setting time step: 0.33986803 in CombinedOp
Setting time step: 0.33986803 in IonStaticPressureOp
norm(r_0) 0
norm(r_1) 0
norm(r_2) 0
norm(r_3) 3.4623549e-06
norm(r_4) 0
Newton iteration  0 : ||r|| = 3.46235e-06
   Pass :  1   Iteration :   0  ||B r|| = 7.94129e-06 ...
   Pass :  1   Iteration :   2  ||B r|| = 9.92278e-07
norm(r_0) 0
norm(r_1) 0
norm(r_2) 0
norm(r_3) 4.5985816e-06
norm(r_4) 0
Newton iteration  1 : ||r|| = 4.59858e-06, ||r||/||r_0|| = 1.32817
Setting time step: 0.33986803 in DGTransportTDO
Setting time step: 0.33986803 in CombinedOp
Setting time step: 0.33986803 in IonStaticPressureOp
norm(r_0) 0
norm(r_1) 0
norm(r_2) 0
norm(r_3) 6.0378615e-05
norm(r_4) 0
Newton iteration  0 : ||r|| = 6.03786e-05
   Pass :  1   Iteration :   0  ||B r|| = 0.000341391 ...
   Pass :  1   Iteration :  10  ||B r|| = 7.8868e-07
norm(r_0) 0
norm(r_1) 0
norm(r_2) 0
norm(r_3) 3.8206507e-06
norm(r_4) 0
Newton iteration  1 : ||r|| = 3.82065e-06, ||r||/||r_0|| = 0.0632782
Setting time step: 0.67973606 in DGTransportTDO
Setting time step: 0.67973606 in CombinedOp
Setting time step: 0.67973606 in IonStaticPressureOp
norm(r_0) 0
norm(r_1) 0
norm(r_2) 0
norm(r_3) 3.8207352e-06
norm(r_4) 0
Newton iteration  0 : ||r|| = 3.82074e-06
   Pass :  1   Iteration :   0  ||B r|| = 2.38435e-05 ...
   Pass :  1   Iteration :   2  ||B r|| = 9.42983e-07
norm(r_0) 0
norm(r_1) 0
norm(r_2) 0
norm(r_3) 5.4385908e-06
norm(r_4) 0
Newton iteration  1 : ||r|| = 5.43859e-06, ||r||/||r_0|| = 1.42344
Setting time step: 0.67973606 in DGTransportTDO
Setting time step: 0.67973606 in CombinedOp
Setting time step: 0.67973606 in IonStaticPressureOp
norm(r_0) 0
norm(r_1) 0
norm(r_2) 0
norm(r_3) 7.3758686e-06
norm(r_4) 0
Newton iteration  0 : ||r|| = 7.37587e-06
   Pass :  1   Iteration :   0  ||B r|| = 2.0981e-05 ...
   Pass :  1   Iteration :   1  ||B r|| = 6.62953e-07
norm(r_0) 0
norm(r_1) 0
norm(r_2) 0
norm(r_3) 5.829313e-06
norm(r_4) 0
Newton iteration  1 : ||r|| = 5.82931e-06, ||r||/||r_0|| = 0.790322
Setting time step: 0.67973606 in DGTransportTDO
Setting time step: 0.67973606 in CombinedOp
Setting time step: 0.67973606 in IonStaticPressureOp
norm(r_0) 0
norm(r_1) 0
norm(r_2) 0
norm(r_3) 8.1882813e-06
norm(r_4) 0
Newton iteration  0 : ||r|| = 8.18828e-06
   Pass :  1   Iteration :   0  ||B r|| = 9.91275e-06 ...
   Pass :  1   Iteration :   1  ||B r|| = 7.49375e-07
norm(r_0) 0
norm(r_1) 0
norm(r_2) 0
norm(r_3) 7.4085696e-06
norm(r_4) 0
Newton iteration  1 : ||r|| = 7.40857e-06, ||r||/||r_0|| = 0.904777
Setting time step: 0.67973606 in DGTransportTDO
Setting time step: 0.67973606 in CombinedOp
Setting time step: 0.67973606 in IonStaticPressureOp
norm(r_0) 0
norm(r_1) 0
norm(r_2) 0
norm(r_3) 6.5143611e-06
norm(r_4) 0
Newton iteration  0 : ||r|| = 6.51436e-06
   Pass :  1   Iteration :   0  ||B r|| = 3.791e-06 ...
   Pass :  1   Iteration :   1  ||B r|| = 9.48845e-07
norm(r_0) 0
norm(r_1) 0
norm(r_2) 0
norm(r_3) 6.4345835e-06
norm(r_4) 0
Newton iteration  1 : ||r|| = 6.43458e-06, ||r||/||r_0|| = 0.987754
Setting time step: 0.67973606 in DGTransportTDO
Setting time step: 0.67973606 in CombinedOp
Setting time step: 0.67973606 in IonStaticPressureOp
norm(r_0) 0
norm(r_1) 0
norm(r_2) 0
norm(r_3) 5.5912465e-05
norm(r_4) 0
Newton iteration  0 : ||r|| = 5.59125e-05
   Pass :  1   Iteration :   0  ||B r|| = 4.74797e-05 ...
   Pass :  1   Iteration :   3  ||B r|| = 6.38913e-07
norm(r_0) 0
norm(r_1) 0
norm(r_2) 0
norm(r_3) 3.9332523e-06
norm(r_4) 0
Newton iteration  1 : ||r|| = 3.93325e-06, ||r||/||r_0|| = 0.0703466
Setting time step: 1.3594721 in DGTransportTDO
Setting time step: 1.3594721 in CombinedOp
Setting time step: 1.3594721 in IonStaticPressureOp
norm(r_0) 0
norm(r_1) 0
norm(r_2) 0
norm(r_3) 3.9332414e-06
norm(r_4) 0
Newton iteration  0 : ||r|| = 3.93324e-06
   Pass :  1   Iteration :   0  ||B r|| = 6.7115e-07
norm(r_0) 0
norm(r_1) 0
norm(r_2) 0
norm(r_3) 3.9332414e-06
norm(r_4) 0
Newton iteration  1 : ||r|| = 3.93324e-06, ||r||/||r_0|| = 1
Setting time step: 1.3594721 in DGTransportTDO
Setting time step: 1.3594721 in CombinedOp
Setting time step: 1.3594721 in IonStaticPressureOp
norm(r_0) 0
norm(r_1) 0
norm(r_2) 0
norm(r_3) 3.9332414e-06
norm(r_4) 0
Newton iteration  0 : ||r|| = 3.93324e-06
   Pass :  1   Iteration :   0  ||B r|| = 6.7115e-07
norm(r_0) 0
norm(r_1) 0
norm(r_2) 0
norm(r_3) 3.9332414e-06
norm(r_4) 0
Newton iteration  1 : ||r|| = 3.93324e-06, ||r||/||r_0|| = 1
Setting time step: 1.3594721 in DGTransportTDO
Setting time step: 1.3594721 in CombinedOp
Setting time step: 1.3594721 in IonStaticPressureOp
norm(r_0) 0
norm(r_1) 0
norm(r_2) 0
norm(r_3) 3.9332414e-06
norm(r_4) 0
Newton iteration  0 : ||r|| = 3.93324e-06
   Pass :  1   Iteration :   0  ||B r|| = 6.7115e-07
norm(r_0) 0
norm(r_1) 0
norm(r_2) 0
norm(r_3) 3.9332414e-06
norm(r_4) 0
Newton iteration  1 : ||r|| = 3.93324e-06, ||r||/||r_0|| = 1
Setting time step: 1.3594721 in DGTransportTDO
Setting time step: 1.3594721 in CombinedOp
Setting time step: 1.3594721 in IonStaticPressureOp
norm(r_0) 0
norm(r_1) 0
norm(r_2) 0
norm(r_3) 3.9332414e-06
norm(r_4) 0
Newton iteration  0 : ||r|| = 3.93324e-06
   Pass :  1   Iteration :   0  ||B r|| = 6.7115e-07
norm(r_0) 0
norm(r_1) 0
norm(r_2) 0
norm(r_3) 3.9332414e-06
norm(r_4) 0
Newton iteration  1 : ||r|| = 3.93324e-06, ||r||/||r_0|| = 1
Setting time step: 1.3594721 in DGTransportTDO
Setting time step: 1.3594721 in CombinedOp
Setting time step: 1.3594721 in IonStaticPressureOp
norm(r_0) 0
norm(r_1) 0
norm(r_2) 0
norm(r_3) 3.9332414e-06
norm(r_4) 0
Newton iteration  0 : ||r|| = 3.93324e-06
   Pass :  1   Iteration :   0  ||B r|| = 6.7115e-07
norm(r_0) 0
norm(r_1) 0
norm(r_2) 0
norm(r_3) 3.9332414e-06
norm(r_4) 0
Newton iteration  1 : ||r|| = 3.93324e-06, ||r||/||r_0|| = 1
Time stepping paused at t = 11.089219
Steady State solution has been reached

Time stepping done after 20.484567s.
