10: Number of elements in parallel mesh: 4
10: Number of elements after parallel refinement: 4
11: Number of elements in parallel mesh: 4
11: Number of elements after parallel refinement: 4
Options used:
   --mesh ../../mfem/data/inline-quad.mesh
   --bc-file ../../mfem/miniapps/plasma/transport2d_bcs.inp
   --ic-file ../../mfem/miniapps/plasma/transport2d_ics.inp
   --ec-file /home/gz6/mfem-analysis/input-files/transport2d_ecs.inp
   --es-file ../../mfem/miniapps/plasma/transport2d_ess.inp
   --eqdsk-file 
   --logging 1
   --operator-test 8
   --equation-weights '1 1 1 1 1'
   --problem 0
   --refine-serial 1
   --refine-parallel 0
   --enable-amr
   --max-err -1
   --hysteresis 0.25
   --nc-limit 3
   --amr-weights '1 1 1 1 1'
   --order 2
   --dg-sigma -1
   --dg-kappa 9
   --linear-abs-tolerance 1e-06
   --linear-rel-tolerance 1e-06
   --linear-max-iterations 500
   --linear-logging-level 3
   --newton-abs-tolerance 1e-10
   --newton-rel-tolerance 1e-10
   --newton-max-iterations 1
   --newton-logging-level 1
   --steady-state-abs-tolerance 1e-08
   --steady-state-rel-tolerance 1e-08
   --prec-type 1
   --prec-logging-level 0
   --initial-tolerance 1e-05
   --ode-tolerance 0.001
   --ode-solver 2
   --err-per-step
   --ode-weights '1 1 1 1 1'
   --kP 0
   --kI 0.6
   --kD 0
   --theta-max 2
   --t-minimum 0
   --t-final 100
   --time-step 0.01
   --cfl-number 0.3
   --ion-charge 1
   --ion-mass 2.0141018
   --neutral-mass 2.0141018
   --neutral-temp 3
   --min-neutral-density 9e+14
   --max-neutral-density 1e+15
   --neutral-density-exp 0
   --min-ion-density 1e+16
   --max-ion-density 1e+18
   --ion-density-exp 0
   --min-ion-temp 1
   --max-ion-temp 10
   --ion-temp-exp 0
   --min-electron-temp 10
   --max-electron-temp 440
   --electron-temp-exp 0
   --total-B-magnitude 5
   --poloidal-B-magnitude 0.5
   --velocity 1000
   --Di-perp 1
   --Xi-perp 1
   --Xe-perp 1
   --equation-term-flags '-1 -1 -1 -1 -1'
   --visualization-flags '-1 -1 -1 -1 -1'
   --visualization
   --visit-datafiles
   --ascii-datafiles
   --visualization-steps 4
Device configuration: cpu
Memory configuration: host-std
Number of elements in initial mesh: 16
9: Number of elements in parallel mesh: 4
9: Number of elements after parallel refinement: 4
Number of elements after serial refinement: 64
1: Number of elements in parallel mesh: 4
1: Number of elements after parallel refinement: 4
3: Number of elements in parallel mesh: 4
3: Number of elements after parallel refinement: 4
0: Number of elements in parallel mesh: 4
0: Number of elements after parallel refinement: 4
12: Number of elements in parallel mesh: 4
12: Number of elements after parallel refinement: 4
13: Number of elements in parallel mesh: 4
13: Number of elements after parallel refinement: 4
14: Number of elements in parallel mesh: 4
14: Number of elements after parallel refinement: 4
15: Number of elements in parallel mesh: 4
15: Number of elements after parallel refinement: 4
4: Number of elements in parallel mesh: 4
4: Number of elements after parallel refinement: 4
5: Number of elements in parallel mesh: 4
5: Number of elements after parallel refinement: 4
7: Number of elements in parallel mesh: 4
7: Number of elements after parallel refinement: 4
8: Number of elements in parallel mesh: 4
8: Number of elements after parallel refinement: 4
2: Number of elements in parallel mesh: 4
2: Number of elements after parallel refinement: 4
6: Number of elements in parallel mesh: 4
6: Number of elements after parallel refinement: 4
Configuring initial conditions
Reading initial conditions from ../../mfem/miniapps/plasma/transport2d_ics.inp
Configuring exact solutions
Reading exact solutions from ../../mfem/miniapps/plasma/transport2d_ess.inp

AMR iteration 0
Number of unknowns: 576
Stopping criterion satisfied. Stop.
Number of unknowns per field: 576
Total number of unknowns:     2880
Configuring boundary conditions
Reading boundary conditions from ../../mfem/miniapps/plasma/transport2d_bcs.inp
Configuring equation coefficients
Reading equation coefficients from /home/gz6/mfem-analysis/input-files/transport2d_ecs.inp
|mn| = 3.3444946e-27
|ni| = 1
|ne| = 1

|Dn|     = -nan
|Di|     = -nan
|Eta|    = -nan
|nXi|    = -nan
|nXe|    = -nan

|Eta/mn| = -nan
|nXi/ni| = -nan
|nXe/ne| = -nan
Ion Static Pressure: Adding time derivative term proportional to d n_i / dt
Ion Static Pressure: Adding time derivative term proportional to d T_i / dt
Ion Static Pressure: Adding anisotropic diffusion term
Ion Static Pressure: Adding source term
Opening GLVis sockets.
Range of error estimates for initial condition: -nan < elem err < -nan

Begin time stepping at t = 0
Setting time step: 0.0025 in DGTransportTDO
Setting time step: 0.0025 in CombinedOp
Setting time step: 0.0025 in IonStaticPressureOp
norm(r_0) 0
norm(r_1) 0
norm(r_2) 0
norm(r_3) 0.43407982
norm(r_4) 0
Newton iteration  0 : ||r|| = 0.43408
   Pass :  1   Iteration :   0  ||B r|| = 107.336 ...
   Pass :  1   Iteration :  20  ||B r|| = 0.000102507
norm(r_0) 0
norm(r_1) 0
norm(r_2) 0
norm(r_3) 3.0526142e-05
norm(r_4) 0
Newton iteration  1 : ||r|| = 3.05261e-05, ||r||/||r_0|| = 7.03238e-05
Setting time step: 0.0025 in DGTransportTDO
Setting time step: 0.0025 in CombinedOp
Setting time step: 0.0025 in IonStaticPressureOp
norm(r_0) 0
norm(r_1) 0
norm(r_2) 0
norm(r_3) 0.40643372
norm(r_4) 0
Newton iteration  0 : ||r|| = 0.406434
   Pass :  1   Iteration :   0  ||B r|| = 100.5 ...
   Pass :  1   Iteration :  20  ||B r|| = 9.59304e-05
norm(r_0) 0
norm(r_1) 0
norm(r_2) 0
norm(r_3) 2.8569465e-05
norm(r_4) 0
Newton iteration  1 : ||r|| = 2.85695e-05, ||r||/||r_0|| = 7.0293e-05
Setting time step: 0.0025 in DGTransportTDO
Setting time step: 0.0025 in CombinedOp
Setting time step: 0.0025 in IonStaticPressureOp
norm(r_0) 0
norm(r_1) 0
norm(r_2) 0
norm(r_3) 0.41735251
norm(r_4) 0
Newton iteration  0 : ||r|| = 0.417353
   Pass :  1   Iteration :   0  ||B r|| = 103.2 ...
   Pass :  1   Iteration :  20  ||B r|| = 9.8523e-05
norm(r_0) 0
norm(r_1) 0
norm(r_2) 0
norm(r_3) 2.9341009e-05
norm(r_4) 0
Newton iteration  1 : ||r|| = 2.9341e-05, ||r||/||r_0|| = 7.03027e-05
Setting time step: 0.0025 in DGTransportTDO
Setting time step: 0.0025 in CombinedOp
Setting time step: 0.0025 in IonStaticPressureOp
norm(r_0) 0
norm(r_1) 0
norm(r_2) 0
norm(r_3) 0.42013903
norm(r_4) 0
Newton iteration  0 : ||r|| = 0.420139
   Pass :  1   Iteration :   0  ||B r|| = 103.889 ...
   Pass :  1   Iteration :  20  ||B r|| = 9.91871e-05
norm(r_0) 0
norm(r_1) 0
norm(r_2) 0
norm(r_3) 2.9538528e-05
norm(r_4) 0
Newton iteration  1 : ||r|| = 2.95385e-05, ||r||/||r_0|| = 7.03066e-05
Setting time step: 0.0025 in DGTransportTDO
Setting time step: 0.0025 in CombinedOp
Setting time step: 0.0025 in IonStaticPressureOp
norm(r_0) 0
norm(r_1) 0
norm(r_2) 0
norm(r_3) 0.39306649
norm(r_4) 0
Newton iteration  0 : ||r|| = 0.393066
   Pass :  1   Iteration :   0  ||B r|| = 97.1997 ...
   Pass :  1   Iteration :  20  ||B r|| = 9.28031e-05
norm(r_0) 0
norm(r_1) 0
norm(r_2) 0
norm(r_3) 2.7637008e-05
norm(r_4) 0
Newton iteration  1 : ||r|| = 2.7637e-05, ||r||/||r_0|| = 7.03113e-05
Setting time step: 0.005 in DGTransportTDO
Setting time step: 0.005 in CombinedOp
Setting time step: 0.005 in IonStaticPressureOp
norm(r_0) 0
norm(r_1) 0
norm(r_2) 0
norm(r_3) 0.38055537
norm(r_4) 0
Newton iteration  0 : ||r|| = 0.380555
   Pass :  1   Iteration :   0  ||B r|| = 80.4493 ...
   Pass :  1   Iteration :  23  ||B r|| = 4.84842e-05
norm(r_0) 0
norm(r_1) 0
norm(r_2) 0
norm(r_3) 2.6045379e-05
norm(r_4) 0
Newton iteration  1 : ||r|| = 2.60454e-05, ||r||/||r_0|| = 6.84404e-05
Setting time step: 0.005 in DGTransportTDO
Setting time step: 0.005 in CombinedOp
Setting time step: 0.005 in IonStaticPressureOp
norm(r_0) 0
norm(r_1) 0
norm(r_2) 0
norm(r_3) 0.33356316
norm(r_4) 0
Newton iteration  0 : ||r|| = 0.333563
   Pass :  1   Iteration :   0  ||B r|| = 70.5172 ...
   Pass :  1   Iteration :  23  ||B r|| = 4.24928e-05
norm(r_0) 0
norm(r_1) 0
norm(r_2) 0
norm(r_3) 2.2827478e-05
norm(r_4) 0
Newton iteration  1 : ||r|| = 2.28275e-05, ||r||/||r_0|| = 6.84352e-05
Setting time step: 0.005 in DGTransportTDO
Setting time step: 0.005 in CombinedOp
Setting time step: 0.005 in IonStaticPressureOp
norm(r_0) 0
norm(r_1) 0
norm(r_2) 0
norm(r_3) 0.35189568
norm(r_4) 0
Newton iteration  0 : ||r|| = 0.351896
   Pass :  1   Iteration :   0  ||B r|| = 74.392 ...
   Pass :  1   Iteration :  23  ||B r|| = 4.48299e-05
norm(r_0) 0
norm(r_1) 0
norm(r_2) 0
norm(r_3) 2.4082736e-05
norm(r_4) 0
Newton iteration  1 : ||r|| = 2.40827e-05, ||r||/||r_0|| = 6.84371e-05
Setting time step: 0.005 in DGTransportTDO
Setting time step: 0.005 in CombinedOp
Setting time step: 0.005 in IonStaticPressureOp
norm(r_0) 0
norm(r_1) 0
norm(r_2) 0
norm(r_3) 0.35666978
norm(r_4) 0
Newton iteration  0 : ||r|| = 0.35667
   Pass :  1   Iteration :   0  ||B r|| = 75.401 ...
   Pass :  1   Iteration :  23  ||B r|| = 4.54386e-05
norm(r_0) 0
norm(r_1) 0
norm(r_2) 0
norm(r_3) 2.4409676e-05
norm(r_4) 0
Newton iteration  1 : ||r|| = 2.44097e-05, ||r||/||r_0|| = 6.84377e-05
Setting time step: 0.005 in DGTransportTDO
Setting time step: 0.005 in CombinedOp
Setting time step: 0.005 in IonStaticPressureOp
norm(r_0) 0
norm(r_1) 0
norm(r_2) 0
norm(r_3) 0.31173443
norm(r_4) 0
Newton iteration  0 : ||r|| = 0.311734
   Pass :  1   Iteration :   0  ||B r|| = 65.9026 ...
   Pass :  1   Iteration :  23  ||B r|| = 3.97116e-05
norm(r_0) 0
norm(r_1) 0
norm(r_2) 0
norm(r_3) 2.1333499e-05
norm(r_4) 0
Newton iteration  1 : ||r|| = 2.13335e-05, ||r||/||r_0|| = 6.84348e-05
Setting time step: 0.01 in DGTransportTDO
Setting time step: 0.01 in CombinedOp
Setting time step: 0.01 in IonStaticPressureOp
norm(r_0) 0
norm(r_1) 0
norm(r_2) 0
norm(r_3) 0.29248678
norm(r_4) 0
Newton iteration  0 : ||r|| = 0.292487
   Pass :  1   Iteration :   0  ||B r|| = 50.1167 ...
   Pass :  1   Iteration :  25  ||B r|| = 2.78984e-05
norm(r_0) 0
norm(r_1) 0
norm(r_2) 0
norm(r_3) 2.7563188e-05
norm(r_4) 0
Newton iteration  1 : ||r|| = 2.75632e-05, ||r||/||r_0|| = 9.42374e-05
Setting time step: 0.01 in DGTransportTDO
Setting time step: 0.01 in CombinedOp
Setting time step: 0.01 in IonStaticPressureOp
norm(r_0) 0
norm(r_1) 0
norm(r_2) 0
norm(r_3) 0.22445437
norm(r_4) 0
Newton iteration  0 : ||r|| = 0.224454
   Pass :  1   Iteration :   0  ||B r|| = 38.4601 ...
   Pass :  1   Iteration :  25  ||B r|| = 2.14088e-05
norm(r_0) 0
norm(r_1) 0
norm(r_2) 0
norm(r_3) 2.1151264e-05
norm(r_4) 0
Newton iteration  1 : ||r|| = 2.11513e-05, ||r||/||r_0|| = 9.42341e-05
Setting time step: 0.01 in DGTransportTDO
Setting time step: 0.01 in CombinedOp
Setting time step: 0.01 in IonStaticPressureOp
norm(r_0) 0
norm(r_1) 0
norm(r_2) 0
norm(r_3) 0.25040141
norm(r_4) 0
Newton iteration  0 : ||r|| = 0.250401
   Pass :  1   Iteration :   0  ||B r|| = 42.9058 ...
   Pass :  1   Iteration :  25  ||B r|| = 2.38839e-05
norm(r_0) 0
norm(r_1) 0
norm(r_2) 0
norm(r_3) 2.359667e-05
norm(r_4) 0
Newton iteration  1 : ||r|| = 2.35967e-05, ||r||/||r_0|| = 9.42354e-05
Setting time step: 0.01 in DGTransportTDO
Setting time step: 0.01 in CombinedOp
Setting time step: 0.01 in IonStaticPressureOp
norm(r_0) 0
norm(r_1) 0
norm(r_2) 0
norm(r_3) 0.25741636
norm(r_4) 0
Newton iteration  0 : ||r|| = 0.257416
   Pass :  1   Iteration :   0  ||B r|| = 44.1078 ...
   Pass :  1   Iteration :  25  ||B r|| = 2.4553e-05
norm(r_0) 0
norm(r_1) 0
norm(r_2) 0
norm(r_3) 2.4257827e-05
norm(r_4) 0
Newton iteration  1 : ||r|| = 2.42578e-05, ||r||/||r_0|| = 9.42358e-05
Setting time step: 0.01 in DGTransportTDO
Setting time step: 0.01 in CombinedOp
Setting time step: 0.01 in IonStaticPressureOp
norm(r_0) 0
norm(r_1) 0
norm(r_2) 0
norm(r_3) 0.19552097
norm(r_4) 0
Newton iteration  0 : ||r|| = 0.195521
   Pass :  1   Iteration :   0  ||B r|| = 33.5024 ...
   Pass :  1   Iteration :  25  ||B r|| = 1.86489e-05
norm(r_0) 0
norm(r_1) 0
norm(r_2) 0
norm(r_3) 1.8424809e-05
norm(r_4) 0
Newton iteration  1 : ||r|| = 1.84248e-05, ||r||/||r_0|| = 9.42344e-05
Setting time step: 0.02 in DGTransportTDO
Setting time step: 0.02 in CombinedOp
Setting time step: 0.02 in IonStaticPressureOp
norm(r_0) 0
norm(r_1) 0
norm(r_2) 0
norm(r_3) 0.17278199
norm(r_4) 0
Newton iteration  0 : ||r|| = 0.172782
   Pass :  1   Iteration :   0  ||B r|| = 21.2923 ...
   Pass :  1   Iteration :  26  ||B r|| = 1.48806e-05
norm(r_0) 0
norm(r_1) 0
norm(r_2) 0
norm(r_3) 4.3705068e-05
norm(r_4) 0
Newton iteration  1 : ||r|| = 4.37051e-05, ||r||/||r_0|| = 0.000252949
Setting time step: 0.02 in DGTransportTDO
Setting time step: 0.02 in CombinedOp
Setting time step: 0.02 in IonStaticPressureOp
norm(r_0) 0
norm(r_1) 0
norm(r_2) 0
norm(r_3) 0.10077832
norm(r_4) 0
Newton iteration  0 : ||r|| = 0.100778
   Pass :  1   Iteration :   0  ||B r|| = 12.4191 ...
   Pass :  1   Iteration :  26  ||B r|| = 8.67973e-06
norm(r_0) 0
norm(r_1) 0
norm(r_2) 0
norm(r_3) 2.5493284e-05
norm(r_4) 0
Newton iteration  1 : ||r|| = 2.54933e-05, ||r||/||r_0|| = 0.000252964
Setting time step: 0.02 in DGTransportTDO
Setting time step: 0.02 in CombinedOp
Setting time step: 0.02 in IonStaticPressureOp
norm(r_0) 0
norm(r_1) 0
norm(r_2) 0
norm(r_3) 0.12717934
norm(r_4) 0
Newton iteration  0 : ||r|| = 0.127179
   Pass :  1   Iteration :   0  ||B r|| = 15.6725 ...
   Pass :  1   Iteration :  26  ||B r|| = 1.09534e-05
norm(r_0) 0
norm(r_1) 0
norm(r_2) 0
norm(r_3) 3.217108e-05
norm(r_4) 0
Newton iteration  1 : ||r|| = 3.21711e-05, ||r||/||r_0|| = 0.000252958
Setting time step: 0.02 in DGTransportTDO
Setting time step: 0.02 in CombinedOp
Setting time step: 0.02 in IonStaticPressureOp
norm(r_0) 0
norm(r_1) 0
norm(r_2) 0
norm(r_3) 0.13480552
norm(r_4) 0
Newton iteration  0 : ||r|| = 0.134806
   Pass :  1   Iteration :   0  ||B r|| = 16.6123 ...
   Pass :  1   Iteration :  26  ||B r|| = 1.16101e-05
norm(r_0) 0
norm(r_1) 0
norm(r_2) 0
norm(r_3) 3.4099897e-05
norm(r_4) 0
Newton iteration  1 : ||r|| = 3.40999e-05, ||r||/||r_0|| = 0.000252956
Setting time step: 0.02 in DGTransportTDO
Setting time step: 0.02 in CombinedOp
Setting time step: 0.02 in IonStaticPressureOp
norm(r_0) 0
norm(r_1) 0
norm(r_2) 0
norm(r_3) 0.076249971
norm(r_4) 0
Newton iteration  0 : ||r|| = 0.07625
   Pass :  1   Iteration :   0  ||B r|| = 9.39656 ...
   Pass :  1   Iteration :  26  ||B r|| = 6.56661e-06
norm(r_0) 0
norm(r_1) 0
norm(r_2) 0
norm(r_3) 1.9286005e-05
norm(r_4) 0
Newton iteration  1 : ||r|| = 1.9286e-05, ||r||/||r_0|| = 0.000252931
Time stepping paused at t = 0.15

Estimating errors.
No refinements necessary.
No derefinements needed.

AMR iteration 1
Number of unknowns: 576
Setting time step: 0.019722836 in DGTransportTDO
Setting time step: 0.019722836 in CombinedOp
Setting time step: 0.019722836 in IonStaticPressureOp
norm(r_0) 0
norm(r_1) 0
norm(r_2) 0
norm(r_3) 0.060362385
norm(r_4) 0
Newton iteration  0 : ||r|| = 0.0603624
   Pass :  1   Iteration :   0  ||B r|| = 7.49805 ...
   Pass :  1   Iteration :  26  ||B r|| = 5.14044e-06
norm(r_0) 0
norm(r_1) 0
norm(r_2) 0
norm(r_3) 1.486176e-05
norm(r_4) 0
Newton iteration  1 : ||r|| = 1.48618e-05, ||r||/||r_0|| = 0.000246209
Setting time step: 0.019722836 in DGTransportTDO
Setting time step: 0.019722836 in CombinedOp
Setting time step: 0.019722836 in IonStaticPressureOp
norm(r_0) 0
norm(r_1) 0
norm(r_2) 0
norm(r_3) 0.035484099
norm(r_4) 0
Newton iteration  0 : ||r|| = 0.0354841
   Pass :  1   Iteration :   0  ||B r|| = 4.40773 ...
   Pass :  1   Iteration :  26  ||B r|| = 3.02185e-06
norm(r_0) 0
norm(r_1) 0
norm(r_2) 0
norm(r_3) 8.736608e-06
norm(r_4) 0
Newton iteration  1 : ||r|| = 8.73661e-06, ||r||/||r_0|| = 0.000246212
Setting time step: 0.019722836 in DGTransportTDO
Setting time step: 0.019722836 in CombinedOp
Setting time step: 0.019722836 in IonStaticPressureOp
norm(r_0) 0
norm(r_1) 0
norm(r_2) 0
norm(r_3) 0.04461513
norm(r_4) 0
Newton iteration  0 : ||r|| = 0.0446151
   Pass :  1   Iteration :   0  ||B r|| = 5.54196 ...
   Pass :  1   Iteration :  26  ||B r|| = 3.79944e-06
norm(r_0) 0
norm(r_1) 0
norm(r_2) 0
norm(r_3) 1.0984726e-05
norm(r_4) 0
Newton iteration  1 : ||r|| = 1.09847e-05, ||r||/||r_0|| = 0.000246211
Setting time step: 0.019722836 in DGTransportTDO
Setting time step: 0.019722836 in CombinedOp
Setting time step: 0.019722836 in IonStaticPressureOp
norm(r_0) 0
norm(r_1) 0
norm(r_2) 0
norm(r_3) 0.047248264
norm(r_4) 0
Newton iteration  0 : ||r|| = 0.0472483
   Pass :  1   Iteration :   0  ||B r|| = 5.86904 ...
   Pass :  1   Iteration :  26  ||B r|| = 4.02367e-06
norm(r_0) 0
norm(r_1) 0
norm(r_2) 0
norm(r_3) 1.1633012e-05
norm(r_4) 0
Newton iteration  1 : ||r|| = 1.1633e-05, ||r||/||r_0|| = 0.00024621
Setting time step: 0.019722836 in DGTransportTDO
Setting time step: 0.019722836 in CombinedOp
Setting time step: 0.019722836 in IonStaticPressureOp
norm(r_0) 0
norm(r_1) 0
norm(r_2) 0
norm(r_3) 0.026949767
norm(r_4) 0
Newton iteration  0 : ||r|| = 0.0269498
   Pass :  1   Iteration :   0  ||B r|| = 3.34763 ...
   Pass :  1   Iteration :  26  ||B r|| = 2.29501e-06
norm(r_0) 0
norm(r_1) 0
norm(r_2) 0
norm(r_3) 6.6352041e-06
norm(r_4) 0
Newton iteration  1 : ||r|| = 6.6352e-06, ||r||/||r_0|| = 0.000246206
Setting time step: 0.038638073 in DGTransportTDO
Setting time step: 0.038638073 in CombinedOp
Setting time step: 0.038638073 in IonStaticPressureOp
norm(r_0) 0
norm(r_1) 0
norm(r_2) 0
norm(r_3) 0.021396116
norm(r_4) 0
Newton iteration  0 : ||r|| = 0.0213961
   Pass :  1   Iteration :   0  ||B r|| = 1.71508 ...
   Pass :  1   Iteration :  27  ||B r|| = 1.47399e-06
norm(r_0) 0
norm(r_1) 0
norm(r_2) 0
norm(r_3) 6.4942469e-06
norm(r_4) 0
Newton iteration  1 : ||r|| = 6.49425e-06, ||r||/||r_0|| = 0.000303525
Setting time step: 0.038638073 in DGTransportTDO
Setting time step: 0.038638073 in CombinedOp
Setting time step: 0.038638073 in IonStaticPressureOp
norm(r_0) 0
norm(r_1) 0
norm(r_2) 0
norm(r_3) 0.0069711574
norm(r_4) 0
Newton iteration  0 : ||r|| = 0.00697116
   Pass :  1   Iteration :   0  ||B r|| = 0.558804 ...
   Pass :  1   Iteration :  26  ||B r|| = 7.96183e-07
norm(r_0) 0
norm(r_1) 0
norm(r_2) 0
norm(r_3) 4.7180228e-06
norm(r_4) 0
Newton iteration  1 : ||r|| = 4.71802e-06, ||r||/||r_0|| = 0.000676792
Setting time step: 0.038638073 in DGTransportTDO
Setting time step: 0.038638073 in CombinedOp
Setting time step: 0.038638073 in IonStaticPressureOp
norm(r_0) 0
norm(r_1) 0
norm(r_2) 0
norm(r_3) 0.011963103
norm(r_4) 0
Newton iteration  0 : ||r|| = 0.0119631
   Pass :  1   Iteration :   0  ||B r|| = 0.95895 ...
   Pass :  1   Iteration :  27  ||B r|| = 8.24297e-07
norm(r_0) 0
norm(r_1) 0
norm(r_2) 0
norm(r_3) 3.6316131e-06
norm(r_4) 0
Newton iteration  1 : ||r|| = 3.63161e-06, ||r||/||r_0|| = 0.000303568
Setting time step: 0.038638073 in DGTransportTDO
Setting time step: 0.038638073 in CombinedOp
Setting time step: 0.038638073 in IonStaticPressureOp
norm(r_0) 0
norm(r_1) 0
norm(r_2) 0
norm(r_3) 0.013554663
norm(r_4) 0
Newton iteration  0 : ||r|| = 0.0135547
   Pass :  1   Iteration :   0  ||B r|| = 1.08653 ...
   Pass :  1   Iteration :  27  ||B r|| = 9.3391e-07
norm(r_0) 0
norm(r_1) 0
norm(r_2) 0
norm(r_3) 4.1145867e-06
norm(r_4) 0
Newton iteration  1 : ||r|| = 4.11459e-06, ||r||/||r_0|| = 0.000303555
Setting time step: 0.038638073 in DGTransportTDO
Setting time step: 0.038638073 in CombinedOp
Setting time step: 0.038638073 in IonStaticPressureOp
norm(r_0) 0
norm(r_1) 0
norm(r_2) 0
norm(r_3) 0.0043788119
norm(r_4) 0
Newton iteration  0 : ||r|| = 0.00437881
   Pass :  1   Iteration :   0  ||B r|| = 0.350997 ...
   Pass :  1   Iteration :  26  ||B r|| = 4.99285e-07
norm(r_0) 0
norm(r_1) 0
norm(r_2) 0
norm(r_3) 2.9583975e-06
norm(r_4) 0
Newton iteration  1 : ||r|| = 2.9584e-06, ||r||/||r_0|| = 0.000675616
Setting time step: 0.042548526 in DGTransportTDO
Setting time step: 0.042548526 in CombinedOp
Setting time step: 0.042548526 in IonStaticPressureOp
norm(r_0) 0
norm(r_1) 0
norm(r_2) 0
norm(r_3) 0.0029026632
norm(r_4) 0
Newton iteration  0 : ||r|| = 0.00290266
   Pass :  1   Iteration :   0  ||B r|| = 0.216702 ...
   Pass :  1   Iteration :  23  ||B r|| = 9.54275e-07
norm(r_0) 0
norm(r_1) 0
norm(r_2) 0
norm(r_3) 3.8134708e-06
norm(r_4) 0
Newton iteration  1 : ||r|| = 3.81347e-06, ||r||/||r_0|| = 0.00131378
Setting time step: 0.042548526 in DGTransportTDO
Setting time step: 0.042548526 in CombinedOp
Setting time step: 0.042548526 in IonStaticPressureOp
norm(r_0) 0
norm(r_1) 0
norm(r_2) 0
norm(r_3) 0.00081880459
norm(r_4) 0
Newton iteration  0 : ||r|| = 0.000818805
   Pass :  1   Iteration :   0  ||B r|| = 0.0611255 ...
   Pass :  1   Iteration :  20  ||B r|| = 7.48877e-07
norm(r_0) 0
norm(r_1) 0
norm(r_2) 0
norm(r_3) 2.9261557e-06
norm(r_4) 0
Newton iteration  1 : ||r|| = 2.92616e-06, ||r||/||r_0|| = 0.00357369
Setting time step: 0.042548526 in DGTransportTDO
Setting time step: 0.042548526 in CombinedOp
Setting time step: 0.042548526 in IonStaticPressureOp
norm(r_0) 0
norm(r_1) 0
norm(r_2) 0
norm(r_3) 0.0015326432
norm(r_4) 0
Newton iteration  0 : ||r|| = 0.00153264
   Pass :  1   Iteration :   0  ||B r|| = 0.114421 ...
   Pass :  1   Iteration :  22  ||B r|| = 7.09001e-07
norm(r_0) 0
norm(r_1) 0
norm(r_2) 0
norm(r_3) 2.6911349e-06
norm(r_4) 0
Newton iteration  1 : ||r|| = 2.69113e-06, ||r||/||r_0|| = 0.00175588
Setting time step: 0.042548526 in DGTransportTDO
Setting time step: 0.042548526 in CombinedOp
Setting time step: 0.042548526 in IonStaticPressureOp
norm(r_0) 0
norm(r_1) 0
norm(r_2) 0
norm(r_3) 0.0017642489
norm(r_4) 0
Newton iteration  0 : ||r|| = 0.00176425
   Pass :  1   Iteration :   0  ||B r|| = 0.131712 ...
   Pass :  1   Iteration :  22  ||B r|| = 8.13936e-07
norm(r_0) 0
norm(r_1) 0
norm(r_2) 0
norm(r_3) 3.0899127e-06
norm(r_4) 0
Newton iteration  1 : ||r|| = 3.08991e-06, ||r||/||r_0|| = 0.0017514
Setting time step: 0.042548526 in DGTransportTDO
Setting time step: 0.042548526 in CombinedOp
Setting time step: 0.042548526 in IonStaticPressureOp
norm(r_0) 0
norm(r_1) 0
norm(r_2) 0
norm(r_3) 0.00051251833
norm(r_4) 0
Newton iteration  0 : ||r|| = 0.000512518
   Pass :  1   Iteration :   0  ||B r|| = 0.0382563 ...
   Pass :  1   Iteration :  19  ||B r|| = 7.43445e-07
norm(r_0) 0
norm(r_1) 0
norm(r_2) 0
norm(r_3) 2.8513452e-06
norm(r_4) 0
Newton iteration  1 : ||r|| = 2.85135e-06, ||r||/||r_0|| = 0.0055634
Setting time step: 0.085097052 in DGTransportTDO
Setting time step: 0.085097052 in CombinedOp
Setting time step: 0.085097052 in IonStaticPressureOp
norm(r_0) 0
norm(r_1) 0
norm(r_2) 0
norm(r_3) 0.0003284213
norm(r_4) 0
Newton iteration  0 : ||r|| = 0.000328421
   Pass :  1   Iteration :   0  ||B r|| = 0.014016 ...
   Pass :  1   Iteration :  18  ||B r|| = 8.13601e-07
norm(r_0) 0
norm(r_1) 0
norm(r_2) 0
norm(r_3) 5.726221e-06
norm(r_4) 0
Newton iteration  1 : ||r|| = 5.72622e-06, ||r||/||r_0|| = 0.0174356
Setting time step: 0.085097052 in DGTransportTDO
Setting time step: 0.085097052 in CombinedOp
Setting time step: 0.085097052 in IonStaticPressureOp
norm(r_0) 0
norm(r_1) 0
norm(r_2) 0
norm(r_3) 2.2473794e-05
norm(r_4) 0
Newton iteration  0 : ||r|| = 2.24738e-05
   Pass :  1   Iteration :   0  ||B r|| = 0.000790493 ...
   Pass :  1   Iteration :  11  ||B r|| = 8.09006e-07
norm(r_0) 0
norm(r_1) 0
norm(r_2) 0
norm(r_3) 6.7783909e-06
norm(r_4) 0
Newton iteration  1 : ||r|| = 6.77839e-06, ||r||/||r_0|| = 0.301613
Setting time step: 0.085097052 in DGTransportTDO
Setting time step: 0.085097052 in CombinedOp
Setting time step: 0.085097052 in IonStaticPressureOp
norm(r_0) 0
norm(r_1) 0
norm(r_2) 0
norm(r_3) 9.1434262e-05
norm(r_4) 0
Newton iteration  0 : ||r|| = 9.14343e-05
   Pass :  1   Iteration :   0  ||B r|| = 0.00388109 ...
   Pass :  1   Iteration :  14  ||B r|| = 8.857e-07
norm(r_0) 0
norm(r_1) 0
norm(r_2) 0
norm(r_3) 6.880691e-06
norm(r_4) 0
Newton iteration  1 : ||r|| = 6.88069e-06, ||r||/||r_0|| = 0.0752529
Setting time step: 0.085097052 in DGTransportTDO
Setting time step: 0.085097052 in CombinedOp
Setting time step: 0.085097052 in IonStaticPressureOp
norm(r_0) 0
norm(r_1) 0
norm(r_2) 0
norm(r_3) 0.0001320475
norm(r_4) 0
Newton iteration  0 : ||r|| = 0.000132048
   Pass :  1   Iteration :   0  ||B r|| = 0.00562778 ...
   Pass :  1   Iteration :  15  ||B r|| = 9.25652e-07
norm(r_0) 0
norm(r_1) 0
norm(r_2) 0
norm(r_3) 6.988142e-06
norm(r_4) 0
Newton iteration  1 : ||r|| = 6.98814e-06, ||r||/||r_0|| = 0.0529214
Setting time step: 0.085097052 in DGTransportTDO
Setting time step: 0.085097052 in CombinedOp
Setting time step: 0.085097052 in IonStaticPressureOp
norm(r_0) 0
norm(r_1) 0
norm(r_2) 0
norm(r_3) 0.00028917736
norm(r_4) 0
Newton iteration  0 : ||r|| = 0.000289177
   Pass :  1   Iteration :   0  ||B r|| = 0.00161227 ...
   Pass :  1   Iteration :  12  ||B r|| = 9.20363e-07
norm(r_0) 0
norm(r_1) 0
norm(r_2) 0
norm(r_3) 6.9905033e-06
norm(r_4) 0
Newton iteration  1 : ||r|| = 6.9905e-06, ||r||/||r_0|| = 0.0241738
Time stepping paused at t = 0.89402594

Estimating errors.
No refinements necessary.
No derefinements needed.

AMR iteration 2
Number of unknowns: 576
Setting time step: 0.1701941 in DGTransportTDO
Setting time step: 0.1701941 in CombinedOp
Setting time step: 0.1701941 in IonStaticPressureOp
norm(r_0) 0
norm(r_1) 0
norm(r_2) 0
norm(r_3) 1.9522236e-05
norm(r_4) 0
Newton iteration  0 : ||r|| = 1.95222e-05
   Pass :  1   Iteration :   0  ||B r|| = 0.000415687 ...
   Pass :  1   Iteration :  10  ||B r|| = 9.68359e-07
norm(r_0) 0
norm(r_1) 0
norm(r_2) 0
norm(r_3) 1.285059e-05
norm(r_4) 0
Newton iteration  1 : ||r|| = 1.28506e-05, ||r||/||r_0|| = 0.658254
Setting time step: 0.1701941 in DGTransportTDO
Setting time step: 0.1701941 in CombinedOp
Setting time step: 0.1701941 in IonStaticPressureOp
norm(r_0) 0
norm(r_1) 0
norm(r_2) 0
norm(r_3) 2.4656391e-05
norm(r_4) 0
Newton iteration  0 : ||r|| = 2.46564e-05
   Pass :  1   Iteration :   0  ||B r|| = 0.000158866 ...
   Pass :  1   Iteration :   8  ||B r|| = 8.63152e-07
norm(r_0) 0
norm(r_1) 0
norm(r_2) 0
norm(r_3) 1.3331464e-05
norm(r_4) 0
Newton iteration  1 : ||r|| = 1.33315e-05, ||r||/||r_0|| = 0.54069
Setting time step: 0.1701941 in DGTransportTDO
Setting time step: 0.1701941 in CombinedOp
Setting time step: 0.1701941 in IonStaticPressureOp
norm(r_0) 0
norm(r_1) 0
norm(r_2) 0
norm(r_3) 2.0621775e-05
norm(r_4) 0
Newton iteration  0 : ||r|| = 2.06218e-05
   Pass :  1   Iteration :   0  ||B r|| = 7.5897e-06 ...
   Pass :  1   Iteration :   2  ||B r|| = 8.66017e-07
norm(r_0) 0
norm(r_1) 0
norm(r_2) 0
norm(r_3) 8.0376882e-06
norm(r_4) 0
Newton iteration  1 : ||r|| = 8.03769e-06, ||r||/||r_0|| = 0.389767
Setting time step: 0.1701941 in DGTransportTDO
Setting time step: 0.1701941 in CombinedOp
Setting time step: 0.1701941 in IonStaticPressureOp
norm(r_0) 0
norm(r_1) 0
norm(r_2) 0
norm(r_3) 1.7138336e-05
norm(r_4) 0
Newton iteration  0 : ||r|| = 1.71383e-05
   Pass :  1   Iteration :   0  ||B r|| = 7.94571e-05 ...
   Pass :  1   Iteration :   6  ||B r|| = 8.87356e-07
norm(r_0) 0
norm(r_1) 0
norm(r_2) 0
norm(r_3) 1.6319462e-05
norm(r_4) 0
Newton iteration  1 : ||r|| = 1.63195e-05, ||r||/||r_0|| = 0.95222
Setting time step: 0.1701941 in DGTransportTDO
Setting time step: 0.1701941 in CombinedOp
Setting time step: 0.1701941 in IonStaticPressureOp
norm(r_0) 0
norm(r_1) 0
norm(r_2) 0
norm(r_3) 0.00051136406
norm(r_4) 0
Newton iteration  0 : ||r|| = 0.000511364
   Pass :  1   Iteration :   0  ||B r|| = 0.000161165 ...
   Pass :  1   Iteration :  12  ||B r|| = 7.36002e-07
norm(r_0) 0
norm(r_1) 0
norm(r_2) 0
norm(r_3) 1.0971056e-05
norm(r_4) 0
Newton iteration  1 : ||r|| = 1.09711e-05, ||r||/||r_0|| = 0.0214545
Setting time step: 0.34038821 in DGTransportTDO
Setting time step: 0.34038821 in CombinedOp
Setting time step: 0.34038821 in IonStaticPressureOp
norm(r_0) 0
norm(r_1) 0
norm(r_2) 0
norm(r_3) 1.1262097e-05
norm(r_4) 0
Newton iteration  0 : ||r|| = 1.12621e-05
   Pass :  1   Iteration :   0  ||B r|| = 2.9618e-05 ...
   Pass :  1   Iteration :   5  ||B r|| = 6.15524e-07
norm(r_0) 0
norm(r_1) 0
norm(r_2) 0
norm(r_3) 1.3303773e-05
norm(r_4) 0
Newton iteration  1 : ||r|| = 1.33038e-05, ||r||/||r_0|| = 1.18129
Setting time step: 0.34038821 in DGTransportTDO
Setting time step: 0.34038821 in CombinedOp
Setting time step: 0.34038821 in IonStaticPressureOp
norm(r_0) 0
norm(r_1) 0
norm(r_2) 0
norm(r_3) 2.6187332e-05
norm(r_4) 0
Newton iteration  0 : ||r|| = 2.61873e-05
   Pass :  1   Iteration :   0  ||B r|| = 1.97891e-05 ...
   Pass :  1   Iteration :   2  ||B r|| = 9.11895e-07
norm(r_0) 0
norm(r_1) 0
norm(r_2) 0
norm(r_3) 1.8349836e-05
norm(r_4) 0
Newton iteration  1 : ||r|| = 1.83498e-05, ||r||/||r_0|| = 0.700714
Setting time step: 0.34038821 in DGTransportTDO
Setting time step: 0.34038821 in CombinedOp
Setting time step: 0.34038821 in IonStaticPressureOp
norm(r_0) 0
norm(r_1) 0
norm(r_2) 0
norm(r_3) 2.1972707e-05
norm(r_4) 0
Newton iteration  0 : ||r|| = 2.19727e-05
   Pass :  1   Iteration :   0  ||B r|| = 6.85275e-06 ...
   Pass :  1   Iteration :   1  ||B r|| = 8.89643e-07
norm(r_0) 0
norm(r_1) 0
norm(r_2) 0
norm(r_3) 1.3287049e-05
norm(r_4) 0
Newton iteration  1 : ||r|| = 1.3287e-05, ||r||/||r_0|| = 0.604707
Setting time step: 0.34038821 in DGTransportTDO
Setting time step: 0.34038821 in CombinedOp
Setting time step: 0.34038821 in IonStaticPressureOp
norm(r_0) 0
norm(r_1) 0
norm(r_2) 0
norm(r_3) 1.7619707e-05
norm(r_4) 0
Newton iteration  0 : ||r|| = 1.76197e-05
   Pass :  1   Iteration :   0  ||B r|| = 7.95536e-07
norm(r_0) 0
norm(r_1) 0
norm(r_2) 0
norm(r_3) 1.7619707e-05
norm(r_4) 0
Newton iteration  1 : ||r|| = 1.76197e-05, ||r||/||r_0|| = 1
Setting time step: 0.34038821 in DGTransportTDO
Setting time step: 0.34038821 in CombinedOp
Setting time step: 0.34038821 in IonStaticPressureOp
norm(r_0) 0
norm(r_1) 0
norm(r_2) 0
norm(r_3) 0.00063053465
norm(r_4) 0
Newton iteration  0 : ||r|| = 0.000630535
   Pass :  1   Iteration :   0  ||B r|| = 5.67429e-05 ...
   Pass :  1   Iteration :   7  ||B r|| = 8.0546e-07
norm(r_0) 0
norm(r_1) 0
norm(r_2) 0
norm(r_3) 2.0737837e-05
norm(r_4) 0
Newton iteration  1 : ||r|| = 2.07378e-05, ||r||/||r_0|| = 0.0328893
Setting time step: 0.68077641 in DGTransportTDO
Setting time step: 0.68077641 in CombinedOp
Setting time step: 0.68077641 in IonStaticPressureOp
norm(r_0) 0
norm(r_1) 0
norm(r_2) 0
norm(r_3) 2.0749669e-05
norm(r_4) 0
Newton iteration  0 : ||r|| = 2.07497e-05
   Pass :  1   Iteration :   0  ||B r|| = 3.19787e-06 ...
   Pass :  1   Iteration :   1  ||B r|| = 5.9666e-07
norm(r_0) 0
norm(r_1) 0
norm(r_2) 0
norm(r_3) 1.6918833e-05
norm(r_4) 0
Newton iteration  1 : ||r|| = 1.69188e-05, ||r||/||r_0|| = 0.815378
Setting time step: 0.68077641 in DGTransportTDO
Setting time step: 0.68077641 in CombinedOp
Setting time step: 0.68077641 in IonStaticPressureOp
norm(r_0) 0
norm(r_1) 0
norm(r_2) 0
norm(r_3) 4.1219069e-05
norm(r_4) 0
Newton iteration  0 : ||r|| = 4.12191e-05
   Pass :  1   Iteration :   0  ||B r|| = 2.97669e-06 ...
   Pass :  1   Iteration :   1  ||B r|| = 5.02516e-07
norm(r_0) 0
norm(r_1) 0
norm(r_2) 0
norm(r_3) 1.0381249e-05
norm(r_4) 0
Newton iteration  1 : ||r|| = 1.03812e-05, ||r||/||r_0|| = 0.251855
Setting time step: 0.68077641 in DGTransportTDO
Setting time step: 0.68077641 in CombinedOp
Setting time step: 0.68077641 in IonStaticPressureOp
norm(r_0) 0
norm(r_1) 0
norm(r_2) 0
norm(r_3) 3.1204847e-05
norm(r_4) 0
Newton iteration  0 : ||r|| = 3.12048e-05
   Pass :  1   Iteration :   0  ||B r|| = 1.57027e-06 ...
   Pass :  1   Iteration :   1  ||B r|| = 5.34395e-07
norm(r_0) 0
norm(r_1) 0
norm(r_2) 0
norm(r_3) 1.0891967e-05
norm(r_4) 0
Newton iteration  1 : ||r|| = 1.0892e-05, ||r||/||r_0|| = 0.349047
Setting time step: 0.68077641 in DGTransportTDO
Setting time step: 0.68077641 in CombinedOp
Setting time step: 0.68077641 in IonStaticPressureOp
norm(r_0) 0
norm(r_1) 0
norm(r_2) 0
norm(r_3) 2.3835115e-05
norm(r_4) 0
Newton iteration  0 : ||r|| = 2.38351e-05
   Pass :  1   Iteration :   0  ||B r|| = 8.58832e-07
norm(r_0) 0
norm(r_1) 0
norm(r_2) 0
norm(r_3) 2.3835115e-05
norm(r_4) 0
Newton iteration  1 : ||r|| = 2.38351e-05, ||r||/||r_0|| = 1
Setting time step: 0.68077641 in DGTransportTDO
Setting time step: 0.68077641 in CombinedOp
Setting time step: 0.68077641 in IonStaticPressureOp
norm(r_0) 0
norm(r_1) 0
norm(r_2) 0
norm(r_3) 0.00050339405
norm(r_4) 0
Newton iteration  0 : ||r|| = 0.000503394
   Pass :  1   Iteration :   0  ||B r|| = 2.43992e-05 ...
   Pass :  1   Iteration :   2  ||B r|| = 5.29748e-07
norm(r_0) 0
norm(r_1) 0
norm(r_2) 0
norm(r_3) 3.6988187e-05
norm(r_4) 0
Newton iteration  1 : ||r|| = 3.69882e-05, ||r||/||r_0|| = 0.0734776
Setting time step: 1.3615528 in DGTransportTDO
Setting time step: 1.3615528 in CombinedOp
Setting time step: 1.3615528 in IonStaticPressureOp
norm(r_0) 0
norm(r_1) 0
norm(r_2) 0
norm(r_3) 3.6993358e-05
norm(r_4) 0
Newton iteration  0 : ||r|| = 3.69934e-05
   Pass :  1   Iteration :   0  ||B r|| = 3.03019e-07
norm(r_0) 0
norm(r_1) 0
norm(r_2) 0
norm(r_3) 3.6993358e-05
norm(r_4) 0
Newton iteration  1 : ||r|| = 3.69934e-05, ||r||/||r_0|| = 1
Setting time step: 1.3615528 in DGTransportTDO
Setting time step: 1.3615528 in CombinedOp
Setting time step: 1.3615528 in IonStaticPressureOp
norm(r_0) 0
norm(r_1) 0
norm(r_2) 0
norm(r_3) 3.6993358e-05
norm(r_4) 0
Newton iteration  0 : ||r|| = 3.69934e-05
   Pass :  1   Iteration :   0  ||B r|| = 3.03019e-07
norm(r_0) 0
norm(r_1) 0
norm(r_2) 0
norm(r_3) 3.6993358e-05
norm(r_4) 0
Newton iteration  1 : ||r|| = 3.69934e-05, ||r||/||r_0|| = 1
Setting time step: 1.3615528 in DGTransportTDO
Setting time step: 1.3615528 in CombinedOp
Setting time step: 1.3615528 in IonStaticPressureOp
norm(r_0) 0
norm(r_1) 0
norm(r_2) 0
norm(r_3) 3.6993358e-05
norm(r_4) 0
Newton iteration  0 : ||r|| = 3.69934e-05
   Pass :  1   Iteration :   0  ||B r|| = 3.03019e-07
norm(r_0) 0
norm(r_1) 0
norm(r_2) 0
norm(r_3) 3.6993358e-05
norm(r_4) 0
Newton iteration  1 : ||r|| = 3.69934e-05, ||r||/||r_0|| = 1
Setting time step: 1.3615528 in DGTransportTDO
Setting time step: 1.3615528 in CombinedOp
Setting time step: 1.3615528 in IonStaticPressureOp
norm(r_0) 0
norm(r_1) 0
norm(r_2) 0
norm(r_3) 3.6993358e-05
norm(r_4) 0
Newton iteration  0 : ||r|| = 3.69934e-05
   Pass :  1   Iteration :   0  ||B r|| = 3.03019e-07
norm(r_0) 0
norm(r_1) 0
norm(r_2) 0
norm(r_3) 3.6993358e-05
norm(r_4) 0
Newton iteration  1 : ||r|| = 3.69934e-05, ||r||/||r_0|| = 1
Setting time step: 1.3615528 in DGTransportTDO
Setting time step: 1.3615528 in CombinedOp
Setting time step: 1.3615528 in IonStaticPressureOp
norm(r_0) 0
norm(r_1) 0
norm(r_2) 0
norm(r_3) 3.6993358e-05
norm(r_4) 0
Newton iteration  0 : ||r|| = 3.69934e-05
   Pass :  1   Iteration :   0  ||B r|| = 3.03019e-07
norm(r_0) 0
norm(r_1) 0
norm(r_2) 0
norm(r_3) 3.6993358e-05
norm(r_4) 0
Newton iteration  1 : ||r|| = 3.69934e-05, ||r||/||r_0|| = 1
Time stepping paused at t = 11.105672
Steady State solution has been reached

Time stepping done after 0.97982953s.
