Options used:
   --mesh ../../mfem/data/inline-quad.mesh
   --bc-file /home/gz6/mfem-analysis/input-files/transport2d_bcs.inp
   --ic-file /home/gz6/mfem-analysis/input-files/transport2d_ics.inp
   --ec-file /home/gz6/mfem-analysis/input-files/transport2d_ecs.inp
   --es-file /home/gz6/mfem-analysis/input-files/transport2d_ess.inp
   --eqdsk-file 
   --logging 1
   --operator-test 8
   --equation-weights '1 1 1 1 1'
   --problem 0
   --refine-serial 1
   --refine-parallel 0
   --disable-amr
   --max-err -1
   --hysteresis 0.25
   --nc-limit 3
   --amr-weights '1 1 1 1 1'
   --order 2
   --dg-sigma -1
   --dg-kappa 100
   --linear-abs-tolerance 1e-06
   --linear-rel-tolerance 1e-06
   --linear-max-iterations 300
   --linear-logging-level 3
   --newton-abs-tolerance 1e-10
   --newton-rel-tolerance 1e-10
   --newton-max-iterations 1
   --newton-logging-level 1
   --steady-state-abs-tolerance 1e-08
   --steady-state-rel-tolerance 1e-08
   --prec-type 1
   --prec-logging-level 0
   --initial-tolerance 1e-05
   --ode-tolerance 0.001
   --ode-solver 2
   --err-per-step
   --ode-weights '1 1 1 1 1'
   --kP 0
   --kI 0.6
   --kD 0
   --dead-zone-min 0.95
   --dead-zone-max 1.05
   --theta-max 2
   --t-minimum 0
   --t-final 200
   --time-step 0.01
   --cfl-number 0.3
   --ion-charge 1
   --ion-mass 2.01410178
   --neutral-mass 2.01410178
   --neutral-temp 3
   --min-neutral-density 900000000000000
   --max-neutral-density 1000000000000000
   --neutral-density-exp 0
   --min-ion-density 1e+16
   --max-ion-density 1e+18
   --ion-density-exp 0
   --min-ion-temp 1
   --max-ion-temp 10
   --ion-temp-exp 0
   --min-electron-temp 10
   --max-electron-temp 440
   --electron-temp-exp 0
   --total-B-magnitude 5
   --poloidal-B-magnitude 0.5
   --velocity 1000
   --Di-perp 1
   --Xi-perp 1
   --Xe-perp 1
   --equation-term-flags '-1 -1 -1 -1 -1'
   --visualization-flags '-1 -1 -1 -1 -1'
   --visualization
   --visit-datafiles
   --ascii-datafiles
   --no-check-gradient
   --visualization-steps 4
Device configuration: cpu
Memory configuration: host-std
Number of elements in initial mesh: 16
Number of elements after serial refinement: 64
5: Number of elements in parallel mesh: 4
5: Number of elements after parallel refinement: 4
6: Number of elements in parallel mesh: 4
6: Number of elements after parallel refinement: 4
7: Number of elements in parallel mesh: 4
7: Number of elements after parallel refinement: 4
8: Number of elements in parallel mesh: 4
8: Number of elements after parallel refinement: 4
12: Number of elements in parallel mesh: 4
12: Number of elements after parallel refinement: 4
13: Number of elements in parallel mesh: 4
13: Number of elements after parallel refinement: 4
4: Number of elements in parallel mesh: 4
4: Number of elements after parallel refinement: 4
9: Number of elements in parallel mesh: 4
9: Number of elements after parallel refinement: 4
0: Number of elements in parallel mesh: 4
0: Number of elements after parallel refinement: 4
15: Number of elements in parallel mesh: 4
15: Number of elements after parallel refinement: 4
1: Number of elements in parallel mesh: 4
1: Number of elements after parallel refinement: 4
2: Number of elements in parallel mesh: 4
2: Number of elements after parallel refinement: 4
3: Number of elements in parallel mesh: 4
3: Number of elements after parallel refinement: 4
14: Number of elements in parallel mesh: 4
14: Number of elements after parallel refinement: 4
11: Number of elements in parallel mesh: 4
11: Number of elements after parallel refinement: 4
10: Number of elements in parallel mesh: 4
10: Number of elements after parallel refinement: 4
Configuring initial conditions
Reading initial conditions from /home/gz6/mfem-analysis/input-files/transport2d_ics.inp
Configuring exact solutions
Reading exact solutions from /home/gz6/mfem-analysis/input-files/transport2d_ess.inp
Number of unknowns per field: 576
Total number of unknowns:     2880
Configuring boundary conditions
Reading boundary conditions from /home/gz6/mfem-analysis/input-files/transport2d_bcs.inp
Configuring equation coefficients
Reading equation coefficients from /home/gz6/mfem-analysis/input-files/transport2d_ecs.inp
Ion Static Pressure: Adding time derivative term proportional to d n_i / dt
Ion Static Pressure: Adding time derivative term proportional to d T_i / dt
Ion Static Pressure: Adding anisotropic diffusion term
Ion Static Pressure: Adding source term
Opening GLVis sockets.
Range of error estimates for initial condition: 2.980886505454286e-17 < elem err < 4.221452447958055e-17

Begin time stepping at t = 0
Setting time step: 0.0025 in DGTransportTDO
Setting time step: 0.0025 in CombinedOp
Setting time step: 0.0025 in IonStaticPressureOp
norm(r_0) 0
norm(r_1) 0
norm(r_2) 0
norm(r_3) 0.4340798231960597
norm(r_4) 0
Newton iteration  0 : ||r|| = 0.43408
   Pass :  1   Iteration :   0  ||B r|| = 21.1101 ...
   Pass :  6   Iteration : 300  ||B r|| = 3.62014e-05
GMRES: No convergence!
norm(r_0) 0
norm(r_1) 0
norm(r_2) 0
norm(r_3) 0.04036977960260462
norm(r_4) 0
Newton iteration  1 : ||r|| = 0.0403698, ||r||/||r_0|| = 0.0930008
Setting time step: 0.0025 in DGTransportTDO
Setting time step: 0.0025 in CombinedOp
Setting time step: 0.0025 in IonStaticPressureOp
norm(r_0) 0
norm(r_1) 0
norm(r_2) 0
norm(r_3) 0.4135319306424431
norm(r_4) 0
Newton iteration  0 : ||r|| = 0.413532
   Pass :  1   Iteration :   0  ||B r|| = 19.8833 ...
   Pass :  6   Iteration : 300  ||B r|| = 3.40539e-05
GMRES: No convergence!
norm(r_0) 0
norm(r_1) 0
norm(r_2) 0
norm(r_3) 0.02661810526976114
norm(r_4) 0
Newton iteration  1 : ||r|| = 0.0266181, ||r||/||r_0|| = 0.0643677
Setting time step: 0.0025 in DGTransportTDO
Setting time step: 0.0025 in CombinedOp
Setting time step: 0.0025 in IonStaticPressureOp
norm(r_0) 0
norm(r_1) 0
norm(r_2) 0
norm(r_3) 0.4216582332062857
norm(r_4) 0
Newton iteration  0 : ||r|| = 0.421658
   Pass :  1   Iteration :   0  ||B r|| = 20.3754 ...
   Pass :  6   Iteration : 300  ||B r|| = 3.47236e-05
GMRES: No convergence!
norm(r_0) 0
norm(r_1) 0
norm(r_2) 0
norm(r_3) 0.03039414573513699
norm(r_4) 0
Newton iteration  1 : ||r|| = 0.0303941, ||r||/||r_0|| = 0.0720824
Setting time step: 0.0025 in DGTransportTDO
Setting time step: 0.0025 in CombinedOp
Setting time step: 0.0025 in IonStaticPressureOp
norm(r_0) 0
norm(r_1) 0
norm(r_2) 0
norm(r_3) 0.4228190660736167
norm(r_4) 0
Newton iteration  0 : ||r|| = 0.422819
   Pass :  1   Iteration :   0  ||B r|| = 20.4973 ...
   Pass :  6   Iteration : 300  ||B r|| = 3.43569e-05
GMRES: No convergence!
norm(r_0) 0
norm(r_1) 0
norm(r_2) 0
norm(r_3) 0.03377819763751491
norm(r_4) 0
Newton iteration  1 : ||r|| = 0.0337782, ||r||/||r_0|| = 0.0798881
Setting time step: 0.0025 in DGTransportTDO
Setting time step: 0.0025 in CombinedOp
Setting time step: 0.0025 in IonStaticPressureOp
norm(r_0) 0
norm(r_1) 0
norm(r_2) 0
norm(r_3) 0.4452049655349734
norm(r_4) 0
Newton iteration  0 : ||r|| = 0.445205
   Pass :  1   Iteration :   0  ||B r|| = 19.2293 ...
   Pass :  6   Iteration : 300  ||B r|| = 2.71266e-05
GMRES: No convergence!
norm(r_0) 0
norm(r_1) 0
norm(r_2) 0
norm(r_3) 0.02550440619895068
norm(r_4) 0
Newton iteration  1 : ||r|| = 0.0255044, ||r||/||r_0|| = 0.0572869
Setting time step: 0.005 in DGTransportTDO
Setting time step: 0.005 in CombinedOp
Setting time step: 0.005 in IonStaticPressureOp
norm(r_0) 0
norm(r_1) 0
norm(r_2) 0
norm(r_3) 0.380700927165597
norm(r_4) 0
Newton iteration  0 : ||r|| = 0.380701
   Pass :  1   Iteration :   0  ||B r|| = 10.1569 ...
   Pass :  6   Iteration : 300  ||B r|| = 5.13229e-05
GMRES: No convergence!
norm(r_0) 0
norm(r_1) 0
norm(r_2) 0
norm(r_3) 0.05910190435638833
norm(r_4) 0
Newton iteration  1 : ||r|| = 0.0591019, ||r||/||r_0|| = 0.155245
Setting time step: 0.005 in DGTransportTDO
Setting time step: 0.005 in CombinedOp
Setting time step: 0.005 in IonStaticPressureOp
norm(r_0) 0
norm(r_1) 0
norm(r_2) 0
norm(r_3) 0.3521430365134305
norm(r_4) 0
Newton iteration  0 : ||r|| = 0.352143
   Pass :  1   Iteration :   0  ||B r|| = 8.90763 ...
   Pass :  6   Iteration : 300  ||B r|| = 4.05315e-05
GMRES: No convergence!
norm(r_0) 0
norm(r_1) 0
norm(r_2) 0
norm(r_3) 0.04916595148603496
norm(r_4) 0
Newton iteration  1 : ||r|| = 0.049166, ||r||/||r_0|| = 0.139619
Setting time step: 0.005 in DGTransportTDO
Setting time step: 0.005 in CombinedOp
Setting time step: 0.005 in IonStaticPressureOp
norm(r_0) 0
norm(r_1) 0
norm(r_2) 0
norm(r_3) 0.3625930579603452
norm(r_4) 0
Newton iteration  0 : ||r|| = 0.362593
   Pass :  1   Iteration :   0  ||B r|| = 9.396 ...
   Pass :  6   Iteration : 300  ||B r|| = 4.4574e-05
GMRES: No convergence!
norm(r_0) 0
norm(r_1) 0
norm(r_2) 0
norm(r_3) 0.05250145065199109
norm(r_4) 0
Newton iteration  1 : ||r|| = 0.0525015, ||r||/||r_0|| = 0.144794
Setting time step: 0.005 in DGTransportTDO
Setting time step: 0.005 in CombinedOp
Setting time step: 0.005 in IonStaticPressureOp
norm(r_0) 0
norm(r_1) 0
norm(r_2) 0
norm(r_3) 0.3633800906575992
norm(r_4) 0
Newton iteration  0 : ||r|| = 0.36338
   Pass :  1   Iteration :   0  ||B r|| = 9.52264 ...
   Pass :  6   Iteration : 300  ||B r|| = 4.60595e-05
GMRES: No convergence!
norm(r_0) 0
norm(r_1) 0
norm(r_2) 0
norm(r_3) 0.05592404969163283
norm(r_4) 0
Newton iteration  1 : ||r|| = 0.055924, ||r||/||r_0|| = 0.1539
Setting time step: 0.005 in DGTransportTDO
Setting time step: 0.005 in CombinedOp
Setting time step: 0.005 in IonStaticPressureOp
norm(r_0) 0
norm(r_1) 0
norm(r_2) 0
norm(r_3) 0.4547418477284704
norm(r_4) 0
Newton iteration  0 : ||r|| = 0.454742
   Pass :  1   Iteration :   0  ||B r|| = 8.31668 ...
   Pass :  6   Iteration : 300  ||B r|| = 4.44598e-05
GMRES: No convergence!
norm(r_0) 0
norm(r_1) 0
norm(r_2) 0
norm(r_3) 0.04674439292668534
norm(r_4) 0
Newton iteration  1 : ||r|| = 0.0467444, ||r||/||r_0|| = 0.102793
Setting time step: 0.01 in DGTransportTDO
Setting time step: 0.01 in CombinedOp
Setting time step: 0.01 in IonStaticPressureOp
norm(r_0) 0
norm(r_1) 0
norm(r_2) 0
norm(r_3) 0.2950487056977876
norm(r_4) 0
Newton iteration  0 : ||r|| = 0.295049
   Pass :  1   Iteration :   0  ||B r|| = 4.08757 ...
   Pass :  6   Iteration : 300  ||B r|| = 6.68199e-05
GMRES: No convergence!
norm(r_0) 0
norm(r_1) 0
norm(r_2) 0
norm(r_3) 0.4854725400910886
norm(r_4) 0
Newton iteration  1 : ||r|| = 0.485473, ||r||/||r_0|| = 1.6454
Setting time step: 0.01 in DGTransportTDO
Setting time step: 0.01 in CombinedOp
Setting time step: 0.01 in IonStaticPressureOp
norm(r_0) 0
norm(r_1) 0
norm(r_2) 0
norm(r_3) 0.9905099014065554
norm(r_4) 0
Newton iteration  0 : ||r|| = 0.99051
   Pass :  1   Iteration :   0  ||B r|| = 3.09648 ...
   Pass :  6   Iteration : 300  ||B r|| = 4.00344e-05
GMRES: No convergence!
norm(r_0) 0
norm(r_1) 0
norm(r_2) 0
norm(r_3) 0.1065619254314505
norm(r_4) 0
Newton iteration  1 : ||r|| = 0.106562, ||r||/||r_0|| = 0.107583
Setting time step: 0.01 in DGTransportTDO
Setting time step: 0.01 in CombinedOp
Setting time step: 0.01 in IonStaticPressureOp
norm(r_0) 0
norm(r_1) 0
norm(r_2) 0
norm(r_3) 0.8467174216609579
norm(r_4) 0
Newton iteration  0 : ||r|| = 0.846717
   Pass :  1   Iteration :   0  ||B r|| = 3.47 ...
   Pass :  6   Iteration : 300  ||B r|| = 2.609e-05
GMRES: No convergence!
norm(r_0) 0
norm(r_1) 0
norm(r_2) 0
norm(r_3) 0.07366166501819879
norm(r_4) 0
Newton iteration  1 : ||r|| = 0.0736617, ||r||/||r_0|| = 0.0869968
Setting time step: 0.01 in DGTransportTDO
Setting time step: 0.01 in CombinedOp
Setting time step: 0.01 in IonStaticPressureOp
norm(r_0) 0
norm(r_1) 0
norm(r_2) 0
norm(r_3) 0.6821950584900768
norm(r_4) 0
Newton iteration  0 : ||r|| = 0.682195
   Pass :  1   Iteration :   0  ||B r|| = 3.57398 ...
   Pass :  6   Iteration : 300  ||B r|| = 2.29355e-05
GMRES: No convergence!
norm(r_0) 0
norm(r_1) 0
norm(r_2) 0
norm(r_3) 0.05962078026970039
norm(r_4) 0
Newton iteration  1 : ||r|| = 0.0596208, ||r||/||r_0|| = 0.0873955
Setting time step: 0.01 in DGTransportTDO
Setting time step: 0.01 in CombinedOp
Setting time step: 0.01 in IonStaticPressureOp
norm(r_0) 0
norm(r_1) 0
norm(r_2) 0
norm(r_3) 2.352980887315042
norm(r_4) 0
Newton iteration  0 : ||r|| = 2.35298
   Pass :  1   Iteration :   0  ||B r|| = 2.67615 ...
   Pass :  6   Iteration : 300  ||B r|| = 4.61617e-05
GMRES: No convergence!
norm(r_0) 0
norm(r_1) 0
norm(r_2) 0
norm(r_3) 0.3502984522871548
norm(r_4) 0
Newton iteration  1 : ||r|| = 0.350298, ||r||/||r_0|| = 0.148874
Setting time step: 0.006491692249333964 in DGTransportTDO
Setting time step: 0.006491692249333964 in CombinedOp
Setting time step: 0.006491692249333964 in IonStaticPressureOp
norm(r_0) 0
norm(r_1) 0
norm(r_2) 0
norm(r_3) 0.2950487056977876
norm(r_4) 0
Newton iteration  0 : ||r|| = 0.295049
   Pass :  1   Iteration :   0  ||B r|| = 6.14107 ...
   Pass :  6   Iteration : 300  ||B r|| = 4.50202e-05
GMRES: No convergence!
norm(r_0) 0
norm(r_1) 0
norm(r_2) 0
norm(r_3) 0.1980625498376938
norm(r_4) 0
Newton iteration  1 : ||r|| = 0.198063, ||r||/||r_0|| = 0.671288
Setting time step: 0.006491692249333964 in DGTransportTDO
Setting time step: 0.006491692249333964 in CombinedOp
Setting time step: 0.006491692249333964 in IonStaticPressureOp
norm(r_0) 0
norm(r_1) 0
norm(r_2) 0
norm(r_3) 0.4583610833020101
norm(r_4) 0
Newton iteration  0 : ||r|| = 0.458361
   Pass :  1   Iteration :   0  ||B r|| = 5.15382 ...
   Pass :  6   Iteration : 300  ||B r|| = 3.7442e-05
GMRES: No convergence!
norm(r_0) 0
norm(r_1) 0
norm(r_2) 0
norm(r_3) 0.06829395963689526
norm(r_4) 0
Newton iteration  1 : ||r|| = 0.068294, ||r||/||r_0|| = 0.148996
Setting time step: 0.006491692249333964 in DGTransportTDO
Setting time step: 0.006491692249333964 in CombinedOp
Setting time step: 0.006491692249333964 in IonStaticPressureOp
norm(r_0) 0
norm(r_1) 0
norm(r_2) 0
norm(r_3) 0.4163981678700645
norm(r_4) 0
Newton iteration  0 : ||r|| = 0.416398
   Pass :  1   Iteration :   0  ||B r|| = 5.53458 ...
   Pass :  6   Iteration : 300  ||B r|| = 4.27643e-05
GMRES: No convergence!
norm(r_0) 0
norm(r_1) 0
norm(r_2) 0
norm(r_3) 0.07142243715918702
norm(r_4) 0
Newton iteration  1 : ||r|| = 0.0714224, ||r||/||r_0|| = 0.171524
Setting time step: 0.006491692249333964 in DGTransportTDO
Setting time step: 0.006491692249333964 in CombinedOp
Setting time step: 0.006491692249333964 in IonStaticPressureOp
norm(r_0) 0
norm(r_1) 0
norm(r_2) 0
norm(r_3) 0.3684751767835004
norm(r_4) 0
Newton iteration  0 : ||r|| = 0.368475
   Pass :  1   Iteration :   0  ||B r|| = 5.63569 ...
   Pass :  6   Iteration : 300  ||B r|| = 4.72978e-05
GMRES: No convergence!
norm(r_0) 0
norm(r_1) 0
norm(r_2) 0
norm(r_3) 0.08238850976959025
norm(r_4) 0
Newton iteration  1 : ||r|| = 0.0823885, ||r||/||r_0|| = 0.223593
Setting time step: 0.006491692249333964 in DGTransportTDO
Setting time step: 0.006491692249333964 in CombinedOp
Setting time step: 0.006491692249333964 in IonStaticPressureOp
norm(r_0) 0
norm(r_1) 0
norm(r_2) 0
norm(r_3) 1.230645585557144
norm(r_4) 0
Newton iteration  0 : ||r|| = 1.23065
   Pass :  1   Iteration :   0  ||B r|| = 4.75142 ...
   Pass :  6   Iteration : 300  ||B r|| = 4.389e-05
GMRES: No convergence!
norm(r_0) 0
norm(r_1) 0
norm(r_2) 0
norm(r_3) 0.2214568706666667
norm(r_4) 0
Newton iteration  1 : ||r|| = 0.221457, ||r||/||r_0|| = 0.179952
Setting time step: 0.01073985424246247 in DGTransportTDO
Setting time step: 0.01073985424246247 in CombinedOp
Setting time step: 0.01073985424246247 in IonStaticPressureOp
norm(r_0) 0
norm(r_1) 0
norm(r_2) 0
norm(r_3) 0.3026320097852549
norm(r_4) 0
Newton iteration  0 : ||r|| = 0.302632
   Pass :  1   Iteration :   0  ||B r|| = 2.70969 ...
   Pass :  6   Iteration : 300  ||B r|| = 1.92367e-05
GMRES: No convergence!
norm(r_0) 0
norm(r_1) 0
norm(r_2) 0
norm(r_3) 0.05461092027323565
norm(r_4) 0
Newton iteration  1 : ||r|| = 0.0546109, ||r||/||r_0|| = 0.180453
Setting time step: 0.01073985424246247 in DGTransportTDO
Setting time step: 0.01073985424246247 in CombinedOp
Setting time step: 0.01073985424246247 in IonStaticPressureOp
norm(r_0) 0
norm(r_1) 0
norm(r_2) 0
norm(r_3) 0.2654117184123767
norm(r_4) 0
Newton iteration  0 : ||r|| = 0.265412
   Pass :  1   Iteration :   0  ||B r|| = 2.01945 ...
   Pass :  6   Iteration : 300  ||B r|| = 3.18291e-05
GMRES: No convergence!
norm(r_0) 0
norm(r_1) 0
norm(r_2) 0
norm(r_3) 0.2150516202093967
norm(r_4) 0
Newton iteration  1 : ||r|| = 0.215052, ||r||/||r_0|| = 0.810257
Setting time step: 0.01073985424246247 in DGTransportTDO
Setting time step: 0.01073985424246247 in CombinedOp
Setting time step: 0.01073985424246247 in IonStaticPressureOp
norm(r_0) 0
norm(r_1) 0
norm(r_2) 0
norm(r_3) 0.2282505333168809
norm(r_4) 0
Newton iteration  0 : ||r|| = 0.228251
   Pass :  1   Iteration :   0  ||B r|| = 2.28002 ...
   Pass :  6   Iteration : 300  ||B r|| = 3.75467e-05
GMRES: No convergence!
norm(r_0) 0
norm(r_1) 0
norm(r_2) 0
norm(r_3) 0.2419394068556712
norm(r_4) 0
Newton iteration  1 : ||r|| = 0.241939, ||r||/||r_0|| = 1.05997
Setting time step: 0.01073985424246247 in DGTransportTDO
Setting time step: 0.01073985424246247 in CombinedOp
Setting time step: 0.01073985424246247 in IonStaticPressureOp
norm(r_0) 0
norm(r_1) 0
norm(r_2) 0
norm(r_3) 0.1975861024755251
norm(r_4) 0
Newton iteration  0 : ||r|| = 0.197586
   Pass :  1   Iteration :   0  ||B r|| = 2.35156 ...
   Pass :  6   Iteration : 300  ||B r|| = 3.96847e-05
GMRES: No convergence!
norm(r_0) 0
norm(r_1) 0
norm(r_2) 0
norm(r_3) 0.2711452374066127
norm(r_4) 0
Newton iteration  1 : ||r|| = 0.271145, ||r||/||r_0|| = 1.37229
Setting time step: 0.01073985424246247 in DGTransportTDO
Setting time step: 0.01073985424246247 in CombinedOp
Setting time step: 0.01073985424246247 in IonStaticPressureOp
norm(r_0) 0
norm(r_1) 0
norm(r_2) 0
norm(r_3) 2.360223032507476
norm(r_4) 0
Newton iteration  0 : ||r|| = 2.36022
   Pass :  1   Iteration :   0  ||B r|| = 1.78087 ...
   Pass :  6   Iteration : 300  ||B r|| = 2.92219e-05
GMRES: No convergence!
norm(r_0) 0
norm(r_1) 0
norm(r_2) 0
norm(r_3) 0.1689689583475303
norm(r_4) 0
Newton iteration  1 : ||r|| = 0.168969, ||r||/||r_0|| = 0.0715903
Time stepping paused at t = 0.09892618596718575

Estimating errors.
Setting time step: 0.01774634336867089 in DGTransportTDO
Setting time step: 0.01774634336867089 in CombinedOp
Setting time step: 0.01774634336867089 in IonStaticPressureOp
norm(r_0) 0
norm(r_1) 0
norm(r_2) 0
norm(r_3) 0.2054948911002015
norm(r_4) 0
Newton iteration  0 : ||r|| = 0.205495
   Pass :  1   Iteration :   0  ||B r|| = 0.939542 ...
   Pass :  6   Iteration : 300  ||B r|| = 3.85771e-05
GMRES: No convergence!
norm(r_0) 0
norm(r_1) 0
norm(r_2) 0
norm(r_3) 0.4639363936048935
norm(r_4) 0
Newton iteration  1 : ||r|| = 0.463936, ||r||/||r_0|| = 2.25765
Setting time step: 0.01774634336867089 in DGTransportTDO
Setting time step: 0.01774634336867089 in CombinedOp
Setting time step: 0.01774634336867089 in IonStaticPressureOp
norm(r_0) 0
norm(r_1) 0
norm(r_2) 0
norm(r_3) 0.7969708835762945
norm(r_4) 0
Newton iteration  0 : ||r|| = 0.796971
   Pass :  1   Iteration :   0  ||B r|| = 0.559458 ...
   Pass :  6   Iteration : 300  ||B r|| = 3.54666e-05
GMRES: No convergence!
norm(r_0) 0
norm(r_1) 0
norm(r_2) 0
norm(r_3) 0.5052765286311036
norm(r_4) 0
Newton iteration  1 : ||r|| = 0.505277, ||r||/||r_0|| = 0.633996
Setting time step: 0.01774634336867089 in DGTransportTDO
Setting time step: 0.01774634336867089 in CombinedOp
Setting time step: 0.01774634336867089 in IonStaticPressureOp
norm(r_0) 0
norm(r_1) 0
norm(r_2) 0
norm(r_3) 0.6488695938004164
norm(r_4) 0
Newton iteration  0 : ||r|| = 0.64887
   Pass :  1   Iteration :   0  ||B r|| = 0.697798 ...
   Pass :  6   Iteration : 300  ||B r|| = 3.61691e-05
GMRES: No convergence!
norm(r_0) 0
norm(r_1) 0
norm(r_2) 0
norm(r_3) 0.50766722560155
norm(r_4) 0
Newton iteration  1 : ||r|| = 0.507667, ||r||/||r_0|| = 0.782387
Setting time step: 0.01774634336867089 in DGTransportTDO
Setting time step: 0.01774634336867089 in CombinedOp
Setting time step: 0.01774634336867089 in IonStaticPressureOp
norm(r_0) 0
norm(r_1) 0
norm(r_2) 0
norm(r_3) 0.555755193905943
norm(r_4) 0
Newton iteration  0 : ||r|| = 0.555755
   Pass :  1   Iteration :   0  ||B r|| = 0.738272 ...
   Pass :  6   Iteration : 300  ||B r|| = 2.67844e-05
GMRES: No convergence!
norm(r_0) 0
norm(r_1) 0
norm(r_2) 0
norm(r_3) 0.3931048136108002
norm(r_4) 0
Newton iteration  1 : ||r|| = 0.393105, ||r||/||r_0|| = 0.707334
Setting time step: 0.01774634336867089 in DGTransportTDO
Setting time step: 0.01774634336867089 in CombinedOp
Setting time step: 0.01774634336867089 in IonStaticPressureOp
norm(r_0) 0
norm(r_1) 0
norm(r_2) 0
norm(r_3) 5.331726121034294
norm(r_4) 0
Newton iteration  0 : ||r|| = 5.33173
   Pass :  1   Iteration :   0  ||B r|| = 0.311328 ...
   Pass :  6   Iteration : 300  ||B r|| = 1.6485e-05
GMRES: No convergence!
norm(r_0) 0
norm(r_1) 0
norm(r_2) 0
norm(r_3) 0.1519122982829094
norm(r_4) 0
Newton iteration  1 : ||r|| = 0.151912, ||r||/||r_0|| = 0.0284921
Setting time step: 0.00727243510231325 in DGTransportTDO
Setting time step: 0.00727243510231325 in CombinedOp
Setting time step: 0.00727243510231325 in IonStaticPressureOp
norm(r_0) 0
norm(r_1) 0
norm(r_2) 0
norm(r_3) 0.2054948911002015
norm(r_4) 0
Newton iteration  0 : ||r|| = 0.205495
   Pass :  1   Iteration :   0  ||B r|| = 2.207 ...
   Pass :  6   Iteration : 300  ||B r|| = 2.08859e-05
GMRES: No convergence!
norm(r_0) 0
norm(r_1) 0
norm(r_2) 0
norm(r_3) 0.03405807040341607
norm(r_4) 0
Newton iteration  1 : ||r|| = 0.0340581, ||r||/||r_0|| = 0.165737
Setting time step: 0.00727243510231325 in DGTransportTDO
Setting time step: 0.00727243510231325 in CombinedOp
Setting time step: 0.00727243510231325 in IonStaticPressureOp
norm(r_0) 0
norm(r_1) 0
norm(r_2) 0
norm(r_3) 0.1949637945608035
norm(r_4) 0
Newton iteration  0 : ||r|| = 0.194964
   Pass :  1   Iteration :   0  ||B r|| = 1.81707 ...
   Pass :  6   Iteration : 300  ||B r|| = 2.6315e-05
GMRES: No convergence!
norm(r_0) 0
norm(r_1) 0
norm(r_2) 0
norm(r_3) 0.1203213651677853
norm(r_4) 0
Newton iteration  1 : ||r|| = 0.120321, ||r||/||r_0|| = 0.617147
Setting time step: 0.00727243510231325 in DGTransportTDO
Setting time step: 0.00727243510231325 in CombinedOp
Setting time step: 0.00727243510231325 in IonStaticPressureOp
norm(r_0) 0
norm(r_1) 0
norm(r_2) 0
norm(r_3) 0.1509535334026252
norm(r_4) 0
Newton iteration  0 : ||r|| = 0.150954
   Pass :  1   Iteration :   0  ||B r|| = 1.96695 ...
   Pass :  6   Iteration : 300  ||B r|| = 2.84935e-05
GMRES: No convergence!
norm(r_0) 0
norm(r_1) 0
norm(r_2) 0
norm(r_3) 0.1426019714917865
norm(r_4) 0
Newton iteration  1 : ||r|| = 0.142602, ||r||/||r_0|| = 0.944675
Setting time step: 0.00727243510231325 in DGTransportTDO
Setting time step: 0.00727243510231325 in CombinedOp
Setting time step: 0.00727243510231325 in IonStaticPressureOp
norm(r_0) 0
norm(r_1) 0
norm(r_2) 0
norm(r_3) 0.1207967232327786
norm(r_4) 0
Newton iteration  0 : ||r|| = 0.120797
   Pass :  1   Iteration :   0  ||B r|| = 2.00684 ...
   Pass :  6   Iteration : 300  ||B r|| = 2.88411e-05
GMRES: No convergence!
norm(r_0) 0
norm(r_1) 0
norm(r_2) 0
norm(r_3) 0.1302130328128373
norm(r_4) 0
Newton iteration  1 : ||r|| = 0.130213, ||r||/||r_0|| = 1.07795
Setting time step: 0.00727243510231325 in DGTransportTDO
Setting time step: 0.00727243510231325 in CombinedOp
Setting time step: 0.00727243510231325 in IonStaticPressureOp
norm(r_0) 0
norm(r_1) 0
norm(r_2) 0
norm(r_3) 2.367308044782869
norm(r_4) 0
Newton iteration  0 : ||r|| = 2.36731
   Pass :  1   Iteration :   0  ||B r|| = 1.64989 ...
   Pass :  6   Iteration : 300  ||B r|| = 1.90202e-05
GMRES: No convergence!
norm(r_0) 0
norm(r_1) 0
norm(r_2) 0
norm(r_3) 0.1028846544741513
norm(r_4) 0
Newton iteration  1 : ||r|| = 0.102885, ||r||/||r_0|| = 0.0434606
Setting time step: 0.0145448702046265 in DGTransportTDO
Setting time step: 0.0145448702046265 in CombinedOp
Setting time step: 0.0145448702046265 in IonStaticPressureOp
norm(r_0) 0
norm(r_1) 0
norm(r_2) 0
norm(r_3) 0.1301651376038315
norm(r_4) 0
Newton iteration  0 : ||r|| = 0.130165
   Pass :  1   Iteration :   0  ||B r|| = 0.777362 ...
   Pass :  6   Iteration : 300  ||B r|| = 2.04992e-05
GMRES: No convergence!
norm(r_0) 0
norm(r_1) 0
norm(r_2) 0
norm(r_3) 0.155260016566493
norm(r_4) 0
Newton iteration  1 : ||r|| = 0.15526, ||r||/||r_0|| = 1.19279
Setting time step: 0.0145448702046265 in DGTransportTDO
Setting time step: 0.0145448702046265 in CombinedOp
Setting time step: 0.0145448702046265 in IonStaticPressureOp
norm(r_0) 0
norm(r_1) 0
norm(r_2) 0
norm(r_3) 0.2344184219311308
norm(r_4) 0
Newton iteration  0 : ||r|| = 0.234418
   Pass :  1   Iteration :   0  ||B r|| = 0.516144 ...
   Pass :  6   Iteration : 300  ||B r|| = 1.14159e-05
GMRES: No convergence!
norm(r_0) 0
norm(r_1) 0
norm(r_2) 0
norm(r_3) 0.05011159630534911
norm(r_4) 0
Newton iteration  1 : ||r|| = 0.0501116, ||r||/||r_0|| = 0.21377
Setting time step: 0.0145448702046265 in DGTransportTDO
Setting time step: 0.0145448702046265 in CombinedOp
Setting time step: 0.0145448702046265 in IonStaticPressureOp
norm(r_0) 0
norm(r_1) 0
norm(r_2) 0
norm(r_3) 0.2225950631185969
norm(r_4) 0
Newton iteration  0 : ||r|| = 0.222595
   Pass :  1   Iteration :   0  ||B r|| = 0.612317 ...
   Pass :  6   Iteration : 300  ||B r|| = 1.37151e-05
GMRES: No convergence!
norm(r_0) 0
norm(r_1) 0
norm(r_2) 0
norm(r_3) 0.06541148145195781
norm(r_4) 0
Newton iteration  1 : ||r|| = 0.0654115, ||r||/||r_0|| = 0.293859
Setting time step: 0.0145448702046265 in DGTransportTDO
Setting time step: 0.0145448702046265 in CombinedOp
Setting time step: 0.0145448702046265 in IonStaticPressureOp
norm(r_0) 0
norm(r_1) 0
norm(r_2) 0
norm(r_3) 0.1928753677916439
norm(r_4) 0
Newton iteration  0 : ||r|| = 0.192875
   Pass :  1   Iteration :   0  ||B r|| = 0.640027 ...
   Pass :  6   Iteration : 300  ||B r|| = 1.30036e-05
GMRES: No convergence!
norm(r_0) 0
norm(r_1) 0
norm(r_2) 0
norm(r_3) 0.06315487800463296
norm(r_4) 0
Newton iteration  1 : ||r|| = 0.0631549, ||r||/||r_0|| = 0.327439
Setting time step: 0.0145448702046265 in DGTransportTDO
Setting time step: 0.0145448702046265 in CombinedOp
Setting time step: 0.0145448702046265 in IonStaticPressureOp
norm(r_0) 0
norm(r_1) 0
norm(r_2) 0
norm(r_3) 1.875004557172258
norm(r_4) 0
Newton iteration  0 : ||r|| = 1.875
   Pass :  1   Iteration :   0  ||B r|| = 0.429633 ...
   Pass :  6   Iteration : 300  ||B r|| = 1.73451e-05
GMRES: No convergence!
norm(r_0) 0
norm(r_1) 0
norm(r_2) 0
norm(r_3) 0.182938590275167
norm(r_4) 0
Newton iteration  1 : ||r|| = 0.182939, ||r||/||r_0|| = 0.097567
Setting time step: 0.029089740409253 in DGTransportTDO
Setting time step: 0.029089740409253 in CombinedOp
Setting time step: 0.029089740409253 in IonStaticPressureOp
norm(r_0) 0
norm(r_1) 0
norm(r_2) 0
norm(r_3) 0.1867230958938167
norm(r_4) 0
Newton iteration  0 : ||r|| = 0.186723
   Pass :  1   Iteration :   0  ||B r|| = 0.18006 ...
   Pass :  6   Iteration : 300  ||B r|| = 9.57271e-06
GMRES: No convergence!
norm(r_0) 0
norm(r_1) 0
norm(r_2) 0
norm(r_3) 0.07625899022259283
norm(r_4) 0
Newton iteration  1 : ||r|| = 0.076259, ||r||/||r_0|| = 0.408407
Setting time step: 0.029089740409253 in DGTransportTDO
Setting time step: 0.029089740409253 in CombinedOp
Setting time step: 0.029089740409253 in IonStaticPressureOp
norm(r_0) 0
norm(r_1) 0
norm(r_2) 0
norm(r_3) 0.2282953262069484
norm(r_4) 0
Newton iteration  0 : ||r|| = 0.228295
   Pass :  1   Iteration :   0  ||B r|| = 0.0803026 ...
   Pass :  6   Iteration : 300  ||B r|| = 6.64019e-06
GMRES: No convergence!
norm(r_0) 0
norm(r_1) 0
norm(r_2) 0
norm(r_3) 0.1357183506169493
norm(r_4) 0
Newton iteration  1 : ||r|| = 0.135718, ||r||/||r_0|| = 0.594486
Setting time step: 0.029089740409253 in DGTransportTDO
Setting time step: 0.029089740409253 in CombinedOp
Setting time step: 0.029089740409253 in IonStaticPressureOp
norm(r_0) 0
norm(r_1) 0
norm(r_2) 0
norm(r_3) 0.1635263709922004
norm(r_4) 0
Newton iteration  0 : ||r|| = 0.163526
   Pass :  1   Iteration :   0  ||B r|| = 0.115575 ...
   Pass :  6   Iteration : 300  ||B r|| = 7.65966e-06
GMRES: No convergence!
norm(r_0) 0
norm(r_1) 0
norm(r_2) 0
norm(r_3) 0.1613228467871728
norm(r_4) 0
Newton iteration  1 : ||r|| = 0.161323, ||r||/||r_0|| = 0.986525
Setting time step: 0.029089740409253 in DGTransportTDO
Setting time step: 0.029089740409253 in CombinedOp
Setting time step: 0.029089740409253 in IonStaticPressureOp
norm(r_0) 0
norm(r_1) 0
norm(r_2) 0
norm(r_3) 0.1086343038091981
norm(r_4) 0
Newton iteration  0 : ||r|| = 0.108634
   Pass :  1   Iteration :   0  ||B r|| = 0.126438 ...
   Pass :  6   Iteration : 300  ||B r|| = 7.64003e-06
GMRES: No convergence!
norm(r_0) 0
norm(r_1) 0
norm(r_2) 0
norm(r_3) 0.1506969308544578
norm(r_4) 0
Newton iteration  1 : ||r|| = 0.150697, ||r||/||r_0|| = 1.38719
Setting time step: 0.029089740409253 in DGTransportTDO
Setting time step: 0.029089740409253 in CombinedOp
Setting time step: 0.029089740409253 in IonStaticPressureOp
norm(r_0) 0
norm(r_1) 0
norm(r_2) 0
norm(r_3) 1.792386170025366
norm(r_4) 0
Newton iteration  0 : ||r|| = 1.79239
   Pass :  1   Iteration :   0  ||B r|| = 0.0425553 ...
   Pass :  6   Iteration : 300  ||B r|| = 4.3923e-06
GMRES: No convergence!
norm(r_0) 0
norm(r_1) 0
norm(r_2) 0
norm(r_3) 0.03273492994799405
norm(r_4) 0
Newton iteration  1 : ||r|| = 0.0327349, ||r||/||r_0|| = 0.0182633
Setting time step: 0.01770021424018754 in DGTransportTDO
Setting time step: 0.01770021424018754 in CombinedOp
Setting time step: 0.01770021424018754 in IonStaticPressureOp
norm(r_0) 0
norm(r_1) 0
norm(r_2) 0
norm(r_3) 0.1867230958938167
norm(r_4) 0
Newton iteration  0 : ||r|| = 0.186723
   Pass :  1   Iteration :   0  ||B r|| = 0.292792 ...
   Pass :  6   Iteration : 300  ||B r|| = 1.07061e-05
GMRES: No convergence!
norm(r_0) 0
norm(r_1) 0
norm(r_2) 0
norm(r_3) 0.05288230739960127
norm(r_4) 0
Newton iteration  1 : ||r|| = 0.0528823, ||r||/||r_0|| = 0.283212
Setting time step: 0.01770021424018754 in DGTransportTDO
Setting time step: 0.01770021424018754 in CombinedOp
Setting time step: 0.01770021424018754 in IonStaticPressureOp
norm(r_0) 0
norm(r_1) 0
norm(r_2) 0
norm(r_3) 0.2025202966107016
norm(r_4) 0
Newton iteration  0 : ||r|| = 0.20252
   Pass :  1   Iteration :   0  ||B r|| = 0.188036 ...
   Pass :  6   Iteration : 300  ||B r|| = 7.4905e-06
GMRES: No convergence!
norm(r_0) 0
norm(r_1) 0
norm(r_2) 0
norm(r_3) 0.1028122008638625
norm(r_4) 0
Newton iteration  1 : ||r|| = 0.102812, ||r||/||r_0|| = 0.507664
Setting time step: 0.01770021424018754 in DGTransportTDO
Setting time step: 0.01770021424018754 in CombinedOp
Setting time step: 0.01770021424018754 in IonStaticPressureOp
norm(r_0) 0
norm(r_1) 0
norm(r_2) 0
norm(r_3) 0.1351403033495907
norm(r_4) 0
Newton iteration  0 : ||r|| = 0.13514
   Pass :  1   Iteration :   0  ||B r|| = 0.227323 ...
   Pass :  6   Iteration : 300  ||B r|| = 6.50053e-06
GMRES: No convergence!
norm(r_0) 0
norm(r_1) 0
norm(r_2) 0
norm(r_3) 0.08118582361115248
norm(r_4) 0
Newton iteration  1 : ||r|| = 0.0811858, ||r||/||r_0|| = 0.600752
Setting time step: 0.01770021424018754 in DGTransportTDO
Setting time step: 0.01770021424018754 in CombinedOp
Setting time step: 0.01770021424018754 in IonStaticPressureOp
norm(r_0) 0
norm(r_1) 0
norm(r_2) 0
norm(r_3) 0.08697763834688066
norm(r_4) 0
Newton iteration  0 : ||r|| = 0.0869776
   Pass :  1   Iteration :   0  ||B r|| = 0.238286 ...
   Pass :  6   Iteration : 300  ||B r|| = 8.81846e-06
GMRES: No convergence!
norm(r_0) 0
norm(r_1) 0
norm(r_2) 0
norm(r_3) 0.1095170870492566
norm(r_4) 0
Newton iteration  1 : ||r|| = 0.109517, ||r||/||r_0|| = 1.25914
Setting time step: 0.01770021424018754 in DGTransportTDO
Setting time step: 0.01770021424018754 in CombinedOp
Setting time step: 0.01770021424018754 in IonStaticPressureOp
norm(r_0) 0
norm(r_1) 0
norm(r_2) 0
norm(r_3) 1.541330755449964
norm(r_4) 0
Newton iteration  0 : ||r|| = 1.54133
   Pass :  1   Iteration :   0  ||B r|| = 0.165253 ...
   Pass :  6   Iteration : 300  ||B r|| = 3.9234e-06
GMRES: No convergence!
norm(r_0) 0
norm(r_1) 0
norm(r_2) 0
norm(r_3) 0.05599145757145189
norm(r_4) 0
Newton iteration  1 : ||r|| = 0.0559915, ||r||/||r_0|| = 0.0363267
Setting time step: 0.02322172464434397 in DGTransportTDO
Setting time step: 0.02322172464434397 in CombinedOp
Setting time step: 0.02322172464434397 in IonStaticPressureOp
norm(r_0) 0
norm(r_1) 0
norm(r_2) 0
norm(r_3) 0.05778110630750313
norm(r_4) 0
Newton iteration  0 : ||r|| = 0.0577811
   Pass :  1   Iteration :   0  ||B r|| = 0.095444 ...
   Pass :  6   Iteration : 300  ||B r|| = 3.84503e-06
GMRES: No convergence!
norm(r_0) 0
norm(r_1) 0
norm(r_2) 0
norm(r_3) 0.02490171236389159
norm(r_4) 0
Newton iteration  1 : ||r|| = 0.0249017, ||r||/||r_0|| = 0.430966
Setting time step: 0.02322172464434397 in DGTransportTDO
Setting time step: 0.02322172464434397 in CombinedOp
Setting time step: 0.02322172464434397 in IonStaticPressureOp
norm(r_0) 0
norm(r_1) 0
norm(r_2) 0
norm(r_3) 0.0671314698487438
norm(r_4) 0
Newton iteration  0 : ||r|| = 0.0671315
   Pass :  1   Iteration :   0  ||B r|| = 0.04201 ...
   Pass :  6   Iteration : 300  ||B r|| = 4.1135e-06
GMRES: No convergence!
norm(r_0) 0
norm(r_1) 0
norm(r_2) 0
norm(r_3) 0.07707351958653721
norm(r_4) 0
Newton iteration  1 : ||r|| = 0.0770735, ||r||/||r_0|| = 1.1481
Setting time step: 0.02322172464434397 in DGTransportTDO
Setting time step: 0.02322172464434397 in CombinedOp
Setting time step: 0.02322172464434397 in IonStaticPressureOp
norm(r_0) 0
norm(r_1) 0
norm(r_2) 0
norm(r_3) 0.05263141848292087
norm(r_4) 0
Newton iteration  0 : ||r|| = 0.0526314
   Pass :  1   Iteration :   0  ||B r|| = 0.0605014 ...
   Pass :  6   Iteration : 300  ||B r|| = 2.73388e-06
GMRES: No convergence!
norm(r_0) 0
norm(r_1) 0
norm(r_2) 0
norm(r_3) 0.04366003261963956
norm(r_4) 0
Newton iteration  1 : ||r|| = 0.04366, ||r||/||r_0|| = 0.829543
Setting time step: 0.02322172464434397 in DGTransportTDO
Setting time step: 0.02322172464434397 in CombinedOp
Setting time step: 0.02322172464434397 in IonStaticPressureOp
norm(r_0) 0
norm(r_1) 0
norm(r_2) 0
norm(r_3) 0.03685545835289064
norm(r_4) 0
Newton iteration  0 : ||r|| = 0.0368555
   Pass :  1   Iteration :   0  ||B r|| = 0.0664798 ...
   Pass :  6   Iteration : 300  ||B r|| = 3.00683e-06
GMRES: No convergence!
norm(r_0) 0
norm(r_1) 0
norm(r_2) 0
norm(r_3) 0.04206008015699273
norm(r_4) 0
Newton iteration  1 : ||r|| = 0.0420601, ||r||/||r_0|| = 1.14122
Setting time step: 0.02322172464434397 in DGTransportTDO
Setting time step: 0.02322172464434397 in CombinedOp
Setting time step: 0.02322172464434397 in IonStaticPressureOp
norm(r_0) 0
norm(r_1) 0
norm(r_2) 0
norm(r_3) 1.044361219558701
norm(r_4) 0
Newton iteration  0 : ||r|| = 1.04436
   Pass :  1   Iteration :   0  ||B r|| = 0.0390063 ...
   Pass :  6   Iteration : 300  ||B r|| = 1.05408e-06
GMRES: No convergence!
norm(r_0) 0
norm(r_1) 0
norm(r_2) 0
norm(r_3) 0.01634531905809456
norm(r_4) 0
Newton iteration  1 : ||r|| = 0.0163453, ||r||/||r_0|| = 0.015651
Time stepping paused at t = 0.3498831627330707

Estimating errors.
Setting time step: 0.02888677805602513 in DGTransportTDO
Setting time step: 0.02888677805602513 in CombinedOp
Setting time step: 0.02888677805602513 in IonStaticPressureOp
norm(r_0) 0
norm(r_1) 0
norm(r_2) 0
norm(r_3) 0.01690416323198028
norm(r_4) 0
Newton iteration  0 : ||r|| = 0.0169042
   Pass :  1   Iteration :   0  ||B r|| = 0.0237513 ...
   Pass :  6   Iteration : 300  ||B r|| = 1.29934e-06
GMRES: No convergence!
norm(r_0) 0
norm(r_1) 0
norm(r_2) 0
norm(r_3) 0.01149355091056815
norm(r_4) 0
Newton iteration  1 : ||r|| = 0.0114936, ||r||/||r_0|| = 0.679924
Setting time step: 0.02888677805602513 in DGTransportTDO
Setting time step: 0.02888677805602513 in CombinedOp
Setting time step: 0.02888677805602513 in IonStaticPressureOp
norm(r_0) 0
norm(r_1) 0
norm(r_2) 0
norm(r_3) 0.02636791130252972
norm(r_4) 0
Newton iteration  0 : ||r|| = 0.0263679
   Pass :  1   Iteration :   0  ||B r|| = 0.00724935 ...
   Pass :  6   Iteration : 300  ||B r|| = 1.1034e-06
GMRES: No convergence!
norm(r_0) 0
norm(r_1) 0
norm(r_2) 0
norm(r_3) 0.01764846278599417
norm(r_4) 0
Newton iteration  1 : ||r|| = 0.0176485, ||r||/||r_0|| = 0.669316
Setting time step: 0.02888677805602513 in DGTransportTDO
Setting time step: 0.02888677805602513 in CombinedOp
Setting time step: 0.02888677805602513 in IonStaticPressureOp
norm(r_0) 0
norm(r_1) 0
norm(r_2) 0
norm(r_3) 0.02090908897526081
norm(r_4) 0
Newton iteration  0 : ||r|| = 0.0209091
   Pass :  1   Iteration :   0  ||B r|| = 0.0127158 ...
   Pass :  6   Iteration : 273  ||B r|| = 9.92691e-07
norm(r_0) 0
norm(r_1) 0
norm(r_2) 0
norm(r_3) 0.0228407332969796
norm(r_4) 0
Newton iteration  1 : ||r|| = 0.0228407, ||r||/||r_0|| = 1.09238
Setting time step: 0.02888677805602513 in DGTransportTDO
Setting time step: 0.02888677805602513 in CombinedOp
Setting time step: 0.02888677805602513 in IonStaticPressureOp
norm(r_0) 0
norm(r_1) 0
norm(r_2) 0
norm(r_3) 0.01571215792873286
norm(r_4) 0
Newton iteration  0 : ||r|| = 0.0157122
   Pass :  1   Iteration :   0  ||B r|| = 0.0146088 ...
   Pass :  6   Iteration : 274  ||B r|| = 9.90806e-07
norm(r_0) 0
norm(r_1) 0
norm(r_2) 0
norm(r_3) 0.01932590495505466
norm(r_4) 0
Newton iteration  1 : ||r|| = 0.0193259, ||r||/||r_0|| = 1.23
Setting time step: 0.02888677805602513 in DGTransportTDO
Setting time step: 0.02888677805602513 in CombinedOp
Setting time step: 0.02888677805602513 in IonStaticPressureOp
norm(r_0) 0
norm(r_1) 0
norm(r_2) 0
norm(r_3) 0.3634010529212471
norm(r_4) 0
Newton iteration  0 : ||r|| = 0.363401
   Pass :  1   Iteration :   0  ||B r|| = 0.00786614 ...
   Pass :  4   Iteration : 195  ||B r|| = 9.73572e-07
norm(r_0) 0
norm(r_1) 0
norm(r_2) 0
norm(r_3) 0.01747110849891559
norm(r_4) 0
Newton iteration  1 : ||r|| = 0.0174711, ||r||/||r_0|| = 0.0480767
Setting time step: 0.05777355611205027 in DGTransportTDO
Setting time step: 0.05777355611205027 in CombinedOp
Setting time step: 0.05777355611205027 in IonStaticPressureOp
norm(r_0) 0
norm(r_1) 0
norm(r_2) 0
norm(r_3) 0.01750124557642912
norm(r_4) 0
Newton iteration  0 : ||r|| = 0.0175012
   Pass :  1   Iteration :   0  ||B r|| = 0.0025569 ...
   Pass :  3   Iteration : 143  ||B r|| = 9.55753e-07
norm(r_0) 0
norm(r_1) 0
norm(r_2) 0
norm(r_3) 0.02980046433688459
norm(r_4) 0
Newton iteration  1 : ||r|| = 0.0298005, ||r||/||r_0|| = 1.70276
Setting time step: 0.05777355611205027 in DGTransportTDO
Setting time step: 0.05777355611205027 in CombinedOp
Setting time step: 0.05777355611205027 in IonStaticPressureOp
norm(r_0) 0
norm(r_1) 0
norm(r_2) 0
norm(r_3) 0.04704534331088626
norm(r_4) 0
Newton iteration  0 : ||r|| = 0.0470453
   Pass :  1   Iteration :   0  ||B r|| = 0.000205925 ...
   Pass :  2   Iteration :  84  ||B r|| = 9.97562e-07
norm(r_0) 0
norm(r_1) 0
norm(r_2) 0
norm(r_3) 0.04642393451328203
norm(r_4) 0
Newton iteration  1 : ||r|| = 0.0464239, ||r||/||r_0|| = 0.986791
Setting time step: 0.05777355611205027 in DGTransportTDO
Setting time step: 0.05777355611205027 in CombinedOp
Setting time step: 0.05777355611205027 in IonStaticPressureOp
norm(r_0) 0
norm(r_1) 0
norm(r_2) 0
norm(r_3) 0.0362525254484472
norm(r_4) 0
Newton iteration  0 : ||r|| = 0.0362525
   Pass :  1   Iteration :   0  ||B r|| = 0.000636388 ...
   Pass :  2   Iteration :  95  ||B r|| = 9.89027e-07
norm(r_0) 0
norm(r_1) 0
norm(r_2) 0
norm(r_3) 0.043845270136736
norm(r_4) 0
Newton iteration  1 : ||r|| = 0.0438453, ||r||/||r_0|| = 1.20944
Setting time step: 0.05777355611205027 in DGTransportTDO
Setting time step: 0.05777355611205027 in CombinedOp
Setting time step: 0.05777355611205027 in IonStaticPressureOp
norm(r_0) 0
norm(r_1) 0
norm(r_2) 0
norm(r_3) 0.03205513224757724
norm(r_4) 0
Newton iteration  0 : ||r|| = 0.0320551
   Pass :  1   Iteration :   0  ||B r|| = 0.000964277 ...
   Pass :  2   Iteration : 100  ||B r|| = 9.96609e-07
norm(r_0) 0
norm(r_1) 0
norm(r_2) 0
norm(r_3) 0.04036767587041587
norm(r_4) 0
Newton iteration  1 : ||r|| = 0.0403677, ||r||/||r_0|| = 1.25932
Setting time step: 0.05777355611205027 in DGTransportTDO
Setting time step: 0.05777355611205027 in CombinedOp
Setting time step: 0.05777355611205027 in IonStaticPressureOp
norm(r_0) 0
norm(r_1) 0
norm(r_2) 0
norm(r_3) 0.4818214005676889
norm(r_4) 0
Newton iteration  0 : ||r|| = 0.481821
   Pass :  1   Iteration :   0  ||B r|| = 0.00187687 ...
   Pass :  2   Iteration :  84  ||B r|| = 9.98272e-07
norm(r_0) 0
norm(r_1) 0
norm(r_2) 0
norm(r_3) 0.02023865914193779
norm(r_4) 0
Newton iteration  1 : ||r|| = 0.0202387, ||r||/||r_0|| = 0.0420045
Setting time step: 0.1155471122241005 in DGTransportTDO
Setting time step: 0.1155471122241005 in CombinedOp
Setting time step: 0.1155471122241005 in IonStaticPressureOp
norm(r_0) 0
norm(r_1) 0
norm(r_2) 0
norm(r_3) 0.02024016823189704
norm(r_4) 0
Newton iteration  0 : ||r|| = 0.0202402
   Pass :  1   Iteration :   0  ||B r|| = 0.000140847 ...
   Pass :  1   Iteration :   3  ||B r|| = 9.79022e-07
norm(r_0) 0
norm(r_1) 0
norm(r_2) 0
norm(r_3) 0.01110017275409401
norm(r_4) 0
Newton iteration  1 : ||r|| = 0.0111002, ||r||/||r_0|| = 0.548423
Setting time step: 0.1155471122241005 in DGTransportTDO
Setting time step: 0.1155471122241005 in CombinedOp
Setting time step: 0.1155471122241005 in IonStaticPressureOp
norm(r_0) 0
norm(r_1) 0
norm(r_2) 0
norm(r_3) 0.02961629236454269
norm(r_4) 0
Newton iteration  0 : ||r|| = 0.0296163
   Pass :  1   Iteration :   0  ||B r|| = 0.000138848 ...
   Pass :  1   Iteration :   2  ||B r|| = 9.96084e-07
norm(r_0) 0
norm(r_1) 0
norm(r_2) 0
norm(r_3) 0.008637132690663045
norm(r_4) 0
Newton iteration  1 : ||r|| = 0.00863713, ||r||/||r_0|| = 0.291635
Setting time step: 0.1155471122241005 in DGTransportTDO
Setting time step: 0.1155471122241005 in CombinedOp
Setting time step: 0.1155471122241005 in IonStaticPressureOp
norm(r_0) 0
norm(r_1) 0
norm(r_2) 0
norm(r_3) 0.02187693915046983
norm(r_4) 0
Newton iteration  0 : ||r|| = 0.0218769
   Pass :  1   Iteration :   0  ||B r|| = 7.14627e-05 ...
   Pass :  1   Iteration :   2  ||B r|| = 9.35289e-07
norm(r_0) 0
norm(r_1) 0
norm(r_2) 0
norm(r_3) 0.005138638005700046
norm(r_4) 0
Newton iteration  1 : ||r|| = 0.00513864, ||r||/||r_0|| = 0.234888
Setting time step: 0.1155471122241005 in DGTransportTDO
Setting time step: 0.1155471122241005 in CombinedOp
Setting time step: 0.1155471122241005 in IonStaticPressureOp
norm(r_0) 0
norm(r_1) 0
norm(r_2) 0
norm(r_3) 0.01593647714298099
norm(r_4) 0
Newton iteration  0 : ||r|| = 0.0159365
   Pass :  1   Iteration :   0  ||B r|| = 3.17628e-05 ...
   Pass :  1   Iteration :   1  ||B r|| = 9.85131e-07
norm(r_0) 0
norm(r_1) 0
norm(r_2) 0
norm(r_3) 0.008345228763562673
norm(r_4) 0
Newton iteration  1 : ||r|| = 0.00834523, ||r||/||r_0|| = 0.523656
Setting time step: 0.1155471122241005 in DGTransportTDO
Setting time step: 0.1155471122241005 in CombinedOp
Setting time step: 0.1155471122241005 in IonStaticPressureOp
norm(r_0) 0
norm(r_1) 0
norm(r_2) 0
norm(r_3) 0.2336774687096998
norm(r_4) 0
Newton iteration  0 : ||r|| = 0.233677
   Pass :  1   Iteration :   0  ||B r|| = 0.000321493 ...
   Pass :  1   Iteration :   4  ||B r|| = 8.34272e-07
norm(r_0) 0
norm(r_1) 0
norm(r_2) 0
norm(r_3) 0.01064836789403541
norm(r_4) 0
Newton iteration  1 : ||r|| = 0.0106484, ||r||/||r_0|| = 0.0455687
Setting time step: 0.2310942244482011 in DGTransportTDO
Setting time step: 0.2310942244482011 in CombinedOp
Setting time step: 0.2310942244482011 in IonStaticPressureOp
norm(r_0) 0
norm(r_1) 0
norm(r_2) 0
norm(r_3) 0.01064836126224622
norm(r_4) 0
Newton iteration  0 : ||r|| = 0.0106484
   Pass :  1   Iteration :   0  ||B r|| = 9.97818e-07
norm(r_0) 0
norm(r_1) 0
norm(r_2) 0
norm(r_3) 0.01064836126224622
norm(r_4) 0
Newton iteration  1 : ||r|| = 0.0106484, ||r||/||r_0|| = 1
Setting time step: 0.2310942244482011 in DGTransportTDO
Setting time step: 0.2310942244482011 in CombinedOp
Setting time step: 0.2310942244482011 in IonStaticPressureOp
norm(r_0) 0
norm(r_1) 0
norm(r_2) 0
norm(r_3) 0.01064836126224622
norm(r_4) 0
Newton iteration  0 : ||r|| = 0.0106484
   Pass :  1   Iteration :   0  ||B r|| = 9.97818e-07
norm(r_0) 0
norm(r_1) 0
norm(r_2) 0
norm(r_3) 0.01064836126224622
norm(r_4) 0
Newton iteration  1 : ||r|| = 0.0106484, ||r||/||r_0|| = 1
Setting time step: 0.2310942244482011 in DGTransportTDO
Setting time step: 0.2310942244482011 in CombinedOp
Setting time step: 0.2310942244482011 in IonStaticPressureOp
norm(r_0) 0
norm(r_1) 0
norm(r_2) 0
norm(r_3) 0.01064836126224622
norm(r_4) 0
Newton iteration  0 : ||r|| = 0.0106484
   Pass :  1   Iteration :   0  ||B r|| = 9.97818e-07
norm(r_0) 0
norm(r_1) 0
norm(r_2) 0
norm(r_3) 0.01064836126224622
norm(r_4) 0
Newton iteration  1 : ||r|| = 0.0106484, ||r||/||r_0|| = 1
Setting time step: 0.2310942244482011 in DGTransportTDO
Setting time step: 0.2310942244482011 in CombinedOp
Setting time step: 0.2310942244482011 in IonStaticPressureOp
norm(r_0) 0
norm(r_1) 0
norm(r_2) 0
norm(r_3) 0.01064836126224622
norm(r_4) 0
Newton iteration  0 : ||r|| = 0.0106484
   Pass :  1   Iteration :   0  ||B r|| = 9.97818e-07
norm(r_0) 0
norm(r_1) 0
norm(r_2) 0
norm(r_3) 0.01064836126224622
norm(r_4) 0
Newton iteration  1 : ||r|| = 0.0106484, ||r||/||r_0|| = 1
Setting time step: 0.2310942244482011 in DGTransportTDO
Setting time step: 0.2310942244482011 in CombinedOp
Setting time step: 0.2310942244482011 in IonStaticPressureOp
norm(r_0) 0
norm(r_1) 0
norm(r_2) 0
norm(r_3) 0.01064836126224622
norm(r_4) 0
Newton iteration  0 : ||r|| = 0.0106484
   Pass :  1   Iteration :   0  ||B r|| = 9.97818e-07
norm(r_0) 0
norm(r_1) 0
norm(r_2) 0
norm(r_3) 0.01064836126224622
norm(r_4) 0
Newton iteration  1 : ||r|| = 0.0106484, ||r||/||r_0|| = 1
Time stepping paused at t = 2.083089846094579
Steady State solution has been reached

Time stepping done after 3.397149909s.
