Options used:
   --mesh ../../mfem/data/inline-quad.mesh
   --bc-file ../../mfem/miniapps/plasma/transport2d_bcs.inp
   --ic-file ../../mfem/miniapps/plasma/transport2d_ics.inp
   --ec-file /home/gz6/mfem-analysis/input-files/transport2d_ecs.inp
   --es-file ../../mfem/miniapps/plasma/transport2d_ess.inp
   --eqdsk-file 
   --logging 1
   --operator-test 8
   --equation-weights '1 1 1 1 1'
   --problem 0
   --refine-serial 0
   --refine-parallel 0
   --enable-amr
   --max-err -1
   --hysteresis 0.25
   --nc-limit 3
   --amr-weights '1 1 1 1 1'
   --order 2
   --dg-sigma -1
   --dg-kappa 9
   --linear-abs-tolerance 1e-06
   --linear-rel-tolerance 1e-06
   --linear-max-iterations 500
   --linear-logging-level 1
   --newton-abs-tolerance 1e-10
   --newton-rel-tolerance 1e-10
   --newton-max-iterations 1
   --newton-logging-level 1
   --steady-state-abs-tolerance 1e-08
   --steady-state-rel-tolerance 1e-08
   --prec-type 1
   --prec-logging-level 0
   --initial-tolerance 1e-05
   --ode-tolerance 0.001
   --ode-solver 2
   --err-per-step
   --ode-weights '1 1 1 1 1'
   --kP 0
   --kI 0.6
   --kD 0
   --theta-max 2
   --t-minimum 0
   --t-final 100
   --time-step 0.01
   --cfl-number 0.3
   --ion-charge 1
   --ion-mass 2.0141018
   --neutral-mass 2.0141018
   --neutral-temp 3
   --min-neutral-density 9e+14
   --max-neutral-density 1e+15
   --neutral-density-exp 0
   --min-ion-density 1e+16
   --max-ion-density 1e+18
   --ion-density-exp 0
   --min-ion-temp 1
   --max-ion-temp 10
   --ion-temp-exp 0
   --min-electron-temp 10
   --max-electron-temp 440
   --electron-temp-exp 0
   --total-B-magnitude 5
   --poloidal-B-magnitude 0.5
   --velocity 1000
   --Di-perp 1
   --Xi-perp 1
   --Xe-perp 1
   --equation-term-flags '-1 -1 -1 -1 -1'
   --visualization-flags '-1 -1 -1 -1 -1'
   --visualization
   --visit-datafiles
   --ascii-datafiles
   --visualization-steps 4
Device configuration: cpu
Memory configuration: host-std
Number of elements in initial mesh: 16
Number of elements after serial refinement: 16
14: Number of elements in parallel mesh: 1
14: Number of elements after parallel refinement: 1
15: Number of elements in parallel mesh: 1
15: Number of elements after parallel refinement: 1
10: Number of elements in parallel mesh: 1
10: Number of elements after parallel refinement: 1
12: Number of elements in parallel mesh: 1
12: Number of elements after parallel refinement: 1
5: Number of elements in parallel mesh: 1
5: Number of elements after parallel refinement: 1
6: Number of elements in parallel mesh: 1
6: Number of elements after parallel refinement: 1
9: Number of elements in parallel mesh: 1
9: Number of elements after parallel refinement: 1
11: Number of elements in parallel mesh: 1
11: Number of elements after parallel refinement: 1
13: Number of elements in parallel mesh: 1
13: Number of elements after parallel refinement: 1
4: Number of elements in parallel mesh: 1
4: Number of elements after parallel refinement: 1
7: Number of elements in parallel mesh: 1
7: Number of elements after parallel refinement: 1
8: Number of elements in parallel mesh: 1
8: Number of elements after parallel refinement: 1
1: Number of elements in parallel mesh: 1
1: Number of elements after parallel refinement: 1
3: Number of elements in parallel mesh: 1
3: Number of elements after parallel refinement: 1
0: Number of elements in parallel mesh: 1
0: Number of elements after parallel refinement: 1
2: Number of elements in parallel mesh: 1
2: Number of elements after parallel refinement: 1
Configuring initial conditions
Reading initial conditions from ../../mfem/miniapps/plasma/transport2d_ics.inp
Configuring exact solutions
Reading exact solutions from ../../mfem/miniapps/plasma/transport2d_ess.inp

AMR iteration 0
Number of unknowns: 144
Stopping criterion satisfied. Stop.
Number of unknowns per field: 144
Total number of unknowns:     720
Configuring boundary conditions
Reading boundary conditions from ../../mfem/miniapps/plasma/transport2d_bcs.inp
Configuring equation coefficients
Reading equation coefficients from /home/gz6/mfem-analysis/input-files/transport2d_ecs.inp
|mn| = 3.3444946e-27
|ni| = 1
|ne| = 1

|Dn|     = -nan
|Di|     = -nan
|Eta|    = -nan
|nXi|    = -nan
|nXe|    = -nan

|Eta/mn| = -nan
|nXi/ni| = -nan
|nXe/ne| = -nan
Ion Static Pressure: Adding time derivative term proportional to d n_i / dt
Ion Static Pressure: Adding time derivative term proportional to d T_i / dt
Ion Static Pressure: Adding anisotropic diffusion term
Ion Static Pressure: Adding source term
Opening GLVis sockets.
Range of error estimates for initial condition: -nan < elem err < -nan

Begin time stepping at t = 0
Setting time step: 0.0025 in DGTransportTDO
Setting time step: 0.0025 in CombinedOp
Setting time step: 0.0025 in IonStaticPressureOp
norm(r_0) 0
norm(r_1) 0
norm(r_2) 0
norm(r_3) 0.86815965
norm(r_4) 0
Newton iteration  0 : ||r|| = 0.86816
   Pass :  1   Iteration :   0  ||B r|| = 53.9955
   Pass :  1   Iteration :   1  ||B r|| = 7.38487
   Pass :  1   Iteration :   2  ||B r|| = 1.33492
   Pass :  1   Iteration :   3  ||B r|| = 0.719961
   Pass :  1   Iteration :   4  ||B r|| = 0.414559
   Pass :  1   Iteration :   5  ||B r|| = 0.240031
   Pass :  1   Iteration :   6  ||B r|| = 0.0859226
   Pass :  1   Iteration :   7  ||B r|| = 0.0486074
   Pass :  1   Iteration :   8  ||B r|| = 0.0232374
   Pass :  1   Iteration :   9  ||B r|| = 0.0117466
   Pass :  1   Iteration :  10  ||B r|| = 0.00465805
   Pass :  1   Iteration :  11  ||B r|| = 0.00231629
   Pass :  1   Iteration :  12  ||B r|| = 0.00123904
   Pass :  1   Iteration :  13  ||B r|| = 0.00049932
   Pass :  1   Iteration :  14  ||B r|| = 0.000223348
   Pass :  1   Iteration :  15  ||B r|| = 8.21435e-05
   Pass :  1   Iteration :  16  ||B r|| = 4.25992e-05
norm(r_0) 0
norm(r_1) 0
norm(r_2) 0
norm(r_3) 2.1167282e-05
norm(r_4) 0
Newton iteration  1 : ||r|| = 2.11673e-05, ||r||/||r_0|| = 2.43818e-05
Setting time step: 0.0025 in DGTransportTDO
Setting time step: 0.0025 in CombinedOp
Setting time step: 0.0025 in IonStaticPressureOp
norm(r_0) 0
norm(r_1) 0
norm(r_2) 0
norm(r_3) 0.81309213
norm(r_4) 0
Newton iteration  0 : ||r|| = 0.813092
   Pass :  1   Iteration :   0  ||B r|| = 50.553
   Pass :  1   Iteration :   1  ||B r|| = 6.91346
   Pass :  1   Iteration :   2  ||B r|| = 1.24818
   Pass :  1   Iteration :   3  ||B r|| = 0.672035
   Pass :  1   Iteration :   4  ||B r|| = 0.386683
   Pass :  1   Iteration :   5  ||B r|| = 0.223999
   Pass :  1   Iteration :   6  ||B r|| = 0.0802839
   Pass :  1   Iteration :   7  ||B r|| = 0.0454321
   Pass :  1   Iteration :   8  ||B r|| = 0.021721
   Pass :  1   Iteration :   9  ||B r|| = 0.0109864
   Pass :  1   Iteration :  10  ||B r|| = 0.00435894
   Pass :  1   Iteration :  11  ||B r|| = 0.0021679
   Pass :  1   Iteration :  12  ||B r|| = 0.00115996
   Pass :  1   Iteration :  13  ||B r|| = 0.000467842
   Pass :  1   Iteration :  14  ||B r|| = 0.000209184
   Pass :  1   Iteration :  15  ||B r|| = 7.68877e-05
   Pass :  1   Iteration :  16  ||B r|| = 3.98582e-05
norm(r_0) 0
norm(r_1) 0
norm(r_2) 0
norm(r_3) 1.9812627e-05
norm(r_4) 0
Newton iteration  1 : ||r|| = 1.98126e-05, ||r||/||r_0|| = 2.4367e-05
Setting time step: 0.0025 in DGTransportTDO
Setting time step: 0.0025 in CombinedOp
Setting time step: 0.0025 in IonStaticPressureOp
norm(r_0) 0
norm(r_1) 0
norm(r_2) 0
norm(r_3) 0.83487795
norm(r_4) 0
Newton iteration  0 : ||r|| = 0.834878
   Pass :  1   Iteration :   0  ||B r|| = 51.9117
   Pass :  1   Iteration :   1  ||B r|| = 7.09974
   Pass :  1   Iteration :   2  ||B r|| = 1.2824
   Pass :  1   Iteration :   3  ||B r|| = 0.690907
   Pass :  1   Iteration :   4  ||B r|| = 0.397683
   Pass :  1   Iteration :   5  ||B r|| = 0.230332
   Pass :  1   Iteration :   6  ||B r|| = 0.082513
   Pass :  1   Iteration :   7  ||B r|| = 0.0466845
   Pass :  1   Iteration :   8  ||B r|| = 0.0223187
   Pass :  1   Iteration :   9  ||B r|| = 0.0112861
   Pass :  1   Iteration :  10  ||B r|| = 0.0044772
   Pass :  1   Iteration :  11  ||B r|| = 0.00222668
   Pass :  1   Iteration :  12  ||B r|| = 0.00119126
   Pass :  1   Iteration :  13  ||B r|| = 0.000480301
   Pass :  1   Iteration :  14  ||B r|| = 0.000214792
   Pass :  1   Iteration :  15  ||B r|| = 7.89639e-05
   Pass :  1   Iteration :  16  ||B r|| = 4.09409e-05
norm(r_0) 0
norm(r_1) 0
norm(r_2) 0
norm(r_3) 2.0347511e-05
norm(r_4) 0
Newton iteration  1 : ||r|| = 2.03475e-05, ||r||/||r_0|| = 2.43718e-05
Setting time step: 0.0025 in DGTransportTDO
Setting time step: 0.0025 in CombinedOp
Setting time step: 0.0025 in IonStaticPressureOp
norm(r_0) 0
norm(r_1) 0
norm(r_2) 0
norm(r_3) 0.84041815
norm(r_4) 0
Newton iteration  0 : ||r|| = 0.840418
   Pass :  1   Iteration :   0  ||B r|| = 52.2589
   Pass :  1   Iteration :   1  ||B r|| = 7.14723
   Pass :  1   Iteration :   2  ||B r|| = 1.29115
   Pass :  1   Iteration :   3  ||B r|| = 0.695747
   Pass :  1   Iteration :   4  ||B r|| = 0.400491
   Pass :  1   Iteration :   5  ||B r|| = 0.231946
   Pass :  1   Iteration :   6  ||B r|| = 0.0830804
   Pass :  1   Iteration :   7  ||B r|| = 0.0470048
   Pass :  1   Iteration :   8  ||B r|| = 0.0224718
   Pass :  1   Iteration :   9  ||B r|| = 0.0113629
   Pass :  1   Iteration :  10  ||B r|| = 0.00450731
   Pass :  1   Iteration :  11  ||B r|| = 0.00224159
   Pass :  1   Iteration :  12  ||B r|| = 0.00119922
   Pass :  1   Iteration :  13  ||B r|| = 0.000483469
   Pass :  1   Iteration :  14  ||B r|| = 0.000216216
   Pass :  1   Iteration :  15  ||B r|| = 7.94936e-05
   Pass :  1   Iteration :  16  ||B r|| = 4.12171e-05
norm(r_0) 0
norm(r_1) 0
norm(r_2) 0
norm(r_3) 2.0484106e-05
norm(r_4) 0
Newton iteration  1 : ||r|| = 2.04841e-05, ||r||/||r_0|| = 2.43737e-05
Setting time step: 0.0025 in DGTransportTDO
Setting time step: 0.0025 in CombinedOp
Setting time step: 0.0025 in IonStaticPressureOp
norm(r_0) 0
norm(r_1) 0
norm(r_2) 0
norm(r_3) 0.7859723
norm(r_4) 0
Newton iteration  0 : ||r|| = 0.785972
   Pass :  1   Iteration :   0  ||B r|| = 48.8979
   Pass :  1   Iteration :   1  ||B r|| = 6.68474
   Pass :  1   Iteration :   2  ||B r|| = 1.20641
   Pass :  1   Iteration :   3  ||B r|| = 0.649088
   Pass :  1   Iteration :   4  ||B r|| = 0.372957
   Pass :  1   Iteration :   5  ||B r|| = 0.216044
   Pass :  1   Iteration :   6  ||B r|| = 0.0774871
   Pass :  1   Iteration :   7  ||B r|| = 0.0439013
   Pass :  1   Iteration :   8  ||B r|| = 0.0209961
   Pass :  1   Iteration :   9  ||B r|| = 0.0106228
   Pass :  1   Iteration :  10  ||B r|| = 0.0042131
   Pass :  1   Iteration :  11  ||B r|| = 0.0020942
   Pass :  1   Iteration :  12  ||B r|| = 0.00112099
   Pass :  1   Iteration :  13  ||B r|| = 0.000452474
   Pass :  1   Iteration :  14  ||B r|| = 0.000202196
   Pass :  1   Iteration :  15  ||B r|| = 7.43446e-05
   Pass :  1   Iteration :  16  ||B r|| = 3.85287e-05
norm(r_0) 0
norm(r_1) 0
norm(r_2) 0
norm(r_3) 1.9161346e-05
norm(r_4) 0
Newton iteration  1 : ||r|| = 1.91613e-05, ||r||/||r_0|| = 2.43792e-05
Setting time step: 0.005 in DGTransportTDO
Setting time step: 0.005 in CombinedOp
Setting time step: 0.005 in IonStaticPressureOp
norm(r_0) 0
norm(r_1) 0
norm(r_2) 0
norm(r_3) 0.76116278
norm(r_4) 0
Newton iteration  0 : ||r|| = 0.761163
   Pass :  1   Iteration :   0  ||B r|| = 40.9432
   Pass :  1   Iteration :   1  ||B r|| = 5.91639
   Pass :  1   Iteration :   2  ||B r|| = 1.01607
   Pass :  1   Iteration :   3  ||B r|| = 0.57927
   Pass :  1   Iteration :   4  ||B r|| = 0.366177
   Pass :  1   Iteration :   5  ||B r|| = 0.251917
   Pass :  1   Iteration :   6  ||B r|| = 0.121464
   Pass :  1   Iteration :   7  ||B r|| = 0.066514
   Pass :  1   Iteration :   8  ||B r|| = 0.0369817
   Pass :  1   Iteration :   9  ||B r|| = 0.0213769
   Pass :  1   Iteration :  10  ||B r|| = 0.00988154
   Pass :  1   Iteration :  11  ||B r|| = 0.004995
   Pass :  1   Iteration :  12  ||B r|| = 0.00298652
   Pass :  1   Iteration :  13  ||B r|| = 0.00121063
   Pass :  1   Iteration :  14  ||B r|| = 0.000635439
   Pass :  1   Iteration :  15  ||B r|| = 0.000263104
   Pass :  1   Iteration :  16  ||B r|| = 0.000133107
   Pass :  1   Iteration :  17  ||B r|| = 6.02921e-05
   Pass :  1   Iteration :  18  ||B r|| = 2.36391e-05
norm(r_0) 0
norm(r_1) 0
norm(r_2) 0
norm(r_3) 2.6485838e-05
norm(r_4) 0
Newton iteration  1 : ||r|| = 2.64858e-05, ||r||/||r_0|| = 3.47965e-05
Setting time step: 0.005 in DGTransportTDO
Setting time step: 0.005 in CombinedOp
Setting time step: 0.005 in IonStaticPressureOp
norm(r_0) 0
norm(r_1) 0
norm(r_2) 0
norm(r_3) 0.66713343
norm(r_4) 0
Newton iteration  0 : ||r|| = 0.667133
   Pass :  1   Iteration :   0  ||B r|| = 35.8951
   Pass :  1   Iteration :   1  ||B r|| = 5.18377
   Pass :  1   Iteration :   2  ||B r|| = 0.889682
   Pass :  1   Iteration :   3  ||B r|| = 0.506724
   Pass :  1   Iteration :   4  ||B r|| = 0.319902
   Pass :  1   Iteration :   5  ||B r|| = 0.220035
   Pass :  1   Iteration :   6  ||B r|| = 0.106222
   Pass :  1   Iteration :   7  ||B r|| = 0.058209
   Pass :  1   Iteration :   8  ||B r|| = 0.0323815
   Pass :  1   Iteration :   9  ||B r|| = 0.0187257
   Pass :  1   Iteration :  10  ||B r|| = 0.00865494
   Pass :  1   Iteration :  11  ||B r|| = 0.00437485
   Pass :  1   Iteration :  12  ||B r|| = 0.0026153
   Pass :  1   Iteration :  13  ||B r|| = 0.00106095
   Pass :  1   Iteration :  14  ||B r|| = 0.000556831
   Pass :  1   Iteration :  15  ||B r|| = 0.000230571
   Pass :  1   Iteration :  16  ||B r|| = 0.000116649
   Pass :  1   Iteration :  17  ||B r|| = 5.2831e-05
   Pass :  1   Iteration :  18  ||B r|| = 2.07106e-05
norm(r_0) 0
norm(r_1) 0
norm(r_2) 0
norm(r_3) 2.3208356e-05
norm(r_4) 0
Newton iteration  1 : ||r|| = 2.32084e-05, ||r||/||r_0|| = 3.47882e-05
Setting time step: 0.005 in DGTransportTDO
Setting time step: 0.005 in CombinedOp
Setting time step: 0.005 in IonStaticPressureOp
norm(r_0) 0
norm(r_1) 0
norm(r_2) 0
norm(r_3) 0.70381916
norm(r_4) 0
Newton iteration  0 : ||r|| = 0.703819
   Pass :  1   Iteration :   0  ||B r|| = 37.8648
   Pass :  1   Iteration :   1  ||B r|| = 5.46952
   Pass :  1   Iteration :   2  ||B r|| = 0.938955
   Pass :  1   Iteration :   3  ||B r|| = 0.534982
   Pass :  1   Iteration :   4  ||B r|| = 0.337914
   Pass :  1   Iteration :   5  ||B r|| = 0.232442
   Pass :  1   Iteration :   6  ||B r|| = 0.112159
   Pass :  1   Iteration :   7  ||B r|| = 0.0614456
   Pass :  1   Iteration :   8  ||B r|| = 0.0341747
   Pass :  1   Iteration :   9  ||B r|| = 0.0197594
   Pass :  1   Iteration :  10  ||B r|| = 0.00913328
   Pass :  1   Iteration :  11  ||B r|| = 0.00461672
   Pass :  1   Iteration :  12  ||B r|| = 0.00276005
   Pass :  1   Iteration :  13  ||B r|| = 0.00111935
   Pass :  1   Iteration :  14  ||B r|| = 0.000587495
   Pass :  1   Iteration :  15  ||B r|| = 0.000243263
   Pass :  1   Iteration :  16  ||B r|| = 0.00012307
   Pass :  1   Iteration :  17  ||B r|| = 5.57413e-05
   Pass :  1   Iteration :  18  ||B r|| = 2.18528e-05
norm(r_0) 0
norm(r_1) 0
norm(r_2) 0
norm(r_3) 2.4486839e-05
norm(r_4) 0
Newton iteration  1 : ||r|| = 2.44868e-05, ||r||/||r_0|| = 3.47914e-05
Setting time step: 0.005 in DGTransportTDO
Setting time step: 0.005 in CombinedOp
Setting time step: 0.005 in IonStaticPressureOp
norm(r_0) 0
norm(r_1) 0
norm(r_2) 0
norm(r_3) 0.71337099
norm(r_4) 0
Newton iteration  0 : ||r|| = 0.713371
   Pass :  1   Iteration :   0  ||B r|| = 38.3776
   Pass :  1   Iteration :   1  ||B r|| = 5.54396
   Pass :  1   Iteration :   2  ||B r|| = 0.951801
   Pass :  1   Iteration :   3  ||B r|| = 0.542361
   Pass :  1   Iteration :   4  ||B r|| = 0.342622
   Pass :  1   Iteration :   5  ||B r|| = 0.235687
   Pass :  1   Iteration :   6  ||B r|| = 0.113709
   Pass :  1   Iteration :   7  ||B r|| = 0.0622899
   Pass :  1   Iteration :   8  ||B r|| = 0.0346423
   Pass :  1   Iteration :   9  ||B r|| = 0.0200289
   Pass :  1   Iteration :  10  ||B r|| = 0.00925793
   Pass :  1   Iteration :  11  ||B r|| = 0.00467973
   Pass :  1   Iteration :  12  ||B r|| = 0.00279777
   Pass :  1   Iteration :  13  ||B r|| = 0.00113455
   Pass :  1   Iteration :  14  ||B r|| = 0.000595481
   Pass :  1   Iteration :  15  ||B r|| = 0.000246568
   Pass :  1   Iteration :  16  ||B r|| = 0.000124742
   Pass :  1   Iteration :  17  ||B r|| = 5.64993e-05
   Pass :  1   Iteration :  18  ||B r|| = 2.21504e-05
norm(r_0) 0
norm(r_1) 0
norm(r_2) 0
norm(r_3) 2.4819823e-05
norm(r_4) 0
Newton iteration  1 : ||r|| = 2.48198e-05, ||r||/||r_0|| = 3.47923e-05
Setting time step: 0.005 in DGTransportTDO
Setting time step: 0.005 in CombinedOp
Setting time step: 0.005 in IonStaticPressureOp
norm(r_0) 0
norm(r_1) 0
norm(r_2) 0
norm(r_3) 0.62340542
norm(r_4) 0
Newton iteration  0 : ||r|| = 0.623405
   Pass :  1   Iteration :   0  ||B r|| = 33.5483
   Pass :  1   Iteration :   1  ||B r|| = 4.84365
   Pass :  1   Iteration :   2  ||B r|| = 0.831121
   Pass :  1   Iteration :   3  ||B r|| = 0.473278
   Pass :  1   Iteration :   4  ||B r|| = 0.298605
   Pass :  1   Iteration :   5  ||B r|| = 0.205374
   Pass :  1   Iteration :   6  ||B r|| = 0.0991814
   Pass :  1   Iteration :   7  ||B r|| = 0.0543666
   Pass :  1   Iteration :   8  ||B r|| = 0.0302544
   Pass :  1   Iteration :   9  ||B r|| = 0.0174978
   Pass :  1   Iteration :  10  ||B r|| = 0.00808583
   Pass :  1   Iteration :  11  ||B r|| = 0.00408662
   Pass :  1   Iteration :  12  ||B r|| = 0.00244305
   Pass :  1   Iteration :  13  ||B r|| = 0.000991348
   Pass :  1   Iteration :  14  ||B r|| = 0.000520318
   Pass :  1   Iteration :  15  ||B r|| = 0.000215441
   Pass :  1   Iteration :  16  ||B r|| = 0.000109003
   Pass :  1   Iteration :  17  ||B r|| = 4.9367e-05
   Pass :  1   Iteration :  18  ||B r|| = 1.93518e-05
norm(r_0) 0
norm(r_1) 0
norm(r_2) 0
norm(r_3) 2.1685733e-05
norm(r_4) 0
Newton iteration  1 : ||r|| = 2.16857e-05, ||r||/||r_0|| = 3.47859e-05
Setting time step: 0.01 in DGTransportTDO
Setting time step: 0.01 in CombinedOp
Setting time step: 0.01 in IonStaticPressureOp
norm(r_0) 0
norm(r_1) 0
norm(r_2) 0
norm(r_3) 0.58491078
norm(r_4) 0
Newton iteration  0 : ||r|| = 0.584911
   Pass :  1   Iteration :   0  ||B r|| = 24.9198
   Pass :  1   Iteration :   1  ||B r|| = 3.60043
   Pass :  1   Iteration :   2  ||B r|| = 0.670441
   Pass :  1   Iteration :   3  ||B r|| = 0.380529
   Pass :  1   Iteration :   4  ||B r|| = 0.252076
   Pass :  1   Iteration :   5  ||B r|| = 0.184827
   Pass :  1   Iteration :   6  ||B r|| = 0.119378
   Pass :  1   Iteration :   7  ||B r|| = 0.0688186
   Pass :  1   Iteration :   8  ||B r|| = 0.0383599
   Pass :  1   Iteration :   9  ||B r|| = 0.0257645
   Pass :  1   Iteration :  10  ||B r|| = 0.013134
   Pass :  1   Iteration :  11  ||B r|| = 0.00688823
   Pass :  1   Iteration :  12  ||B r|| = 0.0044131
   Pass :  1   Iteration :  13  ||B r|| = 0.00194223
   Pass :  1   Iteration :  14  ||B r|| = 0.00101659
   Pass :  1   Iteration :  15  ||B r|| = 0.000495197
   Pass :  1   Iteration :  16  ||B r|| = 0.000234806
   Pass :  1   Iteration :  17  ||B r|| = 0.000106368
   Pass :  1   Iteration :  18  ||B r|| = 4.77203e-05
   Pass :  1   Iteration :  19  ||B r|| = 2.40141e-05
norm(r_0) 0
norm(r_1) 0
norm(r_2) 0
norm(r_3) 4.7566878e-05
norm(r_4) 0
Newton iteration  1 : ||r|| = 4.75669e-05, ||r||/||r_0|| = 8.13233e-05
Setting time step: 0.01 in DGTransportTDO
Setting time step: 0.01 in CombinedOp
Setting time step: 0.01 in IonStaticPressureOp
norm(r_0) 0
norm(r_1) 0
norm(r_2) 0
norm(r_3) 0.44876742
norm(r_4) 0
Newton iteration  0 : ||r|| = 0.448767
   Pass :  1   Iteration :   0  ||B r|| = 19.123
   Pass :  1   Iteration :   1  ||B r|| = 2.76215
   Pass :  1   Iteration :   2  ||B r|| = 0.51426
   Pass :  1   Iteration :   3  ||B r|| = 0.291777
   Pass :  1   Iteration :   4  ||B r|| = 0.193174
   Pass :  1   Iteration :   5  ||B r|| = 0.141599
   Pass :  1   Iteration :   6  ||B r|| = 0.0914882
   Pass :  1   Iteration :   7  ||B r|| = 0.0527581
   Pass :  1   Iteration :   8  ||B r|| = 0.0294188
   Pass :  1   Iteration :   9  ||B r|| = 0.0197631
   Pass :  1   Iteration :  10  ||B r|| = 0.0100748
   Pass :  1   Iteration :  11  ||B r|| = 0.00528431
   Pass :  1   Iteration :  12  ||B r|| = 0.00338529
   Pass :  1   Iteration :  13  ||B r|| = 0.0014902
   Pass :  1   Iteration :  14  ||B r|| = 0.000779922
   Pass :  1   Iteration :  15  ||B r|| = 0.000379941
   Pass :  1   Iteration :  16  ||B r|| = 0.000180171
   Pass :  1   Iteration :  17  ||B r|| = 8.16127e-05
   Pass :  1   Iteration :  18  ||B r|| = 3.66136e-05
   Pass :  1   Iteration :  19  ||B r|| = 1.84251e-05
norm(r_0) 0
norm(r_1) 0
norm(r_2) 0
norm(r_3) 3.6495301e-05
norm(r_4) 0
Newton iteration  1 : ||r|| = 3.64953e-05, ||r||/||r_0|| = 8.13234e-05
Setting time step: 0.01 in DGTransportTDO
Setting time step: 0.01 in CombinedOp
Setting time step: 0.01 in IonStaticPressureOp
norm(r_0) 0
norm(r_1) 0
norm(r_2) 0
norm(r_3) 0.50068933
norm(r_4) 0
Newton iteration  0 : ||r|| = 0.500689
   Pass :  1   Iteration :   0  ||B r|| = 21.334
   Pass :  1   Iteration :   1  ||B r|| = 3.08183
   Pass :  1   Iteration :   2  ||B r|| = 0.573816
   Pass :  1   Iteration :   3  ||B r|| = 0.325612
   Pass :  1   Iteration :   4  ||B r|| = 0.215623
   Pass :  1   Iteration :   5  ||B r|| = 0.158071
   Pass :  1   Iteration :   6  ||B r|| = 0.102118
   Pass :  1   Iteration :   7  ||B r|| = 0.0588803
   Pass :  1   Iteration :   8  ||B r|| = 0.0328279
   Pass :  1   Iteration :   9  ||B r|| = 0.0220516
   Pass :  1   Iteration :  10  ||B r|| = 0.0112414
   Pass :  1   Iteration :  11  ||B r|| = 0.00589597
   Pass :  1   Iteration :  12  ||B r|| = 0.00377723
   Pass :  1   Iteration :  13  ||B r|| = 0.0016626
   Pass :  1   Iteration :  14  ||B r|| = 0.00087018
   Pass :  1   Iteration :  15  ||B r|| = 0.000423898
   Pass :  1   Iteration :  16  ||B r|| = 0.000201009
   Pass :  1   Iteration :  17  ||B r|| = 9.10543e-05
   Pass :  1   Iteration :  18  ||B r|| = 4.08495e-05
   Pass :  1   Iteration :  19  ||B r|| = 2.05567e-05
norm(r_0) 0
norm(r_1) 0
norm(r_2) 0
norm(r_3) 4.0717846e-05
norm(r_4) 0
Newton iteration  1 : ||r|| = 4.07178e-05, ||r||/||r_0|| = 8.13236e-05
Setting time step: 0.01 in DGTransportTDO
Setting time step: 0.01 in CombinedOp
Setting time step: 0.01 in IonStaticPressureOp
norm(r_0) 0
norm(r_1) 0
norm(r_2) 0
norm(r_3) 0.51472775
norm(r_4) 0
Newton iteration  0 : ||r|| = 0.514728
   Pass :  1   Iteration :   0  ||B r|| = 21.9317
   Pass :  1   Iteration :   1  ||B r|| = 3.16827
   Pass :  1   Iteration :   2  ||B r|| = 0.589922
   Pass :  1   Iteration :   3  ||B r|| = 0.334767
   Pass :  1   Iteration :   4  ||B r|| = 0.2217
   Pass :  1   Iteration :   5  ||B r|| = 0.162531
   Pass :  1   Iteration :   6  ||B r|| = 0.104995
   Pass :  1   Iteration :   7  ||B r|| = 0.060537
   Pass :  1   Iteration :   8  ||B r|| = 0.03375
   Pass :  1   Iteration :   9  ||B r|| = 0.0226705
   Pass :  1   Iteration :  10  ||B r|| = 0.0115569
   Pass :  1   Iteration :  11  ||B r|| = 0.00606137
   Pass :  1   Iteration :  12  ||B r|| = 0.00388322
   Pass :  1   Iteration :  13  ||B r|| = 0.00170921
   Pass :  1   Iteration :  14  ||B r|| = 0.000894585
   Pass :  1   Iteration :  15  ||B r|| = 0.000435783
   Pass :  1   Iteration :  16  ||B r|| = 0.000206642
   Pass :  1   Iteration :  17  ||B r|| = 9.36068e-05
   Pass :  1   Iteration :  18  ||B r|| = 4.19948e-05
   Pass :  1   Iteration :  19  ||B r|| = 2.1133e-05
norm(r_0) 0
norm(r_1) 0
norm(r_2) 0
norm(r_3) 4.1859459e-05
norm(r_4) 0
Newton iteration  1 : ||r|| = 4.18595e-05, ||r||/||r_0|| = 8.13235e-05
Setting time step: 0.01 in DGTransportTDO
Setting time step: 0.01 in CombinedOp
Setting time step: 0.01 in IonStaticPressureOp
norm(r_0) 0
norm(r_1) 0
norm(r_2) 0
norm(r_3) 0.39088238
norm(r_4) 0
Newton iteration  0 : ||r|| = 0.390882
   Pass :  1   Iteration :   0  ||B r|| = 16.6564
   Pass :  1   Iteration :   1  ||B r|| = 2.40582
   Pass :  1   Iteration :   2  ||B r|| = 0.447898
   Pass :  1   Iteration :   3  ||B r|| = 0.254137
   Pass :  1   Iteration :   4  ||B r|| = 0.168246
   Pass :  1   Iteration :   5  ||B r|| = 0.123326
   Pass :  1   Iteration :   6  ||B r|| = 0.0796837
   Pass :  1   Iteration :   7  ||B r|| = 0.045951
   Pass :  1   Iteration :   8  ||B r|| = 0.0256235
   Pass :  1   Iteration :   9  ||B r|| = 0.0172136
   Pass :  1   Iteration :  10  ||B r|| = 0.00877506
   Pass :  1   Iteration :  11  ||B r|| = 0.00460253
   Pass :  1   Iteration :  12  ||B r|| = 0.0029485
   Pass :  1   Iteration :  13  ||B r|| = 0.00129791
   Pass :  1   Iteration :  14  ||B r|| = 0.000679297
   Pass :  1   Iteration :  15  ||B r|| = 0.000330913
   Pass :  1   Iteration :  16  ||B r|| = 0.000156924
   Pass :  1   Iteration :  17  ||B r|| = 7.10808e-05
   Pass :  1   Iteration :  18  ||B r|| = 3.18896e-05
   Pass :  1   Iteration :  19  ||B r|| = 1.6047e-05
norm(r_0) 0
norm(r_1) 0
norm(r_2) 0
norm(r_3) 3.1786036e-05
norm(r_4) 0
Newton iteration  1 : ||r|| = 3.1786e-05, ||r||/||r_0|| = 8.13187e-05
Setting time step: 0.02 in DGTransportTDO
Setting time step: 0.02 in CombinedOp
Setting time step: 0.02 in IonStaticPressureOp
norm(r_0) 0
norm(r_1) 0
norm(r_2) 0
norm(r_3) 0.34538863
norm(r_4) 0
Newton iteration  0 : ||r|| = 0.345389
   Pass :  1   Iteration :   0  ||B r|| = 10.344
   Pass :  1   Iteration :   1  ||B r|| = 1.4923
   Pass :  1   Iteration :   2  ||B r|| = 0.320012
   Pass :  1   Iteration :   3  ||B r|| = 0.184021
   Pass :  1   Iteration :   4  ||B r|| = 0.123256
   Pass :  1   Iteration :   5  ||B r|| = 0.091271
   Pass :  1   Iteration :   6  ||B r|| = 0.0702011
   Pass :  1   Iteration :   7  ||B r|| = 0.0443461
   Pass :  1   Iteration :   8  ||B r|| = 0.0253445
   Pass :  1   Iteration :   9  ||B r|| = 0.0185251
   Pass :  1   Iteration :  10  ||B r|| = 0.0103409
   Pass :  1   Iteration :  11  ||B r|| = 0.0055763
   Pass :  1   Iteration :  12  ||B r|| = 0.00371994
   Pass :  1   Iteration :  13  ||B r|| = 0.00179639
   Pass :  1   Iteration :  14  ||B r|| = 0.000939668
   Pass :  1   Iteration :  15  ||B r|| = 0.00046478
   Pass :  1   Iteration :  16  ||B r|| = 0.000228878
   Pass :  1   Iteration :  17  ||B r|| = 0.000103697
   Pass :  1   Iteration :  18  ||B r|| = 4.9478e-05
   Pass :  1   Iteration :  19  ||B r|| = 2.69147e-05
   Pass :  1   Iteration :  20  ||B r|| = 1.13449e-05
   Pass :  1   Iteration :  21  ||B r|| = 5.55159e-06
norm(r_0) 0
norm(r_1) 0
norm(r_2) 0
norm(r_3) 1.8934078e-05
norm(r_4) 0
Newton iteration  1 : ||r|| = 1.89341e-05, ||r||/||r_0|| = 5.48196e-05
Setting time step: 0.02 in DGTransportTDO
Setting time step: 0.02 in CombinedOp
Setting time step: 0.02 in IonStaticPressureOp
norm(r_0) 0
norm(r_1) 0
norm(r_2) 0
norm(r_3) 0.20136848
norm(r_4) 0
Newton iteration  0 : ||r|| = 0.201368
   Pass :  1   Iteration :   0  ||B r|| = 6.03091
   Pass :  1   Iteration :   1  ||B r|| = 0.870028
   Pass :  1   Iteration :   2  ||B r|| = 0.186567
   Pass :  1   Iteration :   3  ||B r|| = 0.107281
   Pass :  1   Iteration :   4  ||B r|| = 0.0718527
   Pass :  1   Iteration :   5  ||B r|| = 0.0532036
   Pass :  1   Iteration :   6  ||B r|| = 0.0409219
   Pass :  1   Iteration :   7  ||B r|| = 0.025851
   Pass :  1   Iteration :   8  ||B r|| = 0.0147751
   Pass :  1   Iteration :   9  ||B r|| = 0.0107999
   Pass :  1   Iteration :  10  ||B r|| = 0.00602878
   Pass :  1   Iteration :  11  ||B r|| = 0.00325103
   Pass :  1   Iteration :  12  ||B r|| = 0.00216875
   Pass :  1   Iteration :  13  ||B r|| = 0.0010473
   Pass :  1   Iteration :  14  ||B r|| = 0.000547819
   Pass :  1   Iteration :  15  ||B r|| = 0.000270968
   Pass :  1   Iteration :  16  ||B r|| = 0.000133438
   Pass :  1   Iteration :  17  ||B r|| = 6.04517e-05
   Pass :  1   Iteration :  18  ||B r|| = 2.8844e-05
   Pass :  1   Iteration :  19  ||B r|| = 1.56905e-05
   Pass :  1   Iteration :  20  ||B r|| = 6.61396e-06
   Pass :  1   Iteration :  21  ||B r|| = 3.23652e-06
norm(r_0) 0
norm(r_1) 0
norm(r_2) 0
norm(r_3) 1.1038513e-05
norm(r_4) 0
Newton iteration  1 : ||r|| = 1.10385e-05, ||r||/||r_0|| = 5.48175e-05
Setting time step: 0.02 in DGTransportTDO
Setting time step: 0.02 in CombinedOp
Setting time step: 0.02 in IonStaticPressureOp
norm(r_0) 0
norm(r_1) 0
norm(r_2) 0
norm(r_3) 0.25417248
norm(r_4) 0
Newton iteration  0 : ||r|| = 0.254172
   Pass :  1   Iteration :   0  ||B r|| = 7.61229
   Pass :  1   Iteration :   1  ||B r|| = 1.09818
   Pass :  1   Iteration :   2  ||B r|| = 0.235493
   Pass :  1   Iteration :   3  ||B r|| = 0.135416
   Pass :  1   Iteration :   4  ||B r|| = 0.0906988
   Pass :  1   Iteration :   5  ||B r|| = 0.0671599
   Pass :  1   Iteration :   6  ||B r|| = 0.0516563
   Pass :  1   Iteration :   7  ||B r|| = 0.0326317
   Pass :  1   Iteration :   8  ||B r|| = 0.0186502
   Pass :  1   Iteration :   9  ||B r|| = 0.0136322
   Pass :  1   Iteration :  10  ||B r|| = 0.00760978
   Pass :  1   Iteration :  11  ||B r|| = 0.00410357
   Pass :  1   Iteration :  12  ||B r|| = 0.00273748
   Pass :  1   Iteration :  13  ||B r|| = 0.00132194
   Pass :  1   Iteration :  14  ||B r|| = 0.000691483
   Pass :  1   Iteration :  15  ||B r|| = 0.000342027
   Pass :  1   Iteration :  16  ||B r|| = 0.00016843
   Pass :  1   Iteration :  17  ||B r|| = 7.63064e-05
   Pass :  1   Iteration :  18  ||B r|| = 3.64089e-05
   Pass :  1   Iteration :  19  ||B r|| = 1.98056e-05
   Pass :  1   Iteration :  20  ||B r|| = 8.34847e-06
   Pass :  1   Iteration :  21  ||B r|| = 4.0853e-06
norm(r_0) 0
norm(r_1) 0
norm(r_2) 0
norm(r_3) 1.3933308e-05
norm(r_4) 0
Newton iteration  1 : ||r|| = 1.39333e-05, ||r||/||r_0|| = 5.48183e-05
Setting time step: 0.02 in DGTransportTDO
Setting time step: 0.02 in CombinedOp
Setting time step: 0.02 in IonStaticPressureOp
norm(r_0) 0
norm(r_1) 0
norm(r_2) 0
norm(r_3) 0.26942674
norm(r_4) 0
Newton iteration  0 : ||r|| = 0.269427
   Pass :  1   Iteration :   0  ||B r|| = 8.06913
   Pass :  1   Iteration :   1  ||B r|| = 1.16409
   Pass :  1   Iteration :   2  ||B r|| = 0.249627
   Pass :  1   Iteration :   3  ||B r|| = 0.143545
   Pass :  1   Iteration :   4  ||B r|| = 0.0961435
   Pass :  1   Iteration :   5  ||B r|| = 0.0711921
   Pass :  1   Iteration :   6  ||B r|| = 0.0547576
   Pass :  1   Iteration :   7  ||B r|| = 0.0345908
   Pass :  1   Iteration :   8  ||B r|| = 0.0197697
   Pass :  1   Iteration :   9  ||B r|| = 0.0144504
   Pass :  1   Iteration :  10  ||B r|| = 0.00806652
   Pass :  1   Iteration :  11  ||B r|| = 0.00434985
   Pass :  1   Iteration :  12  ||B r|| = 0.00290178
   Pass :  1   Iteration :  13  ||B r|| = 0.00140129
   Pass :  1   Iteration :  14  ||B r|| = 0.000732988
   Pass :  1   Iteration :  15  ||B r|| = 0.000362555
   Pass :  1   Iteration :  16  ||B r|| = 0.000178539
   Pass :  1   Iteration :  17  ||B r|| = 8.08871e-05
   Pass :  1   Iteration :  18  ||B r|| = 3.85945e-05
   Pass :  1   Iteration :  19  ||B r|| = 2.09944e-05
   Pass :  1   Iteration :  20  ||B r|| = 8.84956e-06
   Pass :  1   Iteration :  21  ||B r|| = 4.33051e-06
norm(r_0) 0
norm(r_1) 0
norm(r_2) 0
norm(r_3) 1.4769603e-05
norm(r_4) 0
Newton iteration  1 : ||r|| = 1.47696e-05, ||r||/||r_0|| = 5.48186e-05
Setting time step: 0.02 in DGTransportTDO
Setting time step: 0.02 in CombinedOp
Setting time step: 0.02 in IonStaticPressureOp
norm(r_0) 0
norm(r_1) 0
norm(r_2) 0
norm(r_3) 0.15232422
norm(r_4) 0
Newton iteration  0 : ||r|| = 0.152324
   Pass :  1   Iteration :   0  ||B r|| = 4.56207
   Pass :  1   Iteration :   1  ||B r|| = 0.658146
   Pass :  1   Iteration :   2  ||B r|| = 0.141133
   Pass :  1   Iteration :   3  ||B r|| = 0.081156
   Pass :  1   Iteration :   4  ||B r|| = 0.0543545
   Pass :  1   Iteration :   5  ||B r|| = 0.0402491
   Pass :  1   Iteration :   6  ||B r|| = 0.0309581
   Pass :  1   Iteration :   7  ||B r|| = 0.0195568
   Pass :  1   Iteration :   8  ||B r|| = 0.0111773
   Pass :  1   Iteration :   9  ||B r|| = 0.00816997
   Pass :  1   Iteration :  10  ||B r|| = 0.00456053
   Pass :  1   Iteration :  11  ||B r|| = 0.00245935
   Pass :  1   Iteration :  12  ||B r|| = 0.00164064
   Pass :  1   Iteration :  13  ||B r|| = 0.000792297
   Pass :  1   Iteration :  14  ||B r|| = 0.000414442
   Pass :  1   Iteration :  15  ||B r|| = 0.000204989
   Pass :  1   Iteration :  16  ||B r|| = 0.000100945
   Pass :  1   Iteration :  17  ||B r|| = 4.57384e-05
   Pass :  1   Iteration :  18  ||B r|| = 2.18233e-05
   Pass :  1   Iteration :  19  ||B r|| = 1.18711e-05
   Pass :  1   Iteration :  20  ||B r|| = 5.00364e-06
   Pass :  1   Iteration :  21  ||B r|| = 2.4485e-06
norm(r_0) 0
norm(r_1) 0
norm(r_2) 0
norm(r_3) 8.3506416e-06
norm(r_4) 0
Newton iteration  1 : ||r|| = 8.35064e-06, ||r||/||r_0|| = 5.48215e-05
Time stepping paused at t = 0.15

Estimating errors.
No refinements necessary.
No derefinements needed.

AMR iteration 1
Number of unknowns: 144
Setting time step: 0.019787963 in DGTransportTDO
Setting time step: 0.019787963 in CombinedOp
Setting time step: 0.019787963 in IonStaticPressureOp
norm(r_0) 0
norm(r_1) 0
norm(r_2) 0
norm(r_3) 0.12056745
norm(r_4) 0
Newton iteration  0 : ||r|| = 0.120567
   Pass :  1   Iteration :   0  ||B r|| = 3.63394
   Pass :  1   Iteration :   1  ||B r|| = 0.524228
   Pass :  1   Iteration :   2  ||B r|| = 0.112139
   Pass :  1   Iteration :   3  ||B r|| = 0.0644625
   Pass :  1   Iteration :   4  ||B r|| = 0.0431705
   Pass :  1   Iteration :   5  ||B r|| = 0.0319671
   Pass :  1   Iteration :   6  ||B r|| = 0.0245432
   Pass :  1   Iteration :   7  ||B r|| = 0.0154829
   Pass :  1   Iteration :   8  ||B r|| = 0.00884349
   Pass :  1   Iteration :   9  ||B r|| = 0.00645793
   Pass :  1   Iteration :  10  ||B r|| = 0.0036005
   Pass :  1   Iteration :  11  ||B r|| = 0.00194064
   Pass :  1   Iteration :  12  ||B r|| = 0.00129403
   Pass :  1   Iteration :  13  ||B r|| = 0.000624156
   Pass :  1   Iteration :  14  ||B r|| = 0.000326456
   Pass :  1   Iteration :  15  ||B r|| = 0.000161505
   Pass :  1   Iteration :  16  ||B r|| = 7.9486e-05
   Pass :  1   Iteration :  17  ||B r|| = 3.60064e-05
   Pass :  1   Iteration :  18  ||B r|| = 1.71699e-05
   Pass :  1   Iteration :  19  ||B r|| = 9.33452e-06
   Pass :  1   Iteration :  20  ||B r|| = 3.9346e-06
   Pass :  1   Iteration :  21  ||B r|| = 1.92647e-06
norm(r_0) 0
norm(r_1) 0
norm(r_2) 0
norm(r_3) 6.5012072e-06
norm(r_4) 0
Newton iteration  1 : ||r|| = 6.50121e-06, ||r||/||r_0|| = 5.39217e-05
Setting time step: 0.019787963 in DGTransportTDO
Setting time step: 0.019787963 in CombinedOp
Setting time step: 0.019787963 in IonStaticPressureOp
norm(r_0) 0
norm(r_1) 0
norm(r_2) 0
norm(r_3) 0.070715535
norm(r_4) 0
Newton iteration  0 : ||r|| = 0.0707155
   Pass :  1   Iteration :   0  ||B r|| = 2.1314
   Pass :  1   Iteration :   1  ||B r|| = 0.30747
   Pass :  1   Iteration :   2  ||B r|| = 0.0657714
   Pass :  1   Iteration :   3  ||B r|| = 0.0378081
   Pass :  1   Iteration :   4  ||B r|| = 0.0253198
   Pass :  1   Iteration :   5  ||B r|| = 0.0187488
   Pass :  1   Iteration :   6  ||B r|| = 0.0143946
   Pass :  1   Iteration :   7  ||B r|| = 0.0090808
   Pass :  1   Iteration :   8  ||B r|| = 0.00518682
   Pass :  1   Iteration :   9  ||B r|| = 0.00378767
   Pass :  1   Iteration :  10  ||B r|| = 0.00211176
   Pass :  1   Iteration :  11  ||B r|| = 0.00113823
   Pass :  1   Iteration :  12  ||B r|| = 0.000758974
   Pass :  1   Iteration :  13  ||B r|| = 0.000366082
   Pass :  1   Iteration :  14  ||B r|| = 0.000191473
   Pass :  1   Iteration :  15  ||B r|| = 9.47261e-05
   Pass :  1   Iteration :  16  ||B r|| = 4.66203e-05
   Pass :  1   Iteration :  17  ||B r|| = 2.11182e-05
   Pass :  1   Iteration :  18  ||B r|| = 1.00704e-05
   Pass :  1   Iteration :  19  ||B r|| = 5.47483e-06
   Pass :  1   Iteration :  20  ||B r|| = 2.30772e-06
   Pass :  1   Iteration :  21  ||B r|| = 1.12991e-06
norm(r_0) 0
norm(r_1) 0
norm(r_2) 0
norm(r_3) 3.8130826e-06
norm(r_4) 0
Newton iteration  1 : ||r|| = 3.81308e-06, ||r||/||r_0|| = 5.39214e-05
Setting time step: 0.019787963 in DGTransportTDO
Setting time step: 0.019787963 in CombinedOp
Setting time step: 0.019787963 in IonStaticPressureOp
norm(r_0) 0
norm(r_1) 0
norm(r_2) 0
norm(r_3) 0.089007306
norm(r_4) 0
Newton iteration  0 : ||r|| = 0.0890073
   Pass :  1   Iteration :   0  ||B r|| = 2.68272
   Pass :  1   Iteration :   1  ||B r|| = 0.387003
   Pass :  1   Iteration :   2  ||B r|| = 0.0827845
   Pass :  1   Iteration :   3  ||B r|| = 0.0475881
   Pass :  1   Iteration :   4  ||B r|| = 0.0318696
   Pass :  1   Iteration :   5  ||B r|| = 0.0235988
   Pass :  1   Iteration :   6  ||B r|| = 0.0181183
   Pass :  1   Iteration :   7  ||B r|| = 0.0114299
   Pass :  1   Iteration :   8  ||B r|| = 0.00652853
   Pass :  1   Iteration :   9  ||B r|| = 0.00476744
   Pass :  1   Iteration :  10  ||B r|| = 0.00265801
   Pass :  1   Iteration :  11  ||B r|| = 0.00143265
   Pass :  1   Iteration :  12  ||B r|| = 0.000955296
   Pass :  1   Iteration :  13  ||B r|| = 0.000460775
   Pass :  1   Iteration :  14  ||B r|| = 0.000241002
   Pass :  1   Iteration :  15  ||B r|| = 0.000119229
   Pass :  1   Iteration :  16  ||B r|| = 5.86795e-05
   Pass :  1   Iteration :  17  ||B r|| = 2.6581e-05
   Pass :  1   Iteration :  18  ||B r|| = 1.26753e-05
   Pass :  1   Iteration :  19  ||B r|| = 6.89103e-06
   Pass :  1   Iteration :  20  ||B r|| = 2.90465e-06
   Pass :  1   Iteration :  21  ||B r|| = 1.42218e-06
norm(r_0) 0
norm(r_1) 0
norm(r_2) 0
norm(r_3) 4.7994122e-06
norm(r_4) 0
Newton iteration  1 : ||r|| = 4.79941e-06, ||r||/||r_0|| = 5.39216e-05
Setting time step: 0.019787963 in DGTransportTDO
Setting time step: 0.019787963 in CombinedOp
Setting time step: 0.019787963 in IonStaticPressureOp
norm(r_0) 0
norm(r_1) 0
norm(r_2) 0
norm(r_3) 0.09428472
norm(r_4) 0
Newton iteration  0 : ||r|| = 0.0942847
   Pass :  1   Iteration :   0  ||B r|| = 2.84178
   Pass :  1   Iteration :   1  ||B r|| = 0.409949
   Pass :  1   Iteration :   2  ||B r|| = 0.0876931
   Pass :  1   Iteration :   3  ||B r|| = 0.0504098
   Pass :  1   Iteration :   4  ||B r|| = 0.0337593
   Pass :  1   Iteration :   5  ||B r|| = 0.0249982
   Pass :  1   Iteration :   6  ||B r|| = 0.0191927
   Pass :  1   Iteration :   7  ||B r|| = 0.0121076
   Pass :  1   Iteration :   8  ||B r|| = 0.00691563
   Pass :  1   Iteration :   9  ||B r|| = 0.00505012
   Pass :  1   Iteration :  10  ||B r|| = 0.00281561
   Pass :  1   Iteration :  11  ||B r|| = 0.00151759
   Pass :  1   Iteration :  12  ||B r|| = 0.00101194
   Pass :  1   Iteration :  13  ||B r|| = 0.000488095
   Pass :  1   Iteration :  14  ||B r|| = 0.000255291
   Pass :  1   Iteration :  15  ||B r|| = 0.000126298
   Pass :  1   Iteration :  16  ||B r|| = 6.21587e-05
   Pass :  1   Iteration :  17  ||B r|| = 2.81571e-05
   Pass :  1   Iteration :  18  ||B r|| = 1.34269e-05
   Pass :  1   Iteration :  19  ||B r|| = 7.29962e-06
   Pass :  1   Iteration :  20  ||B r|| = 3.07688e-06
   Pass :  1   Iteration :  21  ||B r|| = 1.50651e-06
norm(r_0) 0
norm(r_1) 0
norm(r_2) 0
norm(r_3) 5.0839827e-06
norm(r_4) 0
Newton iteration  1 : ||r|| = 5.08398e-06, ||r||/||r_0|| = 5.39216e-05
Setting time step: 0.019787963 in DGTransportTDO
Setting time step: 0.019787963 in CombinedOp
Setting time step: 0.019787963 in IonStaticPressureOp
norm(r_0) 0
norm(r_1) 0
norm(r_2) 0
norm(r_3) 0.053648538
norm(r_4) 0
Newton iteration  0 : ||r|| = 0.0536485
   Pass :  1   Iteration :   0  ||B r|| = 1.61699
   Pass :  1   Iteration :   1  ||B r|| = 0.233265
   Pass :  1   Iteration :   2  ||B r|| = 0.0498979
   Pass :  1   Iteration :   3  ||B r|| = 0.0286836
   Pass :  1   Iteration :   4  ||B r|| = 0.0192091
   Pass :  1   Iteration :   5  ||B r|| = 0.014224
   Pass :  1   Iteration :   6  ||B r|| = 0.0109208
   Pass :  1   Iteration :   7  ||B r|| = 0.00688934
   Pass :  1   Iteration :   8  ||B r|| = 0.00393504
   Pass :  1   Iteration :   9  ||B r|| = 0.00287356
   Pass :  1   Iteration :  10  ||B r|| = 0.0016021
   Pass :  1   Iteration :  11  ||B r|| = 0.000863523
   Pass :  1   Iteration :  12  ||B r|| = 0.000575801
   Pass :  1   Iteration :  13  ||B r|| = 0.00027773
   Pass :  1   Iteration :  14  ||B r|| = 0.000145262
   Pass :  1   Iteration :  15  ||B r|| = 7.18651e-05
   Pass :  1   Iteration :  16  ||B r|| = 3.53689e-05
   Pass :  1   Iteration :  17  ||B r|| = 1.60219e-05
   Pass :  1   Iteration :  18  ||B r|| = 7.64019e-06
   Pass :  1   Iteration :  19  ||B r|| = 4.15361e-06
   Pass :  1   Iteration :  20  ||B r|| = 1.75078e-06
   Pass :  1   Iteration :  21  ||B r|| = 8.57227e-07
norm(r_0) 0
norm(r_1) 0
norm(r_2) 0
norm(r_3) 2.8928319e-06
norm(r_4) 0
Newton iteration  1 : ||r|| = 2.89283e-06, ||r||/||r_0|| = 5.39219e-05
Setting time step: 0.038678325 in DGTransportTDO
Setting time step: 0.038678325 in CombinedOp
Setting time step: 0.038678325 in IonStaticPressureOp
norm(r_0) 0
norm(r_1) 0
norm(r_2) 0
norm(r_3) 0.0425574
norm(r_4) 0
Newton iteration  0 : ||r|| = 0.0425574
   Pass :  1   Iteration :   0  ||B r|| = 0.817177
   Pass :  1   Iteration :   1  ||B r|| = 0.118571
   Pass :  1   Iteration :   2  ||B r|| = 0.0296291
   Pass :  1   Iteration :   3  ||B r|| = 0.017524
   Pass :  1   Iteration :   4  ||B r|| = 0.0118267
   Pass :  1   Iteration :   5  ||B r|| = 0.00872927
   Pass :  1   Iteration :   6  ||B r|| = 0.00725074
   Pass :  1   Iteration :   7  ||B r|| = 0.0049212
   Pass :  1   Iteration :   8  ||B r|| = 0.00294245
   Pass :  1   Iteration :   9  ||B r|| = 0.00225093
   Pass :  1   Iteration :  10  ||B r|| = 0.00133877
   Pass :  1   Iteration :  11  ||B r|| = 0.000744246
   Pass :  1   Iteration :  12  ||B r|| = 0.00050697
   Pass :  1   Iteration :  13  ||B r|| = 0.000259245
   Pass :  1   Iteration :  14  ||B r|| = 0.000136763
   Pass :  1   Iteration :  15  ||B r|| = 6.6476e-05
   Pass :  1   Iteration :  16  ||B r|| = 3.36847e-05
   Pass :  1   Iteration :  17  ||B r|| = 1.54047e-05
   Pass :  1   Iteration :  18  ||B r|| = 7.53244e-06
   Pass :  1   Iteration :  19  ||B r|| = 4.17755e-06
   Pass :  1   Iteration :  20  ||B r|| = 1.77054e-06
   Pass :  1   Iteration :  21  ||B r|| = 8.43224e-07
norm(r_0) 0
norm(r_1) 0
norm(r_2) 0
norm(r_3) 5.5302123e-06
norm(r_4) 0
Newton iteration  1 : ||r|| = 5.53021e-06, ||r||/||r_0|| = 0.000129947
Setting time step: 0.038678325 in DGTransportTDO
Setting time step: 0.038678325 in CombinedOp
Setting time step: 0.038678325 in IonStaticPressureOp
norm(r_0) 0
norm(r_1) 0
norm(r_2) 0
norm(r_3) 0.013831756
norm(r_4) 0
Newton iteration  0 : ||r|| = 0.0138318
   Pass :  1   Iteration :   0  ||B r|| = 0.265594
   Pass :  1   Iteration :   1  ||B r|| = 0.0385372
   Pass :  1   Iteration :   2  ||B r|| = 0.00962986
   Pass :  1   Iteration :   3  ||B r|| = 0.00569558
   Pass :  1   Iteration :   4  ||B r|| = 0.00384405
   Pass :  1   Iteration :   5  ||B r|| = 0.00283727
   Pass :  1   Iteration :   6  ||B r|| = 0.00235665
   Pass :  1   Iteration :   7  ||B r|| = 0.00159946
   Pass :  1   Iteration :   8  ||B r|| = 0.000956323
   Pass :  1   Iteration :   9  ||B r|| = 0.00073157
   Pass :  1   Iteration :  10  ||B r|| = 0.00043511
   Pass :  1   Iteration :  11  ||B r|| = 0.000241885
   Pass :  1   Iteration :  12  ||B r|| = 0.000164771
   Pass :  1   Iteration :  13  ||B r|| = 8.42554e-05
   Pass :  1   Iteration :  14  ||B r|| = 4.44482e-05
   Pass :  1   Iteration :  15  ||B r|| = 2.16042e-05
   Pass :  1   Iteration :  16  ||B r|| = 1.09471e-05
   Pass :  1   Iteration :  17  ||B r|| = 5.00623e-06
   Pass :  1   Iteration :  18  ||B r|| = 2.44795e-06
   Pass :  1   Iteration :  19  ||B r|| = 1.35765e-06
   Pass :  1   Iteration :  20  ||B r|| = 5.75365e-07
norm(r_0) 0
norm(r_1) 0
norm(r_2) 0
norm(r_3) 3.8377593e-06
norm(r_4) 0
Newton iteration  1 : ||r|| = 3.83776e-06, ||r||/||r_0|| = 0.00027746
Setting time step: 0.038678325 in DGTransportTDO
Setting time step: 0.038678325 in CombinedOp
Setting time step: 0.038678325 in IonStaticPressureOp
norm(r_0) 0
norm(r_1) 0
norm(r_2) 0
norm(r_3) 0.02377083
norm(r_4) 0
Newton iteration  0 : ||r|| = 0.0237708
   Pass :  1   Iteration :   0  ||B r|| = 0.456442
   Pass :  1   Iteration :   1  ||B r|| = 0.0662291
   Pass :  1   Iteration :   2  ||B r|| = 0.0165496
   Pass :  1   Iteration :   3  ||B r|| = 0.00978824
   Pass :  1   Iteration :   4  ||B r|| = 0.0066061
   Pass :  1   Iteration :   5  ||B r|| = 0.00487593
   Pass :  1   Iteration :   6  ||B r|| = 0.00405002
   Pass :  1   Iteration :   7  ||B r|| = 0.00274878
   Pass :  1   Iteration :   8  ||B r|| = 0.00164353
   Pass :  1   Iteration :   9  ||B r|| = 0.00125727
   Pass :  1   Iteration :  10  ||B r|| = 0.000747778
   Pass :  1   Iteration :  11  ||B r|| = 0.000415702
   Pass :  1   Iteration :  12  ||B r|| = 0.000283172
   Pass :  1   Iteration :  13  ||B r|| = 0.000144801
   Pass :  1   Iteration :  14  ||B r|| = 7.6389e-05
   Pass :  1   Iteration :  15  ||B r|| = 3.71298e-05
   Pass :  1   Iteration :  16  ||B r|| = 1.88142e-05
   Pass :  1   Iteration :  17  ||B r|| = 8.604e-06
   Pass :  1   Iteration :  18  ||B r|| = 4.20715e-06
   Pass :  1   Iteration :  19  ||B r|| = 2.33331e-06
   Pass :  1   Iteration :  20  ||B r|| = 9.88885e-07
norm(r_0) 0
norm(r_1) 0
norm(r_2) 0
norm(r_3) 6.5958269e-06
norm(r_4) 0
Newton iteration  1 : ||r|| = 6.59583e-06, ||r||/||r_0|| = 0.000277476
Setting time step: 0.038678325 in DGTransportTDO
Setting time step: 0.038678325 in CombinedOp
Setting time step: 0.038678325 in IonStaticPressureOp
norm(r_0) 0
norm(r_1) 0
norm(r_2) 0
norm(r_3) 0.026940676
norm(r_4) 0
Newton iteration  0 : ||r|| = 0.0269407
   Pass :  1   Iteration :   0  ||B r|| = 0.517308
   Pass :  1   Iteration :   1  ||B r|| = 0.0750607
   Pass :  1   Iteration :   2  ||B r|| = 0.0187565
   Pass :  1   Iteration :   3  ||B r|| = 0.0110935
   Pass :  1   Iteration :   4  ||B r|| = 0.00748697
   Pass :  1   Iteration :   5  ||B r|| = 0.00552609
   Pass :  1   Iteration :   6  ||B r|| = 0.00459007
   Pass :  1   Iteration :   7  ||B r|| = 0.00311533
   Pass :  1   Iteration :   8  ||B r|| = 0.00186269
   Pass :  1   Iteration :   9  ||B r|| = 0.00142493
   Pass :  1   Iteration :  10  ||B r|| = 0.000847495
   Pass :  1   Iteration :  11  ||B r|| = 0.000471137
   Pass :  1   Iteration :  12  ||B r|| = 0.000320933
   Pass :  1   Iteration :  13  ||B r|| = 0.000164111
   Pass :  1   Iteration :  14  ||B r|| = 8.65759e-05
   Pass :  1   Iteration :  15  ||B r|| = 4.20812e-05
   Pass :  1   Iteration :  16  ||B r|| = 2.13233e-05
   Pass :  1   Iteration :  17  ||B r|| = 9.75149e-06
   Pass :  1   Iteration :  18  ||B r|| = 4.76823e-06
   Pass :  1   Iteration :  19  ||B r|| = 2.64449e-06
   Pass :  1   Iteration :  20  ||B r|| = 1.12077e-06
   Pass :  1   Iteration :  21  ||B r|| = 5.3375e-07
norm(r_0) 0
norm(r_1) 0
norm(r_2) 0
norm(r_3) 3.5006641e-06
norm(r_4) 0
Newton iteration  1 : ||r|| = 3.50066e-06, ||r||/||r_0|| = 0.00012994
Setting time step: 0.038678325 in DGTransportTDO
Setting time step: 0.038678325 in CombinedOp
Setting time step: 0.038678325 in IonStaticPressureOp
norm(r_0) 0
norm(r_1) 0
norm(r_2) 0
norm(r_3) 0.0086972805
norm(r_4) 0
Newton iteration  0 : ||r|| = 0.00869728
   Pass :  1   Iteration :   0  ||B r|| = 0.166772
   Pass :  1   Iteration :   1  ||B r|| = 0.0241979
   Pass :  1   Iteration :   2  ||B r|| = 0.00604875
   Pass :  1   Iteration :   3  ||B r|| = 0.00357476
   Pass :  1   Iteration :   4  ||B r|| = 0.0024132
   Pass :  1   Iteration :   5  ||B r|| = 0.00178149
   Pass :  1   Iteration :   6  ||B r|| = 0.00147887
   Pass :  1   Iteration :   7  ||B r|| = 0.00100436
   Pass :  1   Iteration :   8  ||B r|| = 0.000599724
   Pass :  1   Iteration :   9  ||B r|| = 0.000458935
   Pass :  1   Iteration :  10  ||B r|| = 0.000272917
   Pass :  1   Iteration :  11  ||B r|| = 0.00015175
   Pass :  1   Iteration :  12  ||B r|| = 0.000103596
   Pass :  1   Iteration :  13  ||B r|| = 5.29036e-05
   Pass :  1   Iteration :  14  ||B r|| = 2.79093e-05
   Pass :  1   Iteration :  15  ||B r|| = 1.35375e-05
   Pass :  1   Iteration :  16  ||B r|| = 6.87156e-06
   Pass :  1   Iteration :  17  ||B r|| = 3.15101e-06
   Pass :  1   Iteration :  18  ||B r|| = 1.54206e-06
   Pass :  1   Iteration :  19  ||B r|| = 8.54412e-07
norm(r_0) 0
norm(r_1) 0
norm(r_2) 0
norm(r_3) 6.5251883e-06
norm(r_4) 0
Newton iteration  1 : ||r|| = 6.52519e-06, ||r||/||r_0|| = 0.000750256
Setting time step: 0.042812095 in DGTransportTDO
Setting time step: 0.042812095 in CombinedOp
Setting time step: 0.042812095 in IonStaticPressureOp
norm(r_0) 0
norm(r_1) 0
norm(r_2) 0
norm(r_3) 0.0057542573
norm(r_4) 0
Newton iteration  0 : ||r|| = 0.00575426
   Pass :  1   Iteration :   0  ||B r|| = 0.10235
   Pass :  1   Iteration :   1  ||B r|| = 0.01487
   Pass :  1   Iteration :   2  ||B r|| = 0.00380008
   Pass :  1   Iteration :   3  ||B r|| = 0.00225985
   Pass :  1   Iteration :   4  ||B r|| = 0.00152742
   Pass :  1   Iteration :   5  ||B r|| = 0.00112691
   Pass :  1   Iteration :   6  ||B r|| = 0.000942865
   Pass :  1   Iteration :   7  ||B r|| = 0.000645427
   Pass :  1   Iteration :   8  ||B r|| = 0.000388638
   Pass :  1   Iteration :   9  ||B r|| = 0.000298836
   Pass :  1   Iteration :  10  ||B r|| = 0.000179099
   Pass :  1   Iteration :  11  ||B r|| = 0.000100024
   Pass :  1   Iteration :  12  ||B r|| = 6.83051e-05
   Pass :  1   Iteration :  13  ||B r|| = 3.51507e-05
   Pass :  1   Iteration :  14  ||B r|| = 1.85693e-05
   Pass :  1   Iteration :  15  ||B r|| = 8.99981e-06
   Pass :  1   Iteration :  16  ||B r|| = 4.57492e-06
   Pass :  1   Iteration :  17  ||B r|| = 2.09558e-06
   Pass :  1   Iteration :  18  ||B r|| = 1.02707e-06
   Pass :  1   Iteration :  19  ||B r|| = 5.70209e-07
norm(r_0) 0
norm(r_1) 0
norm(r_2) 0
norm(r_3) 4.8070014e-06
norm(r_4) 0
Newton iteration  1 : ||r|| = 4.807e-06, ||r||/||r_0|| = 0.000835382
Setting time step: 0.042812095 in DGTransportTDO
Setting time step: 0.042812095 in CombinedOp
Setting time step: 0.042812095 in IonStaticPressureOp
norm(r_0) 0
norm(r_1) 0
norm(r_2) 0
norm(r_3) 0.0016047319
norm(r_4) 0
Newton iteration  0 : ||r|| = 0.00160473
   Pass :  1   Iteration :   0  ||B r|| = 0.0285442
   Pass :  1   Iteration :   1  ||B r|| = 0.00414698
   Pass :  1   Iteration :   2  ||B r|| = 0.0010598
   Pass :  1   Iteration :   3  ||B r|| = 0.000630204
   Pass :  1   Iteration :   4  ||B r|| = 0.000425987
   Pass :  1   Iteration :   5  ||B r|| = 0.000314315
   Pass :  1   Iteration :   6  ||B r|| = 0.000262983
   Pass :  1   Iteration :   7  ||B r|| = 0.000180005
   Pass :  1   Iteration :   8  ||B r|| = 0.0001084
   Pass :  1   Iteration :   9  ||B r|| = 8.33553e-05
   Pass :  1   Iteration :  10  ||B r|| = 4.99592e-05
   Pass :  1   Iteration :  11  ||B r|| = 2.78965e-05
   Pass :  1   Iteration :  12  ||B r|| = 1.9048e-05
   Pass :  1   Iteration :  13  ||B r|| = 9.80323e-06
   Pass :  1   Iteration :  14  ||B r|| = 5.17874e-06
   Pass :  1   Iteration :  15  ||B r|| = 2.51022e-06
   Pass :  1   Iteration :  16  ||B r|| = 1.27597e-06
   Pass :  1   Iteration :  17  ||B r|| = 5.84364e-07
norm(r_0) 0
norm(r_1) 0
norm(r_2) 0
norm(r_3) 5.2616575e-06
norm(r_4) 0
Newton iteration  1 : ||r|| = 5.26166e-06, ||r||/||r_0|| = 0.00327884
Setting time step: 0.042812095 in DGTransportTDO
Setting time step: 0.042812095 in CombinedOp
Setting time step: 0.042812095 in IonStaticPressureOp
norm(r_0) 0
norm(r_1) 0
norm(r_2) 0
norm(r_3) 0.0030251742
norm(r_4) 0
Newton iteration  0 : ||r|| = 0.00302517
   Pass :  1   Iteration :   0  ||B r|| = 0.0538089
   Pass :  1   Iteration :   1  ||B r|| = 0.00781759
   Pass :  1   Iteration :   2  ||B r|| = 0.00199784
   Pass :  1   Iteration :   3  ||B r|| = 0.00118804
   Pass :  1   Iteration :   4  ||B r|| = 0.000803025
   Pass :  1   Iteration :   5  ||B r|| = 0.000592481
   Pass :  1   Iteration :   6  ||B r|| = 0.000495715
   Pass :  1   Iteration :   7  ||B r|| = 0.00033932
   Pass :  1   Iteration :   8  ||B r|| = 0.000204329
   Pass :  1   Iteration :   9  ||B r|| = 0.000157118
   Pass :  1   Iteration :  10  ||B r|| = 9.41654e-05
   Pass :  1   Iteration :  11  ||B r|| = 5.25872e-05
   Pass :  1   Iteration :  12  ||B r|| = 3.59084e-05
   Pass :  1   Iteration :  13  ||B r|| = 1.84798e-05
   Pass :  1   Iteration :  14  ||B r|| = 9.76257e-06
   Pass :  1   Iteration :  15  ||B r|| = 4.73179e-06
   Pass :  1   Iteration :  16  ||B r|| = 2.40519e-06
   Pass :  1   Iteration :  17  ||B r|| = 1.10159e-06
   Pass :  1   Iteration :  18  ||B r|| = 5.399e-07
norm(r_0) 0
norm(r_1) 0
norm(r_2) 0
norm(r_3) 5.0055832e-06
norm(r_4) 0
Newton iteration  1 : ||r|| = 5.00558e-06, ||r||/||r_0|| = 0.00165464
Setting time step: 0.042812095 in DGTransportTDO
Setting time step: 0.042812095 in CombinedOp
Setting time step: 0.042812095 in IonStaticPressureOp
norm(r_0) 0
norm(r_1) 0
norm(r_2) 0
norm(r_3) 0.0034866542
norm(r_4) 0
Newton iteration  0 : ||r|| = 0.00348665
   Pass :  1   Iteration :   0  ||B r|| = 0.0620163
   Pass :  1   Iteration :   1  ||B r|| = 0.00901002
   Pass :  1   Iteration :   2  ||B r|| = 0.00230257
   Pass :  1   Iteration :   3  ||B r|| = 0.00136926
   Pass :  1   Iteration :   4  ||B r|| = 0.000925507
   Pass :  1   Iteration :   5  ||B r|| = 0.000682843
   Pass :  1   Iteration :   6  ||B r|| = 0.000571319
   Pass :  1   Iteration :   7  ||B r|| = 0.000391077
   Pass :  1   Iteration :   8  ||B r|| = 0.000235492
   Pass :  1   Iteration :   9  ||B r|| = 0.000181081
   Pass :  1   Iteration :  10  ||B r|| = 0.000108526
   Pass :  1   Iteration :  11  ||B r|| = 6.06082e-05
   Pass :  1   Iteration :  12  ||B r|| = 4.13862e-05
   Pass :  1   Iteration :  13  ||B r|| = 2.12988e-05
   Pass :  1   Iteration :  14  ||B r|| = 1.12517e-05
   Pass :  1   Iteration :  15  ||B r|| = 5.45345e-06
   Pass :  1   Iteration :  16  ||B r|| = 2.77205e-06
   Pass :  1   Iteration :  17  ||B r|| = 1.26968e-06
   Pass :  1   Iteration :  18  ||B r|| = 6.22286e-07
norm(r_0) 0
norm(r_1) 0
norm(r_2) 0
norm(r_3) 5.7694733e-06
norm(r_4) 0
Newton iteration  1 : ||r|| = 5.76947e-06, ||r||/||r_0|| = 0.00165473
Setting time step: 0.042812095 in DGTransportTDO
Setting time step: 0.042812095 in CombinedOp
Setting time step: 0.042812095 in IonStaticPressureOp
norm(r_0) 0
norm(r_1) 0
norm(r_2) 0
norm(r_3) 0.0010062324
norm(r_4) 0
Newton iteration  0 : ||r|| = 0.00100623
   Pass :  1   Iteration :   0  ||B r|| = 0.0178687
   Pass :  1   Iteration :   1  ||B r|| = 0.00259659
   Pass :  1   Iteration :   2  ||B r|| = 0.000663698
   Pass :  1   Iteration :   3  ||B r|| = 0.000394594
   Pass :  1   Iteration :   4  ||B r|| = 0.000266762
   Pass :  1   Iteration :   5  ||B r|| = 0.000196756
   Pass :  1   Iteration :   6  ||B r|| = 0.000164536
   Pass :  1   Iteration :   7  ||B r|| = 0.000112587
   Pass :  1   Iteration :   8  ||B r|| = 6.7805e-05
   Pass :  1   Iteration :   9  ||B r|| = 5.21624e-05
   Pass :  1   Iteration :  10  ||B r|| = 3.12289e-05
   Pass :  1   Iteration :  11  ||B r|| = 1.74774e-05
   Pass :  1   Iteration :  12  ||B r|| = 1.19154e-05
   Pass :  1   Iteration :  13  ||B r|| = 6.13711e-06
   Pass :  1   Iteration :  14  ||B r|| = 3.2453e-06
   Pass :  1   Iteration :  15  ||B r|| = 1.57268e-06
   Pass :  1   Iteration :  16  ||B r|| = 7.97433e-07
norm(r_0) 0
norm(r_1) 0
norm(r_2) 0
norm(r_3) 7.3267204e-06
norm(r_4) 0
Newton iteration  1 : ||r|| = 7.32672e-06, ||r||/||r_0|| = 0.00728134
Setting time step: 0.085624189 in DGTransportTDO
Setting time step: 0.085624189 in CombinedOp
Setting time step: 0.085624189 in IonStaticPressureOp
norm(r_0) 0
norm(r_1) 0
norm(r_2) 0
norm(r_3) 0.00064279686
norm(r_4) 0
Newton iteration  0 : ||r|| = 0.000642797
   Pass :  1   Iteration :   0  ||B r|| = 0.00647706
   Pass :  1   Iteration :   1  ||B r|| = 0.000949557
   Pass :  1   Iteration :   2  ||B r|| = 0.0002773
   Pass :  1   Iteration :   3  ||B r|| = 0.000171645
   Pass :  1   Iteration :   4  ||B r|| = 0.000117602
   Pass :  1   Iteration :   5  ||B r|| = 8.6827e-05
   Pass :  1   Iteration :   6  ||B r|| = 7.50349e-05
   Pass :  1   Iteration :   7  ||B r|| = 5.36128e-05
   Pass :  1   Iteration :   8  ||B r|| = 3.36577e-05
   Pass :  1   Iteration :   9  ||B r|| = 2.65355e-05
   Pass :  1   Iteration :  10  ||B r|| = 1.65605e-05
   Pass :  1   Iteration :  11  ||B r|| = 9.49692e-06
   Pass :  1   Iteration :  12  ||B r|| = 6.56802e-06
   Pass :  1   Iteration :  13  ||B r|| = 3.48429e-06
   Pass :  1   Iteration :  14  ||B r|| = 1.85698e-06
   Pass :  1   Iteration :  15  ||B r|| = 8.85747e-07
norm(r_0) 0
norm(r_1) 0
norm(r_2) 0
norm(r_3) 1.4077442e-05
norm(r_4) 0
Newton iteration  1 : ||r|| = 1.40774e-05, ||r||/||r_0|| = 0.0219003
Setting time step: 0.085624189 in DGTransportTDO
Setting time step: 0.085624189 in CombinedOp
Setting time step: 0.085624189 in IonStaticPressureOp
norm(r_0) 0
norm(r_1) 0
norm(r_2) 0
norm(r_3) 4.9693596e-05
norm(r_4) 0
Newton iteration  0 : ||r|| = 4.96936e-05
   Pass :  1   Iteration :   0  ||B r|| = 0.000388596
   Pass :  1   Iteration :   1  ||B r|| = 5.71625e-05
   Pass :  1   Iteration :   2  ||B r|| = 1.66618e-05
   Pass :  1   Iteration :   3  ||B r|| = 1.05701e-05
   Pass :  1   Iteration :   4  ||B r|| = 7.1206e-06
   Pass :  1   Iteration :   5  ||B r|| = 5.20421e-06
   Pass :  1   Iteration :   6  ||B r|| = 4.52038e-06
   Pass :  1   Iteration :   7  ||B r|| = 3.14093e-06
   Pass :  1   Iteration :   8  ||B r|| = 2.10015e-06
   Pass :  1   Iteration :   9  ||B r|| = 1.74424e-06
   Pass :  1   Iteration :  10  ||B r|| = 1.05412e-06
   Pass :  1   Iteration :  11  ||B r|| = 5.20619e-07
norm(r_0) 0
norm(r_1) 0
norm(r_2) 0
norm(r_3) 8.7985259e-06
norm(r_4) 0
Newton iteration  1 : ||r|| = 8.79853e-06, ||r||/||r_0|| = 0.177056
Setting time step: 0.085624189 in DGTransportTDO
Setting time step: 0.085624189 in CombinedOp
Setting time step: 0.085624189 in IonStaticPressureOp
norm(r_0) 0
norm(r_1) 0
norm(r_2) 0
norm(r_3) 0.00017717194
norm(r_4) 0
Newton iteration  0 : ||r|| = 0.000177172
   Pass :  1   Iteration :   0  ||B r|| = 0.00177547
   Pass :  1   Iteration :   1  ||B r|| = 0.000260144
   Pass :  1   Iteration :   2  ||B r|| = 7.6061e-05
   Pass :  1   Iteration :   3  ||B r|| = 4.6861e-05
   Pass :  1   Iteration :   4  ||B r|| = 3.2214e-05
   Pass :  1   Iteration :   5  ||B r|| = 2.38302e-05
   Pass :  1   Iteration :   6  ||B r|| = 2.05632e-05
   Pass :  1   Iteration :   7  ||B r|| = 1.47669e-05
   Pass :  1   Iteration :   8  ||B r|| = 9.18683e-06
   Pass :  1   Iteration :   9  ||B r|| = 7.16564e-06
   Pass :  1   Iteration :  10  ||B r|| = 4.50101e-06
   Pass :  1   Iteration :  11  ||B r|| = 2.64821e-06
   Pass :  1   Iteration :  12  ||B r|| = 1.82863e-06
   Pass :  1   Iteration :  13  ||B r|| = 9.60876e-07
norm(r_0) 0
norm(r_1) 0
norm(r_2) 0
norm(r_3) 1.6738269e-05
norm(r_4) 0
Newton iteration  1 : ||r|| = 1.67383e-05, ||r||/||r_0|| = 0.0944747
Setting time step: 0.085624189 in DGTransportTDO
Setting time step: 0.085624189 in CombinedOp
Setting time step: 0.085624189 in IonStaticPressureOp
norm(r_0) 0
norm(r_1) 0
norm(r_2) 0
norm(r_3) 0.00025675102
norm(r_4) 0
Newton iteration  0 : ||r|| = 0.000256751
   Pass :  1   Iteration :   0  ||B r|| = 0.00258596
   Pass :  1   Iteration :   1  ||B r|| = 0.000378999
   Pass :  1   Iteration :   2  ||B r|| = 0.000110741
   Pass :  1   Iteration :   3  ||B r|| = 6.83712e-05
   Pass :  1   Iteration :   4  ||B r|| = 4.693e-05
   Pass :  1   Iteration :   5  ||B r|| = 3.46854e-05
   Pass :  1   Iteration :   6  ||B r|| = 2.995e-05
   Pass :  1   Iteration :   7  ||B r|| = 2.14591e-05
   Pass :  1   Iteration :   8  ||B r|| = 1.34004e-05
   Pass :  1   Iteration :   9  ||B r|| = 1.05047e-05
   Pass :  1   Iteration :  10  ||B r|| = 6.58414e-06
   Pass :  1   Iteration :  11  ||B r|| = 3.82929e-06
   Pass :  1   Iteration :  12  ||B r|| = 2.64598e-06
   Pass :  1   Iteration :  13  ||B r|| = 1.39617e-06
   Pass :  1   Iteration :  14  ||B r|| = 7.42846e-07
norm(r_0) 0
norm(r_1) 0
norm(r_2) 0
norm(r_3) 1.0783286e-05
norm(r_4) 0
Newton iteration  1 : ||r|| = 1.07833e-05, ||r||/||r_0|| = 0.041999
Setting time step: 0.085624189 in DGTransportTDO
Setting time step: 0.085624189 in CombinedOp
Setting time step: 0.085624189 in IonStaticPressureOp
norm(r_0) 0
norm(r_1) 0
norm(r_2) 0
norm(r_3) 0.00066572122
norm(r_4) 0
Newton iteration  0 : ||r|| = 0.000665721
   Pass :  1   Iteration :   0  ||B r|| = 0.000753325
   Pass :  1   Iteration :   1  ||B r|| = 0.000114117
   Pass :  1   Iteration :   2  ||B r|| = 4.02235e-05
   Pass :  1   Iteration :   3  ||B r|| = 2.29521e-05
   Pass :  1   Iteration :   4  ||B r|| = 1.47062e-05
   Pass :  1   Iteration :   5  ||B r|| = 1.03525e-05
   Pass :  1   Iteration :   6  ||B r|| = 9.12132e-06
   Pass :  1   Iteration :   7  ||B r|| = 5.95282e-06
   Pass :  1   Iteration :   8  ||B r|| = 4.33612e-06
   Pass :  1   Iteration :   9  ||B r|| = 3.66498e-06
   Pass :  1   Iteration :  10  ||B r|| = 2.6357e-06
   Pass :  1   Iteration :  11  ||B r|| = 1.41341e-06
   Pass :  1   Iteration :  12  ||B r|| = 9.97252e-07
norm(r_0) 0
norm(r_1) 0
norm(r_2) 0
norm(r_3) 1.0070317e-05
norm(r_4) 0
Newton iteration  1 : ||r|| = 1.00703e-05, ||r||/||r_0|| = 0.0151269
Time stepping paused at t = 0.89761029

Estimating errors.
No refinements necessary.
No derefinements needed.

AMR iteration 2
Number of unknowns: 144
Setting time step: 0.17124838 in DGTransportTDO
Setting time step: 0.17124838 in CombinedOp
Setting time step: 0.17124838 in IonStaticPressureOp
norm(r_0) 0
norm(r_1) 0
norm(r_2) 0
norm(r_3) 3.7021707e-05
norm(r_4) 0
Newton iteration  0 : ||r|| = 3.70217e-05
   Pass :  1   Iteration :   0  ||B r|| = 0.000192895
   Pass :  1   Iteration :   1  ||B r|| = 2.83787e-05
   Pass :  1   Iteration :   2  ||B r|| = 9.06496e-06
   Pass :  1   Iteration :   3  ||B r|| = 5.78558e-06
   Pass :  1   Iteration :   4  ||B r|| = 4.04337e-06
   Pass :  1   Iteration :   5  ||B r|| = 3.03492e-06
   Pass :  1   Iteration :   6  ||B r|| = 2.66777e-06
   Pass :  1   Iteration :   7  ||B r|| = 1.95488e-06
   Pass :  1   Iteration :   8  ||B r|| = 1.2783e-06
   Pass :  1   Iteration :   9  ||B r|| = 1.02214e-06
   Pass :  1   Iteration :  10  ||B r|| = 6.78362e-07
norm(r_0) 0
norm(r_1) 0
norm(r_2) 0
norm(r_3) 1.3679275e-05
norm(r_4) 0
Newton iteration  1 : ||r|| = 1.36793e-05, ||r||/||r_0|| = 0.369493
Setting time step: 0.17124838 in DGTransportTDO
Setting time step: 0.17124838 in CombinedOp
Setting time step: 0.17124838 in IonStaticPressureOp
norm(r_0) 0
norm(r_1) 0
norm(r_2) 0
norm(r_3) 2.8026011e-05
norm(r_4) 0
Newton iteration  0 : ||r|| = 2.8026e-05
   Pass :  1   Iteration :   0  ||B r|| = 7.5221e-05
   Pass :  1   Iteration :   1  ||B r|| = 1.10709e-05
   Pass :  1   Iteration :   2  ||B r|| = 3.68421e-06
   Pass :  1   Iteration :   3  ||B r|| = 2.20284e-06
   Pass :  1   Iteration :   4  ||B r|| = 1.40453e-06
   Pass :  1   Iteration :   5  ||B r|| = 8.59078e-07
norm(r_0) 0
norm(r_1) 0
norm(r_2) 0
norm(r_3) 1.4035006e-05
norm(r_4) 0
Newton iteration  1 : ||r|| = 1.4035e-05, ||r||/||r_0|| = 0.500785
Setting time step: 0.17124838 in DGTransportTDO
Setting time step: 0.17124838 in CombinedOp
Setting time step: 0.17124838 in IonStaticPressureOp
norm(r_0) 0
norm(r_1) 0
norm(r_2) 0
norm(r_3) 2.2980212e-05
norm(r_4) 0
Newton iteration  0 : ||r|| = 2.29802e-05
   Pass :  1   Iteration :   0  ||B r|| = 2.26308e-06
   Pass :  1   Iteration :   1  ||B r|| = 9.80549e-07
norm(r_0) 0
norm(r_1) 0
norm(r_2) 0
norm(r_3) 1.2737297e-05
norm(r_4) 0
Newton iteration  1 : ||r|| = 1.27373e-05, ||r||/||r_0|| = 0.554272
Setting time step: 0.17124838 in DGTransportTDO
Setting time step: 0.17124838 in CombinedOp
Setting time step: 0.17124838 in IonStaticPressureOp
norm(r_0) 0
norm(r_1) 0
norm(r_2) 0
norm(r_3) 2.1339862e-05
norm(r_4) 0
Newton iteration  0 : ||r|| = 2.13399e-05
   Pass :  1   Iteration :   0  ||B r|| = 3.56257e-05
   Pass :  1   Iteration :   1  ||B r|| = 5.39148e-06
   Pass :  1   Iteration :   2  ||B r|| = 1.99546e-06
   Pass :  1   Iteration :   3  ||B r|| = 1.4357e-06
   Pass :  1   Iteration :   4  ||B r|| = 1.12781e-06
   Pass :  1   Iteration :   5  ||B r|| = 9.11507e-07
norm(r_0) 0
norm(r_1) 0
norm(r_2) 0
norm(r_3) 1.1568675e-05
norm(r_4) 0
Newton iteration  1 : ||r|| = 1.15687e-05, ||r||/||r_0|| = 0.542116
Setting time step: 0.17124838 in DGTransportTDO
Setting time step: 0.17124838 in CombinedOp
Setting time step: 0.17124838 in IonStaticPressureOp
norm(r_0) 0
norm(r_1) 0
norm(r_2) 0
norm(r_3) 0.00055800076
norm(r_4) 0
Newton iteration  0 : ||r|| = 0.000558001
   Pass :  1   Iteration :   0  ||B r|| = 6.78439e-05
   Pass :  1   Iteration :   1  ||B r|| = 3.0607e-05
   Pass :  1   Iteration :   2  ||B r|| = 2.19028e-05
   Pass :  1   Iteration :   3  ||B r|| = 1.34003e-05
   Pass :  1   Iteration :   4  ||B r|| = 6.85128e-06
   Pass :  1   Iteration :   5  ||B r|| = 4.72856e-06
   Pass :  1   Iteration :   6  ||B r|| = 4.03323e-06
   Pass :  1   Iteration :   7  ||B r|| = 3.51597e-06
   Pass :  1   Iteration :   8  ||B r|| = 2.75893e-06
   Pass :  1   Iteration :   9  ||B r|| = 1.60766e-06
   Pass :  1   Iteration :  10  ||B r|| = 1.05378e-06
   Pass :  1   Iteration :  11  ||B r|| = 6.8148e-07
norm(r_0) 0
norm(r_1) 0
norm(r_2) 0
norm(r_3) 1.9299374e-05
norm(r_4) 0
Newton iteration  1 : ||r|| = 1.92994e-05, ||r||/||r_0|| = 0.0345866
Setting time step: 0.34249676 in DGTransportTDO
Setting time step: 0.34249676 in CombinedOp
Setting time step: 0.34249676 in IonStaticPressureOp
norm(r_0) 0
norm(r_1) 0
norm(r_2) 0
norm(r_3) 2.105117e-05
norm(r_4) 0
Newton iteration  0 : ||r|| = 2.10512e-05
   Pass :  1   Iteration :   0  ||B r|| = 1.96306e-05
   Pass :  1   Iteration :   1  ||B r|| = 3.08658e-06
   Pass :  1   Iteration :   2  ||B r|| = 1.08925e-06
   Pass :  1   Iteration :   3  ||B r|| = 7.77464e-07
norm(r_0) 0
norm(r_1) 0
norm(r_2) 0
norm(r_3) 5.0048824e-05
norm(r_4) 0
Newton iteration  1 : ||r|| = 5.00488e-05, ||r||/||r_0|| = 2.37748
Setting time step: 0.34249676 in DGTransportTDO
Setting time step: 0.34249676 in CombinedOp
Setting time step: 0.34249676 in IonStaticPressureOp
norm(r_0) 0
norm(r_1) 0
norm(r_2) 0
norm(r_3) 0.00010530793
norm(r_4) 0
Newton iteration  0 : ||r|| = 0.000105308
   Pass :  1   Iteration :   0  ||B r|| = 1.42851e-05
   Pass :  1   Iteration :   1  ||B r|| = 1.94463e-06
   Pass :  1   Iteration :   2  ||B r|| = 6.48484e-07
norm(r_0) 0
norm(r_1) 0
norm(r_2) 0
norm(r_3) 1.5897551e-05
norm(r_4) 0
Newton iteration  1 : ||r|| = 1.58976e-05, ||r||/||r_0|| = 0.150963
Setting time step: 0.34249676 in DGTransportTDO
Setting time step: 0.34249676 in CombinedOp
Setting time step: 0.34249676 in IonStaticPressureOp
norm(r_0) 0
norm(r_1) 0
norm(r_2) 0
norm(r_3) 8.6297704e-05
norm(r_4) 0
Newton iteration  0 : ||r|| = 8.62977e-05
   Pass :  1   Iteration :   0  ||B r|| = 5.6554e-06
   Pass :  1   Iteration :   1  ||B r|| = 9.83427e-07
norm(r_0) 0
norm(r_1) 0
norm(r_2) 0
norm(r_3) 4.0587569e-05
norm(r_4) 0
Newton iteration  1 : ||r|| = 4.05876e-05, ||r||/||r_0|| = 0.47032
Setting time step: 0.34249676 in DGTransportTDO
Setting time step: 0.34249676 in CombinedOp
Setting time step: 0.34249676 in IonStaticPressureOp
norm(r_0) 0
norm(r_1) 0
norm(r_2) 0
norm(r_3) 6.918294e-05
norm(r_4) 0
Newton iteration  0 : ||r|| = 6.91829e-05
   Pass :  1   Iteration :   0  ||B r|| = 1.40481e-06
   Pass :  1   Iteration :   1  ||B r|| = 8.50495e-07
norm(r_0) 0
norm(r_1) 0
norm(r_2) 0
norm(r_3) 4.0560186e-05
norm(r_4) 0
Newton iteration  1 : ||r|| = 4.05602e-05, ||r||/||r_0|| = 0.586274
Setting time step: 0.34249676 in DGTransportTDO
Setting time step: 0.34249676 in CombinedOp
Setting time step: 0.34249676 in IonStaticPressureOp
norm(r_0) 0
norm(r_1) 0
norm(r_2) 0
norm(r_3) 0.00063726135
norm(r_4) 0
Newton iteration  0 : ||r|| = 0.000637261
   Pass :  1   Iteration :   0  ||B r|| = 3.56564e-05
   Pass :  1   Iteration :   1  ||B r|| = 9.1387e-06
   Pass :  1   Iteration :   2  ||B r|| = 2.08019e-06
   Pass :  1   Iteration :   3  ||B r|| = 1.46273e-06
   Pass :  1   Iteration :   4  ||B r|| = 8.68582e-07
norm(r_0) 0
norm(r_1) 0
norm(r_2) 0
norm(r_3) 5.4773882e-05
norm(r_4) 0
Newton iteration  1 : ||r|| = 5.47739e-05, ||r||/||r_0|| = 0.085952
Setting time step: 0.68499351 in DGTransportTDO
Setting time step: 0.68499351 in CombinedOp
Setting time step: 0.68499351 in IonStaticPressureOp
norm(r_0) 0
norm(r_1) 0
norm(r_2) 0
norm(r_3) 5.4784534e-05
norm(r_4) 0
Newton iteration  0 : ||r|| = 5.47845e-05
   Pass :  1   Iteration :   0  ||B r|| = 1.22837e-06
   Pass :  1   Iteration :   1  ||B r|| = 5.21855e-07
norm(r_0) 0
norm(r_1) 0
norm(r_2) 0
norm(r_3) 3.1301693e-05
norm(r_4) 0
Newton iteration  1 : ||r|| = 3.13017e-05, ||r||/||r_0|| = 0.57136
Setting time step: 0.68499351 in DGTransportTDO
Setting time step: 0.68499351 in CombinedOp
Setting time step: 0.68499351 in IonStaticPressureOp
norm(r_0) 0
norm(r_1) 0
norm(r_2) 0
norm(r_3) 6.3269664e-05
norm(r_4) 0
Newton iteration  0 : ||r|| = 6.32697e-05
   Pass :  1   Iteration :   0  ||B r|| = 1.15857e-06
   Pass :  1   Iteration :   1  ||B r|| = 5.60402e-07
norm(r_0) 0
norm(r_1) 0
norm(r_2) 0
norm(r_3) 2.8126796e-05
norm(r_4) 0
Newton iteration  1 : ||r|| = 2.81268e-05, ||r||/||r_0|| = 0.444554
Setting time step: 0.68499351 in DGTransportTDO
Setting time step: 0.68499351 in CombinedOp
Setting time step: 0.68499351 in IonStaticPressureOp
norm(r_0) 0
norm(r_1) 0
norm(r_2) 0
norm(r_3) 4.3783487e-05
norm(r_4) 0
Newton iteration  0 : ||r|| = 4.37835e-05
   Pass :  1   Iteration :   0  ||B r|| = 7.32742e-07
norm(r_0) 0
norm(r_1) 0
norm(r_2) 0
norm(r_3) 4.3783487e-05
norm(r_4) 0
Newton iteration  1 : ||r|| = 4.37835e-05, ||r||/||r_0|| = 1
Setting time step: 0.68499351 in DGTransportTDO
Setting time step: 0.68499351 in CombinedOp
Setting time step: 0.68499351 in IonStaticPressureOp
norm(r_0) 0
norm(r_1) 0
norm(r_2) 0
norm(r_3) 3.7668402e-05
norm(r_4) 0
Newton iteration  0 : ||r|| = 3.76684e-05
   Pass :  1   Iteration :   0  ||B r|| = 5.91734e-07
norm(r_0) 0
norm(r_1) 0
norm(r_2) 0
norm(r_3) 3.7668402e-05
norm(r_4) 0
Newton iteration  1 : ||r|| = 3.76684e-05, ||r||/||r_0|| = 1
Setting time step: 0.68499351 in DGTransportTDO
Setting time step: 0.68499351 in CombinedOp
Setting time step: 0.68499351 in IonStaticPressureOp
norm(r_0) 0
norm(r_1) 0
norm(r_2) 0
norm(r_3) 0.00031499306
norm(r_4) 0
Newton iteration  0 : ||r|| = 0.000314993
   Pass :  1   Iteration :   0  ||B r|| = 7.43493e-06
   Pass :  1   Iteration :   1  ||B r|| = 8.25747e-07
norm(r_0) 0
norm(r_1) 0
norm(r_2) 0
norm(r_3) 5.6959369e-05
norm(r_4) 0
Newton iteration  1 : ||r|| = 5.69594e-05, ||r||/||r_0|| = 0.180827
Setting time step: 1.369987 in DGTransportTDO
Setting time step: 1.369987 in CombinedOp
Setting time step: 1.369987 in IonStaticPressureOp
norm(r_0) 0
norm(r_1) 0
norm(r_2) 0
norm(r_3) 5.6970821e-05
norm(r_4) 0
Newton iteration  0 : ||r|| = 5.69708e-05
   Pass :  1   Iteration :   0  ||B r|| = 4.1133e-07
norm(r_0) 0
norm(r_1) 0
norm(r_2) 0
norm(r_3) 5.6970821e-05
norm(r_4) 0
Newton iteration  1 : ||r|| = 5.69708e-05, ||r||/||r_0|| = 1
Setting time step: 1.369987 in DGTransportTDO
Setting time step: 1.369987 in CombinedOp
Setting time step: 1.369987 in IonStaticPressureOp
norm(r_0) 0
norm(r_1) 0
norm(r_2) 0
norm(r_3) 5.6970821e-05
norm(r_4) 0
Newton iteration  0 : ||r|| = 5.69708e-05
   Pass :  1   Iteration :   0  ||B r|| = 4.1133e-07
norm(r_0) 0
norm(r_1) 0
norm(r_2) 0
norm(r_3) 5.6970821e-05
norm(r_4) 0
Newton iteration  1 : ||r|| = 5.69708e-05, ||r||/||r_0|| = 1
Setting time step: 1.369987 in DGTransportTDO
Setting time step: 1.369987 in CombinedOp
Setting time step: 1.369987 in IonStaticPressureOp
norm(r_0) 0
norm(r_1) 0
norm(r_2) 0
norm(r_3) 5.6970821e-05
norm(r_4) 0
Newton iteration  0 : ||r|| = 5.69708e-05
   Pass :  1   Iteration :   0  ||B r|| = 4.1133e-07
norm(r_0) 0
norm(r_1) 0
norm(r_2) 0
norm(r_3) 5.6970821e-05
norm(r_4) 0
Newton iteration  1 : ||r|| = 5.69708e-05, ||r||/||r_0|| = 1
Setting time step: 1.369987 in DGTransportTDO
Setting time step: 1.369987 in CombinedOp
Setting time step: 1.369987 in IonStaticPressureOp
norm(r_0) 0
norm(r_1) 0
norm(r_2) 0
norm(r_3) 5.6970821e-05
norm(r_4) 0
Newton iteration  0 : ||r|| = 5.69708e-05
   Pass :  1   Iteration :   0  ||B r|| = 4.1133e-07
norm(r_0) 0
norm(r_1) 0
norm(r_2) 0
norm(r_3) 5.6970821e-05
norm(r_4) 0
Newton iteration  1 : ||r|| = 5.69708e-05, ||r||/||r_0|| = 1
Setting time step: 1.369987 in DGTransportTDO
Setting time step: 1.369987 in CombinedOp
Setting time step: 1.369987 in IonStaticPressureOp
norm(r_0) 0
norm(r_1) 0
norm(r_2) 0
norm(r_3) 5.6970821e-05
norm(r_4) 0
Newton iteration  0 : ||r|| = 5.69708e-05
   Pass :  1   Iteration :   0  ||B r|| = 4.1133e-07
norm(r_0) 0
norm(r_1) 0
norm(r_2) 0
norm(r_3) 5.6970821e-05
norm(r_4) 0
Newton iteration  1 : ||r|| = 5.69708e-05, ||r||/||r_0|| = 1
Time stepping paused at t = 11.172513
Steady State solution has been reached

Time stepping done after 0.40116295s.
