Options used:
   --mesh ../../mfem/data/inline-quad.mesh
   --bc-file ../../mfem/miniapps/plasma/transport2d_bcs.inp
   --ic-file ../../mfem/miniapps/plasma/transport2d_ics.inp
   --ec-file /home/gz6/mfem-analysis/input-files/transport2d_ecs.inp
   --es-file ../../mfem/miniapps/plasma/transport2d_ess.inp
   --eqdsk-file 
   --logging 1
   --operator-test 8
   --equation-weights '1 1 1 1 1'
   --problem 0
   --refine-serial 5
   --refine-parallel 0
   --enable-amr
   --max-err -1
   --hysteresis 0.25
   --nc-limit 3
   --amr-weights '1 1 1 1 1'
   --order 3
   --dg-sigma -1
   --dg-kappa 16
   --linear-abs-tolerance 1e-06
   --linear-rel-tolerance 1e-06
   --linear-max-iterations 500
   --linear-logging-level 3
   --newton-abs-tolerance 1e-10
   --newton-rel-tolerance 1e-10
   --newton-max-iterations 1
   --newton-logging-level 1
   --steady-state-abs-tolerance 1e-08
   --steady-state-rel-tolerance 1e-08
   --prec-type 1
   --prec-logging-level 0
   --initial-tolerance 1e-05
   --ode-tolerance 0.001
   --ode-solver 2
   --err-per-step
   --ode-weights '1 1 1 1 1'
   --kP 0
   --kI 0.6
   --kD 0
   --theta-max 2
   --t-minimum 0
   --t-final 100
   --time-step 0.01
   --cfl-number 0.3
   --ion-charge 1
   --ion-mass 2.0141018
   --neutral-mass 2.0141018
   --neutral-temp 3
   --min-neutral-density 9e+14
   --max-neutral-density 1e+15
   --neutral-density-exp 0
   --min-ion-density 1e+16
   --max-ion-density 1e+18
   --ion-density-exp 0
   --min-ion-temp 1
   --max-ion-temp 10
   --ion-temp-exp 0
   --min-electron-temp 10
   --max-electron-temp 440
   --electron-temp-exp 0
   --total-B-magnitude 5
   --poloidal-B-magnitude 0.5
   --velocity 1000
   --Di-perp 1
   --Xi-perp 1
   --Xe-perp 1
   --equation-term-flags '-1 -1 -1 -1 -1'
   --visualization-flags '-1 -1 -1 -1 -1'
   --visualization
   --visit-datafiles
   --ascii-datafiles
   --visualization-steps 4
Device configuration: cpu
Memory configuration: host-std
Number of elements in initial mesh: 16
Number of elements after serial refinement: 16384
11: Number of elements in parallel mesh: 1024
11: Number of elements after parallel refinement: 1024
10: Number of elements in parallel mesh: 1024
10: Number of elements after parallel refinement: 1024
9: Number of elements in parallel mesh: 1024
9: Number of elements after parallel refinement: 1024
8: Number of elements in parallel mesh: 1024
8: Number of elements after parallel refinement: 1024
13: Number of elements in parallel mesh: 1024
15: Number of elements in parallel mesh: 1024
15: Number of elements after parallel refinement: 1024
13: Number of elements after parallel refinement: 1024
12: Number of elements in parallel mesh: 1024
12: Number of elements after parallel refinement: 1024
14: Number of elements in parallel mesh: 1024
14: Number of elements after parallel refinement: 1024
1: Number of elements in parallel mesh: 1024
1: Number of elements after parallel refinement: 1024
3: Number of elements in parallel mesh: 1024
3: Number of elements after parallel refinement: 1024
2: Number of elements in parallel mesh: 1024
2: Number of elements after parallel refinement: 1024
0: Number of elements in parallel mesh: 1024
0: Number of elements after parallel refinement: 1024
5: Number of elements in parallel mesh: 1024
5: Number of elements after parallel refinement: 1024
7: Number of elements in parallel mesh: 1024
7: Number of elements after parallel refinement: 1024
4: Number of elements in parallel mesh: 1024
4: Number of elements after parallel refinement: 1024
6: Number of elements in parallel mesh: 1024
6: Number of elements after parallel refinement: 1024
Configuring initial conditions
Reading initial conditions from ../../mfem/miniapps/plasma/transport2d_ics.inp
Configuring exact solutions
Reading exact solutions from ../../mfem/miniapps/plasma/transport2d_ess.inp

AMR iteration 0
Number of unknowns: 262144
Reached the maximum number of dofs. Stop.
Number of unknowns per field: 262144
Total number of unknowns:     1310720
Configuring boundary conditions
Reading boundary conditions from ../../mfem/miniapps/plasma/transport2d_bcs.inp
Configuring equation coefficients
Reading equation coefficients from /home/gz6/mfem-analysis/input-files/transport2d_ecs.inp
|mn| = 3.3444946e-27
|ni| = 1
|ne| = 1

|Dn|     = -nan
|Di|     = -nan
|Eta|    = -nan
|nXi|    = -nan
|nXe|    = -nan

|Eta/mn| = -nan
|nXi/ni| = -nan
|nXe/ne| = -nan
Ion Static Pressure: Adding time derivative term proportional to d n_i / dt
Ion Static Pressure: Adding time derivative term proportional to d T_i / dt
Ion Static Pressure: Adding anisotropic diffusion term
Ion Static Pressure: Adding source term
Opening GLVis sockets.
Range of error estimates for initial condition: -nan < elem err < -nan

Begin time stepping at t = 0
Setting time step: 0.0025 in DGTransportTDO
Setting time step: 0.0025 in CombinedOp
Setting time step: 0.0025 in IonStaticPressureOp
norm(r_0) 0
norm(r_1) 0
norm(r_2) 0
norm(r_3) 0.021061439
norm(r_4) 0
Newton iteration  0 : ||r|| = 0.0210614
   Pass :  1   Iteration :   0  ||B r|| = 2206.63 ...
   Pass :  1   Iteration :  34  ||B r|| = 0.0020989
norm(r_0) 0
norm(r_1) 0
norm(r_2) 0
norm(r_3) 0.00014731123
norm(r_4) 0
Newton iteration  1 : ||r|| = 0.000147311, ||r||/||r_0|| = 0.00699436
Setting time step: 0.0025 in DGTransportTDO
Setting time step: 0.0025 in CombinedOp
Setting time step: 0.0025 in IonStaticPressureOp
norm(r_0) 0
norm(r_1) 0
norm(r_2) 0
norm(r_3) 0.01972178
norm(r_4) 0
Newton iteration  0 : ||r|| = 0.0197218
   Pass :  1   Iteration :   0  ||B r|| = 2066.07 ...
   Pass :  1   Iteration :  35  ||B r|| = 0.00183969
norm(r_0) 0
norm(r_1) 0
norm(r_2) 0
norm(r_3) 0.00013198085
norm(r_4) 0
Newton iteration  1 : ||r|| = 0.000131981, ||r||/||r_0|| = 0.00669214
Setting time step: 0.0025 in DGTransportTDO
Setting time step: 0.0025 in CombinedOp
Setting time step: 0.0025 in IonStaticPressureOp
norm(r_0) 0
norm(r_1) 0
norm(r_2) 0
norm(r_3) 0.02025077
norm(r_4) 0
Newton iteration  0 : ||r|| = 0.0202508
   Pass :  1   Iteration :   0  ||B r|| = 2121.58 ...
   Pass :  1   Iteration :  35  ||B r|| = 0.00184694
norm(r_0) 0
norm(r_1) 0
norm(r_2) 0
norm(r_3) 0.00013216318
norm(r_4) 0
Newton iteration  1 : ||r|| = 0.000132163, ||r||/||r_0|| = 0.00652633
Setting time step: 0.0025 in DGTransportTDO
Setting time step: 0.0025 in CombinedOp
Setting time step: 0.0025 in IonStaticPressureOp
norm(r_0) 0
norm(r_1) 0
norm(r_2) 0
norm(r_3) 0.020385565
norm(r_4) 0
Newton iteration  0 : ||r|| = 0.0203856
   Pass :  1   Iteration :   0  ||B r|| = 2135.75 ...
   Pass :  1   Iteration :  35  ||B r|| = 0.0018351
norm(r_0) 0
norm(r_1) 0
norm(r_2) 0
norm(r_3) 0.00013110923
norm(r_4) 0
Newton iteration  1 : ||r|| = 0.000131109, ||r||/||r_0|| = 0.00643147
Setting time step: 0.0025 in DGTransportTDO
Setting time step: 0.0025 in CombinedOp
Setting time step: 0.0025 in IonStaticPressureOp
norm(r_0) 0
norm(r_1) 0
norm(r_2) 0
norm(r_3) 0.019076013
norm(r_4) 0
Newton iteration  0 : ||r|| = 0.019076
   Pass :  1   Iteration :   0  ||B r|| = 1998.19 ...
   Pass :  1   Iteration :  34  ||B r|| = 0.00180022
norm(r_0) 0
norm(r_1) 0
norm(r_2) 0
norm(r_3) 0.00012488291
norm(r_4) 0
Newton iteration  1 : ||r|| = 0.000124883, ||r||/||r_0|| = 0.00654659
Setting time step: 0.005 in DGTransportTDO
Setting time step: 0.005 in CombinedOp
Setting time step: 0.005 in IonStaticPressureOp
norm(r_0) 0
norm(r_1) 0
norm(r_2) 0
norm(r_3) 0.018464817
norm(r_4) 0
Newton iteration  0 : ||r|| = 0.0184648
   Pass :  1   Iteration :   0  ||B r|| = 1638.02 ...
   Pass :  1   Iteration :  36  ||B r|| = 0.00162205
norm(r_0) 0
norm(r_1) 0
norm(r_2) 0
norm(r_3) 0.00021334803
norm(r_4) 0
Newton iteration  1 : ||r|| = 0.000213348, ||r||/||r_0|| = 0.0115543
Setting time step: 0.005 in DGTransportTDO
Setting time step: 0.005 in CombinedOp
Setting time step: 0.005 in IonStaticPressureOp
norm(r_0) 0
norm(r_1) 0
norm(r_2) 0
norm(r_3) 0.016188189
norm(r_4) 0
Newton iteration  0 : ||r|| = 0.0161882
   Pass :  1   Iteration :   0  ||B r|| = 1435.77 ...
   Pass :  1   Iteration :  37  ||B r|| = 0.00126392
norm(r_0) 0
norm(r_1) 0
norm(r_2) 0
norm(r_3) 0.00017120298
norm(r_4) 0
Newton iteration  1 : ||r|| = 0.000171203, ||r||/||r_0|| = 0.0105758
Setting time step: 0.005 in DGTransportTDO
Setting time step: 0.005 in CombinedOp
Setting time step: 0.005 in IonStaticPressureOp
norm(r_0) 0
norm(r_1) 0
norm(r_2) 0
norm(r_3) 0.017076595
norm(r_4) 0
Newton iteration  0 : ||r|| = 0.0170766
   Pass :  1   Iteration :   0  ||B r|| = 1514.67 ...
   Pass :  1   Iteration :  37  ||B r|| = 0.00131894
norm(r_0) 0
norm(r_1) 0
norm(r_2) 0
norm(r_3) 0.00017829704
norm(r_4) 0
Newton iteration  1 : ||r|| = 0.000178297, ||r||/||r_0|| = 0.010441
Setting time step: 0.005 in DGTransportTDO
Setting time step: 0.005 in CombinedOp
Setting time step: 0.005 in IonStaticPressureOp
norm(r_0) 0
norm(r_1) 0
norm(r_2) 0
norm(r_3) 0.017307495
norm(r_4) 0
Newton iteration  0 : ||r|| = 0.0173075
   Pass :  1   Iteration :   0  ||B r|| = 1535.22 ...
   Pass :  1   Iteration :  37  ||B r|| = 0.00132842
norm(r_0) 0
norm(r_1) 0
norm(r_2) 0
norm(r_3) 0.00017937194
norm(r_4) 0
Newton iteration  1 : ||r|| = 0.000179372, ||r||/||r_0|| = 0.0103638
Setting time step: 0.005 in DGTransportTDO
Setting time step: 0.005 in CombinedOp
Setting time step: 0.005 in IonStaticPressureOp
norm(r_0) 0
norm(r_1) 0
norm(r_2) 0
norm(r_3) 0.015130338
norm(r_4) 0
Newton iteration  0 : ||r|| = 0.0151303
   Pass :  1   Iteration :   0  ||B r|| = 1341.81 ...
   Pass :  1   Iteration :  36  ||B r|| = 0.00128725
norm(r_0) 0
norm(r_1) 0
norm(r_2) 0
norm(r_3) 0.0001677721
norm(r_4) 0
Newton iteration  1 : ||r|| = 0.000167772, ||r||/||r_0|| = 0.0110885
Setting time step: 0.01 in DGTransportTDO
Setting time step: 0.01 in CombinedOp
Setting time step: 0.01 in IonStaticPressureOp
norm(r_0) 0
norm(r_1) 0
norm(r_2) 0
norm(r_3) 0.01419276
norm(r_4) 0
Newton iteration  0 : ||r|| = 0.0141928
   Pass :  1   Iteration :   0  ||B r|| = 953.044 ...
   Pass :  1   Iteration :  39  ||B r|| = 0.000851214
norm(r_0) 0
norm(r_1) 0
norm(r_2) 0
norm(r_3) 0.00022312558
norm(r_4) 0
Newton iteration  1 : ||r|| = 0.000223126, ||r||/||r_0|| = 0.0157211
Setting time step: 0.01 in DGTransportTDO
Setting time step: 0.01 in CombinedOp
Setting time step: 0.01 in IonStaticPressureOp
norm(r_0) 0
norm(r_1) 0
norm(r_2) 0
norm(r_3) 0.010896522
norm(r_4) 0
Newton iteration  0 : ||r|| = 0.0108965
   Pass :  1   Iteration :   0  ||B r|| = 731.383 ...
   Pass :  1   Iteration :  39  ||B r|| = 0.000669655
norm(r_0) 0
norm(r_1) 0
norm(r_2) 0
norm(r_3) 0.00017671978
norm(r_4) 0
Newton iteration  1 : ||r|| = 0.00017672, ||r||/||r_0|| = 0.016218
Setting time step: 0.01 in DGTransportTDO
Setting time step: 0.01 in CombinedOp
Setting time step: 0.01 in IonStaticPressureOp
norm(r_0) 0
norm(r_1) 0
norm(r_2) 0
norm(r_3) 0.012153437
norm(r_4) 0
Newton iteration  0 : ||r|| = 0.0121534
   Pass :  1   Iteration :   0  ||B r|| = 815.923 ...
   Pass :  1   Iteration :  39  ||B r|| = 0.000741408
norm(r_0) 0
norm(r_1) 0
norm(r_2) 0
norm(r_3) 0.00019526455
norm(r_4) 0
Newton iteration  1 : ||r|| = 0.000195265, ||r||/||r_0|| = 0.0160666
Setting time step: 0.01 in DGTransportTDO
Setting time step: 0.01 in CombinedOp
Setting time step: 0.01 in IonStaticPressureOp
norm(r_0) 0
norm(r_1) 0
norm(r_2) 0
norm(r_3) 0.012492913
norm(r_4) 0
Newton iteration  0 : ||r|| = 0.0124929
   Pass :  1   Iteration :   0  ||B r|| = 838.779 ...
   Pass :  1   Iteration :  39  ||B r|| = 0.000759449
norm(r_0) 0
norm(r_1) 0
norm(r_2) 0
norm(r_3) 0.00019982503
norm(r_4) 0
Newton iteration  1 : ||r|| = 0.000199825, ||r||/||r_0|| = 0.0159951
Setting time step: 0.01 in DGTransportTDO
Setting time step: 0.01 in CombinedOp
Setting time step: 0.01 in IonStaticPressureOp
norm(r_0) 0
norm(r_1) 0
norm(r_2) 0
norm(r_3) 0.0094913703
norm(r_4) 0
Newton iteration  0 : ||r|| = 0.00949137
   Pass :  1   Iteration :   0  ||B r|| = 637.112 ...
   Pass :  1   Iteration :  39  ||B r|| = 0.00055698
norm(r_0) 0
norm(r_1) 0
norm(r_2) 0
norm(r_3) 0.00014514188
norm(r_4) 0
Newton iteration  1 : ||r|| = 0.000145142, ||r||/||r_0|| = 0.015292
Setting time step: 0.02 in DGTransportTDO
Setting time step: 0.02 in CombinedOp
Setting time step: 0.02 in IonStaticPressureOp
norm(r_0) 0
norm(r_1) 0
norm(r_2) 0
norm(r_3) 0.0083852642
norm(r_4) 0
Newton iteration  0 : ||r|| = 0.00838526
   Pass :  1   Iteration :   0  ||B r|| = 374.904 ...
   Pass :  1   Iteration :  41  ||B r|| = 0.000360645
norm(r_0) 0
norm(r_1) 0
norm(r_2) 0
norm(r_3) 0.00019597988
norm(r_4) 0
Newton iteration  1 : ||r|| = 0.00019598, ||r||/||r_0|| = 0.0233719
Setting time step: 0.02 in DGTransportTDO
Setting time step: 0.02 in CombinedOp
Setting time step: 0.02 in IonStaticPressureOp
norm(r_0) 0
norm(r_1) 0
norm(r_2) 0
norm(r_3) 0.0048980272
norm(r_4) 0
Newton iteration  0 : ||r|| = 0.00489803
   Pass :  1   Iteration :   0  ||B r|| = 218.68 ...
   Pass :  1   Iteration :  41  ||B r|| = 0.000216287
norm(r_0) 0
norm(r_1) 0
norm(r_2) 0
norm(r_3) 0.00011829237
norm(r_4) 0
Newton iteration  1 : ||r|| = 0.000118292, ||r||/||r_0|| = 0.024151
Setting time step: 0.02 in DGTransportTDO
Setting time step: 0.02 in CombinedOp
Setting time step: 0.02 in IonStaticPressureOp
norm(r_0) 0
norm(r_1) 0
norm(r_2) 0
norm(r_3) 0.0061763421
norm(r_4) 0
Newton iteration  0 : ||r|| = 0.00617634
   Pass :  1   Iteration :   0  ||B r|| = 275.962 ...
   Pass :  1   Iteration :  41  ||B r|| = 0.000270138
norm(r_0) 0
norm(r_1) 0
norm(r_2) 0
norm(r_3) 0.00014740321
norm(r_4) 0
Newton iteration  1 : ||r|| = 0.000147403, ||r||/||r_0|| = 0.0238658
Setting time step: 0.02 in DGTransportTDO
Setting time step: 0.02 in CombinedOp
Setting time step: 0.02 in IonStaticPressureOp
norm(r_0) 0
norm(r_1) 0
norm(r_2) 0
norm(r_3) 0.0065451921
norm(r_4) 0
Newton iteration  0 : ||r|| = 0.00654519
   Pass :  1   Iteration :   0  ||B r|| = 292.508 ...
   Pass :  1   Iteration :  41  ||B r|| = 0.000285168
norm(r_0) 0
norm(r_1) 0
norm(r_2) 0
norm(r_3) 0.00015545898
norm(r_4) 0
Newton iteration  1 : ||r|| = 0.000155459, ||r||/||r_0|| = 0.0237516
Setting time step: 0.02 in DGTransportTDO
Setting time step: 0.02 in CombinedOp
Setting time step: 0.02 in IonStaticPressureOp
norm(r_0) 0
norm(r_1) 0
norm(r_2) 0
norm(r_3) 0.0037064876
norm(r_4) 0
Newton iteration  0 : ||r|| = 0.00370649
   Pass :  1   Iteration :   0  ||B r|| = 165.461 ...
   Pass :  1   Iteration :  41  ||B r|| = 0.000152997
norm(r_0) 0
norm(r_1) 0
norm(r_2) 0
norm(r_3) 8.2318809e-05
norm(r_4) 0
Newton iteration  1 : ||r|| = 8.23188e-05, ||r||/||r_0|| = 0.0222094
Time stepping paused at t = 0.15
Setting time step: 0.019708505 in DGTransportTDO
Setting time step: 0.019708505 in CombinedOp
Setting time step: 0.019708505 in IonStaticPressureOp
norm(r_0) 0
norm(r_1) 0
norm(r_2) 0
norm(r_3) 0.0029304494
norm(r_4) 0
Newton iteration  0 : ||r|| = 0.00293045
   Pass :  1   Iteration :   0  ||B r|| = 132.281 ...
   Pass :  1   Iteration :  41  ||B r|| = 0.000127354
norm(r_0) 0
norm(r_1) 0
norm(r_2) 0
norm(r_3) 6.8337452e-05
norm(r_4) 0
Newton iteration  1 : ||r|| = 6.83375e-05, ||r||/||r_0|| = 0.0233198
Setting time step: 0.019708505 in DGTransportTDO
Setting time step: 0.019708505 in CombinedOp
Setting time step: 0.019708505 in IonStaticPressureOp
norm(r_0) 0
norm(r_1) 0
norm(r_2) 0
norm(r_3) 0.001723637
norm(r_4) 0
Newton iteration  0 : ||r|| = 0.00172364
   Pass :  1   Iteration :   0  ||B r|| = 77.7969 ...
   Pass :  1   Iteration :  41  ||B r|| = 7.52373e-05
norm(r_0) 0
norm(r_1) 0
norm(r_2) 0
norm(r_3) 4.0433703e-05
norm(r_4) 0
Newton iteration  1 : ||r|| = 4.04337e-05, ||r||/||r_0|| = 0.0234584
Setting time step: 0.019708505 in DGTransportTDO
Setting time step: 0.019708505 in CombinedOp
Setting time step: 0.019708505 in IonStaticPressureOp
norm(r_0) 0
norm(r_1) 0
norm(r_2) 0
norm(r_3) 0.0021666199
norm(r_4) 0
Newton iteration  0 : ||r|| = 0.00216662
   Pass :  1   Iteration :   0  ||B r|| = 97.7953 ...
   Pass :  1   Iteration :  41  ||B r|| = 9.44187e-05
norm(r_0) 0
norm(r_1) 0
norm(r_2) 0
norm(r_3) 5.0713021e-05
norm(r_4) 0
Newton iteration  1 : ||r|| = 5.0713e-05, ||r||/||r_0|| = 0.0234065
Setting time step: 0.019708505 in DGTransportTDO
Setting time step: 0.019708505 in CombinedOp
Setting time step: 0.019708505 in IonStaticPressureOp
norm(r_0) 0
norm(r_1) 0
norm(r_2) 0
norm(r_3) 0.0022943357
norm(r_4) 0
Newton iteration  0 : ||r|| = 0.00229434
   Pass :  1   Iteration :   0  ||B r|| = 103.562 ...
   Pass :  1   Iteration :  41  ||B r|| = 9.99198e-05
norm(r_0) 0
norm(r_1) 0
norm(r_2) 0
norm(r_3) 5.36557e-05
norm(r_4) 0
Newton iteration  1 : ||r|| = 5.36557e-05, ||r||/||r_0|| = 0.0233862
Setting time step: 0.019708505 in DGTransportTDO
Setting time step: 0.019708505 in CombinedOp
Setting time step: 0.019708505 in IonStaticPressureOp
norm(r_0) 0
norm(r_1) 0
norm(r_2) 0
norm(r_3) 0.0013090862
norm(r_4) 0
Newton iteration  0 : ||r|| = 0.00130909
   Pass :  1   Iteration :   0  ||B r|| = 59.0988 ...
   Pass :  1   Iteration :  41  ||B r|| = 5.656e-05
norm(r_0) 0
norm(r_1) 0
norm(r_2) 0
norm(r_3) 3.0289502e-05
norm(r_4) 0
Newton iteration  1 : ||r|| = 3.02895e-05, ||r||/||r_0|| = 0.0231379
Setting time step: 0.038636229 in DGTransportTDO
Setting time step: 0.038636229 in CombinedOp
Setting time step: 0.038636229 in IonStaticPressureOp
norm(r_0) 0
norm(r_1) 0
norm(r_2) 0
norm(r_3) 0.0010396373
norm(r_4) 0
Newton iteration  0 : ||r|| = 0.00103964
   Pass :  1   Iteration :   0  ||B r|| = 28.5515 ...
   Pass :  1   Iteration :  44  ||B r|| = 2.5751e-05
norm(r_0) 0
norm(r_1) 0
norm(r_2) 0
norm(r_3) 2.6636061e-05
norm(r_4) 0
Newton iteration  1 : ||r|| = 2.66361e-05, ||r||/||r_0|| = 0.0256205
Setting time step: 0.038636229 in DGTransportTDO
Setting time step: 0.038636229 in CombinedOp
Setting time step: 0.038636229 in IonStaticPressureOp
norm(r_0) 0
norm(r_1) 0
norm(r_2) 0
norm(r_3) 0.00034091779
norm(r_4) 0
Newton iteration  0 : ||r|| = 0.000340918
   Pass :  1   Iteration :   0  ||B r|| = 9.30438 ...
   Pass :  1   Iteration :  44  ||B r|| = 8.57208e-06
norm(r_0) 0
norm(r_1) 0
norm(r_2) 0
norm(r_3) 8.8993245e-06
norm(r_4) 0
Newton iteration  1 : ||r|| = 8.89932e-06, ||r||/||r_0|| = 0.026104
Setting time step: 0.038636229 in DGTransportTDO
Setting time step: 0.038636229 in CombinedOp
Setting time step: 0.038636229 in IonStaticPressureOp
norm(r_0) 0
norm(r_1) 0
norm(r_2) 0
norm(r_3) 0.00058209966
norm(r_4) 0
Newton iteration  0 : ||r|| = 0.0005821
   Pass :  1   Iteration :   0  ||B r|| = 15.9652 ...
   Pass :  1   Iteration :  44  ||B r|| = 1.45458e-05
norm(r_0) 0
norm(r_1) 0
norm(r_2) 0
norm(r_3) 1.5072917e-05
norm(r_4) 0
Newton iteration  1 : ||r|| = 1.50729e-05, ||r||/||r_0|| = 0.025894
Setting time step: 0.038636229 in DGTransportTDO
Setting time step: 0.038636229 in CombinedOp
Setting time step: 0.038636229 in IonStaticPressureOp
norm(r_0) 0
norm(r_1) 0
norm(r_2) 0
norm(r_3) 0.00065907414
norm(r_4) 0
Newton iteration  0 : ||r|| = 0.000659074
   Pass :  1   Iteration :   0  ||B r|| = 18.0888 ...
   Pass :  1   Iteration :  44  ||B r|| = 1.64328e-05
norm(r_0) 0
norm(r_1) 0
norm(r_2) 0
norm(r_3) 1.7019604e-05
norm(r_4) 0
Newton iteration  1 : ||r|| = 1.70196e-05, ||r||/||r_0|| = 0.0258235
Setting time step: 0.038636229 in DGTransportTDO
Setting time step: 0.038636229 in CombinedOp
Setting time step: 0.038636229 in IonStaticPressureOp
norm(r_0) 0
norm(r_1) 0
norm(r_2) 0
norm(r_3) 0.00022188977
norm(r_4) 0
Newton iteration  0 : ||r|| = 0.00022189
   Pass :  1   Iteration :   0  ||B r|| = 5.84425 ...
   Pass :  1   Iteration :  43  ||B r|| = 5.83496e-06
norm(r_0) 0
norm(r_1) 0
norm(r_2) 0
norm(r_3) 5.9762143e-06
norm(r_4) 0
Newton iteration  1 : ||r|| = 5.97621e-06, ||r||/||r_0|| = 0.0269333
Setting time step: 0.04250194 in DGTransportTDO
Setting time step: 0.04250194 in CombinedOp
Setting time step: 0.04250194 in IonStaticPressureOp
norm(r_0) 0
norm(r_1) 0
norm(r_2) 0
norm(r_3) 0.00014114381
norm(r_4) 0
Newton iteration  0 : ||r|| = 0.000141144
   Pass :  1   Iteration :   0  ||B r|| = 3.58695 ...
   Pass :  1   Iteration :  44  ||B r|| = 3.41463e-06
norm(r_0) 0
norm(r_1) 0
norm(r_2) 0
norm(r_3) 3.891245e-06
norm(r_4) 0
Newton iteration  1 : ||r|| = 3.89125e-06, ||r||/||r_0|| = 0.0275694
Setting time step: 0.04250194 in DGTransportTDO
Setting time step: 0.04250194 in CombinedOp
Setting time step: 0.04250194 in IonStaticPressureOp
norm(r_0) 0
norm(r_1) 0
norm(r_2) 0
norm(r_3) 4.0314004e-05
norm(r_4) 0
Newton iteration  0 : ||r|| = 4.0314e-05
   Pass :  1   Iteration :   0  ||B r|| = 1.01376 ...
   Pass :  1   Iteration :  44  ||B r|| = 9.69196e-07
norm(r_0) 0
norm(r_1) 0
norm(r_2) 0
norm(r_3) 1.1072464e-06
norm(r_4) 0
Newton iteration  1 : ||r|| = 1.10725e-06, ||r||/||r_0|| = 0.0274656
Setting time step: 0.04250194 in DGTransportTDO
Setting time step: 0.04250194 in CombinedOp
Setting time step: 0.04250194 in IonStaticPressureOp
norm(r_0) 0
norm(r_1) 0
norm(r_2) 0
norm(r_3) 7.4678009e-05
norm(r_4) 0
Newton iteration  0 : ||r|| = 7.4678e-05
   Pass :  1   Iteration :   0  ||B r|| = 1.89536 ...
   Pass :  1   Iteration :  44  ||B r|| = 1.80765e-06
norm(r_0) 0
norm(r_1) 0
norm(r_2) 0
norm(r_3) 2.0622123e-06
norm(r_4) 0
Newton iteration  1 : ||r|| = 2.06221e-06, ||r||/||r_0|| = 0.0276147
Setting time step: 0.04250194 in DGTransportTDO
Setting time step: 0.04250194 in CombinedOp
Setting time step: 0.04250194 in IonStaticPressureOp
norm(r_0) 0
norm(r_1) 0
norm(r_2) 0
norm(r_3) 8.5864441e-05
norm(r_4) 0
Newton iteration  0 : ||r|| = 8.58644e-05
   Pass :  1   Iteration :   0  ||B r|| = 2.18132 ...
   Pass :  1   Iteration :  44  ||B r|| = 2.07923e-06
norm(r_0) 0
norm(r_1) 0
norm(r_2) 0
norm(r_3) 2.3712551e-06
norm(r_4) 0
Newton iteration  1 : ||r|| = 2.37126e-06, ||r||/||r_0|| = 0.0276163
Setting time step: 0.04250194 in DGTransportTDO
Setting time step: 0.04250194 in CombinedOp
Setting time step: 0.04250194 in IonStaticPressureOp
norm(r_0) 0
norm(r_1) 0
norm(r_2) 0
norm(r_3) 2.7487836e-05
norm(r_4) 0
Newton iteration  0 : ||r|| = 2.74878e-05
   Pass :  1   Iteration :   0  ||B r|| = 0.634276 ...
   Pass :  1   Iteration :  41  ||B r|| = 9.16216e-07
norm(r_0) 0
norm(r_1) 0
norm(r_2) 0
norm(r_3) 1.0467893e-06
norm(r_4) 0
Newton iteration  1 : ||r|| = 1.04679e-06, ||r||/||r_0|| = 0.0380819
Setting time step: 0.08500388 in DGTransportTDO
Setting time step: 0.08500388 in CombinedOp
Setting time step: 0.08500388 in IonStaticPressureOp
norm(r_0) 0
norm(r_1) 0
norm(r_2) 0
norm(r_3) 1.6025905e-05
norm(r_4) 0
Newton iteration  0 : ||r|| = 1.60259e-05
   Pass :  1   Iteration :   0  ||B r|| = 0.224275 ...
   Pass :  1   Iteration :  37  ||B r|| = 9.06183e-07
norm(r_0) 0
norm(r_1) 0
norm(r_2) 0
norm(r_3) 1.8135554e-06
norm(r_4) 0
Newton iteration  1 : ||r|| = 1.81356e-06, ||r||/||r_0|| = 0.113164
Setting time step: 0.08500388 in DGTransportTDO
Setting time step: 0.08500388 in CombinedOp
Setting time step: 0.08500388 in IonStaticPressureOp
norm(r_0) 0
norm(r_1) 0
norm(r_2) 0
norm(r_3) 3.1912271e-06
norm(r_4) 0
Newton iteration  0 : ||r|| = 3.19123e-06
   Pass :  1   Iteration :   0  ||B r|| = 0.0125585 ...
   Pass :  1   Iteration :  24  ||B r|| = 9.17395e-07
norm(r_0) 0
norm(r_1) 0
norm(r_2) 0
norm(r_3) 1.1365742e-06
norm(r_4) 0
Newton iteration  1 : ||r|| = 1.13657e-06, ||r||/||r_0|| = 0.356156
Setting time step: 0.08500388 in DGTransportTDO
Setting time step: 0.08500388 in CombinedOp
Setting time step: 0.08500388 in IonStaticPressureOp
norm(r_0) 0
norm(r_1) 0
norm(r_2) 0
norm(r_3) 5.1984869e-06
norm(r_4) 0
Newton iteration  0 : ||r|| = 5.19849e-06
   Pass :  1   Iteration :   0  ||B r|| = 0.0621668 ...
   Pass :  1   Iteration :  31  ||B r|| = 9.38164e-07
norm(r_0) 0
norm(r_1) 0
norm(r_2) 0
norm(r_3) 1.34553e-06
norm(r_4) 0
Newton iteration  1 : ||r|| = 1.34553e-06, ||r||/||r_0|| = 0.258831
Setting time step: 0.08500388 in DGTransportTDO
Setting time step: 0.08500388 in CombinedOp
Setting time step: 0.08500388 in IonStaticPressureOp
norm(r_0) 0
norm(r_1) 0
norm(r_2) 0
norm(r_3) 6.8181195e-06
norm(r_4) 0
Newton iteration  0 : ||r|| = 6.81812e-06
   Pass :  1   Iteration :   0  ||B r|| = 0.0901048 ...
   Pass :  1   Iteration :  33  ||B r|| = 8.43121e-07
norm(r_0) 0
norm(r_1) 0
norm(r_2) 0
norm(r_3) 1.3649636e-06
norm(r_4) 0
Newton iteration  1 : ||r|| = 1.36496e-06, ||r||/||r_0|| = 0.200196
Setting time step: 0.08500388 in DGTransportTDO
Setting time step: 0.08500388 in CombinedOp
Setting time step: 0.08500388 in IonStaticPressureOp
norm(r_0) 0
norm(r_1) 0
norm(r_2) 0
norm(r_3) 3.587224e-05
norm(r_4) 0
Newton iteration  0 : ||r|| = 3.58722e-05
   Pass :  1   Iteration :   0  ||B r|| = 0.0259974 ...
   Pass :  1   Iteration :  27  ||B r|| = 9.79772e-07
norm(r_0) 0
norm(r_1) 0
norm(r_2) 0
norm(r_3) 1.2663029e-06
norm(r_4) 0
Newton iteration  1 : ||r|| = 1.2663e-06, ||r||/||r_0|| = 0.0353004
Time stepping paused at t = 0.89340221
Setting time step: 0.17000776 in DGTransportTDO
Setting time step: 0.17000776 in CombinedOp
Setting time step: 0.17000776 in IonStaticPressureOp
norm(r_0) 0
norm(r_1) 0
norm(r_2) 0
norm(r_3) 1.5399493e-06
norm(r_4) 0
Newton iteration  0 : ||r|| = 1.53995e-06
   Pass :  1   Iteration :   0  ||B r|| = 0.00646534 ...
   Pass :  1   Iteration :  23  ||B r|| = 7.96665e-07
norm(r_0) 0
norm(r_1) 0
norm(r_2) 0
norm(r_3) 2.0019469e-06
norm(r_4) 0
Newton iteration  1 : ||r|| = 2.00195e-06, ||r||/||r_0|| = 1.30001
Setting time step: 0.17000776 in DGTransportTDO
Setting time step: 0.17000776 in CombinedOp
Setting time step: 0.17000776 in IonStaticPressureOp
norm(r_0) 0
norm(r_1) 0
norm(r_2) 0
norm(r_3) 4.1017141e-06
norm(r_4) 0
Newton iteration  0 : ||r|| = 4.10171e-06
   Pass :  1   Iteration :   0  ||B r|| = 0.00247086 ...
   Pass :  1   Iteration :  18  ||B r|| = 9.90546e-07
norm(r_0) 0
norm(r_1) 0
norm(r_2) 0
norm(r_3) 2.637496e-06
norm(r_4) 0
Newton iteration  1 : ||r|| = 2.6375e-06, ||r||/||r_0|| = 0.643023
Setting time step: 0.17000776 in DGTransportTDO
Setting time step: 0.17000776 in CombinedOp
Setting time step: 0.17000776 in IonStaticPressureOp
norm(r_0) 0
norm(r_1) 0
norm(r_2) 0
norm(r_3) 3.3956779e-06
norm(r_4) 0
Newton iteration  0 : ||r|| = 3.39568e-06
   Pass :  1   Iteration :   0  ||B r|| = 0.000115144 ...
   Pass :  1   Iteration :   8  ||B r|| = 9.04428e-07
norm(r_0) 0
norm(r_1) 0
norm(r_2) 0
norm(r_3) 1.9472863e-06
norm(r_4) 0
Newton iteration  1 : ||r|| = 1.94729e-06, ||r||/||r_0|| = 0.57346
Setting time step: 0.17000776 in DGTransportTDO
Setting time step: 0.17000776 in CombinedOp
Setting time step: 0.17000776 in IonStaticPressureOp
norm(r_0) 0
norm(r_1) 0
norm(r_2) 0
norm(r_3) 2.7225876e-06
norm(r_4) 0
Newton iteration  0 : ||r|| = 2.72259e-06
   Pass :  1   Iteration :   0  ||B r|| = 0.00123669 ...
   Pass :  1   Iteration :  16  ||B r|| = 9.2471e-07
norm(r_0) 0
norm(r_1) 0
norm(r_2) 0
norm(r_3) 1.9685787e-06
norm(r_4) 0
Newton iteration  1 : ||r|| = 1.96858e-06, ||r||/||r_0|| = 0.723054
Setting time step: 0.17000776 in DGTransportTDO
Setting time step: 0.17000776 in CombinedOp
Setting time step: 0.17000776 in IonStaticPressureOp
norm(r_0) 0
norm(r_1) 0
norm(r_2) 0
norm(r_3) 8.9248139e-05
norm(r_4) 0
Newton iteration  0 : ||r|| = 8.92481e-05
   Pass :  1   Iteration :   0  ||B r|| = 0.00261387 ...
   Pass :  1   Iteration :  19  ||B r|| = 7.87113e-07
norm(r_0) 0
norm(r_1) 0
norm(r_2) 0
norm(r_3) 2.0266239e-06
norm(r_4) 0
Newton iteration  1 : ||r|| = 2.02662e-06, ||r||/||r_0|| = 0.0227077
Setting time step: 0.34001552 in DGTransportTDO
Setting time step: 0.34001552 in CombinedOp
Setting time step: 0.34001552 in IonStaticPressureOp
norm(r_0) 0
norm(r_1) 0
norm(r_2) 0
norm(r_3) 2.029551e-06
norm(r_4) 0
Newton iteration  0 : ||r|| = 2.02955e-06
   Pass :  1   Iteration :   0  ||B r|| = 0.000407682 ...
   Pass :  1   Iteration :  13  ||B r|| = 7.9581e-07
norm(r_0) 0
norm(r_1) 0
norm(r_2) 0
norm(r_3) 2.9867789e-06
norm(r_4) 0
Newton iteration  1 : ||r|| = 2.98678e-06, ||r||/||r_0|| = 1.47165
Setting time step: 0.34001552 in DGTransportTDO
Setting time step: 0.34001552 in CombinedOp
Setting time step: 0.34001552 in IonStaticPressureOp
norm(r_0) 0
norm(r_1) 0
norm(r_2) 0
norm(r_3) 6.8210974e-06
norm(r_4) 0
Newton iteration  0 : ||r|| = 6.8211e-06
   Pass :  1   Iteration :   0  ||B r|| = 0.000256316 ...
   Pass :  1   Iteration :  11  ||B r|| = 7.81263e-07
norm(r_0) 0
norm(r_1) 0
norm(r_2) 0
norm(r_3) 3.2135373e-06
norm(r_4) 0
Newton iteration  1 : ||r|| = 3.21354e-06, ||r||/||r_0|| = 0.471117
Setting time step: 0.34001552 in DGTransportTDO
Setting time step: 0.34001552 in CombinedOp
Setting time step: 0.34001552 in IonStaticPressureOp
norm(r_0) 0
norm(r_1) 0
norm(r_2) 0
norm(r_3) 5.6602218e-06
norm(r_4) 0
Newton iteration  0 : ||r|| = 5.66022e-06
   Pass :  1   Iteration :   0  ||B r|| = 7.73409e-05 ...
   Pass :  1   Iteration :   6  ||B r|| = 8.42731e-07
norm(r_0) 0
norm(r_1) 0
norm(r_2) 0
norm(r_3) 5.9631115e-06
norm(r_4) 0
Newton iteration  1 : ||r|| = 5.96311e-06, ||r||/||r_0|| = 1.05351
Setting time step: 0.34001552 in DGTransportTDO
Setting time step: 0.34001552 in CombinedOp
Setting time step: 0.34001552 in IonStaticPressureOp
norm(r_0) 0
norm(r_1) 0
norm(r_2) 0
norm(r_3) 4.7328435e-06
norm(r_4) 0
Newton iteration  0 : ||r|| = 4.73284e-06
   Pass :  1   Iteration :   0  ||B r|| = 1.03055e-05 ...
   Pass :  1   Iteration :   3  ||B r|| = 8.50979e-07
norm(r_0) 0
norm(r_1) 0
norm(r_2) 0
norm(r_3) 2.872452e-06
norm(r_4) 0
Newton iteration  1 : ||r|| = 2.87245e-06, ||r||/||r_0|| = 0.606919
Setting time step: 0.34001552 in DGTransportTDO
Setting time step: 0.34001552 in CombinedOp
Setting time step: 0.34001552 in IonStaticPressureOp
norm(r_0) 0
norm(r_1) 0
norm(r_2) 0
norm(r_3) 0.00027237703
norm(r_4) 0
Newton iteration  0 : ||r|| = 0.000272377
   Pass :  1   Iteration :   0  ||B r|| = 0.000414064 ...
   Pass :  1   Iteration :  15  ||B r|| = 9.56779e-07
norm(r_0) 0
norm(r_1) 0
norm(r_2) 0
norm(r_3) 4.426472e-06
norm(r_4) 0
Newton iteration  1 : ||r|| = 4.42647e-06, ||r||/||r_0|| = 0.0162513
Setting time step: 0.68003104 in DGTransportTDO
Setting time step: 0.68003104 in CombinedOp
Setting time step: 0.68003104 in IonStaticPressureOp
norm(r_0) 0
norm(r_1) 0
norm(r_2) 0
norm(r_3) 4.4264691e-06
norm(r_4) 0
Newton iteration  0 : ||r|| = 4.42647e-06
   Pass :  1   Iteration :   0  ||B r|| = 2.19726e-05 ...
   Pass :  1   Iteration :   2  ||B r|| = 8.18067e-07
norm(r_0) 0
norm(r_1) 0
norm(r_2) 0
norm(r_3) 7.8687568e-06
norm(r_4) 0
Newton iteration  1 : ||r|| = 7.86876e-06, ||r||/||r_0|| = 1.77766
Setting time step: 0.68003104 in DGTransportTDO
Setting time step: 0.68003104 in CombinedOp
Setting time step: 0.68003104 in IonStaticPressureOp
norm(r_0) 0
norm(r_1) 0
norm(r_2) 0
norm(r_3) 1.2061657e-05
norm(r_4) 0
Newton iteration  0 : ||r|| = 1.20617e-05
   Pass :  1   Iteration :   0  ||B r|| = 2.00102e-05 ...
   Pass :  1   Iteration :   1  ||B r|| = 6.3356e-07
norm(r_0) 0
norm(r_1) 0
norm(r_2) 0
norm(r_3) 1.8649949e-05
norm(r_4) 0
Newton iteration  1 : ||r|| = 1.86499e-05, ||r||/||r_0|| = 1.54622
Setting time step: 0.68003104 in DGTransportTDO
Setting time step: 0.68003104 in CombinedOp
Setting time step: 0.68003104 in IonStaticPressureOp
norm(r_0) 0
norm(r_1) 0
norm(r_2) 0
norm(r_3) 1.4160577e-05
norm(r_4) 0
Newton iteration  0 : ||r|| = 1.41606e-05
   Pass :  1   Iteration :   0  ||B r|| = 9.70394e-06 ...
   Pass :  1   Iteration :   2  ||B r|| = 5.63448e-07
norm(r_0) 0
norm(r_1) 0
norm(r_2) 0
norm(r_3) 2.0603738e-06
norm(r_4) 0
Newton iteration  1 : ||r|| = 2.06037e-06, ||r||/||r_0|| = 0.145501
Setting time step: 0.68003104 in DGTransportTDO
Setting time step: 0.68003104 in CombinedOp
Setting time step: 0.68003104 in IonStaticPressureOp
norm(r_0) 0
norm(r_1) 0
norm(r_2) 0
norm(r_3) 1.2914193e-05
norm(r_4) 0
Newton iteration  0 : ||r|| = 1.29142e-05
   Pass :  1   Iteration :   0  ||B r|| = 3.90593e-06 ...
   Pass :  1   Iteration :   2  ||B r|| = 6.87396e-07
norm(r_0) 0
norm(r_1) 0
norm(r_2) 0
norm(r_3) 2.7086876e-06
norm(r_4) 0
Newton iteration  1 : ||r|| = 2.70869e-06, ||r||/||r_0|| = 0.209745
Setting time step: 0.68003104 in DGTransportTDO
Setting time step: 0.68003104 in CombinedOp
Setting time step: 0.68003104 in IonStaticPressureOp
norm(r_0) 0
norm(r_1) 0
norm(r_2) 0
norm(r_3) 5.2619219e-05
norm(r_4) 0
Newton iteration  0 : ||r|| = 5.26192e-05
   Pass :  1   Iteration :   0  ||B r|| = 4.37029e-05 ...
   Pass :  1   Iteration :   2  ||B r|| = 4.88625e-07
norm(r_0) 0
norm(r_1) 0
norm(r_2) 0
norm(r_3) 1.7099516e-06
norm(r_4) 0
Newton iteration  1 : ||r|| = 1.70995e-06, ||r||/||r_0|| = 0.0324967
Setting time step: 1.3600621 in DGTransportTDO
Setting time step: 1.3600621 in CombinedOp
Setting time step: 1.3600621 in IonStaticPressureOp
norm(r_0) 0
norm(r_1) 0
norm(r_2) 0
norm(r_3) 1.7099516e-06
norm(r_4) 0
Newton iteration  0 : ||r|| = 1.70995e-06
   Pass :  1   Iteration :   0  ||B r|| = 6.23834e-07
norm(r_0) 0
norm(r_1) 0
norm(r_2) 0
norm(r_3) 1.7099516e-06
norm(r_4) 0
Newton iteration  1 : ||r|| = 1.70995e-06, ||r||/||r_0|| = 1
Setting time step: 1.3600621 in DGTransportTDO
Setting time step: 1.3600621 in CombinedOp
Setting time step: 1.3600621 in IonStaticPressureOp
norm(r_0) 0
norm(r_1) 0
norm(r_2) 0
norm(r_3) 1.7099516e-06
norm(r_4) 0
Newton iteration  0 : ||r|| = 1.70995e-06
   Pass :  1   Iteration :   0  ||B r|| = 6.23834e-07
norm(r_0) 0
norm(r_1) 0
norm(r_2) 0
norm(r_3) 1.7099516e-06
norm(r_4) 0
Newton iteration  1 : ||r|| = 1.70995e-06, ||r||/||r_0|| = 1
Setting time step: 1.3600621 in DGTransportTDO
Setting time step: 1.3600621 in CombinedOp
Setting time step: 1.3600621 in IonStaticPressureOp
norm(r_0) 0
norm(r_1) 0
norm(r_2) 0
norm(r_3) 1.7099516e-06
norm(r_4) 0
Newton iteration  0 : ||r|| = 1.70995e-06
   Pass :  1   Iteration :   0  ||B r|| = 6.23834e-07
norm(r_0) 0
norm(r_1) 0
norm(r_2) 0
norm(r_3) 1.7099516e-06
norm(r_4) 0
Newton iteration  1 : ||r|| = 1.70995e-06, ||r||/||r_0|| = 1
Setting time step: 1.3600621 in DGTransportTDO
Setting time step: 1.3600621 in CombinedOp
Setting time step: 1.3600621 in IonStaticPressureOp
norm(r_0) 0
norm(r_1) 0
norm(r_2) 0
norm(r_3) 1.7099516e-06
norm(r_4) 0
Newton iteration  0 : ||r|| = 1.70995e-06
   Pass :  1   Iteration :   0  ||B r|| = 6.23834e-07
norm(r_0) 0
norm(r_1) 0
norm(r_2) 0
norm(r_3) 1.7099516e-06
norm(r_4) 0
Newton iteration  1 : ||r|| = 1.70995e-06, ||r||/||r_0|| = 1
Setting time step: 1.3600621 in DGTransportTDO
Setting time step: 1.3600621 in CombinedOp
Setting time step: 1.3600621 in IonStaticPressureOp
norm(r_0) 0
norm(r_1) 0
norm(r_2) 0
norm(r_3) 1.7099516e-06
norm(r_4) 0
Newton iteration  0 : ||r|| = 1.70995e-06
   Pass :  1   Iteration :   0  ||B r|| = 6.23834e-07
norm(r_0) 0
norm(r_1) 0
norm(r_2) 0
norm(r_3) 1.7099516e-06
norm(r_4) 0
Newton iteration  1 : ||r|| = 1.70995e-06, ||r||/||r_0|| = 1
Time stepping paused at t = 11.093868
Steady State solution has been reached

Time stepping done after 153.76881s.
