9: Number of elements in parallel mesh: 4
9: Number of elements after parallel refinement: 4
11: Number of elements in parallel mesh: 4
11: Number of elements after parallel refinement: 4
8: Number of elements in parallel mesh: 4
8: Number of elements after parallel refinement: 4
10: Number of elements in parallel mesh: 4
10: Number of elements after parallel refinement: 4
13: Number of elements in parallel mesh: 4
13: Number of elements after parallel refinement: 4
15: Number of elements in parallel mesh: 4
12: Number of elements in parallel mesh: 4
12: Number of elements after parallel refinement: 4
15: Number of elements after parallel refinement: 4
5: Number of elements in parallel mesh: 4
5: Number of elements after parallel refinement: 4
4: Number of elements in parallel mesh: 4
4: Number of elements after parallel refinement: 4
6: Number of elements in parallel mesh: 4
6: Number of elements after parallel refinement: 4
7: Number of elements in parallel mesh: 4
7: Number of elements after parallel refinement: 4
Options used:
   --mesh ../../mfem/data/inline-quad.mesh
   --bc-file ../../mfem/miniapps/plasma/transport2d_bcs.inp
   --ic-file ../../mfem/miniapps/plasma/transport2d_ics.inp
   --ec-file /home/gz6/mfem-analysis/input-files/transport2d_ecs.inp
   --es-file ../../mfem/miniapps/plasma/transport2d_ess.inp
   --eqdsk-file 
   --logging 1
   --operator-test 8
   --equation-weights '1 1 1 1 1'
   --problem 0
   --refine-serial 1
   --refine-parallel 0
   --enable-amr
   --max-err -1
   --hysteresis 0.25
   --nc-limit 3
   --amr-weights '1 1 1 1 1'
   --order 1
   --dg-sigma -1
   --dg-kappa 4
   --linear-abs-tolerance 1e-06
   --linear-rel-tolerance 1e-06
   --linear-max-iterations 500
   --linear-logging-level 3
   --newton-abs-tolerance 1e-10
   --newton-rel-tolerance 1e-10
   --newton-max-iterations 1
   --newton-logging-level 1
   --steady-state-abs-tolerance 1e-08
   --steady-state-rel-tolerance 1e-08
   --prec-type 1
   --prec-logging-level 0
   --initial-tolerance 1e-05
   --ode-tolerance 0.001
   --ode-solver 2
   --err-per-step
   --ode-weights '1 1 1 1 1'
   --kP 0
   --kI 0.6
   --kD 0
   --theta-max 2
   --t-minimum 0
   --t-final 100
   --time-step 0.01
   --cfl-number 0.3
   --ion-charge 1
   --ion-mass 2.0141018
   --neutral-mass 2.0141018
   --neutral-temp 3
   --min-neutral-density 9e+14
   --max-neutral-density 1e+15
   --neutral-density-exp 0
   --min-ion-density 1e+16
   --max-ion-density 1e+18
   --ion-density-exp 0
   --min-ion-temp 1
   --max-ion-temp 10
   --ion-temp-exp 0
   --min-electron-temp 10
   --max-electron-temp 440
   --electron-temp-exp 0
   --total-B-magnitude 5
   --poloidal-B-magnitude 0.5
   --velocity 1000
   --Di-perp 1
   --Xi-perp 1
   --Xe-perp 1
   --equation-term-flags '-1 -1 -1 -1 -1'
   --visualization-flags '-1 -1 -1 -1 -1'
   --visualization
   --visit-datafiles
   --ascii-datafiles
   --visualization-steps 4
Device configuration: cpu
Memory configuration: host-std
Number of elements in initial mesh: 16
Number of elements after serial refinement: 64
1: Number of elements in parallel mesh: 4
1: Number of elements after parallel refinement: 4
3: Number of elements in parallel mesh: 4
3: Number of elements after parallel refinement: 4
0: Number of elements in parallel mesh: 4
0: Number of elements after parallel refinement: 4
2: Number of elements in parallel mesh: 4
2: Number of elements after parallel refinement: 4
14: Number of elements in parallel mesh: 4
14: Number of elements after parallel refinement: 4
Configuring initial conditions
Reading initial conditions from ../../mfem/miniapps/plasma/transport2d_ics.inp
Configuring exact solutions
Reading exact solutions from ../../mfem/miniapps/plasma/transport2d_ess.inp

AMR iteration 0
Number of unknowns: 256
Stopping criterion satisfied. Stop.
Number of unknowns per field: 256
Total number of unknowns:     1280
Configuring boundary conditions
Reading boundary conditions from ../../mfem/miniapps/plasma/transport2d_bcs.inp
Configuring equation coefficients
Reading equation coefficients from /home/gz6/mfem-analysis/input-files/transport2d_ecs.inp
|mn| = 3.3444946e-27
|ni| = 1
|ne| = 1

|Dn|     = -nan
|Di|     = -nan
|Eta|    = -nan
|nXi|    = -nan
|nXe|    = -nan

|Eta/mn| = -nan
|nXi/ni| = -nan
|nXe/ne| = -nan
Ion Static Pressure: Adding time derivative term proportional to d n_i / dt
Ion Static Pressure: Adding time derivative term proportional to d T_i / dt
Ion Static Pressure: Adding anisotropic diffusion term
Ion Static Pressure: Adding source term
Opening GLVis sockets.
Range of error estimates for initial condition: -nan < elem err < -nan

Begin time stepping at t = 0
Setting time step: 0.0025 in DGTransportTDO
Setting time step: 0.0025 in CombinedOp
Setting time step: 0.0025 in IonStaticPressureOp
norm(r_0) 0
norm(r_1) 0
norm(r_2) 0
norm(r_3) 0.61685028
norm(r_4) 0
Newton iteration  0 : ||r|| = 0.61685
   Pass :  1   Iteration :   0  ||B r|| = 77.0423 ...
   Pass :  1   Iteration :  14  ||B r|| = 4.36054e-05
norm(r_0) 0
norm(r_1) 0
norm(r_2) 0
norm(r_3) 8.3956758e-06
norm(r_4) 0
Newton iteration  1 : ||r|| = 8.39568e-06, ||r||/||r_0|| = 1.36106e-05
Setting time step: 0.0025 in DGTransportTDO
Setting time step: 0.0025 in CombinedOp
Setting time step: 0.0025 in IonStaticPressureOp
norm(r_0) 0
norm(r_1) 0
norm(r_2) 0
norm(r_3) 0.56877026
norm(r_4) 0
Newton iteration  0 : ||r|| = 0.56877
   Pass :  1   Iteration :   0  ||B r|| = 71.3352 ...
   Pass :  1   Iteration :  14  ||B r|| = 3.93944e-05
norm(r_0) 0
norm(r_1) 0
norm(r_2) 0
norm(r_3) 7.5891687e-06
norm(r_4) 0
Newton iteration  1 : ||r|| = 7.58917e-06, ||r||/||r_0|| = 1.33431e-05
Setting time step: 0.0025 in DGTransportTDO
Setting time step: 0.0025 in CombinedOp
Setting time step: 0.0025 in IonStaticPressureOp
norm(r_0) 0
norm(r_1) 0
norm(r_2) 0
norm(r_3) 0.58765923
norm(r_4) 0
Newton iteration  0 : ||r|| = 0.587659
   Pass :  1   Iteration :   0  ||B r|| = 73.5937 ...
   Pass :  1   Iteration :  14  ||B r|| = 4.10228e-05
norm(r_0) 0
norm(r_1) 0
norm(r_2) 0
norm(r_3) 7.9017713e-06
norm(r_4) 0
Newton iteration  1 : ||r|| = 7.90177e-06, ||r||/||r_0|| = 1.34462e-05
Setting time step: 0.0025 in DGTransportTDO
Setting time step: 0.0025 in CombinedOp
Setting time step: 0.0025 in IonStaticPressureOp
norm(r_0) 0
norm(r_1) 0
norm(r_2) 0
norm(r_3) 0.59251315
norm(r_4) 0
Newton iteration  0 : ||r|| = 0.592513
   Pass :  1   Iteration :   0  ||B r|| = 74.1677 ...
   Pass :  1   Iteration :  14  ||B r|| = 4.14538e-05
norm(r_0) 0
norm(r_1) 0
norm(r_2) 0
norm(r_3) 7.9842262e-06
norm(r_4) 0
Newton iteration  1 : ||r|| = 7.98423e-06, ||r||/||r_0|| = 1.34752e-05
Setting time step: 0.0025 in DGTransportTDO
Setting time step: 0.0025 in CombinedOp
Setting time step: 0.0025 in IonStaticPressureOp
norm(r_0) 0
norm(r_1) 0
norm(r_2) 0
norm(r_3) 0.54586293
norm(r_4) 0
Newton iteration  0 : ||r|| = 0.545863
   Pass :  1   Iteration :   0  ||B r|| = 68.5359 ...
   Pass :  1   Iteration :  14  ||B r|| = 3.75335e-05
norm(r_0) 0
norm(r_1) 0
norm(r_2) 0
norm(r_3) 7.2238753e-06
norm(r_4) 0
Newton iteration  1 : ||r|| = 7.22388e-06, ||r||/||r_0|| = 1.32339e-05
Setting time step: 0.005 in DGTransportTDO
Setting time step: 0.005 in CombinedOp
Setting time step: 0.005 in IonStaticPressureOp
norm(r_0) 0
norm(r_1) 0
norm(r_2) 0
norm(r_3) 0.5246665
norm(r_4) 0
Newton iteration  0 : ||r|| = 0.524667
   Pass :  1   Iteration :   0  ||B r|| = 60.1768 ...
   Pass :  1   Iteration :  15  ||B r|| = 4.74007e-05
norm(r_0) 0
norm(r_1) 0
norm(r_2) 0
norm(r_3) 2.9173463e-05
norm(r_4) 0
Newton iteration  1 : ||r|| = 2.91735e-05, ||r||/||r_0|| = 5.56038e-05
Setting time step: 0.005 in DGTransportTDO
Setting time step: 0.005 in CombinedOp
Setting time step: 0.005 in IonStaticPressureOp
norm(r_0) 0
norm(r_1) 0
norm(r_2) 0
norm(r_3) 0.44634616
norm(r_4) 0
Newton iteration  0 : ||r|| = 0.446346
   Pass :  1   Iteration :   0  ||B r|| = 51.3134 ...
   Pass :  1   Iteration :  15  ||B r|| = 4.2513e-05
norm(r_0) 0
norm(r_1) 0
norm(r_2) 0
norm(r_3) 2.6645045e-05
norm(r_4) 0
Newton iteration  1 : ||r|| = 2.6645e-05, ||r||/||r_0|| = 5.96959e-05
Setting time step: 0.005 in DGTransportTDO
Setting time step: 0.005 in CombinedOp
Setting time step: 0.005 in IonStaticPressureOp
norm(r_0) 0
norm(r_1) 0
norm(r_2) 0
norm(r_3) 0.47673306
norm(r_4) 0
Newton iteration  0 : ||r|| = 0.476733
   Pass :  1   Iteration :   0  ||B r|| = 54.7597 ...
   Pass :  1   Iteration :  15  ||B r|| = 4.46354e-05
norm(r_0) 0
norm(r_1) 0
norm(r_2) 0
norm(r_3) 2.7815679e-05
norm(r_4) 0
Newton iteration  1 : ||r|| = 2.78157e-05, ||r||/||r_0|| = 5.83464e-05
Setting time step: 0.005 in DGTransportTDO
Setting time step: 0.005 in CombinedOp
Setting time step: 0.005 in IonStaticPressureOp
norm(r_0) 0
norm(r_1) 0
norm(r_2) 0
norm(r_3) 0.48471712
norm(r_4) 0
Newton iteration  0 : ||r|| = 0.484717
   Pass :  1   Iteration :   0  ||B r|| = 55.6618 ...
   Pass :  1   Iteration :  15  ||B r|| = 4.51355e-05
norm(r_0) 0
norm(r_1) 0
norm(r_2) 0
norm(r_3) 2.8075158e-05
norm(r_4) 0
Newton iteration  1 : ||r|| = 2.80752e-05, ||r||/||r_0|| = 5.79207e-05
Setting time step: 0.005 in DGTransportTDO
Setting time step: 0.005 in CombinedOp
Setting time step: 0.005 in IonStaticPressureOp
norm(r_0) 0
norm(r_1) 0
norm(r_2) 0
norm(r_3) 0.4106493
norm(r_4) 0
Newton iteration  0 : ||r|| = 0.410649
   Pass :  1   Iteration :   0  ||B r|| = 47.224 ...
   Pass :  1   Iteration :  15  ||B r|| = 3.97788e-05
norm(r_0) 0
norm(r_1) 0
norm(r_2) 0
norm(r_3) 2.5079656e-05
norm(r_4) 0
Newton iteration  1 : ||r|| = 2.50797e-05, ||r||/||r_0|| = 6.10732e-05
Setting time step: 0.01 in DGTransportTDO
Setting time step: 0.01 in CombinedOp
Setting time step: 0.01 in IonStaticPressureOp
norm(r_0) 0
norm(r_1) 0
norm(r_2) 0
norm(r_3) 0.38001072
norm(r_4) 0
Newton iteration  0 : ||r|| = 0.380011
   Pass :  1   Iteration :   0  ||B r|| = 36.4621 ...
   Pass :  1   Iteration :  17  ||B r|| = 1.69496e-05
norm(r_0) 0
norm(r_1) 0
norm(r_2) 0
norm(r_3) 1.8228478e-05
norm(r_4) 0
Newton iteration  1 : ||r|| = 1.82285e-05, ||r||/||r_0|| = 4.79683e-05
Setting time step: 0.01 in DGTransportTDO
Setting time step: 0.01 in CombinedOp
Setting time step: 0.01 in IonStaticPressureOp
norm(r_0) 0
norm(r_1) 0
norm(r_2) 0
norm(r_3) 0.27448042
norm(r_4) 0
Newton iteration  0 : ||r|| = 0.27448
   Pass :  1   Iteration :   0  ||B r|| = 26.3551 ...
   Pass :  1   Iteration :  17  ||B r|| = 1.22273e-05
norm(r_0) 0
norm(r_1) 0
norm(r_2) 0
norm(r_3) 1.3146338e-05
norm(r_4) 0
Newton iteration  1 : ||r|| = 1.31463e-05, ||r||/||r_0|| = 4.78954e-05
Setting time step: 0.01 in DGTransportTDO
Setting time step: 0.01 in CombinedOp
Setting time step: 0.01 in IonStaticPressureOp
norm(r_0) 0
norm(r_1) 0
norm(r_2) 0
norm(r_3) 0.31434776
norm(r_4) 0
Newton iteration  0 : ||r|| = 0.314348
   Pass :  1   Iteration :   0  ||B r|| = 30.1749 ...
   Pass :  1   Iteration :  17  ||B r|| = 1.40101e-05
norm(r_0) 0
norm(r_1) 0
norm(r_2) 0
norm(r_3) 1.5064681e-05
norm(r_4) 0
Newton iteration  1 : ||r|| = 1.50647e-05, ||r||/||r_0|| = 4.79236e-05
Setting time step: 0.01 in DGTransportTDO
Setting time step: 0.01 in CombinedOp
Setting time step: 0.01 in IonStaticPressureOp
norm(r_0) 0
norm(r_1) 0
norm(r_2) 0
norm(r_3) 0.3252987
norm(r_4) 0
Newton iteration  0 : ||r|| = 0.325299
   Pass :  1   Iteration :   0  ||B r|| = 31.2234 ...
   Pass :  1   Iteration :  17  ||B r|| = 1.45004e-05
norm(r_0) 0
norm(r_1) 0
norm(r_2) 0
norm(r_3) 1.5592446e-05
norm(r_4) 0
Newton iteration  1 : ||r|| = 1.55924e-05, ||r||/||r_0|| = 4.79327e-05
Setting time step: 0.01 in DGTransportTDO
Setting time step: 0.01 in CombinedOp
Setting time step: 0.01 in IonStaticPressureOp
norm(r_0) 0
norm(r_1) 0
norm(r_2) 0
norm(r_3) 0.23155719
norm(r_4) 0
Newton iteration  0 : ||r|| = 0.231557
   Pass :  1   Iteration :   0  ||B r|| = 22.23 ...
   Pass :  1   Iteration :  17  ||B r|| = 1.03179e-05
norm(r_0) 0
norm(r_1) 0
norm(r_2) 0
norm(r_3) 1.1094638e-05
norm(r_4) 0
Newton iteration  1 : ||r|| = 1.10946e-05, ||r||/||r_0|| = 4.79132e-05
Setting time step: 0.019628194 in DGTransportTDO
Setting time step: 0.019628194 in CombinedOp
Setting time step: 0.019628194 in IonStaticPressureOp
norm(r_0) 0
norm(r_1) 0
norm(r_2) 0
norm(r_3) 0.19940526
norm(r_4) 0
Newton iteration  0 : ||r|| = 0.199405
   Pass :  1   Iteration :   0  ||B r|| = 14.3155 ...
   Pass :  1   Iteration :  17  ||B r|| = 1.42043e-05
norm(r_0) 0
norm(r_1) 0
norm(r_2) 0
norm(r_3) 3.1391076e-05
norm(r_4) 0
Newton iteration  1 : ||r|| = 3.13911e-05, ||r||/||r_0|| = 0.000157424
Setting time step: 0.019628194 in DGTransportTDO
Setting time step: 0.019628194 in CombinedOp
Setting time step: 0.019628194 in IonStaticPressureOp
norm(r_0) 0
norm(r_1) 0
norm(r_2) 0
norm(r_3) 0.10353115
norm(r_4) 0
Newton iteration  0 : ||r|| = 0.103531
   Pass :  1   Iteration :   0  ||B r|| = 7.43358 ...
   Pass :  1   Iteration :  17  ||B r|| = 7.37443e-06
norm(r_0) 0
norm(r_1) 0
norm(r_2) 0
norm(r_3) 1.6297378e-05
norm(r_4) 0
Newton iteration  1 : ||r|| = 1.62974e-05, ||r||/||r_0|| = 0.000157415
Setting time step: 0.019628194 in DGTransportTDO
Setting time step: 0.019628194 in CombinedOp
Setting time step: 0.019628194 in IonStaticPressureOp
norm(r_0) 0
norm(r_1) 0
norm(r_2) 0
norm(r_3) 0.13819308
norm(r_4) 0
Newton iteration  0 : ||r|| = 0.138193
   Pass :  1   Iteration :   0  ||B r|| = 9.92175 ...
   Pass :  1   Iteration :  17  ||B r|| = 9.84364e-06
norm(r_0) 0
norm(r_1) 0
norm(r_2) 0
norm(r_3) 2.1754229e-05
norm(r_4) 0
Newton iteration  1 : ||r|| = 2.17542e-05, ||r||/||r_0|| = 0.000157419
Setting time step: 0.019628194 in DGTransportTDO
Setting time step: 0.019628194 in CombinedOp
Setting time step: 0.019628194 in IonStaticPressureOp
norm(r_0) 0
norm(r_1) 0
norm(r_2) 0
norm(r_3) 0.1484477
norm(r_4) 0
Newton iteration  0 : ||r|| = 0.148448
   Pass :  1   Iteration :   0  ||B r|| = 10.6578 ...
   Pass :  1   Iteration :  17  ||B r|| = 1.05742e-05
norm(r_0) 0
norm(r_1) 0
norm(r_2) 0
norm(r_3) 2.3368652e-05
norm(r_4) 0
Newton iteration  1 : ||r|| = 2.33687e-05, ||r||/||r_0|| = 0.00015742
Setting time step: 0.019628194 in DGTransportTDO
Setting time step: 0.019628194 in CombinedOp
Setting time step: 0.019628194 in IonStaticPressureOp
norm(r_0) 0
norm(r_1) 0
norm(r_2) 0
norm(r_3) 0.07424842
norm(r_4) 0
Newton iteration  0 : ||r|| = 0.0742484
   Pass :  1   Iteration :   0  ||B r|| = 5.3303 ...
   Pass :  1   Iteration :  17  ||B r|| = 5.28873e-06
norm(r_0) 0
norm(r_1) 0
norm(r_2) 0
norm(r_3) 1.168771e-05
norm(r_4) 0
Newton iteration  1 : ||r|| = 1.16877e-05, ||r||/||r_0|| = 0.000157414
Setting time step: 0.016809504 in DGTransportTDO
Setting time step: 0.016809504 in CombinedOp
Setting time step: 0.016809504 in IonStaticPressureOp
norm(r_0) 0
norm(r_1) 0
norm(r_2) 0
norm(r_3) 0.19940526
norm(r_4) 0
Newton iteration  0 : ||r|| = 0.199405
   Pass :  1   Iteration :   0  ||B r|| = 15.4708 ...
   Pass :  1   Iteration :  17  ||B r|| = 1.31907e-05
norm(r_0) 0
norm(r_1) 0
norm(r_2) 0
norm(r_3) 2.4729985e-05
norm(r_4) 0
Newton iteration  1 : ||r|| = 2.473e-05, ||r||/||r_0|| = 0.000124019
Setting time step: 0.016809504 in DGTransportTDO
Setting time step: 0.016809504 in CombinedOp
Setting time step: 0.016809504 in IonStaticPressureOp
norm(r_0) 0
norm(r_1) 0
norm(r_2) 0
norm(r_3) 0.11436321
norm(r_4) 0
Newton iteration  0 : ||r|| = 0.114363
   Pass :  1   Iteration :   0  ||B r|| = 8.87388 ...
   Pass :  1   Iteration :  17  ||B r|| = 7.56455e-06
norm(r_0) 0
norm(r_1) 0
norm(r_2) 0
norm(r_3) 1.4181931e-05
norm(r_4) 0
Newton iteration  1 : ||r|| = 1.41819e-05, ||r||/||r_0|| = 0.000124008
Setting time step: 0.016809504 in DGTransportTDO
Setting time step: 0.016809504 in CombinedOp
Setting time step: 0.016809504 in IonStaticPressureOp
norm(r_0) 0
norm(r_1) 0
norm(r_2) 0
norm(r_3) 0.14547854
norm(r_4) 0
Newton iteration  0 : ||r|| = 0.145479
   Pass :  1   Iteration :   0  ||B r|| = 11.2877 ...
   Pass :  1   Iteration :  17  ||B r|| = 9.62301e-06
norm(r_0) 0
norm(r_1) 0
norm(r_2) 0
norm(r_3) 1.8041153e-05
norm(r_4) 0
Newton iteration  1 : ||r|| = 1.80412e-05, ||r||/||r_0|| = 0.000124012
Setting time step: 0.016809504 in DGTransportTDO
Setting time step: 0.016809504 in CombinedOp
Setting time step: 0.016809504 in IonStaticPressureOp
norm(r_0) 0
norm(r_1) 0
norm(r_2) 0
norm(r_3) 0.15449901
norm(r_4) 0
Newton iteration  0 : ||r|| = 0.154499
   Pass :  1   Iteration :   0  ||B r|| = 11.9874 ...
   Pass :  1   Iteration :  17  ||B r|| = 1.02198e-05
norm(r_0) 0
norm(r_1) 0
norm(r_2) 0
norm(r_3) 1.9160021e-05
norm(r_4) 0
Newton iteration  1 : ||r|| = 1.916e-05, ||r||/||r_0|| = 0.000124014
Setting time step: 0.016809504 in DGTransportTDO
Setting time step: 0.016809504 in CombinedOp
Setting time step: 0.016809504 in IonStaticPressureOp
norm(r_0) 0
norm(r_1) 0
norm(r_2) 0
norm(r_3) 0.085833065
norm(r_4) 0
Newton iteration  0 : ||r|| = 0.0858331
   Pass :  1   Iteration :   0  ||B r|| = 6.65945 ...
   Pass :  1   Iteration :  17  ||B r|| = 5.67767e-06
norm(r_0) 0
norm(r_1) 0
norm(r_2) 0
norm(r_3) 1.0644439e-05
norm(r_4) 0
Newton iteration  1 : ||r|| = 1.06444e-05, ||r||/||r_0|| = 0.000124013
Time stepping paused at t = 0.13723801

Estimating errors.
No refinements necessary.
No derefinements needed.

AMR iteration 1
Number of unknowns: 256
Setting time step: 0.019211948 in DGTransportTDO
Setting time step: 0.019211948 in CombinedOp
Setting time step: 0.019211948 in IonStaticPressureOp
norm(r_0) 0
norm(r_1) 0
norm(r_2) 0
norm(r_3) 0.067530079
norm(r_4) 0
Newton iteration  0 : ||r|| = 0.0675301
   Pass :  1   Iteration :   0  ||B r|| = 4.9025 ...
   Pass :  1   Iteration :  17  ||B r|| = 4.76635e-06
norm(r_0) 0
norm(r_1) 0
norm(r_2) 0
norm(r_3) 1.0297077e-05
norm(r_4) 0
Newton iteration  1 : ||r|| = 1.02971e-05, ||r||/||r_0|| = 0.000152481
Setting time step: 0.019211948 in DGTransportTDO
Setting time step: 0.019211948 in CombinedOp
Setting time step: 0.019211948 in IonStaticPressureOp
norm(r_0) 0
norm(r_1) 0
norm(r_2) 0
norm(r_3) 0.03558729
norm(r_4) 0
Newton iteration  0 : ||r|| = 0.0355873
   Pass :  1   Iteration :   0  ||B r|| = 2.58364 ...
   Pass :  1   Iteration :  17  ||B r|| = 2.51176e-06
norm(r_0) 0
norm(r_1) 0
norm(r_2) 0
norm(r_3) 5.4263573e-06
norm(r_4) 0
Newton iteration  1 : ||r|| = 5.42636e-06, ||r||/||r_0|| = 0.00015248
Setting time step: 0.019211948 in DGTransportTDO
Setting time step: 0.019211948 in CombinedOp
Setting time step: 0.019211948 in IonStaticPressureOp
norm(r_0) 0
norm(r_1) 0
norm(r_2) 0
norm(r_3) 0.04715565
norm(r_4) 0
Newton iteration  0 : ||r|| = 0.0471557
   Pass :  1   Iteration :   0  ||B r|| = 3.42345 ...
   Pass :  1   Iteration :  17  ||B r|| = 3.32828e-06
norm(r_0) 0
norm(r_1) 0
norm(r_2) 0
norm(r_3) 7.1903314e-06
norm(r_4) 0
Newton iteration  1 : ||r|| = 7.19033e-06, ||r||/||r_0|| = 0.000152481
Setting time step: 0.019211948 in DGTransportTDO
Setting time step: 0.019211948 in CombinedOp
Setting time step: 0.019211948 in IonStaticPressureOp
norm(r_0) 0
norm(r_1) 0
norm(r_2) 0
norm(r_3) 0.050568106
norm(r_4) 0
Newton iteration  0 : ||r|| = 0.0505681
   Pass :  1   Iteration :   0  ||B r|| = 3.67117 ...
   Pass :  1   Iteration :  17  ||B r|| = 3.56914e-06
norm(r_0) 0
norm(r_1) 0
norm(r_2) 0
norm(r_3) 7.7106709e-06
norm(r_4) 0
Newton iteration  1 : ||r|| = 7.71067e-06, ||r||/||r_0|| = 0.000152481
Setting time step: 0.019211948 in DGTransportTDO
Setting time step: 0.019211948 in CombinedOp
Setting time step: 0.019211948 in IonStaticPressureOp
norm(r_0) 0
norm(r_1) 0
norm(r_2) 0
norm(r_3) 0.025689088
norm(r_4) 0
Newton iteration  0 : ||r|| = 0.0256891
   Pass :  1   Iteration :   0  ||B r|| = 1.86494 ...
   Pass :  1   Iteration :  17  ||B r|| = 1.81313e-06
norm(r_0) 0
norm(r_1) 0
norm(r_2) 0
norm(r_3) 3.9169869e-06
norm(r_4) 0
Newton iteration  1 : ||r|| = 3.91699e-06, ||r||/||r_0|| = 0.000152477
Setting time step: 0.033387454 in DGTransportTDO
Setting time step: 0.033387454 in CombinedOp
Setting time step: 0.033387454 in IonStaticPressureOp
norm(r_0) 0
norm(r_1) 0
norm(r_2) 0
norm(r_3) 0.019613417
norm(r_4) 0
Newton iteration  0 : ||r|| = 0.0196134
   Pass :  1   Iteration :   0  ||B r|| = 1.02959 ...
   Pass :  1   Iteration :  18  ||B r|| = 6.73651e-07
norm(r_0) 0
norm(r_1) 0
norm(r_2) 0
norm(r_3) 2.35993e-06
norm(r_4) 0
Newton iteration  1 : ||r|| = 2.35993e-06, ||r||/||r_0|| = 0.000120322
Setting time step: 0.033387454 in DGTransportTDO
Setting time step: 0.033387454 in CombinedOp
Setting time step: 0.033387454 in IonStaticPressureOp
norm(r_0) 0
norm(r_1) 0
norm(r_2) 0
norm(r_3) 0.0058861277
norm(r_4) 0
Newton iteration  0 : ||r|| = 0.00588613
   Pass :  1   Iteration :   0  ||B r|| = 0.308994 ...
   Pass :  1   Iteration :  17  ||B r|| = 4.76885e-07
norm(r_0) 0
norm(r_1) 0
norm(r_2) 0
norm(r_3) 1.8677193e-06
norm(r_4) 0
Newton iteration  1 : ||r|| = 1.86772e-06, ||r||/||r_0|| = 0.000317309
Setting time step: 0.033387454 in DGTransportTDO
Setting time step: 0.033387454 in CombinedOp
Setting time step: 0.033387454 in IonStaticPressureOp
norm(r_0) 0
norm(r_1) 0
norm(r_2) 0
norm(r_3) 0.010608432
norm(r_4) 0
Newton iteration  0 : ||r|| = 0.0106084
   Pass :  1   Iteration :   0  ||B r|| = 0.556885 ...
   Pass :  1   Iteration :  17  ||B r|| = 8.59479e-07
norm(r_0) 0
norm(r_1) 0
norm(r_2) 0
norm(r_3) 3.3661766e-06
norm(r_4) 0
Newton iteration  1 : ||r|| = 3.36618e-06, ||r||/||r_0|| = 0.000317311
Setting time step: 0.033387454 in DGTransportTDO
Setting time step: 0.033387454 in CombinedOp
Setting time step: 0.033387454 in IonStaticPressureOp
norm(r_0) 0
norm(r_1) 0
norm(r_2) 0
norm(r_3) 0.012129508
norm(r_4) 0
Newton iteration  0 : ||r|| = 0.0121295
   Pass :  1   Iteration :   0  ||B r|| = 0.636731 ...
   Pass :  1   Iteration :  17  ||B r|| = 9.82716e-07
norm(r_0) 0
norm(r_1) 0
norm(r_2) 0
norm(r_3) 3.8488553e-06
norm(r_4) 0
Newton iteration  1 : ||r|| = 3.84886e-06, ||r||/||r_0|| = 0.000317313
Setting time step: 0.033387454 in DGTransportTDO
Setting time step: 0.033387454 in CombinedOp
Setting time step: 0.033387454 in IonStaticPressureOp
norm(r_0) 0
norm(r_1) 0
norm(r_2) 0
norm(r_3) 0.0036798178
norm(r_4) 0
Newton iteration  0 : ||r|| = 0.00367982
   Pass :  1   Iteration :   0  ||B r|| = 0.193161 ...
   Pass :  1   Iteration :  16  ||B r|| = 6.71721e-07
norm(r_0) 0
norm(r_1) 0
norm(r_2) 0
norm(r_3) 2.384887e-06
norm(r_4) 0
Newton iteration  1 : ||r|| = 2.38489e-06, ||r||/||r_0|| = 0.000648099
Setting time step: 0.04672542 in DGTransportTDO
Setting time step: 0.04672542 in CombinedOp
Setting time step: 0.04672542 in IonStaticPressureOp
norm(r_0) 0
norm(r_1) 0
norm(r_2) 0
norm(r_3) 0.0023920654
norm(r_4) 0
Newton iteration  0 : ||r|| = 0.00239207
   Pass :  1   Iteration :   0  ||B r|| = 0.0994625 ...
   Pass :  1   Iteration :  15  ||B r|| = 8.73414e-07
norm(r_0) 0
norm(r_1) 0
norm(r_2) 0
norm(r_3) 3.8963468e-06
norm(r_4) 0
Newton iteration  1 : ||r|| = 3.89635e-06, ||r||/||r_0|| = 0.00162886
Setting time step: 0.04672542 in DGTransportTDO
Setting time step: 0.04672542 in CombinedOp
Setting time step: 0.04672542 in IonStaticPressureOp
norm(r_0) 0
norm(r_1) 0
norm(r_2) 0
norm(r_3) 0.00033655095
norm(r_4) 0
Newton iteration  0 : ||r|| = 0.000336551
   Pass :  1   Iteration :   0  ||B r|| = 0.0139897 ...
   Pass :  1   Iteration :  13  ||B r|| = 5.50726e-07
norm(r_0) 0
norm(r_1) 0
norm(r_2) 0
norm(r_3) 1.7864524e-06
norm(r_4) 0
Newton iteration  1 : ||r|| = 1.78645e-06, ||r||/||r_0|| = 0.00530812
Setting time step: 0.04672542 in DGTransportTDO
Setting time step: 0.04672542 in CombinedOp
Setting time step: 0.04672542 in IonStaticPressureOp
norm(r_0) 0
norm(r_1) 0
norm(r_2) 0
norm(r_3) 0.0010173881
norm(r_4) 0
Newton iteration  0 : ||r|| = 0.00101739
   Pass :  1   Iteration :   0  ||B r|| = 0.0423028 ...
   Pass :  1   Iteration :  14  ||B r|| = 7.42935e-07
norm(r_0) 0
norm(r_1) 0
norm(r_2) 0
norm(r_3) 3.1874174e-06
norm(r_4) 0
Newton iteration  1 : ||r|| = 3.18742e-06, ||r||/||r_0|| = 0.00313294
Setting time step: 0.04672542 in DGTransportTDO
Setting time step: 0.04672542 in CombinedOp
Setting time step: 0.04672542 in IonStaticPressureOp
norm(r_0) 0
norm(r_1) 0
norm(r_2) 0
norm(r_3) 0.0012514554
norm(r_4) 0
Newton iteration  0 : ||r|| = 0.00125146
   Pass :  1   Iteration :   0  ||B r|| = 0.0520359 ...
   Pass :  1   Iteration :  14  ||B r|| = 9.13575e-07
norm(r_0) 0
norm(r_1) 0
norm(r_2) 0
norm(r_3) 3.9195155e-06
norm(r_4) 0
Newton iteration  1 : ||r|| = 3.91952e-06, ||r||/||r_0|| = 0.00313197
Setting time step: 0.04672542 in DGTransportTDO
Setting time step: 0.04672542 in CombinedOp
Setting time step: 0.04672542 in IonStaticPressureOp
norm(r_0) 0
norm(r_1) 0
norm(r_2) 0
norm(r_3) 0.00027508801
norm(r_4) 0
Newton iteration  0 : ||r|| = 0.000275088
   Pass :  1   Iteration :   0  ||B r|| = 0.0114144 ...
   Pass :  1   Iteration :  12  ||B r|| = 9.08713e-07
norm(r_0) 0
norm(r_1) 0
norm(r_2) 0
norm(r_3) 4.536538e-06
norm(r_4) 0
Newton iteration  1 : ||r|| = 4.53654e-06, ||r||/||r_0|| = 0.0164912
Setting time step: 0.093450839 in DGTransportTDO
Setting time step: 0.093450839 in CombinedOp
Setting time step: 0.093450839 in IonStaticPressureOp
norm(r_0) 0
norm(r_1) 0
norm(r_2) 0
norm(r_3) 0.000156668
norm(r_4) 0
Newton iteration  0 : ||r|| = 0.000156668
   Pass :  1   Iteration :   0  ||B r|| = 0.00376219 ...
   Pass :  1   Iteration :  12  ||B r|| = 4.22082e-07
norm(r_0) 0
norm(r_1) 0
norm(r_2) 0
norm(r_3) 4.2438641e-06
norm(r_4) 0
Newton iteration  1 : ||r|| = 4.24386e-06, ||r||/||r_0|| = 0.0270883
Setting time step: 0.093450839 in DGTransportTDO
Setting time step: 0.093450839 in CombinedOp
Setting time step: 0.093450839 in IonStaticPressureOp
norm(r_0) 0
norm(r_1) 0
norm(r_2) 0
norm(r_3) 3.1917728e-05
norm(r_4) 0
Newton iteration  0 : ||r|| = 3.19177e-05
   Pass :  1   Iteration :   0  ||B r|| = 0.000760436 ...
   Pass :  1   Iteration :   8  ||B r|| = 9.19754e-07
norm(r_0) 0
norm(r_1) 0
norm(r_2) 0
norm(r_3) 5.1400745e-06
norm(r_4) 0
Newton iteration  1 : ||r|| = 5.14007e-06, ||r||/||r_0|| = 0.161041
Setting time step: 0.093450839 in DGTransportTDO
Setting time step: 0.093450839 in CombinedOp
Setting time step: 0.093450839 in IonStaticPressureOp
norm(r_0) 0
norm(r_1) 0
norm(r_2) 0
norm(r_3) 2.5960061e-05
norm(r_4) 0
Newton iteration  0 : ||r|| = 2.59601e-05
   Pass :  1   Iteration :   0  ||B r|| = 0.000613737 ...
   Pass :  1   Iteration :   8  ||B r|| = 7.44061e-07
norm(r_0) 0
norm(r_1) 0
norm(r_2) 0
norm(r_3) 4.1651273e-06
norm(r_4) 0
Newton iteration  1 : ||r|| = 4.16513e-06, ||r||/||r_0|| = 0.160444
Setting time step: 0.093450839 in DGTransportTDO
Setting time step: 0.093450839 in CombinedOp
Setting time step: 0.093450839 in IonStaticPressureOp
norm(r_0) 0
norm(r_1) 0
norm(r_2) 0
norm(r_3) 4.8556337e-05
norm(r_4) 0
Newton iteration  0 : ||r|| = 4.85563e-05
   Pass :  1   Iteration :   0  ||B r|| = 0.00116202 ...
   Pass :  1   Iteration :   9  ||B r|| = 9.73441e-07
norm(r_0) 0
norm(r_1) 0
norm(r_2) 0
norm(r_3) 6.2744347e-06
norm(r_4) 0
Newton iteration  1 : ||r|| = 6.27443e-06, ||r||/||r_0|| = 0.12922
Setting time step: 0.093450839 in DGTransportTDO
Setting time step: 0.093450839 in CombinedOp
Setting time step: 0.093450839 in IonStaticPressureOp
norm(r_0) 0
norm(r_1) 0
norm(r_2) 0
norm(r_3) 0.00025853227
norm(r_4) 0
Newton iteration  0 : ||r|| = 0.000258532
   Pass :  1   Iteration :   0  ||B r|| = 0.000750755 ...
   Pass :  1   Iteration :   8  ||B r|| = 8.97753e-07
norm(r_0) 0
norm(r_1) 0
norm(r_2) 0
norm(r_3) 4.8017845e-06
norm(r_4) 0
Newton iteration  1 : ||r|| = 4.80178e-06, ||r||/||r_0|| = 0.0185733
Time stepping paused at t = 0.90834066

Estimating errors.
No refinements necessary.
No derefinements needed.

AMR iteration 2
Number of unknowns: 256
Setting time step: 0.18690168 in DGTransportTDO
Setting time step: 0.18690168 in CombinedOp
Setting time step: 0.18690168 in IonStaticPressureOp
norm(r_0) 0
norm(r_1) 0
norm(r_2) 0
norm(r_3) 1.2790296e-05
norm(r_4) 0
Newton iteration  0 : ||r|| = 1.27903e-05
   Pass :  1   Iteration :   0  ||B r|| = 0.000154 ...
   Pass :  1   Iteration :   6  ||B r|| = 9.60703e-07
norm(r_0) 0
norm(r_1) 0
norm(r_2) 0
norm(r_3) 1.2671192e-05
norm(r_4) 0
Newton iteration  1 : ||r|| = 1.26712e-05, ||r||/||r_0|| = 0.990688
Setting time step: 0.18690168 in DGTransportTDO
Setting time step: 0.18690168 in CombinedOp
Setting time step: 0.18690168 in IonStaticPressureOp
norm(r_0) 0
norm(r_1) 0
norm(r_2) 0
norm(r_3) 2.6454186e-05
norm(r_4) 0
Newton iteration  0 : ||r|| = 2.64542e-05
   Pass :  1   Iteration :   0  ||B r|| = 7.63483e-05 ...
   Pass :  1   Iteration :   5  ||B r|| = 7.55695e-07
norm(r_0) 0
norm(r_1) 0
norm(r_2) 0
norm(r_3) 1.2927068e-05
norm(r_4) 0
Newton iteration  1 : ||r|| = 1.29271e-05, ||r||/||r_0|| = 0.488659
Setting time step: 0.18690168 in DGTransportTDO
Setting time step: 0.18690168 in CombinedOp
Setting time step: 0.18690168 in IonStaticPressureOp
norm(r_0) 0
norm(r_1) 0
norm(r_2) 0
norm(r_3) 2.032148e-05
norm(r_4) 0
Newton iteration  0 : ||r|| = 2.03215e-05
   Pass :  1   Iteration :   0  ||B r|| = 1.17309e-05 ...
   Pass :  1   Iteration :   3  ||B r|| = 6.31889e-07
norm(r_0) 0
norm(r_1) 0
norm(r_2) 0
norm(r_3) 5.4766184e-06
norm(r_4) 0
Newton iteration  1 : ||r|| = 5.47662e-06, ||r||/||r_0|| = 0.269499
Setting time step: 0.18690168 in DGTransportTDO
Setting time step: 0.18690168 in CombinedOp
Setting time step: 0.18690168 in IonStaticPressureOp
norm(r_0) 0
norm(r_1) 0
norm(r_2) 0
norm(r_3) 1.5379574e-05
norm(r_4) 0
Newton iteration  0 : ||r|| = 1.53796e-05
   Pass :  1   Iteration :   0  ||B r|| = 1.79243e-05 ...
   Pass :  1   Iteration :   2  ||B r|| = 7.42407e-07
norm(r_0) 0
norm(r_1) 0
norm(r_2) 0
norm(r_3) 7.9287491e-06
norm(r_4) 0
Newton iteration  1 : ||r|| = 7.92875e-06, ||r||/||r_0|| = 0.515538
Setting time step: 0.18690168 in DGTransportTDO
Setting time step: 0.18690168 in CombinedOp
Setting time step: 0.18690168 in IonStaticPressureOp
norm(r_0) 0
norm(r_1) 0
norm(r_2) 0
norm(r_3) 0.00027670125
norm(r_4) 0
Newton iteration  0 : ||r|| = 0.000276701
   Pass :  1   Iteration :   0  ||B r|| = 0.000122677 ...
   Pass :  1   Iteration :   7  ||B r|| = 5.32467e-07
norm(r_0) 0
norm(r_1) 0
norm(r_2) 0
norm(r_3) 6.584572e-06
norm(r_4) 0
Newton iteration  1 : ||r|| = 6.58457e-06, ||r||/||r_0|| = 0.0237967
Setting time step: 0.37380336 in DGTransportTDO
Setting time step: 0.37380336 in CombinedOp
Setting time step: 0.37380336 in IonStaticPressureOp
norm(r_0) 0
norm(r_1) 0
norm(r_2) 0
norm(r_3) 6.7846147e-06
norm(r_4) 0
Newton iteration  0 : ||r|| = 6.78461e-06
   Pass :  1   Iteration :   0  ||B r|| = 1.51876e-06 ...
   Pass :  1   Iteration :   1  ||B r|| = 8.11165e-07
norm(r_0) 0
norm(r_1) 0
norm(r_2) 0
norm(r_3) 4.1631904e-06
norm(r_4) 0
Newton iteration  1 : ||r|| = 4.16319e-06, ||r||/||r_0|| = 0.613622
Setting time step: 0.37380336 in DGTransportTDO
Setting time step: 0.37380336 in CombinedOp
Setting time step: 0.37380336 in IonStaticPressureOp
norm(r_0) 0
norm(r_1) 0
norm(r_2) 0
norm(r_3) 7.3136348e-06
norm(r_4) 0
Newton iteration  0 : ||r|| = 7.31363e-06
   Pass :  1   Iteration :   0  ||B r|| = 1.45907e-06 ...
   Pass :  1   Iteration :   1  ||B r|| = 5.84587e-07
norm(r_0) 0
norm(r_1) 0
norm(r_2) 0
norm(r_3) 3.1935316e-06
norm(r_4) 0
Newton iteration  1 : ||r|| = 3.19353e-06, ||r||/||r_0|| = 0.436655
Setting time step: 0.37380336 in DGTransportTDO
Setting time step: 0.37380336 in CombinedOp
Setting time step: 0.37380336 in IonStaticPressureOp
norm(r_0) 0
norm(r_1) 0
norm(r_2) 0
norm(r_3) 5.4656987e-06
norm(r_4) 0
Newton iteration  0 : ||r|| = 5.4657e-06
   Pass :  1   Iteration :   0  ||B r|| = 1.03758e-06 ...
   Pass :  1   Iteration :   1  ||B r|| = 6.38472e-07
norm(r_0) 0
norm(r_1) 0
norm(r_2) 0
norm(r_3) 3.2622918e-06
norm(r_4) 0
Newton iteration  1 : ||r|| = 3.26229e-06, ||r||/||r_0|| = 0.596866
Setting time step: 0.37380336 in DGTransportTDO
Setting time step: 0.37380336 in CombinedOp
Setting time step: 0.37380336 in IonStaticPressureOp
norm(r_0) 0
norm(r_1) 0
norm(r_2) 0
norm(r_3) 4.5863411e-06
norm(r_4) 0
Newton iteration  0 : ||r|| = 4.58634e-06
   Pass :  1   Iteration :   0  ||B r|| = 8.58193e-07
norm(r_0) 0
norm(r_1) 0
norm(r_2) 0
norm(r_3) 4.5863411e-06
norm(r_4) 0
Newton iteration  1 : ||r|| = 4.58634e-06, ||r||/||r_0|| = 1
Setting time step: 0.37380336 in DGTransportTDO
Setting time step: 0.37380336 in CombinedOp
Setting time step: 0.37380336 in IonStaticPressureOp
norm(r_0) 0
norm(r_1) 0
norm(r_2) 0
norm(r_3) 8.0349155e-05
norm(r_4) 0
Newton iteration  0 : ||r|| = 8.03492e-05
   Pass :  1   Iteration :   0  ||B r|| = 1.49036e-05 ...
   Pass :  1   Iteration :   2  ||B r|| = 9.58093e-07
norm(r_0) 0
norm(r_1) 0
norm(r_2) 0
norm(r_3) 1.4188729e-05
norm(r_4) 0
Newton iteration  1 : ||r|| = 1.41887e-05, ||r||/||r_0|| = 0.176588
Setting time step: 0.74760672 in DGTransportTDO
Setting time step: 0.74760672 in CombinedOp
Setting time step: 0.74760672 in IonStaticPressureOp
norm(r_0) 0
norm(r_1) 0
norm(r_2) 0
norm(r_3) 1.4184119e-05
norm(r_4) 0
Newton iteration  0 : ||r|| = 1.41841e-05
   Pass :  1   Iteration :   0  ||B r|| = 6.29536e-07
norm(r_0) 0
norm(r_1) 0
norm(r_2) 0
norm(r_3) 1.4184119e-05
norm(r_4) 0
Newton iteration  1 : ||r|| = 1.41841e-05, ||r||/||r_0|| = 1
Setting time step: 0.74760672 in DGTransportTDO
Setting time step: 0.74760672 in CombinedOp
Setting time step: 0.74760672 in IonStaticPressureOp
norm(r_0) 0
norm(r_1) 0
norm(r_2) 0
norm(r_3) 1.4184119e-05
norm(r_4) 0
Newton iteration  0 : ||r|| = 1.41841e-05
   Pass :  1   Iteration :   0  ||B r|| = 6.29536e-07
norm(r_0) 0
norm(r_1) 0
norm(r_2) 0
norm(r_3) 1.4184119e-05
norm(r_4) 0
Newton iteration  1 : ||r|| = 1.41841e-05, ||r||/||r_0|| = 1
Setting time step: 0.74760672 in DGTransportTDO
Setting time step: 0.74760672 in CombinedOp
Setting time step: 0.74760672 in IonStaticPressureOp
norm(r_0) 0
norm(r_1) 0
norm(r_2) 0
norm(r_3) 1.4184119e-05
norm(r_4) 0
Newton iteration  0 : ||r|| = 1.41841e-05
   Pass :  1   Iteration :   0  ||B r|| = 6.29536e-07
norm(r_0) 0
norm(r_1) 0
norm(r_2) 0
norm(r_3) 1.4184119e-05
norm(r_4) 0
Newton iteration  1 : ||r|| = 1.41841e-05, ||r||/||r_0|| = 1
Setting time step: 0.74760672 in DGTransportTDO
Setting time step: 0.74760672 in CombinedOp
Setting time step: 0.74760672 in IonStaticPressureOp
norm(r_0) 0
norm(r_1) 0
norm(r_2) 0
norm(r_3) 1.4184119e-05
norm(r_4) 0
Newton iteration  0 : ||r|| = 1.41841e-05
   Pass :  1   Iteration :   0  ||B r|| = 6.29536e-07
norm(r_0) 0
norm(r_1) 0
norm(r_2) 0
norm(r_3) 1.4184119e-05
norm(r_4) 0
Newton iteration  1 : ||r|| = 1.41841e-05, ||r||/||r_0|| = 1
Setting time step: 0.74760672 in DGTransportTDO
Setting time step: 0.74760672 in CombinedOp
Setting time step: 0.74760672 in IonStaticPressureOp
norm(r_0) 0
norm(r_1) 0
norm(r_2) 0
norm(r_3) 1.4184119e-05
norm(r_4) 0
Newton iteration  0 : ||r|| = 1.41841e-05
   Pass :  1   Iteration :   0  ||B r|| = 6.29536e-07
norm(r_0) 0
norm(r_1) 0
norm(r_2) 0
norm(r_3) 1.4184119e-05
norm(r_4) 0
Newton iteration  1 : ||r|| = 1.41841e-05, ||r||/||r_0|| = 1
Setting time step: 0.74760672 in DGTransportTDO
Setting time step: 0.74760672 in CombinedOp
Setting time step: 0.74760672 in IonStaticPressureOp
norm(r_0) 0
norm(r_1) 0
norm(r_2) 0
norm(r_3) 1.4184119e-05
norm(r_4) 0
Newton iteration  0 : ||r|| = 1.41841e-05
   Pass :  1   Iteration :   0  ||B r|| = 6.29536e-07
norm(r_0) 0
norm(r_1) 0
norm(r_2) 0
norm(r_3) 1.4184119e-05
norm(r_4) 0
Newton iteration  1 : ||r|| = 1.41841e-05, ||r||/||r_0|| = 1
Setting time step: 0.74760672 in DGTransportTDO
Setting time step: 0.74760672 in CombinedOp
Setting time step: 0.74760672 in IonStaticPressureOp
norm(r_0) 0
norm(r_1) 0
norm(r_2) 0
norm(r_3) 1.4184119e-05
norm(r_4) 0
Newton iteration  0 : ||r|| = 1.41841e-05
   Pass :  1   Iteration :   0  ||B r|| = 6.29536e-07
norm(r_0) 0
norm(r_1) 0
norm(r_2) 0
norm(r_3) 1.4184119e-05
norm(r_4) 0
Newton iteration  1 : ||r|| = 1.41841e-05, ||r||/||r_0|| = 1
Setting time step: 0.74760672 in DGTransportTDO
Setting time step: 0.74760672 in CombinedOp
Setting time step: 0.74760672 in IonStaticPressureOp
norm(r_0) 0
norm(r_1) 0
norm(r_2) 0
norm(r_3) 1.4184119e-05
norm(r_4) 0
Newton iteration  0 : ||r|| = 1.41841e-05
   Pass :  1   Iteration :   0  ||B r|| = 6.29536e-07
norm(r_0) 0
norm(r_1) 0
norm(r_2) 0
norm(r_3) 1.4184119e-05
norm(r_4) 0
Newton iteration  1 : ||r|| = 1.41841e-05, ||r||/||r_0|| = 1
Setting time step: 0.74760672 in DGTransportTDO
Setting time step: 0.74760672 in CombinedOp
Setting time step: 0.74760672 in IonStaticPressureOp
norm(r_0) 0
norm(r_1) 0
norm(r_2) 0
norm(r_3) 1.4184119e-05
norm(r_4) 0
Newton iteration  0 : ||r|| = 1.41841e-05
   Pass :  1   Iteration :   0  ||B r|| = 6.29536e-07
norm(r_0) 0
norm(r_1) 0
norm(r_2) 0
norm(r_3) 1.4184119e-05
norm(r_4) 0
Newton iteration  1 : ||r|| = 1.41841e-05, ||r||/||r_0|| = 1
Setting time step: 0.74760672 in DGTransportTDO
Setting time step: 0.74760672 in CombinedOp
Setting time step: 0.74760672 in IonStaticPressureOp
norm(r_0) 0
norm(r_1) 0
norm(r_2) 0
norm(r_3) 1.4184119e-05
norm(r_4) 0
Newton iteration  0 : ||r|| = 1.41841e-05
   Pass :  1   Iteration :   0  ||B r|| = 6.29536e-07
norm(r_0) 0
norm(r_1) 0
norm(r_2) 0
norm(r_3) 1.4184119e-05
norm(r_4) 0
Newton iteration  1 : ||r|| = 1.41841e-05, ||r||/||r_0|| = 1
Time stepping paused at t = 9.1320145
Steady State solution has been reached

Time stepping done after 0.5627317s.
