Options used:
   --mesh ../../mfem/data/inline-quad.mesh
   --bc-file ../input-files/transport2d_bcs.inp
   --ic-file ../input-files/transport2d_ics.inp
   --ec-file ../input-files/transport2d_ecs.inp
   --es-file ../input-files/transport2d_ess.inp
   --eqdsk-file 
   --logging 1
   --operator-test 2
   --equation-weights '1 1 1 1 1'
   --problem 0
   --refine-serial 2
   --refine-parallel 0
   --disable-amr
   --max-err -1
   --hysteresis 0.25
   --nc-limit 3
   --amr-weights '1 1 1 1 1'
   --order 4
   --dg-sigma -1
   --dg-kappa 25
   --linear-abs-tolerance 1e-06
   --linear-rel-tolerance 1e-06
   --linear-max-iterations 500
   --linear-logging-level 3
   --newton-abs-tolerance 1e-10
   --newton-rel-tolerance 1e-10
   --newton-max-iterations 10
   --newton-logging-level 1
   --steady-state-abs-tolerance 1e-08
   --steady-state-rel-tolerance 1e-08
   --prec-type 1
   --prec-logging-level 0
   --initial-tolerance 1e-05
   --ode-tolerance 0.001
   --ode-solver 2
   --err-per-step
   --ode-weights '1 1 1 1 1'
   --kP 0
   --kI 0.6
   --kD 0
   --dead-zone-min 0.95
   --dead-zone-max 1.05
   --theta-max 2
   --t-minimum 0
   --t-final 200
   --time-step 0.01
   --cfl-number 0.3
   --ion-charge 1
   --ion-mass 2.0141018
   --neutral-mass 2.0141018
   --neutral-temp 3
   --min-neutral-density 9e+14
   --max-neutral-density 1e+15
   --neutral-density-exp 0
   --min-ion-density 1e+16
   --max-ion-density 1e+18
   --ion-density-exp 0
   --min-ion-temp 1
   --max-ion-temp 10
   --ion-temp-exp 0
   --min-electron-temp 10
   --max-electron-temp 440
   --electron-temp-exp 0
   --total-B-magnitude 5
   --poloidal-B-magnitude 0.5
   --velocity 1000
   --Di-perp 1
   --Xi-perp 1
   --Xe-perp 1
   --equation-term-flags '-1 17 -1 -1 -1'
   --visualization-flags '-1 -1 -1 -1 -1'
   --visualization
   --visit-datafiles
   --ascii-datafiles
   --no-check-gradient
   --visualization-steps 4
Device configuration: cpu
Memory configuration: host-std
Number of elements in initial mesh: 16
Number of elements after serial refinement: 256
5: Number of elements in parallel mesh: 16
5: Number of elements after parallel refinement: 16
14: Number of elements in parallel mesh: 16
14: Number of elements after parallel refinement: 16
4: Number of elements in parallel mesh: 16
4: Number of elements after parallel refinement: 16
0: Number of elements in parallel mesh: 16
0: Number of elements after parallel refinement: 16
7: Number of elements in parallel mesh: 16
7: Number of elements after parallel refinement: 16
1: Number of elements in parallel mesh: 16
1: Number of elements after parallel refinement: 16
2: Number of elements in parallel mesh: 16
2: Number of elements after parallel refinement: 16
3: Number of elements in parallel mesh: 16
3: Number of elements after parallel refinement: 16
6: Number of elements in parallel mesh: 16
6: Number of elements after parallel refinement: 16
9: Number of elements in parallel mesh: 16
9: Number of elements after parallel refinement: 16
13: Number of elements in parallel mesh: 16
13: Number of elements after parallel refinement: 16
8: Number of elements in parallel mesh: 16
8: Number of elements after parallel refinement: 16
15: Number of elements in parallel mesh: 16
15: Number of elements after parallel refinement: 16
12: Number of elements in parallel mesh: 16
12: Number of elements after parallel refinement: 16
11: Number of elements in parallel mesh: 16
11: Number of elements after parallel refinement: 16
10: Number of elements in parallel mesh: 16
10: Number of elements after parallel refinement: 16
Configuring initial conditions
Reading initial conditions from ../input-files/transport2d_ics.inp
Configuring exact solutions
Reading exact solutions from ../input-files/transport2d_ess.inp
Number of unknowns per field: 6400
Total number of unknowns:     32000
Configuring boundary conditions
Reading boundary conditions from ../input-files/transport2d_bcs.inp
Configuring equation coefficients
Reading equation coefficients from ../input-files/transport2d_ecs.inp
Using B field from TotBFunc
Ion Density: Adding time derivative term proportional to d n_i / dt
Ion Density: Adding anisotropic diffusion term
Ion Density: Adding source term
Opening GLVis sockets.
Range of error estimates for initial condition: 9.6050173e-17 < elem err < 1.4091109e-16

Begin time stepping at t = 0
Setting time step: 0.0025 in DGTransportTDO
Setting time step: 0.0025 in CombinedOp
Setting time step: 0.0025 in IonDensityOp
norm(r_0) 0
norm(r_1) 0.13787746
norm(r_2) 0
norm(r_3) 0
norm(r_4) 0
Newton iteration  0 : ||r|| = 0.137877
   Pass :  1   Iteration :   0  ||B r|| = 3.29087e-06 ...
   Pass :  1   Iteration :   1  ||B r|| = 5.44381e-07
norm(r_0) 0
norm(r_1) 21.811535
norm(r_2) 0
norm(r_3) 0
norm(r_4) 0
Newton iteration  1 : ||r|| = 21.8115, ||r||/||r_0|| = 158.195
   Pass :  1   Iteration :   0  ||B r|| = 5.44381e-07
norm(r_0) 0
norm(r_1) 21.811535
norm(r_2) 0
norm(r_3) 0
norm(r_4) 0
Newton iteration  2 : ||r|| = 21.8115, ||r||/||r_0|| = 158.195
   Pass :  1   Iteration :   0  ||B r|| = 5.44381e-07
norm(r_0) 0
norm(r_1) 21.811535
norm(r_2) 0
norm(r_3) 0
norm(r_4) 0
Newton iteration  3 : ||r|| = 21.8115, ||r||/||r_0|| = 158.195
   Pass :  1   Iteration :   0  ||B r|| = 5.44381e-07
norm(r_0) 0
norm(r_1) 21.811535
norm(r_2) 0
norm(r_3) 0
norm(r_4) 0
Newton iteration  4 : ||r|| = 21.8115, ||r||/||r_0|| = 158.195
   Pass :  1   Iteration :   0  ||B r|| = 5.44381e-07
norm(r_0) 0
norm(r_1) 21.811535
norm(r_2) 0
norm(r_3) 0
norm(r_4) 0
Newton iteration  5 : ||r|| = 21.8115, ||r||/||r_0|| = 158.195
   Pass :  1   Iteration :   0  ||B r|| = 5.44381e-07
norm(r_0) 0
norm(r_1) 21.811535
norm(r_2) 0
norm(r_3) 0
norm(r_4) 0
Newton iteration  6 : ||r|| = 21.8115, ||r||/||r_0|| = 158.195
   Pass :  1   Iteration :   0  ||B r|| = 5.44381e-07
norm(r_0) 0
norm(r_1) 21.811535
norm(r_2) 0
norm(r_3) 0
norm(r_4) 0
Newton iteration  7 : ||r|| = 21.8115, ||r||/||r_0|| = 158.195
   Pass :  1   Iteration :   0  ||B r|| = 5.44381e-07
norm(r_0) 0
norm(r_1) 21.811535
norm(r_2) 0
norm(r_3) 0
norm(r_4) 0
Newton iteration  8 : ||r|| = 21.8115, ||r||/||r_0|| = 158.195
   Pass :  1   Iteration :   0  ||B r|| = 5.44381e-07
norm(r_0) 0
norm(r_1) 21.811535
norm(r_2) 0
norm(r_3) 0
norm(r_4) 0
Newton iteration  9 : ||r|| = 21.8115, ||r||/||r_0|| = 158.195
   Pass :  1   Iteration :   0  ||B r|| = 5.44381e-07
norm(r_0) 0
norm(r_1) 21.811535
norm(r_2) 0
norm(r_3) 0
norm(r_4) 0
Newton iteration 10 : ||r|| = 21.8115, ||r||/||r_0|| = 158.195
Setting time step: 0.0025 in DGTransportTDO
Setting time step: 0.0025 in CombinedOp
Setting time step: 0.0025 in IonDensityOp
norm(r_0) 0
norm(r_1) 43.622414
norm(r_2) 0
norm(r_3) 0
norm(r_4) 0
Newton iteration  0 : ||r|| = 43.6224
   Pass :  1   Iteration :   0  ||B r|| = 3.29087e-06 ...
   Pass :  1   Iteration :   1  ||B r|| = 5.05196e-07
norm(r_0) 0
norm(r_1) 20.981908
norm(r_2) 0
norm(r_3) 0
norm(r_4) 0
Newton iteration  1 : ||r|| = 20.9819, ||r||/||r_0|| = 0.480989
   Pass :  1   Iteration :   0  ||B r|| = 5.05196e-07
norm(r_0) 0
norm(r_1) 20.981908
norm(r_2) 0
norm(r_3) 0
norm(r_4) 0
Newton iteration  2 : ||r|| = 20.9819, ||r||/||r_0|| = 0.480989
   Pass :  1   Iteration :   0  ||B r|| = 5.05196e-07
norm(r_0) 0
norm(r_1) 20.981908
norm(r_2) 0
norm(r_3) 0
norm(r_4) 0
Newton iteration  3 : ||r|| = 20.9819, ||r||/||r_0|| = 0.480989
   Pass :  1   Iteration :   0  ||B r|| = 5.05196e-07
norm(r_0) 0
norm(r_1) 20.981908
norm(r_2) 0
norm(r_3) 0
norm(r_4) 0
Newton iteration  4 : ||r|| = 20.9819, ||r||/||r_0|| = 0.480989
   Pass :  1   Iteration :   0  ||B r|| = 5.05196e-07
norm(r_0) 0
norm(r_1) 20.981908
norm(r_2) 0
norm(r_3) 0
norm(r_4) 0
Newton iteration  5 : ||r|| = 20.9819, ||r||/||r_0|| = 0.480989
   Pass :  1   Iteration :   0  ||B r|| = 5.05196e-07
norm(r_0) 0
norm(r_1) 20.981908
norm(r_2) 0
norm(r_3) 0
norm(r_4) 0
Newton iteration  6 : ||r|| = 20.9819, ||r||/||r_0|| = 0.480989
   Pass :  1   Iteration :   0  ||B r|| = 5.05196e-07
norm(r_0) 0
norm(r_1) 20.981908
norm(r_2) 0
norm(r_3) 0
norm(r_4) 0
Newton iteration  7 : ||r|| = 20.9819, ||r||/||r_0|| = 0.480989
   Pass :  1   Iteration :   0  ||B r|| = 5.05196e-07
norm(r_0) 0
norm(r_1) 20.981908
norm(r_2) 0
norm(r_3) 0
norm(r_4) 0
Newton iteration  8 : ||r|| = 20.9819, ||r||/||r_0|| = 0.480989
   Pass :  1   Iteration :   0  ||B r|| = 5.05196e-07
norm(r_0) 0
norm(r_1) 20.981908
norm(r_2) 0
norm(r_3) 0
norm(r_4) 0
Newton iteration  9 : ||r|| = 20.9819, ||r||/||r_0|| = 0.480989
   Pass :  1   Iteration :   0  ||B r|| = 5.05196e-07
norm(r_0) 0
norm(r_1) 20.981908
norm(r_2) 0
norm(r_3) 0
norm(r_4) 0
Newton iteration 10 : ||r|| = 20.9819, ||r||/||r_0|| = 0.480989
Setting time step: 0.0025 in DGTransportTDO
Setting time step: 0.0025 in CombinedOp
Setting time step: 0.0025 in IonDensityOp
norm(r_0) 0
norm(r_1) 33.373833
norm(r_2) 0
norm(r_3) 0
norm(r_4) 0
Newton iteration  0 : ||r|| = 33.3738
   Pass :  1   Iteration :   0  ||B r|| = 1.77656e-06 ...
   Pass :  1   Iteration :   1  ||B r|| = 5.2732e-07
norm(r_0) 0
norm(r_1) 21.382897
norm(r_2) 0
norm(r_3) 0
norm(r_4) 0
Newton iteration  1 : ||r|| = 21.3829, ||r||/||r_0|| = 0.640708
   Pass :  1   Iteration :   0  ||B r|| = 5.2732e-07
norm(r_0) 0
norm(r_1) 21.382897
norm(r_2) 0
norm(r_3) 0
norm(r_4) 0
Newton iteration  2 : ||r|| = 21.3829, ||r||/||r_0|| = 0.640708
   Pass :  1   Iteration :   0  ||B r|| = 5.2732e-07
norm(r_0) 0
norm(r_1) 21.382897
norm(r_2) 0
norm(r_3) 0
norm(r_4) 0
Newton iteration  3 : ||r|| = 21.3829, ||r||/||r_0|| = 0.640708
   Pass :  1   Iteration :   0  ||B r|| = 5.2732e-07
norm(r_0) 0
norm(r_1) 21.382897
norm(r_2) 0
norm(r_3) 0
norm(r_4) 0
Newton iteration  4 : ||r|| = 21.3829, ||r||/||r_0|| = 0.640708
   Pass :  1   Iteration :   0  ||B r|| = 5.2732e-07
norm(r_0) 0
norm(r_1) 21.382897
norm(r_2) 0
norm(r_3) 0
norm(r_4) 0
Newton iteration  5 : ||r|| = 21.3829, ||r||/||r_0|| = 0.640708
   Pass :  1   Iteration :   0  ||B r|| = 5.2732e-07
norm(r_0) 0
norm(r_1) 21.382897
norm(r_2) 0
norm(r_3) 0
norm(r_4) 0
Newton iteration  6 : ||r|| = 21.3829, ||r||/||r_0|| = 0.640708
   Pass :  1   Iteration :   0  ||B r|| = 5.2732e-07
norm(r_0) 0
norm(r_1) 21.382897
norm(r_2) 0
norm(r_3) 0
norm(r_4) 0
Newton iteration  7 : ||r|| = 21.3829, ||r||/||r_0|| = 0.640708
   Pass :  1   Iteration :   0  ||B r|| = 5.2732e-07
norm(r_0) 0
norm(r_1) 21.382897
norm(r_2) 0
norm(r_3) 0
norm(r_4) 0
Newton iteration  8 : ||r|| = 21.3829, ||r||/||r_0|| = 0.640708
   Pass :  1   Iteration :   0  ||B r|| = 5.2732e-07
norm(r_0) 0
norm(r_1) 21.382897
norm(r_2) 0
norm(r_3) 0
norm(r_4) 0
Newton iteration  9 : ||r|| = 21.3829, ||r||/||r_0|| = 0.640708
   Pass :  1   Iteration :   0  ||B r|| = 5.2732e-07
norm(r_0) 0
norm(r_1) 21.382897
norm(r_2) 0
norm(r_3) 0
norm(r_4) 0
Newton iteration 10 : ||r|| = 21.3829, ||r||/||r_0|| = 0.640708
Setting time step: 0.0025 in DGTransportTDO
Setting time step: 0.0025 in CombinedOp
Setting time step: 0.0025 in IonDensityOp
norm(r_0) 0
norm(r_1) 27.13815
norm(r_2) 0
norm(r_3) 0
norm(r_4) 0
Newton iteration  0 : ||r|| = 27.1382
   Pass :  1   Iteration :   0  ||B r|| = 9.42252e-07
norm(r_0) 0
norm(r_1) 27.13815
norm(r_2) 0
norm(r_3) 0
norm(r_4) 0
Newton iteration  1 : ||r|| = 27.1382, ||r||/||r_0|| = 1
   Pass :  1   Iteration :   0  ||B r|| = 9.42252e-07
norm(r_0) 0
norm(r_1) 27.13815
norm(r_2) 0
norm(r_3) 0
norm(r_4) 0
Newton iteration  2 : ||r|| = 27.1382, ||r||/||r_0|| = 1
   Pass :  1   Iteration :   0  ||B r|| = 9.42252e-07
norm(r_0) 0
norm(r_1) 27.13815
norm(r_2) 0
norm(r_3) 0
norm(r_4) 0
Newton iteration  3 : ||r|| = 27.1382, ||r||/||r_0|| = 1
   Pass :  1   Iteration :   0  ||B r|| = 9.42252e-07
norm(r_0) 0
norm(r_1) 27.13815
norm(r_2) 0
norm(r_3) 0
norm(r_4) 0
Newton iteration  4 : ||r|| = 27.1382, ||r||/||r_0|| = 1
   Pass :  1   Iteration :   0  ||B r|| = 9.42252e-07
norm(r_0) 0
norm(r_1) 27.13815
norm(r_2) 0
norm(r_3) 0
norm(r_4) 0
Newton iteration  5 : ||r|| = 27.1382, ||r||/||r_0|| = 1
   Pass :  1   Iteration :   0  ||B r|| = 9.42252e-07
norm(r_0) 0
norm(r_1) 27.13815
norm(r_2) 0
norm(r_3) 0
norm(r_4) 0
Newton iteration  6 : ||r|| = 27.1382, ||r||/||r_0|| = 1
   Pass :  1   Iteration :   0  ||B r|| = 9.42252e-07
norm(r_0) 0
norm(r_1) 27.13815
norm(r_2) 0
norm(r_3) 0
norm(r_4) 0
Newton iteration  7 : ||r|| = 27.1382, ||r||/||r_0|| = 1
   Pass :  1   Iteration :   0  ||B r|| = 9.42252e-07
norm(r_0) 0
norm(r_1) 27.13815
norm(r_2) 0
norm(r_3) 0
norm(r_4) 0
Newton iteration  8 : ||r|| = 27.1382, ||r||/||r_0|| = 1
   Pass :  1   Iteration :   0  ||B r|| = 9.42252e-07
norm(r_0) 0
norm(r_1) 27.13815
norm(r_2) 0
norm(r_3) 0
norm(r_4) 0
Newton iteration  9 : ||r|| = 27.1382, ||r||/||r_0|| = 1
   Pass :  1   Iteration :   0  ||B r|| = 9.42252e-07
norm(r_0) 0
norm(r_1) 27.13815
norm(r_2) 0
norm(r_3) 0
norm(r_4) 0
Newton iteration 10 : ||r|| = 27.1382, ||r||/||r_0|| = 1
Setting time step: 0.0025 in DGTransportTDO
Setting time step: 0.0025 in CombinedOp
Setting time step: 0.0025 in IonDensityOp
norm(r_0) 0
norm(r_1) 202.37809
norm(r_2) 0
norm(r_3) 0
norm(r_4) 0
Newton iteration  0 : ||r|| = 202.378
   Pass :  1   Iteration :   0  ||B r|| = 2.94651e-05 ...
   Pass :  1   Iteration :   1  ||B r|| = 8.153e-07
norm(r_0) 0
norm(r_1) 35.467592
norm(r_2) 0
norm(r_3) 0
norm(r_4) 0
Newton iteration  1 : ||r|| = 35.4676, ||r||/||r_0|| = 0.175254
   Pass :  1   Iteration :   0  ||B r|| = 8.153e-07
norm(r_0) 0
norm(r_1) 35.467592
norm(r_2) 0
norm(r_3) 0
norm(r_4) 0
Newton iteration  2 : ||r|| = 35.4676, ||r||/||r_0|| = 0.175254
   Pass :  1   Iteration :   0  ||B r|| = 8.153e-07
norm(r_0) 0
norm(r_1) 35.467592
norm(r_2) 0
norm(r_3) 0
norm(r_4) 0
Newton iteration  3 : ||r|| = 35.4676, ||r||/||r_0|| = 0.175254
   Pass :  1   Iteration :   0  ||B r|| = 8.153e-07
norm(r_0) 0
norm(r_1) 35.467592
norm(r_2) 0
norm(r_3) 0
norm(r_4) 0
Newton iteration  4 : ||r|| = 35.4676, ||r||/||r_0|| = 0.175254
   Pass :  1   Iteration :   0  ||B r|| = 8.153e-07
norm(r_0) 0
norm(r_1) 35.467592
norm(r_2) 0
norm(r_3) 0
norm(r_4) 0
Newton iteration  5 : ||r|| = 35.4676, ||r||/||r_0|| = 0.175254
   Pass :  1   Iteration :   0  ||B r|| = 8.153e-07
norm(r_0) 0
norm(r_1) 35.467592
norm(r_2) 0
norm(r_3) 0
norm(r_4) 0
Newton iteration  6 : ||r|| = 35.4676, ||r||/||r_0|| = 0.175254
   Pass :  1   Iteration :   0  ||B r|| = 8.153e-07
norm(r_0) 0
norm(r_1) 35.467592
norm(r_2) 0
norm(r_3) 0
norm(r_4) 0
Newton iteration  7 : ||r|| = 35.4676, ||r||/||r_0|| = 0.175254
   Pass :  1   Iteration :   0  ||B r|| = 8.153e-07
norm(r_0) 0
norm(r_1) 35.467592
norm(r_2) 0
norm(r_3) 0
norm(r_4) 0
Newton iteration  8 : ||r|| = 35.4676, ||r||/||r_0|| = 0.175254
   Pass :  1   Iteration :   0  ||B r|| = 8.153e-07
norm(r_0) 0
norm(r_1) 35.467592
norm(r_2) 0
norm(r_3) 0
norm(r_4) 0
Newton iteration  9 : ||r|| = 35.4676, ||r||/||r_0|| = 0.175254
   Pass :  1   Iteration :   0  ||B r|| = 8.153e-07
norm(r_0) 0
norm(r_1) 35.467592
norm(r_2) 0
norm(r_3) 0
norm(r_4) 0
Newton iteration 10 : ||r|| = 35.4676, ||r||/||r_0|| = 0.175254
Setting time step: 0.005 in DGTransportTDO
Setting time step: 0.005 in CombinedOp
Setting time step: 0.005 in IonDensityOp
norm(r_0) 0
norm(r_1) 35.467592
norm(r_2) 0
norm(r_3) 0
norm(r_4) 0
Newton iteration  0 : ||r|| = 35.4676
   Pass :  1   Iteration :   0  ||B r|| = 4.0765e-07
norm(r_0) 0
norm(r_1) 35.467592
norm(r_2) 0
norm(r_3) 0
norm(r_4) 0
Newton iteration  1 : ||r|| = 35.4676, ||r||/||r_0|| = 1
   Pass :  1   Iteration :   0  ||B r|| = 4.0765e-07
norm(r_0) 0
norm(r_1) 35.467592
norm(r_2) 0
norm(r_3) 0
norm(r_4) 0
Newton iteration  2 : ||r|| = 35.4676, ||r||/||r_0|| = 1
   Pass :  1   Iteration :   0  ||B r|| = 4.0765e-07
norm(r_0) 0
norm(r_1) 35.467592
norm(r_2) 0
norm(r_3) 0
norm(r_4) 0
Newton iteration  3 : ||r|| = 35.4676, ||r||/||r_0|| = 1
   Pass :  1   Iteration :   0  ||B r|| = 4.0765e-07
norm(r_0) 0
norm(r_1) 35.467592
norm(r_2) 0
norm(r_3) 0
norm(r_4) 0
Newton iteration  4 : ||r|| = 35.4676, ||r||/||r_0|| = 1
   Pass :  1   Iteration :   0  ||B r|| = 4.0765e-07
norm(r_0) 0
norm(r_1) 35.467592
norm(r_2) 0
norm(r_3) 0
norm(r_4) 0
Newton iteration  5 : ||r|| = 35.4676, ||r||/||r_0|| = 1
   Pass :  1   Iteration :   0  ||B r|| = 4.0765e-07
norm(r_0) 0
norm(r_1) 35.467592
norm(r_2) 0
norm(r_3) 0
norm(r_4) 0
Newton iteration  6 : ||r|| = 35.4676, ||r||/||r_0|| = 1
   Pass :  1   Iteration :   0  ||B r|| = 4.0765e-07
norm(r_0) 0
norm(r_1) 35.467592
norm(r_2) 0
norm(r_3) 0
norm(r_4) 0
Newton iteration  7 : ||r|| = 35.4676, ||r||/||r_0|| = 1
   Pass :  1   Iteration :   0  ||B r|| = 4.0765e-07
norm(r_0) 0
norm(r_1) 35.467592
norm(r_2) 0
norm(r_3) 0
norm(r_4) 0
Newton iteration  8 : ||r|| = 35.4676, ||r||/||r_0|| = 1
   Pass :  1   Iteration :   0  ||B r|| = 4.0765e-07
norm(r_0) 0
norm(r_1) 35.467592
norm(r_2) 0
norm(r_3) 0
norm(r_4) 0
Newton iteration  9 : ||r|| = 35.4676, ||r||/||r_0|| = 1
   Pass :  1   Iteration :   0  ||B r|| = 4.0765e-07
norm(r_0) 0
norm(r_1) 35.467592
norm(r_2) 0
norm(r_3) 0
norm(r_4) 0
Newton iteration 10 : ||r|| = 35.4676, ||r||/||r_0|| = 1
Setting time step: 0.005 in DGTransportTDO
Setting time step: 0.005 in CombinedOp
Setting time step: 0.005 in IonDensityOp
norm(r_0) 0
norm(r_1) 35.467592
norm(r_2) 0
norm(r_3) 0
norm(r_4) 0
Newton iteration  0 : ||r|| = 35.4676
   Pass :  1   Iteration :   0  ||B r|| = 4.0765e-07
norm(r_0) 0
norm(r_1) 35.467592
norm(r_2) 0
norm(r_3) 0
norm(r_4) 0
Newton iteration  1 : ||r|| = 35.4676, ||r||/||r_0|| = 1
   Pass :  1   Iteration :   0  ||B r|| = 4.0765e-07
norm(r_0) 0
norm(r_1) 35.467592
norm(r_2) 0
norm(r_3) 0
norm(r_4) 0
Newton iteration  2 : ||r|| = 35.4676, ||r||/||r_0|| = 1
   Pass :  1   Iteration :   0  ||B r|| = 4.0765e-07
norm(r_0) 0
norm(r_1) 35.467592
norm(r_2) 0
norm(r_3) 0
norm(r_4) 0
Newton iteration  3 : ||r|| = 35.4676, ||r||/||r_0|| = 1
   Pass :  1   Iteration :   0  ||B r|| = 4.0765e-07
norm(r_0) 0
norm(r_1) 35.467592
norm(r_2) 0
norm(r_3) 0
norm(r_4) 0
Newton iteration  4 : ||r|| = 35.4676, ||r||/||r_0|| = 1
   Pass :  1   Iteration :   0  ||B r|| = 4.0765e-07
norm(r_0) 0
norm(r_1) 35.467592
norm(r_2) 0
norm(r_3) 0
norm(r_4) 0
Newton iteration  5 : ||r|| = 35.4676, ||r||/||r_0|| = 1
   Pass :  1   Iteration :   0  ||B r|| = 4.0765e-07
norm(r_0) 0
norm(r_1) 35.467592
norm(r_2) 0
norm(r_3) 0
norm(r_4) 0
Newton iteration  6 : ||r|| = 35.4676, ||r||/||r_0|| = 1
   Pass :  1   Iteration :   0  ||B r|| = 4.0765e-07
norm(r_0) 0
norm(r_1) 35.467592
norm(r_2) 0
norm(r_3) 0
norm(r_4) 0
Newton iteration  7 : ||r|| = 35.4676, ||r||/||r_0|| = 1
   Pass :  1   Iteration :   0  ||B r|| = 4.0765e-07
norm(r_0) 0
norm(r_1) 35.467592
norm(r_2) 0
norm(r_3) 0
norm(r_4) 0
Newton iteration  8 : ||r|| = 35.4676, ||r||/||r_0|| = 1
   Pass :  1   Iteration :   0  ||B r|| = 4.0765e-07
norm(r_0) 0
norm(r_1) 35.467592
norm(r_2) 0
norm(r_3) 0
norm(r_4) 0
Newton iteration  9 : ||r|| = 35.4676, ||r||/||r_0|| = 1
   Pass :  1   Iteration :   0  ||B r|| = 4.0765e-07
norm(r_0) 0
norm(r_1) 35.467592
norm(r_2) 0
norm(r_3) 0
norm(r_4) 0
Newton iteration 10 : ||r|| = 35.4676, ||r||/||r_0|| = 1
Setting time step: 0.005 in DGTransportTDO
Setting time step: 0.005 in CombinedOp
Setting time step: 0.005 in IonDensityOp
norm(r_0) 0
norm(r_1) 35.467592
norm(r_2) 0
norm(r_3) 0
norm(r_4) 0
Newton iteration  0 : ||r|| = 35.4676
   Pass :  1   Iteration :   0  ||B r|| = 4.0765e-07
norm(r_0) 0
norm(r_1) 35.467592
norm(r_2) 0
norm(r_3) 0
norm(r_4) 0
Newton iteration  1 : ||r|| = 35.4676, ||r||/||r_0|| = 1
   Pass :  1   Iteration :   0  ||B r|| = 4.0765e-07
norm(r_0) 0
norm(r_1) 35.467592
norm(r_2) 0
norm(r_3) 0
norm(r_4) 0
Newton iteration  2 : ||r|| = 35.4676, ||r||/||r_0|| = 1
   Pass :  1   Iteration :   0  ||B r|| = 4.0765e-07
norm(r_0) 0
norm(r_1) 35.467592
norm(r_2) 0
norm(r_3) 0
norm(r_4) 0
Newton iteration  3 : ||r|| = 35.4676, ||r||/||r_0|| = 1
   Pass :  1   Iteration :   0  ||B r|| = 4.0765e-07
norm(r_0) 0
norm(r_1) 35.467592
norm(r_2) 0
norm(r_3) 0
norm(r_4) 0
Newton iteration  4 : ||r|| = 35.4676, ||r||/||r_0|| = 1
   Pass :  1   Iteration :   0  ||B r|| = 4.0765e-07
norm(r_0) 0
norm(r_1) 35.467592
norm(r_2) 0
norm(r_3) 0
norm(r_4) 0
Newton iteration  5 : ||r|| = 35.4676, ||r||/||r_0|| = 1
   Pass :  1   Iteration :   0  ||B r|| = 4.0765e-07
norm(r_0) 0
norm(r_1) 35.467592
norm(r_2) 0
norm(r_3) 0
norm(r_4) 0
Newton iteration  6 : ||r|| = 35.4676, ||r||/||r_0|| = 1
   Pass :  1   Iteration :   0  ||B r|| = 4.0765e-07
norm(r_0) 0
norm(r_1) 35.467592
norm(r_2) 0
norm(r_3) 0
norm(r_4) 0
Newton iteration  7 : ||r|| = 35.4676, ||r||/||r_0|| = 1
   Pass :  1   Iteration :   0  ||B r|| = 4.0765e-07
norm(r_0) 0
norm(r_1) 35.467592
norm(r_2) 0
norm(r_3) 0
norm(r_4) 0
Newton iteration  8 : ||r|| = 35.4676, ||r||/||r_0|| = 1
   Pass :  1   Iteration :   0  ||B r|| = 4.0765e-07
norm(r_0) 0
norm(r_1) 35.467592
norm(r_2) 0
norm(r_3) 0
norm(r_4) 0
Newton iteration  9 : ||r|| = 35.4676, ||r||/||r_0|| = 1
   Pass :  1   Iteration :   0  ||B r|| = 4.0765e-07
norm(r_0) 0
norm(r_1) 35.467592
norm(r_2) 0
norm(r_3) 0
norm(r_4) 0
Newton iteration 10 : ||r|| = 35.4676, ||r||/||r_0|| = 1
Setting time step: 0.005 in DGTransportTDO
Setting time step: 0.005 in CombinedOp
Setting time step: 0.005 in IonDensityOp
norm(r_0) 0
norm(r_1) 35.467592
norm(r_2) 0
norm(r_3) 0
norm(r_4) 0
Newton iteration  0 : ||r|| = 35.4676
   Pass :  1   Iteration :   0  ||B r|| = 4.0765e-07
norm(r_0) 0
norm(r_1) 35.467592
norm(r_2) 0
norm(r_3) 0
norm(r_4) 0
Newton iteration  1 : ||r|| = 35.4676, ||r||/||r_0|| = 1
   Pass :  1   Iteration :   0  ||B r|| = 4.0765e-07
norm(r_0) 0
norm(r_1) 35.467592
norm(r_2) 0
norm(r_3) 0
norm(r_4) 0
Newton iteration  2 : ||r|| = 35.4676, ||r||/||r_0|| = 1
   Pass :  1   Iteration :   0  ||B r|| = 4.0765e-07
norm(r_0) 0
norm(r_1) 35.467592
norm(r_2) 0
norm(r_3) 0
norm(r_4) 0
Newton iteration  3 : ||r|| = 35.4676, ||r||/||r_0|| = 1
   Pass :  1   Iteration :   0  ||B r|| = 4.0765e-07
norm(r_0) 0
norm(r_1) 35.467592
norm(r_2) 0
norm(r_3) 0
norm(r_4) 0
Newton iteration  4 : ||r|| = 35.4676, ||r||/||r_0|| = 1
   Pass :  1   Iteration :   0  ||B r|| = 4.0765e-07
norm(r_0) 0
norm(r_1) 35.467592
norm(r_2) 0
norm(r_3) 0
norm(r_4) 0
Newton iteration  5 : ||r|| = 35.4676, ||r||/||r_0|| = 1
   Pass :  1   Iteration :   0  ||B r|| = 4.0765e-07
norm(r_0) 0
norm(r_1) 35.467592
norm(r_2) 0
norm(r_3) 0
norm(r_4) 0
Newton iteration  6 : ||r|| = 35.4676, ||r||/||r_0|| = 1
   Pass :  1   Iteration :   0  ||B r|| = 4.0765e-07
norm(r_0) 0
norm(r_1) 35.467592
norm(r_2) 0
norm(r_3) 0
norm(r_4) 0
Newton iteration  7 : ||r|| = 35.4676, ||r||/||r_0|| = 1
   Pass :  1   Iteration :   0  ||B r|| = 4.0765e-07
norm(r_0) 0
norm(r_1) 35.467592
norm(r_2) 0
norm(r_3) 0
norm(r_4) 0
Newton iteration  8 : ||r|| = 35.4676, ||r||/||r_0|| = 1
   Pass :  1   Iteration :   0  ||B r|| = 4.0765e-07
norm(r_0) 0
norm(r_1) 35.467592
norm(r_2) 0
norm(r_3) 0
norm(r_4) 0
Newton iteration  9 : ||r|| = 35.4676, ||r||/||r_0|| = 1
   Pass :  1   Iteration :   0  ||B r|| = 4.0765e-07
norm(r_0) 0
norm(r_1) 35.467592
norm(r_2) 0
norm(r_3) 0
norm(r_4) 0
Newton iteration 10 : ||r|| = 35.4676, ||r||/||r_0|| = 1
Setting time step: 0.005 in DGTransportTDO
Setting time step: 0.005 in CombinedOp
Setting time step: 0.005 in IonDensityOp
norm(r_0) 0
norm(r_1) 35.467592
norm(r_2) 0
norm(r_3) 0
norm(r_4) 0
Newton iteration  0 : ||r|| = 35.4676
   Pass :  1   Iteration :   0  ||B r|| = 4.0765e-07
norm(r_0) 0
norm(r_1) 35.467592
norm(r_2) 0
norm(r_3) 0
norm(r_4) 0
Newton iteration  1 : ||r|| = 35.4676, ||r||/||r_0|| = 1
   Pass :  1   Iteration :   0  ||B r|| = 4.0765e-07
norm(r_0) 0
norm(r_1) 35.467592
norm(r_2) 0
norm(r_3) 0
norm(r_4) 0
Newton iteration  2 : ||r|| = 35.4676, ||r||/||r_0|| = 1
   Pass :  1   Iteration :   0  ||B r|| = 4.0765e-07
norm(r_0) 0
norm(r_1) 35.467592
norm(r_2) 0
norm(r_3) 0
norm(r_4) 0
Newton iteration  3 : ||r|| = 35.4676, ||r||/||r_0|| = 1
   Pass :  1   Iteration :   0  ||B r|| = 4.0765e-07
norm(r_0) 0
norm(r_1) 35.467592
norm(r_2) 0
norm(r_3) 0
norm(r_4) 0
Newton iteration  4 : ||r|| = 35.4676, ||r||/||r_0|| = 1
   Pass :  1   Iteration :   0  ||B r|| = 4.0765e-07
norm(r_0) 0
norm(r_1) 35.467592
norm(r_2) 0
norm(r_3) 0
norm(r_4) 0
Newton iteration  5 : ||r|| = 35.4676, ||r||/||r_0|| = 1
   Pass :  1   Iteration :   0  ||B r|| = 4.0765e-07
norm(r_0) 0
norm(r_1) 35.467592
norm(r_2) 0
norm(r_3) 0
norm(r_4) 0
Newton iteration  6 : ||r|| = 35.4676, ||r||/||r_0|| = 1
   Pass :  1   Iteration :   0  ||B r|| = 4.0765e-07
norm(r_0) 0
norm(r_1) 35.467592
norm(r_2) 0
norm(r_3) 0
norm(r_4) 0
Newton iteration  7 : ||r|| = 35.4676, ||r||/||r_0|| = 1
   Pass :  1   Iteration :   0  ||B r|| = 4.0765e-07
norm(r_0) 0
norm(r_1) 35.467592
norm(r_2) 0
norm(r_3) 0
norm(r_4) 0
Newton iteration  8 : ||r|| = 35.4676, ||r||/||r_0|| = 1
   Pass :  1   Iteration :   0  ||B r|| = 4.0765e-07
norm(r_0) 0
norm(r_1) 35.467592
norm(r_2) 0
norm(r_3) 0
norm(r_4) 0
Newton iteration  9 : ||r|| = 35.4676, ||r||/||r_0|| = 1
   Pass :  1   Iteration :   0  ||B r|| = 4.0765e-07
norm(r_0) 0
norm(r_1) 35.467592
norm(r_2) 0
norm(r_3) 0
norm(r_4) 0
Newton iteration 10 : ||r|| = 35.4676, ||r||/||r_0|| = 1
Setting time step: 0.005 in DGTransportTDO
Setting time step: 0.005 in CombinedOp
Setting time step: 0.005 in IonDensityOp
norm(r_0) 0
norm(r_1) 35.467592
norm(r_2) 0
norm(r_3) 0
norm(r_4) 0
Newton iteration  0 : ||r|| = 35.4676
   Pass :  1   Iteration :   0  ||B r|| = 4.0765e-07
norm(r_0) 0
norm(r_1) 35.467592
norm(r_2) 0
norm(r_3) 0
norm(r_4) 0
Newton iteration  1 : ||r|| = 35.4676, ||r||/||r_0|| = 1
   Pass :  1   Iteration :   0  ||B r|| = 4.0765e-07
norm(r_0) 0
norm(r_1) 35.467592
norm(r_2) 0
norm(r_3) 0
norm(r_4) 0
Newton iteration  2 : ||r|| = 35.4676, ||r||/||r_0|| = 1
   Pass :  1   Iteration :   0  ||B r|| = 4.0765e-07
norm(r_0) 0
norm(r_1) 35.467592
norm(r_2) 0
norm(r_3) 0
norm(r_4) 0
Newton iteration  3 : ||r|| = 35.4676, ||r||/||r_0|| = 1
   Pass :  1   Iteration :   0  ||B r|| = 4.0765e-07
norm(r_0) 0
norm(r_1) 35.467592
norm(r_2) 0
norm(r_3) 0
norm(r_4) 0
Newton iteration  4 : ||r|| = 35.4676, ||r||/||r_0|| = 1
   Pass :  1   Iteration :   0  ||B r|| = 4.0765e-07
norm(r_0) 0
norm(r_1) 35.467592
norm(r_2) 0
norm(r_3) 0
norm(r_4) 0
Newton iteration  5 : ||r|| = 35.4676, ||r||/||r_0|| = 1
   Pass :  1   Iteration :   0  ||B r|| = 4.0765e-07
norm(r_0) 0
norm(r_1) 35.467592
norm(r_2) 0
norm(r_3) 0
norm(r_4) 0
Newton iteration  6 : ||r|| = 35.4676, ||r||/||r_0|| = 1
   Pass :  1   Iteration :   0  ||B r|| = 4.0765e-07
norm(r_0) 0
norm(r_1) 35.467592
norm(r_2) 0
norm(r_3) 0
norm(r_4) 0
Newton iteration  7 : ||r|| = 35.4676, ||r||/||r_0|| = 1
   Pass :  1   Iteration :   0  ||B r|| = 4.0765e-07
norm(r_0) 0
norm(r_1) 35.467592
norm(r_2) 0
norm(r_3) 0
norm(r_4) 0
Newton iteration  8 : ||r|| = 35.4676, ||r||/||r_0|| = 1
   Pass :  1   Iteration :   0  ||B r|| = 4.0765e-07
norm(r_0) 0
norm(r_1) 35.467592
norm(r_2) 0
norm(r_3) 0
norm(r_4) 0
Newton iteration  9 : ||r|| = 35.4676, ||r||/||r_0|| = 1
   Pass :  1   Iteration :   0  ||B r|| = 4.0765e-07
norm(r_0) 0
norm(r_1) 35.467592
norm(r_2) 0
norm(r_3) 0
norm(r_4) 0
Newton iteration 10 : ||r|| = 35.4676, ||r||/||r_0|| = 1
Setting time step: 0.005 in DGTransportTDO
Setting time step: 0.005 in CombinedOp
Setting time step: 0.005 in IonDensityOp
norm(r_0) 0
norm(r_1) 35.467592
norm(r_2) 0
norm(r_3) 0
norm(r_4) 0
Newton iteration  0 : ||r|| = 35.4676
   Pass :  1   Iteration :   0  ||B r|| = 4.0765e-07
norm(r_0) 0
norm(r_1) 35.467592
norm(r_2) 0
norm(r_3) 0
norm(r_4) 0
Newton iteration  1 : ||r|| = 35.4676, ||r||/||r_0|| = 1
   Pass :  1   Iteration :   0  ||B r|| = 4.0765e-07
norm(r_0) 0
norm(r_1) 35.467592
norm(r_2) 0
norm(r_3) 0
norm(r_4) 0
Newton iteration  2 : ||r|| = 35.4676, ||r||/||r_0|| = 1
   Pass :  1   Iteration :   0  ||B r|| = 4.0765e-07
norm(r_0) 0
norm(r_1) 35.467592
norm(r_2) 0
norm(r_3) 0
norm(r_4) 0
Newton iteration  3 : ||r|| = 35.4676, ||r||/||r_0|| = 1
   Pass :  1   Iteration :   0  ||B r|| = 4.0765e-07
norm(r_0) 0
norm(r_1) 35.467592
norm(r_2) 0
norm(r_3) 0
norm(r_4) 0
Newton iteration  4 : ||r|| = 35.4676, ||r||/||r_0|| = 1
   Pass :  1   Iteration :   0  ||B r|| = 4.0765e-07
norm(r_0) 0
norm(r_1) 35.467592
norm(r_2) 0
norm(r_3) 0
norm(r_4) 0
Newton iteration  5 : ||r|| = 35.4676, ||r||/||r_0|| = 1
   Pass :  1   Iteration :   0  ||B r|| = 4.0765e-07
norm(r_0) 0
norm(r_1) 35.467592
norm(r_2) 0
norm(r_3) 0
norm(r_4) 0
Newton iteration  6 : ||r|| = 35.4676, ||r||/||r_0|| = 1
   Pass :  1   Iteration :   0  ||B r|| = 4.0765e-07
norm(r_0) 0
norm(r_1) 35.467592
norm(r_2) 0
norm(r_3) 0
norm(r_4) 0
Newton iteration  7 : ||r|| = 35.4676, ||r||/||r_0|| = 1
   Pass :  1   Iteration :   0  ||B r|| = 4.0765e-07
norm(r_0) 0
norm(r_1) 35.467592
norm(r_2) 0
norm(r_3) 0
norm(r_4) 0
Newton iteration  8 : ||r|| = 35.4676, ||r||/||r_0|| = 1
   Pass :  1   Iteration :   0  ||B r|| = 4.0765e-07
norm(r_0) 0
norm(r_1) 35.467592
norm(r_2) 0
norm(r_3) 0
norm(r_4) 0
Newton iteration  9 : ||r|| = 35.4676, ||r||/||r_0|| = 1
   Pass :  1   Iteration :   0  ||B r|| = 4.0765e-07
norm(r_0) 0
norm(r_1) 35.467592
norm(r_2) 0
norm(r_3) 0
norm(r_4) 0
Newton iteration 10 : ||r|| = 35.4676, ||r||/||r_0|| = 1
Setting time step: 0.005 in DGTransportTDO
Setting time step: 0.005 in CombinedOp
Setting time step: 0.005 in IonDensityOp
norm(r_0) 0
norm(r_1) 35.467592
norm(r_2) 0
norm(r_3) 0
norm(r_4) 0
Newton iteration  0 : ||r|| = 35.4676
   Pass :  1   Iteration :   0  ||B r|| = 4.0765e-07
norm(r_0) 0
norm(r_1) 35.467592
norm(r_2) 0
norm(r_3) 0
norm(r_4) 0
Newton iteration  1 : ||r|| = 35.4676, ||r||/||r_0|| = 1
   Pass :  1   Iteration :   0  ||B r|| = 4.0765e-07
norm(r_0) 0
norm(r_1) 35.467592
norm(r_2) 0
norm(r_3) 0
norm(r_4) 0
Newton iteration  2 : ||r|| = 35.4676, ||r||/||r_0|| = 1
   Pass :  1   Iteration :   0  ||B r|| = 4.0765e-07
norm(r_0) 0
norm(r_1) 35.467592
norm(r_2) 0
norm(r_3) 0
norm(r_4) 0
Newton iteration  3 : ||r|| = 35.4676, ||r||/||r_0|| = 1
   Pass :  1   Iteration :   0  ||B r|| = 4.0765e-07
norm(r_0) 0
norm(r_1) 35.467592
norm(r_2) 0
norm(r_3) 0
norm(r_4) 0
Newton iteration  4 : ||r|| = 35.4676, ||r||/||r_0|| = 1
   Pass :  1   Iteration :   0  ||B r|| = 4.0765e-07
norm(r_0) 0
norm(r_1) 35.467592
norm(r_2) 0
norm(r_3) 0
norm(r_4) 0
Newton iteration  5 : ||r|| = 35.4676, ||r||/||r_0|| = 1
   Pass :  1   Iteration :   0  ||B r|| = 4.0765e-07
norm(r_0) 0
norm(r_1) 35.467592
norm(r_2) 0
norm(r_3) 0
norm(r_4) 0
Newton iteration  6 : ||r|| = 35.4676, ||r||/||r_0|| = 1
   Pass :  1   Iteration :   0  ||B r|| = 4.0765e-07
norm(r_0) 0
norm(r_1) 35.467592
norm(r_2) 0
norm(r_3) 0
norm(r_4) 0
Newton iteration  7 : ||r|| = 35.4676, ||r||/||r_0|| = 1
   Pass :  1   Iteration :   0  ||B r|| = 4.0765e-07
norm(r_0) 0
norm(r_1) 35.467592
norm(r_2) 0
norm(r_3) 0
norm(r_4) 0
Newton iteration  8 : ||r|| = 35.4676, ||r||/||r_0|| = 1
   Pass :  1   Iteration :   0  ||B r|| = 4.0765e-07
norm(r_0) 0
norm(r_1) 35.467592
norm(r_2) 0
norm(r_3) 0
norm(r_4) 0
Newton iteration  9 : ||r|| = 35.4676, ||r||/||r_0|| = 1
   Pass :  1   Iteration :   0  ||B r|| = 4.0765e-07
norm(r_0) 0
norm(r_1) 35.467592
norm(r_2) 0
norm(r_3) 0
norm(r_4) 0
Newton iteration 10 : ||r|| = 35.4676, ||r||/||r_0|| = 1
Setting time step: 0.005 in DGTransportTDO
Setting time step: 0.005 in CombinedOp
Setting time step: 0.005 in IonDensityOp
norm(r_0) 0
norm(r_1) 35.467592
norm(r_2) 0
norm(r_3) 0
norm(r_4) 0
Newton iteration  0 : ||r|| = 35.4676
   Pass :  1   Iteration :   0  ||B r|| = 4.0765e-07
norm(r_0) 0
norm(r_1) 35.467592
norm(r_2) 0
norm(r_3) 0
norm(r_4) 0
Newton iteration  1 : ||r|| = 35.4676, ||r||/||r_0|| = 1
   Pass :  1   Iteration :   0  ||B r|| = 4.0765e-07
norm(r_0) 0
norm(r_1) 35.467592
norm(r_2) 0
norm(r_3) 0
norm(r_4) 0
Newton iteration  2 : ||r|| = 35.4676, ||r||/||r_0|| = 1
   Pass :  1   Iteration :   0  ||B r|| = 4.0765e-07
norm(r_0) 0
norm(r_1) 35.467592
norm(r_2) 0
norm(r_3) 0
norm(r_4) 0
Newton iteration  3 : ||r|| = 35.4676, ||r||/||r_0|| = 1
   Pass :  1   Iteration :   0  ||B r|| = 4.0765e-07
norm(r_0) 0
norm(r_1) 35.467592
norm(r_2) 0
norm(r_3) 0
norm(r_4) 0
Newton iteration  4 : ||r|| = 35.4676, ||r||/||r_0|| = 1
   Pass :  1   Iteration :   0  ||B r|| = 4.0765e-07
norm(r_0) 0
norm(r_1) 35.467592
norm(r_2) 0
norm(r_3) 0
norm(r_4) 0
Newton iteration  5 : ||r|| = 35.4676, ||r||/||r_0|| = 1
   Pass :  1   Iteration :   0  ||B r|| = 4.0765e-07
norm(r_0) 0
norm(r_1) 35.467592
norm(r_2) 0
norm(r_3) 0
norm(r_4) 0
Newton iteration  6 : ||r|| = 35.4676, ||r||/||r_0|| = 1
   Pass :  1   Iteration :   0  ||B r|| = 4.0765e-07
norm(r_0) 0
norm(r_1) 35.467592
norm(r_2) 0
norm(r_3) 0
norm(r_4) 0
Newton iteration  7 : ||r|| = 35.4676, ||r||/||r_0|| = 1
   Pass :  1   Iteration :   0  ||B r|| = 4.0765e-07
norm(r_0) 0
norm(r_1) 35.467592
norm(r_2) 0
norm(r_3) 0
norm(r_4) 0
Newton iteration  8 : ||r|| = 35.4676, ||r||/||r_0|| = 1
   Pass :  1   Iteration :   0  ||B r|| = 4.0765e-07
norm(r_0) 0
norm(r_1) 35.467592
norm(r_2) 0
norm(r_3) 0
norm(r_4) 0
Newton iteration  9 : ||r|| = 35.4676, ||r||/||r_0|| = 1
   Pass :  1   Iteration :   0  ||B r|| = 4.0765e-07
norm(r_0) 0
norm(r_1) 35.467592
norm(r_2) 0
norm(r_3) 0
norm(r_4) 0
Newton iteration 10 : ||r|| = 35.4676, ||r||/||r_0|| = 1
Setting time step: 0.005 in DGTransportTDO
Setting time step: 0.005 in CombinedOp
Setting time step: 0.005 in IonDensityOp
norm(r_0) 0
norm(r_1) 35.467592
norm(r_2) 0
norm(r_3) 0
norm(r_4) 0
Newton iteration  0 : ||r|| = 35.4676
   Pass :  1   Iteration :   0  ||B r|| = 4.0765e-07
norm(r_0) 0
norm(r_1) 35.467592
norm(r_2) 0
norm(r_3) 0
norm(r_4) 0
Newton iteration  1 : ||r|| = 35.4676, ||r||/||r_0|| = 1
   Pass :  1   Iteration :   0  ||B r|| = 4.0765e-07
norm(r_0) 0
norm(r_1) 35.467592
norm(r_2) 0
norm(r_3) 0
norm(r_4) 0
Newton iteration  2 : ||r|| = 35.4676, ||r||/||r_0|| = 1
   Pass :  1   Iteration :   0  ||B r|| = 4.0765e-07
norm(r_0) 0
norm(r_1) 35.467592
norm(r_2) 0
norm(r_3) 0
norm(r_4) 0
Newton iteration  3 : ||r|| = 35.4676, ||r||/||r_0|| = 1
   Pass :  1   Iteration :   0  ||B r|| = 4.0765e-07
norm(r_0) 0
norm(r_1) 35.467592
norm(r_2) 0
norm(r_3) 0
norm(r_4) 0
Newton iteration  4 : ||r|| = 35.4676, ||r||/||r_0|| = 1
   Pass :  1   Iteration :   0  ||B r|| = 4.0765e-07
norm(r_0) 0
norm(r_1) 35.467592
norm(r_2) 0
norm(r_3) 0
norm(r_4) 0
Newton iteration  5 : ||r|| = 35.4676, ||r||/||r_0|| = 1
   Pass :  1   Iteration :   0  ||B r|| = 4.0765e-07
norm(r_0) 0
norm(r_1) 35.467592
norm(r_2) 0
norm(r_3) 0
norm(r_4) 0
Newton iteration  6 : ||r|| = 35.4676, ||r||/||r_0|| = 1
   Pass :  1   Iteration :   0  ||B r|| = 4.0765e-07
norm(r_0) 0
norm(r_1) 35.467592
norm(r_2) 0
norm(r_3) 0
norm(r_4) 0
Newton iteration  7 : ||r|| = 35.4676, ||r||/||r_0|| = 1
   Pass :  1   Iteration :   0  ||B r|| = 4.0765e-07
norm(r_0) 0
norm(r_1) 35.467592
norm(r_2) 0
norm(r_3) 0
norm(r_4) 0
Newton iteration  8 : ||r|| = 35.4676, ||r||/||r_0|| = 1
   Pass :  1   Iteration :   0  ||B r|| = 4.0765e-07
norm(r_0) 0
norm(r_1) 35.467592
norm(r_2) 0
norm(r_3) 0
norm(r_4) 0
Newton iteration  9 : ||r|| = 35.4676, ||r||/||r_0|| = 1
   Pass :  1   Iteration :   0  ||B r|| = 4.0765e-07
norm(r_0) 0
norm(r_1) 35.467592
norm(r_2) 0
norm(r_3) 0
norm(r_4) 0
Newton iteration 10 : ||r|| = 35.4676, ||r||/||r_0|| = 1
Setting time step: 0.005 in DGTransportTDO
Setting time step: 0.005 in CombinedOp
Setting time step: 0.005 in IonDensityOp
norm(r_0) 0
norm(r_1) 35.467592
norm(r_2) 0
norm(r_3) 0
norm(r_4) 0
Newton iteration  0 : ||r|| = 35.4676
   Pass :  1   Iteration :   0  ||B r|| = 4.0765e-07
norm(r_0) 0
norm(r_1) 35.467592
norm(r_2) 0
norm(r_3) 0
norm(r_4) 0
Newton iteration  1 : ||r|| = 35.4676, ||r||/||r_0|| = 1
   Pass :  1   Iteration :   0  ||B r|| = 4.0765e-07
norm(r_0) 0
norm(r_1) 35.467592
norm(r_2) 0
norm(r_3) 0
norm(r_4) 0
Newton iteration  2 : ||r|| = 35.4676, ||r||/||r_0|| = 1
   Pass :  1   Iteration :   0  ||B r|| = 4.0765e-07
norm(r_0) 0
norm(r_1) 35.467592
norm(r_2) 0
norm(r_3) 0
norm(r_4) 0
Newton iteration  3 : ||r|| = 35.4676, ||r||/||r_0|| = 1
   Pass :  1   Iteration :   0  ||B r|| = 4.0765e-07
norm(r_0) 0
norm(r_1) 35.467592
norm(r_2) 0
norm(r_3) 0
norm(r_4) 0
Newton iteration  4 : ||r|| = 35.4676, ||r||/||r_0|| = 1
   Pass :  1   Iteration :   0  ||B r|| = 4.0765e-07
norm(r_0) 0
norm(r_1) 35.467592
norm(r_2) 0
norm(r_3) 0
norm(r_4) 0
Newton iteration  5 : ||r|| = 35.4676, ||r||/||r_0|| = 1
   Pass :  1   Iteration :   0  ||B r|| = 4.0765e-07
norm(r_0) 0
norm(r_1) 35.467592
norm(r_2) 0
norm(r_3) 0
norm(r_4) 0
Newton iteration  6 : ||r|| = 35.4676, ||r||/||r_0|| = 1
   Pass :  1   Iteration :   0  ||B r|| = 4.0765e-07
norm(r_0) 0
norm(r_1) 35.467592
norm(r_2) 0
norm(r_3) 0
norm(r_4) 0
Newton iteration  7 : ||r|| = 35.4676, ||r||/||r_0|| = 1
   Pass :  1   Iteration :   0  ||B r|| = 4.0765e-07
norm(r_0) 0
norm(r_1) 35.467592
norm(r_2) 0
norm(r_3) 0
norm(r_4) 0
Newton iteration  8 : ||r|| = 35.4676, ||r||/||r_0|| = 1
   Pass :  1   Iteration :   0  ||B r|| = 4.0765e-07
norm(r_0) 0
norm(r_1) 35.467592
norm(r_2) 0
norm(r_3) 0
norm(r_4) 0
Newton iteration  9 : ||r|| = 35.4676, ||r||/||r_0|| = 1
   Pass :  1   Iteration :   0  ||B r|| = 4.0765e-07
norm(r_0) 0
norm(r_1) 35.467592
norm(r_2) 0
norm(r_3) 0
norm(r_4) 0
Newton iteration 10 : ||r|| = 35.4676, ||r||/||r_0|| = 1
Setting time step: 0.005 in DGTransportTDO
Setting time step: 0.005 in CombinedOp
Setting time step: 0.005 in IonDensityOp
norm(r_0) 0
norm(r_1) 35.467592
norm(r_2) 0
norm(r_3) 0
norm(r_4) 0
Newton iteration  0 : ||r|| = 35.4676
   Pass :  1   Iteration :   0  ||B r|| = 4.0765e-07
norm(r_0) 0
norm(r_1) 35.467592
norm(r_2) 0
norm(r_3) 0
norm(r_4) 0
Newton iteration  1 : ||r|| = 35.4676, ||r||/||r_0|| = 1
   Pass :  1   Iteration :   0  ||B r|| = 4.0765e-07
norm(r_0) 0
norm(r_1) 35.467592
norm(r_2) 0
norm(r_3) 0
norm(r_4) 0
Newton iteration  2 : ||r|| = 35.4676, ||r||/||r_0|| = 1
   Pass :  1   Iteration :   0  ||B r|| = 4.0765e-07
norm(r_0) 0
norm(r_1) 35.467592
norm(r_2) 0
norm(r_3) 0
norm(r_4) 0
Newton iteration  3 : ||r|| = 35.4676, ||r||/||r_0|| = 1
   Pass :  1   Iteration :   0  ||B r|| = 4.0765e-07
norm(r_0) 0
norm(r_1) 35.467592
norm(r_2) 0
norm(r_3) 0
norm(r_4) 0
Newton iteration  4 : ||r|| = 35.4676, ||r||/||r_0|| = 1
   Pass :  1   Iteration :   0  ||B r|| = 4.0765e-07
norm(r_0) 0
norm(r_1) 35.467592
norm(r_2) 0
norm(r_3) 0
norm(r_4) 0
Newton iteration  5 : ||r|| = 35.4676, ||r||/||r_0|| = 1
   Pass :  1   Iteration :   0  ||B r|| = 4.0765e-07
norm(r_0) 0
norm(r_1) 35.467592
norm(r_2) 0
norm(r_3) 0
norm(r_4) 0
Newton iteration  6 : ||r|| = 35.4676, ||r||/||r_0|| = 1
   Pass :  1   Iteration :   0  ||B r|| = 4.0765e-07
norm(r_0) 0
norm(r_1) 35.467592
norm(r_2) 0
norm(r_3) 0
norm(r_4) 0
Newton iteration  7 : ||r|| = 35.4676, ||r||/||r_0|| = 1
   Pass :  1   Iteration :   0  ||B r|| = 4.0765e-07
norm(r_0) 0
norm(r_1) 35.467592
norm(r_2) 0
norm(r_3) 0
norm(r_4) 0
Newton iteration  8 : ||r|| = 35.4676, ||r||/||r_0|| = 1
   Pass :  1   Iteration :   0  ||B r|| = 4.0765e-07
norm(r_0) 0
norm(r_1) 35.467592
norm(r_2) 0
norm(r_3) 0
norm(r_4) 0
Newton iteration  9 : ||r|| = 35.4676, ||r||/||r_0|| = 1
   Pass :  1   Iteration :   0  ||B r|| = 4.0765e-07
norm(r_0) 0
norm(r_1) 35.467592
norm(r_2) 0
norm(r_3) 0
norm(r_4) 0
Newton iteration 10 : ||r|| = 35.4676, ||r||/||r_0|| = 1
Setting time step: 0.005 in DGTransportTDO
Setting time step: 0.005 in CombinedOp
Setting time step: 0.005 in IonDensityOp
norm(r_0) 0
norm(r_1) 35.467592
norm(r_2) 0
norm(r_3) 0
norm(r_4) 0
Newton iteration  0 : ||r|| = 35.4676
   Pass :  1   Iteration :   0  ||B r|| = 4.0765e-07
norm(r_0) 0
norm(r_1) 35.467592
norm(r_2) 0
norm(r_3) 0
norm(r_4) 0
Newton iteration  1 : ||r|| = 35.4676, ||r||/||r_0|| = 1
   Pass :  1   Iteration :   0  ||B r|| = 4.0765e-07
norm(r_0) 0
norm(r_1) 35.467592
norm(r_2) 0
norm(r_3) 0
norm(r_4) 0
Newton iteration  2 : ||r|| = 35.4676, ||r||/||r_0|| = 1
   Pass :  1   Iteration :   0  ||B r|| = 4.0765e-07
norm(r_0) 0
norm(r_1) 35.467592
norm(r_2) 0
norm(r_3) 0
norm(r_4) 0
Newton iteration  3 : ||r|| = 35.4676, ||r||/||r_0|| = 1
   Pass :  1   Iteration :   0  ||B r|| = 4.0765e-07
norm(r_0) 0
norm(r_1) 35.467592
norm(r_2) 0
norm(r_3) 0
norm(r_4) 0
Newton iteration  4 : ||r|| = 35.4676, ||r||/||r_0|| = 1
   Pass :  1   Iteration :   0  ||B r|| = 4.0765e-07
norm(r_0) 0
norm(r_1) 35.467592
norm(r_2) 0
norm(r_3) 0
norm(r_4) 0
Newton iteration  5 : ||r|| = 35.4676, ||r||/||r_0|| = 1
   Pass :  1   Iteration :   0  ||B r|| = 4.0765e-07
norm(r_0) 0
norm(r_1) 35.467592
norm(r_2) 0
norm(r_3) 0
norm(r_4) 0
Newton iteration  6 : ||r|| = 35.4676, ||r||/||r_0|| = 1
   Pass :  1   Iteration :   0  ||B r|| = 4.0765e-07
norm(r_0) 0
norm(r_1) 35.467592
norm(r_2) 0
norm(r_3) 0
norm(r_4) 0
Newton iteration  7 : ||r|| = 35.4676, ||r||/||r_0|| = 1
   Pass :  1   Iteration :   0  ||B r|| = 4.0765e-07
norm(r_0) 0
norm(r_1) 35.467592
norm(r_2) 0
norm(r_3) 0
norm(r_4) 0
Newton iteration  8 : ||r|| = 35.4676, ||r||/||r_0|| = 1
   Pass :  1   Iteration :   0  ||B r|| = 4.0765e-07
norm(r_0) 0
norm(r_1) 35.467592
norm(r_2) 0
norm(r_3) 0
norm(r_4) 0
Newton iteration  9 : ||r|| = 35.4676, ||r||/||r_0|| = 1
   Pass :  1   Iteration :   0  ||B r|| = 4.0765e-07
norm(r_0) 0
norm(r_1) 35.467592
norm(r_2) 0
norm(r_3) 0
norm(r_4) 0
Newton iteration 10 : ||r|| = 35.4676, ||r||/||r_0|| = 1
Setting time step: 0.005 in DGTransportTDO
Setting time step: 0.005 in CombinedOp
Setting time step: 0.005 in IonDensityOp
norm(r_0) 0
norm(r_1) 35.467592
norm(r_2) 0
norm(r_3) 0
norm(r_4) 0
Newton iteration  0 : ||r|| = 35.4676
   Pass :  1   Iteration :   0  ||B r|| = 4.0765e-07
norm(r_0) 0
norm(r_1) 35.467592
norm(r_2) 0
norm(r_3) 0
norm(r_4) 0
Newton iteration  1 : ||r|| = 35.4676, ||r||/||r_0|| = 1
   Pass :  1   Iteration :   0  ||B r|| = 4.0765e-07
norm(r_0) 0
norm(r_1) 35.467592
norm(r_2) 0
norm(r_3) 0
norm(r_4) 0
Newton iteration  2 : ||r|| = 35.4676, ||r||/||r_0|| = 1
   Pass :  1   Iteration :   0  ||B r|| = 4.0765e-07
norm(r_0) 0
norm(r_1) 35.467592
norm(r_2) 0
norm(r_3) 0
norm(r_4) 0
Newton iteration  3 : ||r|| = 35.4676, ||r||/||r_0|| = 1
   Pass :  1   Iteration :   0  ||B r|| = 4.0765e-07
norm(r_0) 0
norm(r_1) 35.467592
norm(r_2) 0
norm(r_3) 0
norm(r_4) 0
Newton iteration  4 : ||r|| = 35.4676, ||r||/||r_0|| = 1
   Pass :  1   Iteration :   0  ||B r|| = 4.0765e-07
norm(r_0) 0
norm(r_1) 35.467592
norm(r_2) 0
norm(r_3) 0
norm(r_4) 0
Newton iteration  5 : ||r|| = 35.4676, ||r||/||r_0|| = 1
   Pass :  1   Iteration :   0  ||B r|| = 4.0765e-07
norm(r_0) 0
norm(r_1) 35.467592
norm(r_2) 0
norm(r_3) 0
norm(r_4) 0
Newton iteration  6 : ||r|| = 35.4676, ||r||/||r_0|| = 1
   Pass :  1   Iteration :   0  ||B r|| = 4.0765e-07
norm(r_0) 0
norm(r_1) 35.467592
norm(r_2) 0
norm(r_3) 0
norm(r_4) 0
Newton iteration  7 : ||r|| = 35.4676, ||r||/||r_0|| = 1
   Pass :  1   Iteration :   0  ||B r|| = 4.0765e-07
norm(r_0) 0
norm(r_1) 35.467592
norm(r_2) 0
norm(r_3) 0
norm(r_4) 0
Newton iteration  8 : ||r|| = 35.4676, ||r||/||r_0|| = 1
   Pass :  1   Iteration :   0  ||B r|| = 4.0765e-07
norm(r_0) 0
norm(r_1) 35.467592
norm(r_2) 0
norm(r_3) 0
norm(r_4) 0
Newton iteration  9 : ||r|| = 35.4676, ||r||/||r_0|| = 1
   Pass :  1   Iteration :   0  ||B r|| = 4.0765e-07
norm(r_0) 0
norm(r_1) 35.467592
norm(r_2) 0
norm(r_3) 0
norm(r_4) 0
Newton iteration 10 : ||r|| = 35.4676, ||r||/||r_0|| = 1
Setting time step: 0.005 in DGTransportTDO
Setting time step: 0.005 in CombinedOp
Setting time step: 0.005 in IonDensityOp
norm(r_0) 0
norm(r_1) 35.467592
norm(r_2) 0
norm(r_3) 0
norm(r_4) 0
Newton iteration  0 : ||r|| = 35.4676
   Pass :  1   Iteration :   0  ||B r|| = 4.0765e-07
norm(r_0) 0
norm(r_1) 35.467592
norm(r_2) 0
norm(r_3) 0
norm(r_4) 0
Newton iteration  1 : ||r|| = 35.4676, ||r||/||r_0|| = 1
   Pass :  1   Iteration :   0  ||B r|| = 4.0765e-07
norm(r_0) 0
norm(r_1) 35.467592
norm(r_2) 0
norm(r_3) 0
norm(r_4) 0
Newton iteration  2 : ||r|| = 35.4676, ||r||/||r_0|| = 1
   Pass :  1   Iteration :   0  ||B r|| = 4.0765e-07
norm(r_0) 0
norm(r_1) 35.467592
norm(r_2) 0
norm(r_3) 0
norm(r_4) 0
Newton iteration  3 : ||r|| = 35.4676, ||r||/||r_0|| = 1
   Pass :  1   Iteration :   0  ||B r|| = 4.0765e-07
norm(r_0) 0
norm(r_1) 35.467592
norm(r_2) 0
norm(r_3) 0
norm(r_4) 0
Newton iteration  4 : ||r|| = 35.4676, ||r||/||r_0|| = 1
   Pass :  1   Iteration :   0  ||B r|| = 4.0765e-07
norm(r_0) 0
norm(r_1) 35.467592
norm(r_2) 0
norm(r_3) 0
norm(r_4) 0
Newton iteration  5 : ||r|| = 35.4676, ||r||/||r_0|| = 1
   Pass :  1   Iteration :   0  ||B r|| = 4.0765e-07
norm(r_0) 0
norm(r_1) 35.467592
norm(r_2) 0
norm(r_3) 0
norm(r_4) 0
Newton iteration  6 : ||r|| = 35.4676, ||r||/||r_0|| = 1
   Pass :  1   Iteration :   0  ||B r|| = 4.0765e-07
norm(r_0) 0
norm(r_1) 35.467592
norm(r_2) 0
norm(r_3) 0
norm(r_4) 0
Newton iteration  7 : ||r|| = 35.4676, ||r||/||r_0|| = 1
   Pass :  1   Iteration :   0  ||B r|| = 4.0765e-07
norm(r_0) 0
norm(r_1) 35.467592
norm(r_2) 0
norm(r_3) 0
norm(r_4) 0
Newton iteration  8 : ||r|| = 35.4676, ||r||/||r_0|| = 1
   Pass :  1   Iteration :   0  ||B r|| = 4.0765e-07
norm(r_0) 0
norm(r_1) 35.467592
norm(r_2) 0
norm(r_3) 0
norm(r_4) 0
Newton iteration  9 : ||r|| = 35.4676, ||r||/||r_0|| = 1
   Pass :  1   Iteration :   0  ||B r|| = 4.0765e-07
norm(r_0) 0
norm(r_1) 35.467592
norm(r_2) 0
norm(r_3) 0
norm(r_4) 0
Newton iteration 10 : ||r|| = 35.4676, ||r||/||r_0|| = 1
Time stepping paused at t = 0.07
Steady State solution has been reached

Time stepping done after 2.8357772s.
