Options used:
   --mesh ../../mfem/data/inline-quad.mesh
   --bc-file /home/gz6/mfem-analysis/input-files/transport2d_bcs.inp
   --ic-file /home/gz6/mfem-analysis/input-files/transport2d_ics.inp
   --ec-file /home/gz6/mfem-analysis/input-files/transport2d_ecs.inp
   --es-file /home/gz6/mfem-analysis/input-files/transport2d_ess.inp
   --eqdsk-file 
   --logging 1
   --operator-test 8
   --equation-weights '1 1 1 1 1'
   --problem 0
   --refine-serial 4
   --refine-parallel 0
   --disable-amr
   --max-err -1
   --hysteresis 0.25
   --nc-limit 3
   --amr-weights '1 1 1 1 1'
   --order 1
   --dg-sigma -1
   --dg-kappa 200
   --linear-abs-tolerance 1e-06
   --linear-rel-tolerance 1e-06
   --linear-max-iterations 300
   --linear-logging-level 3
   --newton-abs-tolerance 1e-10
   --newton-rel-tolerance 1e-10
   --newton-max-iterations 1
   --newton-logging-level 1
   --steady-state-abs-tolerance 1e-08
   --steady-state-rel-tolerance 1e-08
   --prec-type 1
   --prec-logging-level 0
   --initial-tolerance 1e-05
   --ode-tolerance 0.001
   --ode-solver 2
   --err-per-step
   --ode-weights '1 1 1 1 1'
   --kP 0
   --kI 0.6
   --kD 0
   --dead-zone-min 0.95
   --dead-zone-max 1.05
   --theta-max 2
   --t-minimum 0
   --t-final 200
   --time-step 0.01
   --cfl-number 0.3
   --ion-charge 1
   --ion-mass 2.01410178
   --neutral-mass 2.01410178
   --neutral-temp 3
   --min-neutral-density 900000000000000
   --max-neutral-density 1000000000000000
   --neutral-density-exp 0
   --min-ion-density 1e+16
   --max-ion-density 1e+18
   --ion-density-exp 0
   --min-ion-temp 1
   --max-ion-temp 10
   --ion-temp-exp 0
   --min-electron-temp 10
   --max-electron-temp 440
   --electron-temp-exp 0
   --total-B-magnitude 5
   --poloidal-B-magnitude 0.5
   --velocity 1000
   --Di-perp 1
   --Xi-perp 1
   --Xe-perp 1
   --equation-term-flags '-1 -1 -1 -1 -1'
   --visualization-flags '-1 -1 -1 -1 -1'
   --visualization
   --visit-datafiles
   --ascii-datafiles
   --no-check-gradient
   --visualization-steps 4
Device configuration: cpu
Memory configuration: host-std
Number of elements in initial mesh: 16
Number of elements after serial refinement: 4096
5: Number of elements in parallel mesh: 256
5: Number of elements after parallel refinement: 256
6: Number of elements in parallel mesh: 256
6: Number of elements after parallel refinement: 256
10: Number of elements in parallel mesh: 256
10: Number of elements after parallel refinement: 256
11: Number of elements in parallel mesh: 256
11: Number of elements after parallel refinement: 256
12: Number of elements in parallel mesh: 256
12: Number of elements after parallel refinement: 256
9: Number of elements in parallel mesh: 256
9: Number of elements after parallel refinement: 256
14: Number of elements in parallel mesh: 256
14: Number of elements after parallel refinement: 256
15: Number of elements in parallel mesh: 256
15: Number of elements after parallel refinement: 256
4: Number of elements in parallel mesh: 256
4: Number of elements after parallel refinement: 256
7: Number of elements in parallel mesh: 256
7: Number of elements after parallel refinement: 256
8: Number of elements in parallel mesh: 256
8: Number of elements after parallel refinement: 256
13: Number of elements in parallel mesh: 256
13: Number of elements after parallel refinement: 256
3: Number of elements in parallel mesh: 256
3: Number of elements after parallel refinement: 256
1: Number of elements in parallel mesh: 256
1: Number of elements after parallel refinement: 256
0: Number of elements in parallel mesh: 256
0: Number of elements after parallel refinement: 256
2: Number of elements in parallel mesh: 256
2: Number of elements after parallel refinement: 256
Configuring initial conditions
Reading initial conditions from /home/gz6/mfem-analysis/input-files/transport2d_ics.inp
Configuring exact solutions
Reading exact solutions from /home/gz6/mfem-analysis/input-files/transport2d_ess.inp
Number of unknowns per field: 16384
Total number of unknowns:     81920
Configuring boundary conditions
Reading boundary conditions from /home/gz6/mfem-analysis/input-files/transport2d_bcs.inp
Configuring equation coefficients
Reading equation coefficients from /home/gz6/mfem-analysis/input-files/transport2d_ecs.inp
Ion Static Pressure: Adding time derivative term proportional to d n_i / dt
Ion Static Pressure: Adding time derivative term proportional to d T_i / dt
Ion Static Pressure: Adding anisotropic diffusion term
Ion Static Pressure: Adding source term
Opening GLVis sockets.
Range of error estimates for initial condition: 0 < elem err < 0

Begin time stepping at t = 0
Setting time step: 0.0025 in DGTransportTDO
Setting time step: 0.0025 in CombinedOp
Setting time step: 0.0025 in IonStaticPressureOp
norm(r_0) 0
norm(r_1) 0
norm(r_2) 0
norm(r_3) 0.07710628438351061
norm(r_4) 0
Newton iteration  0 : ||r|| = 0.0771063
   Pass :  1   Iteration :   0  ||B r|| = 22.539 ...
   Pass :  6   Iteration : 300  ||B r|| = 0.000476989
GMRES: No convergence!
norm(r_0) 0
norm(r_1) 0
norm(r_2) 0
norm(r_3) 0.05260150853382462
norm(r_4) 0
Newton iteration  1 : ||r|| = 0.0526015, ||r||/||r_0|| = 0.682195
Setting time step: 0.0025 in DGTransportTDO
Setting time step: 0.0025 in CombinedOp
Setting time step: 0.0025 in IonStaticPressureOp
norm(r_0) 0
norm(r_1) 0
norm(r_2) 0
norm(r_3) 0.1266241517836987
norm(r_4) 0
Newton iteration  0 : ||r|| = 0.126624
   Pass :  1   Iteration :   0  ||B r|| = 20.9003 ...
   Pass :  6   Iteration : 300  ||B r|| = 0.00048135
GMRES: No convergence!
norm(r_0) 0
norm(r_1) 0
norm(r_2) 0
norm(r_3) 0.04453212246930914
norm(r_4) 0
Newton iteration  1 : ||r|| = 0.0445321, ||r||/||r_0|| = 0.351687
Setting time step: 0.0025 in DGTransportTDO
Setting time step: 0.0025 in CombinedOp
Setting time step: 0.0025 in IonStaticPressureOp
norm(r_0) 0
norm(r_1) 0
norm(r_2) 0
norm(r_3) 0.1112186034536329
norm(r_4) 0
Newton iteration  0 : ||r|| = 0.111219
   Pass :  1   Iteration :   0  ||B r|| = 21.5621 ...
   Pass :  6   Iteration : 300  ||B r|| = 0.000488402
GMRES: No convergence!
norm(r_0) 0
norm(r_1) 0
norm(r_2) 0
norm(r_3) 0.0457417237287863
norm(r_4) 0
Newton iteration  1 : ||r|| = 0.0457417, ||r||/||r_0|| = 0.411278
Setting time step: 0.0025 in DGTransportTDO
Setting time step: 0.0025 in CombinedOp
Setting time step: 0.0025 in IonStaticPressureOp
norm(r_0) 0
norm(r_1) 0
norm(r_2) 0
norm(r_3) 0.09977380982859628
norm(r_4) 0
Newton iteration  0 : ||r|| = 0.0997738
   Pass :  1   Iteration :   0  ||B r|| = 21.724 ...
   Pass :  6   Iteration : 300  ||B r|| = 0.000483867
GMRES: No convergence!
norm(r_0) 0
norm(r_1) 0
norm(r_2) 0
norm(r_3) 0.04715592667123314
norm(r_4) 0
Newton iteration  1 : ||r|| = 0.0471559, ||r||/||r_0|| = 0.472628
Setting time step: 0.0025 in DGTransportTDO
Setting time step: 0.0025 in CombinedOp
Setting time step: 0.0025 in IonStaticPressureOp
norm(r_0) 0
norm(r_1) 0
norm(r_2) 0
norm(r_3) 0.6107995939683473
norm(r_4) 0
Newton iteration  0 : ||r|| = 0.6108
   Pass :  1   Iteration :   0  ||B r|| = 19.9864 ...
   Pass :  6   Iteration : 300  ||B r|| = 0.000505733
GMRES: No convergence!
norm(r_0) 0
norm(r_1) 0
norm(r_2) 0
norm(r_3) 0.04569647644755149
norm(r_4) 0
Newton iteration  1 : ||r|| = 0.0456965, ||r||/||r_0|| = 0.0748142
Setting time step: 0.005 in DGTransportTDO
Setting time step: 0.005 in CombinedOp
Setting time step: 0.005 in IonStaticPressureOp
norm(r_0) 0
norm(r_1) 0
norm(r_2) 0
norm(r_3) 0.07905469331220437
norm(r_4) 0
Newton iteration  0 : ||r|| = 0.0790547
   Pass :  1   Iteration :   0  ||B r|| = 9.74004 ...
   Pass :  6   Iteration : 300  ||B r|| = 0.000541642
GMRES: No convergence!
norm(r_0) 0
norm(r_1) 0
norm(r_2) 0
norm(r_3) 0.06912310086122675
norm(r_4) 0
Newton iteration  1 : ||r|| = 0.0691231, ||r||/||r_0|| = 0.874371
Setting time step: 0.005 in DGTransportTDO
Setting time step: 0.005 in CombinedOp
Setting time step: 0.005 in IonStaticPressureOp
norm(r_0) 0
norm(r_1) 0
norm(r_2) 0
norm(r_3) 0.1408804668132474
norm(r_4) 0
Newton iteration  0 : ||r|| = 0.14088
   Pass :  1   Iteration :   0  ||B r|| = 8.19939 ...
   Pass :  6   Iteration : 300  ||B r|| = 0.000422322
GMRES: No convergence!
norm(r_0) 0
norm(r_1) 0
norm(r_2) 0
norm(r_3) 0.05454714519352261
norm(r_4) 0
Newton iteration  1 : ||r|| = 0.0545471, ||r||/||r_0|| = 0.387187
Setting time step: 0.005 in DGTransportTDO
Setting time step: 0.005 in CombinedOp
Setting time step: 0.005 in IonStaticPressureOp
norm(r_0) 0
norm(r_1) 0
norm(r_2) 0
norm(r_3) 0.119910478452806
norm(r_4) 0
Newton iteration  0 : ||r|| = 0.11991
   Pass :  1   Iteration :   0  ||B r|| = 8.80148 ...
   Pass :  6   Iteration : 300  ||B r|| = 0.000465092
GMRES: No convergence!
norm(r_0) 0
norm(r_1) 0
norm(r_2) 0
norm(r_3) 0.06081287119339117
norm(r_4) 0
Newton iteration  1 : ||r|| = 0.0608129, ||r||/||r_0|| = 0.507152
Setting time step: 0.005 in DGTransportTDO
Setting time step: 0.005 in CombinedOp
Setting time step: 0.005 in IonStaticPressureOp
norm(r_0) 0
norm(r_1) 0
norm(r_2) 0
norm(r_3) 0.1047456833085374
norm(r_4) 0
Newton iteration  0 : ||r|| = 0.104746
   Pass :  1   Iteration :   0  ||B r|| = 8.95727 ...
   Pass :  6   Iteration : 300  ||B r|| = 0.000478377
GMRES: No convergence!
norm(r_0) 0
norm(r_1) 0
norm(r_2) 0
norm(r_3) 0.06460310125094781
norm(r_4) 0
Newton iteration  1 : ||r|| = 0.0646031, ||r||/||r_0|| = 0.616761
Setting time step: 0.005 in DGTransportTDO
Setting time step: 0.005 in CombinedOp
Setting time step: 0.005 in IonStaticPressureOp
norm(r_0) 0
norm(r_1) 0
norm(r_2) 0
norm(r_3) 0.6892108113048683
norm(r_4) 0
Newton iteration  0 : ||r|| = 0.689211
   Pass :  1   Iteration :   0  ||B r|| = 7.42817 ...
   Pass :  6   Iteration : 300  ||B r|| = 0.000381482
GMRES: No convergence!
norm(r_0) 0
norm(r_1) 0
norm(r_2) 0
norm(r_3) 0.0460336888627206
norm(r_4) 0
Newton iteration  1 : ||r|| = 0.0460337, ||r||/||r_0|| = 0.0667919
Setting time step: 0.007562031607309893 in DGTransportTDO
Setting time step: 0.007562031607309893 in CombinedOp
Setting time step: 0.007562031607309893 in IonStaticPressureOp
norm(r_0) 0
norm(r_1) 0
norm(r_2) 0
norm(r_3) 0.06454887914548305
norm(r_4) 0
Newton iteration  0 : ||r|| = 0.0645489
   Pass :  1   Iteration :   0  ||B r|| = 4.56118 ...
   Pass :  6   Iteration : 300  ||B r|| = 0.000377816
GMRES: No convergence!
norm(r_0) 0
norm(r_1) 0
norm(r_2) 0
norm(r_3) 0.1019790694339416
norm(r_4) 0
Newton iteration  1 : ||r|| = 0.101979, ||r||/||r_0|| = 1.57987
Setting time step: 0.007562031607309893 in DGTransportTDO
Setting time step: 0.007562031607309893 in CombinedOp
Setting time step: 0.007562031607309893 in IonStaticPressureOp
norm(r_0) 0
norm(r_1) 0
norm(r_2) 0
norm(r_3) 0.1920070470306144
norm(r_4) 0
Newton iteration  0 : ||r|| = 0.192007
   Pass :  1   Iteration :   0  ||B r|| = 3.48193 ...
   Pass :  6   Iteration : 300  ||B r|| = 0.00031063
GMRES: No convergence!
norm(r_0) 0
norm(r_1) 0
norm(r_2) 0
norm(r_3) 0.09086089365336875
norm(r_4) 0
Newton iteration  1 : ||r|| = 0.0908609, ||r||/||r_0|| = 0.473216
Setting time step: 0.007562031607309893 in DGTransportTDO
Setting time step: 0.007562031607309893 in CombinedOp
Setting time step: 0.007562031607309893 in IonStaticPressureOp
norm(r_0) 0
norm(r_1) 0
norm(r_2) 0
norm(r_3) 0.1586627728547905
norm(r_4) 0
Newton iteration  0 : ||r|| = 0.158663
   Pass :  1   Iteration :   0  ||B r|| = 3.89425 ...
   Pass :  6   Iteration : 300  ||B r|| = 0.000339054
GMRES: No convergence!
norm(r_0) 0
norm(r_1) 0
norm(r_2) 0
norm(r_3) 0.09418864985134154
norm(r_4) 0
Newton iteration  1 : ||r|| = 0.0941886, ||r||/||r_0|| = 0.593641
Setting time step: 0.007562031607309893 in DGTransportTDO
Setting time step: 0.007562031607309893 in CombinedOp
Setting time step: 0.007562031607309893 in IonStaticPressureOp
norm(r_0) 0
norm(r_1) 0
norm(r_2) 0
norm(r_3) 0.1313226187152155
norm(r_4) 0
Newton iteration  0 : ||r|| = 0.131323
   Pass :  1   Iteration :   0  ||B r|| = 4.00518 ...
   Pass :  6   Iteration : 300  ||B r|| = 0.000343482
GMRES: No convergence!
norm(r_0) 0
norm(r_1) 0
norm(r_2) 0
norm(r_3) 0.09055404105756493
norm(r_4) 0
Newton iteration  1 : ||r|| = 0.090554, ||r||/||r_0|| = 0.689554
Setting time step: 0.007562031607309893 in DGTransportTDO
Setting time step: 0.007562031607309893 in CombinedOp
Setting time step: 0.007562031607309893 in IonStaticPressureOp
norm(r_0) 0
norm(r_1) 0
norm(r_2) 0
norm(r_3) 0.7991982223281262
norm(r_4) 0
Newton iteration  0 : ||r|| = 0.799198
   Pass :  1   Iteration :   0  ||B r|| = 2.99459 ...
   Pass :  6   Iteration : 300  ||B r|| = 0.000404413
GMRES: No convergence!
norm(r_0) 0
norm(r_1) 0
norm(r_2) 0
norm(r_3) 0.1690213224789833
norm(r_4) 0
Newton iteration  1 : ||r|| = 0.169021, ||r||/||r_0|| = 0.211489
Setting time step: 0.01250976953268657 in DGTransportTDO
Setting time step: 0.01250976953268657 in CombinedOp
Setting time step: 0.01250976953268657 in IonStaticPressureOp
norm(r_0) 0
norm(r_1) 0
norm(r_2) 0
norm(r_3) 0.171097853360498
norm(r_4) 0
Newton iteration  0 : ||r|| = 0.171098
   Pass :  1   Iteration :   0  ||B r|| = 1.61208 ...
   Pass :  6   Iteration : 300  ||B r|| = 0.000351821
GMRES: No convergence!
norm(r_0) 0
norm(r_1) 0
norm(r_2) 0
norm(r_3) 0.1880410532355795
norm(r_4) 0
Newton iteration  1 : ||r|| = 0.188041, ||r||/||r_0|| = 1.09903
Setting time step: 0.01250976953268657 in DGTransportTDO
Setting time step: 0.01250976953268657 in CombinedOp
Setting time step: 0.01250976953268657 in IonStaticPressureOp
norm(r_0) 0
norm(r_1) 0
norm(r_2) 0
norm(r_3) 0.380705478881019
norm(r_4) 0
Newton iteration  0 : ||r|| = 0.380705
   Pass :  1   Iteration :   0  ||B r|| = 1.0123 ...
   Pass :  6   Iteration : 300  ||B r|| = 0.000205248
GMRES: No convergence!
norm(r_0) 0
norm(r_1) 0
norm(r_2) 0
norm(r_3) 0.1960883325023003
norm(r_4) 0
Newton iteration  1 : ||r|| = 0.196088, ||r||/||r_0|| = 0.515066
Setting time step: 0.01250976953268657 in DGTransportTDO
Setting time step: 0.01250976953268657 in CombinedOp
Setting time step: 0.01250976953268657 in IonStaticPressureOp
norm(r_0) 0
norm(r_1) 0
norm(r_2) 0
norm(r_3) 0.3060162169104587
norm(r_4) 0
Newton iteration  0 : ||r|| = 0.306016
   Pass :  1   Iteration :   0  ||B r|| = 1.23253 ...
   Pass :  6   Iteration : 300  ||B r|| = 0.000274584
GMRES: No convergence!
norm(r_0) 0
norm(r_1) 0
norm(r_2) 0
norm(r_3) 0.1690790909510998
norm(r_4) 0
Newton iteration  1 : ||r|| = 0.169079, ||r||/||r_0|| = 0.552517
Setting time step: 0.01250976953268657 in DGTransportTDO
Setting time step: 0.01250976953268657 in CombinedOp
Setting time step: 0.01250976953268657 in IonStaticPressureOp
norm(r_0) 0
norm(r_1) 0
norm(r_2) 0
norm(r_3) 0.2350813649974223
norm(r_4) 0
Newton iteration  0 : ||r|| = 0.235081
   Pass :  1   Iteration :   0  ||B r|| = 1.29591 ...
   Pass :  6   Iteration : 300  ||B r|| = 0.000250789
GMRES: No convergence!
norm(r_0) 0
norm(r_1) 0
norm(r_2) 0
norm(r_3) 0.2073758267615153
norm(r_4) 0
Newton iteration  1 : ||r|| = 0.207376, ||r||/||r_0|| = 0.882145
Setting time step: 0.01250976953268657 in DGTransportTDO
Setting time step: 0.01250976953268657 in CombinedOp
Setting time step: 0.01250976953268657 in IonStaticPressureOp
norm(r_0) 0
norm(r_1) 0
norm(r_2) 0
norm(r_3) 5.121914634442255
norm(r_4) 0
Newton iteration  0 : ||r|| = 5.12191
   Pass :  1   Iteration :   0  ||B r|| = 0.811363 ...
   Pass :  6   Iteration : 300  ||B r|| = 0.000357137
GMRES: No convergence!
norm(r_0) 0
norm(r_1) 0
norm(r_2) 0
norm(r_3) 0.4037377004366012
norm(r_4) 0
Newton iteration  1 : ||r|| = 0.403738, ||r||/||r_0|| = 0.0788255
Time stepping paused at t = 0.1102872045599858

Estimating errors.
Setting time step: 0.01250976953268657 in DGTransportTDO
Setting time step: 0.01250976953268657 in CombinedOp
Setting time step: 0.01250976953268657 in IonStaticPressureOp
norm(r_0) 0
norm(r_1) 0
norm(r_2) 0
norm(r_3) 0.4038975739754591
norm(r_4) 0
Newton iteration  0 : ||r|| = 0.403898
   Pass :  1   Iteration :   0  ||B r|| = 0.643547 ...
   Pass :  6   Iteration : 300  ||B r|| = 0.000133147
GMRES: No convergence!
norm(r_0) 0
norm(r_1) 0
norm(r_2) 0
norm(r_3) 0.10686019135914
norm(r_4) 0
Newton iteration  1 : ||r|| = 0.10686, ||r||/||r_0|| = 0.264573
Setting time step: 0.01250976953268657 in DGTransportTDO
Setting time step: 0.01250976953268657 in CombinedOp
Setting time step: 0.01250976953268657 in IonStaticPressureOp
norm(r_0) 0
norm(r_1) 0
norm(r_2) 0
norm(r_3) 0.3991490677109156
norm(r_4) 0
Newton iteration  0 : ||r|| = 0.399149
   Pass :  1   Iteration :   0  ||B r|| = 0.451963 ...
   Pass :  6   Iteration : 300  ||B r|| = 9.3606e-05
GMRES: No convergence!
norm(r_0) 0
norm(r_1) 0
norm(r_2) 0
norm(r_3) 0.06932665999248977
norm(r_4) 0
Newton iteration  1 : ||r|| = 0.0693267, ||r||/||r_0|| = 0.173686
Setting time step: 0.01250976953268657 in DGTransportTDO
Setting time step: 0.01250976953268657 in CombinedOp
Setting time step: 0.01250976953268657 in IonStaticPressureOp
norm(r_0) 0
norm(r_1) 0
norm(r_2) 0
norm(r_3) 0.2367466436655355
norm(r_4) 0
Newton iteration  0 : ||r|| = 0.236747
   Pass :  1   Iteration :   0  ||B r|| = 0.527394 ...
   Pass :  6   Iteration : 300  ||B r|| = 0.000186674
GMRES: No convergence!
norm(r_0) 0
norm(r_1) 0
norm(r_2) 0
norm(r_3) 0.1571953142520806
norm(r_4) 0
Newton iteration  1 : ||r|| = 0.157195, ||r||/||r_0|| = 0.663981
Setting time step: 0.01250976953268657 in DGTransportTDO
Setting time step: 0.01250976953268657 in CombinedOp
Setting time step: 0.01250976953268657 in IonStaticPressureOp
norm(r_0) 0
norm(r_1) 0
norm(r_2) 0
norm(r_3) 0.1446151238929793
norm(r_4) 0
Newton iteration  0 : ||r|| = 0.144615
   Pass :  1   Iteration :   0  ||B r|| = 0.545881 ...
   Pass :  6   Iteration : 300  ||B r|| = 0.0002225
GMRES: No convergence!
norm(r_0) 0
norm(r_1) 0
norm(r_2) 0
norm(r_3) 0.2128085732962562
norm(r_4) 0
Newton iteration  1 : ||r|| = 0.212809, ||r||/||r_0|| = 1.47155
Setting time step: 0.01250976953268657 in DGTransportTDO
Setting time step: 0.01250976953268657 in CombinedOp
Setting time step: 0.01250976953268657 in IonStaticPressureOp
norm(r_0) 0
norm(r_1) 0
norm(r_2) 0
norm(r_3) 6.311296475896163
norm(r_4) 0
Newton iteration  0 : ||r|| = 6.3113
   Pass :  1   Iteration :   0  ||B r|| = 0.357226 ...
   Pass :  6   Iteration : 300  ||B r|| = 5.30305e-05
GMRES: No convergence!
norm(r_0) 0
norm(r_1) 0
norm(r_2) 0
norm(r_3) 0.05534088233508552
norm(r_4) 0
Newton iteration  1 : ||r|| = 0.0553409, ||r||/||r_0|| = 0.00876854
Setting time step: 0.01331032419412778 in DGTransportTDO
Setting time step: 0.01331032419412778 in CombinedOp
Setting time step: 0.01331032419412778 in IonStaticPressureOp
norm(r_0) 0
norm(r_1) 0
norm(r_2) 0
norm(r_3) 0.05553209111161848
norm(r_4) 0
Newton iteration  0 : ||r|| = 0.0555321
   Pass :  1   Iteration :   0  ||B r|| = 0.265106 ...
   Pass :  6   Iteration : 300  ||B r|| = 4.7322e-05
GMRES: No convergence!
norm(r_0) 0
norm(r_1) 0
norm(r_2) 0
norm(r_3) 0.03121344477059835
norm(r_4) 0
Newton iteration  1 : ||r|| = 0.0312134, ||r||/||r_0|| = 0.562079
Setting time step: 0.01331032419412778 in DGTransportTDO
Setting time step: 0.01331032419412778 in CombinedOp
Setting time step: 0.01331032419412778 in IonStaticPressureOp
norm(r_0) 0
norm(r_1) 0
norm(r_2) 0
norm(r_3) 0.07438723052691538
norm(r_4) 0
Newton iteration  0 : ||r|| = 0.0743872
   Pass :  1   Iteration :   0  ||B r|| = 0.160321 ...
   Pass :  6   Iteration : 300  ||B r|| = 5.88174e-05
GMRES: No convergence!
norm(r_0) 0
norm(r_1) 0
norm(r_2) 0
norm(r_3) 0.05534643936441223
norm(r_4) 0
Newton iteration  1 : ||r|| = 0.0553464, ||r||/||r_0|| = 0.744031
Setting time step: 0.01331032419412778 in DGTransportTDO
Setting time step: 0.01331032419412778 in CombinedOp
Setting time step: 0.01331032419412778 in IonStaticPressureOp
norm(r_0) 0
norm(r_1) 0
norm(r_2) 0
norm(r_3) 0.05371672917218544
norm(r_4) 0
Newton iteration  0 : ||r|| = 0.0537167
   Pass :  1   Iteration :   0  ||B r|| = 0.198856 ...
   Pass :  6   Iteration : 300  ||B r|| = 5.1621e-05
GMRES: No convergence!
norm(r_0) 0
norm(r_1) 0
norm(r_2) 0
norm(r_3) 0.05014405142880059
norm(r_4) 0
Newton iteration  1 : ||r|| = 0.0501441, ||r||/||r_0|| = 0.93349
Setting time step: 0.01331032419412778 in DGTransportTDO
Setting time step: 0.01331032419412778 in CombinedOp
Setting time step: 0.01331032419412778 in IonStaticPressureOp
norm(r_0) 0
norm(r_1) 0
norm(r_2) 0
norm(r_3) 0.03988078802715628
norm(r_4) 0
Newton iteration  0 : ||r|| = 0.0398808
   Pass :  1   Iteration :   0  ||B r|| = 0.209955 ...
   Pass :  6   Iteration : 300  ||B r|| = 4.84299e-05
GMRES: No convergence!
norm(r_0) 0
norm(r_1) 0
norm(r_2) 0
norm(r_3) 0.04209933674383029
norm(r_4) 0
Newton iteration  1 : ||r|| = 0.0420993, ||r||/||r_0|| = 1.05563
Setting time step: 0.01331032419412778 in DGTransportTDO
Setting time step: 0.01331032419412778 in CombinedOp
Setting time step: 0.01331032419412778 in IonStaticPressureOp
norm(r_0) 0
norm(r_1) 0
norm(r_2) 0
norm(r_3) 1.014886367537723
norm(r_4) 0
Newton iteration  0 : ||r|| = 1.01489
   Pass :  1   Iteration :   0  ||B r|| = 0.120314 ...
   Pass :  6   Iteration : 300  ||B r|| = 3.45374e-05
GMRES: No convergence!
norm(r_0) 0
norm(r_1) 0
norm(r_2) 0
norm(r_3) 0.03504409315887622
norm(r_4) 0
Newton iteration  1 : ||r|| = 0.0350441, ||r||/||r_0|| = 0.0345301
Setting time step: 0.02662064838825556 in DGTransportTDO
Setting time step: 0.02662064838825556 in CombinedOp
Setting time step: 0.02662064838825556 in IonStaticPressureOp
norm(r_0) 0
norm(r_1) 0
norm(r_2) 0
norm(r_3) 0.03509394300411395
norm(r_4) 0
Newton iteration  0 : ||r|| = 0.0350939
   Pass :  1   Iteration :   0  ||B r|| = 0.0510033 ...
   Pass :  6   Iteration : 300  ||B r|| = 2.35117e-05
GMRES: No convergence!
norm(r_0) 0
norm(r_1) 0
norm(r_2) 0
norm(r_3) 0.03858986505052175
norm(r_4) 0
Newton iteration  1 : ||r|| = 0.0385899, ||r||/||r_0|| = 1.09962
Setting time step: 0.02662064838825556 in DGTransportTDO
Setting time step: 0.02662064838825556 in CombinedOp
Setting time step: 0.02662064838825556 in IonStaticPressureOp
norm(r_0) 0
norm(r_1) 0
norm(r_2) 0
norm(r_3) 0.0712739592102372
norm(r_4) 0
Newton iteration  0 : ||r|| = 0.071274
   Pass :  1   Iteration :   0  ||B r|| = 0.0190044 ...
   Pass :  6   Iteration : 300  ||B r|| = 1.25669e-05
GMRES: No convergence!
norm(r_0) 0
norm(r_1) 0
norm(r_2) 0
norm(r_3) 0.02467222605176735
norm(r_4) 0
Newton iteration  1 : ||r|| = 0.0246722, ||r||/||r_0|| = 0.34616
Setting time step: 0.02662064838825556 in DGTransportTDO
Setting time step: 0.02662064838825556 in CombinedOp
Setting time step: 0.02662064838825556 in IonStaticPressureOp
norm(r_0) 0
norm(r_1) 0
norm(r_2) 0
norm(r_3) 0.05843803565941405
norm(r_4) 0
Newton iteration  0 : ||r|| = 0.058438
   Pass :  1   Iteration :   0  ||B r|| = 0.0301992 ...
   Pass :  6   Iteration : 300  ||B r|| = 1.85255e-05
GMRES: No convergence!
norm(r_0) 0
norm(r_1) 0
norm(r_2) 0
norm(r_3) 0.0367590191810442
norm(r_4) 0
Newton iteration  1 : ||r|| = 0.036759, ||r||/||r_0|| = 0.629026
Setting time step: 0.02662064838825556 in DGTransportTDO
Setting time step: 0.02662064838825556 in CombinedOp
Setting time step: 0.02662064838825556 in IonStaticPressureOp
norm(r_0) 0
norm(r_1) 0
norm(r_2) 0
norm(r_3) 0.04775608805073886
norm(r_4) 0
Newton iteration  0 : ||r|| = 0.0477561
   Pass :  1   Iteration :   0  ||B r|| = 0.0336871 ...
   Pass :  6   Iteration : 300  ||B r|| = 2.89879e-05
GMRES: No convergence!
norm(r_0) 0
norm(r_1) 0
norm(r_2) 0
norm(r_3) 0.0605585921273923
norm(r_4) 0
Newton iteration  1 : ||r|| = 0.0605586, ||r||/||r_0|| = 1.26808
Setting time step: 0.02662064838825556 in DGTransportTDO
Setting time step: 0.02662064838825556 in CombinedOp
Setting time step: 0.02662064838825556 in IonStaticPressureOp
norm(r_0) 0
norm(r_1) 0
norm(r_2) 0
norm(r_3) 1.538561080309459
norm(r_4) 0
Newton iteration  0 : ||r|| = 1.53856
   Pass :  1   Iteration :   0  ||B r|| = 0.0281909 ...
   Pass :  6   Iteration : 300  ||B r|| = 3.55057e-05
GMRES: No convergence!
norm(r_0) 0
norm(r_1) 0
norm(r_2) 0
norm(r_3) 0.07587547053187153
norm(r_4) 0
Newton iteration  1 : ||r|| = 0.0758755, ||r||/||r_0|| = 0.0493159
Setting time step: 0.03004272096127934 in DGTransportTDO
Setting time step: 0.03004272096127934 in CombinedOp
Setting time step: 0.03004272096127934 in IonStaticPressureOp
norm(r_0) 0
norm(r_1) 0
norm(r_2) 0
norm(r_3) 0.07587726687240438
norm(r_4) 0
Newton iteration  0 : ||r|| = 0.0758773
   Pass :  1   Iteration :   0  ||B r|| = 0.0073217 ...
   Pass :  6   Iteration : 300  ||B r|| = 1.0677e-05
GMRES: No convergence!
norm(r_0) 0
norm(r_1) 0
norm(r_2) 0
norm(r_3) 0.03301763775355445
norm(r_4) 0
Newton iteration  1 : ||r|| = 0.0330176, ||r||/||r_0|| = 0.435145
Setting time step: 0.03004272096127934 in DGTransportTDO
Setting time step: 0.03004272096127934 in CombinedOp
Setting time step: 0.03004272096127934 in IonStaticPressureOp
norm(r_0) 0
norm(r_1) 0
norm(r_2) 0
norm(r_3) 0.06944709092790693
norm(r_4) 0
Newton iteration  0 : ||r|| = 0.0694471
   Pass :  1   Iteration :   0  ||B r|| = 0.00288663 ...
   Pass :  6   Iteration : 300  ||B r|| = 3.49544e-06
GMRES: No convergence!
norm(r_0) 0
norm(r_1) 0
norm(r_2) 0
norm(r_3) 0.009771785716704581
norm(r_4) 0
Newton iteration  1 : ||r|| = 0.00977179, ||r||/||r_0|| = 0.140708
Setting time step: 0.03004272096127934 in DGTransportTDO
Setting time step: 0.03004272096127934 in CombinedOp
Setting time step: 0.03004272096127934 in IonStaticPressureOp
norm(r_0) 0
norm(r_1) 0
norm(r_2) 0
norm(r_3) 0.04914039637830106
norm(r_4) 0
Newton iteration  0 : ||r|| = 0.0491404
   Pass :  1   Iteration :   0  ||B r|| = 5.14844e-05 ...
   Pass :  6   Iteration : 300  ||B r|| = 1.22003e-06
GMRES: No convergence!
norm(r_0) 0
norm(r_1) 0
norm(r_2) 0
norm(r_3) 0.002431036514613284
norm(r_4) 0
Newton iteration  1 : ||r|| = 0.00243104, ||r||/||r_0|| = 0.0494712
Setting time step: 0.03004272096127934 in DGTransportTDO
Setting time step: 0.03004272096127934 in CombinedOp
Setting time step: 0.03004272096127934 in IonStaticPressureOp
norm(r_0) 0
norm(r_1) 0
norm(r_2) 0
norm(r_3) 0.03835360688367099
norm(r_4) 0
Newton iteration  0 : ||r|| = 0.0383536
   Pass :  1   Iteration :   0  ||B r|| = 0.00133969 ...
   Pass :  6   Iteration : 300  ||B r|| = 2.87933e-06
GMRES: No convergence!
norm(r_0) 0
norm(r_1) 0
norm(r_2) 0
norm(r_3) 0.007591453524608205
norm(r_4) 0
Newton iteration  1 : ||r|| = 0.00759145, ||r||/||r_0|| = 0.197933
Setting time step: 0.03004272096127934 in DGTransportTDO
Setting time step: 0.03004272096127934 in CombinedOp
Setting time step: 0.03004272096127934 in IonStaticPressureOp
norm(r_0) 0
norm(r_1) 0
norm(r_2) 0
norm(r_3) 0.2454186586780126
norm(r_4) 0
Newton iteration  0 : ||r|| = 0.245419
   Pass :  1   Iteration :   0  ||B r|| = 0.00339806 ...
   Pass :  6   Iteration : 300  ||B r|| = 2.70261e-06
GMRES: No convergence!
norm(r_0) 0
norm(r_1) 0
norm(r_2) 0
norm(r_3) 0.008142367697312657
norm(r_4) 0
Newton iteration  1 : ||r|| = 0.00814237, ||r||/||r_0|| = 0.0331775
Time stepping paused at t = 0.4402210568653829

Estimating errors.
Setting time step: 0.06008544192255869 in DGTransportTDO
Setting time step: 0.06008544192255869 in CombinedOp
Setting time step: 0.06008544192255869 in IonStaticPressureOp
norm(r_0) 0
norm(r_1) 0
norm(r_2) 0
norm(r_3) 0.008142538400367468
norm(r_4) 0
Newton iteration  0 : ||r|| = 0.00814254
   Pass :  1   Iteration :   0  ||B r|| = 0.000421331 ...
   Pass :  2   Iteration :  95  ||B r|| = 9.97466e-07
norm(r_0) 0
norm(r_1) 0
norm(r_2) 0
norm(r_3) 0.002902398752164182
norm(r_4) 0
Newton iteration  1 : ||r|| = 0.0029024, ||r||/||r_0|| = 0.356449
Setting time step: 0.06008544192255869 in DGTransportTDO
Setting time step: 0.06008544192255869 in CombinedOp
Setting time step: 0.06008544192255869 in IonStaticPressureOp
norm(r_0) 0
norm(r_1) 0
norm(r_2) 0
norm(r_3) 0.007096369231002854
norm(r_4) 0
Newton iteration  0 : ||r|| = 0.00709637
   Pass :  1   Iteration :   0  ||B r|| = 0.000274188 ...
   Pass :  1   Iteration :  30  ||B r|| = 9.91932e-07
norm(r_0) 0
norm(r_1) 0
norm(r_2) 0
norm(r_3) 0.002296756750835547
norm(r_4) 0
Newton iteration  1 : ||r|| = 0.00229676, ||r||/||r_0|| = 0.323652
Setting time step: 0.06008544192255869 in DGTransportTDO
Setting time step: 0.06008544192255869 in CombinedOp
Setting time step: 0.06008544192255869 in IonStaticPressureOp
norm(r_0) 0
norm(r_1) 0
norm(r_2) 0
norm(r_3) 0.004574684904243966
norm(r_4) 0
Newton iteration  0 : ||r|| = 0.00457468
   Pass :  1   Iteration :   0  ||B r|| = 9.2179e-05 ...
   Pass :  1   Iteration :  11  ||B r|| = 9.92376e-07
norm(r_0) 0
norm(r_1) 0
norm(r_2) 0
norm(r_3) 0.002308839506687034
norm(r_4) 0
Newton iteration  1 : ||r|| = 0.00230884, ||r||/||r_0|| = 0.504699
Setting time step: 0.06008544192255869 in DGTransportTDO
Setting time step: 0.06008544192255869 in CombinedOp
Setting time step: 0.06008544192255869 in IonStaticPressureOp
norm(r_0) 0
norm(r_1) 0
norm(r_2) 0
norm(r_3) 0.003435274279847309
norm(r_4) 0
Newton iteration  0 : ||r|| = 0.00343527
   Pass :  1   Iteration :   0  ||B r|| = 1.41996e-06 ...
   Pass :  1   Iteration :  31  ||B r|| = 9.85441e-07
norm(r_0) 0
norm(r_1) 0
norm(r_2) 0
norm(r_3) 0.003177142796848852
norm(r_4) 0
Newton iteration  1 : ||r|| = 0.00317714, ||r||/||r_0|| = 0.924859
Setting time step: 0.06008544192255869 in DGTransportTDO
Setting time step: 0.06008544192255869 in CombinedOp
Setting time step: 0.06008544192255869 in IonStaticPressureOp
norm(r_0) 0
norm(r_1) 0
norm(r_2) 0
norm(r_3) 0.09631645846456538
norm(r_4) 0
Newton iteration  0 : ||r|| = 0.0963165
   Pass :  1   Iteration :   0  ||B r|| = 0.000325433 ...
   Pass :  6   Iteration : 289  ||B r|| = 9.92864e-07
norm(r_0) 0
norm(r_1) 0
norm(r_2) 0
norm(r_3) 0.004374937124947856
norm(r_4) 0
Newton iteration  1 : ||r|| = 0.00437494, ||r||/||r_0|| = 0.0454225
Setting time step: 0.1201708838451174 in DGTransportTDO
Setting time step: 0.1201708838451174 in CombinedOp
Setting time step: 0.1201708838451174 in IonStaticPressureOp
norm(r_0) 0
norm(r_1) 0
norm(r_2) 0
norm(r_3) 0.004374991452026436
norm(r_4) 0
Newton iteration  0 : ||r|| = 0.00437499
   Pass :  1   Iteration :   0  ||B r|| = 8.17566e-05 ...
   Pass :  1   Iteration :  14  ||B r|| = 9.96012e-07
norm(r_0) 0
norm(r_1) 0
norm(r_2) 0
norm(r_3) 0.003196626288564155
norm(r_4) 0
Newton iteration  1 : ||r|| = 0.00319663, ||r||/||r_0|| = 0.730659
Setting time step: 0.1201708838451174 in DGTransportTDO
Setting time step: 0.1201708838451174 in CombinedOp
Setting time step: 0.1201708838451174 in IonStaticPressureOp
norm(r_0) 0
norm(r_1) 0
norm(r_2) 0
norm(r_3) 0.007935420071597039
norm(r_4) 0
Newton iteration  0 : ||r|| = 0.00793542
   Pass :  1   Iteration :   0  ||B r|| = 7.67576e-05 ...
   Pass :  1   Iteration :   8  ||B r|| = 9.57117e-07
norm(r_0) 0
norm(r_1) 0
norm(r_2) 0
norm(r_3) 0.005437725854092495
norm(r_4) 0
Newton iteration  1 : ||r|| = 0.00543773, ||r||/||r_0|| = 0.685247
Setting time step: 0.1201708838451174 in DGTransportTDO
Setting time step: 0.1201708838451174 in CombinedOp
Setting time step: 0.1201708838451174 in IonStaticPressureOp
norm(r_0) 0
norm(r_1) 0
norm(r_2) 0
norm(r_3) 0.00528930577084689
norm(r_4) 0
Newton iteration  0 : ||r|| = 0.00528931
   Pass :  1   Iteration :   0  ||B r|| = 3.81752e-05 ...
   Pass :  1   Iteration :   7  ||B r|| = 9.76467e-07
norm(r_0) 0
norm(r_1) 0
norm(r_2) 0
norm(r_3) 0.002432808464289223
norm(r_4) 0
Newton iteration  1 : ||r|| = 0.00243281, ||r||/||r_0|| = 0.459949
Setting time step: 0.1201708838451174 in DGTransportTDO
Setting time step: 0.1201708838451174 in CombinedOp
Setting time step: 0.1201708838451174 in IonStaticPressureOp
norm(r_0) 0
norm(r_1) 0
norm(r_2) 0
norm(r_3) 0.003725266813507606
norm(r_4) 0
Newton iteration  0 : ||r|| = 0.00372527
   Pass :  1   Iteration :   0  ||B r|| = 1.58665e-05 ...
   Pass :  1   Iteration :   7  ||B r|| = 9.90241e-07
norm(r_0) 0
norm(r_1) 0
norm(r_2) 0
norm(r_3) 0.002654848556145254
norm(r_4) 0
Newton iteration  1 : ||r|| = 0.00265485, ||r||/||r_0|| = 0.71266
Setting time step: 0.1201708838451174 in DGTransportTDO
Setting time step: 0.1201708838451174 in CombinedOp
Setting time step: 0.1201708838451174 in IonStaticPressureOp
norm(r_0) 0
norm(r_1) 0
norm(r_2) 0
norm(r_3) 0.05915820488515595
norm(r_4) 0
Newton iteration  0 : ||r|| = 0.0591582
   Pass :  1   Iteration :   0  ||B r|| = 0.00017661 ...
   Pass :  1   Iteration :   8  ||B r|| = 9.43939e-07
norm(r_0) 0
norm(r_1) 0
norm(r_2) 0
norm(r_3) 0.003555545826811819
norm(r_4) 0
Newton iteration  1 : ||r|| = 0.00355555, ||r||/||r_0|| = 0.0601023
Setting time step: 0.2403417676902347 in DGTransportTDO
Setting time step: 0.2403417676902347 in CombinedOp
Setting time step: 0.2403417676902347 in IonStaticPressureOp
norm(r_0) 0
norm(r_1) 0
norm(r_2) 0
norm(r_3) 0.003555546087766055
norm(r_4) 0
Newton iteration  0 : ||r|| = 0.00355555
   Pass :  1   Iteration :   0  ||B r|| = 1.07658e-06 ...
   Pass :  1   Iteration :   1  ||B r|| = 4.82947e-07
norm(r_0) 0
norm(r_1) 0
norm(r_2) 0
norm(r_3) 0.001666026653355803
norm(r_4) 0
Newton iteration  1 : ||r|| = 0.00166603, ||r||/||r_0|| = 0.468571
Setting time step: 0.2403417676902347 in DGTransportTDO
Setting time step: 0.2403417676902347 in CombinedOp
Setting time step: 0.2403417676902347 in IonStaticPressureOp
norm(r_0) 0
norm(r_1) 0
norm(r_2) 0
norm(r_3) 0.003312320041102899
norm(r_4) 0
Newton iteration  0 : ||r|| = 0.00331232
   Pass :  1   Iteration :   0  ||B r|| = 1.07593e-06 ...
   Pass :  1   Iteration :   1  ||B r|| = 4.85991e-07
norm(r_0) 0
norm(r_1) 0
norm(r_2) 0
norm(r_3) 0.001678270773983275
norm(r_4) 0
Newton iteration  1 : ||r|| = 0.00167827, ||r||/||r_0|| = 0.506675
Setting time step: 0.2403417676902347 in DGTransportTDO
Setting time step: 0.2403417676902347 in CombinedOp
Setting time step: 0.2403417676902347 in IonStaticPressureOp
norm(r_0) 0
norm(r_1) 0
norm(r_2) 0
norm(r_3) 0.00214556217049776
norm(r_4) 0
Newton iteration  0 : ||r|| = 0.00214556
   Pass :  1   Iteration :   0  ||B r|| = 6.94584e-07
norm(r_0) 0
norm(r_1) 0
norm(r_2) 0
norm(r_3) 0.00214556217049776
norm(r_4) 0
Newton iteration  1 : ||r|| = 0.00214556, ||r||/||r_0|| = 1
Setting time step: 0.2403417676902347 in DGTransportTDO
Setting time step: 0.2403417676902347 in CombinedOp
Setting time step: 0.2403417676902347 in IonStaticPressureOp
norm(r_0) 0
norm(r_1) 0
norm(r_2) 0
norm(r_3) 0.001805992022763446
norm(r_4) 0
Newton iteration  0 : ||r|| = 0.00180599
   Pass :  1   Iteration :   0  ||B r|| = 5.58415e-07
norm(r_0) 0
norm(r_1) 0
norm(r_2) 0
norm(r_3) 0.001805992022763446
norm(r_4) 0
Newton iteration  1 : ||r|| = 0.00180599, ||r||/||r_0|| = 1
Setting time step: 0.2403417676902347 in DGTransportTDO
Setting time step: 0.2403417676902347 in CombinedOp
Setting time step: 0.2403417676902347 in IonStaticPressureOp
norm(r_0) 0
norm(r_1) 0
norm(r_2) 0
norm(r_3) 0.01932633724293486
norm(r_4) 0
Newton iteration  0 : ||r|| = 0.0193263
   Pass :  1   Iteration :   0  ||B r|| = 6.97836e-06 ...
   Pass :  1   Iteration :   1  ||B r|| = 5.03244e-07
norm(r_0) 0
norm(r_1) 0
norm(r_2) 0
norm(r_3) 0.003363238768157755
norm(r_4) 0
Newton iteration  1 : ||r|| = 0.00336324, ||r||/||r_0|| = 0.174024
Setting time step: 0.4806835353804695 in DGTransportTDO
Setting time step: 0.4806835353804695 in CombinedOp
Setting time step: 0.4806835353804695 in IonStaticPressureOp
norm(r_0) 0
norm(r_1) 0
norm(r_2) 0
norm(r_3) 0.003363238773588241
norm(r_4) 0
Newton iteration  0 : ||r|| = 0.00336324
   Pass :  1   Iteration :   0  ||B r|| = 2.51572e-07
norm(r_0) 0
norm(r_1) 0
norm(r_2) 0
norm(r_3) 0.003363238773588241
norm(r_4) 0
Newton iteration  1 : ||r|| = 0.00336324, ||r||/||r_0|| = 1
Setting time step: 0.4806835353804695 in DGTransportTDO
Setting time step: 0.4806835353804695 in CombinedOp
Setting time step: 0.4806835353804695 in IonStaticPressureOp
norm(r_0) 0
norm(r_1) 0
norm(r_2) 0
norm(r_3) 0.003363238773588241
norm(r_4) 0
Newton iteration  0 : ||r|| = 0.00336324
   Pass :  1   Iteration :   0  ||B r|| = 2.51572e-07
norm(r_0) 0
norm(r_1) 0
norm(r_2) 0
norm(r_3) 0.003363238773588241
norm(r_4) 0
Newton iteration  1 : ||r|| = 0.00336324, ||r||/||r_0|| = 1
Setting time step: 0.4806835353804695 in DGTransportTDO
Setting time step: 0.4806835353804695 in CombinedOp
Setting time step: 0.4806835353804695 in IonStaticPressureOp
norm(r_0) 0
norm(r_1) 0
norm(r_2) 0
norm(r_3) 0.003363238773588241
norm(r_4) 0
Newton iteration  0 : ||r|| = 0.00336324
   Pass :  1   Iteration :   0  ||B r|| = 2.51572e-07
norm(r_0) 0
norm(r_1) 0
norm(r_2) 0
norm(r_3) 0.003363238773588241
norm(r_4) 0
Newton iteration  1 : ||r|| = 0.00336324, ||r||/||r_0|| = 1
Setting time step: 0.4806835353804695 in DGTransportTDO
Setting time step: 0.4806835353804695 in CombinedOp
Setting time step: 0.4806835353804695 in IonStaticPressureOp
norm(r_0) 0
norm(r_1) 0
norm(r_2) 0
norm(r_3) 0.003363238773588241
norm(r_4) 0
Newton iteration  0 : ||r|| = 0.00336324
   Pass :  1   Iteration :   0  ||B r|| = 2.51572e-07
norm(r_0) 0
norm(r_1) 0
norm(r_2) 0
norm(r_3) 0.003363238773588241
norm(r_4) 0
Newton iteration  1 : ||r|| = 0.00336324, ||r||/||r_0|| = 1
Setting time step: 0.4806835353804695 in DGTransportTDO
Setting time step: 0.4806835353804695 in CombinedOp
Setting time step: 0.4806835353804695 in IonStaticPressureOp
norm(r_0) 0
norm(r_1) 0
norm(r_2) 0
norm(r_3) 0.003363238773588241
norm(r_4) 0
Newton iteration  0 : ||r|| = 0.00336324
   Pass :  1   Iteration :   0  ||B r|| = 2.51572e-07
norm(r_0) 0
norm(r_1) 0
norm(r_2) 0
norm(r_3) 0.003363238773588241
norm(r_4) 0
Newton iteration  1 : ||r|| = 0.00336324, ||r||/||r_0|| = 1
Time stepping paused at t = 4.045347572218904
Steady State solution has been reached

Time stepping done after 11.384689047s.
