0.0220455	4.60073e-16	4.60073e-16	0	0.401176	4.66645e-16
0.0256817	4.60073e-16	4.60073e-16	0	0.386672	4.66645e-16
0.0373366	4.60073e-16	4.60073e-16	0	0.343387	4.66645e-16
0.0460319	4.60073e-16	4.60073e-16	0	0.320524	4.66645e-16
0.0538314	4.60073e-16	4.60073e-16	0	0.495226	4.66645e-16
0.0600369	4.60073e-16	4.60073e-16	0	0.913171	4.66645e-16
0.0661662	4.60073e-16	4.60073e-16	0	0.995176	4.66645e-16
0.0722668	4.60073e-16	4.60073e-16	0	0.999767	4.66645e-16
0.0784049	4.60073e-16	4.60073e-16	0	0.999989	4.66645e-16
0.0845112	4.60073e-16	4.60073e-16	0	0.999999	4.66645e-16
0.0905278	4.60073e-16	4.60073e-16	0	1	4.66645e-16
0.0966125	4.60073e-16	4.60073e-16	0	1	4.66645e-16
0.103067	4.60073e-16	4.60073e-16	0	1	4.66645e-16
0.109195	4.60073e-16	4.60073e-16	0	1	4.66645e-16
0.115331	4.60073e-16	4.60073e-16	0	1	4.66645e-16
0.121431	4.60073e-16	4.60073e-16	0	1	4.66645e-16
0.127507	4.60073e-16	4.60073e-16	0	1	4.66645e-16
0.133873	4.60073e-16	4.60073e-16	0	1	4.66645e-16
0.139995	4.60073e-16	4.60073e-16	0	1	4.66645e-16
0.14607	4.60073e-16	4.60073e-16	0	1	4.66645e-16
0.152167	4.60073e-16	4.60073e-16	0	1	4.66645e-16
0.158085	4.60073e-16	4.60073e-16	0	1	4.66645e-16
0.164332	4.60073e-16	4.60073e-16	0	1	4.66645e-16
0.170236	4.60073e-16	4.60073e-16	0	1	4.66645e-16
0.176535	4.60073e-16	4.60073e-16	0	1	4.66645e-16
0.182525	4.60073e-16	4.60073e-16	0	1	4.66645e-16
0.188594	4.60073e-16	4.60073e-16	0	1	4.66645e-16
0.194694	4.60073e-16	4.60073e-16	0	1	4.66645e-16
0.200694	4.60073e-16	4.60073e-16	0	1	4.66645e-16
0.206812	4.60073e-16	4.60073e-16	0	1	4.66645e-16
0.212903	4.60073e-16	4.60073e-16	0	1	4.66645e-16
0.21926	4.60073e-16	4.60073e-16	0	1	4.66645e-16
0.225358	4.60073e-16	4.60073e-16	0	1	4.66645e-16
0.231505	4.60073e-16	4.60073e-16	0	1	4.66645e-16
0.237605	4.60073e-16	4.60073e-16	0	1	4.66645e-16
0.24365	4.60073e-16	4.60073e-16	0	1	4.66645e-16
0.249757	4.60073e-16	4.60073e-16	0	1	4.66645e-16
0.25592	4.60073e-16	4.60073e-16	0	1	4.66645e-16
0.261882	4.60073e-16	4.60073e-16	0	1	4.66645e-16
0.267819	4.60073e-16	4.60073e-16	0	1	4.66645e-16
0.273979	4.60073e-16	4.60073e-16	0	1	4.66645e-16
0.279877	4.60073e-16	4.60073e-16	0	1	4.66645e-16
0.286465	4.60073e-16	4.60073e-16	0	1	4.66645e-16
0.292654	4.60073e-16	4.60073e-16	0	1	4.66645e-16
0.298556	4.60073e-16	4.60073e-16	0	1	4.66645e-16
0.304886	4.60073e-16	4.60073e-16	0	1	4.66645e-16
0.310954	4.60073e-16	4.60073e-16	0	1	4.66645e-16
0.317051	4.60073e-16	4.60073e-16	0	1	4.66645e-16
0.323335	4.60073e-16	4.60073e-16	0	1	4.66645e-16
0.329287	4.60073e-16	4.60073e-16	0	1	4.66645e-16
0.335194	4.60073e-16	4.60073e-16	0	1	4.66645e-16
0.341397	4.60073e-16	4.60073e-16	0	1	4.66645e-16
0.34758	4.60073e-16	4.60073e-16	0	1	4.66645e-16
0.353483	4.60073e-16	4.60073e-16	0	1	4.66645e-16
0.359785	4.60073e-16	4.60073e-16	0	1	4.66645e-16
0.36575	4.60073e-16	4.60073e-16	0	1	4.66645e-16
0.371702	4.60073e-16	4.60073e-16	0	1	4.66645e-16
0.377604	4.60073e-16	4.60073e-16	0	1	4.66645e-16
0.383897	4.60073e-16	4.60073e-16	0	1	4.66645e-16
0.389852	4.60073e-16	4.60073e-16	0	1	4.66645e-16
0.395774	4.60073e-16	4.60073e-16	0	1	4.66645e-16
0.402088	4.60073e-16	4.60073e-16	0	1	4.66645e-16
0.408091	4.60073e-16	4.60073e-16	0	1	4.66645e-16
0.414232	4.60073e-16	4.60073e-16	0	1	4.66645e-16
0.420267	4.60073e-16	4.60073e-16	0	1	4.66645e-16
0.426385	4.60073e-16	4.60073e-16	0	1	4.66645e-16
0.432526	4.60073e-16	4.60073e-16	0	1	4.66645e-16
0.438627	4.60073e-16	4.60073e-16	0	1	4.66645e-16
0.444727	4.60073e-16	4.60073e-16	0	1	4.66645e-16
0.450889	4.60073e-16	4.60073e-16	0	1	4.66645e-16
0.457022	4.60073e-16	4.60073e-16	0	1	4.66645e-16
0.463106	4.60073e-16	4.60073e-16	0	1	4.66645e-16
0.469212	4.60073e-16	4.60073e-16	0	1	4.66645e-16
0.475275	4.60073e-16	4.60073e-16	0	1	4.66645e-16
0.481373	4.60073e-16	4.60073e-16	0	1	4.66645e-16
0.48736	4.60073e-16	4.60073e-16	0	1	4.66645e-16
0.493396	4.60073e-16	4.60073e-16	0	1	4.66645e-16
0.49952	4.60073e-16	4.60073e-16	0	1	4.66645e-16
0.505642	4.60073e-16	4.60073e-16	0	1	4.66645e-16
0.511746	4.60073e-16	4.60073e-16	0	1	4.66645e-16
0.517996	4.60073e-16	4.60073e-16	0	1	4.66645e-16
0.523957	4.60073e-16	4.60073e-16	0	1	4.66645e-16
0.529892	4.60073e-16	4.60073e-16	0	1	4.66645e-16
0.535993	4.60073e-16	4.60073e-16	0	1	4.66645e-16
0.542235	4.60073e-16	4.60073e-16	0	1	4.66645e-16
0.548196	4.60073e-16	4.60073e-16	0	1	4.66645e-16
0.554132	4.60073e-16	4.60073e-16	0	1	4.66645e-16
0.560331	4.60073e-16	4.60073e-16	0	1	4.66645e-16
0.566254	4.60073e-16	4.60073e-16	0	1	4.66645e-16
0.572512	4.60073e-16	4.60073e-16	0	1	4.66645e-16
0.578433	4.60073e-16	4.60073e-16	0	1	4.66645e-16
0.584646	4.60073e-16	4.60073e-16	0	1	4.66645e-16
0.590792	4.60073e-16	4.60073e-16	0	1	4.66645e-16
0.596818	4.60073e-16	4.60073e-16	0	1	4.66645e-16
0.60295	4.60073e-16	4.60073e-16	0	1	4.66645e-16
0.609017	4.60073e-16	4.60073e-16	0	1	4.66645e-16
0.615507	4.60073e-16	4.60073e-16	0	1	4.66645e-16
0.621609	4.60073e-16	4.60073e-16	0	1	4.66645e-16
0.62795	4.60073e-16	4.60073e-16	0	1	4.66645e-16
0.634036	4.60073e-16	4.60073e-16	0	1	4.66645e-16
0.640167	4.60073e-16	4.60073e-16	0	1	4.66645e-16
0.646264	4.60073e-16	4.60073e-16	0	1	4.66645e-16
0.652322	4.60073e-16	4.60073e-16	0	1	4.66645e-16
0.65869	4.60073e-16	4.60073e-16	0	1	4.66645e-16
0.6648	4.60073e-16	4.60073e-16	0	1	4.66645e-16
0.670977	4.60073e-16	4.60073e-16	0	1	4.66645e-16
0.676895	4.60073e-16	4.60073e-16	0	1	4.66645e-16
0.683098	4.60073e-16	4.60073e-16	0	1	4.66645e-16
0.689297	4.60073e-16	4.60073e-16	0	1	4.66645e-16
0.69521	4.60073e-16	4.60073e-16	0	1	4.66645e-16
