Options used:
   --mesh ../../mfem/data/inline-quad.mesh
   --bc-file ../../mfem/miniapps/plasma/transport2d_bcs.inp
   --ic-file ../../mfem/miniapps/plasma/transport2d_ics.inp
   --ec-file /home/gz6/mfem-analysis/input-files/transport2d_ecs.inp
   --es-file ../../mfem/miniapps/plasma/transport2d_ess.inp
   --eqdsk-file 
   --logging 1
   --operator-test 8
   --equation-weights '1 1 1 1 1'
   --problem 0
   --refine-serial 3
   --refine-parallel 0
   --enable-amr
   --max-err -1
   --hysteresis 0.25
   --nc-limit 3
   --amr-weights '1 1 1 1 1'
   --order 3
   --dg-sigma -1
   --dg-kappa 16
   --linear-abs-tolerance 1e-06
   --linear-rel-tolerance 1e-06
   --linear-max-iterations 300
   --linear-logging-level 3
   --newton-abs-tolerance 1e-10
   --newton-rel-tolerance 1e-10
   --newton-max-iterations 1
   --newton-logging-level 1
   --steady-state-abs-tolerance 1e-08
   --steady-state-rel-tolerance 1e-08
   --prec-type 2
   --prec-logging-level 0
   --initial-tolerance 1e-05
   --ode-tolerance 0.001
   --ode-solver 2
   --err-per-step
   --ode-weights '1 1 1 1 1'
   --kP 0
   --kI 0.6
   --kD 0
   --theta-max 2
   --t-minimum 0
   --t-final 100
   --time-step 0.01
   --cfl-number 0.3
   --ion-charge 1
   --ion-mass 2.0141018
   --neutral-mass 2.0141018
   --neutral-temp 3
   --min-neutral-density 9e+14
   --max-neutral-density 1e+15
   --neutral-density-exp 0
   --min-ion-density 1e+16
   --max-ion-density 1e+18
   --ion-density-exp 0
   --min-ion-temp 1
   --max-ion-temp 10
   --ion-temp-exp 0
   --min-electron-temp 10
   --max-electron-temp 440
   --electron-temp-exp 0
   --total-B-magnitude 5
   --poloidal-B-magnitude 0.5
   --velocity 1000
   --Di-perp 1
   --Xi-perp 1
   --Xe-perp 1
   --equation-term-flags '-1 -1 -1 -1 -1'
   --visualization-flags '-1 -1 -1 -1 -1'
   --visualization
   --visit-datafiles
   --ascii-datafiles
   --visualization-steps 4
Device configuration: cpu
Memory configuration: host-std
Number of elements in initial mesh: 16
Number of elements after serial refinement: 1024
0: Number of elements in parallel mesh: 1024
0: Number of elements after parallel refinement: 1024
Configuring initial conditions
Reading initial conditions from ../../mfem/miniapps/plasma/transport2d_ics.inp
Configuring exact solutions
Reading exact solutions from ../../mfem/miniapps/plasma/transport2d_ess.inp

AMR iteration 0
Number of unknowns: 16384
Stopping criterion satisfied. Stop.
Number of unknowns per field: 16384
Total number of unknowns:     81920
Configuring boundary conditions
Reading boundary conditions from ../../mfem/miniapps/plasma/transport2d_bcs.inp
Configuring equation coefficients
Reading equation coefficients from /home/gz6/mfem-analysis/input-files/transport2d_ecs.inp
|mn| = 3.3444946e-27
|ni| = 1
|ne| = 1

|Dn|     = -nan
|Di|     = -nan
|Eta|    = -nan
|nXi|    = -nan
|nXe|    = -nan

|Eta/mn| = -nan
|nXi/ni| = -nan
|nXe/ne| = -nan
Ion Static Pressure: Adding time derivative term proportional to d n_i / dt
Ion Static Pressure: Adding time derivative term proportional to d T_i / dt
Ion Static Pressure: Adding anisotropic diffusion term
Ion Static Pressure: Adding source term
Opening GLVis sockets.
Range of error estimates for initial condition: -nan < elem err < -nan

Begin time stepping at t = 0
Setting time step: 0.0025 in DGTransportTDO
Setting time step: 0.0025 in CombinedOp
Setting time step: 0.0025 in IonStaticPressureOp
norm(r_0) 0
norm(r_1) 0
norm(r_2) 0
norm(r_3) 0.084245755
norm(r_4) 0
Newton iteration  0 : ||r|| = 0.0842458

** Memory Usage **********************************
** NUMfact space (MB): (sum-of-all-processes)
    L\U :            2.18 |  Total :     4.17
** Total highmark (MB):
    Sum-of-all :    22.50 | Avg :    22.50  | Max :    22.50
**************************************************

** Memory Usage **********************************
** NUMfact space (MB): (sum-of-all-processes)
    L\U :            2.18 |  Total :     4.17
** Total highmark (MB):
    Sum-of-all :    22.50 | Avg :    22.50  | Max :    22.50
**************************************************

** Memory Usage **********************************
** NUMfact space (MB): (sum-of-all-processes)
    L\U :            2.18 |  Total :     4.17
** Total highmark (MB):
    Sum-of-all :    22.50 | Avg :    22.50  | Max :    22.50
**************************************************

** Memory Usage **********************************
** NUMfact space (MB): (sum-of-all-processes)
    L\U :          152.26 |  Total :   178.64
** Total highmark (MB):
    Sum-of-all :   187.67 | Avg :   187.67  | Max :   187.67
**************************************************

** Memory Usage **********************************
** NUMfact space (MB): (sum-of-all-processes)
    L\U :            2.18 |  Total :     4.17
** Total highmark (MB):
    Sum-of-all :    22.50 | Avg :    22.50  | Max :    22.50
**************************************************
   Pass :  1   Iteration :   0  ||B r|| = 815.381 ...
   Pass :  1   Iteration :   1  ||B r|| = 1.08094e-09
norm(r_0) 0
norm(r_1) 0
norm(r_2) 0
norm(r_3) 2.9525249e-12
norm(r_4) 0
Newton iteration  1 : ||r|| = 2.95252e-12, ||r||/||r_0|| = 3.50466e-11
Setting time step: 0.0025 in DGTransportTDO
Setting time step: 0.0025 in CombinedOp
Setting time step: 0.0025 in IonStaticPressureOp
norm(r_0) 0
norm(r_1) 0
norm(r_2) 0
norm(r_3) 0.078879158
norm(r_4) 0
Newton iteration  0 : ||r|| = 0.0788792

** Memory Usage **********************************
** NUMfact space (MB): (sum-of-all-processes)
    L\U :            2.18 |  Total :     4.17
** Total highmark (MB):
    Sum-of-all :    22.50 | Avg :    22.50  | Max :    22.50
**************************************************

** Memory Usage **********************************
** NUMfact space (MB): (sum-of-all-processes)
    L\U :            2.18 |  Total :     4.17
** Total highmark (MB):
    Sum-of-all :    22.50 | Avg :    22.50  | Max :    22.50
**************************************************

** Memory Usage **********************************
** NUMfact space (MB): (sum-of-all-processes)
    L\U :            2.18 |  Total :     4.17
** Total highmark (MB):
    Sum-of-all :    22.50 | Avg :    22.50  | Max :    22.50
**************************************************

** Memory Usage **********************************
** NUMfact space (MB): (sum-of-all-processes)
    L\U :          152.26 |  Total :   178.64
** Total highmark (MB):
    Sum-of-all :   187.67 | Avg :   187.67  | Max :   187.67
**************************************************

** Memory Usage **********************************
** NUMfact space (MB): (sum-of-all-processes)
    L\U :            2.18 |  Total :     4.17
** Total highmark (MB):
    Sum-of-all :    22.50 | Avg :    22.50  | Max :    22.50
**************************************************
   Pass :  1   Iteration :   0  ||B r|| = 763.44 ...
   Pass :  1   Iteration :   1  ||B r|| = 7.78954e-10
norm(r_0) 0
norm(r_1) 0
norm(r_2) 0
norm(r_3) 3.9518556e-12
norm(r_4) 0
Newton iteration  1 : ||r|| = 3.95186e-12, ||r||/||r_0|| = 5.01001e-11
Setting time step: 0.0025 in DGTransportTDO
Setting time step: 0.0025 in CombinedOp
Setting time step: 0.0025 in IonStaticPressureOp
norm(r_0) 0
norm(r_1) 0
norm(r_2) 0
norm(r_3) 0.080998448
norm(r_4) 0
Newton iteration  0 : ||r|| = 0.0809984

** Memory Usage **********************************
** NUMfact space (MB): (sum-of-all-processes)
    L\U :            2.18 |  Total :     4.17
** Total highmark (MB):
    Sum-of-all :    22.50 | Avg :    22.50  | Max :    22.50
**************************************************

** Memory Usage **********************************
** NUMfact space (MB): (sum-of-all-processes)
    L\U :            2.18 |  Total :     4.17
** Total highmark (MB):
    Sum-of-all :    22.50 | Avg :    22.50  | Max :    22.50
**************************************************

** Memory Usage **********************************
** NUMfact space (MB): (sum-of-all-processes)
    L\U :            2.18 |  Total :     4.17
** Total highmark (MB):
    Sum-of-all :    22.50 | Avg :    22.50  | Max :    22.50
**************************************************

** Memory Usage **********************************
** NUMfact space (MB): (sum-of-all-processes)
    L\U :          152.26 |  Total :   178.64
** Total highmark (MB):
    Sum-of-all :   187.67 | Avg :   187.67  | Max :   187.67
**************************************************

** Memory Usage **********************************
** NUMfact space (MB): (sum-of-all-processes)
    L\U :            2.18 |  Total :     4.17
** Total highmark (MB):
    Sum-of-all :    22.50 | Avg :    22.50  | Max :    22.50
**************************************************
   Pass :  1   Iteration :   0  ||B r|| = 783.952 ...
   Pass :  1   Iteration :   1  ||B r|| = 1.02279e-09
norm(r_0) 0
norm(r_1) 0
norm(r_2) 0
norm(r_3) 3.4813238e-12
norm(r_4) 0
Newton iteration  1 : ||r|| = 3.48132e-12, ||r||/||r_0|| = 4.29801e-11
Setting time step: 0.0025 in DGTransportTDO
Setting time step: 0.0025 in CombinedOp
Setting time step: 0.0025 in IonStaticPressureOp
norm(r_0) 0
norm(r_1) 0
norm(r_2) 0
norm(r_3) 0.081539427
norm(r_4) 0
Newton iteration  0 : ||r|| = 0.0815394

** Memory Usage **********************************
** NUMfact space (MB): (sum-of-all-processes)
    L\U :            2.18 |  Total :     4.17
** Total highmark (MB):
    Sum-of-all :    22.50 | Avg :    22.50  | Max :    22.50
**************************************************

** Memory Usage **********************************
** NUMfact space (MB): (sum-of-all-processes)
    L\U :            2.18 |  Total :     4.17
** Total highmark (MB):
    Sum-of-all :    22.50 | Avg :    22.50  | Max :    22.50
**************************************************

** Memory Usage **********************************
** NUMfact space (MB): (sum-of-all-processes)
    L\U :            2.18 |  Total :     4.17
** Total highmark (MB):
    Sum-of-all :    22.50 | Avg :    22.50  | Max :    22.50
**************************************************

** Memory Usage **********************************
** NUMfact space (MB): (sum-of-all-processes)
    L\U :          152.26 |  Total :   178.64
** Total highmark (MB):
    Sum-of-all :   187.67 | Avg :   187.67  | Max :   187.67
**************************************************

** Memory Usage **********************************
** NUMfact space (MB): (sum-of-all-processes)
    L\U :            2.18 |  Total :     4.17
** Total highmark (MB):
    Sum-of-all :    22.50 | Avg :    22.50  | Max :    22.50
**************************************************
   Pass :  1   Iteration :   0  ||B r|| = 789.188 ...
   Pass :  1   Iteration :   1  ||B r|| = 1.07953e-09
norm(r_0) 0
norm(r_1) 0
norm(r_2) 0
norm(r_3) 3.3697443e-12
norm(r_4) 0
Newton iteration  1 : ||r|| = 3.36974e-12, ||r||/||r_0|| = 4.13266e-11
Setting time step: 0.0025 in DGTransportTDO
Setting time step: 0.0025 in CombinedOp
Setting time step: 0.0025 in IonStaticPressureOp
norm(r_0) 0
norm(r_1) 0
norm(r_2) 0
norm(r_3) 0.076287768
norm(r_4) 0
Newton iteration  0 : ||r|| = 0.0762878

** Memory Usage **********************************
** NUMfact space (MB): (sum-of-all-processes)
    L\U :            2.18 |  Total :     4.17
** Total highmark (MB):
    Sum-of-all :    22.50 | Avg :    22.50  | Max :    22.50
**************************************************

** Memory Usage **********************************
** NUMfact space (MB): (sum-of-all-processes)
    L\U :            2.18 |  Total :     4.17
** Total highmark (MB):
    Sum-of-all :    22.50 | Avg :    22.50  | Max :    22.50
**************************************************

** Memory Usage **********************************
** NUMfact space (MB): (sum-of-all-processes)
    L\U :            2.18 |  Total :     4.17
** Total highmark (MB):
    Sum-of-all :    22.50 | Avg :    22.50  | Max :    22.50
**************************************************

** Memory Usage **********************************
** NUMfact space (MB): (sum-of-all-processes)
    L\U :          152.26 |  Total :   178.64
** Total highmark (MB):
    Sum-of-all :   187.67 | Avg :   187.67  | Max :   187.67
**************************************************

** Memory Usage **********************************
** NUMfact space (MB): (sum-of-all-processes)
    L\U :            2.18 |  Total :     4.17
** Total highmark (MB):
    Sum-of-all :    22.50 | Avg :    22.50  | Max :    22.50
**************************************************
   Pass :  1   Iteration :   0  ||B r|| = 738.359 ...
   Pass :  1   Iteration :   1  ||B r|| = 6.65846e-10
norm(r_0) 0
norm(r_1) 0
norm(r_2) 0
norm(r_3) 4.8521904e-12
norm(r_4) 0
Newton iteration  1 : ||r|| = 4.85219e-12, ||r||/||r_0|| = 6.36038e-11
Setting time step: 0.005 in DGTransportTDO
Setting time step: 0.005 in CombinedOp
Setting time step: 0.005 in IonStaticPressureOp
norm(r_0) 0
norm(r_1) 0
norm(r_2) 0
norm(r_3) 0.073857937
norm(r_4) 0
Newton iteration  0 : ||r|| = 0.0738579

** Memory Usage **********************************
** NUMfact space (MB): (sum-of-all-processes)
    L\U :            2.18 |  Total :     4.17
** Total highmark (MB):
    Sum-of-all :    22.50 | Avg :    22.50  | Max :    22.50
**************************************************

** Memory Usage **********************************
** NUMfact space (MB): (sum-of-all-processes)
    L\U :            2.18 |  Total :     4.17
** Total highmark (MB):
    Sum-of-all :    22.50 | Avg :    22.50  | Max :    22.50
**************************************************

** Memory Usage **********************************
** NUMfact space (MB): (sum-of-all-processes)
    L\U :            2.18 |  Total :     4.17
** Total highmark (MB):
    Sum-of-all :    22.50 | Avg :    22.50  | Max :    22.50
**************************************************

** Memory Usage **********************************
** NUMfact space (MB): (sum-of-all-processes)
    L\U :          152.26 |  Total :   178.64
** Total highmark (MB):
    Sum-of-all :   187.67 | Avg :   187.67  | Max :   187.67
**************************************************

** Memory Usage **********************************
** NUMfact space (MB): (sum-of-all-processes)
    L\U :            2.18 |  Total :     4.17
** Total highmark (MB):
    Sum-of-all :    22.50 | Avg :    22.50  | Max :    22.50
**************************************************
   Pass :  1   Iteration :   0  ||B r|| = 692.776 ...
   Pass :  1   Iteration :   1  ||B r|| = 1.12416e-09
norm(r_0) 0
norm(r_1) 0
norm(r_2) 0
norm(r_3) 7.4576862e-12
norm(r_4) 0
Newton iteration  1 : ||r|| = 7.45769e-12, ||r||/||r_0|| = 1.00973e-10
Setting time step: 0.005 in DGTransportTDO
Setting time step: 0.005 in CombinedOp
Setting time step: 0.005 in IonStaticPressureOp
norm(r_0) 0
norm(r_1) 0
norm(r_2) 0
norm(r_3) 0.064738647
norm(r_4) 0
Newton iteration  0 : ||r|| = 0.0647386

** Memory Usage **********************************
** NUMfact space (MB): (sum-of-all-processes)
    L\U :            2.18 |  Total :     4.17
** Total highmark (MB):
    Sum-of-all :    22.50 | Avg :    22.50  | Max :    22.50
**************************************************

** Memory Usage **********************************
** NUMfact space (MB): (sum-of-all-processes)
    L\U :            2.18 |  Total :     4.17
** Total highmark (MB):
    Sum-of-all :    22.50 | Avg :    22.50  | Max :    22.50
**************************************************

** Memory Usage **********************************
** NUMfact space (MB): (sum-of-all-processes)
    L\U :            2.18 |  Total :     4.17
** Total highmark (MB):
    Sum-of-all :    22.50 | Avg :    22.50  | Max :    22.50
**************************************************

** Memory Usage **********************************
** NUMfact space (MB): (sum-of-all-processes)
    L\U :          152.26 |  Total :   178.64
** Total highmark (MB):
    Sum-of-all :   187.67 | Avg :   187.67  | Max :   187.67
**************************************************

** Memory Usage **********************************
** NUMfact space (MB): (sum-of-all-processes)
    L\U :            2.18 |  Total :     4.17
** Total highmark (MB):
    Sum-of-all :    22.50 | Avg :    22.50  | Max :    22.50
**************************************************
   Pass :  1   Iteration :   0  ||B r|| = 607.239 ...
   Pass :  1   Iteration :   1  ||B r|| = 8.29859e-10
norm(r_0) 0
norm(r_1) 0
norm(r_2) 0
norm(r_3) 1.015603e-11
norm(r_4) 0
Newton iteration  1 : ||r|| = 1.0156e-11, ||r||/||r_0|| = 1.56877e-10
Setting time step: 0.005 in DGTransportTDO
Setting time step: 0.005 in CombinedOp
Setting time step: 0.005 in IonStaticPressureOp
norm(r_0) 0
norm(r_1) 0
norm(r_2) 0
norm(r_3) 0.068296286
norm(r_4) 0
Newton iteration  0 : ||r|| = 0.0682963

** Memory Usage **********************************
** NUMfact space (MB): (sum-of-all-processes)
    L\U :            2.18 |  Total :     4.17
** Total highmark (MB):
    Sum-of-all :    22.50 | Avg :    22.50  | Max :    22.50
**************************************************

** Memory Usage **********************************
** NUMfact space (MB): (sum-of-all-processes)
    L\U :            2.18 |  Total :     4.17
** Total highmark (MB):
    Sum-of-all :    22.50 | Avg :    22.50  | Max :    22.50
**************************************************

** Memory Usage **********************************
** NUMfact space (MB): (sum-of-all-processes)
    L\U :            2.18 |  Total :     4.17
** Total highmark (MB):
    Sum-of-all :    22.50 | Avg :    22.50  | Max :    22.50
**************************************************

** Memory Usage **********************************
** NUMfact space (MB): (sum-of-all-processes)
    L\U :          152.26 |  Total :   178.64
** Total highmark (MB):
    Sum-of-all :   187.67 | Avg :   187.67  | Max :   187.67
**************************************************

** Memory Usage **********************************
** NUMfact space (MB): (sum-of-all-processes)
    L\U :            2.18 |  Total :     4.17
** Total highmark (MB):
    Sum-of-all :    22.50 | Avg :    22.50  | Max :    22.50
**************************************************
   Pass :  1   Iteration :   0  ||B r|| = 640.609 ...
   Pass :  1   Iteration :   1  ||B r|| = 4.70488e-10
norm(r_0) 0
norm(r_1) 0
norm(r_2) 0
norm(r_3) 9.0823444e-12
norm(r_4) 0
Newton iteration  1 : ||r|| = 9.08234e-12, ||r||/||r_0|| = 1.32984e-10
Setting time step: 0.005 in DGTransportTDO
Setting time step: 0.005 in CombinedOp
Setting time step: 0.005 in IonStaticPressureOp
norm(r_0) 0
norm(r_1) 0
norm(r_2) 0
norm(r_3) 0.069222737
norm(r_4) 0
Newton iteration  0 : ||r|| = 0.0692227

** Memory Usage **********************************
** NUMfact space (MB): (sum-of-all-processes)
    L\U :            2.18 |  Total :     4.17
** Total highmark (MB):
    Sum-of-all :    22.50 | Avg :    22.50  | Max :    22.50
**************************************************

** Memory Usage **********************************
** NUMfact space (MB): (sum-of-all-processes)
    L\U :            2.18 |  Total :     4.17
** Total highmark (MB):
    Sum-of-all :    22.50 | Avg :    22.50  | Max :    22.50
**************************************************

** Memory Usage **********************************
** NUMfact space (MB): (sum-of-all-processes)
    L\U :            2.18 |  Total :     4.17
** Total highmark (MB):
    Sum-of-all :    22.50 | Avg :    22.50  | Max :    22.50
**************************************************

** Memory Usage **********************************
** NUMfact space (MB): (sum-of-all-processes)
    L\U :          152.26 |  Total :   178.64
** Total highmark (MB):
    Sum-of-all :   187.67 | Avg :   187.67  | Max :   187.67
**************************************************

** Memory Usage **********************************
** NUMfact space (MB): (sum-of-all-processes)
    L\U :            2.18 |  Total :     4.17
** Total highmark (MB):
    Sum-of-all :    22.50 | Avg :    22.50  | Max :    22.50
**************************************************
   Pass :  1   Iteration :   0  ||B r|| = 649.299 ...
   Pass :  1   Iteration :   1  ||B r|| = 7.20282e-10
norm(r_0) 0
norm(r_1) 0
norm(r_2) 0
norm(r_3) 8.7275332e-12
norm(r_4) 0
Newton iteration  1 : ||r|| = 8.72753e-12, ||r||/||r_0|| = 1.26079e-10
Setting time step: 0.005 in DGTransportTDO
Setting time step: 0.005 in CombinedOp
Setting time step: 0.005 in IonStaticPressureOp
norm(r_0) 0
norm(r_1) 0
norm(r_2) 0
norm(r_3) 0.060502115
norm(r_4) 0
Newton iteration  0 : ||r|| = 0.0605021

** Memory Usage **********************************
** NUMfact space (MB): (sum-of-all-processes)
    L\U :            2.18 |  Total :     4.17
** Total highmark (MB):
    Sum-of-all :    22.50 | Avg :    22.50  | Max :    22.50
**************************************************

** Memory Usage **********************************
** NUMfact space (MB): (sum-of-all-processes)
    L\U :            2.18 |  Total :     4.17
** Total highmark (MB):
    Sum-of-all :    22.50 | Avg :    22.50  | Max :    22.50
**************************************************

** Memory Usage **********************************
** NUMfact space (MB): (sum-of-all-processes)
    L\U :            2.18 |  Total :     4.17
** Total highmark (MB):
    Sum-of-all :    22.50 | Avg :    22.50  | Max :    22.50
**************************************************

** Memory Usage **********************************
** NUMfact space (MB): (sum-of-all-processes)
    L\U :          152.26 |  Total :   178.64
** Total highmark (MB):
    Sum-of-all :   187.67 | Avg :   187.67  | Max :   187.67
**************************************************

** Memory Usage **********************************
** NUMfact space (MB): (sum-of-all-processes)
    L\U :            2.18 |  Total :     4.17
** Total highmark (MB):
    Sum-of-all :    22.50 | Avg :    22.50  | Max :    22.50
**************************************************
   Pass :  1   Iteration :   0  ||B r|| = 567.501 ...
   Pass :  1   Iteration :   1  ||B r|| = 4.4642e-10
norm(r_0) 0
norm(r_1) 0
norm(r_2) 0
norm(r_3) 1.1562589e-11
norm(r_4) 0
Newton iteration  1 : ||r|| = 1.15626e-11, ||r||/||r_0|| = 1.9111e-10
Setting time step: 0.01 in DGTransportTDO
Setting time step: 0.01 in CombinedOp
Setting time step: 0.01 in IonStaticPressureOp
norm(r_0) 0
norm(r_1) 0
norm(r_2) 0
norm(r_3) 0.056766996
norm(r_4) 0
Newton iteration  0 : ||r|| = 0.056767

** Memory Usage **********************************
** NUMfact space (MB): (sum-of-all-processes)
    L\U :            2.18 |  Total :     4.17
** Total highmark (MB):
    Sum-of-all :    22.50 | Avg :    22.50  | Max :    22.50
**************************************************

** Memory Usage **********************************
** NUMfact space (MB): (sum-of-all-processes)
    L\U :            2.18 |  Total :     4.17
** Total highmark (MB):
    Sum-of-all :    22.50 | Avg :    22.50  | Max :    22.50
**************************************************

** Memory Usage **********************************
** NUMfact space (MB): (sum-of-all-processes)
    L\U :            2.18 |  Total :     4.17
** Total highmark (MB):
    Sum-of-all :    22.50 | Avg :    22.50  | Max :    22.50
**************************************************

** Memory Usage **********************************
** NUMfact space (MB): (sum-of-all-processes)
    L\U :          152.26 |  Total :   178.64
** Total highmark (MB):
    Sum-of-all :   187.67 | Avg :   187.67  | Max :   187.67
**************************************************

** Memory Usage **********************************
** NUMfact space (MB): (sum-of-all-processes)
    L\U :            2.18 |  Total :     4.17
** Total highmark (MB):
    Sum-of-all :    22.50 | Avg :    22.50  | Max :    22.50
**************************************************
   Pass :  1   Iteration :   0  ||B r|| = 501.505 ...
   Pass :  1   Iteration :   1  ||B r|| = 4.79894e-10
norm(r_0) 0
norm(r_1) 0
norm(r_2) 0
norm(r_3) 1.5179527e-11
norm(r_4) 0
Newton iteration  1 : ||r|| = 1.51795e-11, ||r||/||r_0|| = 2.67401e-10
Setting time step: 0.01 in DGTransportTDO
Setting time step: 0.01 in CombinedOp
Setting time step: 0.01 in IonStaticPressureOp
norm(r_0) 0
norm(r_1) 0
norm(r_2) 0
norm(r_3) 0.04356397
norm(r_4) 0
Newton iteration  0 : ||r|| = 0.043564

** Memory Usage **********************************
** NUMfact space (MB): (sum-of-all-processes)
    L\U :            2.18 |  Total :     4.17
** Total highmark (MB):
    Sum-of-all :    22.50 | Avg :    22.50  | Max :    22.50
**************************************************

** Memory Usage **********************************
** NUMfact space (MB): (sum-of-all-processes)
    L\U :            2.18 |  Total :     4.17
** Total highmark (MB):
    Sum-of-all :    22.50 | Avg :    22.50  | Max :    22.50
**************************************************

** Memory Usage **********************************
** NUMfact space (MB): (sum-of-all-processes)
    L\U :            2.18 |  Total :     4.17
** Total highmark (MB):
    Sum-of-all :    22.50 | Avg :    22.50  | Max :    22.50
**************************************************

** Memory Usage **********************************
** NUMfact space (MB): (sum-of-all-processes)
    L\U :          152.26 |  Total :   178.64
** Total highmark (MB):
    Sum-of-all :   187.67 | Avg :   187.67  | Max :   187.67
**************************************************

** Memory Usage **********************************
** NUMfact space (MB): (sum-of-all-processes)
    L\U :            2.18 |  Total :     4.17
** Total highmark (MB):
    Sum-of-all :    22.50 | Avg :    22.50  | Max :    22.50
**************************************************
   Pass :  1   Iteration :   0  ||B r|| = 384.864 ...
   Pass :  1   Iteration :   1  ||B r|| = 6.15416e-10
norm(r_0) 0
norm(r_1) 0
norm(r_2) 0
norm(r_3) 1.9393323e-11
norm(r_4) 0
Newton iteration  1 : ||r|| = 1.93933e-11, ||r||/||r_0|| = 4.45169e-10
Setting time step: 0.01 in DGTransportTDO
Setting time step: 0.01 in CombinedOp
Setting time step: 0.01 in IonStaticPressureOp
norm(r_0) 0
norm(r_1) 0
norm(r_2) 0
norm(r_3) 0.048599517
norm(r_4) 0
Newton iteration  0 : ||r|| = 0.0485995

** Memory Usage **********************************
** NUMfact space (MB): (sum-of-all-processes)
    L\U :            2.18 |  Total :     4.17
** Total highmark (MB):
    Sum-of-all :    22.50 | Avg :    22.50  | Max :    22.50
**************************************************

** Memory Usage **********************************
** NUMfact space (MB): (sum-of-all-processes)
    L\U :            2.18 |  Total :     4.17
** Total highmark (MB):
    Sum-of-all :    22.50 | Avg :    22.50  | Max :    22.50
**************************************************

** Memory Usage **********************************
** NUMfact space (MB): (sum-of-all-processes)
    L\U :            2.18 |  Total :     4.17
** Total highmark (MB):
    Sum-of-all :    22.50 | Avg :    22.50  | Max :    22.50
**************************************************

** Memory Usage **********************************
** NUMfact space (MB): (sum-of-all-processes)
    L\U :          152.26 |  Total :   178.64
** Total highmark (MB):
    Sum-of-all :   187.67 | Avg :   187.67  | Max :   187.67
**************************************************

** Memory Usage **********************************
** NUMfact space (MB): (sum-of-all-processes)
    L\U :            2.18 |  Total :     4.17
** Total highmark (MB):
    Sum-of-all :    22.50 | Avg :    22.50  | Max :    22.50
**************************************************
   Pass :  1   Iteration :   0  ||B r|| = 429.35 ...
   Pass :  1   Iteration :   1  ||B r|| = 9.96617e-10
norm(r_0) 0
norm(r_1) 0
norm(r_2) 0
norm(r_3) 1.7613268e-11
norm(r_4) 0
Newton iteration  1 : ||r|| = 1.76133e-11, ||r||/||r_0|| = 3.62417e-10
Setting time step: 0.01 in DGTransportTDO
Setting time step: 0.01 in CombinedOp
Setting time step: 0.01 in IonStaticPressureOp
norm(r_0) 0
norm(r_1) 0
norm(r_2) 0
norm(r_3) 0.049960904
norm(r_4) 0
Newton iteration  0 : ||r|| = 0.0499609

** Memory Usage **********************************
** NUMfact space (MB): (sum-of-all-processes)
    L\U :            2.18 |  Total :     4.17
** Total highmark (MB):
    Sum-of-all :    22.50 | Avg :    22.50  | Max :    22.50
**************************************************

** Memory Usage **********************************
** NUMfact space (MB): (sum-of-all-processes)
    L\U :            2.18 |  Total :     4.17
** Total highmark (MB):
    Sum-of-all :    22.50 | Avg :    22.50  | Max :    22.50
**************************************************

** Memory Usage **********************************
** NUMfact space (MB): (sum-of-all-processes)
    L\U :            2.18 |  Total :     4.17
** Total highmark (MB):
    Sum-of-all :    22.50 | Avg :    22.50  | Max :    22.50
**************************************************

** Memory Usage **********************************
** NUMfact space (MB): (sum-of-all-processes)
    L\U :          152.26 |  Total :   178.64
** Total highmark (MB):
    Sum-of-all :   187.67 | Avg :   187.67  | Max :   187.67
**************************************************

** Memory Usage **********************************
** NUMfact space (MB): (sum-of-all-processes)
    L\U :            2.18 |  Total :     4.17
** Total highmark (MB):
    Sum-of-all :    22.50 | Avg :    22.50  | Max :    22.50
**************************************************
   Pass :  1   Iteration :   0  ||B r|| = 441.377 ...
   Pass :  1   Iteration :   1  ||B r|| = 9.99724e-10
norm(r_0) 0
norm(r_1) 0
norm(r_2) 0
norm(r_3) 1.7296978e-11
norm(r_4) 0
Newton iteration  1 : ||r|| = 1.7297e-11, ||r||/||r_0|| = 3.4621e-10
Setting time step: 0.01 in DGTransportTDO
Setting time step: 0.01 in CombinedOp
Setting time step: 0.01 in IonStaticPressureOp
norm(r_0) 0
norm(r_1) 0
norm(r_2) 0
norm(r_3) 0.037948851
norm(r_4) 0
Newton iteration  0 : ||r|| = 0.0379489

** Memory Usage **********************************
** NUMfact space (MB): (sum-of-all-processes)
    L\U :            2.18 |  Total :     4.17
** Total highmark (MB):
    Sum-of-all :    22.50 | Avg :    22.50  | Max :    22.50
**************************************************

** Memory Usage **********************************
** NUMfact space (MB): (sum-of-all-processes)
    L\U :            2.18 |  Total :     4.17
** Total highmark (MB):
    Sum-of-all :    22.50 | Avg :    22.50  | Max :    22.50
**************************************************

** Memory Usage **********************************
** NUMfact space (MB): (sum-of-all-processes)
    L\U :            2.18 |  Total :     4.17
** Total highmark (MB):
    Sum-of-all :    22.50 | Avg :    22.50  | Max :    22.50
**************************************************

** Memory Usage **********************************
** NUMfact space (MB): (sum-of-all-processes)
    L\U :          152.26 |  Total :   178.64
** Total highmark (MB):
    Sum-of-all :   187.67 | Avg :   187.67  | Max :   187.67
**************************************************

** Memory Usage **********************************
** NUMfact space (MB): (sum-of-all-processes)
    L\U :            2.18 |  Total :     4.17
** Total highmark (MB):
    Sum-of-all :    22.50 | Avg :    22.50  | Max :    22.50
**************************************************
   Pass :  1   Iteration :   0  ||B r|| = 335.257 ...
   Pass :  1   Iteration :   1  ||B r|| = 1.01815e-09
norm(r_0) 0
norm(r_1) 0
norm(r_2) 0
norm(r_3) 2.1326508e-11
norm(r_4) 0
Newton iteration  1 : ||r|| = 2.13265e-11, ||r||/||r_0|| = 5.6198e-10
Setting time step: 0.02 in DGTransportTDO
Setting time step: 0.02 in CombinedOp
Setting time step: 0.02 in IonStaticPressureOp
norm(r_0) 0
norm(r_1) 0
norm(r_2) 0
norm(r_3) 0.033535726
norm(r_4) 0
Newton iteration  0 : ||r|| = 0.0335357

** Memory Usage **********************************
** NUMfact space (MB): (sum-of-all-processes)
    L\U :            2.18 |  Total :     4.17
** Total highmark (MB):
    Sum-of-all :    22.50 | Avg :    22.50  | Max :    22.50
**************************************************

** Memory Usage **********************************
** NUMfact space (MB): (sum-of-all-processes)
    L\U :            2.18 |  Total :     4.17
** Total highmark (MB):
    Sum-of-all :    22.50 | Avg :    22.50  | Max :    22.50
**************************************************

** Memory Usage **********************************
** NUMfact space (MB): (sum-of-all-processes)
    L\U :            2.18 |  Total :     4.17
** Total highmark (MB):
    Sum-of-all :    22.50 | Avg :    22.50  | Max :    22.50
**************************************************

** Memory Usage **********************************
** NUMfact space (MB): (sum-of-all-processes)
    L\U :          152.26 |  Total :   178.64
** Total highmark (MB):
    Sum-of-all :   187.67 | Avg :   187.67  | Max :   187.67
**************************************************

** Memory Usage **********************************
** NUMfact space (MB): (sum-of-all-processes)
    L\U :            2.18 |  Total :     4.17
** Total highmark (MB):
    Sum-of-all :    22.50 | Avg :    22.50  | Max :    22.50
**************************************************
   Pass :  1   Iteration :   0  ||B r|| = 265.405 ...
   Pass :  1   Iteration :   1  ||B r|| = 9.71746e-10
norm(r_0) 0
norm(r_1) 0
norm(r_2) 0
norm(r_3) 2.37936e-11
norm(r_4) 0
Newton iteration  1 : ||r|| = 2.37936e-11, ||r||/||r_0|| = 7.095e-10
Setting time step: 0.02 in DGTransportTDO
Setting time step: 0.02 in CombinedOp
Setting time step: 0.02 in IonStaticPressureOp
norm(r_0) 0
norm(r_1) 0
norm(r_2) 0
norm(r_3) 0.019561181
norm(r_4) 0
Newton iteration  0 : ||r|| = 0.0195612

** Memory Usage **********************************
** NUMfact space (MB): (sum-of-all-processes)
    L\U :            2.18 |  Total :     4.17
** Total highmark (MB):
    Sum-of-all :    22.50 | Avg :    22.50  | Max :    22.50
**************************************************

** Memory Usage **********************************
** NUMfact space (MB): (sum-of-all-processes)
    L\U :            2.18 |  Total :     4.17
** Total highmark (MB):
    Sum-of-all :    22.50 | Avg :    22.50  | Max :    22.50
**************************************************

** Memory Usage **********************************
** NUMfact space (MB): (sum-of-all-processes)
    L\U :            2.18 |  Total :     4.17
** Total highmark (MB):
    Sum-of-all :    22.50 | Avg :    22.50  | Max :    22.50
**************************************************

** Memory Usage **********************************
** NUMfact space (MB): (sum-of-all-processes)
    L\U :          152.26 |  Total :   178.64
** Total highmark (MB):
    Sum-of-all :   187.67 | Avg :   187.67  | Max :   187.67
**************************************************

** Memory Usage **********************************
** NUMfact space (MB): (sum-of-all-processes)
    L\U :            2.18 |  Total :     4.17
** Total highmark (MB):
    Sum-of-all :    22.50 | Avg :    22.50  | Max :    22.50
**************************************************
   Pass :  1   Iteration :   0  ||B r|| = 154.809 ...
   Pass :  1   Iteration :   1  ||B r|| = 8.08958e-10
norm(r_0) 0
norm(r_1) 0
norm(r_2) 0
norm(r_3) 2.8319765e-11
norm(r_4) 0
Newton iteration  1 : ||r|| = 2.83198e-11, ||r||/||r_0|| = 1.44775e-09
Setting time step: 0.02 in DGTransportTDO
Setting time step: 0.02 in CombinedOp
Setting time step: 0.02 in IonStaticPressureOp
norm(r_0) 0
norm(r_1) 0
norm(r_2) 0
norm(r_3) 0.024685137
norm(r_4) 0
Newton iteration  0 : ||r|| = 0.0246851

** Memory Usage **********************************
** NUMfact space (MB): (sum-of-all-processes)
    L\U :            2.18 |  Total :     4.17
** Total highmark (MB):
    Sum-of-all :    22.50 | Avg :    22.50  | Max :    22.50
**************************************************

** Memory Usage **********************************
** NUMfact space (MB): (sum-of-all-processes)
    L\U :            2.18 |  Total :     4.17
** Total highmark (MB):
    Sum-of-all :    22.50 | Avg :    22.50  | Max :    22.50
**************************************************

** Memory Usage **********************************
** NUMfact space (MB): (sum-of-all-processes)
    L\U :            2.18 |  Total :     4.17
** Total highmark (MB):
    Sum-of-all :    22.50 | Avg :    22.50  | Max :    22.50
**************************************************

** Memory Usage **********************************
** NUMfact space (MB): (sum-of-all-processes)
    L\U :          152.26 |  Total :   178.64
** Total highmark (MB):
    Sum-of-all :   187.67 | Avg :   187.67  | Max :   187.67
**************************************************

** Memory Usage **********************************
** NUMfact space (MB): (sum-of-all-processes)
    L\U :            2.18 |  Total :     4.17
** Total highmark (MB):
    Sum-of-all :    22.50 | Avg :    22.50  | Max :    22.50
**************************************************
   Pass :  1   Iteration :   0  ||B r|| = 195.361 ...
   Pass :  1   Iteration :   1  ||B r|| = 6.53473e-10
norm(r_0) 0
norm(r_1) 0
norm(r_2) 0
norm(r_3) 2.6980793e-11
norm(r_4) 0
Newton iteration  1 : ||r|| = 2.69808e-11, ||r||/||r_0|| = 1.093e-09
Setting time step: 0.02 in DGTransportTDO
Setting time step: 0.02 in CombinedOp
Setting time step: 0.02 in IonStaticPressureOp
norm(r_0) 0
norm(r_1) 0
norm(r_2) 0
norm(r_3) 0.026165231
norm(r_4) 0
Newton iteration  0 : ||r|| = 0.0261652

** Memory Usage **********************************
** NUMfact space (MB): (sum-of-all-processes)
    L\U :            2.18 |  Total :     4.17
** Total highmark (MB):
    Sum-of-all :    22.50 | Avg :    22.50  | Max :    22.50
**************************************************

** Memory Usage **********************************
** NUMfact space (MB): (sum-of-all-processes)
    L\U :            2.18 |  Total :     4.17
** Total highmark (MB):
    Sum-of-all :    22.50 | Avg :    22.50  | Max :    22.50
**************************************************

** Memory Usage **********************************
** NUMfact space (MB): (sum-of-all-processes)
    L\U :            2.18 |  Total :     4.17
** Total highmark (MB):
    Sum-of-all :    22.50 | Avg :    22.50  | Max :    22.50
**************************************************

** Memory Usage **********************************
** NUMfact space (MB): (sum-of-all-processes)
    L\U :          152.26 |  Total :   178.64
** Total highmark (MB):
    Sum-of-all :   187.67 | Avg :   187.67  | Max :   187.67
**************************************************

** Memory Usage **********************************
** NUMfact space (MB): (sum-of-all-processes)
    L\U :            2.18 |  Total :     4.17
** Total highmark (MB):
    Sum-of-all :    22.50 | Avg :    22.50  | Max :    22.50
**************************************************
   Pass :  1   Iteration :   0  ||B r|| = 207.074 ...
   Pass :  1   Iteration :   1  ||B r|| = 6.26557e-10
norm(r_0) 0
norm(r_1) 0
norm(r_2) 0
norm(r_3) 2.6220429e-11
norm(r_4) 0
Newton iteration  1 : ||r|| = 2.62204e-11, ||r||/||r_0|| = 1.00211e-09
Setting time step: 0.02 in DGTransportTDO
Setting time step: 0.02 in CombinedOp
Setting time step: 0.02 in IonStaticPressureOp
norm(r_0) 0
norm(r_1) 0
norm(r_2) 0
norm(r_3) 0.014800684
norm(r_4) 0
Newton iteration  0 : ||r|| = 0.0148007

** Memory Usage **********************************
** NUMfact space (MB): (sum-of-all-processes)
    L\U :            2.18 |  Total :     4.17
** Total highmark (MB):
    Sum-of-all :    22.50 | Avg :    22.50  | Max :    22.50
**************************************************

** Memory Usage **********************************
** NUMfact space (MB): (sum-of-all-processes)
    L\U :            2.18 |  Total :     4.17
** Total highmark (MB):
    Sum-of-all :    22.50 | Avg :    22.50  | Max :    22.50
**************************************************

** Memory Usage **********************************
** NUMfact space (MB): (sum-of-all-processes)
    L\U :            2.18 |  Total :     4.17
** Total highmark (MB):
    Sum-of-all :    22.50 | Avg :    22.50  | Max :    22.50
**************************************************

** Memory Usage **********************************
** NUMfact space (MB): (sum-of-all-processes)
    L\U :          152.26 |  Total :   178.64
** Total highmark (MB):
    Sum-of-all :   187.67 | Avg :   187.67  | Max :   187.67
**************************************************

** Memory Usage **********************************
** NUMfact space (MB): (sum-of-all-processes)
    L\U :            2.18 |  Total :     4.17
** Total highmark (MB):
    Sum-of-all :    22.50 | Avg :    22.50  | Max :    22.50
**************************************************
   Pass :  1   Iteration :   0  ||B r|| = 117.134 ...
   Pass :  1   Iteration :   1  ||B r|| = 3.31253e-10
norm(r_0) 0
norm(r_1) 0
norm(r_2) 0
norm(r_3) 2.9780485e-11
norm(r_4) 0
Newton iteration  1 : ||r|| = 2.97805e-11, ||r||/||r_0|| = 2.0121e-09
Time stepping paused at t = 0.15

Estimating errors.
No refinements necessary.
No derefinements needed.

AMR iteration 1
Number of unknowns: 16384
Setting time step: 0.019710793 in DGTransportTDO
Setting time step: 0.019710793 in CombinedOp
Setting time step: 0.019710793 in IonStaticPressureOp
norm(r_0) 0
norm(r_1) 0
norm(r_2) 0
norm(r_3) 0.011716915
norm(r_4) 0
Newton iteration  0 : ||r|| = 0.0117169

** Memory Usage **********************************
** NUMfact space (MB): (sum-of-all-processes)
    L\U :            2.18 |  Total :     4.17
** Total highmark (MB):
    Sum-of-all :    22.50 | Avg :    22.50  | Max :    22.50
**************************************************

** Memory Usage **********************************
** NUMfact space (MB): (sum-of-all-processes)
    L\U :            2.18 |  Total :     4.17
** Total highmark (MB):
    Sum-of-all :    22.50 | Avg :    22.50  | Max :    22.50
**************************************************

** Memory Usage **********************************
** NUMfact space (MB): (sum-of-all-processes)
    L\U :            2.18 |  Total :     4.17
** Total highmark (MB):
    Sum-of-all :    22.50 | Avg :    22.50  | Max :    22.50
**************************************************
