Options used:
   --mesh ../../mfem/data/inline-quad.mesh
   --bc-file ../../mfem/miniapps/plasma/transport2d_bcs.inp
   --ic-file ../../mfem/miniapps/plasma/transport2d_ics.inp
   --ec-file /home/gz6/mfem-analysis/input-files/transport2d_ecs.inp
   --es-file ../../mfem/miniapps/plasma/transport2d_ess.inp
   --eqdsk-file 
   --logging 1
   --operator-test 8
   --equation-weights '1 1 1 1 1'
   --problem 0
   --refine-serial 3
   --refine-parallel 0
   --enable-amr
   --max-err -1
   --hysteresis 0.25
   --nc-limit 3
   --amr-weights '1 1 1 1 1'
   --order 1
   --dg-sigma -1
   --dg-kappa 4
   --linear-abs-tolerance 1e-06
   --linear-rel-tolerance 1e-06
   --linear-max-iterations 500
   --linear-logging-level 3
   --newton-abs-tolerance 1e-10
   --newton-rel-tolerance 1e-10
   --newton-max-iterations 1
   --newton-logging-level 1
   --steady-state-abs-tolerance 1e-08
   --steady-state-rel-tolerance 1e-08
   --prec-type 1
   --prec-logging-level 0
   --initial-tolerance 1e-05
   --ode-tolerance 0.001
   --ode-solver 2
   --err-per-step
   --ode-weights '1 1 1 1 1'
   --kP 0
   --kI 0.6
   --kD 0
   --theta-max 2
   --t-minimum 0
   --t-final 100
   --time-step 0.01
   --cfl-number 0.3
   --ion-charge 1
   --ion-mass 2.0141018
   --neutral-mass 2.0141018
   --neutral-temp 3
   --min-neutral-density 9e+14
   --max-neutral-density 1e+15
   --neutral-density-exp 0
   --min-ion-density 1e+16
   --max-ion-density 1e+18
   --ion-density-exp 0
   --min-ion-temp 1
   --max-ion-temp 10
   --ion-temp-exp 0
   --min-electron-temp 10
   --max-electron-temp 440
   --electron-temp-exp 0
   --total-B-magnitude 5
   --poloidal-B-magnitude 0.5
   --velocity 1000
   --Di-perp 1
   --Xi-perp 1
   --Xe-perp 1
   --equation-term-flags '-1 -1 -1 -1 -1'
   --visualization-flags '-1 -1 -1 -1 -1'
   --visualization
   --visit-datafiles
   --ascii-datafiles
   --visualization-steps 4
Device configuration: cpu
Memory configuration: host-std
Number of elements in initial mesh: 16
Number of elements after serial refinement: 1024
1: Number of elements in parallel mesh: 64
1: Number of elements after parallel refinement: 64
2: Number of elements in parallel mesh: 64
2: Number of elements after parallel refinement: 64
3: Number of elements in parallel mesh: 64
3: Number of elements after parallel refinement: 64
0: Number of elements in parallel mesh: 64
0: Number of elements after parallel refinement: 64
4: Number of elements in parallel mesh: 64
4: Number of elements after parallel refinement: 64
5: Number of elements in parallel mesh: 64
5: Number of elements after parallel refinement: 64
6: Number of elements in parallel mesh: 64
6: Number of elements after parallel refinement: 64
7: Number of elements in parallel mesh: 64
7: Number of elements after parallel refinement: 64
8: Number of elements in parallel mesh: 64
8: Number of elements after parallel refinement: 64
9: Number of elements in parallel mesh: 64
9: Number of elements after parallel refinement: 64
10: Number of elements in parallel mesh: 64
10: Number of elements after parallel refinement: 64
11: Number of elements in parallel mesh: 64
11: Number of elements after parallel refinement: 64
15: Number of elements in parallel mesh: 64
15: Number of elements after parallel refinement: 64
12: Number of elements in parallel mesh: 64
12: Number of elements after parallel refinement: 64
13: Number of elements in parallel mesh: 64
13: Number of elements after parallel refinement: 64
14: Number of elements in parallel mesh: 64
14: Number of elements after parallel refinement: 64
Configuring initial conditions
Reading initial conditions from ../../mfem/miniapps/plasma/transport2d_ics.inp
Configuring exact solutions
Reading exact solutions from ../../mfem/miniapps/plasma/transport2d_ess.inp

AMR iteration 0
Number of unknowns: 4096
Stopping criterion satisfied. Stop.
Number of unknowns per field: 4096
Total number of unknowns:     20480
Configuring boundary conditions
Reading boundary conditions from ../../mfem/miniapps/plasma/transport2d_bcs.inp
Configuring equation coefficients
Reading equation coefficients from /home/gz6/mfem-analysis/input-files/transport2d_ecs.inp
|mn| = 3.3444946e-27
|ni| = 1
|ne| = 1

|Dn|     = -nan
|Di|     = -nan
|Eta|    = -nan
|nXi|    = -nan
|nXe|    = -nan

|Eta/mn| = -nan
|nXi/ni| = -nan
|nXe/ne| = -nan
Ion Static Pressure: Adding time derivative term proportional to d n_i / dt
Ion Static Pressure: Adding time derivative term proportional to d T_i / dt
Ion Static Pressure: Adding anisotropic diffusion term
Ion Static Pressure: Adding source term
Opening GLVis sockets.
Range of error estimates for initial condition: -nan < elem err < -nan

Begin time stepping at t = 0
Setting time step: 0.0025 in DGTransportTDO
Setting time step: 0.0025 in CombinedOp
Setting time step: 0.0025 in IonStaticPressureOp
norm(r_0) 0
norm(r_1) 0
norm(r_2) 0
norm(r_3) 0.15421257
norm(r_4) 0
Newton iteration  0 : ||r|| = 0.154213
   Pass :  1   Iteration :   0  ||B r|| = 346.552 ...
   Pass :  1   Iteration :  11  ||B r|| = 0.000292739
norm(r_0) 0
norm(r_1) 0
norm(r_2) 0
norm(r_3) 6.0632067e-06
norm(r_4) 0
Newton iteration  1 : ||r|| = 6.06321e-06, ||r||/||r_0|| = 3.93172e-05
Setting time step: 0.0025 in DGTransportTDO
Setting time step: 0.0025 in CombinedOp
Setting time step: 0.0025 in IonStaticPressureOp
norm(r_0) 0
norm(r_1) 0
norm(r_2) 0
norm(r_3) 0.14436707
norm(r_4) 0
Newton iteration  0 : ||r|| = 0.144367
   Pass :  1   Iteration :   0  ||B r|| = 324.432 ...
   Pass :  1   Iteration :  11  ||B r|| = 0.000273976
norm(r_0) 0
norm(r_1) 0
norm(r_2) 0
norm(r_3) 5.6744534e-06
norm(r_4) 0
Newton iteration  1 : ||r|| = 5.67445e-06, ||r||/||r_0|| = 3.93057e-05
Setting time step: 0.0025 in DGTransportTDO
Setting time step: 0.0025 in CombinedOp
Setting time step: 0.0025 in IonStaticPressureOp
norm(r_0) 0
norm(r_1) 0
norm(r_2) 0
norm(r_3) 0.14825498
norm(r_4) 0
Newton iteration  0 : ||r|| = 0.148255
   Pass :  1   Iteration :   0  ||B r|| = 333.167 ...
   Pass :  1   Iteration :  11  ||B r|| = 0.000281383
norm(r_0) 0
norm(r_1) 0
norm(r_2) 0
norm(r_3) 5.827933e-06
norm(r_4) 0
Newton iteration  1 : ||r|| = 5.82793e-06, ||r||/||r_0|| = 3.93102e-05
Setting time step: 0.0025 in DGTransportTDO
Setting time step: 0.0025 in CombinedOp
Setting time step: 0.0025 in IonStaticPressureOp
norm(r_0) 0
norm(r_1) 0
norm(r_2) 0
norm(r_3) 0.14924747
norm(r_4) 0
Newton iteration  0 : ||r|| = 0.149247
   Pass :  1   Iteration :   0  ||B r|| = 335.397 ...
   Pass :  1   Iteration :  11  ||B r|| = 0.000283275
norm(r_0) 0
norm(r_1) 0
norm(r_2) 0
norm(r_3) 5.8671246e-06
norm(r_4) 0
Newton iteration  1 : ||r|| = 5.86712e-06, ||r||/||r_0|| = 3.93114e-05
Setting time step: 0.0025 in DGTransportTDO
Setting time step: 0.0025 in CombinedOp
Setting time step: 0.0025 in IonStaticPressureOp
norm(r_0) 0
norm(r_1) 0
norm(r_2) 0
norm(r_3) 0.13961332
norm(r_4) 0
Newton iteration  0 : ||r|| = 0.139613
   Pass :  1   Iteration :   0  ||B r|| = 313.751 ...
   Pass :  1   Iteration :  11  ||B r|| = 0.000264911
norm(r_0) 0
norm(r_1) 0
norm(r_2) 0
norm(r_3) 5.4865383e-06
norm(r_4) 0
Newton iteration  1 : ||r|| = 5.48654e-06, ||r||/||r_0|| = 3.92981e-05
Setting time step: 0.005 in DGTransportTDO
Setting time step: 0.005 in CombinedOp
Setting time step: 0.005 in IonStaticPressureOp
norm(r_0) 0
norm(r_1) 0
norm(r_2) 0
norm(r_3) 0.13515661
norm(r_4) 0
Newton iteration  0 : ||r|| = 0.135157
   Pass :  1   Iteration :   0  ||B r|| = 277.916 ...
   Pass :  1   Iteration :  12  ||B r|| = 0.000186493
norm(r_0) 0
norm(r_1) 0
norm(r_2) 0
norm(r_3) 8.2916997e-06
norm(r_4) 0
Newton iteration  1 : ||r|| = 8.2917e-06, ||r||/||r_0|| = 6.13488e-05
Setting time step: 0.005 in DGTransportTDO
Setting time step: 0.005 in CombinedOp
Setting time step: 0.005 in IonStaticPressureOp
norm(r_0) 0
norm(r_1) 0
norm(r_2) 0
norm(r_3) 0.11843268
norm(r_4) 0
Newton iteration  0 : ||r|| = 0.118433
   Pass :  1   Iteration :   0  ||B r|| = 243.531 ...
   Pass :  1   Iteration :  12  ||B r|| = 0.000163403
norm(r_0) 0
norm(r_1) 0
norm(r_2) 0
norm(r_3) 7.2652536e-06
norm(r_4) 0
Newton iteration  1 : ||r|| = 7.26525e-06, ||r||/||r_0|| = 6.1345e-05
Setting time step: 0.005 in DGTransportTDO
Setting time step: 0.005 in CombinedOp
Setting time step: 0.005 in IonStaticPressureOp
norm(r_0) 0
norm(r_1) 0
norm(r_2) 0
norm(r_3) 0.1249567
norm(r_4) 0
Newton iteration  0 : ||r|| = 0.124957
   Pass :  1   Iteration :   0  ||B r|| = 256.945 ...
   Pass :  1   Iteration :  12  ||B r|| = 0.00017241
norm(r_0) 0
norm(r_1) 0
norm(r_2) 0
norm(r_3) 7.6656466e-06
norm(r_4) 0
Newton iteration  1 : ||r|| = 7.66565e-06, ||r||/||r_0|| = 6.13464e-05
Setting time step: 0.005 in DGTransportTDO
Setting time step: 0.005 in CombinedOp
Setting time step: 0.005 in IonStaticPressureOp
norm(r_0) 0
norm(r_1) 0
norm(r_2) 0
norm(r_3) 0.12665579
norm(r_4) 0
Newton iteration  0 : ||r|| = 0.126656
   Pass :  1   Iteration :   0  ||B r|| = 260.439 ...
   Pass :  1   Iteration :  12  ||B r|| = 0.000174756
norm(r_0) 0
norm(r_1) 0
norm(r_2) 0
norm(r_3) 7.7699336e-06
norm(r_4) 0
Newton iteration  1 : ||r|| = 7.76993e-06, ||r||/||r_0|| = 6.13469e-05
Setting time step: 0.005 in DGTransportTDO
Setting time step: 0.005 in CombinedOp
Setting time step: 0.005 in IonStaticPressureOp
norm(r_0) 0
norm(r_1) 0
norm(r_2) 0
norm(r_3) 0.11066472
norm(r_4) 0
Newton iteration  0 : ||r|| = 0.110665
   Pass :  1   Iteration :   0  ||B r|| = 227.559 ...
   Pass :  1   Iteration :  12  ||B r|| = 0.00015268
norm(r_0) 0
norm(r_1) 0
norm(r_2) 0
norm(r_3) 6.7885535e-06
norm(r_4) 0
Newton iteration  1 : ||r|| = 6.78855e-06, ||r||/||r_0|| = 6.13434e-05
Setting time step: 0.01 in DGTransportTDO
Setting time step: 0.01 in CombinedOp
Setting time step: 0.01 in IonStaticPressureOp
norm(r_0) 0
norm(r_1) 0
norm(r_2) 0
norm(r_3) 0.10381804
norm(r_4) 0
Newton iteration  0 : ||r|| = 0.103818
   Pass :  1   Iteration :   0  ||B r|| = 182.226 ...
   Pass :  1   Iteration :  13  ||B r|| = 0.000105315
norm(r_0) 0
norm(r_1) 0
norm(r_2) 0
norm(r_3) 7.7197455e-06
norm(r_4) 0
Newton iteration  1 : ||r|| = 7.71975e-06, ||r||/||r_0|| = 7.43584e-05
Setting time step: 0.01 in DGTransportTDO
Setting time step: 0.01 in CombinedOp
Setting time step: 0.01 in IonStaticPressureOp
norm(r_0) 0
norm(r_1) 0
norm(r_2) 0
norm(r_3) 0.079622626
norm(r_4) 0
Newton iteration  0 : ||r|| = 0.0796226
   Pass :  1   Iteration :   0  ||B r|| = 139.759 ...
   Pass :  1   Iteration :  13  ||B r|| = 8.07698e-05
norm(r_0) 0
norm(r_1) 0
norm(r_2) 0
norm(r_3) 5.9206229e-06
norm(r_4) 0
Newton iteration  1 : ||r|| = 5.92062e-06, ||r||/||r_0|| = 7.43585e-05
Setting time step: 0.01 in DGTransportTDO
Setting time step: 0.01 in CombinedOp
Setting time step: 0.01 in IonStaticPressureOp
norm(r_0) 0
norm(r_1) 0
norm(r_2) 0
norm(r_3) 0.088849679
norm(r_4) 0
Newton iteration  0 : ||r|| = 0.0888497
   Pass :  1   Iteration :   0  ||B r|| = 155.954 ...
   Pass :  1   Iteration :  13  ||B r|| = 9.01303e-05
norm(r_0) 0
norm(r_1) 0
norm(r_2) 0
norm(r_3) 6.6067358e-06
norm(r_4) 0
Newton iteration  1 : ||r|| = 6.60674e-06, ||r||/||r_0|| = 7.43586e-05
Setting time step: 0.01 in DGTransportTDO
Setting time step: 0.01 in CombinedOp
Setting time step: 0.01 in IonStaticPressureOp
norm(r_0) 0
norm(r_1) 0
norm(r_2) 0
norm(r_3) 0.091344675
norm(r_4) 0
Newton iteration  0 : ||r|| = 0.0913447
   Pass :  1   Iteration :   0  ||B r|| = 160.333 ...
   Pass :  1   Iteration :  13  ||B r|| = 9.26614e-05
norm(r_0) 0
norm(r_1) 0
norm(r_2) 0
norm(r_3) 6.7922564e-06
norm(r_4) 0
Newton iteration  1 : ||r|| = 6.79226e-06, ||r||/||r_0|| = 7.43585e-05
Setting time step: 0.01 in DGTransportTDO
Setting time step: 0.01 in CombinedOp
Setting time step: 0.01 in IonStaticPressureOp
norm(r_0) 0
norm(r_1) 0
norm(r_2) 0
norm(r_3) 0.069337087
norm(r_4) 0
Newton iteration  0 : ||r|| = 0.0693371
   Pass :  1   Iteration :   0  ||B r|| = 121.705 ...
   Pass :  1   Iteration :  13  ||B r|| = 7.03354e-05
norm(r_0) 0
norm(r_1) 0
norm(r_2) 0
norm(r_3) 5.1556778e-06
norm(r_4) 0
Newton iteration  1 : ||r|| = 5.15568e-06, ||r||/||r_0|| = 7.43567e-05
Setting time step: 0.02 in DGTransportTDO
Setting time step: 0.02 in CombinedOp
Setting time step: 0.02 in IonStaticPressureOp
norm(r_0) 0
norm(r_1) 0
norm(r_2) 0
norm(r_3) 0.061257372
norm(r_4) 0
Newton iteration  0 : ||r|| = 0.0612574
   Pass :  1   Iteration :   0  ||B r|| = 83.954 ...
   Pass :  1   Iteration :  13  ||B r|| = 8.09391e-05
norm(r_0) 0
norm(r_1) 0
norm(r_2) 0
norm(r_3) 1.0737824e-05
norm(r_4) 0
Newton iteration  1 : ||r|| = 1.07378e-05, ||r||/||r_0|| = 0.00017529
Setting time step: 0.02 in DGTransportTDO
Setting time step: 0.02 in CombinedOp
Setting time step: 0.02 in IonStaticPressureOp
norm(r_0) 0
norm(r_1) 0
norm(r_2) 0
norm(r_3) 0.035684534
norm(r_4) 0
Newton iteration  0 : ||r|| = 0.0356845
   Pass :  1   Iteration :   0  ||B r|| = 48.9062 ...
   Pass :  1   Iteration :  13  ||B r|| = 4.71532e-05
norm(r_0) 0
norm(r_1) 0
norm(r_2) 0
norm(r_3) 6.255657e-06
norm(r_4) 0
Newton iteration  1 : ||r|| = 6.25566e-06, ||r||/||r_0|| = 0.000175304
Setting time step: 0.02 in DGTransportTDO
Setting time step: 0.02 in CombinedOp
Setting time step: 0.02 in IonStaticPressureOp
norm(r_0) 0
norm(r_1) 0
norm(r_2) 0
norm(r_3) 0.045059607
norm(r_4) 0
Newton iteration  0 : ||r|| = 0.0450596
   Pass :  1   Iteration :   0  ||B r|| = 61.7548 ...
   Pass :  1   Iteration :  13  ||B r|| = 5.95397e-05
norm(r_0) 0
norm(r_1) 0
norm(r_2) 0
norm(r_3) 7.8989024e-06
norm(r_4) 0
Newton iteration  1 : ||r|| = 7.8989e-06, ||r||/||r_0|| = 0.000175299
Setting time step: 0.02 in DGTransportTDO
Setting time step: 0.02 in CombinedOp
Setting time step: 0.02 in IonStaticPressureOp
norm(r_0) 0
norm(r_1) 0
norm(r_2) 0
norm(r_3) 0.04776843
norm(r_4) 0
Newton iteration  0 : ||r|| = 0.0477684
   Pass :  1   Iteration :   0  ||B r|| = 65.4673 ...
   Pass :  1   Iteration :  13  ||B r|| = 6.31184e-05
norm(r_0) 0
norm(r_1) 0
norm(r_2) 0
norm(r_3) 8.37366e-06
norm(r_4) 0
Newton iteration  1 : ||r|| = 8.37366e-06, ||r||/||r_0|| = 0.000175297
Setting time step: 0.02 in DGTransportTDO
Setting time step: 0.02 in CombinedOp
Setting time step: 0.02 in IonStaticPressureOp
norm(r_0) 0
norm(r_1) 0
norm(r_2) 0
norm(r_3) 0.026983234
norm(r_4) 0
Newton iteration  0 : ||r|| = 0.0269832
   Pass :  1   Iteration :   0  ||B r|| = 36.9809 ...
   Pass :  1   Iteration :  13  ||B r|| = 3.56504e-05
norm(r_0) 0
norm(r_1) 0
norm(r_2) 0
norm(r_3) 4.7295695e-06
norm(r_4) 0
Newton iteration  1 : ||r|| = 4.72957e-06, ||r||/||r_0|| = 0.000175278
Time stepping paused at t = 0.15

Estimating errors.
No refinements necessary.
No derefinements needed.

AMR iteration 1
Number of unknowns: 4096
Setting time step: 0.019666835 in DGTransportTDO
Setting time step: 0.019666835 in CombinedOp
Setting time step: 0.019666835 in IonStaticPressureOp
norm(r_0) 0
norm(r_1) 0
norm(r_2) 0
norm(r_3) 0.021350947
norm(r_4) 0
Newton iteration  0 : ||r|| = 0.0213509
   Pass :  1   Iteration :   0  ||B r|| = 29.4737 ...
   Pass :  1   Iteration :  13  ||B r|| = 2.81908e-05
norm(r_0) 0
norm(r_1) 0
norm(r_2) 0
norm(r_3) 3.6832624e-06
norm(r_4) 0
Newton iteration  1 : ||r|| = 3.68326e-06, ||r||/||r_0|| = 0.00017251
Setting time step: 0.019666835 in DGTransportTDO
Setting time step: 0.019666835 in CombinedOp
Setting time step: 0.019666835 in IonStaticPressureOp
norm(r_0) 0
norm(r_1) 0
norm(r_2) 0
norm(r_3) 0.012555559
norm(r_4) 0
Newton iteration  0 : ||r|| = 0.0125556
   Pass :  1   Iteration :   0  ||B r|| = 17.3322 ...
   Pass :  1   Iteration :  13  ||B r|| = 1.65782e-05
norm(r_0) 0
norm(r_1) 0
norm(r_2) 0
norm(r_3) 2.1660336e-06
norm(r_4) 0
Newton iteration  1 : ||r|| = 2.16603e-06, ||r||/||r_0|| = 0.000172516
Setting time step: 0.019666835 in DGTransportTDO
Setting time step: 0.019666835 in CombinedOp
Setting time step: 0.019666835 in IonStaticPressureOp
norm(r_0) 0
norm(r_1) 0
norm(r_2) 0
norm(r_3) 0.015783858
norm(r_4) 0
Newton iteration  0 : ||r|| = 0.0157839
   Pass :  1   Iteration :   0  ||B r|| = 21.7887 ...
   Pass :  1   Iteration :  13  ||B r|| = 2.08406e-05
norm(r_0) 0
norm(r_1) 0
norm(r_2) 0
norm(r_3) 2.7229336e-06
norm(r_4) 0
Newton iteration  1 : ||r|| = 2.72293e-06, ||r||/||r_0|| = 0.000172514
Setting time step: 0.019666835 in DGTransportTDO
Setting time step: 0.019666835 in CombinedOp
Setting time step: 0.019666835 in IonStaticPressureOp
norm(r_0) 0
norm(r_1) 0
norm(r_2) 0
norm(r_3) 0.016714739
norm(r_4) 0
Newton iteration  0 : ||r|| = 0.0167147
   Pass :  1   Iteration :   0  ||B r|| = 23.0737 ...
   Pass :  1   Iteration :  13  ||B r|| = 2.20696e-05
norm(r_0) 0
norm(r_1) 0
norm(r_2) 0
norm(r_3) 2.8835105e-06
norm(r_4) 0
Newton iteration  1 : ||r|| = 2.88351e-06, ||r||/||r_0|| = 0.000172513
Setting time step: 0.019666835 in DGTransportTDO
Setting time step: 0.019666835 in CombinedOp
Setting time step: 0.019666835 in IonStaticPressureOp
norm(r_0) 0
norm(r_1) 0
norm(r_2) 0
norm(r_3) 0.0095374238
norm(r_4) 0
Newton iteration  0 : ||r|| = 0.00953742
   Pass :  1   Iteration :   0  ||B r|| = 13.1658 ...
   Pass :  1   Iteration :  13  ||B r|| = 1.25925e-05
norm(r_0) 0
norm(r_1) 0
norm(r_2) 0
norm(r_3) 1.6452609e-06
norm(r_4) 0
Newton iteration  1 : ||r|| = 1.64526e-06, ||r||/||r_0|| = 0.000172506
Setting time step: 0.038680529 in DGTransportTDO
Setting time step: 0.038680529 in CombinedOp
Setting time step: 0.038680529 in IonStaticPressureOp
norm(r_0) 0
norm(r_1) 0
norm(r_2) 0
norm(r_3) 0.0075729831
norm(r_4) 0
Newton iteration  0 : ||r|| = 0.00757298
   Pass :  1   Iteration :   0  ||B r|| = 7.3699 ...
   Pass :  1   Iteration :  14  ||B r|| = 4.52653e-06
norm(r_0) 0
norm(r_1) 0
norm(r_2) 0
norm(r_3) 1.1262471e-06
norm(r_4) 0
Newton iteration  1 : ||r|| = 1.12625e-06, ||r||/||r_0|| = 0.000148719
Setting time step: 0.038680529 in DGTransportTDO
Setting time step: 0.038680529 in CombinedOp
Setting time step: 0.038680529 in IonStaticPressureOp
norm(r_0) 0
norm(r_1) 0
norm(r_2) 0
norm(r_3) 0.0024562147
norm(r_4) 0
Newton iteration  0 : ||r|| = 0.00245621
   Pass :  1   Iteration :   0  ||B r|| = 2.39034 ...
   Pass :  1   Iteration :  14  ||B r|| = 1.46821e-06
norm(r_0) 0
norm(r_1) 0
norm(r_2) 0
norm(r_3) 3.6530096e-07
norm(r_4) 0
Newton iteration  1 : ||r|| = 3.65301e-07, ||r||/||r_0|| = 0.000148725
Setting time step: 0.038680529 in DGTransportTDO
Setting time step: 0.038680529 in CombinedOp
Setting time step: 0.038680529 in IonStaticPressureOp
norm(r_0) 0
norm(r_1) 0
norm(r_2) 0
norm(r_3) 0.004226345
norm(r_4) 0
Newton iteration  0 : ||r|| = 0.00422634
   Pass :  1   Iteration :   0  ||B r|| = 4.11301 ...
   Pass :  1   Iteration :  14  ||B r|| = 2.52624e-06
norm(r_0) 0
norm(r_1) 0
norm(r_2) 0
norm(r_3) 6.2855043e-07
norm(r_4) 0
Newton iteration  1 : ||r|| = 6.2855e-07, ||r||/||r_0|| = 0.000148722
Setting time step: 0.038680529 in DGTransportTDO
Setting time step: 0.038680529 in CombinedOp
Setting time step: 0.038680529 in IonStaticPressureOp
norm(r_0) 0
norm(r_1) 0
norm(r_2) 0
norm(r_3) 0.0047910337
norm(r_4) 0
Newton iteration  0 : ||r|| = 0.00479103
   Pass :  1   Iteration :   0  ||B r|| = 4.66255 ...
   Pass :  1   Iteration :  14  ||B r|| = 2.86375e-06
norm(r_0) 0
norm(r_1) 0
norm(r_2) 0
norm(r_3) 7.1252809e-07
norm(r_4) 0
Newton iteration  1 : ||r|| = 7.12528e-07, ||r||/||r_0|| = 0.000148721
Setting time step: 0.038680529 in DGTransportTDO
Setting time step: 0.038680529 in CombinedOp
Setting time step: 0.038680529 in IonStaticPressureOp
norm(r_0) 0
norm(r_1) 0
norm(r_2) 0
norm(r_3) 0.0015420873
norm(r_4) 0
Newton iteration  0 : ||r|| = 0.00154209
   Pass :  1   Iteration :   0  ||B r|| = 1.50072 ...
   Pass :  1   Iteration :  14  ||B r|| = 9.21614e-07
norm(r_0) 0
norm(r_1) 0
norm(r_2) 0
norm(r_3) 2.2931395e-07
norm(r_4) 0
Newton iteration  1 : ||r|| = 2.29314e-07, ||r||/||r_0|| = 0.000148704
Setting time step: 0.042465758 in DGTransportTDO
Setting time step: 0.042465758 in CombinedOp
Setting time step: 0.042465758 in IonStaticPressureOp
norm(r_0) 0
norm(r_1) 0
norm(r_2) 0
norm(r_3) 0.0010211141
norm(r_4) 0
Newton iteration  0 : ||r|| = 0.00102111
   Pass :  1   Iteration :   0  ||B r|| = 0.940088 ...
   Pass :  1   Iteration :  14  ||B r|| = 6.00272e-07
norm(r_0) 0
norm(r_1) 0
norm(r_2) 0
norm(r_3) 1.6455843e-07
norm(r_4) 0
Newton iteration  1 : ||r|| = 1.64558e-07, ||r||/||r_0|| = 0.000161156
Setting time step: 0.042465758 in DGTransportTDO
Setting time step: 0.042465758 in CombinedOp
Setting time step: 0.042465758 in IonStaticPressureOp
norm(r_0) 0
norm(r_1) 0
norm(r_2) 0
norm(r_3) 0.00028791098
norm(r_4) 0
Newton iteration  0 : ||r|| = 0.000287911
   Pass :  1   Iteration :   0  ||B r|| = 0.265065 ...
   Pass :  1   Iteration :  12  ||B r|| = 8.5228e-07
norm(r_0) 0
norm(r_1) 0
norm(r_2) 0
norm(r_3) 2.61143e-07
norm(r_4) 0
Newton iteration  1 : ||r|| = 2.61143e-07, ||r||/||r_0|| = 0.000907027
Setting time step: 0.042465758 in DGTransportTDO
Setting time step: 0.042465758 in CombinedOp
Setting time step: 0.042465758 in IonStaticPressureOp
norm(r_0) 0
norm(r_1) 0
norm(r_2) 0
norm(r_3) 0.00053907454
norm(r_4) 0
Newton iteration  0 : ||r|| = 0.000539075
   Pass :  1   Iteration :   0  ||B r|| = 0.496299 ...
   Pass :  1   Iteration :  13  ||B r|| = 6.96301e-07
norm(r_0) 0
norm(r_1) 0
norm(r_2) 0
norm(r_3) 1.9915899e-07
norm(r_4) 0
Newton iteration  1 : ||r|| = 1.99159e-07, ||r||/||r_0|| = 0.000369446
Setting time step: 0.042465758 in DGTransportTDO
Setting time step: 0.042465758 in CombinedOp
Setting time step: 0.042465758 in IonStaticPressureOp
norm(r_0) 0
norm(r_1) 0
norm(r_2) 0
norm(r_3) 0.00062056608
norm(r_4) 0
Newton iteration  0 : ||r|| = 0.000620566
   Pass :  1   Iteration :   0  ||B r|| = 0.571324 ...
   Pass :  1   Iteration :  13  ||B r|| = 8.01558e-07
norm(r_0) 0
norm(r_1) 0
norm(r_2) 0
norm(r_3) 2.2926536e-07
norm(r_4) 0
Newton iteration  1 : ||r|| = 2.29265e-07, ||r||/||r_0|| = 0.000369446
Setting time step: 0.042465758 in DGTransportTDO
Setting time step: 0.042465758 in CombinedOp
Setting time step: 0.042465758 in IonStaticPressureOp
norm(r_0) 0
norm(r_1) 0
norm(r_2) 0
norm(r_3) 0.00018015532
norm(r_4) 0
Newton iteration  0 : ||r|| = 0.000180155
   Pass :  1   Iteration :   0  ||B r|| = 0.165855 ...
   Pass :  1   Iteration :  12  ||B r|| = 5.33174e-07
norm(r_0) 0
norm(r_1) 0
norm(r_2) 0
norm(r_3) 1.6335325e-07
norm(r_4) 0
Newton iteration  1 : ||r|| = 1.63353e-07, ||r||/||r_0|| = 0.000906736
Setting time step: 0.084931517 in DGTransportTDO
Setting time step: 0.084931517 in CombinedOp
Setting time step: 0.084931517 in IonStaticPressureOp
norm(r_0) 0
norm(r_1) 0
norm(r_2) 0
norm(r_3) 0.00011547268
norm(r_4) 0
Newton iteration  0 : ||r|| = 0.000115473
   Pass :  1   Iteration :   0  ||B r|| = 0.066217 ...
   Pass :  1   Iteration :  11  ||B r|| = 8.3724e-07
norm(r_0) 0
norm(r_1) 0
norm(r_2) 0
norm(r_3) 4.8371707e-07
norm(r_4) 0
Newton iteration  1 : ||r|| = 4.83717e-07, ||r||/||r_0|| = 0.00418902
Setting time step: 0.084931517 in DGTransportTDO
Setting time step: 0.084931517 in CombinedOp
Setting time step: 0.084931517 in IonStaticPressureOp
norm(r_0) 0
norm(r_1) 0
norm(r_2) 0
norm(r_3) 6.6359173e-06
norm(r_4) 0
Newton iteration  0 : ||r|| = 6.63592e-06
   Pass :  1   Iteration :   0  ||B r|| = 0.00375467 ...
   Pass :  1   Iteration :   8  ||B r|| = 6.08737e-07
norm(r_0) 0
norm(r_1) 0
norm(r_2) 0
norm(r_3) 3.6214096e-07
norm(r_4) 0
Newton iteration  1 : ||r|| = 3.62141e-07, ||r||/||r_0|| = 0.0545729
Setting time step: 0.084931517 in DGTransportTDO
Setting time step: 0.084931517 in CombinedOp
Setting time step: 0.084931517 in IonStaticPressureOp
norm(r_0) 0
norm(r_1) 0
norm(r_2) 0
norm(r_3) 3.1956413e-05
norm(r_4) 0
Newton iteration  0 : ||r|| = 3.19564e-05
   Pass :  1   Iteration :   0  ||B r|| = 0.0183188 ...
   Pass :  1   Iteration :  10  ||B r|| = 5.65412e-07
norm(r_0) 0
norm(r_1) 0
norm(r_2) 0
norm(r_3) 3.2144919e-07
norm(r_4) 0
Newton iteration  1 : ||r|| = 3.21449e-07, ||r||/||r_0|| = 0.010059
Setting time step: 0.084931517 in DGTransportTDO
Setting time step: 0.084931517 in CombinedOp
Setting time step: 0.084931517 in IonStaticPressureOp
norm(r_0) 0
norm(r_1) 0
norm(r_2) 0
norm(r_3) 4.6345188e-05
norm(r_4) 0
Newton iteration  0 : ||r|| = 4.63452e-05
   Pass :  1   Iteration :   0  ||B r|| = 0.026574 ...
   Pass :  1   Iteration :  10  ||B r|| = 8.20216e-07
norm(r_0) 0
norm(r_1) 0
norm(r_2) 0
norm(r_3) 4.6630417e-07
norm(r_4) 0
Newton iteration  1 : ||r|| = 4.66304e-07, ||r||/||r_0|| = 0.0100615
Setting time step: 0.084931517 in DGTransportTDO
Setting time step: 0.084931517 in CombinedOp
Setting time step: 0.084931517 in IonStaticPressureOp
norm(r_0) 0
norm(r_1) 0
norm(r_2) 0
norm(r_3) 1.3534244e-05
norm(r_4) 0
Newton iteration  0 : ||r|| = 1.35342e-05
   Pass :  1   Iteration :   0  ||B r|| = 0.00769171 ...
   Pass :  1   Iteration :   9  ||B r|| = 5.53561e-07
norm(r_0) 0
norm(r_1) 0
norm(r_2) 0
norm(r_3) 3.1536181e-07
norm(r_4) 0
Newton iteration  1 : ||r|| = 3.15362e-07, ||r||/||r_0|| = 0.023301
Time stepping paused at t = 0.89297856

Estimating errors.
No refinements necessary.
No derefinements needed.

AMR iteration 2
Number of unknowns: 4096
Setting time step: 0.16986303 in DGTransportTDO
Setting time step: 0.16986303 in CombinedOp
Setting time step: 0.16986303 in IonStaticPressureOp
norm(r_0) 0
norm(r_1) 0
norm(r_2) 0
norm(r_3) 6.3355494e-06
norm(r_4) 0
Newton iteration  0 : ||r|| = 6.33555e-06
   Pass :  1   Iteration :   0  ||B r|| = 0.00229484 ...
   Pass :  1   Iteration :   7  ||B r|| = 8.74524e-07
norm(r_0) 0
norm(r_1) 0
norm(r_2) 0
norm(r_3) 8.5597931e-07
norm(r_4) 0
Newton iteration  1 : ||r|| = 8.55979e-07, ||r||/||r_0|| = 0.135107
Setting time step: 0.16986303 in DGTransportTDO
Setting time step: 0.16986303 in CombinedOp
Setting time step: 0.16986303 in IonStaticPressureOp
norm(r_0) 0
norm(r_1) 0
norm(r_2) 0
norm(r_3) 2.9069152e-06
norm(r_4) 0
Newton iteration  0 : ||r|| = 2.90692e-06
   Pass :  1   Iteration :   0  ||B r|| = 0.000878853 ...
   Pass :  1   Iteration :   6  ||B r|| = 7.04935e-07
norm(r_0) 0
norm(r_1) 0
norm(r_2) 0
norm(r_3) 6.1797455e-07
norm(r_4) 0
Newton iteration  1 : ||r|| = 6.17975e-07, ||r||/||r_0|| = 0.212588
Setting time step: 0.16986303 in DGTransportTDO
Setting time step: 0.16986303 in CombinedOp
Setting time step: 0.16986303 in IonStaticPressureOp
norm(r_0) 0
norm(r_1) 0
norm(r_2) 0
norm(r_3) 1.3321813e-06
norm(r_4) 0
Newton iteration  0 : ||r|| = 1.33218e-06
   Pass :  1   Iteration :   0  ||B r|| = 3.9448e-05 ...
   Pass :  1   Iteration :   3  ||B r|| = 5.09788e-07
norm(r_0) 0
norm(r_1) 0
norm(r_2) 0
norm(r_3) 4.2969114e-07
norm(r_4) 0
Newton iteration  1 : ||r|| = 4.29691e-07, ||r||/||r_0|| = 0.322547
Setting time step: 0.16986303 in DGTransportTDO
Setting time step: 0.16986303 in CombinedOp
Setting time step: 0.16986303 in IonStaticPressureOp
norm(r_0) 0
norm(r_1) 0
norm(r_2) 0
norm(r_3) 1.5840163e-06
norm(r_4) 0
Newton iteration  0 : ||r|| = 1.58402e-06
   Pass :  1   Iteration :   0  ||B r|| = 0.000437798 ...
   Pass :  1   Iteration :   5  ||B r|| = 8.54688e-07
norm(r_0) 0
norm(r_1) 0
norm(r_2) 0
norm(r_3) 7.6116446e-07
norm(r_4) 0
Newton iteration  1 : ||r|| = 7.61164e-07, ||r||/||r_0|| = 0.480528
Setting time step: 0.16986303 in DGTransportTDO
Setting time step: 0.16986303 in CombinedOp
Setting time step: 0.16986303 in IonStaticPressureOp
norm(r_0) 0
norm(r_1) 0
norm(r_2) 0
norm(r_3) 2.8659536e-05
norm(r_4) 0
Newton iteration  0 : ||r|| = 2.86595e-05
   Pass :  1   Iteration :   0  ||B r|| = 0.000927347 ...
   Pass :  1   Iteration :   6  ||B r|| = 7.1587e-07
norm(r_0) 0
norm(r_1) 0
norm(r_2) 0
norm(r_3) 6.9208754e-07
norm(r_4) 0
Newton iteration  1 : ||r|| = 6.92088e-07, ||r||/||r_0|| = 0.0241486
Setting time step: 0.33972607 in DGTransportTDO
Setting time step: 0.33972607 in CombinedOp
Setting time step: 0.33972607 in IonStaticPressureOp
norm(r_0) 0
norm(r_1) 0
norm(r_2) 0
norm(r_3) 1.0514111e-06
norm(r_4) 0
Newton iteration  0 : ||r|| = 1.05141e-06
   Pass :  1   Iteration :   0  ||B r|| = 0.000154241 ...
   Pass :  1   Iteration :   4  ||B r|| = 7.33962e-07
norm(r_0) 0
norm(r_1) 0
norm(r_2) 0
norm(r_3) 1.0987349e-06
norm(r_4) 0
Newton iteration  1 : ||r|| = 1.09873e-06, ||r||/||r_0|| = 1.04501
Setting time step: 0.33972607 in DGTransportTDO
Setting time step: 0.33972607 in CombinedOp
Setting time step: 0.33972607 in IonStaticPressureOp
norm(r_0) 0
norm(r_1) 0
norm(r_2) 0
norm(r_3) 2.1858051e-06
norm(r_4) 0
Newton iteration  0 : ||r|| = 2.18581e-06
   Pass :  1   Iteration :   0  ||B r|| = 9.77994e-05 ...
   Pass :  1   Iteration :   4  ||B r|| = 4.70867e-07
norm(r_0) 0
norm(r_1) 0
norm(r_2) 0
norm(r_3) 6.6228418e-07
norm(r_4) 0
Newton iteration  1 : ||r|| = 6.62284e-07, ||r||/||r_0|| = 0.302993
Setting time step: 0.33972607 in DGTransportTDO
Setting time step: 0.33972607 in CombinedOp
Setting time step: 0.33972607 in IonStaticPressureOp
norm(r_0) 0
norm(r_1) 0
norm(r_2) 0
norm(r_3) 1.8976248e-06
norm(r_4) 0
Newton iteration  0 : ||r|| = 1.89762e-06
   Pass :  1   Iteration :   0  ||B r|| = 2.99507e-05 ...
   Pass :  1   Iteration :   2  ||B r|| = 9.45502e-07
norm(r_0) 0
norm(r_1) 0
norm(r_2) 0
norm(r_3) 9.5583684e-07
norm(r_4) 0
Newton iteration  1 : ||r|| = 9.55837e-07, ||r||/||r_0|| = 0.503702
Setting time step: 0.33972607 in DGTransportTDO
Setting time step: 0.33972607 in CombinedOp
Setting time step: 0.33972607 in IonStaticPressureOp
norm(r_0) 0
norm(r_1) 0
norm(r_2) 0
norm(r_3) 1.5638886e-06
norm(r_4) 0
Newton iteration  0 : ||r|| = 1.56389e-06
   Pass :  1   Iteration :   0  ||B r|| = 3.5023e-06 ...
   Pass :  1   Iteration :   1  ||B r|| = 6.33507e-07
norm(r_0) 0
norm(r_1) 0
norm(r_2) 0
norm(r_3) 8.32968e-07
norm(r_4) 0
Newton iteration  1 : ||r|| = 8.32968e-07, ||r||/||r_0|| = 0.532626
Setting time step: 0.33972607 in DGTransportTDO
Setting time step: 0.33972607 in CombinedOp
Setting time step: 0.33972607 in IonStaticPressureOp
norm(r_0) 0
norm(r_1) 0
norm(r_2) 0
norm(r_3) 4.5151843e-05
norm(r_4) 0
Newton iteration  0 : ||r|| = 4.51518e-05
   Pass :  1   Iteration :   0  ||B r|| = 0.000158373 ...
   Pass :  1   Iteration :   5  ||B r|| = 8.3025e-07
norm(r_0) 0
norm(r_1) 0
norm(r_2) 0
norm(r_3) 1.1034135e-06
norm(r_4) 0
Newton iteration  1 : ||r|| = 1.10341e-06, ||r||/||r_0|| = 0.0244378
Setting time step: 0.67945214 in DGTransportTDO
Setting time step: 0.67945214 in CombinedOp
Setting time step: 0.67945214 in IonStaticPressureOp
norm(r_0) 0
norm(r_1) 0
norm(r_2) 0
norm(r_3) 1.1108943e-06
norm(r_4) 0
Newton iteration  0 : ||r|| = 1.11089e-06
   Pass :  1   Iteration :   0  ||B r|| = 9.93536e-06 ...
   Pass :  1   Iteration :   1  ||B r|| = 7.0548e-07
norm(r_0) 0
norm(r_1) 0
norm(r_2) 0
norm(r_3) 1.0907946e-06
norm(r_4) 0
Newton iteration  1 : ||r|| = 1.09079e-06, ||r||/||r_0|| = 0.981907
Setting time step: 0.67945214 in DGTransportTDO
Setting time step: 0.67945214 in CombinedOp
Setting time step: 0.67945214 in IonStaticPressureOp
norm(r_0) 0
norm(r_1) 0
norm(r_2) 0
norm(r_3) 2.4719801e-06
norm(r_4) 0
Newton iteration  0 : ||r|| = 2.47198e-06
   Pass :  1   Iteration :   0  ||B r|| = 8.63605e-06 ...
   Pass :  1   Iteration :   1  ||B r|| = 3.53482e-07
norm(r_0) 0
norm(r_1) 0
norm(r_2) 0
norm(r_3) 8.0624554e-07
norm(r_4) 0
Newton iteration  1 : ||r|| = 8.06246e-07, ||r||/||r_0|| = 0.326154
Setting time step: 0.67945214 in DGTransportTDO
Setting time step: 0.67945214 in CombinedOp
Setting time step: 0.67945214 in IonStaticPressureOp
norm(r_0) 0
norm(r_1) 0
norm(r_2) 0
norm(r_3) 2.0389145e-06
norm(r_4) 0
Newton iteration  0 : ||r|| = 2.03891e-06
   Pass :  1   Iteration :   0  ||B r|| = 4.08884e-06 ...
   Pass :  1   Iteration :   1  ||B r|| = 4.52306e-07
norm(r_0) 0
norm(r_1) 0
norm(r_2) 0
norm(r_3) 3.145331e-07
norm(r_4) 0
Newton iteration  1 : ||r|| = 3.14533e-07, ||r||/||r_0|| = 0.154265
Setting time step: 0.67945214 in DGTransportTDO
Setting time step: 0.67945214 in CombinedOp
Setting time step: 0.67945214 in IonStaticPressureOp
norm(r_0) 0
norm(r_1) 0
norm(r_2) 0
norm(r_3) 1.5884568e-06
norm(r_4) 0
Newton iteration  0 : ||r|| = 1.58846e-06
   Pass :  1   Iteration :   0  ||B r|| = 1.66157e-06 ...
   Pass :  1   Iteration :   1  ||B r|| = 6.03565e-07
norm(r_0) 0
norm(r_1) 0
norm(r_2) 0
norm(r_3) 6.2329946e-07
norm(r_4) 0
Newton iteration  1 : ||r|| = 6.23299e-07, ||r||/||r_0|| = 0.392393
Setting time step: 0.67945214 in DGTransportTDO
Setting time step: 0.67945214 in CombinedOp
Setting time step: 0.67945214 in IonStaticPressureOp
norm(r_0) 0
norm(r_1) 0
norm(r_2) 0
norm(r_3) 1.5528979e-05
norm(r_4) 0
Newton iteration  0 : ||r|| = 1.5529e-05
   Pass :  1   Iteration :   0  ||B r|| = 1.76642e-05 ...
   Pass :  1   Iteration :   2  ||B r|| = 3.22867e-07
norm(r_0) 0
norm(r_1) 0
norm(r_2) 0
norm(r_3) 1.8699455e-06
norm(r_4) 0
Newton iteration  1 : ||r|| = 1.86995e-06, ||r||/||r_0|| = 0.120417
Setting time step: 1.3589043 in DGTransportTDO
Setting time step: 1.3589043 in CombinedOp
Setting time step: 1.3589043 in IonStaticPressureOp
norm(r_0) 0
norm(r_1) 0
norm(r_2) 0
norm(r_3) 1.8701773e-06
norm(r_4) 0
Newton iteration  0 : ||r|| = 1.87018e-06
   Pass :  1   Iteration :   0  ||B r|| = 2.17823e-07
norm(r_0) 0
norm(r_1) 0
norm(r_2) 0
norm(r_3) 1.8701773e-06
norm(r_4) 0
Newton iteration  1 : ||r|| = 1.87018e-06, ||r||/||r_0|| = 1
Setting time step: 1.3589043 in DGTransportTDO
Setting time step: 1.3589043 in CombinedOp
Setting time step: 1.3589043 in IonStaticPressureOp
norm(r_0) 0
norm(r_1) 0
norm(r_2) 0
norm(r_3) 1.8701773e-06
norm(r_4) 0
Newton iteration  0 : ||r|| = 1.87018e-06
   Pass :  1   Iteration :   0  ||B r|| = 2.17823e-07
norm(r_0) 0
norm(r_1) 0
norm(r_2) 0
norm(r_3) 1.8701773e-06
norm(r_4) 0
Newton iteration  1 : ||r|| = 1.87018e-06, ||r||/||r_0|| = 1
Setting time step: 1.3589043 in DGTransportTDO
Setting time step: 1.3589043 in CombinedOp
Setting time step: 1.3589043 in IonStaticPressureOp
norm(r_0) 0
norm(r_1) 0
norm(r_2) 0
norm(r_3) 1.8701773e-06
norm(r_4) 0
Newton iteration  0 : ||r|| = 1.87018e-06
   Pass :  1   Iteration :   0  ||B r|| = 2.17823e-07
norm(r_0) 0
norm(r_1) 0
norm(r_2) 0
norm(r_3) 1.8701773e-06
norm(r_4) 0
Newton iteration  1 : ||r|| = 1.87018e-06, ||r||/||r_0|| = 1
Setting time step: 1.3589043 in DGTransportTDO
Setting time step: 1.3589043 in CombinedOp
Setting time step: 1.3589043 in IonStaticPressureOp
norm(r_0) 0
norm(r_1) 0
norm(r_2) 0
norm(r_3) 1.8701773e-06
norm(r_4) 0
Newton iteration  0 : ||r|| = 1.87018e-06
   Pass :  1   Iteration :   0  ||B r|| = 2.17823e-07
norm(r_0) 0
norm(r_1) 0
norm(r_2) 0
norm(r_3) 1.8701773e-06
norm(r_4) 0
Newton iteration  1 : ||r|| = 1.87018e-06, ||r||/||r_0|| = 1
Setting time step: 1.3589043 in DGTransportTDO
Setting time step: 1.3589043 in CombinedOp
Setting time step: 1.3589043 in IonStaticPressureOp
norm(r_0) 0
norm(r_1) 0
norm(r_2) 0
norm(r_3) 1.8701773e-06
norm(r_4) 0
Newton iteration  0 : ||r|| = 1.87018e-06
   Pass :  1   Iteration :   0  ||B r|| = 2.17823e-07
norm(r_0) 0
norm(r_1) 0
norm(r_2) 0
norm(r_3) 1.8701773e-06
norm(r_4) 0
Newton iteration  1 : ||r|| = 1.87018e-06, ||r||/||r_0|| = 1
Time stepping paused at t = 11.084761
Steady State solution has been reached

Time stepping done after 2.1496094s.
