Options used:
   --mesh ../../mfem/data/inline-quad.mesh
   --bc-file ../../mfem/miniapps/plasma/transport2d_bcs.inp
   --ic-file ../../mfem/miniapps/plasma/transport2d_ics.inp
   --ec-file /home/gz6/mfem-analysis/input-files/transport2d_ecs.inp
   --es-file ../../mfem/miniapps/plasma/transport2d_ess.inp
   --eqdsk-file 
   --logging 1
   --operator-test 8
   --equation-weights '1 1 1 1 1'
   --problem 0
   --refine-serial 0
   --refine-parallel 0
   --enable-amr
   --max-err -1
   --hysteresis 0.25
   --nc-limit 3
   --amr-weights '1 1 1 1 1'
   --order 3
   --dg-sigma -1
   --dg-kappa 16
   --linear-abs-tolerance 1e-06
   --linear-rel-tolerance 1e-06
   --linear-max-iterations 500
   --linear-logging-level 1
   --newton-abs-tolerance 1e-10
   --newton-rel-tolerance 1e-10
   --newton-max-iterations 1
   --newton-logging-level 1
   --steady-state-abs-tolerance 1e-08
   --steady-state-rel-tolerance 1e-08
   --prec-type 1
   --prec-logging-level 0
   --initial-tolerance 1e-05
   --ode-tolerance 0.001
   --ode-solver 2
   --err-per-step
   --ode-weights '1 1 1 1 1'
   --kP 0
   --kI 0.6
   --kD 0
   --theta-max 2
   --t-minimum 0
   --t-final 100
   --time-step 0.01
   --cfl-number 0.3
   --ion-charge 1
   --ion-mass 2.0141018
   --neutral-mass 2.0141018
   --neutral-temp 3
   --min-neutral-density 9e+14
   --max-neutral-density 1e+15
   --neutral-density-exp 0
   --min-ion-density 1e+16
   --max-ion-density 1e+18
   --ion-density-exp 0
   --min-ion-temp 1
   --max-ion-temp 10
   --ion-temp-exp 0
   --min-electron-temp 10
   --max-electron-temp 440
   --electron-temp-exp 0
   --total-B-magnitude 5
   --poloidal-B-magnitude 0.5
   --velocity 1000
   --Di-perp 1
   --Xi-perp 1
   --Xe-perp 1
   --equation-term-flags '-1 -1 -1 -1 -1'
   --visualization-flags '-1 -1 -1 -1 -1'
   --visualization
   --visit-datafiles
   --ascii-datafiles
   --visualization-steps 4
Device configuration: cpu
Memory configuration: host-std
Number of elements in initial mesh: 16
Number of elements after serial refinement: 16
7: Number of elements in parallel mesh: 1
7: Number of elements after parallel refinement: 1
10: Number of elements in parallel mesh: 1
10: Number of elements after parallel refinement: 1
11: Number of elements in parallel mesh: 1
11: Number of elements after parallel refinement: 1
4: Number of elements in parallel mesh: 1
4: Number of elements after parallel refinement: 1
5: Number of elements in parallel mesh: 1
5: Number of elements after parallel refinement: 1
6: Number of elements in parallel mesh: 1
6: Number of elements after parallel refinement: 1
9: Number of elements in parallel mesh: 1
9: Number of elements after parallel refinement: 1
13: Number of elements in parallel mesh: 1
13: Number of elements after parallel refinement: 1
14: Number of elements in parallel mesh: 1
14: Number of elements after parallel refinement: 1
15: Number of elements in parallel mesh: 1
15: Number of elements after parallel refinement: 1
8: Number of elements in parallel mesh: 1
8: Number of elements after parallel refinement: 1
12: Number of elements in parallel mesh: 1
12: Number of elements after parallel refinement: 1
2: Number of elements in parallel mesh: 1
2: Number of elements after parallel refinement: 1
0: Number of elements in parallel mesh: 1
0: Number of elements after parallel refinement: 1
1: Number of elements in parallel mesh: 1
1: Number of elements after parallel refinement: 1
3: Number of elements in parallel mesh: 1
3: Number of elements after parallel refinement: 1
Configuring initial conditions
Reading initial conditions from ../../mfem/miniapps/plasma/transport2d_ics.inp
Configuring exact solutions
Reading exact solutions from ../../mfem/miniapps/plasma/transport2d_ess.inp

AMR iteration 0
Number of unknowns: 256
Stopping criterion satisfied. Stop.
Number of unknowns per field: 256
Total number of unknowns:     1280
Configuring boundary conditions
Reading boundary conditions from ../../mfem/miniapps/plasma/transport2d_bcs.inp
Configuring equation coefficients
Reading equation coefficients from /home/gz6/mfem-analysis/input-files/transport2d_ecs.inp
|mn| = 3.3444946e-27
|ni| = 1
|ne| = 1

|Dn|     = -nan
|Di|     = -nan
|Eta|    = -nan
|nXi|    = -nan
|nXe|    = -nan

|Eta/mn| = -nan
|nXi/ni| = -nan
|nXe/ne| = -nan
Ion Static Pressure: Adding time derivative term proportional to d n_i / dt
Ion Static Pressure: Adding time derivative term proportional to d T_i / dt
Ion Static Pressure: Adding anisotropic diffusion term
Ion Static Pressure: Adding source term
Opening GLVis sockets.
Range of error estimates for initial condition: -nan < elem err < -nan

Begin time stepping at t = 0
Setting time step: 0.0025 in DGTransportTDO
Setting time step: 0.0025 in CombinedOp
Setting time step: 0.0025 in IonStaticPressureOp
norm(r_0) 0
norm(r_1) 0
norm(r_2) 0
norm(r_3) 0.67396604
norm(r_4) 0
Newton iteration  0 : ||r|| = 0.673966
   Pass :  1   Iteration :   0  ||B r|| = 68.8695
   Pass :  1   Iteration :   1  ||B r|| = 6.86391
   Pass :  1   Iteration :   2  ||B r|| = 2.52849
   Pass :  1   Iteration :   3  ||B r|| = 1.35258
   Pass :  1   Iteration :   4  ||B r|| = 0.804771
   Pass :  1   Iteration :   5  ||B r|| = 0.423801
   Pass :  1   Iteration :   6  ||B r|| = 0.240539
   Pass :  1   Iteration :   7  ||B r|| = 0.152803
   Pass :  1   Iteration :   8  ||B r|| = 0.109405
   Pass :  1   Iteration :   9  ||B r|| = 0.0730198
   Pass :  1   Iteration :  10  ||B r|| = 0.0461972
   Pass :  1   Iteration :  11  ||B r|| = 0.0308677
   Pass :  1   Iteration :  12  ||B r|| = 0.0207934
   Pass :  1   Iteration :  13  ||B r|| = 0.0124116
   Pass :  1   Iteration :  14  ||B r|| = 0.00803954
   Pass :  1   Iteration :  15  ||B r|| = 0.00585583
   Pass :  1   Iteration :  16  ||B r|| = 0.00351204
   Pass :  1   Iteration :  17  ||B r|| = 0.00203261
   Pass :  1   Iteration :  18  ||B r|| = 0.00138249
   Pass :  1   Iteration :  19  ||B r|| = 0.000847983
   Pass :  1   Iteration :  20  ||B r|| = 0.00052515
   Pass :  1   Iteration :  21  ||B r|| = 0.000372332
   Pass :  1   Iteration :  22  ||B r|| = 0.000256278
   Pass :  1   Iteration :  23  ||B r|| = 0.000149845
   Pass :  1   Iteration :  24  ||B r|| = 8.06311e-05
   Pass :  1   Iteration :  25  ||B r|| = 4.957e-05
norm(r_0) 0
norm(r_1) 0
norm(r_2) 0
norm(r_3) 2.450982e-05
norm(r_4) 0
Newton iteration  1 : ||r|| = 2.45098e-05, ||r||/||r_0|| = 3.63666e-05
Setting time step: 0.0025 in DGTransportTDO
Setting time step: 0.0025 in CombinedOp
Setting time step: 0.0025 in IonStaticPressureOp
norm(r_0) 0
norm(r_1) 0
norm(r_2) 0
norm(r_3) 0.63095494
norm(r_4) 0
Newton iteration  0 : ||r|| = 0.630955
   Pass :  1   Iteration :   0  ||B r|| = 64.4836
   Pass :  1   Iteration :   1  ||B r|| = 6.42681
   Pass :  1   Iteration :   2  ||B r|| = 2.36751
   Pass :  1   Iteration :   3  ||B r|| = 1.26641
   Pass :  1   Iteration :   4  ||B r|| = 0.753437
   Pass :  1   Iteration :   5  ||B r|| = 0.396747
   Pass :  1   Iteration :   6  ||B r|| = 0.225208
   Pass :  1   Iteration :   7  ||B r|| = 0.143115
   Pass :  1   Iteration :   8  ||B r|| = 0.102481
   Pass :  1   Iteration :   9  ||B r|| = 0.0683928
   Pass :  1   Iteration :  10  ||B r|| = 0.0432693
   Pass :  1   Iteration :  11  ||B r|| = 0.0289114
   Pass :  1   Iteration :  12  ||B r|| = 0.0194758
   Pass :  1   Iteration :  13  ||B r|| = 0.0116249
   Pass :  1   Iteration :  14  ||B r|| = 0.00753055
   Pass :  1   Iteration :  15  ||B r|| = 0.00548517
   Pass :  1   Iteration :  16  ||B r|| = 0.00328943
   Pass :  1   Iteration :  17  ||B r|| = 0.0019037
   Pass :  1   Iteration :  18  ||B r|| = 0.00129483
   Pass :  1   Iteration :  19  ||B r|| = 0.000794174
   Pass :  1   Iteration :  20  ||B r|| = 0.000491814
   Pass :  1   Iteration :  21  ||B r|| = 0.000348671
   Pass :  1   Iteration :  22  ||B r|| = 0.000239987
   Pass :  1   Iteration :  23  ||B r|| = 0.000140328
   Pass :  1   Iteration :  24  ||B r|| = 7.55024e-05
   Pass :  1   Iteration :  25  ||B r|| = 4.64112e-05
norm(r_0) 0
norm(r_1) 0
norm(r_2) 0
norm(r_3) 2.2947716e-05
norm(r_4) 0
Newton iteration  1 : ||r|| = 2.29477e-05, ||r||/||r_0|| = 3.63698e-05
Setting time step: 0.0025 in DGTransportTDO
Setting time step: 0.0025 in CombinedOp
Setting time step: 0.0025 in IonStaticPressureOp
norm(r_0) 0
norm(r_1) 0
norm(r_2) 0
norm(r_3) 0.64793041
norm(r_4) 0
Newton iteration  0 : ||r|| = 0.64793
   Pass :  1   Iteration :   0  ||B r|| = 66.2157
   Pass :  1   Iteration :   1  ||B r|| = 6.59943
   Pass :  1   Iteration :   2  ||B r|| = 2.4311
   Pass :  1   Iteration :   3  ||B r|| = 1.30044
   Pass :  1   Iteration :   4  ||B r|| = 0.773705
   Pass :  1   Iteration :   5  ||B r|| = 0.407428
   Pass :  1   Iteration :   6  ||B r|| = 0.231264
   Pass :  1   Iteration :   7  ||B r|| = 0.146947
   Pass :  1   Iteration :   8  ||B r|| = 0.105221
   Pass :  1   Iteration :   9  ||B r|| = 0.070223
   Pass :  1   Iteration :  10  ||B r|| = 0.0444272
   Pass :  1   Iteration :  11  ||B r|| = 0.029685
   Pass :  1   Iteration :  12  ||B r|| = 0.0199968
   Pass :  1   Iteration :  13  ||B r|| = 0.011936
   Pass :  1   Iteration :  14  ||B r|| = 0.00773188
   Pass :  1   Iteration :  15  ||B r|| = 0.00563179
   Pass :  1   Iteration :  16  ||B r|| = 0.00337746
   Pass :  1   Iteration :  17  ||B r|| = 0.00195467
   Pass :  1   Iteration :  18  ||B r|| = 0.00132949
   Pass :  1   Iteration :  19  ||B r|| = 0.000815448
   Pass :  1   Iteration :  20  ||B r|| = 0.000504994
   Pass :  1   Iteration :  21  ||B r|| = 0.000358023
   Pass :  1   Iteration :  22  ||B r|| = 0.000246426
   Pass :  1   Iteration :  23  ||B r|| = 0.00014409
   Pass :  1   Iteration :  24  ||B r|| = 7.75291e-05
   Pass :  1   Iteration :  25  ||B r|| = 4.76591e-05
norm(r_0) 0
norm(r_1) 0
norm(r_2) 0
norm(r_3) 2.3564759e-05
norm(r_4) 0
Newton iteration  1 : ||r|| = 2.35648e-05, ||r||/||r_0|| = 3.63693e-05
Setting time step: 0.0025 in DGTransportTDO
Setting time step: 0.0025 in CombinedOp
Setting time step: 0.0025 in IonStaticPressureOp
norm(r_0) 0
norm(r_1) 0
norm(r_2) 0
norm(r_3) 0.65226858
norm(r_4) 0
Newton iteration  0 : ||r|| = 0.652269
   Pass :  1   Iteration :   0  ||B r|| = 66.6578
   Pass :  1   Iteration :   1  ||B r|| = 6.64349
   Pass :  1   Iteration :   2  ||B r|| = 2.44732
   Pass :  1   Iteration :   3  ||B r|| = 1.30913
   Pass :  1   Iteration :   4  ||B r|| = 0.778881
   Pass :  1   Iteration :   5  ||B r|| = 0.410156
   Pass :  1   Iteration :   6  ||B r|| = 0.232809
   Pass :  1   Iteration :   7  ||B r|| = 0.147922
   Pass :  1   Iteration :   8  ||B r|| = 0.105918
   Pass :  1   Iteration :   9  ||B r|| = 0.0706887
   Pass :  1   Iteration :  10  ||B r|| = 0.044722
   Pass :  1   Iteration :  11  ||B r|| = 0.029882
   Pass :  1   Iteration :  12  ||B r|| = 0.0201295
   Pass :  1   Iteration :  13  ||B r|| = 0.0120152
   Pass :  1   Iteration :  14  ||B r|| = 0.00778311
   Pass :  1   Iteration :  15  ||B r|| = 0.0056691
   Pass :  1   Iteration :  16  ||B r|| = 0.00339987
   Pass :  1   Iteration :  17  ||B r|| = 0.00196765
   Pass :  1   Iteration :  18  ||B r|| = 0.00133832
   Pass :  1   Iteration :  19  ||B r|| = 0.000820866
   Pass :  1   Iteration :  20  ||B r|| = 0.000508351
   Pass :  1   Iteration :  21  ||B r|| = 0.000360406
   Pass :  1   Iteration :  22  ||B r|| = 0.000248067
   Pass :  1   Iteration :  23  ||B r|| = 0.000145048
   Pass :  1   Iteration :  24  ||B r|| = 7.80458e-05
   Pass :  1   Iteration :  25  ||B r|| = 4.79773e-05
norm(r_0) 0
norm(r_1) 0
norm(r_2) 0
norm(r_3) 2.3722178e-05
norm(r_4) 0
Newton iteration  1 : ||r|| = 2.37222e-05, ||r||/||r_0|| = 3.63687e-05
Setting time step: 0.0025 in DGTransportTDO
Setting time step: 0.0025 in CombinedOp
Setting time step: 0.0025 in IonStaticPressureOp
norm(r_0) 0
norm(r_1) 0
norm(r_2) 0
norm(r_3) 0.61030227
norm(r_4) 0
Newton iteration  0 : ||r|| = 0.610302
   Pass :  1   Iteration :   0  ||B r|| = 62.3649
   Pass :  1   Iteration :   1  ||B r|| = 6.21574
   Pass :  1   Iteration :   2  ||B r|| = 2.28963
   Pass :  1   Iteration :   3  ||B r|| = 1.22476
   Pass :  1   Iteration :   4  ||B r|| = 0.728669
   Pass :  1   Iteration :   5  ||B r|| = 0.383702
   Pass :  1   Iteration :   6  ||B r|| = 0.21778
   Pass :  1   Iteration :   7  ||B r|| = 0.138372
   Pass :  1   Iteration :   8  ||B r|| = 0.0990803
   Pass :  1   Iteration :   9  ||B r|| = 0.0661269
   Pass :  1   Iteration :  10  ||B r|| = 0.0418394
   Pass :  1   Iteration :  11  ||B r|| = 0.0279562
   Pass :  1   Iteration :  12  ||B r|| = 0.0188326
   Pass :  1   Iteration :  13  ||B r|| = 0.0112413
   Pass :  1   Iteration :  14  ||B r|| = 0.00728162
   Pass :  1   Iteration :  15  ||B r|| = 0.0053038
   Pass :  1   Iteration :  16  ||B r|| = 0.00318082
   Pass :  1   Iteration :  17  ||B r|| = 0.00184088
   Pass :  1   Iteration :  18  ||B r|| = 0.00125208
   Pass :  1   Iteration :  19  ||B r|| = 0.000767952
   Pass :  1   Iteration :  20  ||B r|| = 0.000475556
   Pass :  1   Iteration :  21  ||B r|| = 0.000337156
   Pass :  1   Iteration :  22  ||B r|| = 0.000232064
   Pass :  1   Iteration :  23  ||B r|| = 0.000135695
   Pass :  1   Iteration :  24  ||B r|| = 7.30097e-05
   Pass :  1   Iteration :  25  ||B r|| = 4.48792e-05
norm(r_0) 0
norm(r_1) 0
norm(r_2) 0
norm(r_3) 2.21908e-05
norm(r_4) 0
Newton iteration  1 : ||r|| = 2.21908e-05, ||r||/||r_0|| = 3.63603e-05
Setting time step: 0.005 in DGTransportTDO
Setting time step: 0.005 in CombinedOp
Setting time step: 0.005 in IonStaticPressureOp
norm(r_0) 0
norm(r_1) 0
norm(r_2) 0
norm(r_3) 0.59081689
norm(r_4) 0
Newton iteration  0 : ||r|| = 0.590817
   Pass :  1   Iteration :   0  ||B r|| = 53.0375
   Pass :  1   Iteration :   1  ||B r|| = 4.89018
   Pass :  1   Iteration :   2  ||B r|| = 1.85138
   Pass :  1   Iteration :   3  ||B r|| = 1.11906
   Pass :  1   Iteration :   4  ||B r|| = 0.769147
   Pass :  1   Iteration :   5  ||B r|| = 0.462814
   Pass :  1   Iteration :   6  ||B r|| = 0.275377
   Pass :  1   Iteration :   7  ||B r|| = 0.157263
   Pass :  1   Iteration :   8  ||B r|| = 0.107418
   Pass :  1   Iteration :   9  ||B r|| = 0.0795402
   Pass :  1   Iteration :  10  ||B r|| = 0.0579762
   Pass :  1   Iteration :  11  ||B r|| = 0.0423022
   Pass :  1   Iteration :  12  ||B r|| = 0.030582
   Pass :  1   Iteration :  13  ||B r|| = 0.0221632
   Pass :  1   Iteration :  14  ||B r|| = 0.0146551
   Pass :  1   Iteration :  15  ||B r|| = 0.0104233
   Pass :  1   Iteration :  16  ||B r|| = 0.00633193
   Pass :  1   Iteration :  17  ||B r|| = 0.00414977
   Pass :  1   Iteration :  18  ||B r|| = 0.0028819
   Pass :  1   Iteration :  19  ||B r|| = 0.00189023
   Pass :  1   Iteration :  20  ||B r|| = 0.00118481
   Pass :  1   Iteration :  21  ||B r|| = 0.000885792
   Pass :  1   Iteration :  22  ||B r|| = 0.000688154
   Pass :  1   Iteration :  23  ||B r|| = 0.000511293
   Pass :  1   Iteration :  24  ||B r|| = 0.000319684
   Pass :  1   Iteration :  25  ||B r|| = 0.000218065
   Pass :  1   Iteration :  26  ||B r|| = 0.000137048
   Pass :  1   Iteration :  27  ||B r|| = 9.91023e-05
   Pass :  1   Iteration :  28  ||B r|| = 6.74129e-05
   Pass :  1   Iteration :  29  ||B r|| = 4.52185e-05
norm(r_0) 0
norm(r_1) 0
norm(r_2) 0
norm(r_3) 4.3336232e-05
norm(r_4) 0
Newton iteration  1 : ||r|| = 4.33362e-05, ||r||/||r_0|| = 7.33497e-05
Setting time step: 0.005 in DGTransportTDO
Setting time step: 0.005 in CombinedOp
Setting time step: 0.005 in IonStaticPressureOp
norm(r_0) 0
norm(r_1) 0
norm(r_2) 0
norm(r_3) 0.51786149
norm(r_4) 0
Newton iteration  0 : ||r|| = 0.517861
   Pass :  1   Iteration :   0  ||B r|| = 46.4896
   Pass :  1   Iteration :   1  ||B r|| = 4.28635
   Pass :  1   Iteration :   2  ||B r|| = 1.62275
   Pass :  1   Iteration :   3  ||B r|| = 0.980858
   Pass :  1   Iteration :   4  ||B r|| = 0.674151
   Pass :  1   Iteration :   5  ||B r|| = 0.405649
   Pass :  1   Iteration :   6  ||B r|| = 0.241364
   Pass :  1   Iteration :   7  ||B r|| = 0.137841
   Pass :  1   Iteration :   8  ||B r|| = 0.0941521
   Pass :  1   Iteration :   9  ||B r|| = 0.0697172
   Pass :  1   Iteration :  10  ||B r|| = 0.0508165
   Pass :  1   Iteration :  11  ||B r|| = 0.0370781
   Pass :  1   Iteration :  12  ||B r|| = 0.0268054
   Pass :  1   Iteration :  13  ||B r|| = 0.0194264
   Pass :  1   Iteration :  14  ||B r|| = 0.0128455
   Pass :  1   Iteration :  15  ||B r|| = 0.00913644
   Pass :  1   Iteration :  16  ||B r|| = 0.00555025
   Pass :  1   Iteration :  17  ||B r|| = 0.00363754
   Pass :  1   Iteration :  18  ||B r|| = 0.00252625
   Pass :  1   Iteration :  19  ||B r|| = 0.001657
   Pass :  1   Iteration :  20  ||B r|| = 0.00103865
   Pass :  1   Iteration :  21  ||B r|| = 0.000776524
   Pass :  1   Iteration :  22  ||B r|| = 0.000603261
   Pass :  1   Iteration :  23  ||B r|| = 0.000448206
   Pass :  1   Iteration :  24  ||B r|| = 0.000280228
   Pass :  1   Iteration :  25  ||B r|| = 0.000191144
   Pass :  1   Iteration :  26  ||B r|| = 0.000120126
   Pass :  1   Iteration :  27  ||B r|| = 8.68647e-05
   Pass :  1   Iteration :  28  ||B r|| = 5.90885e-05
   Pass :  1   Iteration :  29  ||B r|| = 3.96352e-05
norm(r_0) 0
norm(r_1) 0
norm(r_2) 0
norm(r_3) 3.7985075e-05
norm(r_4) 0
Newton iteration  1 : ||r|| = 3.79851e-05, ||r||/||r_0|| = 7.33499e-05
Setting time step: 0.005 in DGTransportTDO
Setting time step: 0.005 in CombinedOp
Setting time step: 0.005 in IonStaticPressureOp
norm(r_0) 0
norm(r_1) 0
norm(r_2) 0
norm(r_3) 0.54632241
norm(r_4) 0
Newton iteration  0 : ||r|| = 0.546322
   Pass :  1   Iteration :   0  ||B r|| = 49.0441
   Pass :  1   Iteration :   1  ||B r|| = 4.52192
   Pass :  1   Iteration :   2  ||B r|| = 1.71194
   Pass :  1   Iteration :   3  ||B r|| = 1.03477
   Pass :  1   Iteration :   4  ||B r|| = 0.71121
   Pass :  1   Iteration :   5  ||B r|| = 0.427949
   Pass :  1   Iteration :   6  ||B r|| = 0.254633
   Pass :  1   Iteration :   7  ||B r|| = 0.145418
   Pass :  1   Iteration :   8  ||B r|| = 0.0993272
   Pass :  1   Iteration :   9  ||B r|| = 0.0735493
   Pass :  1   Iteration :  10  ||B r|| = 0.0536096
   Pass :  1   Iteration :  11  ||B r|| = 0.0391161
   Pass :  1   Iteration :  12  ||B r|| = 0.0282787
   Pass :  1   Iteration :  13  ||B r|| = 0.0204941
   Pass :  1   Iteration :  14  ||B r|| = 0.0135515
   Pass :  1   Iteration :  15  ||B r|| = 0.00963849
   Pass :  1   Iteration :  16  ||B r|| = 0.00585521
   Pass :  1   Iteration :  17  ||B r|| = 0.00383738
   Pass :  1   Iteration :  18  ||B r|| = 0.00266501
   Pass :  1   Iteration :  19  ||B r|| = 0.001748
   Pass :  1   Iteration :  20  ||B r|| = 0.00109568
   Pass :  1   Iteration :  21  ||B r|| = 0.00081916
   Pass :  1   Iteration :  22  ||B r|| = 0.000636385
   Pass :  1   Iteration :  23  ||B r|| = 0.000472821
   Pass :  1   Iteration :  24  ||B r|| = 0.000295622
   Pass :  1   Iteration :  25  ||B r|| = 0.000201647
   Pass :  1   Iteration :  26  ||B r|| = 0.000126728
   Pass :  1   Iteration :  27  ||B r|| = 9.16388e-05
   Pass :  1   Iteration :  28  ||B r|| = 6.23361e-05
   Pass :  1   Iteration :  29  ||B r|| = 4.18134e-05
norm(r_0) 0
norm(r_1) 0
norm(r_2) 0
norm(r_3) 4.0072708e-05
norm(r_4) 0
Newton iteration  1 : ||r|| = 4.00727e-05, ||r||/||r_0|| = 7.33499e-05
Setting time step: 0.005 in DGTransportTDO
Setting time step: 0.005 in CombinedOp
Setting time step: 0.005 in IonStaticPressureOp
norm(r_0) 0
norm(r_1) 0
norm(r_2) 0
norm(r_3) 0.55373428
norm(r_4) 0
Newton iteration  0 : ||r|| = 0.553734
   Pass :  1   Iteration :   0  ||B r|| = 49.7093
   Pass :  1   Iteration :   1  ||B r|| = 4.58327
   Pass :  1   Iteration :   2  ||B r|| = 1.73517
   Pass :  1   Iteration :   3  ||B r|| = 1.04881
   Pass :  1   Iteration :   4  ||B r|| = 0.720861
   Pass :  1   Iteration :   5  ||B r|| = 0.433757
   Pass :  1   Iteration :   6  ||B r|| = 0.258088
   Pass :  1   Iteration :   7  ||B r|| = 0.147391
   Pass :  1   Iteration :   8  ||B r|| = 0.100675
   Pass :  1   Iteration :   9  ||B r|| = 0.0745473
   Pass :  1   Iteration :  10  ||B r|| = 0.054337
   Pass :  1   Iteration :  11  ||B r|| = 0.0396468
   Pass :  1   Iteration :  12  ||B r|| = 0.0286624
   Pass :  1   Iteration :  13  ||B r|| = 0.0207721
   Pass :  1   Iteration :  14  ||B r|| = 0.0137353
   Pass :  1   Iteration :  15  ||B r|| = 0.00976922
   Pass :  1   Iteration :  16  ||B r|| = 0.00593462
   Pass :  1   Iteration :  17  ||B r|| = 0.00388942
   Pass :  1   Iteration :  18  ||B r|| = 0.00270114
   Pass :  1   Iteration :  19  ||B r|| = 0.00177169
   Pass :  1   Iteration :  20  ||B r|| = 0.00111053
   Pass :  1   Iteration :  21  ||B r|| = 0.000830259
   Pass :  1   Iteration :  22  ||B r|| = 0.000645009
   Pass :  1   Iteration :  23  ||B r|| = 0.000479229
   Pass :  1   Iteration :  24  ||B r|| = 0.00029963
   Pass :  1   Iteration :  25  ||B r|| = 0.000204382
   Pass :  1   Iteration :  26  ||B r|| = 0.000128447
   Pass :  1   Iteration :  27  ||B r|| = 9.28821e-05
   Pass :  1   Iteration :  28  ||B r|| = 6.31818e-05
   Pass :  1   Iteration :  29  ||B r|| = 4.23806e-05
norm(r_0) 0
norm(r_1) 0
norm(r_2) 0
norm(r_3) 4.0616338e-05
norm(r_4) 0
Newton iteration  1 : ||r|| = 4.06163e-05, ||r||/||r_0|| = 7.33499e-05
Setting time step: 0.005 in DGTransportTDO
Setting time step: 0.005 in CombinedOp
Setting time step: 0.005 in IonStaticPressureOp
norm(r_0) 0
norm(r_1) 0
norm(r_2) 0
norm(r_3) 0.48397582
norm(r_4) 0
Newton iteration  0 : ||r|| = 0.483976
   Pass :  1   Iteration :   0  ||B r|| = 43.4472
   Pass :  1   Iteration :   1  ||B r|| = 4.00583
   Pass :  1   Iteration :   2  ||B r|| = 1.51653
   Pass :  1   Iteration :   3  ||B r|| = 0.916654
   Pass :  1   Iteration :   4  ||B r|| = 0.630028
   Pass :  1   Iteration :   5  ||B r|| = 0.379106
   Pass :  1   Iteration :   6  ||B r|| = 0.22557
   Pass :  1   Iteration :   7  ||B r|| = 0.12882
   Pass :  1   Iteration :   8  ||B r|| = 0.0879896
   Pass :  1   Iteration :   9  ||B r|| = 0.0651535
   Pass :  1   Iteration :  10  ||B r|| = 0.04749
   Pass :  1   Iteration :  11  ||B r|| = 0.0346512
   Pass :  1   Iteration :  12  ||B r|| = 0.0250511
   Pass :  1   Iteration :  13  ||B r|| = 0.0181553
   Pass :  1   Iteration :  14  ||B r|| = 0.012005
   Pass :  1   Iteration :  15  ||B r|| = 0.0085385
   Pass :  1   Iteration :  16  ||B r|| = 0.00518704
   Pass :  1   Iteration :  17  ||B r|| = 0.00339949
   Pass :  1   Iteration :  18  ||B r|| = 0.00236088
   Pass :  1   Iteration :  19  ||B r|| = 0.00154852
   Pass :  1   Iteration :  20  ||B r|| = 0.000970642
   Pass :  1   Iteration :  21  ||B r|| = 0.000725676
   Pass :  1   Iteration :  22  ||B r|| = 0.000563759
   Pass :  1   Iteration :  23  ||B r|| = 0.000418861
   Pass :  1   Iteration :  24  ||B r|| = 0.000261885
   Pass :  1   Iteration :  25  ||B r|| = 0.000178635
   Pass :  1   Iteration :  26  ||B r|| = 0.000112265
   Pass :  1   Iteration :  27  ||B r|| = 8.11797e-05
   Pass :  1   Iteration :  28  ||B r|| = 5.5221e-05
   Pass :  1   Iteration :  29  ||B r|| = 3.70406e-05
norm(r_0) 0
norm(r_1) 0
norm(r_2) 0
norm(r_3) 3.5498701e-05
norm(r_4) 0
Newton iteration  1 : ||r|| = 3.54987e-05, ||r||/||r_0|| = 7.33481e-05
Setting time step: 0.01 in DGTransportTDO
Setting time step: 0.01 in CombinedOp
Setting time step: 0.01 in IonStaticPressureOp
norm(r_0) 0
norm(r_1) 0
norm(r_2) 0
norm(r_3) 0.45409427
norm(r_4) 0
Newton iteration  0 : ||r|| = 0.454094
   Pass :  1   Iteration :   0  ||B r|| = 32.0383
   Pass :  1   Iteration :   1  ||B r|| = 2.8547
   Pass :  1   Iteration :   2  ||B r|| = 1.09054
   Pass :  1   Iteration :   3  ||B r|| = 0.688881
   Pass :  1   Iteration :   4  ||B r|| = 0.514761
   Pass :  1   Iteration :   5  ||B r|| = 0.358666
   Pass :  1   Iteration :   6  ||B r|| = 0.24923
   Pass :  1   Iteration :   7  ||B r|| = 0.150372
   Pass :  1   Iteration :   8  ||B r|| = 0.0973451
   Pass :  1   Iteration :   9  ||B r|| = 0.0711215
   Pass :  1   Iteration :  10  ||B r|| = 0.0539619
   Pass :  1   Iteration :  11  ||B r|| = 0.0414332
   Pass :  1   Iteration :  12  ||B r|| = 0.0297616
   Pass :  1   Iteration :  13  ||B r|| = 0.0231805
   Pass :  1   Iteration :  14  ||B r|| = 0.0172177
   Pass :  1   Iteration :  15  ||B r|| = 0.012806
   Pass :  1   Iteration :  16  ||B r|| = 0.00826491
   Pass :  1   Iteration :  17  ||B r|| = 0.00547221
   Pass :  1   Iteration :  18  ||B r|| = 0.00351177
   Pass :  1   Iteration :  19  ||B r|| = 0.00209305
   Pass :  1   Iteration :  20  ||B r|| = 0.00114301
   Pass :  1   Iteration :  21  ||B r|| = 0.000650295
   Pass :  1   Iteration :  22  ||B r|| = 0.000403322
   Pass :  1   Iteration :  23  ||B r|| = 0.000283659
   Pass :  1   Iteration :  24  ||B r|| = 0.000200558
   Pass :  1   Iteration :  25  ||B r|| = 0.000143972
   Pass :  1   Iteration :  26  ||B r|| = 9.89521e-05
   Pass :  1   Iteration :  27  ||B r|| = 6.97792e-05
   Pass :  1   Iteration :  28  ||B r|| = 4.94187e-05
   Pass :  1   Iteration :  29  ||B r|| = 3.91785e-05
   Pass :  1   Iteration :  30  ||B r|| = 2.84204e-05
norm(r_0) 0
norm(r_1) 0
norm(r_2) 0
norm(r_3) 4.8752891e-05
norm(r_4) 0
Newton iteration  1 : ||r|| = 4.87529e-05, ||r||/||r_0|| = 0.000107363
Setting time step: 0.01 in DGTransportTDO
Setting time step: 0.01 in CombinedOp
Setting time step: 0.01 in IonStaticPressureOp
norm(r_0) 0
norm(r_1) 0
norm(r_2) 0
norm(r_3) 0.34847975
norm(r_4) 0
Newton iteration  0 : ||r|| = 0.34848
   Pass :  1   Iteration :   0  ||B r|| = 24.5869
   Pass :  1   Iteration :   1  ||B r|| = 2.19073
   Pass :  1   Iteration :   2  ||B r|| = 0.836878
   Pass :  1   Iteration :   3  ||B r|| = 0.528639
   Pass :  1   Iteration :   4  ||B r|| = 0.395024
   Pass :  1   Iteration :   5  ||B r|| = 0.275244
   Pass :  1   Iteration :   6  ||B r|| = 0.191264
   Pass :  1   Iteration :   7  ||B r|| = 0.115398
   Pass :  1   Iteration :   8  ||B r|| = 0.0747031
   Pass :  1   Iteration :   9  ||B r|| = 0.0545786
   Pass :  1   Iteration :  10  ||B r|| = 0.0414106
   Pass :  1   Iteration :  11  ||B r|| = 0.0317957
   Pass :  1   Iteration :  12  ||B r|| = 0.0228381
   Pass :  1   Iteration :  13  ||B r|| = 0.0177876
   Pass :  1   Iteration :  14  ||B r|| = 0.013212
   Pass :  1   Iteration :  15  ||B r|| = 0.00982672
   Pass :  1   Iteration :  16  ||B r|| = 0.00634228
   Pass :  1   Iteration :  17  ||B r|| = 0.00419924
   Pass :  1   Iteration :  18  ||B r|| = 0.00269482
   Pass :  1   Iteration :  19  ||B r|| = 0.00160616
   Pass :  1   Iteration :  20  ||B r|| = 0.0008772
   Pass :  1   Iteration :  21  ||B r|| = 0.000499144
   Pass :  1   Iteration :  22  ||B r|| = 0.000309682
   Pass :  1   Iteration :  23  ||B r|| = 0.000217866
   Pass :  1   Iteration :  24  ||B r|| = 0.000154103
   Pass :  1   Iteration :  25  ||B r|| = 0.000110661
   Pass :  1   Iteration :  26  ||B r|| = 7.61014e-05
   Pass :  1   Iteration :  27  ||B r|| = 5.37033e-05
   Pass :  1   Iteration :  28  ||B r|| = 3.80518e-05
   Pass :  1   Iteration :  29  ||B r|| = 3.01826e-05
   Pass :  1   Iteration :  30  ||B r|| = 2.19066e-05
norm(r_0) 0
norm(r_1) 0
norm(r_2) 0
norm(r_3) 3.7562036e-05
norm(r_4) 0
Newton iteration  1 : ||r|| = 3.7562e-05, ||r||/||r_0|| = 0.000107788
Setting time step: 0.01 in DGTransportTDO
Setting time step: 0.01 in CombinedOp
Setting time step: 0.01 in IonStaticPressureOp
norm(r_0) 0
norm(r_1) 0
norm(r_2) 0
norm(r_3) 0.38876075
norm(r_4) 0
Newton iteration  0 : ||r|| = 0.388761
   Pass :  1   Iteration :   0  ||B r|| = 27.4288
   Pass :  1   Iteration :   1  ||B r|| = 2.44396
   Pass :  1   Iteration :   2  ||B r|| = 0.93362
   Pass :  1   Iteration :   3  ||B r|| = 0.589752
   Pass :  1   Iteration :   4  ||B r|| = 0.44069
   Pass :  1   Iteration :   5  ||B r|| = 0.30706
   Pass :  1   Iteration :   6  ||B r|| = 0.213372
   Pass :  1   Iteration :   7  ||B r|| = 0.128737
   Pass :  1   Iteration :   8  ||B r|| = 0.0833386
   Pass :  1   Iteration :   9  ||B r|| = 0.0608879
   Pass :  1   Iteration :  10  ||B r|| = 0.0461976
   Pass :  1   Iteration :  11  ||B r|| = 0.0354713
   Pass :  1   Iteration :  12  ||B r|| = 0.0254785
   Pass :  1   Iteration :  13  ||B r|| = 0.0198443
   Pass :  1   Iteration :  14  ||B r|| = 0.0147396
   Pass :  1   Iteration :  15  ||B r|| = 0.0109629
   Pass :  1   Iteration :  16  ||B r|| = 0.00707552
   Pass :  1   Iteration :  17  ||B r|| = 0.00468472
   Pass :  1   Iteration :  18  ||B r|| = 0.00300638
   Pass :  1   Iteration :  19  ||B r|| = 0.00179185
   Pass :  1   Iteration :  20  ||B r|| = 0.000978584
   Pass :  1   Iteration :  21  ||B r|| = 0.000556804
   Pass :  1   Iteration :  22  ||B r|| = 0.000345415
   Pass :  1   Iteration :  23  ||B r|| = 0.00024298
   Pass :  1   Iteration :  24  ||B r|| = 0.000171843
   Pass :  1   Iteration :  25  ||B r|| = 0.000123386
   Pass :  1   Iteration :  26  ||B r|| = 8.48358e-05
   Pass :  1   Iteration :  27  ||B r|| = 5.98526e-05
   Pass :  1   Iteration :  28  ||B r|| = 4.2402e-05
   Pass :  1   Iteration :  29  ||B r|| = 3.36273e-05
   Pass :  1   Iteration :  30  ||B r|| = 2.44023e-05
norm(r_0) 0
norm(r_1) 0
norm(r_2) 0
norm(r_3) 4.1847645e-05
norm(r_4) 0
Newton iteration  1 : ||r|| = 4.18476e-05, ||r||/||r_0|| = 0.000107644
Setting time step: 0.01 in DGTransportTDO
Setting time step: 0.01 in CombinedOp
Setting time step: 0.01 in IonStaticPressureOp
norm(r_0) 0
norm(r_1) 0
norm(r_2) 0
norm(r_3) 0.39965076
norm(r_4) 0
Newton iteration  0 : ||r|| = 0.399651
   Pass :  1   Iteration :   0  ||B r|| = 28.1971
   Pass :  1   Iteration :   1  ||B r|| = 2.51243
   Pass :  1   Iteration :   2  ||B r|| = 0.959776
   Pass :  1   Iteration :   3  ||B r|| = 0.606276
   Pass :  1   Iteration :   4  ||B r|| = 0.453036
   Pass :  1   Iteration :   5  ||B r|| = 0.315662
   Pass :  1   Iteration :   6  ||B r|| = 0.219349
   Pass :  1   Iteration :   7  ||B r|| = 0.132343
   Pass :  1   Iteration :   8  ||B r|| = 0.0856732
   Pass :  1   Iteration :   9  ||B r|| = 0.0625937
   Pass :  1   Iteration :  10  ||B r|| = 0.0474918
   Pass :  1   Iteration :  11  ||B r|| = 0.0364651
   Pass :  1   Iteration :  12  ||B r|| = 0.0261925
   Pass :  1   Iteration :  13  ||B r|| = 0.0204004
   Pass :  1   Iteration :  14  ||B r|| = 0.0151527
   Pass :  1   Iteration :  15  ||B r|| = 0.0112701
   Pass :  1   Iteration :  16  ||B r|| = 0.00727378
   Pass :  1   Iteration :  17  ||B r|| = 0.00481599
   Pass :  1   Iteration :  18  ||B r|| = 0.00309062
   Pass :  1   Iteration :  19  ||B r|| = 0.00184206
   Pass :  1   Iteration :  20  ||B r|| = 0.00100599
   Pass :  1   Iteration :  21  ||B r|| = 0.000572386
   Pass :  1   Iteration :  22  ||B r|| = 0.000355066
   Pass :  1   Iteration :  23  ||B r|| = 0.000249759
   Pass :  1   Iteration :  24  ||B r|| = 0.000176628
   Pass :  1   Iteration :  25  ||B r|| = 0.000126816
   Pass :  1   Iteration :  26  ||B r|| = 8.71871e-05
   Pass :  1   Iteration :  27  ||B r|| = 6.15057e-05
   Pass :  1   Iteration :  28  ||B r|| = 4.35703e-05
   Pass :  1   Iteration :  29  ||B r|| = 3.45514e-05
   Pass :  1   Iteration :  30  ||B r|| = 2.50711e-05
norm(r_0) 0
norm(r_1) 0
norm(r_2) 0
norm(r_3) 4.2997175e-05
norm(r_4) 0
Newton iteration  1 : ||r|| = 4.29972e-05, ||r||/||r_0|| = 0.000107587
Setting time step: 0.01 in DGTransportTDO
Setting time step: 0.01 in CombinedOp
Setting time step: 0.01 in IonStaticPressureOp
norm(r_0) 0
norm(r_1) 0
norm(r_2) 0
norm(r_3) 0.30355891
norm(r_4) 0
Newton iteration  0 : ||r|| = 0.303559
   Pass :  1   Iteration :   0  ||B r|| = 21.4175
   Pass :  1   Iteration :   1  ||B r|| = 1.90833
   Pass :  1   Iteration :   2  ||B r|| = 0.729012
   Pass :  1   Iteration :   3  ||B r|| = 0.460515
   Pass :  1   Iteration :   4  ||B r|| = 0.344116
   Pass :  1   Iteration :   5  ||B r|| = 0.239765
   Pass :  1   Iteration :   6  ||B r|| = 0.166607
   Pass :  1   Iteration :   7  ||B r|| = 0.100522
   Pass :  1   Iteration :   8  ||B r|| = 0.0650734
   Pass :  1   Iteration :   9  ||B r|| = 0.0475433
   Pass :  1   Iteration :  10  ||B r|| = 0.0360725
   Pass :  1   Iteration :  11  ||B r|| = 0.0276975
   Pass :  1   Iteration :  12  ||B r|| = 0.0198954
   Pass :  1   Iteration :  13  ||B r|| = 0.015496
   Pass :  1   Iteration :  14  ||B r|| = 0.0115097
   Pass :  1   Iteration :  15  ||B r|| = 0.00856056
   Pass :  1   Iteration :  16  ||B r|| = 0.00552498
   Pass :  1   Iteration :  17  ||B r|| = 0.00365811
   Pass :  1   Iteration :  18  ||B r|| = 0.00234759
   Pass :  1   Iteration :  19  ||B r|| = 0.00139918
   Pass :  1   Iteration :  20  ||B r|| = 0.000764091
   Pass :  1   Iteration :  21  ||B r|| = 0.000434719
   Pass :  1   Iteration :  22  ||B r|| = 0.000269621
   Pass :  1   Iteration :  23  ||B r|| = 0.00018963
   Pass :  1   Iteration :  24  ||B r|| = 0.000134081
   Pass :  1   Iteration :  25  ||B r|| = 9.62534e-05
   Pass :  1   Iteration :  26  ||B r|| = 6.61577e-05
   Pass :  1   Iteration :  27  ||B r|| = 4.66551e-05
   Pass :  1   Iteration :  28  ||B r|| = 3.30426e-05
   Pass :  1   Iteration :  29  ||B r|| = 2.61967e-05
   Pass :  1   Iteration :  30  ||B r|| = 1.90041e-05
norm(r_0) 0
norm(r_1) 0
norm(r_2) 0
norm(r_3) 3.2599014e-05
norm(r_4) 0
Newton iteration  1 : ||r|| = 3.2599e-05, ||r||/||r_0|| = 0.000107389
Setting time step: 0.02 in DGTransportTDO
Setting time step: 0.02 in CombinedOp
Setting time step: 0.02 in IonStaticPressureOp
norm(r_0) 0
norm(r_1) 0
norm(r_2) 0
norm(r_3) 0.26825727
norm(r_4) 0
Newton iteration  0 : ||r|| = 0.268257
   Pass :  1   Iteration :   0  ||B r|| = 13.0909
   Pass :  1   Iteration :   1  ||B r|| = 1.17996
   Pass :  1   Iteration :   2  ||B r|| = 0.463722
   Pass :  1   Iteration :   3  ||B r|| = 0.297527
   Pass :  1   Iteration :   4  ||B r|| = 0.230856
   Pass :  1   Iteration :   5  ||B r|| = 0.176442
   Pass :  1   Iteration :   6  ||B r|| = 0.138731
   Pass :  1   Iteration :   7  ||B r|| = 0.0943006
   Pass :  1   Iteration :   8  ||B r|| = 0.0631623
   Pass :  1   Iteration :   9  ||B r|| = 0.0460763
   Pass :  1   Iteration :  10  ||B r|| = 0.0356517
   Pass :  1   Iteration :  11  ||B r|| = 0.0281088
   Pass :  1   Iteration :  12  ||B r|| = 0.0199648
   Pass :  1   Iteration :  13  ||B r|| = 0.0154261
   Pass :  1   Iteration :  14  ||B r|| = 0.0118893
   Pass :  1   Iteration :  15  ||B r|| = 0.00930441
   Pass :  1   Iteration :  16  ||B r|| = 0.00671573
   Pass :  1   Iteration :  17  ||B r|| = 0.00472145
   Pass :  1   Iteration :  18  ||B r|| = 0.00324955
   Pass :  1   Iteration :  19  ||B r|| = 0.00216353
   Pass :  1   Iteration :  20  ||B r|| = 0.00156241
   Pass :  1   Iteration :  21  ||B r|| = 0.00125118
   Pass :  1   Iteration :  22  ||B r|| = 0.00110043
   Pass :  1   Iteration :  23  ||B r|| = 0.000936353
   Pass :  1   Iteration :  24  ||B r|| = 0.000741583
   Pass :  1   Iteration :  25  ||B r|| = 0.000538887
   Pass :  1   Iteration :  26  ||B r|| = 0.000357829
   Pass :  1   Iteration :  27  ||B r|| = 0.000247684
   Pass :  1   Iteration :  28  ||B r|| = 0.000159027
   Pass :  1   Iteration :  29  ||B r|| = 0.000109294
   Pass :  1   Iteration :  30  ||B r|| = 6.61979e-05
   Pass :  1   Iteration :  31  ||B r|| = 4.75092e-05
   Pass :  1   Iteration :  32  ||B r|| = 3.02021e-05
   Pass :  1   Iteration :  33  ||B r|| = 1.99342e-05
   Pass :  1   Iteration :  34  ||B r|| = 1.45997e-05
   Pass :  1   Iteration :  35  ||B r|| = 9.62954e-06
norm(r_0) 0
norm(r_1) 0
norm(r_2) 0
norm(r_3) 3.2625421e-05
norm(r_4) 0
Newton iteration  1 : ||r|| = 3.26254e-05, ||r||/||r_0|| = 0.00012162
Setting time step: 0.02 in DGTransportTDO
Setting time step: 0.02 in CombinedOp
Setting time step: 0.02 in IonStaticPressureOp
norm(r_0) 0
norm(r_1) 0
norm(r_2) 0
norm(r_3) 0.15646735
norm(r_4) 0
Newton iteration  0 : ||r|| = 0.156467
   Pass :  1   Iteration :   0  ||B r|| = 7.63567
   Pass :  1   Iteration :   1  ||B r|| = 0.688244
   Pass :  1   Iteration :   2  ||B r|| = 0.27048
   Pass :  1   Iteration :   3  ||B r|| = 0.173544
   Pass :  1   Iteration :   4  ||B r|| = 0.134655
   Pass :  1   Iteration :   5  ||B r|| = 0.102915
   Pass :  1   Iteration :   6  ||B r|| = 0.0809183
   Pass :  1   Iteration :   7  ||B r|| = 0.0550034
   Pass :  1   Iteration :   8  ||B r|| = 0.036841
   Pass :  1   Iteration :   9  ||B r|| = 0.0268746
   Pass :  1   Iteration :  10  ||B r|| = 0.020794
   Pass :  1   Iteration :  11  ||B r|| = 0.0163949
   Pass :  1   Iteration :  12  ||B r|| = 0.011645
   Pass :  1   Iteration :  13  ||B r|| = 0.00899779
   Pass :  1   Iteration :  14  ||B r|| = 0.00693484
   Pass :  1   Iteration :  15  ||B r|| = 0.00542708
   Pass :  1   Iteration :  16  ||B r|| = 0.00391713
   Pass :  1   Iteration :  17  ||B r|| = 0.00275391
   Pass :  1   Iteration :  18  ||B r|| = 0.00189537
   Pass :  1   Iteration :  19  ||B r|| = 0.00126186
   Pass :  1   Iteration :  20  ||B r|| = 0.000911195
   Pass :  1   Iteration :  21  ||B r|| = 0.000729654
   Pass :  1   Iteration :  22  ||B r|| = 0.000641732
   Pass :  1   Iteration :  23  ||B r|| = 0.000546057
   Pass :  1   Iteration :  24  ||B r|| = 0.000432491
   Pass :  1   Iteration :  25  ||B r|| = 0.000314287
   Pass :  1   Iteration :  26  ||B r|| = 0.000208695
   Pass :  1   Iteration :  27  ||B r|| = 0.000144456
   Pass :  1   Iteration :  28  ||B r|| = 9.27472e-05
   Pass :  1   Iteration :  29  ||B r|| = 6.37404e-05
   Pass :  1   Iteration :  30  ||B r|| = 3.86048e-05
   Pass :  1   Iteration :  31  ||B r|| = 2.77052e-05
   Pass :  1   Iteration :  32  ||B r|| = 1.76124e-05
   Pass :  1   Iteration :  33  ||B r|| = 1.16243e-05
   Pass :  1   Iteration :  34  ||B r|| = 8.51344e-06
   Pass :  1   Iteration :  35  ||B r|| = 5.61512e-06
norm(r_0) 0
norm(r_1) 0
norm(r_2) 0
norm(r_3) 1.9025e-05
norm(r_4) 0
Newton iteration  1 : ||r|| = 1.9025e-05, ||r||/||r_0|| = 0.000121591
Setting time step: 0.02 in DGTransportTDO
Setting time step: 0.02 in CombinedOp
Setting time step: 0.02 in IonStaticPressureOp
norm(r_0) 0
norm(r_1) 0
norm(r_2) 0
norm(r_3) 0.19745615
norm(r_4) 0
Newton iteration  0 : ||r|| = 0.197456
   Pass :  1   Iteration :   0  ||B r|| = 9.6359
   Pass :  1   Iteration :   1  ||B r|| = 0.868536
   Pass :  1   Iteration :   2  ||B r|| = 0.341334
   Pass :  1   Iteration :   3  ||B r|| = 0.219004
   Pass :  1   Iteration :   4  ||B r|| = 0.169929
   Pass :  1   Iteration :   5  ||B r|| = 0.129875
   Pass :  1   Iteration :   6  ||B r|| = 0.102116
   Pass :  1   Iteration :   7  ||B r|| = 0.0694121
   Pass :  1   Iteration :   8  ||B r|| = 0.046492
   Pass :  1   Iteration :   9  ||B r|| = 0.0339151
   Pass :  1   Iteration :  10  ||B r|| = 0.0262416
   Pass :  1   Iteration :  11  ||B r|| = 0.0206899
   Pass :  1   Iteration :  12  ||B r|| = 0.0146955
   Pass :  1   Iteration :  13  ||B r|| = 0.0113548
   Pass :  1   Iteration :  14  ||B r|| = 0.00875146
   Pass :  1   Iteration :  15  ||B r|| = 0.00684875
   Pass :  1   Iteration :  16  ||B r|| = 0.00494327
   Pass :  1   Iteration :  17  ||B r|| = 0.00347533
   Pass :  1   Iteration :  18  ||B r|| = 0.00239189
   Pass :  1   Iteration :  19  ||B r|| = 0.00159246
   Pass :  1   Iteration :  20  ||B r|| = 0.00114995
   Pass :  1   Iteration :  21  ||B r|| = 0.000920862
   Pass :  1   Iteration :  22  ||B r|| = 0.000809903
   Pass :  1   Iteration :  23  ||B r|| = 0.000689152
   Pass :  1   Iteration :  24  ||B r|| = 0.000545816
   Pass :  1   Iteration :  25  ||B r|| = 0.000396635
   Pass :  1   Iteration :  26  ||B r|| = 0.000263374
   Pass :  1   Iteration :  27  ||B r|| = 0.000182304
   Pass :  1   Iteration :  28  ||B r|| = 0.000117048
   Pass :  1   Iteration :  29  ||B r|| = 8.04417e-05
   Pass :  1   Iteration :  30  ||B r|| = 4.87211e-05
   Pass :  1   Iteration :  31  ||B r|| = 3.49657e-05
   Pass :  1   Iteration :  32  ||B r|| = 2.2228e-05
   Pass :  1   Iteration :  33  ||B r|| = 1.46708e-05
   Pass :  1   Iteration :  34  ||B r|| = 1.07447e-05
   Pass :  1   Iteration :  35  ||B r|| = 7.08681e-06
norm(r_0) 0
norm(r_1) 0
norm(r_2) 0
norm(r_3) 2.4011049e-05
norm(r_4) 0
Newton iteration  1 : ||r|| = 2.4011e-05, ||r||/||r_0|| = 0.000121602
Setting time step: 0.02 in DGTransportTDO
Setting time step: 0.02 in CombinedOp
Setting time step: 0.02 in IonStaticPressureOp
norm(r_0) 0
norm(r_1) 0
norm(r_2) 0
norm(r_3) 0.20929635
norm(r_4) 0
Newton iteration  0 : ||r|| = 0.209296
   Pass :  1   Iteration :   0  ||B r|| = 10.2137
   Pass :  1   Iteration :   1  ||B r|| = 0.920616
   Pass :  1   Iteration :   2  ||B r|| = 0.361801
   Pass :  1   Iteration :   3  ||B r|| = 0.232135
   Pass :  1   Iteration :   4  ||B r|| = 0.180118
   Pass :  1   Iteration :   5  ||B r|| = 0.137662
   Pass :  1   Iteration :   6  ||B r|| = 0.108239
   Pass :  1   Iteration :   7  ||B r|| = 0.0735743
   Pass :  1   Iteration :   8  ||B r|| = 0.0492798
   Pass :  1   Iteration :   9  ||B r|| = 0.0359488
   Pass :  1   Iteration :  10  ||B r|| = 0.0278153
   Pass :  1   Iteration :  11  ||B r|| = 0.0219305
   Pass :  1   Iteration :  12  ||B r|| = 0.0155767
   Pass :  1   Iteration :  13  ||B r|| = 0.0120357
   Pass :  1   Iteration :  14  ||B r|| = 0.0092762
   Pass :  1   Iteration :  15  ||B r|| = 0.00725942
   Pass :  1   Iteration :  16  ||B r|| = 0.00523968
   Pass :  1   Iteration :  17  ||B r|| = 0.00368372
   Pass :  1   Iteration :  18  ||B r|| = 0.00253532
   Pass :  1   Iteration :  19  ||B r|| = 0.00168796
   Pass :  1   Iteration :  20  ||B r|| = 0.00121893
   Pass :  1   Iteration :  21  ||B r|| = 0.000976103
   Pass :  1   Iteration :  22  ||B r|| = 0.00085849
   Pass :  1   Iteration :  23  ||B r|| = 0.000730493
   Pass :  1   Iteration :  24  ||B r|| = 0.000578555
   Pass :  1   Iteration :  25  ||B r|| = 0.000420425
   Pass :  1   Iteration :  26  ||B r|| = 0.00027917
   Pass :  1   Iteration :  27  ||B r|| = 0.000193237
   Pass :  1   Iteration :  28  ||B r|| = 0.000124068
   Pass :  1   Iteration :  29  ||B r|| = 8.52668e-05
   Pass :  1   Iteration :  30  ||B r|| = 5.16439e-05
   Pass :  1   Iteration :  31  ||B r|| = 3.70634e-05
   Pass :  1   Iteration :  32  ||B r|| = 2.35616e-05
   Pass :  1   Iteration :  33  ||B r|| = 1.5551e-05
   Pass :  1   Iteration :  34  ||B r|| = 1.13894e-05
   Pass :  1   Iteration :  35  ||B r|| = 7.51206e-06
norm(r_0) 0
norm(r_1) 0
norm(r_2) 0
norm(r_3) 2.5451722e-05
norm(r_4) 0
Newton iteration  1 : ||r|| = 2.54517e-05, ||r||/||r_0|| = 0.000121606
Setting time step: 0.02 in DGTransportTDO
Setting time step: 0.02 in CombinedOp
Setting time step: 0.02 in IonStaticPressureOp
norm(r_0) 0
norm(r_1) 0
norm(r_2) 0
norm(r_3) 0.11839195
norm(r_4) 0
Newton iteration  0 : ||r|| = 0.118392
   Pass :  1   Iteration :   0  ||B r|| = 5.77748
   Pass :  1   Iteration :   1  ||B r|| = 0.520755
   Pass :  1   Iteration :   2  ||B r|| = 0.204654
   Pass :  1   Iteration :   3  ||B r|| = 0.131304
   Pass :  1   Iteration :   4  ||B r|| = 0.101881
   Pass :  1   Iteration :   5  ||B r|| = 0.0778676
   Pass :  1   Iteration :   6  ||B r|| = 0.0612259
   Pass :  1   Iteration :   7  ||B r|| = 0.0416177
   Pass :  1   Iteration :   8  ||B r|| = 0.0278758
   Pass :  1   Iteration :   9  ||B r|| = 0.0203357
   Pass :  1   Iteration :  10  ||B r|| = 0.0157349
   Pass :  1   Iteration :  11  ||B r|| = 0.0124055
   Pass :  1   Iteration :  12  ||B r|| = 0.008811
   Pass :  1   Iteration :  13  ||B r|| = 0.00680787
   Pass :  1   Iteration :  14  ||B r|| = 0.005247
   Pass :  1   Iteration :  15  ||B r|| = 0.00410628
   Pass :  1   Iteration :  16  ||B r|| = 0.00296384
   Pass :  1   Iteration :  17  ||B r|| = 0.0020837
   Pass :  1   Iteration :  18  ||B r|| = 0.0014341
   Pass :  1   Iteration :  19  ||B r|| = 0.000954844
   Pass :  1   Iteration :  20  ||B r|| = 0.00068957
   Pass :  1   Iteration :  21  ||B r|| = 0.000552218
   Pass :  1   Iteration :  22  ||B r|| = 0.000485685
   Pass :  1   Iteration :  23  ||B r|| = 0.000413262
   Pass :  1   Iteration :  24  ||B r|| = 0.000327295
   Pass :  1   Iteration :  25  ||B r|| = 0.000237837
   Pass :  1   Iteration :  26  ||B r|| = 0.000157931
   Pass :  1   Iteration :  27  ||B r|| = 0.000109321
   Pass :  1   Iteration :  28  ||B r|| = 7.01928e-05
   Pass :  1   Iteration :  29  ||B r|| = 4.82421e-05
   Pass :  1   Iteration :  30  ||B r|| = 2.92214e-05
   Pass :  1   Iteration :  31  ||B r|| = 2.09723e-05
   Pass :  1   Iteration :  32  ||B r|| = 1.33324e-05
   Pass :  1   Iteration :  33  ||B r|| = 8.80004e-06
   Pass :  1   Iteration :  34  ||B r|| = 6.44523e-06
   Pass :  1   Iteration :  35  ||B r|| = 4.25117e-06
norm(r_0) 0
norm(r_1) 0
norm(r_2) 0
norm(r_3) 1.4402696e-05
norm(r_4) 0
Newton iteration  1 : ||r|| = 1.44027e-05, ||r||/||r_0|| = 0.000121653
Time stepping paused at t = 0.15

Estimating errors.
No refinements necessary.
No derefinements needed.

AMR iteration 1
Number of unknowns: 256
Setting time step: 0.019720192 in DGTransportTDO
Setting time step: 0.019720192 in CombinedOp
Setting time step: 0.019720192 in IonStaticPressureOp
norm(r_0) 0
norm(r_1) 0
norm(r_2) 0
norm(r_3) 0.093721765
norm(r_4) 0
Newton iteration  0 : ||r|| = 0.0937218
   Pass :  1   Iteration :   0  ||B r|| = 4.61377
   Pass :  1   Iteration :   1  ||B r|| = 0.41565
   Pass :  1   Iteration :   2  ||B r|| = 0.163221
   Pass :  1   Iteration :   3  ||B r|| = 0.104692
   Pass :  1   Iteration :   4  ||B r|| = 0.0811881
   Pass :  1   Iteration :   5  ||B r|| = 0.0619647
   Pass :  1   Iteration :   6  ||B r|| = 0.0486256
   Pass :  1   Iteration :   7  ||B r|| = 0.032975
   Pass :  1   Iteration :   8  ||B r|| = 0.0220609
   Pass :  1   Iteration :   9  ||B r|| = 0.01609
   Pass :  1   Iteration :  10  ||B r|| = 0.0124448
   Pass :  1   Iteration :  11  ||B r|| = 0.00980774
   Pass :  1   Iteration :  12  ||B r|| = 0.00696607
   Pass :  1   Iteration :  13  ||B r|| = 0.00538372
   Pass :  1   Iteration :  14  ||B r|| = 0.00414799
   Pass :  1   Iteration :  15  ||B r|| = 0.00324366
   Pass :  1   Iteration :  16  ||B r|| = 0.00233676
   Pass :  1   Iteration :  17  ||B r|| = 0.00164074
   Pass :  1   Iteration :  18  ||B r|| = 0.00112726
   Pass :  1   Iteration :  19  ||B r|| = 0.000748637
   Pass :  1   Iteration :  20  ||B r|| = 0.000538575
   Pass :  1   Iteration :  21  ||B r|| = 0.000430039
   Pass :  1   Iteration :  22  ||B r|| = 0.000377671
   Pass :  1   Iteration :  23  ||B r|| = 0.000321357
   Pass :  1   Iteration :  24  ||B r|| = 0.000254817
   Pass :  1   Iteration :  25  ||B r|| = 0.000185425
   Pass :  1   Iteration :  26  ||B r|| = 0.000123336
   Pass :  1   Iteration :  27  ||B r|| = 8.54666e-05
   Pass :  1   Iteration :  28  ||B r|| = 5.49116e-05
   Pass :  1   Iteration :  29  ||B r|| = 3.77769e-05
   Pass :  1   Iteration :  30  ||B r|| = 2.29123e-05
   Pass :  1   Iteration :  31  ||B r|| = 1.6457e-05
   Pass :  1   Iteration :  32  ||B r|| = 1.04623e-05
   Pass :  1   Iteration :  33  ||B r|| = 6.9085e-06
   Pass :  1   Iteration :  34  ||B r|| = 5.05846e-06
   Pass :  1   Iteration :  35  ||B r|| = 3.33566e-06
norm(r_0) 0
norm(r_1) 0
norm(r_2) 0
norm(r_3) 1.1138196e-05
norm(r_4) 0
Newton iteration  1 : ||r|| = 1.11382e-05, ||r||/||r_0|| = 0.000118843
Setting time step: 0.019720192 in DGTransportTDO
Setting time step: 0.019720192 in CombinedOp
Setting time step: 0.019720192 in IonStaticPressureOp
norm(r_0) 0
norm(r_1) 0
norm(r_2) 0
norm(r_3) 0.055099866
norm(r_4) 0
Newton iteration  0 : ||r|| = 0.0550999
   Pass :  1   Iteration :   0  ||B r|| = 2.71248
   Pass :  1   Iteration :   1  ||B r|| = 0.244365
   Pass :  1   Iteration :   2  ||B r|| = 0.0959595
   Pass :  1   Iteration :   3  ||B r|| = 0.0615498
   Pass :  1   Iteration :   4  ||B r|| = 0.0477315
   Pass :  1   Iteration :   5  ||B r|| = 0.0364297
   Pass :  1   Iteration :   6  ||B r|| = 0.0285875
   Pass :  1   Iteration :   7  ||B r|| = 0.0193863
   Pass :  1   Iteration :   8  ||B r|| = 0.0129698
   Pass :  1   Iteration :   9  ||B r|| = 0.00945945
   Pass :  1   Iteration :  10  ||B r|| = 0.00731639
   Pass :  1   Iteration :  11  ||B r|| = 0.00576605
   Pass :  1   Iteration :  12  ||B r|| = 0.00409543
   Pass :  1   Iteration :  13  ||B r|| = 0.00316516
   Pass :  1   Iteration :  14  ||B r|| = 0.00243866
   Pass :  1   Iteration :  15  ||B r|| = 0.00190699
   Pass :  1   Iteration :  16  ||B r|| = 0.0013738
   Pass :  1   Iteration :  17  ||B r|| = 0.000964606
   Pass :  1   Iteration :  18  ||B r|| = 0.000662723
   Pass :  1   Iteration :  19  ||B r|| = 0.000440121
   Pass :  1   Iteration :  20  ||B r|| = 0.000316619
   Pass :  1   Iteration :  21  ||B r|| = 0.000252809
   Pass :  1   Iteration :  22  ||B r|| = 0.000222022
   Pass :  1   Iteration :  23  ||B r|| = 0.000188917
   Pass :  1   Iteration :  24  ||B r|| = 0.000149802
   Pass :  1   Iteration :  25  ||B r|| = 0.000109009
   Pass :  1   Iteration :  26  ||B r|| = 7.25087e-05
   Pass :  1   Iteration :  27  ||B r|| = 5.02456e-05
   Pass :  1   Iteration :  28  ||B r|| = 3.22823e-05
   Pass :  1   Iteration :  29  ||B r|| = 2.22088e-05
   Pass :  1   Iteration :  30  ||B r|| = 1.34698e-05
   Pass :  1   Iteration :  31  ||B r|| = 9.67474e-06
   Pass :  1   Iteration :  32  ||B r|| = 6.15057e-06
   Pass :  1   Iteration :  33  ||B r|| = 4.06132e-06
   Pass :  1   Iteration :  34  ||B r|| = 2.97373e-06
   Pass :  1   Iteration :  35  ||B r|| = 1.96093e-06
norm(r_0) 0
norm(r_1) 0
norm(r_2) 0
norm(r_3) 6.5478673e-06
norm(r_4) 0
Newton iteration  1 : ||r|| = 6.54787e-06, ||r||/||r_0|| = 0.000118836
Setting time step: 0.019720192 in DGTransportTDO
Setting time step: 0.019720192 in CombinedOp
Setting time step: 0.019720192 in IonStaticPressureOp
norm(r_0) 0
norm(r_1) 0
norm(r_2) 0
norm(r_3) 0.069275335
norm(r_4) 0
Newton iteration  0 : ||r|| = 0.0692753
   Pass :  1   Iteration :   0  ||B r|| = 3.41031
   Pass :  1   Iteration :   1  ||B r|| = 0.307233
   Pass :  1   Iteration :   2  ||B r|| = 0.120647
   Pass :  1   Iteration :   3  ||B r|| = 0.0773843
   Pass :  1   Iteration :   4  ||B r|| = 0.0600112
   Pass :  1   Iteration :   5  ||B r|| = 0.0458019
   Pass :  1   Iteration :   6  ||B r|| = 0.0359421
   Pass :  1   Iteration :   7  ||B r|| = 0.0243738
   Pass :  1   Iteration :   8  ||B r|| = 0.0163065
   Pass :  1   Iteration :   9  ||B r|| = 0.0118931
   Pass :  1   Iteration :  10  ||B r|| = 0.00919868
   Pass :  1   Iteration :  11  ||B r|| = 0.00724948
   Pass :  1   Iteration :  12  ||B r|| = 0.00514904
   Pass :  1   Iteration :  13  ||B r|| = 0.00397945
   Pass :  1   Iteration :  14  ||B r|| = 0.00306604
   Pass :  1   Iteration :  15  ||B r|| = 0.0023976
   Pass :  1   Iteration :  16  ||B r|| = 0.00172724
   Pass :  1   Iteration :  17  ||B r|| = 0.00121277
   Pass :  1   Iteration :  18  ||B r|| = 0.000833223
   Pass :  1   Iteration :  19  ||B r|| = 0.000553355
   Pass :  1   Iteration :  20  ||B r|| = 0.000398082
   Pass :  1   Iteration :  21  ||B r|| = 0.000317856
   Pass :  1   Iteration :  22  ||B r|| = 0.000279149
   Pass :  1   Iteration :  23  ||B r|| = 0.000237525
   Pass :  1   Iteration :  24  ||B r|| = 0.000188345
   Pass :  1   Iteration :  25  ||B r|| = 0.000137056
   Pass :  1   Iteration :  26  ||B r|| = 9.11637e-05
   Pass :  1   Iteration :  27  ||B r|| = 6.31727e-05
   Pass :  1   Iteration :  28  ||B r|| = 4.05879e-05
   Pass :  1   Iteration :  29  ||B r|| = 2.79228e-05
   Pass :  1   Iteration :  30  ||B r|| = 1.69354e-05
   Pass :  1   Iteration :  31  ||B r|| = 1.2164e-05
   Pass :  1   Iteration :  32  ||B r|| = 7.73307e-06
   Pass :  1   Iteration :  33  ||B r|| = 5.10629e-06
   Pass :  1   Iteration :  34  ||B r|| = 3.73886e-06
   Pass :  1   Iteration :  35  ||B r|| = 2.46548e-06
norm(r_0) 0
norm(r_1) 0
norm(r_2) 0
norm(r_3) 8.2326102e-06
norm(r_4) 0
Newton iteration  1 : ||r|| = 8.23261e-06, ||r||/||r_0|| = 0.000118839
Setting time step: 0.019720192 in DGTransportTDO
Setting time step: 0.019720192 in CombinedOp
Setting time step: 0.019720192 in IonStaticPressureOp
norm(r_0) 0
norm(r_1) 0
norm(r_2) 0
norm(r_3) 0.073363076
norm(r_4) 0
Newton iteration  0 : ||r|| = 0.0733631
   Pass :  1   Iteration :   0  ||B r|| = 3.61154
   Pass :  1   Iteration :   1  ||B r|| = 0.325361
   Pass :  1   Iteration :   2  ||B r|| = 0.127766
   Pass :  1   Iteration :   3  ||B r|| = 0.0819505
   Pass :  1   Iteration :   4  ||B r|| = 0.0635522
   Pass :  1   Iteration :   5  ||B r|| = 0.0485045
   Pass :  1   Iteration :   6  ||B r|| = 0.038063
   Pass :  1   Iteration :   7  ||B r|| = 0.025812
   Pass :  1   Iteration :   8  ||B r|| = 0.0172687
   Pass :  1   Iteration :   9  ||B r|| = 0.0125948
   Pass :  1   Iteration :  10  ||B r|| = 0.00974147
   Pass :  1   Iteration :  11  ||B r|| = 0.00767725
   Pass :  1   Iteration :  12  ||B r|| = 0.00545287
   Pass :  1   Iteration :  13  ||B r|| = 0.00421426
   Pass :  1   Iteration :  14  ||B r|| = 0.00324696
   Pass :  1   Iteration :  15  ||B r|| = 0.00253907
   Pass :  1   Iteration :  16  ||B r|| = 0.00182916
   Pass :  1   Iteration :  17  ||B r|| = 0.00128433
   Pass :  1   Iteration :  18  ||B r|| = 0.00088239
   Pass :  1   Iteration :  19  ||B r|| = 0.000586008
   Pass :  1   Iteration :  20  ||B r|| = 0.000421574
   Pass :  1   Iteration :  21  ||B r|| = 0.000336614
   Pass :  1   Iteration :  22  ||B r|| = 0.000295623
   Pass :  1   Iteration :  23  ||B r|| = 0.000251543
   Pass :  1   Iteration :  24  ||B r|| = 0.00019946
   Pass :  1   Iteration :  25  ||B r|| = 0.000145144
   Pass :  1   Iteration :  26  ||B r|| = 9.65433e-05
   Pass :  1   Iteration :  27  ||B r|| = 6.69005e-05
   Pass :  1   Iteration :  28  ||B r|| = 4.2983e-05
   Pass :  1   Iteration :  29  ||B r|| = 2.95705e-05
   Pass :  1   Iteration :  30  ||B r|| = 1.79348e-05
   Pass :  1   Iteration :  31  ||B r|| = 1.28818e-05
   Pass :  1   Iteration :  32  ||B r|| = 8.18944e-06
   Pass :  1   Iteration :  33  ||B r|| = 5.40764e-06
   Pass :  1   Iteration :  34  ||B r|| = 3.95952e-06
   Pass :  1   Iteration :  35  ||B r|| = 2.61099e-06
norm(r_0) 0
norm(r_1) 0
norm(r_2) 0
norm(r_3) 8.7184655e-06
norm(r_4) 0
Newton iteration  1 : ||r|| = 8.71847e-06, ||r||/||r_0|| = 0.00011884
Setting time step: 0.019720192 in DGTransportTDO
Setting time step: 0.019720192 in CombinedOp
Setting time step: 0.019720192 in IonStaticPressureOp
norm(r_0) 0
norm(r_1) 0
norm(r_2) 0
norm(r_3) 0.041850258
norm(r_4) 0
Newton iteration  0 : ||r|| = 0.0418503
   Pass :  1   Iteration :   0  ||B r|| = 2.06022
   Pass :  1   Iteration :   1  ||B r|| = 0.185603
   Pass :  1   Iteration :   2  ||B r|| = 0.0728836
   Pass :  1   Iteration :   3  ||B r|| = 0.0467484
   Pass :  1   Iteration :   4  ||B r|| = 0.0362532
   Pass :  1   Iteration :   5  ||B r|| = 0.0276693
   Pass :  1   Iteration :   6  ||B r|| = 0.0217131
   Pass :  1   Iteration :   7  ||B r|| = 0.0147245
   Pass :  1   Iteration :   8  ||B r|| = 0.00985101
   Pass :  1   Iteration :   9  ||B r|| = 0.0071848
   Pass :  1   Iteration :  10  ||B r|| = 0.00555708
   Pass :  1   Iteration :  11  ||B r|| = 0.00437952
   Pass :  1   Iteration :  12  ||B r|| = 0.00311058
   Pass :  1   Iteration :  13  ||B r|| = 0.002404
   Pass :  1   Iteration :  14  ||B r|| = 0.00185221
   Pass :  1   Iteration :  15  ||B r|| = 0.0014484
   Pass :  1   Iteration :  16  ||B r|| = 0.00104344
   Pass :  1   Iteration :  17  ||B r|| = 0.000732648
   Pass :  1   Iteration :  18  ||B r|| = 0.000503362
   Pass :  1   Iteration :  19  ||B r|| = 0.000334295
   Pass :  1   Iteration :  20  ||B r|| = 0.000240497
   Pass :  1   Iteration :  21  ||B r|| = 0.000192032
   Pass :  1   Iteration :  22  ||B r|| = 0.000168648
   Pass :  1   Iteration :  23  ||B r|| = 0.0001435
   Pass :  1   Iteration :  24  ||B r|| = 0.000113787
   Pass :  1   Iteration :  25  ||B r|| = 8.28e-05
   Pass :  1   Iteration :  26  ||B r|| = 5.50746e-05
   Pass :  1   Iteration :  27  ||B r|| = 3.81646e-05
   Pass :  1   Iteration :  28  ||B r|| = 2.45206e-05
   Pass :  1   Iteration :  29  ||B r|| = 1.68693e-05
   Pass :  1   Iteration :  30  ||B r|| = 1.02316e-05
   Pass :  1   Iteration :  31  ||B r|| = 7.34898e-06
   Pass :  1   Iteration :  32  ||B r|| = 4.67205e-06
   Pass :  1   Iteration :  33  ||B r|| = 3.08509e-06
   Pass :  1   Iteration :  34  ||B r|| = 2.25893e-06
   Pass :  1   Iteration :  35  ||B r|| = 1.48959e-06
norm(r_0) 0
norm(r_1) 0
norm(r_2) 0
norm(r_3) 4.9738984e-06
norm(r_4) 0
Newton iteration  1 : ||r|| = 4.9739e-06, ||r||/||r_0|| = 0.00011885
Setting time step: 0.038639427 in DGTransportTDO
Setting time step: 0.038639427 in CombinedOp
Setting time step: 0.038639427 in IonStaticPressureOp
norm(r_0) 0
norm(r_1) 0
norm(r_2) 0
norm(r_3) 0.03322706
norm(r_4) 0
Newton iteration  0 : ||r|| = 0.0332271
   Pass :  1   Iteration :   0  ||B r|| = 1.02003
   Pass :  1   Iteration :   1  ||B r|| = 0.0989883
   Pass :  1   Iteration :   2  ||B r|| = 0.0402377
   Pass :  1   Iteration :   3  ||B r|| = 0.0255343
   Pass :  1   Iteration :   4  ||B r|| = 0.0197303
   Pass :  1   Iteration :   5  ||B r|| = 0.0159769
   Pass :  1   Iteration :   6  ||B r|| = 0.0135698
   Pass :  1   Iteration :   7  ||B r|| = 0.0103573
   Pass :  1   Iteration :   8  ||B r|| = 0.00741101
   Pass :  1   Iteration :   9  ||B r|| = 0.00543946
   Pass :  1   Iteration :  10  ||B r|| = 0.00429093
   Pass :  1   Iteration :  11  ||B r|| = 0.00339645
   Pass :  1   Iteration :  12  ||B r|| = 0.00246657
   Pass :  1   Iteration :  13  ||B r|| = 0.0018537
   Pass :  1   Iteration :  14  ||B r|| = 0.0014469
   Pass :  1   Iteration :  15  ||B r|| = 0.001147
   Pass :  1   Iteration :  16  ||B r|| = 0.000902696
   Pass :  1   Iteration :  17  ||B r|| = 0.000660054
   Pass :  1   Iteration :  18  ||B r|| = 0.000491051
   Pass :  1   Iteration :  19  ||B r|| = 0.000351114
   Pass :  1   Iteration :  20  ||B r|| = 0.000280015
   Pass :  1   Iteration :  21  ||B r|| = 0.000237868
   Pass :  1   Iteration :  22  ||B r|| = 0.0002204
   Pass :  1   Iteration :  23  ||B r|| = 0.000188401
   Pass :  1   Iteration :  24  ||B r|| = 0.00014294
   Pass :  1   Iteration :  25  ||B r|| = 0.000101316
   Pass :  1   Iteration :  26  ||B r|| = 6.52377e-05
   Pass :  1   Iteration :  27  ||B r|| = 4.36077e-05
   Pass :  1   Iteration :  28  ||B r|| = 2.80406e-05
   Pass :  1   Iteration :  29  ||B r|| = 1.87578e-05
   Pass :  1   Iteration :  30  ||B r|| = 1.10975e-05
   Pass :  1   Iteration :  31  ||B r|| = 7.57816e-06
   Pass :  1   Iteration :  32  ||B r|| = 4.85507e-06
   Pass :  1   Iteration :  33  ||B r|| = 3.21482e-06
   Pass :  1   Iteration :  34  ||B r|| = 2.25569e-06
   Pass :  1   Iteration :  35  ||B r|| = 1.44154e-06
   Pass :  1   Iteration :  36  ||B r|| = 9.37377e-07
norm(r_0) 0
norm(r_1) 0
norm(r_2) 0
norm(r_3) 7.5364103e-06
norm(r_4) 0
Newton iteration  1 : ||r|| = 7.53641e-06, ||r||/||r_0|| = 0.000226815
Setting time step: 0.038639427 in DGTransportTDO
Setting time step: 0.038639427 in CombinedOp
Setting time step: 0.038639427 in IonStaticPressureOp
norm(r_0) 0
norm(r_1) 0
norm(r_2) 0
norm(r_3) 0.010826287
norm(r_4) 0
Newton iteration  0 : ||r|| = 0.0108263
   Pass :  1   Iteration :   0  ||B r|| = 0.332352
   Pass :  1   Iteration :   1  ||B r|| = 0.0322532
   Pass :  1   Iteration :   2  ||B r|| = 0.0131105
   Pass :  1   Iteration :   3  ||B r|| = 0.00831981
   Pass :  1   Iteration :   4  ||B r|| = 0.00642867
   Pass :  1   Iteration :   5  ||B r|| = 0.00520571
   Pass :  1   Iteration :   6  ||B r|| = 0.00442139
   Pass :  1   Iteration :   7  ||B r|| = 0.0033747
   Pass :  1   Iteration :   8  ||B r|| = 0.00241472
   Pass :  1   Iteration :   9  ||B r|| = 0.0017723
   Pass :  1   Iteration :  10  ||B r|| = 0.00139806
   Pass :  1   Iteration :  11  ||B r|| = 0.00110663
   Pass :  1   Iteration :  12  ||B r|| = 0.000803669
   Pass :  1   Iteration :  13  ||B r|| = 0.000603983
   Pass :  1   Iteration :  14  ||B r|| = 0.00047144
   Pass :  1   Iteration :  15  ||B r|| = 0.000373726
   Pass :  1   Iteration :  16  ||B r|| = 0.000294124
   Pass :  1   Iteration :  17  ||B r|| = 0.000215064
   Pass :  1   Iteration :  18  ||B r|| = 0.00016
   Pass :  1   Iteration :  19  ||B r|| = 0.000114402
   Pass :  1   Iteration :  20  ||B r|| = 9.12348e-05
   Pass :  1   Iteration :  21  ||B r|| = 7.75026e-05
   Pass :  1   Iteration :  22  ||B r|| = 7.18116e-05
   Pass :  1   Iteration :  23  ||B r|| = 6.1386e-05
   Pass :  1   Iteration :  24  ||B r|| = 4.65737e-05
   Pass :  1   Iteration :  25  ||B r|| = 3.30114e-05
   Pass :  1   Iteration :  26  ||B r|| = 2.12557e-05
   Pass :  1   Iteration :  27  ||B r|| = 1.42078e-05
   Pass :  1   Iteration :  28  ||B r|| = 9.13558e-06
   Pass :  1   Iteration :  29  ||B r|| = 6.11083e-06
   Pass :  1   Iteration :  30  ||B r|| = 3.61479e-06
   Pass :  1   Iteration :  31  ||B r|| = 2.46813e-06
   Pass :  1   Iteration :  32  ||B r|| = 1.58116e-06
   Pass :  1   Iteration :  33  ||B r|| = 1.04688e-06
   Pass :  1   Iteration :  34  ||B r|| = 7.34469e-07
norm(r_0) 0
norm(r_1) 0
norm(r_2) 0
norm(r_3) 4.9583728e-06
norm(r_4) 0
Newton iteration  1 : ||r|| = 4.95837e-06, ||r||/||r_0|| = 0.000457994
Setting time step: 0.038639427 in DGTransportTDO
Setting time step: 0.038639427 in CombinedOp
Setting time step: 0.038639427 in IonStaticPressureOp
norm(r_0) 0
norm(r_1) 0
norm(r_2) 0
norm(r_3) 0.018578422
norm(r_4) 0
Newton iteration  0 : ||r|| = 0.0185784
   Pass :  1   Iteration :   0  ||B r|| = 0.570333
   Pass :  1   Iteration :   1  ||B r|| = 0.055348
   Pass :  1   Iteration :   2  ||B r|| = 0.0224983
   Pass :  1   Iteration :   3  ||B r|| = 0.0142772
   Pass :  1   Iteration :   4  ||B r|| = 0.0110319
   Pass :  1   Iteration :   5  ||B r|| = 0.00893325
   Pass :  1   Iteration :   6  ||B r|| = 0.00758733
   Pass :  1   Iteration :   7  ||B r|| = 0.00579114
   Pass :  1   Iteration :   8  ||B r|| = 0.00414377
   Pass :  1   Iteration :   9  ||B r|| = 0.00304137
   Pass :  1   Iteration :  10  ||B r|| = 0.00239918
   Pass :  1   Iteration :  11  ||B r|| = 0.00189905
   Pass :  1   Iteration :  12  ||B r|| = 0.00137914
   Pass :  1   Iteration :  13  ||B r|| = 0.00103647
   Pass :  1   Iteration :  14  ||B r|| = 0.000809013
   Pass :  1   Iteration :  15  ||B r|| = 0.00064133
   Pass :  1   Iteration :  16  ||B r|| = 0.000504729
   Pass :  1   Iteration :  17  ||B r|| = 0.00036906
   Pass :  1   Iteration :  18  ||B r|| = 0.000274566
   Pass :  1   Iteration :  19  ||B r|| = 0.00019632
   Pass :  1   Iteration :  20  ||B r|| = 0.000156565
   Pass :  1   Iteration :  21  ||B r|| = 0.000132999
   Pass :  1   Iteration :  22  ||B r|| = 0.000123233
   Pass :  1   Iteration :  23  ||B r|| = 0.000105342
   Pass :  1   Iteration :  24  ||B r|| = 7.99227e-05
   Pass :  1   Iteration :  25  ||B r|| = 5.66494e-05
   Pass :  1   Iteration :  26  ||B r|| = 3.64763e-05
   Pass :  1   Iteration :  27  ||B r|| = 2.43821e-05
   Pass :  1   Iteration :  28  ||B r|| = 1.56779e-05
   Pass :  1   Iteration :  29  ||B r|| = 1.04874e-05
   Pass :  1   Iteration :  30  ||B r|| = 6.2042e-06
   Pass :  1   Iteration :  31  ||B r|| = 4.23643e-06
   Pass :  1   Iteration :  32  ||B r|| = 2.71408e-06
   Pass :  1   Iteration :  33  ||B r|| = 1.79707e-06
   Pass :  1   Iteration :  34  ||B r|| = 1.26086e-06
   Pass :  1   Iteration :  35  ||B r|| = 8.05735e-07
norm(r_0) 0
norm(r_1) 0
norm(r_2) 0
norm(r_3) 5.9001338e-06
norm(r_4) 0
Newton iteration  1 : ||r|| = 5.90013e-06, ||r||/||r_0|| = 0.00031758
Setting time step: 0.038639427 in DGTransportTDO
Setting time step: 0.038639427 in CombinedOp
Setting time step: 0.038639427 in IonStaticPressureOp
norm(r_0) 0
norm(r_1) 0
norm(r_2) 0
norm(r_3) 0.021049972
norm(r_4) 0
Newton iteration  0 : ||r|| = 0.02105
   Pass :  1   Iteration :   0  ||B r|| = 0.646207
   Pass :  1   Iteration :   1  ||B r|| = 0.0627111
   Pass :  1   Iteration :   2  ||B r|| = 0.0254914
   Pass :  1   Iteration :   3  ||B r|| = 0.0161765
   Pass :  1   Iteration :   4  ||B r|| = 0.0124995
   Pass :  1   Iteration :   5  ||B r|| = 0.0101217
   Pass :  1   Iteration :   6  ||B r|| = 0.0085967
   Pass :  1   Iteration :   7  ||B r|| = 0.00656155
   Pass :  1   Iteration :   8  ||B r|| = 0.00469503
   Pass :  1   Iteration :   9  ||B r|| = 0.00344598
   Pass :  1   Iteration :  10  ||B r|| = 0.00271836
   Pass :  1   Iteration :  11  ||B r|| = 0.0021517
   Pass :  1   Iteration :  12  ||B r|| = 0.00156261
   Pass :  1   Iteration :  13  ||B r|| = 0.00117435
   Pass :  1   Iteration :  14  ||B r|| = 0.000916639
   Pass :  1   Iteration :  15  ||B r|| = 0.000726647
   Pass :  1   Iteration :  16  ||B r|| = 0.000571875
   Pass :  1   Iteration :  17  ||B r|| = 0.000418157
   Pass :  1   Iteration :  18  ||B r|| = 0.000311092
   Pass :  1   Iteration :  19  ||B r|| = 0.000222437
   Pass :  1   Iteration :  20  ||B r|| = 0.000177394
   Pass :  1   Iteration :  21  ||B r|| = 0.000150693
   Pass :  1   Iteration :  22  ||B r|| = 0.000139627
   Pass :  1   Iteration :  23  ||B r|| = 0.000119356
   Pass :  1   Iteration :  24  ||B r|| = 9.05551e-05
   Pass :  1   Iteration :  25  ||B r|| = 6.41857e-05
   Pass :  1   Iteration :  26  ||B r|| = 4.1329e-05
   Pass :  1   Iteration :  27  ||B r|| = 2.76258e-05
   Pass :  1   Iteration :  28  ||B r|| = 1.77638e-05
   Pass :  1   Iteration :  29  ||B r|| = 1.18828e-05
   Pass :  1   Iteration :  30  ||B r|| = 7.02981e-06
   Pass :  1   Iteration :  31  ||B r|| = 4.80027e-06
   Pass :  1   Iteration :  32  ||B r|| = 3.07532e-06
   Pass :  1   Iteration :  33  ||B r|| = 2.03628e-06
   Pass :  1   Iteration :  34  ||B r|| = 1.42871e-06
   Pass :  1   Iteration :  35  ||B r|| = 9.13012e-07
norm(r_0) 0
norm(r_1) 0
norm(r_2) 0
norm(r_3) 6.6855915e-06
norm(r_4) 0
Newton iteration  1 : ||r|| = 6.68559e-06, ||r||/||r_0|| = 0.000317606
Setting time step: 0.038639427 in DGTransportTDO
Setting time step: 0.038639427 in CombinedOp
Setting time step: 0.038639427 in IonStaticPressureOp
norm(r_0) 0
norm(r_1) 0
norm(r_2) 0
norm(r_3) 0.0067999079
norm(r_4) 0
Newton iteration  0 : ||r|| = 0.00679991
   Pass :  1   Iteration :   0  ||B r|| = 0.208757
   Pass :  1   Iteration :   1  ||B r|| = 0.0202583
   Pass :  1   Iteration :   2  ||B r|| = 0.00823485
   Pass :  1   Iteration :   3  ||B r|| = 0.00522565
   Pass :  1   Iteration :   4  ||B r|| = 0.00403774
   Pass :  1   Iteration :   5  ||B r|| = 0.00326954
   Pass :  1   Iteration :   6  ||B r|| = 0.00277699
   Pass :  1   Iteration :   7  ||B r|| = 0.00211963
   Pass :  1   Iteration :   8  ||B r|| = 0.00151674
   Pass :  1   Iteration :   9  ||B r|| = 0.00111326
   Pass :  1   Iteration :  10  ||B r|| = 0.000878215
   Pass :  1   Iteration :  11  ||B r|| = 0.000695118
   Pass :  1   Iteration :  12  ||B r|| = 0.000504792
   Pass :  1   Iteration :  13  ||B r|| = 0.000379358
   Pass :  1   Iteration :  14  ||B r|| = 0.000296098
   Pass :  1   Iteration :  15  ||B r|| = 0.000234719
   Pass :  1   Iteration :  16  ||B r|| = 0.00018472
   Pass :  1   Iteration :  17  ||B r|| = 0.000135064
   Pass :  1   Iteration :  18  ||B r|| = 0.000100488
   Pass :  1   Iteration :  19  ||B r|| = 7.18565e-05
   Pass :  1   Iteration :  20  ||B r|| = 5.7309e-05
   Pass :  1   Iteration :  21  ||B r|| = 4.86819e-05
   Pass :  1   Iteration :  22  ||B r|| = 4.51072e-05
   Pass :  1   Iteration :  23  ||B r|| = 3.85582e-05
   Pass :  1   Iteration :  24  ||B r|| = 2.92527e-05
   Pass :  1   Iteration :  25  ||B r|| = 2.0735e-05
   Pass :  1   Iteration :  26  ||B r|| = 1.33521e-05
   Pass :  1   Iteration :  27  ||B r|| = 8.9262e-06
   Pass :  1   Iteration :  28  ||B r|| = 5.74049e-06
   Pass :  1   Iteration :  29  ||B r|| = 3.84102e-06
   Pass :  1   Iteration :  30  ||B r|| = 2.27365e-06
   Pass :  1   Iteration :  31  ||B r|| = 1.55334e-06
   Pass :  1   Iteration :  32  ||B r|| = 9.95362e-07
norm(r_0) 0
norm(r_1) 0
norm(r_2) 0
norm(r_3) 7.2646491e-06
norm(r_4) 0
Newton iteration  1 : ||r|| = 7.26465e-06, ||r||/||r_0|| = 0.00106835
Setting time step: 0.042541769 in DGTransportTDO
Setting time step: 0.042541769 in CombinedOp
Setting time step: 0.042541769 in IonStaticPressureOp
norm(r_0) 0
norm(r_1) 0
norm(r_2) 0
norm(r_3) 0.0045078106
norm(r_4) 0
Newton iteration  0 : ||r|| = 0.00450781
   Pass :  1   Iteration :   0  ||B r|| = 0.128455
   Pass :  1   Iteration :   1  ||B r|| = 0.0125226
   Pass :  1   Iteration :   2  ||B r|| = 0.00511819
   Pass :  1   Iteration :   3  ||B r|| = 0.00326014
   Pass :  1   Iteration :   4  ||B r|| = 0.00252709
   Pass :  1   Iteration :   5  ||B r|| = 0.00205955
   Pass :  1   Iteration :   6  ||B r|| = 0.00176135
   Pass :  1   Iteration :   7  ||B r|| = 0.0013582
   Pass :  1   Iteration :   8  ||B r|| = 0.000980469
   Pass :  1   Iteration :   9  ||B r|| = 0.000721921
   Pass :  1   Iteration :  10  ||B r|| = 0.000570767
   Pass :  1   Iteration :  11  ||B r|| = 0.000452724
   Pass :  1   Iteration :  12  ||B r|| = 0.000329199
   Pass :  1   Iteration :  13  ||B r|| = 0.000247358
   Pass :  1   Iteration :  14  ||B r|| = 0.000193188
   Pass :  1   Iteration :  15  ||B r|| = 0.000153592
   Pass :  1   Iteration :  16  ||B r|| = 0.000121655
   Pass :  1   Iteration :  17  ||B r|| = 8.94676e-05
   Pass :  1   Iteration :  18  ||B r|| = 6.6988e-05
   Pass :  1   Iteration :  19  ||B r|| = 4.83005e-05
   Pass :  1   Iteration :  20  ||B r|| = 3.88109e-05
   Pass :  1   Iteration :  21  ||B r|| = 3.31377e-05
   Pass :  1   Iteration :  22  ||B r|| = 3.07518e-05
   Pass :  1   Iteration :  23  ||B r|| = 2.62907e-05
   Pass :  1   Iteration :  24  ||B r|| = 1.99213e-05
   Pass :  1   Iteration :  25  ||B r|| = 1.40938e-05
   Pass :  1   Iteration :  26  ||B r|| = 9.06183e-06
   Pass :  1   Iteration :  27  ||B r|| = 6.04827e-06
   Pass :  1   Iteration :  28  ||B r|| = 3.89062e-06
   Pass :  1   Iteration :  29  ||B r|| = 2.59891e-06
   Pass :  1   Iteration :  30  ||B r|| = 1.5343e-06
   Pass :  1   Iteration :  31  ||B r|| = 1.04381e-06
   Pass :  1   Iteration :  32  ||B r|| = 6.69449e-07
norm(r_0) 0
norm(r_1) 0
norm(r_2) 0
norm(r_3) 5.3516085e-06
norm(r_4) 0
Newton iteration  1 : ||r|| = 5.35161e-06, ||r||/||r_0|| = 0.00118719
Setting time step: 0.042541769 in DGTransportTDO
Setting time step: 0.042541769 in CombinedOp
Setting time step: 0.042541769 in IonStaticPressureOp
norm(r_0) 0
norm(r_1) 0
norm(r_2) 0
norm(r_3) 0.0012720501
norm(r_4) 0
Newton iteration  0 : ||r|| = 0.00127205
   Pass :  1   Iteration :   0  ||B r|| = 0.0362472
   Pass :  1   Iteration :   1  ||B r|| = 0.00353363
   Pass :  1   Iteration :   2  ||B r|| = 0.00144426
   Pass :  1   Iteration :   3  ||B r|| = 0.000919955
   Pass :  1   Iteration :   4  ||B r|| = 0.000713107
   Pass :  1   Iteration :   5  ||B r|| = 0.000581176
   Pass :  1   Iteration :   6  ||B r|| = 0.000497031
   Pass :  1   Iteration :   7  ||B r|| = 0.000383265
   Pass :  1   Iteration :   8  ||B r|| = 0.00027667
   Pass :  1   Iteration :   9  ||B r|| = 0.000203711
   Pass :  1   Iteration :  10  ||B r|| = 0.000161057
   Pass :  1   Iteration :  11  ||B r|| = 0.00012775
   Pass :  1   Iteration :  12  ||B r|| = 9.2896e-05
   Pass :  1   Iteration :  13  ||B r|| = 6.98017e-05
   Pass :  1   Iteration :  14  ||B r|| = 5.45163e-05
   Pass :  1   Iteration :  15  ||B r|| = 4.33443e-05
   Pass :  1   Iteration :  16  ||B r|| = 3.43327e-05
   Pass :  1   Iteration :  17  ||B r|| = 2.52478e-05
   Pass :  1   Iteration :  18  ||B r|| = 1.8903e-05
   Pass :  1   Iteration :  19  ||B r|| = 1.36292e-05
   Pass :  1   Iteration :  20  ||B r|| = 1.09514e-05
   Pass :  1   Iteration :  21  ||B r|| = 9.35057e-06
   Pass :  1   Iteration :  22  ||B r|| = 8.67739e-06
   Pass :  1   Iteration :  23  ||B r|| = 7.41868e-06
   Pass :  1   Iteration :  24  ||B r|| = 5.62146e-06
   Pass :  1   Iteration :  25  ||B r|| = 3.977e-06
   Pass :  1   Iteration :  26  ||B r|| = 2.55697e-06
   Pass :  1   Iteration :  27  ||B r|| = 1.70652e-06
   Pass :  1   Iteration :  28  ||B r|| = 1.09768e-06
   Pass :  1   Iteration :  29  ||B r|| = 7.33149e-07
norm(r_0) 0
norm(r_1) 0
norm(r_2) 0
norm(r_3) 5.4663671e-06
norm(r_4) 0
Newton iteration  1 : ||r|| = 5.46637e-06, ||r||/||r_0|| = 0.00429729
Setting time step: 0.042541769 in DGTransportTDO
Setting time step: 0.042541769 in CombinedOp
Setting time step: 0.042541769 in IonStaticPressureOp
norm(r_0) 0
norm(r_1) 0
norm(r_2) 0
norm(r_3) 0.0023805199
norm(r_4) 0
Newton iteration  0 : ||r|| = 0.00238052
   Pass :  1   Iteration :   0  ||B r|| = 0.0678351
   Pass :  1   Iteration :   1  ||B r|| = 0.006613
   Pass :  1   Iteration :   2  ||B r|| = 0.00270286
   Pass :  1   Iteration :   3  ||B r|| = 0.00172166
   Pass :  1   Iteration :   4  ||B r|| = 0.00133455
   Pass :  1   Iteration :   5  ||B r|| = 0.00108764
   Pass :  1   Iteration :   6  ||B r|| = 0.000930156
   Pass :  1   Iteration :   7  ||B r|| = 0.000717251
   Pass :  1   Iteration :   8  ||B r|| = 0.000517769
   Pass :  1   Iteration :   9  ||B r|| = 0.000381232
   Pass :  1   Iteration :  10  ||B r|| = 0.00030141
   Pass :  1   Iteration :  11  ||B r|| = 0.000239077
   Pass :  1   Iteration :  12  ||B r|| = 0.000173847
   Pass :  1   Iteration :  13  ||B r|| = 0.000130627
   Pass :  1   Iteration :  14  ||B r|| = 0.000102021
   Pass :  1   Iteration :  15  ||B r|| = 8.11115e-05
   Pass :  1   Iteration :  16  ||B r|| = 6.42469e-05
   Pass :  1   Iteration :  17  ||B r|| = 4.72477e-05
   Pass :  1   Iteration :  18  ||B r|| = 3.53757e-05
   Pass :  1   Iteration :  19  ||B r|| = 2.55067e-05
   Pass :  1   Iteration :  20  ||B r|| = 2.04954e-05
   Pass :  1   Iteration :  21  ||B r|| = 1.74995e-05
   Pass :  1   Iteration :  22  ||B r|| = 1.62396e-05
   Pass :  1   Iteration :  23  ||B r|| = 1.38839e-05
   Pass :  1   Iteration :  24  ||B r|| = 1.05203e-05
   Pass :  1   Iteration :  25  ||B r|| = 7.44274e-06
   Pass :  1   Iteration :  26  ||B r|| = 4.78532e-06
   Pass :  1   Iteration :  27  ||B r|| = 3.19383e-06
   Pass :  1   Iteration :  28  ||B r|| = 2.05442e-06
   Pass :  1   Iteration :  29  ||B r|| = 1.37228e-06
   Pass :  1   Iteration :  30  ||B r|| = 8.1003e-07
norm(r_0) 0
norm(r_1) 0
norm(r_2) 0
norm(r_3) 5.8583743e-06
norm(r_4) 0
Newton iteration  1 : ||r|| = 5.85837e-06, ||r||/||r_0|| = 0.00246096
Setting time step: 0.042541769 in DGTransportTDO
Setting time step: 0.042541769 in CombinedOp
Setting time step: 0.042541769 in IonStaticPressureOp
norm(r_0) 0
norm(r_1) 0
norm(r_2) 0
norm(r_3) 0.0027401661
norm(r_4) 0
Newton iteration  0 : ||r|| = 0.00274017
   Pass :  1   Iteration :   0  ||B r|| = 0.0780832
   Pass :  1   Iteration :   1  ||B r|| = 0.00761205
   Pass :  1   Iteration :   2  ||B r|| = 0.00311118
   Pass :  1   Iteration :   3  ||B r|| = 0.00198174
   Pass :  1   Iteration :   4  ||B r|| = 0.00153615
   Pass :  1   Iteration :   5  ||B r|| = 0.00125194
   Pass :  1   Iteration :   6  ||B r|| = 0.00107067
   Pass :  1   Iteration :   7  ||B r|| = 0.000825607
   Pass :  1   Iteration :   8  ||B r|| = 0.000595992
   Pass :  1   Iteration :   9  ||B r|| = 0.000438828
   Pass :  1   Iteration :  10  ||B r|| = 0.000346946
   Pass :  1   Iteration :  11  ||B r|| = 0.000275195
   Pass :  1   Iteration :  12  ||B r|| = 0.00020011
   Pass :  1   Iteration :  13  ||B r|| = 0.000150361
   Pass :  1   Iteration :  14  ||B r|| = 0.000117433
   Pass :  1   Iteration :  15  ||B r|| = 9.3365e-05
   Pass :  1   Iteration :  16  ||B r|| = 7.3952e-05
   Pass :  1   Iteration :  17  ||B r|| = 5.43851e-05
   Pass :  1   Iteration :  18  ||B r|| = 4.07199e-05
   Pass :  1   Iteration :  19  ||B r|| = 2.93601e-05
   Pass :  1   Iteration :  20  ||B r|| = 2.35917e-05
   Pass :  1   Iteration :  21  ||B r|| = 2.01432e-05
   Pass :  1   Iteration :  22  ||B r|| = 1.8693e-05
   Pass :  1   Iteration :  23  ||B r|| = 1.59813e-05
   Pass :  1   Iteration :  24  ||B r|| = 1.21096e-05
   Pass :  1   Iteration :  25  ||B r|| = 8.56713e-06
   Pass :  1   Iteration :  26  ||B r|| = 5.50828e-06
   Pass :  1   Iteration :  27  ||B r|| = 3.67638e-06
   Pass :  1   Iteration :  28  ||B r|| = 2.36484e-06
   Pass :  1   Iteration :  29  ||B r|| = 1.57964e-06
   Pass :  1   Iteration :  30  ||B r|| = 9.32464e-07
norm(r_0) 0
norm(r_1) 0
norm(r_2) 0
norm(r_3) 6.7437153e-06
norm(r_4) 0
Newton iteration  1 : ||r|| = 6.74372e-06, ||r||/||r_0|| = 0.00246106
Setting time step: 0.042541769 in DGTransportTDO
Setting time step: 0.042541769 in CombinedOp
Setting time step: 0.042541769 in IonStaticPressureOp
norm(r_0) 0
norm(r_1) 0
norm(r_2) 0
norm(r_3) 0.00079610493
norm(r_4) 0
Newton iteration  0 : ||r|| = 0.000796105
   Pass :  1   Iteration :   0  ||B r|| = 0.0226779
   Pass :  1   Iteration :   1  ||B r|| = 0.00221064
   Pass :  1   Iteration :   2  ||B r|| = 0.000903857
   Pass :  1   Iteration :   3  ||B r|| = 0.000575946
   Pass :  1   Iteration :   4  ||B r|| = 0.000446464
   Pass :  1   Iteration :   5  ||B r|| = 0.000363742
   Pass :  1   Iteration :   6  ||B r|| = 0.000311007
   Pass :  1   Iteration :   7  ||B r|| = 0.000239761
   Pass :  1   Iteration :   8  ||B r|| = 0.000173047
   Pass :  1   Iteration :   9  ||B r|| = 0.000127402
   Pass :  1   Iteration :  10  ||B r|| = 0.000100731
   Pass :  1   Iteration :  11  ||B r|| = 7.99249e-05
   Pass :  1   Iteration :  12  ||B r|| = 5.81121e-05
   Pass :  1   Iteration :  13  ||B r|| = 4.36516e-05
   Pass :  1   Iteration :  14  ||B r|| = 3.40802e-05
   Pass :  1   Iteration :  15  ||B r|| = 2.70885e-05
   Pass :  1   Iteration :  16  ||B r|| = 2.14581e-05
   Pass :  1   Iteration :  17  ||B r|| = 1.57858e-05
   Pass :  1   Iteration :  18  ||B r|| = 1.18266e-05
   Pass :  1   Iteration :  19  ||B r|| = 8.52922e-06
   Pass :  1   Iteration :  20  ||B r|| = 6.85572e-06
   Pass :  1   Iteration :  21  ||B r|| = 5.85443e-06
   Pass :  1   Iteration :  22  ||B r|| = 5.43355e-06
   Pass :  1   Iteration :  23  ||B r|| = 4.64548e-06
   Pass :  1   Iteration :  24  ||B r|| = 3.51881e-06
   Pass :  1   Iteration :  25  ||B r|| = 2.48798e-06
   Pass :  1   Iteration :  26  ||B r|| = 1.59935e-06
   Pass :  1   Iteration :  27  ||B r|| = 1.06736e-06
   Pass :  1   Iteration :  28  ||B r|| = 6.86689e-07
norm(r_0) 0
norm(r_1) 0
norm(r_2) 0
norm(r_3) 5.9102318e-06
norm(r_4) 0
Newton iteration  1 : ||r|| = 5.91023e-06, ||r||/||r_0|| = 0.00742394
Setting time step: 0.085083538 in DGTransportTDO
Setting time step: 0.085083538 in CombinedOp
Setting time step: 0.085083538 in IonStaticPressureOp
norm(r_0) 0
norm(r_1) 0
norm(r_2) 0
norm(r_3) 0.00051036198
norm(r_4) 0
Newton iteration  0 : ||r|| = 0.000510362
   Pass :  1   Iteration :   0  ||B r|| = 0.00815749
   Pass :  1   Iteration :   1  ||B r|| = 0.000817855
   Pass :  1   Iteration :   2  ||B r|| = 0.000346568
   Pass :  1   Iteration :   3  ||B r|| = 0.000226678
   Pass :  1   Iteration :   4  ||B r|| = 0.000179206
   Pass :  1   Iteration :   5  ||B r|| = 0.000151472
   Pass :  1   Iteration :   6  ||B r|| = 0.000134512
   Pass :  1   Iteration :   7  ||B r|| = 0.000110005
   Pass :  1   Iteration :   8  ||B r|| = 8.40561e-05
   Pass :  1   Iteration :   9  ||B r|| = 6.33169e-05
   Pass :  1   Iteration :  10  ||B r|| = 5.07685e-05
   Pass :  1   Iteration :  11  ||B r|| = 4.07018e-05
   Pass :  1   Iteration :  12  ||B r|| = 2.98875e-05
   Pass :  1   Iteration :  13  ||B r|| = 2.24965e-05
   Pass :  1   Iteration :  14  ||B r|| = 1.76204e-05
   Pass :  1   Iteration :  15  ||B r|| = 1.42133e-05
   Pass :  1   Iteration :  16  ||B r|| = 1.16176e-05
   Pass :  1   Iteration :  17  ||B r|| = 8.80608e-06
   Pass :  1   Iteration :  18  ||B r|| = 6.81145e-06
   Pass :  1   Iteration :  19  ||B r|| = 5.10774e-06
   Pass :  1   Iteration :  20  ||B r|| = 4.23982e-06
   Pass :  1   Iteration :  21  ||B r|| = 3.69992e-06
   Pass :  1   Iteration :  22  ||B r|| = 3.45823e-06
   Pass :  1   Iteration :  23  ||B r|| = 2.96265e-06
   Pass :  1   Iteration :  24  ||B r|| = 2.2422e-06
   Pass :  1   Iteration :  25  ||B r|| = 1.57845e-06
   Pass :  1   Iteration :  26  ||B r|| = 1.01265e-06
   Pass :  1   Iteration :  27  ||B r|| = 6.72628e-07
norm(r_0) 0
norm(r_1) 0
norm(r_2) 0
norm(r_3) 1.1238018e-05
norm(r_4) 0
Newton iteration  1 : ||r|| = 1.1238e-05, ||r||/||r_0|| = 0.0220197
Setting time step: 0.085083538 in DGTransportTDO
Setting time step: 0.085083538 in CombinedOp
Setting time step: 0.085083538 in IonStaticPressureOp
norm(r_0) 0
norm(r_1) 0
norm(r_2) 0
norm(r_3) 3.6438693e-05
norm(r_4) 0
Newton iteration  0 : ||r|| = 3.64387e-05
   Pass :  1   Iteration :   0  ||B r|| = 0.000460721
   Pass :  1   Iteration :   1  ||B r|| = 4.61439e-05
   Pass :  1   Iteration :   2  ||B r|| = 1.95488e-05
   Pass :  1   Iteration :   3  ||B r|| = 1.2747e-05
   Pass :  1   Iteration :   4  ||B r|| = 1.00204e-05
   Pass :  1   Iteration :   5  ||B r|| = 8.44265e-06
   Pass :  1   Iteration :   6  ||B r|| = 7.50444e-06
   Pass :  1   Iteration :   7  ||B r|| = 6.14687e-06
   Pass :  1   Iteration :   8  ||B r|| = 4.71828e-06
   Pass :  1   Iteration :   9  ||B r|| = 3.56809e-06
   Pass :  1   Iteration :  10  ||B r|| = 2.86931e-06
   Pass :  1   Iteration :  11  ||B r|| = 2.29095e-06
   Pass :  1   Iteration :  12  ||B r|| = 1.67214e-06
   Pass :  1   Iteration :  13  ||B r|| = 1.23797e-06
   Pass :  1   Iteration :  14  ||B r|| = 9.5104e-07
norm(r_0) 0
norm(r_1) 0
norm(r_2) 0
norm(r_3) 1.1783566e-05
norm(r_4) 0
Newton iteration  1 : ||r|| = 1.17836e-05, ||r||/||r_0|| = 0.323381
Setting time step: 0.085083538 in DGTransportTDO
Setting time step: 0.085083538 in CombinedOp
Setting time step: 0.085083538 in IonStaticPressureOp
norm(r_0) 0
norm(r_1) 0
norm(r_2) 0
norm(r_3) 0.00014326693
norm(r_4) 0
Newton iteration  0 : ||r|| = 0.000143267
   Pass :  1   Iteration :   0  ||B r|| = 0.00225827
   Pass :  1   Iteration :   1  ||B r|| = 0.000226453
   Pass :  1   Iteration :   2  ||B r|| = 9.59744e-05
   Pass :  1   Iteration :   3  ||B r|| = 6.28085e-05
   Pass :  1   Iteration :   4  ||B r|| = 4.97216e-05
   Pass :  1   Iteration :   5  ||B r|| = 4.2068e-05
   Pass :  1   Iteration :   6  ||B r|| = 3.73604e-05
   Pass :  1   Iteration :   7  ||B r|| = 3.05528e-05
   Pass :  1   Iteration :   8  ||B r|| = 2.3331e-05
   Pass :  1   Iteration :   9  ||B r|| = 1.75554e-05
   Pass :  1   Iteration :  10  ||B r|| = 1.40625e-05
   Pass :  1   Iteration :  11  ||B r|| = 1.12781e-05
   Pass :  1   Iteration :  12  ||B r|| = 8.28356e-06
   Pass :  1   Iteration :  13  ||B r|| = 6.24621e-06
   Pass :  1   Iteration :  14  ||B r|| = 4.9039e-06
   Pass :  1   Iteration :  15  ||B r|| = 3.9532e-06
   Pass :  1   Iteration :  16  ||B r|| = 3.22578e-06
   Pass :  1   Iteration :  17  ||B r|| = 2.4391e-06
   Pass :  1   Iteration :  18  ||B r|| = 1.88487e-06
   Pass :  1   Iteration :  19  ||B r|| = 1.41076e-06
   Pass :  1   Iteration :  20  ||B r|| = 1.16833e-06
   Pass :  1   Iteration :  21  ||B r|| = 1.01818e-06
   Pass :  1   Iteration :  22  ||B r|| = 9.51476e-07
norm(r_0) 0
norm(r_1) 0
norm(r_2) 0
norm(r_3) 9.8182812e-06
norm(r_4) 0
Newton iteration  1 : ||r|| = 9.81828e-06, ||r||/||r_0|| = 0.0685314
Setting time step: 0.085083538 in DGTransportTDO
Setting time step: 0.085083538 in CombinedOp
Setting time step: 0.085083538 in IonStaticPressureOp
norm(r_0) 0
norm(r_1) 0
norm(r_2) 0
norm(r_3) 0.00020603435
norm(r_4) 0
Newton iteration  0 : ||r|| = 0.000206034
   Pass :  1   Iteration :   0  ||B r|| = 0.00327522
   Pass :  1   Iteration :   1  ||B r|| = 0.000328393
   Pass :  1   Iteration :   2  ||B r|| = 0.000139167
   Pass :  1   Iteration :   3  ||B r|| = 9.10385e-05
   Pass :  1   Iteration :   4  ||B r|| = 7.20406e-05
   Pass :  1   Iteration :   5  ||B r|| = 6.09401e-05
   Pass :  1   Iteration :   6  ||B r|| = 5.41255e-05
   Pass :  1   Iteration :   7  ||B r|| = 4.42655e-05
   Pass :  1   Iteration :   8  ||B r|| = 3.3815e-05
   Pass :  1   Iteration :   9  ||B r|| = 2.54558e-05
   Pass :  1   Iteration :  10  ||B r|| = 2.03992e-05
   Pass :  1   Iteration :  11  ||B r|| = 1.63567e-05
   Pass :  1   Iteration :  12  ||B r|| = 1.20086e-05
   Pass :  1   Iteration :  13  ||B r|| = 9.04426e-06
   Pass :  1   Iteration :  14  ||B r|| = 7.09189e-06
   Pass :  1   Iteration :  15  ||B r|| = 5.71877e-06
   Pass :  1   Iteration :  16  ||B r|| = 4.67095e-06
   Pass :  1   Iteration :  17  ||B r|| = 3.53591e-06
   Pass :  1   Iteration :  18  ||B r|| = 2.73326e-06
   Pass :  1   Iteration :  19  ||B r|| = 2.04692e-06
   Pass :  1   Iteration :  20  ||B r|| = 1.69662e-06
   Pass :  1   Iteration :  21  ||B r|| = 1.47913e-06
   Pass :  1   Iteration :  22  ||B r|| = 1.38228e-06
   Pass :  1   Iteration :  23  ||B r|| = 1.18522e-06
   Pass :  1   Iteration :  24  ||B r|| = 8.98536e-07
norm(r_0) 0
norm(r_1) 0
norm(r_2) 0
norm(r_3) 1.3859164e-05
norm(r_4) 0
Newton iteration  1 : ||r|| = 1.38592e-05, ||r||/||r_0|| = 0.0672663
Setting time step: 0.085083538 in DGTransportTDO
Setting time step: 0.085083538 in CombinedOp
Setting time step: 0.085083538 in IonStaticPressureOp
norm(r_0) 0
norm(r_1) 0
norm(r_2) 0
norm(r_3) 0.00047308265
norm(r_4) 0
Newton iteration  0 : ||r|| = 0.000473083
   Pass :  1   Iteration :   0  ||B r|| = 0.000996807
   Pass :  1   Iteration :   1  ||B r|| = 9.87715e-05
   Pass :  1   Iteration :   2  ||B r|| = 4.47753e-05
   Pass :  1   Iteration :   3  ||B r|| = 2.74492e-05
   Pass :  1   Iteration :   4  ||B r|| = 2.27505e-05
   Pass :  1   Iteration :   5  ||B r|| = 2.00729e-05
   Pass :  1   Iteration :   6  ||B r|| = 1.83322e-05
   Pass :  1   Iteration :   7  ||B r|| = 1.5742e-05
   Pass :  1   Iteration :   8  ||B r|| = 1.33438e-05
   Pass :  1   Iteration :   9  ||B r|| = 1.09004e-05
   Pass :  1   Iteration :  10  ||B r|| = 9.00714e-06
   Pass :  1   Iteration :  11  ||B r|| = 7.23615e-06
   Pass :  1   Iteration :  12  ||B r|| = 4.14184e-06
   Pass :  1   Iteration :  13  ||B r|| = 2.25877e-06
   Pass :  1   Iteration :  14  ||B r|| = 1.39762e-06
   Pass :  1   Iteration :  15  ||B r|| = 1.03313e-06
   Pass :  1   Iteration :  16  ||B r|| = 8.27055e-07
norm(r_0) 0
norm(r_1) 0
norm(r_2) 0
norm(r_3) 9.6272883e-06
norm(r_4) 0
Newton iteration  1 : ||r|| = 9.62729e-06, ||r||/||r_0|| = 0.0203501
Time stepping paused at t = 0.89393971

Estimating errors.
No refinements necessary.
No derefinements needed.

AMR iteration 2
Number of unknowns: 256
Setting time step: 0.17016708 in DGTransportTDO
Setting time step: 0.17016708 in CombinedOp
Setting time step: 0.17016708 in IonStaticPressureOp
norm(r_0) 0
norm(r_1) 0
norm(r_2) 0
norm(r_3) 2.9737447e-05
norm(r_4) 0
Newton iteration  0 : ||r|| = 2.97374e-05
   Pass :  1   Iteration :   0  ||B r|| = 0.000224606
   Pass :  1   Iteration :   1  ||B r|| = 2.29954e-05
   Pass :  1   Iteration :   2  ||B r|| = 1.01601e-05
   Pass :  1   Iteration :   3  ||B r|| = 6.88689e-06
   Pass :  1   Iteration :   4  ||B r|| = 5.64693e-06
   Pass :  1   Iteration :   5  ||B r|| = 4.97342e-06
   Pass :  1   Iteration :   6  ||B r|| = 4.54237e-06
   Pass :  1   Iteration :   7  ||B r|| = 3.79895e-06
   Pass :  1   Iteration :   8  ||B r|| = 2.98064e-06
   Pass :  1   Iteration :   9  ||B r|| = 2.25828e-06
   Pass :  1   Iteration :  10  ||B r|| = 1.81388e-06
   Pass :  1   Iteration :  11  ||B r|| = 1.4526e-06
   Pass :  1   Iteration :  12  ||B r|| = 1.05263e-06
   Pass :  1   Iteration :  13  ||B r|| = 7.79109e-07
norm(r_0) 0
norm(r_1) 0
norm(r_2) 0
norm(r_3) 2.187028e-05
norm(r_4) 0
Newton iteration  1 : ||r|| = 2.18703e-05, ||r||/||r_0|| = 0.735446
Setting time step: 0.17016708 in DGTransportTDO
Setting time step: 0.17016708 in CombinedOp
Setting time step: 0.17016708 in IonStaticPressureOp
norm(r_0) 0
norm(r_1) 0
norm(r_2) 0
norm(r_3) 3.7485265e-05
norm(r_4) 0
Newton iteration  0 : ||r|| = 3.74853e-05
   Pass :  1   Iteration :   0  ||B r|| = 8.42732e-05
   Pass :  1   Iteration :   1  ||B r|| = 8.81047e-06
   Pass :  1   Iteration :   2  ||B r|| = 4.03384e-06
   Pass :  1   Iteration :   3  ||B r|| = 2.8487e-06
   Pass :  1   Iteration :   4  ||B r|| = 2.11771e-06
   Pass :  1   Iteration :   5  ||B r|| = 1.72075e-06
   Pass :  1   Iteration :   6  ||B r|| = 1.49999e-06
   Pass :  1   Iteration :   7  ||B r|| = 1.22748e-06
   Pass :  1   Iteration :   8  ||B r|| = 1.01857e-06
   Pass :  1   Iteration :   9  ||B r|| = 8.31628e-07
norm(r_0) 0
norm(r_1) 0
norm(r_2) 0
norm(r_3) 2.0726011e-05
norm(r_4) 0
Newton iteration  1 : ||r|| = 2.0726e-05, ||r||/||r_0|| = 0.552911
Setting time step: 0.17016708 in DGTransportTDO
Setting time step: 0.17016708 in CombinedOp
Setting time step: 0.17016708 in IonStaticPressureOp
norm(r_0) 0
norm(r_1) 0
norm(r_2) 0
norm(r_3) 3.4124704e-05
norm(r_4) 0
Newton iteration  0 : ||r|| = 3.41247e-05
   Pass :  1   Iteration :   0  ||B r|| = 5.35339e-06
   Pass :  1   Iteration :   1  ||B r|| = 1.10886e-06
   Pass :  1   Iteration :   2  ||B r|| = 9.09042e-07
norm(r_0) 0
norm(r_1) 0
norm(r_2) 0
norm(r_3) 2.0153286e-05
norm(r_4) 0
Newton iteration  1 : ||r|| = 2.01533e-05, ||r||/||r_0|| = 0.590578
Setting time step: 0.17016708 in DGTransportTDO
Setting time step: 0.17016708 in CombinedOp
Setting time step: 0.17016708 in IonStaticPressureOp
norm(r_0) 0
norm(r_1) 0
norm(r_2) 0
norm(r_3) 3.0873216e-05
norm(r_4) 0
Newton iteration  0 : ||r|| = 3.08732e-05
   Pass :  1   Iteration :   0  ||B r|| = 4.38064e-05
   Pass :  1   Iteration :   1  ||B r|| = 4.52074e-06
   Pass :  1   Iteration :   2  ||B r|| = 2.12448e-06
   Pass :  1   Iteration :   3  ||B r|| = 1.52993e-06
   Pass :  1   Iteration :   4  ||B r|| = 1.35655e-06
   Pass :  1   Iteration :   5  ||B r|| = 1.2363e-06
   Pass :  1   Iteration :   6  ||B r|| = 1.14471e-06
   Pass :  1   Iteration :   7  ||B r|| = 9.62585e-07
norm(r_0) 0
norm(r_1) 0
norm(r_2) 0
norm(r_3) 2.0079257e-05
norm(r_4) 0
Newton iteration  1 : ||r|| = 2.00793e-05, ||r||/||r_0|| = 0.650378
Setting time step: 0.17016708 in DGTransportTDO
Setting time step: 0.17016708 in CombinedOp
Setting time step: 0.17016708 in IonStaticPressureOp
norm(r_0) 0
norm(r_1) 0
norm(r_2) 0
norm(r_3) 0.00088768642
norm(r_4) 0
Newton iteration  0 : ||r|| = 0.000887686
   Pass :  1   Iteration :   0  ||B r|| = 0.000149872
   Pass :  1   Iteration :   1  ||B r|| = 3.46215e-05
   Pass :  1   Iteration :   2  ||B r|| = 2.67653e-05
   Pass :  1   Iteration :   3  ||B r|| = 2.08434e-05
   Pass :  1   Iteration :   4  ||B r|| = 1.59633e-05
   Pass :  1   Iteration :   5  ||B r|| = 1.10787e-05
   Pass :  1   Iteration :   6  ||B r|| = 6.97551e-06
   Pass :  1   Iteration :   7  ||B r|| = 4.01223e-06
   Pass :  1   Iteration :   8  ||B r|| = 3.02035e-06
   Pass :  1   Iteration :   9  ||B r|| = 2.24542e-06
   Pass :  1   Iteration :  10  ||B r|| = 1.97692e-06
   Pass :  1   Iteration :  11  ||B r|| = 1.75624e-06
   Pass :  1   Iteration :  12  ||B r|| = 1.5453e-06
   Pass :  1   Iteration :  13  ||B r|| = 1.33478e-06
   Pass :  1   Iteration :  14  ||B r|| = 1.0826e-06
   Pass :  1   Iteration :  15  ||B r|| = 9.51709e-07
norm(r_0) 0
norm(r_1) 0
norm(r_2) 0
norm(r_3) 2.4912743e-05
norm(r_4) 0
Newton iteration  1 : ||r|| = 2.49127e-05, ||r||/||r_0|| = 0.0280648
Setting time step: 0.34033415 in DGTransportTDO
Setting time step: 0.34033415 in CombinedOp
Setting time step: 0.34033415 in IonStaticPressureOp
norm(r_0) 0
norm(r_1) 0
norm(r_2) 0
norm(r_3) 2.6210115e-05
norm(r_4) 0
Newton iteration  0 : ||r|| = 2.62101e-05
   Pass :  1   Iteration :   0  ||B r|| = 8.14849e-06
   Pass :  1   Iteration :   1  ||B r|| = 1.04258e-06
   Pass :  1   Iteration :   2  ||B r|| = 5.74259e-07
norm(r_0) 0
norm(r_1) 0
norm(r_2) 0
norm(r_3) 2.1397692e-05
norm(r_4) 0
Newton iteration  1 : ||r|| = 2.13977e-05, ||r||/||r_0|| = 0.816391
Setting time step: 0.34033415 in DGTransportTDO
Setting time step: 0.34033415 in CombinedOp
Setting time step: 0.34033415 in IonStaticPressureOp
norm(r_0) 0
norm(r_1) 0
norm(r_2) 0
norm(r_3) 3.1104148e-05
norm(r_4) 0
Newton iteration  0 : ||r|| = 3.11041e-05
   Pass :  1   Iteration :   0  ||B r|| = 6.82826e-06
   Pass :  1   Iteration :   1  ||B r|| = 5.07882e-07
norm(r_0) 0
norm(r_1) 0
norm(r_2) 0
norm(r_3) 1.8906404e-05
norm(r_4) 0
Newton iteration  1 : ||r|| = 1.89064e-05, ||r||/||r_0|| = 0.607842
Setting time step: 0.34033415 in DGTransportTDO
Setting time step: 0.34033415 in CombinedOp
Setting time step: 0.34033415 in IonStaticPressureOp
norm(r_0) 0
norm(r_1) 0
norm(r_2) 0
norm(r_3) 2.5756485e-05
norm(r_4) 0
Newton iteration  0 : ||r|| = 2.57565e-05
   Pass :  1   Iteration :   0  ||B r|| = 3.13392e-06
   Pass :  1   Iteration :   1  ||B r|| = 5.05948e-07
norm(r_0) 0
norm(r_1) 0
norm(r_2) 0
norm(r_3) 1.9296982e-05
norm(r_4) 0
Newton iteration  1 : ||r|| = 1.9297e-05, ||r||/||r_0|| = 0.749209
Setting time step: 0.34033415 in DGTransportTDO
Setting time step: 0.34033415 in CombinedOp
Setting time step: 0.34033415 in IonStaticPressureOp
norm(r_0) 0
norm(r_1) 0
norm(r_2) 0
norm(r_3) 2.3175255e-05
norm(r_4) 0
Newton iteration  0 : ||r|| = 2.31753e-05
   Pass :  1   Iteration :   0  ||B r|| = 1.18229e-06
   Pass :  1   Iteration :   1  ||B r|| = 5.55527e-07
norm(r_0) 0
norm(r_1) 0
norm(r_2) 0
norm(r_3) 2.0340123e-05
norm(r_4) 0
Newton iteration  1 : ||r|| = 2.03401e-05, ||r||/||r_0|| = 0.877666
Setting time step: 0.34033415 in DGTransportTDO
Setting time step: 0.34033415 in CombinedOp
Setting time step: 0.34033415 in IonStaticPressureOp
norm(r_0) 0
norm(r_1) 0
norm(r_2) 0
norm(r_3) 8.0604213e-05
norm(r_4) 0
Newton iteration  0 : ||r|| = 8.06042e-05
   Pass :  1   Iteration :   0  ||B r|| = 1.50385e-05
   Pass :  1   Iteration :   1  ||B r|| = 8.23407e-07
norm(r_0) 0
norm(r_1) 0
norm(r_2) 0
norm(r_3) 2.3799814e-05
norm(r_4) 0
Newton iteration  1 : ||r|| = 2.37998e-05, ||r||/||r_0|| = 0.295268
Setting time step: 0.6806683 in DGTransportTDO
Setting time step: 0.6806683 in CombinedOp
Setting time step: 0.6806683 in IonStaticPressureOp
norm(r_0) 0
norm(r_1) 0
norm(r_2) 0
norm(r_3) 2.3808455e-05
norm(r_4) 0
Newton iteration  0 : ||r|| = 2.38085e-05
   Pass :  1   Iteration :   0  ||B r|| = 4.72539e-07
norm(r_0) 0
norm(r_1) 0
norm(r_2) 0
norm(r_3) 2.3808455e-05
norm(r_4) 0
Newton iteration  1 : ||r|| = 2.38085e-05, ||r||/||r_0|| = 1
Setting time step: 0.6806683 in DGTransportTDO
Setting time step: 0.6806683 in CombinedOp
Setting time step: 0.6806683 in IonStaticPressureOp
norm(r_0) 0
norm(r_1) 0
norm(r_2) 0
norm(r_3) 2.3808455e-05
norm(r_4) 0
Newton iteration  0 : ||r|| = 2.38085e-05
   Pass :  1   Iteration :   0  ||B r|| = 4.72539e-07
norm(r_0) 0
norm(r_1) 0
norm(r_2) 0
norm(r_3) 2.3808455e-05
norm(r_4) 0
Newton iteration  1 : ||r|| = 2.38085e-05, ||r||/||r_0|| = 1
Setting time step: 0.6806683 in DGTransportTDO
Setting time step: 0.6806683 in CombinedOp
Setting time step: 0.6806683 in IonStaticPressureOp
norm(r_0) 0
norm(r_1) 0
norm(r_2) 0
norm(r_3) 2.3808455e-05
norm(r_4) 0
Newton iteration  0 : ||r|| = 2.38085e-05
   Pass :  1   Iteration :   0  ||B r|| = 4.72539e-07
norm(r_0) 0
norm(r_1) 0
norm(r_2) 0
norm(r_3) 2.3808455e-05
norm(r_4) 0
Newton iteration  1 : ||r|| = 2.38085e-05, ||r||/||r_0|| = 1
Setting time step: 0.6806683 in DGTransportTDO
Setting time step: 0.6806683 in CombinedOp
Setting time step: 0.6806683 in IonStaticPressureOp
norm(r_0) 0
norm(r_1) 0
norm(r_2) 0
norm(r_3) 2.3808455e-05
norm(r_4) 0
Newton iteration  0 : ||r|| = 2.38085e-05
   Pass :  1   Iteration :   0  ||B r|| = 4.72539e-07
norm(r_0) 0
norm(r_1) 0
norm(r_2) 0
norm(r_3) 2.3808455e-05
norm(r_4) 0
Newton iteration  1 : ||r|| = 2.38085e-05, ||r||/||r_0|| = 1
Setting time step: 0.6806683 in DGTransportTDO
Setting time step: 0.6806683 in CombinedOp
Setting time step: 0.6806683 in IonStaticPressureOp
norm(r_0) 0
norm(r_1) 0
norm(r_2) 0
norm(r_3) 2.3808455e-05
norm(r_4) 0
Newton iteration  0 : ||r|| = 2.38085e-05
   Pass :  1   Iteration :   0  ||B r|| = 4.72539e-07
norm(r_0) 0
norm(r_1) 0
norm(r_2) 0
norm(r_3) 2.3808455e-05
norm(r_4) 0
Newton iteration  1 : ||r|| = 2.38085e-05, ||r||/||r_0|| = 1
Setting time step: 0.6806683 in DGTransportTDO
Setting time step: 0.6806683 in CombinedOp
Setting time step: 0.6806683 in IonStaticPressureOp
norm(r_0) 0
norm(r_1) 0
norm(r_2) 0
norm(r_3) 2.3808455e-05
norm(r_4) 0
Newton iteration  0 : ||r|| = 2.38085e-05
   Pass :  1   Iteration :   0  ||B r|| = 4.72539e-07
norm(r_0) 0
norm(r_1) 0
norm(r_2) 0
norm(r_3) 2.3808455e-05
norm(r_4) 0
Newton iteration  1 : ||r|| = 2.38085e-05, ||r||/||r_0|| = 1
Setting time step: 0.6806683 in DGTransportTDO
Setting time step: 0.6806683 in CombinedOp
Setting time step: 0.6806683 in IonStaticPressureOp
norm(r_0) 0
norm(r_1) 0
norm(r_2) 0
norm(r_3) 2.3808455e-05
norm(r_4) 0
Newton iteration  0 : ||r|| = 2.38085e-05
   Pass :  1   Iteration :   0  ||B r|| = 4.72539e-07
norm(r_0) 0
norm(r_1) 0
norm(r_2) 0
norm(r_3) 2.3808455e-05
norm(r_4) 0
Newton iteration  1 : ||r|| = 2.38085e-05, ||r||/||r_0|| = 1
Setting time step: 0.6806683 in DGTransportTDO
Setting time step: 0.6806683 in CombinedOp
Setting time step: 0.6806683 in IonStaticPressureOp
norm(r_0) 0
norm(r_1) 0
norm(r_2) 0
norm(r_3) 2.3808455e-05
norm(r_4) 0
Newton iteration  0 : ||r|| = 2.38085e-05
   Pass :  1   Iteration :   0  ||B r|| = 4.72539e-07
norm(r_0) 0
norm(r_1) 0
norm(r_2) 0
norm(r_3) 2.3808455e-05
norm(r_4) 0
Newton iteration  1 : ||r|| = 2.38085e-05, ||r||/||r_0|| = 1
Setting time step: 0.6806683 in DGTransportTDO
Setting time step: 0.6806683 in CombinedOp
Setting time step: 0.6806683 in IonStaticPressureOp
norm(r_0) 0
norm(r_1) 0
norm(r_2) 0
norm(r_3) 2.3808455e-05
norm(r_4) 0
Newton iteration  0 : ||r|| = 2.38085e-05
   Pass :  1   Iteration :   0  ||B r|| = 4.72539e-07
norm(r_0) 0
norm(r_1) 0
norm(r_2) 0
norm(r_3) 2.3808455e-05
norm(r_4) 0
Newton iteration  1 : ||r|| = 2.38085e-05, ||r||/||r_0|| = 1
Setting time step: 0.6806683 in DGTransportTDO
Setting time step: 0.6806683 in CombinedOp
Setting time step: 0.6806683 in IonStaticPressureOp
norm(r_0) 0
norm(r_1) 0
norm(r_2) 0
norm(r_3) 2.3808455e-05
norm(r_4) 0
Newton iteration  0 : ||r|| = 2.38085e-05
   Pass :  1   Iteration :   0  ||B r|| = 4.72539e-07
norm(r_0) 0
norm(r_1) 0
norm(r_2) 0
norm(r_3) 2.3808455e-05
norm(r_4) 0
Newton iteration  1 : ||r|| = 2.38085e-05, ||r||/||r_0|| = 1
Time stepping paused at t = 8.3812911
Steady State solution has been reached

Time stepping done after 0.60454468s.
