Options used:
   --mesh ../../mfem/data/inline-quad.mesh
   --bc-file ../../mfem/miniapps/plasma/transport2d_bcs.inp
   --ic-file ../../mfem/miniapps/plasma/transport2d_ics.inp
   --ec-file /home/gz6/mfem-analysis/input-files/transport2d_ecs.inp
   --es-file ../../mfem/miniapps/plasma/transport2d_ess.inp
   --eqdsk-file 
   --logging 1
   --operator-test 8
   --equation-weights '1 1 1 1 1'
   --problem 0
   --refine-serial 5
   --refine-parallel 0
   --enable-amr
   --max-err -1
   --hysteresis 0.25
   --nc-limit 3
   --amr-weights '1 1 1 1 1'
   --order 4
   --dg-sigma -1
   --dg-kappa 25
   --linear-abs-tolerance 1e-06
   --linear-rel-tolerance 1e-06
   --linear-max-iterations 500
   --linear-logging-level 3
   --newton-abs-tolerance 1e-10
   --newton-rel-tolerance 1e-10
   --newton-max-iterations 1
   --newton-logging-level 1
   --steady-state-abs-tolerance 1e-08
   --steady-state-rel-tolerance 1e-08
   --prec-type 1
   --prec-logging-level 0
   --initial-tolerance 1e-05
   --ode-tolerance 0.001
   --ode-solver 2
   --err-per-step
   --ode-weights '1 1 1 1 1'
   --kP 0
   --kI 0.6
   --kD 0
   --theta-max 2
   --t-minimum 0
   --t-final 100
   --time-step 0.01
   --cfl-number 0.3
   --ion-charge 1
   --ion-mass 2.0141018
   --neutral-mass 2.0141018
   --neutral-temp 3
   --min-neutral-density 9e+14
   --max-neutral-density 1e+15
   --neutral-density-exp 0
   --min-ion-density 1e+16
   --max-ion-density 1e+18
   --ion-density-exp 0
   --min-ion-temp 1
   --max-ion-temp 10
   --ion-temp-exp 0
   --min-electron-temp 10
   --max-electron-temp 440
   --electron-temp-exp 0
   --total-B-magnitude 5
   --poloidal-B-magnitude 0.5
   --velocity 1000
   --Di-perp 1
   --Xi-perp 1
   --Xe-perp 1
   --equation-term-flags '-1 -1 -1 -1 -1'
   --visualization-flags '-1 -1 -1 -1 -1'
   --visualization
   --visit-datafiles
   --ascii-datafiles
   --visualization-steps 4
Device configuration: cpu
Memory configuration: host-std
Number of elements in initial mesh: 16
Number of elements after serial refinement: 16384
5: Number of elements in parallel mesh: 1024
5: Number of elements after parallel refinement: 1024
12: Number of elements in parallel mesh: 1024
12: Number of elements after parallel refinement: 1024
13: Number of elements in parallel mesh: 1024
13: Number of elements after parallel refinement: 1024
4: Number of elements in parallel mesh: 1024
4: Number of elements after parallel refinement: 1024
1: Number of elements in parallel mesh: 1024
1: Number of elements after parallel refinement: 1024
0: Number of elements in parallel mesh: 1024
0: Number of elements after parallel refinement: 1024
2: Number of elements in parallel mesh: 1024
2: Number of elements after parallel refinement: 1024
3: Number of elements in parallel mesh: 1024
3: Number of elements after parallel refinement: 1024
11: Number of elements in parallel mesh: 1024
11: Number of elements after parallel refinement: 1024
10: Number of elements in parallel mesh: 1024
10: Number of elements after parallel refinement: 1024
15: Number of elements in parallel mesh: 1024
15: Number of elements after parallel refinement: 1024
14: Number of elements in parallel mesh: 1024
7: Number of elements in parallel mesh: 1024
7: Number of elements after parallel refinement: 1024
9: Number of elements in parallel mesh: 1024
9: Number of elements after parallel refinement: 1024
8: Number of elements in parallel mesh: 1024
8: Number of elements after parallel refinement: 1024
14: Number of elements after parallel refinement: 1024
6: Number of elements in parallel mesh: 1024
6: Number of elements after parallel refinement: 1024
Configuring initial conditions
Reading initial conditions from ../../mfem/miniapps/plasma/transport2d_ics.inp
Configuring exact solutions
Reading exact solutions from ../../mfem/miniapps/plasma/transport2d_ess.inp

AMR iteration 0
Number of unknowns: 409600
Reached the maximum number of dofs. Stop.
Number of unknowns per field: 409600
Total number of unknowns:     2048000
Configuring boundary conditions
Reading boundary conditions from ../../mfem/miniapps/plasma/transport2d_bcs.inp
Configuring equation coefficients
Reading equation coefficients from /home/gz6/mfem-analysis/input-files/transport2d_ecs.inp
|mn| = 3.3444946e-27
|ni| = 1
|ne| = 1

|Dn|     = -nan
|Di|     = -nan
|Eta|    = -nan
|nXi|    = -nan
|nXe|    = -nan

|Eta/mn| = -nan
|nXi/ni| = -nan
|nXe/ne| = -nan
Ion Static Pressure: Adding time derivative term proportional to d n_i / dt
Ion Static Pressure: Adding time derivative term proportional to d T_i / dt
Ion Static Pressure: Adding anisotropic diffusion term
Ion Static Pressure: Adding source term
Opening GLVis sockets.
Range of error estimates for initial condition: -nan < elem err < -nan

Begin time stepping at t = 0
Setting time step: 0.0025 in DGTransportTDO
Setting time step: 0.0025 in CombinedOp
Setting time step: 0.0025 in IonStaticPressureOp
norm(r_0) 0
norm(r_1) 0
norm(r_2) 0
norm(r_3) 0.017234682
norm(r_4) 0
Newton iteration  0 : ||r|| = 0.0172347
   Pass :  1   Iteration :   0  ||B r|| = 2847 ...
   Pass :  1   Iteration :  42  ||B r|| = 0.00266123
norm(r_0) 0
norm(r_1) 0
norm(r_2) 0
norm(r_3) 0.00021004069
norm(r_4) 0
Newton iteration  1 : ||r|| = 0.000210041, ||r||/||r_0|| = 0.0121871
Setting time step: 0.0025 in DGTransportTDO
Setting time step: 0.0025 in CombinedOp
Setting time step: 0.0025 in IonStaticPressureOp
norm(r_0) 0
norm(r_1) 0
norm(r_2) 0
norm(r_3) 0.016142043
norm(r_4) 0
Newton iteration  0 : ||r|| = 0.016142
   Pass :  1   Iteration :   0  ||B r|| = 2665.64 ...
   Pass :  1   Iteration :  43  ||B r|| = 0.00237033
norm(r_0) 0
norm(r_1) 0
norm(r_2) 0
norm(r_3) 0.00018751053
norm(r_4) 0
Newton iteration  1 : ||r|| = 0.000187511, ||r||/||r_0|| = 0.0116163
Setting time step: 0.0025 in DGTransportTDO
Setting time step: 0.0025 in CombinedOp
Setting time step: 0.0025 in IonStaticPressureOp
norm(r_0) 0
norm(r_1) 0
norm(r_2) 0
norm(r_3) 0.016573652
norm(r_4) 0
Newton iteration  0 : ||r|| = 0.0165737
   Pass :  1   Iteration :   0  ||B r|| = 2737.26 ...
   Pass :  1   Iteration :  42  ||B r|| = 0.0027
norm(r_0) 0
norm(r_1) 0
norm(r_2) 0
norm(r_3) 0.00021418475
norm(r_4) 0
Newton iteration  1 : ||r|| = 0.000214185, ||r||/||r_0|| = 0.0129232
Setting time step: 0.0025 in DGTransportTDO
Setting time step: 0.0025 in CombinedOp
Setting time step: 0.0025 in IonStaticPressureOp
norm(r_0) 0
norm(r_1) 0
norm(r_2) 0
norm(r_3) 0.016683288
norm(r_4) 0
Newton iteration  0 : ||r|| = 0.0166833
   Pass :  1   Iteration :   0  ||B r|| = 2755.54 ...
   Pass :  1   Iteration :  42  ||B r|| = 0.00269204
norm(r_0) 0
norm(r_1) 0
norm(r_2) 0
norm(r_3) 0.00021337524
norm(r_4) 0
Newton iteration  1 : ||r|| = 0.000213375, ||r||/||r_0|| = 0.0127898
Setting time step: 0.0025 in DGTransportTDO
Setting time step: 0.0025 in CombinedOp
Setting time step: 0.0025 in IonStaticPressureOp
norm(r_0) 0
norm(r_1) 0
norm(r_2) 0
norm(r_3) 0.015624098
norm(r_4) 0
Newton iteration  0 : ||r|| = 0.0156241
   Pass :  1   Iteration :   0  ||B r|| = 2578.06 ...
   Pass :  1   Iteration :  42  ||B r|| = 0.00238558
norm(r_0) 0
norm(r_1) 0
norm(r_2) 0
norm(r_3) 0.0001877499
norm(r_4) 0
Newton iteration  1 : ||r|| = 0.00018775, ||r||/||r_0|| = 0.0120167
Setting time step: 0.005 in DGTransportTDO
Setting time step: 0.005 in CombinedOp
Setting time step: 0.005 in IonStaticPressureOp
norm(r_0) 0
norm(r_1) 0
norm(r_2) 0
norm(r_3) 0.015110652
norm(r_4) 0
Newton iteration  0 : ||r|| = 0.0151107
   Pass :  1   Iteration :   0  ||B r|| = 2079.46 ...
   Pass :  1   Iteration :  45  ||B r|| = 0.00204641
norm(r_0) 0
norm(r_1) 0
norm(r_2) 0
norm(r_3) 0.00028918358
norm(r_4) 0
Newton iteration  1 : ||r|| = 0.000289184, ||r||/||r_0|| = 0.0191377
Setting time step: 0.005 in DGTransportTDO
Setting time step: 0.005 in CombinedOp
Setting time step: 0.005 in IonStaticPressureOp
norm(r_0) 0
norm(r_1) 0
norm(r_2) 0
norm(r_3) 0.013254373
norm(r_4) 0
Newton iteration  0 : ||r|| = 0.0132544
   Pass :  1   Iteration :   0  ||B r|| = 1822.71 ...
   Pass :  1   Iteration :  46  ||B r|| = 0.00159252
norm(r_0) 0
norm(r_1) 0
norm(r_2) 0
norm(r_3) 0.00025255739
norm(r_4) 0
Newton iteration  1 : ||r|| = 0.000252557, ||r||/||r_0|| = 0.0190546
Setting time step: 0.005 in DGTransportTDO
Setting time step: 0.005 in CombinedOp
Setting time step: 0.005 in IonStaticPressureOp
norm(r_0) 0
norm(r_1) 0
norm(r_2) 0
norm(r_3) 0.013978825
norm(r_4) 0
Newton iteration  0 : ||r|| = 0.0139788
   Pass :  1   Iteration :   0  ||B r|| = 1922.87 ...
   Pass :  1   Iteration :  46  ||B r|| = 0.00166817
norm(r_0) 0
norm(r_1) 0
norm(r_2) 0
norm(r_3) 0.00026439923
norm(r_4) 0
Newton iteration  1 : ||r|| = 0.000264399, ||r||/||r_0|| = 0.0189143
Setting time step: 0.005 in DGTransportTDO
Setting time step: 0.005 in CombinedOp
Setting time step: 0.005 in IonStaticPressureOp
norm(r_0) 0
norm(r_1) 0
norm(r_2) 0
norm(r_3) 0.014165777
norm(r_4) 0
Newton iteration  0 : ||r|| = 0.0141658
   Pass :  1   Iteration :   0  ||B r|| = 1948.95 ...
   Pass :  1   Iteration :  46  ||B r|| = 0.00168374
norm(r_0) 0
norm(r_1) 0
norm(r_2) 0
norm(r_3) 0.00026676995
norm(r_4) 0
Newton iteration  1 : ||r|| = 0.00026677, ||r||/||r_0|| = 0.018832
Setting time step: 0.005 in DGTransportTDO
Setting time step: 0.005 in CombinedOp
Setting time step: 0.005 in IonStaticPressureOp
norm(r_0) 0
norm(r_1) 0
norm(r_2) 0
norm(r_3) 0.012408283
norm(r_4) 0
Newton iteration  0 : ||r|| = 0.0124083
   Pass :  1   Iteration :   0  ||B r|| = 1703.42 ...
   Pass :  1   Iteration :  45  ||B r|| = 0.00163893
norm(r_0) 0
norm(r_1) 0
norm(r_2) 0
norm(r_3) 0.00023069279
norm(r_4) 0
Newton iteration  1 : ||r|| = 0.000230693, ||r||/||r_0|| = 0.0185918
Setting time step: 0.01 in DGTransportTDO
Setting time step: 0.01 in CombinedOp
Setting time step: 0.01 in IonStaticPressureOp
norm(r_0) 0
norm(r_1) 0
norm(r_2) 0
norm(r_3) 0.011615422
norm(r_4) 0
Newton iteration  0 : ||r|| = 0.0116154
   Pass :  1   Iteration :   0  ||B r|| = 1182.55 ...
   Pass :  1   Iteration :  49  ||B r|| = 0.00105178
norm(r_0) 0
norm(r_1) 0
norm(r_2) 0
norm(r_3) 0.00030563744
norm(r_4) 0
Newton iteration  1 : ||r|| = 0.000305637, ||r||/||r_0|| = 0.0263131
Setting time step: 0.01 in DGTransportTDO
Setting time step: 0.01 in CombinedOp
Setting time step: 0.01 in IonStaticPressureOp
norm(r_0) 0
norm(r_1) 0
norm(r_2) 0
norm(r_3) 0.008929245
norm(r_4) 0
Newton iteration  0 : ||r|| = 0.00892924
   Pass :  1   Iteration :   0  ||B r|| = 907.509 ...
   Pass :  1   Iteration :  49  ||B r|| = 0.000819369
norm(r_0) 0
norm(r_1) 0
norm(r_2) 0
norm(r_3) 0.00023846582
norm(r_4) 0
Newton iteration  1 : ||r|| = 0.000238466, ||r||/||r_0|| = 0.0267062
Setting time step: 0.01 in DGTransportTDO
Setting time step: 0.01 in CombinedOp
Setting time step: 0.01 in IonStaticPressureOp
norm(r_0) 0
norm(r_1) 0
norm(r_2) 0
norm(r_3) 0.0099518443
norm(r_4) 0
Newton iteration  0 : ||r|| = 0.00995184
   Pass :  1   Iteration :   0  ||B r|| = 1012.41 ...
   Pass :  1   Iteration :  49  ||B r|| = 0.000909906
norm(r_0) 0
norm(r_1) 0
norm(r_2) 0
norm(r_3) 0.00026469469
norm(r_4) 0
Newton iteration  1 : ||r|| = 0.000264695, ||r||/||r_0|| = 0.0265976
Setting time step: 0.01 in DGTransportTDO
Setting time step: 0.01 in CombinedOp
Setting time step: 0.01 in IonStaticPressureOp
norm(r_0) 0
norm(r_1) 0
norm(r_2) 0
norm(r_3) 0.010227257
norm(r_4) 0
Newton iteration  0 : ||r|| = 0.0102273
   Pass :  1   Iteration :   0  ||B r|| = 1040.77 ...
   Pass :  1   Iteration :  49  ||B r|| = 0.00093336
norm(r_0) 0
norm(r_1) 0
norm(r_2) 0
norm(r_3) 0.00027145747
norm(r_4) 0
Newton iteration  1 : ||r|| = 0.000271457, ||r||/||r_0|| = 0.0265425
Setting time step: 0.01 in DGTransportTDO
Setting time step: 0.01 in CombinedOp
Setting time step: 0.01 in IonStaticPressureOp
norm(r_0) 0
norm(r_1) 0
norm(r_2) 0
norm(r_3) 0.0077857715
norm(r_4) 0
Newton iteration  0 : ||r|| = 0.00778577
   Pass :  1   Iteration :   0  ||B r|| = 790.538 ...
   Pass :  1   Iteration :  49  ||B r|| = 0.000693607
norm(r_0) 0
norm(r_1) 0
norm(r_2) 0
norm(r_3) 0.00020124186
norm(r_4) 0
Newton iteration  1 : ||r|| = 0.000201242, ||r||/||r_0|| = 0.0258474
Setting time step: 0.02 in DGTransportTDO
Setting time step: 0.02 in CombinedOp
Setting time step: 0.02 in IonStaticPressureOp
norm(r_0) 0
norm(r_1) 0
norm(r_2) 0
norm(r_3) 0.0068635251
norm(r_4) 0
Newton iteration  0 : ||r|| = 0.00686353
   Pass :  1   Iteration :   0  ||B r|| = 457.355 ...
   Pass :  2   Iteration :  55  ||B r|| = 0.00043105
norm(r_0) 0
norm(r_1) 0
norm(r_2) 0
norm(r_3) 0.00023917344
norm(r_4) 0
Newton iteration  1 : ||r|| = 0.000239173, ||r||/||r_0|| = 0.034847
Setting time step: 0.02 in DGTransportTDO
Setting time step: 0.02 in CombinedOp
Setting time step: 0.02 in IonStaticPressureOp
norm(r_0) 0
norm(r_1) 0
norm(r_2) 0
norm(r_3) 0.0040213201
norm(r_4) 0
Newton iteration  0 : ||r|| = 0.00402132
   Pass :  1   Iteration :   0  ||B r|| = 266.771 ...
   Pass :  2   Iteration :  55  ||B r|| = 0.000256101
norm(r_0) 0
norm(r_1) 0
norm(r_2) 0
norm(r_3) 0.00014276759
norm(r_4) 0
Newton iteration  1 : ||r|| = 0.000142768, ||r||/||r_0|| = 0.0355027
Setting time step: 0.02 in DGTransportTDO
Setting time step: 0.02 in CombinedOp
Setting time step: 0.02 in IonStaticPressureOp
norm(r_0) 0
norm(r_1) 0
norm(r_2) 0
norm(r_3) 0.0050606877
norm(r_4) 0
Newton iteration  0 : ||r|| = 0.00506069
   Pass :  1   Iteration :   0  ||B r|| = 336.651 ...
   Pass :  2   Iteration :  55  ||B r|| = 0.000320991
norm(r_0) 0
norm(r_1) 0
norm(r_2) 0
norm(r_3) 0.00017863555
norm(r_4) 0
Newton iteration  1 : ||r|| = 0.000178636, ||r||/||r_0|| = 0.0352987
Setting time step: 0.02 in DGTransportTDO
Setting time step: 0.02 in CombinedOp
Setting time step: 0.02 in IonStaticPressureOp
norm(r_0) 0
norm(r_1) 0
norm(r_2) 0
norm(r_3) 0.0053601618
norm(r_4) 0
Newton iteration  0 : ||r|| = 0.00536016
   Pass :  1   Iteration :   0  ||B r|| = 356.837 ...
   Pass :  2   Iteration :  55  ||B r|| = 0.000339316
norm(r_0) 0
norm(r_1) 0
norm(r_2) 0
norm(r_3) 0.00018870359
norm(r_4) 0
Newton iteration  1 : ||r|| = 0.000188704, ||r||/||r_0|| = 0.0352048
Setting time step: 0.02 in DGTransportTDO
Setting time step: 0.02 in CombinedOp
Setting time step: 0.02 in IonStaticPressureOp
norm(r_0) 0
norm(r_1) 0
norm(r_2) 0
norm(r_3) 0.0030649621
norm(r_4) 0
Newton iteration  0 : ||r|| = 0.00306496
   Pass :  1   Iteration :   0  ||B r|| = 201.851 ...
   Pass :  2   Iteration :  54  ||B r|| = 0.000197311
norm(r_0) 0
norm(r_1) 0
norm(r_2) 0
norm(r_3) 9.6702912e-05
norm(r_4) 0
Newton iteration  1 : ||r|| = 9.67029e-05, ||r||/||r_0|| = 0.0315511
Time stepping paused at t = 0.15
Setting time step: 0.019706104 in DGTransportTDO
Setting time step: 0.019706104 in CombinedOp
Setting time step: 0.019706104 in IonStaticPressureOp
norm(r_0) 0
norm(r_1) 0
norm(r_2) 0
norm(r_3) 0.0023988983
norm(r_4) 0
Newton iteration  0 : ||r|| = 0.0023989
   Pass :  1   Iteration :   0  ||B r|| = 161.437 ...
   Pass :  2   Iteration :  55  ||B r|| = 0.000151676
norm(r_0) 0
norm(r_1) 0
norm(r_2) 0
norm(r_3) 8.3380527e-05
norm(r_4) 0
Newton iteration  1 : ||r|| = 8.33805e-05, ||r||/||r_0|| = 0.0347578
Setting time step: 0.019706104 in DGTransportTDO
Setting time step: 0.019706104 in CombinedOp
Setting time step: 0.019706104 in IonStaticPressureOp
norm(r_0) 0
norm(r_1) 0
norm(r_2) 0
norm(r_3) 0.0014182804
norm(r_4) 0
Newton iteration  0 : ||r|| = 0.00141828
   Pass :  1   Iteration :   0  ||B r|| = 94.9504 ...
   Pass :  2   Iteration :  55  ||B r|| = 8.92489e-05
norm(r_0) 0
norm(r_1) 0
norm(r_2) 0
norm(r_3) 4.9024419e-05
norm(r_4) 0
Newton iteration  1 : ||r|| = 4.90244e-05, ||r||/||r_0|| = 0.0345661
Setting time step: 0.019706104 in DGTransportTDO
Setting time step: 0.019706104 in CombinedOp
Setting time step: 0.019706104 in IonStaticPressureOp
norm(r_0) 0
norm(r_1) 0
norm(r_2) 0
norm(r_3) 0.0017762945
norm(r_4) 0
Newton iteration  0 : ||r|| = 0.00177629
   Pass :  1   Iteration :   0  ||B r|| = 119.354 ...
   Pass :  2   Iteration :  55  ||B r|| = 0.000112169
norm(r_0) 0
norm(r_1) 0
norm(r_2) 0
norm(r_3) 6.1632084e-05
norm(r_4) 0
Newton iteration  1 : ||r|| = 6.16321e-05, ||r||/||r_0|| = 0.034697
Setting time step: 0.019706104 in DGTransportTDO
Setting time step: 0.019706104 in CombinedOp
Setting time step: 0.019706104 in IonStaticPressureOp
norm(r_0) 0
norm(r_1) 0
norm(r_2) 0
norm(r_3) 0.0018793189
norm(r_4) 0
Newton iteration  0 : ||r|| = 0.00187932
   Pass :  1   Iteration :   0  ||B r|| = 126.391 ...
   Pass :  2   Iteration :  55  ||B r|| = 0.000118774
norm(r_0) 0
norm(r_1) 0
norm(r_2) 0
norm(r_3) 6.5269029e-05
norm(r_4) 0
Newton iteration  1 : ||r|| = 6.5269e-05, ||r||/||r_0|| = 0.0347302
Setting time step: 0.019706104 in DGTransportTDO
Setting time step: 0.019706104 in CombinedOp
Setting time step: 0.019706104 in IonStaticPressureOp
norm(r_0) 0
norm(r_1) 0
norm(r_2) 0
norm(r_3) 0.0010952611
norm(r_4) 0
Newton iteration  0 : ||r|| = 0.00109526
   Pass :  1   Iteration :   0  ||B r|| = 72.1323 ...
   Pass :  2   Iteration :  55  ||B r|| = 6.77352e-05
norm(r_0) 0
norm(r_1) 0
norm(r_2) 0
norm(r_3) 3.7280512e-05
norm(r_4) 0
Newton iteration  1 : ||r|| = 3.72805e-05, ||r||/||r_0|| = 0.034038
Setting time step: 0.038630742 in DGTransportTDO
Setting time step: 0.038630742 in CombinedOp
Setting time step: 0.038630742 in IonStaticPressureOp
norm(r_0) 0
norm(r_1) 0
norm(r_2) 0
norm(r_3) 0.00085129663
norm(r_4) 0
Newton iteration  0 : ||r|| = 0.000851297
   Pass :  1   Iteration :   0  ||B r|| = 34.3408 ...
   Pass :  2   Iteration :  58  ||B r|| = 3.36796e-05
norm(r_0) 0
norm(r_1) 0
norm(r_2) 0
norm(r_3) 3.6125436e-05
norm(r_4) 0
Newton iteration  1 : ||r|| = 3.61254e-05, ||r||/||r_0|| = 0.0424358
Setting time step: 0.038630742 in DGTransportTDO
Setting time step: 0.038630742 in CombinedOp
Setting time step: 0.038630742 in IonStaticPressureOp
norm(r_0) 0
norm(r_1) 0
norm(r_2) 0
norm(r_3) 0.00028568171
norm(r_4) 0
Newton iteration  0 : ||r|| = 0.000285682
   Pass :  1   Iteration :   0  ||B r|| = 11.1931 ...
   Pass :  2   Iteration :  59  ||B r|| = 1.04295e-05
norm(r_0) 0
norm(r_1) 0
norm(r_2) 0
norm(r_3) 1.0189004e-05
norm(r_4) 0
Newton iteration  1 : ||r|| = 1.0189e-05, ||r||/||r_0|| = 0.0356656
Setting time step: 0.038630742 in DGTransportTDO
Setting time step: 0.038630742 in CombinedOp
Setting time step: 0.038630742 in IonStaticPressureOp
norm(r_0) 0
norm(r_1) 0
norm(r_2) 0
norm(r_3) 0.00047894622
norm(r_4) 0
Newton iteration  0 : ||r|| = 0.000478946
   Pass :  1   Iteration :   0  ||B r|| = 19.2039 ...
   Pass :  2   Iteration :  58  ||B r|| = 1.9025e-05
norm(r_0) 0
norm(r_1) 0
norm(r_2) 0
norm(r_3) 2.0442135e-05
norm(r_4) 0
Newton iteration  1 : ||r|| = 2.04421e-05, ||r||/||r_0|| = 0.0426815
Setting time step: 0.038630742 in DGTransportTDO
Setting time step: 0.038630742 in CombinedOp
Setting time step: 0.038630742 in IonStaticPressureOp
norm(r_0) 0
norm(r_1) 0
norm(r_2) 0
norm(r_3) 0.00054084636
norm(r_4) 0
Newton iteration  0 : ||r|| = 0.000540846
   Pass :  1   Iteration :   0  ||B r|| = 21.7578 ...
   Pass :  2   Iteration :  58  ||B r|| = 2.14934e-05
norm(r_0) 0
norm(r_1) 0
norm(r_2) 0
norm(r_3) 2.3083064e-05
norm(r_4) 0
Newton iteration  1 : ||r|| = 2.30831e-05, ||r||/||r_0|| = 0.0426795
Setting time step: 0.038630742 in DGTransportTDO
Setting time step: 0.038630742 in CombinedOp
Setting time step: 0.038630742 in IonStaticPressureOp
norm(r_0) 0
norm(r_1) 0
norm(r_2) 0
norm(r_3) 0.00019323668
norm(r_4) 0
Newton iteration  0 : ||r|| = 0.000193237
   Pass :  1   Iteration :   0  ||B r|| = 7.03116 ...
   Pass :  2   Iteration :  58  ||B r|| = 6.56844e-06
norm(r_0) 0
norm(r_1) 0
norm(r_2) 0
norm(r_3) 6.996883e-06
norm(r_4) 0
Newton iteration  1 : ||r|| = 6.99688e-06, ||r||/||r_0|| = 0.0362089
Setting time step: 0.042493742 in DGTransportTDO
Setting time step: 0.042493742 in CombinedOp
Setting time step: 0.042493742 in IonStaticPressureOp
norm(r_0) 0
norm(r_1) 0
norm(r_2) 0
norm(r_3) 0.00011564921
norm(r_4) 0
Newton iteration  0 : ||r|| = 0.000115649
   Pass :  1   Iteration :   0  ||B r|| = 4.31109 ...
   Pass :  2   Iteration :  59  ||B r|| = 4.13802e-06
norm(r_0) 0
norm(r_1) 0
norm(r_2) 0
norm(r_3) 4.4191637e-06
norm(r_4) 0
Newton iteration  1 : ||r|| = 4.41916e-06, ||r||/||r_0|| = 0.0382118
Setting time step: 0.042493742 in DGTransportTDO
Setting time step: 0.042493742 in CombinedOp
Setting time step: 0.042493742 in IonStaticPressureOp
norm(r_0) 0
norm(r_1) 0
norm(r_2) 0
norm(r_3) 3.3712306e-05
norm(r_4) 0
Newton iteration  0 : ||r|| = 3.37123e-05
   Pass :  1   Iteration :   0  ||B r|| = 1.21879 ...
   Pass :  2   Iteration :  59  ||B r|| = 1.17951e-06
norm(r_0) 0
norm(r_1) 0
norm(r_2) 0
norm(r_3) 1.26383e-06
norm(r_4) 0
Newton iteration  1 : ||r|| = 1.26383e-06, ||r||/||r_0|| = 0.0374887
Setting time step: 0.042493742 in DGTransportTDO
Setting time step: 0.042493742 in CombinedOp
Setting time step: 0.042493742 in IonStaticPressureOp
norm(r_0) 0
norm(r_1) 0
norm(r_2) 0
norm(r_3) 6.1348723e-05
norm(r_4) 0
Newton iteration  0 : ||r|| = 6.13487e-05
   Pass :  1   Iteration :   0  ||B r|| = 2.27826 ...
   Pass :  2   Iteration :  59  ||B r|| = 2.19466e-06
norm(r_0) 0
norm(r_1) 0
norm(r_2) 0
norm(r_3) 2.3471903e-06
norm(r_4) 0
Newton iteration  1 : ||r|| = 2.34719e-06, ||r||/||r_0|| = 0.0382598
Setting time step: 0.042493742 in DGTransportTDO
Setting time step: 0.042493742 in CombinedOp
Setting time step: 0.042493742 in IonStaticPressureOp
norm(r_0) 0
norm(r_1) 0
norm(r_2) 0
norm(r_3) 7.0407468e-05
norm(r_4) 0
Newton iteration  0 : ||r|| = 7.04075e-05
   Pass :  1   Iteration :   0  ||B r|| = 2.62191 ...
   Pass :  2   Iteration :  59  ||B r|| = 2.52299e-06
norm(r_0) 0
norm(r_1) 0
norm(r_2) 0
norm(r_3) 2.6971587e-06
norm(r_4) 0
Newton iteration  1 : ||r|| = 2.69716e-06, ||r||/||r_0|| = 0.0383078
Setting time step: 0.042493742 in DGTransportTDO
Setting time step: 0.042493742 in CombinedOp
Setting time step: 0.042493742 in IonStaticPressureOp
norm(r_0) 0
norm(r_1) 0
norm(r_2) 0
norm(r_3) 2.6139681e-05
norm(r_4) 0
Newton iteration  0 : ||r|| = 2.61397e-05
   Pass :  1   Iteration :   0  ||B r|| = 0.762621 ...
   Pass :  2   Iteration :  56  ||B r|| = 9.99411e-07
norm(r_0) 0
norm(r_1) 0
norm(r_2) 0
norm(r_3) 1.1591383e-06
norm(r_4) 0
Newton iteration  1 : ||r|| = 1.15914e-06, ||r||/||r_0|| = 0.044344
Setting time step: 0.084987484 in DGTransportTDO
Setting time step: 0.084987484 in CombinedOp
Setting time step: 0.084987484 in IonStaticPressureOp
norm(r_0) 0
norm(r_1) 0
norm(r_2) 0
norm(r_3) 1.3147056e-05
norm(r_4) 0
Newton iteration  0 : ||r|| = 1.31471e-05
   Pass :  1   Iteration :   0  ||B r|| = 0.267729 ...
   Pass :  1   Iteration :  48  ||B r|| = 9.94401e-07
norm(r_0) 0
norm(r_1) 0
norm(r_2) 0
norm(r_3) 2.1159708e-06
norm(r_4) 0
Newton iteration  1 : ||r|| = 2.11597e-06, ||r||/||r_0|| = 0.160946
Setting time step: 0.084987484 in DGTransportTDO
Setting time step: 0.084987484 in CombinedOp
Setting time step: 0.084987484 in IonStaticPressureOp
norm(r_0) 0
norm(r_1) 0
norm(r_2) 0
norm(r_3) 3.722785e-06
norm(r_4) 0
Newton iteration  0 : ||r|| = 3.72279e-06
   Pass :  1   Iteration :   0  ||B r|| = 0.0149656 ...
   Pass :  1   Iteration :  30  ||B r|| = 9.25698e-07
norm(r_0) 0
norm(r_1) 0
norm(r_2) 0
norm(r_3) 1.8432385e-06
norm(r_4) 0
Newton iteration  1 : ||r|| = 1.84324e-06, ||r||/||r_0|| = 0.495124
Setting time step: 0.084987484 in DGTransportTDO
Setting time step: 0.084987484 in CombinedOp
Setting time step: 0.084987484 in IonStaticPressureOp
norm(r_0) 0
norm(r_1) 0
norm(r_2) 0
norm(r_3) 4.8669552e-06
norm(r_4) 0
Newton iteration  0 : ||r|| = 4.86696e-06
   Pass :  1   Iteration :   0  ||B r|| = 0.0742315 ...
   Pass :  1   Iteration :  40  ||B r|| = 9.30314e-07
norm(r_0) 0
norm(r_1) 0
norm(r_2) 0
norm(r_3) 2.0012568e-06
norm(r_4) 0
Newton iteration  1 : ||r|| = 2.00126e-06, ||r||/||r_0|| = 0.411193
Setting time step: 0.084987484 in DGTransportTDO
Setting time step: 0.084987484 in CombinedOp
Setting time step: 0.084987484 in IonStaticPressureOp
norm(r_0) 0
norm(r_1) 0
norm(r_2) 0
norm(r_3) 5.9252017e-06
norm(r_4) 0
Newton iteration  0 : ||r|| = 5.9252e-06
   Pass :  1   Iteration :   0  ||B r|| = 0.107579 ...
   Pass :  1   Iteration :  42  ||B r|| = 9.6259e-07
norm(r_0) 0
norm(r_1) 0
norm(r_2) 0
norm(r_3) 1.9363202e-06
norm(r_4) 0
Newton iteration  1 : ||r|| = 1.93632e-06, ||r||/||r_0|| = 0.326794
Setting time step: 0.084987484 in DGTransportTDO
Setting time step: 0.084987484 in CombinedOp
Setting time step: 0.084987484 in IonStaticPressureOp
norm(r_0) 0
norm(r_1) 0
norm(r_2) 0
norm(r_3) 6.072685e-05
norm(r_4) 0
Newton iteration  0 : ||r|| = 6.07268e-05
   Pass :  1   Iteration :   0  ||B r|| = 0.030991 ...
   Pass :  1   Iteration :  35  ||B r|| = 8.96557e-07
norm(r_0) 0
norm(r_1) 0
norm(r_2) 0
norm(r_3) 1.6155275e-06
norm(r_4) 0
Newton iteration  1 : ||r|| = 1.61553e-06, ||r||/||r_0|| = 0.0266032
Time stepping paused at t = 0.89327228
Setting time step: 0.16997497 in DGTransportTDO
Setting time step: 0.16997497 in CombinedOp
Setting time step: 0.16997497 in IonStaticPressureOp
norm(r_0) 0
norm(r_1) 0
norm(r_2) 0
norm(r_3) 1.7679959e-06
norm(r_4) 0
Newton iteration  0 : ||r|| = 1.768e-06
   Pass :  1   Iteration :   0  ||B r|| = 0.00770142 ...
   Pass :  1   Iteration :  28  ||B r|| = 8.93984e-07
norm(r_0) 0
norm(r_1) 0
norm(r_2) 0
norm(r_3) 2.9107698e-06
norm(r_4) 0
Newton iteration  1 : ||r|| = 2.91077e-06, ||r||/||r_0|| = 1.64637
Setting time step: 0.16997497 in DGTransportTDO
Setting time step: 0.16997497 in CombinedOp
Setting time step: 0.16997497 in IonStaticPressureOp
norm(r_0) 0
norm(r_1) 0
norm(r_2) 0
norm(r_3) 5.8630744e-06
norm(r_4) 0
Newton iteration  0 : ||r|| = 5.86307e-06
   Pass :  1   Iteration :   0  ||B r|| = 0.00294209 ...
   Pass :  1   Iteration :  22  ||B r|| = 9.39677e-07
norm(r_0) 0
norm(r_1) 0
norm(r_2) 0
norm(r_3) 3.0983222e-06
norm(r_4) 0
Newton iteration  1 : ||r|| = 3.09832e-06, ||r||/||r_0|| = 0.528447
Setting time step: 0.16997497 in DGTransportTDO
Setting time step: 0.16997497 in CombinedOp
Setting time step: 0.16997497 in IonStaticPressureOp
norm(r_0) 0
norm(r_1) 0
norm(r_2) 0
norm(r_3) 4.8792869e-06
norm(r_4) 0
Newton iteration  0 : ||r|| = 4.87929e-06
   Pass :  1   Iteration :   0  ||B r|| = 0.000138191 ...
   Pass :  1   Iteration :  10  ||B r|| = 9.29035e-07
norm(r_0) 0
norm(r_1) 0
norm(r_2) 0
norm(r_3) 3.1305451e-06
norm(r_4) 0
Newton iteration  1 : ||r|| = 3.13055e-06, ||r||/||r_0|| = 0.641599
Setting time step: 0.16997497 in DGTransportTDO
Setting time step: 0.16997497 in CombinedOp
Setting time step: 0.16997497 in IonStaticPressureOp
norm(r_0) 0
norm(r_1) 0
norm(r_2) 0
norm(r_3) 3.9809314e-06
norm(r_4) 0
Newton iteration  0 : ||r|| = 3.98093e-06
   Pass :  1   Iteration :   0  ||B r|| = 0.00147357 ...
   Pass :  1   Iteration :  19  ||B r|| = 9.04445e-07
norm(r_0) 0
norm(r_1) 0
norm(r_2) 0
norm(r_3) 2.9425732e-06
norm(r_4) 0
Newton iteration  1 : ||r|| = 2.94257e-06, ||r||/||r_0|| = 0.739167
Setting time step: 0.16997497 in DGTransportTDO
Setting time step: 0.16997497 in CombinedOp
Setting time step: 0.16997497 in IonStaticPressureOp
norm(r_0) 0
norm(r_1) 0
norm(r_2) 0
norm(r_3) 0.0001549081
norm(r_4) 0
Newton iteration  0 : ||r|| = 0.000154908
   Pass :  1   Iteration :   0  ||B r|| = 0.0030014 ...
   Pass :  1   Iteration :  23  ||B r|| = 9.5251e-07
norm(r_0) 0
norm(r_1) 0
norm(r_2) 0
norm(r_3) 4.1402501e-06
norm(r_4) 0
Newton iteration  1 : ||r|| = 4.14025e-06, ||r||/||r_0|| = 0.0267271
Setting time step: 0.33994993 in DGTransportTDO
Setting time step: 0.33994993 in CombinedOp
Setting time step: 0.33994993 in IonStaticPressureOp
norm(r_0) 0
norm(r_1) 0
norm(r_2) 0
norm(r_3) 4.1415216e-06
norm(r_4) 0
Newton iteration  0 : ||r|| = 4.14152e-06
   Pass :  1   Iteration :   0  ||B r|| = 0.000517832 ...
   Pass :  1   Iteration :  15  ||B r|| = 9.50423e-07
norm(r_0) 0
norm(r_1) 0
norm(r_2) 0
norm(r_3) 6.4604104e-06
norm(r_4) 0
Newton iteration  1 : ||r|| = 6.46041e-06, ||r||/||r_0|| = 1.55991
Setting time step: 0.33994993 in DGTransportTDO
Setting time step: 0.33994993 in CombinedOp
Setting time step: 0.33994993 in IonStaticPressureOp
norm(r_0) 0
norm(r_1) 0
norm(r_2) 0
norm(r_3) 1.4489405e-05
norm(r_4) 0
Newton iteration  0 : ||r|| = 1.44894e-05
   Pass :  1   Iteration :   0  ||B r|| = 0.000325157 ...
   Pass :  1   Iteration :  11  ||B r|| = 9.78883e-07
norm(r_0) 0
norm(r_1) 0
norm(r_2) 0
norm(r_3) 7.6203963e-06
norm(r_4) 0
Newton iteration  1 : ||r|| = 7.6204e-06, ||r||/||r_0|| = 0.525929
Setting time step: 0.33994993 in DGTransportTDO
Setting time step: 0.33994993 in CombinedOp
Setting time step: 0.33994993 in IonStaticPressureOp
norm(r_0) 0
norm(r_1) 0
norm(r_2) 0
norm(r_3) 1.2150362e-05
norm(r_4) 0
Newton iteration  0 : ||r|| = 1.21504e-05
   Pass :  1   Iteration :   0  ||B r|| = 9.83041e-05 ...
   Pass :  1   Iteration :   7  ||B r|| = 7.24845e-07
norm(r_0) 0
norm(r_1) 0
norm(r_2) 0
norm(r_3) 1.0006222e-05
norm(r_4) 0
Newton iteration  1 : ||r|| = 1.00062e-05, ||r||/||r_0|| = 0.823533
Setting time step: 0.33994993 in DGTransportTDO
Setting time step: 0.33994993 in CombinedOp
Setting time step: 0.33994993 in IonStaticPressureOp
norm(r_0) 0
norm(r_1) 0
norm(r_2) 0
norm(r_3) 9.1512477e-06
norm(r_4) 0
Newton iteration  0 : ||r|| = 9.15125e-06
   Pass :  1   Iteration :   0  ||B r|| = 1.30641e-05 ...
   Pass :  1   Iteration :   6  ||B r|| = 9.52795e-07
norm(r_0) 0
norm(r_1) 0
norm(r_2) 0
norm(r_3) 1.0165542e-05
norm(r_4) 0
Newton iteration  1 : ||r|| = 1.01655e-05, ||r||/||r_0|| = 1.11084
Setting time step: 0.33994993 in DGTransportTDO
Setting time step: 0.33994993 in CombinedOp
Setting time step: 0.33994993 in IonStaticPressureOp
norm(r_0) 0
norm(r_1) 0
norm(r_2) 0
norm(r_3) 0.00061372424
norm(r_4) 0
Newton iteration  0 : ||r|| = 0.000613724
   Pass :  1   Iteration :   0  ||B r|| = 0.000573225 ...
   Pass :  1   Iteration :  19  ||B r|| = 9.50823e-07
norm(r_0) 0
norm(r_1) 0
norm(r_2) 0
norm(r_3) 1.05005e-05
norm(r_4) 0
Newton iteration  1 : ||r|| = 1.05005e-05, ||r||/||r_0|| = 0.0171095
Setting time step: 0.67989987 in DGTransportTDO
Setting time step: 0.67989987 in CombinedOp
Setting time step: 0.67989987 in IonStaticPressureOp
norm(r_0) 0
norm(r_1) 0
norm(r_2) 0
norm(r_3) 1.0500507e-05
norm(r_4) 0
Newton iteration  0 : ||r|| = 1.05005e-05
   Pass :  1   Iteration :   0  ||B r|| = 1.01816e-05 ...
   Pass :  1   Iteration :   1  ||B r|| = 6.85787e-07
norm(r_0) 0
norm(r_1) 0
norm(r_2) 0
norm(r_3) 9.3694942e-06
norm(r_4) 0
Newton iteration  1 : ||r|| = 9.36949e-06, ||r||/||r_0|| = 0.89229
Setting time step: 0.67989987 in DGTransportTDO
Setting time step: 0.67989987 in CombinedOp
Setting time step: 0.67989987 in IonStaticPressureOp
norm(r_0) 0
norm(r_1) 0
norm(r_2) 0
norm(r_3) 2.7066951e-05
norm(r_4) 0
Newton iteration  0 : ||r|| = 2.7067e-05
   Pass :  1   Iteration :   0  ||B r|| = 9.68202e-06 ...
   Pass :  1   Iteration :   1  ||B r|| = 5.60837e-07
norm(r_0) 0
norm(r_1) 0
norm(r_2) 0
norm(r_3) 1.1463372e-05
norm(r_4) 0
Newton iteration  1 : ||r|| = 1.14634e-05, ||r||/||r_0|| = 0.423519
Setting time step: 0.67989987 in DGTransportTDO
Setting time step: 0.67989987 in CombinedOp
Setting time step: 0.67989987 in IonStaticPressureOp
norm(r_0) 0
norm(r_1) 0
norm(r_2) 0
norm(r_3) 2.158178e-05
norm(r_4) 0
Newton iteration  0 : ||r|| = 2.15818e-05
   Pass :  1   Iteration :   0  ||B r|| = 4.88838e-06 ...
   Pass :  1   Iteration :   1  ||B r|| = 5.67982e-07
norm(r_0) 0
norm(r_1) 0
norm(r_2) 0
norm(r_3) 4.7460408e-06
norm(r_4) 0
Newton iteration  1 : ||r|| = 4.74604e-06, ||r||/||r_0|| = 0.21991
Setting time step: 0.67989987 in DGTransportTDO
Setting time step: 0.67989987 in CombinedOp
Setting time step: 0.67989987 in IonStaticPressureOp
norm(r_0) 0
norm(r_1) 0
norm(r_2) 0
norm(r_3) 1.564735e-05
norm(r_4) 0
Newton iteration  0 : ||r|| = 1.56474e-05
   Pass :  1   Iteration :   0  ||B r|| = 2.16033e-06 ...
   Pass :  1   Iteration :   1  ||B r|| = 6.06223e-07
norm(r_0) 0
norm(r_1) 0
norm(r_2) 0
norm(r_3) 3.720479e-06
norm(r_4) 0
Newton iteration  1 : ||r|| = 3.72048e-06, ||r||/||r_0|| = 0.237771
Setting time step: 0.67989987 in DGTransportTDO
Setting time step: 0.67989987 in CombinedOp
Setting time step: 0.67989987 in IonStaticPressureOp
norm(r_0) 0
norm(r_1) 0
norm(r_2) 0
norm(r_3) 0.0001826205
norm(r_4) 0
Newton iteration  0 : ||r|| = 0.000182621
   Pass :  1   Iteration :   0  ||B r|| = 2.16365e-05 ...
   Pass :  1   Iteration :   2  ||B r|| = 6.55604e-07
norm(r_0) 0
norm(r_1) 0
norm(r_2) 0
norm(r_3) 4.1593477e-05
norm(r_4) 0
Newton iteration  1 : ||r|| = 4.15935e-05, ||r||/||r_0|| = 0.227759
Setting time step: 1.3597997 in DGTransportTDO
Setting time step: 1.3597997 in CombinedOp
Setting time step: 1.3597997 in IonStaticPressureOp
norm(r_0) 0
norm(r_1) 0
norm(r_2) 0
norm(r_3) 4.1593479e-05
norm(r_4) 0
Newton iteration  0 : ||r|| = 4.15935e-05
   Pass :  1   Iteration :   0  ||B r|| = 3.29829e-07
norm(r_0) 0
norm(r_1) 0
norm(r_2) 0
norm(r_3) 4.1593479e-05
norm(r_4) 0
Newton iteration  1 : ||r|| = 4.15935e-05, ||r||/||r_0|| = 1
Setting time step: 1.3597997 in DGTransportTDO
Setting time step: 1.3597997 in CombinedOp
Setting time step: 1.3597997 in IonStaticPressureOp
norm(r_0) 0
norm(r_1) 0
norm(r_2) 0
norm(r_3) 4.1593479e-05
norm(r_4) 0
Newton iteration  0 : ||r|| = 4.15935e-05
   Pass :  1   Iteration :   0  ||B r|| = 3.29829e-07
norm(r_0) 0
norm(r_1) 0
norm(r_2) 0
norm(r_3) 4.1593479e-05
norm(r_4) 0
Newton iteration  1 : ||r|| = 4.15935e-05, ||r||/||r_0|| = 1
Setting time step: 1.3597997 in DGTransportTDO
Setting time step: 1.3597997 in CombinedOp
Setting time step: 1.3597997 in IonStaticPressureOp
norm(r_0) 0
norm(r_1) 0
norm(r_2) 0
norm(r_3) 4.1593479e-05
norm(r_4) 0
Newton iteration  0 : ||r|| = 4.15935e-05
   Pass :  1   Iteration :   0  ||B r|| = 3.29829e-07
norm(r_0) 0
norm(r_1) 0
norm(r_2) 0
norm(r_3) 4.1593479e-05
norm(r_4) 0
Newton iteration  1 : ||r|| = 4.15935e-05, ||r||/||r_0|| = 1
Setting time step: 1.3597997 in DGTransportTDO
Setting time step: 1.3597997 in CombinedOp
Setting time step: 1.3597997 in IonStaticPressureOp
norm(r_0) 0
norm(r_1) 0
norm(r_2) 0
norm(r_3) 4.1593479e-05
norm(r_4) 0
Newton iteration  0 : ||r|| = 4.15935e-05
   Pass :  1   Iteration :   0  ||B r|| = 3.29829e-07
norm(r_0) 0
norm(r_1) 0
norm(r_2) 0
norm(r_3) 4.1593479e-05
norm(r_4) 0
Newton iteration  1 : ||r|| = 4.15935e-05, ||r||/||r_0|| = 1
Setting time step: 1.3597997 in DGTransportTDO
Setting time step: 1.3597997 in CombinedOp
Setting time step: 1.3597997 in IonStaticPressureOp
norm(r_0) 0
norm(r_1) 0
norm(r_2) 0
norm(r_3) 4.1593479e-05
norm(r_4) 0
Newton iteration  0 : ||r|| = 4.15935e-05
   Pass :  1   Iteration :   0  ||B r|| = 3.29829e-07
norm(r_0) 0
norm(r_1) 0
norm(r_2) 0
norm(r_3) 4.1593479e-05
norm(r_4) 0
Newton iteration  1 : ||r|| = 4.15935e-05, ||r||/||r_0|| = 1
Time stepping paused at t = 11.09177
Steady State solution has been reached

Time stepping done after 391.32657s.
