4: Number of elements in parallel mesh: 16
4: Number of elements after parallel refinement: 16
5: Number of elements in parallel mesh: 16
5: Number of elements after parallel refinement: 16
Options used:
   --mesh ../../mfem/data/inline-quad.mesh
   --bc-file ../../mfem/miniapps/plasma/transport2d_bcs.inp
   --ic-file ../../mfem/miniapps/plasma/transport2d_ics.inp
   --ec-file /home/gz6/mfem-analysis/input-files/transport2d_ecs.inp
   --es-file ../../mfem/miniapps/plasma/transport2d_ess.inp
   --eqdsk-file 
   --logging 1
   --operator-test 8
   --equation-weights '1 1 1 1 1'
   --problem 0
   --refine-serial 2
   --refine-parallel 0
   --enable-amr
   --max-err -1
   --hysteresis 0.25
   --nc-limit 3
   --amr-weights '1 1 1 1 1'
   --order 2
   --dg-sigma -1
   --dg-kappa 9
   --linear-abs-tolerance 1e-06
   --linear-rel-tolerance 1e-06
   --linear-max-iterations 500
   --linear-logging-level 3
   --newton-abs-tolerance 1e-10
   --newton-rel-tolerance 1e-10
   --newton-max-iterations 1
   --newton-logging-level 1
   --steady-state-abs-tolerance 1e-08
   --steady-state-rel-tolerance 1e-08
   --prec-type 1
   --prec-logging-level 0
   --initial-tolerance 1e-05
   --ode-tolerance 0.001
   --ode-solver 2
   --err-per-step
   --ode-weights '1 1 1 1 1'
   --kP 0
   --kI 0.6
   --kD 0
   --theta-max 2
   --t-minimum 0
   --t-final 100
   --time-step 0.01
   --cfl-number 0.3
   --ion-charge 1
   --ion-mass 2.0141018
   --neutral-mass 2.0141018
   --neutral-temp 3
   --min-neutral-density 9e+14
   --max-neutral-density 1e+15
   --neutral-density-exp 0
   --min-ion-density 1e+16
   --max-ion-density 1e+18
   --ion-density-exp 0
   --min-ion-temp 1
   --max-ion-temp 10
   --ion-temp-exp 0
   --min-electron-temp 10
   --max-electron-temp 440
   --electron-temp-exp 0
   --total-B-magnitude 5
   --poloidal-B-magnitude 0.5
   --velocity 1000
   --Di-perp 1
   --Xi-perp 1
   --Xe-perp 1
   --equation-term-flags '-1 -1 -1 -1 -1'
   --visualization-flags '-1 -1 -1 -1 -1'
   --visualization
   --visit-datafiles
   --ascii-datafiles
   --visualization-steps 4
Device configuration: cpu
Memory configuration: host-std
Number of elements in initial mesh: 16
Number of elements after serial refinement: 256
7: Number of elements in parallel mesh: 16
7: Number of elements after parallel refinement: 16
6: Number of elements in parallel mesh: 16
6: Number of elements after parallel refinement: 16
3: Number of elements in parallel mesh: 16
3: Number of elements after parallel refinement: 16
1: Number of elements in parallel mesh: 16
1: Number of elements after parallel refinement: 16
0: Number of elements in parallel mesh: 16
0: Number of elements after parallel refinement: 16
8: Number of elements in parallel mesh: 16
8: Number of elements after parallel refinement: 16
9: Number of elements in parallel mesh: 16
9: Number of elements after parallel refinement: 16
11: Number of elements in parallel mesh: 16
11: Number of elements after parallel refinement: 16
10: Number of elements in parallel mesh: 16
10: Number of elements after parallel refinement: 16
12: Number of elements in parallel mesh: 16
12: Number of elements after parallel refinement: 16
13: Number of elements in parallel mesh: 16
13: Number of elements after parallel refinement: 16
15: Number of elements in parallel mesh: 16
15: Number of elements after parallel refinement: 16
14: Number of elements in parallel mesh: 16
14: Number of elements after parallel refinement: 16
2: Number of elements in parallel mesh: 16
2: Number of elements after parallel refinement: 16
Configuring initial conditions
Reading initial conditions from ../../mfem/miniapps/plasma/transport2d_ics.inp
Configuring exact solutions
Reading exact solutions from ../../mfem/miniapps/plasma/transport2d_ess.inp

AMR iteration 0
Number of unknowns: 2304
Stopping criterion satisfied. Stop.
Number of unknowns per field: 2304
Total number of unknowns:     11520
Configuring boundary conditions
Reading boundary conditions from ../../mfem/miniapps/plasma/transport2d_bcs.inp
Configuring equation coefficients
Reading equation coefficients from /home/gz6/mfem-analysis/input-files/transport2d_ecs.inp
|mn| = 3.3444946e-27
|ni| = 1
|ne| = 1

|Dn|     = -nan
|Di|     = -nan
|Eta|    = -nan
|nXi|    = -nan
|nXe|    = -nan

|Eta/mn| = -nan
|nXi/ni| = -nan
|nXe/ne| = -nan
Ion Static Pressure: Adding time derivative term proportional to d n_i / dt
Ion Static Pressure: Adding time derivative term proportional to d T_i / dt
Ion Static Pressure: Adding anisotropic diffusion term
Ion Static Pressure: Adding source term
Opening GLVis sockets.
Range of error estimates for initial condition: -nan < elem err < -nan

Begin time stepping at t = 0
Setting time step: 0.0025 in DGTransportTDO
Setting time step: 0.0025 in CombinedOp
Setting time step: 0.0025 in IonStaticPressureOp
norm(r_0) 0
norm(r_1) 0
norm(r_2) 0
norm(r_3) 0.21703991
norm(r_4) 0
Newton iteration  0 : ||r|| = 0.21704
   Pass :  1   Iteration :   0  ||B r|| = 245.289 ...
   Pass :  1   Iteration :  14  ||B r|| = 0.000203245
norm(r_0) 0
norm(r_1) 0
norm(r_2) 0
norm(r_3) 6.8055836e-06
norm(r_4) 0
Newton iteration  1 : ||r|| = 6.80558e-06, ||r||/||r_0|| = 3.13564e-05
Setting time step: 0.0025 in DGTransportTDO
Setting time step: 0.0025 in CombinedOp
Setting time step: 0.0025 in IonStaticPressureOp
norm(r_0) 0
norm(r_1) 0
norm(r_2) 0
norm(r_3) 0.20321438
norm(r_4) 0
Newton iteration  0 : ||r|| = 0.203214
   Pass :  1   Iteration :   0  ||B r|| = 229.664 ...
   Pass :  1   Iteration :  14  ||B r|| = 0.000190296
norm(r_0) 0
norm(r_1) 0
norm(r_2) 0
norm(r_3) 6.3720195e-06
norm(r_4) 0
Newton iteration  1 : ||r|| = 6.37202e-06, ||r||/||r_0|| = 3.13561e-05
Setting time step: 0.0025 in DGTransportTDO
Setting time step: 0.0025 in CombinedOp
Setting time step: 0.0025 in IonStaticPressureOp
norm(r_0) 0
norm(r_1) 0
norm(r_2) 0
norm(r_3) 0.20867418
norm(r_4) 0
Newton iteration  0 : ||r|| = 0.208674
   Pass :  1   Iteration :   0  ||B r|| = 235.835 ...
   Pass :  1   Iteration :  14  ||B r|| = 0.00019541
norm(r_0) 0
norm(r_1) 0
norm(r_2) 0
norm(r_3) 6.5432401e-06
norm(r_4) 0
Newton iteration  1 : ||r|| = 6.54324e-06, ||r||/||r_0|| = 3.13563e-05
Setting time step: 0.0025 in DGTransportTDO
Setting time step: 0.0025 in CombinedOp
Setting time step: 0.0025 in IonStaticPressureOp
norm(r_0) 0
norm(r_1) 0
norm(r_2) 0
norm(r_3) 0.21006785
norm(r_4) 0
Newton iteration  0 : ||r|| = 0.210068
   Pass :  1   Iteration :   0  ||B r|| = 237.41 ...
   Pass :  1   Iteration :  14  ||B r|| = 0.000196715
norm(r_0) 0
norm(r_1) 0
norm(r_2) 0
norm(r_3) 6.5869439e-06
norm(r_4) 0
Newton iteration  1 : ||r|| = 6.58694e-06, ||r||/||r_0|| = 3.13563e-05
Setting time step: 0.0025 in DGTransportTDO
Setting time step: 0.0025 in CombinedOp
Setting time step: 0.0025 in IonStaticPressureOp
norm(r_0) 0
norm(r_1) 0
norm(r_2) 0
norm(r_3) 0.19653777
norm(r_4) 0
Newton iteration  0 : ||r|| = 0.196538
   Pass :  1   Iteration :   0  ||B r|| = 222.119 ...
   Pass :  1   Iteration :  14  ||B r|| = 0.000184041
norm(r_0) 0
norm(r_1) 0
norm(r_2) 0
norm(r_3) 6.1625627e-06
norm(r_4) 0
Newton iteration  1 : ||r|| = 6.16256e-06, ||r||/||r_0|| = 3.13556e-05
Setting time step: 0.005 in DGTransportTDO
Setting time step: 0.005 in CombinedOp
Setting time step: 0.005 in IonStaticPressureOp
norm(r_0) 0
norm(r_1) 0
norm(r_2) 0
norm(r_3) 0.19027818
norm(r_4) 0
Newton iteration  0 : ||r|| = 0.190278
   Pass :  1   Iteration :   0  ||B r|| = 192.486 ...
   Pass :  1   Iteration :  16  ||B r|| = 0.000101475
norm(r_0) 0
norm(r_1) 0
norm(r_2) 0
norm(r_3) 7.0329231e-06
norm(r_4) 0
Newton iteration  1 : ||r|| = 7.03292e-06, ||r||/||r_0|| = 3.69613e-05
Setting time step: 0.005 in DGTransportTDO
Setting time step: 0.005 in CombinedOp
Setting time step: 0.005 in IonStaticPressureOp
norm(r_0) 0
norm(r_1) 0
norm(r_2) 0
norm(r_3) 0.16678445
norm(r_4) 0
Newton iteration  0 : ||r|| = 0.166784
   Pass :  1   Iteration :   0  ||B r|| = 168.719 ...
   Pass :  1   Iteration :  16  ||B r|| = 8.8943e-05
norm(r_0) 0
norm(r_1) 0
norm(r_2) 0
norm(r_3) 6.1643323e-06
norm(r_4) 0
Newton iteration  1 : ||r|| = 6.16433e-06, ||r||/||r_0|| = 3.69599e-05
Setting time step: 0.005 in DGTransportTDO
Setting time step: 0.005 in CombinedOp
Setting time step: 0.005 in IonStaticPressureOp
norm(r_0) 0
norm(r_1) 0
norm(r_2) 0
norm(r_3) 0.17594989
norm(r_4) 0
Newton iteration  0 : ||r|| = 0.17595
   Pass :  1   Iteration :   0  ||B r|| = 177.991 ...
   Pass :  1   Iteration :  16  ||B r|| = 9.38317e-05
norm(r_0) 0
norm(r_1) 0
norm(r_2) 0
norm(r_3) 6.5031581e-06
norm(r_4) 0
Newton iteration  1 : ||r|| = 6.50316e-06, ||r||/||r_0|| = 3.69603e-05
Setting time step: 0.005 in DGTransportTDO
Setting time step: 0.005 in CombinedOp
Setting time step: 0.005 in IonStaticPressureOp
norm(r_0) 0
norm(r_1) 0
norm(r_2) 0
norm(r_3) 0.17833667
norm(r_4) 0
Newton iteration  0 : ||r|| = 0.178337
   Pass :  1   Iteration :   0  ||B r|| = 180.406 ...
   Pass :  1   Iteration :  16  ||B r|| = 9.5105e-05
norm(r_0) 0
norm(r_1) 0
norm(r_2) 0
norm(r_3) 6.5914083e-06
norm(r_4) 0
Newton iteration  1 : ||r|| = 6.59141e-06, ||r||/||r_0|| = 3.69605e-05
Setting time step: 0.005 in DGTransportTDO
Setting time step: 0.005 in CombinedOp
Setting time step: 0.005 in IonStaticPressureOp
norm(r_0) 0
norm(r_1) 0
norm(r_2) 0
norm(r_3) 0.15586986
norm(r_4) 0
Newton iteration  0 : ||r|| = 0.15587
   Pass :  1   Iteration :   0  ||B r|| = 157.678 ...
   Pass :  1   Iteration :  16  ||B r|| = 8.31259e-05
norm(r_0) 0
norm(r_1) 0
norm(r_2) 0
norm(r_3) 5.7611968e-06
norm(r_4) 0
Newton iteration  1 : ||r|| = 5.7612e-06, ||r||/||r_0|| = 3.69616e-05
Setting time step: 0.01 in DGTransportTDO
Setting time step: 0.01 in CombinedOp
Setting time step: 0.01 in IonStaticPressureOp
norm(r_0) 0
norm(r_1) 0
norm(r_2) 0
norm(r_3) 0.14624724
norm(r_4) 0
Newton iteration  0 : ||r|| = 0.146247
   Pass :  1   Iteration :   0  ||B r|| = 123.908 ...
   Pass :  1   Iteration :  17  ||B r|| = 6.87245e-05
norm(r_0) 0
norm(r_1) 0
norm(r_2) 0
norm(r_3) 8.8550775e-06
norm(r_4) 0
Newton iteration  1 : ||r|| = 8.85508e-06, ||r||/||r_0|| = 6.05487e-05
Setting time step: 0.01 in DGTransportTDO
Setting time step: 0.01 in CombinedOp
Setting time step: 0.01 in IonStaticPressureOp
norm(r_0) 0
norm(r_1) 0
norm(r_2) 0
norm(r_3) 0.11223248
norm(r_4) 0
Newton iteration  0 : ||r|| = 0.112232
   Pass :  1   Iteration :   0  ||B r|| = 95.0894 ...
   Pass :  1   Iteration :  17  ||B r|| = 5.27389e-05
norm(r_0) 0
norm(r_1) 0
norm(r_2) 0
norm(r_3) 6.7953365e-06
norm(r_4) 0
Newton iteration  1 : ||r|| = 6.79534e-06, ||r||/||r_0|| = 6.0547e-05
Setting time step: 0.01 in DGTransportTDO
Setting time step: 0.01 in CombinedOp
Setting time step: 0.01 in IonStaticPressureOp
norm(r_0) 0
norm(r_1) 0
norm(r_2) 0
norm(r_3) 0.12520546
norm(r_4) 0
Newton iteration  0 : ||r|| = 0.125205
   Pass :  1   Iteration :   0  ||B r|| = 106.081 ...
   Pass :  1   Iteration :  17  ||B r|| = 5.88355e-05
norm(r_0) 0
norm(r_1) 0
norm(r_2) 0
norm(r_3) 7.5808791e-06
norm(r_4) 0
Newton iteration  1 : ||r|| = 7.58088e-06, ||r||/||r_0|| = 6.05475e-05
Setting time step: 0.01 in DGTransportTDO
Setting time step: 0.01 in CombinedOp
Setting time step: 0.01 in IonStaticPressureOp
norm(r_0) 0
norm(r_1) 0
norm(r_2) 0
norm(r_3) 0.12871279
norm(r_4) 0
Newton iteration  0 : ||r|| = 0.128713
   Pass :  1   Iteration :   0  ||B r|| = 109.052 ...
   Pass :  1   Iteration :  17  ||B r|| = 6.04838e-05
norm(r_0) 0
norm(r_1) 0
norm(r_2) 0
norm(r_3) 7.7932704e-06
norm(r_4) 0
Newton iteration  1 : ||r|| = 7.79327e-06, ||r||/||r_0|| = 6.05478e-05
Setting time step: 0.01 in DGTransportTDO
Setting time step: 0.01 in CombinedOp
Setting time step: 0.01 in IonStaticPressureOp
norm(r_0) 0
norm(r_1) 0
norm(r_2) 0
norm(r_3) 0.097766655
norm(r_4) 0
Newton iteration  0 : ||r|| = 0.0977667
   Pass :  1   Iteration :   0  ||B r|| = 82.833 ...
   Pass :  1   Iteration :  17  ||B r|| = 4.59431e-05
norm(r_0) 0
norm(r_1) 0
norm(r_2) 0
norm(r_3) 5.9197437e-06
norm(r_4) 0
Newton iteration  1 : ||r|| = 5.91974e-06, ||r||/||r_0|| = 6.05497e-05
Setting time step: 0.02 in DGTransportTDO
Setting time step: 0.02 in CombinedOp
Setting time step: 0.02 in IonStaticPressureOp
norm(r_0) 0
norm(r_1) 0
norm(r_2) 0
norm(r_3) 0.086397061
norm(r_4) 0
Newton iteration  0 : ||r|| = 0.0863971
   Pass :  1   Iteration :   0  ||B r|| = 54.5764 ...
   Pass :  1   Iteration :  18  ||B r|| = 3.07955e-05
norm(r_0) 0
norm(r_1) 0
norm(r_2) 0
norm(r_3) 6.9000054e-06
norm(r_4) 0
Newton iteration  1 : ||r|| = 6.90001e-06, ||r||/||r_0|| = 7.98639e-05
Setting time step: 0.02 in DGTransportTDO
Setting time step: 0.02 in CombinedOp
Setting time step: 0.02 in IonStaticPressureOp
norm(r_0) 0
norm(r_1) 0
norm(r_2) 0
norm(r_3) 0.050394809
norm(r_4) 0
Newton iteration  0 : ||r|| = 0.0503948
   Pass :  1   Iteration :   0  ||B r|| = 31.834 ...
   Pass :  1   Iteration :  18  ||B r|| = 1.79625e-05
norm(r_0) 0
norm(r_1) 0
norm(r_2) 0
norm(r_3) 4.024642e-06
norm(r_4) 0
Newton iteration  1 : ||r|| = 4.02464e-06, ||r||/||r_0|| = 7.98622e-05
Setting time step: 0.02 in DGTransportTDO
Setting time step: 0.02 in CombinedOp
Setting time step: 0.02 in IonStaticPressureOp
norm(r_0) 0
norm(r_1) 0
norm(r_2) 0
norm(r_3) 0.063595513
norm(r_4) 0
Newton iteration  0 : ||r|| = 0.0635955
   Pass :  1   Iteration :   0  ||B r|| = 40.1728 ...
   Pass :  1   Iteration :  18  ||B r|| = 2.26679e-05
norm(r_0) 0
norm(r_1) 0
norm(r_2) 0
norm(r_3) 5.0789198e-06
norm(r_4) 0
Newton iteration  1 : ||r|| = 5.07892e-06, ||r||/||r_0|| = 7.98629e-05
Setting time step: 0.02 in DGTransportTDO
Setting time step: 0.02 in CombinedOp
Setting time step: 0.02 in IonStaticPressureOp
norm(r_0) 0
norm(r_1) 0
norm(r_2) 0
norm(r_3) 0.067408644
norm(r_4) 0
Newton iteration  0 : ||r|| = 0.0674086
   Pass :  1   Iteration :   0  ||B r|| = 42.5815 ...
   Pass :  1   Iteration :  18  ||B r|| = 2.40271e-05
norm(r_0) 0
norm(r_1) 0
norm(r_2) 0
norm(r_3) 5.3834636e-06
norm(r_4) 0
Newton iteration  1 : ||r|| = 5.38346e-06, ||r||/||r_0|| = 7.98631e-05
Setting time step: 0.02 in DGTransportTDO
Setting time step: 0.02 in CombinedOp
Setting time step: 0.02 in IonStaticPressureOp
norm(r_0) 0
norm(r_1) 0
norm(r_2) 0
norm(r_3) 0.038130564
norm(r_4) 0
Newton iteration  0 : ||r|| = 0.0381306
   Pass :  1   Iteration :   0  ||B r|| = 24.0868 ...
   Pass :  1   Iteration :  18  ||B r|| = 1.35916e-05
norm(r_0) 0
norm(r_1) 0
norm(r_2) 0
norm(r_3) 3.0453298e-06
norm(r_4) 0
Newton iteration  1 : ||r|| = 3.04533e-06, ||r||/||r_0|| = 7.98658e-05
Time stepping paused at t = 0.15

Estimating errors.
No refinements necessary.
No derefinements needed.

AMR iteration 1
Number of unknowns: 2304
Setting time step: 0.01971289 in DGTransportTDO
Setting time step: 0.01971289 in CombinedOp
Setting time step: 0.01971289 in IonStaticPressureOp
norm(r_0) 0
norm(r_1) 0
norm(r_2) 0
norm(r_3) 0.030185891
norm(r_4) 0
Newton iteration  0 : ||r|| = 0.0301859
   Pass :  1   Iteration :   0  ||B r|| = 19.2017 ...
   Pass :  1   Iteration :  18  ||B r|| = 1.0707e-05
norm(r_0) 0
norm(r_1) 0
norm(r_2) 0
norm(r_3) 2.3675902e-06
norm(r_4) 0
Newton iteration  1 : ||r|| = 2.36759e-06, ||r||/||r_0|| = 7.84337e-05
Setting time step: 0.01971289 in DGTransportTDO
Setting time step: 0.01971289 in CombinedOp
Setting time step: 0.01971289 in IonStaticPressureOp
norm(r_0) 0
norm(r_1) 0
norm(r_2) 0
norm(r_3) 0.017750612
norm(r_4) 0
Newton iteration  0 : ||r|| = 0.0177506
   Pass :  1   Iteration :   0  ||B r|| = 11.2914 ...
   Pass :  1   Iteration :  18  ||B r|| = 6.29615e-06
norm(r_0) 0
norm(r_1) 0
norm(r_2) 0
norm(r_3) 1.3922384e-06
norm(r_4) 0
Newton iteration  1 : ||r|| = 1.39224e-06, ||r||/||r_0|| = 7.84333e-05
Setting time step: 0.01971289 in DGTransportTDO
Setting time step: 0.01971289 in CombinedOp
Setting time step: 0.01971289 in IonStaticPressureOp
norm(r_0) 0
norm(r_1) 0
norm(r_2) 0
norm(r_3) 0.0223149
norm(r_4) 0
Newton iteration  0 : ||r|| = 0.0223149
   Pass :  1   Iteration :   0  ||B r|| = 14.1948 ...
   Pass :  1   Iteration :  18  ||B r|| = 7.91512e-06
norm(r_0) 0
norm(r_1) 0
norm(r_2) 0
norm(r_3) 1.7502339e-06
norm(r_4) 0
Newton iteration  1 : ||r|| = 1.75023e-06, ||r||/||r_0|| = 7.84334e-05
Setting time step: 0.01971289 in DGTransportTDO
Setting time step: 0.01971289 in CombinedOp
Setting time step: 0.01971289 in IonStaticPressureOp
norm(r_0) 0
norm(r_1) 0
norm(r_2) 0
norm(r_3) 0.02363102
norm(r_4) 0
Newton iteration  0 : ||r|| = 0.023631
   Pass :  1   Iteration :   0  ||B r|| = 15.032 ...
   Pass :  1   Iteration :  18  ||B r|| = 8.38196e-06
norm(r_0) 0
norm(r_1) 0
norm(r_2) 0
norm(r_3) 1.853463e-06
norm(r_4) 0
Newton iteration  1 : ||r|| = 1.85346e-06, ||r||/||r_0|| = 7.84335e-05
Setting time step: 0.01971289 in DGTransportTDO
Setting time step: 0.01971289 in CombinedOp
Setting time step: 0.01971289 in IonStaticPressureOp
norm(r_0) 0
norm(r_1) 0
norm(r_2) 0
norm(r_3) 0.013483531
norm(r_4) 0
Newton iteration  0 : ||r|| = 0.0134835
   Pass :  1   Iteration :   0  ||B r|| = 8.57706 ...
   Pass :  1   Iteration :  18  ||B r|| = 4.78265e-06
norm(r_0) 0
norm(r_1) 0
norm(r_2) 0
norm(r_3) 1.0575688e-06
norm(r_4) 0
Newton iteration  1 : ||r|| = 1.05757e-06, ||r||/||r_0|| = 7.84341e-05
Setting time step: 0.038633362 in DGTransportTDO
Setting time step: 0.038633362 in CombinedOp
Setting time step: 0.038633362 in IonStaticPressureOp
norm(r_0) 0
norm(r_1) 0
norm(r_2) 0
norm(r_3) 0.010706217
norm(r_4) 0
Newton iteration  0 : ||r|| = 0.0107062
   Pass :  1   Iteration :   0  ||B r|| = 4.65514 ...
   Pass :  1   Iteration :  18  ||B r|| = 4.23512e-06
norm(r_0) 0
norm(r_1) 0
norm(r_2) 0
norm(r_3) 1.7479997e-06
norm(r_4) 0
Newton iteration  1 : ||r|| = 1.748e-06, ||r||/||r_0|| = 0.00016327
Setting time step: 0.038633362 in DGTransportTDO
Setting time step: 0.038633362 in CombinedOp
Setting time step: 0.038633362 in IonStaticPressureOp
norm(r_0) 0
norm(r_1) 0
norm(r_2) 0
norm(r_3) 0.0034892776
norm(r_4) 0
Newton iteration  0 : ||r|| = 0.00348928
   Pass :  1   Iteration :   0  ||B r|| = 1.51717 ...
   Pass :  1   Iteration :  18  ||B r|| = 1.38023e-06
norm(r_0) 0
norm(r_1) 0
norm(r_2) 0
norm(r_3) 5.6967e-07
norm(r_4) 0
Newton iteration  1 : ||r|| = 5.6967e-07, ||r||/||r_0|| = 0.000163263
Setting time step: 0.038633362 in DGTransportTDO
Setting time step: 0.038633362 in CombinedOp
Setting time step: 0.038633362 in IonStaticPressureOp
norm(r_0) 0
norm(r_1) 0
norm(r_2) 0
norm(r_3) 0.0059868629
norm(r_4) 0
Newton iteration  0 : ||r|| = 0.00598686
   Pass :  1   Iteration :   0  ||B r|| = 2.60314 ...
   Pass :  1   Iteration :  18  ||B r|| = 2.36822e-06
norm(r_0) 0
norm(r_1) 0
norm(r_2) 0
norm(r_3) 9.7745424e-07
norm(r_4) 0
Newton iteration  1 : ||r|| = 9.77454e-07, ||r||/||r_0|| = 0.000163267
Setting time step: 0.038633362 in DGTransportTDO
Setting time step: 0.038633362 in CombinedOp
Setting time step: 0.038633362 in IonStaticPressureOp
norm(r_0) 0
norm(r_1) 0
norm(r_2) 0
norm(r_3) 0.0067831203
norm(r_4) 0
Newton iteration  0 : ||r|| = 0.00678312
   Pass :  1   Iteration :   0  ||B r|| = 2.94936 ...
   Pass :  1   Iteration :  18  ||B r|| = 2.68321e-06
norm(r_0) 0
norm(r_1) 0
norm(r_2) 0
norm(r_3) 1.1074624e-06
norm(r_4) 0
Newton iteration  1 : ||r|| = 1.10746e-06, ||r||/||r_0|| = 0.000163267
Setting time step: 0.038633362 in DGTransportTDO
Setting time step: 0.038633362 in CombinedOp
Setting time step: 0.038633362 in IonStaticPressureOp
norm(r_0) 0
norm(r_1) 0
norm(r_2) 0
norm(r_3) 0.0021916921
norm(r_4) 0
Newton iteration  0 : ||r|| = 0.00219169
   Pass :  1   Iteration :   0  ||B r|| = 0.952957 ...
   Pass :  1   Iteration :  18  ||B r|| = 8.67048e-07
norm(r_0) 0
norm(r_1) 0
norm(r_2) 0
norm(r_3) 3.5786768e-07
norm(r_4) 0
Newton iteration  1 : ||r|| = 3.57868e-07, ||r||/||r_0|| = 0.000163284
Setting time step: 0.042512383 in DGTransportTDO
Setting time step: 0.042512383 in CombinedOp
Setting time step: 0.042512383 in IonStaticPressureOp
norm(r_0) 0
norm(r_1) 0
norm(r_2) 0
norm(r_3) 0.0014529783
norm(r_4) 0
Newton iteration  0 : ||r|| = 0.00145298
   Pass :  1   Iteration :   0  ||B r|| = 0.593047 ...
   Pass :  1   Iteration :  18  ||B r|| = 5.72298e-07
norm(r_0) 0
norm(r_1) 0
norm(r_2) 0
norm(r_3) 2.5874094e-07
norm(r_4) 0
Newton iteration  1 : ||r|| = 2.58741e-07, ||r||/||r_0|| = 0.000178076
Setting time step: 0.042512383 in DGTransportTDO
Setting time step: 0.042512383 in CombinedOp
Setting time step: 0.042512383 in IonStaticPressureOp
norm(r_0) 0
norm(r_1) 0
norm(r_2) 0
norm(r_3) 0.0004104818
norm(r_4) 0
Newton iteration  0 : ||r|| = 0.000410482
   Pass :  1   Iteration :   0  ||B r|| = 0.167542 ...
   Pass :  1   Iteration :  16  ||B r|| = 6.11499e-07
norm(r_0) 0
norm(r_1) 0
norm(r_2) 0
norm(r_3) 3.0793292e-07
norm(r_4) 0
Newton iteration  1 : ||r|| = 3.07933e-07, ||r||/||r_0|| = 0.000750174
Setting time step: 0.042512383 in DGTransportTDO
Setting time step: 0.042512383 in CombinedOp
Setting time step: 0.042512383 in IonStaticPressureOp
norm(r_0) 0
norm(r_1) 0
norm(r_2) 0
norm(r_3) 0.00076764166
norm(r_4) 0
Newton iteration  0 : ||r|| = 0.000767642
   Pass :  1   Iteration :   0  ||B r|| = 0.313321 ...
   Pass :  1   Iteration :  17  ||B r|| = 5.72772e-07
norm(r_0) 0
norm(r_1) 0
norm(r_2) 0
norm(r_3) 3.0075273e-07
norm(r_4) 0
Newton iteration  1 : ||r|| = 3.00753e-07, ||r||/||r_0|| = 0.000391788
Setting time step: 0.042512383 in DGTransportTDO
Setting time step: 0.042512383 in CombinedOp
Setting time step: 0.042512383 in IonStaticPressureOp
norm(r_0) 0
norm(r_1) 0
norm(r_2) 0
norm(r_3) 0.00088349869
norm(r_4) 0
Newton iteration  0 : ||r|| = 0.000883499
   Pass :  1   Iteration :   0  ||B r|| = 0.360609 ...
   Pass :  1   Iteration :  17  ||B r|| = 6.5922e-07
norm(r_0) 0
norm(r_1) 0
norm(r_2) 0
norm(r_3) 3.4614492e-07
norm(r_4) 0
Newton iteration  1 : ||r|| = 3.46145e-07, ||r||/||r_0|| = 0.000391789
Setting time step: 0.042512383 in DGTransportTDO
Setting time step: 0.042512383 in CombinedOp
Setting time step: 0.042512383 in IonStaticPressureOp
norm(r_0) 0
norm(r_1) 0
norm(r_2) 0
norm(r_3) 0.00025682144
norm(r_4) 0
Newton iteration  0 : ||r|| = 0.000256821
   Pass :  1   Iteration :   0  ||B r|| = 0.104825 ...
   Pass :  1   Iteration :  15  ||B r|| = 6.95345e-07
norm(r_0) 0
norm(r_1) 0
norm(r_2) 0
norm(r_3) 3.2531187e-07
norm(r_4) 0
Newton iteration  1 : ||r|| = 3.25312e-07, ||r||/||r_0|| = 0.00126669
Setting time step: 0.085024765 in DGTransportTDO
Setting time step: 0.085024765 in CombinedOp
Setting time step: 0.085024765 in IonStaticPressureOp
norm(r_0) 0
norm(r_1) 0
norm(r_2) 0
norm(r_3) 0.00016469008
norm(r_4) 0
Newton iteration  0 : ||r|| = 0.00016469
   Pass :  1   Iteration :   0  ||B r|| = 0.0401345 ...
   Pass :  1   Iteration :  14  ||B r|| = 7.29791e-07
norm(r_0) 0
norm(r_1) 0
norm(r_2) 0
norm(r_3) 6.7435442e-07
norm(r_4) 0
Newton iteration  1 : ||r|| = 6.74354e-07, ||r||/||r_0|| = 0.00409469
Setting time step: 0.085024765 in DGTransportTDO
Setting time step: 0.085024765 in CombinedOp
Setting time step: 0.085024765 in IonStaticPressureOp
norm(r_0) 0
norm(r_1) 0
norm(r_2) 0
norm(r_3) 9.3414033e-06
norm(r_4) 0
Newton iteration  0 : ||r|| = 9.3414e-06
   Pass :  1   Iteration :   0  ||B r|| = 0.00225194 ...
   Pass :  1   Iteration :   9  ||B r|| = 8.10394e-07
norm(r_0) 0
norm(r_1) 0
norm(r_2) 0
norm(r_3) 7.3452372e-07
norm(r_4) 0
Newton iteration  1 : ||r|| = 7.34524e-07, ||r||/||r_0|| = 0.078631
Setting time step: 0.085024765 in DGTransportTDO
Setting time step: 0.085024765 in CombinedOp
Setting time step: 0.085024765 in IonStaticPressureOp
norm(r_0) 0
norm(r_1) 0
norm(r_2) 0
norm(r_3) 4.5654465e-05
norm(r_4) 0
Newton iteration  0 : ||r|| = 4.56545e-05
   Pass :  1   Iteration :   0  ||B r|| = 0.0111215 ...
   Pass :  1   Iteration :  12  ||B r|| = 5.82163e-07
norm(r_0) 0
norm(r_1) 0
norm(r_2) 0
norm(r_3) 5.4381292e-07
norm(r_4) 0
Newton iteration  1 : ||r|| = 5.43813e-07, ||r||/||r_0|| = 0.0119115
Setting time step: 0.085024765 in DGTransportTDO
Setting time step: 0.085024765 in CombinedOp
Setting time step: 0.085024765 in IonStaticPressureOp
norm(r_0) 0
norm(r_1) 0
norm(r_2) 0
norm(r_3) 6.6163617e-05
norm(r_4) 0
Newton iteration  0 : ||r|| = 6.61636e-05
   Pass :  1   Iteration :   0  ||B r|| = 0.0161217 ...
   Pass :  1   Iteration :  12  ||B r|| = 8.43342e-07
norm(r_0) 0
norm(r_1) 0
norm(r_2) 0
norm(r_3) 7.8781507e-07
norm(r_4) 0
Newton iteration  1 : ||r|| = 7.87815e-07, ||r||/||r_0|| = 0.0119071
Setting time step: 0.085024765 in DGTransportTDO
Setting time step: 0.085024765 in CombinedOp
Setting time step: 0.085024765 in IonStaticPressureOp
norm(r_0) 0
norm(r_1) 0
norm(r_2) 0
norm(r_3) 1.9929731e-05
norm(r_4) 0
Newton iteration  0 : ||r|| = 1.99297e-05
   Pass :  1   Iteration :   0  ||B r|| = 0.00465794 ...
   Pass :  1   Iteration :  10  ||B r|| = 8.37203e-07
norm(r_0) 0
norm(r_1) 0
norm(r_2) 0
norm(r_3) 7.7870889e-07
norm(r_4) 0
Newton iteration  1 : ||r|| = 7.78709e-07, ||r||/||r_0|| = 0.0390727
Time stepping paused at t = 0.8935336

Estimating errors.
No refinements necessary.
No derefinements needed.

AMR iteration 2
Number of unknowns: 2304
Setting time step: 0.17004953 in DGTransportTDO
Setting time step: 0.17004953 in CombinedOp
Setting time step: 0.17004953 in IonStaticPressureOp
norm(r_0) 0
norm(r_1) 0
norm(r_2) 0
norm(r_3) 9.0447325e-06
norm(r_4) 0
Newton iteration  0 : ||r|| = 9.04473e-06
   Pass :  1   Iteration :   0  ||B r|| = 0.00121417 ...
   Pass :  1   Iteration :   9  ||B r|| = 5.5296e-07
norm(r_0) 0
norm(r_1) 0
norm(r_2) 0
norm(r_3) 9.9911815e-07
norm(r_4) 0
Newton iteration  1 : ||r|| = 9.99118e-07, ||r||/||r_0|| = 0.110464
Setting time step: 0.17004953 in DGTransportTDO
Setting time step: 0.17004953 in CombinedOp
Setting time step: 0.17004953 in IonStaticPressureOp
norm(r_0) 0
norm(r_1) 0
norm(r_2) 0
norm(r_3) 4.1278978e-06
norm(r_4) 0
Newton iteration  0 : ||r|| = 4.1279e-06
   Pass :  1   Iteration :   0  ||B r|| = 0.000463946 ...
   Pass :  1   Iteration :   7  ||B r|| = 7.47675e-07
norm(r_0) 0
norm(r_1) 0
norm(r_2) 0
norm(r_3) 1.3570272e-06
norm(r_4) 0
Newton iteration  1 : ||r|| = 1.35703e-06, ||r||/||r_0|| = 0.328745
Setting time step: 0.17004953 in DGTransportTDO
Setting time step: 0.17004953 in CombinedOp
Setting time step: 0.17004953 in IonStaticPressureOp
norm(r_0) 0
norm(r_1) 0
norm(r_2) 0
norm(r_3) 1.8835455e-06
norm(r_4) 0
Newton iteration  0 : ||r|| = 1.88355e-06
   Pass :  1   Iteration :   0  ||B r|| = 2.18211e-05 ...
   Pass :  1   Iteration :   2  ||B r|| = 9.9074e-07
norm(r_0) 0
norm(r_1) 0
norm(r_2) 0
norm(r_3) 1.8666395e-06
norm(r_4) 0
Newton iteration  1 : ||r|| = 1.86664e-06, ||r||/||r_0|| = 0.991024
Setting time step: 0.17004953 in DGTransportTDO
Setting time step: 0.17004953 in CombinedOp
Setting time step: 0.17004953 in IonStaticPressureOp
norm(r_0) 0
norm(r_1) 0
norm(r_2) 0
norm(r_3) 2.3321843e-06
norm(r_4) 0
Newton iteration  0 : ||r|| = 2.33218e-06
   Pass :  1   Iteration :   0  ||B r|| = 0.000232339 ...
   Pass :  1   Iteration :   6  ||B r|| = 6.64813e-07
norm(r_0) 0
norm(r_1) 0
norm(r_2) 0
norm(r_3) 1.0598358e-06
norm(r_4) 0
Newton iteration  1 : ||r|| = 1.05984e-06, ||r||/||r_0|| = 0.454439
Setting time step: 0.17004953 in DGTransportTDO
Setting time step: 0.17004953 in CombinedOp
Setting time step: 0.17004953 in IonStaticPressureOp
norm(r_0) 0
norm(r_1) 0
norm(r_2) 0
norm(r_3) 7.4757365e-05
norm(r_4) 0
Newton iteration  0 : ||r|| = 7.47574e-05
   Pass :  1   Iteration :   0  ||B r|| = 0.000474226 ...
   Pass :  1   Iteration :   7  ||B r|| = 7.70089e-07
norm(r_0) 0
norm(r_1) 0
norm(r_2) 0
norm(r_3) 1.1762661e-06
norm(r_4) 0
Newton iteration  1 : ||r|| = 1.17627e-06, ||r||/||r_0|| = 0.0157345
Setting time step: 0.34009906 in DGTransportTDO
Setting time step: 0.34009906 in CombinedOp
Setting time step: 0.34009906 in IonStaticPressureOp
norm(r_0) 0
norm(r_1) 0
norm(r_2) 0
norm(r_3) 1.6888324e-06
norm(r_4) 0
Newton iteration  0 : ||r|| = 1.68883e-06
   Pass :  1   Iteration :   0  ||B r|| = 8.46858e-05 ...
   Pass :  1   Iteration :   5  ||B r|| = 5.63762e-07
norm(r_0) 0
norm(r_1) 0
norm(r_2) 0
norm(r_3) 1.7135641e-06
norm(r_4) 0
Newton iteration  1 : ||r|| = 1.71356e-06, ||r||/||r_0|| = 1.01464
Setting time step: 0.34009906 in DGTransportTDO
Setting time step: 0.34009906 in CombinedOp
Setting time step: 0.34009906 in IonStaticPressureOp
norm(r_0) 0
norm(r_1) 0
norm(r_2) 0
norm(r_3) 3.7421254e-06
norm(r_4) 0
Newton iteration  0 : ||r|| = 3.74213e-06
   Pass :  1   Iteration :   0  ||B r|| = 5.33564e-05 ...
   Pass :  1   Iteration :   4  ||B r|| = 6.09957e-07
norm(r_0) 0
norm(r_1) 0
norm(r_2) 0
norm(r_3) 1.6660888e-06
norm(r_4) 0
Newton iteration  1 : ||r|| = 1.66609e-06, ||r||/||r_0|| = 0.445225
Setting time step: 0.34009906 in DGTransportTDO
Setting time step: 0.34009906 in CombinedOp
Setting time step: 0.34009906 in IonStaticPressureOp
norm(r_0) 0
norm(r_1) 0
norm(r_2) 0
norm(r_3) 2.8956599e-06
norm(r_4) 0
Newton iteration  0 : ||r|| = 2.89566e-06
   Pass :  1   Iteration :   0  ||B r|| = 1.61476e-05 ...
   Pass :  1   Iteration :   2  ||B r|| = 7.51779e-07
norm(r_0) 0
norm(r_1) 0
norm(r_2) 0
norm(r_3) 3.0034439e-06
norm(r_4) 0
Newton iteration  1 : ||r|| = 3.00344e-06, ||r||/||r_0|| = 1.03722
Setting time step: 0.34009906 in DGTransportTDO
Setting time step: 0.34009906 in CombinedOp
Setting time step: 0.34009906 in IonStaticPressureOp
norm(r_0) 0
norm(r_1) 0
norm(r_2) 0
norm(r_3) 2.350222e-06
norm(r_4) 0
Newton iteration  0 : ||r|| = 2.35022e-06
   Pass :  1   Iteration :   0  ||B r|| = 2.23568e-06 ...
   Pass :  1   Iteration :   1  ||B r|| = 5.52107e-07
norm(r_0) 0
norm(r_1) 0
norm(r_2) 0
norm(r_3) 1.3471964e-06
norm(r_4) 0
Newton iteration  1 : ||r|| = 1.3472e-06, ||r||/||r_0|| = 0.573221
Setting time step: 0.34009906 in DGTransportTDO
Setting time step: 0.34009906 in CombinedOp
Setting time step: 0.34009906 in IonStaticPressureOp
norm(r_0) 0
norm(r_1) 0
norm(r_2) 0
norm(r_3) 0.00012063542
norm(r_4) 0
Newton iteration  0 : ||r|| = 0.000120635
   Pass :  1   Iteration :   0  ||B r|| = 9.17794e-05 ...
   Pass :  1   Iteration :   6  ||B r|| = 7.3526e-07
norm(r_0) 0
norm(r_1) 0
norm(r_2) 0
norm(r_3) 2.6757078e-06
norm(r_4) 0
Newton iteration  1 : ||r|| = 2.67571e-06, ||r||/||r_0|| = 0.0221801
Setting time step: 0.68019812 in DGTransportTDO
Setting time step: 0.68019812 in CombinedOp
Setting time step: 0.68019812 in IonStaticPressureOp
norm(r_0) 0
norm(r_1) 0
norm(r_2) 0
norm(r_3) 2.6802768e-06
norm(r_4) 0
Newton iteration  0 : ||r|| = 2.68028e-06
   Pass :  1   Iteration :   0  ||B r|| = 3.69941e-06 ...
   Pass :  1   Iteration :   1  ||B r|| = 3.53371e-07
norm(r_0) 0
norm(r_1) 0
norm(r_2) 0
norm(r_3) 1.8528608e-06
norm(r_4) 0
Newton iteration  1 : ||r|| = 1.85286e-06, ||r||/||r_0|| = 0.691295
Setting time step: 0.68019812 in DGTransportTDO
Setting time step: 0.68019812 in CombinedOp
Setting time step: 0.68019812 in IonStaticPressureOp
norm(r_0) 0
norm(r_1) 0
norm(r_2) 0
norm(r_3) 4.8225263e-06
norm(r_4) 0
Newton iteration  0 : ||r|| = 4.82253e-06
   Pass :  1   Iteration :   0  ||B r|| = 3.39243e-06 ...
   Pass :  1   Iteration :   1  ||B r|| = 1.46902e-07
norm(r_0) 0
norm(r_1) 0
norm(r_2) 0
norm(r_3) 6.9241999e-07
norm(r_4) 0
Newton iteration  1 : ||r|| = 6.9242e-07, ||r||/||r_0|| = 0.14358
Setting time step: 0.68019812 in DGTransportTDO
Setting time step: 0.68019812 in CombinedOp
Setting time step: 0.68019812 in IonStaticPressureOp
norm(r_0) 0
norm(r_1) 0
norm(r_2) 0
norm(r_3) 3.5836673e-06
norm(r_4) 0
Newton iteration  0 : ||r|| = 3.58367e-06
   Pass :  1   Iteration :   0  ||B r|| = 1.69192e-06 ...
   Pass :  1   Iteration :   1  ||B r|| = 2.40192e-07
norm(r_0) 0
norm(r_1) 0
norm(r_2) 0
norm(r_3) 9.3942453e-07
norm(r_4) 0
Newton iteration  1 : ||r|| = 9.39425e-07, ||r||/||r_0|| = 0.262141
Setting time step: 0.68019812 in DGTransportTDO
Setting time step: 0.68019812 in CombinedOp
Setting time step: 0.68019812 in IonStaticPressureOp
norm(r_0) 0
norm(r_1) 0
norm(r_2) 0
norm(r_3) 2.6820359e-06
norm(r_4) 0
Newton iteration  0 : ||r|| = 2.68204e-06
   Pass :  1   Iteration :   0  ||B r|| = 7.64621e-07
norm(r_0) 0
norm(r_1) 0
norm(r_2) 0
norm(r_3) 2.6820359e-06
norm(r_4) 0
Newton iteration  1 : ||r|| = 2.68204e-06, ||r||/||r_0|| = 1
Setting time step: 0.68019812 in DGTransportTDO
Setting time step: 0.68019812 in CombinedOp
Setting time step: 0.68019812 in IonStaticPressureOp
norm(r_0) 0
norm(r_1) 0
norm(r_2) 0
norm(r_3) 6.0460876e-05
norm(r_4) 0
Newton iteration  0 : ||r|| = 6.04609e-05
   Pass :  1   Iteration :   0  ||B r|| = 2.68233e-05 ...
   Pass :  1   Iteration :   2  ||B r|| = 7.69714e-07
norm(r_0) 0
norm(r_1) 0
norm(r_2) 0
norm(r_3) 1.0646269e-05
norm(r_4) 0
Newton iteration  1 : ||r|| = 1.06463e-05, ||r||/||r_0|| = 0.176085
Setting time step: 1.3603962 in DGTransportTDO
Setting time step: 1.3603962 in CombinedOp
Setting time step: 1.3603962 in IonStaticPressureOp
norm(r_0) 0
norm(r_1) 0
norm(r_2) 0
norm(r_3) 1.064805e-05
norm(r_4) 0
Newton iteration  0 : ||r|| = 1.06481e-05
   Pass :  1   Iteration :   0  ||B r|| = 4.16343e-07
norm(r_0) 0
norm(r_1) 0
norm(r_2) 0
norm(r_3) 1.064805e-05
norm(r_4) 0
Newton iteration  1 : ||r|| = 1.06481e-05, ||r||/||r_0|| = 1
Setting time step: 1.3603962 in DGTransportTDO
Setting time step: 1.3603962 in CombinedOp
Setting time step: 1.3603962 in IonStaticPressureOp
norm(r_0) 0
norm(r_1) 0
norm(r_2) 0
norm(r_3) 1.064805e-05
norm(r_4) 0
Newton iteration  0 : ||r|| = 1.06481e-05
   Pass :  1   Iteration :   0  ||B r|| = 4.16343e-07
norm(r_0) 0
norm(r_1) 0
norm(r_2) 0
norm(r_3) 1.064805e-05
norm(r_4) 0
Newton iteration  1 : ||r|| = 1.06481e-05, ||r||/||r_0|| = 1
Setting time step: 1.3603962 in DGTransportTDO
Setting time step: 1.3603962 in CombinedOp
Setting time step: 1.3603962 in IonStaticPressureOp
norm(r_0) 0
norm(r_1) 0
norm(r_2) 0
norm(r_3) 1.064805e-05
norm(r_4) 0
Newton iteration  0 : ||r|| = 1.06481e-05
   Pass :  1   Iteration :   0  ||B r|| = 4.16343e-07
norm(r_0) 0
norm(r_1) 0
norm(r_2) 0
norm(r_3) 1.064805e-05
norm(r_4) 0
Newton iteration  1 : ||r|| = 1.06481e-05, ||r||/||r_0|| = 1
Setting time step: 1.3603962 in DGTransportTDO
Setting time step: 1.3603962 in CombinedOp
Setting time step: 1.3603962 in IonStaticPressureOp
norm(r_0) 0
norm(r_1) 0
norm(r_2) 0
norm(r_3) 1.064805e-05
norm(r_4) 0
Newton iteration  0 : ||r|| = 1.06481e-05
   Pass :  1   Iteration :   0  ||B r|| = 4.16343e-07
norm(r_0) 0
norm(r_1) 0
norm(r_2) 0
norm(r_3) 1.064805e-05
norm(r_4) 0
Newton iteration  1 : ||r|| = 1.06481e-05, ||r||/||r_0|| = 1
Setting time step: 1.3603962 in DGTransportTDO
Setting time step: 1.3603962 in CombinedOp
Setting time step: 1.3603962 in IonStaticPressureOp
norm(r_0) 0
norm(r_1) 0
norm(r_2) 0
norm(r_3) 1.064805e-05
norm(r_4) 0
Newton iteration  0 : ||r|| = 1.06481e-05
   Pass :  1   Iteration :   0  ||B r|| = 4.16343e-07
norm(r_0) 0
norm(r_1) 0
norm(r_2) 0
norm(r_3) 1.064805e-05
norm(r_4) 0
Newton iteration  1 : ||r|| = 1.06481e-05, ||r||/||r_0|| = 1
Time stepping paused at t = 11.096505
Steady State solution has been reached

Time stepping done after 1.2913402s.
