Options used:
   --mesh ../../mfem/data/inline-quad.mesh
   --bc-file /home/gz6/mfem-analysis/input-files/transport2d_bcs.inp
   --ic-file /home/gz6/mfem-analysis/input-files/transport2d_ics.inp
   --ec-file /home/gz6/mfem-analysis/input-files/transport2d_ecs.inp
   --es-file /home/gz6/mfem-analysis/input-files/transport2d_ess.inp
   --eqdsk-file 
   --logging 1
   --operator-test 8
   --equation-weights '1 1 1 1 1'
   --problem 0
   --refine-serial 0
   --refine-parallel 0
   --disable-amr
   --max-err -1
   --hysteresis 0.25
   --nc-limit 3
   --amr-weights '1 1 1 1 1'
   --order 4
   --dg-sigma -1
   --dg-kappa 300
   --linear-abs-tolerance 1e-06
   --linear-rel-tolerance 1e-06
   --linear-max-iterations 300
   --linear-logging-level 3
   --newton-abs-tolerance 1e-10
   --newton-rel-tolerance 1e-10
   --newton-max-iterations 1
   --newton-logging-level 1
   --steady-state-abs-tolerance 1e-08
   --steady-state-rel-tolerance 1e-08
   --prec-type 1
   --prec-logging-level 0
   --initial-tolerance 1e-05
   --ode-tolerance 0.001
   --ode-solver 2
   --err-per-step
   --ode-weights '1 1 1 1 1'
   --kP 0
   --kI 0.6
   --kD 0
   --dead-zone-min 0.95
   --dead-zone-max 1.05
   --theta-max 2
   --t-minimum 0
   --t-final 200
   --time-step 0.01
   --cfl-number 0.3
   --ion-charge 1
   --ion-mass 2.01410178
   --neutral-mass 2.01410178
   --neutral-temp 3
   --min-neutral-density 900000000000000
   --max-neutral-density 1000000000000000
   --neutral-density-exp 0
   --min-ion-density 1e+16
   --max-ion-density 1e+18
   --ion-density-exp 0
   --min-ion-temp 1
   --max-ion-temp 10
   --ion-temp-exp 0
   --min-electron-temp 10
   --max-electron-temp 440
   --electron-temp-exp 0
   --total-B-magnitude 5
   --poloidal-B-magnitude 0.5
   --velocity 1000
   --Di-perp 1
   --Xi-perp 1
   --Xe-perp 1
   --equation-term-flags '-1 -1 -1 -1 -1'
   --visualization-flags '-1 -1 -1 -1 -1'
   --visualization
   --visit-datafiles
   --ascii-datafiles
   --no-check-gradient
   --visualization-steps 4
Device configuration: cpu
Memory configuration: host-std
Number of elements in initial mesh: 16
Number of elements after serial refinement: 16
15: Number of elements in parallel mesh: 1
15: Number of elements after parallel refinement: 1
14: Number of elements in parallel mesh: 1
14: Number of elements after parallel refinement: 1
13: Number of elements in parallel mesh: 1
13: Number of elements after parallel refinement: 1
9: Number of elements in parallel mesh: 1
9: Number of elements after parallel refinement: 1
7: Number of elements in parallel mesh: 1
7: Number of elements after parallel refinement: 1
8: Number of elements in parallel mesh: 1
8: Number of elements after parallel refinement: 1
10: Number of elements in parallel mesh: 1
10: Number of elements after parallel refinement: 1
11: Number of elements in parallel mesh: 1
11: Number of elements after parallel refinement: 1
12: Number of elements in parallel mesh: 1
12: Number of elements after parallel refinement: 1
0: Number of elements in parallel mesh: 1
0: Number of elements after parallel refinement: 1
1: Number of elements in parallel mesh: 1
1: Number of elements after parallel refinement: 1
2: Number of elements in parallel mesh: 1
2: Number of elements after parallel refinement: 1
3: Number of elements in parallel mesh: 1
3: Number of elements after parallel refinement: 1
4: Number of elements in parallel mesh: 1
4: Number of elements after parallel refinement: 1
5: Number of elements in parallel mesh: 1
5: Number of elements after parallel refinement: 1
6: Number of elements in parallel mesh: 1
6: Number of elements after parallel refinement: 1
Configuring initial conditions
Reading initial conditions from /home/gz6/mfem-analysis/input-files/transport2d_ics.inp
Configuring exact solutions
Reading exact solutions from /home/gz6/mfem-analysis/input-files/transport2d_ess.inp
Number of unknowns per field: 400
Total number of unknowns:     2000
Configuring boundary conditions
Reading boundary conditions from /home/gz6/mfem-analysis/input-files/transport2d_bcs.inp
Configuring equation coefficients
Reading equation coefficients from /home/gz6/mfem-analysis/input-files/transport2d_ecs.inp
Ion Static Pressure: Adding time derivative term proportional to d n_i / dt
Ion Static Pressure: Adding time derivative term proportional to d T_i / dt
Ion Static Pressure: Adding anisotropic diffusion term
Ion Static Pressure: Adding source term
Opening GLVis sockets.
Range of error estimates for initial condition: 1.116422073207598e-15 < elem err < 1.544229859346037e-15

Begin time stepping at t = 0
Setting time step: 0.0025 in DGTransportTDO
Setting time step: 0.0025 in CombinedOp
Setting time step: 0.0025 in IonStaticPressureOp
norm(r_0) 0
norm(r_1) 0
norm(r_2) 0
norm(r_3) 0.5515098385238358
norm(r_4) 0
Newton iteration  0 : ||r|| = 0.55151
   Pass :  1   Iteration :   0  ||B r|| = 11.853 ...
   Pass :  1   Iteration :  50  ||B r|| = 1.18055e-05
norm(r_0) 0
norm(r_1) 0
norm(r_2) 0
norm(r_3) 37.08031174059422
norm(r_4) 0
Newton iteration  1 : ||r|| = 37.0803, ||r||/||r_0|| = 67.2342
Setting time step: 0.0025 in DGTransportTDO
Setting time step: 0.0025 in CombinedOp
Setting time step: 0.0025 in IonStaticPressureOp
norm(r_0) 0
norm(r_1) 0
norm(r_2) 0
norm(r_3) 74.15752792568792
norm(r_4) 0
Newton iteration  0 : ||r|| = 74.1575
   Pass :  1   Iteration :   0  ||B r|| = 9.23733 ...
   Pass :  6   Iteration : 300  ||B r|| = 1.24202e-05
GMRES: No convergence!
norm(r_0) 0
norm(r_1) 0
norm(r_2) 0
norm(r_3) 41.60858753852347
norm(r_4) 0
Newton iteration  1 : ||r|| = 41.6086, ||r||/||r_0|| = 0.561084
Setting time step: 0.0025 in DGTransportTDO
Setting time step: 0.0025 in CombinedOp
Setting time step: 0.0025 in IonStaticPressureOp
norm(r_0) 0
norm(r_1) 0
norm(r_2) 0
norm(r_3) 56.49598475759053
norm(r_4) 0
Newton iteration  0 : ||r|| = 56.496
   Pass :  1   Iteration :   0  ||B r|| = 3.8013 ...
   Pass :  6   Iteration : 300  ||B r|| = 1.20145e-05
GMRES: No convergence!
norm(r_0) 0
norm(r_1) 0
norm(r_2) 0
norm(r_3) 40.8278146727457
norm(r_4) 0
Newton iteration  1 : ||r|| = 40.8278, ||r||/||r_0|| = 0.722668
Setting time step: 0.0025 in DGTransportTDO
Setting time step: 0.0025 in CombinedOp
Setting time step: 0.0025 in IonStaticPressureOp
norm(r_0) 0
norm(r_1) 0
norm(r_2) 0
norm(r_3) 45.61015932448245
norm(r_4) 0
Newton iteration  0 : ||r|| = 45.6102
   Pass :  1   Iteration :   0  ||B r|| = 0.934448 ...
   Pass :  6   Iteration : 300  ||B r|| = 1.1985e-05
GMRES: No convergence!
norm(r_0) 0
norm(r_1) 0
norm(r_2) 0
norm(r_3) 34.66356051427786
norm(r_4) 0
Newton iteration  1 : ||r|| = 34.6636, ||r||/||r_0|| = 0.759996
Setting time step: 0.0025 in DGTransportTDO
Setting time step: 0.0025 in CombinedOp
Setting time step: 0.0025 in IonStaticPressureOp
norm(r_0) 0
norm(r_1) 0
norm(r_2) 0
norm(r_3) 478.3043455823832
norm(r_4) 0
Newton iteration  0 : ||r|| = 478.304
   Pass :  1   Iteration :   0  ||B r|| = 16.358 ...
   Pass :  3   Iteration : 150  ||B r|| = 1.5951e-05
norm(r_0) 0
norm(r_1) 0
norm(r_2) 0
norm(r_3) 39.98515051465674
norm(r_4) 0
Newton iteration  1 : ||r|| = 39.9852, ||r||/||r_0|| = 0.0835977
Setting time step: 0.001202632590363863 in DGTransportTDO
Setting time step: 0.001202632590363863 in CombinedOp
Setting time step: 0.001202632590363863 in IonStaticPressureOp
norm(r_0) 0
norm(r_1) 0
norm(r_2) 0
norm(r_3) 0.5515098385238358
norm(r_4) 0
Newton iteration  0 : ||r|| = 0.55151
   Pass :  1   Iteration :   0  ||B r|| = 22.0021 ...
   Pass :  2   Iteration :  60  ||B r|| = 2.19142e-05
norm(r_0) 0
norm(r_1) 0
norm(r_2) 0
norm(r_3) 33.80763874057502
norm(r_4) 0
Newton iteration  1 : ||r|| = 33.8076, ||r||/||r_0|| = 61.3002
Setting time step: 0.001202632590363863 in DGTransportTDO
Setting time step: 0.001202632590363863 in CombinedOp
Setting time step: 0.001202632590363863 in IonStaticPressureOp
norm(r_0) 0
norm(r_1) 0
norm(r_2) 0
norm(r_3) 67.61152981414864
norm(r_4) 0
Newton iteration  0 : ||r|| = 67.6115
   Pass :  1   Iteration :   0  ||B r|| = 12.9804 ...
   Pass :  6   Iteration : 300  ||B r|| = 2.66624e-05
GMRES: No convergence!
norm(r_0) 0
norm(r_1) 0
norm(r_2) 0
norm(r_3) 37.13992188746469
norm(r_4) 0
Newton iteration  1 : ||r|| = 37.1399, ||r||/||r_0|| = 0.549313
Setting time step: 0.001202632590363863 in DGTransportTDO
Setting time step: 0.001202632590363863 in CombinedOp
Setting time step: 0.001202632590363863 in IonStaticPressureOp
norm(r_0) 0
norm(r_1) 0
norm(r_2) 0
norm(r_3) 51.69377551241659
norm(r_4) 0
Newton iteration  0 : ||r|| = 51.6938
   Pass :  1   Iteration :   0  ||B r|| = 3.43202 ...
   Pass :  6   Iteration : 300  ||B r|| = 2.49275e-05
GMRES: No convergence!
norm(r_0) 0
norm(r_1) 0
norm(r_2) 0
norm(r_3) 38.38842418530492
norm(r_4) 0
Newton iteration  1 : ||r|| = 38.3884, ||r||/||r_0|| = 0.742612
Setting time step: 0.001202632590363863 in DGTransportTDO
Setting time step: 0.001202632590363863 in CombinedOp
Setting time step: 0.001202632590363863 in IonStaticPressureOp
norm(r_0) 0
norm(r_1) 0
norm(r_2) 0
norm(r_3) 42.02586788998594
norm(r_4) 0
Newton iteration  0 : ||r|| = 42.0259
   Pass :  1   Iteration :   0  ||B r|| = 1.14331 ...
   Pass :  6   Iteration : 300  ||B r|| = 2.42806e-05
GMRES: No convergence!
norm(r_0) 0
norm(r_1) 0
norm(r_2) 0
norm(r_3) 40.84580121054682
norm(r_4) 0
Newton iteration  1 : ||r|| = 40.8458, ||r||/||r_0|| = 0.97192
Setting time step: 0.001202632590363863 in DGTransportTDO
Setting time step: 0.001202632590363863 in CombinedOp
Setting time step: 0.001202632590363863 in IonStaticPressureOp
norm(r_0) 0
norm(r_1) 0
norm(r_2) 0
norm(r_3) 576.2371039013509
norm(r_4) 0
Newton iteration  0 : ||r|| = 576.237
   Pass :  1   Iteration :   0  ||B r|| = 17.4683 ...
   Pass :  6   Iteration : 300  ||B r|| = 2.20256e-05
GMRES: No convergence!
norm(r_0) 0
norm(r_1) 0
norm(r_2) 0
norm(r_3) 38.96650044619
norm(r_4) 0
Newton iteration  1 : ||r|| = 38.9665, ||r||/||r_0|| = 0.0676223
Setting time step: 0.0007704648070985154 in DGTransportTDO
Setting time step: 0.0007704648070985154 in CombinedOp
Setting time step: 0.0007704648070985154 in IonStaticPressureOp
norm(r_0) 0
norm(r_1) 0
norm(r_2) 0
norm(r_3) 0.5515098385238358
norm(r_4) 0
Newton iteration  0 : ||r|| = 0.55151
   Pass :  1   Iteration :   0  ||B r|| = 30.7821 ...
   Pass :  2   Iteration :  77  ||B r|| = 3.06615e-05
norm(r_0) 0
norm(r_1) 0
norm(r_2) 0
norm(r_3) 30.75131709080074
norm(r_4) 0
Newton iteration  1 : ||r|| = 30.7513, ||r||/||r_0|| = 55.7584
Setting time step: 0.0007704648070985154 in DGTransportTDO
Setting time step: 0.0007704648070985154 in CombinedOp
Setting time step: 0.0007704648070985154 in IonStaticPressureOp
norm(r_0) 0
norm(r_1) 0
norm(r_2) 0
norm(r_3) 61.49804403109677
norm(r_4) 0
Newton iteration  0 : ||r|| = 61.498
   Pass :  1   Iteration :   0  ||B r|| = 13.0979 ...
   Pass :  6   Iteration : 300  ||B r|| = 4.14444e-05
GMRES: No convergence!
norm(r_0) 0
norm(r_1) 0
norm(r_2) 0
norm(r_3) 41.70152518702558
norm(r_4) 0
Newton iteration  1 : ||r|| = 41.7015, ||r||/||r_0|| = 0.678095
Setting time step: 0.0007704648070985154 in DGTransportTDO
Setting time step: 0.0007704648070985154 in CombinedOp
Setting time step: 0.0007704648070985154 in IonStaticPressureOp
norm(r_0) 0
norm(r_1) 0
norm(r_2) 0
norm(r_3) 46.40360745607252
norm(r_4) 0
Newton iteration  0 : ||r|| = 46.4036
   Pass :  1   Iteration :   0  ||B r|| = 0.541603 ...
   Pass :  6   Iteration : 300  ||B r|| = 3.88607e-05
GMRES: No convergence!
norm(r_0) 0
norm(r_1) 0
norm(r_2) 0
norm(r_3) 34.37443607931675
norm(r_4) 0
Newton iteration  1 : ||r|| = 34.3744, ||r||/||r_0|| = 0.740771
Setting time step: 0.0007704648070985154 in DGTransportTDO
Setting time step: 0.0007704648070985154 in CombinedOp
Setting time step: 0.0007704648070985154 in IonStaticPressureOp
norm(r_0) 0
norm(r_1) 0
norm(r_2) 0
norm(r_3) 37.25944969255301
norm(r_4) 0
Newton iteration  0 : ||r|| = 37.2594
   Pass :  1   Iteration :   0  ||B r|| = 5.01321 ...
   Pass :  6   Iteration : 300  ||B r|| = 3.65432e-05
GMRES: No convergence!
norm(r_0) 0
norm(r_1) 0
norm(r_2) 0
norm(r_3) 39.53989078811082
norm(r_4) 0
Newton iteration  1 : ||r|| = 39.5399, ||r||/||r_0|| = 1.0612
Setting time step: 0.0007704648070985154 in DGTransportTDO
Setting time step: 0.0007704648070985154 in CombinedOp
Setting time step: 0.0007704648070985154 in IonStaticPressureOp
norm(r_0) 0
norm(r_1) 0
norm(r_2) 0
norm(r_3) 454.785863193401
norm(r_4) 0
Newton iteration  0 : ||r|| = 454.786
   Pass :  1   Iteration :   0  ||B r|| = 13.965 ...
   Pass :  6   Iteration : 300  ||B r|| = 3.64077e-05
GMRES: No convergence!
norm(r_0) 0
norm(r_1) 0
norm(r_2) 0
norm(r_3) 45.31225867645061
norm(r_4) 0
Newton iteration  1 : ||r|| = 45.3123, ||r||/||r_0|| = 0.0996343
Setting time step: 0.0006439203344513801 in DGTransportTDO
Setting time step: 0.0006439203344513801 in CombinedOp
Setting time step: 0.0006439203344513801 in IonStaticPressureOp
norm(r_0) 0
norm(r_1) 0
norm(r_2) 0
norm(r_3) 0.5515098385238358
norm(r_4) 0
Newton iteration  0 : ||r|| = 0.55151
   Pass :  1   Iteration :   0  ||B r|| = 34.8547 ...
   Pass :  2   Iteration :  80  ||B r|| = 3.47321e-05
norm(r_0) 0
norm(r_1) 0
norm(r_2) 0
norm(r_3) 29.58622820654745
norm(r_4) 0
Newton iteration  1 : ||r|| = 29.5862, ||r||/||r_0|| = 53.6459
Setting time step: 0.0006439203344513801 in DGTransportTDO
Setting time step: 0.0006439203344513801 in CombinedOp
Setting time step: 0.0006439203344513801 in IonStaticPressureOp
norm(r_0) 0
norm(r_1) 0
norm(r_2) 0
norm(r_3) 59.16773726802785
norm(r_4) 0
Newton iteration  0 : ||r|| = 59.1677
   Pass :  1   Iteration :   0  ||B r|| = 12.1522 ...
   Pass :  6   Iteration : 300  ||B r|| = 4.94643e-05
GMRES: No convergence!
norm(r_0) 0
norm(r_1) 0
norm(r_2) 0
norm(r_3) 42.00092505436685
norm(r_4) 0
Newton iteration  1 : ||r|| = 42.0009, ||r||/||r_0|| = 0.709862
Setting time step: 0.0006439203344513801 in DGTransportTDO
Setting time step: 0.0006439203344513801 in CombinedOp
Setting time step: 0.0006439203344513801 in IonStaticPressureOp
norm(r_0) 0
norm(r_1) 0
norm(r_2) 0
norm(r_3) 44.57591032360711
norm(r_4) 0
Newton iteration  0 : ||r|| = 44.5759
   Pass :  1   Iteration :   0  ||B r|| = 1.58942 ...
   Pass :  6   Iteration : 300  ||B r|| = 4.48491e-05
GMRES: No convergence!
norm(r_0) 0
norm(r_1) 0
norm(r_2) 0
norm(r_3) 38.02586699282704
norm(r_4) 0
Newton iteration  1 : ||r|| = 38.0259, ||r||/||r_0|| = 0.853059
Setting time step: 0.0006439203344513801 in DGTransportTDO
Setting time step: 0.0006439203344513801 in CombinedOp
Setting time step: 0.0006439203344513801 in IonStaticPressureOp
norm(r_0) 0
norm(r_1) 0
norm(r_2) 0
norm(r_3) 36.25396561526391
norm(r_4) 0
Newton iteration  0 : ||r|| = 36.254
   Pass :  1   Iteration :   0  ||B r|| = 7.45426 ...
   Pass :  6   Iteration : 300  ||B r|| = 4.32178e-05
GMRES: No convergence!
norm(r_0) 0
norm(r_1) 0
norm(r_2) 0
norm(r_3) 41.7810313485413
norm(r_4) 0
Newton iteration  1 : ||r|| = 41.781, ||r||/||r_0|| = 1.15245
Setting time step: 0.0006439203344513801 in DGTransportTDO
Setting time step: 0.0006439203344513801 in CombinedOp
Setting time step: 0.0006439203344513801 in IonStaticPressureOp
norm(r_0) 0
norm(r_1) 0
norm(r_2) 0
norm(r_3) 674.7916261233489
norm(r_4) 0
Newton iteration  0 : ||r|| = 674.792
   Pass :  1   Iteration :   0  ||B r|| = 12.6362 ...
   Pass :  6   Iteration : 300  ||B r|| = 3.96664e-05
GMRES: No convergence!
norm(r_0) 0
norm(r_1) 0
norm(r_2) 0
norm(r_3) 37.65064233079499
norm(r_4) 0
Newton iteration  1 : ||r|| = 37.6506, ||r||/||r_0|| = 0.055796
Setting time step: 0.0005226422004607574 in DGTransportTDO
Setting time step: 0.0005226422004607574 in CombinedOp
Setting time step: 0.0005226422004607574 in IonStaticPressureOp
norm(r_0) 0
norm(r_1) 0
norm(r_2) 0
norm(r_3) 0.5515098385238358
norm(r_4) 0
Newton iteration  0 : ||r|| = 0.55151
   Pass :  1   Iteration :   0  ||B r|| = 39.9161 ...
   Pass :  2   Iteration :  85  ||B r|| = 3.97705e-05
norm(r_0) 0
norm(r_1) 0
norm(r_2) 0
norm(r_3) 26.07171377938026
norm(r_4) 0
Newton iteration  1 : ||r|| = 26.0717, ||r||/||r_0|| = 47.2733
Setting time step: 0.0005226422004607574 in DGTransportTDO
Setting time step: 0.0005226422004607574 in CombinedOp
Setting time step: 0.0005226422004607574 in IonStaticPressureOp
norm(r_0) 0
norm(r_1) 0
norm(r_2) 0
norm(r_3) 52.13799201079395
norm(r_4) 0
Newton iteration  0 : ||r|| = 52.138
   Pass :  1   Iteration :   0  ||B r|| = 10.1244 ...
   Pass :  6   Iteration : 300  ||B r|| = 6.05354e-05
GMRES: No convergence!
norm(r_0) 0
norm(r_1) 0
norm(r_2) 0
norm(r_3) 40.03367249424092
norm(r_4) 0
Newton iteration  1 : ||r|| = 40.0337, ||r||/||r_0|| = 0.767841
Setting time step: 0.0005226422004607574 in DGTransportTDO
Setting time step: 0.0005226422004607574 in CombinedOp
Setting time step: 0.0005226422004607574 in IonStaticPressureOp
norm(r_0) 0
norm(r_1) 0
norm(r_2) 0
norm(r_3) 38.48168942512427
norm(r_4) 0
Newton iteration  0 : ||r|| = 38.4817
   Pass :  1   Iteration :   0  ||B r|| = 4.88929 ...
   Pass :  6   Iteration : 300  ||B r|| = 5.44088e-05
GMRES: No convergence!
norm(r_0) 0
norm(r_1) 0
norm(r_2) 0
norm(r_3) 37.05176739819618
norm(r_4) 0
Newton iteration  1 : ||r|| = 37.0518, ||r||/||r_0|| = 0.962841
Setting time step: 0.0005226422004607574 in DGTransportTDO
Setting time step: 0.0005226422004607574 in CombinedOp
Setting time step: 0.0005226422004607574 in IonStaticPressureOp
norm(r_0) 0
norm(r_1) 0
norm(r_2) 0
norm(r_3) 31.64854813734366
norm(r_4) 0
Newton iteration  0 : ||r|| = 31.6485
   Pass :  1   Iteration :   0  ||B r|| = 11.0177 ...
   Pass :  6   Iteration : 300  ||B r|| = 5.16548e-05
GMRES: No convergence!
norm(r_0) 0
norm(r_1) 0
norm(r_2) 0
norm(r_3) 40.34551798140895
norm(r_4) 0
Newton iteration  1 : ||r|| = 40.3455, ||r||/||r_0|| = 1.2748
Setting time step: 0.0005226422004607574 in DGTransportTDO
Setting time step: 0.0005226422004607574 in CombinedOp
Setting time step: 0.0005226422004607574 in IonStaticPressureOp
norm(r_0) 0
norm(r_1) 0
norm(r_2) 0
norm(r_3) 451.6930410080563
norm(r_4) 0
Newton iteration  0 : ||r|| = 451.693
   Pass :  1   Iteration :   0  ||B r|| = 8.65088 ...
   Pass :  6   Iteration : 300  ||B r|| = 5.61622e-05
GMRES: No convergence!
norm(r_0) 0
norm(r_1) 0
norm(r_2) 0
norm(r_3) 37.43666903505525
norm(r_4) 0
Newton iteration  1 : ||r|| = 37.4367, ||r||/||r_0|| = 0.0828808
Setting time step: 0.0005893193412059986 in DGTransportTDO
Setting time step: 0.0005893193412059986 in CombinedOp
Setting time step: 0.0005893193412059986 in IonStaticPressureOp
norm(r_0) 0
norm(r_1) 0
norm(r_2) 0
norm(r_3) 37.4364809894821
norm(r_4) 0
Newton iteration  0 : ||r|| = 37.4365
   Pass :  1   Iteration :   0  ||B r|| = 3.21946 ...
   Pass :  6   Iteration : 300  ||B r|| = 5.14344e-05
GMRES: No convergence!
norm(r_0) 0
norm(r_1) 0
norm(r_2) 0
norm(r_3) 43.63568684004717
norm(r_4) 0
Newton iteration  1 : ||r|| = 43.6357, ||r||/||r_0|| = 1.16559
Setting time step: 0.0005893193412059986 in DGTransportTDO
Setting time step: 0.0005893193412059986 in CombinedOp
Setting time step: 0.0005893193412059986 in IonStaticPressureOp
norm(r_0) 0
norm(r_1) 0
norm(r_2) 0
norm(r_3) 58.12362513802075
norm(r_4) 0
Newton iteration  0 : ||r|| = 58.1236
   Pass :  1   Iteration :   0  ||B r|| = 0.937004 ...
   Pass :  6   Iteration : 300  ||B r|| = 5.29998e-05
GMRES: No convergence!
norm(r_0) 0
norm(r_1) 0
norm(r_2) 0
norm(r_3) 47.34202360297562
norm(r_4) 0
Newton iteration  1 : ||r|| = 47.342, ||r||/||r_0|| = 0.814506
Setting time step: 0.0005893193412059986 in DGTransportTDO
Setting time step: 0.0005893193412059986 in CombinedOp
Setting time step: 0.0005893193412059986 in IonStaticPressureOp
norm(r_0) 0
norm(r_1) 0
norm(r_2) 0
norm(r_3) 50.00814025727893
norm(r_4) 0
Newton iteration  0 : ||r|| = 50.0081
   Pass :  1   Iteration :   0  ||B r|| = 0.286203 ...
   Pass :  6   Iteration : 300  ||B r|| = 5.22896e-05
GMRES: No convergence!
norm(r_0) 0
norm(r_1) 0
norm(r_2) 0
norm(r_3) 45.24512958900073
norm(r_4) 0
Newton iteration  1 : ||r|| = 45.2451, ||r||/||r_0|| = 0.904755
Setting time step: 0.0005893193412059986 in DGTransportTDO
Setting time step: 0.0005893193412059986 in CombinedOp
Setting time step: 0.0005893193412059986 in IonStaticPressureOp
norm(r_0) 0
norm(r_1) 0
norm(r_2) 0
norm(r_3) 46.13474869029242
norm(r_4) 0
Newton iteration  0 : ||r|| = 46.1347
   Pass :  1   Iteration :   0  ||B r|| = 0.807205 ...
   Pass :  6   Iteration : 300  ||B r|| = 5.21127e-05
GMRES: No convergence!
norm(r_0) 0
norm(r_1) 0
norm(r_2) 0
norm(r_3) 48.61594525129671
norm(r_4) 0
Newton iteration  1 : ||r|| = 48.6159, ||r||/||r_0|| = 1.05378
Setting time step: 0.0005893193412059986 in DGTransportTDO
Setting time step: 0.0005893193412059986 in CombinedOp
Setting time step: 0.0005893193412059986 in IonStaticPressureOp
norm(r_0) 0
norm(r_1) 0
norm(r_2) 0
norm(r_3) 214.4165738997456
norm(r_4) 0
Newton iteration  0 : ||r|| = 214.417
   Pass :  1   Iteration :   0  ||B r|| = 3.80744 ...
   Pass :  6   Iteration : 300  ||B r|| = 4.60598e-05
GMRES: No convergence!
norm(r_0) 0
norm(r_1) 0
norm(r_2) 0
norm(r_3) 39.48777177946031
norm(r_4) 0
Newton iteration  1 : ||r|| = 39.4878, ||r||/||r_0|| = 0.184164
Setting time step: 0.001178638682411997 in DGTransportTDO
Setting time step: 0.001178638682411997 in CombinedOp
Setting time step: 0.001178638682411997 in IonStaticPressureOp
norm(r_0) 0
norm(r_1) 0
norm(r_2) 0
norm(r_3) 39.48774067198426
norm(r_4) 0
Newton iteration  0 : ||r|| = 39.4877
   Pass :  1   Iteration :   0  ||B r|| = 0.783011 ...
   Pass :  6   Iteration : 300  ||B r|| = 2.27153e-05
GMRES: No convergence!
norm(r_0) 0
norm(r_1) 0
norm(r_2) 0
norm(r_3) 42.05696892570518
norm(r_4) 0
Newton iteration  1 : ||r|| = 42.057, ||r||/||r_0|| = 1.06506
Setting time step: 0.001178638682411997 in DGTransportTDO
Setting time step: 0.001178638682411997 in CombinedOp
Setting time step: 0.001178638682411997 in IonStaticPressureOp
norm(r_0) 0
norm(r_1) 0
norm(r_2) 0
norm(r_3) 46.65958938097819
norm(r_4) 0
Newton iteration  0 : ||r|| = 46.6596
   Pass :  1   Iteration :   0  ||B r|| = 0.412708 ...
   Pass :  6   Iteration : 300  ||B r|| = 2.20415e-05
GMRES: No convergence!
norm(r_0) 0
norm(r_1) 0
norm(r_2) 0
norm(r_3) 39.31749929623351
norm(r_4) 0
Newton iteration  1 : ||r|| = 39.3175, ||r||/||r_0|| = 0.842646
Setting time step: 0.001178638682411997 in DGTransportTDO
Setting time step: 0.001178638682411997 in CombinedOp
Setting time step: 0.001178638682411997 in IonStaticPressureOp
norm(r_0) 0
norm(r_1) 0
norm(r_2) 0
norm(r_3) 45.34626353902517
norm(r_4) 0
Newton iteration  0 : ||r|| = 45.3463
   Pass :  1   Iteration :   0  ||B r|| = 0.0834216 ...
   Pass :  6   Iteration : 300  ||B r|| = 2.25118e-05
GMRES: No convergence!
norm(r_0) 0
norm(r_1) 0
norm(r_2) 0
norm(r_3) 42.17015155372342
norm(r_4) 0
Newton iteration  1 : ||r|| = 42.1702, ||r||/||r_0|| = 0.929959
Setting time step: 0.001178638682411997 in DGTransportTDO
Setting time step: 0.001178638682411997 in CombinedOp
Setting time step: 0.001178638682411997 in IonStaticPressureOp
norm(r_0) 0
norm(r_1) 0
norm(r_2) 0
norm(r_3) 43.95302101556993
norm(r_4) 0
Newton iteration  0 : ||r|| = 43.953
   Pass :  1   Iteration :   0  ||B r|| = 0.0705532 ...
   Pass :  6   Iteration : 300  ||B r|| = 2.22405e-05
GMRES: No convergence!
norm(r_0) 0
norm(r_1) 0
norm(r_2) 0
norm(r_3) 39.04733739183676
norm(r_4) 0
Newton iteration  1 : ||r|| = 39.0473, ||r||/||r_0|| = 0.888388
Setting time step: 0.001178638682411997 in DGTransportTDO
Setting time step: 0.001178638682411997 in CombinedOp
Setting time step: 0.001178638682411997 in IonStaticPressureOp
norm(r_0) 0
norm(r_1) 0
norm(r_2) 0
norm(r_3) 416.7583883533022
norm(r_4) 0
Newton iteration  0 : ||r|| = 416.758
   Pass :  1   Iteration :   0  ||B r|| = 0.677555 ...
   Pass :  6   Iteration : 300  ||B r|| = 2.16651e-05
GMRES: No convergence!
norm(r_0) 0
norm(r_1) 0
norm(r_2) 0
norm(r_3) 38.56776455471631
norm(r_4) 0
Newton iteration  1 : ||r|| = 38.5678, ||r||/||r_0|| = 0.0925423
Setting time step: 0.002357277364823994 in DGTransportTDO
Setting time step: 0.002357277364823994 in CombinedOp
Setting time step: 0.002357277364823994 in IonStaticPressureOp
norm(r_0) 0
norm(r_1) 0
norm(r_2) 0
norm(r_3) 38.56778554456329
norm(r_4) 0
Newton iteration  0 : ||r|| = 38.5678
   Pass :  1   Iteration :   0  ||B r|| = 0.167566 ...
   Pass :  6   Iteration : 300  ||B r|| = 1.07338e-05
GMRES: No convergence!
norm(r_0) 0
norm(r_1) 0
norm(r_2) 0
norm(r_3) 43.2286078441971
norm(r_4) 0
Newton iteration  1 : ||r|| = 43.2286, ||r||/||r_0|| = 1.12085
Setting time step: 0.002357277364823994 in DGTransportTDO
Setting time step: 0.002357277364823994 in CombinedOp
Setting time step: 0.002357277364823994 in IonStaticPressureOp
norm(r_0) 0
norm(r_1) 0
norm(r_2) 0
norm(r_3) 50.49247794820323
norm(r_4) 0
Newton iteration  0 : ||r|| = 50.4925
   Pass :  1   Iteration :   0  ||B r|| = 0.162156 ...
   Pass :  6   Iteration : 300  ||B r|| = 1.07862e-05
GMRES: No convergence!
norm(r_0) 0
norm(r_1) 0
norm(r_2) 0
norm(r_3) 44.9660052044196
norm(r_4) 0
Newton iteration  1 : ||r|| = 44.966, ||r||/||r_0|| = 0.890549
Setting time step: 0.002357277364823994 in DGTransportTDO
Setting time step: 0.002357277364823994 in CombinedOp
Setting time step: 0.002357277364823994 in IonStaticPressureOp
norm(r_0) 0
norm(r_1) 0
norm(r_2) 0
norm(r_3) 46.48494113041721
norm(r_4) 0
Newton iteration  0 : ||r|| = 46.4849
   Pass :  1   Iteration :   0  ||B r|| = 0.0789491 ...
   Pass :  6   Iteration : 300  ||B r|| = 1.07622e-05
GMRES: No convergence!
norm(r_0) 0
norm(r_1) 0
norm(r_2) 0
norm(r_3) 43.92583167481984
norm(r_4) 0
Newton iteration  1 : ||r|| = 43.9258, ||r||/||r_0|| = 0.944948
Setting time step: 0.002357277364823994 in DGTransportTDO
Setting time step: 0.002357277364823994 in CombinedOp
Setting time step: 0.002357277364823994 in IonStaticPressureOp
norm(r_0) 0
norm(r_1) 0
norm(r_2) 0
norm(r_3) 44.57236034362469
norm(r_4) 0
Newton iteration  0 : ||r|| = 44.5724
   Pass :  1   Iteration :   0  ||B r|| = 0.0325161 ...
   Pass :  6   Iteration : 300  ||B r|| = 1.07494e-05
GMRES: No convergence!
norm(r_0) 0
norm(r_1) 0
norm(r_2) 0
norm(r_3) 43.21322952813748
norm(r_4) 0
Newton iteration  1 : ||r|| = 43.2132, ||r||/||r_0|| = 0.969507
Setting time step: 0.002357277364823994 in DGTransportTDO
Setting time step: 0.002357277364823994 in CombinedOp
Setting time step: 0.002357277364823994 in IonStaticPressureOp
norm(r_0) 0
norm(r_1) 0
norm(r_2) 0
norm(r_3) 64.64737950829915
norm(r_4) 0
Newton iteration  0 : ||r|| = 64.6474
   Pass :  1   Iteration :   0  ||B r|| = 0.296985 ...
   Pass :  6   Iteration : 300  ||B r|| = 1.09112e-05
GMRES: No convergence!
norm(r_0) 0
norm(r_1) 0
norm(r_2) 0
norm(r_3) 44.36031848155721
norm(r_4) 0
Newton iteration  1 : ||r|| = 44.3603, ||r||/||r_0|| = 0.686189
Time stepping paused at t = 0.01859151035561099

Estimating errors.
Setting time step: 0.004714554729647989 in DGTransportTDO
Setting time step: 0.004714554729647989 in CombinedOp
Setting time step: 0.004714554729647989 in IonStaticPressureOp
norm(r_0) 0
norm(r_1) 0
norm(r_2) 0
norm(r_3) 44.36031160608776
norm(r_4) 0
Newton iteration  0 : ||r|| = 44.3603
   Pass :  1   Iteration :   0  ||B r|| = 0.0147512 ...
   Pass :  6   Iteration : 300  ||B r|| = 5.43552e-06
GMRES: No convergence!
norm(r_0) 0
norm(r_1) 0
norm(r_2) 0
norm(r_3) 45.45868934174678
norm(r_4) 0
Newton iteration  1 : ||r|| = 45.4587, ||r||/||r_0|| = 1.02476
Setting time step: 0.004714554729647989 in DGTransportTDO
Setting time step: 0.004714554729647989 in CombinedOp
Setting time step: 0.004714554729647989 in IonStaticPressureOp
norm(r_0) 0
norm(r_1) 0
norm(r_2) 0
norm(r_3) 47.08079587106322
norm(r_4) 0
Newton iteration  0 : ||r|| = 47.0808
   Pass :  1   Iteration :   0  ||B r|| = 0.0181394 ...
   Pass :  6   Iteration : 300  ||B r|| = 5.42722e-06
GMRES: No convergence!
norm(r_0) 0
norm(r_1) 0
norm(r_2) 0
norm(r_3) 46.49527513743938
norm(r_4) 0
Newton iteration  1 : ||r|| = 46.4953, ||r||/||r_0|| = 0.987563
Setting time step: 0.004714554729647989 in DGTransportTDO
Setting time step: 0.004714554729647989 in CombinedOp
Setting time step: 0.004714554729647989 in IonStaticPressureOp
norm(r_0) 0
norm(r_1) 0
norm(r_2) 0
norm(r_3) 46.08455542736662
norm(r_4) 0
Newton iteration  0 : ||r|| = 46.0846
   Pass :  1   Iteration :   0  ||B r|| = 0.00958242 ...
   Pass :  6   Iteration : 300  ||B r|| = 5.43281e-06
GMRES: No convergence!
norm(r_0) 0
norm(r_1) 0
norm(r_2) 0
norm(r_3) 45.39322136507333
norm(r_4) 0
Newton iteration  1 : ||r|| = 45.3932, ||r||/||r_0|| = 0.984999
Setting time step: 0.004714554729647989 in DGTransportTDO
Setting time step: 0.004714554729647989 in CombinedOp
Setting time step: 0.004714554729647989 in IonStaticPressureOp
norm(r_0) 0
norm(r_1) 0
norm(r_2) 0
norm(r_3) 45.62272441522553
norm(r_4) 0
Newton iteration  0 : ||r|| = 45.6227
   Pass :  1   Iteration :   0  ||B r|| = 0.00478279 ...
   Pass :  6   Iteration : 300  ||B r|| = 5.43681e-06
GMRES: No convergence!
norm(r_0) 0
norm(r_1) 0
norm(r_2) 0
norm(r_3) 45.43816783587108
norm(r_4) 0
Newton iteration  1 : ||r|| = 45.4382, ||r||/||r_0|| = 0.995955
Setting time step: 0.004714554729647989 in DGTransportTDO
Setting time step: 0.004714554729647989 in CombinedOp
Setting time step: 0.004714554729647989 in IonStaticPressureOp
norm(r_0) 0
norm(r_1) 0
norm(r_2) 0
norm(r_3) 47.41786558761742
norm(r_4) 0
Newton iteration  0 : ||r|| = 47.4179
   Pass :  1   Iteration :   0  ||B r|| = 0.0287715 ...
   Pass :  6   Iteration : 300  ||B r|| = 5.60665e-06
GMRES: No convergence!
norm(r_0) 0
norm(r_1) 0
norm(r_2) 0
norm(r_3) 38.61820003703042
norm(r_4) 0
Newton iteration  1 : ||r|| = 38.6182, ||r||/||r_0|| = 0.814423
Setting time step: 0.009429109459295978 in DGTransportTDO
Setting time step: 0.009429109459295978 in CombinedOp
Setting time step: 0.009429109459295978 in IonStaticPressureOp
norm(r_0) 0
norm(r_1) 0
norm(r_2) 0
norm(r_3) 38.61819988120953
norm(r_4) 0
Newton iteration  0 : ||r|| = 38.6182
   Pass :  1   Iteration :   0  ||B r|| = 0.00157317 ...
   Pass :  6   Iteration : 300  ||B r|| = 2.80497e-06
GMRES: No convergence!
norm(r_0) 0
norm(r_1) 0
norm(r_2) 0
norm(r_3) 38.61080192833302
norm(r_4) 0
Newton iteration  1 : ||r|| = 38.6108, ||r||/||r_0|| = 0.999808
Setting time step: 0.009429109459295978 in DGTransportTDO
Setting time step: 0.009429109459295978 in CombinedOp
Setting time step: 0.009429109459295978 in IonStaticPressureOp
norm(r_0) 0
norm(r_1) 0
norm(r_2) 0
norm(r_3) 38.60437725981027
norm(r_4) 0
Newton iteration  0 : ||r|| = 38.6044
   Pass :  1   Iteration :   0  ||B r|| = 0.00163389 ...
   Pass :  6   Iteration : 300  ||B r|| = 2.80595e-06
GMRES: No convergence!
norm(r_0) 0
norm(r_1) 0
norm(r_2) 0
norm(r_3) 38.6155806227133
norm(r_4) 0
Newton iteration  1 : ||r|| = 38.6156, ||r||/||r_0|| = 1.00029
Setting time step: 0.009429109459295978 in DGTransportTDO
Setting time step: 0.009429109459295978 in CombinedOp
Setting time step: 0.009429109459295978 in IonStaticPressureOp
norm(r_0) 0
norm(r_1) 0
norm(r_2) 0
norm(r_3) 38.60682465057738
norm(r_4) 0
Newton iteration  0 : ||r|| = 38.6068
   Pass :  1   Iteration :   0  ||B r|| = 0.000889075 ...
   Pass :  6   Iteration : 300  ||B r|| = 2.80554e-06
GMRES: No convergence!
norm(r_0) 0
norm(r_1) 0
norm(r_2) 0
norm(r_3) 38.6080624967378
norm(r_4) 0
Newton iteration  1 : ||r|| = 38.6081, ||r||/||r_0|| = 1.00003
Setting time step: 0.009429109459295978 in DGTransportTDO
Setting time step: 0.009429109459295978 in CombinedOp
Setting time step: 0.009429109459295978 in IonStaticPressureOp
norm(r_0) 0
norm(r_1) 0
norm(r_2) 0
norm(r_3) 38.60824312783699
norm(r_4) 0
Newton iteration  0 : ||r|| = 38.6082
   Pass :  1   Iteration :   0  ||B r|| = 0.000424671 ...
   Pass :  6   Iteration : 300  ||B r|| = 2.80543e-06
GMRES: No convergence!
norm(r_0) 0
norm(r_1) 0
norm(r_2) 0
norm(r_3) 38.60266365050293
norm(r_4) 0
Newton iteration  1 : ||r|| = 38.6027, ||r||/||r_0|| = 0.999855
Setting time step: 0.009429109459295978 in DGTransportTDO
Setting time step: 0.009429109459295978 in CombinedOp
Setting time step: 0.009429109459295978 in IonStaticPressureOp
norm(r_0) 0
norm(r_1) 0
norm(r_2) 0
norm(r_3) 38.75253819337591
norm(r_4) 0
Newton iteration  0 : ||r|| = 38.7525
   Pass :  1   Iteration :   0  ||B r|| = 0.00431874 ...
   Pass :  6   Iteration : 300  ||B r|| = 2.80479e-06
GMRES: No convergence!
norm(r_0) 0
norm(r_1) 0
norm(r_2) 0
norm(r_3) 38.97618365351296
norm(r_4) 0
Newton iteration  1 : ||r|| = 38.9762, ||r||/||r_0|| = 1.00577
Setting time step: 0.01885821891859196 in DGTransportTDO
Setting time step: 0.01885821891859196 in CombinedOp
Setting time step: 0.01885821891859196 in IonStaticPressureOp
norm(r_0) 0
norm(r_1) 0
norm(r_2) 0
norm(r_3) 38.97618360095517
norm(r_4) 0
Newton iteration  0 : ||r|| = 38.9762
   Pass :  1   Iteration :   0  ||B r|| = 0.000102821 ...
   Pass :  6   Iteration : 300  ||B r|| = 1.40253e-06
GMRES: No convergence!
norm(r_0) 0
norm(r_1) 0
norm(r_2) 0
norm(r_3) 38.98014667906103
norm(r_4) 0
Newton iteration  1 : ||r|| = 38.9801, ||r||/||r_0|| = 1.0001
Setting time step: 0.01885821891859196 in DGTransportTDO
Setting time step: 0.01885821891859196 in CombinedOp
Setting time step: 0.01885821891859196 in IonStaticPressureOp
norm(r_0) 0
norm(r_1) 0
norm(r_2) 0
norm(r_3) 38.98473783191167
norm(r_4) 0
Newton iteration  0 : ||r|| = 38.9847
   Pass :  1   Iteration :   0  ||B r|| = 0.00012118 ...
   Pass :  6   Iteration : 300  ||B r|| = 1.40193e-06
GMRES: No convergence!
norm(r_0) 0
norm(r_1) 0
norm(r_2) 0
norm(r_3) 38.89367242662652
norm(r_4) 0
Newton iteration  1 : ||r|| = 38.8937, ||r||/||r_0|| = 0.997664
Setting time step: 0.01885821891859196 in DGTransportTDO
Setting time step: 0.01885821891859196 in CombinedOp
Setting time step: 0.01885821891859196 in IonStaticPressureOp
norm(r_0) 0
norm(r_1) 0
norm(r_2) 0
norm(r_3) 39.00392704186749
norm(r_4) 0
Newton iteration  0 : ||r|| = 39.0039
   Pass :  1   Iteration :   0  ||B r|| = 5.86466e-05 ...
   Pass :  6   Iteration : 300  ||B r|| = 1.40171e-06
GMRES: No convergence!
norm(r_0) 0
norm(r_1) 0
norm(r_2) 0
norm(r_3) 39.05373439981449
norm(r_4) 0
Newton iteration  1 : ||r|| = 39.0537, ||r||/||r_0|| = 1.00128
Setting time step: 0.01885821891859196 in DGTransportTDO
Setting time step: 0.01885821891859196 in CombinedOp
Setting time step: 0.01885821891859196 in IonStaticPressureOp
norm(r_0) 0
norm(r_1) 0
norm(r_2) 0
norm(r_3) 39.00907358768637
norm(r_4) 0
Newton iteration  0 : ||r|| = 39.0091
   Pass :  1   Iteration :   0  ||B r|| = 3.47219e-05 ...
   Pass :  6   Iteration : 300  ||B r|| = 1.40202e-06
GMRES: No convergence!
norm(r_0) 0
norm(r_1) 0
norm(r_2) 0
norm(r_3) 38.98854323835612
norm(r_4) 0
Newton iteration  1 : ||r|| = 38.9885, ||r||/||r_0|| = 0.999474
Setting time step: 0.01885821891859196 in DGTransportTDO
Setting time step: 0.01885821891859196 in CombinedOp
Setting time step: 0.01885821891859196 in IonStaticPressureOp
norm(r_0) 0
norm(r_1) 0
norm(r_2) 0
norm(r_3) 45.17924419535835
norm(r_4) 0
Newton iteration  0 : ||r|| = 45.1792
   Pass :  1   Iteration :   0  ||B r|| = 0.000538358 ...
   Pass :  6   Iteration : 300  ||B r|| = 1.38518e-06
GMRES: No convergence!
norm(r_0) 0
norm(r_1) 0
norm(r_2) 0
norm(r_3) 38.80940466656767
norm(r_4) 0
Newton iteration  1 : ||r|| = 38.8094, ||r||/||r_0|| = 0.85901
Setting time step: 0.03771643783718391 in DGTransportTDO
Setting time step: 0.03771643783718391 in CombinedOp
Setting time step: 0.03771643783718391 in IonStaticPressureOp
norm(r_0) 0
norm(r_1) 0
norm(r_2) 0
norm(r_3) 38.80940626573819
norm(r_4) 0
Newton iteration  0 : ||r|| = 38.8094
   Pass :  1   Iteration :   0  ||B r|| = 0.000436636 ...
   Pass :  1   Iteration :   3  ||B r|| = 7.91418e-07
norm(r_0) 0
norm(r_1) 0
norm(r_2) 0
norm(r_3) 35.69658401814782
norm(r_4) 0
Newton iteration  1 : ||r|| = 35.6966, ||r||/||r_0|| = 0.919792
Setting time step: 0.03771643783718391 in DGTransportTDO
Setting time step: 0.03771643783718391 in CombinedOp
Setting time step: 0.03771643783718391 in IonStaticPressureOp
norm(r_0) 0
norm(r_1) 0
norm(r_2) 0
norm(r_3) 33.28027565845891
norm(r_4) 0
Newton iteration  0 : ||r|| = 33.2803
   Pass :  1   Iteration :   0  ||B r|| = 0.000429161 ...
   Pass :  1   Iteration :   3  ||B r|| = 9.03968e-07
norm(r_0) 0
norm(r_1) 0
norm(r_2) 0
norm(r_3) 32.8971248836104
norm(r_4) 0
Newton iteration  1 : ||r|| = 32.8971, ||r||/||r_0|| = 0.988487
Setting time step: 0.03771643783718391 in DGTransportTDO
Setting time step: 0.03771643783718391 in CombinedOp
Setting time step: 0.03771643783718391 in IonStaticPressureOp
norm(r_0) 0
norm(r_1) 0
norm(r_2) 0
norm(r_3) 34.8066829739651
norm(r_4) 0
Newton iteration  0 : ||r|| = 34.8067
   Pass :  1   Iteration :   0  ||B r|| = 0.00022022 ...
   Pass :  1   Iteration :   3  ||B r|| = 8.62617e-07
norm(r_0) 0
norm(r_1) 0
norm(r_2) 0
norm(r_3) 33.80433126294264
norm(r_4) 0
Newton iteration  1 : ||r|| = 33.8043, ||r||/||r_0|| = 0.971202
Setting time step: 0.03771643783718391 in DGTransportTDO
Setting time step: 0.03771643783718391 in CombinedOp
Setting time step: 0.03771643783718391 in IonStaticPressureOp
norm(r_0) 0
norm(r_1) 0
norm(r_2) 0
norm(r_3) 35.40322925425917
norm(r_4) 0
Newton iteration  0 : ||r|| = 35.4032
   Pass :  1   Iteration :   0  ||B r|| = 9.74031e-05 ...
   Pass :  1   Iteration :   3  ||B r|| = 8.48674e-07
norm(r_0) 0
norm(r_1) 0
norm(r_2) 0
norm(r_3) 34.12307739636038
norm(r_4) 0
Newton iteration  1 : ||r|| = 34.1231, ||r||/||r_0|| = 0.963841
Setting time step: 0.03771643783718391 in DGTransportTDO
Setting time step: 0.03771643783718391 in CombinedOp
Setting time step: 0.03771643783718391 in IonStaticPressureOp
norm(r_0) 0
norm(r_1) 0
norm(r_2) 0
norm(r_3) 33.72840333094149
norm(r_4) 0
Newton iteration  0 : ||r|| = 33.7284
   Pass :  1   Iteration :   0  ||B r|| = 0.000982925 ...
   Pass :  1   Iteration :   3  ||B r|| = 9.03744e-07
norm(r_0) 0
norm(r_1) 0
norm(r_2) 0
norm(r_3) 32.96272760053284
norm(r_4) 0
Newton iteration  1 : ||r|| = 32.9627, ||r||/||r_0|| = 0.977299
Time stepping paused at t = 0.3014647941344903

Estimating errors.
Setting time step: 0.07543287567436782 in DGTransportTDO
Setting time step: 0.07543287567436782 in CombinedOp
Setting time step: 0.07543287567436782 in IonStaticPressureOp
norm(r_0) 0
norm(r_1) 0
norm(r_2) 0
norm(r_3) 32.96272757570927
norm(r_4) 0
Newton iteration  0 : ||r|| = 32.9627
   Pass :  1   Iteration :   0  ||B r|| = 4.14723e-06 ...
   Pass :  1   Iteration :   2  ||B r|| = 5.70448e-07
norm(r_0) 0
norm(r_1) 0
norm(r_2) 0
norm(r_3) 41.41950372349636
norm(r_4) 0
Newton iteration  1 : ||r|| = 41.4195, ||r||/||r_0|| = 1.25656
Setting time step: 0.07543287567436782 in DGTransportTDO
Setting time step: 0.07543287567436782 in CombinedOp
Setting time step: 0.07543287567436782 in IonStaticPressureOp
norm(r_0) 0
norm(r_1) 0
norm(r_2) 0
norm(r_3) 50.56662129140284
norm(r_4) 0
Newton iteration  0 : ||r|| = 50.5666
   Pass :  1   Iteration :   0  ||B r|| = 4.17859e-06 ...
   Pass :  1   Iteration :   1  ||B r|| = 8.77691e-07
norm(r_0) 0
norm(r_1) 0
norm(r_2) 0
norm(r_3) 36.82336400171823
norm(r_4) 0
Newton iteration  1 : ||r|| = 36.8234, ||r||/||r_0|| = 0.728215
Setting time step: 0.07543287567436782 in DGTransportTDO
Setting time step: 0.07543287567436782 in CombinedOp
Setting time step: 0.07543287567436782 in IonStaticPressureOp
norm(r_0) 0
norm(r_1) 0
norm(r_2) 0
norm(r_3) 46.90414020189065
norm(r_4) 0
Newton iteration  0 : ||r|| = 46.9041
   Pass :  1   Iteration :   0  ||B r|| = 2.21746e-06 ...
   Pass :  1   Iteration :   1  ||B r|| = 7.15789e-07
norm(r_0) 0
norm(r_1) 0
norm(r_2) 0
norm(r_3) 36.98552706876421
norm(r_4) 0
Newton iteration  1 : ||r|| = 36.9855, ||r||/||r_0|| = 0.788534
Setting time step: 0.07543287567436782 in DGTransportTDO
Setting time step: 0.07543287567436782 in CombinedOp
Setting time step: 0.07543287567436782 in IonStaticPressureOp
norm(r_0) 0
norm(r_1) 0
norm(r_2) 0
norm(r_3) 43.95676573181215
norm(r_4) 0
Newton iteration  0 : ||r|| = 43.9568
   Pass :  1   Iteration :   0  ||B r|| = 1.12634e-06 ...
   Pass :  1   Iteration :   1  ||B r|| = 6.24348e-07
norm(r_0) 0
norm(r_1) 0
norm(r_2) 0
norm(r_3) 38.25456600580027
norm(r_4) 0
Newton iteration  1 : ||r|| = 38.2546, ||r||/||r_0|| = 0.870277
Setting time step: 0.07543287567436782 in DGTransportTDO
Setting time step: 0.07543287567436782 in CombinedOp
Setting time step: 0.07543287567436782 in IonStaticPressureOp
norm(r_0) 0
norm(r_1) 0
norm(r_2) 0
norm(r_3) 44.82030061346059
norm(r_4) 0
Newton iteration  0 : ||r|| = 44.8203
   Pass :  1   Iteration :   0  ||B r|| = 9.88505e-06 ...
   Pass :  1   Iteration :   1  ||B r|| = 7.23289e-07
norm(r_0) 0
norm(r_1) 0
norm(r_2) 0
norm(r_3) 23.90021126905726
norm(r_4) 0
Newton iteration  1 : ||r|| = 23.9002, ||r||/||r_0|| = 0.533245
Setting time step: 0.1508657513487356 in DGTransportTDO
Setting time step: 0.1508657513487356 in CombinedOp
Setting time step: 0.1508657513487356 in IonStaticPressureOp
norm(r_0) 0
norm(r_1) 0
norm(r_2) 0
norm(r_3) 23.90021126775368
norm(r_4) 0
Newton iteration  0 : ||r|| = 23.9002
   Pass :  1   Iteration :   0  ||B r|| = 3.68619e-07
norm(r_0) 0
norm(r_1) 0
norm(r_2) 0
norm(r_3) 23.90021126775368
norm(r_4) 0
Newton iteration  1 : ||r|| = 23.9002, ||r||/||r_0|| = 1
Setting time step: 0.1508657513487356 in DGTransportTDO
Setting time step: 0.1508657513487356 in CombinedOp
Setting time step: 0.1508657513487356 in IonStaticPressureOp
norm(r_0) 0
norm(r_1) 0
norm(r_2) 0
norm(r_3) 23.90021126775368
norm(r_4) 0
Newton iteration  0 : ||r|| = 23.9002
   Pass :  1   Iteration :   0  ||B r|| = 3.68619e-07
norm(r_0) 0
norm(r_1) 0
norm(r_2) 0
norm(r_3) 23.90021126775368
norm(r_4) 0
Newton iteration  1 : ||r|| = 23.9002, ||r||/||r_0|| = 1
Setting time step: 0.1508657513487356 in DGTransportTDO
Setting time step: 0.1508657513487356 in CombinedOp
Setting time step: 0.1508657513487356 in IonStaticPressureOp
norm(r_0) 0
norm(r_1) 0
norm(r_2) 0
norm(r_3) 23.90021126775368
norm(r_4) 0
Newton iteration  0 : ||r|| = 23.9002
   Pass :  1   Iteration :   0  ||B r|| = 3.68619e-07
norm(r_0) 0
norm(r_1) 0
norm(r_2) 0
norm(r_3) 23.90021126775368
norm(r_4) 0
Newton iteration  1 : ||r|| = 23.9002, ||r||/||r_0|| = 1
Setting time step: 0.1508657513487356 in DGTransportTDO
Setting time step: 0.1508657513487356 in CombinedOp
Setting time step: 0.1508657513487356 in IonStaticPressureOp
norm(r_0) 0
norm(r_1) 0
norm(r_2) 0
norm(r_3) 23.90021126775368
norm(r_4) 0
Newton iteration  0 : ||r|| = 23.9002
   Pass :  1   Iteration :   0  ||B r|| = 3.68619e-07
norm(r_0) 0
norm(r_1) 0
norm(r_2) 0
norm(r_3) 23.90021126775368
norm(r_4) 0
Newton iteration  1 : ||r|| = 23.9002, ||r||/||r_0|| = 1
Setting time step: 0.1508657513487356 in DGTransportTDO
Setting time step: 0.1508657513487356 in CombinedOp
Setting time step: 0.1508657513487356 in IonStaticPressureOp
norm(r_0) 0
norm(r_1) 0
norm(r_2) 0
norm(r_3) 23.90021126775368
norm(r_4) 0
Newton iteration  0 : ||r|| = 23.9002
   Pass :  1   Iteration :   0  ||B r|| = 3.68619e-07
norm(r_0) 0
norm(r_1) 0
norm(r_2) 0
norm(r_3) 23.90021126775368
norm(r_4) 0
Newton iteration  1 : ||r|| = 23.9002, ||r||/||r_0|| = 1
Setting time step: 0.1508657513487356 in DGTransportTDO
Setting time step: 0.1508657513487356 in CombinedOp
Setting time step: 0.1508657513487356 in IonStaticPressureOp
norm(r_0) 0
norm(r_1) 0
norm(r_2) 0
norm(r_3) 23.90021126775368
norm(r_4) 0
Newton iteration  0 : ||r|| = 23.9002
   Pass :  1   Iteration :   0  ||B r|| = 3.68619e-07
norm(r_0) 0
norm(r_1) 0
norm(r_2) 0
norm(r_3) 23.90021126775368
norm(r_4) 0
Newton iteration  1 : ||r|| = 23.9002, ||r||/||r_0|| = 1
Setting time step: 0.1508657513487356 in DGTransportTDO
Setting time step: 0.1508657513487356 in CombinedOp
Setting time step: 0.1508657513487356 in IonStaticPressureOp
norm(r_0) 0
norm(r_1) 0
norm(r_2) 0
norm(r_3) 23.90021126775368
norm(r_4) 0
Newton iteration  0 : ||r|| = 23.9002
   Pass :  1   Iteration :   0  ||B r|| = 3.68619e-07
norm(r_0) 0
norm(r_1) 0
norm(r_2) 0
norm(r_3) 23.90021126775368
norm(r_4) 0
Newton iteration  1 : ||r|| = 23.9002, ||r||/||r_0|| = 1
Setting time step: 0.1508657513487356 in DGTransportTDO
Setting time step: 0.1508657513487356 in CombinedOp
Setting time step: 0.1508657513487356 in IonStaticPressureOp
norm(r_0) 0
norm(r_1) 0
norm(r_2) 0
norm(r_3) 23.90021126775368
norm(r_4) 0
Newton iteration  0 : ||r|| = 23.9002
   Pass :  1   Iteration :   0  ||B r|| = 3.68619e-07
norm(r_0) 0
norm(r_1) 0
norm(r_2) 0
norm(r_3) 23.90021126775368
norm(r_4) 0
Newton iteration  1 : ||r|| = 23.9002, ||r||/||r_0|| = 1
Setting time step: 0.1508657513487356 in DGTransportTDO
Setting time step: 0.1508657513487356 in CombinedOp
Setting time step: 0.1508657513487356 in IonStaticPressureOp
norm(r_0) 0
norm(r_1) 0
norm(r_2) 0
norm(r_3) 23.90021126775368
norm(r_4) 0
Newton iteration  0 : ||r|| = 23.9002
   Pass :  1   Iteration :   0  ||B r|| = 3.68619e-07
norm(r_0) 0
norm(r_1) 0
norm(r_2) 0
norm(r_3) 23.90021126775368
norm(r_4) 0
Newton iteration  1 : ||r|| = 23.9002, ||r||/||r_0|| = 1
Setting time step: 0.1508657513487356 in DGTransportTDO
Setting time step: 0.1508657513487356 in CombinedOp
Setting time step: 0.1508657513487356 in IonStaticPressureOp
norm(r_0) 0
norm(r_1) 0
norm(r_2) 0
norm(r_3) 23.90021126775368
norm(r_4) 0
Newton iteration  0 : ||r|| = 23.9002
   Pass :  1   Iteration :   0  ||B r|| = 3.68619e-07
norm(r_0) 0
norm(r_1) 0
norm(r_2) 0
norm(r_3) 23.90021126775368
norm(r_4) 0
Newton iteration  1 : ||r|| = 23.9002, ||r||/||r_0|| = 1
Setting time step: 0.1508657513487356 in DGTransportTDO
Setting time step: 0.1508657513487356 in CombinedOp
Setting time step: 0.1508657513487356 in IonStaticPressureOp
norm(r_0) 0
norm(r_1) 0
norm(r_2) 0
norm(r_3) 23.90021126775368
norm(r_4) 0
Newton iteration  0 : ||r|| = 23.9002
   Pass :  1   Iteration :   0  ||B r|| = 3.68619e-07
norm(r_0) 0
norm(r_1) 0
norm(r_2) 0
norm(r_3) 23.90021126775368
norm(r_4) 0
Newton iteration  1 : ||r|| = 23.9002, ||r||/||r_0|| = 1
Setting time step: 0.1508657513487356 in DGTransportTDO
Setting time step: 0.1508657513487356 in CombinedOp
Setting time step: 0.1508657513487356 in IonStaticPressureOp
norm(r_0) 0
norm(r_1) 0
norm(r_2) 0
norm(r_3) 23.90021126775368
norm(r_4) 0
Newton iteration  0 : ||r|| = 23.9002
   Pass :  1   Iteration :   0  ||B r|| = 3.68619e-07
norm(r_0) 0
norm(r_1) 0
norm(r_2) 0
norm(r_3) 23.90021126775368
norm(r_4) 0
Newton iteration  1 : ||r|| = 23.9002, ||r||/||r_0|| = 1
Setting time step: 0.1508657513487356 in DGTransportTDO
Setting time step: 0.1508657513487356 in CombinedOp
Setting time step: 0.1508657513487356 in IonStaticPressureOp
norm(r_0) 0
norm(r_1) 0
norm(r_2) 0
norm(r_3) 23.90021126775368
norm(r_4) 0
Newton iteration  0 : ||r|| = 23.9002
   Pass :  1   Iteration :   0  ||B r|| = 3.68619e-07
norm(r_0) 0
norm(r_1) 0
norm(r_2) 0
norm(r_3) 23.90021126775368
norm(r_4) 0
Newton iteration  1 : ||r|| = 23.9002, ||r||/||r_0|| = 1
Setting time step: 0.1508657513487356 in DGTransportTDO
Setting time step: 0.1508657513487356 in CombinedOp
Setting time step: 0.1508657513487356 in IonStaticPressureOp
norm(r_0) 0
norm(r_1) 0
norm(r_2) 0
norm(r_3) 23.90021126775368
norm(r_4) 0
Newton iteration  0 : ||r|| = 23.9002
   Pass :  1   Iteration :   0  ||B r|| = 3.68619e-07
norm(r_0) 0
norm(r_1) 0
norm(r_2) 0
norm(r_3) 23.90021126775368
norm(r_4) 0
Newton iteration  1 : ||r|| = 23.9002, ||r||/||r_0|| = 1
Setting time step: 0.1508657513487356 in DGTransportTDO
Setting time step: 0.1508657513487356 in CombinedOp
Setting time step: 0.1508657513487356 in IonStaticPressureOp
norm(r_0) 0
norm(r_1) 0
norm(r_2) 0
norm(r_3) 23.90021126775368
norm(r_4) 0
Newton iteration  0 : ||r|| = 23.9002
   Pass :  1   Iteration :   0  ||B r|| = 3.68619e-07
norm(r_0) 0
norm(r_1) 0
norm(r_2) 0
norm(r_3) 23.90021126775368
norm(r_4) 0
Newton iteration  1 : ||r|| = 23.9002, ||r||/||r_0|| = 1
Time stepping paused at t = 2.413585313016789
Steady State solution has been reached

Time stepping done after 2.904105355s.
