Options used:
   --mesh ../../mfem/data/inline-quad.mesh
   --bc-file ../../mfem/miniapps/plasma/transport2d_bcs.inp
   --ic-file ../../mfem/miniapps/plasma/transport2d_ics.inp
   --ec-file /home/gz6/mfem-analysis/input-files/transport2d_ecs.inp
   --es-file ../../mfem/miniapps/plasma/transport2d_ess.inp
   --eqdsk-file 
   --logging 1
   --operator-test 8
   --equation-weights '1 1 1 1 1'
   --problem 0
   --refine-serial 4
   --refine-parallel 0
   --enable-amr
   --max-err -1
   --hysteresis 0.25
   --nc-limit 3
   --amr-weights '1 1 1 1 1'
   --order 1
   --dg-sigma -1
   --dg-kappa 4
   --linear-abs-tolerance 1e-06
   --linear-rel-tolerance 1e-06
   --linear-max-iterations 500
   --linear-logging-level 3
   --newton-abs-tolerance 1e-10
   --newton-rel-tolerance 1e-10
   --newton-max-iterations 1
   --newton-logging-level 1
   --steady-state-abs-tolerance 1e-08
   --steady-state-rel-tolerance 1e-08
   --prec-type 1
   --prec-logging-level 0
   --initial-tolerance 1e-05
   --ode-tolerance 0.001
   --ode-solver 2
   --err-per-step
   --ode-weights '1 1 1 1 1'
   --kP 0
   --kI 0.6
   --kD 0
   --theta-max 2
   --t-minimum 0
   --t-final 100
   --time-step 0.01
   --cfl-number 0.3
   --ion-charge 1
   --ion-mass 2.0141018
   --neutral-mass 2.0141018
   --neutral-temp 3
   --min-neutral-density 9e+14
   --max-neutral-density 1e+15
   --neutral-density-exp 0
   --min-ion-density 1e+16
   --max-ion-density 1e+18
   --ion-density-exp 0
   --min-ion-temp 1
   --max-ion-temp 10
   --ion-temp-exp 0
   --min-electron-temp 10
   --max-electron-temp 440
   --electron-temp-exp 0
   --total-B-magnitude 5
   --poloidal-B-magnitude 0.5
   --velocity 1000
   --Di-perp 1
   --Xi-perp 1
   --Xe-perp 1
   --equation-term-flags '-1 -1 -1 -1 -1'
   --visualization-flags '-1 -1 -1 -1 -1'
   --visualization
   --visit-datafiles
   --ascii-datafiles
   --visualization-steps 4
Device configuration: cpu
Memory configuration: host-std
Number of elements in initial mesh: 16
Number of elements after serial refinement: 4096
10: Number of elements in parallel mesh: 256
10: Number of elements after parallel refinement: 256
11: Number of elements in parallel mesh: 256
11: Number of elements after parallel refinement: 256
1: Number of elements in parallel mesh: 256
1: Number of elements after parallel refinement: 256
0: Number of elements in parallel mesh: 256
0: Number of elements after parallel refinement: 256
3: Number of elements in parallel mesh: 256
3: Number of elements after parallel refinement: 256
2: Number of elements in parallel mesh: 256
2: Number of elements after parallel refinement: 256
5: Number of elements in parallel mesh: 256
5: Number of elements after parallel refinement: 256
4: Number of elements in parallel mesh: 256
4: Number of elements after parallel refinement: 256
13: Number of elements in parallel mesh: 256
13: Number of elements after parallel refinement: 256
12: Number of elements in parallel mesh: 256
12: Number of elements after parallel refinement: 256
15: Number of elements in parallel mesh: 256
15: Number of elements after parallel refinement: 256
14: Number of elements in parallel mesh: 256
14: Number of elements after parallel refinement: 256
7: Number of elements in parallel mesh: 256
9: Number of elements in parallel mesh: 256
9: Number of elements after parallel refinement: 256
6: Number of elements in parallel mesh: 256
6: Number of elements after parallel refinement: 256
7: Number of elements after parallel refinement: 256
8: Number of elements in parallel mesh: 256
8: Number of elements after parallel refinement: 256
Configuring initial conditions
Reading initial conditions from ../../mfem/miniapps/plasma/transport2d_ics.inp
Configuring exact solutions
Reading exact solutions from ../../mfem/miniapps/plasma/transport2d_ess.inp

AMR iteration 0
Number of unknowns: 16384
Stopping criterion satisfied. Stop.
Number of unknowns per field: 16384
Total number of unknowns:     81920
Configuring boundary conditions
Reading boundary conditions from ../../mfem/miniapps/plasma/transport2d_bcs.inp
Configuring equation coefficients
Reading equation coefficients from /home/gz6/mfem-analysis/input-files/transport2d_ecs.inp
|mn| = 3.3444946e-27
|ni| = 1
|ne| = 1

|Dn|     = -nan
|Di|     = -nan
|Eta|    = -nan
|nXi|    = -nan
|nXe|    = -nan

|Eta/mn| = -nan
|nXi/ni| = -nan
|nXe/ne| = -nan
Ion Static Pressure: Adding time derivative term proportional to d n_i / dt
Ion Static Pressure: Adding time derivative term proportional to d T_i / dt
Ion Static Pressure: Adding anisotropic diffusion term
Ion Static Pressure: Adding source term
Opening GLVis sockets.
Range of error estimates for initial condition: -nan < elem err < -nan

Begin time stepping at t = 0
Setting time step: 0.0025 in DGTransportTDO
Setting time step: 0.0025 in CombinedOp
Setting time step: 0.0025 in IonStaticPressureOp
norm(r_0) 0
norm(r_1) 0
norm(r_2) 0
norm(r_3) 0.077106284
norm(r_4) 0
Newton iteration  0 : ||r|| = 0.0771063
   Pass :  1   Iteration :   0  ||B r|| = 615.204 ...
   Pass :  1   Iteration :  20  ||B r|| = 0.000553829
norm(r_0) 0
norm(r_1) 0
norm(r_2) 0
norm(r_3) 3.2498115e-05
norm(r_4) 0
Newton iteration  1 : ||r|| = 3.24981e-05, ||r||/||r_0|| = 0.000421472
Setting time step: 0.0025 in DGTransportTDO
Setting time step: 0.0025 in CombinedOp
Setting time step: 0.0025 in IonStaticPressureOp
norm(r_0) 0
norm(r_1) 0
norm(r_2) 0
norm(r_3) 0.072175692
norm(r_4) 0
Newton iteration  0 : ||r|| = 0.0721757
   Pass :  1   Iteration :   0  ||B r|| = 575.92 ...
   Pass :  1   Iteration :  20  ||B r|| = 0.000517594
norm(r_0) 0
norm(r_1) 0
norm(r_2) 0
norm(r_3) 3.0365228e-05
norm(r_4) 0
Newton iteration  1 : ||r|| = 3.03652e-05, ||r||/||r_0|| = 0.000420713
Setting time step: 0.0025 in DGTransportTDO
Setting time step: 0.0025 in CombinedOp
Setting time step: 0.0025 in IonStaticPressureOp
norm(r_0) 0
norm(r_1) 0
norm(r_2) 0
norm(r_3) 0.074122703
norm(r_4) 0
Newton iteration  0 : ||r|| = 0.0741227
   Pass :  1   Iteration :   0  ||B r|| = 591.435 ...
   Pass :  1   Iteration :  20  ||B r|| = 0.000531834
norm(r_0) 0
norm(r_1) 0
norm(r_2) 0
norm(r_3) 3.1203113e-05
norm(r_4) 0
Newton iteration  1 : ||r|| = 3.12031e-05, ||r||/||r_0|| = 0.000420966
Setting time step: 0.0025 in DGTransportTDO
Setting time step: 0.0025 in CombinedOp
Setting time step: 0.0025 in IonStaticPressureOp
norm(r_0) 0
norm(r_1) 0
norm(r_2) 0
norm(r_3) 0.074619744
norm(r_4) 0
Newton iteration  0 : ||r|| = 0.0746197
   Pass :  1   Iteration :   0  ||B r|| = 595.395 ...
   Pass :  1   Iteration :  20  ||B r|| = 0.000535503
norm(r_0) 0
norm(r_1) 0
norm(r_2) 0
norm(r_3) 3.1419143e-05
norm(r_4) 0
Newton iteration  1 : ||r|| = 3.14191e-05, ||r||/||r_0|| = 0.000421057
Setting time step: 0.0025 in DGTransportTDO
Setting time step: 0.0025 in CombinedOp
Setting time step: 0.0025 in IonStaticPressureOp
norm(r_0) 0
norm(r_1) 0
norm(r_2) 0
norm(r_3) 0.069795157
norm(r_4) 0
Newton iteration  0 : ||r|| = 0.0697952
   Pass :  1   Iteration :   0  ||B r|| = 556.94 ...
   Pass :  1   Iteration :  20  ||B r|| = 0.000500818
norm(r_0) 0
norm(r_1) 0
norm(r_2) 0
norm(r_3) 2.9379653e-05
norm(r_4) 0
Newton iteration  1 : ||r|| = 2.93797e-05, ||r||/||r_0|| = 0.000420941
Setting time step: 0.005 in DGTransportTDO
Setting time step: 0.005 in CombinedOp
Setting time step: 0.005 in IonStaticPressureOp
norm(r_0) 0
norm(r_1) 0
norm(r_2) 0
norm(r_3) 0.0675636
norm(r_4) 0
Newton iteration  0 : ||r|| = 0.0675636
   Pass :  1   Iteration :   0  ||B r|| = 472.108 ...
   Pass :  1   Iteration :  22  ||B r|| = 0.000313335
norm(r_0) 0
norm(r_1) 0
norm(r_2) 0
norm(r_3) 4.0126565e-05
norm(r_4) 0
Newton iteration  1 : ||r|| = 4.01266e-05, ||r||/||r_0|| = 0.000593908
Setting time step: 0.005 in DGTransportTDO
Setting time step: 0.005 in CombinedOp
Setting time step: 0.005 in IonStaticPressureOp
norm(r_0) 0
norm(r_1) 0
norm(r_2) 0
norm(r_3) 0.059190553
norm(r_4) 0
Newton iteration  0 : ||r|| = 0.0591906
   Pass :  1   Iteration :   0  ||B r|| = 413.627 ...
   Pass :  1   Iteration :  22  ||B r|| = 0.000274408
norm(r_0) 0
norm(r_1) 0
norm(r_2) 0
norm(r_3) 3.5137041e-05
norm(r_4) 0
Newton iteration  1 : ||r|| = 3.5137e-05, ||r||/||r_0|| = 0.000593626
Setting time step: 0.005 in DGTransportTDO
Setting time step: 0.005 in CombinedOp
Setting time step: 0.005 in IonStaticPressureOp
norm(r_0) 0
norm(r_1) 0
norm(r_2) 0
norm(r_3) 0.062456756
norm(r_4) 0
Newton iteration  0 : ||r|| = 0.0624568
   Pass :  1   Iteration :   0  ||B r|| = 436.441 ...
   Pass :  1   Iteration :  22  ||B r|| = 0.000289584
norm(r_0) 0
norm(r_1) 0
norm(r_2) 0
norm(r_3) 3.7081959e-05
norm(r_4) 0
Newton iteration  1 : ||r|| = 3.7082e-05, ||r||/||r_0|| = 0.000593722
Setting time step: 0.005 in DGTransportTDO
Setting time step: 0.005 in CombinedOp
Setting time step: 0.005 in IonStaticPressureOp
norm(r_0) 0
norm(r_1) 0
norm(r_2) 0
norm(r_3) 0.063307443
norm(r_4) 0
Newton iteration  0 : ||r|| = 0.0633074
   Pass :  1   Iteration :   0  ||B r|| = 442.382 ...
   Pass :  1   Iteration :  22  ||B r|| = 0.000293541
norm(r_0) 0
norm(r_1) 0
norm(r_2) 0
norm(r_3) 3.7589216e-05
norm(r_4) 0
Newton iteration  1 : ||r|| = 3.75892e-05, ||r||/||r_0|| = 0.000593757
Setting time step: 0.005 in DGTransportTDO
Setting time step: 0.005 in CombinedOp
Setting time step: 0.005 in IonStaticPressureOp
norm(r_0) 0
norm(r_1) 0
norm(r_2) 0
norm(r_3) 0.055301928
norm(r_4) 0
Newton iteration  0 : ||r|| = 0.0553019
   Pass :  1   Iteration :   0  ||B r|| = 386.458 ...
   Pass :  1   Iteration :  22  ||B r|| = 0.00025642
norm(r_0) 0
norm(r_1) 0
norm(r_2) 0
norm(r_3) 3.2833512e-05
norm(r_4) 0
Newton iteration  1 : ||r|| = 3.28335e-05, ||r||/||r_0|| = 0.000593714
Setting time step: 0.01 in DGTransportTDO
Setting time step: 0.01 in CombinedOp
Setting time step: 0.01 in IonStaticPressureOp
norm(r_0) 0
norm(r_1) 0
norm(r_2) 0
norm(r_3) 0.051875158
norm(r_4) 0
Newton iteration  0 : ||r|| = 0.0518752
   Pass :  1   Iteration :   0  ||B r|| = 288.62 ...
   Pass :  1   Iteration :  23  ||B r|| = 0.000225545
norm(r_0) 0
norm(r_1) 0
norm(r_2) 0
norm(r_3) 5.177994e-05
norm(r_4) 0
Newton iteration  1 : ||r|| = 5.17799e-05, ||r||/||r_0|| = 0.000998164
Setting time step: 0.01 in DGTransportTDO
Setting time step: 0.01 in CombinedOp
Setting time step: 0.01 in IonStaticPressureOp
norm(r_0) 0
norm(r_1) 0
norm(r_2) 0
norm(r_3) 0.039767911
norm(r_4) 0
Newton iteration  0 : ||r|| = 0.0397679
   Pass :  1   Iteration :   0  ||B r|| = 221.264 ...
   Pass :  1   Iteration :  23  ||B r|| = 0.000172878
norm(r_0) 0
norm(r_1) 0
norm(r_2) 0
norm(r_3) 3.9688721e-05
norm(r_4) 0
Newton iteration  1 : ||r|| = 3.96887e-05, ||r||/||r_0|| = 0.000998009
Setting time step: 0.01 in DGTransportTDO
Setting time step: 0.01 in CombinedOp
Setting time step: 0.01 in IonStaticPressureOp
norm(r_0) 0
norm(r_1) 0
norm(r_2) 0
norm(r_3) 0.04438472
norm(r_4) 0
Newton iteration  0 : ||r|| = 0.0443847
   Pass :  1   Iteration :   0  ||B r|| = 246.949 ...
   Pass :  1   Iteration :  23  ||B r|| = 0.000192958
norm(r_0) 0
norm(r_1) 0
norm(r_2) 0
norm(r_3) 4.4298627e-05
norm(r_4) 0
Newton iteration  1 : ||r|| = 4.42986e-05, ||r||/||r_0|| = 0.00099806
Setting time step: 0.01 in DGTransportTDO
Setting time step: 0.01 in CombinedOp
Setting time step: 0.01 in IonStaticPressureOp
norm(r_0) 0
norm(r_1) 0
norm(r_2) 0
norm(r_3) 0.045633241
norm(r_4) 0
Newton iteration  0 : ||r|| = 0.0456332
   Pass :  1   Iteration :   0  ||B r|| = 253.895 ...
   Pass :  1   Iteration :  23  ||B r|| = 0.00019839
norm(r_0) 0
norm(r_1) 0
norm(r_2) 0
norm(r_3) 4.5545734e-05
norm(r_4) 0
Newton iteration  1 : ||r|| = 4.55457e-05, ||r||/||r_0|| = 0.000998082
Setting time step: 0.01 in DGTransportTDO
Setting time step: 0.01 in CombinedOp
Setting time step: 0.01 in IonStaticPressureOp
norm(r_0) 0
norm(r_1) 0
norm(r_2) 0
norm(r_3) 0.034622766
norm(r_4) 0
Newton iteration  0 : ||r|| = 0.0346228
   Pass :  1   Iteration :   0  ||B r|| = 192.636 ...
   Pass :  1   Iteration :  23  ||B r|| = 0.000150542
norm(r_0) 0
norm(r_1) 0
norm(r_2) 0
norm(r_3) 3.4561413e-05
norm(r_4) 0
Newton iteration  1 : ||r|| = 3.45614e-05, ||r||/||r_0|| = 0.000998228
Setting time step: 0.02 in DGTransportTDO
Setting time step: 0.02 in CombinedOp
Setting time step: 0.02 in IonStaticPressureOp
norm(r_0) 0
norm(r_1) 0
norm(r_2) 0
norm(r_3) 0.030582116
norm(r_4) 0
Newton iteration  0 : ||r|| = 0.0305821
   Pass :  1   Iteration :   0  ||B r|| = 125.1 ...
   Pass :  1   Iteration :  24  ||B r|| = 0.000105675
norm(r_0) 0
norm(r_1) 0
norm(r_2) 0
norm(r_3) 4.7743412e-05
norm(r_4) 0
Newton iteration  1 : ||r|| = 4.77434e-05, ||r||/||r_0|| = 0.00156115
Setting time step: 0.02 in DGTransportTDO
Setting time step: 0.02 in CombinedOp
Setting time step: 0.02 in IonStaticPressureOp
norm(r_0) 0
norm(r_1) 0
norm(r_2) 0
norm(r_3) 0.017798852
norm(r_4) 0
Newton iteration  0 : ||r|| = 0.0177989
   Pass :  1   Iteration :   0  ||B r|| = 72.8072 ...
   Pass :  1   Iteration :  24  ||B r|| = 6.14972e-05
norm(r_0) 0
norm(r_1) 0
norm(r_2) 0
norm(r_3) 2.7783808e-05
norm(r_4) 0
Newton iteration  1 : ||r|| = 2.77838e-05, ||r||/||r_0|| = 0.00156099
Setting time step: 0.02 in DGTransportTDO
Setting time step: 0.02 in CombinedOp
Setting time step: 0.02 in IonStaticPressureOp
norm(r_0) 0
norm(r_1) 0
norm(r_2) 0
norm(r_3) 0.022484592
norm(r_4) 0
Newton iteration  0 : ||r|| = 0.0224846
   Pass :  1   Iteration :   0  ||B r|| = 91.9755 ...
   Pass :  1   Iteration :  24  ||B r|| = 7.76902e-05
norm(r_0) 0
norm(r_1) 0
norm(r_2) 0
norm(r_3) 3.5099825e-05
norm(r_4) 0
Newton iteration  1 : ||r|| = 3.50998e-05, ||r||/||r_0|| = 0.00156106
Setting time step: 0.02 in DGTransportTDO
Setting time step: 0.02 in CombinedOp
Setting time step: 0.02 in IonStaticPressureOp
norm(r_0) 0
norm(r_1) 0
norm(r_2) 0
norm(r_3) 0.023838745
norm(r_4) 0
Newton iteration  0 : ||r|| = 0.0238387
   Pass :  1   Iteration :   0  ||B r|| = 97.515 ...
   Pass :  1   Iteration :  24  ||B r|| = 8.23703e-05
norm(r_0) 0
norm(r_1) 0
norm(r_2) 0
norm(r_3) 3.7214338e-05
norm(r_4) 0
Newton iteration  1 : ||r|| = 3.72143e-05, ||r||/||r_0|| = 0.00156109
Setting time step: 0.02 in DGTransportTDO
Setting time step: 0.02 in CombinedOp
Setting time step: 0.02 in IonStaticPressureOp
norm(r_0) 0
norm(r_1) 0
norm(r_2) 0
norm(r_3) 0.013453493
norm(r_4) 0
Newton iteration  0 : ||r|| = 0.0134535
   Pass :  1   Iteration :   0  ||B r|| = 55.0289 ...
   Pass :  1   Iteration :  24  ||B r|| = 4.64877e-05
norm(r_0) 0
norm(r_1) 0
norm(r_2) 0
norm(r_3) 2.1003618e-05
norm(r_4) 0
Newton iteration  1 : ||r|| = 2.10036e-05, ||r||/||r_0|| = 0.0015612
Time stepping paused at t = 0.15

Estimating errors.
No refinements necessary.
No derefinements needed.

AMR iteration 1
Number of unknowns: 16384
Setting time step: 0.019629461 in DGTransportTDO
Setting time step: 0.019629461 in CombinedOp
Setting time step: 0.019629461 in IonStaticPressureOp
norm(r_0) 0
norm(r_1) 0
norm(r_2) 0
norm(r_3) 0.010640833
norm(r_4) 0
Newton iteration  0 : ||r|| = 0.0106408
   Pass :  1   Iteration :   0  ||B r|| = 43.9666 ...
   Pass :  1   Iteration :  24  ||B r|| = 3.66454e-05
norm(r_0) 0
norm(r_1) 0
norm(r_2) 0
norm(r_3) 1.624987e-05
norm(r_4) 0
Newton iteration  1 : ||r|| = 1.62499e-05, ||r||/||r_0|| = 0.00152712
Setting time step: 0.019629461 in DGTransportTDO
Setting time step: 0.019629461 in CombinedOp
Setting time step: 0.019629461 in IonStaticPressureOp
norm(r_0) 0
norm(r_1) 0
norm(r_2) 0
norm(r_3) 0.0062582935
norm(r_4) 0
Newton iteration  0 : ||r|| = 0.00625829
   Pass :  1   Iteration :   0  ||B r|| = 25.8585 ...
   Pass :  1   Iteration :  24  ||B r|| = 2.15523e-05
norm(r_0) 0
norm(r_1) 0
norm(r_2) 0
norm(r_3) 9.5569843e-06
norm(r_4) 0
Newton iteration  1 : ||r|| = 9.55698e-06, ||r||/||r_0|| = 0.00152709
Setting time step: 0.019629461 in DGTransportTDO
Setting time step: 0.019629461 in CombinedOp
Setting time step: 0.019629461 in IonStaticPressureOp
norm(r_0) 0
norm(r_1) 0
norm(r_2) 0
norm(r_3) 0.0078669093
norm(r_4) 0
Newton iteration  0 : ||r|| = 0.00786691
   Pass :  1   Iteration :   0  ||B r|| = 32.5051 ...
   Pass :  1   Iteration :  24  ||B r|| = 2.70922e-05
norm(r_0) 0
norm(r_1) 0
norm(r_2) 0
norm(r_3) 1.2013584e-05
norm(r_4) 0
Newton iteration  1 : ||r|| = 1.20136e-05, ||r||/||r_0|| = 0.0015271
Setting time step: 0.019629461 in DGTransportTDO
Setting time step: 0.019629461 in CombinedOp
Setting time step: 0.019629461 in IonStaticPressureOp
norm(r_0) 0
norm(r_1) 0
norm(r_2) 0
norm(r_3) 0.0083307401
norm(r_4) 0
Newton iteration  0 : ||r|| = 0.00833074
   Pass :  1   Iteration :   0  ||B r|| = 34.4216 ...
   Pass :  1   Iteration :  24  ||B r|| = 2.86896e-05
norm(r_0) 0
norm(r_1) 0
norm(r_2) 0
norm(r_3) 1.2721942e-05
norm(r_4) 0
Newton iteration  1 : ||r|| = 1.27219e-05, ||r||/||r_0|| = 0.00152711
Setting time step: 0.019629461 in DGTransportTDO
Setting time step: 0.019629461 in CombinedOp
Setting time step: 0.019629461 in IonStaticPressureOp
norm(r_0) 0
norm(r_1) 0
norm(r_2) 0
norm(r_3) 0.0047542394
norm(r_4) 0
Newton iteration  0 : ||r|| = 0.00475424
   Pass :  1   Iteration :   0  ||B r|| = 19.6439 ...
   Pass :  1   Iteration :  24  ||B r|| = 1.63732e-05
norm(r_0) 0
norm(r_1) 0
norm(r_2) 0
norm(r_3) 7.2605123e-06
norm(r_4) 0
Newton iteration  1 : ||r|| = 7.26051e-06, ||r||/||r_0|| = 0.00152717
Setting time step: 0.038722265 in DGTransportTDO
Setting time step: 0.038722265 in CombinedOp
Setting time step: 0.038722265 in IonStaticPressureOp
norm(r_0) 0
norm(r_1) 0
norm(r_2) 0
norm(r_3) 0.003775196
norm(r_4) 0
Newton iteration  0 : ||r|| = 0.0037752
   Pass :  1   Iteration :   0  ||B r|| = 10.3622 ...
   Pass :  1   Iteration :  25  ||B r|| = 8.44698e-06
norm(r_0) 0
norm(r_1) 0
norm(r_2) 0
norm(r_3) 6.4512775e-06
norm(r_4) 0
Newton iteration  1 : ||r|| = 6.45128e-06, ||r||/||r_0|| = 0.00170886
Setting time step: 0.038722265 in DGTransportTDO
Setting time step: 0.038722265 in CombinedOp
Setting time step: 0.038722265 in IonStaticPressureOp
norm(r_0) 0
norm(r_1) 0
norm(r_2) 0
norm(r_3) 0.0012199589
norm(r_4) 0
Newton iteration  0 : ||r|| = 0.00121996
   Pass :  1   Iteration :   0  ||B r|| = 3.3482 ...
   Pass :  1   Iteration :  25  ||B r|| = 2.72915e-06
norm(r_0) 0
norm(r_1) 0
norm(r_2) 0
norm(r_3) 2.0843215e-06
norm(r_4) 0
Newton iteration  1 : ||r|| = 2.08432e-06, ||r||/||r_0|| = 0.00170852
Setting time step: 0.038722265 in DGTransportTDO
Setting time step: 0.038722265 in CombinedOp
Setting time step: 0.038722265 in IonStaticPressureOp
norm(r_0) 0
norm(r_1) 0
norm(r_2) 0
norm(r_3) 0.0021036409
norm(r_4) 0
Newton iteration  0 : ||r|| = 0.00210364
   Pass :  1   Iteration :   0  ||B r|| = 5.77398 ...
   Pass :  1   Iteration :  25  ||B r|| = 4.70662e-06
norm(r_0) 0
norm(r_1) 0
norm(r_2) 0
norm(r_3) 3.5945983e-06
norm(r_4) 0
Newton iteration  1 : ||r|| = 3.5946e-06, ||r||/||r_0|| = 0.00170875
Setting time step: 0.038722265 in DGTransportTDO
Setting time step: 0.038722265 in CombinedOp
Setting time step: 0.038722265 in IonStaticPressureOp
norm(r_0) 0
norm(r_1) 0
norm(r_2) 0
norm(r_3) 0.0023856883
norm(r_4) 0
Newton iteration  0 : ||r|| = 0.00238569
   Pass :  1   Iteration :   0  ||B r|| = 6.5482 ...
   Pass :  1   Iteration :  25  ||B r|| = 5.33778e-06
norm(r_0) 0
norm(r_1) 0
norm(r_2) 0
norm(r_3) 4.0766452e-06
norm(r_4) 0
Newton iteration  1 : ||r|| = 4.07665e-06, ||r||/||r_0|| = 0.00170879
Setting time step: 0.038722265 in DGTransportTDO
Setting time step: 0.038722265 in CombinedOp
Setting time step: 0.038722265 in IonStaticPressureOp
norm(r_0) 0
norm(r_1) 0
norm(r_2) 0
norm(r_3) 0.00076625706
norm(r_4) 0
Newton iteration  0 : ||r|| = 0.000766257
   Pass :  1   Iteration :   0  ||B r|| = 2.10139 ...
   Pass :  1   Iteration :  25  ||B r|| = 1.71335e-06
norm(r_0) 0
norm(r_1) 0
norm(r_2) 0
norm(r_3) 1.3086082e-06
norm(r_4) 0
Newton iteration  1 : ||r|| = 1.30861e-06, ||r||/||r_0|| = 0.00170779
Setting time step: 0.042418121 in DGTransportTDO
Setting time step: 0.042418121 in CombinedOp
Setting time step: 0.042418121 in IonStaticPressureOp
norm(r_0) 0
norm(r_1) 0
norm(r_2) 0
norm(r_3) 0.00050648069
norm(r_4) 0
Newton iteration  0 : ||r|| = 0.000506481
   Pass :  1   Iteration :   0  ||B r|| = 1.39914 ...
   Pass :  1   Iteration :  25  ||B r|| = 1.10502e-06
norm(r_0) 0
norm(r_1) 0
norm(r_2) 0
norm(r_3) 9.2896155e-07
norm(r_4) 0
Newton iteration  1 : ||r|| = 9.28962e-07, ||r||/||r_0|| = 0.00183415
Setting time step: 0.042418121 in DGTransportTDO
Setting time step: 0.042418121 in CombinedOp
Setting time step: 0.042418121 in IonStaticPressureOp
norm(r_0) 0
norm(r_1) 0
norm(r_2) 0
norm(r_3) 0.00014268613
norm(r_4) 0
Newton iteration  0 : ||r|| = 0.000142686
   Pass :  1   Iteration :   0  ||B r|| = 0.394159 ...
   Pass :  1   Iteration :  23  ||B r|| = 7.61694e-07
norm(r_0) 0
norm(r_1) 0
norm(r_2) 0
norm(r_3) 6.3560573e-07
norm(r_4) 0
Newton iteration  1 : ||r|| = 6.35606e-07, ||r||/||r_0|| = 0.00445457
Setting time step: 0.042418121 in DGTransportTDO
Setting time step: 0.042418121 in CombinedOp
Setting time step: 0.042418121 in IonStaticPressureOp
norm(r_0) 0
norm(r_1) 0
norm(r_2) 0
norm(r_3) 0.00026729861
norm(r_4) 0
Newton iteration  0 : ||r|| = 0.000267299
   Pass :  1   Iteration :   0  ||B r|| = 0.738402 ...
   Pass :  1   Iteration :  24  ||B r|| = 9.24089e-07
norm(r_0) 0
norm(r_1) 0
norm(r_2) 0
norm(r_3) 8.0460573e-07
norm(r_4) 0
Newton iteration  1 : ||r|| = 8.04606e-07, ||r||/||r_0|| = 0.00301014
Setting time step: 0.042418121 in DGTransportTDO
Setting time step: 0.042418121 in CombinedOp
Setting time step: 0.042418121 in IonStaticPressureOp
norm(r_0) 0
norm(r_1) 0
norm(r_2) 0
norm(r_3) 0.00030773369
norm(r_4) 0
Newton iteration  0 : ||r|| = 0.000307734
   Pass :  1   Iteration :   0  ||B r|| = 0.850105 ...
   Pass :  1   Iteration :  25  ||B r|| = 6.71401e-07
norm(r_0) 0
norm(r_1) 0
norm(r_2) 0
norm(r_3) 5.6443627e-07
norm(r_4) 0
Newton iteration  1 : ||r|| = 5.64436e-07, ||r||/||r_0|| = 0.00183417
Setting time step: 0.042418121 in DGTransportTDO
Setting time step: 0.042418121 in CombinedOp
Setting time step: 0.042418121 in IonStaticPressureOp
norm(r_0) 0
norm(r_1) 0
norm(r_2) 0
norm(r_3) 9.7575285e-05
norm(r_4) 0
Newton iteration  0 : ||r|| = 9.75753e-05
   Pass :  1   Iteration :   0  ||B r|| = 0.246639 ...
   Pass :  1   Iteration :  22  ||B r|| = 7.13887e-07
norm(r_0) 0
norm(r_1) 0
norm(r_2) 0
norm(r_3) 5.2865361e-07
norm(r_4) 0
Newton iteration  1 : ||r|| = 5.28654e-07, ||r||/||r_0|| = 0.0054179
Setting time step: 0.084836242 in DGTransportTDO
Setting time step: 0.084836242 in CombinedOp
Setting time step: 0.084836242 in IonStaticPressureOp
norm(r_0) 0
norm(r_1) 0
norm(r_2) 0
norm(r_3) 5.7220653e-05
norm(r_4) 0
Newton iteration  0 : ||r|| = 5.72207e-05
   Pass :  1   Iteration :   0  ||B r|| = 0.0918464 ...
   Pass :  1   Iteration :  20  ||B r|| = 8.82957e-07
norm(r_0) 0
norm(r_1) 0
norm(r_2) 0
norm(r_3) 1.2824217e-06
norm(r_4) 0
Newton iteration  1 : ||r|| = 1.28242e-06, ||r||/||r_0|| = 0.0224119
Setting time step: 0.084836242 in DGTransportTDO
Setting time step: 0.084836242 in CombinedOp
Setting time step: 0.084836242 in IonStaticPressureOp
norm(r_0) 0
norm(r_1) 0
norm(r_2) 0
norm(r_3) 4.0141421e-06
norm(r_4) 0
Newton iteration  0 : ||r|| = 4.01414e-06
   Pass :  1   Iteration :   0  ||B r|| = 0.00523396 ...
   Pass :  1   Iteration :  13  ||B r|| = 9.29472e-07
norm(r_0) 0
norm(r_1) 0
norm(r_2) 0
norm(r_3) 1.2674906e-06
norm(r_4) 0
Newton iteration  1 : ||r|| = 1.26749e-06, ||r||/||r_0|| = 0.315756
Setting time step: 0.084836242 in DGTransportTDO
Setting time step: 0.084836242 in CombinedOp
Setting time step: 0.084836242 in IonStaticPressureOp
norm(r_0) 0
norm(r_1) 0
norm(r_2) 0
norm(r_3) 1.5943985e-05
norm(r_4) 0
Newton iteration  0 : ||r|| = 1.5944e-05
   Pass :  1   Iteration :   0  ||B r|| = 0.0253888 ...
   Pass :  1   Iteration :  17  ||B r|| = 7.78922e-07
norm(r_0) 0
norm(r_1) 0
norm(r_2) 0
norm(r_3) 1.1360561e-06
norm(r_4) 0
Newton iteration  1 : ||r|| = 1.13606e-06, ||r||/||r_0|| = 0.071253
Setting time step: 0.084836242 in DGTransportTDO
Setting time step: 0.084836242 in CombinedOp
Setting time step: 0.084836242 in IonStaticPressureOp
norm(r_0) 0
norm(r_1) 0
norm(r_2) 0
norm(r_3) 2.3007208e-05
norm(r_4) 0
Newton iteration  0 : ||r|| = 2.30072e-05
   Pass :  1   Iteration :   0  ||B r|| = 0.036843 ...
   Pass :  1   Iteration :  18  ||B r|| = 7.59886e-07
norm(r_0) 0
norm(r_1) 0
norm(r_2) 0
norm(r_3) 1.0718618e-06
norm(r_4) 0
Newton iteration  1 : ||r|| = 1.07186e-06, ||r||/||r_0|| = 0.0465881
Setting time step: 0.084836242 in DGTransportTDO
Setting time step: 0.084836242 in CombinedOp
Setting time step: 0.084836242 in IonStaticPressureOp
norm(r_0) 0
norm(r_1) 0
norm(r_2) 0
norm(r_3) 6.3212444e-05
norm(r_4) 0
Newton iteration  0 : ||r|| = 6.32124e-05
   Pass :  1   Iteration :   0  ||B r|| = 0.0106795 ...
   Pass :  1   Iteration :  15  ||B r|| = 7.47944e-07
norm(r_0) 0
norm(r_1) 0
norm(r_2) 0
norm(r_3) 1.0151127e-06
norm(r_4) 0
Newton iteration  1 : ||r|| = 1.01511e-06, ||r||/||r_0|| = 0.0160587
Time stepping paused at t = 0.89242436

Estimating errors.
No refinements necessary.
No derefinements needed.

AMR iteration 2
Number of unknowns: 16384
Setting time step: 0.16967248 in DGTransportTDO
Setting time step: 0.16967248 in CombinedOp
Setting time step: 0.16967248 in IonStaticPressureOp
norm(r_0) 0
norm(r_1) 0
norm(r_2) 0
norm(r_3) 3.2999354e-06
norm(r_4) 0
Newton iteration  0 : ||r|| = 3.29994e-06
   Pass :  1   Iteration :   0  ||B r|| = 0.00274069 ...
   Pass :  1   Iteration :  12  ||B r|| = 9.77518e-07
norm(r_0) 0
norm(r_1) 0
norm(r_2) 0
norm(r_3) 2.6717765e-06
norm(r_4) 0
Newton iteration  1 : ||r|| = 2.67178e-06, ||r||/||r_0|| = 0.809645
Setting time step: 0.16967248 in DGTransportTDO
Setting time step: 0.16967248 in CombinedOp
Setting time step: 0.16967248 in IonStaticPressureOp
norm(r_0) 0
norm(r_1) 0
norm(r_2) 0
norm(r_3) 5.6886763e-06
norm(r_4) 0
Newton iteration  0 : ||r|| = 5.68868e-06
   Pass :  1   Iteration :   0  ||B r|| = 0.00104962 ...
   Pass :  1   Iteration :  10  ||B r|| = 9.32067e-07
norm(r_0) 0
norm(r_1) 0
norm(r_2) 0
norm(r_3) 2.5432837e-06
norm(r_4) 0
Newton iteration  1 : ||r|| = 2.54328e-06, ||r||/||r_0|| = 0.447078
Setting time step: 0.16967248 in DGTransportTDO
Setting time step: 0.16967248 in CombinedOp
Setting time step: 0.16967248 in IonStaticPressureOp
norm(r_0) 0
norm(r_1) 0
norm(r_2) 0
norm(r_3) 4.841773e-06
norm(r_4) 0
Newton iteration  0 : ||r|| = 4.84177e-06
   Pass :  1   Iteration :   0  ||B r|| = 4.71528e-05 ...
   Pass :  1   Iteration :   5  ||B r|| = 8.12454e-07
norm(r_0) 0
norm(r_1) 0
norm(r_2) 0
norm(r_3) 2.2689045e-06
norm(r_4) 0
Newton iteration  1 : ||r|| = 2.2689e-06, ||r||/||r_0|| = 0.46861
Setting time step: 0.16967248 in DGTransportTDO
Setting time step: 0.16967248 in CombinedOp
Setting time step: 0.16967248 in IonStaticPressureOp
norm(r_0) 0
norm(r_1) 0
norm(r_2) 0
norm(r_3) 3.7112793e-06
norm(r_4) 0
Newton iteration  0 : ||r|| = 3.71128e-06
   Pass :  1   Iteration :   0  ||B r|| = 0.00052286 ...
   Pass :  1   Iteration :   9  ||B r|| = 7.65353e-07
norm(r_0) 0
norm(r_1) 0
norm(r_2) 0
norm(r_3) 1.5492203e-06
norm(r_4) 0
Newton iteration  1 : ||r|| = 1.54922e-06, ||r||/||r_0|| = 0.417436
Setting time step: 0.16967248 in DGTransportTDO
Setting time step: 0.16967248 in CombinedOp
Setting time step: 0.16967248 in IonStaticPressureOp
norm(r_0) 0
norm(r_1) 0
norm(r_2) 0
norm(r_3) 5.4632453e-05
norm(r_4) 0
Newton iteration  0 : ||r|| = 5.46325e-05
   Pass :  1   Iteration :   0  ||B r|| = 0.00109165 ...
   Pass :  1   Iteration :  10  ||B r|| = 8.3875e-07
norm(r_0) 0
norm(r_1) 0
norm(r_2) 0
norm(r_3) 2.6466875e-06
norm(r_4) 0
Newton iteration  1 : ||r|| = 2.64669e-06, ||r||/||r_0|| = 0.0484453
Setting time step: 0.33934497 in DGTransportTDO
Setting time step: 0.33934497 in CombinedOp
Setting time step: 0.33934497 in IonStaticPressureOp
norm(r_0) 0
norm(r_1) 0
norm(r_2) 0
norm(r_3) 2.6781483e-06
norm(r_4) 0
Newton iteration  0 : ||r|| = 2.67815e-06
   Pass :  1   Iteration :   0  ||B r|| = 0.000183067 ...
   Pass :  1   Iteration :   7  ||B r|| = 7.39785e-07
norm(r_0) 0
norm(r_1) 0
norm(r_2) 0
norm(r_3) 3.4341764e-06
norm(r_4) 0
Newton iteration  1 : ||r|| = 3.43418e-06, ||r||/||r_0|| = 1.2823
Setting time step: 0.33934497 in DGTransportTDO
Setting time step: 0.33934497 in CombinedOp
Setting time step: 0.33934497 in IonStaticPressureOp
norm(r_0) 0
norm(r_1) 0
norm(r_2) 0
norm(r_3) 6.5544189e-06
norm(r_4) 0
Newton iteration  0 : ||r|| = 6.55442e-06
   Pass :  1   Iteration :   0  ||B r|| = 0.000115695 ...
   Pass :  1   Iteration :   6  ||B r|| = 7.51806e-07
norm(r_0) 0
norm(r_1) 0
norm(r_2) 0
norm(r_3) 3.5003017e-06
norm(r_4) 0
Newton iteration  1 : ||r|| = 3.5003e-06, ||r||/||r_0|| = 0.534037
Setting time step: 0.33934497 in DGTransportTDO
Setting time step: 0.33934497 in CombinedOp
Setting time step: 0.33934497 in IonStaticPressureOp
norm(r_0) 0
norm(r_1) 0
norm(r_2) 0
norm(r_3) 5.0961895e-06
norm(r_4) 0
Newton iteration  0 : ||r|| = 5.09619e-06
   Pass :  1   Iteration :   0  ||B r|| = 3.52821e-05 ...
   Pass :  1   Iteration :   3  ||B r|| = 6.72262e-07
norm(r_0) 0
norm(r_1) 0
norm(r_2) 0
norm(r_3) 5.0123736e-06
norm(r_4) 0
Newton iteration  1 : ||r|| = 5.01237e-06, ||r||/||r_0|| = 0.983553
Setting time step: 0.33934497 in DGTransportTDO
Setting time step: 0.33934497 in CombinedOp
Setting time step: 0.33934497 in IonStaticPressureOp
norm(r_0) 0
norm(r_1) 0
norm(r_2) 0
norm(r_3) 3.4903337e-06
norm(r_4) 0
Newton iteration  0 : ||r|| = 3.49033e-06
   Pass :  1   Iteration :   0  ||B r|| = 4.36778e-06 ...
   Pass :  1   Iteration :   1  ||B r|| = 9.96629e-07
norm(r_0) 0
norm(r_1) 0
norm(r_2) 0
norm(r_3) 2.0699318e-06
norm(r_4) 0
Newton iteration  1 : ||r|| = 2.06993e-06, ||r||/||r_0|| = 0.593047
Setting time step: 0.33934497 in DGTransportTDO
Setting time step: 0.33934497 in CombinedOp
Setting time step: 0.33934497 in IonStaticPressureOp
norm(r_0) 0
norm(r_1) 0
norm(r_2) 0
norm(r_3) 0.00015869014
norm(r_4) 0
Newton iteration  0 : ||r|| = 0.00015869
   Pass :  1   Iteration :   0  ||B r|| = 0.000215159 ...
   Pass :  1   Iteration :   9  ||B r|| = 5.59e-07
norm(r_0) 0
norm(r_1) 0
norm(r_2) 0
norm(r_3) 3.9264158e-06
norm(r_4) 0
Newton iteration  1 : ||r|| = 3.92642e-06, ||r||/||r_0|| = 0.0247427
Setting time step: 0.67868993 in DGTransportTDO
Setting time step: 0.67868993 in CombinedOp
Setting time step: 0.67868993 in IonStaticPressureOp
norm(r_0) 0
norm(r_1) 0
norm(r_2) 0
norm(r_3) 3.9273129e-06
norm(r_4) 0
Newton iteration  0 : ||r|| = 3.92731e-06
   Pass :  1   Iteration :   0  ||B r|| = 1.39259e-06 ...
   Pass :  1   Iteration :   2  ||B r|| = 4.06907e-07
norm(r_0) 0
norm(r_1) 0
norm(r_2) 0
norm(r_3) 2.8764137e-06
norm(r_4) 0
Newton iteration  1 : ||r|| = 2.87641e-06, ||r||/||r_0|| = 0.732413
Setting time step: 0.67868993 in DGTransportTDO
Setting time step: 0.67868993 in CombinedOp
Setting time step: 0.67868993 in IonStaticPressureOp
norm(r_0) 0
norm(r_1) 0
norm(r_2) 0
norm(r_3) 9.1406073e-06
norm(r_4) 0
Newton iteration  0 : ||r|| = 9.14061e-06
   Pass :  1   Iteration :   0  ||B r|| = 1.13044e-06 ...
   Pass :  1   Iteration :   1  ||B r|| = 7.05904e-07
norm(r_0) 0
norm(r_1) 0
norm(r_2) 0
norm(r_3) 3.5426652e-06
norm(r_4) 0
Newton iteration  1 : ||r|| = 3.54267e-06, ||r||/||r_0|| = 0.387574
Setting time step: 0.67868993 in DGTransportTDO
Setting time step: 0.67868993 in CombinedOp
Setting time step: 0.67868993 in IonStaticPressureOp
norm(r_0) 0
norm(r_1) 0
norm(r_2) 0
norm(r_3) 6.7218859e-06
norm(r_4) 0
Newton iteration  0 : ||r|| = 6.72189e-06
   Pass :  1   Iteration :   0  ||B r|| = 6.28448e-07
norm(r_0) 0
norm(r_1) 0
norm(r_2) 0
norm(r_3) 6.7218859e-06
norm(r_4) 0
Newton iteration  1 : ||r|| = 6.72189e-06, ||r||/||r_0|| = 1
Setting time step: 0.67868993 in DGTransportTDO
Setting time step: 0.67868993 in CombinedOp
Setting time step: 0.67868993 in IonStaticPressureOp
norm(r_0) 0
norm(r_1) 0
norm(r_2) 0
norm(r_3) 5.4566559e-06
norm(r_4) 0
Newton iteration  0 : ||r|| = 5.45666e-06
   Pass :  1   Iteration :   0  ||B r|| = 5.26347e-07
norm(r_0) 0
norm(r_1) 0
norm(r_2) 0
norm(r_3) 5.4566559e-06
norm(r_4) 0
Newton iteration  1 : ||r|| = 5.45666e-06, ||r||/||r_0|| = 1
Setting time step: 0.67868993 in DGTransportTDO
Setting time step: 0.67868993 in CombinedOp
Setting time step: 0.67868993 in IonStaticPressureOp
norm(r_0) 0
norm(r_1) 0
norm(r_2) 0
norm(r_3) 6.646641e-05
norm(r_4) 0
Newton iteration  0 : ||r|| = 6.64664e-05
   Pass :  1   Iteration :   0  ||B r|| = 6.69351e-06 ...
   Pass :  1   Iteration :   2  ||B r|| = 7.30278e-07
norm(r_0) 0
norm(r_1) 0
norm(r_2) 0
norm(r_3) 5.1641443e-06
norm(r_4) 0
Newton iteration  1 : ||r|| = 5.16414e-06, ||r||/||r_0|| = 0.0776955
Setting time step: 1.3573799 in DGTransportTDO
Setting time step: 1.3573799 in CombinedOp
Setting time step: 1.3573799 in IonStaticPressureOp
norm(r_0) 0
norm(r_1) 0
norm(r_2) 0
norm(r_3) 5.1641525e-06
norm(r_4) 0
Newton iteration  0 : ||r|| = 5.16415e-06
   Pass :  1   Iteration :   0  ||B r|| = 3.88763e-07
norm(r_0) 0
norm(r_1) 0
norm(r_2) 0
norm(r_3) 5.1641525e-06
norm(r_4) 0
Newton iteration  1 : ||r|| = 5.16415e-06, ||r||/||r_0|| = 1
Setting time step: 1.3573799 in DGTransportTDO
Setting time step: 1.3573799 in CombinedOp
Setting time step: 1.3573799 in IonStaticPressureOp
norm(r_0) 0
norm(r_1) 0
norm(r_2) 0
norm(r_3) 5.1641525e-06
norm(r_4) 0
Newton iteration  0 : ||r|| = 5.16415e-06
   Pass :  1   Iteration :   0  ||B r|| = 3.88763e-07
norm(r_0) 0
norm(r_1) 0
norm(r_2) 0
norm(r_3) 5.1641525e-06
norm(r_4) 0
Newton iteration  1 : ||r|| = 5.16415e-06, ||r||/||r_0|| = 1
Setting time step: 1.3573799 in DGTransportTDO
Setting time step: 1.3573799 in CombinedOp
Setting time step: 1.3573799 in IonStaticPressureOp
norm(r_0) 0
norm(r_1) 0
norm(r_2) 0
norm(r_3) 5.1641525e-06
norm(r_4) 0
Newton iteration  0 : ||r|| = 5.16415e-06
   Pass :  1   Iteration :   0  ||B r|| = 3.88763e-07
norm(r_0) 0
norm(r_1) 0
norm(r_2) 0
norm(r_3) 5.1641525e-06
norm(r_4) 0
Newton iteration  1 : ||r|| = 5.16415e-06, ||r||/||r_0|| = 1
Setting time step: 1.3573799 in DGTransportTDO
Setting time step: 1.3573799 in CombinedOp
Setting time step: 1.3573799 in IonStaticPressureOp
norm(r_0) 0
norm(r_1) 0
norm(r_2) 0
norm(r_3) 5.1641525e-06
norm(r_4) 0
Newton iteration  0 : ||r|| = 5.16415e-06
   Pass :  1   Iteration :   0  ||B r|| = 3.88763e-07
norm(r_0) 0
norm(r_1) 0
norm(r_2) 0
norm(r_3) 5.1641525e-06
norm(r_4) 0
Newton iteration  1 : ||r|| = 5.16415e-06, ||r||/||r_0|| = 1
Setting time step: 1.3573799 in DGTransportTDO
Setting time step: 1.3573799 in CombinedOp
Setting time step: 1.3573799 in IonStaticPressureOp
norm(r_0) 0
norm(r_1) 0
norm(r_2) 0
norm(r_3) 5.1641525e-06
norm(r_4) 0
Newton iteration  0 : ||r|| = 5.16415e-06
   Pass :  1   Iteration :   0  ||B r|| = 3.88763e-07
norm(r_0) 0
norm(r_1) 0
norm(r_2) 0
norm(r_3) 5.1641525e-06
norm(r_4) 0
Newton iteration  1 : ||r|| = 5.16415e-06, ||r||/||r_0|| = 1
Time stepping paused at t = 11.072773
Steady State solution has been reached

Time stepping done after 5.8332603s.
