Options used:
   --mesh ../../mfem/data/inline-quad.mesh
   --bc-file /home/gz6/mfem-analysis/input-files/transport2d_bcs.inp
   --ic-file /home/gz6/mfem-analysis/input-files/transport2d_ics.inp
   --ec-file /home/gz6/mfem-analysis/input-files/transport2d_ecs.inp
   --es-file /home/gz6/mfem-analysis/input-files/transport2d_ess.inp
   --eqdsk-file 
   --logging 1
   --operator-test 8
   --equation-weights '1 1 1 1 1'
   --problem 0
   --refine-serial 0
   --refine-parallel 0
   --disable-amr
   --max-err -1
   --hysteresis 0.25
   --nc-limit 3
   --amr-weights '1 1 1 1 1'
   --order 2
   --dg-sigma -1
   --dg-kappa 500
   --linear-abs-tolerance 1e-06
   --linear-rel-tolerance 1e-06
   --linear-max-iterations 300
   --linear-logging-level 3
   --newton-abs-tolerance 1e-10
   --newton-rel-tolerance 1e-10
   --newton-max-iterations 1
   --newton-logging-level 1
   --steady-state-abs-tolerance 1e-08
   --steady-state-rel-tolerance 1e-08
   --prec-type 1
   --prec-logging-level 0
   --initial-tolerance 1e-05
   --ode-tolerance 0.001
   --ode-solver 2
   --err-per-step
   --ode-weights '1 1 1 1 1'
   --kP 0
   --kI 0.6
   --kD 0
   --dead-zone-min 0.95
   --dead-zone-max 1.05
   --theta-max 2
   --t-minimum 0
   --t-final 200
   --time-step 0.01
   --cfl-number 0.3
   --ion-charge 1
   --ion-mass 2.01410178
   --neutral-mass 2.01410178
   --neutral-temp 3
   --min-neutral-density 900000000000000
   --max-neutral-density 1000000000000000
   --neutral-density-exp 0
   --min-ion-density 1e+16
   --max-ion-density 1e+18
   --ion-density-exp 0
   --min-ion-temp 1
   --max-ion-temp 10
   --ion-temp-exp 0
   --min-electron-temp 10
   --max-electron-temp 440
   --electron-temp-exp 0
   --total-B-magnitude 5
   --poloidal-B-magnitude 0.5
   --velocity 1000
   --Di-perp 1
   --Xi-perp 1
   --Xe-perp 1
   --equation-term-flags '-1 -1 -1 -1 -1'
   --visualization-flags '-1 -1 -1 -1 -1'
   --visualization
   --visit-datafiles
   --ascii-datafiles
   --no-check-gradient
   --visualization-steps 4
Device configuration: cpu
Memory configuration: host-std
Number of elements in initial mesh: 16
Number of elements after serial refinement: 16
4: Number of elements in parallel mesh: 1
4: Number of elements after parallel refinement: 1
9: Number of elements in parallel mesh: 1
9: Number of elements after parallel refinement: 1
13: Number of elements in parallel mesh: 1
13: Number of elements after parallel refinement: 1
14: Number of elements in parallel mesh: 1
14: Number of elements after parallel refinement: 1
15: Number of elements in parallel mesh: 1
15: Number of elements after parallel refinement: 1
1: Number of elements in parallel mesh: 1
1: Number of elements after parallel refinement: 1
2: Number of elements in parallel mesh: 1
2: Number of elements after parallel refinement: 1
3: Number of elements in parallel mesh: 1
3: Number of elements after parallel refinement: 1
0: Number of elements in parallel mesh: 1
0: Number of elements after parallel refinement: 1
6: Number of elements in parallel mesh: 1
6: Number of elements after parallel refinement: 1
8: Number of elements in parallel mesh: 1
8: Number of elements after parallel refinement: 1
12: Number of elements in parallel mesh: 1
12: Number of elements after parallel refinement: 1
5: Number of elements in parallel mesh: 1
5: Number of elements after parallel refinement: 1
7: Number of elements in parallel mesh: 1
7: Number of elements after parallel refinement: 1
10: Number of elements in parallel mesh: 1
10: Number of elements after parallel refinement: 1
11: Number of elements in parallel mesh: 1
11: Number of elements after parallel refinement: 1
Configuring initial conditions
Reading initial conditions from /home/gz6/mfem-analysis/input-files/transport2d_ics.inp
Configuring exact solutions
Reading exact solutions from /home/gz6/mfem-analysis/input-files/transport2d_ess.inp
Number of unknowns per field: 144
Total number of unknowns:     720
Configuring boundary conditions
Reading boundary conditions from /home/gz6/mfem-analysis/input-files/transport2d_bcs.inp
Configuring equation coefficients
Reading equation coefficients from /home/gz6/mfem-analysis/input-files/transport2d_ecs.inp
Ion Static Pressure: Adding time derivative term proportional to d n_i / dt
Ion Static Pressure: Adding time derivative term proportional to d T_i / dt
Ion Static Pressure: Adding anisotropic diffusion term
Ion Static Pressure: Adding source term
Opening GLVis sockets.
Range of error estimates for initial condition: 5.926557024627612e-17 < elem err < 7.57975222356196e-17

Begin time stepping at t = 0
Setting time step: 0.0025 in DGTransportTDO
Setting time step: 0.0025 in CombinedOp
Setting time step: 0.0025 in IonStaticPressureOp
norm(r_0) 0
norm(r_1) 0
norm(r_2) 0
norm(r_3) 0.8681596463921194
norm(r_4) 0
Newton iteration  0 : ||r|| = 0.86816
   Pass :  1   Iteration :   0  ||B r|| = 4.5454 ...
   Pass :  6   Iteration : 300  ||B r|| = 1.20257e-05
GMRES: No convergence!
norm(r_0) 0
norm(r_1) 0
norm(r_2) 0
norm(r_3) 0.1633133222027384
norm(r_4) 0
Newton iteration  1 : ||r|| = 0.163313, ||r||/||r_0|| = 0.188114
Setting time step: 0.0025 in DGTransportTDO
Setting time step: 0.0025 in CombinedOp
Setting time step: 0.0025 in IonStaticPressureOp
norm(r_0) 0
norm(r_1) 0
norm(r_2) 0
norm(r_3) 0.874123588504757
norm(r_4) 0
Newton iteration  0 : ||r|| = 0.874124
   Pass :  1   Iteration :   0  ||B r|| = 4.3566 ...
   Pass :  6   Iteration : 300  ||B r|| = 1.32127e-05
GMRES: No convergence!
norm(r_0) 0
norm(r_1) 0
norm(r_2) 0
norm(r_3) 0.1682129466386671
norm(r_4) 0
Newton iteration  1 : ||r|| = 0.168213, ||r||/||r_0|| = 0.192436
Setting time step: 0.0025 in DGTransportTDO
Setting time step: 0.0025 in CombinedOp
Setting time step: 0.0025 in IonStaticPressureOp
norm(r_0) 0
norm(r_1) 0
norm(r_2) 0
norm(r_3) 0.8697734587037702
norm(r_4) 0
Newton iteration  0 : ||r|| = 0.869773
   Pass :  1   Iteration :   0  ||B r|| = 4.43974 ...
   Pass :  6   Iteration : 300  ||B r|| = 1.1618e-05
GMRES: No convergence!
norm(r_0) 0
norm(r_1) 0
norm(r_2) 0
norm(r_3) 0.140812807607877
norm(r_4) 0
Newton iteration  1 : ||r|| = 0.140813, ||r||/||r_0|| = 0.161896
Setting time step: 0.0025 in DGTransportTDO
Setting time step: 0.0025 in CombinedOp
Setting time step: 0.0025 in IonStaticPressureOp
norm(r_0) 0
norm(r_1) 0
norm(r_2) 0
norm(r_3) 0.8616120665258702
norm(r_4) 0
Newton iteration  0 : ||r|| = 0.861612
   Pass :  1   Iteration :   0  ||B r|| = 4.45727 ...
   Pass :  6   Iteration : 300  ||B r|| = 1.1898e-05
GMRES: No convergence!
norm(r_0) 0
norm(r_1) 0
norm(r_2) 0
norm(r_3) 0.1802063753182714
norm(r_4) 0
Newton iteration  1 : ||r|| = 0.180206, ||r||/||r_0|| = 0.20915
Setting time step: 0.0025 in DGTransportTDO
Setting time step: 0.0025 in CombinedOp
Setting time step: 0.0025 in IonStaticPressureOp
norm(r_0) 0
norm(r_1) 0
norm(r_2) 0
norm(r_3) 5.015395987793942
norm(r_4) 0
Newton iteration  0 : ||r|| = 5.0154
   Pass :  1   Iteration :   0  ||B r|| = 4.24516 ...
   Pass :  6   Iteration : 300  ||B r|| = 8.99331e-06
GMRES: No convergence!
norm(r_0) 0
norm(r_1) 0
norm(r_2) 0
norm(r_3) 0.1167059991379076
norm(r_4) 0
Newton iteration  1 : ||r|| = 0.116706, ||r||/||r_0|| = 0.0232695
Setting time step: 0.003884789075634439 in DGTransportTDO
Setting time step: 0.003884789075634439 in CombinedOp
Setting time step: 0.003884789075634439 in IonStaticPressureOp
norm(r_0) 0
norm(r_1) 0
norm(r_2) 0
norm(r_3) 0.7675857448021477
norm(r_4) 0
Newton iteration  0 : ||r|| = 0.767586
   Pass :  1   Iteration :   0  ||B r|| = 2.6763 ...
   Pass :  6   Iteration : 300  ||B r|| = 1.54179e-05
GMRES: No convergence!
norm(r_0) 0
norm(r_1) 0
norm(r_2) 0
norm(r_3) 0.336975314571983
norm(r_4) 0
Newton iteration  1 : ||r|| = 0.336975, ||r||/||r_0|| = 0.439007
Setting time step: 0.003884789075634439 in DGTransportTDO
Setting time step: 0.003884789075634439 in CombinedOp
Setting time step: 0.003884789075634439 in IonStaticPressureOp
norm(r_0) 0
norm(r_1) 0
norm(r_2) 0
norm(r_3) 0.9056824080105891
norm(r_4) 0
Newton iteration  0 : ||r|| = 0.905682
   Pass :  1   Iteration :   0  ||B r|| = 2.39262 ...
   Pass :  6   Iteration : 300  ||B r|| = 1.54199e-05
GMRES: No convergence!
norm(r_0) 0
norm(r_1) 0
norm(r_2) 0
norm(r_3) 0.4019253180245271
norm(r_4) 0
Newton iteration  1 : ||r|| = 0.401925, ||r||/||r_0|| = 0.443782
Setting time step: 0.003884789075634439 in DGTransportTDO
Setting time step: 0.003884789075634439 in CombinedOp
Setting time step: 0.003884789075634439 in IonStaticPressureOp
norm(r_0) 0
norm(r_1) 0
norm(r_2) 0
norm(r_3) 0.8562082347166693
norm(r_4) 0
Newton iteration  0 : ||r|| = 0.856208
   Pass :  1   Iteration :   0  ||B r|| = 2.50012 ...
   Pass :  6   Iteration : 300  ||B r|| = 1.50543e-05
GMRES: No convergence!
norm(r_0) 0
norm(r_1) 0
norm(r_2) 0
norm(r_3) 0.4484709193660964
norm(r_4) 0
Newton iteration  1 : ||r|| = 0.448471, ||r||/||r_0|| = 0.523787
Setting time step: 0.003884789075634439 in DGTransportTDO
Setting time step: 0.003884789075634439 in CombinedOp
Setting time step: 0.003884789075634439 in IonStaticPressureOp
norm(r_0) 0
norm(r_1) 0
norm(r_2) 0
norm(r_3) 0.8263729962081621
norm(r_4) 0
Newton iteration  0 : ||r|| = 0.826373
   Pass :  1   Iteration :   0  ||B r|| = 2.52999 ...
   Pass :  6   Iteration : 300  ||B r|| = 1.64263e-05
GMRES: No convergence!
norm(r_0) 0
norm(r_1) 0
norm(r_2) 0
norm(r_3) 0.4458249825276173
norm(r_4) 0
Newton iteration  1 : ||r|| = 0.445825, ||r||/||r_0|| = 0.539496
Setting time step: 0.003884789075634439 in DGTransportTDO
Setting time step: 0.003884789075634439 in CombinedOp
Setting time step: 0.003884789075634439 in IonStaticPressureOp
norm(r_0) 0
norm(r_1) 0
norm(r_2) 0
norm(r_3) 8.283837381600705
norm(r_4) 0
Newton iteration  0 : ||r|| = 8.28384
   Pass :  1   Iteration :   0  ||B r|| = 2.39814 ...
   Pass :  6   Iteration : 300  ||B r|| = 1.61967e-05
GMRES: No convergence!
norm(r_0) 0
norm(r_1) 0
norm(r_2) 0
norm(r_3) 0.4014137795452693
norm(r_4) 0
Newton iteration  1 : ||r|| = 0.401414, ||r||/||r_0|| = 0.0484575
Setting time step: 0.005603133559176213 in DGTransportTDO
Setting time step: 0.005603133559176213 in CombinedOp
Setting time step: 0.005603133559176213 in IonStaticPressureOp
norm(r_0) 0
norm(r_1) 0
norm(r_2) 0
norm(r_3) 0.7328551304899019
norm(r_4) 0
Newton iteration  0 : ||r|| = 0.732855
   Pass :  1   Iteration :   0  ||B r|| = 1.51243 ...
   Pass :  6   Iteration : 300  ||B r|| = 2.88413e-05
GMRES: No convergence!
norm(r_0) 0
norm(r_1) 0
norm(r_2) 0
norm(r_3) 0.689965374564694
norm(r_4) 0
Newton iteration  1 : ||r|| = 0.689965, ||r||/||r_0|| = 0.941476
Setting time step: 0.005603133559176213 in DGTransportTDO
Setting time step: 0.005603133559176213 in CombinedOp
Setting time step: 0.005603133559176213 in IonStaticPressureOp
norm(r_0) 0
norm(r_1) 0
norm(r_2) 0
norm(r_3) 1.314255265864996
norm(r_4) 0
Newton iteration  0 : ||r|| = 1.31426
   Pass :  1   Iteration :   0  ||B r|| = 1.25907 ...
   Pass :  6   Iteration : 300  ||B r|| = 2.15405e-05
GMRES: No convergence!
norm(r_0) 0
norm(r_1) 0
norm(r_2) 0
norm(r_3) 0.671111752136774
norm(r_4) 0
Newton iteration  1 : ||r|| = 0.671112, ||r||/||r_0|| = 0.51064
Setting time step: 0.005603133559176213 in DGTransportTDO
Setting time step: 0.005603133559176213 in CombinedOp
Setting time step: 0.005603133559176213 in IonStaticPressureOp
norm(r_0) 0
norm(r_1) 0
norm(r_2) 0
norm(r_3) 1.122908634151083
norm(r_4) 0
Newton iteration  0 : ||r|| = 1.12291
   Pass :  1   Iteration :   0  ||B r|| = 1.34932 ...
   Pass :  6   Iteration : 300  ||B r|| = 2.83043e-05
GMRES: No convergence!
norm(r_0) 0
norm(r_1) 0
norm(r_2) 0
norm(r_3) 0.8205681919474367
norm(r_4) 0
Newton iteration  1 : ||r|| = 0.820568, ||r||/||r_0|| = 0.730752
Setting time step: 0.005603133559176213 in DGTransportTDO
Setting time step: 0.005603133559176213 in CombinedOp
Setting time step: 0.005603133559176213 in IonStaticPressureOp
norm(r_0) 0
norm(r_1) 0
norm(r_2) 0
norm(r_3) 1.002154560072182
norm(r_4) 0
Newton iteration  0 : ||r|| = 1.00215
   Pass :  1   Iteration :   0  ||B r|| = 1.37682 ...
   Pass :  6   Iteration : 300  ||B r|| = 2.64811e-05
GMRES: No convergence!
norm(r_0) 0
norm(r_1) 0
norm(r_2) 0
norm(r_3) 0.6073004518492449
norm(r_4) 0
Newton iteration  1 : ||r|| = 0.6073, ||r||/||r_0|| = 0.605995
Setting time step: 0.005603133559176213 in DGTransportTDO
Setting time step: 0.005603133559176213 in CombinedOp
Setting time step: 0.005603133559176213 in IonStaticPressureOp
norm(r_0) 0
norm(r_1) 0
norm(r_2) 0
norm(r_3) 16.05464085660251
norm(r_4) 0
Newton iteration  0 : ||r|| = 16.0546
   Pass :  1   Iteration :   0  ||B r|| = 1.11007 ...
   Pass :  6   Iteration : 300  ||B r|| = 1.62032e-05
GMRES: No convergence!
norm(r_0) 0
norm(r_1) 0
norm(r_2) 0
norm(r_3) 0.4510603387463873
norm(r_4) 0
Newton iteration  1 : ||r|| = 0.45106, ||r||/||r_0|| = 0.0280953
Setting time step: 0.009804879798383914 in DGTransportTDO
Setting time step: 0.009804879798383914 in CombinedOp
Setting time step: 0.009804879798383914 in IonStaticPressureOp
norm(r_0) 0
norm(r_1) 0
norm(r_2) 0
norm(r_3) 0.6448843571573557
norm(r_4) 0
Newton iteration  0 : ||r|| = 0.644884
   Pass :  1   Iteration :   0  ||B r|| = 0.657217 ...
   Pass :  6   Iteration : 300  ||B r|| = 3.81169e-05
GMRES: No convergence!
norm(r_0) 0
norm(r_1) 0
norm(r_2) 0
norm(r_3) 1.695079948955009
norm(r_4) 0
Newton iteration  1 : ||r|| = 1.69508, ||r||/||r_0|| = 2.6285
Setting time step: 0.009804879798383914 in DGTransportTDO
Setting time step: 0.009804879798383914 in CombinedOp
Setting time step: 0.009804879798383914 in IonStaticPressureOp
norm(r_0) 0
norm(r_1) 0
norm(r_2) 0
norm(r_3) 3.112492552281903
norm(r_4) 0
Newton iteration  0 : ||r|| = 3.11249
   Pass :  1   Iteration :   0  ||B r|| = 0.416541 ...
   Pass :  6   Iteration : 300  ||B r|| = 2.3607e-05
GMRES: No convergence!
norm(r_0) 0
norm(r_1) 0
norm(r_2) 0
norm(r_3) 1.185941137345251
norm(r_4) 0
Newton iteration  1 : ||r|| = 1.18594, ||r||/||r_0|| = 0.381026
Setting time step: 0.009804879798383914 in DGTransportTDO
Setting time step: 0.009804879798383914 in CombinedOp
Setting time step: 0.009804879798383914 in IonStaticPressureOp
norm(r_0) 0
norm(r_1) 0
norm(r_2) 0
norm(r_3) 2.59275923789943
norm(r_4) 0
Newton iteration  0 : ||r|| = 2.59276
   Pass :  1   Iteration :   0  ||B r|| = 0.491033 ...
   Pass :  6   Iteration : 300  ||B r|| = 1.91699e-05
GMRES: No convergence!
norm(r_0) 0
norm(r_1) 0
norm(r_2) 0
norm(r_3) 1.086416245721959
norm(r_4) 0
Newton iteration  1 : ||r|| = 1.08642, ||r||/||r_0|| = 0.419019
Setting time step: 0.009804879798383914 in DGTransportTDO
Setting time step: 0.009804879798383914 in CombinedOp
Setting time step: 0.009804879798383914 in IonStaticPressureOp
norm(r_0) 0
norm(r_1) 0
norm(r_2) 0
norm(r_3) 2.136602370018384
norm(r_4) 0
Newton iteration  0 : ||r|| = 2.1366
   Pass :  1   Iteration :   0  ||B r|| = 0.52209 ...
   Pass :  6   Iteration : 300  ||B r|| = 3.47975e-05
GMRES: No convergence!
norm(r_0) 0
norm(r_1) 0
norm(r_2) 0
norm(r_3) 1.882686737857366
norm(r_4) 0
Newton iteration  1 : ||r|| = 1.88269, ||r||/||r_0|| = 0.881159
Setting time step: 0.009804879798383914 in DGTransportTDO
Setting time step: 0.009804879798383914 in CombinedOp
Setting time step: 0.009804879798383914 in IonStaticPressureOp
norm(r_0) 0
norm(r_1) 0
norm(r_2) 0
norm(r_3) 31.02373880881025
norm(r_4) 0
Newton iteration  0 : ||r|| = 31.0237
   Pass :  1   Iteration :   0  ||B r|| = 1.22954 ...
   Pass :  6   Iteration : 300  ||B r|| = 1.37982e-05
GMRES: No convergence!
norm(r_0) 0
norm(r_1) 0
norm(r_2) 0
norm(r_3) 0.7348797353122166
norm(r_4) 0
Newton iteration  1 : ||r|| = 0.73488, ||r||/||r_0|| = 0.0236877
Setting time step: 0.005321362009359717 in DGTransportTDO
Setting time step: 0.005321362009359717 in CombinedOp
Setting time step: 0.005321362009359717 in IonStaticPressureOp
norm(r_0) 0
norm(r_1) 0
norm(r_2) 0
norm(r_3) 0.6448843571573557
norm(r_4) 0
Newton iteration  0 : ||r|| = 0.644884
   Pass :  1   Iteration :   0  ||B r|| = 1.19184 ...
   Pass :  6   Iteration : 300  ||B r|| = 1.59473e-05
GMRES: No convergence!
norm(r_0) 0
norm(r_1) 0
norm(r_2) 0
norm(r_3) 0.53164203452847
norm(r_4) 0
Newton iteration  1 : ||r|| = 0.531642, ||r||/||r_0|| = 0.824399
Setting time step: 0.005321362009359717 in DGTransportTDO
Setting time step: 0.005321362009359717 in CombinedOp
Setting time step: 0.005321362009359717 in IonStaticPressureOp
norm(r_0) 0
norm(r_1) 0
norm(r_2) 0
norm(r_3) 0.8595040619928556
norm(r_4) 0
Newton iteration  0 : ||r|| = 0.859504
   Pass :  1   Iteration :   0  ||B r|| = 1.02728 ...
   Pass :  6   Iteration : 300  ||B r|| = 1.50741e-05
GMRES: No convergence!
norm(r_0) 0
norm(r_1) 0
norm(r_2) 0
norm(r_3) 0.3539235645777397
norm(r_4) 0
Newton iteration  1 : ||r|| = 0.353924, ||r||/||r_0|| = 0.411776
Setting time step: 0.005321362009359717 in DGTransportTDO
Setting time step: 0.005321362009359717 in CombinedOp
Setting time step: 0.005321362009359717 in IonStaticPressureOp
norm(r_0) 0
norm(r_1) 0
norm(r_2) 0
norm(r_3) 0.8067334518497481
norm(r_4) 0
Newton iteration  0 : ||r|| = 0.806733
   Pass :  1   Iteration :   0  ||B r|| = 1.0907 ...
   Pass :  6   Iteration : 300  ||B r|| = 1.777e-05
GMRES: No convergence!
norm(r_0) 0
norm(r_1) 0
norm(r_2) 0
norm(r_3) 0.5002317539269516
norm(r_4) 0
Newton iteration  1 : ||r|| = 0.500232, ||r||/||r_0|| = 0.620071
Setting time step: 0.005321362009359717 in DGTransportTDO
Setting time step: 0.005321362009359717 in CombinedOp
Setting time step: 0.005321362009359717 in IonStaticPressureOp
norm(r_0) 0
norm(r_1) 0
norm(r_2) 0
norm(r_3) 0.7492204377614191
norm(r_4) 0
Newton iteration  0 : ||r|| = 0.74922
   Pass :  1   Iteration :   0  ||B r|| = 1.10725 ...
   Pass :  6   Iteration : 300  ||B r|| = 1.71688e-05
GMRES: No convergence!
norm(r_0) 0
norm(r_1) 0
norm(r_2) 0
norm(r_3) 0.5006942987944916
norm(r_4) 0
Newton iteration  1 : ||r|| = 0.500694, ||r||/||r_0|| = 0.668287
Setting time step: 0.005321362009359717 in DGTransportTDO
Setting time step: 0.005321362009359717 in CombinedOp
Setting time step: 0.005321362009359717 in IonStaticPressureOp
norm(r_0) 0
norm(r_1) 0
norm(r_2) 0
norm(r_3) 8.134859928811945
norm(r_4) 0
Newton iteration  0 : ||r|| = 8.13486
   Pass :  1   Iteration :   0  ||B r|| = 0.92044 ...
   Pass :  6   Iteration : 300  ||B r|| = 1.12137e-05
GMRES: No convergence!
norm(r_0) 0
norm(r_1) 0
norm(r_2) 0
norm(r_3) 0.3345763973267167
norm(r_4) 0
Newton iteration  1 : ||r|| = 0.334576, ||r||/||r_0|| = 0.0411287
Time stepping paused at t = 0.06923713857668147

Estimating errors.
Setting time step: 0.01064272401871943 in DGTransportTDO
Setting time step: 0.01064272401871943 in CombinedOp
Setting time step: 0.01064272401871943 in IonStaticPressureOp
norm(r_0) 0
norm(r_1) 0
norm(r_2) 0
norm(r_3) 0.4825169955615445
norm(r_4) 0
Newton iteration  0 : ||r|| = 0.482517
   Pass :  1   Iteration :   0  ||B r|| = 0.458516 ...
   Pass :  6   Iteration : 300  ||B r|| = 3.53781e-05
GMRES: No convergence!
norm(r_0) 0
norm(r_1) 0
norm(r_2) 0
norm(r_3) 1.743733442797047
norm(r_4) 0
Newton iteration  1 : ||r|| = 1.74373, ||r||/||r_0|| = 3.61383
Setting time step: 0.01064272401871943 in DGTransportTDO
Setting time step: 0.01064272401871943 in CombinedOp
Setting time step: 0.01064272401871943 in IonStaticPressureOp
norm(r_0) 0
norm(r_1) 0
norm(r_2) 0
norm(r_3) 3.284275294464143
norm(r_4) 0
Newton iteration  0 : ||r|| = 3.28428
   Pass :  1   Iteration :   0  ||B r|| = 0.258187 ...
   Pass :  6   Iteration : 300  ||B r|| = 2.02367e-05
GMRES: No convergence!
norm(r_0) 0
norm(r_1) 0
norm(r_2) 0
norm(r_3) 1.14908623919736
norm(r_4) 0
Newton iteration  1 : ||r|| = 1.14909, ||r||/||r_0|| = 0.349875
Setting time step: 0.01064272401871943 in DGTransportTDO
Setting time step: 0.01064272401871943 in CombinedOp
Setting time step: 0.01064272401871943 in IonStaticPressureOp
norm(r_0) 0
norm(r_1) 0
norm(r_2) 0
norm(r_3) 2.681131413822246
norm(r_4) 0
Newton iteration  0 : ||r|| = 2.68113
   Pass :  1   Iteration :   0  ||B r|| = 0.317307 ...
   Pass :  6   Iteration : 300  ||B r|| = 3.14825e-05
GMRES: No convergence!
norm(r_0) 0
norm(r_1) 0
norm(r_2) 0
norm(r_3) 1.656915820499553
norm(r_4) 0
Newton iteration  1 : ||r|| = 1.65692, ||r||/||r_0|| = 0.617991
Setting time step: 0.01064272401871943 in DGTransportTDO
Setting time step: 0.01064272401871943 in CombinedOp
Setting time step: 0.01064272401871943 in IonStaticPressureOp
norm(r_0) 0
norm(r_1) 0
norm(r_2) 0
norm(r_3) 2.201661503906791
norm(r_4) 0
Newton iteration  0 : ||r|| = 2.20166
   Pass :  1   Iteration :   0  ||B r|| = 0.342052 ...
   Pass :  6   Iteration : 300  ||B r|| = 2.37234e-05
GMRES: No convergence!
norm(r_0) 0
norm(r_1) 0
norm(r_2) 0
norm(r_3) 1.169112329111387
norm(r_4) 0
Newton iteration  1 : ||r|| = 1.16911, ||r||/||r_0|| = 0.531014
Setting time step: 0.01064272401871943 in DGTransportTDO
Setting time step: 0.01064272401871943 in CombinedOp
Setting time step: 0.01064272401871943 in IonStaticPressureOp
norm(r_0) 0
norm(r_1) 0
norm(r_2) 0
norm(r_3) 42.05498525300623
norm(r_4) 0
Newton iteration  0 : ||r|| = 42.055
   Pass :  1   Iteration :   0  ||B r|| = 0.040297 ...
   Pass :  6   Iteration : 300  ||B r|| = 2.09169e-05
GMRES: No convergence!
norm(r_0) 0
norm(r_1) 0
norm(r_2) 0
norm(r_3) 1.285894918405751
norm(r_4) 0
Newton iteration  1 : ||r|| = 1.28589, ||r||/||r_0|| = 0.0305765
Setting time step: 0.009008035773563112 in DGTransportTDO
Setting time step: 0.009008035773563112 in CombinedOp
Setting time step: 0.009008035773563112 in IonStaticPressureOp
norm(r_0) 0
norm(r_1) 0
norm(r_2) 0
norm(r_3) 0.4825169955615445
norm(r_4) 0
Newton iteration  0 : ||r|| = 0.482517
   Pass :  1   Iteration :   0  ||B r|| = 0.540002 ...
   Pass :  6   Iteration : 300  ||B r|| = 2.28038e-05
GMRES: No convergence!
norm(r_0) 0
norm(r_1) 0
norm(r_2) 0
norm(r_3) 1.005435517436676
norm(r_4) 0
Newton iteration  1 : ||r|| = 1.00544, ||r||/||r_0|| = 2.08373
Setting time step: 0.009008035773563112 in DGTransportTDO
Setting time step: 0.009008035773563112 in CombinedOp
Setting time step: 0.009008035773563112 in IonStaticPressureOp
norm(r_0) 0
norm(r_1) 0
norm(r_2) 0
norm(r_3) 1.798741985435437
norm(r_4) 0
Newton iteration  0 : ||r|| = 1.79874
   Pass :  1   Iteration :   0  ||B r|| = 0.374395 ...
   Pass :  6   Iteration : 300  ||B r|| = 1.61814e-05
GMRES: No convergence!
norm(r_0) 0
norm(r_1) 0
norm(r_2) 0
norm(r_3) 0.9126648925591864
norm(r_4) 0
Newton iteration  1 : ||r|| = 0.912665, ||r||/||r_0|| = 0.507391
Setting time step: 0.009008035773563112 in DGTransportTDO
Setting time step: 0.009008035773563112 in CombinedOp
Setting time step: 0.009008035773563112 in IonStaticPressureOp
norm(r_0) 0
norm(r_1) 0
norm(r_2) 0
norm(r_3) 1.52485149560017
norm(r_4) 0
Newton iteration  0 : ||r|| = 1.52485
   Pass :  1   Iteration :   0  ||B r|| = 0.428257 ...
   Pass :  6   Iteration : 300  ||B r|| = 2.28767e-05
GMRES: No convergence!
norm(r_0) 0
norm(r_1) 0
norm(r_2) 0
norm(r_3) 1.087908237626389
norm(r_4) 0
Newton iteration  1 : ||r|| = 1.08791, ||r||/||r_0|| = 0.713452
Setting time step: 0.009008035773563112 in DGTransportTDO
Setting time step: 0.009008035773563112 in CombinedOp
Setting time step: 0.009008035773563112 in IonStaticPressureOp
norm(r_0) 0
norm(r_1) 0
norm(r_2) 0
norm(r_3) 1.304631896396956
norm(r_4) 0
Newton iteration  0 : ||r|| = 1.30463
   Pass :  1   Iteration :   0  ||B r|| = 0.447301 ...
   Pass :  6   Iteration : 300  ||B r|| = 2.31243e-05
GMRES: No convergence!
norm(r_0) 0
norm(r_1) 0
norm(r_2) 0
norm(r_3) 0.9315718803882914
norm(r_4) 0
Newton iteration  1 : ||r|| = 0.931572, ||r||/||r_0|| = 0.71405
Setting time step: 0.009008035773563112 in DGTransportTDO
Setting time step: 0.009008035773563112 in CombinedOp
Setting time step: 0.009008035773563112 in IonStaticPressureOp
norm(r_0) 0
norm(r_1) 0
norm(r_2) 0
norm(r_3) 21.31786382473131
norm(r_4) 0
Newton iteration  0 : ||r|| = 21.3179
   Pass :  1   Iteration :   0  ||B r|| = 0.42801 ...
   Pass :  6   Iteration : 300  ||B r|| = 2.66804e-05
GMRES: No convergence!
norm(r_0) 0
norm(r_1) 0
norm(r_2) 0
norm(r_3) 1.351596849632495
norm(r_4) 0
Newton iteration  1 : ||r|| = 1.3516, ||r||/||r_0|| = 0.0634021
Setting time step: 0.006890512943214903 in DGTransportTDO
Setting time step: 0.006890512943214903 in CombinedOp
Setting time step: 0.006890512943214903 in IonStaticPressureOp
norm(r_0) 0
norm(r_1) 0
norm(r_2) 0
norm(r_3) 0.4825169955615445
norm(r_4) 0
Newton iteration  0 : ||r|| = 0.482517
   Pass :  1   Iteration :   0  ||B r|| = 0.70149 ...
   Pass :  6   Iteration : 300  ||B r|| = 2.33344e-05
GMRES: No convergence!
norm(r_0) 0
norm(r_1) 0
norm(r_2) 0
norm(r_3) 0.8737119393056765
norm(r_4) 0
Newton iteration  1 : ||r|| = 0.873712, ||r||/||r_0|| = 1.81074
Setting time step: 0.006890512943214903 in DGTransportTDO
Setting time step: 0.006890512943214903 in CombinedOp
Setting time step: 0.006890512943214903 in IonStaticPressureOp
norm(r_0) 0
norm(r_1) 0
norm(r_2) 0
norm(r_3) 1.534162974264615
norm(r_4) 0
Newton iteration  0 : ||r|| = 1.53416
   Pass :  1   Iteration :   0  ||B r|| = 0.538831 ...
   Pass :  6   Iteration : 300  ||B r|| = 1.97327e-05
GMRES: No convergence!
norm(r_0) 0
norm(r_1) 0
norm(r_2) 0
norm(r_3) 0.7564163828584123
norm(r_4) 0
Newton iteration  1 : ||r|| = 0.756416, ||r||/||r_0|| = 0.493048
Setting time step: 0.006890512943214903 in DGTransportTDO
Setting time step: 0.006890512943214903 in CombinedOp
Setting time step: 0.006890512943214903 in IonStaticPressureOp
norm(r_0) 0
norm(r_1) 0
norm(r_2) 0
norm(r_3) 1.288598233902709
norm(r_4) 0
Newton iteration  0 : ||r|| = 1.2886
   Pass :  1   Iteration :   0  ||B r|| = 0.594029 ...
   Pass :  6   Iteration : 300  ||B r|| = 2.09171e-05
GMRES: No convergence!
norm(r_0) 0
norm(r_1) 0
norm(r_2) 0
norm(r_3) 0.8051313110804085
norm(r_4) 0
Newton iteration  1 : ||r|| = 0.805131, ||r||/||r_0|| = 0.624812
Setting time step: 0.006890512943214903 in DGTransportTDO
Setting time step: 0.006890512943214903 in CombinedOp
Setting time step: 0.006890512943214903 in IonStaticPressureOp
norm(r_0) 0
norm(r_1) 0
norm(r_2) 0
norm(r_3) 1.101137654558296
norm(r_4) 0
Newton iteration  0 : ||r|| = 1.10114
   Pass :  1   Iteration :   0  ||B r|| = 0.612641 ...
   Pass :  6   Iteration : 300  ||B r|| = 2.08308e-05
GMRES: No convergence!
norm(r_0) 0
norm(r_1) 0
norm(r_2) 0
norm(r_3) 0.7066229347678368
norm(r_4) 0
Newton iteration  1 : ||r|| = 0.706623, ||r||/||r_0|| = 0.641721
Setting time step: 0.006890512943214903 in DGTransportTDO
Setting time step: 0.006890512943214903 in CombinedOp
Setting time step: 0.006890512943214903 in IonStaticPressureOp
norm(r_0) 0
norm(r_1) 0
norm(r_2) 0
norm(r_3) 12.37972409911959
norm(r_4) 0
Newton iteration  0 : ||r|| = 12.3797
   Pass :  1   Iteration :   0  ||B r|| = 0.542646 ...
   Pass :  6   Iteration : 300  ||B r|| = 1.06363e-05
GMRES: No convergence!
norm(r_0) 0
norm(r_1) 0
norm(r_2) 0
norm(r_3) 0.3318540160210928
norm(r_4) 0
Newton iteration  1 : ||r|| = 0.331854, ||r||/||r_0|| = 0.0268063
Setting time step: 0.01378102588642981 in DGTransportTDO
Setting time step: 0.01378102588642981 in CombinedOp
Setting time step: 0.01378102588642981 in IonStaticPressureOp
norm(r_0) 0
norm(r_1) 0
norm(r_2) 0
norm(r_3) 0.4118606021670058
norm(r_4) 0
Newton iteration  0 : ||r|| = 0.411861
   Pass :  1   Iteration :   0  ||B r|| = 0.24733 ...
   Pass :  6   Iteration : 300  ||B r|| = 2.55101e-05
GMRES: No convergence!
norm(r_0) 0
norm(r_1) 0
norm(r_2) 0
norm(r_3) 1.907122302919834
norm(r_4) 0
Newton iteration  1 : ||r|| = 1.90712, ||r||/||r_0|| = 4.6305
Setting time step: 0.01378102588642981 in DGTransportTDO
Setting time step: 0.01378102588642981 in CombinedOp
Setting time step: 0.01378102588642981 in IonStaticPressureOp
norm(r_0) 0
norm(r_1) 0
norm(r_2) 0
norm(r_3) 3.573621908458725
norm(r_4) 0
Newton iteration  0 : ||r|| = 3.57362
   Pass :  1   Iteration :   0  ||B r|| = 0.114596 ...
   Pass :  6   Iteration : 300  ||B r|| = 1.79062e-05
GMRES: No convergence!
norm(r_0) 0
norm(r_1) 0
norm(r_2) 0
norm(r_3) 1.228406792000539
norm(r_4) 0
Newton iteration  1 : ||r|| = 1.22841, ||r||/||r_0|| = 0.343743
Setting time step: 0.01378102588642981 in DGTransportTDO
Setting time step: 0.01378102588642981 in CombinedOp
Setting time step: 0.01378102588642981 in IonStaticPressureOp
norm(r_0) 0
norm(r_1) 0
norm(r_2) 0
norm(r_3) 2.936250349405181
norm(r_4) 0
Newton iteration  0 : ||r|| = 2.93625
   Pass :  1   Iteration :   0  ||B r|| = 0.154025 ...
   Pass :  6   Iteration : 300  ||B r|| = 1.98214e-05
GMRES: No convergence!
norm(r_0) 0
norm(r_1) 0
norm(r_2) 0
norm(r_3) 1.395960938347945
norm(r_4) 0
Newton iteration  1 : ||r|| = 1.39596, ||r||/||r_0|| = 0.475423
Setting time step: 0.01378102588642981 in DGTransportTDO
Setting time step: 0.01378102588642981 in CombinedOp
Setting time step: 0.01378102588642981 in IonStaticPressureOp
norm(r_0) 0
norm(r_1) 0
norm(r_2) 0
norm(r_3) 2.417568935287081
norm(r_4) 0
Newton iteration  0 : ||r|| = 2.41757
   Pass :  1   Iteration :   0  ||B r|| = 0.171047 ...
   Pass :  6   Iteration : 300  ||B r|| = 2.27544e-05
GMRES: No convergence!
norm(r_0) 0
norm(r_1) 0
norm(r_2) 0
norm(r_3) 1.603449951746554
norm(r_4) 0
Newton iteration  1 : ||r|| = 1.60345, ||r||/||r_0|| = 0.663249
Setting time step: 0.01378102588642981 in DGTransportTDO
Setting time step: 0.01378102588642981 in CombinedOp
Setting time step: 0.01378102588642981 in IonStaticPressureOp
norm(r_0) 0
norm(r_1) 0
norm(r_2) 0
norm(r_3) 21.12419085376646
norm(r_4) 0
Newton iteration  0 : ||r|| = 21.1242
   Pass :  1   Iteration :   0  ||B r|| = 0.352992 ...
   Pass :  6   Iteration : 300  ||B r|| = 1.23531e-05
GMRES: No convergence!
norm(r_0) 0
norm(r_1) 0
norm(r_2) 0
norm(r_3) 0.8249490505408023
norm(r_4) 0
Newton iteration  1 : ||r|| = 0.824949, ||r||/||r_0|| = 0.0390523
Setting time step: 0.0126906351655237 in DGTransportTDO
Setting time step: 0.0126906351655237 in CombinedOp
Setting time step: 0.0126906351655237 in IonStaticPressureOp
norm(r_0) 0
norm(r_1) 0
norm(r_2) 0
norm(r_3) 0.8320862214815916
norm(r_4) 0
Newton iteration  0 : ||r|| = 0.832086
   Pass :  1   Iteration :   0  ||B r|| = 0.106135 ...
   Pass :  6   Iteration : 300  ||B r|| = 1.32921e-05
GMRES: No convergence!
norm(r_0) 0
norm(r_1) 0
norm(r_2) 0
norm(r_3) 0.9760648124548059
norm(r_4) 0
Newton iteration  1 : ||r|| = 0.976065, ||r||/||r_0|| = 1.17303
Setting time step: 0.0126906351655237 in DGTransportTDO
Setting time step: 0.0126906351655237 in CombinedOp
Setting time step: 0.0126906351655237 in IonStaticPressureOp
norm(r_0) 0
norm(r_1) 0
norm(r_2) 0
norm(r_3) 1.616867037988416
norm(r_4) 0
Newton iteration  0 : ||r|| = 1.61687
   Pass :  1   Iteration :   0  ||B r|| = 0.075774 ...
   Pass :  6   Iteration : 300  ||B r|| = 5.06772e-06
GMRES: No convergence!
norm(r_0) 0
norm(r_1) 0
norm(r_2) 0
norm(r_3) 0.302089289197117
norm(r_4) 0
Newton iteration  1 : ||r|| = 0.302089, ||r||/||r_0|| = 0.186836
Setting time step: 0.0126906351655237 in DGTransportTDO
Setting time step: 0.0126906351655237 in CombinedOp
Setting time step: 0.0126906351655237 in IonStaticPressureOp
norm(r_0) 0
norm(r_1) 0
norm(r_2) 0
norm(r_3) 1.407568929045477
norm(r_4) 0
Newton iteration  0 : ||r|| = 1.40757
   Pass :  1   Iteration :   0  ||B r|| = 0.0854042 ...
   Pass :  6   Iteration : 300  ||B r|| = 9.28221e-06
GMRES: No convergence!
norm(r_0) 0
norm(r_1) 0
norm(r_2) 0
norm(r_3) 0.6006450970561423
norm(r_4) 0
Newton iteration  1 : ||r|| = 0.600645, ||r||/||r_0|| = 0.426725
Setting time step: 0.0126906351655237 in DGTransportTDO
Setting time step: 0.0126906351655237 in CombinedOp
Setting time step: 0.0126906351655237 in IonStaticPressureOp
norm(r_0) 0
norm(r_1) 0
norm(r_2) 0
norm(r_3) 1.195897673531934
norm(r_4) 0
Newton iteration  0 : ||r|| = 1.1959
   Pass :  1   Iteration :   0  ||B r|| = 0.0889283 ...
   Pass :  6   Iteration : 300  ||B r|| = 7.18107e-06
GMRES: No convergence!
norm(r_0) 0
norm(r_1) 0
norm(r_2) 0
norm(r_3) 0.5295271983274478
norm(r_4) 0
Newton iteration  1 : ||r|| = 0.529527, ||r||/||r_0|| = 0.442786
Setting time step: 0.0126906351655237 in DGTransportTDO
Setting time step: 0.0126906351655237 in CombinedOp
Setting time step: 0.0126906351655237 in IonStaticPressureOp
norm(r_0) 0
norm(r_1) 0
norm(r_2) 0
norm(r_3) 8.39476918963585
norm(r_4) 0
Newton iteration  0 : ||r|| = 8.39477
   Pass :  1   Iteration :   0  ||B r|| = 0.02766 ...
   Pass :  6   Iteration : 300  ||B r|| = 1.25956e-05
GMRES: No convergence!
norm(r_0) 0
norm(r_1) 0
norm(r_2) 0
norm(r_3) 0.9151472786585649
norm(r_4) 0
Newton iteration  1 : ||r|| = 0.915147, ||r||/||r_0|| = 0.109014
Setting time step: 0.0253812703310474 in DGTransportTDO
Setting time step: 0.0253812703310474 in CombinedOp
Setting time step: 0.0253812703310474 in IonStaticPressureOp
norm(r_0) 0
norm(r_1) 0
norm(r_2) 0
norm(r_3) 0.9183689225251579
norm(r_4) 0
Newton iteration  0 : ||r|| = 0.918369
   Pass :  1   Iteration :   0  ||B r|| = 0.036384 ...
   Pass :  6   Iteration : 300  ||B r|| = 7.66108e-06
GMRES: No convergence!
norm(r_0) 0
norm(r_1) 0
norm(r_2) 0
norm(r_3) 0.9379240847004782
norm(r_4) 0
Newton iteration  1 : ||r|| = 0.937924, ||r||/||r_0|| = 1.02129
Setting time step: 0.0253812703310474 in DGTransportTDO
Setting time step: 0.0253812703310474 in CombinedOp
Setting time step: 0.0253812703310474 in IonStaticPressureOp
norm(r_0) 0
norm(r_1) 0
norm(r_2) 0
norm(r_3) 1.295811835479586
norm(r_4) 0
Newton iteration  0 : ||r|| = 1.29581
   Pass :  1   Iteration :   0  ||B r|| = 0.0129377 ...
   Pass :  6   Iteration : 300  ||B r|| = 5.4596e-06
GMRES: No convergence!
norm(r_0) 0
norm(r_1) 0
norm(r_2) 0
norm(r_3) 0.7666680294658242
norm(r_4) 0
Newton iteration  1 : ||r|| = 0.766668, ||r||/||r_0|| = 0.591651
Setting time step: 0.0253812703310474 in DGTransportTDO
Setting time step: 0.0253812703310474 in CombinedOp
Setting time step: 0.0253812703310474 in IonStaticPressureOp
norm(r_0) 0
norm(r_1) 0
norm(r_2) 0
norm(r_3) 1.166543596656773
norm(r_4) 0
Newton iteration  0 : ||r|| = 1.16654
   Pass :  1   Iteration :   0  ||B r|| = 0.0202173 ...
   Pass :  6   Iteration : 300  ||B r|| = 6.0786e-06
GMRES: No convergence!
norm(r_0) 0
norm(r_1) 0
norm(r_2) 0
norm(r_3) 0.8200796270557393
norm(r_4) 0
Newton iteration  1 : ||r|| = 0.82008, ||r||/||r_0|| = 0.703
Setting time step: 0.0253812703310474 in DGTransportTDO
Setting time step: 0.0253812703310474 in CombinedOp
Setting time step: 0.0253812703310474 in IonStaticPressureOp
norm(r_0) 0
norm(r_1) 0
norm(r_2) 0
norm(r_3) 1.053063348923096
norm(r_4) 0
Newton iteration  0 : ||r|| = 1.05306
   Pass :  1   Iteration :   0  ||B r|| = 0.0231505 ...
   Pass :  6   Iteration : 300  ||B r|| = 6.62988e-06
GMRES: No convergence!
norm(r_0) 0
norm(r_1) 0
norm(r_2) 0
norm(r_3) 1.01674285993333
norm(r_4) 0
Newton iteration  1 : ||r|| = 1.01674, ||r||/||r_0|| = 0.96551
Setting time step: 0.0253812703310474 in DGTransportTDO
Setting time step: 0.0253812703310474 in CombinedOp
Setting time step: 0.0253812703310474 in IonStaticPressureOp
norm(r_0) 0
norm(r_1) 0
norm(r_2) 0
norm(r_3) 18.82410682143595
norm(r_4) 0
Newton iteration  0 : ||r|| = 18.8241
   Pass :  1   Iteration :   0  ||B r|| = 0.0568431 ...
   Pass :  6   Iteration : 300  ||B r|| = 3.09253e-06
GMRES: No convergence!
norm(r_0) 0
norm(r_1) 0
norm(r_2) 0
norm(r_3) 0.4613905880593047
norm(r_4) 0
Newton iteration  1 : ||r|| = 0.461391, ||r||/||r_0|| = 0.0245106
Time stepping paused at t = 0.3042109158815447

Estimating errors.
Setting time step: 0.03068232058001914 in DGTransportTDO
Setting time step: 0.03068232058001914 in CombinedOp
Setting time step: 0.03068232058001914 in IonStaticPressureOp
norm(r_0) 0
norm(r_1) 0
norm(r_2) 0
norm(r_3) 0.4616729060322982
norm(r_4) 0
Newton iteration  0 : ||r|| = 0.461673
   Pass :  1   Iteration :   0  ||B r|| = 0.00481386 ...
   Pass :  6   Iteration : 300  ||B r|| = 1.48358e-06
GMRES: No convergence!
norm(r_0) 0
norm(r_1) 0
norm(r_2) 0
norm(r_3) 0.2520062189191183
norm(r_4) 0
Newton iteration  1 : ||r|| = 0.252006, ||r||/||r_0|| = 0.545854
Setting time step: 0.03068232058001914 in DGTransportTDO
Setting time step: 0.03068232058001914 in CombinedOp
Setting time step: 0.03068232058001914 in IonStaticPressureOp
norm(r_0) 0
norm(r_1) 0
norm(r_2) 0
norm(r_3) 0.2866663304412582
norm(r_4) 0
Newton iteration  0 : ||r|| = 0.286666
   Pass :  1   Iteration :   0  ||B r|| = 0.00462931 ...
   Pass :  6   Iteration : 300  ||B r|| = 1.40193e-06
GMRES: No convergence!
norm(r_0) 0
norm(r_1) 0
norm(r_2) 0
norm(r_3) 0.191063763190287
norm(r_4) 0
Newton iteration  1 : ||r|| = 0.191064, ||r||/||r_0|| = 0.666502
Setting time step: 0.03068232058001914 in DGTransportTDO
Setting time step: 0.03068232058001914 in CombinedOp
Setting time step: 0.03068232058001914 in IonStaticPressureOp
norm(r_0) 0
norm(r_1) 0
norm(r_2) 0
norm(r_3) 0.2420352970386834
norm(r_4) 0
Newton iteration  0 : ||r|| = 0.242035
   Pass :  1   Iteration :   0  ||B r|| = 0.00510466 ...
   Pass :  6   Iteration : 300  ||B r|| = 1.61658e-06
GMRES: No convergence!
norm(r_0) 0
norm(r_1) 0
norm(r_2) 0
norm(r_3) 0.2471821719130818
norm(r_4) 0
Newton iteration  1 : ||r|| = 0.247182, ||r||/||r_0|| = 1.02126
Setting time step: 0.03068232058001914 in DGTransportTDO
Setting time step: 0.03068232058001914 in CombinedOp
Setting time step: 0.03068232058001914 in IonStaticPressureOp
norm(r_0) 0
norm(r_1) 0
norm(r_2) 0
norm(r_3) 0.2432618629286314
norm(r_4) 0
Newton iteration  0 : ||r|| = 0.243262
   Pass :  1   Iteration :   0  ||B r|| = 0.00498164 ...
   Pass :  6   Iteration : 300  ||B r|| = 1.7626e-06
GMRES: No convergence!
norm(r_0) 0
norm(r_1) 0
norm(r_2) 0
norm(r_3) 0.277154260365788
norm(r_4) 0
Newton iteration  1 : ||r|| = 0.277154, ||r||/||r_0|| = 1.13932
Setting time step: 0.03068232058001914 in DGTransportTDO
Setting time step: 0.03068232058001914 in CombinedOp
Setting time step: 0.03068232058001914 in IonStaticPressureOp
norm(r_0) 0
norm(r_1) 0
norm(r_2) 0
norm(r_3) 3.39180861077412
norm(r_4) 0
Newton iteration  0 : ||r|| = 3.39181
   Pass :  1   Iteration :   0  ||B r|| = 0.0018588 ...
   Pass :  3   Iteration : 120  ||B r|| = 9.95572e-07
norm(r_0) 0
norm(r_1) 0
norm(r_2) 0
norm(r_3) 0.172524009089757
norm(r_4) 0
Newton iteration  1 : ||r|| = 0.172524, ||r||/||r_0|| = 0.0508649
Setting time step: 0.0473956636151318 in DGTransportTDO
Setting time step: 0.0473956636151318 in CombinedOp
Setting time step: 0.0473956636151318 in IonStaticPressureOp
norm(r_0) 0
norm(r_1) 0
norm(r_2) 0
norm(r_3) 0.1725433049878473
norm(r_4) 0
Newton iteration  0 : ||r|| = 0.172543
   Pass :  1   Iteration :   0  ||B r|| = 0.000332637 ...
   Pass :  1   Iteration :  20  ||B r|| = 9.98744e-07
norm(r_0) 0
norm(r_1) 0
norm(r_2) 0
norm(r_3) 0.2161535936488267
norm(r_4) 0
Newton iteration  1 : ||r|| = 0.216154, ||r||/||r_0|| = 1.25275
Setting time step: 0.0473956636151318 in DGTransportTDO
Setting time step: 0.0473956636151318 in CombinedOp
Setting time step: 0.0473956636151318 in IonStaticPressureOp
norm(r_0) 0
norm(r_1) 0
norm(r_2) 0
norm(r_3) 0.3024429131141163
norm(r_4) 0
Newton iteration  0 : ||r|| = 0.302443
   Pass :  1   Iteration :   0  ||B r|| = 0.000308398 ...
   Pass :  1   Iteration :  16  ||B r|| = 9.94497e-07
norm(r_0) 0
norm(r_1) 0
norm(r_2) 0
norm(r_3) 0.2080871124215937
norm(r_4) 0
Newton iteration  1 : ||r|| = 0.208087, ||r||/||r_0|| = 0.688021
Setting time step: 0.0473956636151318 in DGTransportTDO
Setting time step: 0.0473956636151318 in CombinedOp
Setting time step: 0.0473956636151318 in IonStaticPressureOp
norm(r_0) 0
norm(r_1) 0
norm(r_2) 0
norm(r_3) 0.2620943113145381
norm(r_4) 0
Newton iteration  0 : ||r|| = 0.262094
   Pass :  1   Iteration :   0  ||B r|| = 0.000152573 ...
   Pass :  1   Iteration :  16  ||B r|| = 9.92008e-07
norm(r_0) 0
norm(r_1) 0
norm(r_2) 0
norm(r_3) 0.2209254664157201
norm(r_4) 0
Newton iteration  1 : ||r|| = 0.220925, ||r||/||r_0|| = 0.842924
Setting time step: 0.0473956636151318 in DGTransportTDO
Setting time step: 0.0473956636151318 in CombinedOp
Setting time step: 0.0473956636151318 in IonStaticPressureOp
norm(r_0) 0
norm(r_1) 0
norm(r_2) 0
norm(r_3) 0.2375761805264429
norm(r_4) 0
Newton iteration  0 : ||r|| = 0.237576
   Pass :  1   Iteration :   0  ||B r|| = 6.2309e-05 ...
   Pass :  1   Iteration :  14  ||B r|| = 9.99932e-07
norm(r_0) 0
norm(r_1) 0
norm(r_2) 0
norm(r_3) 0.2249988455233524
norm(r_4) 0
Newton iteration  1 : ||r|| = 0.224999, ||r||/||r_0|| = 0.94706
Setting time step: 0.0473956636151318 in DGTransportTDO
Setting time step: 0.0473956636151318 in CombinedOp
Setting time step: 0.0473956636151318 in IonStaticPressureOp
norm(r_0) 0
norm(r_1) 0
norm(r_2) 0
norm(r_3) 1.277402958035281
norm(r_4) 0
Newton iteration  0 : ||r|| = 1.2774
   Pass :  1   Iteration :   0  ||B r|| = 0.00075249 ...
   Pass :  1   Iteration :  30  ||B r|| = 9.70193e-07
norm(r_0) 0
norm(r_1) 0
norm(r_2) 0
norm(r_3) 0.2511440295646159
norm(r_4) 0
Newton iteration  1 : ||r|| = 0.251144, ||r||/||r_0|| = 0.196605
Setting time step: 0.09479132723026361 in DGTransportTDO
Setting time step: 0.09479132723026361 in CombinedOp
Setting time step: 0.09479132723026361 in IonStaticPressureOp
norm(r_0) 0
norm(r_1) 0
norm(r_2) 0
norm(r_3) 0.2511446287724416
norm(r_4) 0
Newton iteration  0 : ||r|| = 0.251145
   Pass :  1   Iteration :   0  ||B r|| = 1.02922e-05 ...
   Pass :  1   Iteration :   1  ||B r|| = 9.5984e-07
norm(r_0) 0
norm(r_1) 0
norm(r_2) 0
norm(r_3) 0.1610865409854697
norm(r_4) 0
Newton iteration  1 : ||r|| = 0.161087, ||r||/||r_0|| = 0.641409
Setting time step: 0.09479132723026361 in DGTransportTDO
Setting time step: 0.09479132723026361 in CombinedOp
Setting time step: 0.09479132723026361 in IonStaticPressureOp
norm(r_0) 0
norm(r_1) 0
norm(r_2) 0
norm(r_3) 0.09912283998990719
norm(r_4) 0
Newton iteration  0 : ||r|| = 0.0991228
   Pass :  1   Iteration :   0  ||B r|| = 1.02464e-05 ...
   Pass :  1   Iteration :   2  ||B r|| = 8.81793e-07
norm(r_0) 0
norm(r_1) 0
norm(r_2) 0
norm(r_3) 0.1060132206894949
norm(r_4) 0
Newton iteration  1 : ||r|| = 0.106013, ||r||/||r_0|| = 1.06951
Setting time step: 0.09479132723026361 in DGTransportTDO
Setting time step: 0.09479132723026361 in CombinedOp
Setting time step: 0.09479132723026361 in IonStaticPressureOp
norm(r_0) 0
norm(r_1) 0
norm(r_2) 0
norm(r_3) 0.1550637056599959
norm(r_4) 0
Newton iteration  0 : ||r|| = 0.155064
   Pass :  1   Iteration :   0  ||B r|| = 5.38607e-06 ...
   Pass :  1   Iteration :   4  ||B r|| = 8.89599e-07
norm(r_0) 0
norm(r_1) 0
norm(r_2) 0
norm(r_3) 0.2307098211897301
norm(r_4) 0
Newton iteration  1 : ||r|| = 0.23071, ||r||/||r_0|| = 1.48784
Setting time step: 0.09479132723026361 in DGTransportTDO
Setting time step: 0.09479132723026361 in CombinedOp
Setting time step: 0.09479132723026361 in IonStaticPressureOp
norm(r_0) 0
norm(r_1) 0
norm(r_2) 0
norm(r_3) 0.1869403382676627
norm(r_4) 0
Newton iteration  0 : ||r|| = 0.18694
   Pass :  1   Iteration :   0  ||B r|| = 2.579e-06 ...
   Pass :  1   Iteration :   4  ||B r|| = 7.86612e-07
norm(r_0) 0
norm(r_1) 0
norm(r_2) 0
norm(r_3) 0.3447978349796983
norm(r_4) 0
Newton iteration  1 : ||r|| = 0.344798, ||r||/||r_0|| = 1.84443
Setting time step: 0.09479132723026361 in DGTransportTDO
Setting time step: 0.09479132723026361 in CombinedOp
Setting time step: 0.09479132723026361 in IonStaticPressureOp
norm(r_0) 0
norm(r_1) 0
norm(r_2) 0
norm(r_3) 1.802307991247965
norm(r_4) 0
Newton iteration  0 : ||r|| = 1.80231
   Pass :  1   Iteration :   0  ||B r|| = 2.57303e-05 ...
   Pass :  1   Iteration :   8  ||B r|| = 9.59737e-07
norm(r_0) 0
norm(r_1) 0
norm(r_2) 0
norm(r_3) 0.5168008825974065
norm(r_4) 0
Newton iteration  1 : ||r|| = 0.516801, ||r||/||r_0|| = 0.286744
Setting time step: 0.1895826544605272 in DGTransportTDO
Setting time step: 0.1895826544605272 in CombinedOp
Setting time step: 0.1895826544605272 in IonStaticPressureOp
norm(r_0) 0
norm(r_1) 0
norm(r_2) 0
norm(r_3) 0.5168008433274455
norm(r_4) 0
Newton iteration  0 : ||r|| = 0.516801
   Pass :  1   Iteration :   0  ||B r|| = 4.92232e-07
norm(r_0) 0
norm(r_1) 0
norm(r_2) 0
norm(r_3) 0.5168008433274455
norm(r_4) 0
Newton iteration  1 : ||r|| = 0.516801, ||r||/||r_0|| = 1
Setting time step: 0.1895826544605272 in DGTransportTDO
Setting time step: 0.1895826544605272 in CombinedOp
Setting time step: 0.1895826544605272 in IonStaticPressureOp
norm(r_0) 0
norm(r_1) 0
norm(r_2) 0
norm(r_3) 0.5168008433274455
norm(r_4) 0
Newton iteration  0 : ||r|| = 0.516801
   Pass :  1   Iteration :   0  ||B r|| = 4.92232e-07
norm(r_0) 0
norm(r_1) 0
norm(r_2) 0
norm(r_3) 0.5168008433274455
norm(r_4) 0
Newton iteration  1 : ||r|| = 0.516801, ||r||/||r_0|| = 1
Setting time step: 0.1895826544605272 in DGTransportTDO
Setting time step: 0.1895826544605272 in CombinedOp
Setting time step: 0.1895826544605272 in IonStaticPressureOp
norm(r_0) 0
norm(r_1) 0
norm(r_2) 0
norm(r_3) 0.5168008433274455
norm(r_4) 0
Newton iteration  0 : ||r|| = 0.516801
   Pass :  1   Iteration :   0  ||B r|| = 4.92232e-07
norm(r_0) 0
norm(r_1) 0
norm(r_2) 0
norm(r_3) 0.5168008433274455
norm(r_4) 0
Newton iteration  1 : ||r|| = 0.516801, ||r||/||r_0|| = 1
Setting time step: 0.1895826544605272 in DGTransportTDO
Setting time step: 0.1895826544605272 in CombinedOp
Setting time step: 0.1895826544605272 in IonStaticPressureOp
norm(r_0) 0
norm(r_1) 0
norm(r_2) 0
norm(r_3) 0.5168008433274455
norm(r_4) 0
Newton iteration  0 : ||r|| = 0.516801
   Pass :  1   Iteration :   0  ||B r|| = 4.92232e-07
norm(r_0) 0
norm(r_1) 0
norm(r_2) 0
norm(r_3) 0.5168008433274455
norm(r_4) 0
Newton iteration  1 : ||r|| = 0.516801, ||r||/||r_0|| = 1
Setting time step: 0.1895826544605272 in DGTransportTDO
Setting time step: 0.1895826544605272 in CombinedOp
Setting time step: 0.1895826544605272 in IonStaticPressureOp
norm(r_0) 0
norm(r_1) 0
norm(r_2) 0
norm(r_3) 0.5168008433274455
norm(r_4) 0
Newton iteration  0 : ||r|| = 0.516801
   Pass :  1   Iteration :   0  ||B r|| = 4.92232e-07
norm(r_0) 0
norm(r_1) 0
norm(r_2) 0
norm(r_3) 0.5168008433274455
norm(r_4) 0
Newton iteration  1 : ||r|| = 0.516801, ||r||/||r_0|| = 1
Time stepping paused at t = 1.754018779425312
Steady State solution has been reached

Time stepping done after 2.494472947s.
