Options used:
   --mesh /home/gz6/mfem/data/inline-quad.mesh
   --bc-file /home/gz6/mfem-analysis/input-files/transport2d_bcs.inp
   --ic-file /home/gz6/mfem-analysis/input-files/transport2d_ics.inp
   --ec-file /home/gz6/mfem-analysis/input-files/transport2d_ecs.inp
   --es-file /home/gz6/mfem-analysis/input-files/transport2d_ess.inp
   --eqdsk-file 
   --logging 1
   --operator-test 8
   --equation-weights '1 1 1 1 1'
   --problem 0
   --refine-serial 3
   --refine-parallel 0
   --disable-amr
   --max-err -1
   --hysteresis 0.25
   --nc-limit 3
   --amr-weights '1 1 1 1 1'
   --order 1
   --dg-sigma -1
   --dg-kappa 500
   --linear-abs-tolerance 1e-06
   --linear-rel-tolerance 1e-06
   --linear-max-iterations 300
   --linear-logging-level 3
   --newton-abs-tolerance 1e-10
   --newton-rel-tolerance 1e-10
   --newton-max-iterations 1
   --newton-logging-level 1
   --steady-state-abs-tolerance 1e-08
   --steady-state-rel-tolerance 1e-08
   --prec-type 1
   --prec-logging-level 0
   --initial-tolerance 1e-05
   --ode-tolerance 0.001
   --ode-solver 2
   --err-per-step
   --ode-weights '1 1 1 1 1'
   --kP 0
   --kI 0.6
   --kD 0
   --dead-zone-min 0.95
   --dead-zone-max 1.05
   --theta-max 2
   --t-minimum 0
   --t-final 200
   --time-step 0.01
   --cfl-number 0.3
   --ion-charge 1
   --ion-mass 2.01410178
   --neutral-mass 2.01410178
   --neutral-temp 3
   --min-neutral-density 900000000000000
   --max-neutral-density 1000000000000000
   --neutral-density-exp 0
   --min-ion-density 1e+16
   --max-ion-density 1e+18
   --ion-density-exp 0
   --min-ion-temp 1
   --max-ion-temp 10
   --ion-temp-exp 0
   --min-electron-temp 10
   --max-electron-temp 440
   --electron-temp-exp 0
   --total-B-magnitude 5
   --poloidal-B-magnitude 0.5
   --velocity 1000
   --Di-perp 1
   --Xi-perp 1
   --Xe-perp 1
   --equation-term-flags '-1 -1 -1 -1 -1'
   --visualization-flags '-1 -1 -1 -1 -1'
   --visualization
   --visit-datafiles
   --ascii-datafiles
   --no-check-gradient
   --visualization-steps 4
Device configuration: cpu
Memory configuration: host-std
Number of elements in initial mesh: 16
Number of elements after serial refinement: 1024
11: Number of elements in parallel mesh: 64
11: Number of elements after parallel refinement: 64
9: Number of elements in parallel mesh: 64
9: Number of elements after parallel refinement: 64
10: Number of elements in parallel mesh: 64
10: Number of elements after parallel refinement: 64
1: Number of elements in parallel mesh: 64
1: Number of elements after parallel refinement: 64
0: Number of elements in parallel mesh: 64
0: Number of elements after parallel refinement: 64
2: Number of elements in parallel mesh: 64
2: Number of elements after parallel refinement: 64
3: Number of elements in parallel mesh: 64
3: Number of elements after parallel refinement: 64
8: Number of elements in parallel mesh: 64
8: Number of elements after parallel refinement: 64
4: Number of elements in parallel mesh: 64
4: Number of elements after parallel refinement: 64
5: Number of elements in parallel mesh: 64
5: Number of elements after parallel refinement: 64
7: Number of elements in parallel mesh: 64
7: Number of elements after parallel refinement: 64
12: Number of elements in parallel mesh: 64
12: Number of elements after parallel refinement: 64
13: Number of elements in parallel mesh: 64
13: Number of elements after parallel refinement: 64
14: Number of elements in parallel mesh: 64
14: Number of elements after parallel refinement: 64
15: Number of elements in parallel mesh: 64
15: Number of elements after parallel refinement: 64
6: Number of elements in parallel mesh: 64
6: Number of elements after parallel refinement: 64
Configuring initial conditions
Reading initial conditions from /home/gz6/mfem-analysis/input-files/transport2d_ics.inp
Configuring exact solutions
Reading exact solutions from /home/gz6/mfem-analysis/input-files/transport2d_ess.inp
Number of unknowns per field: 4096
Total number of unknowns:     20480
Configuring boundary conditions
Reading boundary conditions from /home/gz6/mfem-analysis/input-files/transport2d_bcs.inp
Configuring equation coefficients
Reading equation coefficients from /home/gz6/mfem-analysis/input-files/transport2d_ecs.inp
Ion Static Pressure: Adding time derivative term proportional to d n_i / dt
Ion Static Pressure: Adding time derivative term proportional to d T_i / dt
Ion Static Pressure: Adding anisotropic diffusion term
Ion Static Pressure: Adding source term
Opening GLVis sockets.
Range of error estimates for initial condition: 0 < elem err < 0

Begin time stepping at t = 0
Setting time step: 0.0025 in DGTransportTDO
Setting time step: 0.0025 in CombinedOp
Setting time step: 0.0025 in IonStaticPressureOp
norm(r_0) 0
norm(r_1) 0
norm(r_2) 0
norm(r_3) 0.1542125687670212
norm(r_4) 0
Newton iteration  0 : ||r|| = 0.154213
   Pass :  1   Iteration :   0  ||B r|| = 4.73803 ...
   Pass :  6   Iteration : 300  ||B r|| = 0.000908316
GMRES: No convergence!
norm(r_0) 0
norm(r_1) 0
norm(r_2) 0
norm(r_3) 1.02217015218398
norm(r_4) 0
Newton iteration  1 : ||r|| = 1.02217, ||r||/||r_0|| = 6.62832
Setting time step: 0.0025 in DGTransportTDO
Setting time step: 0.0025 in CombinedOp
Setting time step: 0.0025 in IonStaticPressureOp
norm(r_0) 0
norm(r_1) 0
norm(r_2) 0
norm(r_3) 2.048422938269999
norm(r_4) 0
Newton iteration  0 : ||r|| = 2.04842
   Pass :  1   Iteration :   0  ||B r|| = 4.09493 ...
   Pass :  6   Iteration : 300  ||B r|| = 0.000838245
GMRES: No convergence!
norm(r_0) 0
norm(r_1) 0
norm(r_2) 0
norm(r_3) 1.013650162182103
norm(r_4) 0
Newton iteration  1 : ||r|| = 1.01365, ||r||/||r_0|| = 0.494844
Setting time step: 0.0025 in DGTransportTDO
Setting time step: 0.0025 in CombinedOp
Setting time step: 0.0025 in IonStaticPressureOp
norm(r_0) 0
norm(r_1) 0
norm(r_2) 0
norm(r_3) 1.643635723561523
norm(r_4) 0
Newton iteration  0 : ||r|| = 1.64364
   Pass :  1   Iteration :   0  ||B r|| = 4.34883 ...
   Pass :  6   Iteration : 300  ||B r|| = 0.000601366
GMRES: No convergence!
norm(r_0) 0
norm(r_1) 0
norm(r_2) 0
norm(r_3) 0.8876739582604426
norm(r_4) 0
Newton iteration  1 : ||r|| = 0.887674, ||r||/||r_0|| = 0.540067
Setting time step: 0.0025 in DGTransportTDO
Setting time step: 0.0025 in CombinedOp
Setting time step: 0.0025 in IonStaticPressureOp
norm(r_0) 0
norm(r_1) 0
norm(r_2) 0
norm(r_3) 1.300772716203244
norm(r_4) 0
Newton iteration  0 : ||r|| = 1.30077
   Pass :  1   Iteration :   0  ||B r|| = 4.41592 ...
   Pass :  6   Iteration : 300  ||B r|| = 0.000545729
GMRES: No convergence!
norm(r_0) 0
norm(r_1) 0
norm(r_2) 0
norm(r_3) 0.5757475681203649
norm(r_4) 0
Newton iteration  1 : ||r|| = 0.575748, ||r||/||r_0|| = 0.44262
Setting time step: 0.0025 in DGTransportTDO
Setting time step: 0.0025 in CombinedOp
Setting time step: 0.0025 in IonStaticPressureOp
norm(r_0) 0
norm(r_1) 0
norm(r_2) 0
norm(r_3) 23.49693178856342
norm(r_4) 0
Newton iteration  0 : ||r|| = 23.4969
   Pass :  1   Iteration :   0  ||B r|| = 3.69801 ...
   Pass :  6   Iteration : 300  ||B r|| = 0.000903477
GMRES: No convergence!
norm(r_0) 0
norm(r_1) 0
norm(r_2) 0
norm(r_3) 1.140071252581863
norm(r_4) 0
Newton iteration  1 : ||r|| = 1.14007, ||r||/||r_0|| = 0.04852
Setting time step: 0.001788093077654599 in DGTransportTDO
Setting time step: 0.001788093077654599 in CombinedOp
Setting time step: 0.001788093077654599 in IonStaticPressureOp
norm(r_0) 0
norm(r_1) 0
norm(r_2) 0
norm(r_3) 0.1542125687670212
norm(r_4) 0
Newton iteration  0 : ||r|| = 0.154213
   Pass :  1   Iteration :   0  ||B r|| = 6.58869 ...
   Pass :  6   Iteration : 300  ||B r|| = 0.000709322
GMRES: No convergence!
norm(r_0) 0
norm(r_1) 0
norm(r_2) 0
norm(r_3) 0.5918985785954315
norm(r_4) 0
Newton iteration  1 : ||r|| = 0.591899, ||r||/||r_0|| = 3.8382
Setting time step: 0.001788093077654599 in DGTransportTDO
Setting time step: 0.001788093077654599 in CombinedOp
Setting time step: 0.001788093077654599 in IonStaticPressureOp
norm(r_0) 0
norm(r_1) 0
norm(r_2) 0
norm(r_3) 1.191658564561521
norm(r_4) 0
Newton iteration  0 : ||r|| = 1.19166
   Pass :  1   Iteration :   0  ||B r|| = 6.00619 ...
   Pass :  6   Iteration : 300  ||B r|| = 0.000322129
GMRES: No convergence!
norm(r_0) 0
norm(r_1) 0
norm(r_2) 0
norm(r_3) 0.2142049967181449
norm(r_4) 0
Newton iteration  1 : ||r|| = 0.214205, ||r||/||r_0|| = 0.179754
Setting time step: 0.001788093077654599 in DGTransportTDO
Setting time step: 0.001788093077654599 in CombinedOp
Setting time step: 0.001788093077654599 in IonStaticPressureOp
norm(r_0) 0
norm(r_1) 0
norm(r_2) 0
norm(r_3) 0.9929130214356671
norm(r_4) 0
Newton iteration  0 : ||r|| = 0.992913
   Pass :  1   Iteration :   0  ||B r|| = 6.23796 ...
   Pass :  6   Iteration : 300  ||B r|| = 0.000480368
GMRES: No convergence!
norm(r_0) 0
norm(r_1) 0
norm(r_2) 0
norm(r_3) 0.3215039115175621
norm(r_4) 0
Newton iteration  1 : ||r|| = 0.321504, ||r||/||r_0|| = 0.323799
Setting time step: 0.001788093077654599 in DGTransportTDO
Setting time step: 0.001788093077654599 in CombinedOp
Setting time step: 0.001788093077654599 in IonStaticPressureOp
norm(r_0) 0
norm(r_1) 0
norm(r_2) 0
norm(r_3) 0.7831470603234839
norm(r_4) 0
Newton iteration  0 : ||r|| = 0.783147
   Pass :  1   Iteration :   0  ||B r|| = 6.29698 ...
   Pass :  6   Iteration : 300  ||B r|| = 0.000514565
GMRES: No convergence!
norm(r_0) 0
norm(r_1) 0
norm(r_2) 0
norm(r_3) 0.3568173104077554
norm(r_4) 0
Newton iteration  1 : ||r|| = 0.356817, ||r||/||r_0|| = 0.45562
Setting time step: 0.001788093077654599 in DGTransportTDO
Setting time step: 0.001788093077654599 in CombinedOp
Setting time step: 0.001788093077654599 in IonStaticPressureOp
norm(r_0) 0
norm(r_1) 0
norm(r_2) 0
norm(r_3) 13.06551470569678
norm(r_4) 0
Newton iteration  0 : ||r|| = 13.0655
   Pass :  1   Iteration :   0  ||B r|| = 6.0111 ...
   Pass :  6   Iteration : 300  ||B r|| = 0.000436764
GMRES: No convergence!
norm(r_0) 0
norm(r_1) 0
norm(r_2) 0
norm(r_3) 0.3167657254298102
norm(r_4) 0
Newton iteration  1 : ||r|| = 0.316766, ||r||/||r_0|| = 0.0242444
Setting time step: 0.001478831818290437 in DGTransportTDO
Setting time step: 0.001478831818290437 in CombinedOp
Setting time step: 0.001478831818290437 in IonStaticPressureOp
norm(r_0) 0
norm(r_1) 0
norm(r_2) 0
norm(r_3) 0.1542125687670212
norm(r_4) 0
Newton iteration  0 : ||r|| = 0.154213
   Pass :  1   Iteration :   0  ||B r|| = 7.93513 ...
   Pass :  6   Iteration : 300  ||B r|| = 0.000624057
GMRES: No convergence!
norm(r_0) 0
norm(r_1) 0
norm(r_2) 0
norm(r_3) 0.4389503380533431
norm(r_4) 0
Newton iteration  1 : ||r|| = 0.43895, ||r||/||r_0|| = 2.8464
Setting time step: 0.001478831818290437 in DGTransportTDO
Setting time step: 0.001478831818290437 in CombinedOp
Setting time step: 0.001478831818290437 in IonStaticPressureOp
norm(r_0) 0
norm(r_1) 0
norm(r_2) 0
norm(r_3) 0.8889659281399471
norm(r_4) 0
Newton iteration  0 : ||r|| = 0.888966
   Pass :  1   Iteration :   0  ||B r|| = 7.37749 ...
   Pass :  6   Iteration : 300  ||B r|| = 0.000303593
GMRES: No convergence!
norm(r_0) 0
norm(r_1) 0
norm(r_2) 0
norm(r_3) 0.1824407978900573
norm(r_4) 0
Newton iteration  1 : ||r|| = 0.182441, ||r||/||r_0|| = 0.205228
Setting time step: 0.001478831818290437 in DGTransportTDO
Setting time step: 0.001478831818290437 in CombinedOp
Setting time step: 0.001478831818290437 in IonStaticPressureOp
norm(r_0) 0
norm(r_1) 0
norm(r_2) 0
norm(r_3) 0.7432760771176236
norm(r_4) 0
Newton iteration  0 : ||r|| = 0.743276
   Pass :  1   Iteration :   0  ||B r|| = 7.60204 ...
   Pass :  6   Iteration : 300  ||B r|| = 0.000483796
GMRES: No convergence!
norm(r_0) 0
norm(r_1) 0
norm(r_2) 0
norm(r_3) 0.2532611435036091
norm(r_4) 0
Newton iteration  1 : ||r|| = 0.253261, ||r||/||r_0|| = 0.340736
Setting time step: 0.001478831818290437 in DGTransportTDO
Setting time step: 0.001478831818290437 in CombinedOp
Setting time step: 0.001478831818290437 in IonStaticPressureOp
norm(r_0) 0
norm(r_1) 0
norm(r_2) 0
norm(r_3) 0.5954734843799058
norm(r_4) 0
Newton iteration  0 : ||r|| = 0.595473
   Pass :  1   Iteration :   0  ||B r|| = 7.65733 ...
   Pass :  6   Iteration : 300  ||B r|| = 0.000548152
GMRES: No convergence!
norm(r_0) 0
norm(r_1) 0
norm(r_2) 0
norm(r_3) 0.3233542854644767
norm(r_4) 0
Newton iteration  1 : ||r|| = 0.323354, ||r||/||r_0|| = 0.54302
Setting time step: 0.001478831818290437 in DGTransportTDO
Setting time step: 0.001478831818290437 in CombinedOp
Setting time step: 0.001478831818290437 in IonStaticPressureOp
norm(r_0) 0
norm(r_1) 0
norm(r_2) 0
norm(r_3) 7.419579154396437
norm(r_4) 0
Newton iteration  0 : ||r|| = 7.41958
   Pass :  1   Iteration :   0  ||B r|| = 7.20463 ...
   Pass :  6   Iteration : 300  ||B r|| = 0.000488871
GMRES: No convergence!
norm(r_0) 0
norm(r_1) 0
norm(r_2) 0
norm(r_3) 0.2904414581236806
norm(r_4) 0
Newton iteration  1 : ||r|| = 0.290441, ||r||/||r_0|| = 0.0391453
Setting time step: 0.001478831818290437 in DGTransportTDO
Setting time step: 0.001478831818290437 in CombinedOp
Setting time step: 0.001478831818290437 in IonStaticPressureOp
norm(r_0) 0
norm(r_1) 0
norm(r_2) 0
norm(r_3) 0.3174151058057575
norm(r_4) 0
Newton iteration  0 : ||r|| = 0.317415
   Pass :  1   Iteration :   0  ||B r|| = 6.82928 ...
   Pass :  6   Iteration : 300  ||B r|| = 0.0003756
GMRES: No convergence!
norm(r_0) 0
norm(r_1) 0
norm(r_2) 0
norm(r_3) 0.2643164298817349
norm(r_4) 0
Newton iteration  1 : ||r|| = 0.264316, ||r||/||r_0|| = 0.832715
Setting time step: 0.001478831818290437 in DGTransportTDO
Setting time step: 0.001478831818290437 in CombinedOp
Setting time step: 0.001478831818290437 in IonStaticPressureOp
norm(r_0) 0
norm(r_1) 0
norm(r_2) 0
norm(r_3) 0.5400677662304416
norm(r_4) 0
Newton iteration  0 : ||r|| = 0.540068
   Pass :  1   Iteration :   0  ||B r|| = 6.23281 ...
   Pass :  6   Iteration : 300  ||B r|| = 0.000428766
GMRES: No convergence!
norm(r_0) 0
norm(r_1) 0
norm(r_2) 0
norm(r_3) 0.3013462946378715
norm(r_4) 0
Newton iteration  1 : ||r|| = 0.301346, ||r||/||r_0|| = 0.557979
Setting time step: 0.001478831818290437 in DGTransportTDO
Setting time step: 0.001478831818290437 in CombinedOp
Setting time step: 0.001478831818290437 in IonStaticPressureOp
norm(r_0) 0
norm(r_1) 0
norm(r_2) 0
norm(r_3) 0.4314911635090602
norm(r_4) 0
Newton iteration  0 : ||r|| = 0.431491
   Pass :  1   Iteration :   0  ||B r|| = 6.46789 ...
   Pass :  6   Iteration : 300  ||B r|| = 0.000446683
GMRES: No convergence!
norm(r_0) 0
norm(r_1) 0
norm(r_2) 0
norm(r_3) 0.30739818792402
norm(r_4) 0
Newton iteration  1 : ||r|| = 0.307398, ||r||/||r_0|| = 0.712409
Setting time step: 0.001478831818290437 in DGTransportTDO
Setting time step: 0.001478831818290437 in CombinedOp
Setting time step: 0.001478831818290437 in IonStaticPressureOp
norm(r_0) 0
norm(r_1) 0
norm(r_2) 0
norm(r_3) 0.3521754145125046
norm(r_4) 0
Newton iteration  0 : ||r|| = 0.352175
   Pass :  1   Iteration :   0  ||B r|| = 6.52783 ...
   Pass :  6   Iteration : 300  ||B r|| = 0.000443268
GMRES: No convergence!
norm(r_0) 0
norm(r_1) 0
norm(r_2) 0
norm(r_3) 0.3335540547596325
norm(r_4) 0
Newton iteration  1 : ||r|| = 0.333554, ||r||/||r_0|| = 0.947125
Setting time step: 0.001478831818290437 in DGTransportTDO
Setting time step: 0.001478831818290437 in CombinedOp
Setting time step: 0.001478831818290437 in IonStaticPressureOp
norm(r_0) 0
norm(r_1) 0
norm(r_2) 0
norm(r_3) 5.37629293105638
norm(r_4) 0
Newton iteration  0 : ||r|| = 5.37629
   Pass :  1   Iteration :   0  ||B r|| = 5.96028 ...
   Pass :  6   Iteration : 300  ||B r|| = 0.000473467
GMRES: No convergence!
norm(r_0) 0
norm(r_1) 0
norm(r_2) 0
norm(r_3) 0.3076910138019155
norm(r_4) 0
Newton iteration  1 : ||r|| = 0.307691, ||r||/||r_0|| = 0.0572311
Setting time step: 0.002957663636580875 in DGTransportTDO
Setting time step: 0.002957663636580875 in CombinedOp
Setting time step: 0.002957663636580875 in IonStaticPressureOp
norm(r_0) 0
norm(r_1) 0
norm(r_2) 0
norm(r_3) 0.3258258404128275
norm(r_4) 0
Newton iteration  0 : ||r|| = 0.325826
   Pass :  1   Iteration :   0  ||B r|| = 2.87697 ...
   Pass :  6   Iteration : 300  ||B r|| = 0.000679375
GMRES: No convergence!
norm(r_0) 0
norm(r_1) 0
norm(r_2) 0
norm(r_3) 0.9131304676948647
norm(r_4) 0
Newton iteration  1 : ||r|| = 0.91313, ||r||/||r_0|| = 2.80251
Setting time step: 0.002957663636580875 in DGTransportTDO
Setting time step: 0.002957663636580875 in CombinedOp
Setting time step: 0.002957663636580875 in IonStaticPressureOp
norm(r_0) 0
norm(r_1) 0
norm(r_2) 0
norm(r_3) 1.844551120434288
norm(r_4) 0
Newton iteration  0 : ||r|| = 1.84455
   Pass :  1   Iteration :   0  ||B r|| = 2.32782 ...
   Pass :  6   Iteration : 300  ||B r|| = 0.00060184
GMRES: No convergence!
norm(r_0) 0
norm(r_1) 0
norm(r_2) 0
norm(r_3) 0.8034056881912133
norm(r_4) 0
Newton iteration  1 : ||r|| = 0.803406, ||r||/||r_0|| = 0.435556
Setting time step: 0.002957663636580875 in DGTransportTDO
Setting time step: 0.002957663636580875 in CombinedOp
Setting time step: 0.002957663636580875 in IonStaticPressureOp
norm(r_0) 0
norm(r_1) 0
norm(r_2) 0
norm(r_3) 1.47484737498467
norm(r_4) 0
Newton iteration  0 : ||r|| = 1.47485
   Pass :  1   Iteration :   0  ||B r|| = 2.53239 ...
   Pass :  6   Iteration : 300  ||B r|| = 0.000609545
GMRES: No convergence!
norm(r_0) 0
norm(r_1) 0
norm(r_2) 0
norm(r_3) 0.7380813827943989
norm(r_4) 0
Newton iteration  1 : ||r|| = 0.738081, ||r||/||r_0|| = 0.500446
Setting time step: 0.002957663636580875 in DGTransportTDO
Setting time step: 0.002957663636580875 in CombinedOp
Setting time step: 0.002957663636580875 in IonStaticPressureOp
norm(r_0) 0
norm(r_1) 0
norm(r_2) 0
norm(r_3) 1.170372428012734
norm(r_4) 0
Newton iteration  0 : ||r|| = 1.17037
   Pass :  1   Iteration :   0  ||B r|| = 2.59066 ...
   Pass :  6   Iteration : 300  ||B r|| = 0.000361924
GMRES: No convergence!
norm(r_0) 0
norm(r_1) 0
norm(r_2) 0
norm(r_3) 0.3584553259186596
norm(r_4) 0
Newton iteration  1 : ||r|| = 0.358455, ||r||/||r_0|| = 0.306275
Setting time step: 0.002957663636580875 in DGTransportTDO
Setting time step: 0.002957663636580875 in CombinedOp
Setting time step: 0.002957663636580875 in IonStaticPressureOp
norm(r_0) 0
norm(r_1) 0
norm(r_2) 0
norm(r_3) 20.92721426158088
norm(r_4) 0
Newton iteration  0 : ||r|| = 20.9272
   Pass :  1   Iteration :   0  ||B r|| = 1.45248 ...
   Pass :  6   Iteration : 300  ||B r|| = 0.00149226
GMRES: No convergence!
norm(r_0) 0
norm(r_1) 0
norm(r_2) 0
norm(r_3) 2.85939346532787
norm(r_4) 0
Newton iteration  1 : ||r|| = 2.85939, ||r||/||r_0|| = 0.136635
Setting time step: 0.001137638077566825 in DGTransportTDO
Setting time step: 0.001137638077566825 in CombinedOp
Setting time step: 0.001137638077566825 in IonStaticPressureOp
norm(r_0) 0
norm(r_1) 0
norm(r_2) 0
norm(r_3) 0.3258258404128275
norm(r_4) 0
Newton iteration  0 : ||r|| = 0.325826
   Pass :  1   Iteration :   0  ||B r|| = 7.34407 ...
   Pass :  6   Iteration : 300  ||B r|| = 0.000338626
GMRES: No convergence!
norm(r_0) 0
norm(r_1) 0
norm(r_2) 0
norm(r_3) 0.1489330538626355
norm(r_4) 0
Newton iteration  1 : ||r|| = 0.148933, ||r||/||r_0|| = 0.457094
Setting time step: 0.001137638077566825 in DGTransportTDO
Setting time step: 0.001137638077566825 in CombinedOp
Setting time step: 0.001137638077566825 in IonStaticPressureOp
norm(r_0) 0
norm(r_1) 0
norm(r_2) 0
norm(r_3) 0.4339295567606298
norm(r_4) 0
Newton iteration  0 : ||r|| = 0.43393
   Pass :  1   Iteration :   0  ||B r|| = 6.84801 ...
   Pass :  6   Iteration : 300  ||B r|| = 0.000300027
GMRES: No convergence!
norm(r_0) 0
norm(r_1) 0
norm(r_2) 0
norm(r_3) 0.1284358087771391
norm(r_4) 0
Newton iteration  1 : ||r|| = 0.128436, ||r||/||r_0|| = 0.295983
Setting time step: 0.001137638077566825 in DGTransportTDO
Setting time step: 0.001137638077566825 in CombinedOp
Setting time step: 0.001137638077566825 in IonStaticPressureOp
norm(r_0) 0
norm(r_1) 0
norm(r_2) 0
norm(r_3) 0.3041154416720081
norm(r_4) 0
Newton iteration  0 : ||r|| = 0.304115
   Pass :  1   Iteration :   0  ||B r|| = 7.03918 ...
   Pass :  6   Iteration : 300  ||B r|| = 0.000306709
GMRES: No convergence!
norm(r_0) 0
norm(r_1) 0
norm(r_2) 0
norm(r_3) 0.1460789751099552
norm(r_4) 0
Newton iteration  1 : ||r|| = 0.146079, ||r||/||r_0|| = 0.480341
Setting time step: 0.001137638077566825 in DGTransportTDO
Setting time step: 0.001137638077566825 in CombinedOp
Setting time step: 0.001137638077566825 in IonStaticPressureOp
norm(r_0) 0
norm(r_1) 0
norm(r_2) 0
norm(r_3) 0.2282361834150992
norm(r_4) 0
Newton iteration  0 : ||r|| = 0.228236
   Pass :  1   Iteration :   0  ||B r|| = 7.0905 ...
   Pass :  6   Iteration : 300  ||B r|| = 0.000291535
GMRES: No convergence!
norm(r_0) 0
norm(r_1) 0
norm(r_2) 0
norm(r_3) 0.1360140756045224
norm(r_4) 0
Newton iteration  1 : ||r|| = 0.136014, ||r||/||r_0|| = 0.595936
Setting time step: 0.001137638077566825 in DGTransportTDO
Setting time step: 0.001137638077566825 in CombinedOp
Setting time step: 0.001137638077566825 in IonStaticPressureOp
norm(r_0) 0
norm(r_1) 0
norm(r_2) 0
norm(r_3) 3.291521512255278
norm(r_4) 0
Newton iteration  0 : ||r|| = 3.29152
   Pass :  1   Iteration :   0  ||B r|| = 6.65623 ...
   Pass :  6   Iteration : 300  ||B r|| = 0.000247466
GMRES: No convergence!
norm(r_0) 0
norm(r_1) 0
norm(r_2) 0
norm(r_3) 0.1188127179128193
norm(r_4) 0
Newton iteration  1 : ||r|| = 0.118813, ||r||/||r_0|| = 0.0360966
Setting time step: 0.00227527615513365 in DGTransportTDO
Setting time step: 0.00227527615513365 in CombinedOp
Setting time step: 0.00227527615513365 in IonStaticPressureOp
norm(r_0) 0
norm(r_1) 0
norm(r_2) 0
norm(r_3) 0.1511957661720148
norm(r_4) 0
Newton iteration  0 : ||r|| = 0.151196
   Pass :  1   Iteration :   0  ||B r|| = 3.24936 ...
   Pass :  6   Iteration : 300  ||B r|| = 0.00047885
GMRES: No convergence!
norm(r_0) 0
norm(r_1) 0
norm(r_2) 0
norm(r_3) 0.5491794859855651
norm(r_4) 0
Newton iteration  1 : ||r|| = 0.549179, ||r||/||r_0|| = 3.63224
Setting time step: 0.00227527615513365 in DGTransportTDO
Setting time step: 0.00227527615513365 in CombinedOp
Setting time step: 0.00227527615513365 in IonStaticPressureOp
norm(r_0) 0
norm(r_1) 0
norm(r_2) 0
norm(r_3) 1.101737540564602
norm(r_4) 0
Newton iteration  0 : ||r|| = 1.10174
   Pass :  1   Iteration :   0  ||B r|| = 2.79131 ...
   Pass :  6   Iteration : 300  ||B r|| = 0.000204034
GMRES: No convergence!
norm(r_0) 0
norm(r_1) 0
norm(r_2) 0
norm(r_3) 0.2132480155075065
norm(r_4) 0
Newton iteration  1 : ||r|| = 0.213248, ||r||/||r_0|| = 0.193556
Setting time step: 0.00227527615513365 in DGTransportTDO
Setting time step: 0.00227527615513365 in CombinedOp
Setting time step: 0.00227527615513365 in IonStaticPressureOp
norm(r_0) 0
norm(r_1) 0
norm(r_2) 0
norm(r_3) 0.9119317612891551
norm(r_4) 0
Newton iteration  0 : ||r|| = 0.911932
   Pass :  1   Iteration :   0  ||B r|| = 2.96503 ...
   Pass :  6   Iteration : 300  ||B r|| = 0.00023849
GMRES: No convergence!
norm(r_0) 0
norm(r_1) 0
norm(r_2) 0
norm(r_3) 0.1970182165033823
norm(r_4) 0
Newton iteration  1 : ||r|| = 0.197018, ||r||/||r_0|| = 0.216045
Setting time step: 0.00227527615513365 in DGTransportTDO
Setting time step: 0.00227527615513365 in CombinedOp
Setting time step: 0.00227527615513365 in IonStaticPressureOp
norm(r_0) 0
norm(r_1) 0
norm(r_2) 0
norm(r_3) 0.720062803731445
norm(r_4) 0
Newton iteration  0 : ||r|| = 0.720063
   Pass :  1   Iteration :   0  ||B r|| = 3.01395 ...
   Pass :  6   Iteration : 300  ||B r|| = 0.000296868
GMRES: No convergence!
norm(r_0) 0
norm(r_1) 0
norm(r_2) 0
norm(r_3) 0.3119387739636648
norm(r_4) 0
Newton iteration  1 : ||r|| = 0.311939, ||r||/||r_0|| = 0.433211
Setting time step: 0.00227527615513365 in DGTransportTDO
Setting time step: 0.00227527615513365 in CombinedOp
Setting time step: 0.00227527615513365 in IonStaticPressureOp
norm(r_0) 0
norm(r_1) 0
norm(r_2) 0
norm(r_3) 8.706140625013502
norm(r_4) 0
Newton iteration  0 : ||r|| = 8.70614
   Pass :  1   Iteration :   0  ||B r|| = 2.70477 ...
   Pass :  6   Iteration : 300  ||B r|| = 0.00016451
GMRES: No convergence!
norm(r_0) 0
norm(r_1) 0
norm(r_2) 0
norm(r_3) 0.1351066922201931
norm(r_4) 0
Newton iteration  1 : ||r|| = 0.135107, ||r||/||r_0|| = 0.0155186
Setting time step: 0.001957552577417419 in DGTransportTDO
Setting time step: 0.001957552577417419 in CombinedOp
Setting time step: 0.001957552577417419 in IonStaticPressureOp
norm(r_0) 0
norm(r_1) 0
norm(r_2) 0
norm(r_3) 0.1511957661720148
norm(r_4) 0
Newton iteration  0 : ||r|| = 0.151196
   Pass :  1   Iteration :   0  ||B r|| = 3.76761 ...
   Pass :  6   Iteration : 300  ||B r|| = 0.000394982
GMRES: No convergence!
norm(r_0) 0
norm(r_1) 0
norm(r_2) 0
norm(r_3) 0.3759380387621379
norm(r_4) 0
Newton iteration  1 : ||r|| = 0.375938, ||r||/||r_0|| = 2.48643
Setting time step: 0.001957552577417419 in DGTransportTDO
Setting time step: 0.001957552577417419 in CombinedOp
Setting time step: 0.001957552577417419 in IonStaticPressureOp
norm(r_0) 0
norm(r_1) 0
norm(r_2) 0
norm(r_3) 0.7544180589622016
norm(r_4) 0
Newton iteration  0 : ||r|| = 0.754418
   Pass :  1   Iteration :   0  ||B r|| = 3.32521 ...
   Pass :  6   Iteration : 300  ||B r|| = 0.000225406
GMRES: No convergence!
norm(r_0) 0
norm(r_1) 0
norm(r_2) 0
norm(r_3) 0.1588975099170551
norm(r_4) 0
Newton iteration  1 : ||r|| = 0.158898, ||r||/||r_0|| = 0.210623
Setting time step: 0.001957552577417419 in DGTransportTDO
Setting time step: 0.001957552577417419 in CombinedOp
Setting time step: 0.001957552577417419 in IonStaticPressureOp
norm(r_0) 0
norm(r_1) 0
norm(r_2) 0
norm(r_3) 0.6251802786531233
norm(r_4) 0
Newton iteration  0 : ||r|| = 0.62518
   Pass :  1   Iteration :   0  ||B r|| = 3.4956 ...
   Pass :  6   Iteration : 300  ||B r|| = 0.000237324
GMRES: No convergence!
norm(r_0) 0
norm(r_1) 0
norm(r_2) 0
norm(r_3) 0.1691507076568228
norm(r_4) 0
Newton iteration  1 : ||r|| = 0.169151, ||r||/||r_0|| = 0.270563
Setting time step: 0.001957552577417419 in DGTransportTDO
Setting time step: 0.001957552577417419 in CombinedOp
Setting time step: 0.001957552577417419 in IonStaticPressureOp
norm(r_0) 0
norm(r_1) 0
norm(r_2) 0
norm(r_3) 0.4925943240239704
norm(r_4) 0
Newton iteration  0 : ||r|| = 0.492594
   Pass :  1   Iteration :   0  ||B r|| = 3.54164 ...
   Pass :  6   Iteration : 300  ||B r|| = 0.000293462
GMRES: No convergence!
norm(r_0) 0
norm(r_1) 0
norm(r_2) 0
norm(r_3) 0.2055741788251775
norm(r_4) 0
Newton iteration  1 : ||r|| = 0.205574, ||r||/||r_0|| = 0.41733
Setting time step: 0.001957552577417419 in DGTransportTDO
Setting time step: 0.001957552577417419 in CombinedOp
Setting time step: 0.001957552577417419 in IonStaticPressureOp
norm(r_0) 0
norm(r_1) 0
norm(r_2) 0
norm(r_3) 5.759316071293567
norm(r_4) 0
Newton iteration  0 : ||r|| = 5.75932
   Pass :  1   Iteration :   0  ||B r|| = 3.2451 ...
   Pass :  6   Iteration : 300  ||B r|| = 0.000194232
GMRES: No convergence!
norm(r_0) 0
norm(r_1) 0
norm(r_2) 0
norm(r_3) 0.1911319103333498
norm(r_4) 0
Newton iteration  1 : ||r|| = 0.191132, ||r||/||r_0|| = 0.0331866
Time stepping paused at t = 0.02421141716626047

Estimating errors.
Setting time step: 0.001822461158884423 in DGTransportTDO
Setting time step: 0.001822461158884423 in CombinedOp
Setting time step: 0.001822461158884423 in IonStaticPressureOp
norm(r_0) 0
norm(r_1) 0
norm(r_2) 0
norm(r_3) 0.2047582582111554
norm(r_4) 0
Newton iteration  0 : ||r|| = 0.204758
   Pass :  1   Iteration :   0  ||B r|| = 3.27265 ...
   Pass :  6   Iteration : 300  ||B r|| = 0.000198263
GMRES: No convergence!
norm(r_0) 0
norm(r_1) 0
norm(r_2) 0
norm(r_3) 0.1644321180999422
norm(r_4) 0
Newton iteration  1 : ||r|| = 0.164432, ||r||/||r_0|| = 0.803055
Setting time step: 0.001822461158884423 in DGTransportTDO
Setting time step: 0.001822461158884423 in CombinedOp
Setting time step: 0.001822461158884423 in IonStaticPressureOp
norm(r_0) 0
norm(r_1) 0
norm(r_2) 0
norm(r_3) 0.3583335063564412
norm(r_4) 0
Newton iteration  0 : ||r|| = 0.358334
   Pass :  1   Iteration :   0  ||B r|| = 2.85659 ...
   Pass :  6   Iteration : 300  ||B r|| = 0.000291887
GMRES: No convergence!
norm(r_0) 0
norm(r_1) 0
norm(r_2) 0
norm(r_3) 0.2366773684878715
norm(r_4) 0
Newton iteration  1 : ||r|| = 0.236677, ||r||/||r_0|| = 0.660495
Setting time step: 0.001822461158884423 in DGTransportTDO
Setting time step: 0.001822461158884423 in CombinedOp
Setting time step: 0.001822461158884423 in IonStaticPressureOp
norm(r_0) 0
norm(r_1) 0
norm(r_2) 0
norm(r_3) 0.283726044237346
norm(r_4) 0
Newton iteration  0 : ||r|| = 0.283726
   Pass :  1   Iteration :   0  ||B r|| = 3.01703 ...
   Pass :  6   Iteration : 300  ||B r|| = 0.00027771
GMRES: No convergence!
norm(r_0) 0
norm(r_1) 0
norm(r_2) 0
norm(r_3) 0.2330024988977986
norm(r_4) 0
Newton iteration  1 : ||r|| = 0.233002, ||r||/||r_0|| = 0.821224
Setting time step: 0.001822461158884423 in DGTransportTDO
Setting time step: 0.001822461158884423 in CombinedOp
Setting time step: 0.001822461158884423 in IonStaticPressureOp
norm(r_0) 0
norm(r_1) 0
norm(r_2) 0
norm(r_3) 0.2280491004728508
norm(r_4) 0
Newton iteration  0 : ||r|| = 0.228049
   Pass :  1   Iteration :   0  ||B r|| = 3.05926 ...
   Pass :  6   Iteration : 300  ||B r|| = 0.00026077
GMRES: No convergence!
norm(r_0) 0
norm(r_1) 0
norm(r_2) 0
norm(r_3) 0.2392154313676087
norm(r_4) 0
Newton iteration  1 : ||r|| = 0.239215, ||r||/||r_0|| = 1.04896
Setting time step: 0.001822461158884423 in DGTransportTDO
Setting time step: 0.001822461158884423 in CombinedOp
Setting time step: 0.001822461158884423 in IonStaticPressureOp
norm(r_0) 0
norm(r_1) 0
norm(r_2) 0
norm(r_3) 3.975116251643616
norm(r_4) 0
Newton iteration  0 : ||r|| = 3.97512
   Pass :  1   Iteration :   0  ||B r|| = 2.63468 ...
   Pass :  6   Iteration : 300  ||B r|| = 0.000273946
GMRES: No convergence!
norm(r_0) 0
norm(r_1) 0
norm(r_2) 0
norm(r_3) 0.1995767743543105
norm(r_4) 0
Newton iteration  1 : ||r|| = 0.199577, ||r||/||r_0|| = 0.0502065
Setting time step: 0.003644922317768846 in DGTransportTDO
Setting time step: 0.003644922317768846 in CombinedOp
Setting time step: 0.003644922317768846 in IonStaticPressureOp
norm(r_0) 0
norm(r_1) 0
norm(r_2) 0
norm(r_3) 0.2080654049657103
norm(r_4) 0
Newton iteration  0 : ||r|| = 0.208065
   Pass :  1   Iteration :   0  ||B r|| = 1.28107 ...
   Pass :  6   Iteration : 300  ||B r|| = 0.00038997
GMRES: No convergence!
norm(r_0) 0
norm(r_1) 0
norm(r_2) 0
norm(r_3) 0.5684831378900533
norm(r_4) 0
Newton iteration  1 : ||r|| = 0.568483, ||r||/||r_0|| = 2.73223
Setting time step: 0.003644922317768846 in DGTransportTDO
Setting time step: 0.003644922317768846 in CombinedOp
Setting time step: 0.003644922317768846 in IonStaticPressureOp
norm(r_0) 0
norm(r_1) 0
norm(r_2) 0
norm(r_3) 1.127714604908574
norm(r_4) 0
Newton iteration  0 : ||r|| = 1.12771
   Pass :  1   Iteration :   0  ||B r|| = 0.981189 ...
   Pass :  6   Iteration : 300  ||B r|| = 0.000332282
GMRES: No convergence!
norm(r_0) 0
norm(r_1) 0
norm(r_2) 0
norm(r_3) 0.3851687515150901
norm(r_4) 0
Newton iteration  1 : ||r|| = 0.385169, ||r||/||r_0|| = 0.341548
Setting time step: 0.003644922317768846 in DGTransportTDO
Setting time step: 0.003644922317768846 in CombinedOp
Setting time step: 0.003644922317768846 in IonStaticPressureOp
norm(r_0) 0
norm(r_1) 0
norm(r_2) 0
norm(r_3) 0.9231736721564753
norm(r_4) 0
Newton iteration  0 : ||r|| = 0.923174
   Pass :  1   Iteration :   0  ||B r|| = 1.09067 ...
   Pass :  6   Iteration : 300  ||B r|| = 0.000342561
GMRES: No convergence!
norm(r_0) 0
norm(r_1) 0
norm(r_2) 0
norm(r_3) 0.4386027638595362
norm(r_4) 0
Newton iteration  1 : ||r|| = 0.438603, ||r||/||r_0|| = 0.475103
Setting time step: 0.003644922317768846 in DGTransportTDO
Setting time step: 0.003644922317768846 in CombinedOp
Setting time step: 0.003644922317768846 in IonStaticPressureOp
norm(r_0) 0
norm(r_1) 0
norm(r_2) 0
norm(r_3) 0.7296109271681582
norm(r_4) 0
Newton iteration  0 : ||r|| = 0.729611
   Pass :  1   Iteration :   0  ||B r|| = 1.1232 ...
   Pass :  6   Iteration : 300  ||B r|| = 0.000311982
GMRES: No convergence!
norm(r_0) 0
norm(r_1) 0
norm(r_2) 0
norm(r_3) 0.5220230025375163
norm(r_4) 0
Newton iteration  1 : ||r|| = 0.522023, ||r||/||r_0|| = 0.715481
Setting time step: 0.003644922317768846 in DGTransportTDO
Setting time step: 0.003644922317768846 in CombinedOp
Setting time step: 0.003644922317768846 in IonStaticPressureOp
norm(r_0) 0
norm(r_1) 0
norm(r_2) 0
norm(r_3) 13.84264206862847
norm(r_4) 0
Newton iteration  0 : ||r|| = 13.8426
   Pass :  1   Iteration :   0  ||B r|| = 0.878922 ...
   Pass :  6   Iteration : 300  ||B r|| = 0.000333784
GMRES: No convergence!
norm(r_0) 0
norm(r_1) 0
norm(r_2) 0
norm(r_3) 0.5470662245902809
norm(r_4) 0
Newton iteration  1 : ||r|| = 0.547066, ||r||/||r_0|| = 0.0395204
Setting time step: 0.00591593850971067 in DGTransportTDO
Setting time step: 0.00591593850971067 in CombinedOp
Setting time step: 0.00591593850971067 in IonStaticPressureOp
norm(r_0) 0
norm(r_1) 0
norm(r_2) 0
norm(r_3) 0.548444647416975
norm(r_4) 0
Newton iteration  0 : ||r|| = 0.548445
   Pass :  1   Iteration :   0  ||B r|| = 0.495452 ...
   Pass :  6   Iteration : 300  ||B r|| = 0.000230026
GMRES: No convergence!
norm(r_0) 0
norm(r_1) 0
norm(r_2) 0
norm(r_3) 0.4575405047073327
norm(r_4) 0
Newton iteration  1 : ||r|| = 0.457541, ||r||/||r_0|| = 0.834251
Setting time step: 0.00591593850971067 in DGTransportTDO
Setting time step: 0.00591593850971067 in CombinedOp
Setting time step: 0.00591593850971067 in IonStaticPressureOp
norm(r_0) 0
norm(r_1) 0
norm(r_2) 0
norm(r_3) 0.9807611544603871
norm(r_4) 0
Newton iteration  0 : ||r|| = 0.980761
   Pass :  1   Iteration :   0  ||B r|| = 0.383716 ...
   Pass :  6   Iteration : 300  ||B r|| = 0.000133243
GMRES: No convergence!
norm(r_0) 0
norm(r_1) 0
norm(r_2) 0
norm(r_3) 0.3369096550654511
norm(r_4) 0
Newton iteration  1 : ||r|| = 0.33691, ||r||/||r_0|| = 0.343519
Setting time step: 0.00591593850971067 in DGTransportTDO
Setting time step: 0.00591593850971067 in CombinedOp
Setting time step: 0.00591593850971067 in IonStaticPressureOp
norm(r_0) 0
norm(r_1) 0
norm(r_2) 0
norm(r_3) 0.7817770650241502
norm(r_4) 0
Newton iteration  0 : ||r|| = 0.781777
   Pass :  1   Iteration :   0  ||B r|| = 0.432714 ...
   Pass :  6   Iteration : 300  ||B r|| = 0.000117637
GMRES: No convergence!
norm(r_0) 0
norm(r_1) 0
norm(r_2) 0
norm(r_3) 0.3112711328697791
norm(r_4) 0
Newton iteration  1 : ||r|| = 0.311271, ||r||/||r_0|| = 0.398158
Setting time step: 0.00591593850971067 in DGTransportTDO
Setting time step: 0.00591593850971067 in CombinedOp
Setting time step: 0.00591593850971067 in IonStaticPressureOp
norm(r_0) 0
norm(r_1) 0
norm(r_2) 0
norm(r_3) 0.6063344632142719
norm(r_4) 0
Newton iteration  0 : ||r|| = 0.606334
   Pass :  1   Iteration :   0  ||B r|| = 0.442702 ...
   Pass :  6   Iteration : 300  ||B r|| = 0.000201844
GMRES: No convergence!
norm(r_0) 0
norm(r_1) 0
norm(r_2) 0
norm(r_3) 0.4864774704609907
norm(r_4) 0
Newton iteration  1 : ||r|| = 0.486477, ||r||/||r_0|| = 0.802325
Setting time step: 0.00591593850971067 in DGTransportTDO
Setting time step: 0.00591593850971067 in CombinedOp
Setting time step: 0.00591593850971067 in IonStaticPressureOp
norm(r_0) 0
norm(r_1) 0
norm(r_2) 0
norm(r_3) 15.33305103432174
norm(r_4) 0
Newton iteration  0 : ||r|| = 15.3331
   Pass :  1   Iteration :   0  ||B r|| = 0.597136 ...
   Pass :  6   Iteration : 300  ||B r|| = 0.000209456
GMRES: No convergence!
norm(r_0) 0
norm(r_1) 0
norm(r_2) 0
norm(r_3) 0.5762594377850541
norm(r_4) 0
Newton iteration  1 : ||r|| = 0.576259, ||r||/||r_0|| = 0.0375828
Setting time step: 0.0027753494917036 in DGTransportTDO
Setting time step: 0.0027753494917036 in CombinedOp
Setting time step: 0.0027753494917036 in IonStaticPressureOp
norm(r_0) 0
norm(r_1) 0
norm(r_2) 0
norm(r_3) 0.548444647416975
norm(r_4) 0
Newton iteration  0 : ||r|| = 0.548445
   Pass :  1   Iteration :   0  ||B r|| = 1.04922 ...
   Pass :  6   Iteration : 300  ||B r|| = 0.000183453
GMRES: No convergence!
norm(r_0) 0
norm(r_1) 0
norm(r_2) 0
norm(r_3) 0.2098511796109242
norm(r_4) 0
Newton iteration  1 : ||r|| = 0.209851, ||r||/||r_0|| = 0.38263
Setting time step: 0.0027753494917036 in DGTransportTDO
Setting time step: 0.0027753494917036 in CombinedOp
Setting time step: 0.0027753494917036 in IonStaticPressureOp
norm(r_0) 0
norm(r_1) 0
norm(r_2) 0
norm(r_3) 0.6008292690990468
norm(r_4) 0
Newton iteration  0 : ||r|| = 0.600829
   Pass :  1   Iteration :   0  ||B r|| = 0.932452 ...
   Pass :  6   Iteration : 300  ||B r|| = 0.000200798
GMRES: No convergence!
norm(r_0) 0
norm(r_1) 0
norm(r_2) 0
norm(r_3) 0.2560090901039994
norm(r_4) 0
Newton iteration  1 : ||r|| = 0.256009, ||r||/||r_0|| = 0.426093
Setting time step: 0.0027753494917036 in DGTransportTDO
Setting time step: 0.0027753494917036 in CombinedOp
Setting time step: 0.0027753494917036 in IonStaticPressureOp
norm(r_0) 0
norm(r_1) 0
norm(r_2) 0
norm(r_3) 0.4055019872720593
norm(r_4) 0
Newton iteration  0 : ||r|| = 0.405502
   Pass :  1   Iteration :   0  ||B r|| = 0.983084 ...
   Pass :  6   Iteration : 300  ||B r|| = 0.000217658
GMRES: No convergence!
norm(r_0) 0
norm(r_1) 0
norm(r_2) 0
norm(r_3) 0.2725238180409093
norm(r_4) 0
Newton iteration  1 : ||r|| = 0.272524, ||r||/||r_0|| = 0.672065
Setting time step: 0.0027753494917036 in DGTransportTDO
Setting time step: 0.0027753494917036 in CombinedOp
Setting time step: 0.0027753494917036 in IonStaticPressureOp
norm(r_0) 0
norm(r_1) 0
norm(r_2) 0
norm(r_3) 0.2772192932154831
norm(r_4) 0
Newton iteration  0 : ||r|| = 0.277219
   Pass :  1   Iteration :   0  ||B r|| = 0.993464 ...
   Pass :  6   Iteration : 300  ||B r|| = 0.000223949
GMRES: No convergence!
norm(r_0) 0
norm(r_1) 0
norm(r_2) 0
norm(r_3) 0.2673414625168101
norm(r_4) 0
Newton iteration  1 : ||r|| = 0.267341, ||r||/||r_0|| = 0.964368
Setting time step: 0.0027753494917036 in DGTransportTDO
Setting time step: 0.0027753494917036 in CombinedOp
Setting time step: 0.0027753494917036 in IonStaticPressureOp
norm(r_0) 0
norm(r_1) 0
norm(r_2) 0
norm(r_3) 6.966021992923526
norm(r_4) 0
Newton iteration  0 : ||r|| = 6.96602
   Pass :  1   Iteration :   0  ||B r|| = 0.816622 ...
   Pass :  6   Iteration : 300  ||B r|| = 0.000250218
GMRES: No convergence!
norm(r_0) 0
norm(r_1) 0
norm(r_2) 0
norm(r_3) 0.3629996311216387
norm(r_4) 0
Newton iteration  1 : ||r|| = 0.363, ||r||/||r_0|| = 0.05211
Setting time step: 0.005550698983407201 in DGTransportTDO
Setting time step: 0.005550698983407201 in CombinedOp
Setting time step: 0.005550698983407201 in IonStaticPressureOp
norm(r_0) 0
norm(r_1) 0
norm(r_2) 0
norm(r_3) 0.3640856192648708
norm(r_4) 0
Newton iteration  0 : ||r|| = 0.364086
   Pass :  1   Iteration :   0  ||B r|| = 0.386454 ...
   Pass :  6   Iteration : 300  ||B r|| = 0.000105478
GMRES: No convergence!
norm(r_0) 0
norm(r_1) 0
norm(r_2) 0
norm(r_3) 0.180204654197731
norm(r_4) 0
Newton iteration  1 : ||r|| = 0.180205, ||r||/||r_0|| = 0.494951
Setting time step: 0.005550698983407201 in DGTransportTDO
Setting time step: 0.005550698983407201 in CombinedOp
Setting time step: 0.005550698983407201 in IonStaticPressureOp
norm(r_0) 0
norm(r_1) 0
norm(r_2) 0
norm(r_3) 0.4799159629160208
norm(r_4) 0
Newton iteration  0 : ||r|| = 0.479916
   Pass :  1   Iteration :   0  ||B r|| = 0.293289 ...
   Pass :  6   Iteration : 300  ||B r|| = 0.000137907
GMRES: No convergence!
norm(r_0) 0
norm(r_1) 0
norm(r_2) 0
norm(r_3) 0.3588441035905867
norm(r_4) 0
Newton iteration  1 : ||r|| = 0.358844, ||r||/||r_0|| = 0.747723
Setting time step: 0.005550698983407201 in DGTransportTDO
Setting time step: 0.005550698983407201 in CombinedOp
Setting time step: 0.005550698983407201 in IonStaticPressureOp
norm(r_0) 0
norm(r_1) 0
norm(r_2) 0
norm(r_3) 0.355616783539506
norm(r_4) 0
Newton iteration  0 : ||r|| = 0.355617
   Pass :  1   Iteration :   0  ||B r|| = 0.332129 ...
   Pass :  6   Iteration : 300  ||B r|| = 0.00015502
GMRES: No convergence!
norm(r_0) 0
norm(r_1) 0
norm(r_2) 0
norm(r_3) 0.3157602528929098
norm(r_4) 0
Newton iteration  1 : ||r|| = 0.31576, ||r||/||r_0|| = 0.887923
Setting time step: 0.005550698983407201 in DGTransportTDO
Setting time step: 0.005550698983407201 in CombinedOp
Setting time step: 0.005550698983407201 in IonStaticPressureOp
norm(r_0) 0
norm(r_1) 0
norm(r_2) 0
norm(r_3) 0.255908150588666
norm(r_4) 0
Newton iteration  0 : ||r|| = 0.255908
   Pass :  1   Iteration :   0  ||B r|| = 0.340411 ...
   Pass :  6   Iteration : 300  ||B r|| = 0.000102601
GMRES: No convergence!
norm(r_0) 0
norm(r_1) 0
norm(r_2) 0
norm(r_3) 0.2377524612713147
norm(r_4) 0
Newton iteration  1 : ||r|| = 0.237752, ||r||/||r_0|| = 0.929054
Setting time step: 0.005550698983407201 in DGTransportTDO
Setting time step: 0.005550698983407201 in CombinedOp
Setting time step: 0.005550698983407201 in IonStaticPressureOp
norm(r_0) 0
norm(r_1) 0
norm(r_2) 0
norm(r_3) 9.309486688603625
norm(r_4) 0
Newton iteration  0 : ||r|| = 9.30949
   Pass :  1   Iteration :   0  ||B r|| = 0.0166483 ...
   Pass :  6   Iteration : 300  ||B r|| = 0.000175205
GMRES: No convergence!
norm(r_0) 0
norm(r_1) 0
norm(r_2) 0
norm(r_3) 0.3323263511623115
norm(r_4) 0
Newton iteration  1 : ||r|| = 0.332326, ||r||/||r_0|| = 0.0356976
Setting time step: 0.003083579412524963 in DGTransportTDO
Setting time step: 0.003083579412524963 in CombinedOp
Setting time step: 0.003083579412524963 in IonStaticPressureOp
norm(r_0) 0
norm(r_1) 0
norm(r_2) 0
norm(r_3) 0.3640856192648708
norm(r_4) 0
Newton iteration  0 : ||r|| = 0.364086
   Pass :  1   Iteration :   0  ||B r|| = 0.692228 ...
   Pass :  6   Iteration : 300  ||B r|| = 0.000204695
GMRES: No convergence!
norm(r_0) 0
norm(r_1) 0
norm(r_2) 0
norm(r_3) 0.294206771266131
norm(r_4) 0
Newton iteration  1 : ||r|| = 0.294207, ||r||/||r_0|| = 0.80807
Setting time step: 0.003083579412524963 in DGTransportTDO
Setting time step: 0.003083579412524963 in CombinedOp
Setting time step: 0.003083579412524963 in IonStaticPressureOp
norm(r_0) 0
norm(r_1) 0
norm(r_2) 0
norm(r_3) 0.6568797479091897
norm(r_4) 0
Newton iteration  0 : ||r|| = 0.65688
   Pass :  1   Iteration :   0  ||B r|| = 0.575263 ...
   Pass :  6   Iteration : 300  ||B r|| = 0.000134471
GMRES: No convergence!
norm(r_0) 0
norm(r_1) 0
norm(r_2) 0
norm(r_3) 0.2306824767696571
norm(r_4) 0
Newton iteration  1 : ||r|| = 0.230682, ||r||/||r_0|| = 0.351179
Setting time step: 0.003083579412524963 in DGTransportTDO
Setting time step: 0.003083579412524963 in CombinedOp
Setting time step: 0.003083579412524963 in IonStaticPressureOp
norm(r_0) 0
norm(r_1) 0
norm(r_2) 0
norm(r_3) 0.5011022020311386
norm(r_4) 0
Newton iteration  0 : ||r|| = 0.501102
   Pass :  1   Iteration :   0  ||B r|| = 0.618922 ...
   Pass :  6   Iteration : 300  ||B r|| = 0.000121225
GMRES: No convergence!
norm(r_0) 0
norm(r_1) 0
norm(r_2) 0
norm(r_3) 0.1943011922636443
norm(r_4) 0
Newton iteration  1 : ||r|| = 0.194301, ||r||/||r_0|| = 0.387748
Setting time step: 0.003083579412524963 in DGTransportTDO
Setting time step: 0.003083579412524963 in CombinedOp
Setting time step: 0.003083579412524963 in IonStaticPressureOp
norm(r_0) 0
norm(r_1) 0
norm(r_2) 0
norm(r_3) 0.3825441377053145
norm(r_4) 0
Newton iteration  0 : ||r|| = 0.382544
   Pass :  1   Iteration :   0  ||B r|| = 0.631649 ...
   Pass :  6   Iteration : 300  ||B r|| = 0.000103711
GMRES: No convergence!
norm(r_0) 0
norm(r_1) 0
norm(r_2) 0
norm(r_3) 0.1353035565880759
norm(r_4) 0
Newton iteration  1 : ||r|| = 0.135304, ||r||/||r_0|| = 0.353694
Setting time step: 0.003083579412524963 in DGTransportTDO
Setting time step: 0.003083579412524963 in CombinedOp
Setting time step: 0.003083579412524963 in IonStaticPressureOp
norm(r_0) 0
norm(r_1) 0
norm(r_2) 0
norm(r_3) 4.301226309004355
norm(r_4) 0
Newton iteration  0 : ||r|| = 4.30123
   Pass :  1   Iteration :   0  ||B r|| = 0.486166 ...
   Pass :  6   Iteration : 300  ||B r|| = 0.000184729
GMRES: No convergence!
norm(r_0) 0
norm(r_1) 0
norm(r_2) 0
norm(r_3) 0.3384637509202117
norm(r_4) 0
Newton iteration  1 : ||r|| = 0.338464, ||r||/||r_0|| = 0.0786901
Time stepping paused at t = 0.0695166666897878

Estimating errors.
Setting time step: 0.004015331029279767 in DGTransportTDO
Setting time step: 0.004015331029279767 in CombinedOp
Setting time step: 0.004015331029279767 in IonStaticPressureOp
norm(r_0) 0
norm(r_1) 0
norm(r_2) 0
norm(r_3) 0.3391047690629529
norm(r_4) 0
Newton iteration  0 : ||r|| = 0.339105
   Pass :  1   Iteration :   0  ||B r|| = 0.352287 ...
   Pass :  6   Iteration : 300  ||B r|| = 0.000163205
GMRES: No convergence!
norm(r_0) 0
norm(r_1) 0
norm(r_2) 0
norm(r_3) 0.2772825600149326
norm(r_4) 0
Newton iteration  1 : ||r|| = 0.277283, ||r||/||r_0|| = 0.81769
Setting time step: 0.004015331029279767 in DGTransportTDO
Setting time step: 0.004015331029279767 in CombinedOp
Setting time step: 0.004015331029279767 in IonStaticPressureOp
norm(r_0) 0
norm(r_1) 0
norm(r_2) 0
norm(r_3) 0.5898881960483783
norm(r_4) 0
Newton iteration  0 : ||r|| = 0.589888
   Pass :  1   Iteration :   0  ||B r|| = 0.301048 ...
   Pass :  6   Iteration : 300  ||B r|| = 0.00010891
GMRES: No convergence!
norm(r_0) 0
norm(r_1) 0
norm(r_2) 0
norm(r_3) 0.2156294792317357
norm(r_4) 0
Newton iteration  1 : ||r|| = 0.215629, ||r||/||r_0|| = 0.365543
Setting time step: 0.004015331029279767 in DGTransportTDO
Setting time step: 0.004015331029279767 in CombinedOp
Setting time step: 0.004015331029279767 in IonStaticPressureOp
norm(r_0) 0
norm(r_1) 0
norm(r_2) 0
norm(r_3) 0.4673692350079516
norm(r_4) 0
Newton iteration  0 : ||r|| = 0.467369
   Pass :  1   Iteration :   0  ||B r|| = 0.322541 ...
   Pass :  6   Iteration : 300  ||B r|| = 0.000132082
GMRES: No convergence!
norm(r_0) 0
norm(r_1) 0
norm(r_2) 0
norm(r_3) 0.2406519960298614
norm(r_4) 0
Newton iteration  1 : ||r|| = 0.240652, ||r||/||r_0|| = 0.514908
Setting time step: 0.004015331029279767 in DGTransportTDO
Setting time step: 0.004015331029279767 in CombinedOp
Setting time step: 0.004015331029279767 in IonStaticPressureOp
norm(r_0) 0
norm(r_1) 0
norm(r_2) 0
norm(r_3) 0.360165339895736
norm(r_4) 0
Newton iteration  0 : ||r|| = 0.360165
   Pass :  1   Iteration :   0  ||B r|| = 0.327313 ...
   Pass :  6   Iteration : 300  ||B r|| = 0.000133428
GMRES: No convergence!
norm(r_0) 0
norm(r_1) 0
norm(r_2) 0
norm(r_3) 0.2533015062135769
norm(r_4) 0
Newton iteration  1 : ||r|| = 0.253302, ||r||/||r_0|| = 0.703292
Setting time step: 0.004015331029279767 in DGTransportTDO
Setting time step: 0.004015331029279767 in CombinedOp
Setting time step: 0.004015331029279767 in IonStaticPressureOp
norm(r_0) 0
norm(r_1) 0
norm(r_2) 0
norm(r_3) 6.311865236760709
norm(r_4) 0
Newton iteration  0 : ||r|| = 6.31187
   Pass :  1   Iteration :   0  ||B r|| = 0.245369 ...
   Pass :  6   Iteration : 300  ||B r|| = 4.10748e-05
GMRES: No convergence!
norm(r_0) 0
norm(r_1) 0
norm(r_2) 0
norm(r_3) 0.06069507656508173
norm(r_4) 0
Newton iteration  1 : ||r|| = 0.0606951, ||r||/||r_0|| = 0.00961603
Setting time step: 0.008030662058559533 in DGTransportTDO
Setting time step: 0.008030662058559533 in CombinedOp
Setting time step: 0.008030662058559533 in IonStaticPressureOp
norm(r_0) 0
norm(r_1) 0
norm(r_2) 0
norm(r_3) 0.06198438158755126
norm(r_4) 0
Newton iteration  0 : ||r|| = 0.0619844
   Pass :  1   Iteration :   0  ||B r|| = 0.123807 ...
   Pass :  6   Iteration : 300  ||B r|| = 5.58275e-05
GMRES: No convergence!
norm(r_0) 0
norm(r_1) 0
norm(r_2) 0
norm(r_3) 0.1560439398863847
norm(r_4) 0
Newton iteration  1 : ||r|| = 0.156044, ||r||/||r_0|| = 2.51747
Setting time step: 0.008030662058559533 in DGTransportTDO
Setting time step: 0.008030662058559533 in CombinedOp
Setting time step: 0.008030662058559533 in IonStaticPressureOp
norm(r_0) 0
norm(r_1) 0
norm(r_2) 0
norm(r_3) 0.306238432537267
norm(r_4) 0
Newton iteration  0 : ||r|| = 0.306238
   Pass :  1   Iteration :   0  ||B r|| = 0.0771243 ...
   Pass :  6   Iteration : 300  ||B r|| = 5.80752e-05
GMRES: No convergence!
norm(r_0) 0
norm(r_1) 0
norm(r_2) 0
norm(r_3) 0.1873656165875518
norm(r_4) 0
Newton iteration  1 : ||r|| = 0.187366, ||r||/||r_0|| = 0.611829
Setting time step: 0.008030662058559533 in DGTransportTDO
Setting time step: 0.008030662058559533 in CombinedOp
Setting time step: 0.008030662058559533 in IonStaticPressureOp
norm(r_0) 0
norm(r_1) 0
norm(r_2) 0
norm(r_3) 0.258053238763972
norm(r_4) 0
Newton iteration  0 : ||r|| = 0.258053
   Pass :  1   Iteration :   0  ||B r|| = 0.0954632 ...
   Pass :  6   Iteration : 300  ||B r|| = 5.79311e-05
GMRES: No convergence!
norm(r_0) 0
norm(r_1) 0
norm(r_2) 0
norm(r_3) 0.2352359962931812
norm(r_4) 0
Newton iteration  1 : ||r|| = 0.235236, ||r||/||r_0|| = 0.911579
Setting time step: 0.008030662058559533 in DGTransportTDO
Setting time step: 0.008030662058559533 in CombinedOp
Setting time step: 0.008030662058559533 in IonStaticPressureOp
norm(r_0) 0
norm(r_1) 0
norm(r_2) 0
norm(r_3) 0.2062920348631768
norm(r_4) 0
Newton iteration  0 : ||r|| = 0.206292
   Pass :  1   Iteration :   0  ||B r|| = 0.0999413 ...
   Pass :  6   Iteration : 300  ||B r|| = 5.27871e-05
GMRES: No convergence!
norm(r_0) 0
norm(r_1) 0
norm(r_2) 0
norm(r_3) 0.1775408573210542
norm(r_4) 0
Newton iteration  1 : ||r|| = 0.177541, ||r||/||r_0|| = 0.860629
Setting time step: 0.008030662058559533 in DGTransportTDO
Setting time step: 0.008030662058559533 in CombinedOp
Setting time step: 0.008030662058559533 in IonStaticPressureOp
norm(r_0) 0
norm(r_1) 0
norm(r_2) 0
norm(r_3) 6.094224138110644
norm(r_4) 0
Newton iteration  0 : ||r|| = 6.09422
   Pass :  1   Iteration :   0  ||B r|| = 0.0149287 ...
   Pass :  6   Iteration : 300  ||B r|| = 4.62843e-05
GMRES: No convergence!
norm(r_0) 0
norm(r_1) 0
norm(r_2) 0
norm(r_3) 0.1702585757786403
norm(r_4) 0
Newton iteration  1 : ||r|| = 0.170259, ||r||/||r_0|| = 0.0279377
Setting time step: 0.01036041780751146 in DGTransportTDO
Setting time step: 0.01036041780751146 in CombinedOp
Setting time step: 0.01036041780751146 in IonStaticPressureOp
norm(r_0) 0
norm(r_1) 0
norm(r_2) 0
norm(r_3) 0.170365595513145
norm(r_4) 0
Newton iteration  0 : ||r|| = 0.170366
   Pass :  1   Iteration :   0  ||B r|| = 0.0357648 ...
   Pass :  6   Iteration : 300  ||B r|| = 3.04808e-05
GMRES: No convergence!
norm(r_0) 0
norm(r_1) 0
norm(r_2) 0
norm(r_3) 0.1372107281883785
norm(r_4) 0
Newton iteration  1 : ||r|| = 0.137211, ||r||/||r_0|| = 0.80539
Setting time step: 0.01036041780751146 in DGTransportTDO
Setting time step: 0.01036041780751146 in CombinedOp
Setting time step: 0.01036041780751146 in IonStaticPressureOp
norm(r_0) 0
norm(r_1) 0
norm(r_2) 0
norm(r_3) 0.2942425729020968
norm(r_4) 0
Newton iteration  0 : ||r|| = 0.294243
   Pass :  1   Iteration :   0  ||B r|| = 0.0247134 ...
   Pass :  6   Iteration : 300  ||B r|| = 1.87166e-05
GMRES: No convergence!
norm(r_0) 0
norm(r_1) 0
norm(r_2) 0
norm(r_3) 0.06562382295302768
norm(r_4) 0
Newton iteration  1 : ||r|| = 0.0656238, ||r||/||r_0|| = 0.223026
Setting time step: 0.01036041780751146 in DGTransportTDO
Setting time step: 0.01036041780751146 in CombinedOp
Setting time step: 0.01036041780751146 in IonStaticPressureOp
norm(r_0) 0
norm(r_1) 0
norm(r_2) 0
norm(r_3) 0.2307916379020848
norm(r_4) 0
Newton iteration  0 : ||r|| = 0.230792
   Pass :  1   Iteration :   0  ||B r|| = 0.0294937 ...
   Pass :  6   Iteration : 300  ||B r|| = 3.21176e-05
GMRES: No convergence!
norm(r_0) 0
norm(r_1) 0
norm(r_2) 0
norm(r_3) 0.1387924851274054
norm(r_4) 0
Newton iteration  1 : ||r|| = 0.138792, ||r||/||r_0|| = 0.601376
Setting time step: 0.01036041780751146 in DGTransportTDO
Setting time step: 0.01036041780751146 in CombinedOp
Setting time step: 0.01036041780751146 in IonStaticPressureOp
norm(r_0) 0
norm(r_1) 0
norm(r_2) 0
norm(r_3) 0.1748495115730129
norm(r_4) 0
Newton iteration  0 : ||r|| = 0.17485
   Pass :  1   Iteration :   0  ||B r|| = 0.0304024 ...
   Pass :  6   Iteration : 300  ||B r|| = 2.97453e-05
GMRES: No convergence!
norm(r_0) 0
norm(r_1) 0
norm(r_2) 0
norm(r_3) 0.1356597076356677
norm(r_4) 0
Newton iteration  1 : ||r|| = 0.13566, ||r||/||r_0|| = 0.775866
Setting time step: 0.01036041780751146 in DGTransportTDO
Setting time step: 0.01036041780751146 in CombinedOp
Setting time step: 0.01036041780751146 in IonStaticPressureOp
norm(r_0) 0
norm(r_1) 0
norm(r_2) 0
norm(r_3) 4.453109748083707
norm(r_4) 0
Newton iteration  0 : ||r|| = 4.45311
   Pass :  1   Iteration :   0  ||B r|| = 0.0232182 ...
   Pass :  6   Iteration : 300  ||B r|| = 7.81534e-06
GMRES: No convergence!
norm(r_0) 0
norm(r_1) 0
norm(r_2) 0
norm(r_3) 0.03003695691881557
norm(r_4) 0
Newton iteration  1 : ||r|| = 0.030037, ||r||/||r_0|| = 0.00674516
Setting time step: 0.01679965400407596 in DGTransportTDO
Setting time step: 0.01679965400407596 in CombinedOp
Setting time step: 0.01679965400407596 in IonStaticPressureOp
norm(r_0) 0
norm(r_1) 0
norm(r_2) 0
norm(r_3) 0.03007220600078469
norm(r_4) 0
Newton iteration  0 : ||r|| = 0.0300722
   Pass :  1   Iteration :   0  ||B r|| = 0.00572347 ...
   Pass :  6   Iteration : 300  ||B r|| = 5.17189e-06
GMRES: No convergence!
norm(r_0) 0
norm(r_1) 0
norm(r_2) 0
norm(r_3) 0.04446824077772353
norm(r_4) 0
Newton iteration  1 : ||r|| = 0.0444682, ||r||/||r_0|| = 1.47872
Setting time step: 0.01679965400407596 in DGTransportTDO
Setting time step: 0.01679965400407596 in CombinedOp
Setting time step: 0.01679965400407596 in IonStaticPressureOp
norm(r_0) 0
norm(r_1) 0
norm(r_2) 0
norm(r_3) 0.09199629971043399
norm(r_4) 0
Newton iteration  0 : ||r|| = 0.0919963
   Pass :  1   Iteration :   0  ||B r|| = 0.00106095 ...
   Pass :  6   Iteration : 300  ||B r|| = 5.0422e-06
GMRES: No convergence!
norm(r_0) 0
norm(r_1) 0
norm(r_2) 0
norm(r_3) 0.0398915024712222
norm(r_4) 0
Newton iteration  1 : ||r|| = 0.0398915, ||r||/||r_0|| = 0.433621
Setting time step: 0.01679965400407596 in DGTransportTDO
Setting time step: 0.01679965400407596 in CombinedOp
Setting time step: 0.01679965400407596 in IonStaticPressureOp
norm(r_0) 0
norm(r_1) 0
norm(r_2) 0
norm(r_3) 0.07009717796070877
norm(r_4) 0
Newton iteration  0 : ||r|| = 0.0700972
   Pass :  1   Iteration :   0  ||B r|| = 0.00257269 ...
   Pass :  6   Iteration : 300  ||B r|| = 3.31477e-06
GMRES: No convergence!
norm(r_0) 0
norm(r_1) 0
norm(r_2) 0
norm(r_3) 0.02517045321013056
norm(r_4) 0
Newton iteration  1 : ||r|| = 0.0251705, ||r||/||r_0|| = 0.359079
Setting time step: 0.01679965400407596 in DGTransportTDO
Setting time step: 0.01679965400407596 in CombinedOp
Setting time step: 0.01679965400407596 in IonStaticPressureOp
norm(r_0) 0
norm(r_1) 0
norm(r_2) 0
norm(r_3) 0.05372153168374985
norm(r_4) 0
Newton iteration  0 : ||r|| = 0.0537215
   Pass :  1   Iteration :   0  ||B r|| = 0.00314511 ...
   Pass :  6   Iteration : 300  ||B r|| = 6.49883e-06
GMRES: No convergence!
norm(r_0) 0
norm(r_1) 0
norm(r_2) 0
norm(r_3) 0.06353390257834626
norm(r_4) 0
Newton iteration  1 : ||r|| = 0.0635339, ||r||/||r_0|| = 1.18265
Setting time step: 0.01679965400407596 in DGTransportTDO
Setting time step: 0.01679965400407596 in CombinedOp
Setting time step: 0.01679965400407596 in IonStaticPressureOp
norm(r_0) 0
norm(r_1) 0
norm(r_2) 0
norm(r_3) 1.655231631844909
norm(r_4) 0
Newton iteration  0 : ||r|| = 1.65523
   Pass :  1   Iteration :   0  ||B r|| = 0.0144042 ...
   Pass :  6   Iteration : 300  ||B r|| = 3.52649e-05
GMRES: No convergence!
norm(r_0) 0
norm(r_1) 0
norm(r_2) 0
norm(r_3) 0.3571627189527052
norm(r_4) 0
Newton iteration  1 : ||r|| = 0.357163, ||r||/||r_0|| = 0.215778
Time stepping paused at t = 0.2263409262874947

Estimating errors.
Setting time step: 0.01835508488039101 in DGTransportTDO
Setting time step: 0.01835508488039101 in CombinedOp
Setting time step: 0.01835508488039101 in IonStaticPressureOp
norm(r_0) 0
norm(r_1) 0
norm(r_2) 0
norm(r_3) 0.3571723684012446
norm(r_4) 0
Newton iteration  0 : ||r|| = 0.357172
   Pass :  1   Iteration :   0  ||B r|| = 0.00172204 ...
   Pass :  6   Iteration : 300  ||B r|| = 1.54228e-05
GMRES: No convergence!
norm(r_0) 0
norm(r_1) 0
norm(r_2) 0
norm(r_3) 0.1694445786371922
norm(r_4) 0
Newton iteration  1 : ||r|| = 0.169445, ||r||/||r_0|| = 0.474406
Setting time step: 0.01835508488039101 in DGTransportTDO
Setting time step: 0.01835508488039101 in CombinedOp
Setting time step: 0.01835508488039101 in IonStaticPressureOp
norm(r_0) 0
norm(r_1) 0
norm(r_2) 0
norm(r_3) 0.2530494427071836
norm(r_4) 0
Newton iteration  0 : ||r|| = 0.253049
   Pass :  1   Iteration :   0  ||B r|| = 0.00467995 ...
   Pass :  6   Iteration : 300  ||B r|| = 2.78084e-06
GMRES: No convergence!
norm(r_0) 0
norm(r_1) 0
norm(r_2) 0
norm(r_3) 0.0291103527506213
norm(r_4) 0
Newton iteration  1 : ||r|| = 0.0291104, ||r||/||r_0|| = 0.115038
Setting time step: 0.01835508488039101 in DGTransportTDO
Setting time step: 0.01835508488039101 in CombinedOp
Setting time step: 0.01835508488039101 in IonStaticPressureOp
norm(r_0) 0
norm(r_1) 0
norm(r_2) 0
norm(r_3) 0.1932853135876497
norm(r_4) 0
Newton iteration  0 : ||r|| = 0.193285
   Pass :  1   Iteration :   0  ||B r|| = 0.00308054 ...
   Pass :  6   Iteration : 300  ||B r|| = 5.26143e-06
GMRES: No convergence!
norm(r_0) 0
norm(r_1) 0
norm(r_2) 0
norm(r_3) 0.0527392877597044
norm(r_4) 0
Newton iteration  1 : ||r|| = 0.0527393, ||r||/||r_0|| = 0.272857
Setting time step: 0.01835508488039101 in DGTransportTDO
Setting time step: 0.01835508488039101 in CombinedOp
Setting time step: 0.01835508488039101 in IonStaticPressureOp
norm(r_0) 0
norm(r_1) 0
norm(r_2) 0
norm(r_3) 0.170759835664137
norm(r_4) 0
Newton iteration  0 : ||r|| = 0.17076
   Pass :  1   Iteration :   0  ||B r|| = 0.00221783 ...
   Pass :  6   Iteration : 300  ||B r|| = 7.67123e-06
GMRES: No convergence!
norm(r_0) 0
norm(r_1) 0
norm(r_2) 0
norm(r_3) 0.08352231979114745
norm(r_4) 0
Newton iteration  1 : ||r|| = 0.0835223, ||r||/||r_0|| = 0.489122
Setting time step: 0.01835508488039101 in DGTransportTDO
Setting time step: 0.01835508488039101 in CombinedOp
Setting time step: 0.01835508488039101 in IonStaticPressureOp
norm(r_0) 0
norm(r_1) 0
norm(r_2) 0
norm(r_3) 2.256959666237667
norm(r_4) 0
Newton iteration  0 : ||r|| = 2.25696
   Pass :  1   Iteration :   0  ||B r|| = 0.000934535 ...
   Pass :  6   Iteration : 300  ||B r|| = 5.83191e-06
GMRES: No convergence!
norm(r_0) 0
norm(r_1) 0
norm(r_2) 0
norm(r_3) 0.07990454467476417
norm(r_4) 0
Newton iteration  1 : ||r|| = 0.0799045, ||r||/||r_0|| = 0.0354036
Setting time step: 0.02733285267335222 in DGTransportTDO
Setting time step: 0.02733285267335222 in CombinedOp
Setting time step: 0.02733285267335222 in IonStaticPressureOp
norm(r_0) 0
norm(r_1) 0
norm(r_2) 0
norm(r_3) 0.07990543048347004
norm(r_4) 0
Newton iteration  0 : ||r|| = 0.0799054
   Pass :  1   Iteration :   0  ||B r|| = 2.69984e-05 ...
   Pass :  6   Iteration : 300  ||B r|| = 1.44092e-06
GMRES: No convergence!
norm(r_0) 0
norm(r_1) 0
norm(r_2) 0
norm(r_3) 0.02313793349594077
norm(r_4) 0
Newton iteration  1 : ||r|| = 0.0231379, ||r||/||r_0|| = 0.289566
Setting time step: 0.02733285267335222 in DGTransportTDO
Setting time step: 0.02733285267335222 in CombinedOp
Setting time step: 0.02733285267335222 in IonStaticPressureOp
norm(r_0) 0
norm(r_1) 0
norm(r_2) 0
norm(r_3) 0.05244017057823824
norm(r_4) 0
Newton iteration  0 : ||r|| = 0.0524402
   Pass :  1   Iteration :   0  ||B r|| = 0.00024443 ...
   Pass :  3   Iteration : 131  ||B r|| = 9.92927e-07
norm(r_0) 0
norm(r_1) 0
norm(r_2) 0
norm(r_3) 0.01646565496023379
norm(r_4) 0
Newton iteration  1 : ||r|| = 0.0164657, ||r||/||r_0|| = 0.313989
Setting time step: 0.02733285267335222 in DGTransportTDO
Setting time step: 0.02733285267335222 in CombinedOp
Setting time step: 0.02733285267335222 in IonStaticPressureOp
norm(r_0) 0
norm(r_1) 0
norm(r_2) 0
norm(r_3) 0.02698757276101354
norm(r_4) 0
Newton iteration  0 : ||r|| = 0.0269876
   Pass :  1   Iteration :   0  ||B r|| = 0.000183459 ...
   Pass :  5   Iteration : 229  ||B r|| = 9.98981e-07
norm(r_0) 0
norm(r_1) 0
norm(r_2) 0
norm(r_3) 0.02057328877521901
norm(r_4) 0
Newton iteration  1 : ||r|| = 0.0205733, ||r||/||r_0|| = 0.762325
Setting time step: 0.02733285267335222 in DGTransportTDO
Setting time step: 0.02733285267335222 in CombinedOp
Setting time step: 0.02733285267335222 in IonStaticPressureOp
norm(r_0) 0
norm(r_1) 0
norm(r_2) 0
norm(r_3) 0.02042118823059635
norm(r_4) 0
Newton iteration  0 : ||r|| = 0.0204212
   Pass :  1   Iteration :   0  ||B r|| = 0.000144704 ...
   Pass :  4   Iteration : 173  ||B r|| = 9.97374e-07
norm(r_0) 0
norm(r_1) 0
norm(r_2) 0
norm(r_3) 0.01587315336106378
norm(r_4) 0
Newton iteration  1 : ||r|| = 0.0158732, ||r||/||r_0|| = 0.777288
Setting time step: 0.02733285267335222 in DGTransportTDO
Setting time step: 0.02733285267335222 in CombinedOp
Setting time step: 0.02733285267335222 in IonStaticPressureOp
norm(r_0) 0
norm(r_1) 0
norm(r_2) 0
norm(r_3) 0.5588353446723593
norm(r_4) 0
Newton iteration  0 : ||r|| = 0.558835
   Pass :  1   Iteration :   0  ||B r|| = 0.00104889 ...
   Pass :  6   Iteration : 300  ||B r|| = 2.73776e-06
GMRES: No convergence!
norm(r_0) 0
norm(r_1) 0
norm(r_2) 0
norm(r_3) 0.04617932279258213
norm(r_4) 0
Newton iteration  1 : ||r|| = 0.0461793, ||r||/||r_0|| = 0.0826349
Setting time step: 0.05230241606954051 in DGTransportTDO
Setting time step: 0.05230241606954051 in CombinedOp
Setting time step: 0.05230241606954051 in IonStaticPressureOp
norm(r_0) 0
norm(r_1) 0
norm(r_2) 0
norm(r_3) 0.0461806900871292
norm(r_4) 0
Newton iteration  0 : ||r|| = 0.0461807
   Pass :  1   Iteration :   0  ||B r|| = 0.000106945 ...
   Pass :  6   Iteration : 300  ||B r|| = 1.06565e-06
GMRES: No convergence!
norm(r_0) 0
norm(r_1) 0
norm(r_2) 0
norm(r_3) 0.04197009988139275
norm(r_4) 0
Newton iteration  1 : ||r|| = 0.0419701, ||r||/||r_0|| = 0.908824
Setting time step: 0.05230241606954051 in DGTransportTDO
Setting time step: 0.05230241606954051 in CombinedOp
Setting time step: 0.05230241606954051 in IonStaticPressureOp
norm(r_0) 0
norm(r_1) 0
norm(r_2) 0
norm(r_3) 0.05604461273711664
norm(r_4) 0
Newton iteration  0 : ||r|| = 0.0560446
   Pass :  1   Iteration :   0  ||B r|| = 3.08505e-05 ...
   Pass :  1   Iteration :  35  ||B r|| = 9.8233e-07
norm(r_0) 0
norm(r_1) 0
norm(r_2) 0
norm(r_3) 0.04120971885573816
norm(r_4) 0
Newton iteration  1 : ||r|| = 0.0412097, ||r||/||r_0|| = 0.735302
Setting time step: 0.05230241606954051 in DGTransportTDO
Setting time step: 0.05230241606954051 in CombinedOp
Setting time step: 0.05230241606954051 in IonStaticPressureOp
norm(r_0) 0
norm(r_1) 0
norm(r_2) 0
norm(r_3) 0.0488931686968089
norm(r_4) 0
Newton iteration  0 : ||r|| = 0.0488932
   Pass :  1   Iteration :   0  ||B r|| = 5.93656e-05 ...
   Pass :  1   Iteration :  45  ||B r|| = 9.98739e-07
norm(r_0) 0
norm(r_1) 0
norm(r_2) 0
norm(r_3) 0.03863205960319302
norm(r_4) 0
Newton iteration  1 : ||r|| = 0.0386321, ||r||/||r_0|| = 0.790132
Setting time step: 0.05230241606954051 in DGTransportTDO
Setting time step: 0.05230241606954051 in CombinedOp
Setting time step: 0.05230241606954051 in IonStaticPressureOp
norm(r_0) 0
norm(r_1) 0
norm(r_2) 0
norm(r_3) 0.04509165272245586
norm(r_4) 0
Newton iteration  0 : ||r|| = 0.0450917
   Pass :  1   Iteration :   0  ||B r|| = 6.61108e-05 ...
   Pass :  3   Iteration : 136  ||B r|| = 9.91712e-07
norm(r_0) 0
norm(r_1) 0
norm(r_2) 0
norm(r_3) 0.03683656679327958
norm(r_4) 0
Newton iteration  1 : ||r|| = 0.0368366, ||r||/||r_0|| = 0.816927
Setting time step: 0.05230241606954051 in DGTransportTDO
Setting time step: 0.05230241606954051 in CombinedOp
Setting time step: 0.05230241606954051 in IonStaticPressureOp
norm(r_0) 0
norm(r_1) 0
norm(r_2) 0
norm(r_3) 0.4967209499174215
norm(r_4) 0
Newton iteration  0 : ||r|| = 0.496721
   Pass :  1   Iteration :   0  ||B r|| = 0.000171141 ...
   Pass :  6   Iteration : 300  ||B r|| = 1.59087e-06
GMRES: No convergence!
norm(r_0) 0
norm(r_1) 0
norm(r_2) 0
norm(r_3) 0.04425178560676081
norm(r_4) 0
Newton iteration  1 : ||r|| = 0.0442518, ||r||/||r_0|| = 0.0890878
Setting time step: 0.104604832139081 in DGTransportTDO
Setting time step: 0.104604832139081 in CombinedOp
Setting time step: 0.104604832139081 in IonStaticPressureOp
norm(r_0) 0
norm(r_1) 0
norm(r_2) 0
norm(r_3) 0.04425215882432026
norm(r_4) 0
Newton iteration  0 : ||r|| = 0.0442522
   Pass :  1   Iteration :   0  ||B r|| = 1.8559e-05 ...
   Pass :  1   Iteration :  27  ||B r|| = 9.54518e-07
norm(r_0) 0
norm(r_1) 0
norm(r_2) 0
norm(r_3) 0.05995780621681924
norm(r_4) 0
Newton iteration  1 : ||r|| = 0.0599578, ||r||/||r_0|| = 1.35491
Setting time step: 0.104604832139081 in DGTransportTDO
Setting time step: 0.104604832139081 in CombinedOp
Setting time step: 0.104604832139081 in IonStaticPressureOp
norm(r_0) 0
norm(r_1) 0
norm(r_2) 0
norm(r_3) 0.08389984465453301
norm(r_4) 0
Newton iteration  0 : ||r|| = 0.0838998
   Pass :  1   Iteration :   0  ||B r|| = 1.74612e-05 ...
   Pass :  1   Iteration :  12  ||B r|| = 9.96001e-07
norm(r_0) 0
norm(r_1) 0
norm(r_2) 0
norm(r_3) 0.06032005511559813
norm(r_4) 0
Newton iteration  1 : ||r|| = 0.0603201, ||r||/||r_0|| = 0.718953
Setting time step: 0.104604832139081 in DGTransportTDO
Setting time step: 0.104604832139081 in CombinedOp
Setting time step: 0.104604832139081 in IonStaticPressureOp
norm(r_0) 0
norm(r_1) 0
norm(r_2) 0
norm(r_3) 0.07221088496672452
norm(r_4) 0
Newton iteration  0 : ||r|| = 0.0722109
   Pass :  1   Iteration :   0  ||B r|| = 8.75903e-06 ...
   Pass :  1   Iteration :   8  ||B r|| = 9.89015e-07
norm(r_0) 0
norm(r_1) 0
norm(r_2) 0
norm(r_3) 0.05676322718712815
norm(r_4) 0
Newton iteration  1 : ||r|| = 0.0567632, ||r||/||r_0|| = 0.786076
Setting time step: 0.104604832139081 in DGTransportTDO
Setting time step: 0.104604832139081 in CombinedOp
Setting time step: 0.104604832139081 in IonStaticPressureOp
norm(r_0) 0
norm(r_1) 0
norm(r_2) 0
norm(r_3) 0.06480665063335377
norm(r_4) 0
Newton iteration  0 : ||r|| = 0.0648067
   Pass :  1   Iteration :   0  ||B r|| = 3.76182e-06 ...
   Pass :  1   Iteration :   6  ||B r|| = 9.99975e-07
norm(r_0) 0
norm(r_1) 0
norm(r_2) 0
norm(r_3) 0.05885495656619632
norm(r_4) 0
Newton iteration  1 : ||r|| = 0.058855, ||r||/||r_0|| = 0.908162
Setting time step: 0.104604832139081 in DGTransportTDO
Setting time step: 0.104604832139081 in CombinedOp
Setting time step: 0.104604832139081 in IonStaticPressureOp
norm(r_0) 0
norm(r_1) 0
norm(r_2) 0
norm(r_3) 0.6374021885743261
norm(r_4) 0
Newton iteration  0 : ||r|| = 0.637402
   Pass :  1   Iteration :   0  ||B r|| = 4.23052e-05 ...
   Pass :  1   Iteration :  22  ||B r|| = 9.95055e-07
norm(r_0) 0
norm(r_1) 0
norm(r_2) 0
norm(r_3) 0.05049461292873387
norm(r_4) 0
Newton iteration  1 : ||r|| = 0.0504946, ||r||/||r_0|| = 0.0792194
Time stepping paused at t = 1.036721669336954

Estimating errors.
Setting time step: 0.209209664278162 in DGTransportTDO
Setting time step: 0.209209664278162 in CombinedOp
Setting time step: 0.209209664278162 in IonStaticPressureOp
norm(r_0) 0
norm(r_1) 0
norm(r_2) 0
norm(r_3) 0.05049461476911488
norm(r_4) 0
Newton iteration  0 : ||r|| = 0.0504946
   Pass :  1   Iteration :   0  ||B r|| = 5.43162e-07
norm(r_0) 0
norm(r_1) 0
norm(r_2) 0
norm(r_3) 0.05049461476911488
norm(r_4) 0
Newton iteration  1 : ||r|| = 0.0504946, ||r||/||r_0|| = 1
Setting time step: 0.209209664278162 in DGTransportTDO
Setting time step: 0.209209664278162 in CombinedOp
Setting time step: 0.209209664278162 in IonStaticPressureOp
norm(r_0) 0
norm(r_1) 0
norm(r_2) 0
norm(r_3) 0.05049461476911488
norm(r_4) 0
Newton iteration  0 : ||r|| = 0.0504946
   Pass :  1   Iteration :   0  ||B r|| = 5.43162e-07
norm(r_0) 0
norm(r_1) 0
norm(r_2) 0
norm(r_3) 0.05049461476911488
norm(r_4) 0
Newton iteration  1 : ||r|| = 0.0504946, ||r||/||r_0|| = 1
Setting time step: 0.209209664278162 in DGTransportTDO
Setting time step: 0.209209664278162 in CombinedOp
Setting time step: 0.209209664278162 in IonStaticPressureOp
norm(r_0) 0
norm(r_1) 0
norm(r_2) 0
norm(r_3) 0.05049461476911488
norm(r_4) 0
Newton iteration  0 : ||r|| = 0.0504946
   Pass :  1   Iteration :   0  ||B r|| = 5.43162e-07
norm(r_0) 0
norm(r_1) 0
norm(r_2) 0
norm(r_3) 0.05049461476911488
norm(r_4) 0
Newton iteration  1 : ||r|| = 0.0504946, ||r||/||r_0|| = 1
Setting time step: 0.209209664278162 in DGTransportTDO
Setting time step: 0.209209664278162 in CombinedOp
Setting time step: 0.209209664278162 in IonStaticPressureOp
norm(r_0) 0
norm(r_1) 0
norm(r_2) 0
norm(r_3) 0.05049461476911488
norm(r_4) 0
Newton iteration  0 : ||r|| = 0.0504946
   Pass :  1   Iteration :   0  ||B r|| = 5.43162e-07
norm(r_0) 0
norm(r_1) 0
norm(r_2) 0
norm(r_3) 0.05049461476911488
norm(r_4) 0
Newton iteration  1 : ||r|| = 0.0504946, ||r||/||r_0|| = 1
Setting time step: 0.209209664278162 in DGTransportTDO
Setting time step: 0.209209664278162 in CombinedOp
Setting time step: 0.209209664278162 in IonStaticPressureOp
norm(r_0) 0
norm(r_1) 0
norm(r_2) 0
norm(r_3) 0.05049461476911488
norm(r_4) 0
Newton iteration  0 : ||r|| = 0.0504946
   Pass :  1   Iteration :   0  ||B r|| = 5.43162e-07
norm(r_0) 0
norm(r_1) 0
norm(r_2) 0
norm(r_3) 0.05049461476911488
norm(r_4) 0
Newton iteration  1 : ||r|| = 0.0504946, ||r||/||r_0|| = 1
Setting time step: 0.209209664278162 in DGTransportTDO
Setting time step: 0.209209664278162 in CombinedOp
Setting time step: 0.209209664278162 in IonStaticPressureOp
norm(r_0) 0
norm(r_1) 0
norm(r_2) 0
norm(r_3) 0.05049461476911488
norm(r_4) 0
Newton iteration  0 : ||r|| = 0.0504946
   Pass :  1   Iteration :   0  ||B r|| = 5.43162e-07
norm(r_0) 0
norm(r_1) 0
norm(r_2) 0
norm(r_3) 0.05049461476911488
norm(r_4) 0
Newton iteration  1 : ||r|| = 0.0504946, ||r||/||r_0|| = 1
Setting time step: 0.209209664278162 in DGTransportTDO
Setting time step: 0.209209664278162 in CombinedOp
Setting time step: 0.209209664278162 in IonStaticPressureOp
norm(r_0) 0
norm(r_1) 0
norm(r_2) 0
norm(r_3) 0.05049461476911488
norm(r_4) 0
Newton iteration  0 : ||r|| = 0.0504946
   Pass :  1   Iteration :   0  ||B r|| = 5.43162e-07
norm(r_0) 0
norm(r_1) 0
norm(r_2) 0
norm(r_3) 0.05049461476911488
norm(r_4) 0
Newton iteration  1 : ||r|| = 0.0504946, ||r||/||r_0|| = 1
Setting time step: 0.209209664278162 in DGTransportTDO
Setting time step: 0.209209664278162 in CombinedOp
Setting time step: 0.209209664278162 in IonStaticPressureOp
norm(r_0) 0
norm(r_1) 0
norm(r_2) 0
norm(r_3) 0.05049461476911488
norm(r_4) 0
Newton iteration  0 : ||r|| = 0.0504946
   Pass :  1   Iteration :   0  ||B r|| = 5.43162e-07
norm(r_0) 0
norm(r_1) 0
norm(r_2) 0
norm(r_3) 0.05049461476911488
norm(r_4) 0
Newton iteration  1 : ||r|| = 0.0504946, ||r||/||r_0|| = 1
Setting time step: 0.209209664278162 in DGTransportTDO
Setting time step: 0.209209664278162 in CombinedOp
Setting time step: 0.209209664278162 in IonStaticPressureOp
norm(r_0) 0
norm(r_1) 0
norm(r_2) 0
norm(r_3) 0.05049461476911488
norm(r_4) 0
Newton iteration  0 : ||r|| = 0.0504946
   Pass :  1   Iteration :   0  ||B r|| = 5.43162e-07
norm(r_0) 0
norm(r_1) 0
norm(r_2) 0
norm(r_3) 0.05049461476911488
norm(r_4) 0
Newton iteration  1 : ||r|| = 0.0504946, ||r||/||r_0|| = 1
Setting time step: 0.209209664278162 in DGTransportTDO
Setting time step: 0.209209664278162 in CombinedOp
Setting time step: 0.209209664278162 in IonStaticPressureOp
norm(r_0) 0
norm(r_1) 0
norm(r_2) 0
norm(r_3) 0.05049461476911488
norm(r_4) 0
Newton iteration  0 : ||r|| = 0.0504946
   Pass :  1   Iteration :   0  ||B r|| = 5.43162e-07
norm(r_0) 0
norm(r_1) 0
norm(r_2) 0
norm(r_3) 0.05049461476911488
norm(r_4) 0
Newton iteration  1 : ||r|| = 0.0504946, ||r||/||r_0|| = 1
Setting time step: 0.209209664278162 in DGTransportTDO
Setting time step: 0.209209664278162 in CombinedOp
Setting time step: 0.209209664278162 in IonStaticPressureOp
norm(r_0) 0
norm(r_1) 0
norm(r_2) 0
norm(r_3) 0.05049461476911488
norm(r_4) 0
Newton iteration  0 : ||r|| = 0.0504946
   Pass :  1   Iteration :   0  ||B r|| = 5.43162e-07
norm(r_0) 0
norm(r_1) 0
norm(r_2) 0
norm(r_3) 0.05049461476911488
norm(r_4) 0
Newton iteration  1 : ||r|| = 0.0504946, ||r||/||r_0|| = 1
Setting time step: 0.209209664278162 in DGTransportTDO
Setting time step: 0.209209664278162 in CombinedOp
Setting time step: 0.209209664278162 in IonStaticPressureOp
norm(r_0) 0
norm(r_1) 0
norm(r_2) 0
norm(r_3) 0.05049461476911488
norm(r_4) 0
Newton iteration  0 : ||r|| = 0.0504946
   Pass :  1   Iteration :   0  ||B r|| = 5.43162e-07
norm(r_0) 0
norm(r_1) 0
norm(r_2) 0
norm(r_3) 0.05049461476911488
norm(r_4) 0
Newton iteration  1 : ||r|| = 0.0504946, ||r||/||r_0|| = 1
Setting time step: 0.209209664278162 in DGTransportTDO
Setting time step: 0.209209664278162 in CombinedOp
Setting time step: 0.209209664278162 in IonStaticPressureOp
norm(r_0) 0
norm(r_1) 0
norm(r_2) 0
norm(r_3) 0.05049461476911488
norm(r_4) 0
Newton iteration  0 : ||r|| = 0.0504946
   Pass :  1   Iteration :   0  ||B r|| = 5.43162e-07
norm(r_0) 0
norm(r_1) 0
norm(r_2) 0
norm(r_3) 0.05049461476911488
norm(r_4) 0
Newton iteration  1 : ||r|| = 0.0504946, ||r||/||r_0|| = 1
Setting time step: 0.209209664278162 in DGTransportTDO
Setting time step: 0.209209664278162 in CombinedOp
Setting time step: 0.209209664278162 in IonStaticPressureOp
norm(r_0) 0
norm(r_1) 0
norm(r_2) 0
norm(r_3) 0.05049461476911488
norm(r_4) 0
Newton iteration  0 : ||r|| = 0.0504946
   Pass :  1   Iteration :   0  ||B r|| = 5.43162e-07
norm(r_0) 0
norm(r_1) 0
norm(r_2) 0
norm(r_3) 0.05049461476911488
norm(r_4) 0
Newton iteration  1 : ||r|| = 0.0504946, ||r||/||r_0|| = 1
Setting time step: 0.209209664278162 in DGTransportTDO
Setting time step: 0.209209664278162 in CombinedOp
Setting time step: 0.209209664278162 in IonStaticPressureOp
norm(r_0) 0
norm(r_1) 0
norm(r_2) 0
norm(r_3) 0.05049461476911488
norm(r_4) 0
Newton iteration  0 : ||r|| = 0.0504946
   Pass :  1   Iteration :   0  ||B r|| = 5.43162e-07
norm(r_0) 0
norm(r_1) 0
norm(r_2) 0
norm(r_3) 0.05049461476911488
norm(r_4) 0
Newton iteration  1 : ||r|| = 0.0504946, ||r||/||r_0|| = 1
Setting time step: 0.209209664278162 in DGTransportTDO
Setting time step: 0.209209664278162 in CombinedOp
Setting time step: 0.209209664278162 in IonStaticPressureOp
norm(r_0) 0
norm(r_1) 0
norm(r_2) 0
norm(r_3) 0.05049461476911488
norm(r_4) 0
Newton iteration  0 : ||r|| = 0.0504946
   Pass :  1   Iteration :   0  ||B r|| = 5.43162e-07
norm(r_0) 0
norm(r_1) 0
norm(r_2) 0
norm(r_3) 0.05049461476911488
norm(r_4) 0
Newton iteration  1 : ||r|| = 0.0504946, ||r||/||r_0|| = 1
Setting time step: 0.209209664278162 in DGTransportTDO
Setting time step: 0.209209664278162 in CombinedOp
Setting time step: 0.209209664278162 in IonStaticPressureOp
norm(r_0) 0
norm(r_1) 0
norm(r_2) 0
norm(r_3) 0.05049461476911488
norm(r_4) 0
Newton iteration  0 : ||r|| = 0.0504946
   Pass :  1   Iteration :   0  ||B r|| = 5.43162e-07
norm(r_0) 0
norm(r_1) 0
norm(r_2) 0
norm(r_3) 0.05049461476911488
norm(r_4) 0
Newton iteration  1 : ||r|| = 0.0504946, ||r||/||r_0|| = 1
Setting time step: 0.209209664278162 in DGTransportTDO
Setting time step: 0.209209664278162 in CombinedOp
Setting time step: 0.209209664278162 in IonStaticPressureOp
norm(r_0) 0
norm(r_1) 0
norm(r_2) 0
norm(r_3) 0.05049461476911488
norm(r_4) 0
Newton iteration  0 : ||r|| = 0.0504946
   Pass :  1   Iteration :   0  ||B r|| = 5.43162e-07
norm(r_0) 0
norm(r_1) 0
norm(r_2) 0
norm(r_3) 0.05049461476911488
norm(r_4) 0
Newton iteration  1 : ||r|| = 0.0504946, ||r||/||r_0|| = 1
Setting time step: 0.209209664278162 in DGTransportTDO
Setting time step: 0.209209664278162 in CombinedOp
Setting time step: 0.209209664278162 in IonStaticPressureOp
norm(r_0) 0
norm(r_1) 0
norm(r_2) 0
norm(r_3) 0.05049461476911488
norm(r_4) 0
Newton iteration  0 : ||r|| = 0.0504946
   Pass :  1   Iteration :   0  ||B r|| = 5.43162e-07
norm(r_0) 0
norm(r_1) 0
norm(r_2) 0
norm(r_3) 0.05049461476911488
norm(r_4) 0
Newton iteration  1 : ||r|| = 0.0504946, ||r||/||r_0|| = 1
Setting time step: 0.209209664278162 in DGTransportTDO
Setting time step: 0.209209664278162 in CombinedOp
Setting time step: 0.209209664278162 in IonStaticPressureOp
norm(r_0) 0
norm(r_1) 0
norm(r_2) 0
norm(r_3) 0.05049461476911488
norm(r_4) 0
Newton iteration  0 : ||r|| = 0.0504946
   Pass :  1   Iteration :   0  ||B r|| = 5.43162e-07
norm(r_0) 0
norm(r_1) 0
norm(r_2) 0
norm(r_3) 0.05049461476911488
norm(r_4) 0
Newton iteration  1 : ||r|| = 0.0504946, ||r||/||r_0|| = 1
Time stepping paused at t = 4.384076297787546
Steady State solution has been reached

Time stepping done after 12.56330292s.
