Options used:
   --mesh ../../mfem/data/inline-quad.mesh
   --bc-file /home/gz6/mfem-analysis/input-files/transport2d_bcs.inp
   --ic-file /home/gz6/mfem-analysis/input-files/transport2d_ics.inp
   --ec-file /home/gz6/mfem-analysis/input-files/transport2d_ecs.inp
   --es-file /home/gz6/mfem-analysis/input-files/transport2d_ess.inp
   --eqdsk-file 
   --logging 1
   --operator-test 8
   --equation-weights '1 1 1 1 1'
   --problem 0
   --refine-serial 0
   --refine-parallel 0
   --disable-amr
   --max-err -1
   --hysteresis 0.25
   --nc-limit 3
   --amr-weights '1 1 1 1 1'
   --order 3
   --dg-sigma -1
   --dg-kappa 200
   --linear-abs-tolerance 1e-06
   --linear-rel-tolerance 1e-06
   --linear-max-iterations 300
   --linear-logging-level 3
   --newton-abs-tolerance 1e-10
   --newton-rel-tolerance 1e-10
   --newton-max-iterations 1
   --newton-logging-level 1
   --steady-state-abs-tolerance 1e-08
   --steady-state-rel-tolerance 1e-08
   --prec-type 1
   --prec-logging-level 0
   --initial-tolerance 1e-05
   --ode-tolerance 0.001
   --ode-solver 2
   --err-per-step
   --ode-weights '1 1 1 1 1'
   --kP 0
   --kI 0.6
   --kD 0
   --dead-zone-min 0.95
   --dead-zone-max 1.05
   --theta-max 2
   --t-minimum 0
   --t-final 200
   --time-step 0.01
   --cfl-number 0.3
   --ion-charge 1
   --ion-mass 2.01410178
   --neutral-mass 2.01410178
   --neutral-temp 3
   --min-neutral-density 900000000000000
   --max-neutral-density 1000000000000000
   --neutral-density-exp 0
   --min-ion-density 1e+16
   --max-ion-density 1e+18
   --ion-density-exp 0
   --min-ion-temp 1
   --max-ion-temp 10
   --ion-temp-exp 0
   --min-electron-temp 10
   --max-electron-temp 440
   --electron-temp-exp 0
   --total-B-magnitude 5
   --poloidal-B-magnitude 0.5
   --velocity 1000
   --Di-perp 1
   --Xi-perp 1
   --Xe-perp 1
   --equation-term-flags '-1 -1 -1 -1 -1'
   --visualization-flags '-1 -1 -1 -1 -1'
   --visualization
   --visit-datafiles
   --ascii-datafiles
   --no-check-gradient
   --visualization-steps 4
Device configuration: cpu
Memory configuration: host-std
Number of elements in initial mesh: 16
10: Number of elements in parallel mesh: 1
10: Number of elements after parallel refinement: 1
11: Number of elements in parallel mesh: 1
11: Number of elements after parallel refinement: 1
12: Number of elements in parallel mesh: 1
12: Number of elements after parallel refinement: 1
Number of elements after serial refinement: 16
5: Number of elements in parallel mesh: 1
5: Number of elements after parallel refinement: 1
15: Number of elements in parallel mesh: 1
15: Number of elements after parallel refinement: 1
9: Number of elements in parallel mesh: 1
9: Number of elements after parallel refinement: 1
14: Number of elements in parallel mesh: 1
14: Number of elements after parallel refinement: 1
6: Number of elements in parallel mesh: 1
6: Number of elements after parallel refinement: 1
13: Number of elements in parallel mesh: 1
13: Number of elements after parallel refinement: 1
4: Number of elements in parallel mesh: 1
4: Number of elements after parallel refinement: 1
7: Number of elements in parallel mesh: 1
7: Number of elements after parallel refinement: 1
8: Number of elements in parallel mesh: 1
8: Number of elements after parallel refinement: 1
1: Number of elements in parallel mesh: 1
1: Number of elements after parallel refinement: 1
0: Number of elements in parallel mesh: 1
0: Number of elements after parallel refinement: 1
3: Number of elements in parallel mesh: 1
3: Number of elements after parallel refinement: 1
2: Number of elements in parallel mesh: 1
2: Number of elements after parallel refinement: 1
Configuring initial conditions
Reading initial conditions from /home/gz6/mfem-analysis/input-files/transport2d_ics.inp
Configuring exact solutions
Reading exact solutions from /home/gz6/mfem-analysis/input-files/transport2d_ess.inp
Number of unknowns per field: 256
Total number of unknowns:     1280
Configuring boundary conditions
Reading boundary conditions from /home/gz6/mfem-analysis/input-files/transport2d_bcs.inp
Configuring equation coefficients
Reading equation coefficients from /home/gz6/mfem-analysis/input-files/transport2d_ecs.inp
Ion Static Pressure: Adding time derivative term proportional to d n_i / dt
Ion Static Pressure: Adding time derivative term proportional to d T_i / dt
Ion Static Pressure: Adding anisotropic diffusion term
Ion Static Pressure: Adding source term
Opening GLVis sockets.
Range of error estimates for initial condition: 5.881485350025391e-16 < elem err < 9.840786841845735e-16

Begin time stepping at t = 0
Setting time step: 0.0025 in DGTransportTDO
Setting time step: 0.0025 in CombinedOp
Setting time step: 0.0025 in IonStaticPressureOp
norm(r_0) 0
norm(r_1) 0
norm(r_2) 0
norm(r_3) 0.6739660412780923
norm(r_4) 0
Newton iteration  0 : ||r|| = 0.673966
   Pass :  1   Iteration :   0  ||B r|| = 13.4739 ...
   Pass :  1   Iteration :  11  ||B r|| = 1.34546e-05
norm(r_0) 0
norm(r_1) 0
norm(r_2) 0
norm(r_3) 21.56572704739952
norm(r_4) 0
Newton iteration  1 : ||r|| = 21.5657, ||r||/||r_0|| = 31.9982
Setting time step: 0.0025 in DGTransportTDO
Setting time step: 0.0025 in CombinedOp
Setting time step: 0.0025 in IonStaticPressureOp
norm(r_0) 0
norm(r_1) 0
norm(r_2) 0
norm(r_3) 43.12154741817717
norm(r_4) 0
Newton iteration  0 : ||r|| = 43.1215
   Pass :  1   Iteration :   0  ||B r|| = 9.21586 ...
   Pass :  1   Iteration :  34  ||B r|| = 8.96756e-06
norm(r_0) 0
norm(r_1) 0
norm(r_2) 0
norm(r_3) 34.36389965579189
norm(r_4) 0
Newton iteration  1 : ||r|| = 34.3639, ||r||/||r_0|| = 0.796908
Setting time step: 0.0025 in DGTransportTDO
Setting time step: 0.0025 in CombinedOp
Setting time step: 0.0025 in IonStaticPressureOp
norm(r_0) 0
norm(r_1) 0
norm(r_2) 0
norm(r_3) 34.69211172550875
norm(r_4) 0
Newton iteration  0 : ||r|| = 34.6921
   Pass :  1   Iteration :   0  ||B r|| = 3.19904 ...
   Pass :  6   Iteration : 300  ||B r|| = 7.14483e-06
GMRES: No convergence!
norm(r_0) 0
norm(r_1) 0
norm(r_2) 0
norm(r_3) 38.26900544535248
norm(r_4) 0
Newton iteration  1 : ||r|| = 38.269, ||r||/||r_0|| = 1.1031
Setting time step: 0.0025 in DGTransportTDO
Setting time step: 0.0025 in CombinedOp
Setting time step: 0.0025 in IonStaticPressureOp
norm(r_0) 0
norm(r_1) 0
norm(r_2) 0
norm(r_3) 28.98595176140283
norm(r_4) 0
Newton iteration  0 : ||r|| = 28.986
   Pass :  1   Iteration :   0  ||B r|| = 0.170631 ...
   Pass :  6   Iteration : 300  ||B r|| = 6.87791e-06
GMRES: No convergence!
norm(r_0) 0
norm(r_1) 0
norm(r_2) 0
norm(r_3) 34.7182806660124
norm(r_4) 0
Newton iteration  1 : ||r|| = 34.7183, ||r||/||r_0|| = 1.19776
Setting time step: 0.0025 in DGTransportTDO
Setting time step: 0.0025 in CombinedOp
Setting time step: 0.0025 in IonStaticPressureOp
norm(r_0) 0
norm(r_1) 0
norm(r_2) 0
norm(r_3) 381.4618441081395
norm(r_4) 0
Newton iteration  0 : ||r|| = 381.462
   Pass :  1   Iteration :   0  ||B r|| = 14.9058 ...
   Pass :  1   Iteration :  30  ||B r|| = 1.43966e-05
norm(r_0) 0
norm(r_1) 0
norm(r_2) 0
norm(r_3) 32.62820000210027
norm(r_4) 0
Newton iteration  1 : ||r|| = 32.6282, ||r||/||r_0|| = 0.0855346
Setting time step: 0.001058547386133356 in DGTransportTDO
Setting time step: 0.001058547386133356 in CombinedOp
Setting time step: 0.001058547386133356 in IonStaticPressureOp
norm(r_0) 0
norm(r_1) 0
norm(r_2) 0
norm(r_3) 0.6739660412780923
norm(r_4) 0
Newton iteration  0 : ||r|| = 0.673966
   Pass :  1   Iteration :   0  ||B r|| = 26.1904 ...
   Pass :  1   Iteration :  14  ||B r|| = 2.57283e-05
norm(r_0) 0
norm(r_1) 0
norm(r_2) 0
norm(r_3) 13.14133203140507
norm(r_4) 0
Newton iteration  1 : ||r|| = 13.1413, ||r||/||r_0|| = 19.4985
Setting time step: 0.001058547386133356 in DGTransportTDO
Setting time step: 0.001058547386133356 in CombinedOp
Setting time step: 0.001058547386133356 in IonStaticPressureOp
norm(r_0) 0
norm(r_1) 0
norm(r_2) 0
norm(r_3) 26.26576777671237
norm(r_4) 0
Newton iteration  0 : ||r|| = 26.2658
   Pass :  1   Iteration :   0  ||B r|| = 10.1 ...
   Pass :  6   Iteration : 300  ||B r|| = 1.76135e-05
GMRES: No convergence!
norm(r_0) 0
norm(r_1) 0
norm(r_2) 0
norm(r_3) 37.11354238438229
norm(r_4) 0
Newton iteration  1 : ||r|| = 37.1135, ||r||/||r_0|| = 1.413
Setting time step: 0.001058547386133356 in DGTransportTDO
Setting time step: 0.001058547386133356 in CombinedOp
Setting time step: 0.001058547386133356 in IonStaticPressureOp
norm(r_0) 0
norm(r_1) 0
norm(r_2) 0
norm(r_3) 19.9451890136759
norm(r_4) 0
Newton iteration  0 : ||r|| = 19.9452
   Pass :  1   Iteration :   0  ||B r|| = 0.372669 ...
   Pass :  6   Iteration : 300  ||B r|| = 1.54683e-05
GMRES: No convergence!
norm(r_0) 0
norm(r_1) 0
norm(r_2) 0
norm(r_3) 32.23047751665531
norm(r_4) 0
Newton iteration  1 : ||r|| = 32.2305, ||r||/||r_0|| = 1.61595
Setting time step: 0.001058547386133356 in DGTransportTDO
Setting time step: 0.001058547386133356 in CombinedOp
Setting time step: 0.001058547386133356 in IonStaticPressureOp
norm(r_0) 0
norm(r_1) 0
norm(r_2) 0
norm(r_3) 15.88743998161847
norm(r_4) 0
Newton iteration  0 : ||r|| = 15.8874
   Pass :  1   Iteration :   0  ||B r|| = 4.95009 ...
   Pass :  6   Iteration : 300  ||B r|| = 1.52381e-05
GMRES: No convergence!
norm(r_0) 0
norm(r_1) 0
norm(r_2) 0
norm(r_3) 37.02504955935864
norm(r_4) 0
Newton iteration  1 : ||r|| = 37.025, ||r||/||r_0|| = 2.33046
Setting time step: 0.001058547386133356 in DGTransportTDO
Setting time step: 0.001058547386133356 in CombinedOp
Setting time step: 0.001058547386133356 in IonStaticPressureOp
norm(r_0) 0
norm(r_1) 0
norm(r_2) 0
norm(r_3) 305.6250872296753
norm(r_4) 0
Newton iteration  0 : ||r|| = 305.625
   Pass :  1   Iteration :   0  ||B r|| = 12.3743 ...
   Pass :  6   Iteration : 300  ||B r|| = 1.31656e-05
GMRES: No convergence!
norm(r_0) 0
norm(r_1) 0
norm(r_2) 0
norm(r_3) 23.81428329423117
norm(r_4) 0
Newton iteration  1 : ||r|| = 23.8143, ||r||/||r_0|| = 0.0779199
Setting time step: 0.0006841142453681184 in DGTransportTDO
Setting time step: 0.0006841142453681184 in CombinedOp
Setting time step: 0.0006841142453681184 in IonStaticPressureOp
norm(r_0) 0
norm(r_1) 0
norm(r_2) 0
norm(r_3) 0.6739660412780923
norm(r_4) 0
Newton iteration  0 : ||r|| = 0.673966
   Pass :  1   Iteration :   0  ||B r|| = 34.6966 ...
   Pass :  1   Iteration :  15  ||B r|| = 3.41864e-05
norm(r_0) 0
norm(r_1) 0
norm(r_2) 0
norm(r_3) 18.90937580711033
norm(r_4) 0
Newton iteration  1 : ||r|| = 18.9094, ||r||/||r_0|| = 28.0569
Setting time step: 0.0006841142453681184 in DGTransportTDO
Setting time step: 0.0006841142453681184 in CombinedOp
Setting time step: 0.0006841142453681184 in IonStaticPressureOp
norm(r_0) 0
norm(r_1) 0
norm(r_2) 0
norm(r_3) 37.80779004613996
norm(r_4) 0
Newton iteration  0 : ||r|| = 37.8078
   Pass :  1   Iteration :   0  ||B r|| = 6.45632 ...
   Pass :  6   Iteration : 300  ||B r|| = 2.57501e-05
GMRES: No convergence!
norm(r_0) 0
norm(r_1) 0
norm(r_2) 0
norm(r_3) 33.26877186234841
norm(r_4) 0
Newton iteration  1 : ||r|| = 33.2688, ||r||/||r_0|| = 0.879945
Setting time step: 0.0006841142453681184 in DGTransportTDO
Setting time step: 0.0006841142453681184 in CombinedOp
Setting time step: 0.0006841142453681184 in IonStaticPressureOp
norm(r_0) 0
norm(r_1) 0
norm(r_2) 0
norm(r_3) 29.5678997794957
norm(r_4) 0
Newton iteration  0 : ||r|| = 29.5679
   Pass :  1   Iteration :   0  ||B r|| = 5.98462 ...
   Pass :  6   Iteration : 300  ||B r|| = 2.30099e-05
GMRES: No convergence!
norm(r_0) 0
norm(r_1) 0
norm(r_2) 0
norm(r_3) 34.65410333233944
norm(r_4) 0
Newton iteration  1 : ||r|| = 34.6541, ||r||/||r_0|| = 1.17202
Setting time step: 0.0006841142453681184 in DGTransportTDO
Setting time step: 0.0006841142453681184 in CombinedOp
Setting time step: 0.0006841142453681184 in IonStaticPressureOp
norm(r_0) 0
norm(r_1) 0
norm(r_2) 0
norm(r_3) 23.62970696956826
norm(r_4) 0
Newton iteration  0 : ||r|| = 23.6297
   Pass :  1   Iteration :   0  ||B r|| = 10.9793 ...
   Pass :  6   Iteration : 300  ||B r|| = 2.19914e-05
GMRES: No convergence!
norm(r_0) 0
norm(r_1) 0
norm(r_2) 0
norm(r_3) 30.68171392740473
norm(r_4) 0
Newton iteration  1 : ||r|| = 30.6817, ||r||/||r_0|| = 1.29844
Setting time step: 0.0006841142453681184 in DGTransportTDO
Setting time step: 0.0006841142453681184 in CombinedOp
Setting time step: 0.0006841142453681184 in IonStaticPressureOp
norm(r_0) 0
norm(r_1) 0
norm(r_2) 0
norm(r_3) 478.7498313760353
norm(r_4) 0
Newton iteration  0 : ||r|| = 478.75
   Pass :  1   Iteration :   0  ||B r|| = 0.581456 ...
   Pass :  6   Iteration : 300  ||B r|| = 3.61409e-05
GMRES: No convergence!
norm(r_0) 0
norm(r_1) 0
norm(r_2) 0
norm(r_3) 44.96559485385034
norm(r_4) 0
Newton iteration  1 : ||r|| = 44.9656, ||r||/||r_0|| = 0.0939229
Setting time step: 0.0008558658956529541 in DGTransportTDO
Setting time step: 0.0008558658956529541 in CombinedOp
Setting time step: 0.0008558658956529541 in IonStaticPressureOp
norm(r_0) 0
norm(r_1) 0
norm(r_2) 0
norm(r_3) 44.96601198494506
norm(r_4) 0
Newton iteration  0 : ||r|| = 44.966
   Pass :  1   Iteration :   0  ||B r|| = 1.01474 ...
   Pass :  6   Iteration : 300  ||B r|| = 2.55667e-05
GMRES: No convergence!
norm(r_0) 0
norm(r_1) 0
norm(r_2) 0
norm(r_3) 40.08690308254127
norm(r_4) 0
Newton iteration  1 : ||r|| = 40.0869, ||r||/||r_0|| = 0.891493
Setting time step: 0.0008558658956529541 in DGTransportTDO
Setting time step: 0.0008558658956529541 in CombinedOp
Setting time step: 0.0008558658956529541 in IonStaticPressureOp
norm(r_0) 0
norm(r_1) 0
norm(r_2) 0
norm(r_3) 37.25957444856994
norm(r_4) 0
Newton iteration  0 : ||r|| = 37.2596
   Pass :  1   Iteration :   0  ||B r|| = 1.88931 ...
   Pass :  6   Iteration : 300  ||B r|| = 2.19185e-05
GMRES: No convergence!
norm(r_0) 0
norm(r_1) 0
norm(r_2) 0
norm(r_3) 39.06736912351667
norm(r_4) 0
Newton iteration  1 : ||r|| = 39.0674, ||r||/||r_0|| = 1.04852
Setting time step: 0.0008558658956529541 in DGTransportTDO
Setting time step: 0.0008558658956529541 in CombinedOp
Setting time step: 0.0008558658956529541 in IonStaticPressureOp
norm(r_0) 0
norm(r_1) 0
norm(r_2) 0
norm(r_3) 38.73748412270367
norm(r_4) 0
Newton iteration  0 : ||r|| = 38.7375
   Pass :  1   Iteration :   0  ||B r|| = 1.77157 ...
   Pass :  6   Iteration : 300  ||B r|| = 2.33098e-05
GMRES: No convergence!
norm(r_0) 0
norm(r_1) 0
norm(r_2) 0
norm(r_3) 41.8780790446839
norm(r_4) 0
Newton iteration  1 : ||r|| = 41.8781, ||r||/||r_0|| = 1.08107
Setting time step: 0.0008558658956529541 in DGTransportTDO
Setting time step: 0.0008558658956529541 in CombinedOp
Setting time step: 0.0008558658956529541 in IonStaticPressureOp
norm(r_0) 0
norm(r_1) 0
norm(r_2) 0
norm(r_3) 39.69664146209627
norm(r_4) 0
Newton iteration  0 : ||r|| = 39.6966
   Pass :  1   Iteration :   0  ||B r|| = 1.59349 ...
   Pass :  6   Iteration : 300  ||B r|| = 2.38571e-05
GMRES: No convergence!
norm(r_0) 0
norm(r_1) 0
norm(r_2) 0
norm(r_3) 41.69428826862077
norm(r_4) 0
Newton iteration  1 : ||r|| = 41.6943, ||r||/||r_0|| = 1.05032
Setting time step: 0.0008558658956529541 in DGTransportTDO
Setting time step: 0.0008558658956529541 in CombinedOp
Setting time step: 0.0008558658956529541 in IonStaticPressureOp
norm(r_0) 0
norm(r_1) 0
norm(r_2) 0
norm(r_3) 134.7502394407348
norm(r_4) 0
Newton iteration  0 : ||r|| = 134.75
   Pass :  1   Iteration :   0  ||B r|| = 1.61918 ...
   Pass :  6   Iteration : 300  ||B r|| = 2.53722e-05
GMRES: No convergence!
norm(r_0) 0
norm(r_1) 0
norm(r_2) 0
norm(r_3) 38.24819944556245
norm(r_4) 0
Newton iteration  1 : ||r|| = 38.2482, ||r||/||r_0|| = 0.283845
Setting time step: 0.001341534751179544 in DGTransportTDO
Setting time step: 0.001341534751179544 in CombinedOp
Setting time step: 0.001341534751179544 in IonStaticPressureOp
norm(r_0) 0
norm(r_1) 0
norm(r_2) 0
norm(r_3) 38.24818828403611
norm(r_4) 0
Newton iteration  0 : ||r|| = 38.2482
   Pass :  1   Iteration :   0  ||B r|| = 0.387879 ...
   Pass :  6   Iteration : 300  ||B r|| = 1.59985e-05
GMRES: No convergence!
norm(r_0) 0
norm(r_1) 0
norm(r_2) 0
norm(r_3) 37.50014708444115
norm(r_4) 0
Newton iteration  1 : ||r|| = 37.5001, ||r||/||r_0|| = 0.980442
Setting time step: 0.001341534751179544 in DGTransportTDO
Setting time step: 0.001341534751179544 in CombinedOp
Setting time step: 0.001341534751179544 in IonStaticPressureOp
norm(r_0) 0
norm(r_1) 0
norm(r_2) 0
norm(r_3) 36.7972259910314
norm(r_4) 0
Newton iteration  0 : ||r|| = 36.7972
   Pass :  1   Iteration :   0  ||B r|| = 0.180253 ...
   Pass :  6   Iteration : 300  ||B r|| = 1.58911e-05
GMRES: No convergence!
norm(r_0) 0
norm(r_1) 0
norm(r_2) 0
norm(r_3) 37.21639658425683
norm(r_4) 0
Newton iteration  1 : ||r|| = 37.2164, ||r||/||r_0|| = 1.01139
Setting time step: 0.001341534751179544 in DGTransportTDO
Setting time step: 0.001341534751179544 in CombinedOp
Setting time step: 0.001341534751179544 in IonStaticPressureOp
norm(r_0) 0
norm(r_1) 0
norm(r_2) 0
norm(r_3) 37.17527494070892
norm(r_4) 0
Newton iteration  0 : ||r|| = 37.1753
   Pass :  1   Iteration :   0  ||B r|| = 0.0189501 ...
   Pass :  6   Iteration : 300  ||B r|| = 1.59126e-05
GMRES: No convergence!
norm(r_0) 0
norm(r_1) 0
norm(r_2) 0
norm(r_3) 37.34367824209529
norm(r_4) 0
Newton iteration  1 : ||r|| = 37.3437, ||r||/||r_0|| = 1.00453
Setting time step: 0.001341534751179544 in DGTransportTDO
Setting time step: 0.001341534751179544 in CombinedOp
Setting time step: 0.001341534751179544 in IonStaticPressureOp
norm(r_0) 0
norm(r_1) 0
norm(r_2) 0
norm(r_3) 37.36724828273835
norm(r_4) 0
Newton iteration  0 : ||r|| = 37.3672
   Pass :  1   Iteration :   0  ||B r|| = 0.0530612 ...
   Pass :  6   Iteration : 300  ||B r|| = 1.59257e-05
GMRES: No convergence!
norm(r_0) 0
norm(r_1) 0
norm(r_2) 0
norm(r_3) 37.42890531028001
norm(r_4) 0
Newton iteration  1 : ||r|| = 37.4289, ||r||/||r_0|| = 1.00165
Setting time step: 0.001341534751179544 in DGTransportTDO
Setting time step: 0.001341534751179544 in CombinedOp
Setting time step: 0.001341534751179544 in IonStaticPressureOp
norm(r_0) 0
norm(r_1) 0
norm(r_2) 0
norm(r_3) 40.06376227801203
norm(r_4) 0
Newton iteration  0 : ||r|| = 40.0638
   Pass :  1   Iteration :   0  ||B r|| = 0.168153 ...
   Pass :  6   Iteration : 300  ||B r|| = 1.51682e-05
GMRES: No convergence!
norm(r_0) 0
norm(r_1) 0
norm(r_2) 0
norm(r_3) 38.05282479427503
norm(r_4) 0
Newton iteration  1 : ||r|| = 38.0528, ||r||/||r_0|| = 0.949807
Setting time step: 0.002683069502359088 in DGTransportTDO
Setting time step: 0.002683069502359088 in CombinedOp
Setting time step: 0.002683069502359088 in IonStaticPressureOp
norm(r_0) 0
norm(r_1) 0
norm(r_2) 0
norm(r_3) 38.05284646238945
norm(r_4) 0
Newton iteration  0 : ||r|| = 38.0528
   Pass :  1   Iteration :   0  ||B r|| = 0.002049 ...
   Pass :  6   Iteration : 300  ||B r|| = 7.52826e-06
GMRES: No convergence!
norm(r_0) 0
norm(r_1) 0
norm(r_2) 0
norm(r_3) 37.70605194690921
norm(r_4) 0
Newton iteration  1 : ||r|| = 37.7061, ||r||/||r_0|| = 0.990887
Setting time step: 0.002683069502359088 in DGTransportTDO
Setting time step: 0.002683069502359088 in CombinedOp
Setting time step: 0.002683069502359088 in IonStaticPressureOp
norm(r_0) 0
norm(r_1) 0
norm(r_2) 0
norm(r_3) 37.44817897474727
norm(r_4) 0
Newton iteration  0 : ||r|| = 37.4482
   Pass :  1   Iteration :   0  ||B r|| = 0.00569232 ...
   Pass :  6   Iteration : 300  ||B r|| = 7.49296e-06
GMRES: No convergence!
norm(r_0) 0
norm(r_1) 0
norm(r_2) 0
norm(r_3) 37.42922773371946
norm(r_4) 0
Newton iteration  1 : ||r|| = 37.4292, ||r||/||r_0|| = 0.999494
Setting time step: 0.002683069502359088 in DGTransportTDO
Setting time step: 0.002683069502359088 in CombinedOp
Setting time step: 0.002683069502359088 in IonStaticPressureOp
norm(r_0) 0
norm(r_1) 0
norm(r_2) 0
norm(r_3) 37.60435441792846
norm(r_4) 0
Newton iteration  0 : ||r|| = 37.6044
   Pass :  1   Iteration :   0  ||B r|| = 0.00531333 ...
   Pass :  6   Iteration : 300  ||B r|| = 7.51785e-06
GMRES: No convergence!
norm(r_0) 0
norm(r_1) 0
norm(r_2) 0
norm(r_3) 37.61113665984701
norm(r_4) 0
Newton iteration  1 : ||r|| = 37.6111, ||r||/||r_0|| = 1.00018
Setting time step: 0.002683069502359088 in DGTransportTDO
Setting time step: 0.002683069502359088 in CombinedOp
Setting time step: 0.002683069502359088 in IonStaticPressureOp
norm(r_0) 0
norm(r_1) 0
norm(r_2) 0
norm(r_3) 37.67934123870846
norm(r_4) 0
Newton iteration  0 : ||r|| = 37.6793
   Pass :  1   Iteration :   0  ||B r|| = 0.00442685 ...
   Pass :  6   Iteration : 300  ||B r|| = 7.52772e-06
GMRES: No convergence!
norm(r_0) 0
norm(r_1) 0
norm(r_2) 0
norm(r_3) 37.65995120012987
norm(r_4) 0
Newton iteration  1 : ||r|| = 37.66, ||r||/||r_0|| = 0.999485
Setting time step: 0.002683069502359088 in DGTransportTDO
Setting time step: 0.002683069502359088 in CombinedOp
Setting time step: 0.002683069502359088 in IonStaticPressureOp
norm(r_0) 0
norm(r_1) 0
norm(r_2) 0
norm(r_3) 37.74150553188593
norm(r_4) 0
Newton iteration  0 : ||r|| = 37.7415
   Pass :  1   Iteration :   0  ||B r|| = 0.0141523 ...
   Pass :  6   Iteration : 300  ||B r|| = 7.41483e-06
GMRES: No convergence!
norm(r_0) 0
norm(r_1) 0
norm(r_2) 0
norm(r_3) 37.51603790952949
norm(r_4) 0
Newton iteration  1 : ||r|| = 37.516, ||r||/||r_0|| = 0.994026
Time stepping paused at t = 0.02225833757823881

Estimating errors.
Setting time step: 0.005366139004718175 in DGTransportTDO
Setting time step: 0.005366139004718175 in CombinedOp
Setting time step: 0.005366139004718175 in IonStaticPressureOp
norm(r_0) 0
norm(r_1) 0
norm(r_2) 0
norm(r_3) 37.51604210938844
norm(r_4) 0
Newton iteration  0 : ||r|| = 37.516
   Pass :  1   Iteration :   0  ||B r|| = 0.00177573 ...
   Pass :  6   Iteration : 300  ||B r|| = 3.70578e-06
GMRES: No convergence!
norm(r_0) 0
norm(r_1) 0
norm(r_2) 0
norm(r_3) 38.4336923166108
norm(r_4) 0
Newton iteration  1 : ||r|| = 38.4337, ||r||/||r_0|| = 1.02446
Setting time step: 0.005366139004718175 in DGTransportTDO
Setting time step: 0.005366139004718175 in CombinedOp
Setting time step: 0.005366139004718175 in IonStaticPressureOp
norm(r_0) 0
norm(r_1) 0
norm(r_2) 0
norm(r_3) 39.82609914984883
norm(r_4) 0
Newton iteration  0 : ||r|| = 39.8261
   Pass :  1   Iteration :   0  ||B r|| = 0.000881114 ...
   Pass :  6   Iteration : 300  ||B r|| = 3.70524e-06
GMRES: No convergence!
norm(r_0) 0
norm(r_1) 0
norm(r_2) 0
norm(r_3) 39.93049948518004
norm(r_4) 0
Newton iteration  1 : ||r|| = 39.9305, ||r||/||r_0|| = 1.00262
Setting time step: 0.005366139004718175 in DGTransportTDO
Setting time step: 0.005366139004718175 in CombinedOp
Setting time step: 0.005366139004718175 in IonStaticPressureOp
norm(r_0) 0
norm(r_1) 0
norm(r_2) 0
norm(r_3) 38.8874853054708
norm(r_4) 0
Newton iteration  0 : ||r|| = 38.8875
   Pass :  1   Iteration :   0  ||B r|| = 0.000322079 ...
   Pass :  6   Iteration : 300  ||B r|| = 3.71398e-06
GMRES: No convergence!
norm(r_0) 0
norm(r_1) 0
norm(r_2) 0
norm(r_3) 38.30974924135895
norm(r_4) 0
Newton iteration  1 : ||r|| = 38.3097, ||r||/||r_0|| = 0.985143
Setting time step: 0.005366139004718175 in DGTransportTDO
Setting time step: 0.005366139004718175 in CombinedOp
Setting time step: 0.005366139004718175 in IonStaticPressureOp
norm(r_0) 0
norm(r_1) 0
norm(r_2) 0
norm(r_3) 38.47874913343777
norm(r_4) 0
Newton iteration  0 : ||r|| = 38.4787
   Pass :  1   Iteration :   0  ||B r|| = 6.51968e-06 ...
   Pass :  6   Iteration : 300  ||B r|| = 3.71191e-06
GMRES: No convergence!
norm(r_0) 0
norm(r_1) 0
norm(r_2) 0
norm(r_3) 38.10712049519783
norm(r_4) 0
Newton iteration  1 : ||r|| = 38.1071, ||r||/||r_0|| = 0.990342
Setting time step: 0.005366139004718175 in DGTransportTDO
Setting time step: 0.005366139004718175 in CombinedOp
Setting time step: 0.005366139004718175 in IonStaticPressureOp
norm(r_0) 0
norm(r_1) 0
norm(r_2) 0
norm(r_3) 39.22074605798842
norm(r_4) 0
Newton iteration  0 : ||r|| = 39.2207
   Pass :  1   Iteration :   0  ||B r|| = 7.86781e-05 ...
   Pass :  6   Iteration : 300  ||B r|| = 3.6706e-06
GMRES: No convergence!
norm(r_0) 0
norm(r_1) 0
norm(r_2) 0
norm(r_3) 35.96803661488371
norm(r_4) 0
Newton iteration  1 : ||r|| = 35.968, ||r||/||r_0|| = 0.917067
Setting time step: 0.01073227800943635 in DGTransportTDO
Setting time step: 0.01073227800943635 in CombinedOp
Setting time step: 0.01073227800943635 in IonStaticPressureOp
norm(r_0) 0
norm(r_1) 0
norm(r_2) 0
norm(r_3) 35.96803728682349
norm(r_4) 0
Newton iteration  0 : ||r|| = 35.968
   Pass :  1   Iteration :   0  ||B r|| = 0.000248152 ...
   Pass :  6   Iteration : 300  ||B r|| = 1.83505e-06
GMRES: No convergence!
norm(r_0) 0
norm(r_1) 0
norm(r_2) 0
norm(r_3) 35.98480311815409
norm(r_4) 0
Newton iteration  1 : ||r|| = 35.9848, ||r||/||r_0|| = 1.00047
Setting time step: 0.01073227800943635 in DGTransportTDO
Setting time step: 0.01073227800943635 in CombinedOp
Setting time step: 0.01073227800943635 in IonStaticPressureOp
norm(r_0) 0
norm(r_1) 0
norm(r_2) 0
norm(r_3) 36.00290445021056
norm(r_4) 0
Newton iteration  0 : ||r|| = 36.0029
   Pass :  1   Iteration :   0  ||B r|| = 0.000286569 ...
   Pass :  6   Iteration : 300  ||B r|| = 1.83466e-06
GMRES: No convergence!
norm(r_0) 0
norm(r_1) 0
norm(r_2) 0
norm(r_3) 36.02466665465269
norm(r_4) 0
Newton iteration  1 : ||r|| = 36.0247, ||r||/||r_0|| = 1.0006
Setting time step: 0.01073227800943635 in DGTransportTDO
Setting time step: 0.01073227800943635 in CombinedOp
Setting time step: 0.01073227800943635 in IonStaticPressureOp
norm(r_0) 0
norm(r_1) 0
norm(r_2) 0
norm(r_3) 35.98768803071807
norm(r_4) 0
Newton iteration  0 : ||r|| = 35.9877
   Pass :  1   Iteration :   0  ||B r|| = 0.000163301 ...
   Pass :  6   Iteration : 300  ||B r|| = 1.83488e-06
GMRES: No convergence!
norm(r_0) 0
norm(r_1) 0
norm(r_2) 0
norm(r_3) 36.00515096440843
norm(r_4) 0
Newton iteration  1 : ||r|| = 36.0052, ||r||/||r_0|| = 1.00049
Setting time step: 0.01073227800943635 in DGTransportTDO
Setting time step: 0.01073227800943635 in CombinedOp
Setting time step: 0.01073227800943635 in IonStaticPressureOp
norm(r_0) 0
norm(r_1) 0
norm(r_2) 0
norm(r_3) 35.98392430704403
norm(r_4) 0
Newton iteration  0 : ||r|| = 35.9839
   Pass :  1   Iteration :   0  ||B r|| = 8.5423e-05 ...
   Pass :  6   Iteration : 300  ||B r|| = 1.83495e-06
GMRES: No convergence!
norm(r_0) 0
norm(r_1) 0
norm(r_2) 0
norm(r_3) 35.99971638572127
norm(r_4) 0
Newton iteration  1 : ||r|| = 35.9997, ||r||/||r_0|| = 1.00044
Setting time step: 0.01073227800943635 in DGTransportTDO
Setting time step: 0.01073227800943635 in CombinedOp
Setting time step: 0.01073227800943635 in IonStaticPressureOp
norm(r_0) 0
norm(r_1) 0
norm(r_2) 0
norm(r_3) 36.04959253930059
norm(r_4) 0
Newton iteration  0 : ||r|| = 36.0496
   Pass :  1   Iteration :   0  ||B r|| = 0.000732248 ...
   Pass :  6   Iteration : 300  ||B r|| = 1.83465e-06
GMRES: No convergence!
norm(r_0) 0
norm(r_1) 0
norm(r_2) 0
norm(r_3) 36.07042885683143
norm(r_4) 0
Newton iteration  1 : ||r|| = 36.0704, ||r||/||r_0|| = 1.00058
Setting time step: 0.0214645560188727 in DGTransportTDO
Setting time step: 0.0214645560188727 in CombinedOp
Setting time step: 0.0214645560188727 in IonStaticPressureOp
norm(r_0) 0
norm(r_1) 0
norm(r_2) 0
norm(r_3) 36.07042869838543
norm(r_4) 0
Newton iteration  0 : ||r|| = 36.0704
   Pass :  1   Iteration :   0  ||B r|| = 1.74165e-05 ...
   Pass :  1   Iteration :   3  ||B r|| = 9.79943e-07
norm(r_0) 0
norm(r_1) 0
norm(r_2) 0
norm(r_3) 36.20678699291309
norm(r_4) 0
Newton iteration  1 : ||r|| = 36.2068, ||r||/||r_0|| = 1.00378
Setting time step: 0.0214645560188727 in DGTransportTDO
Setting time step: 0.0214645560188727 in CombinedOp
Setting time step: 0.0214645560188727 in IonStaticPressureOp
norm(r_0) 0
norm(r_1) 0
norm(r_2) 0
norm(r_3) 36.57894283158335
norm(r_4) 0
Newton iteration  0 : ||r|| = 36.5789
   Pass :  1   Iteration :   0  ||B r|| = 1.69372e-05 ...
   Pass :  1   Iteration :  10  ||B r|| = 9.95956e-07
norm(r_0) 0
norm(r_1) 0
norm(r_2) 0
norm(r_3) 38.43850589510461
norm(r_4) 0
Newton iteration  1 : ||r|| = 38.4385, ||r||/||r_0|| = 1.05084
Setting time step: 0.0214645560188727 in DGTransportTDO
Setting time step: 0.0214645560188727 in CombinedOp
Setting time step: 0.0214645560188727 in IonStaticPressureOp
norm(r_0) 0
norm(r_1) 0
norm(r_2) 0
norm(r_3) 36.05530348738311
norm(r_4) 0
Newton iteration  0 : ||r|| = 36.0553
   Pass :  1   Iteration :   0  ||B r|| = 8.55609e-06 ...
   Pass :  1   Iteration :   7  ||B r|| = 9.97839e-07
norm(r_0) 0
norm(r_1) 0
norm(r_2) 0
norm(r_3) 40.23660364028359
norm(r_4) 0
Newton iteration  1 : ||r|| = 40.2366, ||r||/||r_0|| = 1.11597
Setting time step: 0.0214645560188727 in DGTransportTDO
Setting time step: 0.0214645560188727 in CombinedOp
Setting time step: 0.0214645560188727 in IonStaticPressureOp
norm(r_0) 0
norm(r_1) 0
norm(r_2) 0
norm(r_3) 36.29634464917914
norm(r_4) 0
Newton iteration  0 : ||r|| = 36.2963
   Pass :  1   Iteration :   0  ||B r|| = 3.88878e-06 ...
   Pass :  1   Iteration :   8  ||B r|| = 9.9914e-07
norm(r_0) 0
norm(r_1) 0
norm(r_2) 0
norm(r_3) 41.14176841097149
norm(r_4) 0
Newton iteration  1 : ||r|| = 41.1418, ||r||/||r_0|| = 1.1335
Setting time step: 0.0214645560188727 in DGTransportTDO
Setting time step: 0.0214645560188727 in CombinedOp
Setting time step: 0.0214645560188727 in IonStaticPressureOp
norm(r_0) 0
norm(r_1) 0
norm(r_2) 0
norm(r_3) 100.3644624806352
norm(r_4) 0
Newton iteration  0 : ||r|| = 100.364
   Pass :  1   Iteration :   0  ||B r|| = 1.61318e-05 ...
   Pass :  1   Iteration :  32  ||B r|| = 9.89513e-07
norm(r_0) 0
norm(r_1) 0
norm(r_2) 0
norm(r_3) 39.58340495644523
norm(r_4) 0
Newton iteration  1 : ||r|| = 39.5834, ||r||/||r_0|| = 0.394397
Setting time step: 0.0429291120377454 in DGTransportTDO
Setting time step: 0.0429291120377454 in CombinedOp
Setting time step: 0.0429291120377454 in IonStaticPressureOp
norm(r_0) 0
norm(r_1) 0
norm(r_2) 0
norm(r_3) 39.58340556307424
norm(r_4) 0
Newton iteration  0 : ||r|| = 39.5834
   Pass :  1   Iteration :   0  ||B r|| = 7.81995e-05 ...
   Pass :  1   Iteration :   1  ||B r|| = 7.9198e-07
norm(r_0) 0
norm(r_1) 0
norm(r_2) 0
norm(r_3) 25.96957163692187
norm(r_4) 0
Newton iteration  1 : ||r|| = 25.9696, ||r||/||r_0|| = 0.656072
Setting time step: 0.0429291120377454 in DGTransportTDO
Setting time step: 0.0429291120377454 in CombinedOp
Setting time step: 0.0429291120377454 in IonStaticPressureOp
norm(r_0) 0
norm(r_1) 0
norm(r_2) 0
norm(r_3) 14.68361078960977
norm(r_4) 0
Newton iteration  0 : ||r|| = 14.6836
   Pass :  1   Iteration :   0  ||B r|| = 7.64626e-05 ...
   Pass :  1   Iteration :   2  ||B r|| = 9.58586e-07
norm(r_0) 0
norm(r_1) 0
norm(r_2) 0
norm(r_3) 15.61839754173817
norm(r_4) 0
Newton iteration  1 : ||r|| = 15.6184, ||r||/||r_0|| = 1.06366
Setting time step: 0.0429291120377454 in DGTransportTDO
Setting time step: 0.0429291120377454 in CombinedOp
Setting time step: 0.0429291120377454 in IonStaticPressureOp
norm(r_0) 0
norm(r_1) 0
norm(r_2) 0
norm(r_3) 24.72311722373017
norm(r_4) 0
Newton iteration  0 : ||r|| = 24.7231
   Pass :  1   Iteration :   0  ||B r|| = 3.91217e-05 ...
   Pass :  1   Iteration :   2  ||B r|| = 9.83572e-07
norm(r_0) 0
norm(r_1) 0
norm(r_2) 0
norm(r_3) 36.37992742552471
norm(r_4) 0
Newton iteration  1 : ||r|| = 36.3799, ||r||/||r_0|| = 1.47149
Setting time step: 0.0429291120377454 in DGTransportTDO
Setting time step: 0.0429291120377454 in CombinedOp
Setting time step: 0.0429291120377454 in IonStaticPressureOp
norm(r_0) 0
norm(r_1) 0
norm(r_2) 0
norm(r_3) 30.04615066097236
norm(r_4) 0
Newton iteration  0 : ||r|| = 30.0462
   Pass :  1   Iteration :   0  ||B r|| = 1.72358e-05 ...
   Pass :  1   Iteration :   1  ||B r|| = 9.69514e-07
norm(r_0) 0
norm(r_1) 0
norm(r_2) 0
norm(r_3) 22.78192965186475
norm(r_4) 0
Newton iteration  1 : ||r|| = 22.7819, ||r||/||r_0|| = 0.758231
Setting time step: 0.0429291120377454 in DGTransportTDO
Setting time step: 0.0429291120377454 in CombinedOp
Setting time step: 0.0429291120377454 in IonStaticPressureOp
norm(r_0) 0
norm(r_1) 0
norm(r_2) 0
norm(r_3) 672.9563165993071
norm(r_4) 0
Newton iteration  0 : ||r|| = 672.956
   Pass :  1   Iteration :   0  ||B r|| = 0.00016982 ...
   Pass :  1   Iteration :   4  ||B r|| = 8.6118e-07
norm(r_0) 0
norm(r_1) 0
norm(r_2) 0
norm(r_3) 44.43263892364013
norm(r_4) 0
Newton iteration  1 : ||r|| = 44.4326, ||r||/||r_0|| = 0.066026
Time stepping paused at t = 0.3442266778613293

Estimating errors.
Setting time step: 0.0858582240754908 in DGTransportTDO
Setting time step: 0.0858582240754908 in CombinedOp
Setting time step: 0.0858582240754908 in IonStaticPressureOp
norm(r_0) 0
norm(r_1) 0
norm(r_2) 0
norm(r_3) 44.43263896383289
norm(r_4) 0
Newton iteration  0 : ||r|| = 44.4326
   Pass :  1   Iteration :   0  ||B r|| = 1.29213e-06 ...
   Pass :  1   Iteration :   2  ||B r|| = 9.74631e-07
norm(r_0) 0
norm(r_1) 0
norm(r_2) 0
norm(r_3) 90.61951758933013
norm(r_4) 0
Newton iteration  1 : ||r|| = 90.6195, ||r||/||r_0|| = 2.03948
Setting time step: 0.0858582240754908 in DGTransportTDO
Setting time step: 0.0858582240754908 in CombinedOp
Setting time step: 0.0858582240754908 in IonStaticPressureOp
norm(r_0) 0
norm(r_1) 0
norm(r_2) 0
norm(r_3) 139.9074629255908
norm(r_4) 0
Newton iteration  0 : ||r|| = 139.907
   Pass :  1   Iteration :   0  ||B r|| = 1.29721e-06 ...
   Pass :  1   Iteration :   2  ||B r|| = 8.74453e-07
norm(r_0) 0
norm(r_1) 0
norm(r_2) 0
norm(r_3) 59.6535499393618
norm(r_4) 0
Newton iteration  1 : ||r|| = 59.6535, ||r||/||r_0|| = 0.426379
Setting time step: 0.0858582240754908 in DGTransportTDO
Setting time step: 0.0858582240754908 in CombinedOp
Setting time step: 0.0858582240754908 in IonStaticPressureOp
norm(r_0) 0
norm(r_1) 0
norm(r_2) 0
norm(r_3) 121.4024931445267
norm(r_4) 0
Newton iteration  0 : ||r|| = 121.402
   Pass :  1   Iteration :   0  ||B r|| = 1.08894e-06 ...
   Pass :  1   Iteration :   2  ||B r|| = 6.03148e-07
norm(r_0) 0
norm(r_1) 0
norm(r_2) 0
norm(r_3) 43.20593141075162
norm(r_4) 0
Newton iteration  1 : ||r|| = 43.2059, ||r||/||r_0|| = 0.35589
Setting time step: 0.0858582240754908 in DGTransportTDO
Setting time step: 0.0858582240754908 in CombinedOp
Setting time step: 0.0858582240754908 in IonStaticPressureOp
norm(r_0) 0
norm(r_1) 0
norm(r_2) 0
norm(r_3) 102.5037630323254
norm(r_4) 0
Newton iteration  0 : ||r|| = 102.504
   Pass :  1   Iteration :   0  ||B r|| = 9.60124e-07
norm(r_0) 0
norm(r_1) 0
norm(r_2) 0
norm(r_3) 102.5037630323254
norm(r_4) 0
Newton iteration  1 : ||r|| = 102.504, ||r||/||r_0|| = 1
Setting time step: 0.0858582240754908 in DGTransportTDO
Setting time step: 0.0858582240754908 in CombinedOp
Setting time step: 0.0858582240754908 in IonStaticPressureOp
norm(r_0) 0
norm(r_1) 0
norm(r_2) 0
norm(r_3) 2090.728708989369
norm(r_4) 0
Newton iteration  0 : ||r|| = 2090.73
   Pass :  1   Iteration :   0  ||B r|| = 2.34005e-05 ...
   Pass :  1   Iteration :   5  ||B r|| = 7.87329e-07
norm(r_0) 0
norm(r_1) 0
norm(r_2) 0
norm(r_3) 46.92990357051427
norm(r_4) 0
Newton iteration  1 : ||r|| = 46.9299, ||r||/||r_0|| = 0.0224467
Setting time step: 0.1717164481509816 in DGTransportTDO
Setting time step: 0.1717164481509816 in CombinedOp
Setting time step: 0.1717164481509816 in IonStaticPressureOp
norm(r_0) 0
norm(r_1) 0
norm(r_2) 0
norm(r_3) 46.92990353745911
norm(r_4) 0
Newton iteration  0 : ||r|| = 46.9299
   Pass :  1   Iteration :   0  ||B r|| = 3.96479e-07
norm(r_0) 0
norm(r_1) 0
norm(r_2) 0
norm(r_3) 46.92990353745911
norm(r_4) 0
Newton iteration  1 : ||r|| = 46.9299, ||r||/||r_0|| = 1
Setting time step: 0.1717164481509816 in DGTransportTDO
Setting time step: 0.1717164481509816 in CombinedOp
Setting time step: 0.1717164481509816 in IonStaticPressureOp
norm(r_0) 0
norm(r_1) 0
norm(r_2) 0
norm(r_3) 46.92990353745911
norm(r_4) 0
Newton iteration  0 : ||r|| = 46.9299
   Pass :  1   Iteration :   0  ||B r|| = 3.96479e-07
norm(r_0) 0
norm(r_1) 0
norm(r_2) 0
norm(r_3) 46.92990353745911
norm(r_4) 0
Newton iteration  1 : ||r|| = 46.9299, ||r||/||r_0|| = 1
Setting time step: 0.1717164481509816 in DGTransportTDO
Setting time step: 0.1717164481509816 in CombinedOp
Setting time step: 0.1717164481509816 in IonStaticPressureOp
norm(r_0) 0
norm(r_1) 0
norm(r_2) 0
norm(r_3) 46.92990353745911
norm(r_4) 0
Newton iteration  0 : ||r|| = 46.9299
   Pass :  1   Iteration :   0  ||B r|| = 3.96479e-07
norm(r_0) 0
norm(r_1) 0
norm(r_2) 0
norm(r_3) 46.92990353745911
norm(r_4) 0
Newton iteration  1 : ||r|| = 46.9299, ||r||/||r_0|| = 1
Setting time step: 0.1717164481509816 in DGTransportTDO
Setting time step: 0.1717164481509816 in CombinedOp
Setting time step: 0.1717164481509816 in IonStaticPressureOp
norm(r_0) 0
norm(r_1) 0
norm(r_2) 0
norm(r_3) 46.92990353745911
norm(r_4) 0
Newton iteration  0 : ||r|| = 46.9299
   Pass :  1   Iteration :   0  ||B r|| = 3.96479e-07
norm(r_0) 0
norm(r_1) 0
norm(r_2) 0
norm(r_3) 46.92990353745911
norm(r_4) 0
Newton iteration  1 : ||r|| = 46.9299, ||r||/||r_0|| = 1
Setting time step: 0.1717164481509816 in DGTransportTDO
Setting time step: 0.1717164481509816 in CombinedOp
Setting time step: 0.1717164481509816 in IonStaticPressureOp
norm(r_0) 0
norm(r_1) 0
norm(r_2) 0
norm(r_3) 46.92990353745911
norm(r_4) 0
Newton iteration  0 : ||r|| = 46.9299
   Pass :  1   Iteration :   0  ||B r|| = 3.96479e-07
norm(r_0) 0
norm(r_1) 0
norm(r_2) 0
norm(r_3) 46.92990353745911
norm(r_4) 0
Newton iteration  1 : ||r|| = 46.9299, ||r||/||r_0|| = 1
Setting time step: 0.1717164481509816 in DGTransportTDO
Setting time step: 0.1717164481509816 in CombinedOp
Setting time step: 0.1717164481509816 in IonStaticPressureOp
norm(r_0) 0
norm(r_1) 0
norm(r_2) 0
norm(r_3) 46.92990353745911
norm(r_4) 0
Newton iteration  0 : ||r|| = 46.9299
   Pass :  1   Iteration :   0  ||B r|| = 3.96479e-07
norm(r_0) 0
norm(r_1) 0
norm(r_2) 0
norm(r_3) 46.92990353745911
norm(r_4) 0
Newton iteration  1 : ||r|| = 46.9299, ||r||/||r_0|| = 1
Setting time step: 0.1717164481509816 in DGTransportTDO
Setting time step: 0.1717164481509816 in CombinedOp
Setting time step: 0.1717164481509816 in IonStaticPressureOp
norm(r_0) 0
norm(r_1) 0
norm(r_2) 0
norm(r_3) 46.92990353745911
norm(r_4) 0
Newton iteration  0 : ||r|| = 46.9299
   Pass :  1   Iteration :   0  ||B r|| = 3.96479e-07
norm(r_0) 0
norm(r_1) 0
norm(r_2) 0
norm(r_3) 46.92990353745911
norm(r_4) 0
Newton iteration  1 : ||r|| = 46.9299, ||r||/||r_0|| = 1
Setting time step: 0.1717164481509816 in DGTransportTDO
Setting time step: 0.1717164481509816 in CombinedOp
Setting time step: 0.1717164481509816 in IonStaticPressureOp
norm(r_0) 0
norm(r_1) 0
norm(r_2) 0
norm(r_3) 46.92990353745911
norm(r_4) 0
Newton iteration  0 : ||r|| = 46.9299
   Pass :  1   Iteration :   0  ||B r|| = 3.96479e-07
norm(r_0) 0
norm(r_1) 0
norm(r_2) 0
norm(r_3) 46.92990353745911
norm(r_4) 0
Newton iteration  1 : ||r|| = 46.9299, ||r||/||r_0|| = 1
Setting time step: 0.1717164481509816 in DGTransportTDO
Setting time step: 0.1717164481509816 in CombinedOp
Setting time step: 0.1717164481509816 in IonStaticPressureOp
norm(r_0) 0
norm(r_1) 0
norm(r_2) 0
norm(r_3) 46.92990353745911
norm(r_4) 0
Newton iteration  0 : ||r|| = 46.9299
   Pass :  1   Iteration :   0  ||B r|| = 3.96479e-07
norm(r_0) 0
norm(r_1) 0
norm(r_2) 0
norm(r_3) 46.92990353745911
norm(r_4) 0
Newton iteration  1 : ||r|| = 46.9299, ||r||/||r_0|| = 1
Setting time step: 0.1717164481509816 in DGTransportTDO
Setting time step: 0.1717164481509816 in CombinedOp
Setting time step: 0.1717164481509816 in IonStaticPressureOp
norm(r_0) 0
norm(r_1) 0
norm(r_2) 0
norm(r_3) 46.92990353745911
norm(r_4) 0
Newton iteration  0 : ||r|| = 46.9299
   Pass :  1   Iteration :   0  ||B r|| = 3.96479e-07
norm(r_0) 0
norm(r_1) 0
norm(r_2) 0
norm(r_3) 46.92990353745911
norm(r_4) 0
Newton iteration  1 : ||r|| = 46.9299, ||r||/||r_0|| = 1
Setting time step: 0.1717164481509816 in DGTransportTDO
Setting time step: 0.1717164481509816 in CombinedOp
Setting time step: 0.1717164481509816 in IonStaticPressureOp
norm(r_0) 0
norm(r_1) 0
norm(r_2) 0
norm(r_3) 46.92990353745911
norm(r_4) 0
Newton iteration  0 : ||r|| = 46.9299
   Pass :  1   Iteration :   0  ||B r|| = 3.96479e-07
norm(r_0) 0
norm(r_1) 0
norm(r_2) 0
norm(r_3) 46.92990353745911
norm(r_4) 0
Newton iteration  1 : ||r|| = 46.9299, ||r||/||r_0|| = 1
Setting time step: 0.1717164481509816 in DGTransportTDO
Setting time step: 0.1717164481509816 in CombinedOp
Setting time step: 0.1717164481509816 in IonStaticPressureOp
norm(r_0) 0
norm(r_1) 0
norm(r_2) 0
norm(r_3) 46.92990353745911
norm(r_4) 0
Newton iteration  0 : ||r|| = 46.9299
   Pass :  1   Iteration :   0  ||B r|| = 3.96479e-07
norm(r_0) 0
norm(r_1) 0
norm(r_2) 0
norm(r_3) 46.92990353745911
norm(r_4) 0
Newton iteration  1 : ||r|| = 46.9299, ||r||/||r_0|| = 1
Setting time step: 0.1717164481509816 in DGTransportTDO
Setting time step: 0.1717164481509816 in CombinedOp
Setting time step: 0.1717164481509816 in IonStaticPressureOp
norm(r_0) 0
norm(r_1) 0
norm(r_2) 0
norm(r_3) 46.92990353745911
norm(r_4) 0
Newton iteration  0 : ||r|| = 46.9299
   Pass :  1   Iteration :   0  ||B r|| = 3.96479e-07
norm(r_0) 0
norm(r_1) 0
norm(r_2) 0
norm(r_3) 46.92990353745911
norm(r_4) 0
Newton iteration  1 : ||r|| = 46.9299, ||r||/||r_0|| = 1
Setting time step: 0.1717164481509816 in DGTransportTDO
Setting time step: 0.1717164481509816 in CombinedOp
Setting time step: 0.1717164481509816 in IonStaticPressureOp
norm(r_0) 0
norm(r_1) 0
norm(r_2) 0
norm(r_3) 46.92990353745911
norm(r_4) 0
Newton iteration  0 : ||r|| = 46.9299
   Pass :  1   Iteration :   0  ||B r|| = 3.96479e-07
norm(r_0) 0
norm(r_1) 0
norm(r_2) 0
norm(r_3) 46.92990353745911
norm(r_4) 0
Newton iteration  1 : ||r|| = 46.9299, ||r||/||r_0|| = 1
Setting time step: 0.1717164481509816 in DGTransportTDO
Setting time step: 0.1717164481509816 in CombinedOp
Setting time step: 0.1717164481509816 in IonStaticPressureOp
norm(r_0) 0
norm(r_1) 0
norm(r_2) 0
norm(r_3) 46.92990353745911
norm(r_4) 0
Newton iteration  0 : ||r|| = 46.9299
   Pass :  1   Iteration :   0  ||B r|| = 3.96479e-07
norm(r_0) 0
norm(r_1) 0
norm(r_2) 0
norm(r_3) 46.92990353745911
norm(r_4) 0
Newton iteration  1 : ||r|| = 46.9299, ||r||/||r_0|| = 1
Time stepping paused at t = 2.748256951975072
Steady State solution has been reached

Time stepping done after 1.781568453s.
