Options used:
   --mesh ../../mfem/data/inline-quad.mesh
   --bc-file ../../mfem/miniapps/plasma/transport2d_bcs.inp
   --ic-file ../../mfem/miniapps/plasma/transport2d_ics.inp
   --ec-file /home/gz6/mfem-analysis/input-files/transport2d_ecs.inp
   --es-file ../../mfem/miniapps/plasma/transport2d_ess.inp
   --eqdsk-file 
   --logging 1
   --operator-test 8
   --equation-weights '1 1 1 1 1'
   --problem 0
   --refine-serial 5
   --refine-parallel 0
   --enable-amr
   --max-err -1
   --hysteresis 0.25
   --nc-limit 3
   --amr-weights '1 1 1 1 1'
   --order 3
   --dg-sigma -1
   --dg-kappa 16
   --linear-abs-tolerance 1e-06
   --linear-rel-tolerance 1e-06
   --linear-max-iterations 500
   --linear-logging-level 3
   --newton-abs-tolerance 1e-10
   --newton-rel-tolerance 1e-10
   --newton-max-iterations 1
   --newton-logging-level 1
   --steady-state-abs-tolerance 1e-08
   --steady-state-rel-tolerance 1e-08
   --prec-type 1
   --prec-logging-level 0
   --initial-tolerance 1e-05
   --ode-tolerance 0.001
   --ode-solver 2
   --err-per-step
   --ode-weights '1 1 1 1 1'
   --kP 0
   --kI 0.6
   --kD 0
   --theta-max 2
   --t-minimum 0
   --t-final 100
   --time-step 0.01
   --cfl-number 0.3
   --ion-charge 1
   --ion-mass 2.0141018
   --neutral-mass 2.0141018
   --neutral-temp 3
   --min-neutral-density 9e+14
   --max-neutral-density 1e+15
   --neutral-density-exp 0
   --min-ion-density 1e+16
   --max-ion-density 1e+18
   --ion-density-exp 0
   --min-ion-temp 1
   --max-ion-temp 10
   --ion-temp-exp 0
   --min-electron-temp 10
   --max-electron-temp 440
   --electron-temp-exp 0
   --total-B-magnitude 5
   --poloidal-B-magnitude 0.5
   --velocity 1000
   --Di-perp 1
   --Xi-perp 1
   --Xe-perp 1
   --equation-term-flags '-1 -1 -1 -1 -1'
   --visualization-flags '-1 -1 -1 -1 -1'
   --visualization
   --visit-datafiles
   --ascii-datafiles
   --visualization-steps 4
Device configuration: cpu
Memory configuration: host-std
Number of elements in initial mesh: 16
Number of elements after serial refinement: 16384
10: Number of elements in parallel mesh: 1024
10: Number of elements after parallel refinement: 1024
5: Number of elements in parallel mesh: 1024
5: Number of elements after parallel refinement: 1024
6: Number of elements in parallel mesh: 1024
6: Number of elements after parallel refinement: 1024
9: Number of elements in parallel mesh: 1024
9: Number of elements after parallel refinement: 1024
11: Number of elements in parallel mesh: 1024
11: Number of elements after parallel refinement: 1024
7: Number of elements in parallel mesh: 1024
7: Number of elements after parallel refinement: 1024
8: Number of elements in parallel mesh: 1024
8: Number of elements after parallel refinement: 1024
4: Number of elements in parallel mesh: 1024
4: Number of elements after parallel refinement: 1024
1: Number of elements in parallel mesh: 1024
1: Number of elements after parallel refinement: 1024
3: Number of elements in parallel mesh: 1024
3: Number of elements after parallel refinement: 1024
0: Number of elements in parallel mesh: 1024
0: Number of elements after parallel refinement: 1024
2: Number of elements in parallel mesh: 1024
2: Number of elements after parallel refinement: 1024
13: Number of elements in parallel mesh: 1024
13: Number of elements after parallel refinement: 1024
15: Number of elements in parallel mesh: 1024
15: Number of elements after parallel refinement: 1024
14: Number of elements in parallel mesh: 1024
14: Number of elements after parallel refinement: 1024
12: Number of elements in parallel mesh: 1024
12: Number of elements after parallel refinement: 1024
Configuring initial conditions
Reading initial conditions from ../../mfem/miniapps/plasma/transport2d_ics.inp
Configuring exact solutions
Reading exact solutions from ../../mfem/miniapps/plasma/transport2d_ess.inp

AMR iteration 0
Number of unknowns: 262144
Reached the maximum number of dofs. Stop.
Number of unknowns per field: 262144
Total number of unknowns:     1310720
Configuring boundary conditions
Reading boundary conditions from ../../mfem/miniapps/plasma/transport2d_bcs.inp
Configuring equation coefficients
Reading equation coefficients from /home/gz6/mfem-analysis/input-files/transport2d_ecs.inp
|mn| = 3.3444946e-27
|ni| = 1
|ne| = 1

|Dn|     = -nan
|Di|     = -nan
|Eta|    = -nan
|nXi|    = -nan
|nXe|    = -nan

|Eta/mn| = -nan
|nXi/ni| = -nan
|nXe/ne| = -nan
Ion Static Pressure: Adding time derivative term proportional to d n_i / dt
Ion Static Pressure: Adding time derivative term proportional to d T_i / dt
Ion Static Pressure: Adding anisotropic diffusion term
Ion Static Pressure: Adding source term
Opening GLVis sockets.
Range of error estimates for initial condition: -nan < elem err < -nan

Begin time stepping at t = 0
Setting time step: 0.0025 in DGTransportTDO
Setting time step: 0.0025 in CombinedOp
Setting time step: 0.0025 in IonStaticPressureOp
norm(r_0) 0
norm(r_1) 0
norm(r_2) 0
norm(r_3) 0.021061439
norm(r_4) 0
Newton iteration  0 : ||r|| = 0.0210614
   Pass :  1   Iteration :   0  ||B r|| = 2572.22 ...
   Pass :  1   Iteration :  17  ||B r|| = 0.00199983
norm(r_0) 0
norm(r_1) 0
norm(r_2) 0
norm(r_3) 3.5019986e-05
norm(r_4) 0
Newton iteration  1 : ||r|| = 3.502e-05, ||r||/||r_0|| = 0.00166275
Setting time step: 0.0025 in DGTransportTDO
Setting time step: 0.0025 in CombinedOp
Setting time step: 0.0025 in IonStaticPressureOp
norm(r_0) 0
norm(r_1) 0
norm(r_2) 0
norm(r_3) 0.019720039
norm(r_4) 0
Newton iteration  0 : ||r|| = 0.01972
   Pass :  1   Iteration :   0  ||B r|| = 2408.37 ...
   Pass :  1   Iteration :  17  ||B r|| = 0.00188172
norm(r_0) 0
norm(r_1) 0
norm(r_2) 0
norm(r_3) 3.2955738e-05
norm(r_4) 0
Newton iteration  1 : ||r|| = 3.29557e-05, ||r||/||r_0|| = 0.00167118
Setting time step: 0.0025 in DGTransportTDO
Setting time step: 0.0025 in CombinedOp
Setting time step: 0.0025 in IonStaticPressureOp
norm(r_0) 0
norm(r_1) 0
norm(r_2) 0
norm(r_3) 0.020249778
norm(r_4) 0
Newton iteration  0 : ||r|| = 0.0202498
   Pass :  1   Iteration :   0  ||B r|| = 2473.07 ...
   Pass :  1   Iteration :  17  ||B r|| = 0.00192977
norm(r_0) 0
norm(r_1) 0
norm(r_2) 0
norm(r_3) 3.3796211e-05
norm(r_4) 0
Newton iteration  1 : ||r|| = 3.37962e-05, ||r||/||r_0|| = 0.00166897
Setting time step: 0.0025 in DGTransportTDO
Setting time step: 0.0025 in CombinedOp
Setting time step: 0.0025 in IonStaticPressureOp
norm(r_0) 0
norm(r_1) 0
norm(r_2) 0
norm(r_3) 0.020384981
norm(r_4) 0
Newton iteration  0 : ||r|| = 0.020385
   Pass :  1   Iteration :   0  ||B r|| = 2489.59 ...
   Pass :  1   Iteration :  17  ||B r|| = 0.00194132
norm(r_0) 0
norm(r_1) 0
norm(r_2) 0
norm(r_3) 3.3997729e-05
norm(r_4) 0
Newton iteration  1 : ||r|| = 3.39977e-05, ||r||/||r_0|| = 0.00166778
Setting time step: 0.0025 in DGTransportTDO
Setting time step: 0.0025 in CombinedOp
Setting time step: 0.0025 in IonStaticPressureOp
norm(r_0) 0
norm(r_1) 0
norm(r_2) 0
norm(r_3) 0.019071918
norm(r_4) 0
Newton iteration  0 : ||r|| = 0.0190719
   Pass :  1   Iteration :   0  ||B r|| = 2329.24 ...
   Pass :  1   Iteration :  17  ||B r|| = 0.00180621
norm(r_0) 0
norm(r_1) 0
norm(r_2) 0
norm(r_3) 3.1627564e-05
norm(r_4) 0
Newton iteration  1 : ||r|| = 3.16276e-05, ||r||/||r_0|| = 0.00165833
Setting time step: 0.005 in DGTransportTDO
Setting time step: 0.005 in CombinedOp
Setting time step: 0.005 in IonStaticPressureOp
norm(r_0) 0
norm(r_1) 0
norm(r_2) 0
norm(r_3) 0.018464567
norm(r_4) 0
Newton iteration  0 : ||r|| = 0.0184646
   Pass :  1   Iteration :   0  ||B r|| = 1951.43 ...
   Pass :  1   Iteration :  18  ||B r|| = 0.00131983
norm(r_0) 0
norm(r_1) 0
norm(r_2) 0
norm(r_3) 5.0332908e-05
norm(r_4) 0
Newton iteration  1 : ||r|| = 5.03329e-05, ||r||/||r_0|| = 0.00272592
Setting time step: 0.005 in DGTransportTDO
Setting time step: 0.005 in CombinedOp
Setting time step: 0.005 in IonStaticPressureOp
norm(r_0) 0
norm(r_1) 0
norm(r_2) 0
norm(r_3) 0.01618494
norm(r_4) 0
Newton iteration  0 : ||r|| = 0.0161849
   Pass :  1   Iteration :   0  ||B r|| = 1710.48 ...
   Pass :  1   Iteration :  18  ||B r|| = 0.0011586
norm(r_0) 0
norm(r_1) 0
norm(r_2) 0
norm(r_3) 4.4186876e-05
norm(r_4) 0
Newton iteration  1 : ||r|| = 4.41869e-05, ||r||/||r_0|| = 0.00273012
Setting time step: 0.005 in DGTransportTDO
Setting time step: 0.005 in CombinedOp
Setting time step: 0.005 in IonStaticPressureOp
norm(r_0) 0
norm(r_1) 0
norm(r_2) 0
norm(r_3) 0.017074179
norm(r_4) 0
Newton iteration  0 : ||r|| = 0.0170742
   Pass :  1   Iteration :   0  ||B r|| = 1804.48 ...
   Pass :  1   Iteration :  18  ||B r|| = 0.00122177
norm(r_0) 0
norm(r_1) 0
norm(r_2) 0
norm(r_3) 4.6595143e-05
norm(r_4) 0
Newton iteration  1 : ||r|| = 4.65951e-05, ||r||/||r_0|| = 0.00272898
Setting time step: 0.005 in DGTransportTDO
Setting time step: 0.005 in CombinedOp
Setting time step: 0.005 in IonStaticPressureOp
norm(r_0) 0
norm(r_1) 0
norm(r_2) 0
norm(r_3) 0.017305731
norm(r_4) 0
Newton iteration  0 : ||r|| = 0.0173057
   Pass :  1   Iteration :   0  ||B r|| = 1828.96 ...
   Pass :  1   Iteration :  18  ||B r|| = 0.00123808
norm(r_0) 0
norm(r_1) 0
norm(r_2) 0
norm(r_3) 4.7216719e-05
norm(r_4) 0
Newton iteration  1 : ||r|| = 4.72167e-05, ||r||/||r_0|| = 0.00272839
Setting time step: 0.005 in DGTransportTDO
Setting time step: 0.005 in CombinedOp
Setting time step: 0.005 in IonStaticPressureOp
norm(r_0) 0
norm(r_1) 0
norm(r_2) 0
norm(r_3) 0.01512635
norm(r_4) 0
Newton iteration  0 : ||r|| = 0.0151263
   Pass :  1   Iteration :   0  ||B r|| = 1598.55 ...
   Pass :  1   Iteration :  18  ||B r|| = 0.00108005
norm(r_0) 0
norm(r_1) 0
norm(r_2) 0
norm(r_3) 4.1187419e-05
norm(r_4) 0
Newton iteration  1 : ||r|| = 4.11874e-05, ||r||/||r_0|| = 0.00272289
Setting time step: 0.01 in DGTransportTDO
Setting time step: 0.01 in CombinedOp
Setting time step: 0.01 in IonStaticPressureOp
norm(r_0) 0
norm(r_1) 0
norm(r_2) 0
norm(r_3) 0.014191763
norm(r_4) 0
Newton iteration  0 : ||r|| = 0.0141918
   Pass :  1   Iteration :   0  ||B r|| = 1180.43 ...
   Pass :  1   Iteration :  19  ||B r|| = 0.000811055
norm(r_0) 0
norm(r_1) 0
norm(r_2) 0
norm(r_3) 5.8280378e-05
norm(r_4) 0
Newton iteration  1 : ||r|| = 5.82804e-05, ||r||/||r_0|| = 0.00410663
Setting time step: 0.01 in DGTransportTDO
Setting time step: 0.01 in CombinedOp
Setting time step: 0.01 in IonStaticPressureOp
norm(r_0) 0
norm(r_1) 0
norm(r_2) 0
norm(r_3) 0.010892121
norm(r_4) 0
Newton iteration  0 : ||r|| = 0.0108921
   Pass :  1   Iteration :   0  ||B r|| = 905.882 ...
   Pass :  1   Iteration :  19  ||B r|| = 0.000623203
norm(r_0) 0
norm(r_1) 0
norm(r_2) 0
norm(r_3) 4.4792668e-05
norm(r_4) 0
Newton iteration  1 : ||r|| = 4.47927e-05, ||r||/||r_0|| = 0.00411239
Setting time step: 0.01 in DGTransportTDO
Setting time step: 0.01 in CombinedOp
Setting time step: 0.01 in IonStaticPressureOp
norm(r_0) 0
norm(r_1) 0
norm(r_2) 0
norm(r_3) 0.012150467
norm(r_4) 0
Newton iteration  0 : ||r|| = 0.0121505
   Pass :  1   Iteration :   0  ||B r|| = 1010.59 ...
   Pass :  1   Iteration :  19  ||B r|| = 0.000694971
norm(r_0) 0
norm(r_1) 0
norm(r_2) 0
norm(r_3) 4.9947326e-05
norm(r_4) 0
Newton iteration  1 : ||r|| = 4.99473e-05, ||r||/||r_0|| = 0.00411073
Setting time step: 0.01 in DGTransportTDO
Setting time step: 0.01 in CombinedOp
Setting time step: 0.01 in IonStaticPressureOp
norm(r_0) 0
norm(r_1) 0
norm(r_2) 0
norm(r_3) 0.012490588
norm(r_4) 0
Newton iteration  0 : ||r|| = 0.0124906
   Pass :  1   Iteration :   0  ||B r|| = 1038.9 ...
   Pass :  1   Iteration :  19  ||B r|| = 0.000714307
norm(r_0) 0
norm(r_1) 0
norm(r_2) 0
norm(r_3) 5.1335179e-05
norm(r_4) 0
Newton iteration  1 : ||r|| = 5.13352e-05, ||r||/||r_0|| = 0.00410991
Setting time step: 0.01 in DGTransportTDO
Setting time step: 0.01 in CombinedOp
Setting time step: 0.01 in IonStaticPressureOp
norm(r_0) 0
norm(r_1) 0
norm(r_2) 0
norm(r_3) 0.0094886172
norm(r_4) 0
Newton iteration  0 : ||r|| = 0.00948862
   Pass :  1   Iteration :   0  ||B r|| = 789.121 ...
   Pass :  1   Iteration :  19  ||B r|| = 0.000541526
norm(r_0) 0
norm(r_1) 0
norm(r_2) 0
norm(r_3) 3.8904158e-05
norm(r_4) 0
Newton iteration  1 : ||r|| = 3.89042e-05, ||r||/||r_0|| = 0.00410009
Setting time step: 0.02 in DGTransportTDO
Setting time step: 0.02 in CombinedOp
Setting time step: 0.02 in IonStaticPressureOp
norm(r_0) 0
norm(r_1) 0
norm(r_2) 0
norm(r_3) 0.008384077
norm(r_4) 0
Newton iteration  0 : ||r|| = 0.00838408
   Pass :  1   Iteration :   0  ||B r|| = 498.854 ...
   Pass :  1   Iteration :  20  ||B r|| = 0.000312888
norm(r_0) 0
norm(r_1) 0
norm(r_2) 0
norm(r_3) 5.2243945e-05
norm(r_4) 0
Newton iteration  1 : ||r|| = 5.22439e-05, ||r||/||r_0|| = 0.00623133
Setting time step: 0.02 in DGTransportTDO
Setting time step: 0.02 in CombinedOp
Setting time step: 0.02 in IonStaticPressureOp
norm(r_0) 0
norm(r_1) 0
norm(r_2) 0
norm(r_3) 0.0048918882
norm(r_4) 0
Newton iteration  0 : ||r|| = 0.00489189
   Pass :  1   Iteration :   0  ||B r|| = 290.979 ...
   Pass :  1   Iteration :  20  ||B r|| = 0.000182653
norm(r_0) 0
norm(r_1) 0
norm(r_2) 0
norm(r_3) 3.0495967e-05
norm(r_4) 0
Newton iteration  1 : ||r|| = 3.0496e-05, ||r||/||r_0|| = 0.00623399
Setting time step: 0.02 in DGTransportTDO
Setting time step: 0.02 in CombinedOp
Setting time step: 0.02 in IonStaticPressureOp
norm(r_0) 0
norm(r_1) 0
norm(r_2) 0
norm(r_3) 0.0061719785
norm(r_4) 0
Newton iteration  0 : ||r|| = 0.00617198
   Pass :  1   Iteration :   0  ||B r|| = 367.199 ...
   Pass :  1   Iteration :  20  ||B r|| = 0.000230429
norm(r_0) 0
norm(r_1) 0
norm(r_2) 0
norm(r_3) 3.8473699e-05
norm(r_4) 0
Newton iteration  1 : ||r|| = 3.84737e-05, ||r||/||r_0|| = 0.00623361
Setting time step: 0.02 in DGTransportTDO
Setting time step: 0.02 in CombinedOp
Setting time step: 0.02 in IonStaticPressureOp
norm(r_0) 0
norm(r_1) 0
norm(r_2) 0
norm(r_3) 0.0065416984
norm(r_4) 0
Newton iteration  0 : ||r|| = 0.0065417
   Pass :  1   Iteration :   0  ||B r|| = 389.216 ...
   Pass :  1   Iteration :  20  ||B r|| = 0.000244216
norm(r_0) 0
norm(r_1) 0
norm(r_2) 0
norm(r_3) 4.0776094e-05
norm(r_4) 0
Newton iteration  1 : ||r|| = 4.07761e-05, ||r||/||r_0|| = 0.00623326
Setting time step: 0.02 in DGTransportTDO
Setting time step: 0.02 in CombinedOp
Setting time step: 0.02 in IonStaticPressureOp
norm(r_0) 0
norm(r_1) 0
norm(r_2) 0
norm(r_3) 0.0037048022
norm(r_4) 0
Newton iteration  0 : ||r|| = 0.0037048
   Pass :  1   Iteration :   0  ||B r|| = 220.165 ...
   Pass :  1   Iteration :  20  ||B r|| = 0.000137923
norm(r_0) 0
norm(r_1) 0
norm(r_2) 0
norm(r_3) 2.3031979e-05
norm(r_4) 0
Newton iteration  1 : ||r|| = 2.3032e-05, ||r||/||r_0|| = 0.00621679
Time stepping paused at t = 0.15
Setting time step: 0.01971063 in DGTransportTDO
Setting time step: 0.01971063 in CombinedOp
Setting time step: 0.01971063 in IonStaticPressureOp
norm(r_0) 0
norm(r_1) 0
norm(r_2) 0
norm(r_3) 0.0029293251
norm(r_4) 0
Newton iteration  0 : ||r|| = 0.00292933
   Pass :  1   Iteration :   0  ||B r|| = 175.744 ...
   Pass :  1   Iteration :  20  ||B r|| = 0.000109307
norm(r_0) 0
norm(r_1) 0
norm(r_2) 0
norm(r_3) 1.7971547e-05
norm(r_4) 0
Newton iteration  1 : ||r|| = 1.79715e-05, ||r||/||r_0|| = 0.00613505
Setting time step: 0.01971063 in DGTransportTDO
Setting time step: 0.01971063 in CombinedOp
Setting time step: 0.01971063 in IonStaticPressureOp
norm(r_0) 0
norm(r_1) 0
norm(r_2) 0
norm(r_3) 0.0017226761
norm(r_4) 0
Newton iteration  0 : ||r|| = 0.00172268
   Pass :  1   Iteration :   0  ||B r|| = 103.352 ...
   Pass :  1   Iteration :  20  ||B r|| = 6.42824e-05
norm(r_0) 0
norm(r_1) 0
norm(r_2) 0
norm(r_3) 1.0568942e-05
norm(r_4) 0
Newton iteration  1 : ||r|| = 1.05689e-05, ||r||/||r_0|| = 0.00613519
Setting time step: 0.01971063 in DGTransportTDO
Setting time step: 0.01971063 in CombinedOp
Setting time step: 0.01971063 in IonStaticPressureOp
norm(r_0) 0
norm(r_1) 0
norm(r_2) 0
norm(r_3) 0.0021655715
norm(r_4) 0
Newton iteration  0 : ||r|| = 0.00216557
   Pass :  1   Iteration :   0  ||B r|| = 129.923 ...
   Pass :  1   Iteration :  20  ||B r|| = 8.08086e-05
norm(r_0) 0
norm(r_1) 0
norm(r_2) 0
norm(r_3) 1.3286075e-05
norm(r_4) 0
Newton iteration  1 : ||r|| = 1.32861e-05, ||r||/||r_0|| = 0.00613514
Setting time step: 0.01971063 in DGTransportTDO
Setting time step: 0.01971063 in CombinedOp
Setting time step: 0.01971063 in IonStaticPressureOp
norm(r_0) 0
norm(r_1) 0
norm(r_2) 0
norm(r_3) 0.0022932799
norm(r_4) 0
Newton iteration  0 : ||r|| = 0.00229328
   Pass :  1   Iteration :   0  ||B r|| = 137.585 ...
   Pass :  1   Iteration :  20  ||B r|| = 8.55738e-05
norm(r_0) 0
norm(r_1) 0
norm(r_2) 0
norm(r_3) 1.4069535e-05
norm(r_4) 0
Newton iteration  1 : ||r|| = 1.40695e-05, ||r||/||r_0|| = 0.00613511
Setting time step: 0.01971063 in DGTransportTDO
Setting time step: 0.01971063 in CombinedOp
Setting time step: 0.01971063 in IonStaticPressureOp
norm(r_0) 0
norm(r_1) 0
norm(r_2) 0
norm(r_3) 0.0013086124
norm(r_4) 0
Newton iteration  0 : ||r|| = 0.00130861
   Pass :  1   Iteration :   0  ||B r|| = 78.5093 ...
   Pass :  1   Iteration :  20  ||B r|| = 4.88288e-05
norm(r_0) 0
norm(r_1) 0
norm(r_2) 0
norm(r_3) 8.0281404e-06
norm(r_4) 0
Newton iteration  1 : ||r|| = 8.02814e-06, ||r||/||r_0|| = 0.00613485
Setting time step: 0.038632223 in DGTransportTDO
Setting time step: 0.038632223 in CombinedOp
Setting time step: 0.038632223 in IonStaticPressureOp
norm(r_0) 0
norm(r_1) 0
norm(r_2) 0
norm(r_3) 0.0010390851
norm(r_4) 0
Newton iteration  0 : ||r|| = 0.00103909
   Pass :  1   Iteration :   0  ||B r|| = 40.4921 ...
   Pass :  1   Iteration :  20  ||B r|| = 3.67164e-05
norm(r_0) 0
norm(r_1) 0
norm(r_2) 0
norm(r_3) 1.2164211e-05
norm(r_4) 0
Newton iteration  1 : ||r|| = 1.21642e-05, ||r||/||r_0|| = 0.0117067
Setting time step: 0.038632223 in DGTransportTDO
Setting time step: 0.038632223 in CombinedOp
Setting time step: 0.038632223 in IonStaticPressureOp
norm(r_0) 0
norm(r_1) 0
norm(r_2) 0
norm(r_3) 0.00033905751
norm(r_4) 0
Newton iteration  0 : ||r|| = 0.000339058
   Pass :  1   Iteration :   0  ||B r|| = 13.1974 ...
   Pass :  1   Iteration :  20  ||B r|| = 1.19927e-05
norm(r_0) 0
norm(r_1) 0
norm(r_2) 0
norm(r_3) 3.9731584e-06
norm(r_4) 0
Newton iteration  1 : ||r|| = 3.97316e-06, ||r||/||r_0|| = 0.0117182
Setting time step: 0.038632223 in DGTransportTDO
Setting time step: 0.038632223 in CombinedOp
Setting time step: 0.038632223 in IonStaticPressureOp
norm(r_0) 0
norm(r_1) 0
norm(r_2) 0
norm(r_3) 0.00058126207
norm(r_4) 0
Newton iteration  0 : ||r|| = 0.000581262
   Pass :  1   Iteration :   0  ||B r|| = 22.6434 ...
   Pass :  1   Iteration :  20  ||B r|| = 2.05531e-05
norm(r_0) 0
norm(r_1) 0
norm(r_2) 0
norm(r_3) 6.8092314e-06
norm(r_4) 0
Newton iteration  1 : ||r|| = 6.80923e-06, ||r||/||r_0|| = 0.0117146
Setting time step: 0.038632223 in DGTransportTDO
Setting time step: 0.038632223 in CombinedOp
Setting time step: 0.038632223 in IonStaticPressureOp
norm(r_0) 0
norm(r_1) 0
norm(r_2) 0
norm(r_3) 0.0006584763
norm(r_4) 0
Newton iteration  0 : ||r|| = 0.000658476
   Pass :  1   Iteration :   0  ||B r|| = 25.6549 ...
   Pass :  1   Iteration :  20  ||B r|| = 2.32796e-05
norm(r_0) 0
norm(r_1) 0
norm(r_2) 0
norm(r_3) 7.7125547e-06
norm(r_4) 0
Newton iteration  1 : ||r|| = 7.71255e-06, ||r||/||r_0|| = 0.0117127
Setting time step: 0.038632223 in DGTransportTDO
Setting time step: 0.038632223 in CombinedOp
Setting time step: 0.038632223 in IonStaticPressureOp
norm(r_0) 0
norm(r_1) 0
norm(r_2) 0
norm(r_3) 0.00021368214
norm(r_4) 0
Newton iteration  0 : ||r|| = 0.000213682
   Pass :  1   Iteration :   0  ||B r|| = 8.28957 ...
   Pass :  1   Iteration :  20  ||B r|| = 7.47559e-06
norm(r_0) 0
norm(r_1) 0
norm(r_2) 0
norm(r_3) 2.4768023e-06
norm(r_4) 0
Newton iteration  1 : ||r|| = 2.4768e-06, ||r||/||r_0|| = 0.0115911
Setting time step: 0.042504069 in DGTransportTDO
Setting time step: 0.042504069 in CombinedOp
Setting time step: 0.042504069 in IonStaticPressureOp
norm(r_0) 0
norm(r_1) 0
norm(r_2) 0
norm(r_3) 0.00014104444
norm(r_4) 0
Newton iteration  0 : ||r|| = 0.000141044
   Pass :  1   Iteration :   0  ||B r|| = 5.12117 ...
   Pass :  1   Iteration :  20  ||B r|| = 4.88168e-06
norm(r_0) 0
norm(r_1) 0
norm(r_2) 0
norm(r_3) 1.7776274e-06
norm(r_4) 0
Newton iteration  1 : ||r|| = 1.77763e-06, ||r||/||r_0|| = 0.0126033
Setting time step: 0.042504069 in DGTransportTDO
Setting time step: 0.042504069 in CombinedOp
Setting time step: 0.042504069 in IonStaticPressureOp
norm(r_0) 0
norm(r_1) 0
norm(r_2) 0
norm(r_3) 3.9868016e-05
norm(r_4) 0
Newton iteration  0 : ||r|| = 3.9868e-05
   Pass :  1   Iteration :   0  ||B r|| = 1.44725 ...
   Pass :  1   Iteration :  20  ||B r|| = 1.38058e-06
norm(r_0) 0
norm(r_1) 0
norm(r_2) 0
norm(r_3) 5.0274277e-07
norm(r_4) 0
Newton iteration  1 : ||r|| = 5.02743e-07, ||r||/||r_0|| = 0.0126102
Setting time step: 0.042504069 in DGTransportTDO
Setting time step: 0.042504069 in CombinedOp
Setting time step: 0.042504069 in IonStaticPressureOp
norm(r_0) 0
norm(r_1) 0
norm(r_2) 0
norm(r_3) 7.4532416e-05
norm(r_4) 0
Newton iteration  0 : ||r|| = 7.45324e-05
   Pass :  1   Iteration :   0  ||B r|| = 2.70596 ...
   Pass :  1   Iteration :  20  ||B r|| = 2.58024e-06
norm(r_0) 0
norm(r_1) 0
norm(r_2) 0
norm(r_3) 9.3958936e-07
norm(r_4) 0
Newton iteration  1 : ||r|| = 9.39589e-07, ||r||/||r_0|| = 0.0126065
Setting time step: 0.042504069 in DGTransportTDO
Setting time step: 0.042504069 in CombinedOp
Setting time step: 0.042504069 in IonStaticPressureOp
norm(r_0) 0
norm(r_1) 0
norm(r_2) 0
norm(r_3) 8.5775996e-05
norm(r_4) 0
Newton iteration  0 : ||r|| = 8.5776e-05
   Pass :  1   Iteration :   0  ||B r|| = 3.11425 ...
   Pass :  1   Iteration :  20  ||B r|| = 2.96928e-06
norm(r_0) 0
norm(r_1) 0
norm(r_2) 0
norm(r_3) 1.0812522e-06
norm(r_4) 0
Newton iteration  1 : ||r|| = 1.08125e-06, ||r||/||r_0|| = 0.0126055
Setting time step: 0.042504069 in DGTransportTDO
Setting time step: 0.042504069 in CombinedOp
Setting time step: 0.042504069 in IonStaticPressureOp
norm(r_0) 0
norm(r_1) 0
norm(r_2) 0
norm(r_3) 2.4934983e-05
norm(r_4) 0
Newton iteration  0 : ||r|| = 2.4935e-05
   Pass :  1   Iteration :   0  ||B r|| = 0.905481 ...
   Pass :  1   Iteration :  20  ||B r|| = 8.61477e-07
norm(r_0) 0
norm(r_1) 0
norm(r_2) 0
norm(r_3) 3.1367733e-07
norm(r_4) 0
Newton iteration  1 : ||r|| = 3.13677e-07, ||r||/||r_0|| = 0.0125798
Setting time step: 0.085008138 in DGTransportTDO
Setting time step: 0.085008138 in CombinedOp
Setting time step: 0.085008138 in IonStaticPressureOp
norm(r_0) 0
norm(r_1) 0
norm(r_2) 0
norm(r_3) 1.5993468e-05
norm(r_4) 0
Newton iteration  0 : ||r|| = 1.59935e-05
   Pass :  1   Iteration :   0  ||B r|| = 0.33442 ...
   Pass :  1   Iteration :  19  ||B r|| = 7.09066e-07
norm(r_0) 0
norm(r_1) 0
norm(r_2) 0
norm(r_3) 4.1182348e-07
norm(r_4) 0
Newton iteration  1 : ||r|| = 4.11823e-07, ||r||/||r_0|| = 0.0257495
Setting time step: 0.085008138 in DGTransportTDO
Setting time step: 0.085008138 in CombinedOp
Setting time step: 0.085008138 in IonStaticPressureOp
norm(r_0) 0
norm(r_1) 0
norm(r_2) 0
norm(r_3) 1.3628961e-06
norm(r_4) 0
Newton iteration  0 : ||r|| = 1.3629e-06
   Pass :  1   Iteration :   0  ||B r|| = 0.0187301 ...
   Pass :  1   Iteration :  13  ||B r|| = 6.5505e-07
norm(r_0) 0
norm(r_1) 0
norm(r_2) 0
norm(r_3) 3.3453197e-07
norm(r_4) 0
Newton iteration  1 : ||r|| = 3.34532e-07, ||r||/||r_0|| = 0.245457
Setting time step: 0.085008138 in DGTransportTDO
Setting time step: 0.085008138 in CombinedOp
Setting time step: 0.085008138 in IonStaticPressureOp
norm(r_0) 0
norm(r_1) 0
norm(r_2) 0
norm(r_3) 4.5035355e-06
norm(r_4) 0
Newton iteration  0 : ||r|| = 4.50354e-06
   Pass :  1   Iteration :   0  ||B r|| = 0.0926957 ...
   Pass :  1   Iteration :  16  ||B r|| = 7.81647e-07
norm(r_0) 0
norm(r_1) 0
norm(r_2) 0
norm(r_3) 5.2301787e-07
norm(r_4) 0
Newton iteration  1 : ||r|| = 5.23018e-07, ||r||/||r_0|| = 0.116135
Setting time step: 0.085008138 in DGTransportTDO
Setting time step: 0.085008138 in CombinedOp
Setting time step: 0.085008138 in IonStaticPressureOp
norm(r_0) 0
norm(r_1) 0
norm(r_2) 0
norm(r_3) 6.4503973e-06
norm(r_4) 0
Newton iteration  0 : ||r|| = 6.4504e-06
   Pass :  1   Iteration :   0  ||B r|| = 0.134355 ...
   Pass :  1   Iteration :  17  ||B r|| = 6.93615e-07
norm(r_0) 0
norm(r_1) 0
norm(r_2) 0
norm(r_3) 4.8299928e-07
norm(r_4) 0
Newton iteration  1 : ||r|| = 4.82999e-07, ||r||/||r_0|| = 0.074879
Setting time step: 0.085008138 in DGTransportTDO
Setting time step: 0.085008138 in CombinedOp
Setting time step: 0.085008138 in IonStaticPressureOp
norm(r_0) 0
norm(r_1) 0
norm(r_2) 0
norm(r_3) 2.8265693e-05
norm(r_4) 0
Newton iteration  0 : ||r|| = 2.82657e-05
   Pass :  1   Iteration :   0  ||B r|| = 0.0387649 ...
   Pass :  1   Iteration :  14  ||B r|| = 8.96024e-07
norm(r_0) 0
norm(r_1) 0
norm(r_2) 0
norm(r_3) 5.0578793e-07
norm(r_4) 0
Newton iteration  1 : ||r|| = 5.05788e-07, ||r||/||r_0|| = 0.0178941
Time stepping paused at t = 0.89342024
Setting time step: 0.17001628 in DGTransportTDO
Setting time step: 0.17001628 in CombinedOp
Setting time step: 0.17001628 in IonStaticPressureOp
norm(r_0) 0
norm(r_1) 0
norm(r_2) 0
norm(r_3) 1.0108704e-06
norm(r_4) 0
Newton iteration  0 : ||r|| = 1.01087e-06
   Pass :  1   Iteration :   0  ||B r|| = 0.00990441 ...
   Pass :  1   Iteration :  12  ||B r|| = 6.92873e-07
norm(r_0) 0
norm(r_1) 0
norm(r_2) 0
norm(r_3) 7.5837882e-07
norm(r_4) 0
Newton iteration  1 : ||r|| = 7.58379e-07, ||r||/||r_0|| = 0.750224
Setting time step: 0.17001628 in DGTransportTDO
Setting time step: 0.17001628 in CombinedOp
Setting time step: 0.17001628 in IonStaticPressureOp
norm(r_0) 0
norm(r_1) 0
norm(r_2) 0
norm(r_3) 1.5153129e-06
norm(r_4) 0
Newton iteration  0 : ||r|| = 1.51531e-06
   Pass :  1   Iteration :   0  ||B r|| = 0.00378585 ...
   Pass :  1   Iteration :  10  ||B r|| = 7.71341e-07
norm(r_0) 0
norm(r_1) 0
norm(r_2) 0
norm(r_3) 7.0701699e-07
norm(r_4) 0
Newton iteration  1 : ||r|| = 7.07017e-07, ||r||/||r_0|| = 0.466582
Setting time step: 0.17001628 in DGTransportTDO
Setting time step: 0.17001628 in CombinedOp
Setting time step: 0.17001628 in IonStaticPressureOp
norm(r_0) 0
norm(r_1) 0
norm(r_2) 0
norm(r_3) 1.2537029e-06
norm(r_4) 0
Newton iteration  0 : ||r|| = 1.2537e-06
   Pass :  1   Iteration :   0  ||B r|| = 0.000176388 ...
   Pass :  1   Iteration :   5  ||B r|| = 8.13282e-07
norm(r_0) 0
norm(r_1) 0
norm(r_2) 0
norm(r_3) 7.9557233e-07
norm(r_4) 0
Newton iteration  1 : ||r|| = 7.95572e-07, ||r||/||r_0|| = 0.634578
Setting time step: 0.17001628 in DGTransportTDO
Setting time step: 0.17001628 in CombinedOp
Setting time step: 0.17001628 in IonStaticPressureOp
norm(r_0) 0
norm(r_1) 0
norm(r_2) 0
norm(r_3) 9.6964676e-07
norm(r_4) 0
Newton iteration  0 : ||r|| = 9.69647e-07
   Pass :  1   Iteration :   0  ||B r|| = 0.00189441 ...
   Pass :  1   Iteration :   9  ||B r|| = 6.84927e-07
norm(r_0) 0
norm(r_1) 0
norm(r_2) 0
norm(r_3) 7.2199069e-07
norm(r_4) 0
Newton iteration  1 : ||r|| = 7.21991e-07, ||r||/||r_0|| = 0.744591
Setting time step: 0.17001628 in DGTransportTDO
Setting time step: 0.17001628 in CombinedOp
Setting time step: 0.17001628 in IonStaticPressureOp
norm(r_0) 0
norm(r_1) 0
norm(r_2) 0
norm(r_3) 2.79893e-05
norm(r_4) 0
Newton iteration  0 : ||r|| = 2.79893e-05
   Pass :  1   Iteration :   0  ||B r|| = 0.00392799 ...
   Pass :  1   Iteration :  10  ||B r|| = 8.05678e-07
norm(r_0) 0
norm(r_1) 0
norm(r_2) 0
norm(r_3) 1.0535862e-06
norm(r_4) 0
Newton iteration  1 : ||r|| = 1.05359e-06, ||r||/||r_0|| = 0.0376425
Setting time step: 0.34003255 in DGTransportTDO
Setting time step: 0.34003255 in CombinedOp
Setting time step: 0.34003255 in IonStaticPressureOp
norm(r_0) 0
norm(r_1) 0
norm(r_2) 0
norm(r_3) 1.0596155e-06
norm(r_4) 0
Newton iteration  0 : ||r|| = 1.05962e-06
   Pass :  1   Iteration :   0  ||B r|| = 0.000662066 ...
   Pass :  1   Iteration :   8  ||B r|| = 5.07966e-07
norm(r_0) 0
norm(r_1) 0
norm(r_2) 0
norm(r_3) 1.2037773e-06
norm(r_4) 0
Newton iteration  1 : ||r|| = 1.20378e-06, ||r||/||r_0|| = 1.13605
Setting time step: 0.34003255 in DGTransportTDO
Setting time step: 0.34003255 in CombinedOp
Setting time step: 0.34003255 in IonStaticPressureOp
norm(r_0) 0
norm(r_1) 0
norm(r_2) 0
norm(r_3) 2.8090088e-06
norm(r_4) 0
Newton iteration  0 : ||r|| = 2.80901e-06
   Pass :  1   Iteration :   0  ||B r|| = 0.000419391 ...
   Pass :  1   Iteration :   7  ||B r|| = 6.6046e-07
norm(r_0) 0
norm(r_1) 0
norm(r_2) 0
norm(r_3) 1.1841506e-06
norm(r_4) 0
Newton iteration  1 : ||r|| = 1.18415e-06, ||r||/||r_0|| = 0.421555
Setting time step: 0.34003255 in DGTransportTDO
Setting time step: 0.34003255 in CombinedOp
Setting time step: 0.34003255 in IonStaticPressureOp
norm(r_0) 0
norm(r_1) 0
norm(r_2) 0
norm(r_3) 2.1702044e-06
norm(r_4) 0
Newton iteration  0 : ||r|| = 2.1702e-06
   Pass :  1   Iteration :   0  ||B r|| = 0.00012809 ...
   Pass :  1   Iteration :   4  ||B r|| = 8.93846e-07
norm(r_0) 0
norm(r_1) 0
norm(r_2) 0
norm(r_3) 1.180961e-06
norm(r_4) 0
Newton iteration  1 : ||r|| = 1.18096e-06, ||r||/||r_0|| = 0.54417
Setting time step: 0.34003255 in DGTransportTDO
Setting time step: 0.34003255 in CombinedOp
Setting time step: 0.34003255 in IonStaticPressureOp
norm(r_0) 0
norm(r_1) 0
norm(r_2) 0
norm(r_3) 1.6743586e-06
norm(r_4) 0
Newton iteration  0 : ||r|| = 1.67436e-06
   Pass :  1   Iteration :   0  ||B r|| = 1.46304e-05 ...
   Pass :  1   Iteration :   2  ||B r|| = 8.3576e-07
norm(r_0) 0
norm(r_1) 0
norm(r_2) 0
norm(r_3) 1.4802295e-06
norm(r_4) 0
Newton iteration  1 : ||r|| = 1.48023e-06, ||r||/||r_0|| = 0.884058
Setting time step: 0.34003255 in DGTransportTDO
Setting time step: 0.34003255 in CombinedOp
Setting time step: 0.34003255 in IonStaticPressureOp
norm(r_0) 0
norm(r_1) 0
norm(r_2) 0
norm(r_3) 3.7089292e-05
norm(r_4) 0
Newton iteration  0 : ||r|| = 3.70893e-05
   Pass :  1   Iteration :   0  ||B r|| = 0.000633422 ...
   Pass :  1   Iteration :   8  ||B r|| = 9.78216e-07
norm(r_0) 0
norm(r_1) 0
norm(r_2) 0
norm(r_3) 2.2389201e-06
norm(r_4) 0
Newton iteration  1 : ||r|| = 2.23892e-06, ||r||/||r_0|| = 0.0603657
Setting time step: 0.6800651 in DGTransportTDO
Setting time step: 0.6800651 in CombinedOp
Setting time step: 0.6800651 in IonStaticPressureOp
norm(r_0) 0
norm(r_1) 0
norm(r_2) 0
norm(r_3) 2.2389324e-06
norm(r_4) 0
Newton iteration  0 : ||r|| = 2.23893e-06
   Pass :  1   Iteration :   0  ||B r|| = 5.13046e-05 ...
   Pass :  1   Iteration :   3  ||B r|| = 8.17656e-07
norm(r_0) 0
norm(r_1) 0
norm(r_2) 0
norm(r_3) 4.0018435e-06
norm(r_4) 0
Newton iteration  1 : ||r|| = 4.00184e-06, ||r||/||r_0|| = 1.78739
Setting time step: 0.6800651 in DGTransportTDO
Setting time step: 0.6800651 in CombinedOp
Setting time step: 0.6800651 in IonStaticPressureOp
norm(r_0) 0
norm(r_1) 0
norm(r_2) 0
norm(r_3) 8.5324184e-06
norm(r_4) 0
Newton iteration  0 : ||r|| = 8.53242e-06
   Pass :  1   Iteration :   0  ||B r|| = 4.06556e-05 ...
   Pass :  1   Iteration :   4  ||B r|| = 4.18151e-07
norm(r_0) 0
norm(r_1) 0
norm(r_2) 0
norm(r_3) 2.4672847e-06
norm(r_4) 0
Newton iteration  1 : ||r|| = 2.46728e-06, ||r||/||r_0|| = 0.289166
Setting time step: 0.6800651 in DGTransportTDO
Setting time step: 0.6800651 in CombinedOp
Setting time step: 0.6800651 in IonStaticPressureOp
norm(r_0) 0
norm(r_1) 0
norm(r_2) 0
norm(r_3) 6.8067365e-06
norm(r_4) 0
Newton iteration  0 : ||r|| = 6.80674e-06
   Pass :  1   Iteration :   0  ||B r|| = 1.70579e-05 ...
   Pass :  1   Iteration :   3  ||B r|| = 6.19065e-07
norm(r_0) 0
norm(r_1) 0
norm(r_2) 0
norm(r_3) 1.1550631e-06
norm(r_4) 0
Newton iteration  1 : ||r|| = 1.15506e-06, ||r||/||r_0|| = 0.169694
Setting time step: 0.6800651 in DGTransportTDO
Setting time step: 0.6800651 in CombinedOp
Setting time step: 0.6800651 in IonStaticPressureOp
norm(r_0) 0
norm(r_1) 0
norm(r_2) 0
norm(r_3) 5.1977764e-06
norm(r_4) 0
Newton iteration  0 : ||r|| = 5.19778e-06
   Pass :  1   Iteration :   0  ||B r|| = 4.65365e-06 ...
   Pass :  1   Iteration :   3  ||B r|| = 1.84318e-07
norm(r_0) 0
norm(r_1) 0
norm(r_2) 0
norm(r_3) 4.1506462e-07
norm(r_4) 0
Newton iteration  1 : ||r|| = 4.15065e-07, ||r||/||r_0|| = 0.0798543
Setting time step: 0.6800651 in DGTransportTDO
Setting time step: 0.6800651 in CombinedOp
Setting time step: 0.6800651 in IonStaticPressureOp
norm(r_0) 0
norm(r_1) 0
norm(r_2) 0
norm(r_3) 2.8556978e-05
norm(r_4) 0
Newton iteration  0 : ||r|| = 2.8557e-05
   Pass :  1   Iteration :   0  ||B r|| = 7.07263e-05 ...
   Pass :  1   Iteration :   5  ||B r|| = 8.25751e-07
norm(r_0) 0
norm(r_1) 0
norm(r_2) 0
norm(r_3) 3.9223901e-06
norm(r_4) 0
Newton iteration  1 : ||r|| = 3.92239e-06, ||r||/||r_0|| = 0.137353
Setting time step: 1.3601302 in DGTransportTDO
Setting time step: 1.3601302 in CombinedOp
Setting time step: 1.3601302 in IonStaticPressureOp
norm(r_0) 0
norm(r_1) 0
norm(r_2) 0
norm(r_3) 3.9223861e-06
norm(r_4) 0
Newton iteration  0 : ||r|| = 3.92239e-06
   Pass :  1   Iteration :   0  ||B r|| = 5.34614e-06 ...
   Pass :  1   Iteration :   1  ||B r|| = 2.39952e-07
norm(r_0) 0
norm(r_1) 0
norm(r_2) 0
norm(r_3) 2.6475568e-06
norm(r_4) 0
Newton iteration  1 : ||r|| = 2.64756e-06, ||r||/||r_0|| = 0.674986
Setting time step: 1.3601302 in DGTransportTDO
Setting time step: 1.3601302 in CombinedOp
Setting time step: 1.3601302 in IonStaticPressureOp
norm(r_0) 0
norm(r_1) 0
norm(r_2) 0
norm(r_3) 8.9760693e-06
norm(r_4) 0
Newton iteration  0 : ||r|| = 8.97607e-06
   Pass :  1   Iteration :   0  ||B r|| = 5.15153e-06 ...
   Pass :  1   Iteration :   1  ||B r|| = 2.80597e-07
norm(r_0) 0
norm(r_1) 0
norm(r_2) 0
norm(r_3) 3.021724e-06
norm(r_4) 0
Newton iteration  1 : ||r|| = 3.02172e-06, ||r||/||r_0|| = 0.336642
Setting time step: 1.3601302 in DGTransportTDO
Setting time step: 1.3601302 in CombinedOp
Setting time step: 1.3601302 in IonStaticPressureOp
norm(r_0) 0
norm(r_1) 0
norm(r_2) 0
norm(r_3) 6.783653e-06
norm(r_4) 0
Newton iteration  0 : ||r|| = 6.78365e-06
   Pass :  1   Iteration :   0  ||B r|| = 2.61713e-06 ...
   Pass :  1   Iteration :   1  ||B r|| = 1.67376e-07
norm(r_0) 0
norm(r_1) 0
norm(r_2) 0
norm(r_3) 1.0751328e-06
norm(r_4) 0
Newton iteration  1 : ||r|| = 1.07513e-06, ||r||/||r_0|| = 0.158489
Setting time step: 1.3601302 in DGTransportTDO
Setting time step: 1.3601302 in CombinedOp
Setting time step: 1.3601302 in IonStaticPressureOp
norm(r_0) 0
norm(r_1) 0
norm(r_2) 0
norm(r_3) 4.7399694e-06
norm(r_4) 0
Newton iteration  0 : ||r|| = 4.73997e-06
   Pass :  1   Iteration :   0  ||B r|| = 1.1543e-06 ...
   Pass :  1   Iteration :   1  ||B r|| = 1.46967e-07
norm(r_0) 0
norm(r_1) 0
norm(r_2) 0
norm(r_3) 7.0549527e-07
norm(r_4) 0
Newton iteration  1 : ||r|| = 7.05495e-07, ||r||/||r_0|| = 0.14884
Setting time step: 1.3601302 in DGTransportTDO
Setting time step: 1.3601302 in CombinedOp
Setting time step: 1.3601302 in IonStaticPressureOp
norm(r_0) 0
norm(r_1) 0
norm(r_2) 0
norm(r_3) 5.1061788e-05
norm(r_4) 0
Newton iteration  0 : ||r|| = 5.10618e-05
   Pass :  1   Iteration :   0  ||B r|| = 1.15968e-05 ...
   Pass :  1   Iteration :   1  ||B r|| = 3.10262e-07
norm(r_0) 0
norm(r_1) 0
norm(r_2) 0
norm(r_3) 3.3615985e-06
norm(r_4) 0
Newton iteration  1 : ||r|| = 3.3616e-06, ||r||/||r_0|| = 0.0658339
Time stepping paused at t = 11.094397
Steady State solution has been reached

Time stepping done after 118.76227s.
