Options used:
   --mesh ../../mfem/data/inline-quad.mesh
   --bc-file ../../mfem/miniapps/plasma/transport2d_bcs.inp
   --ic-file ../../mfem/miniapps/plasma/transport2d_ics.inp
   --ec-file /home/gz6/mfem-analysis/input-files/transport2d_ecs.inp
   --es-file ../../mfem/miniapps/plasma/transport2d_ess.inp
   --eqdsk-file 
   --logging 1
   --operator-test 8
   --equation-weights '1 1 1 1 1'
   --problem 0
   --refine-serial 5
   --refine-parallel 0
   --enable-amr
   --max-err -1
   --hysteresis 0.25
   --nc-limit 3
   --amr-weights '1 1 1 1 1'
   --order 2
   --dg-sigma -1
   --dg-kappa 9
   --linear-abs-tolerance 1e-06
   --linear-rel-tolerance 1e-06
   --linear-max-iterations 500
   --linear-logging-level 3
   --newton-abs-tolerance 1e-10
   --newton-rel-tolerance 1e-10
   --newton-max-iterations 1
   --newton-logging-level 1
   --steady-state-abs-tolerance 1e-08
   --steady-state-rel-tolerance 1e-08
   --prec-type 1
   --prec-logging-level 0
   --initial-tolerance 1e-05
   --ode-tolerance 0.001
   --ode-solver 2
   --err-per-step
   --ode-weights '1 1 1 1 1'
   --kP 0
   --kI 0.6
   --kD 0
   --theta-max 2
   --t-minimum 0
   --t-final 100
   --time-step 0.01
   --cfl-number 0.3
   --ion-charge 1
   --ion-mass 2.0141018
   --neutral-mass 2.0141018
   --neutral-temp 3
   --min-neutral-density 9e+14
   --max-neutral-density 1e+15
   --neutral-density-exp 0
   --min-ion-density 1e+16
   --max-ion-density 1e+18
   --ion-density-exp 0
   --min-ion-temp 1
   --max-ion-temp 10
   --ion-temp-exp 0
   --min-electron-temp 10
   --max-electron-temp 440
   --electron-temp-exp 0
   --total-B-magnitude 5
   --poloidal-B-magnitude 0.5
   --velocity 1000
   --Di-perp 1
   --Xi-perp 1
   --Xe-perp 1
   --equation-term-flags '-1 -1 -1 -1 -1'
   --visualization-flags '-1 -1 -1 -1 -1'
   --visualization
   --visit-datafiles
   --ascii-datafiles
   --visualization-steps 4
Device configuration: cpu
Memory configuration: host-std
Number of elements in initial mesh: 16
Number of elements after serial refinement: 16384
0: Number of elements in parallel mesh: 1024
1: Number of elements in parallel mesh: 1024
1: Number of elements after parallel refinement: 1024
0: Number of elements after parallel refinement: 1024
3: Number of elements in parallel mesh: 1024
3: Number of elements after parallel refinement: 1024
2: Number of elements in parallel mesh: 1024
2: Number of elements after parallel refinement: 1024
9: Number of elements in parallel mesh: 1024
9: Number of elements after parallel refinement: 1024
11: Number of elements in parallel mesh: 1024
11: Number of elements after parallel refinement: 1024
13: Number of elements in parallel mesh: 1024
13: Number of elements after parallel refinement: 1024
8: Number of elements in parallel mesh: 1024
8: Number of elements after parallel refinement: 1024
12: Number of elements in parallel mesh: 1024
12: Number of elements after parallel refinement: 1024
10: Number of elements in parallel mesh: 1024
10: Number of elements after parallel refinement: 1024
15: Number of elements in parallel mesh: 1024
15: Number of elements after parallel refinement: 1024
14: Number of elements in parallel mesh: 1024
14: Number of elements after parallel refinement: 1024
5: Number of elements in parallel mesh: 1024
5: Number of elements after parallel refinement: 1024
7: Number of elements in parallel mesh: 1024
7: Number of elements after parallel refinement: 1024
6: Number of elements in parallel mesh: 1024
6: Number of elements after parallel refinement: 1024
4: Number of elements in parallel mesh: 1024
4: Number of elements after parallel refinement: 1024
Configuring initial conditions
Reading initial conditions from ../../mfem/miniapps/plasma/transport2d_ics.inp
Configuring exact solutions
Reading exact solutions from ../../mfem/miniapps/plasma/transport2d_ess.inp

AMR iteration 0
Number of unknowns: 147456
Reached the maximum number of dofs. Stop.
Number of unknowns per field: 147456
Total number of unknowns:     737280
Configuring boundary conditions
Reading boundary conditions from ../../mfem/miniapps/plasma/transport2d_bcs.inp
Configuring equation coefficients
Reading equation coefficients from /home/gz6/mfem-analysis/input-files/transport2d_ecs.inp
|mn| = 3.3444946e-27
|ni| = 1
|ne| = 1

|Dn|     = -nan
|Di|     = -nan
|Eta|    = -nan
|nXi|    = -nan
|nXe|    = -nan

|Eta/mn| = -nan
|nXi/ni| = -nan
|nXe/ne| = -nan
Ion Static Pressure: Adding time derivative term proportional to d n_i / dt
Ion Static Pressure: Adding time derivative term proportional to d T_i / dt
Ion Static Pressure: Adding anisotropic diffusion term
Ion Static Pressure: Adding source term
Opening GLVis sockets.
Range of error estimates for initial condition: -nan < elem err < -nan

Begin time stepping at t = 0
Setting time step: 0.0025 in DGTransportTDO
Setting time step: 0.0025 in CombinedOp
Setting time step: 0.0025 in IonStaticPressureOp
norm(r_0) 0
norm(r_1) 0
norm(r_2) 0
norm(r_3) 0.027129989
norm(r_4) 0
Newton iteration  0 : ||r|| = 0.02713
   Pass :  1   Iteration :   0  ||B r|| = 1947.85 ...
   Pass :  1   Iteration :  15  ||B r|| = 0.00129077
norm(r_0) 0
norm(r_1) 0
norm(r_2) 0
norm(r_3) 2.8679305e-05
norm(r_4) 0
Newton iteration  1 : ||r|| = 2.86793e-05, ||r||/||r_0|| = 0.00105711
Setting time step: 0.0025 in DGTransportTDO
Setting time step: 0.0025 in CombinedOp
Setting time step: 0.0025 in IonStaticPressureOp
norm(r_0) 0
norm(r_1) 0
norm(r_2) 0
norm(r_3) 0.025401644
norm(r_4) 0
Newton iteration  0 : ||r|| = 0.0254016
   Pass :  1   Iteration :   0  ||B r|| = 1823.77 ...
   Pass :  1   Iteration :  15  ||B r|| = 0.00121139
norm(r_0) 0
norm(r_1) 0
norm(r_2) 0
norm(r_3) 2.691494e-05
norm(r_4) 0
Newton iteration  1 : ||r|| = 2.69149e-05, ||r||/||r_0|| = 0.00105957
Setting time step: 0.0025 in DGTransportTDO
Setting time step: 0.0025 in CombinedOp
Setting time step: 0.0025 in IonStaticPressureOp
norm(r_0) 0
norm(r_1) 0
norm(r_2) 0
norm(r_3) 0.026084143
norm(r_4) 0
Newton iteration  0 : ||r|| = 0.0260841
   Pass :  1   Iteration :   0  ||B r|| = 1872.77 ...
   Pass :  1   Iteration :  15  ||B r|| = 0.00124316
norm(r_0) 0
norm(r_1) 0
norm(r_2) 0
norm(r_3) 2.7621105e-05
norm(r_4) 0
Newton iteration  1 : ||r|| = 2.76211e-05, ||r||/||r_0|| = 0.00105892
Setting time step: 0.0025 in DGTransportTDO
Setting time step: 0.0025 in CombinedOp
Setting time step: 0.0025 in IonStaticPressureOp
norm(r_0) 0
norm(r_1) 0
norm(r_2) 0
norm(r_3) 0.02625837
norm(r_4) 0
Newton iteration  0 : ||r|| = 0.0262584
   Pass :  1   Iteration :   0  ||B r|| = 1885.28 ...
   Pass :  1   Iteration :  15  ||B r|| = 0.00125106
norm(r_0) 0
norm(r_1) 0
norm(r_2) 0
norm(r_3) 2.7796507e-05
norm(r_4) 0
Newton iteration  1 : ||r|| = 2.77965e-05, ||r||/||r_0|| = 0.00105858
Setting time step: 0.0025 in DGTransportTDO
Setting time step: 0.0025 in CombinedOp
Setting time step: 0.0025 in IonStaticPressureOp
norm(r_0) 0
norm(r_1) 0
norm(r_2) 0
norm(r_3) 0.024567418
norm(r_4) 0
Newton iteration  0 : ||r|| = 0.0245674
   Pass :  1   Iteration :   0  ||B r|| = 1763.86 ...
   Pass :  1   Iteration :  15  ||B r|| = 0.00116747
norm(r_0) 0
norm(r_1) 0
norm(r_2) 0
norm(r_3) 2.5940052e-05
norm(r_4) 0
Newton iteration  1 : ||r|| = 2.59401e-05, ||r||/||r_0|| = 0.00105587
Setting time step: 0.005 in DGTransportTDO
Setting time step: 0.005 in CombinedOp
Setting time step: 0.005 in IonStaticPressureOp
norm(r_0) 0
norm(r_1) 0
norm(r_2) 0
norm(r_3) 0.023784691
norm(r_4) 0
Newton iteration  0 : ||r|| = 0.0237847
   Pass :  1   Iteration :   0  ||B r|| = 1474.5 ...
   Pass :  1   Iteration :  16  ||B r|| = 0.000840912
norm(r_0) 0
norm(r_1) 0
norm(r_2) 0
norm(r_3) 2.8955447e-05
norm(r_4) 0
Newton iteration  1 : ||r|| = 2.89554e-05, ||r||/||r_0|| = 0.0012174
Setting time step: 0.005 in DGTransportTDO
Setting time step: 0.005 in CombinedOp
Setting time step: 0.005 in IonStaticPressureOp
norm(r_0) 0
norm(r_1) 0
norm(r_2) 0
norm(r_3) 0.020848506
norm(r_4) 0
Newton iteration  0 : ||r|| = 0.0208485
   Pass :  1   Iteration :   0  ||B r|| = 1292.44 ...
   Pass :  1   Iteration :  16  ||B r|| = 0.000737635
norm(r_0) 0
norm(r_1) 0
norm(r_2) 0
norm(r_3) 2.5394356e-05
norm(r_4) 0
Newton iteration  1 : ||r|| = 2.53944e-05, ||r||/||r_0|| = 0.00121804
Setting time step: 0.005 in DGTransportTDO
Setting time step: 0.005 in CombinedOp
Setting time step: 0.005 in IonStaticPressureOp
norm(r_0) 0
norm(r_1) 0
norm(r_2) 0
norm(r_3) 0.021994014
norm(r_4) 0
Newton iteration  0 : ||r|| = 0.021994
   Pass :  1   Iteration :   0  ||B r|| = 1363.47 ...
   Pass :  1   Iteration :  16  ||B r|| = 0.000778009
norm(r_0) 0
norm(r_1) 0
norm(r_2) 0
norm(r_3) 2.6785729e-05
norm(r_4) 0
Newton iteration  1 : ||r|| = 2.67857e-05, ||r||/||r_0|| = 0.00121786
Setting time step: 0.005 in DGTransportTDO
Setting time step: 0.005 in CombinedOp
Setting time step: 0.005 in IonStaticPressureOp
norm(r_0) 0
norm(r_1) 0
norm(r_2) 0
norm(r_3) 0.022292274
norm(r_4) 0
Newton iteration  0 : ||r|| = 0.0222923
   Pass :  1   Iteration :   0  ||B r|| = 1381.96 ...
   Pass :  1   Iteration :  16  ||B r|| = 0.000788479
norm(r_0) 0
norm(r_1) 0
norm(r_2) 0
norm(r_3) 2.714695e-05
norm(r_4) 0
Newton iteration  1 : ||r|| = 2.7147e-05, ||r||/||r_0|| = 0.00121777
Setting time step: 0.005 in DGTransportTDO
Setting time step: 0.005 in CombinedOp
Setting time step: 0.005 in IonStaticPressureOp
norm(r_0) 0
norm(r_1) 0
norm(r_2) 0
norm(r_3) 0.019483594
norm(r_4) 0
Newton iteration  0 : ||r|| = 0.0194836
   Pass :  1   Iteration :   0  ||B r|| = 1207.87 ...
   Pass :  1   Iteration :  16  ||B r|| = 0.000688542
norm(r_0) 0
norm(r_1) 0
norm(r_2) 0
norm(r_3) 2.3711747e-05
norm(r_4) 0
Newton iteration  1 : ||r|| = 2.37117e-05, ||r||/||r_0|| = 0.00121701
Setting time step: 0.01 in DGTransportTDO
Setting time step: 0.01 in CombinedOp
Setting time step: 0.01 in IonStaticPressureOp
norm(r_0) 0
norm(r_1) 0
norm(r_2) 0
norm(r_3) 0.01828101
norm(r_4) 0
Newton iteration  0 : ||r|| = 0.018281
   Pass :  1   Iteration :   0  ||B r|| = 883.395 ...
   Pass :  1   Iteration :  16  ||B r|| = 0.000766262
norm(r_0) 0
norm(r_1) 0
norm(r_2) 0
norm(r_3) 4.9401515e-05
norm(r_4) 0
Newton iteration  1 : ||r|| = 4.94015e-05, ||r||/||r_0|| = 0.00270234
Setting time step: 0.01 in DGTransportTDO
Setting time step: 0.01 in CombinedOp
Setting time step: 0.01 in IonStaticPressureOp
norm(r_0) 0
norm(r_1) 0
norm(r_2) 0
norm(r_3) 0.014029352
norm(r_4) 0
Newton iteration  0 : ||r|| = 0.0140294
   Pass :  1   Iteration :   0  ||B r|| = 677.932 ...
   Pass :  1   Iteration :  16  ||B r|| = 0.000588531
norm(r_0) 0
norm(r_1) 0
norm(r_2) 0
norm(r_3) 3.7940442e-05
norm(r_4) 0
Newton iteration  1 : ||r|| = 3.79404e-05, ||r||/||r_0|| = 0.00270436
Setting time step: 0.01 in DGTransportTDO
Setting time step: 0.01 in CombinedOp
Setting time step: 0.01 in IonStaticPressureOp
norm(r_0) 0
norm(r_1) 0
norm(r_2) 0
norm(r_3) 0.015650906
norm(r_4) 0
Newton iteration  0 : ||r|| = 0.0156509
   Pass :  1   Iteration :   0  ||B r|| = 756.294 ...
   Pass :  1   Iteration :  16  ||B r|| = 0.000656392
norm(r_0) 0
norm(r_1) 0
norm(r_2) 0
norm(r_3) 4.2316023e-05
norm(r_4) 0
Newton iteration  1 : ||r|| = 4.2316e-05, ||r||/||r_0|| = 0.00270374
Setting time step: 0.01 in DGTransportTDO
Setting time step: 0.01 in CombinedOp
Setting time step: 0.01 in IonStaticPressureOp
norm(r_0) 0
norm(r_1) 0
norm(r_2) 0
norm(r_3) 0.016089287
norm(r_4) 0
Newton iteration  0 : ||r|| = 0.0160893
   Pass :  1   Iteration :   0  ||B r|| = 777.48 ...
   Pass :  1   Iteration :  16  ||B r|| = 0.000674697
norm(r_0) 0
norm(r_1) 0
norm(r_2) 0
norm(r_3) 4.3496596e-05
norm(r_4) 0
Newton iteration  1 : ||r|| = 4.34966e-05, ||r||/||r_0|| = 0.00270345
Setting time step: 0.01 in DGTransportTDO
Setting time step: 0.01 in CombinedOp
Setting time step: 0.01 in IonStaticPressureOp
norm(r_0) 0
norm(r_1) 0
norm(r_2) 0
norm(r_3) 0.01222097
norm(r_4) 0
Newton iteration  0 : ||r|| = 0.012221
   Pass :  1   Iteration :   0  ||B r|| = 590.551 ...
   Pass :  1   Iteration :  16  ||B r|| = 0.000511879
norm(r_0) 0
norm(r_1) 0
norm(r_2) 0
norm(r_3) 3.3003823e-05
norm(r_4) 0
Newton iteration  1 : ||r|| = 3.30038e-05, ||r||/||r_0|| = 0.00270059
Setting time step: 0.02 in DGTransportTDO
Setting time step: 0.02 in CombinedOp
Setting time step: 0.02 in IonStaticPressureOp
norm(r_0) 0
norm(r_1) 0
norm(r_2) 0
norm(r_3) 0.010799746
norm(r_4) 0
Newton iteration  0 : ||r|| = 0.0107997
   Pass :  1   Iteration :   0  ||B r|| = 364.073 ...
   Pass :  1   Iteration :  17  ||B r|| = 0.000309237
norm(r_0) 0
norm(r_1) 0
norm(r_2) 0
norm(r_3) 4.5412626e-05
norm(r_4) 0
Newton iteration  1 : ||r|| = 4.54126e-05, ||r||/||r_0|| = 0.00420497
Setting time step: 0.02 in DGTransportTDO
Setting time step: 0.02 in CombinedOp
Setting time step: 0.02 in IonStaticPressureOp
norm(r_0) 0
norm(r_1) 0
norm(r_2) 0
norm(r_3) 0.0063001786
norm(r_4) 0
Newton iteration  0 : ||r|| = 0.00630018
   Pass :  1   Iteration :   0  ||B r|| = 212.361 ...
   Pass :  1   Iteration :  17  ||B r|| = 0.000180453
norm(r_0) 0
norm(r_1) 0
norm(r_2) 0
norm(r_3) 2.6493873e-05
norm(r_4) 0
Newton iteration  1 : ||r|| = 2.64939e-05, ||r||/||r_0|| = 0.00420526
Setting time step: 0.02 in DGTransportTDO
Setting time step: 0.02 in CombinedOp
Setting time step: 0.02 in IonStaticPressureOp
norm(r_0) 0
norm(r_1) 0
norm(r_2) 0
norm(r_3) 0.0079497075
norm(r_4) 0
Newton iteration  0 : ||r|| = 0.00794971
   Pass :  1   Iteration :   0  ||B r|| = 267.988 ...
   Pass :  1   Iteration :  17  ||B r|| = 0.000227686
norm(r_0) 0
norm(r_1) 0
norm(r_2) 0
norm(r_3) 3.3431412e-05
norm(r_4) 0
Newton iteration  1 : ||r|| = 3.34314e-05, ||r||/||r_0|| = 0.00420536
Setting time step: 0.02 in DGTransportTDO
Setting time step: 0.02 in CombinedOp
Setting time step: 0.02 in IonStaticPressureOp
norm(r_0) 0
norm(r_1) 0
norm(r_2) 0
norm(r_3) 0.0084261825
norm(r_4) 0
Newton iteration  0 : ||r|| = 0.00842618
   Pass :  1   Iteration :   0  ||B r|| = 284.057 ...
   Pass :  1   Iteration :  17  ||B r|| = 0.000241322
norm(r_0) 0
norm(r_1) 0
norm(r_2) 0
norm(r_3) 3.5434967e-05
norm(r_4) 0
Newton iteration  1 : ||r|| = 3.5435e-05, ||r||/||r_0|| = 0.00420534
Setting time step: 0.02 in DGTransportTDO
Setting time step: 0.02 in CombinedOp
Setting time step: 0.02 in IonStaticPressureOp
norm(r_0) 0
norm(r_1) 0
norm(r_2) 0
norm(r_3) 0.0047698488
norm(r_4) 0
Newton iteration  0 : ||r|| = 0.00476985
   Pass :  1   Iteration :   0  ||B r|| = 160.68 ...
   Pass :  1   Iteration :  17  ||B r|| = 0.000136399
norm(r_0) 0
norm(r_1) 0
norm(r_2) 0
norm(r_3) 2.0038642e-05
norm(r_4) 0
Newton iteration  1 : ||r|| = 2.00386e-05, ||r||/||r_0|| = 0.00420111
Time stepping paused at t = 0.15
Setting time step: 0.019710683 in DGTransportTDO
Setting time step: 0.019710683 in CombinedOp
Setting time step: 0.019710683 in IonStaticPressureOp
norm(r_0) 0
norm(r_1) 0
norm(r_2) 0
norm(r_3) 0.0037732496
norm(r_4) 0
Newton iteration  0 : ||r|| = 0.00377325
   Pass :  1   Iteration :   0  ||B r|| = 128.341 ...
   Pass :  1   Iteration :  17  ||B r|| = 0.000107836
norm(r_0) 0
norm(r_1) 0
norm(r_2) 0
norm(r_3) 1.5585245e-05
norm(r_4) 0
Newton iteration  1 : ||r|| = 1.55852e-05, ||r||/||r_0|| = 0.00413046
Setting time step: 0.019710683 in DGTransportTDO
Setting time step: 0.019710683 in CombinedOp
Setting time step: 0.019710683 in IonStaticPressureOp
norm(r_0) 0
norm(r_1) 0
norm(r_2) 0
norm(r_3) 0.002218974
norm(r_4) 0
Newton iteration  0 : ||r|| = 0.00221897
   Pass :  1   Iteration :   0  ||B r|| = 75.475 ...
   Pass :  1   Iteration :  17  ||B r|| = 6.34197e-05
norm(r_0) 0
norm(r_1) 0
norm(r_2) 0
norm(r_3) 9.1660442e-06
norm(r_4) 0
Newton iteration  1 : ||r|| = 9.16604e-06, ||r||/||r_0|| = 0.00413076
Setting time step: 0.019710683 in DGTransportTDO
Setting time step: 0.019710683 in CombinedOp
Setting time step: 0.019710683 in IonStaticPressureOp
norm(r_0) 0
norm(r_1) 0
norm(r_2) 0
norm(r_3) 0.0027894653
norm(r_4) 0
Newton iteration  0 : ||r|| = 0.00278947
   Pass :  1   Iteration :   0  ||B r|| = 94.8793 ...
   Pass :  1   Iteration :  17  ||B r|| = 7.9723e-05
norm(r_0) 0
norm(r_1) 0
norm(r_2) 0
norm(r_3) 1.152229e-05
norm(r_4) 0
Newton iteration  1 : ||r|| = 1.15223e-05, ||r||/||r_0|| = 0.00413064
Setting time step: 0.019710683 in DGTransportTDO
Setting time step: 0.019710683 in CombinedOp
Setting time step: 0.019710683 in IonStaticPressureOp
norm(r_0) 0
norm(r_1) 0
norm(r_2) 0
norm(r_3) 0.0029539651
norm(r_4) 0
Newton iteration  0 : ||r|| = 0.00295397
   Pass :  1   Iteration :   0  ||B r|| = 100.475 ...
   Pass :  1   Iteration :  17  ||B r|| = 8.44237e-05
norm(r_0) 0
norm(r_1) 0
norm(r_2) 0
norm(r_3) 1.220165e-05
norm(r_4) 0
Newton iteration  1 : ||r|| = 1.22017e-05, ||r||/||r_0|| = 0.0041306
Setting time step: 0.019710683 in DGTransportTDO
Setting time step: 0.019710683 in CombinedOp
Setting time step: 0.019710683 in IonStaticPressureOp
norm(r_0) 0
norm(r_1) 0
norm(r_2) 0
norm(r_3) 0.0016856052
norm(r_4) 0
Newton iteration  0 : ||r|| = 0.00168561
   Pass :  1   Iteration :   0  ||B r|| = 57.3332 ...
   Pass :  1   Iteration :  17  ||B r|| = 4.81695e-05
norm(r_0) 0
norm(r_1) 0
norm(r_2) 0
norm(r_3) 6.961698e-06
norm(r_4) 0
Newton iteration  1 : ||r|| = 6.9617e-06, ||r||/||r_0|| = 0.00413009
Setting time step: 0.038631784 in DGTransportTDO
Setting time step: 0.038631784 in CombinedOp
Setting time step: 0.038631784 in IonStaticPressureOp
norm(r_0) 0
norm(r_1) 0
norm(r_2) 0
norm(r_3) 0.001338438
norm(r_4) 0
Newton iteration  0 : ||r|| = 0.00133844
   Pass :  1   Iteration :   0  ||B r|| = 29.2214 ...
   Pass :  1   Iteration :  18  ||B r|| = 2.11581e-05
norm(r_0) 0
norm(r_1) 0
norm(r_2) 0
norm(r_3) 6.2828969e-06
norm(r_4) 0
Newton iteration  1 : ||r|| = 6.2829e-06, ||r||/||r_0|| = 0.0046942
Setting time step: 0.038631784 in DGTransportTDO
Setting time step: 0.038631784 in CombinedOp
Setting time step: 0.038631784 in IonStaticPressureOp
norm(r_0) 0
norm(r_1) 0
norm(r_2) 0
norm(r_3) 0.00043662828
norm(r_4) 0
Newton iteration  0 : ||r|| = 0.000436628
   Pass :  1   Iteration :   0  ||B r|| = 9.52418 ...
   Pass :  1   Iteration :  18  ||B r|| = 6.89691e-06
norm(r_0) 0
norm(r_1) 0
norm(r_2) 0
norm(r_3) 2.047978e-06
norm(r_4) 0
Newton iteration  1 : ||r|| = 2.04798e-06, ||r||/||r_0|| = 0.00469044
Setting time step: 0.038631784 in DGTransportTDO
Setting time step: 0.038631784 in CombinedOp
Setting time step: 0.038631784 in IonStaticPressureOp
norm(r_0) 0
norm(r_1) 0
norm(r_2) 0
norm(r_3) 0.00074859855
norm(r_4) 0
Newton iteration  0 : ||r|| = 0.000748599
   Pass :  1   Iteration :   0  ||B r|| = 16.3409 ...
   Pass :  1   Iteration :  18  ||B r|| = 1.18325e-05
norm(r_0) 0
norm(r_1) 0
norm(r_2) 0
norm(r_3) 3.5136046e-06
norm(r_4) 0
Newton iteration  1 : ||r|| = 3.5136e-06, ||r||/||r_0|| = 0.00469358
Setting time step: 0.038631784 in DGTransportTDO
Setting time step: 0.038631784 in CombinedOp
Setting time step: 0.038631784 in IonStaticPressureOp
norm(r_0) 0
norm(r_1) 0
norm(r_2) 0
norm(r_3) 0.0008480747
norm(r_4) 0
Newton iteration  0 : ||r|| = 0.000848075
   Pass :  1   Iteration :   0  ||B r|| = 18.5141 ...
   Pass :  1   Iteration :  18  ||B r|| = 1.34059e-05
norm(r_0) 0
norm(r_1) 0
norm(r_2) 0
norm(r_3) 3.98084e-06
norm(r_4) 0
Newton iteration  1 : ||r|| = 3.98084e-06, ||r||/||r_0|| = 0.00469397
Setting time step: 0.038631784 in DGTransportTDO
Setting time step: 0.038631784 in CombinedOp
Setting time step: 0.038631784 in IonStaticPressureOp
norm(r_0) 0
norm(r_1) 0
norm(r_2) 0
norm(r_3) 0.00027585251
norm(r_4) 0
Newton iteration  0 : ||r|| = 0.000275853
   Pass :  1   Iteration :   0  ||B r|| = 5.98228 ...
   Pass :  1   Iteration :  18  ||B r|| = 4.33028e-06
norm(r_0) 0
norm(r_1) 0
norm(r_2) 0
norm(r_3) 1.2859726e-06
norm(r_4) 0
Newton iteration  1 : ||r|| = 1.28597e-06, ||r||/||r_0|| = 0.00466181
Setting time step: 0.04250542 in DGTransportTDO
Setting time step: 0.04250542 in CombinedOp
Setting time step: 0.04250542 in IonStaticPressureOp
norm(r_0) 0
norm(r_1) 0
norm(r_2) 0
norm(r_3) 0.00018166465
norm(r_4) 0
Newton iteration  0 : ||r|| = 0.000181665
   Pass :  1   Iteration :   0  ||B r|| = 3.68728 ...
   Pass :  1   Iteration :  18  ||B r|| = 2.84302e-06
norm(r_0) 0
norm(r_1) 0
norm(r_2) 0
norm(r_3) 9.2983626e-07
norm(r_4) 0
Newton iteration  1 : ||r|| = 9.29836e-07, ||r||/||r_0|| = 0.00511842
Setting time step: 0.04250542 in DGTransportTDO
Setting time step: 0.04250542 in CombinedOp
Setting time step: 0.04250542 in IonStaticPressureOp
norm(r_0) 0
norm(r_1) 0
norm(r_2) 0
norm(r_3) 5.1338279e-05
norm(r_4) 0
Newton iteration  0 : ||r|| = 5.13383e-05
   Pass :  1   Iteration :   0  ||B r|| = 1.04198 ...
   Pass :  1   Iteration :  18  ||B r|| = 8.03468e-07
norm(r_0) 0
norm(r_1) 0
norm(r_2) 0
norm(r_3) 2.6278094e-07
norm(r_4) 0
Newton iteration  1 : ||r|| = 2.62781e-07, ||r||/||r_0|| = 0.00511862
Setting time step: 0.04250542 in DGTransportTDO
Setting time step: 0.04250542 in CombinedOp
Setting time step: 0.04250542 in IonStaticPressureOp
norm(r_0) 0
norm(r_1) 0
norm(r_2) 0
norm(r_3) 9.5989162e-05
norm(r_4) 0
Newton iteration  0 : ||r|| = 9.59892e-05
   Pass :  1   Iteration :   0  ||B r|| = 1.94828 ...
   Pass :  1   Iteration :  18  ||B r|| = 1.50224e-06
norm(r_0) 0
norm(r_1) 0
norm(r_2) 0
norm(r_3) 4.9132209e-07
norm(r_4) 0
Newton iteration  1 : ||r|| = 4.91322e-07, ||r||/||r_0|| = 0.00511852
Setting time step: 0.04250542 in DGTransportTDO
Setting time step: 0.04250542 in CombinedOp
Setting time step: 0.04250542 in IonStaticPressureOp
norm(r_0) 0
norm(r_1) 0
norm(r_2) 0
norm(r_3) 0.00011047259
norm(r_4) 0
Newton iteration  0 : ||r|| = 0.000110473
   Pass :  1   Iteration :   0  ||B r|| = 2.24226 ...
   Pass :  1   Iteration :  18  ||B r|| = 1.7289e-06
norm(r_0) 0
norm(r_1) 0
norm(r_2) 0
norm(r_3) 5.6545282e-07
norm(r_4) 0
Newton iteration  1 : ||r|| = 5.65453e-07, ||r||/||r_0|| = 0.00511849
Setting time step: 0.04250542 in DGTransportTDO
Setting time step: 0.04250542 in CombinedOp
Setting time step: 0.04250542 in IonStaticPressureOp
norm(r_0) 0
norm(r_1) 0
norm(r_2) 0
norm(r_3) 3.2117443e-05
norm(r_4) 0
Newton iteration  0 : ||r|| = 3.21174e-05
   Pass :  1   Iteration :   0  ||B r|| = 0.651915 ...
   Pass :  1   Iteration :  17  ||B r|| = 9.29265e-07
norm(r_0) 0
norm(r_1) 0
norm(r_2) 0
norm(r_3) 2.9598166e-07
norm(r_4) 0
Newton iteration  1 : ||r|| = 2.95982e-07, ||r||/||r_0|| = 0.0092156
Setting time step: 0.085010839 in DGTransportTDO
Setting time step: 0.085010839 in CombinedOp
Setting time step: 0.085010839 in IonStaticPressureOp
norm(r_0) 0
norm(r_1) 0
norm(r_2) 0
norm(r_3) 2.0597731e-05
norm(r_4) 0
Newton iteration  0 : ||r|| = 2.05977e-05
   Pass :  1   Iteration :   0  ||B r|| = 0.239144 ...
   Pass :  1   Iteration :  16  ||B r|| = 8.47507e-07
norm(r_0) 0
norm(r_1) 0
norm(r_2) 0
norm(r_3) 4.5939292e-07
norm(r_4) 0
Newton iteration  1 : ||r|| = 4.59393e-07, ||r||/||r_0|| = 0.0223031
Setting time step: 0.085010839 in DGTransportTDO
Setting time step: 0.085010839 in CombinedOp
Setting time step: 0.085010839 in IonStaticPressureOp
norm(r_0) 0
norm(r_1) 0
norm(r_2) 0
norm(r_3) 1.6292846e-06
norm(r_4) 0
Newton iteration  0 : ||r|| = 1.62928e-06
   Pass :  1   Iteration :   0  ||B r|| = 0.0133971 ...
   Pass :  1   Iteration :  11  ||B r|| = 8.24747e-07
norm(r_0) 0
norm(r_1) 0
norm(r_2) 0
norm(r_3) 5.2944094e-07
norm(r_4) 0
Newton iteration  1 : ||r|| = 5.29441e-07, ||r||/||r_0|| = 0.324953
Setting time step: 0.085010839 in DGTransportTDO
Setting time step: 0.085010839 in CombinedOp
Setting time step: 0.085010839 in IonStaticPressureOp
norm(r_0) 0
norm(r_1) 0
norm(r_2) 0
norm(r_3) 5.7789186e-06
norm(r_4) 0
Newton iteration  0 : ||r|| = 5.77892e-06
   Pass :  1   Iteration :   0  ||B r|| = 0.0662844 ...
   Pass :  1   Iteration :  14  ||B r|| = 6.94572e-07
norm(r_0) 0
norm(r_1) 0
norm(r_2) 0
norm(r_3) 4.4664821e-07
norm(r_4) 0
Newton iteration  1 : ||r|| = 4.46648e-07, ||r||/||r_0|| = 0.0772892
Setting time step: 0.085010839 in DGTransportTDO
Setting time step: 0.085010839 in CombinedOp
Setting time step: 0.085010839 in IonStaticPressureOp
norm(r_0) 0
norm(r_1) 0
norm(r_2) 0
norm(r_3) 8.3030306e-06
norm(r_4) 0
Newton iteration  0 : ||r|| = 8.30303e-06
   Pass :  1   Iteration :   0  ||B r|| = 0.0960754 ...
   Pass :  1   Iteration :  15  ||B r|| = 5.77947e-07
norm(r_0) 0
norm(r_1) 0
norm(r_2) 0
norm(r_3) 3.4467579e-07
norm(r_4) 0
Newton iteration  1 : ||r|| = 3.44676e-07, ||r||/||r_0|| = 0.041512
Setting time step: 0.085010839 in DGTransportTDO
Setting time step: 0.085010839 in CombinedOp
Setting time step: 0.085010839 in IonStaticPressureOp
norm(r_0) 0
norm(r_1) 0
norm(r_2) 0
norm(r_3) 2.1823006e-05
norm(r_4) 0
Newton iteration  0 : ||r|| = 2.1823e-05
   Pass :  1   Iteration :   0  ||B r|| = 0.0277227 ...
   Pass :  1   Iteration :  12  ||B r|| = 9.61526e-07
norm(r_0) 0
norm(r_1) 0
norm(r_2) 0
norm(r_3) 5.5661175e-07
norm(r_4) 0
Newton iteration  1 : ||r|| = 5.56612e-07, ||r||/||r_0|| = 0.0255057
Time stepping paused at t = 0.8934349
Setting time step: 0.17002168 in DGTransportTDO
Setting time step: 0.17002168 in CombinedOp
Setting time step: 0.17002168 in IonStaticPressureOp
norm(r_0) 0
norm(r_1) 0
norm(r_2) 0
norm(r_3) 1.2577682e-06
norm(r_4) 0
Newton iteration  0 : ||r|| = 1.25777e-06
   Pass :  1   Iteration :   0  ||B r|| = 0.00704973 ...
   Pass :  1   Iteration :  11  ||B r|| = 5.89246e-07
norm(r_0) 0
norm(r_1) 0
norm(r_2) 0
norm(r_3) 7.6704923e-07
norm(r_4) 0
Newton iteration  1 : ||r|| = 7.67049e-07, ||r||/||r_0|| = 0.609849
Setting time step: 0.17002168 in DGTransportTDO
Setting time step: 0.17002168 in CombinedOp
Setting time step: 0.17002168 in IonStaticPressureOp
norm(r_0) 0
norm(r_1) 0
norm(r_2) 0
norm(r_3) 1.9498693e-06
norm(r_4) 0
Newton iteration  0 : ||r|| = 1.94987e-06
   Pass :  1   Iteration :   0  ||B r|| = 0.00269448 ...
   Pass :  1   Iteration :   9  ||B r|| = 8.28726e-07
norm(r_0) 0
norm(r_1) 0
norm(r_2) 0
norm(r_3) 8.1384077e-07
norm(r_4) 0
Newton iteration  1 : ||r|| = 8.13841e-07, ||r||/||r_0|| = 0.417382
Setting time step: 0.17002168 in DGTransportTDO
Setting time step: 0.17002168 in CombinedOp
Setting time step: 0.17002168 in IonStaticPressureOp
norm(r_0) 0
norm(r_1) 0
norm(r_2) 0
norm(r_3) 1.5368816e-06
norm(r_4) 0
Newton iteration  0 : ||r|| = 1.53688e-06
   Pass :  1   Iteration :   0  ||B r|| = 0.000125751 ...
   Pass :  1   Iteration :   5  ||B r|| = 5.81637e-07
norm(r_0) 0
norm(r_1) 0
norm(r_2) 0
norm(r_3) 6.1912147e-07
norm(r_4) 0
Newton iteration  1 : ||r|| = 6.19121e-07, ||r||/||r_0|| = 0.402843
Setting time step: 0.17002168 in DGTransportTDO
Setting time step: 0.17002168 in CombinedOp
Setting time step: 0.17002168 in IonStaticPressureOp
norm(r_0) 0
norm(r_1) 0
norm(r_2) 0
norm(r_3) 1.1285201e-06
norm(r_4) 0
Newton iteration  0 : ||r|| = 1.12852e-06
   Pass :  1   Iteration :   0  ||B r|| = 0.00134869 ...
   Pass :  1   Iteration :   8  ||B r|| = 7.36656e-07
norm(r_0) 0
norm(r_1) 0
norm(r_2) 0
norm(r_3) 7.8213411e-07
norm(r_4) 0
Newton iteration  1 : ||r|| = 7.82134e-07, ||r||/||r_0|| = 0.693062
Setting time step: 0.17002168 in DGTransportTDO
Setting time step: 0.17002168 in CombinedOp
Setting time step: 0.17002168 in IonStaticPressureOp
norm(r_0) 0
norm(r_1) 0
norm(r_2) 0
norm(r_3) 2.6542739e-05
norm(r_4) 0
Newton iteration  0 : ||r|| = 2.65427e-05
   Pass :  1   Iteration :   0  ||B r|| = 0.00284126 ...
   Pass :  1   Iteration :   9  ||B r|| = 9.11947e-07
norm(r_0) 0
norm(r_1) 0
norm(r_2) 0
norm(r_3) 1.0199213e-06
norm(r_4) 0
Newton iteration  1 : ||r|| = 1.01992e-06, ||r||/||r_0|| = 0.0384256
Setting time step: 0.34004336 in DGTransportTDO
Setting time step: 0.34004336 in CombinedOp
Setting time step: 0.34004336 in IonStaticPressureOp
norm(r_0) 0
norm(r_1) 0
norm(r_2) 0
norm(r_3) 1.0296311e-06
norm(r_4) 0
Newton iteration  0 : ||r|| = 1.02963e-06
   Pass :  1   Iteration :   0  ||B r|| = 0.000450278 ...
   Pass :  1   Iteration :   7  ||B r|| = 6.29942e-07
norm(r_0) 0
norm(r_1) 0
norm(r_2) 0
norm(r_3) 1.2473388e-06
norm(r_4) 0
Newton iteration  1 : ||r|| = 1.24734e-06, ||r||/||r_0|| = 1.21144
Setting time step: 0.34004336 in DGTransportTDO
Setting time step: 0.34004336 in CombinedOp
Setting time step: 0.34004336 in IonStaticPressureOp
norm(r_0) 0
norm(r_1) 0
norm(r_2) 0
norm(r_3) 2.5176253e-06
norm(r_4) 0
Newton iteration  0 : ||r|| = 2.51763e-06
   Pass :  1   Iteration :   0  ||B r|| = 0.000286098 ...
   Pass :  1   Iteration :   6  ||B r|| = 7.42755e-07
norm(r_0) 0
norm(r_1) 0
norm(r_2) 0
norm(r_3) 1.0734377e-06
norm(r_4) 0
Newton iteration  1 : ||r|| = 1.07344e-06, ||r||/||r_0|| = 0.426369
Setting time step: 0.34004336 in DGTransportTDO
Setting time step: 0.34004336 in CombinedOp
Setting time step: 0.34004336 in IonStaticPressureOp
norm(r_0) 0
norm(r_1) 0
norm(r_2) 0
norm(r_3) 2.0312886e-06
norm(r_4) 0
Newton iteration  0 : ||r|| = 2.03129e-06
   Pass :  1   Iteration :   0  ||B r|| = 8.79854e-05 ...
   Pass :  1   Iteration :   4  ||B r|| = 8.87818e-07
norm(r_0) 0
norm(r_1) 0
norm(r_2) 0
norm(r_3) 7.1121147e-07
norm(r_4) 0
Newton iteration  1 : ||r|| = 7.11211e-07, ||r||/||r_0|| = 0.350128
Setting time step: 0.34004336 in DGTransportTDO
Setting time step: 0.34004336 in CombinedOp
Setting time step: 0.34004336 in IonStaticPressureOp
norm(r_0) 0
norm(r_1) 0
norm(r_2) 0
norm(r_3) 1.5960704e-06
norm(r_4) 0
Newton iteration  0 : ||r|| = 1.59607e-06
   Pass :  1   Iteration :   0  ||B r|| = 9.28543e-06 ...
   Pass :  1   Iteration :   2  ||B r|| = 9.08557e-07
norm(r_0) 0
norm(r_1) 0
norm(r_2) 0
norm(r_3) 2.1108537e-06
norm(r_4) 0
Newton iteration  1 : ||r|| = 2.11085e-06, ||r||/||r_0|| = 1.32253
Setting time step: 0.34004336 in DGTransportTDO
Setting time step: 0.34004336 in CombinedOp
Setting time step: 0.34004336 in IonStaticPressureOp
norm(r_0) 0
norm(r_1) 0
norm(r_2) 0
norm(r_3) 5.6388676e-05
norm(r_4) 0
Newton iteration  0 : ||r|| = 5.63887e-05
   Pass :  1   Iteration :   0  ||B r|| = 0.000439378 ...
   Pass :  1   Iteration :   8  ||B r|| = 4.88607e-07
norm(r_0) 0
norm(r_1) 0
norm(r_2) 0
norm(r_3) 1.5593031e-06
norm(r_4) 0
Newton iteration  1 : ||r|| = 1.5593e-06, ||r||/||r_0|| = 0.0276528
Setting time step: 0.68008671 in DGTransportTDO
Setting time step: 0.68008671 in CombinedOp
Setting time step: 0.68008671 in IonStaticPressureOp
norm(r_0) 0
norm(r_1) 0
norm(r_2) 0
norm(r_3) 1.5595162e-06
norm(r_4) 0
Newton iteration  0 : ||r|| = 1.55952e-06
   Pass :  1   Iteration :   0  ||B r|| = 3.49972e-05 ...
   Pass :  1   Iteration :   3  ||B r|| = 7.33315e-07
norm(r_0) 0
norm(r_1) 0
norm(r_2) 0
norm(r_3) 3.8985906e-06
norm(r_4) 0
Newton iteration  1 : ||r|| = 3.89859e-06, ||r||/||r_0|| = 2.49987
Setting time step: 0.68008671 in DGTransportTDO
Setting time step: 0.68008671 in CombinedOp
Setting time step: 0.68008671 in IonStaticPressureOp
norm(r_0) 0
norm(r_1) 0
norm(r_2) 0
norm(r_3) 9.110689e-06
norm(r_4) 0
Newton iteration  0 : ||r|| = 9.11069e-06
   Pass :  1   Iteration :   0  ||B r|| = 2.86718e-05 ...
   Pass :  1   Iteration :   2  ||B r|| = 9.00717e-07
norm(r_0) 0
norm(r_1) 0
norm(r_2) 0
norm(r_3) 1.1505814e-06
norm(r_4) 0
Newton iteration  1 : ||r|| = 1.15058e-06, ||r||/||r_0|| = 0.126289
Setting time step: 0.68008671 in DGTransportTDO
Setting time step: 0.68008671 in CombinedOp
Setting time step: 0.68008671 in IonStaticPressureOp
norm(r_0) 0
norm(r_1) 0
norm(r_2) 0
norm(r_3) 7.1715735e-06
norm(r_4) 0
Newton iteration  0 : ||r|| = 7.17157e-06
   Pass :  1   Iteration :   0  ||B r|| = 1.25554e-05 ...
   Pass :  1   Iteration :   1  ||B r|| = 9.84166e-07
norm(r_0) 0
norm(r_1) 0
norm(r_2) 0
norm(r_3) 5.2906939e-06
norm(r_4) 0
Newton iteration  1 : ||r|| = 5.29069e-06, ||r||/||r_0|| = 0.737731
Setting time step: 0.68008671 in DGTransportTDO
Setting time step: 0.68008671 in CombinedOp
Setting time step: 0.68008671 in IonStaticPressureOp
norm(r_0) 0
norm(r_1) 0
norm(r_2) 0
norm(r_3) 4.7783707e-06
norm(r_4) 0
Newton iteration  0 : ||r|| = 4.77837e-06
   Pass :  1   Iteration :   0  ||B r|| = 3.86987e-06 ...
   Pass :  1   Iteration :   1  ||B r|| = 8.52207e-07
norm(r_0) 0
norm(r_1) 0
norm(r_2) 0
norm(r_3) 1.2377928e-06
norm(r_4) 0
Newton iteration  1 : ||r|| = 1.23779e-06, ||r||/||r_0|| = 0.259041
Setting time step: 0.68008671 in DGTransportTDO
Setting time step: 0.68008671 in CombinedOp
Setting time step: 0.68008671 in IonStaticPressureOp
norm(r_0) 0
norm(r_1) 0
norm(r_2) 0
norm(r_3) 0.00016497619
norm(r_4) 0
Newton iteration  0 : ||r|| = 0.000164976
   Pass :  1   Iteration :   0  ||B r|| = 7.199e-05 ...
   Pass :  1   Iteration :   5  ||B r|| = 5.72144e-07
norm(r_0) 0
norm(r_1) 0
norm(r_2) 0
norm(r_3) 1.8735029e-06
norm(r_4) 0
Newton iteration  1 : ||r|| = 1.8735e-06, ||r||/||r_0|| = 0.0113562
Setting time step: 1.3601734 in DGTransportTDO
Setting time step: 1.3601734 in CombinedOp
Setting time step: 1.3601734 in IonStaticPressureOp
norm(r_0) 0
norm(r_1) 0
norm(r_2) 0
norm(r_3) 1.8735459e-06
norm(r_4) 0
Newton iteration  0 : ||r|| = 1.87355e-06
   Pass :  1   Iteration :   0  ||B r|| = 3.67151e-06 ...
   Pass :  1   Iteration :   2  ||B r|| = 4.86248e-07
norm(r_0) 0
norm(r_1) 0
norm(r_2) 0
norm(r_3) 4.199268e-06
norm(r_4) 0
Newton iteration  1 : ||r|| = 4.19927e-06, ||r||/||r_0|| = 2.24135
Setting time step: 1.3601734 in DGTransportTDO
Setting time step: 1.3601734 in CombinedOp
Setting time step: 1.3601734 in IonStaticPressureOp
norm(r_0) 0
norm(r_1) 0
norm(r_2) 0
norm(r_3) 6.6774332e-06
norm(r_4) 0
Newton iteration  0 : ||r|| = 6.67743e-06
   Pass :  1   Iteration :   0  ||B r|| = 3.4356e-06 ...
   Pass :  1   Iteration :   1  ||B r|| = 4.01778e-07
norm(r_0) 0
norm(r_1) 0
norm(r_2) 0
norm(r_3) 7.1160103e-07
norm(r_4) 0
Newton iteration  1 : ||r|| = 7.11601e-07, ||r||/||r_0|| = 0.106568
Setting time step: 1.3601734 in DGTransportTDO
Setting time step: 1.3601734 in CombinedOp
Setting time step: 1.3601734 in IonStaticPressureOp
norm(r_0) 0
norm(r_1) 0
norm(r_2) 0
norm(r_3) 6.2516007e-06
norm(r_4) 0
Newton iteration  0 : ||r|| = 6.2516e-06
   Pass :  1   Iteration :   0  ||B r|| = 1.76569e-06 ...
   Pass :  1   Iteration :   1  ||B r|| = 4.57419e-07
norm(r_0) 0
norm(r_1) 0
norm(r_2) 0
norm(r_3) 1.9549011e-06
norm(r_4) 0
Newton iteration  1 : ||r|| = 1.9549e-06, ||r||/||r_0|| = 0.312704
Setting time step: 1.3601734 in DGTransportTDO
Setting time step: 1.3601734 in CombinedOp
Setting time step: 1.3601734 in IonStaticPressureOp
norm(r_0) 0
norm(r_1) 0
norm(r_2) 0
norm(r_3) 5.4143882e-06
norm(r_4) 0
Newton iteration  0 : ||r|| = 5.41439e-06
   Pass :  1   Iteration :   0  ||B r|| = 8.68217e-07
norm(r_0) 0
norm(r_1) 0
norm(r_2) 0
norm(r_3) 5.4143882e-06
norm(r_4) 0
Newton iteration  1 : ||r|| = 5.41439e-06, ||r||/||r_0|| = 1
Setting time step: 1.3601734 in DGTransportTDO
Setting time step: 1.3601734 in CombinedOp
Setting time step: 1.3601734 in IonStaticPressureOp
norm(r_0) 0
norm(r_1) 0
norm(r_2) 0
norm(r_3) 9.2846374e-05
norm(r_4) 0
Newton iteration  0 : ||r|| = 9.28464e-05
   Pass :  1   Iteration :   0  ||B r|| = 2.82129e-05 ...
   Pass :  1   Iteration :   2  ||B r|| = 6.32299e-07
norm(r_0) 0
norm(r_1) 0
norm(r_2) 0
norm(r_3) 6.9920405e-06
norm(r_4) 0
Newton iteration  1 : ||r|| = 6.99204e-06, ||r||/||r_0|| = 0.0753076
Time stepping paused at t = 11.094736
Steady State solution has been reached

Time stepping done after 48.97687s.
