Options used:
   --mesh ../../mfem/data/inline-quad.mesh
   --bc-file ../../mfem/miniapps/plasma/transport2d_bcs.inp
   --ic-file ../../mfem/miniapps/plasma/transport2d_ics.inp
   --ec-file /home/gz6/mfem-analysis/input-files/transport2d_ecs.inp
   --es-file ../../mfem/miniapps/plasma/transport2d_ess.inp
   --eqdsk-file 
   --logging 1
   --operator-test 8
   --equation-weights '1 1 1 1 1'
   --problem 0
   --refine-serial 5
   --refine-parallel 0
   --enable-amr
   --max-err -1
   --hysteresis 0.25
   --nc-limit 3
   --amr-weights '1 1 1 1 1'
   --order 2
   --dg-sigma -1
   --dg-kappa 9
   --linear-abs-tolerance 1e-06
   --linear-rel-tolerance 1e-06
   --linear-max-iterations 500
   --linear-logging-level 3
   --newton-abs-tolerance 1e-10
   --newton-rel-tolerance 1e-10
   --newton-max-iterations 1
   --newton-logging-level 1
   --steady-state-abs-tolerance 1e-08
   --steady-state-rel-tolerance 1e-08
   --prec-type 1
   --prec-logging-level 0
   --initial-tolerance 1e-05
   --ode-tolerance 0.001
   --ode-solver 2
   --err-per-step
   --ode-weights '1 1 1 1 1'
   --kP 0
   --kI 0.6
   --kD 0
   --theta-max 2
   --t-minimum 0
   --t-final 100
   --time-step 0.01
   --cfl-number 0.3
   --ion-charge 1
   --ion-mass 2.0141018
   --neutral-mass 2.0141018
   --neutral-temp 3
   --min-neutral-density 9e+14
   --max-neutral-density 1e+15
   --neutral-density-exp 0
   --min-ion-density 1e+16
   --max-ion-density 1e+18
   --ion-density-exp 0
   --min-ion-temp 1
   --max-ion-temp 10
   --ion-temp-exp 0
   --min-electron-temp 10
   --max-electron-temp 440
   --electron-temp-exp 0
   --total-B-magnitude 5
   --poloidal-B-magnitude 0.5
   --velocity 1000
   --Di-perp 1
   --Xi-perp 1
   --Xe-perp 1
   --equation-term-flags '-1 -1 -1 -1 -1'
   --visualization-flags '-1 -1 -1 -1 -1'
   --visualization
   --visit-datafiles
   --ascii-datafiles
   --visualization-steps 4
Device configuration: cpu
Memory configuration: host-std
Number of elements in initial mesh: 16
5: Number of elements in parallel mesh: 1024
5: Number of elements after parallel refinement: 1024
Number of elements after serial refinement: 16384
12: Number of elements in parallel mesh: 1024
12: Number of elements after parallel refinement: 1024
9: Number of elements in parallel mesh: 1024
9: Number of elements after parallel refinement: 1024
6: Number of elements in parallel mesh: 1024
6: Number of elements after parallel refinement: 1024
1: Number of elements in parallel mesh: 1024
1: Number of elements after parallel refinement: 1024
0: Number of elements in parallel mesh: 1024
0: Number of elements after parallel refinement: 1024
11: Number of elements in parallel mesh: 1024
11: Number of elements after parallel refinement: 1024
10: Number of elements in parallel mesh: 1024
10: Number of elements after parallel refinement: 1024
3: Number of elements in parallel mesh: 1024
3: Number of elements after parallel refinement: 1024
7: Number of elements in parallel mesh: 1024
7: Number of elements after parallel refinement: 1024
8: Number of elements in parallel mesh: 1024
8: Number of elements after parallel refinement: 1024
13: Number of elements in parallel mesh: 1024
13: Number of elements after parallel refinement: 1024
2: Number of elements in parallel mesh: 1024
2: Number of elements after parallel refinement: 1024
4: Number of elements in parallel mesh: 1024
4: Number of elements after parallel refinement: 1024
14: Number of elements in parallel mesh: 1024
14: Number of elements after parallel refinement: 1024
15: Number of elements in parallel mesh: 1024
15: Number of elements after parallel refinement: 1024
Configuring initial conditions
Reading initial conditions from ../../mfem/miniapps/plasma/transport2d_ics.inp
Configuring exact solutions
Reading exact solutions from ../../mfem/miniapps/plasma/transport2d_ess.inp

AMR iteration 0
Number of unknowns: 147456
Reached the maximum number of dofs. Stop.
Number of unknowns per field: 147456
Total number of unknowns:     737280
Configuring boundary conditions
Reading boundary conditions from ../../mfem/miniapps/plasma/transport2d_bcs.inp
Configuring equation coefficients
Reading equation coefficients from /home/gz6/mfem-analysis/input-files/transport2d_ecs.inp
|mn| = 3.3444946e-27
|ni| = 1
|ne| = 1

|Dn|     = -nan
|Di|     = -nan
|Eta|    = -nan
|nXi|    = -nan
|nXe|    = -nan

|Eta/mn| = -nan
|nXi/ni| = -nan
|nXe/ne| = -nan
Ion Static Pressure: Adding time derivative term proportional to d n_i / dt
Ion Static Pressure: Adding time derivative term proportional to d T_i / dt
Ion Static Pressure: Adding anisotropic diffusion term
Ion Static Pressure: Adding source term
Opening GLVis sockets.
Range of error estimates for initial condition: -nan < elem err < -nan

Begin time stepping at t = 0
Setting time step: 0.0025 in DGTransportTDO
Setting time step: 0.0025 in CombinedOp
Setting time step: 0.0025 in IonStaticPressureOp
norm(r_0) 0
norm(r_1) 0
norm(r_2) 0
norm(r_3) 0.027129989
norm(r_4) 0
Newton iteration  0 : ||r|| = 0.02713
   Pass :  1   Iteration :   0  ||B r|| = 1741.5 ...
   Pass :  1   Iteration :  30  ||B r|| = 0.0014935
norm(r_0) 0
norm(r_1) 0
norm(r_2) 0
norm(r_3) 0.00011214319
norm(r_4) 0
Newton iteration  1 : ||r|| = 0.000112143, ||r||/||r_0|| = 0.00413355
Setting time step: 0.0025 in DGTransportTDO
Setting time step: 0.0025 in CombinedOp
Setting time step: 0.0025 in IonStaticPressureOp
norm(r_0) 0
norm(r_1) 0
norm(r_2) 0
norm(r_3) 0.02540278
norm(r_4) 0
Newton iteration  0 : ||r|| = 0.0254028
   Pass :  1   Iteration :   0  ||B r|| = 1630.57 ...
   Pass :  1   Iteration :  30  ||B r|| = 0.00143412
norm(r_0) 0
norm(r_1) 0
norm(r_2) 0
norm(r_3) 0.00010699987
norm(r_4) 0
Newton iteration  1 : ||r|| = 0.000107, ||r||/||r_0|| = 0.00421213
Setting time step: 0.0025 in DGTransportTDO
Setting time step: 0.0025 in CombinedOp
Setting time step: 0.0025 in IonStaticPressureOp
norm(r_0) 0
norm(r_1) 0
norm(r_2) 0
norm(r_3) 0.02608483
norm(r_4) 0
Newton iteration  0 : ||r|| = 0.0260848
   Pass :  1   Iteration :   0  ||B r|| = 1674.38 ...
   Pass :  1   Iteration :  30  ||B r|| = 0.00146376
norm(r_0) 0
norm(r_1) 0
norm(r_2) 0
norm(r_3) 0.00010940029
norm(r_4) 0
Newton iteration  1 : ||r|| = 0.0001094, ||r||/||r_0|| = 0.00419402
Setting time step: 0.0025 in DGTransportTDO
Setting time step: 0.0025 in CombinedOp
Setting time step: 0.0025 in IonStaticPressureOp
norm(r_0) 0
norm(r_1) 0
norm(r_2) 0
norm(r_3) 0.026258846
norm(r_4) 0
Newton iteration  0 : ||r|| = 0.0262588
   Pass :  1   Iteration :   0  ||B r|| = 1685.56 ...
   Pass :  1   Iteration :  30  ||B r|| = 0.00146839
norm(r_0) 0
norm(r_1) 0
norm(r_2) 0
norm(r_3) 0.00010985176
norm(r_4) 0
Newton iteration  1 : ||r|| = 0.000109852, ||r||/||r_0|| = 0.00418342
Setting time step: 0.0025 in DGTransportTDO
Setting time step: 0.0025 in CombinedOp
Setting time step: 0.0025 in IonStaticPressureOp
norm(r_0) 0
norm(r_1) 0
norm(r_2) 0
norm(r_3) 0.024567701
norm(r_4) 0
Newton iteration  0 : ||r|| = 0.0245677
   Pass :  1   Iteration :   0  ||B r|| = 1577 ...
   Pass :  1   Iteration :  30  ||B r|| = 0.00132558
norm(r_0) 0
norm(r_1) 0
norm(r_2) 0
norm(r_3) 9.9968643e-05
norm(r_4) 0
Newton iteration  1 : ||r|| = 9.99686e-05, ||r||/||r_0|| = 0.00406911
Setting time step: 0.005 in DGTransportTDO
Setting time step: 0.005 in CombinedOp
Setting time step: 0.005 in IonStaticPressureOp
norm(r_0) 0
norm(r_1) 0
norm(r_2) 0
norm(r_3) 0.023784983
norm(r_4) 0
Newton iteration  0 : ||r|| = 0.023785
   Pass :  1   Iteration :   0  ||B r|| = 1317.95 ...
   Pass :  1   Iteration :  31  ||B r|| = 0.00122819
norm(r_0) 0
norm(r_1) 0
norm(r_2) 0
norm(r_3) 0.0001902143
norm(r_4) 0
Newton iteration  1 : ||r|| = 0.000190214, ||r||/||r_0|| = 0.00799724
Setting time step: 0.005 in DGTransportTDO
Setting time step: 0.005 in CombinedOp
Setting time step: 0.005 in IonStaticPressureOp
norm(r_0) 0
norm(r_1) 0
norm(r_2) 0
norm(r_3) 0.020850683
norm(r_4) 0
Newton iteration  0 : ||r|| = 0.0208507
   Pass :  1   Iteration :   0  ||B r|| = 1155.22 ...
   Pass :  1   Iteration :  31  ||B r|| = 0.00108908
norm(r_0) 0
norm(r_1) 0
norm(r_2) 0
norm(r_3) 0.00016837675
norm(r_4) 0
Newton iteration  1 : ||r|| = 0.000168377, ||r||/||r_0|| = 0.00807536
Setting time step: 0.005 in DGTransportTDO
Setting time step: 0.005 in CombinedOp
Setting time step: 0.005 in IonStaticPressureOp
norm(r_0) 0
norm(r_1) 0
norm(r_2) 0
norm(r_3) 0.021995225
norm(r_4) 0
Newton iteration  0 : ||r|| = 0.0219952
   Pass :  1   Iteration :   0  ||B r|| = 1218.7 ...
   Pass :  1   Iteration :  31  ||B r|| = 0.00114543
norm(r_0) 0
norm(r_1) 0
norm(r_2) 0
norm(r_3) 0.0001771743
norm(r_4) 0
Newton iteration  1 : ||r|| = 0.000177174, ||r||/||r_0|| = 0.00805513
Setting time step: 0.005 in DGTransportTDO
Setting time step: 0.005 in CombinedOp
Setting time step: 0.005 in IonStaticPressureOp
norm(r_0) 0
norm(r_1) 0
norm(r_2) 0
norm(r_3) 0.022293079
norm(r_4) 0
Newton iteration  0 : ||r|| = 0.0222931
   Pass :  1   Iteration :   0  ||B r|| = 1235.23 ...
   Pass :  1   Iteration :  31  ||B r|| = 0.00115905
norm(r_0) 0
norm(r_1) 0
norm(r_2) 0
norm(r_3) 0.00017932736
norm(r_4) 0
Newton iteration  1 : ||r|| = 0.000179327, ||r||/||r_0|| = 0.00804408
Setting time step: 0.005 in DGTransportTDO
Setting time step: 0.005 in CombinedOp
Setting time step: 0.005 in IonStaticPressureOp
norm(r_0) 0
norm(r_1) 0
norm(r_2) 0
norm(r_3) 0.019486035
norm(r_4) 0
Newton iteration  0 : ||r|| = 0.019486
   Pass :  1   Iteration :   0  ||B r|| = 1079.62 ...
   Pass :  1   Iteration :  31  ||B r|| = 0.000995979
norm(r_0) 0
norm(r_1) 0
norm(r_2) 0
norm(r_3) 0.00015447719
norm(r_4) 0
Newton iteration  1 : ||r|| = 0.000154477, ||r||/||r_0|| = 0.00792758
Setting time step: 0.01 in DGTransportTDO
Setting time step: 0.01 in CombinedOp
Setting time step: 0.01 in IonStaticPressureOp
norm(r_0) 0
norm(r_1) 0
norm(r_2) 0
norm(r_3) 0.018281454
norm(r_4) 0
Newton iteration  0 : ||r|| = 0.0182815
   Pass :  1   Iteration :   0  ||B r|| = 793.916 ...
   Pass :  1   Iteration :  33  ||B r|| = 0.000668589
norm(r_0) 0
norm(r_1) 0
norm(r_2) 0
norm(r_3) 0.00018581453
norm(r_4) 0
Newton iteration  1 : ||r|| = 0.000185815, ||r||/||r_0|| = 0.0101641
Setting time step: 0.01 in DGTransportTDO
Setting time step: 0.01 in CombinedOp
Setting time step: 0.01 in IonStaticPressureOp
norm(r_0) 0
norm(r_1) 0
norm(r_2) 0
norm(r_3) 0.014031542
norm(r_4) 0
Newton iteration  0 : ||r|| = 0.0140315
   Pass :  1   Iteration :   0  ||B r|| = 609.265 ...
   Pass :  1   Iteration :  33  ||B r|| = 0.000515722
norm(r_0) 0
norm(r_1) 0
norm(r_2) 0
norm(r_3) 0.00014296986
norm(r_4) 0
Newton iteration  1 : ||r|| = 0.00014297, ||r||/||r_0|| = 0.0101892
Setting time step: 0.01 in DGTransportTDO
Setting time step: 0.01 in CombinedOp
Setting time step: 0.01 in IonStaticPressureOp
norm(r_0) 0
norm(r_1) 0
norm(r_2) 0
norm(r_3) 0.01565242
norm(r_4) 0
Newton iteration  0 : ||r|| = 0.0156524
   Pass :  1   Iteration :   0  ||B r|| = 679.69 ...
   Pass :  1   Iteration :  33  ||B r|| = 0.000574464
norm(r_0) 0
norm(r_1) 0
norm(r_2) 0
norm(r_3) 0.00015937628
norm(r_4) 0
Newton iteration  1 : ||r|| = 0.000159376, ||r||/||r_0|| = 0.0101822
Setting time step: 0.01 in DGTransportTDO
Setting time step: 0.01 in CombinedOp
Setting time step: 0.01 in IonStaticPressureOp
norm(r_0) 0
norm(r_1) 0
norm(r_2) 0
norm(r_3) 0.016090477
norm(r_4) 0
Newton iteration  0 : ||r|| = 0.0160905
   Pass :  1   Iteration :   0  ||B r|| = 698.729 ...
   Pass :  1   Iteration :  33  ||B r|| = 0.000590112
norm(r_0) 0
norm(r_1) 0
norm(r_2) 0
norm(r_3) 0.00016377878
norm(r_4) 0
Newton iteration  1 : ||r|| = 0.000163779, ||r||/||r_0|| = 0.0101786
Setting time step: 0.01 in DGTransportTDO
Setting time step: 0.01 in CombinedOp
Setting time step: 0.01 in IonStaticPressureOp
norm(r_0) 0
norm(r_1) 0
norm(r_2) 0
norm(r_3) 0.012222047
norm(r_4) 0
Newton iteration  0 : ||r|| = 0.012222
   Pass :  1   Iteration :   0  ||B r|| = 530.735 ...
   Pass :  1   Iteration :  33  ||B r|| = 0.000444325
norm(r_0) 0
norm(r_1) 0
norm(r_2) 0
norm(r_3) 0.00012381559
norm(r_4) 0
Newton iteration  1 : ||r|| = 0.000123816, ||r||/||r_0|| = 0.0101305
Setting time step: 0.02 in DGTransportTDO
Setting time step: 0.02 in CombinedOp
Setting time step: 0.02 in IonStaticPressureOp
norm(r_0) 0
norm(r_1) 0
norm(r_2) 0
norm(r_3) 0.010800383
norm(r_4) 0
Newton iteration  0 : ||r|| = 0.0108004
   Pass :  1   Iteration :   0  ||B r|| = 330.388 ...
   Pass :  1   Iteration :  35  ||B r|| = 0.000259574
norm(r_0) 0
norm(r_1) 0
norm(r_2) 0
norm(r_3) 0.00014822444
norm(r_4) 0
Newton iteration  1 : ||r|| = 0.000148224, ||r||/||r_0|| = 0.013724
Setting time step: 0.02 in DGTransportTDO
Setting time step: 0.02 in CombinedOp
Setting time step: 0.02 in IonStaticPressureOp
norm(r_0) 0
norm(r_1) 0
norm(r_2) 0
norm(r_3) 0.0063027252
norm(r_4) 0
Newton iteration  0 : ||r|| = 0.00630273
   Pass :  1   Iteration :   0  ||B r|| = 192.714 ...
   Pass :  1   Iteration :  35  ||B r|| = 0.00015185
norm(r_0) 0
norm(r_1) 0
norm(r_2) 0
norm(r_3) 8.6504286e-05
norm(r_4) 0
Newton iteration  1 : ||r|| = 8.65043e-05, ||r||/||r_0|| = 0.0137249
Setting time step: 0.02 in DGTransportTDO
Setting time step: 0.02 in CombinedOp
Setting time step: 0.02 in IonStaticPressureOp
norm(r_0) 0
norm(r_1) 0
norm(r_2) 0
norm(r_3) 0.0079516719
norm(r_4) 0
Newton iteration  0 : ||r|| = 0.00795167
   Pass :  1   Iteration :   0  ||B r|| = 243.194 ...
   Pass :  1   Iteration :  35  ||B r|| = 0.000191424
norm(r_0) 0
norm(r_1) 0
norm(r_2) 0
norm(r_3) 0.00010914509
norm(r_4) 0
Newton iteration  1 : ||r|| = 0.000109145, ||r||/||r_0|| = 0.0137261
Setting time step: 0.02 in DGTransportTDO
Setting time step: 0.02 in CombinedOp
Setting time step: 0.02 in IonStaticPressureOp
norm(r_0) 0
norm(r_1) 0
norm(r_2) 0
norm(r_3) 0.0084278142
norm(r_4) 0
Newton iteration  0 : ||r|| = 0.00842781
   Pass :  1   Iteration :   0  ||B r|| = 257.775 ...
   Pass :  1   Iteration :  35  ||B r|| = 0.000202813
norm(r_0) 0
norm(r_1) 0
norm(r_2) 0
norm(r_3) 0.00011568027
norm(r_4) 0
Newton iteration  1 : ||r|| = 0.00011568, ||r||/||r_0|| = 0.013726
Setting time step: 0.02 in DGTransportTDO
Setting time step: 0.02 in CombinedOp
Setting time step: 0.02 in IonStaticPressureOp
norm(r_0) 0
norm(r_1) 0
norm(r_2) 0
norm(r_3) 0.004769903
norm(r_4) 0
Newton iteration  0 : ||r|| = 0.0047699
   Pass :  1   Iteration :   0  ||B r|| = 145.813 ...
   Pass :  1   Iteration :  35  ||B r|| = 0.000113975
norm(r_0) 0
norm(r_1) 0
norm(r_2) 0
norm(r_3) 6.5326906e-05
norm(r_4) 0
Newton iteration  1 : ||r|| = 6.53269e-05, ||r||/||r_0|| = 0.0136956
Time stepping paused at t = 0.15
Setting time step: 0.019708249 in DGTransportTDO
Setting time step: 0.019708249 in CombinedOp
Setting time step: 0.019708249 in IonStaticPressureOp
norm(r_0) 0
norm(r_1) 0
norm(r_2) 0
norm(r_3) 0.0037738436
norm(r_4) 0
Newton iteration  0 : ||r|| = 0.00377384
   Pass :  1   Iteration :   0  ||B r|| = 116.451 ...
   Pass :  1   Iteration :  35  ||B r|| = 9.08225e-05
norm(r_0) 0
norm(r_1) 0
norm(r_2) 0
norm(r_3) 5.1067691e-05
norm(r_4) 0
Newton iteration  1 : ||r|| = 5.10677e-05, ||r||/||r_0|| = 0.013532
Setting time step: 0.019708249 in DGTransportTDO
Setting time step: 0.019708249 in CombinedOp
Setting time step: 0.019708249 in IonStaticPressureOp
norm(r_0) 0
norm(r_1) 0
norm(r_2) 0
norm(r_3) 0.0022194506
norm(r_4) 0
Newton iteration  0 : ||r|| = 0.00221945
   Pass :  1   Iteration :   0  ||B r|| = 68.4871 ...
   Pass :  1   Iteration :  35  ||B r|| = 5.33959e-05
norm(r_0) 0
norm(r_1) 0
norm(r_2) 0
norm(r_3) 3.0027259e-05
norm(r_4) 0
Newton iteration  1 : ||r|| = 3.00273e-05, ||r||/||r_0|| = 0.0135291
Setting time step: 0.019708249 in DGTransportTDO
Setting time step: 0.019708249 in CombinedOp
Setting time step: 0.019708249 in IonStaticPressureOp
norm(r_0) 0
norm(r_1) 0
norm(r_2) 0
norm(r_3) 0.0027899857
norm(r_4) 0
Newton iteration  0 : ||r|| = 0.00278999
   Pass :  1   Iteration :   0  ||B r|| = 86.0921 ...
   Pass :  1   Iteration :  35  ||B r|| = 6.71304e-05
norm(r_0) 0
norm(r_1) 0
norm(r_2) 0
norm(r_3) 3.7749064e-05
norm(r_4) 0
Newton iteration  1 : ||r|| = 3.77491e-05, ||r||/||r_0|| = 0.0135302
Setting time step: 0.019708249 in DGTransportTDO
Setting time step: 0.019708249 in CombinedOp
Setting time step: 0.019708249 in IonStaticPressureOp
norm(r_0) 0
norm(r_1) 0
norm(r_2) 0
norm(r_3) 0.0029544981
norm(r_4) 0
Newton iteration  0 : ||r|| = 0.0029545
   Pass :  1   Iteration :   0  ||B r|| = 91.1684 ...
   Pass :  1   Iteration :  35  ||B r|| = 7.10923e-05
norm(r_0) 0
norm(r_1) 0
norm(r_2) 0
norm(r_3) 3.9976218e-05
norm(r_4) 0
Newton iteration  1 : ||r|| = 3.99762e-05, ||r||/||r_0|| = 0.0135306
Setting time step: 0.019708249 in DGTransportTDO
Setting time step: 0.019708249 in CombinedOp
Setting time step: 0.019708249 in IonStaticPressureOp
norm(r_0) 0
norm(r_1) 0
norm(r_2) 0
norm(r_3) 0.001686076
norm(r_4) 0
Newton iteration  0 : ||r|| = 0.00168608
   Pass :  1   Iteration :   0  ||B r|| = 52.0267 ...
   Pass :  1   Iteration :  35  ||B r|| = 4.05991e-05
norm(r_0) 0
norm(r_1) 0
norm(r_2) 0
norm(r_3) 2.2823666e-05
norm(r_4) 0
Newton iteration  1 : ||r|| = 2.28237e-05, ||r||/||r_0|| = 0.0135366
Setting time step: 0.038635028 in DGTransportTDO
Setting time step: 0.038635028 in CombinedOp
Setting time step: 0.038635028 in IonStaticPressureOp
norm(r_0) 0
norm(r_1) 0
norm(r_2) 0
norm(r_3) 0.0013388146
norm(r_4) 0
Newton iteration  0 : ||r|| = 0.00133881
   Pass :  1   Iteration :   0  ||B r|| = 26.55 ...
   Pass :  1   Iteration :  36  ||B r|| = 2.2622e-05
norm(r_0) 0
norm(r_1) 0
norm(r_2) 0
norm(r_3) 2.3914058e-05
norm(r_4) 0
Newton iteration  1 : ||r|| = 2.39141e-05, ||r||/||r_0|| = 0.0178621
Setting time step: 0.038635028 in DGTransportTDO
Setting time step: 0.038635028 in CombinedOp
Setting time step: 0.038635028 in IonStaticPressureOp
norm(r_0) 0
norm(r_1) 0
norm(r_2) 0
norm(r_3) 0.00043830263
norm(r_4) 0
Newton iteration  0 : ||r|| = 0.000438303
   Pass :  1   Iteration :   0  ||B r|| = 8.65248 ...
   Pass :  1   Iteration :  36  ||B r|| = 7.41289e-06
norm(r_0) 0
norm(r_1) 0
norm(r_2) 0
norm(r_3) 7.7996019e-06
norm(r_4) 0
Newton iteration  1 : ||r|| = 7.7996e-06, ||r||/||r_0|| = 0.017795
Setting time step: 0.038635028 in DGTransportTDO
Setting time step: 0.038635028 in CombinedOp
Setting time step: 0.038635028 in IonStaticPressureOp
norm(r_0) 0
norm(r_1) 0
norm(r_2) 0
norm(r_3) 0.00074933696
norm(r_4) 0
Newton iteration  0 : ||r|| = 0.000749337
   Pass :  1   Iteration :   0  ||B r|| = 14.8463 ...
   Pass :  1   Iteration :  36  ||B r|| = 1.26837e-05
norm(r_0) 0
norm(r_1) 0
norm(r_2) 0
norm(r_3) 1.3378422e-05
norm(r_4) 0
Newton iteration  1 : ||r|| = 1.33784e-05, ||r||/||r_0|| = 0.0178537
Setting time step: 0.038635028 in DGTransportTDO
Setting time step: 0.038635028 in CombinedOp
Setting time step: 0.038635028 in IonStaticPressureOp
norm(r_0) 0
norm(r_1) 0
norm(r_2) 0
norm(r_3) 0.00084858143
norm(r_4) 0
Newton iteration  0 : ||r|| = 0.000848581
   Pass :  1   Iteration :   0  ||B r|| = 16.821 ...
   Pass :  1   Iteration :  36  ||B r|| = 1.43598e-05
norm(r_0) 0
norm(r_1) 0
norm(r_2) 0
norm(r_3) 1.5156074e-05
norm(r_4) 0
Newton iteration  1 : ||r|| = 1.51561e-05, ||r||/||r_0|| = 0.0178605
Setting time step: 0.038635028 in DGTransportTDO
Setting time step: 0.038635028 in CombinedOp
Setting time step: 0.038635028 in IonStaticPressureOp
norm(r_0) 0
norm(r_1) 0
norm(r_2) 0
norm(r_3) 0.00028305541
norm(r_4) 0
Newton iteration  0 : ||r|| = 0.000283055
   Pass :  1   Iteration :   0  ||B r|| = 5.43473 ...
   Pass :  1   Iteration :  36  ||B r|| = 4.55229e-06
norm(r_0) 0
norm(r_1) 0
norm(r_2) 0
norm(r_3) 4.8691617e-06
norm(r_4) 0
Newton iteration  1 : ||r|| = 4.86916e-06, ||r||/||r_0|| = 0.0172022
Setting time step: 0.042498143 in DGTransportTDO
Setting time step: 0.042498143 in CombinedOp
Setting time step: 0.042498143 in IonStaticPressureOp
norm(r_0) 0
norm(r_1) 0
norm(r_2) 0
norm(r_3) 0.00018171773
norm(r_4) 0
Newton iteration  0 : ||r|| = 0.000181718
   Pass :  1   Iteration :   0  ||B r|| = 3.35266 ...
   Pass :  1   Iteration :  36  ||B r|| = 2.99897e-06
norm(r_0) 0
norm(r_1) 0
norm(r_2) 0
norm(r_3) 3.4800688e-06
norm(r_4) 0
Newton iteration  1 : ||r|| = 3.48007e-06, ||r||/||r_0|| = 0.019151
Setting time step: 0.042498143 in DGTransportTDO
Setting time step: 0.042498143 in CombinedOp
Setting time step: 0.042498143 in IonStaticPressureOp
norm(r_0) 0
norm(r_1) 0
norm(r_2) 0
norm(r_3) 5.1389805e-05
norm(r_4) 0
Newton iteration  0 : ||r|| = 5.13898e-05
   Pass :  1   Iteration :   0  ||B r|| = 0.947679 ...
   Pass :  1   Iteration :  36  ||B r|| = 8.48853e-07
norm(r_0) 0
norm(r_1) 0
norm(r_2) 0
norm(r_3) 9.8382208e-07
norm(r_4) 0
Newton iteration  1 : ||r|| = 9.83822e-07, ||r||/||r_0|| = 0.0191443
Setting time step: 0.042498143 in DGTransportTDO
Setting time step: 0.042498143 in CombinedOp
Setting time step: 0.042498143 in IonStaticPressureOp
norm(r_0) 0
norm(r_1) 0
norm(r_2) 0
norm(r_3) 9.6043293e-05
norm(r_4) 0
Newton iteration  0 : ||r|| = 9.60433e-05
   Pass :  1   Iteration :   0  ||B r|| = 1.77166 ...
   Pass :  1   Iteration :  36  ||B r|| = 1.5857e-06
norm(r_0) 0
norm(r_1) 0
norm(r_2) 0
norm(r_3) 1.8391014e-06
norm(r_4) 0
Newton iteration  1 : ||r|| = 1.8391e-06, ||r||/||r_0|| = 0.0191487
Setting time step: 0.042498143 in DGTransportTDO
Setting time step: 0.042498143 in CombinedOp
Setting time step: 0.042498143 in IonStaticPressureOp
norm(r_0) 0
norm(r_1) 0
norm(r_2) 0
norm(r_3) 0.00011052564
norm(r_4) 0
Newton iteration  0 : ||r|| = 0.000110526
   Pass :  1   Iteration :   0  ||B r|| = 2.03893 ...
   Pass :  1   Iteration :  36  ||B r|| = 1.82459e-06
norm(r_0) 0
norm(r_1) 0
norm(r_2) 0
norm(r_3) 2.1165064e-06
norm(r_4) 0
Newton iteration  1 : ||r|| = 2.11651e-06, ||r||/||r_0|| = 0.0191495
Setting time step: 0.042498143 in DGTransportTDO
Setting time step: 0.042498143 in CombinedOp
Setting time step: 0.042498143 in IonStaticPressureOp
norm(r_0) 0
norm(r_1) 0
norm(r_2) 0
norm(r_3) 3.2129139e-05
norm(r_4) 0
Newton iteration  0 : ||r|| = 3.21291e-05
   Pass :  1   Iteration :   0  ||B r|| = 0.592918 ...
   Pass :  1   Iteration :  34  ||B r|| = 8.85736e-07
norm(r_0) 0
norm(r_1) 0
norm(r_2) 0
norm(r_3) 1.0113702e-06
norm(r_4) 0
Newton iteration  1 : ||r|| = 1.01137e-06, ||r||/||r_0|| = 0.0314783
Setting time step: 0.084996285 in DGTransportTDO
Setting time step: 0.084996285 in CombinedOp
Setting time step: 0.084996285 in IonStaticPressureOp
norm(r_0) 0
norm(r_1) 0
norm(r_2) 0
norm(r_3) 2.0628059e-05
norm(r_4) 0
Newton iteration  0 : ||r|| = 2.06281e-05
   Pass :  1   Iteration :   0  ||B r|| = 0.215371 ...
   Pass :  1   Iteration :  31  ||B r|| = 8.74133e-07
norm(r_0) 0
norm(r_1) 0
norm(r_2) 0
norm(r_3) 1.9639825e-06
norm(r_4) 0
Newton iteration  1 : ||r|| = 1.96398e-06, ||r||/||r_0|| = 0.0952093
Setting time step: 0.084996285 in DGTransportTDO
Setting time step: 0.084996285 in CombinedOp
Setting time step: 0.084996285 in IonStaticPressureOp
norm(r_0) 0
norm(r_1) 0
norm(r_2) 0
norm(r_3) 3.691306e-06
norm(r_4) 0
Newton iteration  0 : ||r|| = 3.69131e-06
   Pass :  1   Iteration :   0  ||B r|| = 0.0120508 ...
   Pass :  1   Iteration :  18  ||B r|| = 8.55724e-07
norm(r_0) 0
norm(r_1) 0
norm(r_2) 0
norm(r_3) 1.2779368e-06
norm(r_4) 0
Newton iteration  1 : ||r|| = 1.27794e-06, ||r||/||r_0|| = 0.346202
Setting time step: 0.084996285 in DGTransportTDO
Setting time step: 0.084996285 in CombinedOp
Setting time step: 0.084996285 in IonStaticPressureOp
norm(r_0) 0
norm(r_1) 0
norm(r_2) 0
norm(r_3) 6.4724502e-06
norm(r_4) 0
Newton iteration  0 : ||r|| = 6.47245e-06
   Pass :  1   Iteration :   0  ||B r|| = 0.0597054 ...
   Pass :  1   Iteration :  25  ||B r|| = 9.02666e-07
norm(r_0) 0
norm(r_1) 0
norm(r_2) 0
norm(r_3) 1.720299e-06
norm(r_4) 0
Newton iteration  1 : ||r|| = 1.7203e-06, ||r||/||r_0|| = 0.265788
Setting time step: 0.084996285 in DGTransportTDO
Setting time step: 0.084996285 in CombinedOp
Setting time step: 0.084996285 in IonStaticPressureOp
norm(r_0) 0
norm(r_1) 0
norm(r_2) 0
norm(r_3) 8.666184e-06
norm(r_4) 0
Newton iteration  0 : ||r|| = 8.66618e-06
   Pass :  1   Iteration :   0  ||B r|| = 0.0865328 ...
   Pass :  1   Iteration :  27  ||B r|| = 8.74368e-07
norm(r_0) 0
norm(r_1) 0
norm(r_2) 0
norm(r_3) 1.7494717e-06
norm(r_4) 0
Newton iteration  1 : ||r|| = 1.74947e-06, ||r||/||r_0|| = 0.201873
Setting time step: 0.084996285 in DGTransportTDO
Setting time step: 0.084996285 in CombinedOp
Setting time step: 0.084996285 in IonStaticPressureOp
norm(r_0) 0
norm(r_1) 0
norm(r_2) 0
norm(r_3) 3.0246512e-05
norm(r_4) 0
Newton iteration  0 : ||r|| = 3.02465e-05
   Pass :  1   Iteration :   0  ||B r|| = 0.0249732 ...
   Pass :  1   Iteration :  22  ||B r|| = 9.98391e-07
norm(r_0) 0
norm(r_1) 0
norm(r_2) 0
norm(r_3) 1.6090199e-06
norm(r_4) 0
Newton iteration  1 : ||r|| = 1.60902e-06, ||r||/||r_0|| = 0.0531969
Time stepping paused at t = 0.89335082
Setting time step: 0.16999257 in DGTransportTDO
Setting time step: 0.16999257 in CombinedOp
Setting time step: 0.16999257 in IonStaticPressureOp
norm(r_0) 0
norm(r_1) 0
norm(r_2) 0
norm(r_3) 1.9662705e-06
norm(r_4) 0
Newton iteration  0 : ||r|| = 1.96627e-06
   Pass :  1   Iteration :   0  ||B r|| = 0.00641515 ...
   Pass :  1   Iteration :  17  ||B r|| = 9.01266e-07
norm(r_0) 0
norm(r_1) 0
norm(r_2) 0
norm(r_3) 2.8459862e-06
norm(r_4) 0
Newton iteration  1 : ||r|| = 2.84599e-06, ||r||/||r_0|| = 1.4474
Setting time step: 0.16999257 in DGTransportTDO
Setting time step: 0.16999257 in CombinedOp
Setting time step: 0.16999257 in IonStaticPressureOp
norm(r_0) 0
norm(r_1) 0
norm(r_2) 0
norm(r_3) 5.557415e-06
norm(r_4) 0
Newton iteration  0 : ||r|| = 5.55741e-06
   Pass :  1   Iteration :   0  ||B r|| = 0.0024518 ...
   Pass :  1   Iteration :  14  ||B r|| = 8.34611e-07
norm(r_0) 0
norm(r_1) 0
norm(r_2) 0
norm(r_3) 1.8980955e-06
norm(r_4) 0
Newton iteration  1 : ||r|| = 1.8981e-06, ||r||/||r_0|| = 0.341543
Setting time step: 0.16999257 in DGTransportTDO
Setting time step: 0.16999257 in CombinedOp
Setting time step: 0.16999257 in IonStaticPressureOp
norm(r_0) 0
norm(r_1) 0
norm(r_2) 0
norm(r_3) 4.4874063e-06
norm(r_4) 0
Newton iteration  0 : ||r|| = 4.48741e-06
   Pass :  1   Iteration :   0  ||B r|| = 0.000114191 ...
   Pass :  1   Iteration :   7  ||B r|| = 8.82905e-07
norm(r_0) 0
norm(r_1) 0
norm(r_2) 0
norm(r_3) 2.3367914e-06
norm(r_4) 0
Newton iteration  1 : ||r|| = 2.33679e-06, ||r||/||r_0|| = 0.520744
Setting time step: 0.16999257 in DGTransportTDO
Setting time step: 0.16999257 in CombinedOp
Setting time step: 0.16999257 in IonStaticPressureOp
norm(r_0) 0
norm(r_1) 0
norm(r_2) 0
norm(r_3) 3.3775344e-06
norm(r_4) 0
Newton iteration  0 : ||r|| = 3.37753e-06
   Pass :  1   Iteration :   0  ||B r|| = 0.00122711 ...
   Pass :  1   Iteration :  12  ||B r|| = 9.0016e-07
norm(r_0) 0
norm(r_1) 0
norm(r_2) 0
norm(r_3) 2.2809256e-06
norm(r_4) 0
Newton iteration  1 : ||r|| = 2.28093e-06, ||r||/||r_0|| = 0.675323
Setting time step: 0.16999257 in DGTransportTDO
Setting time step: 0.16999257 in CombinedOp
Setting time step: 0.16999257 in IonStaticPressureOp
norm(r_0) 0
norm(r_1) 0
norm(r_2) 0
norm(r_3) 9.1768685e-05
norm(r_4) 0
Newton iteration  0 : ||r|| = 9.17687e-05
   Pass :  1   Iteration :   0  ||B r|| = 0.0026038 ...
   Pass :  1   Iteration :  15  ||B r|| = 8.48487e-07
norm(r_0) 0
norm(r_1) 0
norm(r_2) 0
norm(r_3) 2.5762685e-06
norm(r_4) 0
Newton iteration  1 : ||r|| = 2.57627e-06, ||r||/||r_0|| = 0.0280735
Setting time step: 0.33998514 in DGTransportTDO
Setting time step: 0.33998514 in CombinedOp
Setting time step: 0.33998514 in IonStaticPressureOp
norm(r_0) 0
norm(r_1) 0
norm(r_2) 0
norm(r_3) 2.5800108e-06
norm(r_4) 0
Newton iteration  0 : ||r|| = 2.58001e-06
   Pass :  1   Iteration :   0  ||B r|| = 0.000406453 ...
   Pass :  1   Iteration :   9  ||B r|| = 9.85711e-07
norm(r_0) 0
norm(r_1) 0
norm(r_2) 0
norm(r_3) 3.254193e-06
norm(r_4) 0
Newton iteration  1 : ||r|| = 3.25419e-06, ||r||/||r_0|| = 1.26131
Setting time step: 0.33998514 in DGTransportTDO
Setting time step: 0.33998514 in CombinedOp
Setting time step: 0.33998514 in IonStaticPressureOp
norm(r_0) 0
norm(r_1) 0
norm(r_2) 0
norm(r_3) 6.6415981e-06
norm(r_4) 0
Newton iteration  0 : ||r|| = 6.6416e-06
   Pass :  1   Iteration :   0  ||B r|| = 0.000256457 ...
   Pass :  1   Iteration :   8  ||B r|| = 7.54019e-07
norm(r_0) 0
norm(r_1) 0
norm(r_2) 0
norm(r_3) 2.9624811e-06
norm(r_4) 0
Newton iteration  1 : ||r|| = 2.96248e-06, ||r||/||r_0|| = 0.446049
Setting time step: 0.33998514 in DGTransportTDO
Setting time step: 0.33998514 in CombinedOp
Setting time step: 0.33998514 in IonStaticPressureOp
norm(r_0) 0
norm(r_1) 0
norm(r_2) 0
norm(r_3) 5.3435082e-06
norm(r_4) 0
Newton iteration  0 : ||r|| = 5.34351e-06
   Pass :  1   Iteration :   0  ||B r|| = 7.78371e-05 ...
   Pass :  1   Iteration :   5  ||B r|| = 6.07552e-07
norm(r_0) 0
norm(r_1) 0
norm(r_2) 0
norm(r_3) 3.2923037e-06
norm(r_4) 0
Newton iteration  1 : ||r|| = 3.2923e-06, ||r||/||r_0|| = 0.616131
Setting time step: 0.33998514 in DGTransportTDO
Setting time step: 0.33998514 in CombinedOp
Setting time step: 0.33998514 in IonStaticPressureOp
norm(r_0) 0
norm(r_1) 0
norm(r_2) 0
norm(r_3) 3.8977197e-06
norm(r_4) 0
Newton iteration  0 : ||r|| = 3.89772e-06
   Pass :  1   Iteration :   0  ||B r|| = 9.72302e-06 ...
   Pass :  1   Iteration :   3  ||B r|| = 9.90292e-07
norm(r_0) 0
norm(r_1) 0
norm(r_2) 0
norm(r_3) 1.4900001e-06
norm(r_4) 0
Newton iteration  1 : ||r|| = 1.49e-06, ||r||/||r_0|| = 0.382275
Setting time step: 0.33998514 in DGTransportTDO
Setting time step: 0.33998514 in CombinedOp
Setting time step: 0.33998514 in IonStaticPressureOp
norm(r_0) 0
norm(r_1) 0
norm(r_2) 0
norm(r_3) 0.00012490357
norm(r_4) 0
Newton iteration  0 : ||r|| = 0.000124904
   Pass :  1   Iteration :   0  ||B r|| = 0.000405982 ...
   Pass :  1   Iteration :  12  ||B r|| = 7.93541e-07
norm(r_0) 0
norm(r_1) 0
norm(r_2) 0
norm(r_3) 5.5633366e-06
norm(r_4) 0
Newton iteration  1 : ||r|| = 5.56334e-06, ||r||/||r_0|| = 0.0445411
Setting time step: 0.67997028 in DGTransportTDO
Setting time step: 0.67997028 in CombinedOp
Setting time step: 0.67997028 in IonStaticPressureOp
norm(r_0) 0
norm(r_1) 0
norm(r_2) 0
norm(r_3) 5.5634275e-06
norm(r_4) 0
Newton iteration  0 : ||r|| = 5.56343e-06
   Pass :  1   Iteration :   0  ||B r|| = 2.44804e-05 ...
   Pass :  1   Iteration :   3  ||B r|| = 5.16521e-07
norm(r_0) 0
norm(r_1) 0
norm(r_2) 0
norm(r_3) 1.4093088e-05
norm(r_4) 0
Newton iteration  1 : ||r|| = 1.40931e-05, ||r||/||r_0|| = 2.53317
Setting time step: 0.67997028 in DGTransportTDO
Setting time step: 0.67997028 in CombinedOp
Setting time step: 0.67997028 in IonStaticPressureOp
norm(r_0) 0
norm(r_1) 0
norm(r_2) 0
norm(r_3) 3.3002517e-05
norm(r_4) 0
Newton iteration  0 : ||r|| = 3.30025e-05
   Pass :  1   Iteration :   0  ||B r|| = 2.13458e-05 ...
   Pass :  1   Iteration :   2  ||B r|| = 5.73669e-07
norm(r_0) 0
norm(r_1) 0
norm(r_2) 0
norm(r_3) 9.0426426e-06
norm(r_4) 0
Newton iteration  1 : ||r|| = 9.04264e-06, ||r||/||r_0|| = 0.273999
Setting time step: 0.67997028 in DGTransportTDO
Setting time step: 0.67997028 in CombinedOp
Setting time step: 0.67997028 in IonStaticPressureOp
norm(r_0) 0
norm(r_1) 0
norm(r_2) 0
norm(r_3) 2.4725856e-05
norm(r_4) 0
Newton iteration  0 : ||r|| = 2.47259e-05
   Pass :  1   Iteration :   0  ||B r|| = 9.96938e-06 ...
   Pass :  1   Iteration :   1  ||B r|| = 7.4183e-07
norm(r_0) 0
norm(r_1) 0
norm(r_2) 0
norm(r_3) 1.430905e-05
norm(r_4) 0
Newton iteration  1 : ||r|| = 1.43091e-05, ||r||/||r_0|| = 0.578708
Setting time step: 0.67997028 in DGTransportTDO
Setting time step: 0.67997028 in CombinedOp
Setting time step: 0.67997028 in IonStaticPressureOp
norm(r_0) 0
norm(r_1) 0
norm(r_2) 0
norm(r_3) 1.6370897e-05
norm(r_4) 0
Newton iteration  0 : ||r|| = 1.63709e-05
   Pass :  1   Iteration :   0  ||B r|| = 3.63365e-06 ...
   Pass :  1   Iteration :   1  ||B r|| = 7.13178e-07
norm(r_0) 0
norm(r_1) 0
norm(r_2) 0
norm(r_3) 5.286912e-06
norm(r_4) 0
Newton iteration  1 : ||r|| = 5.28691e-06, ||r||/||r_0|| = 0.322946
Setting time step: 0.67997028 in DGTransportTDO
Setting time step: 0.67997028 in CombinedOp
Setting time step: 0.67997028 in IonStaticPressureOp
norm(r_0) 0
norm(r_1) 0
norm(r_2) 0
norm(r_3) 0.00043874387
norm(r_4) 0
Newton iteration  0 : ||r|| = 0.000438744
   Pass :  1   Iteration :   0  ||B r|| = 5.00438e-05 ...
   Pass :  1   Iteration :   4  ||B r|| = 5.42843e-07
norm(r_0) 0
norm(r_1) 0
norm(r_2) 0
norm(r_3) 1.3224083e-05
norm(r_4) 0
Newton iteration  1 : ||r|| = 1.32241e-05, ||r||/||r_0|| = 0.0301408
Setting time step: 1.3599406 in DGTransportTDO
Setting time step: 1.3599406 in CombinedOp
Setting time step: 1.3599406 in IonStaticPressureOp
norm(r_0) 0
norm(r_1) 0
norm(r_2) 0
norm(r_3) 1.3224107e-05
norm(r_4) 0
Newton iteration  0 : ||r|| = 1.32241e-05
   Pass :  1   Iteration :   0  ||B r|| = 7.70339e-07
norm(r_0) 0
norm(r_1) 0
norm(r_2) 0
norm(r_3) 1.3224107e-05
norm(r_4) 0
Newton iteration  1 : ||r|| = 1.32241e-05, ||r||/||r_0|| = 1
Setting time step: 1.3599406 in DGTransportTDO
Setting time step: 1.3599406 in CombinedOp
Setting time step: 1.3599406 in IonStaticPressureOp
norm(r_0) 0
norm(r_1) 0
norm(r_2) 0
norm(r_3) 1.3224107e-05
norm(r_4) 0
Newton iteration  0 : ||r|| = 1.32241e-05
   Pass :  1   Iteration :   0  ||B r|| = 7.70339e-07
norm(r_0) 0
norm(r_1) 0
norm(r_2) 0
norm(r_3) 1.3224107e-05
norm(r_4) 0
Newton iteration  1 : ||r|| = 1.32241e-05, ||r||/||r_0|| = 1
Setting time step: 1.3599406 in DGTransportTDO
Setting time step: 1.3599406 in CombinedOp
Setting time step: 1.3599406 in IonStaticPressureOp
norm(r_0) 0
norm(r_1) 0
norm(r_2) 0
norm(r_3) 1.3224107e-05
norm(r_4) 0
Newton iteration  0 : ||r|| = 1.32241e-05
   Pass :  1   Iteration :   0  ||B r|| = 7.70339e-07
norm(r_0) 0
norm(r_1) 0
norm(r_2) 0
norm(r_3) 1.3224107e-05
norm(r_4) 0
Newton iteration  1 : ||r|| = 1.32241e-05, ||r||/||r_0|| = 1
Setting time step: 1.3599406 in DGTransportTDO
Setting time step: 1.3599406 in CombinedOp
Setting time step: 1.3599406 in IonStaticPressureOp
norm(r_0) 0
norm(r_1) 0
norm(r_2) 0
norm(r_3) 1.3224107e-05
norm(r_4) 0
Newton iteration  0 : ||r|| = 1.32241e-05
   Pass :  1   Iteration :   0  ||B r|| = 7.70339e-07
norm(r_0) 0
norm(r_1) 0
norm(r_2) 0
norm(r_3) 1.3224107e-05
norm(r_4) 0
Newton iteration  1 : ||r|| = 1.32241e-05, ||r||/||r_0|| = 1
Setting time step: 1.3599406 in DGTransportTDO
Setting time step: 1.3599406 in CombinedOp
Setting time step: 1.3599406 in IonStaticPressureOp
norm(r_0) 0
norm(r_1) 0
norm(r_2) 0
norm(r_3) 1.3224107e-05
norm(r_4) 0
Newton iteration  0 : ||r|| = 1.32241e-05
   Pass :  1   Iteration :   0  ||B r|| = 7.70339e-07
norm(r_0) 0
norm(r_1) 0
norm(r_2) 0
norm(r_3) 1.3224107e-05
norm(r_4) 0
Newton iteration  1 : ||r|| = 1.32241e-05, ||r||/||r_0|| = 1
Time stepping paused at t = 11.092905
Steady State solution has been reached

Time stepping done after 64.463615s.
