Options used:
   --mesh ../../mfem/data/inline-quad.mesh
   --bc-file ../../mfem/miniapps/plasma/transport2d_bcs.inp
   --ic-file ../../mfem/miniapps/plasma/transport2d_ics.inp
   --ec-file /home/gz6/mfem-analysis/input-files/transport2d_ecs.inp
   --es-file ../../mfem/miniapps/plasma/transport2d_ess.inp
   --eqdsk-file 
   --logging 1
   --operator-test 8
   --equation-weights '1 1 1 1 1'
   --problem 0
   --refine-serial 3
   --refine-parallel 0
   --enable-amr
   --max-err -1
   --hysteresis 0.25
   --nc-limit 3
   --amr-weights '1 1 1 1 1'
   --order 4
   --dg-sigma -1
   --dg-kappa 25
   --linear-abs-tolerance 1e-06
   --linear-rel-tolerance 1e-06
   --linear-max-iterations 500
   --linear-logging-level 3
   --newton-abs-tolerance 1e-10
   --newton-rel-tolerance 1e-10
   --newton-max-iterations 1
   --newton-logging-level 1
   --steady-state-abs-tolerance 1e-08
   --steady-state-rel-tolerance 1e-08
   --prec-type 1
   --prec-logging-level 0
   --initial-tolerance 1e-05
   --ode-tolerance 0.001
   --ode-solver 2
   --err-per-step
   --ode-weights '1 1 1 1 1'
   --kP 0
   --kI 0.6
   --kD 0
   --theta-max 2
   --t-minimum 0
   --t-final 100
   --time-step 0.01
   --cfl-number 0.3
   --ion-charge 1
   --ion-mass 2.0141018
   --neutral-mass 2.0141018
   --neutral-temp 3
   --min-neutral-density 9e+14
   --max-neutral-density 1e+15
   --neutral-density-exp 0
   --min-ion-density 1e+16
   --max-ion-density 1e+18
   --ion-density-exp 0
   --min-ion-temp 1
   --max-ion-temp 10
   --ion-temp-exp 0
   --min-electron-temp 10
   --max-electron-temp 440
   --electron-temp-exp 0
   --total-B-magnitude 5
   --poloidal-B-magnitude 0.5
   --velocity 1000
   --Di-perp 1
   --Xi-perp 1
   --Xe-perp 1
   --equation-term-flags '-1 -1 -1 -1 -1'
   --visualization-flags '-1 -1 -1 -1 -1'
   --visualization
   --visit-datafiles
   --ascii-datafiles
   --visualization-steps 4
Device configuration: cpu
Memory configuration: host-std
Number of elements in initial mesh: 16
Number of elements after serial refinement: 1024
0: Number of elements in parallel mesh: 64
0: Number of elements after parallel refinement: 64
4: Number of elements in parallel mesh: 64
4: Number of elements after parallel refinement: 64
3: Number of elements in parallel mesh: 64
3: Number of elements after parallel refinement: 64
5: Number of elements in parallel mesh: 64
5: Number of elements after parallel refinement: 64
1: Number of elements in parallel mesh: 64
1: Number of elements after parallel refinement: 64
2: Number of elements in parallel mesh: 64
2: Number of elements after parallel refinement: 64
6: Number of elements in parallel mesh: 64
6: Number of elements after parallel refinement: 64
7: Number of elements in parallel mesh: 64
7: Number of elements after parallel refinement: 64
8: Number of elements in parallel mesh: 64
8: Number of elements after parallel refinement: 64
9: Number of elements in parallel mesh: 64
9: Number of elements after parallel refinement: 64
10: Number of elements in parallel mesh: 64
10: Number of elements after parallel refinement: 64
11: Number of elements in parallel mesh: 64
11: Number of elements after parallel refinement: 64
12: Number of elements in parallel mesh: 64
12: Number of elements after parallel refinement: 64
13: Number of elements in parallel mesh: 64
13: Number of elements after parallel refinement: 64
14: Number of elements in parallel mesh: 64
14: Number of elements after parallel refinement: 64
15: Number of elements in parallel mesh: 64
15: Number of elements after parallel refinement: 64
Configuring initial conditions
Reading initial conditions from ../../mfem/miniapps/plasma/transport2d_ics.inp
Configuring exact solutions
Reading exact solutions from ../../mfem/miniapps/plasma/transport2d_ess.inp

AMR iteration 0
Number of unknowns: 25600
Stopping criterion satisfied. Stop.
Number of unknowns per field: 25600
Total number of unknowns:     128000
Configuring boundary conditions
Reading boundary conditions from ../../mfem/miniapps/plasma/transport2d_bcs.inp
Configuring equation coefficients
Reading equation coefficients from /home/gz6/mfem-analysis/input-files/transport2d_ecs.inp
|mn| = 3.3444946e-27
|ni| = 1
|ne| = 1

|Dn|     = -nan
|Di|     = -nan
|Eta|    = -nan
|nXi|    = -nan
|nXe|    = -nan

|Eta/mn| = -nan
|nXi/ni| = -nan
|nXe/ne| = -nan
Ion Static Pressure: Adding time derivative term proportional to d n_i / dt
Ion Static Pressure: Adding time derivative term proportional to d T_i / dt
Ion Static Pressure: Adding anisotropic diffusion term
Ion Static Pressure: Adding source term
Opening GLVis sockets.
Range of error estimates for initial condition: -nan < elem err < -nan

Begin time stepping at t = 0
Setting time step: 0.0025 in DGTransportTDO
Setting time step: 0.0025 in CombinedOp
Setting time step: 0.0025 in IonStaticPressureOp
norm(r_0) 0
norm(r_1) 0
norm(r_2) 0
norm(r_3) 0.06893873
norm(r_4) 0
Newton iteration  0 : ||r|| = 0.0689387
   Pass :  1   Iteration :   0  ||B r|| = 701.724 ...
   Pass :  1   Iteration :  40  ||B r|| = 0.000612791
norm(r_0) 0
norm(r_1) 0
norm(r_2) 0
norm(r_3) 8.703909e-05
norm(r_4) 0
Newton iteration  1 : ||r|| = 8.70391e-05, ||r||/||r_0|| = 0.00126256
Setting time step: 0.0025 in DGTransportTDO
Setting time step: 0.0025 in CombinedOp
Setting time step: 0.0025 in IonStaticPressureOp
norm(r_0) 0
norm(r_1) 0
norm(r_2) 0
norm(r_3) 0.064547333
norm(r_4) 0
Newton iteration  0 : ||r|| = 0.0645473
   Pass :  1   Iteration :   0  ||B r|| = 657.024 ...
   Pass :  1   Iteration :  40  ||B r|| = 0.000576133
norm(r_0) 0
norm(r_1) 0
norm(r_2) 0
norm(r_3) 8.1884835e-05
norm(r_4) 0
Newton iteration  1 : ||r|| = 8.18848e-05, ||r||/||r_0|| = 0.0012686
Setting time step: 0.0025 in DGTransportTDO
Setting time step: 0.0025 in CombinedOp
Setting time step: 0.0025 in IonStaticPressureOp
norm(r_0) 0
norm(r_1) 0
norm(r_2) 0
norm(r_3) 0.066281486
norm(r_4) 0
Newton iteration  0 : ||r|| = 0.0662815
   Pass :  1   Iteration :   0  ||B r|| = 674.676 ...
   Pass :  1   Iteration :  40  ||B r|| = 0.000590974
norm(r_0) 0
norm(r_1) 0
norm(r_2) 0
norm(r_3) 8.3978674e-05
norm(r_4) 0
Newton iteration  1 : ||r|| = 8.39787e-05, ||r||/||r_0|| = 0.001267
Setting time step: 0.0025 in DGTransportTDO
Setting time step: 0.0025 in CombinedOp
Setting time step: 0.0025 in IonStaticPressureOp
norm(r_0) 0
norm(r_1) 0
norm(r_2) 0
norm(r_3) 0.066724143
norm(r_4) 0
Newton iteration  0 : ||r|| = 0.0667241
   Pass :  1   Iteration :   0  ||B r|| = 679.182 ...
   Pass :  1   Iteration :  40  ||B r|| = 0.00059458
norm(r_0) 0
norm(r_1) 0
norm(r_2) 0
norm(r_3) 8.4483795e-05
norm(r_4) 0
Newton iteration  1 : ||r|| = 8.44838e-05, ||r||/||r_0|| = 0.00126617
Setting time step: 0.0025 in DGTransportTDO
Setting time step: 0.0025 in CombinedOp
Setting time step: 0.0025 in IonStaticPressureOp
norm(r_0) 0
norm(r_1) 0
norm(r_2) 0
norm(r_3) 0.062426855
norm(r_4) 0
Newton iteration  0 : ||r|| = 0.0624269
   Pass :  1   Iteration :   0  ||B r|| = 635.439 ...
   Pass :  1   Iteration :  40  ||B r|| = 0.000553842
norm(r_0) 0
norm(r_1) 0
norm(r_2) 0
norm(r_3) 7.8661911e-05
norm(r_4) 0
Newton iteration  1 : ||r|| = 7.86619e-05, ||r||/||r_0|| = 0.00126007
Setting time step: 0.005 in DGTransportTDO
Setting time step: 0.005 in CombinedOp
Setting time step: 0.005 in IonStaticPressureOp
norm(r_0) 0
norm(r_1) 0
norm(r_2) 0
norm(r_3) 0.060438323
norm(r_4) 0
Newton iteration  0 : ||r|| = 0.0604383
   Pass :  1   Iteration :   0  ||B r|| = 523.018 ...
   Pass :  1   Iteration :  42  ||B r|| = 0.000520314
norm(r_0) 0
norm(r_1) 0
norm(r_2) 0
norm(r_3) 0.0001304026
norm(r_4) 0
Newton iteration  1 : ||r|| = 0.000130403, ||r||/||r_0|| = 0.00215761
Setting time step: 0.005 in DGTransportTDO
Setting time step: 0.005 in CombinedOp
Setting time step: 0.005 in IonStaticPressureOp
norm(r_0) 0
norm(r_1) 0
norm(r_2) 0
norm(r_3) 0.052975893
norm(r_4) 0
Newton iteration  0 : ||r|| = 0.0529759
   Pass :  1   Iteration :   0  ||B r|| = 458.44 ...
   Pass :  1   Iteration :  42  ||B r|| = 0.000456756
norm(r_0) 0
norm(r_1) 0
norm(r_2) 0
norm(r_3) 0.00011450919
norm(r_4) 0
Newton iteration  1 : ||r|| = 0.000114509, ||r||/||r_0|| = 0.00216153
Setting time step: 0.005 in DGTransportTDO
Setting time step: 0.005 in CombinedOp
Setting time step: 0.005 in IonStaticPressureOp
norm(r_0) 0
norm(r_1) 0
norm(r_2) 0
norm(r_3) 0.055887068
norm(r_4) 0
Newton iteration  0 : ||r|| = 0.0558871
   Pass :  1   Iteration :   0  ||B r|| = 483.633 ...
   Pass :  1   Iteration :  42  ||B r|| = 0.000481661
norm(r_0) 0
norm(r_1) 0
norm(r_2) 0
norm(r_3) 0.00012074136
norm(r_4) 0
Newton iteration  1 : ||r|| = 0.000120741, ||r||/||r_0|| = 0.00216045
Setting time step: 0.005 in DGTransportTDO
Setting time step: 0.005 in CombinedOp
Setting time step: 0.005 in IonStaticPressureOp
norm(r_0) 0
norm(r_1) 0
norm(r_2) 0
norm(r_3) 0.056645179
norm(r_4) 0
Newton iteration  0 : ||r|| = 0.0566452
   Pass :  1   Iteration :   0  ||B r|| = 490.194 ...
   Pass :  1   Iteration :  42  ||B r|| = 0.00048809
norm(r_0) 0
norm(r_1) 0
norm(r_2) 0
norm(r_3) 0.00012234784
norm(r_4) 0
Newton iteration  1 : ||r|| = 0.000122348, ||r||/||r_0|| = 0.0021599
Setting time step: 0.005 in DGTransportTDO
Setting time step: 0.005 in CombinedOp
Setting time step: 0.005 in IonStaticPressureOp
norm(r_0) 0
norm(r_1) 0
norm(r_2) 0
norm(r_3) 0.049509758
norm(r_4) 0
Newton iteration  0 : ||r|| = 0.0495098
   Pass :  1   Iteration :   0  ||B r|| = 428.44 ...
   Pass :  1   Iteration :  42  ||B r|| = 0.000425742
norm(r_0) 0
norm(r_1) 0
norm(r_2) 0
norm(r_3) 0.00010670312
norm(r_4) 0
Newton iteration  1 : ||r|| = 0.000106703, ||r||/||r_0|| = 0.00215519
Setting time step: 0.01 in DGTransportTDO
Setting time step: 0.01 in CombinedOp
Setting time step: 0.01 in IonStaticPressureOp
norm(r_0) 0
norm(r_1) 0
norm(r_2) 0
norm(r_3) 0.046452599
norm(r_4) 0
Newton iteration  0 : ||r|| = 0.0464526
   Pass :  1   Iteration :   0  ||B r|| = 308.236 ...
   Pass :  1   Iteration :  45  ||B r|| = 0.000285521
norm(r_0) 0
norm(r_1) 0
norm(r_2) 0
norm(r_3) 0.00014516733
norm(r_4) 0
Newton iteration  1 : ||r|| = 0.000145167, ||r||/||r_0|| = 0.00312506
Setting time step: 0.01 in DGTransportTDO
Setting time step: 0.01 in CombinedOp
Setting time step: 0.01 in IonStaticPressureOp
norm(r_0) 0
norm(r_1) 0
norm(r_2) 0
norm(r_3) 0.035649064
norm(r_4) 0
Newton iteration  0 : ||r|| = 0.0356491
   Pass :  1   Iteration :   0  ||B r|| = 236.545 ...
   Pass :  1   Iteration :  45  ||B r|| = 0.000219204
norm(r_0) 0
norm(r_1) 0
norm(r_2) 0
norm(r_3) 0.00011145052
norm(r_4) 0
Newton iteration  1 : ||r|| = 0.000111451, ||r||/||r_0|| = 0.00312632
Setting time step: 0.01 in DGTransportTDO
Setting time step: 0.01 in CombinedOp
Setting time step: 0.01 in IonStaticPressureOp
norm(r_0) 0
norm(r_1) 0
norm(r_2) 0
norm(r_3) 0.039769292
norm(r_4) 0
Newton iteration  0 : ||r|| = 0.0397693
   Pass :  1   Iteration :   0  ||B r|| = 263.888 ...
   Pass :  1   Iteration :  45  ||B r|| = 0.000244512
norm(r_0) 0
norm(r_1) 0
norm(r_2) 0
norm(r_3) 0.00012431726
norm(r_4) 0
Newton iteration  1 : ||r|| = 0.000124317, ||r||/||r_0|| = 0.00312596
Setting time step: 0.01 in DGTransportTDO
Setting time step: 0.01 in CombinedOp
Setting time step: 0.01 in IonStaticPressureOp
norm(r_0) 0
norm(r_1) 0
norm(r_2) 0
norm(r_3) 0.040883186
norm(r_4) 0
Newton iteration  0 : ||r|| = 0.0408832
   Pass :  1   Iteration :   0  ||B r|| = 271.28 ...
   Pass :  1   Iteration :  45  ||B r|| = 0.000251346
norm(r_0) 0
norm(r_1) 0
norm(r_2) 0
norm(r_3) 0.0001277919
norm(r_4) 0
Newton iteration  1 : ||r|| = 0.000127792, ||r||/||r_0|| = 0.00312578
Setting time step: 0.01 in DGTransportTDO
Setting time step: 0.01 in CombinedOp
Setting time step: 0.01 in IonStaticPressureOp
norm(r_0) 0
norm(r_1) 0
norm(r_2) 0
norm(r_3) 0.031055258
norm(r_4) 0
Newton iteration  0 : ||r|| = 0.0310553
   Pass :  1   Iteration :   0  ||B r|| = 206.057 ...
   Pass :  1   Iteration :  45  ||B r|| = 0.000190781
norm(r_0) 0
norm(r_1) 0
norm(r_2) 0
norm(r_3) 9.7006042e-05
norm(r_4) 0
Newton iteration  1 : ||r|| = 9.7006e-05, ||r||/||r_0|| = 0.00312366
Setting time step: 0.02 in DGTransportTDO
Setting time step: 0.02 in CombinedOp
Setting time step: 0.02 in IonStaticPressureOp
norm(r_0) 0
norm(r_1) 0
norm(r_2) 0
norm(r_3) 0.027442347
norm(r_4) 0
Newton iteration  0 : ||r|| = 0.0274423
   Pass :  1   Iteration :   0  ||B r|| = 123.445 ...
   Pass :  1   Iteration :  48  ||B r|| = 0.000106869
norm(r_0) 0
norm(r_1) 0
norm(r_2) 0
norm(r_3) 0.0001079377
norm(r_4) 0
Newton iteration  1 : ||r|| = 0.000107938, ||r||/||r_0|| = 0.00393325
Setting time step: 0.02 in DGTransportTDO
Setting time step: 0.02 in CombinedOp
Setting time step: 0.02 in IonStaticPressureOp
norm(r_0) 0
norm(r_1) 0
norm(r_2) 0
norm(r_3) 0.016008536
norm(r_4) 0
Newton iteration  0 : ||r|| = 0.0160085
   Pass :  1   Iteration :   0  ||B r|| = 72.0047 ...
   Pass :  1   Iteration :  48  ||B r|| = 6.23254e-05
norm(r_0) 0
norm(r_1) 0
norm(r_2) 0
norm(r_3) 6.2949996e-05
norm(r_4) 0
Newton iteration  1 : ||r|| = 6.295e-05, ||r||/||r_0|| = 0.00393228
Setting time step: 0.02 in DGTransportTDO
Setting time step: 0.02 in CombinedOp
Setting time step: 0.02 in IonStaticPressureOp
norm(r_0) 0
norm(r_1) 0
norm(r_2) 0
norm(r_3) 0.020200683
norm(r_4) 0
Newton iteration  0 : ||r|| = 0.0202007
   Pass :  1   Iteration :   0  ||B r|| = 90.8659 ...
   Pass :  1   Iteration :  48  ||B r|| = 7.86565e-05
norm(r_0) 0
norm(r_1) 0
norm(r_2) 0
norm(r_3) 7.9443981e-05
norm(r_4) 0
Newton iteration  1 : ||r|| = 7.9444e-05, ||r||/||r_0|| = 0.00393274
Setting time step: 0.02 in DGTransportTDO
Setting time step: 0.02 in CombinedOp
Setting time step: 0.02 in IonStaticPressureOp
norm(r_0) 0
norm(r_1) 0
norm(r_2) 0
norm(r_3) 0.021411542
norm(r_4) 0
Newton iteration  0 : ||r|| = 0.0214115
   Pass :  1   Iteration :   0  ||B r|| = 96.3141 ...
   Pass :  1   Iteration :  48  ||B r|| = 8.33747e-05
norm(r_0) 0
norm(r_1) 0
norm(r_2) 0
norm(r_3) 8.4209176e-05
norm(r_4) 0
Newton iteration  1 : ||r|| = 8.42092e-05, ||r||/||r_0|| = 0.00393289
Setting time step: 0.02 in DGTransportTDO
Setting time step: 0.02 in CombinedOp
Setting time step: 0.02 in IonStaticPressureOp
norm(r_0) 0
norm(r_1) 0
norm(r_2) 0
norm(r_3) 0.012114399
norm(r_4) 0
Newton iteration  0 : ||r|| = 0.0121144
   Pass :  1   Iteration :   0  ||B r|| = 54.4811 ...
   Pass :  1   Iteration :  48  ||B r|| = 4.7173e-05
norm(r_0) 0
norm(r_1) 0
norm(r_2) 0
norm(r_3) 4.7645035e-05
norm(r_4) 0
Newton iteration  1 : ||r|| = 4.7645e-05, ||r||/||r_0|| = 0.00393293
Time stepping paused at t = 0.15

Estimating errors.
No refinements necessary.
No derefinements needed.

AMR iteration 1
Number of unknowns: 25600
Setting time step: 0.019712478 in DGTransportTDO
Setting time step: 0.019712478 in CombinedOp
Setting time step: 0.019712478 in IonStaticPressureOp
norm(r_0) 0
norm(r_1) 0
norm(r_2) 0
norm(r_3) 0.0095880737
norm(r_4) 0
Newton iteration  0 : ||r|| = 0.00958807
   Pass :  1   Iteration :   0  ||B r|| = 43.5348 ...
   Pass :  1   Iteration :  48  ||B r|| = 3.73345e-05
norm(r_0) 0
norm(r_1) 0
norm(r_2) 0
norm(r_3) 3.715857e-05
norm(r_4) 0
Newton iteration  1 : ||r|| = 3.71586e-05, ||r||/||r_0|| = 0.0038755
Setting time step: 0.019712478 in DGTransportTDO
Setting time step: 0.019712478 in CombinedOp
Setting time step: 0.019712478 in IonStaticPressureOp
norm(r_0) 0
norm(r_1) 0
norm(r_2) 0
norm(r_3) 0.0056382547
norm(r_4) 0
Newton iteration  0 : ||r|| = 0.00563825
   Pass :  1   Iteration :   0  ||B r|| = 25.6007 ...
   Pass :  1   Iteration :  48  ||B r|| = 2.19529e-05
norm(r_0) 0
norm(r_1) 0
norm(r_2) 0
norm(r_3) 2.1850047e-05
norm(r_4) 0
Newton iteration  1 : ||r|| = 2.185e-05, ||r||/||r_0|| = 0.00387532
Setting time step: 0.019712478 in DGTransportTDO
Setting time step: 0.019712478 in CombinedOp
Setting time step: 0.019712478 in IonStaticPressureOp
norm(r_0) 0
norm(r_1) 0
norm(r_2) 0
norm(r_3) 0.0070880108
norm(r_4) 0
Newton iteration  0 : ||r|| = 0.00708801
   Pass :  1   Iteration :   0  ||B r|| = 32.1833 ...
   Pass :  1   Iteration :  48  ||B r|| = 2.75984e-05
norm(r_0) 0
norm(r_1) 0
norm(r_2) 0
norm(r_3) 2.7468801e-05
norm(r_4) 0
Newton iteration  1 : ||r|| = 2.74688e-05, ||r||/||r_0|| = 0.00387539
Setting time step: 0.019712478 in DGTransportTDO
Setting time step: 0.019712478 in CombinedOp
Setting time step: 0.019712478 in IonStaticPressureOp
norm(r_0) 0
norm(r_1) 0
norm(r_2) 0
norm(r_3) 0.00750605
norm(r_4) 0
Newton iteration  0 : ||r|| = 0.00750605
   Pass :  1   Iteration :   0  ||B r|| = 34.0814 ...
   Pass :  1   Iteration :  48  ||B r|| = 2.92264e-05
norm(r_0) 0
norm(r_1) 0
norm(r_2) 0
norm(r_3) 2.9089058e-05
norm(r_4) 0
Newton iteration  1 : ||r|| = 2.90891e-05, ||r||/||r_0|| = 0.00387541
Setting time step: 0.019712478 in DGTransportTDO
Setting time step: 0.019712478 in CombinedOp
Setting time step: 0.019712478 in IonStaticPressureOp
norm(r_0) 0
norm(r_1) 0
norm(r_2) 0
norm(r_3) 0.0042829059
norm(r_4) 0
Newton iteration  0 : ||r|| = 0.00428291
   Pass :  1   Iteration :   0  ||B r|| = 19.4466 ...
   Pass :  1   Iteration :  48  ||B r|| = 1.66781e-05
norm(r_0) 0
norm(r_1) 0
norm(r_2) 0
norm(r_3) 1.6599102e-05
norm(r_4) 0
Newton iteration  1 : ||r|| = 1.65991e-05, ||r||/||r_0|| = 0.00387566
Setting time step: 0.038627074 in DGTransportTDO
Setting time step: 0.038627074 in CombinedOp
Setting time step: 0.038627074 in IonStaticPressureOp
norm(r_0) 0
norm(r_1) 0
norm(r_2) 0
norm(r_3) 0.0034007252
norm(r_4) 0
Newton iteration  0 : ||r|| = 0.00340073
   Pass :  1   Iteration :   0  ||B r|| = 9.532 ...
   Pass :  1   Iteration :  50  ||B r|| = 8.45721e-06
norm(r_0) 0
norm(r_1) 0
norm(r_2) 0
norm(r_3) 1.7386273e-05
norm(r_4) 0
Newton iteration  1 : ||r|| = 1.73863e-05, ||r||/||r_0|| = 0.00511252
Setting time step: 0.038627074 in DGTransportTDO
Setting time step: 0.038627074 in CombinedOp
Setting time step: 0.038627074 in IonStaticPressureOp
norm(r_0) 0
norm(r_1) 0
norm(r_2) 0
norm(r_3) 0.0011089036
norm(r_4) 0
Newton iteration  0 : ||r|| = 0.0011089
   Pass :  1   Iteration :   0  ||B r|| = 3.10733 ...
   Pass :  1   Iteration :  50  ||B r|| = 2.75661e-06
norm(r_0) 0
norm(r_1) 0
norm(r_2) 0
norm(r_3) 5.6671381e-06
norm(r_4) 0
Newton iteration  1 : ||r|| = 5.66714e-06, ||r||/||r_0|| = 0.00511058
Setting time step: 0.038627074 in DGTransportTDO
Setting time step: 0.038627074 in CombinedOp
Setting time step: 0.038627074 in IonStaticPressureOp
norm(r_0) 0
norm(r_1) 0
norm(r_2) 0
norm(r_3) 0.0019019555
norm(r_4) 0
Newton iteration  0 : ||r|| = 0.00190196
   Pass :  1   Iteration :   0  ||B r|| = 5.33078 ...
   Pass :  1   Iteration :  50  ||B r|| = 4.72942e-06
norm(r_0) 0
norm(r_1) 0
norm(r_2) 0
norm(r_3) 9.7228123e-06
norm(r_4) 0
Newton iteration  1 : ||r|| = 9.72281e-06, ||r||/||r_0|| = 0.00511201
Setting time step: 0.038627074 in DGTransportTDO
Setting time step: 0.038627074 in CombinedOp
Setting time step: 0.038627074 in IonStaticPressureOp
norm(r_0) 0
norm(r_1) 0
norm(r_2) 0
norm(r_3) 0.0021547948
norm(r_4) 0
Newton iteration  0 : ||r|| = 0.00215479
   Pass :  1   Iteration :   0  ||B r|| = 6.03961 ...
   Pass :  1   Iteration :  50  ||B r|| = 5.35838e-06
norm(r_0) 0
norm(r_1) 0
norm(r_2) 0
norm(r_3) 1.1015809e-05
norm(r_4) 0
Newton iteration  1 : ||r|| = 1.10158e-05, ||r||/||r_0|| = 0.00511223
Setting time step: 0.038627074 in DGTransportTDO
Setting time step: 0.038627074 in CombinedOp
Setting time step: 0.038627074 in IonStaticPressureOp
norm(r_0) 0
norm(r_1) 0
norm(r_2) 0
norm(r_3) 0.00069781039
norm(r_4) 0
Newton iteration  0 : ||r|| = 0.00069781
   Pass :  1   Iteration :   0  ||B r|| = 1.95167 ...
   Pass :  1   Iteration :  50  ||B r|| = 1.73198e-06
norm(r_0) 0
norm(r_1) 0
norm(r_2) 0
norm(r_3) 3.5604993e-06
norm(r_4) 0
Newton iteration  1 : ||r|| = 3.5605e-06, ||r||/||r_0|| = 0.00510239
Setting time step: 0.04251165 in DGTransportTDO
Setting time step: 0.04251165 in CombinedOp
Setting time step: 0.04251165 in IonStaticPressureOp
norm(r_0) 0
norm(r_1) 0
norm(r_2) 0
norm(r_3) 0.00046166315
norm(r_4) 0
Newton iteration  0 : ||r|| = 0.000461663
   Pass :  1   Iteration :   0  ||B r|| = 1.19953 ...
   Pass :  1   Iteration :  50  ||B r|| = 1.12911e-06
norm(r_0) 0
norm(r_1) 0
norm(r_2) 0
norm(r_3) 2.560276e-06
norm(r_4) 0
Newton iteration  1 : ||r|| = 2.56028e-06, ||r||/||r_0|| = 0.00554577
Setting time step: 0.04251165 in DGTransportTDO
Setting time step: 0.04251165 in CombinedOp
Setting time step: 0.04251165 in IonStaticPressureOp
norm(r_0) 0
norm(r_1) 0
norm(r_2) 0
norm(r_3) 0.00013043228
norm(r_4) 0
Newton iteration  0 : ||r|| = 0.000130432
   Pass :  1   Iteration :   0  ||B r|| = 0.338895 ...
   Pass :  1   Iteration :  45  ||B r|| = 8.53199e-07
norm(r_0) 0
norm(r_1) 0
norm(r_2) 0
norm(r_3) 1.9277019e-06
norm(r_4) 0
Newton iteration  1 : ||r|| = 1.9277e-06, ||r||/||r_0|| = 0.0147793
Setting time step: 0.04251165 in DGTransportTDO
Setting time step: 0.04251165 in CombinedOp
Setting time step: 0.04251165 in IonStaticPressureOp
norm(r_0) 0
norm(r_1) 0
norm(r_2) 0
norm(r_3) 0.0002439142
norm(r_4) 0
Newton iteration  0 : ||r|| = 0.000243914
   Pass :  1   Iteration :   0  ||B r|| = 0.63375 ...
   Pass :  1   Iteration :  48  ||B r|| = 9.01691e-07
norm(r_0) 0
norm(r_1) 0
norm(r_2) 0
norm(r_3) 1.9756656e-06
norm(r_4) 0
Newton iteration  1 : ||r|| = 1.97567e-06, ||r||/||r_0|| = 0.00809984
Setting time step: 0.04251165 in DGTransportTDO
Setting time step: 0.04251165 in CombinedOp
Setting time step: 0.04251165 in IonStaticPressureOp
norm(r_0) 0
norm(r_1) 0
norm(r_2) 0
norm(r_3) 0.00028072513
norm(r_4) 0
Newton iteration  0 : ||r|| = 0.000280725
   Pass :  1   Iteration :   0  ||B r|| = 0.729396 ...
   Pass :  1   Iteration :  49  ||B r|| = 8.5284e-07
norm(r_0) 0
norm(r_1) 0
norm(r_2) 0
norm(r_3) 1.9115778e-06
norm(r_4) 0
Newton iteration  1 : ||r|| = 1.91158e-06, ||r||/||r_0|| = 0.00680943
Setting time step: 0.04251165 in DGTransportTDO
Setting time step: 0.04251165 in CombinedOp
Setting time step: 0.04251165 in IonStaticPressureOp
norm(r_0) 0
norm(r_1) 0
norm(r_2) 0
norm(r_3) 0.00010925365
norm(r_4) 0
Newton iteration  0 : ||r|| = 0.000109254
   Pass :  1   Iteration :   0  ||B r|| = 0.212013 ...
   Pass :  1   Iteration :  42  ||B r|| = 9.98246e-07
norm(r_0) 0
norm(r_1) 0
norm(r_2) 0
norm(r_3) 1.9808024e-06
norm(r_4) 0
Newton iteration  1 : ||r|| = 1.9808e-06, ||r||/||r_0|| = 0.0181303
Setting time step: 0.085023301 in DGTransportTDO
Setting time step: 0.085023301 in CombinedOp
Setting time step: 0.085023301 in IonStaticPressureOp
norm(r_0) 0
norm(r_1) 0
norm(r_2) 0
norm(r_3) 5.2364265e-05
norm(r_4) 0
Newton iteration  0 : ||r|| = 5.23643e-05
   Pass :  1   Iteration :   0  ||B r|| = 0.0755691 ...
   Pass :  1   Iteration :  38  ||B r|| = 9.01116e-07
norm(r_0) 0
norm(r_1) 0
norm(r_2) 0
norm(r_3) 3.5968949e-06
norm(r_4) 0
Newton iteration  1 : ||r|| = 3.59689e-06, ||r||/||r_0|| = 0.0686899
Setting time step: 0.085023301 in DGTransportTDO
Setting time step: 0.085023301 in CombinedOp
Setting time step: 0.085023301 in IonStaticPressureOp
norm(r_0) 0
norm(r_1) 0
norm(r_2) 0
norm(r_3) 7.5114802e-06
norm(r_4) 0
Newton iteration  0 : ||r|| = 7.51148e-06
   Pass :  1   Iteration :   0  ||B r|| = 0.00424167 ...
   Pass :  1   Iteration :  22  ||B r|| = 8.93345e-07
norm(r_0) 0
norm(r_1) 0
norm(r_2) 0
norm(r_3) 2.769241e-06
norm(r_4) 0
Newton iteration  1 : ||r|| = 2.76924e-06, ||r||/||r_0|| = 0.368668
Setting time step: 0.085023301 in DGTransportTDO
Setting time step: 0.085023301 in CombinedOp
Setting time step: 0.085023301 in IonStaticPressureOp
norm(r_0) 0
norm(r_1) 0
norm(r_2) 0
norm(r_3) 1.5660907e-05
norm(r_4) 0
Newton iteration  0 : ||r|| = 1.56609e-05
   Pass :  1   Iteration :   0  ||B r|| = 0.0209387 ...
   Pass :  1   Iteration :  31  ||B r|| = 8.84249e-07
norm(r_0) 0
norm(r_1) 0
norm(r_2) 0
norm(r_3) 3.5068945e-06
norm(r_4) 0
Newton iteration  1 : ||r|| = 3.50689e-06, ||r||/||r_0|| = 0.223927
Setting time step: 0.085023301 in DGTransportTDO
Setting time step: 0.085023301 in CombinedOp
Setting time step: 0.085023301 in IonStaticPressureOp
norm(r_0) 0
norm(r_1) 0
norm(r_2) 0
norm(r_3) 2.15478e-05
norm(r_4) 0
Newton iteration  0 : ||r|| = 2.15478e-05
   Pass :  1   Iteration :   0  ||B r|| = 0.0303536 ...
   Pass :  1   Iteration :  33  ||B r|| = 8.42077e-07
norm(r_0) 0
norm(r_1) 0
norm(r_2) 0
norm(r_3) 3.2485995e-06
norm(r_4) 0
Newton iteration  1 : ||r|| = 3.2486e-06, ||r||/||r_0|| = 0.150762
Setting time step: 0.085023301 in DGTransportTDO
Setting time step: 0.085023301 in CombinedOp
Setting time step: 0.085023301 in IonStaticPressureOp
norm(r_0) 0
norm(r_1) 0
norm(r_2) 0
norm(r_3) 9.8127269e-05
norm(r_4) 0
Newton iteration  0 : ||r|| = 9.81273e-05
   Pass :  1   Iteration :   0  ||B r|| = 0.0087486 ...
   Pass :  1   Iteration :  27  ||B r|| = 8.94809e-07
norm(r_0) 0
norm(r_1) 0
norm(r_2) 0
norm(r_3) 3.468237e-06
norm(r_4) 0
Newton iteration  1 : ||r|| = 3.46824e-06, ||r||/||r_0|| = 0.0353443
Time stepping paused at t = 0.89349801

Estimating errors.
No refinements necessary.
No derefinements needed.

AMR iteration 2
Number of unknowns: 25600
Setting time step: 0.1700466 in DGTransportTDO
Setting time step: 0.1700466 in CombinedOp
Setting time step: 0.1700466 in IonStaticPressureOp
norm(r_0) 0
norm(r_1) 0
norm(r_2) 0
norm(r_3) 4.5070079e-06
norm(r_4) 0
Newton iteration  0 : ||r|| = 4.50701e-06
   Pass :  1   Iteration :   0  ||B r|| = 0.00219352 ...
   Pass :  1   Iteration :  20  ||B r|| = 9.87746e-07
norm(r_0) 0
norm(r_1) 0
norm(r_2) 0
norm(r_3) 5.9359676e-06
norm(r_4) 0
Newton iteration  1 : ||r|| = 5.93597e-06, ||r||/||r_0|| = 1.31705
Setting time step: 0.1700466 in DGTransportTDO
Setting time step: 0.1700466 in CombinedOp
Setting time step: 0.1700466 in IonStaticPressureOp
norm(r_0) 0
norm(r_1) 0
norm(r_2) 0
norm(r_3) 1.2053742e-05
norm(r_4) 0
Newton iteration  0 : ||r|| = 1.20537e-05
   Pass :  1   Iteration :   0  ||B r|| = 0.000839891 ...
   Pass :  1   Iteration :  15  ||B r|| = 9.03711e-07
norm(r_0) 0
norm(r_1) 0
norm(r_2) 0
norm(r_3) 6.8117656e-06
norm(r_4) 0
Newton iteration  1 : ||r|| = 6.81177e-06, ||r||/||r_0|| = 0.565116
Setting time step: 0.1700466 in DGTransportTDO
Setting time step: 0.1700466 in CombinedOp
Setting time step: 0.1700466 in IonStaticPressureOp
norm(r_0) 0
norm(r_1) 0
norm(r_2) 0
norm(r_3) 1.0019286e-05
norm(r_4) 0
Newton iteration  0 : ||r|| = 1.00193e-05
   Pass :  1   Iteration :   0  ||B r|| = 3.77764e-05 ...
   Pass :  1   Iteration :   8  ||B r|| = 8.42267e-07
norm(r_0) 0
norm(r_1) 0
norm(r_2) 0
norm(r_3) 4.0235092e-06
norm(r_4) 0
Newton iteration  1 : ||r|| = 4.02351e-06, ||r||/||r_0|| = 0.401576
Setting time step: 0.1700466 in DGTransportTDO
Setting time step: 0.1700466 in CombinedOp
Setting time step: 0.1700466 in IonStaticPressureOp
norm(r_0) 0
norm(r_1) 0
norm(r_2) 0
norm(r_3) 7.9266371e-06
norm(r_4) 0
Newton iteration  0 : ||r|| = 7.92664e-06
   Pass :  1   Iteration :   0  ||B r|| = 0.00041849 ...
   Pass :  1   Iteration :  13  ||B r|| = 8.43803e-07
norm(r_0) 0
norm(r_1) 0
norm(r_2) 0
norm(r_3) 5.7471548e-06
norm(r_4) 0
Newton iteration  1 : ||r|| = 5.74715e-06, ||r||/||r_0|| = 0.725043
Setting time step: 0.1700466 in DGTransportTDO
Setting time step: 0.1700466 in CombinedOp
Setting time step: 0.1700466 in IonStaticPressureOp
norm(r_0) 0
norm(r_1) 0
norm(r_2) 0
norm(r_3) 0.00021520537
norm(r_4) 0
Newton iteration  0 : ||r|| = 0.000215205
   Pass :  1   Iteration :   0  ||B r|| = 0.00078023 ...
   Pass :  1   Iteration :  19  ||B r|| = 8.66304e-07
norm(r_0) 0
norm(r_1) 0
norm(r_2) 0
norm(r_3) 6.7719268e-06
norm(r_4) 0
Newton iteration  1 : ||r|| = 6.77193e-06, ||r||/||r_0|| = 0.0314673
Setting time step: 0.3400932 in DGTransportTDO
Setting time step: 0.3400932 in CombinedOp
Setting time step: 0.3400932 in IonStaticPressureOp
norm(r_0) 0
norm(r_1) 0
norm(r_2) 0
norm(r_3) 6.7898128e-06
norm(r_4) 0
Newton iteration  0 : ||r|| = 6.78981e-06
   Pass :  1   Iteration :   0  ||B r|| = 0.000178121 ...
   Pass :  1   Iteration :  11  ||B r|| = 8.75969e-07
norm(r_0) 0
norm(r_1) 0
norm(r_2) 0
norm(r_3) 7.5627749e-06
norm(r_4) 0
Newton iteration  1 : ||r|| = 7.56277e-06, ||r||/||r_0|| = 1.11384
Setting time step: 0.3400932 in DGTransportTDO
Setting time step: 0.3400932 in CombinedOp
Setting time step: 0.3400932 in IonStaticPressureOp
norm(r_0) 0
norm(r_1) 0
norm(r_2) 0
norm(r_3) 1.6034193e-05
norm(r_4) 0
Newton iteration  0 : ||r|| = 1.60342e-05
   Pass :  1   Iteration :   0  ||B r|| = 0.000111605 ...
   Pass :  1   Iteration :   6  ||B r|| = 7.64205e-07
norm(r_0) 0
norm(r_1) 0
norm(r_2) 0
norm(r_3) 6.5733179e-06
norm(r_4) 0
Newton iteration  1 : ||r|| = 6.57332e-06, ||r||/||r_0|| = 0.409956
Setting time step: 0.3400932 in DGTransportTDO
Setting time step: 0.3400932 in CombinedOp
Setting time step: 0.3400932 in IonStaticPressureOp
norm(r_0) 0
norm(r_1) 0
norm(r_2) 0
norm(r_3) 1.286974e-05
norm(r_4) 0
Newton iteration  0 : ||r|| = 1.28697e-05
   Pass :  1   Iteration :   0  ||B r|| = 3.38563e-05 ...
   Pass :  1   Iteration :   4  ||B r|| = 9.02882e-07
norm(r_0) 0
norm(r_1) 0
norm(r_2) 0
norm(r_3) 8.4615531e-06
norm(r_4) 0
Newton iteration  1 : ||r|| = 8.46155e-06, ||r||/||r_0|| = 0.657477
Setting time step: 0.3400932 in DGTransportTDO
Setting time step: 0.3400932 in CombinedOp
Setting time step: 0.3400932 in IonStaticPressureOp
norm(r_0) 0
norm(r_1) 0
norm(r_2) 0
norm(r_3) 1.0418019e-05
norm(r_4) 0
Newton iteration  0 : ||r|| = 1.0418e-05
   Pass :  1   Iteration :   0  ||B r|| = 4.63137e-06 ...
   Pass :  1   Iteration :   2  ||B r|| = 9.8998e-07
norm(r_0) 0
norm(r_1) 0
norm(r_2) 0
norm(r_3) 5.7377498e-06
norm(r_4) 0
Newton iteration  1 : ||r|| = 5.73775e-06, ||r||/||r_0|| = 0.550752
Setting time step: 0.3400932 in DGTransportTDO
Setting time step: 0.3400932 in CombinedOp
Setting time step: 0.3400932 in IonStaticPressureOp
norm(r_0) 0
norm(r_1) 0
norm(r_2) 0
norm(r_3) 0.00022173004
norm(r_4) 0
Newton iteration  0 : ||r|| = 0.00022173
   Pass :  1   Iteration :   0  ||B r|| = 0.000234814 ...
   Pass :  1   Iteration :  13  ||B r|| = 9.96789e-07
norm(r_0) 0
norm(r_1) 0
norm(r_2) 0
norm(r_3) 1.3188741e-05
norm(r_4) 0
Newton iteration  1 : ||r|| = 1.31887e-05, ||r||/||r_0|| = 0.0594811
Setting time step: 0.68018641 in DGTransportTDO
Setting time step: 0.68018641 in CombinedOp
Setting time step: 0.68018641 in IonStaticPressureOp
norm(r_0) 0
norm(r_1) 0
norm(r_2) 0
norm(r_3) 1.3188714e-05
norm(r_4) 0
Newton iteration  0 : ||r|| = 1.31887e-05
   Pass :  1   Iteration :   0  ||B r|| = 1.17878e-05 ...
   Pass :  1   Iteration :   2  ||B r|| = 8.86947e-07
norm(r_0) 0
norm(r_1) 0
norm(r_2) 0
norm(r_3) 2.025246e-05
norm(r_4) 0
Newton iteration  1 : ||r|| = 2.02525e-05, ||r||/||r_0|| = 1.53559
Setting time step: 0.68018641 in DGTransportTDO
Setting time step: 0.68018641 in CombinedOp
Setting time step: 0.68018641 in IonStaticPressureOp
norm(r_0) 0
norm(r_1) 0
norm(r_2) 0
norm(r_3) 3.0364621e-05
norm(r_4) 0
Newton iteration  0 : ||r|| = 3.03646e-05
   Pass :  1   Iteration :   0  ||B r|| = 1.07397e-05 ...
   Pass :  1   Iteration :   1  ||B r|| = 8.39351e-07
norm(r_0) 0
norm(r_1) 0
norm(r_2) 0
norm(r_3) 4.7794148e-05
norm(r_4) 0
Newton iteration  1 : ||r|| = 4.77941e-05, ||r||/||r_0|| = 1.57401
Setting time step: 0.68018641 in DGTransportTDO
Setting time step: 0.68018641 in CombinedOp
Setting time step: 0.68018641 in IonStaticPressureOp
norm(r_0) 0
norm(r_1) 0
norm(r_2) 0
norm(r_3) 3.5738435e-05
norm(r_4) 0
Newton iteration  0 : ||r|| = 3.57384e-05
   Pass :  1   Iteration :   0  ||B r|| = 5.25605e-06 ...
   Pass :  1   Iteration :   2  ||B r|| = 6.15098e-07
norm(r_0) 0
norm(r_1) 0
norm(r_2) 0
norm(r_3) 6.380565e-06
norm(r_4) 0
Newton iteration  1 : ||r|| = 6.38057e-06, ||r||/||r_0|| = 0.178535
Setting time step: 0.68018641 in DGTransportTDO
Setting time step: 0.68018641 in CombinedOp
Setting time step: 0.68018641 in IonStaticPressureOp
norm(r_0) 0
norm(r_1) 0
norm(r_2) 0
norm(r_3) 3.203406e-05
norm(r_4) 0
Newton iteration  0 : ||r|| = 3.20341e-05
   Pass :  1   Iteration :   0  ||B r|| = 2.25253e-06 ...
   Pass :  1   Iteration :   2  ||B r|| = 7.01915e-07
norm(r_0) 0
norm(r_1) 0
norm(r_2) 0
norm(r_3) 6.5808604e-06
norm(r_4) 0
Newton iteration  1 : ||r|| = 6.58086e-06, ||r||/||r_0|| = 0.205433
Setting time step: 0.68018641 in DGTransportTDO
Setting time step: 0.68018641 in CombinedOp
Setting time step: 0.68018641 in IonStaticPressureOp
norm(r_0) 0
norm(r_1) 0
norm(r_2) 0
norm(r_3) 0.00014878722
norm(r_4) 0
Newton iteration  0 : ||r|| = 0.000148787
   Pass :  1   Iteration :   0  ||B r|| = 2.36901e-05 ...
   Pass :  1   Iteration :   1  ||B r|| = 7.37858e-07
norm(r_0) 0
norm(r_1) 0
norm(r_2) 0
norm(r_3) 4.6339043e-05
norm(r_4) 0
Newton iteration  1 : ||r|| = 4.6339e-05, ||r||/||r_0|| = 0.311445
Setting time step: 1.3603728 in DGTransportTDO
Setting time step: 1.3603728 in CombinedOp
Setting time step: 1.3603728 in IonStaticPressureOp
norm(r_0) 0
norm(r_1) 0
norm(r_2) 0
norm(r_3) 4.6339014e-05
norm(r_4) 0
Newton iteration  0 : ||r|| = 4.6339e-05
   Pass :  1   Iteration :   0  ||B r|| = 4.47225e-07
norm(r_0) 0
norm(r_1) 0
norm(r_2) 0
norm(r_3) 4.6339014e-05
norm(r_4) 0
Newton iteration  1 : ||r|| = 4.6339e-05, ||r||/||r_0|| = 1
Setting time step: 1.3603728 in DGTransportTDO
Setting time step: 1.3603728 in CombinedOp
Setting time step: 1.3603728 in IonStaticPressureOp
norm(r_0) 0
norm(r_1) 0
norm(r_2) 0
norm(r_3) 4.6339014e-05
norm(r_4) 0
Newton iteration  0 : ||r|| = 4.6339e-05
   Pass :  1   Iteration :   0  ||B r|| = 4.47225e-07
norm(r_0) 0
norm(r_1) 0
norm(r_2) 0
norm(r_3) 4.6339014e-05
norm(r_4) 0
Newton iteration  1 : ||r|| = 4.6339e-05, ||r||/||r_0|| = 1
Setting time step: 1.3603728 in DGTransportTDO
Setting time step: 1.3603728 in CombinedOp
Setting time step: 1.3603728 in IonStaticPressureOp
norm(r_0) 0
norm(r_1) 0
norm(r_2) 0
norm(r_3) 4.6339014e-05
norm(r_4) 0
Newton iteration  0 : ||r|| = 4.6339e-05
   Pass :  1   Iteration :   0  ||B r|| = 4.47225e-07
norm(r_0) 0
norm(r_1) 0
norm(r_2) 0
norm(r_3) 4.6339014e-05
norm(r_4) 0
Newton iteration  1 : ||r|| = 4.6339e-05, ||r||/||r_0|| = 1
Setting time step: 1.3603728 in DGTransportTDO
Setting time step: 1.3603728 in CombinedOp
Setting time step: 1.3603728 in IonStaticPressureOp
norm(r_0) 0
norm(r_1) 0
norm(r_2) 0
norm(r_3) 4.6339014e-05
norm(r_4) 0
Newton iteration  0 : ||r|| = 4.6339e-05
   Pass :  1   Iteration :   0  ||B r|| = 4.47225e-07
norm(r_0) 0
norm(r_1) 0
norm(r_2) 0
norm(r_3) 4.6339014e-05
norm(r_4) 0
Newton iteration  1 : ||r|| = 4.6339e-05, ||r||/||r_0|| = 1
Setting time step: 1.3603728 in DGTransportTDO
Setting time step: 1.3603728 in CombinedOp
Setting time step: 1.3603728 in IonStaticPressureOp
norm(r_0) 0
norm(r_1) 0
norm(r_2) 0
norm(r_3) 4.6339014e-05
norm(r_4) 0
Newton iteration  0 : ||r|| = 4.6339e-05
   Pass :  1   Iteration :   0  ||B r|| = 4.47225e-07
norm(r_0) 0
norm(r_1) 0
norm(r_2) 0
norm(r_3) 4.6339014e-05
norm(r_4) 0
Newton iteration  1 : ||r|| = 4.6339e-05, ||r||/||r_0|| = 1
Time stepping paused at t = 11.096294
Steady State solution has been reached

Time stepping done after 19.543088s.
