Options used:
   --mesh ../../mfem/data/inline-quad.mesh
   --bc-file ../../mfem/miniapps/plasma/transport2d_bcs.inp
   --ic-file ../../mfem/miniapps/plasma/transport2d_ics.inp
   --ec-file /home/gz6/mfem-analysis/input-files/transport2d_ecs.inp
   --es-file ../../mfem/miniapps/plasma/transport2d_ess.inp
   --eqdsk-file 
   --logging 1
   --operator-test 8
   --equation-weights '1 1 1 1 1'
   --problem 0
   --refine-serial 1
   --refine-parallel 0
   --enable-amr
   --max-err -1
   --hysteresis 0.25
   --nc-limit 3
   --amr-weights '1 1 1 1 1'
   --order 3
   --dg-sigma -1
   --dg-kappa 16
   --linear-abs-tolerance 1e-06
   --linear-rel-tolerance 1e-06
   --linear-max-iterations 500
   --linear-logging-level 3
   --newton-abs-tolerance 1e-10
   --newton-rel-tolerance 1e-10
   --newton-max-iterations 1
   --newton-logging-level 1
   --steady-state-abs-tolerance 1e-08
   --steady-state-rel-tolerance 1e-08
   --prec-type 1
   --prec-logging-level 0
   --initial-tolerance 1e-05
   --ode-tolerance 0.001
   --ode-solver 2
   --err-per-step
   --ode-weights '1 1 1 1 1'
   --kP 0
   --kI 0.6
   --kD 0
   --theta-max 2
   --t-minimum 0
   --t-final 100
   --time-step 0.01
   --cfl-number 0.3
   --ion-charge 1
   --ion-mass 2.0141018
   --neutral-mass 2.0141018
   --neutral-temp 3
   --min-neutral-density 9e+14
   --max-neutral-density 1e+15
   --neutral-density-exp 0
   --min-ion-density 1e+16
   --max-ion-density 1e+18
   --ion-density-exp 0
   --min-ion-temp 1
   --max-ion-temp 10
   --ion-temp-exp 0
   --min-electron-temp 10
   --max-electron-temp 440
   --electron-temp-exp 0
   --total-B-magnitude 5
   --poloidal-B-magnitude 0.5
   --velocity 1000
   --Di-perp 1
   --Xi-perp 1
   --Xe-perp 1
   --equation-term-flags '-1 -1 -1 -1 -1'
   --visualization-flags '-1 -1 -1 -1 -1'
   --visualization
   --visit-datafiles
   --ascii-datafiles
   --visualization-steps 4
Device configuration: cpu
Memory configuration: host-std
Number of elements in initial mesh: 16
Number of elements after serial refinement: 64
1: Number of elements in parallel mesh: 4
1: Number of elements after parallel refinement: 4
0: Number of elements in parallel mesh: 4
0: Number of elements after parallel refinement: 4
10: Number of elements in parallel mesh: 4
10: Number of elements after parallel refinement: 4
11: Number of elements in parallel mesh: 4
11: Number of elements after parallel refinement: 4
3: Number of elements in parallel mesh: 4
3: Number of elements after parallel refinement: 4
2: Number of elements in parallel mesh: 4
2: Number of elements after parallel refinement: 4
13: Number of elements in parallel mesh: 4
13: Number of elements after parallel refinement: 4
12: Number of elements in parallel mesh: 4
12: Number of elements after parallel refinement: 4
15: Number of elements in parallel mesh: 4
15: Number of elements after parallel refinement: 4
14: Number of elements in parallel mesh: 4
14: Number of elements after parallel refinement: 4
4: Number of elements in parallel mesh: 4
4: Number of elements after parallel refinement: 4
5: Number of elements in parallel mesh: 4
5: Number of elements after parallel refinement: 4
6: Number of elements in parallel mesh: 4
6: Number of elements after parallel refinement: 4
7: Number of elements in parallel mesh: 4
7: Number of elements after parallel refinement: 4
8: Number of elements in parallel mesh: 4
8: Number of elements after parallel refinement: 4
9: Number of elements in parallel mesh: 4
9: Number of elements after parallel refinement: 4
Configuring initial conditions
Reading initial conditions from ../../mfem/miniapps/plasma/transport2d_ics.inp
Configuring exact solutions
Reading exact solutions from ../../mfem/miniapps/plasma/transport2d_ess.inp

AMR iteration 0
Number of unknowns: 1024
Stopping criterion satisfied. Stop.
Number of unknowns per field: 1024
Total number of unknowns:     5120
Configuring boundary conditions
Reading boundary conditions from ../../mfem/miniapps/plasma/transport2d_bcs.inp
Configuring equation coefficients
Reading equation coefficients from /home/gz6/mfem-analysis/input-files/transport2d_ecs.inp
|mn| = 3.3444946e-27
|ni| = 1
|ne| = 1

|Dn|     = -nan
|Di|     = -nan
|Eta|    = -nan
|nXi|    = -nan
|nXe|    = -nan

|Eta/mn| = -nan
|nXi/ni| = -nan
|nXe/ne| = -nan
Ion Static Pressure: Adding time derivative term proportional to d n_i / dt
Ion Static Pressure: Adding time derivative term proportional to d T_i / dt
Ion Static Pressure: Adding anisotropic diffusion term
Ion Static Pressure: Adding source term
Opening GLVis sockets.
Range of error estimates for initial condition: -nan < elem err < -nan

Begin time stepping at t = 0
Setting time step: 0.0025 in DGTransportTDO
Setting time step: 0.0025 in CombinedOp
Setting time step: 0.0025 in IonStaticPressureOp
norm(r_0) 0
norm(r_1) 0
norm(r_2) 0
norm(r_3) 0.33698302
norm(r_4) 0
Newton iteration  0 : ||r|| = 0.336983
   Pass :  1   Iteration :   0  ||B r|| = 140.045 ...
   Pass :  1   Iteration :  31  ||B r|| = 0.000115742
norm(r_0) 0
norm(r_1) 0
norm(r_2) 0
norm(r_3) 3.2917315e-05
norm(r_4) 0
Newton iteration  1 : ||r|| = 3.29173e-05, ||r||/||r_0|| = 9.76824e-05
Setting time step: 0.0025 in DGTransportTDO
Setting time step: 0.0025 in CombinedOp
Setting time step: 0.0025 in IonStaticPressureOp
norm(r_0) 0
norm(r_1) 0
norm(r_2) 0
norm(r_3) 0.31551343
norm(r_4) 0
Newton iteration  0 : ||r|| = 0.315513
   Pass :  1   Iteration :   0  ||B r|| = 131.124 ...
   Pass :  1   Iteration :  31  ||B r|| = 0.000108327
norm(r_0) 0
norm(r_1) 0
norm(r_2) 0
norm(r_3) 3.0808865e-05
norm(r_4) 0
Newton iteration  1 : ||r|| = 3.08089e-05, ||r||/||r_0|| = 9.76468e-05
Setting time step: 0.0025 in DGTransportTDO
Setting time step: 0.0025 in CombinedOp
Setting time step: 0.0025 in IonStaticPressureOp
norm(r_0) 0
norm(r_1) 0
norm(r_2) 0
norm(r_3) 0.32399136
norm(r_4) 0
Newton iteration  0 : ||r|| = 0.323991
   Pass :  1   Iteration :   0  ||B r|| = 134.647 ...
   Pass :  1   Iteration :  31  ||B r|| = 0.00011125
norm(r_0) 0
norm(r_1) 0
norm(r_2) 0
norm(r_3) 3.1640061e-05
norm(r_4) 0
Newton iteration  1 : ||r|| = 3.16401e-05, ||r||/||r_0|| = 9.76571e-05
Setting time step: 0.0025 in DGTransportTDO
Setting time step: 0.0025 in CombinedOp
Setting time step: 0.0025 in IonStaticPressureOp
norm(r_0) 0
norm(r_1) 0
norm(r_2) 0
norm(r_3) 0.32615573
norm(r_4) 0
Newton iteration  0 : ||r|| = 0.326156
   Pass :  1   Iteration :   0  ||B r|| = 135.546 ...
   Pass :  1   Iteration :  31  ||B r|| = 0.000111999
norm(r_0) 0
norm(r_1) 0
norm(r_2) 0
norm(r_3) 3.1852957e-05
norm(r_4) 0
Newton iteration  1 : ||r|| = 3.1853e-05, ||r||/||r_0|| = 9.76618e-05
Setting time step: 0.0025 in DGTransportTDO
Setting time step: 0.0025 in CombinedOp
Setting time step: 0.0025 in IonStaticPressureOp
norm(r_0) 0
norm(r_1) 0
norm(r_2) 0
norm(r_3) 0.30515296
norm(r_4) 0
Newton iteration  0 : ||r|| = 0.305153
   Pass :  1   Iteration :   0  ||B r|| = 126.816 ...
   Pass :  1   Iteration :  31  ||B r|| = 0.000104805
norm(r_0) 0
norm(r_1) 0
norm(r_2) 0
norm(r_3) 2.9807037e-05
norm(r_4) 0
Newton iteration  1 : ||r|| = 2.9807e-05, ||r||/||r_0|| = 9.7679e-05
Setting time step: 0.005 in DGTransportTDO
Setting time step: 0.005 in CombinedOp
Setting time step: 0.005 in IonStaticPressureOp
norm(r_0) 0
norm(r_1) 0
norm(r_2) 0
norm(r_3) 0.2954303
norm(r_4) 0
Newton iteration  0 : ||r|| = 0.29543
   Pass :  1   Iteration :   0  ||B r|| = 107.963 ...
   Pass :  1   Iteration :  35  ||B r|| = 8.16663e-05
norm(r_0) 0
norm(r_1) 0
norm(r_2) 0
norm(r_3) 5.1845061e-05
norm(r_4) 0
Newton iteration  1 : ||r|| = 5.18451e-05, ||r||/||r_0|| = 0.00017549
Setting time step: 0.005 in DGTransportTDO
Setting time step: 0.005 in CombinedOp
Setting time step: 0.005 in IonStaticPressureOp
norm(r_0) 0
norm(r_1) 0
norm(r_2) 0
norm(r_3) 0.25895393
norm(r_4) 0
Newton iteration  0 : ||r|| = 0.258954
   Pass :  1   Iteration :   0  ||B r|| = 94.6327 ...
   Pass :  1   Iteration :  35  ||B r|| = 7.15762e-05
norm(r_0) 0
norm(r_1) 0
norm(r_2) 0
norm(r_3) 4.5438535e-05
norm(r_4) 0
Newton iteration  1 : ||r|| = 4.54385e-05, ||r||/||r_0|| = 0.00017547
Setting time step: 0.005 in DGTransportTDO
Setting time step: 0.005 in CombinedOp
Setting time step: 0.005 in IonStaticPressureOp
norm(r_0) 0
norm(r_1) 0
norm(r_2) 0
norm(r_3) 0.27318426
norm(r_4) 0
Newton iteration  0 : ||r|| = 0.273184
   Pass :  1   Iteration :   0  ||B r|| = 99.8332 ...
   Pass :  1   Iteration :  35  ||B r|| = 7.55117e-05
norm(r_0) 0
norm(r_1) 0
norm(r_2) 0
norm(r_3) 4.7937194e-05
norm(r_4) 0
Newton iteration  1 : ||r|| = 4.79372e-05, ||r||/||r_0|| = 0.000175476
Setting time step: 0.005 in DGTransportTDO
Setting time step: 0.005 in CombinedOp
Setting time step: 0.005 in IonStaticPressureOp
norm(r_0) 0
norm(r_1) 0
norm(r_2) 0
norm(r_3) 0.27688996
norm(r_4) 0
Newton iteration  0 : ||r|| = 0.27689
   Pass :  1   Iteration :   0  ||B r|| = 101.187 ...
   Pass :  1   Iteration :  35  ||B r|| = 7.6537e-05
norm(r_0) 0
norm(r_1) 0
norm(r_2) 0
norm(r_3) 4.8588218e-05
norm(r_4) 0
Newton iteration  1 : ||r|| = 4.85882e-05, ||r||/||r_0|| = 0.000175478
Setting time step: 0.005 in DGTransportTDO
Setting time step: 0.005 in CombinedOp
Setting time step: 0.005 in IonStaticPressureOp
norm(r_0) 0
norm(r_1) 0
norm(r_2) 0
norm(r_3) 0.24200695
norm(r_4) 0
Newton iteration  0 : ||r|| = 0.242007
   Pass :  1   Iteration :   0  ||B r|| = 88.4399 ...
   Pass :  1   Iteration :  35  ||B r|| = 6.68985e-05
norm(r_0) 0
norm(r_1) 0
norm(r_2) 0
norm(r_3) 4.2470292e-05
norm(r_4) 0
Newton iteration  1 : ||r|| = 4.24703e-05, ||r||/||r_0|| = 0.000175492
Setting time step: 0.01 in DGTransportTDO
Setting time step: 0.01 in CombinedOp
Setting time step: 0.01 in IonStaticPressureOp
norm(r_0) 0
norm(r_1) 0
norm(r_2) 0
norm(r_3) 0.22706712
norm(r_4) 0
Newton iteration  0 : ||r|| = 0.227067
   Pass :  1   Iteration :   0  ||B r|| = 66.1259 ...
   Pass :  1   Iteration :  37  ||B r|| = 6.49668e-05
norm(r_0) 0
norm(r_1) 0
norm(r_2) 0
norm(r_3) 7.415069e-05
norm(r_4) 0
Newton iteration  1 : ||r|| = 7.41507e-05, ||r||/||r_0|| = 0.000326558
Setting time step: 0.01 in DGTransportTDO
Setting time step: 0.01 in CombinedOp
Setting time step: 0.01 in IonStaticPressureOp
norm(r_0) 0
norm(r_1) 0
norm(r_2) 0
norm(r_3) 0.1742552
norm(r_4) 0
Newton iteration  0 : ||r|| = 0.174255
   Pass :  1   Iteration :   0  ||B r|| = 50.7462 ...
   Pass :  1   Iteration :  37  ||B r|| = 4.98534e-05
norm(r_0) 0
norm(r_1) 0
norm(r_2) 0
norm(r_3) 5.6897183e-05
norm(r_4) 0
Newton iteration  1 : ||r|| = 5.68972e-05, ||r||/||r_0|| = 0.000326516
Setting time step: 0.01 in DGTransportTDO
Setting time step: 0.01 in CombinedOp
Setting time step: 0.01 in IonStaticPressureOp
norm(r_0) 0
norm(r_1) 0
norm(r_2) 0
norm(r_3) 0.19439729
norm(r_4) 0
Newton iteration  0 : ||r|| = 0.194397
   Pass :  1   Iteration :   0  ||B r|| = 56.6119 ...
   Pass :  1   Iteration :  37  ||B r|| = 5.5617e-05
norm(r_0) 0
norm(r_1) 0
norm(r_2) 0
norm(r_3) 6.3476432e-05
norm(r_4) 0
Newton iteration  1 : ||r|| = 6.34764e-05, ||r||/||r_0|| = 0.000326529
Setting time step: 0.01 in DGTransportTDO
Setting time step: 0.01 in CombinedOp
Setting time step: 0.01 in IonStaticPressureOp
norm(r_0) 0
norm(r_1) 0
norm(r_2) 0
norm(r_3) 0.19984282
norm(r_4) 0
Newton iteration  0 : ||r|| = 0.199843
   Pass :  1   Iteration :   0  ||B r|| = 58.1978 ...
   Pass :  1   Iteration :  37  ||B r|| = 5.71755e-05
norm(r_0) 0
norm(r_1) 0
norm(r_2) 0
norm(r_3) 6.5255777e-05
norm(r_4) 0
Newton iteration  1 : ||r|| = 6.52558e-05, ||r||/||r_0|| = 0.000326536
Setting time step: 0.01 in DGTransportTDO
Setting time step: 0.01 in CombinedOp
Setting time step: 0.01 in IonStaticPressureOp
norm(r_0) 0
norm(r_1) 0
norm(r_2) 0
norm(r_3) 0.15179506
norm(r_4) 0
Newton iteration  0 : ||r|| = 0.151795
   Pass :  1   Iteration :   0  ||B r|| = 44.2053 ...
   Pass :  1   Iteration :  37  ||B r|| = 4.34327e-05
norm(r_0) 0
norm(r_1) 0
norm(r_2) 0
norm(r_3) 4.9575359e-05
norm(r_4) 0
Newton iteration  1 : ||r|| = 4.95754e-05, ||r||/||r_0|| = 0.000326594
Setting time step: 0.02 in DGTransportTDO
Setting time step: 0.02 in CombinedOp
Setting time step: 0.02 in IonStaticPressureOp
norm(r_0) 0
norm(r_1) 0
norm(r_2) 0
norm(r_3) 0.13414242
norm(r_4) 0
Newton iteration  0 : ||r|| = 0.134142
   Pass :  1   Iteration :   0  ||B r|| = 27.4677 ...
   Pass :  1   Iteration :  40  ||B r|| = 2.66147e-05
norm(r_0) 0
norm(r_1) 0
norm(r_2) 0
norm(r_3) 6.669643e-05
norm(r_4) 0
Newton iteration  1 : ||r|| = 6.66964e-05, ||r||/||r_0|| = 0.000497206
Setting time step: 0.02 in DGTransportTDO
Setting time step: 0.02 in CombinedOp
Setting time step: 0.02 in IonStaticPressureOp
norm(r_0) 0
norm(r_1) 0
norm(r_2) 0
norm(r_3) 0.078244805
norm(r_4) 0
Newton iteration  0 : ||r|| = 0.0782448
   Pass :  1   Iteration :   0  ||B r|| = 16.0219 ...
   Pass :  1   Iteration :  40  ||B r|| = 1.55223e-05
norm(r_0) 0
norm(r_1) 0
norm(r_2) 0
norm(r_3) 3.8895885e-05
norm(r_4) 0
Newton iteration  1 : ||r|| = 3.88959e-05, ||r||/||r_0|| = 0.000497105
Setting time step: 0.02 in DGTransportTDO
Setting time step: 0.02 in CombinedOp
Setting time step: 0.02 in IonStaticPressureOp
norm(r_0) 0
norm(r_1) 0
norm(r_2) 0
norm(r_3) 0.098740462
norm(r_4) 0
Newton iteration  0 : ||r|| = 0.0987405
   Pass :  1   Iteration :   0  ||B r|| = 20.2187 ...
   Pass :  1   Iteration :  40  ||B r|| = 1.95892e-05
norm(r_0) 0
norm(r_1) 0
norm(r_2) 0
norm(r_3) 4.9088117e-05
norm(r_4) 0
Newton iteration  1 : ||r|| = 4.90881e-05, ||r||/||r_0|| = 0.000497143
Setting time step: 0.02 in DGTransportTDO
Setting time step: 0.02 in CombinedOp
Setting time step: 0.02 in IonStaticPressureOp
norm(r_0) 0
norm(r_1) 0
norm(r_2) 0
norm(r_3) 0.10466076
norm(r_4) 0
Newton iteration  0 : ||r|| = 0.104661
   Pass :  1   Iteration :   0  ||B r|| = 21.4309 ...
   Pass :  1   Iteration :  40  ||B r|| = 2.07641e-05
norm(r_0) 0
norm(r_1) 0
norm(r_2) 0
norm(r_3) 5.2032921e-05
norm(r_4) 0
Newton iteration  1 : ||r|| = 5.20329e-05, ||r||/||r_0|| = 0.000497158
Setting time step: 0.02 in DGTransportTDO
Setting time step: 0.02 in CombinedOp
Setting time step: 0.02 in IonStaticPressureOp
norm(r_0) 0
norm(r_1) 0
norm(r_2) 0
norm(r_3) 0.059202142
norm(r_4) 0
Newton iteration  0 : ||r|| = 0.0592021
   Pass :  1   Iteration :   0  ||B r|| = 12.1225 ...
   Pass :  1   Iteration :  40  ||B r|| = 1.17483e-05
norm(r_0) 0
norm(r_1) 0
norm(r_2) 0
norm(r_3) 2.9444466e-05
norm(r_4) 0
Newton iteration  1 : ||r|| = 2.94445e-05, ||r||/||r_0|| = 0.000497355
Time stepping paused at t = 0.15

Estimating errors.
No refinements necessary.
No derefinements needed.

AMR iteration 1
Number of unknowns: 1024
Setting time step: 0.019716529 in DGTransportTDO
Setting time step: 0.019716529 in CombinedOp
Setting time step: 0.019716529 in IonStaticPressureOp
norm(r_0) 0
norm(r_1) 0
norm(r_2) 0
norm(r_3) 0.046867489
norm(r_4) 0
Newton iteration  0 : ||r|| = 0.0468675
   Pass :  1   Iteration :   0  ||B r|| = 9.67903 ...
   Pass :  1   Iteration :  40  ||B r|| = 9.23587e-06
norm(r_0) 0
norm(r_1) 0
norm(r_2) 0
norm(r_3) 2.2831131e-05
norm(r_4) 0
Newton iteration  1 : ||r|| = 2.28311e-05, ||r||/||r_0|| = 0.000487142
Setting time step: 0.019716529 in DGTransportTDO
Setting time step: 0.019716529 in CombinedOp
Setting time step: 0.019716529 in IonStaticPressureOp
norm(r_0) 0
norm(r_1) 0
norm(r_2) 0
norm(r_3) 0.027557249
norm(r_4) 0
Newton iteration  0 : ||r|| = 0.0275572
   Pass :  1   Iteration :   0  ||B r|| = 5.69112 ...
   Pass :  1   Iteration :  40  ||B r|| = 5.43051e-06
norm(r_0) 0
norm(r_1) 0
norm(r_2) 0
norm(r_3) 1.3424104e-05
norm(r_4) 0
Newton iteration  1 : ||r|| = 1.34241e-05, ||r||/||r_0|| = 0.000487135
Setting time step: 0.019716529 in DGTransportTDO
Setting time step: 0.019716529 in CombinedOp
Setting time step: 0.019716529 in IonStaticPressureOp
norm(r_0) 0
norm(r_1) 0
norm(r_2) 0
norm(r_3) 0.03464485
norm(r_4) 0
Newton iteration  0 : ||r|| = 0.0346448
   Pass :  1   Iteration :   0  ||B r|| = 7.15484 ...
   Pass :  1   Iteration :  40  ||B r|| = 6.82722e-06
norm(r_0) 0
norm(r_1) 0
norm(r_2) 0
norm(r_3) 1.6876813e-05
norm(r_4) 0
Newton iteration  1 : ||r|| = 1.68768e-05, ||r||/||r_0|| = 0.000487138
Setting time step: 0.019716529 in DGTransportTDO
Setting time step: 0.019716529 in CombinedOp
Setting time step: 0.019716529 in IonStaticPressureOp
norm(r_0) 0
norm(r_1) 0
norm(r_2) 0
norm(r_3) 0.036688618
norm(r_4) 0
Newton iteration  0 : ||r|| = 0.0366886
   Pass :  1   Iteration :   0  ||B r|| = 7.57692 ...
   Pass :  1   Iteration :  40  ||B r|| = 7.22998e-06
norm(r_0) 0
norm(r_1) 0
norm(r_2) 0
norm(r_3) 1.7872448e-05
norm(r_4) 0
Newton iteration  1 : ||r|| = 1.78724e-05, ||r||/||r_0|| = 0.000487139
Setting time step: 0.019716529 in DGTransportTDO
Setting time step: 0.019716529 in CombinedOp
Setting time step: 0.019716529 in IonStaticPressureOp
norm(r_0) 0
norm(r_1) 0
norm(r_2) 0
norm(r_3) 0.020931733
norm(r_4) 0
Newton iteration  0 : ||r|| = 0.0209317
   Pass :  1   Iteration :   0  ||B r|| = 4.32279 ...
   Pass :  1   Iteration :  40  ||B r|| = 4.12491e-06
norm(r_0) 0
norm(r_1) 0
norm(r_2) 0
norm(r_3) 1.0196971e-05
norm(r_4) 0
Newton iteration  1 : ||r|| = 1.0197e-05, ||r||/||r_0|| = 0.000487154
Setting time step: 0.038630586 in DGTransportTDO
Setting time step: 0.038630586 in CombinedOp
Setting time step: 0.038630586 in IonStaticPressureOp
norm(r_0) 0
norm(r_1) 0
norm(r_2) 0
norm(r_3) 0.016619595
norm(r_4) 0
Newton iteration  0 : ||r|| = 0.0166196
   Pass :  1   Iteration :   0  ||B r|| = 2.17997 ...
   Pass :  1   Iteration :  43  ||B r|| = 1.80239e-06
norm(r_0) 0
norm(r_1) 0
norm(r_2) 0
norm(r_3) 8.285266e-06
norm(r_4) 0
Newton iteration  1 : ||r|| = 8.28527e-06, ||r||/||r_0|| = 0.000498524
Setting time step: 0.038630586 in DGTransportTDO
Setting time step: 0.038630586 in CombinedOp
Setting time step: 0.038630586 in IonStaticPressureOp
norm(r_0) 0
norm(r_1) 0
norm(r_2) 0
norm(r_3) 0.0054170517
norm(r_4) 0
Newton iteration  0 : ||r|| = 0.00541705
   Pass :  1   Iteration :   0  ||B r|| = 0.710553 ...
   Pass :  1   Iteration :  41  ||B r|| = 9.43584e-07
norm(r_0) 0
norm(r_1) 0
norm(r_2) 0
norm(r_3) 4.5921387e-06
norm(r_4) 0
Newton iteration  1 : ||r|| = 4.59214e-06, ||r||/||r_0|| = 0.000847719
Setting time step: 0.038630586 in DGTransportTDO
Setting time step: 0.038630586 in CombinedOp
Setting time step: 0.038630586 in IonStaticPressureOp
norm(r_0) 0
norm(r_1) 0
norm(r_2) 0
norm(r_3) 0.0092939715
norm(r_4) 0
Newton iteration  0 : ||r|| = 0.00929397
   Pass :  1   Iteration :   0  ||B r|| = 1.21908 ...
   Pass :  1   Iteration :  43  ||B r|| = 1.00806e-06
norm(r_0) 0
norm(r_1) 0
norm(r_2) 0
norm(r_3) 4.6336742e-06
norm(r_4) 0
Newton iteration  1 : ||r|| = 4.63367e-06, ||r||/||r_0|| = 0.000498568
Setting time step: 0.038630586 in DGTransportTDO
Setting time step: 0.038630586 in CombinedOp
Setting time step: 0.038630586 in IonStaticPressureOp
norm(r_0) 0
norm(r_1) 0
norm(r_2) 0
norm(r_3) 0.01052996
norm(r_4) 0
Newton iteration  0 : ||r|| = 0.01053
   Pass :  1   Iteration :   0  ||B r|| = 1.38121 ...
   Pass :  1   Iteration :  43  ||B r|| = 1.14208e-06
norm(r_0) 0
norm(r_1) 0
norm(r_2) 0
norm(r_3) 5.2497735e-06
norm(r_4) 0
Newton iteration  1 : ||r|| = 5.24977e-06, ||r||/||r_0|| = 0.000498556
Setting time step: 0.038630586 in DGTransportTDO
Setting time step: 0.038630586 in CombinedOp
Setting time step: 0.038630586 in IonStaticPressureOp
norm(r_0) 0
norm(r_1) 0
norm(r_2) 0
norm(r_3) 0.0034027713
norm(r_4) 0
Newton iteration  0 : ||r|| = 0.00340277
   Pass :  1   Iteration :   0  ||B r|| = 0.446301 ...
   Pass :  1   Iteration :  40  ||B r|| = 8.07126e-07
norm(r_0) 0
norm(r_1) 0
norm(r_2) 0
norm(r_3) 3.8285858e-06
norm(r_4) 0
Newton iteration  1 : ||r|| = 3.82859e-06, ||r||/||r_0|| = 0.00112514
Setting time step: 0.042520899 in DGTransportTDO
Setting time step: 0.042520899 in CombinedOp
Setting time step: 0.042520899 in IonStaticPressureOp
norm(r_0) 0
norm(r_1) 0
norm(r_2) 0
norm(r_3) 0.0022558132
norm(r_4) 0
Newton iteration  0 : ||r|| = 0.00225581
   Pass :  1   Iteration :   0  ||B r|| = 0.275176 ...
   Pass :  1   Iteration :  39  ||B r|| = 7.08448e-07
norm(r_0) 0
norm(r_1) 0
norm(r_2) 0
norm(r_3) 3.1816439e-06
norm(r_4) 0
Newton iteration  1 : ||r|| = 3.18164e-06, ||r||/||r_0|| = 0.00141042
Setting time step: 0.042520899 in DGTransportTDO
Setting time step: 0.042520899 in CombinedOp
Setting time step: 0.042520899 in IonStaticPressureOp
norm(r_0) 0
norm(r_1) 0
norm(r_2) 0
norm(r_3) 0.000637112
norm(r_4) 0
Newton iteration  0 : ||r|| = 0.000637112
   Pass :  1   Iteration :   0  ||B r|| = 0.0777155 ...
   Pass :  1   Iteration :  35  ||B r|| = 9.98107e-07
norm(r_0) 0
norm(r_1) 0
norm(r_2) 0
norm(r_3) 5.1589502e-06
norm(r_4) 0
Newton iteration  1 : ||r|| = 5.15895e-06, ||r||/||r_0|| = 0.0080974
Setting time step: 0.042520899 in DGTransportTDO
Setting time step: 0.042520899 in CombinedOp
Setting time step: 0.042520899 in IonStaticPressureOp
norm(r_0) 0
norm(r_1) 0
norm(r_2) 0
norm(r_3) 0.0011916599
norm(r_4) 0
Newton iteration  0 : ||r|| = 0.00119166
   Pass :  1   Iteration :   0  ||B r|| = 0.145365 ...
   Pass :  1   Iteration :  37  ||B r|| = 7.93934e-07
norm(r_0) 0
norm(r_1) 0
norm(r_2) 0
norm(r_3) 3.35194e-06
norm(r_4) 0
Newton iteration  1 : ||r|| = 3.35194e-06, ||r||/||r_0|| = 0.00281283
Setting time step: 0.042520899 in DGTransportTDO
Setting time step: 0.042520899 in CombinedOp
Setting time step: 0.042520899 in IonStaticPressureOp
norm(r_0) 0
norm(r_1) 0
norm(r_2) 0
norm(r_3) 0.0013715539
norm(r_4) 0
Newton iteration  0 : ||r|| = 0.00137155
   Pass :  1   Iteration :   0  ||B r|| = 0.16731 ...
   Pass :  1   Iteration :  37  ||B r|| = 9.138e-07
norm(r_0) 0
norm(r_1) 0
norm(r_2) 0
norm(r_3) 3.8580259e-06
norm(r_4) 0
Newton iteration  1 : ||r|| = 3.85803e-06, ||r||/||r_0|| = 0.00281289
Setting time step: 0.042520899 in DGTransportTDO
Setting time step: 0.042520899 in CombinedOp
Setting time step: 0.042520899 in IonStaticPressureOp
norm(r_0) 0
norm(r_1) 0
norm(r_2) 0
norm(r_3) 0.00039912368
norm(r_4) 0
Newton iteration  0 : ||r|| = 0.000399124
   Pass :  1   Iteration :   0  ||B r|| = 0.0486322 ...
   Pass :  1   Iteration :  34  ||B r|| = 8.63968e-07
norm(r_0) 0
norm(r_1) 0
norm(r_2) 0
norm(r_3) 3.7969681e-06
norm(r_4) 0
Newton iteration  1 : ||r|| = 3.79697e-06, ||r||/||r_0|| = 0.00951326
Setting time step: 0.085041798 in DGTransportTDO
Setting time step: 0.085041798 in CombinedOp
Setting time step: 0.085041798 in IonStaticPressureOp
norm(r_0) 0
norm(r_1) 0
norm(r_2) 0
norm(r_3) 0.00025557825
norm(r_4) 0
Newton iteration  0 : ||r|| = 0.000255578
   Pass :  1   Iteration :   0  ||B r|| = 0.0176444 ...
   Pass :  1   Iteration :  30  ||B r|| = 9.90372e-07
norm(r_0) 0
norm(r_1) 0
norm(r_2) 0
norm(r_3) 8.9517638e-06
norm(r_4) 0
Newton iteration  1 : ||r|| = 8.95176e-06, ||r||/||r_0|| = 0.0350255
Setting time step: 0.085041798 in DGTransportTDO
Setting time step: 0.085041798 in CombinedOp
Setting time step: 0.085041798 in IonStaticPressureOp
norm(r_0) 0
norm(r_1) 0
norm(r_2) 0
norm(r_3) 2.1380289e-05
norm(r_4) 0
Newton iteration  0 : ||r|| = 2.13803e-05
   Pass :  1   Iteration :   0  ||B r|| = 0.00100108 ...
   Pass :  1   Iteration :  16  ||B r|| = 7.70868e-07
norm(r_0) 0
norm(r_1) 0
norm(r_2) 0
norm(r_3) 6.5068114e-06
norm(r_4) 0
Newton iteration  1 : ||r|| = 6.50681e-06, ||r||/||r_0|| = 0.304337
Setting time step: 0.085041798 in DGTransportTDO
Setting time step: 0.085041798 in CombinedOp
Setting time step: 0.085041798 in IonStaticPressureOp
norm(r_0) 0
norm(r_1) 0
norm(r_2) 0
norm(r_3) 7.2166856e-05
norm(r_4) 0
Newton iteration  0 : ||r|| = 7.21669e-05
   Pass :  1   Iteration :   0  ||B r|| = 0.00487888 ...
   Pass :  1   Iteration :  25  ||B r|| = 9.0988e-07
norm(r_0) 0
norm(r_1) 0
norm(r_2) 0
norm(r_3) 6.6373883e-06
norm(r_4) 0
Newton iteration  1 : ||r|| = 6.63739e-06, ||r||/||r_0|| = 0.0919728
Setting time step: 0.085041798 in DGTransportTDO
Setting time step: 0.085041798 in CombinedOp
Setting time step: 0.085041798 in IonStaticPressureOp
norm(r_0) 0
norm(r_1) 0
norm(r_2) 0
norm(r_3) 0.00010329935
norm(r_4) 0
Newton iteration  0 : ||r|| = 0.000103299
   Pass :  1   Iteration :   0  ||B r|| = 0.00707914 ...
   Pass :  1   Iteration :  27  ||B r|| = 7.50806e-07
norm(r_0) 0
norm(r_1) 0
norm(r_2) 0
norm(r_3) 6.4541338e-06
norm(r_4) 0
Newton iteration  1 : ||r|| = 6.45413e-06, ||r||/||r_0|| = 0.0624799
Setting time step: 0.085041798 in DGTransportTDO
Setting time step: 0.085041798 in CombinedOp
Setting time step: 0.085041798 in IonStaticPressureOp
norm(r_0) 0
norm(r_1) 0
norm(r_2) 0
norm(r_3) 0.00025063449
norm(r_4) 0
Newton iteration  0 : ||r|| = 0.000250634
   Pass :  1   Iteration :   0  ||B r|| = 0.00206437 ...
   Pass :  1   Iteration :  19  ||B r|| = 8.5215e-07
norm(r_0) 0
norm(r_1) 0
norm(r_2) 0
norm(r_3) 6.6000867e-06
norm(r_4) 0
Newton iteration  1 : ||r|| = 6.60009e-06, ||r||/||r_0|| = 0.0263335
Time stepping paused at t = 0.89363925

Estimating errors.
No refinements necessary.
No derefinements needed.

AMR iteration 2
Number of unknowns: 1024
Setting time step: 0.1700836 in DGTransportTDO
Setting time step: 0.1700836 in CombinedOp
Setting time step: 0.1700836 in IonStaticPressureOp
norm(r_0) 0
norm(r_1) 0
norm(r_2) 0
norm(r_3) 1.5620989e-05
norm(r_4) 0
Newton iteration  0 : ||r|| = 1.5621e-05
   Pass :  1   Iteration :   0  ||B r|| = 0.000521909 ...
   Pass :  1   Iteration :  15  ||B r|| = 7.54434e-07
norm(r_0) 0
norm(r_1) 0
norm(r_2) 0
norm(r_3) 1.2569536e-05
norm(r_4) 0
Newton iteration  1 : ||r|| = 1.25695e-05, ||r||/||r_0|| = 0.804657
Setting time step: 0.1700836 in DGTransportTDO
Setting time step: 0.1700836 in CombinedOp
Setting time step: 0.1700836 in IonStaticPressureOp
norm(r_0) 0
norm(r_1) 0
norm(r_2) 0
norm(r_3) 2.5923764e-05
norm(r_4) 0
Newton iteration  0 : ||r|| = 2.59238e-05
   Pass :  1   Iteration :   0  ||B r|| = 0.000199624 ...
   Pass :  1   Iteration :  11  ||B r|| = 8.84165e-07
norm(r_0) 0
norm(r_1) 0
norm(r_2) 0
norm(r_3) 1.2373075e-05
norm(r_4) 0
Newton iteration  1 : ||r|| = 1.23731e-05, ||r||/||r_0|| = 0.477287
Setting time step: 0.1700836 in DGTransportTDO
Setting time step: 0.1700836 in CombinedOp
Setting time step: 0.1700836 in IonStaticPressureOp
norm(r_0) 0
norm(r_1) 0
norm(r_2) 0
norm(r_3) 2.1054738e-05
norm(r_4) 0
Newton iteration  0 : ||r|| = 2.10547e-05
   Pass :  1   Iteration :   0  ||B r|| = 8.60158e-06 ...
   Pass :  1   Iteration :   3  ||B r|| = 9.96321e-07
norm(r_0) 0
norm(r_1) 0
norm(r_2) 0
norm(r_3) 1.0542123e-05
norm(r_4) 0
Newton iteration  1 : ||r|| = 1.05421e-05, ||r||/||r_0|| = 0.500701
Setting time step: 0.1700836 in DGTransportTDO
Setting time step: 0.1700836 in CombinedOp
Setting time step: 0.1700836 in IonStaticPressureOp
norm(r_0) 0
norm(r_1) 0
norm(r_2) 0
norm(r_3) 1.7212066e-05
norm(r_4) 0
Newton iteration  0 : ||r|| = 1.72121e-05
   Pass :  1   Iteration :   0  ||B r|| = 9.87756e-05 ...
   Pass :  1   Iteration :   9  ||B r|| = 8.19345e-07
norm(r_0) 0
norm(r_1) 0
norm(r_2) 0
norm(r_3) 1.1786728e-05
norm(r_4) 0
Newton iteration  1 : ||r|| = 1.17867e-05, ||r||/||r_0|| = 0.684794
Setting time step: 0.1700836 in DGTransportTDO
Setting time step: 0.1700836 in CombinedOp
Setting time step: 0.1700836 in IonStaticPressureOp
norm(r_0) 0
norm(r_1) 0
norm(r_2) 0
norm(r_3) 0.00048547945
norm(r_4) 0
Newton iteration  0 : ||r|| = 0.000485479
   Pass :  1   Iteration :   0  ||B r|| = 0.000169764 ...
   Pass :  1   Iteration :  19  ||B r|| = 7.74409e-07
norm(r_0) 0
norm(r_1) 0
norm(r_2) 0
norm(r_3) 1.5112622e-05
norm(r_4) 0
Newton iteration  1 : ||r|| = 1.51126e-05, ||r||/||r_0|| = 0.0311293
Setting time step: 0.34016719 in DGTransportTDO
Setting time step: 0.34016719 in CombinedOp
Setting time step: 0.34016719 in IonStaticPressureOp
norm(r_0) 0
norm(r_1) 0
norm(r_2) 0
norm(r_3) 1.5320361e-05
norm(r_4) 0
Newton iteration  0 : ||r|| = 1.53204e-05
   Pass :  1   Iteration :   0  ||B r|| = 4.65054e-05 ...
   Pass :  1   Iteration :   6  ||B r|| = 8.8801e-07
norm(r_0) 0
norm(r_1) 0
norm(r_2) 0
norm(r_3) 1.3908157e-05
norm(r_4) 0
Newton iteration  1 : ||r|| = 1.39082e-05, ||r||/||r_0|| = 0.907822
Setting time step: 0.34016719 in DGTransportTDO
Setting time step: 0.34016719 in CombinedOp
Setting time step: 0.34016719 in IonStaticPressureOp
norm(r_0) 0
norm(r_1) 0
norm(r_2) 0
norm(r_3) 3.1674279e-05
norm(r_4) 0
Newton iteration  0 : ||r|| = 3.16743e-05
   Pass :  1   Iteration :   0  ||B r|| = 3.29717e-05 ...
   Pass :  1   Iteration :   3  ||B r|| = 6.27625e-07
norm(r_0) 0
norm(r_1) 0
norm(r_2) 0
norm(r_3) 1.5105148e-05
norm(r_4) 0
Newton iteration  1 : ||r|| = 1.51051e-05, ||r||/||r_0|| = 0.47689
Setting time step: 0.34016719 in DGTransportTDO
Setting time step: 0.34016719 in CombinedOp
Setting time step: 0.34016719 in IonStaticPressureOp
norm(r_0) 0
norm(r_1) 0
norm(r_2) 0
norm(r_3) 2.4410677e-05
norm(r_4) 0
Newton iteration  0 : ||r|| = 2.44107e-05
   Pass :  1   Iteration :   0  ||B r|| = 1.23756e-05 ...
   Pass :  1   Iteration :   2  ||B r|| = 9.65633e-07
norm(r_0) 0
norm(r_1) 0
norm(r_2) 0
norm(r_3) 1.4185159e-05
norm(r_4) 0
Newton iteration  1 : ||r|| = 1.41852e-05, ||r||/||r_0|| = 0.581105
Setting time step: 0.34016719 in DGTransportTDO
Setting time step: 0.34016719 in CombinedOp
Setting time step: 0.34016719 in IonStaticPressureOp
norm(r_0) 0
norm(r_1) 0
norm(r_2) 0
norm(r_3) 1.8841815e-05
norm(r_4) 0
Newton iteration  0 : ||r|| = 1.88418e-05
   Pass :  1   Iteration :   0  ||B r|| = 1.97373e-06 ...
   Pass :  1   Iteration :   1  ||B r|| = 9.95183e-07
norm(r_0) 0
norm(r_1) 0
norm(r_2) 0
norm(r_3) 1.3633794e-05
norm(r_4) 0
Newton iteration  1 : ||r|| = 1.36338e-05, ||r||/||r_0|| = 0.723592
Setting time step: 0.34016719 in DGTransportTDO
Setting time step: 0.34016719 in CombinedOp
Setting time step: 0.34016719 in IonStaticPressureOp
norm(r_0) 0
norm(r_1) 0
norm(r_2) 0
norm(r_3) 0.00043688956
norm(r_4) 0
Newton iteration  0 : ||r|| = 0.00043689
   Pass :  1   Iteration :   0  ||B r|| = 7.2552e-05 ...
   Pass :  1   Iteration :   8  ||B r|| = 9.14505e-07
norm(r_0) 0
norm(r_1) 0
norm(r_2) 0
norm(r_3) 2.3235985e-05
norm(r_4) 0
Newton iteration  1 : ||r|| = 2.3236e-05, ||r||/||r_0|| = 0.053185
Setting time step: 0.68033439 in DGTransportTDO
Setting time step: 0.68033439 in CombinedOp
Setting time step: 0.68033439 in IonStaticPressureOp
norm(r_0) 0
norm(r_1) 0
norm(r_2) 0
norm(r_3) 2.323706e-05
norm(r_4) 0
Newton iteration  0 : ||r|| = 2.32371e-05
   Pass :  1   Iteration :   0  ||B r|| = 4.96196e-07
norm(r_0) 0
norm(r_1) 0
norm(r_2) 0
norm(r_3) 2.323706e-05
norm(r_4) 0
Newton iteration  1 : ||r|| = 2.32371e-05, ||r||/||r_0|| = 1
Setting time step: 0.68033439 in DGTransportTDO
Setting time step: 0.68033439 in CombinedOp
Setting time step: 0.68033439 in IonStaticPressureOp
norm(r_0) 0
norm(r_1) 0
norm(r_2) 0
norm(r_3) 2.323706e-05
norm(r_4) 0
Newton iteration  0 : ||r|| = 2.32371e-05
   Pass :  1   Iteration :   0  ||B r|| = 4.96196e-07
norm(r_0) 0
norm(r_1) 0
norm(r_2) 0
norm(r_3) 2.323706e-05
norm(r_4) 0
Newton iteration  1 : ||r|| = 2.32371e-05, ||r||/||r_0|| = 1
Setting time step: 0.68033439 in DGTransportTDO
Setting time step: 0.68033439 in CombinedOp
Setting time step: 0.68033439 in IonStaticPressureOp
norm(r_0) 0
norm(r_1) 0
norm(r_2) 0
norm(r_3) 2.323706e-05
norm(r_4) 0
Newton iteration  0 : ||r|| = 2.32371e-05
   Pass :  1   Iteration :   0  ||B r|| = 4.96196e-07
norm(r_0) 0
norm(r_1) 0
norm(r_2) 0
norm(r_3) 2.323706e-05
norm(r_4) 0
Newton iteration  1 : ||r|| = 2.32371e-05, ||r||/||r_0|| = 1
Setting time step: 0.68033439 in DGTransportTDO
Setting time step: 0.68033439 in CombinedOp
Setting time step: 0.68033439 in IonStaticPressureOp
norm(r_0) 0
norm(r_1) 0
norm(r_2) 0
norm(r_3) 2.323706e-05
norm(r_4) 0
Newton iteration  0 : ||r|| = 2.32371e-05
   Pass :  1   Iteration :   0  ||B r|| = 4.96196e-07
norm(r_0) 0
norm(r_1) 0
norm(r_2) 0
norm(r_3) 2.323706e-05
norm(r_4) 0
Newton iteration  1 : ||r|| = 2.32371e-05, ||r||/||r_0|| = 1
Setting time step: 0.68033439 in DGTransportTDO
Setting time step: 0.68033439 in CombinedOp
Setting time step: 0.68033439 in IonStaticPressureOp
norm(r_0) 0
norm(r_1) 0
norm(r_2) 0
norm(r_3) 2.323706e-05
norm(r_4) 0
Newton iteration  0 : ||r|| = 2.32371e-05
   Pass :  1   Iteration :   0  ||B r|| = 4.96196e-07
norm(r_0) 0
norm(r_1) 0
norm(r_2) 0
norm(r_3) 2.323706e-05
norm(r_4) 0
Newton iteration  1 : ||r|| = 2.32371e-05, ||r||/||r_0|| = 1
Setting time step: 0.68033439 in DGTransportTDO
Setting time step: 0.68033439 in CombinedOp
Setting time step: 0.68033439 in IonStaticPressureOp
norm(r_0) 0
norm(r_1) 0
norm(r_2) 0
norm(r_3) 2.323706e-05
norm(r_4) 0
Newton iteration  0 : ||r|| = 2.32371e-05
   Pass :  1   Iteration :   0  ||B r|| = 4.96196e-07
norm(r_0) 0
norm(r_1) 0
norm(r_2) 0
norm(r_3) 2.323706e-05
norm(r_4) 0
Newton iteration  1 : ||r|| = 2.32371e-05, ||r||/||r_0|| = 1
Setting time step: 0.68033439 in DGTransportTDO
Setting time step: 0.68033439 in CombinedOp
Setting time step: 0.68033439 in IonStaticPressureOp
norm(r_0) 0
norm(r_1) 0
norm(r_2) 0
norm(r_3) 2.323706e-05
norm(r_4) 0
Newton iteration  0 : ||r|| = 2.32371e-05
   Pass :  1   Iteration :   0  ||B r|| = 4.96196e-07
norm(r_0) 0
norm(r_1) 0
norm(r_2) 0
norm(r_3) 2.323706e-05
norm(r_4) 0
Newton iteration  1 : ||r|| = 2.32371e-05, ||r||/||r_0|| = 1
Setting time step: 0.68033439 in DGTransportTDO
Setting time step: 0.68033439 in CombinedOp
Setting time step: 0.68033439 in IonStaticPressureOp
norm(r_0) 0
norm(r_1) 0
norm(r_2) 0
norm(r_3) 2.323706e-05
norm(r_4) 0
Newton iteration  0 : ||r|| = 2.32371e-05
   Pass :  1   Iteration :   0  ||B r|| = 4.96196e-07
norm(r_0) 0
norm(r_1) 0
norm(r_2) 0
norm(r_3) 2.323706e-05
norm(r_4) 0
Newton iteration  1 : ||r|| = 2.32371e-05, ||r||/||r_0|| = 1
Setting time step: 0.68033439 in DGTransportTDO
Setting time step: 0.68033439 in CombinedOp
Setting time step: 0.68033439 in IonStaticPressureOp
norm(r_0) 0
norm(r_1) 0
norm(r_2) 0
norm(r_3) 2.323706e-05
norm(r_4) 0
Newton iteration  0 : ||r|| = 2.32371e-05
   Pass :  1   Iteration :   0  ||B r|| = 4.96196e-07
norm(r_0) 0
norm(r_1) 0
norm(r_2) 0
norm(r_3) 2.323706e-05
norm(r_4) 0
Newton iteration  1 : ||r|| = 2.32371e-05, ||r||/||r_0|| = 1
Setting time step: 0.68033439 in DGTransportTDO
Setting time step: 0.68033439 in CombinedOp
Setting time step: 0.68033439 in IonStaticPressureOp
norm(r_0) 0
norm(r_1) 0
norm(r_2) 0
norm(r_3) 2.323706e-05
norm(r_4) 0
Newton iteration  0 : ||r|| = 2.32371e-05
   Pass :  1   Iteration :   0  ||B r|| = 4.96196e-07
norm(r_0) 0
norm(r_1) 0
norm(r_2) 0
norm(r_3) 2.323706e-05
norm(r_4) 0
Newton iteration  1 : ||r|| = 2.32371e-05, ||r||/||r_0|| = 1
Time stepping paused at t = 8.3773175
Steady State solution has been reached

Time stepping done after 1.9433147s.
