Options used:
   --mesh ../../mfem/data/inline-quad.mesh
   --bc-file ../input-files/transport2d_bcs.inp
   --ic-file ../input-files/transport2d_ics.inp
   --ec-file ../input-files/transport2d_ecs.inp
   --es-file ../input-files/transport2d_ess.inp
   --eqdsk-file 
   --logging 1
   --operator-test 2
   --equation-weights '1 1 1 1 1'
   --problem 0
   --refine-serial 3
   --refine-parallel 0
   --disable-amr
   --max-err -1
   --hysteresis 0.25
   --nc-limit 3
   --amr-weights '1 1 1 1 1'
   --order 3
   --dg-sigma -1
   --dg-kappa 16
   --linear-abs-tolerance 1e-06
   --linear-rel-tolerance 1e-06
   --linear-max-iterations 500
   --linear-logging-level 3
   --newton-abs-tolerance 1e-10
   --newton-rel-tolerance 1e-10
   --newton-max-iterations 10
   --newton-logging-level 1
   --steady-state-abs-tolerance 1e-08
   --steady-state-rel-tolerance 1e-08
   --prec-type 1
   --prec-logging-level 0
   --initial-tolerance 1e-05
   --ode-tolerance 0.001
   --ode-solver 2
   --err-per-step
   --ode-weights '1 1 1 1 1'
   --kP 0
   --kI 0.6
   --kD 0
   --dead-zone-min 0.95
   --dead-zone-max 1.05
   --theta-max 2
   --t-minimum 0
   --t-final 200
   --time-step 0.01
   --cfl-number 0.3
   --ion-charge 1
   --ion-mass 2.0141018
   --neutral-mass 2.0141018
   --neutral-temp 3
   --min-neutral-density 9e+14
   --max-neutral-density 1e+15
   --neutral-density-exp 0
   --min-ion-density 1e+16
   --max-ion-density 1e+18
   --ion-density-exp 0
   --min-ion-temp 1
   --max-ion-temp 10
   --ion-temp-exp 0
   --min-electron-temp 10
   --max-electron-temp 440
   --electron-temp-exp 0
   --total-B-magnitude 5
   --poloidal-B-magnitude 0.5
   --velocity 1000
   --Di-perp 1
   --Xi-perp 1
   --Xe-perp 1
   --equation-term-flags '-1 17 -1 -1 -1'
   --visualization-flags '-1 -1 -1 -1 -1'
   --visualization
   --visit-datafiles
   --ascii-datafiles
   --no-check-gradient
   --visualization-steps 4
Device configuration: cpu
Memory configuration: host-std
Number of elements in initial mesh: 16
Number of elements after serial refinement: 1024
12: Number of elements in parallel mesh: 64
12: Number of elements after parallel refinement: 64
13: Number of elements in parallel mesh: 64
13: Number of elements after parallel refinement: 64
14: Number of elements in parallel mesh: 64
14: Number of elements after parallel refinement: 64
9: Number of elements in parallel mesh: 64
9: Number of elements after parallel refinement: 64
15: Number of elements in parallel mesh: 64
15: Number of elements after parallel refinement: 64
8: Number of elements in parallel mesh: 64
8: Number of elements after parallel refinement: 64
1: Number of elements in parallel mesh: 64
1: Number of elements after parallel refinement: 64
2: Number of elements in parallel mesh: 64
2: Number of elements after parallel refinement: 64
3: Number of elements in parallel mesh: 64
3: Number of elements after parallel refinement: 64
0: Number of elements in parallel mesh: 64
0: Number of elements after parallel refinement: 64
11: Number of elements in parallel mesh: 64
11: Number of elements after parallel refinement: 64
10: Number of elements in parallel mesh: 64
10: Number of elements after parallel refinement: 64
5: Number of elements in parallel mesh: 64
5: Number of elements after parallel refinement: 64
6: Number of elements in parallel mesh: 64
6: Number of elements after parallel refinement: 64
7: Number of elements in parallel mesh: 64
7: Number of elements after parallel refinement: 64
4: Number of elements in parallel mesh: 64
4: Number of elements after parallel refinement: 64
Configuring initial conditions
Reading initial conditions from ../input-files/transport2d_ics.inp
Configuring exact solutions
Reading exact solutions from ../input-files/transport2d_ess.inp
Number of unknowns per field: 16384
Total number of unknowns:     81920
Configuring boundary conditions
Reading boundary conditions from ../input-files/transport2d_bcs.inp
Configuring equation coefficients
Reading equation coefficients from ../input-files/transport2d_ecs.inp
Using B field from TotBFunc
Ion Density: Adding time derivative term proportional to d n_i / dt
Ion Density: Adding anisotropic diffusion term
Ion Density: Adding source term
Opening GLVis sockets.
Range of error estimates for initial condition: 2.7463886e-17 < elem err < 4.5052092e-17

Begin time stepping at t = 0
Setting time step: 0.0025 in DGTransportTDO
Setting time step: 0.0025 in CombinedOp
Setting time step: 0.0025 in IonDensityOp
norm(r_0) 0
norm(r_1) 0.084245755
norm(r_2) 0
norm(r_3) 0
norm(r_4) 0
Newton iteration  0 : ||r|| = 0.0842458
   Pass :  1   Iteration :   0  ||B r|| = 7.49872e-06 ...
   Pass :  1   Iteration :   2  ||B r|| = 8.35367e-07
norm(r_0) 0
norm(r_1) 22.64659
norm(r_2) 0
norm(r_3) 0
norm(r_4) 0
Newton iteration  1 : ||r|| = 22.6466, ||r||/||r_0|| = 268.816
   Pass :  1   Iteration :   0  ||B r|| = 8.35367e-07
norm(r_0) 0
norm(r_1) 22.64659
norm(r_2) 0
norm(r_3) 0
norm(r_4) 0
Newton iteration  2 : ||r|| = 22.6466, ||r||/||r_0|| = 268.816
   Pass :  1   Iteration :   0  ||B r|| = 8.35367e-07
norm(r_0) 0
norm(r_1) 22.64659
norm(r_2) 0
norm(r_3) 0
norm(r_4) 0
Newton iteration  3 : ||r|| = 22.6466, ||r||/||r_0|| = 268.816
   Pass :  1   Iteration :   0  ||B r|| = 8.35367e-07
norm(r_0) 0
norm(r_1) 22.64659
norm(r_2) 0
norm(r_3) 0
norm(r_4) 0
Newton iteration  4 : ||r|| = 22.6466, ||r||/||r_0|| = 268.816
   Pass :  1   Iteration :   0  ||B r|| = 8.35367e-07
norm(r_0) 0
norm(r_1) 22.64659
norm(r_2) 0
norm(r_3) 0
norm(r_4) 0
Newton iteration  5 : ||r|| = 22.6466, ||r||/||r_0|| = 268.816
   Pass :  1   Iteration :   0  ||B r|| = 8.35367e-07
norm(r_0) 0
norm(r_1) 22.64659
norm(r_2) 0
norm(r_3) 0
norm(r_4) 0
Newton iteration  6 : ||r|| = 22.6466, ||r||/||r_0|| = 268.816
   Pass :  1   Iteration :   0  ||B r|| = 8.35367e-07
norm(r_0) 0
norm(r_1) 22.64659
norm(r_2) 0
norm(r_3) 0
norm(r_4) 0
Newton iteration  7 : ||r|| = 22.6466, ||r||/||r_0|| = 268.816
   Pass :  1   Iteration :   0  ||B r|| = 8.35367e-07
norm(r_0) 0
norm(r_1) 22.64659
norm(r_2) 0
norm(r_3) 0
norm(r_4) 0
Newton iteration  8 : ||r|| = 22.6466, ||r||/||r_0|| = 268.816
   Pass :  1   Iteration :   0  ||B r|| = 8.35367e-07
norm(r_0) 0
norm(r_1) 22.64659
norm(r_2) 0
norm(r_3) 0
norm(r_4) 0
Newton iteration  9 : ||r|| = 22.6466, ||r||/||r_0|| = 268.816
   Pass :  1   Iteration :   0  ||B r|| = 8.35367e-07
norm(r_0) 0
norm(r_1) 22.64659
norm(r_2) 0
norm(r_3) 0
norm(r_4) 0
Newton iteration 10 : ||r|| = 22.6466, ||r||/||r_0|| = 268.816
Setting time step: 0.0025 in DGTransportTDO
Setting time step: 0.0025 in CombinedOp
Setting time step: 0.0025 in IonDensityOp
norm(r_0) 0
norm(r_1) 45.292968
norm(r_2) 0
norm(r_3) 0
norm(r_4) 0
Newton iteration  0 : ||r|| = 45.293
   Pass :  1   Iteration :   0  ||B r|| = 7.49871e-06 ...
   Pass :  1   Iteration :   2  ||B r|| = 9.51201e-07
norm(r_0) 0
norm(r_1) 10.159105
norm(r_2) 0
norm(r_3) 0
norm(r_4) 0
Newton iteration  1 : ||r|| = 10.1591, ||r||/||r_0|| = 0.224298
   Pass :  1   Iteration :   0  ||B r|| = 9.51201e-07
norm(r_0) 0
norm(r_1) 10.159105
norm(r_2) 0
norm(r_3) 0
norm(r_4) 0
Newton iteration  2 : ||r|| = 10.1591, ||r||/||r_0|| = 0.224298
   Pass :  1   Iteration :   0  ||B r|| = 9.51201e-07
norm(r_0) 0
norm(r_1) 10.159105
norm(r_2) 0
norm(r_3) 0
norm(r_4) 0
Newton iteration  3 : ||r|| = 10.1591, ||r||/||r_0|| = 0.224298
   Pass :  1   Iteration :   0  ||B r|| = 9.51201e-07
norm(r_0) 0
norm(r_1) 10.159105
norm(r_2) 0
norm(r_3) 0
norm(r_4) 0
Newton iteration  4 : ||r|| = 10.1591, ||r||/||r_0|| = 0.224298
   Pass :  1   Iteration :   0  ||B r|| = 9.51201e-07
norm(r_0) 0
norm(r_1) 10.159105
norm(r_2) 0
norm(r_3) 0
norm(r_4) 0
Newton iteration  5 : ||r|| = 10.1591, ||r||/||r_0|| = 0.224298
   Pass :  1   Iteration :   0  ||B r|| = 9.51201e-07
norm(r_0) 0
norm(r_1) 10.159105
norm(r_2) 0
norm(r_3) 0
norm(r_4) 0
Newton iteration  6 : ||r|| = 10.1591, ||r||/||r_0|| = 0.224298
   Pass :  1   Iteration :   0  ||B r|| = 9.51201e-07
norm(r_0) 0
norm(r_1) 10.159105
norm(r_2) 0
norm(r_3) 0
norm(r_4) 0
Newton iteration  7 : ||r|| = 10.1591, ||r||/||r_0|| = 0.224298
   Pass :  1   Iteration :   0  ||B r|| = 9.51201e-07
norm(r_0) 0
norm(r_1) 10.159105
norm(r_2) 0
norm(r_3) 0
norm(r_4) 0
Newton iteration  8 : ||r|| = 10.1591, ||r||/||r_0|| = 0.224298
   Pass :  1   Iteration :   0  ||B r|| = 9.51201e-07
norm(r_0) 0
norm(r_1) 10.159105
norm(r_2) 0
norm(r_3) 0
norm(r_4) 0
Newton iteration  9 : ||r|| = 10.1591, ||r||/||r_0|| = 0.224298
   Pass :  1   Iteration :   0  ||B r|| = 9.51201e-07
norm(r_0) 0
norm(r_1) 10.159105
norm(r_2) 0
norm(r_3) 0
norm(r_4) 0
Newton iteration 10 : ||r|| = 10.1591, ||r||/||r_0|| = 0.224298
Setting time step: 0.0025 in DGTransportTDO
Setting time step: 0.0025 in CombinedOp
Setting time step: 0.0025 in IonDensityOp
norm(r_0) 0
norm(r_1) 38.297462
norm(r_2) 0
norm(r_3) 0
norm(r_4) 0
Newton iteration  0 : ||r|| = 38.2975
   Pass :  1   Iteration :   0  ||B r|| = 3.9695e-06 ...
   Pass :  1   Iteration :   1  ||B r|| = 7.83459e-07
norm(r_0) 0
norm(r_1) 17.520438
norm(r_2) 0
norm(r_3) 0
norm(r_4) 0
Newton iteration  1 : ||r|| = 17.5204, ||r||/||r_0|| = 0.457483
   Pass :  1   Iteration :   0  ||B r|| = 7.83459e-07
norm(r_0) 0
norm(r_1) 17.520438
norm(r_2) 0
norm(r_3) 0
norm(r_4) 0
Newton iteration  2 : ||r|| = 17.5204, ||r||/||r_0|| = 0.457483
   Pass :  1   Iteration :   0  ||B r|| = 7.83459e-07
norm(r_0) 0
norm(r_1) 17.520438
norm(r_2) 0
norm(r_3) 0
norm(r_4) 0
Newton iteration  3 : ||r|| = 17.5204, ||r||/||r_0|| = 0.457483
   Pass :  1   Iteration :   0  ||B r|| = 7.83459e-07
norm(r_0) 0
norm(r_1) 17.520438
norm(r_2) 0
norm(r_3) 0
norm(r_4) 0
Newton iteration  4 : ||r|| = 17.5204, ||r||/||r_0|| = 0.457483
   Pass :  1   Iteration :   0  ||B r|| = 7.83459e-07
norm(r_0) 0
norm(r_1) 17.520438
norm(r_2) 0
norm(r_3) 0
norm(r_4) 0
Newton iteration  5 : ||r|| = 17.5204, ||r||/||r_0|| = 0.457483
   Pass :  1   Iteration :   0  ||B r|| = 7.83459e-07
norm(r_0) 0
norm(r_1) 17.520438
norm(r_2) 0
norm(r_3) 0
norm(r_4) 0
Newton iteration  6 : ||r|| = 17.5204, ||r||/||r_0|| = 0.457483
   Pass :  1   Iteration :   0  ||B r|| = 7.83459e-07
norm(r_0) 0
norm(r_1) 17.520438
norm(r_2) 0
norm(r_3) 0
norm(r_4) 0
Newton iteration  7 : ||r|| = 17.5204, ||r||/||r_0|| = 0.457483
   Pass :  1   Iteration :   0  ||B r|| = 7.83459e-07
norm(r_0) 0
norm(r_1) 17.520438
norm(r_2) 0
norm(r_3) 0
norm(r_4) 0
Newton iteration  8 : ||r|| = 17.5204, ||r||/||r_0|| = 0.457483
   Pass :  1   Iteration :   0  ||B r|| = 7.83459e-07
norm(r_0) 0
norm(r_1) 17.520438
norm(r_2) 0
norm(r_3) 0
norm(r_4) 0
Newton iteration  9 : ||r|| = 17.5204, ||r||/||r_0|| = 0.457483
   Pass :  1   Iteration :   0  ||B r|| = 7.83459e-07
norm(r_0) 0
norm(r_1) 17.520438
norm(r_2) 0
norm(r_3) 0
norm(r_4) 0
Newton iteration 10 : ||r|| = 17.5204, ||r||/||r_0|| = 0.457483
Setting time step: 0.0025 in DGTransportTDO
Setting time step: 0.0025 in CombinedOp
Setting time step: 0.0025 in IonDensityOp
norm(r_0) 0
norm(r_1) 31.833133
norm(r_2) 0
norm(r_3) 0
norm(r_4) 0
Newton iteration  0 : ||r|| = 31.8331
   Pass :  1   Iteration :   0  ||B r|| = 1.9621e-06 ...
   Pass :  1   Iteration :   1  ||B r|| = 8.09359e-07
norm(r_0) 0
norm(r_1) 21.879556
norm(r_2) 0
norm(r_3) 0
norm(r_4) 0
Newton iteration  1 : ||r|| = 21.8796, ||r||/||r_0|| = 0.68732
   Pass :  1   Iteration :   0  ||B r|| = 8.09359e-07
norm(r_0) 0
norm(r_1) 21.879556
norm(r_2) 0
norm(r_3) 0
norm(r_4) 0
Newton iteration  2 : ||r|| = 21.8796, ||r||/||r_0|| = 0.68732
   Pass :  1   Iteration :   0  ||B r|| = 8.09359e-07
norm(r_0) 0
norm(r_1) 21.879556
norm(r_2) 0
norm(r_3) 0
norm(r_4) 0
Newton iteration  3 : ||r|| = 21.8796, ||r||/||r_0|| = 0.68732
   Pass :  1   Iteration :   0  ||B r|| = 8.09359e-07
norm(r_0) 0
norm(r_1) 21.879556
norm(r_2) 0
norm(r_3) 0
norm(r_4) 0
Newton iteration  4 : ||r|| = 21.8796, ||r||/||r_0|| = 0.68732
   Pass :  1   Iteration :   0  ||B r|| = 8.09359e-07
norm(r_0) 0
norm(r_1) 21.879556
norm(r_2) 0
norm(r_3) 0
norm(r_4) 0
Newton iteration  5 : ||r|| = 21.8796, ||r||/||r_0|| = 0.68732
   Pass :  1   Iteration :   0  ||B r|| = 8.09359e-07
norm(r_0) 0
norm(r_1) 21.879556
norm(r_2) 0
norm(r_3) 0
norm(r_4) 0
Newton iteration  6 : ||r|| = 21.8796, ||r||/||r_0|| = 0.68732
   Pass :  1   Iteration :   0  ||B r|| = 8.09359e-07
norm(r_0) 0
norm(r_1) 21.879556
norm(r_2) 0
norm(r_3) 0
norm(r_4) 0
Newton iteration  7 : ||r|| = 21.8796, ||r||/||r_0|| = 0.68732
   Pass :  1   Iteration :   0  ||B r|| = 8.09359e-07
norm(r_0) 0
norm(r_1) 21.879556
norm(r_2) 0
norm(r_3) 0
norm(r_4) 0
Newton iteration  8 : ||r|| = 21.8796, ||r||/||r_0|| = 0.68732
   Pass :  1   Iteration :   0  ||B r|| = 8.09359e-07
norm(r_0) 0
norm(r_1) 21.879556
norm(r_2) 0
norm(r_3) 0
norm(r_4) 0
Newton iteration  9 : ||r|| = 21.8796, ||r||/||r_0|| = 0.68732
   Pass :  1   Iteration :   0  ||B r|| = 8.09359e-07
norm(r_0) 0
norm(r_1) 21.879556
norm(r_2) 0
norm(r_3) 0
norm(r_4) 0
Newton iteration 10 : ||r|| = 21.8796, ||r||/||r_0|| = 0.68732
Setting time step: 0.0025 in DGTransportTDO
Setting time step: 0.0025 in CombinedOp
Setting time step: 0.0025 in IonDensityOp
norm(r_0) 0
norm(r_1) 134.33068
norm(r_2) 0
norm(r_3) 0
norm(r_4) 0
Newton iteration  0 : ||r|| = 134.331
   Pass :  1   Iteration :   0  ||B r|| = 1.75857e-05 ...
   Pass :  1   Iteration :   4  ||B r|| = 7.01672e-07
norm(r_0) 0
norm(r_1) 14.930038
norm(r_2) 0
norm(r_3) 0
norm(r_4) 0
Newton iteration  1 : ||r|| = 14.93, ||r||/||r_0|| = 0.111144
   Pass :  1   Iteration :   0  ||B r|| = 7.01672e-07
norm(r_0) 0
norm(r_1) 14.930038
norm(r_2) 0
norm(r_3) 0
norm(r_4) 0
Newton iteration  2 : ||r|| = 14.93, ||r||/||r_0|| = 0.111144
   Pass :  1   Iteration :   0  ||B r|| = 7.01672e-07
norm(r_0) 0
norm(r_1) 14.930038
norm(r_2) 0
norm(r_3) 0
norm(r_4) 0
Newton iteration  3 : ||r|| = 14.93, ||r||/||r_0|| = 0.111144
   Pass :  1   Iteration :   0  ||B r|| = 7.01672e-07
norm(r_0) 0
norm(r_1) 14.930038
norm(r_2) 0
norm(r_3) 0
norm(r_4) 0
Newton iteration  4 : ||r|| = 14.93, ||r||/||r_0|| = 0.111144
   Pass :  1   Iteration :   0  ||B r|| = 7.01672e-07
norm(r_0) 0
norm(r_1) 14.930038
norm(r_2) 0
norm(r_3) 0
norm(r_4) 0
Newton iteration  5 : ||r|| = 14.93, ||r||/||r_0|| = 0.111144
   Pass :  1   Iteration :   0  ||B r|| = 7.01672e-07
norm(r_0) 0
norm(r_1) 14.930038
norm(r_2) 0
norm(r_3) 0
norm(r_4) 0
Newton iteration  6 : ||r|| = 14.93, ||r||/||r_0|| = 0.111144
   Pass :  1   Iteration :   0  ||B r|| = 7.01672e-07
norm(r_0) 0
norm(r_1) 14.930038
norm(r_2) 0
norm(r_3) 0
norm(r_4) 0
Newton iteration  7 : ||r|| = 14.93, ||r||/||r_0|| = 0.111144
   Pass :  1   Iteration :   0  ||B r|| = 7.01672e-07
norm(r_0) 0
norm(r_1) 14.930038
norm(r_2) 0
norm(r_3) 0
norm(r_4) 0
Newton iteration  8 : ||r|| = 14.93, ||r||/||r_0|| = 0.111144
   Pass :  1   Iteration :   0  ||B r|| = 7.01672e-07
norm(r_0) 0
norm(r_1) 14.930038
norm(r_2) 0
norm(r_3) 0
norm(r_4) 0
Newton iteration  9 : ||r|| = 14.93, ||r||/||r_0|| = 0.111144
   Pass :  1   Iteration :   0  ||B r|| = 7.01672e-07
norm(r_0) 0
norm(r_1) 14.930038
norm(r_2) 0
norm(r_3) 0
norm(r_4) 0
Newton iteration 10 : ||r|| = 14.93, ||r||/||r_0|| = 0.111144
Setting time step: 0.005 in DGTransportTDO
Setting time step: 0.005 in CombinedOp
Setting time step: 0.005 in IonDensityOp
norm(r_0) 0
norm(r_1) 14.930038
norm(r_2) 0
norm(r_3) 0
norm(r_4) 0
Newton iteration  0 : ||r|| = 14.93
   Pass :  1   Iteration :   0  ||B r|| = 3.50836e-07
norm(r_0) 0
norm(r_1) 14.930038
norm(r_2) 0
norm(r_3) 0
norm(r_4) 0
Newton iteration  1 : ||r|| = 14.93, ||r||/||r_0|| = 1
   Pass :  1   Iteration :   0  ||B r|| = 3.50836e-07
norm(r_0) 0
norm(r_1) 14.930038
norm(r_2) 0
norm(r_3) 0
norm(r_4) 0
Newton iteration  2 : ||r|| = 14.93, ||r||/||r_0|| = 1
   Pass :  1   Iteration :   0  ||B r|| = 3.50836e-07
norm(r_0) 0
norm(r_1) 14.930038
norm(r_2) 0
norm(r_3) 0
norm(r_4) 0
Newton iteration  3 : ||r|| = 14.93, ||r||/||r_0|| = 1
   Pass :  1   Iteration :   0  ||B r|| = 3.50836e-07
norm(r_0) 0
norm(r_1) 14.930038
norm(r_2) 0
norm(r_3) 0
norm(r_4) 0
Newton iteration  4 : ||r|| = 14.93, ||r||/||r_0|| = 1
   Pass :  1   Iteration :   0  ||B r|| = 3.50836e-07
norm(r_0) 0
norm(r_1) 14.930038
norm(r_2) 0
norm(r_3) 0
norm(r_4) 0
Newton iteration  5 : ||r|| = 14.93, ||r||/||r_0|| = 1
   Pass :  1   Iteration :   0  ||B r|| = 3.50836e-07
norm(r_0) 0
norm(r_1) 14.930038
norm(r_2) 0
norm(r_3) 0
norm(r_4) 0
Newton iteration  6 : ||r|| = 14.93, ||r||/||r_0|| = 1
   Pass :  1   Iteration :   0  ||B r|| = 3.50836e-07
norm(r_0) 0
norm(r_1) 14.930038
norm(r_2) 0
norm(r_3) 0
norm(r_4) 0
Newton iteration  7 : ||r|| = 14.93, ||r||/||r_0|| = 1
   Pass :  1   Iteration :   0  ||B r|| = 3.50836e-07
norm(r_0) 0
norm(r_1) 14.930038
norm(r_2) 0
norm(r_3) 0
norm(r_4) 0
Newton iteration  8 : ||r|| = 14.93, ||r||/||r_0|| = 1
   Pass :  1   Iteration :   0  ||B r|| = 3.50836e-07
norm(r_0) 0
norm(r_1) 14.930038
norm(r_2) 0
norm(r_3) 0
norm(r_4) 0
Newton iteration  9 : ||r|| = 14.93, ||r||/||r_0|| = 1
   Pass :  1   Iteration :   0  ||B r|| = 3.50836e-07
norm(r_0) 0
norm(r_1) 14.930038
norm(r_2) 0
norm(r_3) 0
norm(r_4) 0
Newton iteration 10 : ||r|| = 14.93, ||r||/||r_0|| = 1
Setting time step: 0.005 in DGTransportTDO
Setting time step: 0.005 in CombinedOp
Setting time step: 0.005 in IonDensityOp
norm(r_0) 0
norm(r_1) 14.930038
norm(r_2) 0
norm(r_3) 0
norm(r_4) 0
Newton iteration  0 : ||r|| = 14.93
   Pass :  1   Iteration :   0  ||B r|| = 3.50836e-07
norm(r_0) 0
norm(r_1) 14.930038
norm(r_2) 0
norm(r_3) 0
norm(r_4) 0
Newton iteration  1 : ||r|| = 14.93, ||r||/||r_0|| = 1
   Pass :  1   Iteration :   0  ||B r|| = 3.50836e-07
norm(r_0) 0
norm(r_1) 14.930038
norm(r_2) 0
norm(r_3) 0
norm(r_4) 0
Newton iteration  2 : ||r|| = 14.93, ||r||/||r_0|| = 1
   Pass :  1   Iteration :   0  ||B r|| = 3.50836e-07
norm(r_0) 0
norm(r_1) 14.930038
norm(r_2) 0
norm(r_3) 0
norm(r_4) 0
Newton iteration  3 : ||r|| = 14.93, ||r||/||r_0|| = 1
   Pass :  1   Iteration :   0  ||B r|| = 3.50836e-07
norm(r_0) 0
norm(r_1) 14.930038
norm(r_2) 0
norm(r_3) 0
norm(r_4) 0
Newton iteration  4 : ||r|| = 14.93, ||r||/||r_0|| = 1
   Pass :  1   Iteration :   0  ||B r|| = 3.50836e-07
norm(r_0) 0
norm(r_1) 14.930038
norm(r_2) 0
norm(r_3) 0
norm(r_4) 0
Newton iteration  5 : ||r|| = 14.93, ||r||/||r_0|| = 1
   Pass :  1   Iteration :   0  ||B r|| = 3.50836e-07
norm(r_0) 0
norm(r_1) 14.930038
norm(r_2) 0
norm(r_3) 0
norm(r_4) 0
Newton iteration  6 : ||r|| = 14.93, ||r||/||r_0|| = 1
   Pass :  1   Iteration :   0  ||B r|| = 3.50836e-07
norm(r_0) 0
norm(r_1) 14.930038
norm(r_2) 0
norm(r_3) 0
norm(r_4) 0
Newton iteration  7 : ||r|| = 14.93, ||r||/||r_0|| = 1
   Pass :  1   Iteration :   0  ||B r|| = 3.50836e-07
norm(r_0) 0
norm(r_1) 14.930038
norm(r_2) 0
norm(r_3) 0
norm(r_4) 0
Newton iteration  8 : ||r|| = 14.93, ||r||/||r_0|| = 1
   Pass :  1   Iteration :   0  ||B r|| = 3.50836e-07
norm(r_0) 0
norm(r_1) 14.930038
norm(r_2) 0
norm(r_3) 0
norm(r_4) 0
Newton iteration  9 : ||r|| = 14.93, ||r||/||r_0|| = 1
   Pass :  1   Iteration :   0  ||B r|| = 3.50836e-07
norm(r_0) 0
norm(r_1) 14.930038
norm(r_2) 0
norm(r_3) 0
norm(r_4) 0
Newton iteration 10 : ||r|| = 14.93, ||r||/||r_0|| = 1
Setting time step: 0.005 in DGTransportTDO
Setting time step: 0.005 in CombinedOp
Setting time step: 0.005 in IonDensityOp
norm(r_0) 0
norm(r_1) 14.930038
norm(r_2) 0
norm(r_3) 0
norm(r_4) 0
Newton iteration  0 : ||r|| = 14.93
   Pass :  1   Iteration :   0  ||B r|| = 3.50836e-07
norm(r_0) 0
norm(r_1) 14.930038
norm(r_2) 0
norm(r_3) 0
norm(r_4) 0
Newton iteration  1 : ||r|| = 14.93, ||r||/||r_0|| = 1
   Pass :  1   Iteration :   0  ||B r|| = 3.50836e-07
norm(r_0) 0
norm(r_1) 14.930038
norm(r_2) 0
norm(r_3) 0
norm(r_4) 0
Newton iteration  2 : ||r|| = 14.93, ||r||/||r_0|| = 1
   Pass :  1   Iteration :   0  ||B r|| = 3.50836e-07
norm(r_0) 0
norm(r_1) 14.930038
norm(r_2) 0
norm(r_3) 0
norm(r_4) 0
Newton iteration  3 : ||r|| = 14.93, ||r||/||r_0|| = 1
   Pass :  1   Iteration :   0  ||B r|| = 3.50836e-07
norm(r_0) 0
norm(r_1) 14.930038
norm(r_2) 0
norm(r_3) 0
norm(r_4) 0
Newton iteration  4 : ||r|| = 14.93, ||r||/||r_0|| = 1
   Pass :  1   Iteration :   0  ||B r|| = 3.50836e-07
norm(r_0) 0
norm(r_1) 14.930038
norm(r_2) 0
norm(r_3) 0
norm(r_4) 0
Newton iteration  5 : ||r|| = 14.93, ||r||/||r_0|| = 1
   Pass :  1   Iteration :   0  ||B r|| = 3.50836e-07
norm(r_0) 0
norm(r_1) 14.930038
norm(r_2) 0
norm(r_3) 0
norm(r_4) 0
Newton iteration  6 : ||r|| = 14.93, ||r||/||r_0|| = 1
   Pass :  1   Iteration :   0  ||B r|| = 3.50836e-07
norm(r_0) 0
norm(r_1) 14.930038
norm(r_2) 0
norm(r_3) 0
norm(r_4) 0
Newton iteration  7 : ||r|| = 14.93, ||r||/||r_0|| = 1
   Pass :  1   Iteration :   0  ||B r|| = 3.50836e-07
norm(r_0) 0
norm(r_1) 14.930038
norm(r_2) 0
norm(r_3) 0
norm(r_4) 0
Newton iteration  8 : ||r|| = 14.93, ||r||/||r_0|| = 1
   Pass :  1   Iteration :   0  ||B r|| = 3.50836e-07
norm(r_0) 0
norm(r_1) 14.930038
norm(r_2) 0
norm(r_3) 0
norm(r_4) 0
Newton iteration  9 : ||r|| = 14.93, ||r||/||r_0|| = 1
   Pass :  1   Iteration :   0  ||B r|| = 3.50836e-07
norm(r_0) 0
norm(r_1) 14.930038
norm(r_2) 0
norm(r_3) 0
norm(r_4) 0
Newton iteration 10 : ||r|| = 14.93, ||r||/||r_0|| = 1
Setting time step: 0.005 in DGTransportTDO
Setting time step: 0.005 in CombinedOp
Setting time step: 0.005 in IonDensityOp
norm(r_0) 0
norm(r_1) 14.930038
norm(r_2) 0
norm(r_3) 0
norm(r_4) 0
Newton iteration  0 : ||r|| = 14.93
   Pass :  1   Iteration :   0  ||B r|| = 3.50836e-07
norm(r_0) 0
norm(r_1) 14.930038
norm(r_2) 0
norm(r_3) 0
norm(r_4) 0
Newton iteration  1 : ||r|| = 14.93, ||r||/||r_0|| = 1
   Pass :  1   Iteration :   0  ||B r|| = 3.50836e-07
norm(r_0) 0
norm(r_1) 14.930038
norm(r_2) 0
norm(r_3) 0
norm(r_4) 0
Newton iteration  2 : ||r|| = 14.93, ||r||/||r_0|| = 1
   Pass :  1   Iteration :   0  ||B r|| = 3.50836e-07
norm(r_0) 0
norm(r_1) 14.930038
norm(r_2) 0
norm(r_3) 0
norm(r_4) 0
Newton iteration  3 : ||r|| = 14.93, ||r||/||r_0|| = 1
   Pass :  1   Iteration :   0  ||B r|| = 3.50836e-07
norm(r_0) 0
norm(r_1) 14.930038
norm(r_2) 0
norm(r_3) 0
norm(r_4) 0
Newton iteration  4 : ||r|| = 14.93, ||r||/||r_0|| = 1
   Pass :  1   Iteration :   0  ||B r|| = 3.50836e-07
norm(r_0) 0
norm(r_1) 14.930038
norm(r_2) 0
norm(r_3) 0
norm(r_4) 0
Newton iteration  5 : ||r|| = 14.93, ||r||/||r_0|| = 1
   Pass :  1   Iteration :   0  ||B r|| = 3.50836e-07
norm(r_0) 0
norm(r_1) 14.930038
norm(r_2) 0
norm(r_3) 0
norm(r_4) 0
Newton iteration  6 : ||r|| = 14.93, ||r||/||r_0|| = 1
   Pass :  1   Iteration :   0  ||B r|| = 3.50836e-07
norm(r_0) 0
norm(r_1) 14.930038
norm(r_2) 0
norm(r_3) 0
norm(r_4) 0
Newton iteration  7 : ||r|| = 14.93, ||r||/||r_0|| = 1
   Pass :  1   Iteration :   0  ||B r|| = 3.50836e-07
norm(r_0) 0
norm(r_1) 14.930038
norm(r_2) 0
norm(r_3) 0
norm(r_4) 0
Newton iteration  8 : ||r|| = 14.93, ||r||/||r_0|| = 1
   Pass :  1   Iteration :   0  ||B r|| = 3.50836e-07
norm(r_0) 0
norm(r_1) 14.930038
norm(r_2) 0
norm(r_3) 0
norm(r_4) 0
Newton iteration  9 : ||r|| = 14.93, ||r||/||r_0|| = 1
   Pass :  1   Iteration :   0  ||B r|| = 3.50836e-07
norm(r_0) 0
norm(r_1) 14.930038
norm(r_2) 0
norm(r_3) 0
norm(r_4) 0
Newton iteration 10 : ||r|| = 14.93, ||r||/||r_0|| = 1
Setting time step: 0.005 in DGTransportTDO
Setting time step: 0.005 in CombinedOp
Setting time step: 0.005 in IonDensityOp
norm(r_0) 0
norm(r_1) 14.930038
norm(r_2) 0
norm(r_3) 0
norm(r_4) 0
Newton iteration  0 : ||r|| = 14.93
   Pass :  1   Iteration :   0  ||B r|| = 3.50836e-07
norm(r_0) 0
norm(r_1) 14.930038
norm(r_2) 0
norm(r_3) 0
norm(r_4) 0
Newton iteration  1 : ||r|| = 14.93, ||r||/||r_0|| = 1
   Pass :  1   Iteration :   0  ||B r|| = 3.50836e-07
norm(r_0) 0
norm(r_1) 14.930038
norm(r_2) 0
norm(r_3) 0
norm(r_4) 0
Newton iteration  2 : ||r|| = 14.93, ||r||/||r_0|| = 1
   Pass :  1   Iteration :   0  ||B r|| = 3.50836e-07
norm(r_0) 0
norm(r_1) 14.930038
norm(r_2) 0
norm(r_3) 0
norm(r_4) 0
Newton iteration  3 : ||r|| = 14.93, ||r||/||r_0|| = 1
   Pass :  1   Iteration :   0  ||B r|| = 3.50836e-07
norm(r_0) 0
norm(r_1) 14.930038
norm(r_2) 0
norm(r_3) 0
norm(r_4) 0
Newton iteration  4 : ||r|| = 14.93, ||r||/||r_0|| = 1
   Pass :  1   Iteration :   0  ||B r|| = 3.50836e-07
norm(r_0) 0
norm(r_1) 14.930038
norm(r_2) 0
norm(r_3) 0
norm(r_4) 0
Newton iteration  5 : ||r|| = 14.93, ||r||/||r_0|| = 1
   Pass :  1   Iteration :   0  ||B r|| = 3.50836e-07
norm(r_0) 0
norm(r_1) 14.930038
norm(r_2) 0
norm(r_3) 0
norm(r_4) 0
Newton iteration  6 : ||r|| = 14.93, ||r||/||r_0|| = 1
   Pass :  1   Iteration :   0  ||B r|| = 3.50836e-07
norm(r_0) 0
norm(r_1) 14.930038
norm(r_2) 0
norm(r_3) 0
norm(r_4) 0
Newton iteration  7 : ||r|| = 14.93, ||r||/||r_0|| = 1
   Pass :  1   Iteration :   0  ||B r|| = 3.50836e-07
norm(r_0) 0
norm(r_1) 14.930038
norm(r_2) 0
norm(r_3) 0
norm(r_4) 0
Newton iteration  8 : ||r|| = 14.93, ||r||/||r_0|| = 1
   Pass :  1   Iteration :   0  ||B r|| = 3.50836e-07
norm(r_0) 0
norm(r_1) 14.930038
norm(r_2) 0
norm(r_3) 0
norm(r_4) 0
Newton iteration  9 : ||r|| = 14.93, ||r||/||r_0|| = 1
   Pass :  1   Iteration :   0  ||B r|| = 3.50836e-07
norm(r_0) 0
norm(r_1) 14.930038
norm(r_2) 0
norm(r_3) 0
norm(r_4) 0
Newton iteration 10 : ||r|| = 14.93, ||r||/||r_0|| = 1
Setting time step: 0.005 in DGTransportTDO
Setting time step: 0.005 in CombinedOp
Setting time step: 0.005 in IonDensityOp
norm(r_0) 0
norm(r_1) 14.930038
norm(r_2) 0
norm(r_3) 0
norm(r_4) 0
Newton iteration  0 : ||r|| = 14.93
   Pass :  1   Iteration :   0  ||B r|| = 3.50836e-07
norm(r_0) 0
norm(r_1) 14.930038
norm(r_2) 0
norm(r_3) 0
norm(r_4) 0
Newton iteration  1 : ||r|| = 14.93, ||r||/||r_0|| = 1
   Pass :  1   Iteration :   0  ||B r|| = 3.50836e-07
norm(r_0) 0
norm(r_1) 14.930038
norm(r_2) 0
norm(r_3) 0
norm(r_4) 0
Newton iteration  2 : ||r|| = 14.93, ||r||/||r_0|| = 1
   Pass :  1   Iteration :   0  ||B r|| = 3.50836e-07
norm(r_0) 0
norm(r_1) 14.930038
norm(r_2) 0
norm(r_3) 0
norm(r_4) 0
Newton iteration  3 : ||r|| = 14.93, ||r||/||r_0|| = 1
   Pass :  1   Iteration :   0  ||B r|| = 3.50836e-07
norm(r_0) 0
norm(r_1) 14.930038
norm(r_2) 0
norm(r_3) 0
norm(r_4) 0
Newton iteration  4 : ||r|| = 14.93, ||r||/||r_0|| = 1
   Pass :  1   Iteration :   0  ||B r|| = 3.50836e-07
norm(r_0) 0
norm(r_1) 14.930038
norm(r_2) 0
norm(r_3) 0
norm(r_4) 0
Newton iteration  5 : ||r|| = 14.93, ||r||/||r_0|| = 1
   Pass :  1   Iteration :   0  ||B r|| = 3.50836e-07
norm(r_0) 0
norm(r_1) 14.930038
norm(r_2) 0
norm(r_3) 0
norm(r_4) 0
Newton iteration  6 : ||r|| = 14.93, ||r||/||r_0|| = 1
   Pass :  1   Iteration :   0  ||B r|| = 3.50836e-07
norm(r_0) 0
norm(r_1) 14.930038
norm(r_2) 0
norm(r_3) 0
norm(r_4) 0
Newton iteration  7 : ||r|| = 14.93, ||r||/||r_0|| = 1
   Pass :  1   Iteration :   0  ||B r|| = 3.50836e-07
norm(r_0) 0
norm(r_1) 14.930038
norm(r_2) 0
norm(r_3) 0
norm(r_4) 0
Newton iteration  8 : ||r|| = 14.93, ||r||/||r_0|| = 1
   Pass :  1   Iteration :   0  ||B r|| = 3.50836e-07
norm(r_0) 0
norm(r_1) 14.930038
norm(r_2) 0
norm(r_3) 0
norm(r_4) 0
Newton iteration  9 : ||r|| = 14.93, ||r||/||r_0|| = 1
   Pass :  1   Iteration :   0  ||B r|| = 3.50836e-07
norm(r_0) 0
norm(r_1) 14.930038
norm(r_2) 0
norm(r_3) 0
norm(r_4) 0
Newton iteration 10 : ||r|| = 14.93, ||r||/||r_0|| = 1
Setting time step: 0.005 in DGTransportTDO
Setting time step: 0.005 in CombinedOp
Setting time step: 0.005 in IonDensityOp
norm(r_0) 0
norm(r_1) 14.930038
norm(r_2) 0
norm(r_3) 0
norm(r_4) 0
Newton iteration  0 : ||r|| = 14.93
   Pass :  1   Iteration :   0  ||B r|| = 3.50836e-07
norm(r_0) 0
norm(r_1) 14.930038
norm(r_2) 0
norm(r_3) 0
norm(r_4) 0
Newton iteration  1 : ||r|| = 14.93, ||r||/||r_0|| = 1
   Pass :  1   Iteration :   0  ||B r|| = 3.50836e-07
norm(r_0) 0
norm(r_1) 14.930038
norm(r_2) 0
norm(r_3) 0
norm(r_4) 0
Newton iteration  2 : ||r|| = 14.93, ||r||/||r_0|| = 1
   Pass :  1   Iteration :   0  ||B r|| = 3.50836e-07
norm(r_0) 0
norm(r_1) 14.930038
norm(r_2) 0
norm(r_3) 0
norm(r_4) 0
Newton iteration  3 : ||r|| = 14.93, ||r||/||r_0|| = 1
   Pass :  1   Iteration :   0  ||B r|| = 3.50836e-07
norm(r_0) 0
norm(r_1) 14.930038
norm(r_2) 0
norm(r_3) 0
norm(r_4) 0
Newton iteration  4 : ||r|| = 14.93, ||r||/||r_0|| = 1
   Pass :  1   Iteration :   0  ||B r|| = 3.50836e-07
norm(r_0) 0
norm(r_1) 14.930038
norm(r_2) 0
norm(r_3) 0
norm(r_4) 0
Newton iteration  5 : ||r|| = 14.93, ||r||/||r_0|| = 1
   Pass :  1   Iteration :   0  ||B r|| = 3.50836e-07
norm(r_0) 0
norm(r_1) 14.930038
norm(r_2) 0
norm(r_3) 0
norm(r_4) 0
Newton iteration  6 : ||r|| = 14.93, ||r||/||r_0|| = 1
   Pass :  1   Iteration :   0  ||B r|| = 3.50836e-07
norm(r_0) 0
norm(r_1) 14.930038
norm(r_2) 0
norm(r_3) 0
norm(r_4) 0
Newton iteration  7 : ||r|| = 14.93, ||r||/||r_0|| = 1
   Pass :  1   Iteration :   0  ||B r|| = 3.50836e-07
norm(r_0) 0
norm(r_1) 14.930038
norm(r_2) 0
norm(r_3) 0
norm(r_4) 0
Newton iteration  8 : ||r|| = 14.93, ||r||/||r_0|| = 1
   Pass :  1   Iteration :   0  ||B r|| = 3.50836e-07
norm(r_0) 0
norm(r_1) 14.930038
norm(r_2) 0
norm(r_3) 0
norm(r_4) 0
Newton iteration  9 : ||r|| = 14.93, ||r||/||r_0|| = 1
   Pass :  1   Iteration :   0  ||B r|| = 3.50836e-07
norm(r_0) 0
norm(r_1) 14.930038
norm(r_2) 0
norm(r_3) 0
norm(r_4) 0
Newton iteration 10 : ||r|| = 14.93, ||r||/||r_0|| = 1
Setting time step: 0.005 in DGTransportTDO
Setting time step: 0.005 in CombinedOp
Setting time step: 0.005 in IonDensityOp
norm(r_0) 0
norm(r_1) 14.930038
norm(r_2) 0
norm(r_3) 0
norm(r_4) 0
Newton iteration  0 : ||r|| = 14.93
   Pass :  1   Iteration :   0  ||B r|| = 3.50836e-07
norm(r_0) 0
norm(r_1) 14.930038
norm(r_2) 0
norm(r_3) 0
norm(r_4) 0
Newton iteration  1 : ||r|| = 14.93, ||r||/||r_0|| = 1
   Pass :  1   Iteration :   0  ||B r|| = 3.50836e-07
norm(r_0) 0
norm(r_1) 14.930038
norm(r_2) 0
norm(r_3) 0
norm(r_4) 0
Newton iteration  2 : ||r|| = 14.93, ||r||/||r_0|| = 1
   Pass :  1   Iteration :   0  ||B r|| = 3.50836e-07
norm(r_0) 0
norm(r_1) 14.930038
norm(r_2) 0
norm(r_3) 0
norm(r_4) 0
Newton iteration  3 : ||r|| = 14.93, ||r||/||r_0|| = 1
   Pass :  1   Iteration :   0  ||B r|| = 3.50836e-07
norm(r_0) 0
norm(r_1) 14.930038
norm(r_2) 0
norm(r_3) 0
norm(r_4) 0
Newton iteration  4 : ||r|| = 14.93, ||r||/||r_0|| = 1
   Pass :  1   Iteration :   0  ||B r|| = 3.50836e-07
norm(r_0) 0
norm(r_1) 14.930038
norm(r_2) 0
norm(r_3) 0
norm(r_4) 0
Newton iteration  5 : ||r|| = 14.93, ||r||/||r_0|| = 1
   Pass :  1   Iteration :   0  ||B r|| = 3.50836e-07
norm(r_0) 0
norm(r_1) 14.930038
norm(r_2) 0
norm(r_3) 0
norm(r_4) 0
Newton iteration  6 : ||r|| = 14.93, ||r||/||r_0|| = 1
   Pass :  1   Iteration :   0  ||B r|| = 3.50836e-07
norm(r_0) 0
norm(r_1) 14.930038
norm(r_2) 0
norm(r_3) 0
norm(r_4) 0
Newton iteration  7 : ||r|| = 14.93, ||r||/||r_0|| = 1
   Pass :  1   Iteration :   0  ||B r|| = 3.50836e-07
norm(r_0) 0
norm(r_1) 14.930038
norm(r_2) 0
norm(r_3) 0
norm(r_4) 0
Newton iteration  8 : ||r|| = 14.93, ||r||/||r_0|| = 1
   Pass :  1   Iteration :   0  ||B r|| = 3.50836e-07
norm(r_0) 0
norm(r_1) 14.930038
norm(r_2) 0
norm(r_3) 0
norm(r_4) 0
Newton iteration  9 : ||r|| = 14.93, ||r||/||r_0|| = 1
   Pass :  1   Iteration :   0  ||B r|| = 3.50836e-07
norm(r_0) 0
norm(r_1) 14.930038
norm(r_2) 0
norm(r_3) 0
norm(r_4) 0
Newton iteration 10 : ||r|| = 14.93, ||r||/||r_0|| = 1
Setting time step: 0.005 in DGTransportTDO
Setting time step: 0.005 in CombinedOp
Setting time step: 0.005 in IonDensityOp
norm(r_0) 0
norm(r_1) 14.930038
norm(r_2) 0
norm(r_3) 0
norm(r_4) 0
Newton iteration  0 : ||r|| = 14.93
   Pass :  1   Iteration :   0  ||B r|| = 3.50836e-07
norm(r_0) 0
norm(r_1) 14.930038
norm(r_2) 0
norm(r_3) 0
norm(r_4) 0
Newton iteration  1 : ||r|| = 14.93, ||r||/||r_0|| = 1
   Pass :  1   Iteration :   0  ||B r|| = 3.50836e-07
norm(r_0) 0
norm(r_1) 14.930038
norm(r_2) 0
norm(r_3) 0
norm(r_4) 0
Newton iteration  2 : ||r|| = 14.93, ||r||/||r_0|| = 1
   Pass :  1   Iteration :   0  ||B r|| = 3.50836e-07
norm(r_0) 0
norm(r_1) 14.930038
norm(r_2) 0
norm(r_3) 0
norm(r_4) 0
Newton iteration  3 : ||r|| = 14.93, ||r||/||r_0|| = 1
   Pass :  1   Iteration :   0  ||B r|| = 3.50836e-07
norm(r_0) 0
norm(r_1) 14.930038
norm(r_2) 0
norm(r_3) 0
norm(r_4) 0
Newton iteration  4 : ||r|| = 14.93, ||r||/||r_0|| = 1
   Pass :  1   Iteration :   0  ||B r|| = 3.50836e-07
norm(r_0) 0
norm(r_1) 14.930038
norm(r_2) 0
norm(r_3) 0
norm(r_4) 0
Newton iteration  5 : ||r|| = 14.93, ||r||/||r_0|| = 1
   Pass :  1   Iteration :   0  ||B r|| = 3.50836e-07
norm(r_0) 0
norm(r_1) 14.930038
norm(r_2) 0
norm(r_3) 0
norm(r_4) 0
Newton iteration  6 : ||r|| = 14.93, ||r||/||r_0|| = 1
   Pass :  1   Iteration :   0  ||B r|| = 3.50836e-07
norm(r_0) 0
norm(r_1) 14.930038
norm(r_2) 0
norm(r_3) 0
norm(r_4) 0
Newton iteration  7 : ||r|| = 14.93, ||r||/||r_0|| = 1
   Pass :  1   Iteration :   0  ||B r|| = 3.50836e-07
norm(r_0) 0
norm(r_1) 14.930038
norm(r_2) 0
norm(r_3) 0
norm(r_4) 0
Newton iteration  8 : ||r|| = 14.93, ||r||/||r_0|| = 1
   Pass :  1   Iteration :   0  ||B r|| = 3.50836e-07
norm(r_0) 0
norm(r_1) 14.930038
norm(r_2) 0
norm(r_3) 0
norm(r_4) 0
Newton iteration  9 : ||r|| = 14.93, ||r||/||r_0|| = 1
   Pass :  1   Iteration :   0  ||B r|| = 3.50836e-07
norm(r_0) 0
norm(r_1) 14.930038
norm(r_2) 0
norm(r_3) 0
norm(r_4) 0
Newton iteration 10 : ||r|| = 14.93, ||r||/||r_0|| = 1
Setting time step: 0.005 in DGTransportTDO
Setting time step: 0.005 in CombinedOp
Setting time step: 0.005 in IonDensityOp
norm(r_0) 0
norm(r_1) 14.930038
norm(r_2) 0
norm(r_3) 0
norm(r_4) 0
Newton iteration  0 : ||r|| = 14.93
   Pass :  1   Iteration :   0  ||B r|| = 3.50836e-07
norm(r_0) 0
norm(r_1) 14.930038
norm(r_2) 0
norm(r_3) 0
norm(r_4) 0
Newton iteration  1 : ||r|| = 14.93, ||r||/||r_0|| = 1
   Pass :  1   Iteration :   0  ||B r|| = 3.50836e-07
norm(r_0) 0
norm(r_1) 14.930038
norm(r_2) 0
norm(r_3) 0
norm(r_4) 0
Newton iteration  2 : ||r|| = 14.93, ||r||/||r_0|| = 1
   Pass :  1   Iteration :   0  ||B r|| = 3.50836e-07
norm(r_0) 0
norm(r_1) 14.930038
norm(r_2) 0
norm(r_3) 0
norm(r_4) 0
Newton iteration  3 : ||r|| = 14.93, ||r||/||r_0|| = 1
   Pass :  1   Iteration :   0  ||B r|| = 3.50836e-07
norm(r_0) 0
norm(r_1) 14.930038
norm(r_2) 0
norm(r_3) 0
norm(r_4) 0
Newton iteration  4 : ||r|| = 14.93, ||r||/||r_0|| = 1
   Pass :  1   Iteration :   0  ||B r|| = 3.50836e-07
norm(r_0) 0
norm(r_1) 14.930038
norm(r_2) 0
norm(r_3) 0
norm(r_4) 0
Newton iteration  5 : ||r|| = 14.93, ||r||/||r_0|| = 1
   Pass :  1   Iteration :   0  ||B r|| = 3.50836e-07
norm(r_0) 0
norm(r_1) 14.930038
norm(r_2) 0
norm(r_3) 0
norm(r_4) 0
Newton iteration  6 : ||r|| = 14.93, ||r||/||r_0|| = 1
   Pass :  1   Iteration :   0  ||B r|| = 3.50836e-07
norm(r_0) 0
norm(r_1) 14.930038
norm(r_2) 0
norm(r_3) 0
norm(r_4) 0
Newton iteration  7 : ||r|| = 14.93, ||r||/||r_0|| = 1
   Pass :  1   Iteration :   0  ||B r|| = 3.50836e-07
norm(r_0) 0
norm(r_1) 14.930038
norm(r_2) 0
norm(r_3) 0
norm(r_4) 0
Newton iteration  8 : ||r|| = 14.93, ||r||/||r_0|| = 1
   Pass :  1   Iteration :   0  ||B r|| = 3.50836e-07
norm(r_0) 0
norm(r_1) 14.930038
norm(r_2) 0
norm(r_3) 0
norm(r_4) 0
Newton iteration  9 : ||r|| = 14.93, ||r||/||r_0|| = 1
   Pass :  1   Iteration :   0  ||B r|| = 3.50836e-07
norm(r_0) 0
norm(r_1) 14.930038
norm(r_2) 0
norm(r_3) 0
norm(r_4) 0
Newton iteration 10 : ||r|| = 14.93, ||r||/||r_0|| = 1
Setting time step: 0.005 in DGTransportTDO
Setting time step: 0.005 in CombinedOp
Setting time step: 0.005 in IonDensityOp
norm(r_0) 0
norm(r_1) 14.930038
norm(r_2) 0
norm(r_3) 0
norm(r_4) 0
Newton iteration  0 : ||r|| = 14.93
   Pass :  1   Iteration :   0  ||B r|| = 3.50836e-07
norm(r_0) 0
norm(r_1) 14.930038
norm(r_2) 0
norm(r_3) 0
norm(r_4) 0
Newton iteration  1 : ||r|| = 14.93, ||r||/||r_0|| = 1
   Pass :  1   Iteration :   0  ||B r|| = 3.50836e-07
norm(r_0) 0
norm(r_1) 14.930038
norm(r_2) 0
norm(r_3) 0
norm(r_4) 0
Newton iteration  2 : ||r|| = 14.93, ||r||/||r_0|| = 1
   Pass :  1   Iteration :   0  ||B r|| = 3.50836e-07
norm(r_0) 0
norm(r_1) 14.930038
norm(r_2) 0
norm(r_3) 0
norm(r_4) 0
Newton iteration  3 : ||r|| = 14.93, ||r||/||r_0|| = 1
   Pass :  1   Iteration :   0  ||B r|| = 3.50836e-07
norm(r_0) 0
norm(r_1) 14.930038
norm(r_2) 0
norm(r_3) 0
norm(r_4) 0
Newton iteration  4 : ||r|| = 14.93, ||r||/||r_0|| = 1
   Pass :  1   Iteration :   0  ||B r|| = 3.50836e-07
norm(r_0) 0
norm(r_1) 14.930038
norm(r_2) 0
norm(r_3) 0
norm(r_4) 0
Newton iteration  5 : ||r|| = 14.93, ||r||/||r_0|| = 1
   Pass :  1   Iteration :   0  ||B r|| = 3.50836e-07
norm(r_0) 0
norm(r_1) 14.930038
norm(r_2) 0
norm(r_3) 0
norm(r_4) 0
Newton iteration  6 : ||r|| = 14.93, ||r||/||r_0|| = 1
   Pass :  1   Iteration :   0  ||B r|| = 3.50836e-07
norm(r_0) 0
norm(r_1) 14.930038
norm(r_2) 0
norm(r_3) 0
norm(r_4) 0
Newton iteration  7 : ||r|| = 14.93, ||r||/||r_0|| = 1
   Pass :  1   Iteration :   0  ||B r|| = 3.50836e-07
norm(r_0) 0
norm(r_1) 14.930038
norm(r_2) 0
norm(r_3) 0
norm(r_4) 0
Newton iteration  8 : ||r|| = 14.93, ||r||/||r_0|| = 1
   Pass :  1   Iteration :   0  ||B r|| = 3.50836e-07
norm(r_0) 0
norm(r_1) 14.930038
norm(r_2) 0
norm(r_3) 0
norm(r_4) 0
Newton iteration  9 : ||r|| = 14.93, ||r||/||r_0|| = 1
   Pass :  1   Iteration :   0  ||B r|| = 3.50836e-07
norm(r_0) 0
norm(r_1) 14.930038
norm(r_2) 0
norm(r_3) 0
norm(r_4) 0
Newton iteration 10 : ||r|| = 14.93, ||r||/||r_0|| = 1
Setting time step: 0.005 in DGTransportTDO
Setting time step: 0.005 in CombinedOp
Setting time step: 0.005 in IonDensityOp
norm(r_0) 0
norm(r_1) 14.930038
norm(r_2) 0
norm(r_3) 0
norm(r_4) 0
Newton iteration  0 : ||r|| = 14.93
   Pass :  1   Iteration :   0  ||B r|| = 3.50836e-07
norm(r_0) 0
norm(r_1) 14.930038
norm(r_2) 0
norm(r_3) 0
norm(r_4) 0
Newton iteration  1 : ||r|| = 14.93, ||r||/||r_0|| = 1
   Pass :  1   Iteration :   0  ||B r|| = 3.50836e-07
norm(r_0) 0
norm(r_1) 14.930038
norm(r_2) 0
norm(r_3) 0
norm(r_4) 0
Newton iteration  2 : ||r|| = 14.93, ||r||/||r_0|| = 1
   Pass :  1   Iteration :   0  ||B r|| = 3.50836e-07
norm(r_0) 0
norm(r_1) 14.930038
norm(r_2) 0
norm(r_3) 0
norm(r_4) 0
Newton iteration  3 : ||r|| = 14.93, ||r||/||r_0|| = 1
   Pass :  1   Iteration :   0  ||B r|| = 3.50836e-07
norm(r_0) 0
norm(r_1) 14.930038
norm(r_2) 0
norm(r_3) 0
norm(r_4) 0
Newton iteration  4 : ||r|| = 14.93, ||r||/||r_0|| = 1
   Pass :  1   Iteration :   0  ||B r|| = 3.50836e-07
norm(r_0) 0
norm(r_1) 14.930038
norm(r_2) 0
norm(r_3) 0
norm(r_4) 0
Newton iteration  5 : ||r|| = 14.93, ||r||/||r_0|| = 1
   Pass :  1   Iteration :   0  ||B r|| = 3.50836e-07
norm(r_0) 0
norm(r_1) 14.930038
norm(r_2) 0
norm(r_3) 0
norm(r_4) 0
Newton iteration  6 : ||r|| = 14.93, ||r||/||r_0|| = 1
   Pass :  1   Iteration :   0  ||B r|| = 3.50836e-07
norm(r_0) 0
norm(r_1) 14.930038
norm(r_2) 0
norm(r_3) 0
norm(r_4) 0
Newton iteration  7 : ||r|| = 14.93, ||r||/||r_0|| = 1
   Pass :  1   Iteration :   0  ||B r|| = 3.50836e-07
norm(r_0) 0
norm(r_1) 14.930038
norm(r_2) 0
norm(r_3) 0
norm(r_4) 0
Newton iteration  8 : ||r|| = 14.93, ||r||/||r_0|| = 1
   Pass :  1   Iteration :   0  ||B r|| = 3.50836e-07
norm(r_0) 0
norm(r_1) 14.930038
norm(r_2) 0
norm(r_3) 0
norm(r_4) 0
Newton iteration  9 : ||r|| = 14.93, ||r||/||r_0|| = 1
   Pass :  1   Iteration :   0  ||B r|| = 3.50836e-07
norm(r_0) 0
norm(r_1) 14.930038
norm(r_2) 0
norm(r_3) 0
norm(r_4) 0
Newton iteration 10 : ||r|| = 14.93, ||r||/||r_0|| = 1
Setting time step: 0.005 in DGTransportTDO
Setting time step: 0.005 in CombinedOp
Setting time step: 0.005 in IonDensityOp
norm(r_0) 0
norm(r_1) 14.930038
norm(r_2) 0
norm(r_3) 0
norm(r_4) 0
Newton iteration  0 : ||r|| = 14.93
   Pass :  1   Iteration :   0  ||B r|| = 3.50836e-07
norm(r_0) 0
norm(r_1) 14.930038
norm(r_2) 0
norm(r_3) 0
norm(r_4) 0
Newton iteration  1 : ||r|| = 14.93, ||r||/||r_0|| = 1
   Pass :  1   Iteration :   0  ||B r|| = 3.50836e-07
norm(r_0) 0
norm(r_1) 14.930038
norm(r_2) 0
norm(r_3) 0
norm(r_4) 0
Newton iteration  2 : ||r|| = 14.93, ||r||/||r_0|| = 1
   Pass :  1   Iteration :   0  ||B r|| = 3.50836e-07
norm(r_0) 0
norm(r_1) 14.930038
norm(r_2) 0
norm(r_3) 0
norm(r_4) 0
Newton iteration  3 : ||r|| = 14.93, ||r||/||r_0|| = 1
   Pass :  1   Iteration :   0  ||B r|| = 3.50836e-07
norm(r_0) 0
norm(r_1) 14.930038
norm(r_2) 0
norm(r_3) 0
norm(r_4) 0
Newton iteration  4 : ||r|| = 14.93, ||r||/||r_0|| = 1
   Pass :  1   Iteration :   0  ||B r|| = 3.50836e-07
norm(r_0) 0
norm(r_1) 14.930038
norm(r_2) 0
norm(r_3) 0
norm(r_4) 0
Newton iteration  5 : ||r|| = 14.93, ||r||/||r_0|| = 1
   Pass :  1   Iteration :   0  ||B r|| = 3.50836e-07
norm(r_0) 0
norm(r_1) 14.930038
norm(r_2) 0
norm(r_3) 0
norm(r_4) 0
Newton iteration  6 : ||r|| = 14.93, ||r||/||r_0|| = 1
   Pass :  1   Iteration :   0  ||B r|| = 3.50836e-07
norm(r_0) 0
norm(r_1) 14.930038
norm(r_2) 0
norm(r_3) 0
norm(r_4) 0
Newton iteration  7 : ||r|| = 14.93, ||r||/||r_0|| = 1
   Pass :  1   Iteration :   0  ||B r|| = 3.50836e-07
norm(r_0) 0
norm(r_1) 14.930038
norm(r_2) 0
norm(r_3) 0
norm(r_4) 0
Newton iteration  8 : ||r|| = 14.93, ||r||/||r_0|| = 1
   Pass :  1   Iteration :   0  ||B r|| = 3.50836e-07
norm(r_0) 0
norm(r_1) 14.930038
norm(r_2) 0
norm(r_3) 0
norm(r_4) 0
Newton iteration  9 : ||r|| = 14.93, ||r||/||r_0|| = 1
   Pass :  1   Iteration :   0  ||B r|| = 3.50836e-07
norm(r_0) 0
norm(r_1) 14.930038
norm(r_2) 0
norm(r_3) 0
norm(r_4) 0
Newton iteration 10 : ||r|| = 14.93, ||r||/||r_0|| = 1
Setting time step: 0.005 in DGTransportTDO
Setting time step: 0.005 in CombinedOp
Setting time step: 0.005 in IonDensityOp
norm(r_0) 0
norm(r_1) 14.930038
norm(r_2) 0
norm(r_3) 0
norm(r_4) 0
Newton iteration  0 : ||r|| = 14.93
   Pass :  1   Iteration :   0  ||B r|| = 3.50836e-07
norm(r_0) 0
norm(r_1) 14.930038
norm(r_2) 0
norm(r_3) 0
norm(r_4) 0
Newton iteration  1 : ||r|| = 14.93, ||r||/||r_0|| = 1
   Pass :  1   Iteration :   0  ||B r|| = 3.50836e-07
norm(r_0) 0
norm(r_1) 14.930038
norm(r_2) 0
norm(r_3) 0
norm(r_4) 0
Newton iteration  2 : ||r|| = 14.93, ||r||/||r_0|| = 1
   Pass :  1   Iteration :   0  ||B r|| = 3.50836e-07
norm(r_0) 0
norm(r_1) 14.930038
norm(r_2) 0
norm(r_3) 0
norm(r_4) 0
Newton iteration  3 : ||r|| = 14.93, ||r||/||r_0|| = 1
   Pass :  1   Iteration :   0  ||B r|| = 3.50836e-07
norm(r_0) 0
norm(r_1) 14.930038
norm(r_2) 0
norm(r_3) 0
norm(r_4) 0
Newton iteration  4 : ||r|| = 14.93, ||r||/||r_0|| = 1
   Pass :  1   Iteration :   0  ||B r|| = 3.50836e-07
norm(r_0) 0
norm(r_1) 14.930038
norm(r_2) 0
norm(r_3) 0
norm(r_4) 0
Newton iteration  5 : ||r|| = 14.93, ||r||/||r_0|| = 1
   Pass :  1   Iteration :   0  ||B r|| = 3.50836e-07
norm(r_0) 0
norm(r_1) 14.930038
norm(r_2) 0
norm(r_3) 0
norm(r_4) 0
Newton iteration  6 : ||r|| = 14.93, ||r||/||r_0|| = 1
   Pass :  1   Iteration :   0  ||B r|| = 3.50836e-07
norm(r_0) 0
norm(r_1) 14.930038
norm(r_2) 0
norm(r_3) 0
norm(r_4) 0
Newton iteration  7 : ||r|| = 14.93, ||r||/||r_0|| = 1
   Pass :  1   Iteration :   0  ||B r|| = 3.50836e-07
norm(r_0) 0
norm(r_1) 14.930038
norm(r_2) 0
norm(r_3) 0
norm(r_4) 0
Newton iteration  8 : ||r|| = 14.93, ||r||/||r_0|| = 1
   Pass :  1   Iteration :   0  ||B r|| = 3.50836e-07
norm(r_0) 0
norm(r_1) 14.930038
norm(r_2) 0
norm(r_3) 0
norm(r_4) 0
Newton iteration  9 : ||r|| = 14.93, ||r||/||r_0|| = 1
   Pass :  1   Iteration :   0  ||B r|| = 3.50836e-07
norm(r_0) 0
norm(r_1) 14.930038
norm(r_2) 0
norm(r_3) 0
norm(r_4) 0
Newton iteration 10 : ||r|| = 14.93, ||r||/||r_0|| = 1
Setting time step: 0.005 in DGTransportTDO
Setting time step: 0.005 in CombinedOp
Setting time step: 0.005 in IonDensityOp
norm(r_0) 0
norm(r_1) 14.930038
norm(r_2) 0
norm(r_3) 0
norm(r_4) 0
Newton iteration  0 : ||r|| = 14.93
   Pass :  1   Iteration :   0  ||B r|| = 3.50836e-07
norm(r_0) 0
norm(r_1) 14.930038
norm(r_2) 0
norm(r_3) 0
norm(r_4) 0
Newton iteration  1 : ||r|| = 14.93, ||r||/||r_0|| = 1
   Pass :  1   Iteration :   0  ||B r|| = 3.50836e-07
norm(r_0) 0
norm(r_1) 14.930038
norm(r_2) 0
norm(r_3) 0
norm(r_4) 0
Newton iteration  2 : ||r|| = 14.93, ||r||/||r_0|| = 1
   Pass :  1   Iteration :   0  ||B r|| = 3.50836e-07
norm(r_0) 0
norm(r_1) 14.930038
norm(r_2) 0
norm(r_3) 0
norm(r_4) 0
Newton iteration  3 : ||r|| = 14.93, ||r||/||r_0|| = 1
   Pass :  1   Iteration :   0  ||B r|| = 3.50836e-07
norm(r_0) 0
norm(r_1) 14.930038
norm(r_2) 0
norm(r_3) 0
norm(r_4) 0
Newton iteration  4 : ||r|| = 14.93, ||r||/||r_0|| = 1
   Pass :  1   Iteration :   0  ||B r|| = 3.50836e-07
norm(r_0) 0
norm(r_1) 14.930038
norm(r_2) 0
norm(r_3) 0
norm(r_4) 0
Newton iteration  5 : ||r|| = 14.93, ||r||/||r_0|| = 1
   Pass :  1   Iteration :   0  ||B r|| = 3.50836e-07
norm(r_0) 0
norm(r_1) 14.930038
norm(r_2) 0
norm(r_3) 0
norm(r_4) 0
Newton iteration  6 : ||r|| = 14.93, ||r||/||r_0|| = 1
   Pass :  1   Iteration :   0  ||B r|| = 3.50836e-07
norm(r_0) 0
norm(r_1) 14.930038
norm(r_2) 0
norm(r_3) 0
norm(r_4) 0
Newton iteration  7 : ||r|| = 14.93, ||r||/||r_0|| = 1
   Pass :  1   Iteration :   0  ||B r|| = 3.50836e-07
norm(r_0) 0
norm(r_1) 14.930038
norm(r_2) 0
norm(r_3) 0
norm(r_4) 0
Newton iteration  8 : ||r|| = 14.93, ||r||/||r_0|| = 1
   Pass :  1   Iteration :   0  ||B r|| = 3.50836e-07
norm(r_0) 0
norm(r_1) 14.930038
norm(r_2) 0
norm(r_3) 0
norm(r_4) 0
Newton iteration  9 : ||r|| = 14.93, ||r||/||r_0|| = 1
   Pass :  1   Iteration :   0  ||B r|| = 3.50836e-07
norm(r_0) 0
norm(r_1) 14.930038
norm(r_2) 0
norm(r_3) 0
norm(r_4) 0
Newton iteration 10 : ||r|| = 14.93, ||r||/||r_0|| = 1
Time stepping paused at t = 0.07
Steady State solution has been reached

Time stepping done after 4.2676505s.
