5: Number of elements in parallel mesh: 256
5: Number of elements after parallel refinement: 256
Options used:
   --mesh ../../mfem/data/inline-quad.mesh
   --bc-file ../../mfem/miniapps/plasma/transport2d_bcs.inp
   --ic-file ../../mfem/miniapps/plasma/transport2d_ics.inp
   --ec-file /home/gz6/mfem-analysis/input-files/transport2d_ecs.inp
   --es-file ../../mfem/miniapps/plasma/transport2d_ess.inp
   --eqdsk-file 
   --logging 1
   --operator-test 8
   --equation-weights '1 1 1 1 1'
   --problem 0
   --refine-serial 4
   --refine-parallel 0
   --enable-amr
   --max-err -1
   --hysteresis 0.25
   --nc-limit 3
   --amr-weights '1 1 1 1 1'
   --order 3
   --dg-sigma -1
   --dg-kappa 16
   --linear-abs-tolerance 1e-06
   --linear-rel-tolerance 1e-06
   --linear-max-iterations 500
   --linear-logging-level 3
   --newton-abs-tolerance 1e-10
   --newton-rel-tolerance 1e-10
   --newton-max-iterations 1
   --newton-logging-level 1
   --steady-state-abs-tolerance 1e-08
   --steady-state-rel-tolerance 1e-08
   --prec-type 1
   --prec-logging-level 0
   --initial-tolerance 1e-05
   --ode-tolerance 0.001
   --ode-solver 2
   --err-per-step
   --ode-weights '1 1 1 1 1'
   --kP 0
   --kI 0.6
   --kD 0
   --theta-max 2
   --t-minimum 0
   --t-final 100
   --time-step 0.01
   --cfl-number 0.3
   --ion-charge 1
   --ion-mass 2.0141018
   --neutral-mass 2.0141018
   --neutral-temp 3
   --min-neutral-density 9e+14
   --max-neutral-density 1e+15
   --neutral-density-exp 0
   --min-ion-density 1e+16
   --max-ion-density 1e+18
   --ion-density-exp 0
   --min-ion-temp 1
   --max-ion-temp 10
   --ion-temp-exp 0
   --min-electron-temp 10
   --max-electron-temp 440
   --electron-temp-exp 0
   --total-B-magnitude 5
   --poloidal-B-magnitude 0.5
   --velocity 1000
   --Di-perp 1
   --Xi-perp 1
   --Xe-perp 1
   --equation-term-flags '-1 -1 -1 -1 -1'
   --visualization-flags '-1 -1 -1 -1 -1'
   --visualization
   --visit-datafiles
   --ascii-datafiles
   --visualization-steps 4
Device configuration: cpu
Memory configuration: host-std
Number of elements in initial mesh: 16
4: Number of elements in parallel mesh: 256
4: Number of elements after parallel refinement: 256
13: Number of elements in parallel mesh: 256
13: Number of elements after parallel refinement: 256
Number of elements after serial refinement: 4096
7: Number of elements in parallel mesh: 256
8: Number of elements in parallel mesh: 256
8: Number of elements after parallel refinement: 256
9: Number of elements in parallel mesh: 256
11: Number of elements in parallel mesh: 256
11: Number of elements after parallel refinement: 256
12: Number of elements in parallel mesh: 256
12: Number of elements after parallel refinement: 256
6: Number of elements in parallel mesh: 256
6: Number of elements after parallel refinement: 256
7: Number of elements after parallel refinement: 256
9: Number of elements after parallel refinement: 256
10: Number of elements in parallel mesh: 256
10: Number of elements after parallel refinement: 256
15: Number of elements in parallel mesh: 256
15: Number of elements after parallel refinement: 256
14: Number of elements in parallel mesh: 256
14: Number of elements after parallel refinement: 256
0: Number of elements in parallel mesh: 256
0: Number of elements after parallel refinement: 256
1: Number of elements in parallel mesh: 256
1: Number of elements after parallel refinement: 256
3: Number of elements in parallel mesh: 256
3: Number of elements after parallel refinement: 256
2: Number of elements in parallel mesh: 256
2: Number of elements after parallel refinement: 256
Configuring initial conditions
Reading initial conditions from ../../mfem/miniapps/plasma/transport2d_ics.inp
Configuring exact solutions
Reading exact solutions from ../../mfem/miniapps/plasma/transport2d_ess.inp

AMR iteration 0
Number of unknowns: 65536
Stopping criterion satisfied. Stop.
Number of unknowns per field: 65536
Total number of unknowns:     327680
Configuring boundary conditions
Reading boundary conditions from ../../mfem/miniapps/plasma/transport2d_bcs.inp
Configuring equation coefficients
Reading equation coefficients from /home/gz6/mfem-analysis/input-files/transport2d_ecs.inp
|mn| = 3.3444946e-27
|ni| = 1
|ne| = 1

|Dn|     = -nan
|Di|     = -nan
|Eta|    = -nan
|nXi|    = -nan
|nXe|    = -nan

|Eta/mn| = -nan
|nXi/ni| = -nan
|nXe/ne| = -nan
Ion Static Pressure: Adding time derivative term proportional to d n_i / dt
Ion Static Pressure: Adding time derivative term proportional to d T_i / dt
Ion Static Pressure: Adding anisotropic diffusion term
Ion Static Pressure: Adding source term
Opening GLVis sockets.
Range of error estimates for initial condition: -nan < elem err < -nan

Begin time stepping at t = 0
Setting time step: 0.0025 in DGTransportTDO
Setting time step: 0.0025 in CombinedOp
Setting time step: 0.0025 in IonStaticPressureOp
norm(r_0) 0
norm(r_1) 0
norm(r_2) 0
norm(r_3) 0.042122878
norm(r_4) 0
Newton iteration  0 : ||r|| = 0.0421229
   Pass :  1   Iteration :   0  ||B r|| = 1306.06 ...
   Pass :  1   Iteration :  17  ||B r|| = 0.00122824
norm(r_0) 0
norm(r_1) 0
norm(r_2) 0
norm(r_3) 2.8861826e-05
norm(r_4) 0
Newton iteration  1 : ||r|| = 2.88618e-05, ||r||/||r_0|| = 0.000685182
Setting time step: 0.0025 in DGTransportTDO
Setting time step: 0.0025 in CombinedOp
Setting time step: 0.0025 in IonStaticPressureOp
norm(r_0) 0
norm(r_1) 0
norm(r_2) 0
norm(r_3) 0.039439585
norm(r_4) 0
Newton iteration  0 : ||r|| = 0.0394396
   Pass :  1   Iteration :   0  ||B r|| = 1222.86 ...
   Pass :  1   Iteration :  17  ||B r|| = 0.00115648
norm(r_0) 0
norm(r_1) 0
norm(r_2) 0
norm(r_3) 2.7179855e-05
norm(r_4) 0
Newton iteration  1 : ||r|| = 2.71799e-05, ||r||/||r_0|| = 0.000689152
Setting time step: 0.0025 in DGTransportTDO
Setting time step: 0.0025 in CombinedOp
Setting time step: 0.0025 in IonStaticPressureOp
norm(r_0) 0
norm(r_1) 0
norm(r_2) 0
norm(r_3) 0.04049922
norm(r_4) 0
Newton iteration  0 : ||r|| = 0.0404992
   Pass :  1   Iteration :   0  ||B r|| = 1255.72 ...
   Pass :  1   Iteration :  17  ||B r|| = 0.00118581
norm(r_0) 0
norm(r_1) 0
norm(r_2) 0
norm(r_3) 2.7868021e-05
norm(r_4) 0
Newton iteration  1 : ||r|| = 2.7868e-05, ||r||/||r_0|| = 0.000688113
Setting time step: 0.0025 in DGTransportTDO
Setting time step: 0.0025 in CombinedOp
Setting time step: 0.0025 in IonStaticPressureOp
norm(r_0) 0
norm(r_1) 0
norm(r_2) 0
norm(r_3) 0.040769707
norm(r_4) 0
Newton iteration  0 : ||r|| = 0.0407697
   Pass :  1   Iteration :   0  ||B r|| = 1264.1 ...
   Pass :  1   Iteration :  17  ||B r|| = 0.00119279
norm(r_0) 0
norm(r_1) 0
norm(r_2) 0
norm(r_3) 2.8031399e-05
norm(r_4) 0
Newton iteration  1 : ||r|| = 2.80314e-05, ||r||/||r_0|| = 0.000687555
Setting time step: 0.0025 in DGTransportTDO
Setting time step: 0.0025 in CombinedOp
Setting time step: 0.0025 in IonStaticPressureOp
norm(r_0) 0
norm(r_1) 0
norm(r_2) 0
norm(r_3) 0.038143932
norm(r_4) 0
Newton iteration  0 : ||r|| = 0.0381439
   Pass :  1   Iteration :   0  ||B r|| = 1182.69 ...
   Pass :  1   Iteration :  17  ||B r|| = 0.00110873
norm(r_0) 0
norm(r_1) 0
norm(r_2) 0
norm(r_3) 2.6053739e-05
norm(r_4) 0
Newton iteration  1 : ||r|| = 2.60537e-05, ||r||/||r_0|| = 0.000683038
Setting time step: 0.005 in DGTransportTDO
Setting time step: 0.005 in CombinedOp
Setting time step: 0.005 in IonStaticPressureOp
norm(r_0) 0
norm(r_1) 0
norm(r_2) 0
norm(r_3) 0.036928961
norm(r_4) 0
Newton iteration  0 : ||r|| = 0.036929
   Pass :  1   Iteration :   0  ||B r|| = 990.604 ...
   Pass :  1   Iteration :  18  ||B r|| = 0.000853357
norm(r_0) 0
norm(r_1) 0
norm(r_2) 0
norm(r_3) 3.9882982e-05
norm(r_4) 0
Newton iteration  1 : ||r|| = 3.9883e-05, ||r||/||r_0|| = 0.00107999
Setting time step: 0.005 in DGTransportTDO
Setting time step: 0.005 in CombinedOp
Setting time step: 0.005 in IonStaticPressureOp
norm(r_0) 0
norm(r_1) 0
norm(r_2) 0
norm(r_3) 0.032369323
norm(r_4) 0
Newton iteration  0 : ||r|| = 0.0323693
   Pass :  1   Iteration :   0  ||B r|| = 868.293 ...
   Pass :  1   Iteration :  18  ||B r|| = 0.000748669
norm(r_0) 0
norm(r_1) 0
norm(r_2) 0
norm(r_3) 3.4994687e-05
norm(r_4) 0
Newton iteration  1 : ||r|| = 3.49947e-05, ||r||/||r_0|| = 0.00108111
Setting time step: 0.005 in DGTransportTDO
Setting time step: 0.005 in CombinedOp
Setting time step: 0.005 in IonStaticPressureOp
norm(r_0) 0
norm(r_1) 0
norm(r_2) 0
norm(r_3) 0.034148106
norm(r_4) 0
Newton iteration  0 : ||r|| = 0.0341481
   Pass :  1   Iteration :   0  ||B r|| = 916.009 ...
   Pass :  1   Iteration :  18  ||B r|| = 0.000789616
norm(r_0) 0
norm(r_1) 0
norm(r_2) 0
norm(r_3) 3.6907293e-05
norm(r_4) 0
Newton iteration  1 : ||r|| = 3.69073e-05, ||r||/||r_0|| = 0.0010808
Setting time step: 0.005 in DGTransportTDO
Setting time step: 0.005 in CombinedOp
Setting time step: 0.005 in IonStaticPressureOp
norm(r_0) 0
norm(r_1) 0
norm(r_2) 0
norm(r_3) 0.034611322
norm(r_4) 0
Newton iteration  0 : ||r|| = 0.0346113
   Pass :  1   Iteration :   0  ||B r|| = 928.435 ...
   Pass :  1   Iteration :  18  ||B r|| = 0.000800223
norm(r_0) 0
norm(r_1) 0
norm(r_2) 0
norm(r_3) 3.7402426e-05
norm(r_4) 0
Newton iteration  1 : ||r|| = 3.74024e-05, ||r||/||r_0|| = 0.00108064
Setting time step: 0.005 in DGTransportTDO
Setting time step: 0.005 in CombinedOp
Setting time step: 0.005 in IonStaticPressureOp
norm(r_0) 0
norm(r_1) 0
norm(r_2) 0
norm(r_3) 0.030251297
norm(r_4) 0
Newton iteration  0 : ||r|| = 0.0302513
   Pass :  1   Iteration :   0  ||B r|| = 811.472 ...
   Pass :  1   Iteration :  18  ||B r|| = 0.00069859
norm(r_0) 0
norm(r_1) 0
norm(r_2) 0
norm(r_3) 3.2647641e-05
norm(r_4) 0
Newton iteration  1 : ||r|| = 3.26476e-05, ||r||/||r_0|| = 0.00107921
Setting time step: 0.01 in DGTransportTDO
Setting time step: 0.01 in CombinedOp
Setting time step: 0.01 in IonStaticPressureOp
norm(r_0) 0
norm(r_1) 0
norm(r_2) 0
norm(r_3) 0.028383458
norm(r_4) 0
Newton iteration  0 : ||r|| = 0.0283835
   Pass :  1   Iteration :   0  ||B r|| = 605.298 ...
   Pass :  1   Iteration :  19  ||B r|| = 0.000509936
norm(r_0) 0
norm(r_1) 0
norm(r_2) 0
norm(r_3) 4.761176e-05
norm(r_4) 0
Newton iteration  1 : ||r|| = 4.76118e-05, ||r||/||r_0|| = 0.00167745
Setting time step: 0.01 in DGTransportTDO
Setting time step: 0.01 in CombinedOp
Setting time step: 0.01 in IonStaticPressureOp
norm(r_0) 0
norm(r_1) 0
norm(r_2) 0
norm(r_3) 0.021782616
norm(r_4) 0
Newton iteration  0 : ||r|| = 0.0217826
   Pass :  1   Iteration :   0  ||B r|| = 464.516 ...
   Pass :  1   Iteration :  19  ||B r|| = 0.00039162
norm(r_0) 0
norm(r_1) 0
norm(r_2) 0
norm(r_3) 3.6565337e-05
norm(r_4) 0
Newton iteration  1 : ||r|| = 3.65653e-05, ||r||/||r_0|| = 0.00167865
Setting time step: 0.01 in DGTransportTDO
Setting time step: 0.01 in CombinedOp
Setting time step: 0.01 in IonStaticPressureOp
norm(r_0) 0
norm(r_1) 0
norm(r_2) 0
norm(r_3) 0.024300151
norm(r_4) 0
Newton iteration  0 : ||r|| = 0.0243002
   Pass :  1   Iteration :   0  ||B r|| = 518.209 ...
   Pass :  1   Iteration :  19  ||B r|| = 0.00043679
norm(r_0) 0
norm(r_1) 0
norm(r_2) 0
norm(r_3) 4.0782656e-05
norm(r_4) 0
Newton iteration  1 : ||r|| = 4.07827e-05, ||r||/||r_0|| = 0.00167829
Setting time step: 0.01 in DGTransportTDO
Setting time step: 0.01 in CombinedOp
Setting time step: 0.01 in IonStaticPressureOp
norm(r_0) 0
norm(r_1) 0
norm(r_2) 0
norm(r_3) 0.024980728
norm(r_4) 0
Newton iteration  0 : ||r|| = 0.0249807
   Pass :  1   Iteration :   0  ||B r|| = 532.725 ...
   Pass :  1   Iteration :  19  ||B r|| = 0.000448978
norm(r_0) 0
norm(r_1) 0
norm(r_2) 0
norm(r_3) 4.1920498e-05
norm(r_4) 0
Newton iteration  1 : ||r|| = 4.19205e-05, ||r||/||r_0|| = 0.00167811
Setting time step: 0.01 in DGTransportTDO
Setting time step: 0.01 in CombinedOp
Setting time step: 0.01 in IonStaticPressureOp
norm(r_0) 0
norm(r_1) 0
norm(r_2) 0
norm(r_3) 0.01897451
norm(r_4) 0
Newton iteration  0 : ||r|| = 0.0189745
   Pass :  1   Iteration :   0  ||B r|| = 404.643 ...
   Pass :  1   Iteration :  19  ||B r|| = 0.000340643
norm(r_0) 0
norm(r_1) 0
norm(r_2) 0
norm(r_3) 3.1805234e-05
norm(r_4) 0
Newton iteration  1 : ||r|| = 3.18052e-05, ||r||/||r_0|| = 0.00167621
Setting time step: 0.02 in DGTransportTDO
Setting time step: 0.02 in CombinedOp
Setting time step: 0.02 in IonStaticPressureOp
norm(r_0) 0
norm(r_1) 0
norm(r_2) 0
norm(r_3) 0.01676799
norm(r_4) 0
Newton iteration  0 : ||r|| = 0.016768
   Pass :  1   Iteration :   0  ||B r|| = 258.873 ...
   Pass :  1   Iteration :  20  ||B r|| = 0.000203858
norm(r_0) 0
norm(r_1) 0
norm(r_2) 0
norm(r_3) 3.6195604e-05
norm(r_4) 0
Newton iteration  1 : ||r|| = 3.61956e-05, ||r||/||r_0|| = 0.00215861
Setting time step: 0.02 in DGTransportTDO
Setting time step: 0.02 in CombinedOp
Setting time step: 0.02 in IonStaticPressureOp
norm(r_0) 0
norm(r_1) 0
norm(r_2) 0
norm(r_3) 0.0097808749
norm(r_4) 0
Newton iteration  0 : ||r|| = 0.00978087
   Pass :  1   Iteration :   0  ||B r|| = 150.999 ...
   Pass :  1   Iteration :  20  ||B r|| = 0.000118978
norm(r_0) 0
norm(r_1) 0
norm(r_2) 0
norm(r_3) 2.1125757e-05
norm(r_4) 0
Newton iteration  1 : ||r|| = 2.11258e-05, ||r||/||r_0|| = 0.0021599
Setting time step: 0.02 in DGTransportTDO
Setting time step: 0.02 in CombinedOp
Setting time step: 0.02 in IonStaticPressureOp
norm(r_0) 0
norm(r_1) 0
norm(r_2) 0
norm(r_3) 0.012342672
norm(r_4) 0
Newton iteration  0 : ||r|| = 0.0123427
   Pass :  1   Iteration :   0  ||B r|| = 190.552 ...
   Pass :  1   Iteration :  20  ||B r|| = 0.000150111
norm(r_0) 0
norm(r_1) 0
norm(r_2) 0
norm(r_3) 2.6653398e-05
norm(r_4) 0
Newton iteration  1 : ||r|| = 2.66534e-05, ||r||/||r_0|| = 0.00215945
Setting time step: 0.02 in DGTransportTDO
Setting time step: 0.02 in CombinedOp
Setting time step: 0.02 in IonStaticPressureOp
norm(r_0) 0
norm(r_1) 0
norm(r_2) 0
norm(r_3) 0.013082672
norm(r_4) 0
Newton iteration  0 : ||r|| = 0.0130827
   Pass :  1   Iteration :   0  ||B r|| = 201.978 ...
   Pass :  1   Iteration :  20  ||B r|| = 0.000159098
norm(r_0) 0
norm(r_1) 0
norm(r_2) 0
norm(r_3) 2.8248907e-05
norm(r_4) 0
Newton iteration  1 : ||r|| = 2.82489e-05, ||r||/||r_0|| = 0.00215926
Setting time step: 0.02 in DGTransportTDO
Setting time step: 0.02 in CombinedOp
Setting time step: 0.02 in IonStaticPressureOp
norm(r_0) 0
norm(r_1) 0
norm(r_2) 0
norm(r_3) 0.0074017853
norm(r_4) 0
Newton iteration  0 : ||r|| = 0.00740179
   Pass :  1   Iteration :   0  ||B r|| = 114.251 ...
   Pass :  1   Iteration :  20  ||B r|| = 8.98917e-05
norm(r_0) 0
norm(r_1) 0
norm(r_2) 0
norm(r_3) 1.5959554e-05
norm(r_4) 0
Newton iteration  1 : ||r|| = 1.59596e-05, ||r||/||r_0|| = 0.00215618
Time stepping paused at t = 0.15

Estimating errors.
No refinements necessary.
No derefinements needed.

AMR iteration 1
Number of unknowns: 65536
Setting time step: 0.01970976 in DGTransportTDO
Setting time step: 0.01970976 in CombinedOp
Setting time step: 0.01970976 in IonStaticPressureOp
norm(r_0) 0
norm(r_1) 0
norm(r_2) 0
norm(r_3) 0.005858473
norm(r_4) 0
Newton iteration  0 : ||r|| = 0.00585847
   Pass :  1   Iteration :   0  ||B r|| = 91.189 ...
   Pass :  1   Iteration :  20  ||B r|| = 7.11961e-05
norm(r_0) 0
norm(r_1) 0
norm(r_2) 0
norm(r_3) 1.2472774e-05
norm(r_4) 0
Newton iteration  1 : ||r|| = 1.24728e-05, ||r||/||r_0|| = 0.00212901
Setting time step: 0.01970976 in DGTransportTDO
Setting time step: 0.01970976 in CombinedOp
Setting time step: 0.01970976 in IonStaticPressureOp
norm(r_0) 0
norm(r_1) 0
norm(r_2) 0
norm(r_3) 0.0034453401
norm(r_4) 0
Newton iteration  0 : ||r|| = 0.00344534
   Pass :  1   Iteration :   0  ||B r|| = 53.6278 ...
   Pass :  1   Iteration :  20  ||B r|| = 4.18701e-05
norm(r_0) 0
norm(r_1) 0
norm(r_2) 0
norm(r_3) 7.3352227e-06
norm(r_4) 0
Newton iteration  1 : ||r|| = 7.33522e-06, ||r||/||r_0|| = 0.00212903
Setting time step: 0.01970976 in DGTransportTDO
Setting time step: 0.01970976 in CombinedOp
Setting time step: 0.01970976 in IonStaticPressureOp
norm(r_0) 0
norm(r_1) 0
norm(r_2) 0
norm(r_3) 0.0043310746
norm(r_4) 0
Newton iteration  0 : ||r|| = 0.00433107
   Pass :  1   Iteration :   0  ||B r|| = 67.4146 ...
   Pass :  1   Iteration :  20  ||B r|| = 5.26341e-05
norm(r_0) 0
norm(r_1) 0
norm(r_2) 0
norm(r_3) 9.2209549e-06
norm(r_4) 0
Newton iteration  1 : ||r|| = 9.22095e-06, ||r||/||r_0|| = 0.00212902
Setting time step: 0.01970976 in DGTransportTDO
Setting time step: 0.01970976 in CombinedOp
Setting time step: 0.01970976 in IonStaticPressureOp
norm(r_0) 0
norm(r_1) 0
norm(r_2) 0
norm(r_3) 0.0045864728
norm(r_4) 0
Newton iteration  0 : ||r|| = 0.00458647
   Pass :  1   Iteration :   0  ||B r|| = 71.3899 ...
   Pass :  1   Iteration :  20  ||B r|| = 5.57379e-05
norm(r_0) 0
norm(r_1) 0
norm(r_2) 0
norm(r_3) 9.764695e-06
norm(r_4) 0
Newton iteration  1 : ||r|| = 9.76469e-06, ||r||/||r_0|| = 0.00212902
Setting time step: 0.01970976 in DGTransportTDO
Setting time step: 0.01970976 in CombinedOp
Setting time step: 0.01970976 in IonStaticPressureOp
norm(r_0) 0
norm(r_1) 0
norm(r_2) 0
norm(r_3) 0.0026172285
norm(r_4) 0
Newton iteration  0 : ||r|| = 0.00261723
   Pass :  1   Iteration :   0  ||B r|| = 40.738 ...
   Pass :  1   Iteration :  20  ||B r|| = 3.18063e-05
norm(r_0) 0
norm(r_1) 0
norm(r_2) 0
norm(r_3) 5.5720759e-06
norm(r_4) 0
Newton iteration  1 : ||r|| = 5.57208e-06, ||r||/||r_0|| = 0.002129
Setting time step: 0.038632581 in DGTransportTDO
Setting time step: 0.038632581 in CombinedOp
Setting time step: 0.038632581 in IonStaticPressureOp
norm(r_0) 0
norm(r_1) 0
norm(r_2) 0
norm(r_3) 0.0020782026
norm(r_4) 0
Newton iteration  0 : ||r|| = 0.0020782
   Pass :  1   Iteration :   0  ||B r|| = 20.9893 ...
   Pass :  1   Iteration :  21  ||B r|| = 1.49352e-05
norm(r_0) 0
norm(r_1) 0
norm(r_2) 0
norm(r_3) 5.2088946e-06
norm(r_4) 0
Newton iteration  1 : ||r|| = 5.20889e-06, ||r||/||r_0|| = 0.00250644
Setting time step: 0.038632581 in DGTransportTDO
Setting time step: 0.038632581 in CombinedOp
Setting time step: 0.038632581 in IonStaticPressureOp
norm(r_0) 0
norm(r_1) 0
norm(r_2) 0
norm(r_3) 0.0006774677
norm(r_4) 0
Newton iteration  0 : ||r|| = 0.000677468
   Pass :  1   Iteration :   0  ||B r|| = 6.84088 ...
   Pass :  1   Iteration :  21  ||B r|| = 4.87003e-06
norm(r_0) 0
norm(r_1) 0
norm(r_2) 0
norm(r_3) 1.6984897e-06
norm(r_4) 0
Newton iteration  1 : ||r|| = 1.69849e-06, ||r||/||r_0|| = 0.00250712
Setting time step: 0.038632581 in DGTransportTDO
Setting time step: 0.038632581 in CombinedOp
Setting time step: 0.038632581 in IonStaticPressureOp
norm(r_0) 0
norm(r_1) 0
norm(r_2) 0
norm(r_3) 0.0011621797
norm(r_4) 0
Newton iteration  0 : ||r|| = 0.00116218
   Pass :  1   Iteration :   0  ||B r|| = 11.7373 ...
   Pass :  1   Iteration :  21  ||B r|| = 8.3537e-06
norm(r_0) 0
norm(r_1) 0
norm(r_2) 0
norm(r_3) 2.913476e-06
norm(r_4) 0
Newton iteration  1 : ||r|| = 2.91348e-06, ||r||/||r_0|| = 0.00250691
Setting time step: 0.038632581 in DGTransportTDO
Setting time step: 0.038632581 in CombinedOp
Setting time step: 0.038632581 in IonStaticPressureOp
norm(r_0) 0
norm(r_1) 0
norm(r_2) 0
norm(r_3) 0.0013167173
norm(r_4) 0
Newton iteration  0 : ||r|| = 0.00131672
   Pass :  1   Iteration :   0  ||B r|| = 13.2983 ...
   Pass :  1   Iteration :  21  ||B r|| = 9.46409e-06
norm(r_0) 0
norm(r_1) 0
norm(r_2) 0
norm(r_3) 3.3007459e-06
norm(r_4) 0
Newton iteration  1 : ||r|| = 3.30075e-06, ||r||/||r_0|| = 0.0025068
Setting time step: 0.038632581 in DGTransportTDO
Setting time step: 0.038632581 in CombinedOp
Setting time step: 0.038632581 in IonStaticPressureOp
norm(r_0) 0
norm(r_1) 0
norm(r_2) 0
norm(r_3) 0.00042612065
norm(r_4) 0
Newton iteration  0 : ||r|| = 0.000426121
   Pass :  1   Iteration :   0  ||B r|| = 4.29685 ...
   Pass :  1   Iteration :  21  ||B r|| = 3.05377e-06
norm(r_0) 0
norm(r_1) 0
norm(r_2) 0
norm(r_3) 1.0650824e-06
norm(r_4) 0
Newton iteration  1 : ||r|| = 1.06508e-06, ||r||/||r_0|| = 0.00249949
Setting time step: 0.042503141 in DGTransportTDO
Setting time step: 0.042503141 in CombinedOp
Setting time step: 0.042503141 in IonStaticPressureOp
norm(r_0) 0
norm(r_1) 0
norm(r_2) 0
norm(r_3) 0.00028205298
norm(r_4) 0
Newton iteration  0 : ||r|| = 0.000282053
   Pass :  1   Iteration :   0  ||B r|| = 2.65893 ...
   Pass :  1   Iteration :  21  ||B r|| = 1.99082e-06
norm(r_0) 0
norm(r_1) 0
norm(r_2) 0
norm(r_3) 7.6699627e-07
norm(r_4) 0
Newton iteration  1 : ||r|| = 7.66996e-07, ||r||/||r_0|| = 0.00271933
Setting time step: 0.042503141 in DGTransportTDO
Setting time step: 0.042503141 in CombinedOp
Setting time step: 0.042503141 in IonStaticPressureOp
norm(r_0) 0
norm(r_1) 0
norm(r_2) 0
norm(r_3) 7.971224e-05
norm(r_4) 0
Newton iteration  0 : ||r|| = 7.97122e-05
   Pass :  1   Iteration :   0  ||B r|| = 0.751445 ...
   Pass :  1   Iteration :  20  ||B r|| = 9.10116e-07
norm(r_0) 0
norm(r_1) 0
norm(r_2) 0
norm(r_3) 3.3566265e-07
norm(r_4) 0
Newton iteration  1 : ||r|| = 3.35663e-07, ||r||/||r_0|| = 0.00421093
Setting time step: 0.042503141 in DGTransportTDO
Setting time step: 0.042503141 in CombinedOp
Setting time step: 0.042503141 in IonStaticPressureOp
norm(r_0) 0
norm(r_1) 0
norm(r_2) 0
norm(r_3) 0.0001490363
norm(r_4) 0
Newton iteration  0 : ||r|| = 0.000149036
   Pass :  1   Iteration :   0  ||B r|| = 1.40497 ...
   Pass :  1   Iteration :  21  ||B r|| = 1.05204e-06
norm(r_0) 0
norm(r_1) 0
norm(r_2) 0
norm(r_3) 4.0531511e-07
norm(r_4) 0
Newton iteration  1 : ||r|| = 4.05315e-07, ||r||/||r_0|| = 0.00271957
Setting time step: 0.042503141 in DGTransportTDO
Setting time step: 0.042503141 in CombinedOp
Setting time step: 0.042503141 in IonStaticPressureOp
norm(r_0) 0
norm(r_1) 0
norm(r_2) 0
norm(r_3) 0.00017152288
norm(r_4) 0
Newton iteration  0 : ||r|| = 0.000171523
   Pass :  1   Iteration :   0  ||B r|| = 1.61695 ...
   Pass :  1   Iteration :  21  ||B r|| = 1.21073e-06
norm(r_0) 0
norm(r_1) 0
norm(r_2) 0
norm(r_3) 4.6645451e-07
norm(r_4) 0
Newton iteration  1 : ||r|| = 4.66455e-07, ||r||/||r_0|| = 0.00271949
Setting time step: 0.042503141 in DGTransportTDO
Setting time step: 0.042503141 in CombinedOp
Setting time step: 0.042503141 in IonStaticPressureOp
norm(r_0) 0
norm(r_1) 0
norm(r_2) 0
norm(r_3) 4.9906131e-05
norm(r_4) 0
Newton iteration  0 : ||r|| = 4.99061e-05
   Pass :  1   Iteration :   0  ||B r|| = 0.470142 ...
   Pass :  1   Iteration :  19  ||B r|| = 8.83032e-07
norm(r_0) 0
norm(r_1) 0
norm(r_2) 0
norm(r_3) 3.4095268e-07
norm(r_4) 0
Newton iteration  1 : ||r|| = 3.40953e-07, ||r||/||r_0|| = 0.00683188
Setting time step: 0.085006282 in DGTransportTDO
Setting time step: 0.085006282 in CombinedOp
Setting time step: 0.085006282 in IonStaticPressureOp
norm(r_0) 0
norm(r_1) 0
norm(r_2) 0
norm(r_3) 3.1985356e-05
norm(r_4) 0
Newton iteration  0 : ||r|| = 3.19854e-05
   Pass :  1   Iteration :   0  ||B r|| = 0.174098 ...
   Pass :  1   Iteration :  18  ||B r|| = 7.07359e-07
norm(r_0) 0
norm(r_1) 0
norm(r_2) 0
norm(r_3) 5.5837003e-07
norm(r_4) 0
Newton iteration  1 : ||r|| = 5.5837e-07, ||r||/||r_0|| = 0.0174571
Setting time step: 0.085006282 in DGTransportTDO
Setting time step: 0.085006282 in CombinedOp
Setting time step: 0.085006282 in IonStaticPressureOp
norm(r_0) 0
norm(r_1) 0
norm(r_2) 0
norm(r_3) 2.2251541e-06
norm(r_4) 0
Newton iteration  0 : ||r|| = 2.22515e-06
   Pass :  1   Iteration :   0  ||B r|| = 0.00974894 ...
   Pass :  1   Iteration :  12  ||B r|| = 6.81649e-07
norm(r_0) 0
norm(r_1) 0
norm(r_2) 0
norm(r_3) 5.186664e-07
norm(r_4) 0
Newton iteration  1 : ||r|| = 5.18666e-07, ||r||/||r_0|| = 0.233092
Setting time step: 0.085006282 in DGTransportTDO
Setting time step: 0.085006282 in CombinedOp
Setting time step: 0.085006282 in IonStaticPressureOp
norm(r_0) 0
norm(r_1) 0
norm(r_2) 0
norm(r_3) 8.9252146e-06
norm(r_4) 0
Newton iteration  0 : ||r|| = 8.92521e-06
   Pass :  1   Iteration :   0  ||B r|| = 0.0482584 ...
   Pass :  1   Iteration :  15  ||B r|| = 8.09023e-07
norm(r_0) 0
norm(r_1) 0
norm(r_2) 0
norm(r_3) 6.5414093e-07
norm(r_4) 0
Newton iteration  1 : ||r|| = 6.54141e-07, ||r||/||r_0|| = 0.0732913
Setting time step: 0.085006282 in DGTransportTDO
Setting time step: 0.085006282 in CombinedOp
Setting time step: 0.085006282 in IonStaticPressureOp
norm(r_0) 0
norm(r_1) 0
norm(r_2) 0
norm(r_3) 1.2871894e-05
norm(r_4) 0
Newton iteration  0 : ||r|| = 1.28719e-05
   Pass :  1   Iteration :   0  ||B r|| = 0.0699457 ...
   Pass :  1   Iteration :  16  ||B r|| = 7.56722e-07
norm(r_0) 0
norm(r_1) 0
norm(r_2) 0
norm(r_3) 5.1686588e-07
norm(r_4) 0
Newton iteration  1 : ||r|| = 5.16866e-07, ||r||/||r_0|| = 0.0401546
Setting time step: 0.085006282 in DGTransportTDO
Setting time step: 0.085006282 in CombinedOp
Setting time step: 0.085006282 in IonStaticPressureOp
norm(r_0) 0
norm(r_1) 0
norm(r_2) 0
norm(r_3) 3.1580853e-05
norm(r_4) 0
Newton iteration  0 : ||r|| = 3.15809e-05
   Pass :  1   Iteration :   0  ||B r|| = 0.0201839 ...
   Pass :  1   Iteration :  13  ||B r|| = 9.19904e-07
norm(r_0) 0
norm(r_1) 0
norm(r_2) 0
norm(r_3) 6.4474607e-07
norm(r_4) 0
Newton iteration  1 : ||r|| = 6.44746e-07, ||r||/||r_0|| = 0.0204157
Time stepping paused at t = 0.89340706

Estimating errors.
No refinements necessary.
No derefinements needed.

AMR iteration 2
Number of unknowns: 65536
Setting time step: 0.17001256 in DGTransportTDO
Setting time step: 0.17001256 in CombinedOp
Setting time step: 0.17001256 in IonStaticPressureOp
norm(r_0) 0
norm(r_1) 0
norm(r_2) 0
norm(r_3) 1.864736e-06
norm(r_4) 0
Newton iteration  0 : ||r|| = 1.86474e-06
   Pass :  1   Iteration :   0  ||B r|| = 0.00516785 ...
   Pass :  1   Iteration :  11  ||B r|| = 7.77609e-07
norm(r_0) 0
norm(r_1) 0
norm(r_2) 0
norm(r_3) 1.0072366e-06
norm(r_4) 0
Newton iteration  1 : ||r|| = 1.00724e-06, ||r||/||r_0|| = 0.54015
Setting time step: 0.17001256 in DGTransportTDO
Setting time step: 0.17001256 in CombinedOp
Setting time step: 0.17001256 in IonStaticPressureOp
norm(r_0) 0
norm(r_1) 0
norm(r_2) 0
norm(r_3) 2.0519843e-06
norm(r_4) 0
Newton iteration  0 : ||r|| = 2.05198e-06
   Pass :  1   Iteration :   0  ||B r|| = 0.00197539 ...
   Pass :  1   Iteration :   9  ||B r|| = 8.7815e-07
norm(r_0) 0
norm(r_1) 0
norm(r_2) 0
norm(r_3) 1.2523791e-06
norm(r_4) 0
Newton iteration  1 : ||r|| = 1.25238e-06, ||r||/||r_0|| = 0.610326
Setting time step: 0.17001256 in DGTransportTDO
Setting time step: 0.17001256 in CombinedOp
Setting time step: 0.17001256 in IonStaticPressureOp
norm(r_0) 0
norm(r_1) 0
norm(r_2) 0
norm(r_3) 1.6895769e-06
norm(r_4) 0
Newton iteration  0 : ||r|| = 1.68958e-06
   Pass :  1   Iteration :   0  ||B r|| = 9.19609e-05 ...
   Pass :  1   Iteration :   4  ||B r|| = 8.35641e-07
norm(r_0) 0
norm(r_1) 0
norm(r_2) 0
norm(r_3) 1.0453389e-06
norm(r_4) 0
Newton iteration  1 : ||r|| = 1.04534e-06, ||r||/||r_0|| = 0.618699
Setting time step: 0.17001256 in DGTransportTDO
Setting time step: 0.17001256 in CombinedOp
Setting time step: 0.17001256 in IonStaticPressureOp
norm(r_0) 0
norm(r_1) 0
norm(r_2) 0
norm(r_3) 1.4751725e-06
norm(r_4) 0
Newton iteration  0 : ||r|| = 1.47517e-06
   Pass :  1   Iteration :   0  ||B r|| = 0.000988504 ...
   Pass :  1   Iteration :   8  ||B r|| = 8.04341e-07
norm(r_0) 0
norm(r_1) 0
norm(r_2) 0
norm(r_3) 1.0743457e-06
norm(r_4) 0
Newton iteration  1 : ||r|| = 1.07435e-06, ||r||/||r_0|| = 0.728285
Setting time step: 0.17001256 in DGTransportTDO
Setting time step: 0.17001256 in CombinedOp
Setting time step: 0.17001256 in IonStaticPressureOp
norm(r_0) 0
norm(r_1) 0
norm(r_2) 0
norm(r_3) 5.8255754e-05
norm(r_4) 0
Newton iteration  0 : ||r|| = 5.82558e-05
   Pass :  1   Iteration :   0  ||B r|| = 0.00209144 ...
   Pass :  1   Iteration :  10  ||B r|| = 5.98813e-07
norm(r_0) 0
norm(r_1) 0
norm(r_2) 0
norm(r_3) 8.1347253e-07
norm(r_4) 0
Newton iteration  1 : ||r|| = 8.13473e-07, ||r||/||r_0|| = 0.0139638
Setting time step: 0.34002513 in DGTransportTDO
Setting time step: 0.34002513 in CombinedOp
Setting time step: 0.34002513 in IonStaticPressureOp
norm(r_0) 0
norm(r_1) 0
norm(r_2) 0
norm(r_3) 8.4212977e-07
norm(r_4) 0
Newton iteration  0 : ||r|| = 8.4213e-07
   Pass :  1   Iteration :   0  ||B r|| = 0.000332263 ...
   Pass :  1   Iteration :   6  ||B r|| = 9.44251e-07
norm(r_0) 0
norm(r_1) 0
norm(r_2) 0
norm(r_3) 1.6456218e-06
norm(r_4) 0
Newton iteration  1 : ||r|| = 1.64562e-06, ||r||/||r_0|| = 1.95412
Setting time step: 0.34002513 in DGTransportTDO
Setting time step: 0.34002513 in CombinedOp
Setting time step: 0.34002513 in IonStaticPressureOp
norm(r_0) 0
norm(r_1) 0
norm(r_2) 0
norm(r_3) 3.6245592e-06
norm(r_4) 0
Newton iteration  0 : ||r|| = 3.62456e-06
   Pass :  1   Iteration :   0  ||B r|| = 0.000211781 ...
   Pass :  1   Iteration :   5  ||B r|| = 8.97804e-07
norm(r_0) 0
norm(r_1) 0
norm(r_2) 0
norm(r_3) 2.2083597e-06
norm(r_4) 0
Newton iteration  1 : ||r|| = 2.20836e-06, ||r||/||r_0|| = 0.609277
Setting time step: 0.34002513 in DGTransportTDO
Setting time step: 0.34002513 in CombinedOp
Setting time step: 0.34002513 in IonStaticPressureOp
norm(r_0) 0
norm(r_1) 0
norm(r_2) 0
norm(r_3) 2.9308589e-06
norm(r_4) 0
Newton iteration  0 : ||r|| = 2.93086e-06
   Pass :  1   Iteration :   0  ||B r|| = 6.56428e-05 ...
   Pass :  1   Iteration :   3  ||B r|| = 9.10987e-07
norm(r_0) 0
norm(r_1) 0
norm(r_2) 0
norm(r_3) 2.0130076e-06
norm(r_4) 0
Newton iteration  1 : ||r|| = 2.01301e-06, ||r||/||r_0|| = 0.686832
Setting time step: 0.34002513 in DGTransportTDO
Setting time step: 0.34002513 in CombinedOp
Setting time step: 0.34002513 in IonStaticPressureOp
norm(r_0) 0
norm(r_1) 0
norm(r_2) 0
norm(r_3) 2.2139501e-06
norm(r_4) 0
Newton iteration  0 : ||r|| = 2.21395e-06
   Pass :  1   Iteration :   0  ||B r|| = 6.38329e-06 ...
   Pass :  1   Iteration :   3  ||B r|| = 6.88161e-07
norm(r_0) 0
norm(r_1) 0
norm(r_2) 0
norm(r_3) 1.2416865e-06
norm(r_4) 0
Newton iteration  1 : ||r|| = 1.24169e-06, ||r||/||r_0|| = 0.560847
Setting time step: 0.34002513 in DGTransportTDO
Setting time step: 0.34002513 in CombinedOp
Setting time step: 0.34002513 in IonStaticPressureOp
norm(r_0) 0
norm(r_1) 0
norm(r_2) 0
norm(r_3) 5.9067865e-05
norm(r_4) 0
Newton iteration  0 : ||r|| = 5.90679e-05
   Pass :  1   Iteration :   0  ||B r|| = 0.000312974 ...
   Pass :  1   Iteration :   8  ||B r|| = 5.19684e-07
norm(r_0) 0
norm(r_1) 0
norm(r_2) 0
norm(r_3) 2.0732944e-06
norm(r_4) 0
Newton iteration  1 : ||r|| = 2.07329e-06, ||r||/||r_0|| = 0.0351002
Setting time step: 0.68005026 in DGTransportTDO
Setting time step: 0.68005026 in CombinedOp
Setting time step: 0.68005026 in IonStaticPressureOp
norm(r_0) 0
norm(r_1) 0
norm(r_2) 0
norm(r_3) 2.0737223e-06
norm(r_4) 0
Newton iteration  0 : ||r|| = 2.07372e-06
   Pass :  1   Iteration :   0  ||B r|| = 3.13643e-05 ...
   Pass :  1   Iteration :   3  ||B r|| = 6.41574e-07
norm(r_0) 0
norm(r_1) 0
norm(r_2) 0
norm(r_3) 3.4900382e-06
norm(r_4) 0
Newton iteration  1 : ||r|| = 3.49004e-06, ||r||/||r_0|| = 1.68298
Setting time step: 0.68005026 in DGTransportTDO
Setting time step: 0.68005026 in CombinedOp
Setting time step: 0.68005026 in IonStaticPressureOp
norm(r_0) 0
norm(r_1) 0
norm(r_2) 0
norm(r_3) 8.1630667e-06
norm(r_4) 0
Newton iteration  0 : ||r|| = 8.16307e-06
   Pass :  1   Iteration :   0  ||B r|| = 2.52885e-05 ...
   Pass :  1   Iteration :   2  ||B r|| = 7.82473e-07
norm(r_0) 0
norm(r_1) 0
norm(r_2) 0
norm(r_3) 2.428691e-06
norm(r_4) 0
Newton iteration  1 : ||r|| = 2.42869e-06, ||r||/||r_0|| = 0.297522
Setting time step: 0.68005026 in DGTransportTDO
Setting time step: 0.68005026 in CombinedOp
Setting time step: 0.68005026 in IonStaticPressureOp
norm(r_0) 0
norm(r_1) 0
norm(r_2) 0
norm(r_3) 6.3585861e-06
norm(r_4) 0
Newton iteration  0 : ||r|| = 6.35859e-06
   Pass :  1   Iteration :   0  ||B r|| = 1.0836e-05 ...
   Pass :  1   Iteration :   2  ||B r|| = 8.23532e-07
norm(r_0) 0
norm(r_1) 0
norm(r_2) 0
norm(r_3) 5.3040969e-06
norm(r_4) 0
Newton iteration  1 : ||r|| = 5.3041e-06, ||r||/||r_0|| = 0.834163
Setting time step: 0.68005026 in DGTransportTDO
Setting time step: 0.68005026 in CombinedOp
Setting time step: 0.68005026 in IonStaticPressureOp
norm(r_0) 0
norm(r_1) 0
norm(r_2) 0
norm(r_3) 4.1772685e-06
norm(r_4) 0
Newton iteration  0 : ||r|| = 4.17727e-06
   Pass :  1   Iteration :   0  ||B r|| = 3.22155e-06 ...
   Pass :  1   Iteration :   3  ||B r|| = 2.37417e-07
norm(r_0) 0
norm(r_1) 0
norm(r_2) 0
norm(r_3) 2.150084e-07
norm(r_4) 0
Newton iteration  1 : ||r|| = 2.15008e-07, ||r||/||r_0|| = 0.0514711
Setting time step: 0.68005026 in DGTransportTDO
Setting time step: 0.68005026 in CombinedOp
Setting time step: 0.68005026 in IonStaticPressureOp
norm(r_0) 0
norm(r_1) 0
norm(r_2) 0
norm(r_3) 0.00019443375
norm(r_4) 0
Newton iteration  0 : ||r|| = 0.000194434
   Pass :  1   Iteration :   0  ||B r|| = 4.39423e-05 ...
   Pass :  1   Iteration :   5  ||B r|| = 6.864e-07
norm(r_0) 0
norm(r_1) 0
norm(r_2) 0
norm(r_3) 4.4794136e-06
norm(r_4) 0
Newton iteration  1 : ||r|| = 4.47941e-06, ||r||/||r_0|| = 0.0230383
Setting time step: 1.3601005 in DGTransportTDO
Setting time step: 1.3601005 in CombinedOp
Setting time step: 1.3601005 in IonStaticPressureOp
norm(r_0) 0
norm(r_1) 0
norm(r_2) 0
norm(r_3) 4.4793537e-06
norm(r_4) 0
Newton iteration  0 : ||r|| = 4.47935e-06
   Pass :  1   Iteration :   0  ||B r|| = 5.42669e-06 ...
   Pass :  1   Iteration :   1  ||B r|| = 5.54692e-07
norm(r_0) 0
norm(r_1) 0
norm(r_2) 0
norm(r_3) 5.0206089e-06
norm(r_4) 0
Newton iteration  1 : ||r|| = 5.02061e-06, ||r||/||r_0|| = 1.12083
Setting time step: 1.3601005 in DGTransportTDO
Setting time step: 1.3601005 in CombinedOp
Setting time step: 1.3601005 in IonStaticPressureOp
norm(r_0) 0
norm(r_1) 0
norm(r_2) 0
norm(r_3) 1.4373911e-05
norm(r_4) 0
Newton iteration  0 : ||r|| = 1.43739e-05
   Pass :  1   Iteration :   0  ||B r|| = 5.19495e-06 ...
   Pass :  1   Iteration :   1  ||B r|| = 2.78013e-07
norm(r_0) 0
norm(r_1) 0
norm(r_2) 0
norm(r_3) 9.2913949e-07
norm(r_4) 0
Newton iteration  1 : ||r|| = 9.29139e-07, ||r||/||r_0|| = 0.0646407
Setting time step: 1.3601005 in DGTransportTDO
Setting time step: 1.3601005 in CombinedOp
Setting time step: 1.3601005 in IonStaticPressureOp
norm(r_0) 0
norm(r_1) 0
norm(r_2) 0
norm(r_3) 1.0770744e-05
norm(r_4) 0
Newton iteration  0 : ||r|| = 1.07707e-05
   Pass :  1   Iteration :   0  ||B r|| = 2.67698e-06 ...
   Pass :  1   Iteration :   1  ||B r|| = 4.30223e-07
norm(r_0) 0
norm(r_1) 0
norm(r_2) 0
norm(r_3) 2.2470841e-06
norm(r_4) 0
Newton iteration  1 : ||r|| = 2.24708e-06, ||r||/||r_0|| = 0.208628
Setting time step: 1.3601005 in DGTransportTDO
Setting time step: 1.3601005 in CombinedOp
Setting time step: 1.3601005 in IonStaticPressureOp
norm(r_0) 0
norm(r_1) 0
norm(r_2) 0
norm(r_3) 7.9330036e-06
norm(r_4) 0
Newton iteration  0 : ||r|| = 7.933e-06
   Pass :  1   Iteration :   0  ||B r|| = 1.26653e-06 ...
   Pass :  1   Iteration :   1  ||B r|| = 5.10129e-07
norm(r_0) 0
norm(r_1) 0
norm(r_2) 0
norm(r_3) 3.8247932e-06
norm(r_4) 0
Newton iteration  1 : ||r|| = 3.82479e-06, ||r||/||r_0|| = 0.482137
Setting time step: 1.3601005 in DGTransportTDO
Setting time step: 1.3601005 in CombinedOp
Setting time step: 1.3601005 in IonStaticPressureOp
norm(r_0) 0
norm(r_1) 0
norm(r_2) 0
norm(r_3) 5.5587847e-05
norm(r_4) 0
Newton iteration  0 : ||r|| = 5.55878e-05
   Pass :  1   Iteration :   0  ||B r|| = 1.17076e-05 ...
   Pass :  1   Iteration :   1  ||B r|| = 6.68451e-07
norm(r_0) 0
norm(r_1) 0
norm(r_2) 0
norm(r_3) 5.5094678e-06
norm(r_4) 0
Newton iteration  1 : ||r|| = 5.50947e-06, ||r||/||r_0|| = 0.0991128
Time stepping paused at t = 11.094161
Steady State solution has been reached

Time stepping done after 29.03746s.
