Options used:
   --mesh ../../mfem/data/inline-quad.mesh
   --bc-file ../../mfem/miniapps/plasma/transport2d_bcs.inp
   --ic-file ../../mfem/miniapps/plasma/transport2d_ics.inp
   --ec-file /home/gz6/mfem-analysis/input-files/transport2d_ecs.inp
   --es-file ../../mfem/miniapps/plasma/transport2d_ess.inp
   --eqdsk-file 
   --logging 1
   --operator-test 8
   --equation-weights '1 1 1 1 1'
   --problem 0
   --refine-serial 4
   --refine-parallel 0
   --enable-amr
   --max-err -1
   --hysteresis 0.25
   --nc-limit 3
   --amr-weights '1 1 1 1 1'
   --order 2
   --dg-sigma -1
   --dg-kappa 9
   --linear-abs-tolerance 1e-06
   --linear-rel-tolerance 1e-06
   --linear-max-iterations 500
   --linear-logging-level 3
   --newton-abs-tolerance 1e-10
   --newton-rel-tolerance 1e-10
   --newton-max-iterations 1
   --newton-logging-level 1
   --steady-state-abs-tolerance 1e-08
   --steady-state-rel-tolerance 1e-08
   --prec-type 1
   --prec-logging-level 0
   --initial-tolerance 1e-05
   --ode-tolerance 0.001
   --ode-solver 2
   --err-per-step
   --ode-weights '1 1 1 1 1'
   --kP 0
   --kI 0.6
   --kD 0
   --theta-max 2
   --t-minimum 0
   --t-final 100
   --time-step 0.01
   --cfl-number 0.3
   --ion-charge 1
   --ion-mass 2.0141018
   --neutral-mass 2.0141018
   --neutral-temp 3
   --min-neutral-density 9e+14
   --max-neutral-density 1e+15
   --neutral-density-exp 0
   --min-ion-density 1e+16
   --max-ion-density 1e+18
   --ion-density-exp 0
   --min-ion-temp 1
   --max-ion-temp 10
   --ion-temp-exp 0
   --min-electron-temp 10
   --max-electron-temp 440
   --electron-temp-exp 0
   --total-B-magnitude 5
   --poloidal-B-magnitude 0.5
   --velocity 1000
   --Di-perp 1
   --Xi-perp 1
   --Xe-perp 1
   --equation-term-flags '-1 -1 -1 -1 -1'
   --visualization-flags '-1 -1 -1 -1 -1'
   --visualization
   --visit-datafiles
   --ascii-datafiles
   --visualization-steps 4
Device configuration: cpu
Memory configuration: host-std
Number of elements in initial mesh: 16
Number of elements after serial refinement: 4096
4: Number of elements in parallel mesh: 256
4: Number of elements after parallel refinement: 256
5: Number of elements in parallel mesh: 256
5: Number of elements after parallel refinement: 256
3: Number of elements in parallel mesh: 256
3: Number of elements after parallel refinement: 256
1: Number of elements in parallel mesh: 256
1: Number of elements after parallel refinement: 256
0: Number of elements in parallel mesh: 256
0: Number of elements after parallel refinement: 256
2: Number of elements in parallel mesh: 256
2: Number of elements after parallel refinement: 256
13: Number of elements in parallel mesh: 256
13: Number of elements after parallel refinement: 256
12: Number of elements in parallel mesh: 256
12: Number of elements after parallel refinement: 256
10: Number of elements in parallel mesh: 256
10: Number of elements after parallel refinement: 256
11: Number of elements in parallel mesh: 256
11: Number of elements after parallel refinement: 256
6: Number of elements in parallel mesh: 256
6: Number of elements after parallel refinement: 256
7: Number of elements in parallel mesh: 256
7: Number of elements after parallel refinement: 256
9: Number of elements in parallel mesh: 256
9: Number of elements after parallel refinement: 256
15: Number of elements in parallel mesh: 256
15: Number of elements after parallel refinement: 256
14: Number of elements in parallel mesh: 256
14: Number of elements after parallel refinement: 256
8: Number of elements in parallel mesh: 256
8: Number of elements after parallel refinement: 256
Configuring initial conditions
Reading initial conditions from ../../mfem/miniapps/plasma/transport2d_ics.inp
Configuring exact solutions
Reading exact solutions from ../../mfem/miniapps/plasma/transport2d_ess.inp

AMR iteration 0
Number of unknowns: 36864
Stopping criterion satisfied. Stop.
Number of unknowns per field: 36864
Total number of unknowns:     184320
Configuring boundary conditions
Reading boundary conditions from ../../mfem/miniapps/plasma/transport2d_bcs.inp
Configuring equation coefficients
Reading equation coefficients from /home/gz6/mfem-analysis/input-files/transport2d_ecs.inp
|mn| = 3.3444946e-27
|ni| = 1
|ne| = 1

|Dn|     = -nan
|Di|     = -nan
|Eta|    = -nan
|nXi|    = -nan
|nXe|    = -nan

|Eta/mn| = -nan
|nXi/ni| = -nan
|nXe/ne| = -nan
Ion Static Pressure: Adding time derivative term proportional to d n_i / dt
Ion Static Pressure: Adding time derivative term proportional to d T_i / dt
Ion Static Pressure: Adding anisotropic diffusion term
Ion Static Pressure: Adding source term
Opening GLVis sockets.
Range of error estimates for initial condition: -nan < elem err < -nan

Begin time stepping at t = 0
Setting time step: 0.0025 in DGTransportTDO
Setting time step: 0.0025 in CombinedOp
Setting time step: 0.0025 in IonStaticPressureOp
norm(r_0) 0
norm(r_1) 0
norm(r_2) 0
norm(r_3) 0.054259978
norm(r_4) 0
Newton iteration  0 : ||r|| = 0.05426
   Pass :  1   Iteration :   0  ||B r|| = 885.767 ...
   Pass :  1   Iteration :  25  ||B r|| = 0.000804917
norm(r_0) 0
norm(r_1) 0
norm(r_2) 0
norm(r_3) 6.0451041e-05
norm(r_4) 0
Newton iteration  1 : ||r|| = 6.0451e-05, ||r||/||r_0|| = 0.0011141
Setting time step: 0.0025 in DGTransportTDO
Setting time step: 0.0025 in CombinedOp
Setting time step: 0.0025 in IonStaticPressureOp
norm(r_0) 0
norm(r_1) 0
norm(r_2) 0
norm(r_3) 0.0508035
norm(r_4) 0
Newton iteration  0 : ||r|| = 0.0508035
   Pass :  1   Iteration :   0  ||B r|| = 829.342 ...
   Pass :  1   Iteration :  25  ||B r|| = 0.00076699
norm(r_0) 0
norm(r_1) 0
norm(r_2) 0
norm(r_3) 5.7764591e-05
norm(r_4) 0
Newton iteration  1 : ||r|| = 5.77646e-05, ||r||/||r_0|| = 0.00113702
Setting time step: 0.0025 in DGTransportTDO
Setting time step: 0.0025 in CombinedOp
Setting time step: 0.0025 in IonStaticPressureOp
norm(r_0) 0
norm(r_1) 0
norm(r_2) 0
norm(r_3) 0.052168444
norm(r_4) 0
Newton iteration  0 : ||r|| = 0.0521684
   Pass :  1   Iteration :   0  ||B r|| = 851.625 ...
   Pass :  1   Iteration :  25  ||B r|| = 0.000784006
norm(r_0) 0
norm(r_1) 0
norm(r_2) 0
norm(r_3) 5.9006958e-05
norm(r_4) 0
Newton iteration  1 : ||r|| = 5.9007e-05, ||r||/||r_0|| = 0.00113109
Setting time step: 0.0025 in DGTransportTDO
Setting time step: 0.0025 in CombinedOp
Setting time step: 0.0025 in IonStaticPressureOp
norm(r_0) 0
norm(r_1) 0
norm(r_2) 0
norm(r_3) 0.052516867
norm(r_4) 0
Newton iteration  0 : ||r|| = 0.0525169
   Pass :  1   Iteration :   0  ||B r|| = 857.312 ...
   Pass :  1   Iteration :  25  ||B r|| = 0.000787303
norm(r_0) 0
norm(r_1) 0
norm(r_2) 0
norm(r_3) 5.9231896e-05
norm(r_4) 0
Newton iteration  1 : ||r|| = 5.92319e-05, ||r||/||r_0|| = 0.00112786
Setting time step: 0.0025 in DGTransportTDO
Setting time step: 0.0025 in CombinedOp
Setting time step: 0.0025 in IonStaticPressureOp
norm(r_0) 0
norm(r_1) 0
norm(r_2) 0
norm(r_3) 0.049134685
norm(r_4) 0
Newton iteration  0 : ||r|| = 0.0491347
   Pass :  1   Iteration :   0  ||B r|| = 802.096 ...
   Pass :  1   Iteration :  25  ||B r|| = 0.000722015
norm(r_0) 0
norm(r_1) 0
norm(r_2) 0
norm(r_3) 5.4095615e-05
norm(r_4) 0
Newton iteration  1 : ||r|| = 5.40956e-05, ||r||/||r_0|| = 0.00110097
Setting time step: 0.005 in DGTransportTDO
Setting time step: 0.005 in CombinedOp
Setting time step: 0.005 in IonStaticPressureOp
norm(r_0) 0
norm(r_1) 0
norm(r_2) 0
norm(r_3) 0.047569474
norm(r_4) 0
Newton iteration  0 : ||r|| = 0.0475695
   Pass :  1   Iteration :   0  ||B r|| = 683.279 ...
   Pass :  1   Iteration :  27  ||B r|| = 0.000501198
norm(r_0) 0
norm(r_1) 0
norm(r_2) 0
norm(r_3) 7.5242316e-05
norm(r_4) 0
Newton iteration  1 : ||r|| = 7.52423e-05, ||r||/||r_0|| = 0.00158174
Setting time step: 0.005 in DGTransportTDO
Setting time step: 0.005 in CombinedOp
Setting time step: 0.005 in IonStaticPressureOp
norm(r_0) 0
norm(r_1) 0
norm(r_2) 0
norm(r_3) 0.041695954
norm(r_4) 0
Newton iteration  0 : ||r|| = 0.041696
   Pass :  1   Iteration :   0  ||B r|| = 598.914 ...
   Pass :  1   Iteration :  27  ||B r|| = 0.000440988
norm(r_0) 0
norm(r_1) 0
norm(r_2) 0
norm(r_3) 6.6243616e-05
norm(r_4) 0
Newton iteration  1 : ||r|| = 6.62436e-05, ||r||/||r_0|| = 0.00158873
Setting time step: 0.005 in DGTransportTDO
Setting time step: 0.005 in CombinedOp
Setting time step: 0.005 in IonStaticPressureOp
norm(r_0) 0
norm(r_1) 0
norm(r_2) 0
norm(r_3) 0.043987302
norm(r_4) 0
Newton iteration  0 : ||r|| = 0.0439873
   Pass :  1   Iteration :   0  ||B r|| = 631.826 ...
   Pass :  1   Iteration :  27  ||B r|| = 0.000464737
norm(r_0) 0
norm(r_1) 0
norm(r_2) 0
norm(r_3) 6.9799697e-05
norm(r_4) 0
Newton iteration  1 : ||r|| = 6.97997e-05, ||r||/||r_0|| = 0.00158681
Setting time step: 0.005 in DGTransportTDO
Setting time step: 0.005 in CombinedOp
Setting time step: 0.005 in IonStaticPressureOp
norm(r_0) 0
norm(r_1) 0
norm(r_2) 0
norm(r_3) 0.044584004
norm(r_4) 0
Newton iteration  0 : ||r|| = 0.044584
   Pass :  1   Iteration :   0  ||B r|| = 640.397 ...
   Pass :  1   Iteration :  27  ||B r|| = 0.000470784
norm(r_0) 0
norm(r_1) 0
norm(r_2) 0
norm(r_3) 7.0701771e-05
norm(r_4) 0
Newton iteration  1 : ||r|| = 7.07018e-05, ||r||/||r_0|| = 0.00158581
Setting time step: 0.005 in DGTransportTDO
Setting time step: 0.005 in CombinedOp
Setting time step: 0.005 in IonStaticPressureOp
norm(r_0) 0
norm(r_1) 0
norm(r_2) 0
norm(r_3) 0.038967708
norm(r_4) 0
Newton iteration  0 : ||r|| = 0.0389677
   Pass :  1   Iteration :   0  ||B r|| = 559.721 ...
   Pass :  1   Iteration :  27  ||B r|| = 0.000409453
norm(r_0) 0
norm(r_1) 0
norm(r_2) 0
norm(r_3) 6.1436245e-05
norm(r_4) 0
Newton iteration  1 : ||r|| = 6.14362e-05, ||r||/||r_0|| = 0.00157659
Setting time step: 0.01 in DGTransportTDO
Setting time step: 0.01 in CombinedOp
Setting time step: 0.01 in IonStaticPressureOp
norm(r_0) 0
norm(r_1) 0
norm(r_2) 0
norm(r_3) 0.036561696
norm(r_4) 0
Newton iteration  0 : ||r|| = 0.0365617
   Pass :  1   Iteration :   0  ||B r|| = 418.372 ...
   Pass :  1   Iteration :  28  ||B r|| = 0.000353765
norm(r_0) 0
norm(r_1) 0
norm(r_2) 0
norm(r_3) 9.6785094e-05
norm(r_4) 0
Newton iteration  1 : ||r|| = 9.67851e-05, ||r||/||r_0|| = 0.00264717
Setting time step: 0.01 in DGTransportTDO
Setting time step: 0.01 in CombinedOp
Setting time step: 0.01 in IonStaticPressureOp
norm(r_0) 0
norm(r_1) 0
norm(r_2) 0
norm(r_3) 0.028059051
norm(r_4) 0
Newton iteration  0 : ||r|| = 0.0280591
   Pass :  1   Iteration :   0  ||B r|| = 321.066 ...
   Pass :  1   Iteration :  28  ||B r|| = 0.000272282
norm(r_0) 0
norm(r_1) 0
norm(r_2) 0
norm(r_3) 7.4577578e-05
norm(r_4) 0
Newton iteration  1 : ||r|| = 7.45776e-05, ||r||/||r_0|| = 0.00265788
Setting time step: 0.01 in DGTransportTDO
Setting time step: 0.01 in CombinedOp
Setting time step: 0.01 in IonStaticPressureOp
norm(r_0) 0
norm(r_1) 0
norm(r_2) 0
norm(r_3) 0.031301892
norm(r_4) 0
Newton iteration  0 : ||r|| = 0.0313019
   Pass :  1   Iteration :   0  ||B r|| = 358.178 ...
   Pass :  1   Iteration :  28  ||B r|| = 0.000303484
norm(r_0) 0
norm(r_1) 0
norm(r_2) 0
norm(r_3) 8.3095138e-05
norm(r_4) 0
Newton iteration  1 : ||r|| = 8.30951e-05, ||r||/||r_0|| = 0.00265464
Setting time step: 0.01 in DGTransportTDO
Setting time step: 0.01 in CombinedOp
Setting time step: 0.01 in IonStaticPressureOp
norm(r_0) 0
norm(r_1) 0
norm(r_2) 0
norm(r_3) 0.032178537
norm(r_4) 0
Newton iteration  0 : ||r|| = 0.0321785
   Pass :  1   Iteration :   0  ||B r|| = 368.211 ...
   Pass :  1   Iteration :  28  ||B r|| = 0.000311851
norm(r_0) 0
norm(r_1) 0
norm(r_2) 0
norm(r_3) 8.5371877e-05
norm(r_4) 0
Newton iteration  1 : ||r|| = 8.53719e-05, ||r||/||r_0|| = 0.00265307
Setting time step: 0.01 in DGTransportTDO
Setting time step: 0.01 in CombinedOp
Setting time step: 0.01 in IonStaticPressureOp
norm(r_0) 0
norm(r_1) 0
norm(r_2) 0
norm(r_3) 0.024442045
norm(r_4) 0
Newton iteration  0 : ||r|| = 0.024442
   Pass :  1   Iteration :   0  ||B r|| = 279.683 ...
   Pass :  1   Iteration :  28  ||B r|| = 0.000235818
norm(r_0) 0
norm(r_1) 0
norm(r_2) 0
norm(r_3) 6.4438281e-05
norm(r_4) 0
Newton iteration  1 : ||r|| = 6.44383e-05, ||r||/||r_0|| = 0.00263637
Setting time step: 0.02 in DGTransportTDO
Setting time step: 0.02 in CombinedOp
Setting time step: 0.02 in IonStaticPressureOp
norm(r_0) 0
norm(r_1) 0
norm(r_2) 0
norm(r_3) 0.021599423
norm(r_4) 0
Newton iteration  0 : ||r|| = 0.0215994
   Pass :  1   Iteration :   0  ||B r|| = 173.752 ...
   Pass :  1   Iteration :  29  ||B r|| = 0.000170095
norm(r_0) 0
norm(r_1) 0
norm(r_2) 0
norm(r_3) 8.9803614e-05
norm(r_4) 0
Newton iteration  1 : ||r|| = 8.98036e-05, ||r||/||r_0|| = 0.00415769
Setting time step: 0.02 in DGTransportTDO
Setting time step: 0.02 in CombinedOp
Setting time step: 0.02 in IonStaticPressureOp
norm(r_0) 0
norm(r_1) 0
norm(r_2) 0
norm(r_3) 0.012599945
norm(r_4) 0
Newton iteration  0 : ||r|| = 0.0125999
   Pass :  1   Iteration :   0  ||B r|| = 101.348 ...
   Pass :  1   Iteration :  29  ||B r|| = 9.94212e-05
norm(r_0) 0
norm(r_1) 0
norm(r_2) 0
norm(r_3) 5.2538973e-05
norm(r_4) 0
Newton iteration  1 : ||r|| = 5.2539e-05, ||r||/||r_0|| = 0.00416978
Setting time step: 0.02 in DGTransportTDO
Setting time step: 0.02 in CombinedOp
Setting time step: 0.02 in IonStaticPressureOp
norm(r_0) 0
norm(r_1) 0
norm(r_2) 0
norm(r_3) 0.015899475
norm(r_4) 0
Newton iteration  0 : ||r|| = 0.0158995
   Pass :  1   Iteration :   0  ||B r|| = 127.896 ...
   Pass :  1   Iteration :  29  ||B r|| = 0.000125367
norm(r_0) 0
norm(r_1) 0
norm(r_2) 0
norm(r_3) 6.6227413e-05
norm(r_4) 0
Newton iteration  1 : ||r|| = 6.62274e-05, ||r||/||r_0|| = 0.00416538
Setting time step: 0.02 in DGTransportTDO
Setting time step: 0.02 in CombinedOp
Setting time step: 0.02 in IonStaticPressureOp
norm(r_0) 0
norm(r_1) 0
norm(r_2) 0
norm(r_3) 0.016852534
norm(r_4) 0
Newton iteration  0 : ||r|| = 0.0168525
   Pass :  1   Iteration :   0  ||B r|| = 135.564 ...
   Pass :  1   Iteration :  29  ||B r|| = 0.000132843
norm(r_0) 0
norm(r_1) 0
norm(r_2) 0
norm(r_3) 7.0167136e-05
norm(r_4) 0
Newton iteration  1 : ||r|| = 7.01671e-05, ||r||/||r_0|| = 0.0041636
Setting time step: 0.02 in DGTransportTDO
Setting time step: 0.02 in CombinedOp
Setting time step: 0.02 in IonStaticPressureOp
norm(r_0) 0
norm(r_1) 0
norm(r_2) 0
norm(r_3) 0.0095358619
norm(r_4) 0
Newton iteration  0 : ||r|| = 0.00953586
   Pass :  1   Iteration :   0  ||B r|| = 76.6838 ...
   Pass :  1   Iteration :  29  ||B r|| = 7.48395e-05
norm(r_0) 0
norm(r_1) 0
norm(r_2) 0
norm(r_3) 3.9454859e-05
norm(r_4) 0
Newton iteration  1 : ||r|| = 3.94549e-05, ||r||/||r_0|| = 0.00413752
Time stepping paused at t = 0.15

Estimating errors.
No refinements necessary.
No derefinements needed.

AMR iteration 1
Number of unknowns: 36864
Setting time step: 0.01970778 in DGTransportTDO
Setting time step: 0.01970778 in CombinedOp
Setting time step: 0.01970778 in IonStaticPressureOp
norm(r_0) 0
norm(r_1) 0
norm(r_2) 0
norm(r_3) 0.0075465979
norm(r_4) 0
Newton iteration  0 : ||r|| = 0.0075466
   Pass :  1   Iteration :   0  ||B r|| = 61.2407 ...
   Pass :  1   Iteration :  29  ||B r|| = 5.94585e-05
norm(r_0) 0
norm(r_1) 0
norm(r_2) 0
norm(r_3) 3.1042414e-05
norm(r_4) 0
Newton iteration  1 : ||r|| = 3.10424e-05, ||r||/||r_0|| = 0.00411343
Setting time step: 0.01970778 in DGTransportTDO
Setting time step: 0.01970778 in CombinedOp
Setting time step: 0.01970778 in IonStaticPressureOp
norm(r_0) 0
norm(r_1) 0
norm(r_2) 0
norm(r_3) 0.0044383708
norm(r_4) 0
Newton iteration  0 : ||r|| = 0.00443837
   Pass :  1   Iteration :   0  ||B r|| = 36.0175 ...
   Pass :  1   Iteration :  29  ||B r|| = 3.49728e-05
norm(r_0) 0
norm(r_1) 0
norm(r_2) 0
norm(r_3) 1.8258745e-05
norm(r_4) 0
Newton iteration  1 : ||r|| = 1.82587e-05, ||r||/||r_0|| = 0.00411384
Setting time step: 0.01970778 in DGTransportTDO
Setting time step: 0.01970778 in CombinedOp
Setting time step: 0.01970778 in IonStaticPressureOp
norm(r_0) 0
norm(r_1) 0
norm(r_2) 0
norm(r_3) 0.005579246
norm(r_4) 0
Newton iteration  0 : ||r|| = 0.00557925
   Pass :  1   Iteration :   0  ||B r|| = 45.2757 ...
   Pass :  1   Iteration :  29  ||B r|| = 4.39608e-05
norm(r_0) 0
norm(r_1) 0
norm(r_2) 0
norm(r_3) 2.2951276e-05
norm(r_4) 0
Newton iteration  1 : ||r|| = 2.29513e-05, ||r||/||r_0|| = 0.00411369
Setting time step: 0.01970778 in DGTransportTDO
Setting time step: 0.01970778 in CombinedOp
Setting time step: 0.01970778 in IonStaticPressureOp
norm(r_0) 0
norm(r_1) 0
norm(r_2) 0
norm(r_3) 0.0059082091
norm(r_4) 0
Newton iteration  0 : ||r|| = 0.00590821
   Pass :  1   Iteration :   0  ||B r|| = 47.9452 ...
   Pass :  1   Iteration :  29  ||B r|| = 4.65522e-05
norm(r_0) 0
norm(r_1) 0
norm(r_2) 0
norm(r_3) 2.4304171e-05
norm(r_4) 0
Newton iteration  1 : ||r|| = 2.43042e-05, ||r||/||r_0|| = 0.00411363
Setting time step: 0.01970778 in DGTransportTDO
Setting time step: 0.01970778 in CombinedOp
Setting time step: 0.01970778 in IonStaticPressureOp
norm(r_0) 0
norm(r_1) 0
norm(r_2) 0
norm(r_3) 0.0033716739
norm(r_4) 0
Newton iteration  0 : ||r|| = 0.00337167
   Pass :  1   Iteration :   0  ||B r|| = 27.3611 ...
   Pass :  1   Iteration :  29  ||B r|| = 2.65613e-05
norm(r_0) 0
norm(r_1) 0
norm(r_2) 0
norm(r_3) 1.3867185e-05
norm(r_4) 0
Newton iteration  1 : ||r|| = 1.38672e-05, ||r||/||r_0|| = 0.00411285
Setting time step: 0.03863309 in DGTransportTDO
Setting time step: 0.03863309 in CombinedOp
Setting time step: 0.03863309 in IonStaticPressureOp
norm(r_0) 0
norm(r_1) 0
norm(r_2) 0
norm(r_3) 0.0026773226
norm(r_4) 0
Newton iteration  0 : ||r|| = 0.00267732
   Pass :  1   Iteration :   0  ||B r|| = 13.8154 ...
   Pass :  1   Iteration :  31  ||B r|| = 1.18135e-05
norm(r_0) 0
norm(r_1) 0
norm(r_2) 0
norm(r_3) 1.190347e-05
norm(r_4) 0
Newton iteration  1 : ||r|| = 1.19035e-05, ||r||/||r_0|| = 0.00444604
Setting time step: 0.03863309 in DGTransportTDO
Setting time step: 0.03863309 in CombinedOp
Setting time step: 0.03863309 in IonStaticPressureOp
norm(r_0) 0
norm(r_1) 0
norm(r_2) 0
norm(r_3) 0.00087273299
norm(r_4) 0
Newton iteration  0 : ||r|| = 0.000872733
   Pass :  1   Iteration :   0  ||B r|| = 4.50269 ...
   Pass :  1   Iteration :  31  ||B r|| = 3.85318e-06
norm(r_0) 0
norm(r_1) 0
norm(r_2) 0
norm(r_3) 3.883077e-06
norm(r_4) 0
Newton iteration  1 : ||r|| = 3.88308e-06, ||r||/||r_0|| = 0.00444933
Setting time step: 0.03863309 in DGTransportTDO
Setting time step: 0.03863309 in CombinedOp
Setting time step: 0.03863309 in IonStaticPressureOp
norm(r_0) 0
norm(r_1) 0
norm(r_2) 0
norm(r_3) 0.0014972024
norm(r_4) 0
Newton iteration  0 : ||r|| = 0.0014972
   Pass :  1   Iteration :   0  ||B r|| = 7.72556 ...
   Pass :  1   Iteration :  31  ||B r|| = 6.6085e-06
norm(r_0) 0
norm(r_1) 0
norm(r_2) 0
norm(r_3) 6.6592832e-06
norm(r_4) 0
Newton iteration  1 : ||r|| = 6.65928e-06, ||r||/||r_0|| = 0.00444782
Setting time step: 0.03863309 in DGTransportTDO
Setting time step: 0.03863309 in CombinedOp
Setting time step: 0.03863309 in IonStaticPressureOp
norm(r_0) 0
norm(r_1) 0
norm(r_2) 0
norm(r_3) 0.0016962972
norm(r_4) 0
Newton iteration  0 : ||r|| = 0.0016963
   Pass :  1   Iteration :   0  ||B r|| = 8.75305 ...
   Pass :  1   Iteration :  31  ||B r|| = 7.48663e-06
norm(r_0) 0
norm(r_1) 0
norm(r_2) 0
norm(r_3) 7.5440166e-06
norm(r_4) 0
Newton iteration  1 : ||r|| = 7.54402e-06, ||r||/||r_0|| = 0.00444734
Setting time step: 0.03863309 in DGTransportTDO
Setting time step: 0.03863309 in CombinedOp
Setting time step: 0.03863309 in IonStaticPressureOp
norm(r_0) 0
norm(r_1) 0
norm(r_2) 0
norm(r_3) 0.00054883876
norm(r_4) 0
Newton iteration  0 : ||r|| = 0.000548839
   Pass :  1   Iteration :   0  ||B r|| = 2.82814 ...
   Pass :  1   Iteration :  31  ||B r|| = 2.41376e-06
norm(r_0) 0
norm(r_1) 0
norm(r_2) 0
norm(r_3) 2.4312396e-06
norm(r_4) 0
Newton iteration  1 : ||r|| = 2.43124e-06, ||r||/||r_0|| = 0.00442979
Setting time step: 0.042498635 in DGTransportTDO
Setting time step: 0.042498635 in CombinedOp
Setting time step: 0.042498635 in IonStaticPressureOp
norm(r_0) 0
norm(r_1) 0
norm(r_2) 0
norm(r_3) 0.00036335696
norm(r_4) 0
Newton iteration  0 : ||r|| = 0.000363357
   Pass :  1   Iteration :   0  ||B r|| = 1.74484 ...
   Pass :  1   Iteration :  31  ||B r|| = 1.58066e-06
norm(r_0) 0
norm(r_1) 0
norm(r_2) 0
norm(r_3) 1.7348748e-06
norm(r_4) 0
Newton iteration  1 : ||r|| = 1.73487e-06, ||r||/||r_0|| = 0.00477457
Setting time step: 0.042498635 in DGTransportTDO
Setting time step: 0.042498635 in CombinedOp
Setting time step: 0.042498635 in IonStaticPressureOp
norm(r_0) 0
norm(r_1) 0
norm(r_2) 0
norm(r_3) 0.00010270944
norm(r_4) 0
Newton iteration  0 : ||r|| = 0.000102709
   Pass :  1   Iteration :   0  ||B r|| = 0.493201 ...
   Pass :  1   Iteration :  28  ||B r|| = 9.75273e-07
norm(r_0) 0
norm(r_1) 0
norm(r_2) 0
norm(r_3) 9.9521486e-07
norm(r_4) 0
Newton iteration  1 : ||r|| = 9.95215e-07, ||r||/||r_0|| = 0.00968961
Setting time step: 0.042498635 in DGTransportTDO
Setting time step: 0.042498635 in CombinedOp
Setting time step: 0.042498635 in IonStaticPressureOp
norm(r_0) 0
norm(r_1) 0
norm(r_2) 0
norm(r_3) 0.00019201118
norm(r_4) 0
Newton iteration  0 : ||r|| = 0.000192011
   Pass :  1   Iteration :   0  ||B r|| = 0.922029 ...
   Pass :  1   Iteration :  31  ||B r|| = 8.35421e-07
norm(r_0) 0
norm(r_1) 0
norm(r_2) 0
norm(r_3) 9.1697112e-07
norm(r_4) 0
Newton iteration  1 : ||r|| = 9.16971e-07, ||r||/||r_0|| = 0.00477561
Setting time step: 0.042498635 in DGTransportTDO
Setting time step: 0.042498635 in CombinedOp
Setting time step: 0.042498635 in IonStaticPressureOp
norm(r_0) 0
norm(r_1) 0
norm(r_2) 0
norm(r_3) 0.00022097721
norm(r_4) 0
Newton iteration  0 : ||r|| = 0.000220977
   Pass :  1   Iteration :   0  ||B r|| = 1.06112 ...
   Pass :  1   Iteration :  31  ||B r|| = 9.61387e-07
norm(r_0) 0
norm(r_1) 0
norm(r_2) 0
norm(r_3) 1.0552111e-06
norm(r_4) 0
Newton iteration  1 : ||r|| = 1.05521e-06, ||r||/||r_0|| = 0.0047752
Setting time step: 0.042498635 in DGTransportTDO
Setting time step: 0.042498635 in CombinedOp
Setting time step: 0.042498635 in IonStaticPressureOp
norm(r_0) 0
norm(r_1) 0
norm(r_2) 0
norm(r_3) 6.4412969e-05
norm(r_4) 0
Newton iteration  0 : ||r|| = 6.4413e-05
   Pass :  1   Iteration :   0  ||B r|| = 0.308558 ...
   Pass :  1   Iteration :  27  ||B r|| = 8.37566e-07
norm(r_0) 0
norm(r_1) 0
norm(r_2) 0
norm(r_3) 8.7582278e-07
norm(r_4) 0
Newton iteration  1 : ||r|| = 8.75823e-07, ||r||/||r_0|| = 0.013597
Setting time step: 0.08499727 in DGTransportTDO
Setting time step: 0.08499727 in CombinedOp
Setting time step: 0.08499727 in IonStaticPressureOp
norm(r_0) 0
norm(r_1) 0
norm(r_2) 0
norm(r_3) 4.1218661e-05
norm(r_4) 0
Newton iteration  0 : ||r|| = 4.12187e-05
   Pass :  1   Iteration :   0  ||B r|| = 0.112164 ...
   Pass :  1   Iteration :  25  ||B r|| = 9.16549e-07
norm(r_0) 0
norm(r_1) 0
norm(r_2) 0
norm(r_3) 1.834857e-06
norm(r_4) 0
Newton iteration  1 : ||r|| = 1.83486e-06, ||r||/||r_0|| = 0.0445152
Setting time step: 0.08499727 in DGTransportTDO
Setting time step: 0.08499727 in CombinedOp
Setting time step: 0.08499727 in IonStaticPressureOp
norm(r_0) 0
norm(r_1) 0
norm(r_2) 0
norm(r_3) 3.9561559e-06
norm(r_4) 0
Newton iteration  0 : ||r|| = 3.95616e-06
   Pass :  1   Iteration :   0  ||B r|| = 0.00627532 ...
   Pass :  1   Iteration :  17  ||B r|| = 8.30659e-07
norm(r_0) 0
norm(r_1) 0
norm(r_2) 0
norm(r_3) 1.5081486e-06
norm(r_4) 0
Newton iteration  1 : ||r|| = 1.50815e-06, ||r||/||r_0|| = 0.381216
Setting time step: 0.08499727 in DGTransportTDO
Setting time step: 0.08499727 in CombinedOp
Setting time step: 0.08499727 in IonStaticPressureOp
norm(r_0) 0
norm(r_1) 0
norm(r_2) 0
norm(r_3) 1.1777971e-05
norm(r_4) 0
Newton iteration  0 : ||r|| = 1.1778e-05
   Pass :  1   Iteration :   0  ||B r|| = 0.0310948 ...
   Pass :  1   Iteration :  21  ||B r|| = 9.48793e-07
norm(r_0) 0
norm(r_1) 0
norm(r_2) 0
norm(r_3) 1.910378e-06
norm(r_4) 0
Newton iteration  1 : ||r|| = 1.91038e-06, ||r||/||r_0|| = 0.162199
Setting time step: 0.08499727 in DGTransportTDO
Setting time step: 0.08499727 in CombinedOp
Setting time step: 0.08499727 in IonStaticPressureOp
norm(r_0) 0
norm(r_1) 0
norm(r_2) 0
norm(r_3) 1.673428e-05
norm(r_4) 0
Newton iteration  0 : ||r|| = 1.67343e-05
   Pass :  1   Iteration :   0  ||B r|| = 0.0450662 ...
   Pass :  1   Iteration :  22  ||B r|| = 9.69112e-07
norm(r_0) 0
norm(r_1) 0
norm(r_2) 0
norm(r_3) 1.7157441e-06
norm(r_4) 0
Newton iteration  1 : ||r|| = 1.71574e-06, ||r||/||r_0|| = 0.102529
Setting time step: 0.08499727 in DGTransportTDO
Setting time step: 0.08499727 in CombinedOp
Setting time step: 0.08499727 in IonStaticPressureOp
norm(r_0) 0
norm(r_1) 0
norm(r_2) 0
norm(r_3) 9.6015812e-05
norm(r_4) 0
Newton iteration  0 : ||r|| = 9.60158e-05
   Pass :  1   Iteration :   0  ||B r|| = 0.0130023 ...
   Pass :  1   Iteration :  19  ||B r|| = 8.97964e-07
norm(r_0) 0
norm(r_1) 0
norm(r_2) 0
norm(r_3) 1.3733192e-06
norm(r_4) 0
Newton iteration  1 : ||r|| = 1.37332e-06, ||r||/||r_0|| = 0.0143031
Time stepping paused at t = 0.8933471

Estimating errors.
No refinements necessary.
No derefinements needed.

AMR iteration 2
Number of unknowns: 36864
Setting time step: 0.16999454 in DGTransportTDO
Setting time step: 0.16999454 in CombinedOp
Setting time step: 0.16999454 in IonStaticPressureOp
norm(r_0) 0
norm(r_1) 0
norm(r_2) 0
norm(r_3) 2.6417373e-06
norm(r_4) 0
Newton iteration  0 : ||r|| = 2.64174e-06
   Pass :  1   Iteration :   0  ||B r|| = 0.00328846 ...
   Pass :  1   Iteration :  16  ||B r|| = 7.91636e-07
norm(r_0) 0
norm(r_1) 0
norm(r_2) 0
norm(r_3) 2.4125088e-06
norm(r_4) 0
Newton iteration  1 : ||r|| = 2.41251e-06, ||r||/||r_0|| = 0.913228
Setting time step: 0.16999454 in DGTransportTDO
Setting time step: 0.16999454 in CombinedOp
Setting time step: 0.16999454 in IonStaticPressureOp
norm(r_0) 0
norm(r_1) 0
norm(r_2) 0
norm(r_3) 4.9809103e-06
norm(r_4) 0
Newton iteration  0 : ||r|| = 4.98091e-06
   Pass :  1   Iteration :   0  ||B r|| = 0.00125826 ...
   Pass :  1   Iteration :  13  ||B r|| = 7.61628e-07
norm(r_0) 0
norm(r_1) 0
norm(r_2) 0
norm(r_3) 2.4062785e-06
norm(r_4) 0
Newton iteration  1 : ||r|| = 2.40628e-06, ||r||/||r_0|| = 0.4831
Setting time step: 0.16999454 in DGTransportTDO
Setting time step: 0.16999454 in CombinedOp
Setting time step: 0.16999454 in IonStaticPressureOp
norm(r_0) 0
norm(r_1) 0
norm(r_2) 0
norm(r_3) 3.9982833e-06
norm(r_4) 0
Newton iteration  0 : ||r|| = 3.99828e-06
   Pass :  1   Iteration :   0  ||B r|| = 5.72155e-05 ...
   Pass :  1   Iteration :   5  ||B r|| = 9.96693e-07
norm(r_0) 0
norm(r_1) 0
norm(r_2) 0
norm(r_3) 2.8973334e-06
norm(r_4) 0
Newton iteration  1 : ||r|| = 2.89733e-06, ||r||/||r_0|| = 0.724644
Setting time step: 0.16999454 in DGTransportTDO
Setting time step: 0.16999454 in CombinedOp
Setting time step: 0.16999454 in IonStaticPressureOp
norm(r_0) 0
norm(r_1) 0
norm(r_2) 0
norm(r_3) 2.9399762e-06
norm(r_4) 0
Newton iteration  0 : ||r|| = 2.93998e-06
   Pass :  1   Iteration :   0  ||B r|| = 0.000627948 ...
   Pass :  1   Iteration :  11  ||B r|| = 7.89613e-07
norm(r_0) 0
norm(r_1) 0
norm(r_2) 0
norm(r_3) 2.1513627e-06
norm(r_4) 0
Newton iteration  1 : ||r|| = 2.15136e-06, ||r||/||r_0|| = 0.731762
Setting time step: 0.16999454 in DGTransportTDO
Setting time step: 0.16999454 in CombinedOp
Setting time step: 0.16999454 in IonStaticPressureOp
norm(r_0) 0
norm(r_1) 0
norm(r_2) 0
norm(r_3) 0.00010615214
norm(r_4) 0
Newton iteration  0 : ||r|| = 0.000106152
   Pass :  1   Iteration :   0  ||B r|| = 0.00131528 ...
   Pass :  1   Iteration :  13  ||B r|| = 7.48731e-07
norm(r_0) 0
norm(r_1) 0
norm(r_2) 0
norm(r_3) 2.3306766e-06
norm(r_4) 0
Newton iteration  1 : ||r|| = 2.33068e-06, ||r||/||r_0|| = 0.021956
Setting time step: 0.33998908 in DGTransportTDO
Setting time step: 0.33998908 in CombinedOp
Setting time step: 0.33998908 in IonStaticPressureOp
norm(r_0) 0
norm(r_1) 0
norm(r_2) 0
norm(r_3) 2.3503921e-06
norm(r_4) 0
Newton iteration  0 : ||r|| = 2.35039e-06
   Pass :  1   Iteration :   0  ||B r|| = 0.000216203 ...
   Pass :  1   Iteration :   8  ||B r|| = 8.84081e-07
norm(r_0) 0
norm(r_1) 0
norm(r_2) 0
norm(r_3) 5.9468558e-06
norm(r_4) 0
Newton iteration  1 : ||r|| = 5.94686e-06, ||r||/||r_0|| = 2.53015
Setting time step: 0.33998908 in DGTransportTDO
Setting time step: 0.33998908 in CombinedOp
Setting time step: 0.33998908 in IonStaticPressureOp
norm(r_0) 0
norm(r_1) 0
norm(r_2) 0
norm(r_3) 1.148506e-05
norm(r_4) 0
Newton iteration  0 : ||r|| = 1.14851e-05
   Pass :  1   Iteration :   0  ||B r|| = 0.000135573 ...
   Pass :  1   Iteration :   7  ||B r|| = 8.77728e-07
norm(r_0) 0
norm(r_1) 0
norm(r_2) 0
norm(r_3) 8.1895993e-06
norm(r_4) 0
Newton iteration  1 : ||r|| = 8.1896e-06, ||r||/||r_0|| = 0.713065
Setting time step: 0.33998908 in DGTransportTDO
Setting time step: 0.33998908 in CombinedOp
Setting time step: 0.33998908 in IonStaticPressureOp
norm(r_0) 0
norm(r_1) 0
norm(r_2) 0
norm(r_3) 1.0515397e-05
norm(r_4) 0
Newton iteration  0 : ||r|| = 1.05154e-05
   Pass :  1   Iteration :   0  ||B r|| = 4.071e-05 ...
   Pass :  1   Iteration :   4  ||B r|| = 6.34331e-07
norm(r_0) 0
norm(r_1) 0
norm(r_2) 0
norm(r_3) 3.6673944e-06
norm(r_4) 0
Newton iteration  1 : ||r|| = 3.66739e-06, ||r||/||r_0|| = 0.348764
Setting time step: 0.33998908 in DGTransportTDO
Setting time step: 0.33998908 in CombinedOp
Setting time step: 0.33998908 in IonStaticPressureOp
norm(r_0) 0
norm(r_1) 0
norm(r_2) 0
norm(r_3) 8.8029914e-06
norm(r_4) 0
Newton iteration  0 : ||r|| = 8.80299e-06
   Pass :  1   Iteration :   0  ||B r|| = 5.8456e-06 ...
   Pass :  1   Iteration :   3  ||B r|| = 8.88398e-07
norm(r_0) 0
norm(r_1) 0
norm(r_2) 0
norm(r_3) 6.0821927e-06
norm(r_4) 0
Newton iteration  1 : ||r|| = 6.08219e-06, ||r||/||r_0|| = 0.690923
Setting time step: 0.33998908 in DGTransportTDO
Setting time step: 0.33998908 in CombinedOp
Setting time step: 0.33998908 in IonStaticPressureOp
norm(r_0) 0
norm(r_1) 0
norm(r_2) 0
norm(r_3) 0.00029906481
norm(r_4) 0
Newton iteration  0 : ||r|| = 0.000299065
   Pass :  1   Iteration :   0  ||B r|| = 0.000227619 ...
   Pass :  1   Iteration :  11  ||B r|| = 7.25062e-07
norm(r_0) 0
norm(r_1) 0
norm(r_2) 0
norm(r_3) 4.943785e-06
norm(r_4) 0
Newton iteration  1 : ||r|| = 4.94378e-06, ||r||/||r_0|| = 0.0165308
Setting time step: 0.67997816 in DGTransportTDO
Setting time step: 0.67997816 in CombinedOp
Setting time step: 0.67997816 in IonStaticPressureOp
norm(r_0) 0
norm(r_1) 0
norm(r_2) 0
norm(r_3) 4.9438511e-06
norm(r_4) 0
Newton iteration  0 : ||r|| = 4.94385e-06
   Pass :  1   Iteration :   0  ||B r|| = 8.06316e-06 ...
   Pass :  1   Iteration :   1  ||B r|| = 4.70119e-07
norm(r_0) 0
norm(r_1) 0
norm(r_2) 0
norm(r_3) 3.4200778e-06
norm(r_4) 0
Newton iteration  1 : ||r|| = 3.42008e-06, ||r||/||r_0|| = 0.691784
Setting time step: 0.67997816 in DGTransportTDO
Setting time step: 0.67997816 in CombinedOp
Setting time step: 0.67997816 in IonStaticPressureOp
norm(r_0) 0
norm(r_1) 0
norm(r_2) 0
norm(r_3) 1.0375096e-05
norm(r_4) 0
Newton iteration  0 : ||r|| = 1.03751e-05
   Pass :  1   Iteration :   0  ||B r|| = 7.57756e-06 ...
   Pass :  1   Iteration :   1  ||B r|| = 2.69829e-07
norm(r_0) 0
norm(r_1) 0
norm(r_2) 0
norm(r_3) 2.964385e-06
norm(r_4) 0
Newton iteration  1 : ||r|| = 2.96438e-06, ||r||/||r_0|| = 0.285721
Setting time step: 0.67997816 in DGTransportTDO
Setting time step: 0.67997816 in CombinedOp
Setting time step: 0.67997816 in IonStaticPressureOp
norm(r_0) 0
norm(r_1) 0
norm(r_2) 0
norm(r_3) 7.8268873e-06
norm(r_4) 0
Newton iteration  0 : ||r|| = 7.82689e-06
   Pass :  1   Iteration :   0  ||B r|| = 3.78662e-06 ...
   Pass :  1   Iteration :   1  ||B r|| = 3.30665e-07
norm(r_0) 0
norm(r_1) 0
norm(r_2) 0
norm(r_3) 1.4952784e-06
norm(r_4) 0
Newton iteration  1 : ||r|| = 1.49528e-06, ||r||/||r_0|| = 0.191044
Setting time step: 0.67997816 in DGTransportTDO
Setting time step: 0.67997816 in CombinedOp
Setting time step: 0.67997816 in IonStaticPressureOp
norm(r_0) 0
norm(r_1) 0
norm(r_2) 0
norm(r_3) 5.5889299e-06
norm(r_4) 0
Newton iteration  0 : ||r|| = 5.58893e-06
   Pass :  1   Iteration :   0  ||B r|| = 1.63421e-06 ...
   Pass :  1   Iteration :   1  ||B r|| = 3.87551e-07
norm(r_0) 0
norm(r_1) 0
norm(r_2) 0
norm(r_3) 1.8025361e-06
norm(r_4) 0
Newton iteration  1 : ||r|| = 1.80254e-06, ||r||/||r_0|| = 0.322519
Setting time step: 0.67997816 in DGTransportTDO
Setting time step: 0.67997816 in CombinedOp
Setting time step: 0.67997816 in IonStaticPressureOp
norm(r_0) 0
norm(r_1) 0
norm(r_2) 0
norm(r_3) 5.6142359e-05
norm(r_4) 0
Newton iteration  0 : ||r|| = 5.61424e-05
   Pass :  1   Iteration :   0  ||B r|| = 1.66763e-05 ...
   Pass :  1   Iteration :   1  ||B r|| = 5.67802e-07
norm(r_0) 0
norm(r_1) 0
norm(r_2) 0
norm(r_3) 2.6200476e-06
norm(r_4) 0
Newton iteration  1 : ||r|| = 2.62005e-06, ||r||/||r_0|| = 0.0466679
Setting time step: 1.3599563 in DGTransportTDO
Setting time step: 1.3599563 in CombinedOp
Setting time step: 1.3599563 in IonStaticPressureOp
norm(r_0) 0
norm(r_1) 0
norm(r_2) 0
norm(r_3) 2.620041e-06
norm(r_4) 0
Newton iteration  0 : ||r|| = 2.62004e-06
   Pass :  1   Iteration :   0  ||B r|| = 3.05326e-07
norm(r_0) 0
norm(r_1) 0
norm(r_2) 0
norm(r_3) 2.620041e-06
norm(r_4) 0
Newton iteration  1 : ||r|| = 2.62004e-06, ||r||/||r_0|| = 1
Setting time step: 1.3599563 in DGTransportTDO
Setting time step: 1.3599563 in CombinedOp
Setting time step: 1.3599563 in IonStaticPressureOp
norm(r_0) 0
norm(r_1) 0
norm(r_2) 0
norm(r_3) 2.620041e-06
norm(r_4) 0
Newton iteration  0 : ||r|| = 2.62004e-06
   Pass :  1   Iteration :   0  ||B r|| = 3.05326e-07
norm(r_0) 0
norm(r_1) 0
norm(r_2) 0
norm(r_3) 2.620041e-06
norm(r_4) 0
Newton iteration  1 : ||r|| = 2.62004e-06, ||r||/||r_0|| = 1
Setting time step: 1.3599563 in DGTransportTDO
Setting time step: 1.3599563 in CombinedOp
Setting time step: 1.3599563 in IonStaticPressureOp
norm(r_0) 0
norm(r_1) 0
norm(r_2) 0
norm(r_3) 2.620041e-06
norm(r_4) 0
Newton iteration  0 : ||r|| = 2.62004e-06
   Pass :  1   Iteration :   0  ||B r|| = 3.05326e-07
norm(r_0) 0
norm(r_1) 0
norm(r_2) 0
norm(r_3) 2.620041e-06
norm(r_4) 0
Newton iteration  1 : ||r|| = 2.62004e-06, ||r||/||r_0|| = 1
Setting time step: 1.3599563 in DGTransportTDO
Setting time step: 1.3599563 in CombinedOp
Setting time step: 1.3599563 in IonStaticPressureOp
norm(r_0) 0
norm(r_1) 0
norm(r_2) 0
norm(r_3) 2.620041e-06
norm(r_4) 0
Newton iteration  0 : ||r|| = 2.62004e-06
   Pass :  1   Iteration :   0  ||B r|| = 3.05326e-07
norm(r_0) 0
norm(r_1) 0
norm(r_2) 0
norm(r_3) 2.620041e-06
norm(r_4) 0
Newton iteration  1 : ||r|| = 2.62004e-06, ||r||/||r_0|| = 1
Setting time step: 1.3599563 in DGTransportTDO
Setting time step: 1.3599563 in CombinedOp
Setting time step: 1.3599563 in IonStaticPressureOp
norm(r_0) 0
norm(r_1) 0
norm(r_2) 0
norm(r_3) 2.620041e-06
norm(r_4) 0
Newton iteration  0 : ||r|| = 2.62004e-06
   Pass :  1   Iteration :   0  ||B r|| = 3.05326e-07
norm(r_0) 0
norm(r_1) 0
norm(r_2) 0
norm(r_3) 2.620041e-06
norm(r_4) 0
Newton iteration  1 : ||r|| = 2.62004e-06, ||r||/||r_0|| = 1
Time stepping paused at t = 11.093019
Steady State solution has been reached

Time stepping done after 14.630041s.
