8: Number of elements in parallel mesh: 16
8: Number of elements after parallel refinement: 16
9: Number of elements in parallel mesh: 16
11: Number of elements in parallel mesh: 16
11: Number of elements after parallel refinement: 16
12: Number of elements in parallel mesh: 16
12: Number of elements after parallel refinement: 16
13: Number of elements in parallel mesh: 16
13: Number of elements after parallel refinement: 16
Options used:
   --mesh ../../mfem/data/inline-quad.mesh
   --bc-file ../../mfem/miniapps/plasma/transport2d_bcs.inp
   --ic-file ../../mfem/miniapps/plasma/transport2d_ics.inp
   --ec-file /home/gz6/mfem-analysis/input-files/transport2d_ecs.inp
   --es-file ../../mfem/miniapps/plasma/transport2d_ess.inp
   --eqdsk-file 
   --logging 1
   --operator-test 8
   --equation-weights '1 1 1 1 1'
   --problem 0
   --refine-serial 2
   --refine-parallel 0
   --enable-amr
   --max-err -1
   --hysteresis 0.25
   --nc-limit 3
   --amr-weights '1 1 1 1 1'
   --order 4
   --dg-sigma -1
   --dg-kappa 25
   --linear-abs-tolerance 1e-06
   --linear-rel-tolerance 1e-06
   --linear-max-iterations 500
   --linear-logging-level 3
   --newton-abs-tolerance 1e-10
   --newton-rel-tolerance 1e-10
   --newton-max-iterations 1
   --newton-logging-level 1
   --steady-state-abs-tolerance 1e-08
   --steady-state-rel-tolerance 1e-08
   --prec-type 1
   --prec-logging-level 0
   --initial-tolerance 1e-05
   --ode-tolerance 0.001
   --ode-solver 2
   --err-per-step
   --ode-weights '1 1 1 1 1'
   --kP 0
   --kI 0.6
   --kD 0
   --theta-max 2
   --t-minimum 0
   --t-final 100
   --time-step 0.01
   --cfl-number 0.3
   --ion-charge 1
   --ion-mass 2.0141018
   --neutral-mass 2.0141018
   --neutral-temp 3
   --min-neutral-density 9e+14
   --max-neutral-density 1e+15
   --neutral-density-exp 0
   --min-ion-density 1e+16
   --max-ion-density 1e+18
   --ion-density-exp 0
   --min-ion-temp 1
   --max-ion-temp 10
   --ion-temp-exp 0
   --min-electron-temp 10
   --max-electron-temp 440
   --electron-temp-exp 0
   --total-B-magnitude 5
   --poloidal-B-magnitude 0.5
   --velocity 1000
   --Di-perp 1
   --Xi-perp 1
   --Xe-perp 1
   --equation-term-flags '-1 -1 -1 -1 -1'
   --visualization-flags '-1 -1 -1 -1 -1'
   --visualization
   --visit-datafiles
   --ascii-datafiles
   --visualization-steps 4
Device configuration: cpu
Memory configuration: host-std
Number of elements in initial mesh: 16
Number of elements after serial refinement: 256
1: Number of elements in parallel mesh: 16
1: Number of elements after parallel refinement: 16
0: Number of elements in parallel mesh: 16
0: Number of elements after parallel refinement: 16
5: Number of elements in parallel mesh: 16
5: Number of elements after parallel refinement: 16
4: Number of elements in parallel mesh: 16
4: Number of elements after parallel refinement: 16
6: Number of elements in parallel mesh: 16
6: Number of elements after parallel refinement: 16
15: Number of elements in parallel mesh: 16
15: Number of elements after parallel refinement: 16
14: Number of elements in parallel mesh: 16
14: Number of elements after parallel refinement: 16
7: Number of elements in parallel mesh: 16
7: Number of elements after parallel refinement: 16
9: Number of elements after parallel refinement: 16
10: Number of elements in parallel mesh: 16
10: Number of elements after parallel refinement: 16
3: Number of elements in parallel mesh: 16
3: Number of elements after parallel refinement: 16
2: Number of elements in parallel mesh: 16
2: Number of elements after parallel refinement: 16
Configuring initial conditions
Reading initial conditions from ../../mfem/miniapps/plasma/transport2d_ics.inp
Configuring exact solutions
Reading exact solutions from ../../mfem/miniapps/plasma/transport2d_ess.inp

AMR iteration 0
Number of unknowns: 6400
Stopping criterion satisfied. Stop.
Number of unknowns per field: 6400
Total number of unknowns:     32000
Configuring boundary conditions
Reading boundary conditions from ../../mfem/miniapps/plasma/transport2d_bcs.inp
Configuring equation coefficients
Reading equation coefficients from /home/gz6/mfem-analysis/input-files/transport2d_ecs.inp
|mn| = 3.3444946e-27
|ni| = 1
|ne| = 1

|Dn|     = -nan
|Di|     = -nan
|Eta|    = -nan
|nXi|    = -nan
|nXe|    = -nan

|Eta/mn| = -nan
|nXi/ni| = -nan
|nXe/ne| = -nan
Ion Static Pressure: Adding time derivative term proportional to d n_i / dt
Ion Static Pressure: Adding time derivative term proportional to d T_i / dt
Ion Static Pressure: Adding anisotropic diffusion term
Ion Static Pressure: Adding source term
Opening GLVis sockets.
Range of error estimates for initial condition: -nan < elem err < -nan

Begin time stepping at t = 0
Setting time step: 0.0025 in DGTransportTDO
Setting time step: 0.0025 in CombinedOp
Setting time step: 0.0025 in IonStaticPressureOp
norm(r_0) 0
norm(r_1) 0
norm(r_2) 0
norm(r_3) 0.13787746
norm(r_4) 0
Newton iteration  0 : ||r|| = 0.137877
   Pass :  1   Iteration :   0  ||B r|| = 349.049 ...
   Pass :  1   Iteration :  39  ||B r|| = 0.000346203
norm(r_0) 0
norm(r_1) 0
norm(r_2) 0
norm(r_3) 9.1252652e-05
norm(r_4) 0
Newton iteration  1 : ||r|| = 9.12527e-05, ||r||/||r_0|| = 0.000661839
Setting time step: 0.0025 in DGTransportTDO
Setting time step: 0.0025 in CombinedOp
Setting time step: 0.0025 in IonStaticPressureOp
norm(r_0) 0
norm(r_1) 0
norm(r_2) 0
norm(r_3) 0.12909446
norm(r_4) 0
Newton iteration  0 : ||r|| = 0.129094
   Pass :  1   Iteration :   0  ||B r|| = 326.814 ...
   Pass :  1   Iteration :  39  ||B r|| = 0.000323987
norm(r_0) 0
norm(r_1) 0
norm(r_2) 0
norm(r_3) 8.5388062e-05
norm(r_4) 0
Newton iteration  1 : ||r|| = 8.53881e-05, ||r||/||r_0|| = 0.000661439
Setting time step: 0.0025 in DGTransportTDO
Setting time step: 0.0025 in CombinedOp
Setting time step: 0.0025 in IonStaticPressureOp
norm(r_0) 0
norm(r_1) 0
norm(r_2) 0
norm(r_3) 0.13256288
norm(r_4) 0
Newton iteration  0 : ||r|| = 0.132563
   Pass :  1   Iteration :   0  ||B r|| = 335.594 ...
   Pass :  1   Iteration :  39  ||B r|| = 0.000332736
norm(r_0) 0
norm(r_1) 0
norm(r_2) 0
norm(r_3) 8.7696221e-05
norm(r_4) 0
Newton iteration  1 : ||r|| = 8.76962e-05, ||r||/||r_0|| = 0.000661544
Setting time step: 0.0025 in DGTransportTDO
Setting time step: 0.0025 in CombinedOp
Setting time step: 0.0025 in IonStaticPressureOp
norm(r_0) 0
norm(r_1) 0
norm(r_2) 0
norm(r_3) 0.13344824
norm(r_4) 0
Newton iteration  0 : ||r|| = 0.133448
   Pass :  1   Iteration :   0  ||B r|| = 337.836 ...
   Pass :  1   Iteration :  39  ||B r|| = 0.000334983
norm(r_0) 0
norm(r_1) 0
norm(r_2) 0
norm(r_3) 8.8289584e-05
norm(r_4) 0
Newton iteration  1 : ||r|| = 8.82896e-05, ||r||/||r_0|| = 0.000661602
Setting time step: 0.0025 in DGTransportTDO
Setting time step: 0.0025 in CombinedOp
Setting time step: 0.0025 in IonStaticPressureOp
norm(r_0) 0
norm(r_1) 0
norm(r_2) 0
norm(r_3) 0.1248535
norm(r_4) 0
Newton iteration  0 : ||r|| = 0.124854
   Pass :  1   Iteration :   0  ||B r|| = 316.077 ...
   Pass :  1   Iteration :  39  ||B r|| = 0.000313585
norm(r_0) 0
norm(r_1) 0
norm(r_2) 0
norm(r_3) 8.266291e-05
norm(r_4) 0
Newton iteration  1 : ||r|| = 8.26629e-05, ||r||/||r_0|| = 0.000662079
Setting time step: 0.005 in DGTransportTDO
Setting time step: 0.005 in CombinedOp
Setting time step: 0.005 in IonStaticPressureOp
norm(r_0) 0
norm(r_1) 0
norm(r_2) 0
norm(r_3) 0.12087664
norm(r_4) 0
Newton iteration  0 : ||r|| = 0.120877
   Pass :  1   Iteration :   0  ||B r|| = 249.901 ...
   Pass :  1   Iteration :  42  ||B r|| = 0.000240194
norm(r_0) 0
norm(r_1) 0
norm(r_2) 0
norm(r_3) 0.00012350477
norm(r_4) 0
Newton iteration  1 : ||r|| = 0.000123505, ||r||/||r_0|| = 0.00102174
Setting time step: 0.005 in DGTransportTDO
Setting time step: 0.005 in CombinedOp
Setting time step: 0.005 in IonStaticPressureOp
norm(r_0) 0
norm(r_1) 0
norm(r_2) 0
norm(r_3) 0.10595211
norm(r_4) 0
Newton iteration  0 : ||r|| = 0.105952
   Pass :  1   Iteration :   0  ||B r|| = 219.045 ...
   Pass :  1   Iteration :  42  ||B r|| = 0.000210467
norm(r_0) 0
norm(r_1) 0
norm(r_2) 0
norm(r_3) 0.00010820822
norm(r_4) 0
Newton iteration  1 : ||r|| = 0.000108208, ||r||/||r_0|| = 0.00102129
Setting time step: 0.005 in DGTransportTDO
Setting time step: 0.005 in CombinedOp
Setting time step: 0.005 in IonStaticPressureOp
norm(r_0) 0
norm(r_1) 0
norm(r_2) 0
norm(r_3) 0.11177449
norm(r_4) 0
Newton iteration  0 : ||r|| = 0.111774
   Pass :  1   Iteration :   0  ||B r|| = 231.083 ...
   Pass :  1   Iteration :  42  ||B r|| = 0.000222054
norm(r_0) 0
norm(r_1) 0
norm(r_2) 0
norm(r_3) 0.00011416847
norm(r_4) 0
Newton iteration  1 : ||r|| = 0.000114168, ||r||/||r_0|| = 0.00102142
Setting time step: 0.005 in DGTransportTDO
Setting time step: 0.005 in CombinedOp
Setting time step: 0.005 in IonStaticPressureOp
norm(r_0) 0
norm(r_1) 0
norm(r_2) 0
norm(r_3) 0.11329069
norm(r_4) 0
Newton iteration  0 : ||r|| = 0.113291
   Pass :  1   Iteration :   0  ||B r|| = 234.217 ...
   Pass :  1   Iteration :  42  ||B r|| = 0.000225077
norm(r_0) 0
norm(r_1) 0
norm(r_2) 0
norm(r_3) 0.00011572445
norm(r_4) 0
Newton iteration  1 : ||r|| = 0.000115724, ||r||/||r_0|| = 0.00102148
Setting time step: 0.005 in DGTransportTDO
Setting time step: 0.005 in CombinedOp
Setting time step: 0.005 in IonStaticPressureOp
norm(r_0) 0
norm(r_1) 0
norm(r_2) 0
norm(r_3) 0.099018536
norm(r_4) 0
Newton iteration  0 : ||r|| = 0.0990185
   Pass :  1   Iteration :   0  ||B r|| = 204.711 ...
   Pass :  1   Iteration :  42  ||B r|| = 0.0001968
norm(r_0) 0
norm(r_1) 0
norm(r_2) 0
norm(r_3) 0.00010120174
norm(r_4) 0
Newton iteration  1 : ||r|| = 0.000101202, ||r||/||r_0|| = 0.00102205
Setting time step: 0.01 in DGTransportTDO
Setting time step: 0.01 in CombinedOp
Setting time step: 0.01 in IonStaticPressureOp
norm(r_0) 0
norm(r_1) 0
norm(r_2) 0
norm(r_3) 0.092905475
norm(r_4) 0
Newton iteration  0 : ||r|| = 0.0929055
   Pass :  1   Iteration :   0  ||B r|| = 145.825 ...
   Pass :  1   Iteration :  45  ||B r|| = 0.000141045
norm(r_0) 0
norm(r_1) 0
norm(r_2) 0
norm(r_3) 0.00013679465
norm(r_4) 0
Newton iteration  1 : ||r|| = 0.000136795, ||r||/||r_0|| = 0.00147241
Setting time step: 0.01 in DGTransportTDO
Setting time step: 0.01 in CombinedOp
Setting time step: 0.01 in IonStaticPressureOp
norm(r_0) 0
norm(r_1) 0
norm(r_2) 0
norm(r_3) 0.071297743
norm(r_4) 0
Newton iteration  0 : ||r|| = 0.0712977
   Pass :  1   Iteration :   0  ||B r|| = 111.909 ...
   Pass :  1   Iteration :  45  ||B r|| = 0.000108192
norm(r_0) 0
norm(r_1) 0
norm(r_2) 0
norm(r_3) 0.00010493453
norm(r_4) 0
Newton iteration  1 : ||r|| = 0.000104935, ||r||/||r_0|| = 0.00147178
Setting time step: 0.01 in DGTransportTDO
Setting time step: 0.01 in CombinedOp
Setting time step: 0.01 in IonStaticPressureOp
norm(r_0) 0
norm(r_1) 0
norm(r_2) 0
norm(r_3) 0.079538781
norm(r_4) 0
Newton iteration  0 : ||r|| = 0.0795388
   Pass :  1   Iteration :   0  ||B r|| = 124.844 ...
   Pass :  1   Iteration :  45  ||B r|| = 0.000120715
norm(r_0) 0
norm(r_1) 0
norm(r_2) 0
norm(r_3) 0.00011707892
norm(r_4) 0
Newton iteration  1 : ||r|| = 0.000117079, ||r||/||r_0|| = 0.00147197
Setting time step: 0.01 in DGTransportTDO
Setting time step: 0.01 in CombinedOp
Setting time step: 0.01 in IonStaticPressureOp
norm(r_0) 0
norm(r_1) 0
norm(r_2) 0
norm(r_3) 0.081766755
norm(r_4) 0
Newton iteration  0 : ||r|| = 0.0817668
   Pass :  1   Iteration :   0  ||B r|| = 128.341 ...
   Pass :  1   Iteration :  45  ||B r|| = 0.000124104
norm(r_0) 0
norm(r_1) 0
norm(r_2) 0
norm(r_3) 0.00012036596
norm(r_4) 0
Newton iteration  1 : ||r|| = 0.000120366, ||r||/||r_0|| = 0.00147206
Setting time step: 0.01 in DGTransportTDO
Setting time step: 0.01 in CombinedOp
Setting time step: 0.01 in IonStaticPressureOp
norm(r_0) 0
norm(r_1) 0
norm(r_2) 0
norm(r_3) 0.062107804
norm(r_4) 0
Newton iteration  0 : ||r|| = 0.0621078
   Pass :  1   Iteration :   0  ||B r|| = 97.4847 ...
   Pass :  1   Iteration :  45  ||B r|| = 9.43252e-05
norm(r_0) 0
norm(r_1) 0
norm(r_2) 0
norm(r_3) 9.1483498e-05
norm(r_4) 0
Newton iteration  1 : ||r|| = 9.14835e-05, ||r||/||r_0|| = 0.00147298
Setting time step: 0.02 in DGTransportTDO
Setting time step: 0.02 in CombinedOp
Setting time step: 0.02 in IonStaticPressureOp
norm(r_0) 0
norm(r_1) 0
norm(r_2) 0
norm(r_3) 0.054885054
norm(r_4) 0
Newton iteration  0 : ||r|| = 0.0548851
   Pass :  1   Iteration :   0  ||B r|| = 57.8054 ...
   Pass :  1   Iteration :  48  ||B r|| = 5.75709e-05
norm(r_0) 0
norm(r_1) 0
norm(r_2) 0
norm(r_3) 0.00010484667
norm(r_4) 0
Newton iteration  1 : ||r|| = 0.000104847, ||r||/||r_0|| = 0.0019103
Setting time step: 0.02 in DGTransportTDO
Setting time step: 0.02 in CombinedOp
Setting time step: 0.02 in IonStaticPressureOp
norm(r_0) 0
norm(r_1) 0
norm(r_2) 0
norm(r_3) 0.032014516
norm(r_4) 0
Newton iteration  0 : ||r|| = 0.0320145
   Pass :  1   Iteration :   0  ||B r|| = 33.7174 ...
   Pass :  1   Iteration :  48  ||B r|| = 3.35581e-05
norm(r_0) 0
norm(r_1) 0
norm(r_2) 0
norm(r_3) 6.1119547e-05
norm(r_4) 0
Newton iteration  1 : ||r|| = 6.11195e-05, ||r||/||r_0|| = 0.00190912
Setting time step: 0.02 in DGTransportTDO
Setting time step: 0.02 in CombinedOp
Setting time step: 0.02 in IonStaticPressureOp
norm(r_0) 0
norm(r_1) 0
norm(r_2) 0
norm(r_3) 0.040400221
norm(r_4) 0
Newton iteration  0 : ||r|| = 0.0404002
   Pass :  1   Iteration :   0  ||B r|| = 42.5496 ...
   Pass :  1   Iteration :  48  ||B r|| = 4.23592e-05
norm(r_0) 0
norm(r_1) 0
norm(r_2) 0
norm(r_3) 7.7146952e-05
norm(r_4) 0
Newton iteration  1 : ||r|| = 7.7147e-05, ||r||/||r_0|| = 0.00190957
Setting time step: 0.02 in DGTransportTDO
Setting time step: 0.02 in CombinedOp
Setting time step: 0.02 in IonStaticPressureOp
norm(r_0) 0
norm(r_1) 0
norm(r_2) 0
norm(r_3) 0.042822486
norm(r_4) 0
Newton iteration  0 : ||r|| = 0.0428225
   Pass :  1   Iteration :   0  ||B r|| = 45.1008 ...
   Pass :  1   Iteration :  48  ||B r|| = 4.49035e-05
norm(r_0) 0
norm(r_1) 0
norm(r_2) 0
norm(r_3) 8.1779883e-05
norm(r_4) 0
Newton iteration  1 : ||r|| = 8.17799e-05, ||r||/||r_0|| = 0.00190974
Setting time step: 0.02 in DGTransportTDO
Setting time step: 0.02 in CombinedOp
Setting time step: 0.02 in IonStaticPressureOp
norm(r_0) 0
norm(r_1) 0
norm(r_2) 0
norm(r_3) 0.024224172
norm(r_4) 0
Newton iteration  0 : ||r|| = 0.0242242
   Pass :  1   Iteration :   0  ||B r|| = 25.5121 ...
   Pass :  1   Iteration :  48  ||B r|| = 2.54322e-05
norm(r_0) 0
norm(r_1) 0
norm(r_2) 0
norm(r_3) 4.6312308e-05
norm(r_4) 0
Newton iteration  1 : ||r|| = 4.63123e-05, ||r||/||r_0|| = 0.00191182
Time stepping paused at t = 0.15

Estimating errors.
No refinements necessary.
No derefinements needed.

AMR iteration 1
Number of unknowns: 6400
Setting time step: 0.019711095 in DGTransportTDO
Setting time step: 0.019711095 in CombinedOp
Setting time step: 0.019711095 in IonStaticPressureOp
norm(r_0) 0
norm(r_1) 0
norm(r_2) 0
norm(r_3) 0.019176144
norm(r_4) 0
Newton iteration  0 : ||r|| = 0.0191761
   Pass :  1   Iteration :   0  ||B r|| = 20.3906 ...
   Pass :  1   Iteration :  48  ||B r|| = 2.0065e-05
norm(r_0) 0
norm(r_1) 0
norm(r_2) 0
norm(r_3) 3.6006236e-05
norm(r_4) 0
Newton iteration  1 : ||r|| = 3.60062e-05, ||r||/||r_0|| = 0.00187766
Setting time step: 0.019711095 in DGTransportTDO
Setting time step: 0.019711095 in CombinedOp
Setting time step: 0.019711095 in IonStaticPressureOp
norm(r_0) 0
norm(r_1) 0
norm(r_2) 0
norm(r_3) 0.011276999
norm(r_4) 0
Newton iteration  0 : ||r|| = 0.011277
   Pass :  1   Iteration :   0  ||B r|| = 11.9912 ...
   Pass :  1   Iteration :  48  ||B r|| = 1.17987e-05
norm(r_0) 0
norm(r_1) 0
norm(r_2) 0
norm(r_3) 2.1172908e-05
norm(r_4) 0
Newton iteration  1 : ||r|| = 2.11729e-05, ||r||/||r_0|| = 0.00187753
Setting time step: 0.019711095 in DGTransportTDO
Setting time step: 0.019711095 in CombinedOp
Setting time step: 0.019711095 in IonStaticPressureOp
norm(r_0) 0
norm(r_1) 0
norm(r_2) 0
norm(r_3) 0.014176348
norm(r_4) 0
Newton iteration  0 : ||r|| = 0.0141763
   Pass :  1   Iteration :   0  ||B r|| = 15.0741 ...
   Pass :  1   Iteration :  48  ||B r|| = 1.48326e-05
norm(r_0) 0
norm(r_1) 0
norm(r_2) 0
norm(r_3) 2.6617203e-05
norm(r_4) 0
Newton iteration  1 : ||r|| = 2.66172e-05, ||r||/||r_0|| = 0.00187758
Setting time step: 0.019711095 in DGTransportTDO
Setting time step: 0.019711095 in CombinedOp
Setting time step: 0.019711095 in IonStaticPressureOp
norm(r_0) 0
norm(r_1) 0
norm(r_2) 0
norm(r_3) 0.015012371
norm(r_4) 0
Newton iteration  0 : ||r|| = 0.0150124
   Pass :  1   Iteration :   0  ||B r|| = 15.9631 ...
   Pass :  1   Iteration :  48  ||B r|| = 1.57076e-05
norm(r_0) 0
norm(r_1) 0
norm(r_2) 0
norm(r_3) 2.818718e-05
norm(r_4) 0
Newton iteration  1 : ||r|| = 2.81872e-05, ||r||/||r_0|| = 0.0018776
Setting time step: 0.019711095 in DGTransportTDO
Setting time step: 0.019711095 in CombinedOp
Setting time step: 0.019711095 in IonStaticPressureOp
norm(r_0) 0
norm(r_1) 0
norm(r_2) 0
norm(r_3) 0.008566339
norm(r_4) 0
Newton iteration  0 : ||r|| = 0.00856634
   Pass :  1   Iteration :   0  ||B r|| = 9.1089 ...
   Pass :  1   Iteration :  48  ||B r|| = 8.96438e-06
norm(r_0) 0
norm(r_1) 0
norm(r_2) 0
norm(r_3) 1.6086e-05
norm(r_4) 0
Newton iteration  1 : ||r|| = 1.6086e-05, ||r||/||r_0|| = 0.00187782
Setting time step: 0.038634655 in DGTransportTDO
Setting time step: 0.038634655 in CombinedOp
Setting time step: 0.038634655 in IonStaticPressureOp
norm(r_0) 0
norm(r_1) 0
norm(r_2) 0
norm(r_3) 0.0068019896
norm(r_4) 0
Newton iteration  0 : ||r|| = 0.00680199
   Pass :  1   Iteration :   0  ||B r|| = 4.42297 ...
   Pass :  2   Iteration :  52  ||B r|| = 4.27139e-06
norm(r_0) 0
norm(r_1) 0
norm(r_2) 0
norm(r_3) 1.334768e-05
norm(r_4) 0
Newton iteration  1 : ||r|| = 1.33477e-05, ||r||/||r_0|| = 0.00196232
Setting time step: 0.038634655 in DGTransportTDO
Setting time step: 0.038634655 in CombinedOp
Setting time step: 0.038634655 in IonStaticPressureOp
norm(r_0) 0
norm(r_1) 0
norm(r_2) 0
norm(r_3) 0.0022168143
norm(r_4) 0
Newton iteration  0 : ||r|| = 0.00221681
   Pass :  1   Iteration :   0  ||B r|| = 1.44144 ...
   Pass :  2   Iteration :  52  ||B r|| = 1.3906e-06
norm(r_0) 0
norm(r_1) 0
norm(r_2) 0
norm(r_3) 4.3461131e-06
norm(r_4) 0
Newton iteration  1 : ||r|| = 4.34611e-06, ||r||/||r_0|| = 0.00196052
Setting time step: 0.038634655 in DGTransportTDO
Setting time step: 0.038634655 in CombinedOp
Setting time step: 0.038634655 in IonStaticPressureOp
norm(r_0) 0
norm(r_1) 0
norm(r_2) 0
norm(r_3) 0.0038036014
norm(r_4) 0
Newton iteration  0 : ||r|| = 0.0038036
   Pass :  1   Iteration :   0  ||B r|| = 2.47327 ...
   Pass :  2   Iteration :  52  ||B r|| = 2.38733e-06
norm(r_0) 0
norm(r_1) 0
norm(r_2) 0
norm(r_3) 7.460694e-06
norm(r_4) 0
Newton iteration  1 : ||r|| = 7.46069e-06, ||r||/||r_0|| = 0.00196148
Setting time step: 0.038634655 in DGTransportTDO
Setting time step: 0.038634655 in CombinedOp
Setting time step: 0.038634655 in IonStaticPressureOp
norm(r_0) 0
norm(r_1) 0
norm(r_2) 0
norm(r_3) 0.0043094896
norm(r_4) 0
Newton iteration  0 : ||r|| = 0.00430949
   Pass :  1   Iteration :   0  ||B r|| = 2.80222 ...
   Pass :  2   Iteration :  52  ||B r|| = 2.70524e-06
norm(r_0) 0
norm(r_1) 0
norm(r_2) 0
norm(r_3) 8.4540365e-06
norm(r_4) 0
Newton iteration  1 : ||r|| = 8.45404e-06, ||r||/||r_0|| = 0.00196173
Setting time step: 0.038634655 in DGTransportTDO
Setting time step: 0.038634655 in CombinedOp
Setting time step: 0.038634655 in IonStaticPressureOp
norm(r_0) 0
norm(r_1) 0
norm(r_2) 0
norm(r_3) 0.0013925761
norm(r_4) 0
Newton iteration  0 : ||r|| = 0.00139258
   Pass :  1   Iteration :   0  ||B r|| = 0.905393 ...
   Pass :  2   Iteration :  51  ||B r|| = 9.38447e-07
norm(r_0) 0
norm(r_1) 0
norm(r_2) 0
norm(r_3) 2.9626394e-06
norm(r_4) 0
Newton iteration  1 : ||r|| = 2.96264e-06, ||r||/||r_0|| = 0.00212745
Setting time step: 0.042503438 in DGTransportTDO
Setting time step: 0.042503438 in CombinedOp
Setting time step: 0.042503438 in IonStaticPressureOp
norm(r_0) 0
norm(r_1) 0
norm(r_2) 0
norm(r_3) 0.00092307313
norm(r_4) 0
Newton iteration  0 : ||r|| = 0.000923073
   Pass :  1   Iteration :   0  ||B r|| = 0.556149 ...
   Pass :  1   Iteration :  48  ||B r|| = 9.64867e-07
norm(r_0) 0
norm(r_1) 0
norm(r_2) 0
norm(r_3) 3.7814786e-06
norm(r_4) 0
Newton iteration  1 : ||r|| = 3.78148e-06, ||r||/||r_0|| = 0.00409662
Setting time step: 0.042503438 in DGTransportTDO
Setting time step: 0.042503438 in CombinedOp
Setting time step: 0.042503438 in IonStaticPressureOp
norm(r_0) 0
norm(r_1) 0
norm(r_2) 0
norm(r_3) 0.00026094008
norm(r_4) 0
Newton iteration  0 : ||r|| = 0.00026094
   Pass :  1   Iteration :   0  ||B r|| = 0.157174 ...
   Pass :  1   Iteration :  42  ||B r|| = 9.96264e-07
norm(r_0) 0
norm(r_1) 0
norm(r_2) 0
norm(r_3) 3.5786897e-06
norm(r_4) 0
Newton iteration  1 : ||r|| = 3.57869e-06, ||r||/||r_0|| = 0.0137146
Setting time step: 0.042503438 in DGTransportTDO
Setting time step: 0.042503438 in CombinedOp
Setting time step: 0.042503438 in IonStaticPressureOp
norm(r_0) 0
norm(r_1) 0
norm(r_2) 0
norm(r_3) 0.00048777643
norm(r_4) 0
Newton iteration  0 : ||r|| = 0.000487776
   Pass :  1   Iteration :   0  ||B r|| = 0.293866 ...
   Pass :  1   Iteration :  45  ||B r|| = 9.04448e-07
norm(r_0) 0
norm(r_1) 0
norm(r_2) 0
norm(r_3) 3.576501e-06
norm(r_4) 0
Newton iteration  1 : ||r|| = 3.5765e-06, ||r||/||r_0|| = 0.00733225
Setting time step: 0.042503438 in DGTransportTDO
Setting time step: 0.042503438 in CombinedOp
Setting time step: 0.042503438 in IonStaticPressureOp
norm(r_0) 0
norm(r_1) 0
norm(r_2) 0
norm(r_3) 0.00056135693
norm(r_4) 0
Newton iteration  0 : ||r|| = 0.000561357
   Pass :  1   Iteration :   0  ||B r|| = 0.338205 ...
   Pass :  1   Iteration :  46  ||B r|| = 8.47412e-07
norm(r_0) 0
norm(r_1) 0
norm(r_2) 0
norm(r_3) 3.1916074e-06
norm(r_4) 0
Newton iteration  1 : ||r|| = 3.19161e-06, ||r||/||r_0|| = 0.00568552
Setting time step: 0.042503438 in DGTransportTDO
Setting time step: 0.042503438 in CombinedOp
Setting time step: 0.042503438 in IonStaticPressureOp
norm(r_0) 0
norm(r_1) 0
norm(r_2) 0
norm(r_3) 0.00019056552
norm(r_4) 0
Newton iteration  0 : ||r|| = 0.000190566
   Pass :  1   Iteration :   0  ||B r|| = 0.0983521 ...
   Pass :  1   Iteration :  40  ||B r|| = 9.64299e-07
norm(r_0) 0
norm(r_1) 0
norm(r_2) 0
norm(r_3) 3.136745e-06
norm(r_4) 0
Newton iteration  1 : ||r|| = 3.13675e-06, ||r||/||r_0|| = 0.0164602
Setting time step: 0.085006876 in DGTransportTDO
Setting time step: 0.085006876 in CombinedOp
Setting time step: 0.085006876 in IonStaticPressureOp
norm(r_0) 0
norm(r_1) 0
norm(r_2) 0
norm(r_3) 0.00010468809
norm(r_4) 0
Newton iteration  0 : ||r|| = 0.000104688
   Pass :  1   Iteration :   0  ||B r|| = 0.0348916 ...
   Pass :  1   Iteration :  38  ||B r|| = 8.5477e-07
norm(r_0) 0
norm(r_1) 0
norm(r_2) 0
norm(r_3) 5.7112989e-06
norm(r_4) 0
Newton iteration  1 : ||r|| = 5.7113e-06, ||r||/||r_0|| = 0.0545554
Setting time step: 0.085006876 in DGTransportTDO
Setting time step: 0.085006876 in CombinedOp
Setting time step: 0.085006876 in IonStaticPressureOp
norm(r_0) 0
norm(r_1) 0
norm(r_2) 0
norm(r_3) 1.1766405e-05
norm(r_4) 0
Newton iteration  0 : ||r|| = 1.17664e-05
   Pass :  1   Iteration :   0  ||B r|| = 0.00195423 ...
   Pass :  1   Iteration :  21  ||B r|| = 9.02607e-07
norm(r_0) 0
norm(r_1) 0
norm(r_2) 0
norm(r_3) 4.265367e-06
norm(r_4) 0
Newton iteration  1 : ||r|| = 4.26537e-06, ||r||/||r_0|| = 0.362504
Setting time step: 0.085006876 in DGTransportTDO
Setting time step: 0.085006876 in CombinedOp
Setting time step: 0.085006876 in IonStaticPressureOp
norm(r_0) 0
norm(r_1) 0
norm(r_2) 0
norm(r_3) 3.0295666e-05
norm(r_4) 0
Newton iteration  0 : ||r|| = 3.02957e-05
   Pass :  1   Iteration :   0  ||B r|| = 0.00967129 ...
   Pass :  1   Iteration :  30  ||B r|| = 9.81203e-07
norm(r_0) 0
norm(r_1) 0
norm(r_2) 0
norm(r_3) 5.6667597e-06
norm(r_4) 0
Newton iteration  1 : ||r|| = 5.66676e-06, ||r||/||r_0|| = 0.187049
Setting time step: 0.085006876 in DGTransportTDO
Setting time step: 0.085006876 in CombinedOp
Setting time step: 0.085006876 in IonStaticPressureOp
norm(r_0) 0
norm(r_1) 0
norm(r_2) 0
norm(r_3) 4.2633502e-05
norm(r_4) 0
Newton iteration  0 : ||r|| = 4.26335e-05
   Pass :  1   Iteration :   0  ||B r|| = 0.0140177 ...
   Pass :  1   Iteration :  32  ||B r|| = 9.1293e-07
norm(r_0) 0
norm(r_1) 0
norm(r_2) 0
norm(r_3) 5.6378538e-06
norm(r_4) 0
Newton iteration  1 : ||r|| = 5.63785e-06, ||r||/||r_0|| = 0.13224
Setting time step: 0.085006876 in DGTransportTDO
Setting time step: 0.085006876 in CombinedOp
Setting time step: 0.085006876 in IonStaticPressureOp
norm(r_0) 0
norm(r_1) 0
norm(r_2) 0
norm(r_3) 0.00017634384
norm(r_4) 0
Newton iteration  0 : ||r|| = 0.000176344
   Pass :  1   Iteration :   0  ||B r|| = 0.00402424 ...
   Pass :  1   Iteration :  25  ||B r|| = 9.81243e-07
norm(r_0) 0
norm(r_1) 0
norm(r_2) 0
norm(r_3) 5.2182535e-06
norm(r_4) 0
Newton iteration  1 : ||r|| = 5.21825e-06, ||r||/||r_0|| = 0.0295914
Time stepping paused at t = 0.89342425

Estimating errors.
No refinements necessary.
No derefinements needed.

AMR iteration 2
Number of unknowns: 6400
Setting time step: 0.17001375 in DGTransportTDO
Setting time step: 0.17001375 in CombinedOp
Setting time step: 0.17001375 in IonStaticPressureOp
norm(r_0) 0
norm(r_1) 0
norm(r_2) 0
norm(r_3) 7.8145367e-06
norm(r_4) 0
Newton iteration  0 : ||r|| = 7.81454e-06
   Pass :  1   Iteration :   0  ||B r|| = 0.00101209 ...
   Pass :  1   Iteration :  19  ||B r|| = 9.1278e-07
norm(r_0) 0
norm(r_1) 0
norm(r_2) 0
norm(r_3) 7.9398459e-06
norm(r_4) 0
Newton iteration  1 : ||r|| = 7.93985e-06, ||r||/||r_0|| = 1.01604
Setting time step: 0.17001375 in DGTransportTDO
Setting time step: 0.17001375 in CombinedOp
Setting time step: 0.17001375 in IonStaticPressureOp
norm(r_0) 0
norm(r_1) 0
norm(r_2) 0
norm(r_3) 1.5904798e-05
norm(r_4) 0
Newton iteration  0 : ||r|| = 1.59048e-05
   Pass :  1   Iteration :   0  ||B r|| = 0.000387127 ...
   Pass :  1   Iteration :  12  ||B r|| = 9.42415e-07
norm(r_0) 0
norm(r_1) 0
norm(r_2) 0
norm(r_3) 7.0594713e-06
norm(r_4) 0
Newton iteration  1 : ||r|| = 7.05947e-06, ||r||/||r_0|| = 0.443858
Setting time step: 0.17001375 in DGTransportTDO
Setting time step: 0.17001375 in CombinedOp
Setting time step: 0.17001375 in IonStaticPressureOp
norm(r_0) 0
norm(r_1) 0
norm(r_2) 0
norm(r_3) 1.308006e-05
norm(r_4) 0
Newton iteration  0 : ||r|| = 1.30801e-05
   Pass :  1   Iteration :   0  ||B r|| = 1.73965e-05 ...
   Pass :  1   Iteration :   5  ||B r|| = 9.3838e-07
norm(r_0) 0
norm(r_1) 0
norm(r_2) 0
norm(r_3) 6.2593661e-06
norm(r_4) 0
Newton iteration  1 : ||r|| = 6.25937e-06, ||r||/||r_0|| = 0.478543
Setting time step: 0.17001375 in DGTransportTDO
Setting time step: 0.17001375 in CombinedOp
Setting time step: 0.17001375 in IonStaticPressureOp
norm(r_0) 0
norm(r_1) 0
norm(r_2) 0
norm(r_3) 1.0496307e-05
norm(r_4) 0
Newton iteration  0 : ||r|| = 1.04963e-05
   Pass :  1   Iteration :   0  ||B r|| = 0.000192682 ...
   Pass :  1   Iteration :  12  ||B r|| = 8.93501e-07
norm(r_0) 0
norm(r_1) 0
norm(r_2) 0
norm(r_3) 6.4321311e-06
norm(r_4) 0
Newton iteration  1 : ||r|| = 6.43213e-06, ||r||/||r_0|| = 0.612799
Setting time step: 0.17001375 in DGTransportTDO
Setting time step: 0.17001375 in CombinedOp
Setting time step: 0.17001375 in IonStaticPressureOp
norm(r_0) 0
norm(r_1) 0
norm(r_2) 0
norm(r_3) 0.00020286271
norm(r_4) 0
Newton iteration  0 : ||r|| = 0.000202863
   Pass :  1   Iteration :   0  ||B r|| = 0.000347825 ...
   Pass :  1   Iteration :  20  ||B r|| = 9.26324e-07
norm(r_0) 0
norm(r_1) 0
norm(r_2) 0
norm(r_3) 1.031873e-05
norm(r_4) 0
Newton iteration  1 : ||r|| = 1.03187e-05, ||r||/||r_0|| = 0.0508656
Setting time step: 0.3400275 in DGTransportTDO
Setting time step: 0.3400275 in CombinedOp
Setting time step: 0.3400275 in IonStaticPressureOp
norm(r_0) 0
norm(r_1) 0
norm(r_2) 0
norm(r_3) 1.0375014e-05
norm(r_4) 0
Newton iteration  0 : ||r|| = 1.0375e-05
   Pass :  1   Iteration :   0  ||B r|| = 8.21233e-05 ...
   Pass :  1   Iteration :   9  ||B r|| = 8.55961e-07
norm(r_0) 0
norm(r_1) 0
norm(r_2) 0
norm(r_3) 1.1408547e-05
norm(r_4) 0
Newton iteration  1 : ||r|| = 1.14085e-05, ||r||/||r_0|| = 1.09962
Setting time step: 0.3400275 in DGTransportTDO
Setting time step: 0.3400275 in CombinedOp
Setting time step: 0.3400275 in IonStaticPressureOp
norm(r_0) 0
norm(r_1) 0
norm(r_2) 0
norm(r_3) 2.5675236e-05
norm(r_4) 0
Newton iteration  0 : ||r|| = 2.56752e-05
   Pass :  1   Iteration :   0  ||B r|| = 5.03914e-05 ...
   Pass :  1   Iteration :   5  ||B r|| = 6.74706e-07
norm(r_0) 0
norm(r_1) 0
norm(r_2) 0
norm(r_3) 9.0654914e-06
norm(r_4) 0
Newton iteration  1 : ||r|| = 9.06549e-06, ||r||/||r_0|| = 0.353083
Setting time step: 0.3400275 in DGTransportTDO
Setting time step: 0.3400275 in CombinedOp
Setting time step: 0.3400275 in IonStaticPressureOp
norm(r_0) 0
norm(r_1) 0
norm(r_2) 0
norm(r_3) 2.0642208e-05
norm(r_4) 0
Newton iteration  0 : ||r|| = 2.06422e-05
   Pass :  1   Iteration :   0  ||B r|| = 1.47917e-05 ...
   Pass :  1   Iteration :   3  ||B r|| = 8.50315e-07
norm(r_0) 0
norm(r_1) 0
norm(r_2) 0
norm(r_3) 1.0067381e-05
norm(r_4) 0
Newton iteration  1 : ||r|| = 1.00674e-05, ||r||/||r_0|| = 0.487709
Setting time step: 0.3400275 in DGTransportTDO
Setting time step: 0.3400275 in CombinedOp
Setting time step: 0.3400275 in IonStaticPressureOp
norm(r_0) 0
norm(r_1) 0
norm(r_2) 0
norm(r_3) 1.5865486e-05
norm(r_4) 0
Newton iteration  0 : ||r|| = 1.58655e-05
   Pass :  1   Iteration :   0  ||B r|| = 2.93881e-06 ...
   Pass :  1   Iteration :   1  ||B r|| = 9.0677e-07
norm(r_0) 0
norm(r_1) 0
norm(r_2) 0
norm(r_3) 1.1041018e-05
norm(r_4) 0
Newton iteration  1 : ||r|| = 1.1041e-05, ||r||/||r_0|| = 0.695914
Setting time step: 0.3400275 in DGTransportTDO
Setting time step: 0.3400275 in CombinedOp
Setting time step: 0.3400275 in IonStaticPressureOp
norm(r_0) 0
norm(r_1) 0
norm(r_2) 0
norm(r_3) 0.00027377282
norm(r_4) 0
Newton iteration  0 : ||r|| = 0.000273773
   Pass :  1   Iteration :   0  ||B r|| = 0.000110403 ...
   Pass :  1   Iteration :  13  ||B r|| = 7.91164e-07
norm(r_0) 0
norm(r_1) 0
norm(r_2) 0
norm(r_3) 1.2957143e-05
norm(r_4) 0
Newton iteration  1 : ||r|| = 1.29571e-05, ||r||/||r_0|| = 0.0473281
Setting time step: 0.68005501 in DGTransportTDO
Setting time step: 0.68005501 in CombinedOp
Setting time step: 0.68005501 in IonStaticPressureOp
norm(r_0) 0
norm(r_1) 0
norm(r_2) 0
norm(r_3) 1.2958132e-05
norm(r_4) 0
Newton iteration  0 : ||r|| = 1.29581e-05
   Pass :  1   Iteration :   0  ||B r|| = 5.8155e-06 ...
   Pass :  1   Iteration :   1  ||B r|| = 9.45908e-07
norm(r_0) 0
norm(r_1) 0
norm(r_2) 0
norm(r_3) 1.1466934e-05
norm(r_4) 0
Newton iteration  1 : ||r|| = 1.14669e-05, ||r||/||r_0|| = 0.884922
Setting time step: 0.68005501 in DGTransportTDO
Setting time step: 0.68005501 in CombinedOp
Setting time step: 0.68005501 in IonStaticPressureOp
norm(r_0) 0
norm(r_1) 0
norm(r_2) 0
norm(r_3) 2.4669733e-05
norm(r_4) 0
Newton iteration  0 : ||r|| = 2.46697e-05
   Pass :  1   Iteration :   0  ||B r|| = 5.50538e-06 ...
   Pass :  1   Iteration :   1  ||B r|| = 6.85286e-07
norm(r_0) 0
norm(r_1) 0
norm(r_2) 0
norm(r_3) 8.4603641e-06
norm(r_4) 0
Newton iteration  1 : ||r|| = 8.46036e-06, ||r||/||r_0|| = 0.342945
Setting time step: 0.68005501 in DGTransportTDO
Setting time step: 0.68005501 in CombinedOp
Setting time step: 0.68005501 in IonStaticPressureOp
norm(r_0) 0
norm(r_1) 0
norm(r_2) 0
norm(r_3) 1.9025005e-05
norm(r_4) 0
Newton iteration  0 : ||r|| = 1.9025e-05
   Pass :  1   Iteration :   0  ||B r|| = 2.89037e-06 ...
   Pass :  1   Iteration :   1  ||B r|| = 8.06222e-07
norm(r_0) 0
norm(r_1) 0
norm(r_2) 0
norm(r_3) 8.8829924e-06
norm(r_4) 0
Newton iteration  1 : ||r|| = 8.88299e-06, ||r||/||r_0|| = 0.466911
Setting time step: 0.68005501 in DGTransportTDO
Setting time step: 0.68005501 in CombinedOp
Setting time step: 0.68005501 in IonStaticPressureOp
norm(r_0) 0
norm(r_1) 0
norm(r_2) 0
norm(r_3) 1.4988377e-05
norm(r_4) 0
Newton iteration  0 : ||r|| = 1.49884e-05
   Pass :  1   Iteration :   0  ||B r|| = 1.50646e-06 ...
   Pass :  1   Iteration :   1  ||B r|| = 8.83784e-07
norm(r_0) 0
norm(r_1) 0
norm(r_2) 0
norm(r_3) 1.0035328e-05
norm(r_4) 0
Newton iteration  1 : ||r|| = 1.00353e-05, ||r||/||r_0|| = 0.669541
Setting time step: 0.68005501 in DGTransportTDO
Setting time step: 0.68005501 in CombinedOp
Setting time step: 0.68005501 in IonStaticPressureOp
norm(r_0) 0
norm(r_1) 0
norm(r_2) 0
norm(r_3) 9.2453106e-05
norm(r_4) 0
Newton iteration  0 : ||r|| = 9.24531e-05
   Pass :  1   Iteration :   0  ||B r|| = 1.2019e-05 ...
   Pass :  1   Iteration :   1  ||B r|| = 5.25282e-07
norm(r_0) 0
norm(r_1) 0
norm(r_2) 0
norm(r_3) 9.385972e-06
norm(r_4) 0
Newton iteration  1 : ||r|| = 9.38597e-06, ||r||/||r_0|| = 0.101521
Setting time step: 1.36011 in DGTransportTDO
Setting time step: 1.36011 in CombinedOp
Setting time step: 1.36011 in IonStaticPressureOp
norm(r_0) 0
norm(r_1) 0
norm(r_2) 0
norm(r_3) 9.3859931e-06
norm(r_4) 0
Newton iteration  0 : ||r|| = 9.38599e-06
   Pass :  1   Iteration :   0  ||B r|| = 2.69066e-07
norm(r_0) 0
norm(r_1) 0
norm(r_2) 0
norm(r_3) 9.3859931e-06
norm(r_4) 0
Newton iteration  1 : ||r|| = 9.38599e-06, ||r||/||r_0|| = 1
Setting time step: 1.36011 in DGTransportTDO
Setting time step: 1.36011 in CombinedOp
Setting time step: 1.36011 in IonStaticPressureOp
norm(r_0) 0
norm(r_1) 0
norm(r_2) 0
norm(r_3) 9.3859931e-06
norm(r_4) 0
Newton iteration  0 : ||r|| = 9.38599e-06
   Pass :  1   Iteration :   0  ||B r|| = 2.69066e-07
norm(r_0) 0
norm(r_1) 0
norm(r_2) 0
norm(r_3) 9.3859931e-06
norm(r_4) 0
Newton iteration  1 : ||r|| = 9.38599e-06, ||r||/||r_0|| = 1
Setting time step: 1.36011 in DGTransportTDO
Setting time step: 1.36011 in CombinedOp
Setting time step: 1.36011 in IonStaticPressureOp
norm(r_0) 0
norm(r_1) 0
norm(r_2) 0
norm(r_3) 9.3859931e-06
norm(r_4) 0
Newton iteration  0 : ||r|| = 9.38599e-06
   Pass :  1   Iteration :   0  ||B r|| = 2.69066e-07
norm(r_0) 0
norm(r_1) 0
norm(r_2) 0
norm(r_3) 9.3859931e-06
norm(r_4) 0
Newton iteration  1 : ||r|| = 9.38599e-06, ||r||/||r_0|| = 1
Setting time step: 1.36011 in DGTransportTDO
Setting time step: 1.36011 in CombinedOp
Setting time step: 1.36011 in IonStaticPressureOp
norm(r_0) 0
norm(r_1) 0
norm(r_2) 0
norm(r_3) 9.3859931e-06
norm(r_4) 0
Newton iteration  0 : ||r|| = 9.38599e-06
   Pass :  1   Iteration :   0  ||B r|| = 2.69066e-07
norm(r_0) 0
norm(r_1) 0
norm(r_2) 0
norm(r_3) 9.3859931e-06
norm(r_4) 0
Newton iteration  1 : ||r|| = 9.38599e-06, ||r||/||r_0|| = 1
Setting time step: 1.36011 in DGTransportTDO
Setting time step: 1.36011 in CombinedOp
Setting time step: 1.36011 in IonStaticPressureOp
norm(r_0) 0
norm(r_1) 0
norm(r_2) 0
norm(r_3) 9.3859931e-06
norm(r_4) 0
Newton iteration  0 : ||r|| = 9.38599e-06
   Pass :  1   Iteration :   0  ||B r|| = 2.69066e-07
norm(r_0) 0
norm(r_1) 0
norm(r_2) 0
norm(r_3) 9.3859931e-06
norm(r_4) 0
Newton iteration  1 : ||r|| = 9.38599e-06, ||r||/||r_0|| = 1
Time stepping paused at t = 11.094249
Steady State solution has been reached

Time stepping done after 6.1879645s.
