Options used:
   --mesh ../../mfem/data/inline-quad.mesh
   --bc-file ../../mfem/miniapps/plasma/transport2d_bcs.inp
   --ic-file ../../mfem/miniapps/plasma/transport2d_ics.inp
   --ec-file /home/gz6/mfem-analysis/input-files/transport2d_ecs.inp
   --es-file ../../mfem/miniapps/plasma/transport2d_ess.inp
   --eqdsk-file 
   --logging 1
   --operator-test 8
   --equation-weights '1 1 1 1 1'
   --problem 0
   --refine-serial 4
   --refine-parallel 0
   --enable-amr
   --max-err -1
   --hysteresis 0.25
   --nc-limit 3
   --amr-weights '1 1 1 1 1'
   --order 4
   --dg-sigma -1
   --dg-kappa 25
   --linear-abs-tolerance 1e-06
   --linear-rel-tolerance 1e-06
   --linear-max-iterations 500
   --linear-logging-level 3
   --newton-abs-tolerance 1e-10
   --newton-rel-tolerance 1e-10
   --newton-max-iterations 1
   --newton-logging-level 1
   --steady-state-abs-tolerance 1e-08
   --steady-state-rel-tolerance 1e-08
   --prec-type 1
   --prec-logging-level 0
   --initial-tolerance 1e-05
   --ode-tolerance 0.001
   --ode-solver 2
   --err-per-step
   --ode-weights '1 1 1 1 1'
   --kP 0
   --kI 0.6
   --kD 0
   --theta-max 2
   --t-minimum 0
   --t-final 100
   --time-step 0.01
   --cfl-number 0.3
   --ion-charge 1
   --ion-mass 2.0141018
   --neutral-mass 2.0141018
   --neutral-temp 3
   --min-neutral-density 9e+14
   --max-neutral-density 1e+15
   --neutral-density-exp 0
   --min-ion-density 1e+16
   --max-ion-density 1e+18
   --ion-density-exp 0
   --min-ion-temp 1
   --max-ion-temp 10
   --ion-temp-exp 0
   --min-electron-temp 10
   --max-electron-temp 440
   --electron-temp-exp 0
   --total-B-magnitude 5
   --poloidal-B-magnitude 0.5
   --velocity 1000
   --Di-perp 1
   --Xi-perp 1
   --Xe-perp 1
   --equation-term-flags '-1 -1 -1 -1 -1'
   --visualization-flags '-1 -1 -1 -1 -1'
   --visualization
   --visit-datafiles
   --ascii-datafiles
   --visualization-steps 4
Device configuration: cpu
Memory configuration: host-std
Number of elements in initial mesh: 16
Number of elements after serial refinement: 4096
1: Number of elements in parallel mesh: 256
1: Number of elements after parallel refinement: 256
0: Number of elements in parallel mesh: 256
0: Number of elements after parallel refinement: 256
5: Number of elements in parallel mesh: 256
5: Number of elements after parallel refinement: 256
3: Number of elements in parallel mesh: 256
3: Number of elements after parallel refinement: 256
4: Number of elements in parallel mesh: 256
4: Number of elements after parallel refinement: 256
2: Number of elements in parallel mesh: 256
2: Number of elements after parallel refinement: 256
6: Number of elements in parallel mesh: 256
6: Number of elements after parallel refinement: 256
7: Number of elements in parallel mesh: 256
7: Number of elements after parallel refinement: 256
9: Number of elements in parallel mesh: 256
9: Number of elements after parallel refinement: 256
13: Number of elements in parallel mesh: 256
13: Number of elements after parallel refinement: 256
10: Number of elements in parallel mesh: 256
8: Number of elements in parallel mesh: 256
8: Number of elements after parallel refinement: 256
10: Number of elements after parallel refinement: 256
15: Number of elements in parallel mesh: 256
15: Number of elements after parallel refinement: 256
14: Number of elements in parallel mesh: 256
14: Number of elements after parallel refinement: 256
12: Number of elements in parallel mesh: 256
12: Number of elements after parallel refinement: 256
11: Number of elements in parallel mesh: 256
11: Number of elements after parallel refinement: 256
Configuring initial conditions
Reading initial conditions from ../../mfem/miniapps/plasma/transport2d_ics.inp
Configuring exact solutions
Reading exact solutions from ../../mfem/miniapps/plasma/transport2d_ess.inp

AMR iteration 0
Number of unknowns: 102400
Reached the maximum number of dofs. Stop.
Number of unknowns per field: 102400
Total number of unknowns:     512000
Configuring boundary conditions
Reading boundary conditions from ../../mfem/miniapps/plasma/transport2d_bcs.inp
Configuring equation coefficients
Reading equation coefficients from /home/gz6/mfem-analysis/input-files/transport2d_ecs.inp
|mn| = 3.3444946e-27
|ni| = 1
|ne| = 1

|Dn|     = -nan
|Di|     = -nan
|Eta|    = -nan
|nXi|    = -nan
|nXe|    = -nan

|Eta/mn| = -nan
|nXi/ni| = -nan
|nXe/ne| = -nan
Ion Static Pressure: Adding time derivative term proportional to d n_i / dt
Ion Static Pressure: Adding time derivative term proportional to d T_i / dt
Ion Static Pressure: Adding anisotropic diffusion term
Ion Static Pressure: Adding source term
Opening GLVis sockets.
Range of error estimates for initial condition: -nan < elem err < -nan

Begin time stepping at t = 0
Setting time step: 0.0025 in DGTransportTDO
Setting time step: 0.0025 in CombinedOp
Setting time step: 0.0025 in IonStaticPressureOp
norm(r_0) 0
norm(r_1) 0
norm(r_2) 0
norm(r_3) 0.034469365
norm(r_4) 0
Newton iteration  0 : ||r|| = 0.0344694
   Pass :  1   Iteration :   0  ||B r|| = 1353.78 ...
   Pass :  1   Iteration :  39  ||B r|| = 0.00119211
norm(r_0) 0
norm(r_1) 0
norm(r_2) 0
norm(r_3) 0.00014302468
norm(r_4) 0
Newton iteration  1 : ||r|| = 0.000143025, ||r||/||r_0|| = 0.00414933
Setting time step: 0.0025 in DGTransportTDO
Setting time step: 0.0025 in CombinedOp
Setting time step: 0.0025 in IonStaticPressureOp
norm(r_0) 0
norm(r_1) 0
norm(r_2) 0
norm(r_3) 0.032275247
norm(r_4) 0
Newton iteration  0 : ||r|| = 0.0322752
   Pass :  1   Iteration :   0  ||B r|| = 1267.55 ...
   Pass :  1   Iteration :  39  ||B r|| = 0.00113489
norm(r_0) 0
norm(r_1) 0
norm(r_2) 0
norm(r_3) 0.00013666912
norm(r_4) 0
Newton iteration  1 : ||r|| = 0.000136669, ||r||/||r_0|| = 0.00423449
Setting time step: 0.0025 in DGTransportTDO
Setting time step: 0.0025 in CombinedOp
Setting time step: 0.0025 in IonStaticPressureOp
norm(r_0) 0
norm(r_1) 0
norm(r_2) 0
norm(r_3) 0.033141724
norm(r_4) 0
Newton iteration  0 : ||r|| = 0.0331417
   Pass :  1   Iteration :   0  ||B r|| = 1301.6 ...
   Pass :  1   Iteration :  39  ||B r|| = 0.00116032
norm(r_0) 0
norm(r_1) 0
norm(r_2) 0
norm(r_3) 0.00013959442
norm(r_4) 0
Newton iteration  1 : ||r|| = 0.000139594, ||r||/||r_0|| = 0.00421204
Setting time step: 0.0025 in DGTransportTDO
Setting time step: 0.0025 in CombinedOp
Setting time step: 0.0025 in IonStaticPressureOp
norm(r_0) 0
norm(r_1) 0
norm(r_2) 0
norm(r_3) 0.033362767
norm(r_4) 0
Newton iteration  0 : ||r|| = 0.0333628
   Pass :  1   Iteration :   0  ||B r|| = 1310.3 ...
   Pass :  1   Iteration :  39  ||B r|| = 0.00116536
norm(r_0) 0
norm(r_1) 0
norm(r_2) 0
norm(r_3) 0.00014012974
norm(r_4) 0
Newton iteration  1 : ||r|| = 0.00014013, ||r||/||r_0|| = 0.00420018
Setting time step: 0.0025 in DGTransportTDO
Setting time step: 0.0025 in CombinedOp
Setting time step: 0.0025 in IonStaticPressureOp
norm(r_0) 0
norm(r_1) 0
norm(r_2) 0
norm(r_3) 0.031213693
norm(r_4) 0
Newton iteration  0 : ||r|| = 0.0312137
   Pass :  1   Iteration :   0  ||B r|| = 1225.9 ...
   Pass :  1   Iteration :  39  ||B r|| = 0.00107071
norm(r_0) 0
norm(r_1) 0
norm(r_2) 0
norm(r_3) 0.00012827542
norm(r_4) 0
Newton iteration  1 : ||r|| = 0.000128275, ||r||/||r_0|| = 0.00410959
Setting time step: 0.005 in DGTransportTDO
Setting time step: 0.005 in CombinedOp
Setting time step: 0.005 in IonStaticPressureOp
norm(r_0) 0
norm(r_1) 0
norm(r_2) 0
norm(r_3) 0.030219601
norm(r_4) 0
Newton iteration  0 : ||r|| = 0.0302196
   Pass :  1   Iteration :   0  ||B r|| = 981.549 ...
   Pass :  1   Iteration :  42  ||B r|| = 0.00085276
norm(r_0) 0
norm(r_1) 0
norm(r_2) 0
norm(r_3) 0.00017409593
norm(r_4) 0
Newton iteration  1 : ||r|| = 0.000174096, ||r||/||r_0|| = 0.00576103
Setting time step: 0.005 in DGTransportTDO
Setting time step: 0.005 in CombinedOp
Setting time step: 0.005 in IonStaticPressureOp
norm(r_0) 0
norm(r_1) 0
norm(r_2) 0
norm(r_3) 0.026489745
norm(r_4) 0
Newton iteration  0 : ||r|| = 0.0264897
   Pass :  1   Iteration :   0  ||B r|| = 860.355 ...
   Pass :  1   Iteration :  42  ||B r|| = 0.000751228
norm(r_0) 0
norm(r_1) 0
norm(r_2) 0
norm(r_3) 0.00015368195
norm(r_4) 0
Newton iteration  1 : ||r|| = 0.000153682, ||r||/||r_0|| = 0.00580156
Setting time step: 0.005 in DGTransportTDO
Setting time step: 0.005 in CombinedOp
Setting time step: 0.005 in IonStaticPressureOp
norm(r_0) 0
norm(r_1) 0
norm(r_2) 0
norm(r_3) 0.027944635
norm(r_4) 0
Newton iteration  0 : ||r|| = 0.0279446
   Pass :  1   Iteration :   0  ||B r|| = 907.635 ...
   Pass :  1   Iteration :  42  ||B r|| = 0.000791417
norm(r_0) 0
norm(r_1) 0
norm(r_2) 0
norm(r_3) 0.00016181249
norm(r_4) 0
Newton iteration  1 : ||r|| = 0.000161812, ||r||/||r_0|| = 0.00579047
Setting time step: 0.005 in DGTransportTDO
Setting time step: 0.005 in CombinedOp
Setting time step: 0.005 in IonStaticPressureOp
norm(r_0) 0
norm(r_1) 0
norm(r_2) 0
norm(r_3) 0.028323395
norm(r_4) 0
Newton iteration  0 : ||r|| = 0.0283234
   Pass :  1   Iteration :   0  ||B r|| = 919.948 ...
   Pass :  1   Iteration :  42  ||B r|| = 0.000801577
norm(r_0) 0
norm(r_1) 0
norm(r_2) 0
norm(r_3) 0.00016384228
norm(r_4) 0
Newton iteration  1 : ||r|| = 0.000163842, ||r||/||r_0|| = 0.0057847
Setting time step: 0.005 in DGTransportTDO
Setting time step: 0.005 in CombinedOp
Setting time step: 0.005 in IonStaticPressureOp
norm(r_0) 0
norm(r_1) 0
norm(r_2) 0
norm(r_3) 0.024756921
norm(r_4) 0
Newton iteration  0 : ||r|| = 0.0247569
   Pass :  1   Iteration :   0  ||B r|| = 804.054 ...
   Pass :  1   Iteration :  42  ||B r|| = 0.00069615
norm(r_0) 0
norm(r_1) 0
norm(r_2) 0
norm(r_3) 0.00014193325
norm(r_4) 0
Newton iteration  1 : ||r|| = 0.000141933, ||r||/||r_0|| = 0.00573307
Setting time step: 0.01 in DGTransportTDO
Setting time step: 0.01 in CombinedOp
Setting time step: 0.01 in IonStaticPressureOp
norm(r_0) 0
norm(r_1) 0
norm(r_2) 0
norm(r_3) 0.023226813
norm(r_4) 0
Newton iteration  0 : ||r|| = 0.0232268
   Pass :  1   Iteration :   0  ||B r|| = 566.52 ...
   Pass :  1   Iteration :  45  ||B r|| = 0.000486365
norm(r_0) 0
norm(r_1) 0
norm(r_2) 0
norm(r_3) 0.00019714837
norm(r_4) 0
Newton iteration  1 : ||r|| = 0.000197148, ||r||/||r_0|| = 0.00848796
Setting time step: 0.01 in DGTransportTDO
Setting time step: 0.01 in CombinedOp
Setting time step: 0.01 in IonStaticPressureOp
norm(r_0) 0
norm(r_1) 0
norm(r_2) 0
norm(r_3) 0.017828613
norm(r_4) 0
Newton iteration  0 : ||r|| = 0.0178286
   Pass :  1   Iteration :   0  ||B r|| = 434.755 ...
   Pass :  1   Iteration :  45  ||B r|| = 0.000374527
norm(r_0) 0
norm(r_1) 0
norm(r_2) 0
norm(r_3) 0.00015202949
norm(r_4) 0
Newton iteration  1 : ||r|| = 0.000152029, ||r||/||r_0|| = 0.00852728
Setting time step: 0.01 in DGTransportTDO
Setting time step: 0.01 in CombinedOp
Setting time step: 0.01 in IonStaticPressureOp
norm(r_0) 0
norm(r_1) 0
norm(r_2) 0
norm(r_3) 0.01988707
norm(r_4) 0
Newton iteration  0 : ||r|| = 0.0198871
   Pass :  1   Iteration :   0  ||B r|| = 485.009 ...
   Pass :  1   Iteration :  45  ||B r|| = 0.000417381
norm(r_0) 0
norm(r_1) 0
norm(r_2) 0
norm(r_3) 0.00016935199
norm(r_4) 0
Newton iteration  1 : ||r|| = 0.000169352, ||r||/||r_0|| = 0.00851568
Setting time step: 0.01 in DGTransportTDO
Setting time step: 0.01 in CombinedOp
Setting time step: 0.01 in IonStaticPressureOp
norm(r_0) 0
norm(r_1) 0
norm(r_2) 0
norm(r_3) 0.020443305
norm(r_4) 0
Newton iteration  0 : ||r|| = 0.0204433
   Pass :  1   Iteration :   0  ||B r|| = 498.596 ...
   Pass :  1   Iteration :  45  ||B r|| = 0.000428858
norm(r_0) 0
norm(r_1) 0
norm(r_2) 0
norm(r_3) 0.00017397296
norm(r_4) 0
Newton iteration  1 : ||r|| = 0.000173973, ||r||/||r_0|| = 0.00851002
Setting time step: 0.01 in DGTransportTDO
Setting time step: 0.01 in CombinedOp
Setting time step: 0.01 in IonStaticPressureOp
norm(r_0) 0
norm(r_1) 0
norm(r_2) 0
norm(r_3) 0.015531849
norm(r_4) 0
Newton iteration  0 : ||r|| = 0.0155318
   Pass :  1   Iteration :   0  ||B r|| = 378.721 ...
   Pass :  1   Iteration :  45  ||B r|| = 0.000324094
norm(r_0) 0
norm(r_1) 0
norm(r_2) 0
norm(r_3) 0.00013119203
norm(r_4) 0
Newton iteration  1 : ||r|| = 0.000131192, ||r||/||r_0|| = 0.00844665
Setting time step: 0.02 in DGTransportTDO
Setting time step: 0.02 in CombinedOp
Setting time step: 0.02 in IonStaticPressureOp
norm(r_0) 0
norm(r_1) 0
norm(r_2) 0
norm(r_3) 0.013722018
norm(r_4) 0
Newton iteration  0 : ||r|| = 0.013722
   Pass :  1   Iteration :   0  ||B r|| = 223.852 ...
   Pass :  1   Iteration :  47  ||B r|| = 0.000202873
norm(r_0) 0
norm(r_1) 0
norm(r_2) 0
norm(r_3) 0.00017067502
norm(r_4) 0
Newton iteration  1 : ||r|| = 0.000170675, ||r||/||r_0|| = 0.012438
Setting time step: 0.02 in DGTransportTDO
Setting time step: 0.02 in CombinedOp
Setting time step: 0.02 in IonStaticPressureOp
norm(r_0) 0
norm(r_1) 0
norm(r_2) 0
norm(r_3) 0.0080086507
norm(r_4) 0
Newton iteration  0 : ||r|| = 0.00800865
   Pass :  1   Iteration :   0  ||B r|| = 130.571 ...
   Pass :  1   Iteration :  47  ||B r|| = 0.000118669
norm(r_0) 0
norm(r_1) 0
norm(r_2) 0
norm(r_3) 9.9912386e-05
norm(r_4) 0
Newton iteration  1 : ||r|| = 9.99124e-05, ||r||/||r_0|| = 0.0124756
Setting time step: 0.02 in DGTransportTDO
Setting time step: 0.02 in CombinedOp
Setting time step: 0.02 in IonStaticPressureOp
norm(r_0) 0
norm(r_1) 0
norm(r_2) 0
norm(r_3) 0.010102918
norm(r_4) 0
Newton iteration  0 : ||r|| = 0.0101029
   Pass :  1   Iteration :   0  ||B r|| = 164.773 ...
   Pass :  1   Iteration :  47  ||B r|| = 0.000149596
norm(r_0) 0
norm(r_1) 0
norm(r_2) 0
norm(r_3) 0.00012591476
norm(r_4) 0
Newton iteration  1 : ||r|| = 0.000125915, ||r||/||r_0|| = 0.0124632
Setting time step: 0.02 in DGTransportTDO
Setting time step: 0.02 in CombinedOp
Setting time step: 0.02 in IonStaticPressureOp
norm(r_0) 0
norm(r_1) 0
norm(r_2) 0
norm(r_3) 0.010707646
norm(r_4) 0
Newton iteration  0 : ||r|| = 0.0107076
   Pass :  1   Iteration :   0  ||B r|| = 174.653 ...
   Pass :  1   Iteration :  47  ||B r|| = 0.000158499
norm(r_0) 0
norm(r_1) 0
norm(r_2) 0
norm(r_3) 0.00013339339
norm(r_4) 0
Newton iteration  1 : ||r|| = 0.000133393, ||r||/||r_0|| = 0.0124578
Setting time step: 0.02 in DGTransportTDO
Setting time step: 0.02 in CombinedOp
Setting time step: 0.02 in IonStaticPressureOp
norm(r_0) 0
norm(r_1) 0
norm(r_2) 0
norm(r_3) 0.0060647237
norm(r_4) 0
Newton iteration  0 : ||r|| = 0.00606472
   Pass :  1   Iteration :   0  ||B r|| = 98.7956 ...
   Pass :  1   Iteration :  47  ||B r|| = 8.91666e-05
norm(r_0) 0
norm(r_1) 0
norm(r_2) 0
norm(r_3) 7.4928158e-05
norm(r_4) 0
Newton iteration  1 : ||r|| = 7.49282e-05, ||r||/||r_0|| = 0.0123548
Time stepping paused at t = 0.15
Setting time step: 0.019714858 in DGTransportTDO
Setting time step: 0.019714858 in CombinedOp
Setting time step: 0.019714858 in IonStaticPressureOp
norm(r_0) 0
norm(r_1) 0
norm(r_2) 0
norm(r_3) 0.004794686
norm(r_4) 0
Newton iteration  0 : ||r|| = 0.00479469
   Pass :  1   Iteration :   0  ||B r|| = 78.9589 ...
   Pass :  1   Iteration :  47  ||B r|| = 7.09385e-05
norm(r_0) 0
norm(r_1) 0
norm(r_2) 0
norm(r_3) 5.8889597e-05
norm(r_4) 0
Newton iteration  1 : ||r|| = 5.88896e-05, ||r||/||r_0|| = 0.0122823
Setting time step: 0.019714858 in DGTransportTDO
Setting time step: 0.019714858 in CombinedOp
Setting time step: 0.019714858 in IonStaticPressureOp
norm(r_0) 0
norm(r_1) 0
norm(r_2) 0
norm(r_3) 0.0028193187
norm(r_4) 0
Newton iteration  0 : ||r|| = 0.00281932
   Pass :  1   Iteration :   0  ||B r|| = 46.4288 ...
   Pass :  1   Iteration :  47  ||B r|| = 4.17208e-05
norm(r_0) 0
norm(r_1) 0
norm(r_2) 0
norm(r_3) 3.4635916e-05
norm(r_4) 0
Newton iteration  1 : ||r|| = 3.46359e-05, ||r||/||r_0|| = 0.0122852
Setting time step: 0.019714858 in DGTransportTDO
Setting time step: 0.019714858 in CombinedOp
Setting time step: 0.019714858 in IonStaticPressureOp
norm(r_0) 0
norm(r_1) 0
norm(r_2) 0
norm(r_3) 0.0035443565
norm(r_4) 0
Newton iteration  0 : ||r|| = 0.00354436
   Pass :  1   Iteration :   0  ||B r|| = 58.3686 ...
   Pass :  1   Iteration :  47  ||B r|| = 5.24461e-05
norm(r_0) 0
norm(r_1) 0
norm(r_2) 0
norm(r_3) 4.3539268e-05
norm(r_4) 0
Newton iteration  1 : ||r|| = 4.35393e-05, ||r||/||r_0|| = 0.0122841
Setting time step: 0.019714858 in DGTransportTDO
Setting time step: 0.019714858 in CombinedOp
Setting time step: 0.019714858 in IonStaticPressureOp
norm(r_0) 0
norm(r_1) 0
norm(r_2) 0
norm(r_3) 0.0037534264
norm(r_4) 0
Newton iteration  0 : ||r|| = 0.00375343
   Pass :  1   Iteration :   0  ||B r|| = 61.8116 ...
   Pass :  1   Iteration :  47  ||B r|| = 5.55381e-05
norm(r_0) 0
norm(r_1) 0
norm(r_2) 0
norm(r_3) 4.6105873e-05
norm(r_4) 0
Newton iteration  1 : ||r|| = 4.61059e-05, ||r||/||r_0|| = 0.0122837
Setting time step: 0.019714858 in DGTransportTDO
Setting time step: 0.019714858 in CombinedOp
Setting time step: 0.019714858 in IonStaticPressureOp
norm(r_0) 0
norm(r_1) 0
norm(r_2) 0
norm(r_3) 0.002141564
norm(r_4) 0
Newton iteration  0 : ||r|| = 0.00214156
   Pass :  1   Iteration :   0  ||B r|| = 35.2669 ...
   Pass :  1   Iteration :  47  ||B r|| = 3.16762e-05
norm(r_0) 0
norm(r_1) 0
norm(r_2) 0
norm(r_3) 2.6294398e-05
norm(r_4) 0
Newton iteration  1 : ||r|| = 2.62944e-05, ||r||/||r_0|| = 0.0122781
Setting time step: 0.038625772 in DGTransportTDO
Setting time step: 0.038625772 in CombinedOp
Setting time step: 0.038625772 in IonStaticPressureOp
norm(r_0) 0
norm(r_1) 0
norm(r_2) 0
norm(r_3) 0.0017003926
norm(r_4) 0
Newton iteration  0 : ||r|| = 0.00170039
   Pass :  1   Iteration :   0  ||B r|| = 17.137 ...
   Pass :  1   Iteration :  49  ||B r|| = 1.59558e-05
norm(r_0) 0
norm(r_1) 0
norm(r_2) 0
norm(r_3) 2.4999306e-05
norm(r_4) 0
Newton iteration  1 : ||r|| = 2.49993e-05, ||r||/||r_0|| = 0.0147021
Setting time step: 0.038625772 in DGTransportTDO
Setting time step: 0.038625772 in CombinedOp
Setting time step: 0.038625772 in IonStaticPressureOp
norm(r_0) 0
norm(r_1) 0
norm(r_2) 0
norm(r_3) 0.00055571691
norm(r_4) 0
Newton iteration  0 : ||r|| = 0.000555717
   Pass :  1   Iteration :   0  ||B r|| = 5.58672 ...
   Pass :  1   Iteration :  49  ||B r|| = 5.21951e-06
norm(r_0) 0
norm(r_1) 0
norm(r_2) 0
norm(r_3) 8.1823435e-06
norm(r_4) 0
Newton iteration  1 : ||r|| = 8.18234e-06, ||r||/||r_0|| = 0.0147239
Setting time step: 0.038625772 in DGTransportTDO
Setting time step: 0.038625772 in CombinedOp
Setting time step: 0.038625772 in IonStaticPressureOp
norm(r_0) 0
norm(r_1) 0
norm(r_2) 0
norm(r_3) 0.0009514636
norm(r_4) 0
Newton iteration  0 : ||r|| = 0.000951464
   Pass :  1   Iteration :   0  ||B r|| = 9.58403 ...
   Pass :  1   Iteration :  49  ||B r|| = 8.93794e-06
norm(r_0) 0
norm(r_1) 0
norm(r_2) 0
norm(r_3) 1.4007494e-05
norm(r_4) 0
Newton iteration  1 : ||r|| = 1.40075e-05, ||r||/||r_0|| = 0.014722
Setting time step: 0.038625772 in DGTransportTDO
Setting time step: 0.038625772 in CombinedOp
Setting time step: 0.038625772 in IonStaticPressureOp
norm(r_0) 0
norm(r_1) 0
norm(r_2) 0
norm(r_3) 0.0010776791
norm(r_4) 0
Newton iteration  0 : ||r|| = 0.00107768
   Pass :  1   Iteration :   0  ||B r|| = 10.8584 ...
   Pass :  1   Iteration :  49  ||B r|| = 1.01216e-05
norm(r_0) 0
norm(r_1) 0
norm(r_2) 0
norm(r_3) 1.5861361e-05
norm(r_4) 0
Newton iteration  1 : ||r|| = 1.58614e-05, ||r||/||r_0|| = 0.0147181
Setting time step: 0.038625772 in DGTransportTDO
Setting time step: 0.038625772 in CombinedOp
Setting time step: 0.038625772 in IonStaticPressureOp
norm(r_0) 0
norm(r_1) 0
norm(r_2) 0
norm(r_3) 0.00035424214
norm(r_4) 0
Newton iteration  0 : ||r|| = 0.000354242
   Pass :  1   Iteration :   0  ||B r|| = 3.50915 ...
   Pass :  1   Iteration :  49  ||B r|| = 3.23972e-06
norm(r_0) 0
norm(r_1) 0
norm(r_2) 0
norm(r_3) 5.0688919e-06
norm(r_4) 0
Newton iteration  1 : ||r|| = 5.06889e-06, ||r||/||r_0|| = 0.0143091
Setting time step: 0.042512558 in DGTransportTDO
Setting time step: 0.042512558 in CombinedOp
Setting time step: 0.042512558 in IonStaticPressureOp
norm(r_0) 0
norm(r_1) 0
norm(r_2) 0
norm(r_3) 0.00023087974
norm(r_4) 0
Newton iteration  0 : ||r|| = 0.00023088
   Pass :  1   Iteration :   0  ||B r|| = 2.1542 ...
   Pass :  1   Iteration :  49  ||B r|| = 2.12439e-06
norm(r_0) 0
norm(r_1) 0
norm(r_2) 0
norm(r_3) 3.6630032e-06
norm(r_4) 0
Newton iteration  1 : ||r|| = 3.663e-06, ||r||/||r_0|| = 0.0158654
Setting time step: 0.042512558 in DGTransportTDO
Setting time step: 0.042512558 in CombinedOp
Setting time step: 0.042512558 in IonStaticPressureOp
norm(r_0) 0
norm(r_1) 0
norm(r_2) 0
norm(r_3) 6.5250303e-05
norm(r_4) 0
Newton iteration  0 : ||r|| = 6.52503e-05
   Pass :  1   Iteration :   0  ||B r|| = 0.60859 ...
   Pass :  1   Iteration :  47  ||B r|| = 9.00886e-07
norm(r_0) 0
norm(r_1) 0
norm(r_2) 0
norm(r_3) 1.5777559e-06
norm(r_4) 0
Newton iteration  1 : ||r|| = 1.57776e-06, ||r||/||r_0|| = 0.0241801
Setting time step: 0.042512558 in DGTransportTDO
Setting time step: 0.042512558 in CombinedOp
Setting time step: 0.042512558 in IonStaticPressureOp
norm(r_0) 0
norm(r_1) 0
norm(r_2) 0
norm(r_3) 0.00012199701
norm(r_4) 0
Newton iteration  0 : ||r|| = 0.000121997
   Pass :  1   Iteration :   0  ||B r|| = 1.13812 ...
   Pass :  1   Iteration :  49  ||B r|| = 1.12307e-06
norm(r_0) 0
norm(r_1) 0
norm(r_2) 0
norm(r_3) 1.9366586e-06
norm(r_4) 0
Newton iteration  1 : ||r|| = 1.93666e-06, ||r||/||r_0|| = 0.0158746
Setting time step: 0.042512558 in DGTransportTDO
Setting time step: 0.042512558 in CombinedOp
Setting time step: 0.042512558 in IonStaticPressureOp
norm(r_0) 0
norm(r_1) 0
norm(r_2) 0
norm(r_3) 0.000140403
norm(r_4) 0
Newton iteration  0 : ||r|| = 0.000140403
   Pass :  1   Iteration :   0  ||B r|| = 1.30989 ...
   Pass :  1   Iteration :  49  ||B r|| = 1.29231e-06
norm(r_0) 0
norm(r_1) 0
norm(r_2) 0
norm(r_3) 2.2284373e-06
norm(r_4) 0
Newton iteration  1 : ||r|| = 2.22844e-06, ||r||/||r_0|| = 0.0158717
Setting time step: 0.042512558 in DGTransportTDO
Setting time step: 0.042512558 in CombinedOp
Setting time step: 0.042512558 in IonStaticPressureOp
norm(r_0) 0
norm(r_1) 0
norm(r_2) 0
norm(r_3) 4.1164851e-05
norm(r_4) 0
Newton iteration  0 : ||r|| = 4.11649e-05
   Pass :  1   Iteration :   0  ||B r|| = 0.380767 ...
   Pass :  1   Iteration :  45  ||B r|| = 8.62383e-07
norm(r_0) 0
norm(r_1) 0
norm(r_2) 0
norm(r_3) 1.3529997e-06
norm(r_4) 0
Newton iteration  1 : ||r|| = 1.353e-06, ||r||/||r_0|| = 0.0328678
Setting time step: 0.085025115 in DGTransportTDO
Setting time step: 0.085025115 in CombinedOp
Setting time step: 0.085025115 in IonStaticPressureOp
norm(r_0) 0
norm(r_1) 0
norm(r_2) 0
norm(r_3) 2.6198767e-05
norm(r_4) 0
Newton iteration  0 : ||r|| = 2.61988e-05
   Pass :  1   Iteration :   0  ||B r|| = 0.134804 ...
   Pass :  1   Iteration :  41  ||B r|| = 9.6626e-07
norm(r_0) 0
norm(r_1) 0
norm(r_2) 0
norm(r_3) 2.7971962e-06
norm(r_4) 0
Newton iteration  1 : ||r|| = 2.7972e-06, ||r||/||r_0|| = 0.106768
Setting time step: 0.085025115 in DGTransportTDO
Setting time step: 0.085025115 in CombinedOp
Setting time step: 0.085025115 in IonStaticPressureOp
norm(r_0) 0
norm(r_1) 0
norm(r_2) 0
norm(r_3) 5.661469e-06
norm(r_4) 0
Newton iteration  0 : ||r|| = 5.66147e-06
   Pass :  1   Iteration :   0  ||B r|| = 0.00756087 ...
   Pass :  1   Iteration :  25  ||B r|| = 9.07476e-07
norm(r_0) 0
norm(r_1) 0
norm(r_2) 0
norm(r_3) 2.202175e-06
norm(r_4) 0
Newton iteration  1 : ||r|| = 2.20217e-06, ||r||/||r_0|| = 0.388976
Setting time step: 0.085025115 in DGTransportTDO
Setting time step: 0.085025115 in CombinedOp
Setting time step: 0.085025115 in IonStaticPressureOp
norm(r_0) 0
norm(r_1) 0
norm(r_2) 0
norm(r_3) 8.6011366e-06
norm(r_4) 0
Newton iteration  0 : ||r|| = 8.60114e-06
   Pass :  1   Iteration :   0  ||B r|| = 0.0373575 ...
   Pass :  1   Iteration :  34  ||B r|| = 9.09667e-07
norm(r_0) 0
norm(r_1) 0
norm(r_2) 0
norm(r_3) 2.3457409e-06
norm(r_4) 0
Newton iteration  1 : ||r|| = 2.34574e-06, ||r||/||r_0|| = 0.272725
Setting time step: 0.085025115 in DGTransportTDO
Setting time step: 0.085025115 in CombinedOp
Setting time step: 0.085025115 in IonStaticPressureOp
norm(r_0) 0
norm(r_1) 0
norm(r_2) 0
norm(r_3) 1.1129316e-05
norm(r_4) 0
Newton iteration  0 : ||r|| = 1.11293e-05
   Pass :  1   Iteration :   0  ||B r|| = 0.0541515 ...
   Pass :  1   Iteration :  36  ||B r|| = 9.00069e-07
norm(r_0) 0
norm(r_1) 0
norm(r_2) 0
norm(r_3) 2.8508022e-06
norm(r_4) 0
Newton iteration  1 : ||r|| = 2.8508e-06, ||r||/||r_0|| = 0.256153
Setting time step: 0.085025115 in DGTransportTDO
Setting time step: 0.085025115 in CombinedOp
Setting time step: 0.085025115 in IonStaticPressureOp
norm(r_0) 0
norm(r_1) 0
norm(r_2) 0
norm(r_3) 7.730557e-05
norm(r_4) 0
Newton iteration  0 : ||r|| = 7.73056e-05
   Pass :  1   Iteration :   0  ||B r|| = 0.0156099 ...
   Pass :  1   Iteration :  29  ||B r|| = 9.66797e-07
norm(r_0) 0
norm(r_1) 0
norm(r_2) 0
norm(r_3) 2.7168647e-06
norm(r_4) 0
Newton iteration  1 : ||r|| = 2.71686e-06, ||r||/||r_0|| = 0.0351445
Time stepping paused at t = 0.89351321
Setting time step: 0.17005023 in DGTransportTDO
Setting time step: 0.17005023 in CombinedOp
Setting time step: 0.17005023 in IonStaticPressureOp
norm(r_0) 0
norm(r_1) 0
norm(r_2) 0
norm(r_3) 3.07509e-06
norm(r_4) 0
Newton iteration  0 : ||r|| = 3.07509e-06
   Pass :  1   Iteration :   0  ||B r|| = 0.00389302 ...
   Pass :  1   Iteration :  23  ||B r|| = 9.68174e-07
norm(r_0) 0
norm(r_1) 0
norm(r_2) 0
norm(r_3) 4.8468345e-06
norm(r_4) 0
Newton iteration  1 : ||r|| = 4.84683e-06, ||r||/||r_0|| = 1.57616
Setting time step: 0.17005023 in DGTransportTDO
Setting time step: 0.17005023 in CombinedOp
Setting time step: 0.17005023 in IonStaticPressureOp
norm(r_0) 0
norm(r_1) 0
norm(r_2) 0
norm(r_3) 1.0158451e-05
norm(r_4) 0
Newton iteration  0 : ||r|| = 1.01585e-05
   Pass :  1   Iteration :   0  ||B r|| = 0.00148475 ...
   Pass :  1   Iteration :  18  ||B r|| = 9.28098e-07
norm(r_0) 0
norm(r_1) 0
norm(r_2) 0
norm(r_3) 4.3476425e-06
norm(r_4) 0
Newton iteration  1 : ||r|| = 4.34764e-06, ||r||/||r_0|| = 0.427983
Setting time step: 0.17005023 in DGTransportTDO
Setting time step: 0.17005023 in CombinedOp
Setting time step: 0.17005023 in IonStaticPressureOp
norm(r_0) 0
norm(r_1) 0
norm(r_2) 0
norm(r_3) 8.4057006e-06
norm(r_4) 0
Newton iteration  0 : ||r|| = 8.4057e-06
   Pass :  1   Iteration :   0  ||B r|| = 7.21501e-05 ...
   Pass :  1   Iteration :   6  ||B r|| = 9.76395e-07
norm(r_0) 0
norm(r_1) 0
norm(r_2) 0
norm(r_3) 2.6606995e-06
norm(r_4) 0
Newton iteration  1 : ||r|| = 2.6607e-06, ||r||/||r_0|| = 0.316535
Setting time step: 0.17005023 in DGTransportTDO
Setting time step: 0.17005023 in CombinedOp
Setting time step: 0.17005023 in IonStaticPressureOp
norm(r_0) 0
norm(r_1) 0
norm(r_2) 0
norm(r_3) 6.4365361e-06
norm(r_4) 0
Newton iteration  0 : ||r|| = 6.43654e-06
   Pass :  1   Iteration :   0  ||B r|| = 0.000746372 ...
   Pass :  1   Iteration :  16  ||B r|| = 8.1305e-07
norm(r_0) 0
norm(r_1) 0
norm(r_2) 0
norm(r_3) 3.4816003e-06
norm(r_4) 0
Newton iteration  1 : ||r|| = 3.4816e-06, ||r||/||r_0|| = 0.540912
Setting time step: 0.17005023 in DGTransportTDO
Setting time step: 0.17005023 in CombinedOp
Setting time step: 0.17005023 in IonStaticPressureOp
norm(r_0) 0
norm(r_1) 0
norm(r_2) 0
norm(r_3) 0.00013444349
norm(r_4) 0
Newton iteration  0 : ||r|| = 0.000134443
   Pass :  1   Iteration :   0  ||B r|| = 0.00140515 ...
   Pass :  1   Iteration :  21  ||B r|| = 8.7671e-07
norm(r_0) 0
norm(r_1) 0
norm(r_2) 0
norm(r_3) 3.8520148e-06
norm(r_4) 0
Newton iteration  1 : ||r|| = 3.85201e-06, ||r||/||r_0|| = 0.0286516
Setting time step: 0.34010046 in DGTransportTDO
Setting time step: 0.34010046 in CombinedOp
Setting time step: 0.34010046 in IonStaticPressureOp
norm(r_0) 0
norm(r_1) 0
norm(r_2) 0
norm(r_3) 3.859498e-06
norm(r_4) 0
Newton iteration  0 : ||r|| = 3.8595e-06
   Pass :  1   Iteration :   0  ||B r|| = 0.000294748 ...
   Pass :  1   Iteration :  12  ||B r|| = 8.88382e-07
norm(r_0) 0
norm(r_1) 0
norm(r_2) 0
norm(r_3) 7.7067859e-06
norm(r_4) 0
Newton iteration  1 : ||r|| = 7.70679e-06, ||r||/||r_0|| = 1.99684
Setting time step: 0.34010046 in DGTransportTDO
Setting time step: 0.34010046 in CombinedOp
Setting time step: 0.34010046 in IonStaticPressureOp
norm(r_0) 0
norm(r_1) 0
norm(r_2) 0
norm(r_3) 1.5643033e-05
norm(r_4) 0
Newton iteration  0 : ||r|| = 1.5643e-05
   Pass :  1   Iteration :   0  ||B r|| = 0.000186698 ...
   Pass :  1   Iteration :   9  ||B r|| = 9.64013e-07
norm(r_0) 0
norm(r_1) 0
norm(r_2) 0
norm(r_3) 6.6866873e-06
norm(r_4) 0
Newton iteration  1 : ||r|| = 6.68669e-06, ||r||/||r_0|| = 0.427455
Setting time step: 0.34010046 in DGTransportTDO
Setting time step: 0.34010046 in CombinedOp
Setting time step: 0.34010046 in IonStaticPressureOp
norm(r_0) 0
norm(r_1) 0
norm(r_2) 0
norm(r_3) 1.3600092e-05
norm(r_4) 0
Newton iteration  0 : ||r|| = 1.36001e-05
   Pass :  1   Iteration :   0  ||B r|| = 5.78052e-05 ...
   Pass :  1   Iteration :   6  ||B r|| = 5.21211e-07
norm(r_0) 0
norm(r_1) 0
norm(r_2) 0
norm(r_3) 5.4038514e-06
norm(r_4) 0
Newton iteration  1 : ||r|| = 5.40385e-06, ||r||/||r_0|| = 0.397339
Setting time step: 0.34010046 in DGTransportTDO
Setting time step: 0.34010046 in CombinedOp
Setting time step: 0.34010046 in IonStaticPressureOp
norm(r_0) 0
norm(r_1) 0
norm(r_2) 0
norm(r_3) 1.0927486e-05
norm(r_4) 0
Newton iteration  0 : ||r|| = 1.09275e-05
   Pass :  1   Iteration :   0  ||B r|| = 6.03524e-06 ...
   Pass :  1   Iteration :   5  ||B r|| = 9.47115e-07
norm(r_0) 0
norm(r_1) 0
norm(r_2) 0
norm(r_3) 9.6010115e-06
norm(r_4) 0
Newton iteration  1 : ||r|| = 9.60101e-06, ||r||/||r_0|| = 0.878611
Setting time step: 0.34010046 in DGTransportTDO
Setting time step: 0.34010046 in CombinedOp
Setting time step: 0.34010046 in IonStaticPressureOp
norm(r_0) 0
norm(r_1) 0
norm(r_2) 0
norm(r_3) 0.00043877705
norm(r_4) 0
Newton iteration  0 : ||r|| = 0.000438777
   Pass :  1   Iteration :   0  ||B r|| = 0.000346067 ...
   Pass :  1   Iteration :  17  ||B r|| = 8.23159e-07
norm(r_0) 0
norm(r_1) 0
norm(r_2) 0
norm(r_3) 1.0280757e-05
norm(r_4) 0
Newton iteration  1 : ||r|| = 1.02808e-05, ||r||/||r_0|| = 0.0234305
Setting time step: 0.68020092 in DGTransportTDO
Setting time step: 0.68020092 in CombinedOp
Setting time step: 0.68020092 in IonStaticPressureOp
norm(r_0) 0
norm(r_1) 0
norm(r_2) 0
norm(r_3) 1.028078e-05
norm(r_4) 0
Newton iteration  0 : ||r|| = 1.02808e-05
   Pass :  1   Iteration :   0  ||B r|| = 1.49761e-06 ...
   Pass :  1   Iteration :   1  ||B r|| = 8.83752e-07
norm(r_0) 0
norm(r_1) 0
norm(r_2) 0
norm(r_3) 5.928349e-06
norm(r_4) 0
Newton iteration  1 : ||r|| = 5.92835e-06, ||r||/||r_0|| = 0.576644
Setting time step: 0.68020092 in DGTransportTDO
Setting time step: 0.68020092 in CombinedOp
Setting time step: 0.68020092 in IonStaticPressureOp
norm(r_0) 0
norm(r_1) 0
norm(r_2) 0
norm(r_3) 1.1527587e-05
norm(r_4) 0
Newton iteration  0 : ||r|| = 1.15276e-05
   Pass :  1   Iteration :   0  ||B r|| = 1.47184e-06 ...
   Pass :  1   Iteration :   1  ||B r|| = 7.17614e-07
norm(r_0) 0
norm(r_1) 0
norm(r_2) 0
norm(r_3) 7.5449198e-06
norm(r_4) 0
Newton iteration  1 : ||r|| = 7.54492e-06, ||r||/||r_0|| = 0.65451
Setting time step: 0.68020092 in DGTransportTDO
Setting time step: 0.68020092 in CombinedOp
Setting time step: 0.68020092 in IonStaticPressureOp
norm(r_0) 0
norm(r_1) 0
norm(r_2) 0
norm(r_3) 8.9905803e-06
norm(r_4) 0
Newton iteration  0 : ||r|| = 8.99058e-06
   Pass :  1   Iteration :   0  ||B r|| = 1.09625e-06 ...
   Pass :  1   Iteration :   1  ||B r|| = 7.42066e-07
norm(r_0) 0
norm(r_1) 0
norm(r_2) 0
norm(r_3) 8.0846286e-06
norm(r_4) 0
Newton iteration  1 : ||r|| = 8.08463e-06, ||r||/||r_0|| = 0.899233
Setting time step: 0.68020092 in DGTransportTDO
Setting time step: 0.68020092 in CombinedOp
Setting time step: 0.68020092 in IonStaticPressureOp
norm(r_0) 0
norm(r_1) 0
norm(r_2) 0
norm(r_3) 6.8752416e-06
norm(r_4) 0
Newton iteration  0 : ||r|| = 6.87524e-06
   Pass :  1   Iteration :   0  ||B r|| = 9.32284e-07
norm(r_0) 0
norm(r_1) 0
norm(r_2) 0
norm(r_3) 6.8752416e-06
norm(r_4) 0
Newton iteration  1 : ||r|| = 6.87524e-06, ||r||/||r_0|| = 1
Setting time step: 0.68020092 in DGTransportTDO
Setting time step: 0.68020092 in CombinedOp
Setting time step: 0.68020092 in IonStaticPressureOp
norm(r_0) 0
norm(r_1) 0
norm(r_2) 0
norm(r_3) 0.00032044062
norm(r_4) 0
Newton iteration  0 : ||r|| = 0.000320441
   Pass :  1   Iteration :   0  ||B r|| = 1.57293e-05 ...
   Pass :  1   Iteration :   2  ||B r|| = 8.72647e-07
norm(r_0) 0
norm(r_1) 0
norm(r_2) 0
norm(r_3) 4.2841784e-05
norm(r_4) 0
Newton iteration  1 : ||r|| = 4.28418e-05, ||r||/||r_0|| = 0.133696
Setting time step: 1.3604018 in DGTransportTDO
Setting time step: 1.3604018 in CombinedOp
Setting time step: 1.3604018 in IonStaticPressureOp
norm(r_0) 0
norm(r_1) 0
norm(r_2) 0
norm(r_3) 4.2841795e-05
norm(r_4) 0
Newton iteration  0 : ||r|| = 4.28418e-05
   Pass :  1   Iteration :   0  ||B r|| = 4.35777e-07
norm(r_0) 0
norm(r_1) 0
norm(r_2) 0
norm(r_3) 4.2841795e-05
norm(r_4) 0
Newton iteration  1 : ||r|| = 4.28418e-05, ||r||/||r_0|| = 1
Setting time step: 1.3604018 in DGTransportTDO
Setting time step: 1.3604018 in CombinedOp
Setting time step: 1.3604018 in IonStaticPressureOp
norm(r_0) 0
norm(r_1) 0
norm(r_2) 0
norm(r_3) 4.2841795e-05
norm(r_4) 0
Newton iteration  0 : ||r|| = 4.28418e-05
   Pass :  1   Iteration :   0  ||B r|| = 4.35777e-07
norm(r_0) 0
norm(r_1) 0
norm(r_2) 0
norm(r_3) 4.2841795e-05
norm(r_4) 0
Newton iteration  1 : ||r|| = 4.28418e-05, ||r||/||r_0|| = 1
Setting time step: 1.3604018 in DGTransportTDO
Setting time step: 1.3604018 in CombinedOp
Setting time step: 1.3604018 in IonStaticPressureOp
norm(r_0) 0
norm(r_1) 0
norm(r_2) 0
norm(r_3) 4.2841795e-05
norm(r_4) 0
Newton iteration  0 : ||r|| = 4.28418e-05
   Pass :  1   Iteration :   0  ||B r|| = 4.35777e-07
norm(r_0) 0
norm(r_1) 0
norm(r_2) 0
norm(r_3) 4.2841795e-05
norm(r_4) 0
Newton iteration  1 : ||r|| = 4.28418e-05, ||r||/||r_0|| = 1
Setting time step: 1.3604018 in DGTransportTDO
Setting time step: 1.3604018 in CombinedOp
Setting time step: 1.3604018 in IonStaticPressureOp
norm(r_0) 0
norm(r_1) 0
norm(r_2) 0
norm(r_3) 4.2841795e-05
norm(r_4) 0
Newton iteration  0 : ||r|| = 4.28418e-05
   Pass :  1   Iteration :   0  ||B r|| = 4.35777e-07
norm(r_0) 0
norm(r_1) 0
norm(r_2) 0
norm(r_3) 4.2841795e-05
norm(r_4) 0
Newton iteration  1 : ||r|| = 4.28418e-05, ||r||/||r_0|| = 1
Setting time step: 1.3604018 in DGTransportTDO
Setting time step: 1.3604018 in CombinedOp
Setting time step: 1.3604018 in IonStaticPressureOp
norm(r_0) 0
norm(r_1) 0
norm(r_2) 0
norm(r_3) 4.2841795e-05
norm(r_4) 0
Newton iteration  0 : ||r|| = 4.28418e-05
   Pass :  1   Iteration :   0  ||B r|| = 4.35777e-07
norm(r_0) 0
norm(r_1) 0
norm(r_2) 0
norm(r_3) 4.2841795e-05
norm(r_4) 0
Newton iteration  1 : ||r|| = 4.28418e-05, ||r||/||r_0|| = 1
Time stepping paused at t = 11.096527
Steady State solution has been reached

Time stepping done after 85.380107s.
