Options used:
   --mesh ../../mfem/data/inline-quad.mesh
   --bc-file /home/gz6/mfem-analysis/input-files/transport2d_bcs.inp
   --ic-file /home/gz6/mfem-analysis/input-files/transport2d_ics.inp
   --ec-file /home/gz6/mfem-analysis/input-files/transport2d_ecs.inp
   --es-file /home/gz6/mfem-analysis/input-files/transport2d_ess.inp
   --eqdsk-file 
   --logging 1
   --operator-test 8
   --equation-weights '1 1 1 1 1'
   --problem 0
   --refine-serial 0
   --refine-parallel 0
   --disable-amr
   --max-err -1
   --hysteresis 0.25
   --nc-limit 3
   --amr-weights '1 1 1 1 1'
   --order 5
   --dg-sigma -1
   --dg-kappa 200
   --linear-abs-tolerance 1e-06
   --linear-rel-tolerance 1e-06
   --linear-max-iterations 300
   --linear-logging-level 3
   --newton-abs-tolerance 1e-10
   --newton-rel-tolerance 1e-10
   --newton-max-iterations 1
   --newton-logging-level 1
   --steady-state-abs-tolerance 1e-08
   --steady-state-rel-tolerance 1e-08
   --prec-type 1
   --prec-logging-level 0
   --initial-tolerance 1e-05
   --ode-tolerance 0.001
   --ode-solver 2
   --err-per-step
   --ode-weights '1 1 1 1 1'
   --kP 0
   --kI 0.6
   --kD 0
   --dead-zone-min 0.95
   --dead-zone-max 1.05
   --theta-max 2
   --t-minimum 0
   --t-final 200
   --time-step 0.01
   --cfl-number 0.3
   --ion-charge 1
   --ion-mass 2.01410178
   --neutral-mass 2.01410178
   --neutral-temp 3
   --min-neutral-density 900000000000000
   --max-neutral-density 1000000000000000
   --neutral-density-exp 0
   --min-ion-density 1e+16
   --max-ion-density 1e+18
   --ion-density-exp 0
   --min-ion-temp 1
   --max-ion-temp 10
   --ion-temp-exp 0
   --min-electron-temp 10
   --max-electron-temp 440
   --electron-temp-exp 0
   --total-B-magnitude 5
   --poloidal-B-magnitude 0.5
   --velocity 1000
   --Di-perp 1
   --Xi-perp 1
   --Xe-perp 1
   --equation-term-flags '-1 -1 -1 -1 -1'
   --visualization-flags '-1 -1 -1 -1 -1'
   --visualization
   --visit-datafiles
   --ascii-datafiles
   --no-check-gradient
   --visualization-steps 4
Device configuration: cpu
Memory configuration: host-std
Number of elements in initial mesh: 16
5: Number of elements in parallel mesh: 1
5: Number of elements after parallel refinement: 1
6: Number of elements in parallel mesh: 1
6: Number of elements after parallel refinement: 1
Number of elements after serial refinement: 16
15: Number of elements in parallel mesh: 1
15: Number of elements after parallel refinement: 1
14: Number of elements in parallel mesh: 1
14: Number of elements after parallel refinement: 1
13: Number of elements in parallel mesh: 1
13: Number of elements after parallel refinement: 1
4: Number of elements in parallel mesh: 1
4: Number of elements after parallel refinement: 1
8: Number of elements in parallel mesh: 1
8: Number of elements after parallel refinement: 1
10: Number of elements in parallel mesh: 1
10: Number of elements after parallel refinement: 1
12: Number of elements in parallel mesh: 1
12: Number of elements after parallel refinement: 1
7: Number of elements in parallel mesh: 1
7: Number of elements after parallel refinement: 1
9: Number of elements in parallel mesh: 1
9: Number of elements after parallel refinement: 1
11: Number of elements in parallel mesh: 1
11: Number of elements after parallel refinement: 1
1: Number of elements in parallel mesh: 1
1: Number of elements after parallel refinement: 1
3: Number of elements in parallel mesh: 1
3: Number of elements after parallel refinement: 1
0: Number of elements in parallel mesh: 1
0: Number of elements after parallel refinement: 1
2: Number of elements in parallel mesh: 1
2: Number of elements after parallel refinement: 1
Configuring initial conditions
Reading initial conditions from /home/gz6/mfem-analysis/input-files/transport2d_ics.inp
Configuring exact solutions
Reading exact solutions from /home/gz6/mfem-analysis/input-files/transport2d_ess.inp
Number of unknowns per field: 576
Total number of unknowns:     2880
Configuring boundary conditions
Reading boundary conditions from /home/gz6/mfem-analysis/input-files/transport2d_bcs.inp
Configuring equation coefficients
Reading equation coefficients from /home/gz6/mfem-analysis/input-files/transport2d_ecs.inp
Ion Static Pressure: Adding time derivative term proportional to d n_i / dt
Ion Static Pressure: Adding time derivative term proportional to d T_i / dt
Ion Static Pressure: Adding anisotropic diffusion term
Ion Static Pressure: Adding source term
Opening GLVis sockets.
Range of error estimates for initial condition: 1.884818709912037e-16 < elem err < 2.467805169881815e-16

Begin time stepping at t = 0
Setting time step: 0.0025 in DGTransportTDO
Setting time step: 0.0025 in CombinedOp
Setting time step: 0.0025 in IonStaticPressureOp
norm(r_0) 0
norm(r_1) 0
norm(r_2) 0
norm(r_3) 0.4668871193070882
norm(r_4) 0
Newton iteration  0 : ||r|| = 0.466887
   Pass :  1   Iteration :   0  ||B r|| = 20.2131 ...
   Pass :  6   Iteration : 300  ||B r|| = 2.12995e-05
GMRES: No convergence!
norm(r_0) 0
norm(r_1) 0
norm(r_2) 0
norm(r_3) 25.04236542487581
norm(r_4) 0
Newton iteration  1 : ||r|| = 25.0424, ||r||/||r_0|| = 53.6369
Setting time step: 0.0025 in DGTransportTDO
Setting time step: 0.0025 in CombinedOp
Setting time step: 0.0025 in IonStaticPressureOp
norm(r_0) 0
norm(r_1) 0
norm(r_2) 0
norm(r_3) 50.08025361377955
norm(r_4) 0
Newton iteration  0 : ||r|| = 50.0803
   Pass :  1   Iteration :   0  ||B r|| = 13.8962 ...
   Pass :  6   Iteration : 300  ||B r|| = 2.67776e-05
GMRES: No convergence!
norm(r_0) 0
norm(r_1) 0
norm(r_2) 0
norm(r_3) 30.57474236387157
norm(r_4) 0
Newton iteration  1 : ||r|| = 30.5747, ||r||/||r_0|| = 0.610515
Setting time step: 0.0025 in DGTransportTDO
Setting time step: 0.0025 in CombinedOp
Setting time step: 0.0025 in IonStaticPressureOp
norm(r_0) 0
norm(r_1) 0
norm(r_2) 0
norm(r_3) 37.53556496450328
norm(r_4) 0
Newton iteration  0 : ||r|| = 37.5356
   Pass :  1   Iteration :   0  ||B r|| = 4.85306 ...
   Pass :  6   Iteration : 300  ||B r|| = 2.52211e-05
GMRES: No convergence!
norm(r_0) 0
norm(r_1) 0
norm(r_2) 0
norm(r_3) 29.52839626782678
norm(r_4) 0
Newton iteration  1 : ||r|| = 29.5284, ||r||/||r_0|| = 0.786678
Setting time step: 0.0025 in DGTransportTDO
Setting time step: 0.0025 in CombinedOp
Setting time step: 0.0025 in IonStaticPressureOp
norm(r_0) 0
norm(r_1) 0
norm(r_2) 0
norm(r_3) 30.42376619725542
norm(r_4) 0
Newton iteration  0 : ||r|| = 30.4238
   Pass :  1   Iteration :   0  ||B r|| = 0.302859 ...
   Pass :  6   Iteration : 300  ||B r|| = 2.44581e-05
GMRES: No convergence!
norm(r_0) 0
norm(r_1) 0
norm(r_2) 0
norm(r_3) 28.70834786092544
norm(r_4) 0
Newton iteration  1 : ||r|| = 28.7083, ||r||/||r_0|| = 0.943616
Setting time step: 0.0025 in DGTransportTDO
Setting time step: 0.0025 in CombinedOp
Setting time step: 0.0025 in IonStaticPressureOp
norm(r_0) 0
norm(r_1) 0
norm(r_2) 0
norm(r_3) 413.3182363144131
norm(r_4) 0
Newton iteration  0 : ||r|| = 413.318
   Pass :  1   Iteration :   0  ||B r|| = 21.8401 ...
   Pass :  6   Iteration : 300  ||B r|| = 2.27053e-05
GMRES: No convergence!
norm(r_0) 0
norm(r_1) 0
norm(r_2) 0
norm(r_3) 23.27645374893456
norm(r_4) 0
Newton iteration  1 : ||r|| = 23.2765, ||r||/||r_0|| = 0.0563161
Setting time step: 0.001079901644340111 in DGTransportTDO
Setting time step: 0.001079901644340111 in CombinedOp
Setting time step: 0.001079901644340111 in IonStaticPressureOp
norm(r_0) 0
norm(r_1) 0
norm(r_2) 0
norm(r_3) 0.4668871193070882
norm(r_4) 0
Newton iteration  0 : ||r|| = 0.466887
   Pass :  1   Iteration :   0  ||B r|| = 38.7475 ...
   Pass :  6   Iteration : 300  ||B r|| = 4.32677e-05
GMRES: No convergence!
norm(r_0) 0
norm(r_1) 0
norm(r_2) 0
norm(r_3) 19.27888765502914
norm(r_4) 0
Newton iteration  1 : ||r|| = 19.2789, ||r||/||r_0|| = 41.2924
Setting time step: 0.001079901644340111 in DGTransportTDO
Setting time step: 0.001079901644340111 in CombinedOp
Setting time step: 0.001079901644340111 in IonStaticPressureOp
norm(r_0) 0
norm(r_1) 0
norm(r_2) 0
norm(r_3) 38.55128740069204
norm(r_4) 0
Newton iteration  0 : ||r|| = 38.5513
   Pass :  1   Iteration :   0  ||B r|| = 15.523 ...
   Pass :  6   Iteration : 300  ||B r|| = 6.35524e-05
GMRES: No convergence!
norm(r_0) 0
norm(r_1) 0
norm(r_2) 0
norm(r_3) 29.26928321286395
norm(r_4) 0
Newton iteration  1 : ||r|| = 29.2693, ||r||/||r_0|| = 0.75923
Setting time step: 0.001079901644340111 in DGTransportTDO
Setting time step: 0.001079901644340111 in CombinedOp
Setting time step: 0.001079901644340111 in IonStaticPressureOp
norm(r_0) 0
norm(r_1) 0
norm(r_2) 0
norm(r_3) 28.37392655473684
norm(r_4) 0
Newton iteration  0 : ||r|| = 28.3739
   Pass :  1   Iteration :   0  ||B r|| = 0.112589 ...
   Pass :  6   Iteration : 300  ||B r|| = 5.74742e-05
GMRES: No convergence!
norm(r_0) 0
norm(r_1) 0
norm(r_2) 0
norm(r_3) 24.55230886141129
norm(r_4) 0
Newton iteration  1 : ||r|| = 24.5523, ||r||/||r_0|| = 0.865312
Setting time step: 0.001079901644340111 in DGTransportTDO
Setting time step: 0.001079901644340111 in CombinedOp
Setting time step: 0.001079901644340111 in IonStaticPressureOp
norm(r_0) 0
norm(r_1) 0
norm(r_2) 0
norm(r_3) 23.31816217114391
norm(r_4) 0
Newton iteration  0 : ||r|| = 23.3182
   Pass :  1   Iteration :   0  ||B r|| = 6.95082 ...
   Pass :  6   Iteration : 300  ||B r|| = 5.49169e-05
GMRES: No convergence!
norm(r_0) 0
norm(r_1) 0
norm(r_2) 0
norm(r_3) 28.72136109863516
norm(r_4) 0
Newton iteration  1 : ||r|| = 28.7214, ||r||/||r_0|| = 1.23172
Setting time step: 0.001079901644340111 in DGTransportTDO
Setting time step: 0.001079901644340111 in CombinedOp
Setting time step: 0.001079901644340111 in IonStaticPressureOp
norm(r_0) 0
norm(r_1) 0
norm(r_2) 0
norm(r_3) 552.7133643986763
norm(r_4) 0
Newton iteration  0 : ||r|| = 552.713
   Pass :  1   Iteration :   0  ||B r|| = 16.1514 ...
   Pass :  6   Iteration : 300  ||B r|| = 5.28847e-05
GMRES: No convergence!
norm(r_0) 0
norm(r_1) 0
norm(r_2) 0
norm(r_3) 30.71142229021267
norm(r_4) 0
Newton iteration  1 : ||r|| = 30.7114, ||r||/||r_0|| = 0.0555648
Setting time step: 0.0007471556877120726 in DGTransportTDO
Setting time step: 0.0007471556877120726 in CombinedOp
Setting time step: 0.0007471556877120726 in IonStaticPressureOp
norm(r_0) 0
norm(r_1) 0
norm(r_2) 0
norm(r_3) 0.4668871193070882
norm(r_4) 0
Newton iteration  0 : ||r|| = 0.466887
   Pass :  1   Iteration :   0  ||B r|| = 49.3505 ...
   Pass :  6   Iteration : 300  ||B r|| = 5.66126e-05
GMRES: No convergence!
norm(r_0) 0
norm(r_1) 0
norm(r_2) 0
norm(r_3) 18.164959513114
norm(r_4) 0
Newton iteration  1 : ||r|| = 18.165, ||r||/||r_0|| = 38.9065
Setting time step: 0.0007471556877120726 in DGTransportTDO
Setting time step: 0.0007471556877120726 in CombinedOp
Setting time step: 0.0007471556877120726 in IonStaticPressureOp
norm(r_0) 0
norm(r_1) 0
norm(r_2) 0
norm(r_3) 36.32282343994673
norm(r_4) 0
Newton iteration  0 : ||r|| = 36.3228
   Pass :  1   Iteration :   0  ||B r|| = 11.6663 ...
   Pass :  6   Iteration : 300  ||B r|| = 9.03703e-05
GMRES: No convergence!
norm(r_0) 0
norm(r_1) 0
norm(r_2) 0
norm(r_3) 24.70817367669226
norm(r_4) 0
Newton iteration  1 : ||r|| = 24.7082, ||r||/||r_0|| = 0.680238
Setting time step: 0.0007471556877120726 in DGTransportTDO
Setting time step: 0.0007471556877120726 in CombinedOp
Setting time step: 0.0007471556877120726 in IonStaticPressureOp
norm(r_0) 0
norm(r_1) 0
norm(r_2) 0
norm(r_3) 27.14817371188075
norm(r_4) 0
Newton iteration  0 : ||r|| = 27.1482
   Pass :  1   Iteration :   0  ||B r|| = 6.71216 ...
   Pass :  6   Iteration : 300  ||B r|| = 8.03457e-05
GMRES: No convergence!
norm(r_0) 0
norm(r_1) 0
norm(r_2) 0
norm(r_3) 24.26234636402054
norm(r_4) 0
Newton iteration  1 : ||r|| = 24.2623, ||r||/||r_0|| = 0.893701
Setting time step: 0.0007471556877120726 in DGTransportTDO
Setting time step: 0.0007471556877120726 in CombinedOp
Setting time step: 0.0007471556877120726 in IonStaticPressureOp
norm(r_0) 0
norm(r_1) 0
norm(r_2) 0
norm(r_3) 22.44350942659025
norm(r_4) 0
Newton iteration  0 : ||r|| = 22.4435
   Pass :  1   Iteration :   0  ||B r|| = 14.1636 ...
   Pass :  6   Iteration : 300  ||B r|| = 7.66577e-05
GMRES: No convergence!
norm(r_0) 0
norm(r_1) 0
norm(r_2) 0
norm(r_3) 23.8144370777737
norm(r_4) 0
Newton iteration  1 : ||r|| = 23.8144, ||r||/||r_0|| = 1.06108
Setting time step: 0.0007471556877120726 in DGTransportTDO
Setting time step: 0.0007471556877120726 in CombinedOp
Setting time step: 0.0007471556877120726 in IonStaticPressureOp
norm(r_0) 0
norm(r_1) 0
norm(r_2) 0
norm(r_3) 319.9444345655997
norm(r_4) 0
Newton iteration  0 : ||r|| = 319.944
   Pass :  1   Iteration :   0  ||B r|| = 10.5716 ...
   Pass :  6   Iteration : 300  ||B r|| = 7.889e-05
GMRES: No convergence!
norm(r_0) 0
norm(r_1) 0
norm(r_2) 0
norm(r_3) 27.26996754857525
norm(r_4) 0
Newton iteration  1 : ||r|| = 27.27, ||r||/||r_0|| = 0.0852334
Setting time step: 0.0006885071132524669 in DGTransportTDO
Setting time step: 0.0006885071132524669 in CombinedOp
Setting time step: 0.0006885071132524669 in IonStaticPressureOp
norm(r_0) 0
norm(r_1) 0
norm(r_2) 0
norm(r_3) 27.26982410322303
norm(r_4) 0
Newton iteration  0 : ||r|| = 27.2698
   Pass :  1   Iteration :   0  ||B r|| = 4.42666 ...
   Pass :  6   Iteration : 300  ||B r|| = 8.62131e-05
GMRES: No convergence!
norm(r_0) 0
norm(r_1) 0
norm(r_2) 0
norm(r_3) 28.37154499212916
norm(r_4) 0
Newton iteration  1 : ||r|| = 28.3715, ||r||/||r_0|| = 1.0404
Setting time step: 0.0006885071132524669 in DGTransportTDO
Setting time step: 0.0006885071132524669 in CombinedOp
Setting time step: 0.0006885071132524669 in IonStaticPressureOp
norm(r_0) 0
norm(r_1) 0
norm(r_2) 0
norm(r_3) 34.59933065901311
norm(r_4) 0
Newton iteration  0 : ||r|| = 34.5993
   Pass :  1   Iteration :   0  ||B r|| = 0.885718 ...
   Pass :  6   Iteration : 300  ||B r|| = 8.94493e-05
GMRES: No convergence!
norm(r_0) 0
norm(r_1) 0
norm(r_2) 0
norm(r_3) 29.04705533011006
norm(r_4) 0
Newton iteration  1 : ||r|| = 29.0471, ||r||/||r_0|| = 0.839527
Setting time step: 0.0006885071132524669 in DGTransportTDO
Setting time step: 0.0006885071132524669 in CombinedOp
Setting time step: 0.0006885071132524669 in IonStaticPressureOp
norm(r_0) 0
norm(r_1) 0
norm(r_2) 0
norm(r_3) 31.12471326859382
norm(r_4) 0
Newton iteration  0 : ||r|| = 31.1247
   Pass :  1   Iteration :   0  ||B r|| = 0.729619 ...
   Pass :  6   Iteration : 300  ||B r|| = 8.81204e-05
GMRES: No convergence!
norm(r_0) 0
norm(r_1) 0
norm(r_2) 0
norm(r_3) 29.82587029427783
norm(r_4) 0
Newton iteration  1 : ||r|| = 29.8259, ||r||/||r_0|| = 0.95827
Setting time step: 0.0006885071132524669 in DGTransportTDO
Setting time step: 0.0006885071132524669 in CombinedOp
Setting time step: 0.0006885071132524669 in IonStaticPressureOp
norm(r_0) 0
norm(r_1) 0
norm(r_2) 0
norm(r_3) 29.62468842069083
norm(r_4) 0
Newton iteration  0 : ||r|| = 29.6247
   Pass :  1   Iteration :   0  ||B r|| = 1.37423 ...
   Pass :  6   Iteration : 300  ||B r|| = 8.77422e-05
GMRES: No convergence!
norm(r_0) 0
norm(r_1) 0
norm(r_2) 0
norm(r_3) 29.12723477974624
norm(r_4) 0
Newton iteration  1 : ||r|| = 29.1272, ||r||/||r_0|| = 0.983208
Setting time step: 0.0006885071132524669 in DGTransportTDO
Setting time step: 0.0006885071132524669 in CombinedOp
Setting time step: 0.0006885071132524669 in IonStaticPressureOp
norm(r_0) 0
norm(r_1) 0
norm(r_2) 0
norm(r_3) 149.9799653778518
norm(r_4) 0
Newton iteration  0 : ||r|| = 149.98
   Pass :  1   Iteration :   0  ||B r|| = 0.832364 ...
   Pass :  6   Iteration : 300  ||B r|| = 8.88869e-05
GMRES: No convergence!
norm(r_0) 0
norm(r_1) 0
norm(r_2) 0
norm(r_3) 25.1971649809178
norm(r_4) 0
Newton iteration  1 : ||r|| = 25.1972, ||r||/||r_0|| = 0.168004
Setting time step: 0.001377014226504934 in DGTransportTDO
Setting time step: 0.001377014226504934 in CombinedOp
Setting time step: 0.001377014226504934 in IonStaticPressureOp
norm(r_0) 0
norm(r_1) 0
norm(r_2) 0
norm(r_3) 25.19714345314255
norm(r_4) 0
Newton iteration  0 : ||r|| = 25.1971
   Pass :  1   Iteration :   0  ||B r|| = 0.214767 ...
   Pass :  6   Iteration : 300  ||B r|| = 4.44239e-05
GMRES: No convergence!
norm(r_0) 0
norm(r_1) 0
norm(r_2) 0
norm(r_3) 25.73984175377624
norm(r_4) 0
Newton iteration  1 : ||r|| = 25.7398, ||r||/||r_0|| = 1.02154
Setting time step: 0.001377014226504934 in DGTransportTDO
Setting time step: 0.001377014226504934 in CombinedOp
Setting time step: 0.001377014226504934 in IonStaticPressureOp
norm(r_0) 0
norm(r_1) 0
norm(r_2) 0
norm(r_3) 26.45659763000321
norm(r_4) 0
Newton iteration  0 : ||r|| = 26.4566
   Pass :  1   Iteration :   0  ||B r|| = 0.11074 ...
   Pass :  6   Iteration : 300  ||B r|| = 4.44694e-05
GMRES: No convergence!
norm(r_0) 0
norm(r_1) 0
norm(r_2) 0
norm(r_3) 26.29642560031399
norm(r_4) 0
Newton iteration  1 : ||r|| = 26.2964, ||r||/||r_0|| = 0.993946
Setting time step: 0.001377014226504934 in DGTransportTDO
Setting time step: 0.001377014226504934 in CombinedOp
Setting time step: 0.001377014226504934 in IonStaticPressureOp
norm(r_0) 0
norm(r_1) 0
norm(r_2) 0
norm(r_3) 26.00537972702766
norm(r_4) 0
Newton iteration  0 : ||r|| = 26.0054
   Pass :  1   Iteration :   0  ||B r|| = 0.019821 ...
   Pass :  6   Iteration : 300  ||B r|| = 4.44635e-05
GMRES: No convergence!
norm(r_0) 0
norm(r_1) 0
norm(r_2) 0
norm(r_3) 25.93031247772926
norm(r_4) 0
Newton iteration  1 : ||r|| = 25.9303, ||r||/||r_0|| = 0.997113
Setting time step: 0.001377014226504934 in DGTransportTDO
Setting time step: 0.001377014226504934 in CombinedOp
Setting time step: 0.001377014226504934 in IonStaticPressureOp
norm(r_0) 0
norm(r_1) 0
norm(r_2) 0
norm(r_3) 25.81919073544279
norm(r_4) 0
Newton iteration  0 : ||r|| = 25.8192
   Pass :  1   Iteration :   0  ||B r|| = 0.022182 ...
   Pass :  6   Iteration : 300  ||B r|| = 4.44726e-05
GMRES: No convergence!
norm(r_0) 0
norm(r_1) 0
norm(r_2) 0
norm(r_3) 25.82321876675749
norm(r_4) 0
Newton iteration  1 : ||r|| = 25.8232, ||r||/||r_0|| = 1.00016
Setting time step: 0.001377014226504934 in DGTransportTDO
Setting time step: 0.001377014226504934 in CombinedOp
Setting time step: 0.001377014226504934 in IonStaticPressureOp
norm(r_0) 0
norm(r_1) 0
norm(r_2) 0
norm(r_3) 26.99964961545632
norm(r_4) 0
Newton iteration  0 : ||r|| = 26.9996
   Pass :  1   Iteration :   0  ||B r|| = 0.135227 ...
   Pass :  6   Iteration : 300  ||B r|| = 4.44876e-05
GMRES: No convergence!
norm(r_0) 0
norm(r_1) 0
norm(r_2) 0
norm(r_3) 26.29857109087396
norm(r_4) 0
Newton iteration  1 : ||r|| = 26.2986, ||r||/||r_0|| = 0.974034
Setting time step: 0.002754028453009867 in DGTransportTDO
Setting time step: 0.002754028453009867 in CombinedOp
Setting time step: 0.002754028453009867 in IonStaticPressureOp
norm(r_0) 0
norm(r_1) 0
norm(r_2) 0
norm(r_3) 26.29856743375797
norm(r_4) 0
Newton iteration  0 : ||r|| = 26.2986
   Pass :  1   Iteration :   0  ||B r|| = 0.0210012 ...
   Pass :  6   Iteration : 300  ||B r|| = 2.22602e-05
GMRES: No convergence!
norm(r_0) 0
norm(r_1) 0
norm(r_2) 0
norm(r_3) 26.34947875734327
norm(r_4) 0
Newton iteration  1 : ||r|| = 26.3495, ||r||/||r_0|| = 1.00194
Setting time step: 0.002754028453009867 in DGTransportTDO
Setting time step: 0.002754028453009867 in CombinedOp
Setting time step: 0.002754028453009867 in IonStaticPressureOp
norm(r_0) 0
norm(r_1) 0
norm(r_2) 0
norm(r_3) 26.40330338593055
norm(r_4) 0
Newton iteration  0 : ||r|| = 26.4033
   Pass :  1   Iteration :   0  ||B r|| = 0.0149385 ...
   Pass :  6   Iteration : 300  ||B r|| = 2.22674e-05
GMRES: No convergence!
norm(r_0) 0
norm(r_1) 0
norm(r_2) 0
norm(r_3) 26.36298058236401
norm(r_4) 0
Newton iteration  1 : ||r|| = 26.363, ||r||/||r_0|| = 0.998473
Setting time step: 0.002754028453009867 in DGTransportTDO
Setting time step: 0.002754028453009867 in CombinedOp
Setting time step: 0.002754028453009867 in IonStaticPressureOp
norm(r_0) 0
norm(r_1) 0
norm(r_2) 0
norm(r_3) 26.37506079727563
norm(r_4) 0
Newton iteration  0 : ||r|| = 26.3751
   Pass :  1   Iteration :   0  ||B r|| = 0.00549687 ...
   Pass :  6   Iteration : 300  ||B r|| = 2.22658e-05
GMRES: No convergence!
norm(r_0) 0
norm(r_1) 0
norm(r_2) 0
norm(r_3) 26.35499966172017
norm(r_4) 0
Newton iteration  1 : ||r|| = 26.355, ||r||/||r_0|| = 0.999239
Setting time step: 0.002754028453009867 in DGTransportTDO
Setting time step: 0.002754028453009867 in CombinedOp
Setting time step: 0.002754028453009867 in IonStaticPressureOp
norm(r_0) 0
norm(r_1) 0
norm(r_2) 0
norm(r_3) 26.36021953595052
norm(r_4) 0
Newton iteration  0 : ||r|| = 26.3602
   Pass :  1   Iteration :   0  ||B r|| = 0.000673076 ...
   Pass :  6   Iteration : 300  ||B r|| = 2.22648e-05
GMRES: No convergence!
norm(r_0) 0
norm(r_1) 0
norm(r_2) 0
norm(r_3) 26.35280269132492
norm(r_4) 0
Newton iteration  1 : ||r|| = 26.3528, ||r||/||r_0|| = 0.999719
Setting time step: 0.002754028453009867 in DGTransportTDO
Setting time step: 0.002754028453009867 in CombinedOp
Setting time step: 0.002754028453009867 in IonStaticPressureOp
norm(r_0) 0
norm(r_1) 0
norm(r_2) 0
norm(r_3) 26.27299729443313
norm(r_4) 0
Newton iteration  0 : ||r|| = 26.273
   Pass :  1   Iteration :   0  ||B r|| = 0.0249678 ...
   Pass :  6   Iteration : 300  ||B r|| = 2.22789e-05
GMRES: No convergence!
norm(r_0) 0
norm(r_1) 0
norm(r_2) 0
norm(r_3) 26.33554570867478
norm(r_4) 0
Newton iteration  1 : ||r|| = 26.3355, ||r||/||r_0|| = 1.00238
Time stepping paused at t = 0.02226682192191736

Estimating errors.
Setting time step: 0.005508056906019735 in DGTransportTDO
Setting time step: 0.005508056906019735 in CombinedOp
Setting time step: 0.005508056906019735 in IonStaticPressureOp
norm(r_0) 0
norm(r_1) 0
norm(r_2) 0
norm(r_3) 26.33554495960293
norm(r_4) 0
Newton iteration  0 : ||r|| = 26.3355
   Pass :  1   Iteration :   0  ||B r|| = 0.00187351 ...
   Pass :  6   Iteration : 300  ||B r|| = 1.11444e-05
GMRES: No convergence!
norm(r_0) 0
norm(r_1) 0
norm(r_2) 0
norm(r_3) 26.3417567617617
norm(r_4) 0
Newton iteration  1 : ||r|| = 26.3418, ||r||/||r_0|| = 1.00024
Setting time step: 0.005508056906019735 in DGTransportTDO
Setting time step: 0.005508056906019735 in CombinedOp
Setting time step: 0.005508056906019735 in IonStaticPressureOp
norm(r_0) 0
norm(r_1) 0
norm(r_2) 0
norm(r_3) 26.34917902154338
norm(r_4) 0
Newton iteration  0 : ||r|| = 26.3492
   Pass :  1   Iteration :   0  ||B r|| = 0.00160221 ...
   Pass :  6   Iteration : 300  ||B r|| = 1.1141e-05
GMRES: No convergence!
norm(r_0) 0
norm(r_1) 0
norm(r_2) 0
norm(r_3) 26.47064206100913
norm(r_4) 0
Newton iteration  1 : ||r|| = 26.4706, ||r||/||r_0|| = 1.00461
Setting time step: 0.005508056906019735 in DGTransportTDO
Setting time step: 0.005508056906019735 in CombinedOp
Setting time step: 0.005508056906019735 in IonStaticPressureOp
norm(r_0) 0
norm(r_1) 0
norm(r_2) 0
norm(r_3) 26.35263996672678
norm(r_4) 0
Newton iteration  0 : ||r|| = 26.3526
   Pass :  1   Iteration :   0  ||B r|| = 0.000693492 ...
   Pass :  6   Iteration : 300  ||B r|| = 1.11415e-05
GMRES: No convergence!
norm(r_0) 0
norm(r_1) 0
norm(r_2) 0
norm(r_3) 26.45716040341253
norm(r_4) 0
Newton iteration  1 : ||r|| = 26.4572, ||r||/||r_0|| = 1.00397
Setting time step: 0.005508056906019735 in DGTransportTDO
Setting time step: 0.005508056906019735 in CombinedOp
Setting time step: 0.005508056906019735 in IonStaticPressureOp
norm(r_0) 0
norm(r_1) 0
norm(r_2) 0
norm(r_3) 26.34558987454565
norm(r_4) 0
Newton iteration  0 : ||r|| = 26.3456
   Pass :  1   Iteration :   0  ||B r|| = 0.000235277 ...
   Pass :  6   Iteration : 300  ||B r|| = 1.11493e-05
GMRES: No convergence!
norm(r_0) 0
norm(r_1) 0
norm(r_2) 0
norm(r_3) 26.35459642643814
norm(r_4) 0
Newton iteration  1 : ||r|| = 26.3546, ||r||/||r_0|| = 1.00034
Setting time step: 0.005508056906019735 in DGTransportTDO
Setting time step: 0.005508056906019735 in CombinedOp
Setting time step: 0.005508056906019735 in IonStaticPressureOp
norm(r_0) 0
norm(r_1) 0
norm(r_2) 0
norm(r_3) 57.62510936508468
norm(r_4) 0
Newton iteration  0 : ||r|| = 57.6251
   Pass :  1   Iteration :   0  ||B r|| = 0.00173407 ...
   Pass :  6   Iteration : 300  ||B r|| = 1.10641e-05
GMRES: No convergence!
norm(r_0) 0
norm(r_1) 0
norm(r_2) 0
norm(r_3) 26.20846217625748
norm(r_4) 0
Newton iteration  1 : ||r|| = 26.2085, ||r||/||r_0|| = 0.45481
Setting time step: 0.01101611381203947 in DGTransportTDO
Setting time step: 0.01101611381203947 in CombinedOp
Setting time step: 0.01101611381203947 in IonStaticPressureOp
norm(r_0) 0
norm(r_1) 0
norm(r_2) 0
norm(r_3) 26.20846313171892
norm(r_4) 0
Newton iteration  0 : ||r|| = 26.2085
   Pass :  1   Iteration :   0  ||B r|| = 0.0021873 ...
   Pass :  6   Iteration : 300  ||B r|| = 5.50959e-06
GMRES: No convergence!
norm(r_0) 0
norm(r_1) 0
norm(r_2) 0
norm(r_3) 26.6115261646139
norm(r_4) 0
Newton iteration  1 : ||r|| = 26.6115, ||r||/||r_0|| = 1.01538
Setting time step: 0.01101611381203947 in DGTransportTDO
Setting time step: 0.01101611381203947 in CombinedOp
Setting time step: 0.01101611381203947 in IonStaticPressureOp
norm(r_0) 0
norm(r_1) 0
norm(r_2) 0
norm(r_3) 27.11515392076051
norm(r_4) 0
Newton iteration  0 : ||r|| = 27.1152
   Pass :  1   Iteration :   0  ||B r|| = 0.00202241 ...
   Pass :  6   Iteration : 300  ||B r|| = 5.49174e-06
GMRES: No convergence!
norm(r_0) 0
norm(r_1) 0
norm(r_2) 0
norm(r_3) 26.12965337984064
norm(r_4) 0
Newton iteration  1 : ||r|| = 26.1297, ||r||/||r_0|| = 0.963655
Setting time step: 0.01101611381203947 in DGTransportTDO
Setting time step: 0.01101611381203947 in CombinedOp
Setting time step: 0.01101611381203947 in IonStaticPressureOp
norm(r_0) 0
norm(r_1) 0
norm(r_2) 0
norm(r_3) 26.98975110802363
norm(r_4) 0
Newton iteration  0 : ||r|| = 26.9898
   Pass :  1   Iteration :   0  ||B r|| = 0.000994124 ...
   Pass :  6   Iteration : 300  ||B r|| = 5.49376e-06
GMRES: No convergence!
norm(r_0) 0
norm(r_1) 0
norm(r_2) 0
norm(r_3) 27.30353012325748
norm(r_4) 0
Newton iteration  1 : ||r|| = 27.3035, ||r||/||r_0|| = 1.01163
Setting time step: 0.01101611381203947 in DGTransportTDO
Setting time step: 0.01101611381203947 in CombinedOp
Setting time step: 0.01101611381203947 in IonStaticPressureOp
norm(r_0) 0
norm(r_1) 0
norm(r_2) 0
norm(r_3) 26.94292400776919
norm(r_4) 0
Newton iteration  0 : ||r|| = 26.9429
   Pass :  1   Iteration :   0  ||B r|| = 0.00040383 ...
   Pass :  6   Iteration : 300  ||B r|| = 5.48957e-06
GMRES: No convergence!
norm(r_0) 0
norm(r_1) 0
norm(r_2) 0
norm(r_3) 28.3325048377262
norm(r_4) 0
Newton iteration  1 : ||r|| = 28.3325, ||r||/||r_0|| = 1.05157
Setting time step: 0.01101611381203947 in DGTransportTDO
Setting time step: 0.01101611381203947 in CombinedOp
Setting time step: 0.01101611381203947 in IonStaticPressureOp
norm(r_0) 0
norm(r_1) 0
norm(r_2) 0
norm(r_3) 55.55738145708366
norm(r_4) 0
Newton iteration  0 : ||r|| = 55.5574
   Pass :  1   Iteration :   0  ||B r|| = 0.00345084 ...
   Pass :  6   Iteration : 300  ||B r|| = 5.68302e-06
GMRES: No convergence!
norm(r_0) 0
norm(r_1) 0
norm(r_2) 0
norm(r_3) 23.71724659256892
norm(r_4) 0
Newton iteration  1 : ||r|| = 23.7172, ||r||/||r_0|| = 0.426896
Setting time step: 0.02203222762407894 in DGTransportTDO
Setting time step: 0.02203222762407894 in CombinedOp
Setting time step: 0.02203222762407894 in IonStaticPressureOp
norm(r_0) 0
norm(r_1) 0
norm(r_2) 0
norm(r_3) 23.71724660639565
norm(r_4) 0
Newton iteration  0 : ||r|| = 23.7172
   Pass :  1   Iteration :   0  ||B r|| = 0.000314481 ...
   Pass :  6   Iteration : 300  ||B r|| = 2.80072e-06
GMRES: No convergence!
norm(r_0) 0
norm(r_1) 0
norm(r_2) 0
norm(r_3) 26.74579379712357
norm(r_4) 0
Newton iteration  1 : ||r|| = 26.7458, ||r||/||r_0|| = 1.12769
Setting time step: 0.02203222762407894 in DGTransportTDO
Setting time step: 0.02203222762407894 in CombinedOp
Setting time step: 0.02203222762407894 in IonStaticPressureOp
norm(r_0) 0
norm(r_1) 0
norm(r_2) 0
norm(r_3) 31.92172447070306
norm(r_4) 0
Newton iteration  0 : ||r|| = 31.9217
   Pass :  1   Iteration :   0  ||B r|| = 0.000244403 ...
   Pass :  6   Iteration : 300  ||B r|| = 2.75427e-06
GMRES: No convergence!
norm(r_0) 0
norm(r_1) 0
norm(r_2) 0
norm(r_3) 27.57690078502967
norm(r_4) 0
Newton iteration  1 : ||r|| = 27.5769, ||r||/||r_0|| = 0.863891
Setting time step: 0.02203222762407894 in DGTransportTDO
Setting time step: 0.02203222762407894 in CombinedOp
Setting time step: 0.02203222762407894 in IonStaticPressureOp
norm(r_0) 0
norm(r_1) 0
norm(r_2) 0
norm(r_3) 29.16934757861923
norm(r_4) 0
Newton iteration  0 : ||r|| = 29.1693
   Pass :  1   Iteration :   0  ||B r|| = 0.000114144 ...
   Pass :  6   Iteration : 300  ||B r|| = 2.7687e-06
GMRES: No convergence!
norm(r_0) 0
norm(r_1) 0
norm(r_2) 0
norm(r_3) 27.9700324724144
norm(r_4) 0
Newton iteration  1 : ||r|| = 27.97, ||r||/||r_0|| = 0.958884
Setting time step: 0.02203222762407894 in DGTransportTDO
Setting time step: 0.02203222762407894 in CombinedOp
Setting time step: 0.02203222762407894 in IonStaticPressureOp
norm(r_0) 0
norm(r_1) 0
norm(r_2) 0
norm(r_3) 27.86001132243481
norm(r_4) 0
Newton iteration  0 : ||r|| = 27.86
   Pass :  1   Iteration :   0  ||B r|| = 3.61839e-05 ...
   Pass :  6   Iteration : 300  ||B r|| = 2.7881e-06
GMRES: No convergence!
norm(r_0) 0
norm(r_1) 0
norm(r_2) 0
norm(r_3) 26.69715685884868
norm(r_4) 0
Newton iteration  1 : ||r|| = 26.6972, ||r||/||r_0|| = 0.958261
Setting time step: 0.02203222762407894 in DGTransportTDO
Setting time step: 0.02203222762407894 in CombinedOp
Setting time step: 0.02203222762407894 in IonStaticPressureOp
norm(r_0) 0
norm(r_1) 0
norm(r_2) 0
norm(r_3) 165.0176400600069
norm(r_4) 0
Newton iteration  0 : ||r|| = 165.018
   Pass :  1   Iteration :   0  ||B r|| = 0.000235209 ...
   Pass :  6   Iteration : 300  ||B r|| = 2.87782e-06
GMRES: No convergence!
norm(r_0) 0
norm(r_1) 0
norm(r_2) 0
norm(r_3) 23.55770168142587
norm(r_4) 0
Newton iteration  1 : ||r|| = 23.5577, ||r||/||r_0|| = 0.142759
Setting time step: 0.04406445524815788 in DGTransportTDO
Setting time step: 0.04406445524815788 in CombinedOp
Setting time step: 0.04406445524815788 in IonStaticPressureOp
norm(r_0) 0
norm(r_1) 0
norm(r_2) 0
norm(r_3) 23.55770196928689
norm(r_4) 0
Newton iteration  0 : ||r|| = 23.5577
   Pass :  1   Iteration :   0  ||B r|| = 0.000117247 ...
   Pass :  6   Iteration : 300  ||B r|| = 1.42598e-06
GMRES: No convergence!
norm(r_0) 0
norm(r_1) 0
norm(r_2) 0
norm(r_3) 23.53364271880591
norm(r_4) 0
Newton iteration  1 : ||r|| = 23.5336, ||r||/||r_0|| = 0.998979
Setting time step: 0.04406445524815788 in DGTransportTDO
Setting time step: 0.04406445524815788 in CombinedOp
Setting time step: 0.04406445524815788 in IonStaticPressureOp
norm(r_0) 0
norm(r_1) 0
norm(r_2) 0
norm(r_3) 23.68442794103964
norm(r_4) 0
Newton iteration  0 : ||r|| = 23.6844
   Pass :  1   Iteration :   0  ||B r|| = 5.26076e-05 ...
   Pass :  6   Iteration : 300  ||B r|| = 1.41758e-06
GMRES: No convergence!
norm(r_0) 0
norm(r_1) 0
norm(r_2) 0
norm(r_3) 23.5548883120216
norm(r_4) 0
Newton iteration  1 : ||r|| = 23.5549, ||r||/||r_0|| = 0.994531
Setting time step: 0.04406445524815788 in DGTransportTDO
Setting time step: 0.04406445524815788 in CombinedOp
Setting time step: 0.04406445524815788 in IonStaticPressureOp
norm(r_0) 0
norm(r_1) 0
norm(r_2) 0
norm(r_3) 23.59291093718657
norm(r_4) 0
Newton iteration  0 : ||r|| = 23.5929
   Pass :  1   Iteration :   0  ||B r|| = 7.76552e-06 ...
   Pass :  6   Iteration : 300  ||B r|| = 1.42072e-06
GMRES: No convergence!
norm(r_0) 0
norm(r_1) 0
norm(r_2) 0
norm(r_3) 23.70060131630886
norm(r_4) 0
Newton iteration  1 : ||r|| = 23.7006, ||r||/||r_0|| = 1.00456
Setting time step: 0.04406445524815788 in DGTransportTDO
Setting time step: 0.04406445524815788 in CombinedOp
Setting time step: 0.04406445524815788 in IonStaticPressureOp
norm(r_0) 0
norm(r_1) 0
norm(r_2) 0
norm(r_3) 23.58092205209268
norm(r_4) 0
Newton iteration  0 : ||r|| = 23.5809
   Pass :  1   Iteration :   0  ||B r|| = 1.45042e-05 ...
   Pass :  6   Iteration : 300  ||B r|| = 1.42231e-06
GMRES: No convergence!
norm(r_0) 0
norm(r_1) 0
norm(r_2) 0
norm(r_3) 23.55783380074126
norm(r_4) 0
Newton iteration  1 : ||r|| = 23.5578, ||r||/||r_0|| = 0.999021
Setting time step: 0.04406445524815788 in DGTransportTDO
Setting time step: 0.04406445524815788 in CombinedOp
Setting time step: 0.04406445524815788 in IonStaticPressureOp
norm(r_0) 0
norm(r_1) 0
norm(r_2) 0
norm(r_3) 53.61672759144469
norm(r_4) 0
Newton iteration  0 : ||r|| = 53.6167
   Pass :  1   Iteration :   0  ||B r|| = 5.77371e-05 ...
   Pass :  6   Iteration : 300  ||B r|| = 1.37385e-06
GMRES: No convergence!
norm(r_0) 0
norm(r_1) 0
norm(r_2) 0
norm(r_3) 24.40509001087218
norm(r_4) 0
Newton iteration  1 : ||r|| = 24.4051, ||r||/||r_0|| = 0.455177
Time stepping paused at t = 0.3527502362831014

Estimating errors.
Setting time step: 0.08812891049631576 in DGTransportTDO
Setting time step: 0.08812891049631576 in CombinedOp
Setting time step: 0.08812891049631576 in IonStaticPressureOp
norm(r_0) 0
norm(r_1) 0
norm(r_2) 0
norm(r_3) 24.40509044915938
norm(r_4) 0
Newton iteration  0 : ||r|| = 24.4051
   Pass :  1   Iteration :   0  ||B r|| = 0.00011118 ...
   Pass :  1   Iteration :   2  ||B r|| = 8.09944e-07
norm(r_0) 0
norm(r_1) 0
norm(r_2) 0
norm(r_3) 28.47609113385015
norm(r_4) 0
Newton iteration  1 : ||r|| = 28.4761, ||r||/||r_0|| = 1.16681
Setting time step: 0.08812891049631576 in DGTransportTDO
Setting time step: 0.08812891049631576 in CombinedOp
Setting time step: 0.08812891049631576 in IonStaticPressureOp
norm(r_0) 0
norm(r_1) 0
norm(r_2) 0
norm(r_3) 33.49251461403468
norm(r_4) 0
Newton iteration  0 : ||r|| = 33.4925
   Pass :  1   Iteration :   0  ||B r|| = 0.000110104 ...
   Pass :  1   Iteration :   2  ||B r|| = 9.60529e-07
norm(r_0) 0
norm(r_1) 0
norm(r_2) 0
norm(r_3) 33.56191383162558
norm(r_4) 0
Newton iteration  1 : ||r|| = 33.5619, ||r||/||r_0|| = 1.00207
Setting time step: 0.08812891049631576 in DGTransportTDO
Setting time step: 0.08812891049631576 in CombinedOp
Setting time step: 0.08812891049631576 in IonStaticPressureOp
norm(r_0) 0
norm(r_1) 0
norm(r_2) 0
norm(r_3) 30.25999516945187
norm(r_4) 0
Newton iteration  0 : ||r|| = 30.26
   Pass :  1   Iteration :   0  ||B r|| = 5.68155e-05 ...
   Pass :  1   Iteration :   2  ||B r|| = 9.039e-07
norm(r_0) 0
norm(r_1) 0
norm(r_2) 0
norm(r_3) 31.93819116687935
norm(r_4) 0
Newton iteration  1 : ||r|| = 31.9382, ||r||/||r_0|| = 1.05546
Setting time step: 0.08812891049631576 in DGTransportTDO
Setting time step: 0.08812891049631576 in CombinedOp
Setting time step: 0.08812891049631576 in IonStaticPressureOp
norm(r_0) 0
norm(r_1) 0
norm(r_2) 0
norm(r_3) 29.13333407430245
norm(r_4) 0
Newton iteration  0 : ||r|| = 29.1333
   Pass :  1   Iteration :   0  ||B r|| = 2.53927e-05 ...
   Pass :  1   Iteration :   2  ||B r|| = 8.9149e-07
norm(r_0) 0
norm(r_1) 0
norm(r_2) 0
norm(r_3) 31.50809891127334
norm(r_4) 0
Newton iteration  1 : ||r|| = 31.5081, ||r||/||r_0|| = 1.08151
Setting time step: 0.08812891049631576 in DGTransportTDO
Setting time step: 0.08812891049631576 in CombinedOp
Setting time step: 0.08812891049631576 in IonStaticPressureOp
norm(r_0) 0
norm(r_1) 0
norm(r_2) 0
norm(r_3) 29.12117899857029
norm(r_4) 0
Newton iteration  0 : ||r|| = 29.1212
   Pass :  1   Iteration :   0  ||B r|| = 0.000253776 ...
   Pass :  1   Iteration :   2  ||B r|| = 9.38074e-07
norm(r_0) 0
norm(r_1) 0
norm(r_2) 0
norm(r_3) 34.41238838732249
norm(r_4) 0
Newton iteration  1 : ||r|| = 34.4124, ||r||/||r_0|| = 1.1817
Setting time step: 0.1762578209926315 in DGTransportTDO
Setting time step: 0.1762578209926315 in CombinedOp
Setting time step: 0.1762578209926315 in IonStaticPressureOp
norm(r_0) 0
norm(r_1) 0
norm(r_2) 0
norm(r_3) 34.41238838302568
norm(r_4) 0
Newton iteration  0 : ||r|| = 34.4124
   Pass :  1   Iteration :   0  ||B r|| = 8.02406e-07
norm(r_0) 0
norm(r_1) 0
norm(r_2) 0
norm(r_3) 34.41238838302568
norm(r_4) 0
Newton iteration  1 : ||r|| = 34.4124, ||r||/||r_0|| = 1
Setting time step: 0.1762578209926315 in DGTransportTDO
Setting time step: 0.1762578209926315 in CombinedOp
Setting time step: 0.1762578209926315 in IonStaticPressureOp
norm(r_0) 0
norm(r_1) 0
norm(r_2) 0
norm(r_3) 34.41238838302568
norm(r_4) 0
Newton iteration  0 : ||r|| = 34.4124
   Pass :  1   Iteration :   0  ||B r|| = 8.02406e-07
norm(r_0) 0
norm(r_1) 0
norm(r_2) 0
norm(r_3) 34.41238838302568
norm(r_4) 0
Newton iteration  1 : ||r|| = 34.4124, ||r||/||r_0|| = 1
Setting time step: 0.1762578209926315 in DGTransportTDO
Setting time step: 0.1762578209926315 in CombinedOp
Setting time step: 0.1762578209926315 in IonStaticPressureOp
norm(r_0) 0
norm(r_1) 0
norm(r_2) 0
norm(r_3) 34.41238838302568
norm(r_4) 0
Newton iteration  0 : ||r|| = 34.4124
   Pass :  1   Iteration :   0  ||B r|| = 8.02406e-07
norm(r_0) 0
norm(r_1) 0
norm(r_2) 0
norm(r_3) 34.41238838302568
norm(r_4) 0
Newton iteration  1 : ||r|| = 34.4124, ||r||/||r_0|| = 1
Setting time step: 0.1762578209926315 in DGTransportTDO
Setting time step: 0.1762578209926315 in CombinedOp
Setting time step: 0.1762578209926315 in IonStaticPressureOp
norm(r_0) 0
norm(r_1) 0
norm(r_2) 0
norm(r_3) 34.41238838302568
norm(r_4) 0
Newton iteration  0 : ||r|| = 34.4124
   Pass :  1   Iteration :   0  ||B r|| = 8.02406e-07
norm(r_0) 0
norm(r_1) 0
norm(r_2) 0
norm(r_3) 34.41238838302568
norm(r_4) 0
Newton iteration  1 : ||r|| = 34.4124, ||r||/||r_0|| = 1
Setting time step: 0.1762578209926315 in DGTransportTDO
Setting time step: 0.1762578209926315 in CombinedOp
Setting time step: 0.1762578209926315 in IonStaticPressureOp
norm(r_0) 0
norm(r_1) 0
norm(r_2) 0
norm(r_3) 34.41238838302568
norm(r_4) 0
Newton iteration  0 : ||r|| = 34.4124
   Pass :  1   Iteration :   0  ||B r|| = 8.02406e-07
norm(r_0) 0
norm(r_1) 0
norm(r_2) 0
norm(r_3) 34.41238838302568
norm(r_4) 0
Newton iteration  1 : ||r|| = 34.4124, ||r||/||r_0|| = 1
Setting time step: 0.1762578209926315 in DGTransportTDO
Setting time step: 0.1762578209926315 in CombinedOp
Setting time step: 0.1762578209926315 in IonStaticPressureOp
norm(r_0) 0
norm(r_1) 0
norm(r_2) 0
norm(r_3) 34.41238838302568
norm(r_4) 0
Newton iteration  0 : ||r|| = 34.4124
   Pass :  1   Iteration :   0  ||B r|| = 8.02406e-07
norm(r_0) 0
norm(r_1) 0
norm(r_2) 0
norm(r_3) 34.41238838302568
norm(r_4) 0
Newton iteration  1 : ||r|| = 34.4124, ||r||/||r_0|| = 1
Setting time step: 0.1762578209926315 in DGTransportTDO
Setting time step: 0.1762578209926315 in CombinedOp
Setting time step: 0.1762578209926315 in IonStaticPressureOp
norm(r_0) 0
norm(r_1) 0
norm(r_2) 0
norm(r_3) 34.41238838302568
norm(r_4) 0
Newton iteration  0 : ||r|| = 34.4124
   Pass :  1   Iteration :   0  ||B r|| = 8.02406e-07
norm(r_0) 0
norm(r_1) 0
norm(r_2) 0
norm(r_3) 34.41238838302568
norm(r_4) 0
Newton iteration  1 : ||r|| = 34.4124, ||r||/||r_0|| = 1
Setting time step: 0.1762578209926315 in DGTransportTDO
Setting time step: 0.1762578209926315 in CombinedOp
Setting time step: 0.1762578209926315 in IonStaticPressureOp
norm(r_0) 0
norm(r_1) 0
norm(r_2) 0
norm(r_3) 34.41238838302568
norm(r_4) 0
Newton iteration  0 : ||r|| = 34.4124
   Pass :  1   Iteration :   0  ||B r|| = 8.02406e-07
norm(r_0) 0
norm(r_1) 0
norm(r_2) 0
norm(r_3) 34.41238838302568
norm(r_4) 0
Newton iteration  1 : ||r|| = 34.4124, ||r||/||r_0|| = 1
Setting time step: 0.1762578209926315 in DGTransportTDO
Setting time step: 0.1762578209926315 in CombinedOp
Setting time step: 0.1762578209926315 in IonStaticPressureOp
norm(r_0) 0
norm(r_1) 0
norm(r_2) 0
norm(r_3) 34.41238838302568
norm(r_4) 0
Newton iteration  0 : ||r|| = 34.4124
   Pass :  1   Iteration :   0  ||B r|| = 8.02406e-07
norm(r_0) 0
norm(r_1) 0
norm(r_2) 0
norm(r_3) 34.41238838302568
norm(r_4) 0
Newton iteration  1 : ||r|| = 34.4124, ||r||/||r_0|| = 1
Setting time step: 0.1762578209926315 in DGTransportTDO
Setting time step: 0.1762578209926315 in CombinedOp
Setting time step: 0.1762578209926315 in IonStaticPressureOp
norm(r_0) 0
norm(r_1) 0
norm(r_2) 0
norm(r_3) 34.41238838302568
norm(r_4) 0
Newton iteration  0 : ||r|| = 34.4124
   Pass :  1   Iteration :   0  ||B r|| = 8.02406e-07
norm(r_0) 0
norm(r_1) 0
norm(r_2) 0
norm(r_3) 34.41238838302568
norm(r_4) 0
Newton iteration  1 : ||r|| = 34.4124, ||r||/||r_0|| = 1
Setting time step: 0.1762578209926315 in DGTransportTDO
Setting time step: 0.1762578209926315 in CombinedOp
Setting time step: 0.1762578209926315 in IonStaticPressureOp
norm(r_0) 0
norm(r_1) 0
norm(r_2) 0
norm(r_3) 34.41238838302568
norm(r_4) 0
Newton iteration  0 : ||r|| = 34.4124
   Pass :  1   Iteration :   0  ||B r|| = 8.02406e-07
norm(r_0) 0
norm(r_1) 0
norm(r_2) 0
norm(r_3) 34.41238838302568
norm(r_4) 0
Newton iteration  1 : ||r|| = 34.4124, ||r||/||r_0|| = 1
Setting time step: 0.1762578209926315 in DGTransportTDO
Setting time step: 0.1762578209926315 in CombinedOp
Setting time step: 0.1762578209926315 in IonStaticPressureOp
norm(r_0) 0
norm(r_1) 0
norm(r_2) 0
norm(r_3) 34.41238838302568
norm(r_4) 0
Newton iteration  0 : ||r|| = 34.4124
   Pass :  1   Iteration :   0  ||B r|| = 8.02406e-07
norm(r_0) 0
norm(r_1) 0
norm(r_2) 0
norm(r_3) 34.41238838302568
norm(r_4) 0
Newton iteration  1 : ||r|| = 34.4124, ||r||/||r_0|| = 1
Setting time step: 0.1762578209926315 in DGTransportTDO
Setting time step: 0.1762578209926315 in CombinedOp
Setting time step: 0.1762578209926315 in IonStaticPressureOp
norm(r_0) 0
norm(r_1) 0
norm(r_2) 0
norm(r_3) 34.41238838302568
norm(r_4) 0
Newton iteration  0 : ||r|| = 34.4124
   Pass :  1   Iteration :   0  ||B r|| = 8.02406e-07
norm(r_0) 0
norm(r_1) 0
norm(r_2) 0
norm(r_3) 34.41238838302568
norm(r_4) 0
Newton iteration  1 : ||r|| = 34.4124, ||r||/||r_0|| = 1
Setting time step: 0.1762578209926315 in DGTransportTDO
Setting time step: 0.1762578209926315 in CombinedOp
Setting time step: 0.1762578209926315 in IonStaticPressureOp
norm(r_0) 0
norm(r_1) 0
norm(r_2) 0
norm(r_3) 34.41238838302568
norm(r_4) 0
Newton iteration  0 : ||r|| = 34.4124
   Pass :  1   Iteration :   0  ||B r|| = 8.02406e-07
norm(r_0) 0
norm(r_1) 0
norm(r_2) 0
norm(r_3) 34.41238838302568
norm(r_4) 0
Newton iteration  1 : ||r|| = 34.4124, ||r||/||r_0|| = 1
Setting time step: 0.1762578209926315 in DGTransportTDO
Setting time step: 0.1762578209926315 in CombinedOp
Setting time step: 0.1762578209926315 in IonStaticPressureOp
norm(r_0) 0
norm(r_1) 0
norm(r_2) 0
norm(r_3) 34.41238838302568
norm(r_4) 0
Newton iteration  0 : ||r|| = 34.4124
   Pass :  1   Iteration :   0  ||B r|| = 8.02406e-07
norm(r_0) 0
norm(r_1) 0
norm(r_2) 0
norm(r_3) 34.41238838302568
norm(r_4) 0
Newton iteration  1 : ||r|| = 34.4124, ||r||/||r_0|| = 1
Time stepping paused at t = 2.820359730179943
Steady State solution has been reached

Time stepping done after 4.585236745s.
