9: Number of elements in parallel mesh: 16
9: Number of elements after parallel refinement: 16
5: Number of elements in parallel mesh: 16
5: Number of elements after parallel refinement: 16
4: Number of elements in parallel mesh: 16
4: Number of elements after parallel refinement: 16
6: Number of elements in parallel mesh: 16
6: Number of elements after parallel refinement: 16
7: Number of elements in parallel mesh: 16
7: Number of elements after parallel refinement: 16
11: Number of elements in parallel mesh: 16
11: Number of elements after parallel refinement: 16
10: Number of elements in parallel mesh: 16
10: Number of elements after parallel refinement: 16
15: Number of elements in parallel mesh: 16
15: Number of elements after parallel refinement: 16
12: Number of elements in parallel mesh: 16
12: Number of elements after parallel refinement: 16
8: Number of elements in parallel mesh: 16
8: Number of elements after parallel refinement: 16
13: Number of elements in parallel mesh: 16
13: Number of elements after parallel refinement: 16
Options used:
   --mesh ../../mfem/data/inline-quad.mesh
   --bc-file ../../mfem/miniapps/plasma/transport2d_bcs.inp
   --ic-file ../../mfem/miniapps/plasma/transport2d_ics.inp
   --ec-file /home/gz6/mfem-analysis/input-files/transport2d_ecs.inp
   --es-file ../../mfem/miniapps/plasma/transport2d_ess.inp
   --eqdsk-file 
   --logging 1
   --operator-test 8
   --equation-weights '1 1 1 1 1'
   --problem 0
   --refine-serial 2
   --refine-parallel 0
   --enable-amr
   --max-err -1
   --hysteresis 0.25
   --nc-limit 3
   --amr-weights '1 1 1 1 1'
   --order 5
   --dg-sigma -1
   --dg-kappa 36
   --linear-abs-tolerance 1e-06
   --linear-rel-tolerance 1e-06
   --linear-max-iterations 500
   --linear-logging-level 3
   --newton-abs-tolerance 1e-10
   --newton-rel-tolerance 1e-10
   --newton-max-iterations 1
   --newton-logging-level 1
   --steady-state-abs-tolerance 1e-08
   --steady-state-rel-tolerance 1e-08
   --prec-type 1
   --prec-logging-level 0
   --initial-tolerance 1e-05
   --ode-tolerance 0.001
   --ode-solver 2
   --err-per-step
   --ode-weights '1 1 1 1 1'
   --kP 0
   --kI 0.6
   --kD 0
   --theta-max 2
   --t-minimum 0
   --t-final 100
   --time-step 0.01
   --cfl-number 0.3
   --ion-charge 1
   --ion-mass 2.0141018
   --neutral-mass 2.0141018
   --neutral-temp 3
   --min-neutral-density 9e+14
   --max-neutral-density 1e+15
   --neutral-density-exp 0
   --min-ion-density 1e+16
   --max-ion-density 1e+18
   --ion-density-exp 0
   --min-ion-temp 1
   --max-ion-temp 10
   --ion-temp-exp 0
   --min-electron-temp 10
   --max-electron-temp 440
   --electron-temp-exp 0
   --total-B-magnitude 5
   --poloidal-B-magnitude 0.5
   --velocity 1000
   --Di-perp 1
   --Xi-perp 1
   --Xe-perp 1
   --equation-term-flags '-1 -1 -1 -1 -1'
   --visualization-flags '-1 -1 -1 -1 -1'
   --visualization
   --visit-datafiles
   --ascii-datafiles
   --visualization-steps 4
Device configuration: cpu
Memory configuration: host-std
Number of elements in initial mesh: 16
Number of elements after serial refinement: 256
14: Number of elements in parallel mesh: 16
14: Number of elements after parallel refinement: 16
3: Number of elements in parallel mesh: 16
3: Number of elements after parallel refinement: 16
0: Number of elements in parallel mesh: 16
1: Number of elements in parallel mesh: 16
1: Number of elements after parallel refinement: 16
0: Number of elements after parallel refinement: 16
2: Number of elements in parallel mesh: 16
2: Number of elements after parallel refinement: 16
Configuring initial conditions
Reading initial conditions from ../../mfem/miniapps/plasma/transport2d_ics.inp
Configuring exact solutions
Reading exact solutions from ../../mfem/miniapps/plasma/transport2d_ess.inp

AMR iteration 0
Number of unknowns: 9216
Stopping criterion satisfied. Stop.
Number of unknowns per field: 9216
Total number of unknowns:     46080
Configuring boundary conditions
Reading boundary conditions from ../../mfem/miniapps/plasma/transport2d_bcs.inp
Configuring equation coefficients
Reading equation coefficients from /home/gz6/mfem-analysis/input-files/transport2d_ecs.inp
|mn| = 3.3444946e-27
|ni| = 1
|ne| = 1

|Dn|     = -nan
|Di|     = -nan
|Eta|    = -nan
|nXi|    = -nan
|nXe|    = -nan

|Eta/mn| = -nan
|nXi/ni| = -nan
|nXe/ne| = -nan
Ion Static Pressure: Adding time derivative term proportional to d n_i / dt
Ion Static Pressure: Adding time derivative term proportional to d T_i / dt
Ion Static Pressure: Adding anisotropic diffusion term
Ion Static Pressure: Adding source term
Opening GLVis sockets.
Range of error estimates for initial condition: -nan < elem err < -nan

Begin time stepping at t = 0
Setting time step: 0.0025 in DGTransportTDO
Setting time step: 0.0025 in CombinedOp
Setting time step: 0.0025 in IonStaticPressureOp
norm(r_0) 0
norm(r_1) 0
norm(r_2) 0
norm(r_3) 0.11672178
norm(r_4) 0
Newton iteration  0 : ||r|| = 0.116722
   Pass :  1   Iteration :   0  ||B r|| = 399.671 ...
   Pass :  1   Iteration :  43  ||B r|| = 0.000345988
norm(r_0) 0
norm(r_1) 0
norm(r_2) 0
norm(r_3) 9.2711838e-05
norm(r_4) 0
Newton iteration  1 : ||r|| = 9.27118e-05, ||r||/||r_0|| = 0.000794298
Setting time step: 0.0025 in DGTransportTDO
Setting time step: 0.0025 in CombinedOp
Setting time step: 0.0025 in IonStaticPressureOp
norm(r_0) 0
norm(r_1) 0
norm(r_2) 0
norm(r_3) 0.10928573
norm(r_4) 0
Newton iteration  0 : ||r|| = 0.109286
   Pass :  1   Iteration :   0  ||B r|| = 374.211 ...
   Pass :  1   Iteration :  43  ||B r|| = 0.000326178
norm(r_0) 0
norm(r_1) 0
norm(r_2) 0
norm(r_3) 8.7557228e-05
norm(r_4) 0
Newton iteration  1 : ||r|| = 8.75572e-05, ||r||/||r_0|| = 0.000801177
Setting time step: 0.0025 in DGTransportTDO
Setting time step: 0.0025 in CombinedOp
Setting time step: 0.0025 in IonStaticPressureOp
norm(r_0) 0
norm(r_1) 0
norm(r_2) 0
norm(r_3) 0.11222212
norm(r_4) 0
Newton iteration  0 : ||r|| = 0.112222
   Pass :  1   Iteration :   0  ||B r|| = 384.265 ...
   Pass :  1   Iteration :  43  ||B r|| = 0.000334319
norm(r_0) 0
norm(r_1) 0
norm(r_2) 0
norm(r_3) 8.9700699e-05
norm(r_4) 0
Newton iteration  1 : ||r|| = 8.97007e-05, ||r||/||r_0|| = 0.000799314
Setting time step: 0.0025 in DGTransportTDO
Setting time step: 0.0025 in CombinedOp
Setting time step: 0.0025 in IonStaticPressureOp
norm(r_0) 0
norm(r_1) 0
norm(r_2) 0
norm(r_3) 0.11297173
norm(r_4) 0
Newton iteration  0 : ||r|| = 0.112972
   Pass :  1   Iteration :   0  ||B r|| = 386.832 ...
   Pass :  1   Iteration :  43  ||B r|| = 0.000336235
norm(r_0) 0
norm(r_1) 0
norm(r_2) 0
norm(r_3) 9.0192844e-05
norm(r_4) 0
Newton iteration  1 : ||r|| = 9.01928e-05, ||r||/||r_0|| = 0.000798366
Setting time step: 0.0025 in DGTransportTDO
Setting time step: 0.0025 in CombinedOp
Setting time step: 0.0025 in IonStaticPressureOp
norm(r_0) 0
norm(r_1) 0
norm(r_2) 0
norm(r_3) 0.10569663
norm(r_4) 0
Newton iteration  0 : ||r|| = 0.105697
   Pass :  1   Iteration :   0  ||B r|| = 361.918 ...
   Pass :  1   Iteration :  43  ||B r|| = 0.000312648
norm(r_0) 0
norm(r_1) 0
norm(r_2) 0
norm(r_3) 8.3718278e-05
norm(r_4) 0
Newton iteration  1 : ||r|| = 8.37183e-05, ||r||/||r_0|| = 0.000792062
Setting time step: 0.005 in DGTransportTDO
Setting time step: 0.005 in CombinedOp
Setting time step: 0.005 in IonStaticPressureOp
norm(r_0) 0
norm(r_1) 0
norm(r_2) 0
norm(r_3) 0.10232923
norm(r_4) 0
Newton iteration  0 : ||r|| = 0.102329
   Pass :  1   Iteration :   0  ||B r|| = 294.003 ...
   Pass :  1   Iteration :  46  ||B r|| = 0.000258508
norm(r_0) 0
norm(r_1) 0
norm(r_2) 0
norm(r_3) 0.00013627238
norm(r_4) 0
Newton iteration  1 : ||r|| = 0.000136272, ||r||/||r_0|| = 0.00133171
Setting time step: 0.005 in DGTransportTDO
Setting time step: 0.005 in CombinedOp
Setting time step: 0.005 in IonStaticPressureOp
norm(r_0) 0
norm(r_1) 0
norm(r_2) 0
norm(r_3) 0.089692903
norm(r_4) 0
Newton iteration  0 : ||r|| = 0.0896929
   Pass :  1   Iteration :   0  ||B r|| = 257.702 ...
   Pass :  1   Iteration :  46  ||B r|| = 0.000226998
norm(r_0) 0
norm(r_1) 0
norm(r_2) 0
norm(r_3) 0.00011973681
norm(r_4) 0
Newton iteration  1 : ||r|| = 0.000119737, ||r||/||r_0|| = 0.00133496
Setting time step: 0.005 in DGTransportTDO
Setting time step: 0.005 in CombinedOp
Setting time step: 0.005 in IonStaticPressureOp
norm(r_0) 0
norm(r_1) 0
norm(r_2) 0
norm(r_3) 0.094622294
norm(r_4) 0
Newton iteration  0 : ||r|| = 0.0946223
   Pass :  1   Iteration :   0  ||B r|| = 271.864 ...
   Pass :  1   Iteration :  46  ||B r|| = 0.000239351
norm(r_0) 0
norm(r_1) 0
norm(r_2) 0
norm(r_3) 0.00012623108
norm(r_4) 0
Newton iteration  1 : ||r|| = 0.000126231, ||r||/||r_0|| = 0.00133405
Setting time step: 0.005 in DGTransportTDO
Setting time step: 0.005 in CombinedOp
Setting time step: 0.005 in IonStaticPressureOp
norm(r_0) 0
norm(r_1) 0
norm(r_2) 0
norm(r_3) 0.09590611
norm(r_4) 0
Newton iteration  0 : ||r|| = 0.0959061
   Pass :  1   Iteration :   0  ||B r|| = 275.552 ...
   Pass :  1   Iteration :  46  ||B r|| = 0.000242536
norm(r_0) 0
norm(r_1) 0
norm(r_2) 0
norm(r_3) 0.00012789953
norm(r_4) 0
Newton iteration  1 : ||r|| = 0.0001279, ||r||/||r_0|| = 0.00133359
Setting time step: 0.005 in DGTransportTDO
Setting time step: 0.005 in CombinedOp
Setting time step: 0.005 in IonStaticPressureOp
norm(r_0) 0
norm(r_1) 0
norm(r_2) 0
norm(r_3) 0.083826639
norm(r_4) 0
Newton iteration  0 : ||r|| = 0.0838266
   Pass :  1   Iteration :   0  ||B r|| = 240.838 ...
   Pass :  1   Iteration :  46  ||B r|| = 0.000211554
norm(r_0) 0
norm(r_1) 0
norm(r_2) 0
norm(r_3) 0.00011147636
norm(r_4) 0
Newton iteration  1 : ||r|| = 0.000111476, ||r||/||r_0|| = 0.00132984
Setting time step: 0.01 in DGTransportTDO
Setting time step: 0.01 in CombinedOp
Setting time step: 0.01 in IonStaticPressureOp
norm(r_0) 0
norm(r_1) 0
norm(r_2) 0
norm(r_3) 0.078649252
norm(r_4) 0
Newton iteration  0 : ||r|| = 0.0786493
   Pass :  1   Iteration :   0  ||B r|| = 168.451 ...
   Pass :  1   Iteration :  49  ||B r|| = 0.000147608
norm(r_0) 0
norm(r_1) 0
norm(r_2) 0
norm(r_3) 0.00016374242
norm(r_4) 0
Newton iteration  1 : ||r|| = 0.000163742, ||r||/||r_0|| = 0.00208193
Setting time step: 0.01 in DGTransportTDO
Setting time step: 0.01 in CombinedOp
Setting time step: 0.01 in IonStaticPressureOp
norm(r_0) 0
norm(r_1) 0
norm(r_2) 0
norm(r_3) 0.06035751
norm(r_4) 0
Newton iteration  0 : ||r|| = 0.0603575
   Pass :  1   Iteration :   0  ||B r|| = 129.273 ...
   Pass :  1   Iteration :  49  ||B r|| = 0.000113311
norm(r_0) 0
norm(r_1) 0
norm(r_2) 0
norm(r_3) 0.00012570715
norm(r_4) 0
Newton iteration  1 : ||r|| = 0.000125707, ||r||/||r_0|| = 0.00208271
Setting time step: 0.01 in DGTransportTDO
Setting time step: 0.01 in CombinedOp
Setting time step: 0.01 in IonStaticPressureOp
norm(r_0) 0
norm(r_1) 0
norm(r_2) 0
norm(r_3) 0.067333848
norm(r_4) 0
Newton iteration  0 : ||r|| = 0.0673338
   Pass :  1   Iteration :   0  ||B r|| = 144.215 ...
   Pass :  1   Iteration :  49  ||B r|| = 0.000126397
norm(r_0) 0
norm(r_1) 0
norm(r_2) 0
norm(r_3) 0.00014022102
norm(r_4) 0
Newton iteration  1 : ||r|| = 0.000140221, ||r||/||r_0|| = 0.00208247
Setting time step: 0.01 in DGTransportTDO
Setting time step: 0.01 in CombinedOp
Setting time step: 0.01 in IonStaticPressureOp
norm(r_0) 0
norm(r_1) 0
norm(r_2) 0
norm(r_3) 0.069219882
norm(r_4) 0
Newton iteration  0 : ||r|| = 0.0692199
   Pass :  1   Iteration :   0  ||B r|| = 148.255 ...
   Pass :  1   Iteration :  49  ||B r|| = 0.000129932
norm(r_0) 0
norm(r_1) 0
norm(r_2) 0
norm(r_3) 0.00014414087
norm(r_4) 0
Newton iteration  1 : ||r|| = 0.000144141, ||r||/||r_0|| = 0.00208236
Setting time step: 0.01 in DGTransportTDO
Setting time step: 0.01 in CombinedOp
Setting time step: 0.01 in IonStaticPressureOp
norm(r_0) 0
norm(r_1) 0
norm(r_2) 0
norm(r_3) 0.052577519
norm(r_4) 0
Newton iteration  0 : ||r|| = 0.0525775
   Pass :  1   Iteration :   0  ||B r|| = 112.61 ...
   Pass :  1   Iteration :  49  ||B r|| = 9.86489e-05
norm(r_0) 0
norm(r_1) 0
norm(r_2) 0
norm(r_3) 0.00010942479
norm(r_4) 0
Newton iteration  1 : ||r|| = 0.000109425, ||r||/||r_0|| = 0.00208121
Setting time step: 0.02 in DGTransportTDO
Setting time step: 0.02 in CombinedOp
Setting time step: 0.02 in IonStaticPressureOp
norm(r_0) 0
norm(r_1) 0
norm(r_2) 0
norm(r_3) 0.046463031
norm(r_4) 0
Newton iteration  0 : ||r|| = 0.046463
   Pass :  1   Iteration :   0  ||B r|| = 67.4608 ...
   Pass :  2   Iteration :  53  ||B r|| = 6.24682e-05
norm(r_0) 0
norm(r_1) 0
norm(r_2) 0
norm(r_3) 0.00011649872
norm(r_4) 0
Newton iteration  1 : ||r|| = 0.000116499, ||r||/||r_0|| = 0.00250734
Setting time step: 0.02 in DGTransportTDO
Setting time step: 0.02 in CombinedOp
Setting time step: 0.02 in IonStaticPressureOp
norm(r_0) 0
norm(r_1) 0
norm(r_2) 0
norm(r_3) 0.027101441
norm(r_4) 0
Newton iteration  0 : ||r|| = 0.0271014
   Pass :  1   Iteration :   0  ||B r|| = 39.3495 ...
   Pass :  2   Iteration :  53  ||B r|| = 3.64389e-05
norm(r_0) 0
norm(r_1) 0
norm(r_2) 0
norm(r_3) 6.7957949e-05
norm(r_4) 0
Newton iteration  1 : ||r|| = 6.79579e-05, ||r||/||r_0|| = 0.00250754
Setting time step: 0.02 in DGTransportTDO
Setting time step: 0.02 in CombinedOp
Setting time step: 0.02 in IonStaticPressureOp
norm(r_0) 0
norm(r_1) 0
norm(r_2) 0
norm(r_3) 0.034200477
norm(r_4) 0
Newton iteration  0 : ||r|| = 0.0342005
   Pass :  1   Iteration :   0  ||B r|| = 49.6569 ...
   Pass :  2   Iteration :  53  ||B r|| = 4.59831e-05
norm(r_0) 0
norm(r_1) 0
norm(r_2) 0
norm(r_3) 8.5756883e-05
norm(r_4) 0
Newton iteration  1 : ||r|| = 8.57569e-05, ||r||/||r_0|| = 0.00250748
Setting time step: 0.02 in DGTransportTDO
Setting time step: 0.02 in CombinedOp
Setting time step: 0.02 in IonStaticPressureOp
norm(r_0) 0
norm(r_1) 0
norm(r_2) 0
norm(r_3) 0.036251123
norm(r_4) 0
Newton iteration  0 : ||r|| = 0.0362511
   Pass :  1   Iteration :   0  ||B r|| = 52.6343 ...
   Pass :  2   Iteration :  53  ||B r|| = 4.87399e-05
norm(r_0) 0
norm(r_1) 0
norm(r_2) 0
norm(r_3) 9.0897802e-05
norm(r_4) 0
Newton iteration  1 : ||r|| = 9.08978e-05, ||r||/||r_0|| = 0.00250745
Setting time step: 0.02 in DGTransportTDO
Setting time step: 0.02 in CombinedOp
Setting time step: 0.02 in IonStaticPressureOp
norm(r_0) 0
norm(r_1) 0
norm(r_2) 0
norm(r_3) 0.02050751
norm(r_4) 0
Newton iteration  0 : ||r|| = 0.0205075
   Pass :  1   Iteration :   0  ||B r|| = 29.773 ...
   Pass :  2   Iteration :  53  ||B r|| = 2.75682e-05
norm(r_0) 0
norm(r_1) 0
norm(r_2) 0
norm(r_3) 5.1410209e-05
norm(r_4) 0
Newton iteration  1 : ||r|| = 5.14102e-05, ||r||/||r_0|| = 0.0025069
Time stepping paused at t = 0.15

Estimating errors.
No refinements necessary.
No derefinements needed.

AMR iteration 1
Number of unknowns: 9216
Setting time step: 0.019702933 in DGTransportTDO
Setting time step: 0.019702933 in CombinedOp
Setting time step: 0.019702933 in IonStaticPressureOp
norm(r_0) 0
norm(r_1) 0
norm(r_2) 0
norm(r_3) 0.016233431
norm(r_4) 0
Newton iteration  0 : ||r|| = 0.0162334
   Pass :  1   Iteration :   0  ||B r|| = 23.8108 ...
   Pass :  2   Iteration :  53  ||B r|| = 2.17901e-05
norm(r_0) 0
norm(r_1) 0
norm(r_2) 0
norm(r_3) 4.0084208e-05
norm(r_4) 0
Newton iteration  1 : ||r|| = 4.00842e-05, ||r||/||r_0|| = 0.00246924
Setting time step: 0.019702933 in DGTransportTDO
Setting time step: 0.019702933 in CombinedOp
Setting time step: 0.019702933 in IonStaticPressureOp
norm(r_0) 0
norm(r_1) 0
norm(r_2) 0
norm(r_3) 0.0095486438
norm(r_4) 0
Newton iteration  0 : ||r|| = 0.00954864
   Pass :  1   Iteration :   0  ||B r|| = 14.0058 ...
   Pass :  2   Iteration :  53  ||B r|| = 1.28172e-05
norm(r_0) 0
norm(r_1) 0
norm(r_2) 0
norm(r_3) 2.3577976e-05
norm(r_4) 0
Newton iteration  1 : ||r|| = 2.3578e-05, ||r||/||r_0|| = 0.00246925
Setting time step: 0.019702933 in DGTransportTDO
Setting time step: 0.019702933 in CombinedOp
Setting time step: 0.019702933 in IonStaticPressureOp
norm(r_0) 0
norm(r_1) 0
norm(r_2) 0
norm(r_3) 0.01200234
norm(r_4) 0
Newton iteration  0 : ||r|| = 0.0120023
   Pass :  1   Iteration :   0  ||B r|| = 17.6048 ...
   Pass :  2   Iteration :  53  ||B r|| = 1.61108e-05
norm(r_0) 0
norm(r_1) 0
norm(r_2) 0
norm(r_3) 2.9636713e-05
norm(r_4) 0
Newton iteration  1 : ||r|| = 2.96367e-05, ||r||/||r_0|| = 0.00246924
Setting time step: 0.019702933 in DGTransportTDO
Setting time step: 0.019702933 in CombinedOp
Setting time step: 0.019702933 in IonStaticPressureOp
norm(r_0) 0
norm(r_1) 0
norm(r_2) 0
norm(r_3) 0.012709824
norm(r_4) 0
Newton iteration  0 : ||r|| = 0.0127098
   Pass :  1   Iteration :   0  ||B r|| = 18.6425 ...
   Pass :  2   Iteration :  53  ||B r|| = 1.70604e-05
norm(r_0) 0
norm(r_1) 0
norm(r_2) 0
norm(r_3) 3.1383645e-05
norm(r_4) 0
Newton iteration  1 : ||r|| = 3.13836e-05, ||r||/||r_0|| = 0.00246924
Setting time step: 0.019702933 in DGTransportTDO
Setting time step: 0.019702933 in CombinedOp
Setting time step: 0.019702933 in IonStaticPressureOp
norm(r_0) 0
norm(r_1) 0
norm(r_2) 0
norm(r_3) 0.0072542278
norm(r_4) 0
Newton iteration  0 : ||r|| = 0.00725423
   Pass :  1   Iteration :   0  ||B r|| = 10.6403 ...
   Pass :  2   Iteration :  53  ||B r|| = 9.73734e-06
norm(r_0) 0
norm(r_1) 0
norm(r_2) 0
norm(r_3) 1.7912349e-05
norm(r_4) 0
Newton iteration  1 : ||r|| = 1.79123e-05, ||r||/||r_0|| = 0.00246923
Setting time step: 0.038636267 in DGTransportTDO
Setting time step: 0.038636267 in CombinedOp
Setting time step: 0.038636267 in IonStaticPressureOp
norm(r_0) 0
norm(r_1) 0
norm(r_2) 0
norm(r_3) 0.0057606136
norm(r_4) 0
Newton iteration  0 : ||r|| = 0.00576061
   Pass :  1   Iteration :   0  ||B r|| = 5.10373 ...
   Pass :  2   Iteration :  56  ||B r|| = 4.93923e-06
norm(r_0) 0
norm(r_1) 0
norm(r_2) 0
norm(r_3) 1.7203446e-05
norm(r_4) 0
Newton iteration  1 : ||r|| = 1.72034e-05, ||r||/||r_0|| = 0.00298639
Setting time step: 0.038636267 in DGTransportTDO
Setting time step: 0.038636267 in CombinedOp
Setting time step: 0.038636267 in IonStaticPressureOp
norm(r_0) 0
norm(r_1) 0
norm(r_2) 0
norm(r_3) 0.0018774261
norm(r_4) 0
Newton iteration  0 : ||r|| = 0.00187743
   Pass :  1   Iteration :   0  ||B r|| = 1.66321 ...
   Pass :  2   Iteration :  56  ||B r|| = 1.6093e-06
norm(r_0) 0
norm(r_1) 0
norm(r_2) 0
norm(r_3) 5.6044511e-06
norm(r_4) 0
Newton iteration  1 : ||r|| = 5.60445e-06, ||r||/||r_0|| = 0.00298518
Setting time step: 0.038636267 in DGTransportTDO
Setting time step: 0.038636267 in CombinedOp
Setting time step: 0.038636267 in IonStaticPressureOp
norm(r_0) 0
norm(r_1) 0
norm(r_2) 0
norm(r_3) 0.00322124
norm(r_4) 0
Newton iteration  0 : ||r|| = 0.00322124
   Pass :  1   Iteration :   0  ||B r|| = 2.85388 ...
   Pass :  2   Iteration :  56  ||B r|| = 2.76164e-06
norm(r_0) 0
norm(r_1) 0
norm(r_2) 0
norm(r_3) 9.6182308e-06
norm(r_4) 0
Newton iteration  1 : ||r|| = 9.61823e-06, ||r||/||r_0|| = 0.00298588
Setting time step: 0.038636267 in DGTransportTDO
Setting time step: 0.038636267 in CombinedOp
Setting time step: 0.038636267 in IonStaticPressureOp
norm(r_0) 0
norm(r_1) 0
norm(r_2) 0
norm(r_3) 0.0036496719
norm(r_4) 0
Newton iteration  0 : ||r|| = 0.00364967
   Pass :  1   Iteration :   0  ||B r|| = 3.23348 ...
   Pass :  2   Iteration :  56  ||B r|| = 3.12906e-06
norm(r_0) 0
norm(r_1) 0
norm(r_2) 0
norm(r_3) 1.0898063e-05
norm(r_4) 0
Newton iteration  1 : ||r|| = 1.08981e-05, ||r||/||r_0|| = 0.00298604
Setting time step: 0.038636267 in DGTransportTDO
Setting time step: 0.038636267 in CombinedOp
Setting time step: 0.038636267 in IonStaticPressureOp
norm(r_0) 0
norm(r_1) 0
norm(r_2) 0
norm(r_3) 0.0011797646
norm(r_4) 0
Newton iteration  0 : ||r|| = 0.00117976
   Pass :  1   Iteration :   0  ||B r|| = 1.04461 ...
   Pass :  2   Iteration :  56  ||B r|| = 1.0115e-06
norm(r_0) 0
norm(r_1) 0
norm(r_2) 0
norm(r_3) 3.5242839e-06
norm(r_4) 0
Newton iteration  1 : ||r|| = 3.52428e-06, ||r||/||r_0|| = 0.00298728
Setting time step: 0.042493098 in DGTransportTDO
Setting time step: 0.042493098 in CombinedOp
Setting time step: 0.042493098 in IonStaticPressureOp
norm(r_0) 0
norm(r_1) 0
norm(r_2) 0
norm(r_3) 0.00078168934
norm(r_4) 0
Newton iteration  0 : ||r|| = 0.000781689
   Pass :  1   Iteration :   0  ||B r|| = 0.640892 ...
   Pass :  2   Iteration :  53  ||B r|| = 9.30858e-07
norm(r_0) 0
norm(r_1) 0
norm(r_2) 0
norm(r_3) 3.6221041e-06
norm(r_4) 0
Newton iteration  1 : ||r|| = 3.6221e-06, ||r||/||r_0|| = 0.00463369
Setting time step: 0.042493098 in DGTransportTDO
Setting time step: 0.042493098 in CombinedOp
Setting time step: 0.042493098 in IonStaticPressureOp
norm(r_0) 0
norm(r_1) 0
norm(r_2) 0
norm(r_3) 0.0002210379
norm(r_4) 0
Newton iteration  0 : ||r|| = 0.000221038
   Pass :  1   Iteration :   0  ||B r|| = 0.181193 ...
   Pass :  1   Iteration :  44  ||B r|| = 9.82941e-07
norm(r_0) 0
norm(r_1) 0
norm(r_2) 0
norm(r_3) 3.9977577e-06
norm(r_4) 0
Newton iteration  1 : ||r|| = 3.99776e-06, ||r||/||r_0|| = 0.0180863
Setting time step: 0.042493098 in DGTransportTDO
Setting time step: 0.042493098 in CombinedOp
Setting time step: 0.042493098 in IonStaticPressureOp
norm(r_0) 0
norm(r_1) 0
norm(r_2) 0
norm(r_3) 0.00041310812
norm(r_4) 0
Newton iteration  0 : ||r|| = 0.000413108
   Pass :  1   Iteration :   0  ||B r|| = 0.338694 ...
   Pass :  1   Iteration :  48  ||B r|| = 9.41863e-07
norm(r_0) 0
norm(r_1) 0
norm(r_2) 0
norm(r_3) 3.5280443e-06
norm(r_4) 0
Newton iteration  1 : ||r|| = 3.52804e-06, ||r||/||r_0|| = 0.00854024
Setting time step: 0.042493098 in DGTransportTDO
Setting time step: 0.042493098 in CombinedOp
Setting time step: 0.042493098 in IonStaticPressureOp
norm(r_0) 0
norm(r_1) 0
norm(r_2) 0
norm(r_3) 0.00047541239
norm(r_4) 0
Newton iteration  0 : ||r|| = 0.000475412
   Pass :  1   Iteration :   0  ||B r|| = 0.389781 ...
   Pass :  1   Iteration :  49  ||B r|| = 9.0513e-07
norm(r_0) 0
norm(r_1) 0
norm(r_2) 0
norm(r_3) 3.8196329e-06
norm(r_4) 0
Newton iteration  1 : ||r|| = 3.81963e-06, ||r||/||r_0|| = 0.00803436
Setting time step: 0.042493098 in DGTransportTDO
Setting time step: 0.042493098 in CombinedOp
Setting time step: 0.042493098 in IonStaticPressureOp
norm(r_0) 0
norm(r_1) 0
norm(r_2) 0
norm(r_3) 0.00017297465
norm(r_4) 0
Newton iteration  0 : ||r|| = 0.000172975
   Pass :  1   Iteration :   0  ||B r|| = 0.11336 ...
   Pass :  1   Iteration :  42  ||B r|| = 9.88347e-07
norm(r_0) 0
norm(r_1) 0
norm(r_2) 0
norm(r_3) 3.9894254e-06
norm(r_4) 0
Newton iteration  1 : ||r|| = 3.98943e-06, ||r||/||r_0|| = 0.0230636
Setting time step: 0.084986195 in DGTransportTDO
Setting time step: 0.084986195 in CombinedOp
Setting time step: 0.084986195 in IonStaticPressureOp
norm(r_0) 0
norm(r_1) 0
norm(r_2) 0
norm(r_3) 8.8742961e-05
norm(r_4) 0
Newton iteration  0 : ||r|| = 8.8743e-05
   Pass :  1   Iteration :   0  ||B r|| = 0.0398934 ...
   Pass :  1   Iteration :  39  ||B r|| = 9.21657e-07
norm(r_0) 0
norm(r_1) 0
norm(r_2) 0
norm(r_3) 5.9582542e-06
norm(r_4) 0
Newton iteration  1 : ||r|| = 5.95825e-06, ||r||/||r_0|| = 0.0671406
Setting time step: 0.084986195 in DGTransportTDO
Setting time step: 0.084986195 in CombinedOp
Setting time step: 0.084986195 in IonStaticPressureOp
norm(r_0) 0
norm(r_1) 0
norm(r_2) 0
norm(r_3) 1.2002859e-05
norm(r_4) 0
Newton iteration  0 : ||r|| = 1.20029e-05
   Pass :  1   Iteration :   0  ||B r|| = 0.00222238 ...
   Pass :  1   Iteration :  23  ||B r|| = 8.71334e-07
norm(r_0) 0
norm(r_1) 0
norm(r_2) 0
norm(r_3) 4.1370756e-06
norm(r_4) 0
Newton iteration  1 : ||r|| = 4.13708e-06, ||r||/||r_0|| = 0.344674
Setting time step: 0.084986195 in DGTransportTDO
Setting time step: 0.084986195 in CombinedOp
Setting time step: 0.084986195 in IonStaticPressureOp
norm(r_0) 0
norm(r_1) 0
norm(r_2) 0
norm(r_3) 2.6331293e-05
norm(r_4) 0
Newton iteration  0 : ||r|| = 2.63313e-05
   Pass :  1   Iteration :   0  ||B r|| = 0.0110671 ...
   Pass :  1   Iteration :  32  ||B r|| = 8.2562e-07
norm(r_0) 0
norm(r_1) 0
norm(r_2) 0
norm(r_3) 5.4898463e-06
norm(r_4) 0
Newton iteration  1 : ||r|| = 5.48985e-06, ||r||/||r_0|| = 0.208491
Setting time step: 0.084986195 in DGTransportTDO
Setting time step: 0.084986195 in CombinedOp
Setting time step: 0.084986195 in IonStaticPressureOp
norm(r_0) 0
norm(r_1) 0
norm(r_2) 0
norm(r_3) 3.6436562e-05
norm(r_4) 0
Newton iteration  0 : ||r|| = 3.64366e-05
   Pass :  1   Iteration :   0  ||B r|| = 0.0160349 ...
   Pass :  1   Iteration :  33  ||B r|| = 9.39001e-07
norm(r_0) 0
norm(r_1) 0
norm(r_2) 0
norm(r_3) 6.6635812e-06
norm(r_4) 0
Newton iteration  1 : ||r|| = 6.66358e-06, ||r||/||r_0|| = 0.182882
Setting time step: 0.084986195 in DGTransportTDO
Setting time step: 0.084986195 in CombinedOp
Setting time step: 0.084986195 in IonStaticPressureOp
norm(r_0) 0
norm(r_1) 0
norm(r_2) 0
norm(r_3) 0.00018528908
norm(r_4) 0
Newton iteration  0 : ||r|| = 0.000185289
   Pass :  1   Iteration :   0  ||B r|| = 0.00460384 ...
   Pass :  1   Iteration :  27  ||B r|| = 9.31508e-07
norm(r_0) 0
norm(r_1) 0
norm(r_2) 0
norm(r_3) 5.307057e-06
norm(r_4) 0
Newton iteration  1 : ||r|| = 5.30706e-06, ||r||/||r_0|| = 0.028642
Time stepping paused at t = 0.89327397

Estimating errors.
No refinements necessary.
No derefinements needed.

AMR iteration 2
Number of unknowns: 9216
Setting time step: 0.16997239 in DGTransportTDO
Setting time step: 0.16997239 in CombinedOp
Setting time step: 0.16997239 in IonStaticPressureOp
norm(r_0) 0
norm(r_1) 0
norm(r_2) 0
norm(r_3) 7.1604601e-06
norm(r_4) 0
Newton iteration  0 : ||r|| = 7.16046e-06
   Pass :  1   Iteration :   0  ||B r|| = 0.00114895 ...
   Pass :  1   Iteration :  19  ||B r|| = 9.52384e-07
norm(r_0) 0
norm(r_1) 0
norm(r_2) 0
norm(r_3) 9.5154899e-06
norm(r_4) 0
Newton iteration  1 : ||r|| = 9.51549e-06, ||r||/||r_0|| = 1.32889
Setting time step: 0.16997239 in DGTransportTDO
Setting time step: 0.16997239 in CombinedOp
Setting time step: 0.16997239 in IonStaticPressureOp
norm(r_0) 0
norm(r_1) 0
norm(r_2) 0
norm(r_3) 2.012598e-05
norm(r_4) 0
Newton iteration  0 : ||r|| = 2.0126e-05
   Pass :  1   Iteration :   0  ||B r|| = 0.000446574 ...
   Pass :  1   Iteration :  12  ||B r|| = 8.351e-07
norm(r_0) 0
norm(r_1) 0
norm(r_2) 0
norm(r_3) 7.7841221e-06
norm(r_4) 0
Newton iteration  1 : ||r|| = 7.78412e-06, ||r||/||r_0|| = 0.38677
Setting time step: 0.16997239 in DGTransportTDO
Setting time step: 0.16997239 in CombinedOp
Setting time step: 0.16997239 in IonStaticPressureOp
norm(r_0) 0
norm(r_1) 0
norm(r_2) 0
norm(r_3) 1.646091e-05
norm(r_4) 0
Newton iteration  0 : ||r|| = 1.64609e-05
   Pass :  1   Iteration :   0  ||B r|| = 1.36435e-05 ...
   Pass :  1   Iteration :   9  ||B r|| = 9.59001e-07
norm(r_0) 0
norm(r_1) 0
norm(r_2) 0
norm(r_3) 7.9054919e-06
norm(r_4) 0
Newton iteration  1 : ||r|| = 7.90549e-06, ||r||/||r_0|| = 0.480258
Setting time step: 0.16997239 in DGTransportTDO
Setting time step: 0.16997239 in CombinedOp
Setting time step: 0.16997239 in IonStaticPressureOp
norm(r_0) 0
norm(r_1) 0
norm(r_2) 0
norm(r_3) 1.3161998e-05
norm(r_4) 0
Newton iteration  0 : ||r|| = 1.3162e-05
   Pass :  1   Iteration :   0  ||B r|| = 0.000213924 ...
   Pass :  1   Iteration :  12  ||B r|| = 9.3803e-07
norm(r_0) 0
norm(r_1) 0
norm(r_2) 0
norm(r_3) 8.5788043e-06
norm(r_4) 0
Newton iteration  1 : ||r|| = 8.5788e-06, ||r||/||r_0|| = 0.651786
Setting time step: 0.16997239 in DGTransportTDO
Setting time step: 0.16997239 in CombinedOp
Setting time step: 0.16997239 in IonStaticPressureOp
norm(r_0) 0
norm(r_1) 0
norm(r_2) 0
norm(r_3) 0.00025679568
norm(r_4) 0
Newton iteration  0 : ||r|| = 0.000256796
   Pass :  1   Iteration :   0  ||B r|| = 0.000333683 ...
   Pass :  1   Iteration :  21  ||B r|| = 8.91632e-07
norm(r_0) 0
norm(r_1) 0
norm(r_2) 0
norm(r_3) 1.0454625e-05
norm(r_4) 0
Newton iteration  1 : ||r|| = 1.04546e-05, ||r||/||r_0|| = 0.0407118
Setting time step: 0.33994478 in DGTransportTDO
Setting time step: 0.33994478 in CombinedOp
Setting time step: 0.33994478 in IonStaticPressureOp
norm(r_0) 0
norm(r_1) 0
norm(r_2) 0
norm(r_3) 1.0507213e-05
norm(r_4) 0
Newton iteration  0 : ||r|| = 1.05072e-05
   Pass :  1   Iteration :   0  ||B r|| = 0.000122378 ...
   Pass :  1   Iteration :  10  ||B r|| = 8.37383e-07
norm(r_0) 0
norm(r_1) 0
norm(r_2) 0
norm(r_3) 1.2889643e-05
norm(r_4) 0
Newton iteration  1 : ||r|| = 1.28896e-05, ||r||/||r_0|| = 1.22674
Setting time step: 0.33994478 in DGTransportTDO
Setting time step: 0.33994478 in CombinedOp
Setting time step: 0.33994478 in IonStaticPressureOp
norm(r_0) 0
norm(r_1) 0
norm(r_2) 0
norm(r_3) 2.6412513e-05
norm(r_4) 0
Newton iteration  0 : ||r|| = 2.64125e-05
   Pass :  1   Iteration :   0  ||B r|| = 7.45247e-05 ...
   Pass :  1   Iteration :   5  ||B r|| = 8.8567e-07
norm(r_0) 0
norm(r_1) 0
norm(r_2) 0
norm(r_3) 1.4024369e-05
norm(r_4) 0
Newton iteration  1 : ||r|| = 1.40244e-05, ||r||/||r_0|| = 0.530974
Setting time step: 0.33994478 in DGTransportTDO
Setting time step: 0.33994478 in CombinedOp
Setting time step: 0.33994478 in IonStaticPressureOp
norm(r_0) 0
norm(r_1) 0
norm(r_2) 0
norm(r_3) 2.1917184e-05
norm(r_4) 0
Newton iteration  0 : ||r|| = 2.19172e-05
   Pass :  1   Iteration :   0  ||B r|| = 2.14683e-05 ...
   Pass :  1   Iteration :   4  ||B r|| = 6.56625e-07
norm(r_0) 0
norm(r_1) 0
norm(r_2) 0
norm(r_3) 1.0926577e-05
norm(r_4) 0
Newton iteration  1 : ||r|| = 1.09266e-05, ||r||/||r_0|| = 0.498539
Setting time step: 0.33994478 in DGTransportTDO
Setting time step: 0.33994478 in CombinedOp
Setting time step: 0.33994478 in IonStaticPressureOp
norm(r_0) 0
norm(r_1) 0
norm(r_2) 0
norm(r_3) 1.7434206e-05
norm(r_4) 0
Newton iteration  0 : ||r|| = 1.74342e-05
   Pass :  1   Iteration :   0  ||B r|| = 4.547e-06 ...
   Pass :  1   Iteration :   1  ||B r|| = 9.79633e-07
norm(r_0) 0
norm(r_1) 0
norm(r_2) 0
norm(r_3) 1.2325988e-05
norm(r_4) 0
Newton iteration  1 : ||r|| = 1.2326e-05, ||r||/||r_0|| = 0.707
Setting time step: 0.33994478 in DGTransportTDO
Setting time step: 0.33994478 in CombinedOp
Setting time step: 0.33994478 in IonStaticPressureOp
norm(r_0) 0
norm(r_1) 0
norm(r_2) 0
norm(r_3) 0.00042481262
norm(r_4) 0
Newton iteration  0 : ||r|| = 0.000424813
   Pass :  1   Iteration :   0  ||B r|| = 0.00013214 ...
   Pass :  1   Iteration :  17  ||B r|| = 8.17573e-07
norm(r_0) 0
norm(r_1) 0
norm(r_2) 0
norm(r_3) 1.7194476e-05
norm(r_4) 0
Newton iteration  1 : ||r|| = 1.71945e-05, ||r||/||r_0|| = 0.0404754
Setting time step: 0.67988956 in DGTransportTDO
Setting time step: 0.67988956 in CombinedOp
Setting time step: 0.67988956 in IonStaticPressureOp
norm(r_0) 0
norm(r_1) 0
norm(r_2) 0
norm(r_3) 1.7198436e-05
norm(r_4) 0
Newton iteration  0 : ||r|| = 1.71984e-05
   Pass :  1   Iteration :   0  ||B r|| = 3.21699e-06 ...
   Pass :  1   Iteration :   1  ||B r|| = 4.94397e-07
norm(r_0) 0
norm(r_1) 0
norm(r_2) 0
norm(r_3) 1.3821661e-05
norm(r_4) 0
Newton iteration  1 : ||r|| = 1.38217e-05, ||r||/||r_0|| = 0.803658
Setting time step: 0.67988956 in DGTransportTDO
Setting time step: 0.67988956 in CombinedOp
Setting time step: 0.67988956 in IonStaticPressureOp
norm(r_0) 0
norm(r_1) 0
norm(r_2) 0
norm(r_3) 2.1417219e-05
norm(r_4) 0
Newton iteration  0 : ||r|| = 2.14172e-05
   Pass :  1   Iteration :   0  ||B r|| = 3.09066e-06 ...
   Pass :  1   Iteration :   1  ||B r|| = 4.37049e-07
norm(r_0) 0
norm(r_1) 0
norm(r_2) 0
norm(r_3) 1.243169e-05
norm(r_4) 0
Newton iteration  1 : ||r|| = 1.24317e-05, ||r||/||r_0|| = 0.580453
Setting time step: 0.67988956 in DGTransportTDO
Setting time step: 0.67988956 in CombinedOp
Setting time step: 0.67988956 in IonStaticPressureOp
norm(r_0) 0
norm(r_1) 0
norm(r_2) 0
norm(r_3) 1.7681489e-05
norm(r_4) 0
Newton iteration  0 : ||r|| = 1.76815e-05
   Pass :  1   Iteration :   0  ||B r|| = 1.62057e-06 ...
   Pass :  1   Iteration :   1  ||B r|| = 4.47009e-07
norm(r_0) 0
norm(r_1) 0
norm(r_2) 0
norm(r_3) 1.2574998e-05
norm(r_4) 0
Newton iteration  1 : ||r|| = 1.2575e-05, ||r||/||r_0|| = 0.711196
Setting time step: 0.67988956 in DGTransportTDO
Setting time step: 0.67988956 in CombinedOp
Setting time step: 0.67988956 in IonStaticPressureOp
norm(r_0) 0
norm(r_1) 0
norm(r_2) 0
norm(r_3) 1.5389115e-05
norm(r_4) 0
Newton iteration  0 : ||r|| = 1.53891e-05
   Pass :  1   Iteration :   0  ||B r|| = 8.29e-07
norm(r_0) 0
norm(r_1) 0
norm(r_2) 0
norm(r_3) 1.5389115e-05
norm(r_4) 0
Newton iteration  1 : ||r|| = 1.53891e-05, ||r||/||r_0|| = 1
Setting time step: 0.67988956 in DGTransportTDO
Setting time step: 0.67988956 in CombinedOp
Setting time step: 0.67988956 in IonStaticPressureOp
norm(r_0) 0
norm(r_1) 0
norm(r_2) 0
norm(r_3) 0.00024867703
norm(r_4) 0
Newton iteration  0 : ||r|| = 0.000248677
   Pass :  1   Iteration :   0  ||B r|| = 2.60356e-05 ...
   Pass :  1   Iteration :   2  ||B r|| = 8.69676e-07
norm(r_0) 0
norm(r_1) 0
norm(r_2) 0
norm(r_3) 4.6254915e-05
norm(r_4) 0
Newton iteration  1 : ||r|| = 4.62549e-05, ||r||/||r_0|| = 0.186004
Setting time step: 1.3597791 in DGTransportTDO
Setting time step: 1.3597791 in CombinedOp
Setting time step: 1.3597791 in IonStaticPressureOp
norm(r_0) 0
norm(r_1) 0
norm(r_2) 0
norm(r_3) 4.6255003e-05
norm(r_4) 0
Newton iteration  0 : ||r|| = 4.6255e-05
   Pass :  1   Iteration :   0  ||B r|| = 4.29605e-07
norm(r_0) 0
norm(r_1) 0
norm(r_2) 0
norm(r_3) 4.6255003e-05
norm(r_4) 0
Newton iteration  1 : ||r|| = 4.6255e-05, ||r||/||r_0|| = 1
Setting time step: 1.3597791 in DGTransportTDO
Setting time step: 1.3597791 in CombinedOp
Setting time step: 1.3597791 in IonStaticPressureOp
norm(r_0) 0
norm(r_1) 0
norm(r_2) 0
norm(r_3) 4.6255003e-05
norm(r_4) 0
Newton iteration  0 : ||r|| = 4.6255e-05
   Pass :  1   Iteration :   0  ||B r|| = 4.29605e-07
norm(r_0) 0
norm(r_1) 0
norm(r_2) 0
norm(r_3) 4.6255003e-05
norm(r_4) 0
Newton iteration  1 : ||r|| = 4.6255e-05, ||r||/||r_0|| = 1
Setting time step: 1.3597791 in DGTransportTDO
Setting time step: 1.3597791 in CombinedOp
Setting time step: 1.3597791 in IonStaticPressureOp
norm(r_0) 0
norm(r_1) 0
norm(r_2) 0
norm(r_3) 4.6255003e-05
norm(r_4) 0
Newton iteration  0 : ||r|| = 4.6255e-05
   Pass :  1   Iteration :   0  ||B r|| = 4.29605e-07
norm(r_0) 0
norm(r_1) 0
norm(r_2) 0
norm(r_3) 4.6255003e-05
norm(r_4) 0
Newton iteration  1 : ||r|| = 4.6255e-05, ||r||/||r_0|| = 1
Setting time step: 1.3597791 in DGTransportTDO
Setting time step: 1.3597791 in CombinedOp
Setting time step: 1.3597791 in IonStaticPressureOp
norm(r_0) 0
norm(r_1) 0
norm(r_2) 0
norm(r_3) 4.6255003e-05
norm(r_4) 0
Newton iteration  0 : ||r|| = 4.6255e-05
   Pass :  1   Iteration :   0  ||B r|| = 4.29605e-07
norm(r_0) 0
norm(r_1) 0
norm(r_2) 0
norm(r_3) 4.6255003e-05
norm(r_4) 0
Newton iteration  1 : ||r|| = 4.6255e-05, ||r||/||r_0|| = 1
Setting time step: 1.3597791 in DGTransportTDO
Setting time step: 1.3597791 in CombinedOp
Setting time step: 1.3597791 in IonStaticPressureOp
norm(r_0) 0
norm(r_1) 0
norm(r_2) 0
norm(r_3) 4.6255003e-05
norm(r_4) 0
Newton iteration  0 : ||r|| = 4.6255e-05
   Pass :  1   Iteration :   0  ||B r|| = 4.29605e-07
norm(r_0) 0
norm(r_1) 0
norm(r_2) 0
norm(r_3) 4.6255003e-05
norm(r_4) 0
Newton iteration  1 : ||r|| = 4.6255e-05, ||r||/||r_0|| = 1
Time stepping paused at t = 11.091617
Steady State solution has been reached

Time stepping done after 10.360716s.
