9: Number of elements in parallel mesh: 16
9: Number of elements after parallel refinement: 16
13: Number of elements in parallel mesh: 16
13: Number of elements after parallel refinement: 16
15: Number of elements in parallel mesh: 16
15: Number of elements after parallel refinement: 16
12: Number of elements in parallel mesh: 16
12: Number of elements after parallel refinement: 16
8: Number of elements in parallel mesh: 16
8: Number of elements after parallel refinement: 16
11: Number of elements in parallel mesh: 16
11: Number of elements after parallel refinement: 16
10: Number of elements in parallel mesh: 16
10: Number of elements after parallel refinement: 16
Options used:
   --mesh ../../mfem/data/inline-quad.mesh
   --bc-file ../../mfem/miniapps/plasma/transport2d_bcs.inp
   --ic-file ../../mfem/miniapps/plasma/transport2d_ics.inp
   --ec-file /home/gz6/mfem-analysis/input-files/transport2d_ecs.inp
   --es-file ../../mfem/miniapps/plasma/transport2d_ess.inp
   --eqdsk-file 
   --logging 1
   --operator-test 8
   --equation-weights '1 1 1 1 1'
   --problem 0
   --refine-serial 2
   --refine-parallel 0
   --enable-amr
   --max-err -1
   --hysteresis 0.25
   --nc-limit 3
   --amr-weights '1 1 1 1 1'
   --order 1
   --dg-sigma -1
   --dg-kappa 4
   --linear-abs-tolerance 1e-06
   --linear-rel-tolerance 1e-06
   --linear-max-iterations 500
   --linear-logging-level 3
   --newton-abs-tolerance 1e-10
   --newton-rel-tolerance 1e-10
   --newton-max-iterations 1
   --newton-logging-level 1
   --steady-state-abs-tolerance 1e-08
   --steady-state-rel-tolerance 1e-08
   --prec-type 1
   --prec-logging-level 0
   --initial-tolerance 1e-05
   --ode-tolerance 0.001
   --ode-solver 2
   --err-per-step
   --ode-weights '1 1 1 1 1'
   --kP 0
   --kI 0.6
   --kD 0
   --theta-max 2
   --t-minimum 0
   --t-final 100
   --time-step 0.01
   --cfl-number 0.3
   --ion-charge 1
   --ion-mass 2.0141018
   --neutral-mass 2.0141018
   --neutral-temp 3
   --min-neutral-density 9e+14
   --max-neutral-density 1e+15
   --neutral-density-exp 0
   --min-ion-density 1e+16
   --max-ion-density 1e+18
   --ion-density-exp 0
   --min-ion-temp 1
   --max-ion-temp 10
   --ion-temp-exp 0
   --min-electron-temp 10
   --max-electron-temp 440
   --electron-temp-exp 0
   --total-B-magnitude 5
   --poloidal-B-magnitude 0.5
   --velocity 1000
   --Di-perp 1
   --Xi-perp 1
   --Xe-perp 1
   --equation-term-flags '-1 -1 -1 -1 -1'
   --visualization-flags '-1 -1 -1 -1 -1'
   --visualization
   --visit-datafiles
   --ascii-datafiles
   --visualization-steps 4
Device configuration: cpu
Memory configuration: host-std
Number of elements in initial mesh: 16
Number of elements after serial refinement: 256
3: Number of elements in parallel mesh: 16
3: Number of elements after parallel refinement: 16
0: Number of elements in parallel mesh: 16
0: Number of elements after parallel refinement: 16
1: Number of elements in parallel mesh: 16
1: Number of elements after parallel refinement: 16
2: Number of elements in parallel mesh: 16
2: Number of elements after parallel refinement: 16
5: Number of elements in parallel mesh: 16
5: Number of elements after parallel refinement: 16
7: Number of elements in parallel mesh: 16
7: Number of elements after parallel refinement: 16
4: Number of elements in parallel mesh: 16
4: Number of elements after parallel refinement: 16
6: Number of elements in parallel mesh: 16
6: Number of elements after parallel refinement: 16
14: Number of elements in parallel mesh: 16
14: Number of elements after parallel refinement: 16
Configuring initial conditions
Reading initial conditions from ../../mfem/miniapps/plasma/transport2d_ics.inp
Configuring exact solutions
Reading exact solutions from ../../mfem/miniapps/plasma/transport2d_ess.inp

AMR iteration 0
Number of unknowns: 1024
Stopping criterion satisfied. Stop.
Number of unknowns per field: 1024
Total number of unknowns:     5120
Configuring boundary conditions
Reading boundary conditions from ../../mfem/miniapps/plasma/transport2d_bcs.inp
Configuring equation coefficients
Reading equation coefficients from /home/gz6/mfem-analysis/input-files/transport2d_ecs.inp
|mn| = 3.3444946e-27
|ni| = 1
|ne| = 1

|Dn|     = -nan
|Di|     = -nan
|Eta|    = -nan
|nXi|    = -nan
|nXe|    = -nan

|Eta/mn| = -nan
|nXi/ni| = -nan
|nXe/ne| = -nan
Ion Static Pressure: Adding time derivative term proportional to d n_i / dt
Ion Static Pressure: Adding time derivative term proportional to d T_i / dt
Ion Static Pressure: Adding anisotropic diffusion term
Ion Static Pressure: Adding source term
Opening GLVis sockets.
Range of error estimates for initial condition: -nan < elem err < -nan

Begin time stepping at t = 0
Setting time step: 0.0025 in DGTransportTDO
Setting time step: 0.0025 in CombinedOp
Setting time step: 0.0025 in IonStaticPressureOp
norm(r_0) 0
norm(r_1) 0
norm(r_2) 0
norm(r_3) 0.30842514
norm(r_4) 0
Newton iteration  0 : ||r|| = 0.308425
   Pass :  1   Iteration :   0  ||B r|| = 176.773 ...
   Pass :  1   Iteration :  10  ||B r|| = 7.05913e-05
norm(r_0) 0
norm(r_1) 0
norm(r_2) 0
norm(r_3) 2.1519192e-06
norm(r_4) 0
Newton iteration  1 : ||r|| = 2.15192e-06, ||r||/||r_0|| = 6.97712e-06
Setting time step: 0.0025 in DGTransportTDO
Setting time step: 0.0025 in CombinedOp
Setting time step: 0.0025 in IonStaticPressureOp
norm(r_0) 0
norm(r_1) 0
norm(r_2) 0
norm(r_3) 0.28860367
norm(r_4) 0
Newton iteration  0 : ||r|| = 0.288604
   Pass :  1   Iteration :   0  ||B r|| = 165.42 ...
   Pass :  1   Iteration :  10  ||B r|| = 6.59276e-05
norm(r_0) 0
norm(r_1) 0
norm(r_2) 0
norm(r_3) 2.0093535e-06
norm(r_4) 0
Newton iteration  1 : ||r|| = 2.00935e-06, ||r||/||r_0|| = 6.96233e-06
Setting time step: 0.0025 in DGTransportTDO
Setting time step: 0.0025 in CombinedOp
Setting time step: 0.0025 in IonStaticPressureOp
norm(r_0) 0
norm(r_1) 0
norm(r_2) 0
norm(r_3) 0.29643032
norm(r_4) 0
Newton iteration  0 : ||r|| = 0.29643
   Pass :  1   Iteration :   0  ||B r|| = 169.903 ...
   Pass :  1   Iteration :  10  ||B r|| = 6.77619e-05
norm(r_0) 0
norm(r_1) 0
norm(r_2) 0
norm(r_3) 2.0653956e-06
norm(r_4) 0
Newton iteration  1 : ||r|| = 2.0654e-06, ||r||/||r_0|| = 6.96756e-06
Setting time step: 0.0025 in DGTransportTDO
Setting time step: 0.0025 in CombinedOp
Setting time step: 0.0025 in IonStaticPressureOp
norm(r_0) 0
norm(r_1) 0
norm(r_2) 0
norm(r_3) 0.29842856
norm(r_4) 0
Newton iteration  0 : ||r|| = 0.298429
   Pass :  1   Iteration :   0  ||B r|| = 171.048 ...
   Pass :  1   Iteration :  10  ||B r|| = 6.82335e-05
norm(r_0) 0
norm(r_1) 0
norm(r_2) 0
norm(r_3) 2.0798188e-06
norm(r_4) 0
Newton iteration  1 : ||r|| = 2.07982e-06, ||r||/||r_0|| = 6.96924e-06
Setting time step: 0.0025 in DGTransportTDO
Setting time step: 0.0025 in CombinedOp
Setting time step: 0.0025 in IonStaticPressureOp
norm(r_0) 0
norm(r_1) 0
norm(r_2) 0
norm(r_3) 0.27903569
norm(r_4) 0
Newton iteration  0 : ||r|| = 0.279036
   Pass :  1   Iteration :   0  ||B r|| = 159.938 ...
   Pass :  1   Iteration :  10  ||B r|| = 6.37253e-05
norm(r_0) 0
norm(r_1) 0
norm(r_2) 0
norm(r_3) 1.9422367e-06
norm(r_4) 0
Newton iteration  1 : ||r|| = 1.94224e-06, ||r||/||r_0|| = 6.96053e-06
Setting time step: 0.005 in DGTransportTDO
Setting time step: 0.005 in CombinedOp
Setting time step: 0.005 in IonStaticPressureOp
norm(r_0) 0
norm(r_1) 0
norm(r_2) 0
norm(r_3) 0.27006939
norm(r_4) 0
Newton iteration  0 : ||r|| = 0.270069
   Pass :  1   Iteration :   0  ||B r|| = 141.32 ...
   Pass :  1   Iteration :  11  ||B r|| = 4.82538e-05
norm(r_0) 0
norm(r_1) 0
norm(r_2) 0
norm(r_3) 2.9824244e-06
norm(r_4) 0
Newton iteration  1 : ||r|| = 2.98242e-06, ||r||/||r_0|| = 1.10432e-05
Setting time step: 0.005 in DGTransportTDO
Setting time step: 0.005 in CombinedOp
Setting time step: 0.005 in IonStaticPressureOp
norm(r_0) 0
norm(r_1) 0
norm(r_2) 0
norm(r_3) 0.23643748
norm(r_4) 0
Newton iteration  0 : ||r|| = 0.236437
   Pass :  1   Iteration :   0  ||B r|| = 123.727 ...
   Pass :  1   Iteration :  11  ||B r|| = 4.22171e-05
norm(r_0) 0
norm(r_1) 0
norm(r_2) 0
norm(r_3) 2.6090907e-06
norm(r_4) 0
Newton iteration  1 : ||r|| = 2.60909e-06, ||r||/||r_0|| = 1.1035e-05
Setting time step: 0.005 in DGTransportTDO
Setting time step: 0.005 in CombinedOp
Setting time step: 0.005 in IonStaticPressureOp
norm(r_0) 0
norm(r_1) 0
norm(r_2) 0
norm(r_3) 0.24955518
norm(r_4) 0
Newton iteration  0 : ||r|| = 0.249555
   Pass :  1   Iteration :   0  ||B r|| = 130.589 ...
   Pass :  1   Iteration :  11  ||B r|| = 4.45699e-05
norm(r_0) 0
norm(r_1) 0
norm(r_2) 0
norm(r_3) 2.7545907e-06
norm(r_4) 0
Newton iteration  1 : ||r|| = 2.75459e-06, ||r||/||r_0|| = 1.1038e-05
Setting time step: 0.005 in DGTransportTDO
Setting time step: 0.005 in CombinedOp
Setting time step: 0.005 in IonStaticPressureOp
norm(r_0) 0
norm(r_1) 0
norm(r_2) 0
norm(r_3) 0.25297241
norm(r_4) 0
Newton iteration  0 : ||r|| = 0.252972
   Pass :  1   Iteration :   0  ||B r|| = 132.377 ...
   Pass :  1   Iteration :  11  ||B r|| = 4.51837e-05
norm(r_0) 0
norm(r_1) 0
norm(r_2) 0
norm(r_3) 2.7925476e-06
norm(r_4) 0
Newton iteration  1 : ||r|| = 2.79255e-06, ||r||/||r_0|| = 1.10389e-05
Setting time step: 0.005 in DGTransportTDO
Setting time step: 0.005 in CombinedOp
Setting time step: 0.005 in IonStaticPressureOp
norm(r_0) 0
norm(r_1) 0
norm(r_2) 0
norm(r_3) 0.22082477
norm(r_4) 0
Newton iteration  0 : ||r|| = 0.220825
   Pass :  1   Iteration :   0  ||B r|| = 115.558 ...
   Pass :  1   Iteration :  11  ||B r|| = 3.94274e-05
norm(r_0) 0
norm(r_1) 0
norm(r_2) 0
norm(r_3) 2.4366206e-06
norm(r_4) 0
Newton iteration  1 : ||r|| = 2.43662e-06, ||r||/||r_0|| = 1.10342e-05
Setting time step: 0.01 in DGTransportTDO
Setting time step: 0.01 in CombinedOp
Setting time step: 0.01 in IonStaticPressureOp
norm(r_0) 0
norm(r_1) 0
norm(r_2) 0
norm(r_3) 0.20707507
norm(r_4) 0
Newton iteration  0 : ||r|| = 0.207075
   Pass :  1   Iteration :   0  ||B r|| = 93.1588 ...
   Pass :  1   Iteration :  11  ||B r|| = 8.71745e-05
norm(r_0) 0
norm(r_1) 0
norm(r_2) 0
norm(r_3) 1.0680173e-05
norm(r_4) 0
Newton iteration  1 : ||r|| = 1.06802e-05, ||r||/||r_0|| = 5.15763e-05
Setting time step: 0.01 in DGTransportTDO
Setting time step: 0.01 in CombinedOp
Setting time step: 0.01 in IonStaticPressureOp
norm(r_0) 0
norm(r_1) 0
norm(r_2) 0
norm(r_3) 0.15852381
norm(r_4) 0
Newton iteration  0 : ||r|| = 0.158524
   Pass :  1   Iteration :   0  ||B r|| = 71.3183 ...
   Pass :  1   Iteration :  11  ||B r|| = 6.6718e-05
norm(r_0) 0
norm(r_1) 0
norm(r_2) 0
norm(r_3) 8.1742101e-06
norm(r_4) 0
Newton iteration  1 : ||r|| = 8.17421e-06, ||r||/||r_0|| = 5.15646e-05
Setting time step: 0.01 in DGTransportTDO
Setting time step: 0.01 in CombinedOp
Setting time step: 0.01 in IonStaticPressureOp
norm(r_0) 0
norm(r_1) 0
norm(r_2) 0
norm(r_3) 0.17703364
norm(r_4) 0
Newton iteration  0 : ||r|| = 0.177034
   Pass :  1   Iteration :   0  ||B r|| = 79.6449 ...
   Pass :  1   Iteration :  11  ||B r|| = 7.45159e-05
norm(r_0) 0
norm(r_1) 0
norm(r_2) 0
norm(r_3) 9.129484e-06
norm(r_4) 0
Newton iteration  1 : ||r|| = 9.12948e-06, ||r||/||r_0|| = 5.15692e-05
Setting time step: 0.01 in DGTransportTDO
Setting time step: 0.01 in CombinedOp
Setting time step: 0.01 in IonStaticPressureOp
norm(r_0) 0
norm(r_1) 0
norm(r_2) 0
norm(r_3) 0.18204116
norm(r_4) 0
Newton iteration  0 : ||r|| = 0.182041
   Pass :  1   Iteration :   0  ||B r|| = 81.8975 ...
   Pass :  1   Iteration :  11  ||B r|| = 7.6626e-05
norm(r_0) 0
norm(r_1) 0
norm(r_2) 0
norm(r_3) 9.3879672e-06
norm(r_4) 0
Newton iteration  1 : ||r|| = 9.38797e-06, ||r||/||r_0|| = 5.15706e-05
Setting time step: 0.01 in DGTransportTDO
Setting time step: 0.01 in CombinedOp
Setting time step: 0.01 in IonStaticPressureOp
norm(r_0) 0
norm(r_1) 0
norm(r_2) 0
norm(r_3) 0.1379116
norm(r_4) 0
Newton iteration  0 : ||r|| = 0.137912
   Pass :  1   Iteration :   0  ||B r|| = 62.045 ...
   Pass :  1   Iteration :  11  ||B r|| = 5.80395e-05
norm(r_0) 0
norm(r_1) 0
norm(r_2) 0
norm(r_3) 7.110965e-06
norm(r_4) 0
Newton iteration  1 : ||r|| = 7.11096e-06, ||r||/||r_0|| = 5.15618e-05
Setting time step: 0.02 in DGTransportTDO
Setting time step: 0.02 in CombinedOp
Setting time step: 0.02 in IonStaticPressureOp
norm(r_0) 0
norm(r_1) 0
norm(r_2) 0
norm(r_3) 0.12174408
norm(r_4) 0
Newton iteration  0 : ||r|| = 0.121744
   Pass :  1   Iteration :   0  ||B r|| = 43.0498 ...
   Pass :  1   Iteration :  12  ||B r|| = 3.56132e-05
norm(r_0) 0
norm(r_1) 0
norm(r_2) 0
norm(r_3) 6.2268944e-06
norm(r_4) 0
Newton iteration  1 : ||r|| = 6.22689e-06, ||r||/||r_0|| = 5.11474e-05
Setting time step: 0.02 in DGTransportTDO
Setting time step: 0.02 in CombinedOp
Setting time step: 0.02 in IonStaticPressureOp
norm(r_0) 0
norm(r_1) 0
norm(r_2) 0
norm(r_3) 0.070645655
norm(r_4) 0
Newton iteration  0 : ||r|| = 0.0706457
   Pass :  1   Iteration :   0  ||B r|| = 24.9811 ...
   Pass :  1   Iteration :  12  ||B r|| = 2.0665e-05
norm(r_0) 0
norm(r_1) 0
norm(r_2) 0
norm(r_3) 3.6132088e-06
norm(r_4) 0
Newton iteration  1 : ||r|| = 3.61321e-06, ||r||/||r_0|| = 5.11455e-05
Setting time step: 0.02 in DGTransportTDO
Setting time step: 0.02 in CombinedOp
Setting time step: 0.02 in IonStaticPressureOp
norm(r_0) 0
norm(r_1) 0
norm(r_2) 0
norm(r_3) 0.089369263
norm(r_4) 0
Newton iteration  0 : ||r|| = 0.0893693
   Pass :  1   Iteration :   0  ||B r|| = 31.6019 ...
   Pass :  1   Iteration :  12  ||B r|| = 2.61423e-05
norm(r_0) 0
norm(r_1) 0
norm(r_2) 0
norm(r_3) 4.5709078e-06
norm(r_4) 0
Newton iteration  1 : ||r|| = 4.57091e-06, ||r||/||r_0|| = 5.11463e-05
Setting time step: 0.02 in DGTransportTDO
Setting time step: 0.02 in CombinedOp
Setting time step: 0.02 in IonStaticPressureOp
norm(r_0) 0
norm(r_1) 0
norm(r_2) 0
norm(r_3) 0.094783753
norm(r_4) 0
Newton iteration  0 : ||r|| = 0.0947838
   Pass :  1   Iteration :   0  ||B r|| = 33.5165 ...
   Pass :  1   Iteration :  12  ||B r|| = 2.77262e-05
norm(r_0) 0
norm(r_1) 0
norm(r_2) 0
norm(r_3) 4.8478626e-06
norm(r_4) 0
Newton iteration  1 : ||r|| = 4.84786e-06, ||r||/||r_0|| = 5.11466e-05
Setting time step: 0.02 in DGTransportTDO
Setting time step: 0.02 in CombinedOp
Setting time step: 0.02 in IonStaticPressureOp
norm(r_0) 0
norm(r_1) 0
norm(r_2) 0
norm(r_3) 0.053319852
norm(r_4) 0
Newton iteration  0 : ||r|| = 0.0533199
   Pass :  1   Iteration :   0  ||B r|| = 18.8544 ...
   Pass :  1   Iteration :  12  ||B r|| = 1.55973e-05
norm(r_0) 0
norm(r_1) 0
norm(r_2) 0
norm(r_3) 2.7271562e-06
norm(r_4) 0
Newton iteration  1 : ||r|| = 2.72716e-06, ||r||/||r_0|| = 5.11471e-05
Time stepping paused at t = 0.15

Estimating errors.
No refinements necessary.
No derefinements needed.

AMR iteration 1
Number of unknowns: 1024
Setting time step: 0.019545732 in DGTransportTDO
Setting time step: 0.019545732 in CombinedOp
Setting time step: 0.019545732 in IonStaticPressureOp
norm(r_0) 0
norm(r_1) 0
norm(r_2) 0
norm(r_3) 0.042130143
norm(r_4) 0
Newton iteration  0 : ||r|| = 0.0421301
   Pass :  1   Iteration :   0  ||B r|| = 15.0392 ...
   Pass :  1   Iteration :  12  ||B r|| = 1.21506e-05
norm(r_0) 0
norm(r_1) 0
norm(r_2) 0
norm(r_3) 2.0775942e-06
norm(r_4) 0
Newton iteration  1 : ||r|| = 2.07759e-06, ||r||/||r_0|| = 4.93137e-05
Setting time step: 0.019545732 in DGTransportTDO
Setting time step: 0.019545732 in CombinedOp
Setting time step: 0.019545732 in IonStaticPressureOp
norm(r_0) 0
norm(r_1) 0
norm(r_2) 0
norm(r_3) 0.024766148
norm(r_4) 0
Newton iteration  0 : ||r|| = 0.0247661
   Pass :  1   Iteration :   0  ||B r|| = 8.8408 ...
   Pass :  1   Iteration :  12  ||B r|| = 7.14268e-06
norm(r_0) 0
norm(r_1) 0
norm(r_2) 0
norm(r_3) 1.2212986e-06
norm(r_4) 0
Newton iteration  1 : ||r|| = 1.2213e-06, ||r||/||r_0|| = 4.93132e-05
Setting time step: 0.019545732 in DGTransportTDO
Setting time step: 0.019545732 in CombinedOp
Setting time step: 0.019545732 in IonStaticPressureOp
norm(r_0) 0
norm(r_1) 0
norm(r_2) 0
norm(r_3) 0.031139219
norm(r_4) 0
Newton iteration  0 : ||r|| = 0.0311392
   Pass :  1   Iteration :   0  ||B r|| = 11.1158 ...
   Pass :  1   Iteration :  12  ||B r|| = 8.98074e-06
norm(r_0) 0
norm(r_1) 0
norm(r_2) 0
norm(r_3) 1.5355816e-06
norm(r_4) 0
Newton iteration  1 : ||r|| = 1.53558e-06, ||r||/||r_0|| = 4.93134e-05
Setting time step: 0.019545732 in DGTransportTDO
Setting time step: 0.019545732 in CombinedOp
Setting time step: 0.019545732 in IonStaticPressureOp
norm(r_0) 0
norm(r_1) 0
norm(r_2) 0
norm(r_3) 0.032977036
norm(r_4) 0
Newton iteration  0 : ||r|| = 0.032977
   Pass :  1   Iteration :   0  ||B r|| = 11.7718 ...
   Pass :  1   Iteration :  12  ||B r|| = 9.51079e-06
norm(r_0) 0
norm(r_1) 0
norm(r_2) 0
norm(r_3) 1.6262129e-06
norm(r_4) 0
Newton iteration  1 : ||r|| = 1.62621e-06, ||r||/||r_0|| = 4.93135e-05
Setting time step: 0.019545732 in DGTransportTDO
Setting time step: 0.019545732 in CombinedOp
Setting time step: 0.019545732 in IonStaticPressureOp
norm(r_0) 0
norm(r_1) 0
norm(r_2) 0
norm(r_3) 0.018809579
norm(r_4) 0
Newton iteration  0 : ||r|| = 0.0188096
   Pass :  1   Iteration :   0  ||B r|| = 6.71447 ...
   Pass :  1   Iteration :  12  ||B r|| = 5.42482e-06
norm(r_0) 0
norm(r_1) 0
norm(r_2) 0
norm(r_3) 9.2757132e-07
norm(r_4) 0
Newton iteration  1 : ||r|| = 9.27571e-07, ||r||/||r_0|| = 4.93138e-05
Setting time step: 0.038818142 in DGTransportTDO
Setting time step: 0.038818142 in CombinedOp
Setting time step: 0.038818142 in IonStaticPressureOp
norm(r_0) 0
norm(r_1) 0
norm(r_2) 0
norm(r_3) 0.014933383
norm(r_4) 0
Newton iteration  0 : ||r|| = 0.0149334
   Pass :  1   Iteration :   0  ||B r|| = 3.81698 ...
   Pass :  1   Iteration :  13  ||B r|| = 2.23947e-06
norm(r_0) 0
norm(r_1) 0
norm(r_2) 0
norm(r_3) 7.7994546e-07
norm(r_4) 0
Newton iteration  1 : ||r|| = 7.79945e-07, ||r||/||r_0|| = 5.22283e-05
Setting time step: 0.038818142 in DGTransportTDO
Setting time step: 0.038818142 in CombinedOp
Setting time step: 0.038818142 in IonStaticPressureOp
norm(r_0) 0
norm(r_1) 0
norm(r_2) 0
norm(r_3) 0.0047741239
norm(r_4) 0
Newton iteration  0 : ||r|| = 0.00477412
   Pass :  1   Iteration :   0  ||B r|| = 1.22027 ...
   Pass :  1   Iteration :  13  ||B r|| = 7.15935e-07
norm(r_0) 0
norm(r_1) 0
norm(r_2) 0
norm(r_3) 2.4933965e-07
norm(r_4) 0
Newton iteration  1 : ||r|| = 2.4934e-07, ||r||/||r_0|| = 5.22273e-05
Setting time step: 0.038818142 in DGTransportTDO
Setting time step: 0.038818142 in CombinedOp
Setting time step: 0.038818142 in IonStaticPressureOp
norm(r_0) 0
norm(r_1) 0
norm(r_2) 0
norm(r_3) 0.0082849155
norm(r_4) 0
Newton iteration  0 : ||r|| = 0.00828492
   Pass :  1   Iteration :   0  ||B r|| = 2.11763 ...
   Pass :  1   Iteration :  13  ||B r|| = 1.24243e-06
norm(r_0) 0
norm(r_1) 0
norm(r_2) 0
norm(r_3) 4.3270333e-07
norm(r_4) 0
Newton iteration  1 : ||r|| = 4.32703e-07, ||r||/||r_0|| = 5.22279e-05
Setting time step: 0.038818142 in DGTransportTDO
Setting time step: 0.038818142 in CombinedOp
Setting time step: 0.038818142 in IonStaticPressureOp
norm(r_0) 0
norm(r_1) 0
norm(r_2) 0
norm(r_3) 0.009406961
norm(r_4) 0
Newton iteration  0 : ||r|| = 0.00940696
   Pass :  1   Iteration :   0  ||B r|| = 2.40443 ...
   Pass :  1   Iteration :  13  ||B r|| = 1.4107e-06
norm(r_0) 0
norm(r_1) 0
norm(r_2) 0
norm(r_3) 4.9130663e-07
norm(r_4) 0
Newton iteration  1 : ||r|| = 4.91307e-07, ||r||/||r_0|| = 5.2228e-05
Setting time step: 0.038818142 in DGTransportTDO
Setting time step: 0.038818142 in CombinedOp
Setting time step: 0.038818142 in IonStaticPressureOp
norm(r_0) 0
norm(r_1) 0
norm(r_2) 0
norm(r_3) 0.0029936405
norm(r_4) 0
Newton iteration  0 : ||r|| = 0.00299364
   Pass :  1   Iteration :   0  ||B r|| = 0.765176 ...
   Pass :  1   Iteration :  13  ||B r|| = 4.48956e-07
norm(r_0) 0
norm(r_1) 0
norm(r_2) 0
norm(r_3) 1.5635937e-07
norm(r_4) 0
Newton iteration  1 : ||r|| = 1.56359e-07, ||r||/||r_0|| = 5.22305e-05
Setting time step: 0.042369921 in DGTransportTDO
Setting time step: 0.042369921 in CombinedOp
Setting time step: 0.042369921 in IonStaticPressureOp
norm(r_0) 0
norm(r_1) 0
norm(r_2) 0
norm(r_3) 0.0019753442
norm(r_4) 0
Newton iteration  0 : ||r|| = 0.00197534
   Pass :  1   Iteration :   0  ||B r|| = 0.480271 ...
   Pass :  1   Iteration :  12  ||B r|| = 7.78937e-07
norm(r_0) 0
norm(r_1) 0
norm(r_2) 0
norm(r_3) 2.8085938e-07
norm(r_4) 0
Newton iteration  1 : ||r|| = 2.80859e-07, ||r||/||r_0|| = 0.000142183
Setting time step: 0.042369921 in DGTransportTDO
Setting time step: 0.042369921 in CombinedOp
Setting time step: 0.042369921 in IonStaticPressureOp
norm(r_0) 0
norm(r_1) 0
norm(r_2) 0
norm(r_3) 0.00055282254
norm(r_4) 0
Newton iteration  0 : ||r|| = 0.000552823
   Pass :  1   Iteration :   0  ||B r|| = 0.134409 ...
   Pass :  1   Iteration :  11  ||B r|| = 5.28585e-07
norm(r_0) 0
norm(r_1) 0
norm(r_2) 0
norm(r_3) 2.3607091e-07
norm(r_4) 0
Newton iteration  1 : ||r|| = 2.36071e-07, ||r||/||r_0|| = 0.000427028
Setting time step: 0.042369921 in DGTransportTDO
Setting time step: 0.042369921 in CombinedOp
Setting time step: 0.042369921 in IonStaticPressureOp
norm(r_0) 0
norm(r_1) 0
norm(r_2) 0
norm(r_3) 0.0010398781
norm(r_4) 0
Newton iteration  0 : ||r|| = 0.00103988
   Pass :  1   Iteration :   0  ||B r|| = 0.252829 ...
   Pass :  1   Iteration :  11  ||B r|| = 9.94234e-07
norm(r_0) 0
norm(r_1) 0
norm(r_2) 0
norm(r_3) 4.4403261e-07
norm(r_4) 0
Newton iteration  1 : ||r|| = 4.44033e-07, ||r||/||r_0|| = 0.000427005
Setting time step: 0.042369921 in DGTransportTDO
Setting time step: 0.042369921 in CombinedOp
Setting time step: 0.042369921 in IonStaticPressureOp
norm(r_0) 0
norm(r_1) 0
norm(r_2) 0
norm(r_3) 0.0011980393
norm(r_4) 0
Newton iteration  0 : ||r|| = 0.00119804
   Pass :  1   Iteration :   0  ||B r|| = 0.291283 ...
   Pass :  1   Iteration :  12  ||B r|| = 4.72429e-07
norm(r_0) 0
norm(r_1) 0
norm(r_2) 0
norm(r_3) 1.7034311e-07
norm(r_4) 0
Newton iteration  1 : ||r|| = 1.70343e-07, ||r||/||r_0|| = 0.000142185
Setting time step: 0.042369921 in DGTransportTDO
Setting time step: 0.042369921 in CombinedOp
Setting time step: 0.042369921 in IonStaticPressureOp
norm(r_0) 0
norm(r_1) 0
norm(r_2) 0
norm(r_3) 0.00034645234
norm(r_4) 0
Newton iteration  0 : ||r|| = 0.000346452
   Pass :  1   Iteration :   0  ||B r|| = 0.0841345 ...
   Pass :  1   Iteration :  10  ||B r|| = 8.22082e-07
norm(r_0) 0
norm(r_1) 0
norm(r_2) 0
norm(r_3) 2.8248881e-07
norm(r_4) 0
Newton iteration  1 : ||r|| = 2.82489e-07, ||r||/||r_0|| = 0.000815376
Setting time step: 0.084739842 in DGTransportTDO
Setting time step: 0.084739842 in CombinedOp
Setting time step: 0.084739842 in IonStaticPressureOp
norm(r_0) 0
norm(r_1) 0
norm(r_2) 0
norm(r_3) 0.00022143785
norm(r_4) 0
Newton iteration  0 : ||r|| = 0.000221438
   Pass :  1   Iteration :   0  ||B r|| = 0.0336501 ...
   Pass :  1   Iteration :  10  ||B r|| = 4.78328e-07
norm(r_0) 0
norm(r_1) 0
norm(r_2) 0
norm(r_3) 3.2860524e-07
norm(r_4) 0
Newton iteration  1 : ||r|| = 3.28605e-07, ||r||/||r_0|| = 0.00148396
Setting time step: 0.084739842 in DGTransportTDO
Setting time step: 0.084739842 in CombinedOp
Setting time step: 0.084739842 in IonStaticPressureOp
norm(r_0) 0
norm(r_1) 0
norm(r_2) 0
norm(r_3) 1.3065027e-05
norm(r_4) 0
Newton iteration  0 : ||r|| = 1.3065e-05
   Pass :  1   Iteration :   0  ||B r|| = 0.00198431 ...
   Pass :  1   Iteration :   7  ||B r|| = 4.83781e-07
norm(r_0) 0
norm(r_1) 0
norm(r_2) 0
norm(r_3) 3.412352e-07
norm(r_4) 0
Newton iteration  1 : ||r|| = 3.41235e-07, ||r||/||r_0|| = 0.0261182
Setting time step: 0.084739842 in DGTransportTDO
Setting time step: 0.084739842 in CombinedOp
Setting time step: 0.084739842 in IonStaticPressureOp
norm(r_0) 0
norm(r_1) 0
norm(r_2) 0
norm(r_3) 6.0874664e-05
norm(r_4) 0
Newton iteration  0 : ||r|| = 6.08747e-05
   Pass :  1   Iteration :   0  ||B r|| = 0.00925059 ...
   Pass :  1   Iteration :   8  ||B r|| = 9.87305e-07
norm(r_0) 0
norm(r_1) 0
norm(r_2) 0
norm(r_3) 7.5963229e-07
norm(r_4) 0
Newton iteration  1 : ||r|| = 7.59632e-07, ||r||/||r_0|| = 0.0124786
Setting time step: 0.084739842 in DGTransportTDO
Setting time step: 0.084739842 in CombinedOp
Setting time step: 0.084739842 in IonStaticPressureOp
norm(r_0) 0
norm(r_1) 0
norm(r_2) 0
norm(r_3) 8.8551744e-05
norm(r_4) 0
Newton iteration  0 : ||r|| = 8.85517e-05
   Pass :  1   Iteration :   0  ||B r|| = 0.0134564 ...
   Pass :  1   Iteration :   9  ||B r|| = 4.67011e-07
norm(r_0) 0
norm(r_1) 0
norm(r_2) 0
norm(r_3) 4.1026958e-07
norm(r_4) 0
Newton iteration  1 : ||r|| = 4.1027e-07, ||r||/||r_0|| = 0.00463311
Setting time step: 0.084739842 in DGTransportTDO
Setting time step: 0.084739842 in CombinedOp
Setting time step: 0.084739842 in IonStaticPressureOp
norm(r_0) 0
norm(r_1) 0
norm(r_2) 0
norm(r_3) 4.0079273e-05
norm(r_4) 0
Newton iteration  0 : ||r|| = 4.00793e-05
   Pass :  1   Iteration :   0  ||B r|| = 0.00392791 ...
   Pass :  1   Iteration :   7  ||B r|| = 9.75818e-07
norm(r_0) 0
norm(r_1) 0
norm(r_2) 0
norm(r_3) 6.8123703e-07
norm(r_4) 0
Newton iteration  1 : ||r|| = 6.81237e-07, ||r||/||r_0|| = 0.0169972
Time stepping paused at t = 0.89189455

Estimating errors.
No refinements necessary.
No derefinements needed.

AMR iteration 2
Number of unknowns: 1024
Setting time step: 0.16947968 in DGTransportTDO
Setting time step: 0.16947968 in CombinedOp
Setting time step: 0.16947968 in IonStaticPressureOp
norm(r_0) 0
norm(r_1) 0
norm(r_2) 0
norm(r_3) 1.2210331e-05
norm(r_4) 0
Newton iteration  0 : ||r|| = 1.22103e-05
   Pass :  1   Iteration :   0  ||B r|| = 0.00106377 ...
   Pass :  1   Iteration :   6  ||B r|| = 8.56987e-07
norm(r_0) 0
norm(r_1) 0
norm(r_2) 0
norm(r_3) 1.064939e-06
norm(r_4) 0
Newton iteration  1 : ||r|| = 1.06494e-06, ||r||/||r_0|| = 0.0872162
Setting time step: 0.16947968 in DGTransportTDO
Setting time step: 0.16947968 in CombinedOp
Setting time step: 0.16947968 in IonStaticPressureOp
norm(r_0) 0
norm(r_1) 0
norm(r_2) 0
norm(r_3) 5.2707157e-06
norm(r_4) 0
Newton iteration  0 : ||r|| = 5.27072e-06
   Pass :  1   Iteration :   0  ||B r|| = 0.000409176 ...
   Pass :  1   Iteration :   5  ||B r|| = 7.63297e-07
norm(r_0) 0
norm(r_1) 0
norm(r_2) 0
norm(r_3) 1.1044606e-06
norm(r_4) 0
Newton iteration  1 : ||r|| = 1.10446e-06, ||r||/||r_0|| = 0.209547
Setting time step: 0.16947968 in DGTransportTDO
Setting time step: 0.16947968 in CombinedOp
Setting time step: 0.16947968 in IonStaticPressureOp
norm(r_0) 0
norm(r_1) 0
norm(r_2) 0
norm(r_3) 1.8852161e-06
norm(r_4) 0
Newton iteration  0 : ||r|| = 1.88522e-06
   Pass :  1   Iteration :   0  ||B r|| = 1.69346e-05 ...
   Pass :  1   Iteration :   2  ||B r|| = 6.30061e-07
norm(r_0) 0
norm(r_1) 0
norm(r_2) 0
norm(r_3) 8.5605447e-07
norm(r_4) 0
Newton iteration  1 : ||r|| = 8.56054e-07, ||r||/||r_0|| = 0.454088
Setting time step: 0.16947968 in DGTransportTDO
Setting time step: 0.16947968 in CombinedOp
Setting time step: 0.16947968 in IonStaticPressureOp
norm(r_0) 0
norm(r_1) 0
norm(r_2) 0
norm(r_3) 2.7127976e-06
norm(r_4) 0
Newton iteration  0 : ||r|| = 2.7128e-06
   Pass :  1   Iteration :   0  ||B r|| = 0.000201821 ...
   Pass :  1   Iteration :   4  ||B r|| = 9.3653e-07
norm(r_0) 0
norm(r_1) 0
norm(r_2) 0
norm(r_3) 1.2462689e-06
norm(r_4) 0
Newton iteration  1 : ||r|| = 1.24627e-06, ||r||/||r_0|| = 0.459404
Setting time step: 0.16947968 in DGTransportTDO
Setting time step: 0.16947968 in CombinedOp
Setting time step: 0.16947968 in IonStaticPressureOp
norm(r_0) 0
norm(r_1) 0
norm(r_2) 0
norm(r_3) 3.7585008e-05
norm(r_4) 0
Newton iteration  0 : ||r|| = 3.7585e-05
   Pass :  1   Iteration :   0  ||B r|| = 0.000424553 ...
   Pass :  1   Iteration :   5  ||B r|| = 7.95185e-07
norm(r_0) 0
norm(r_1) 0
norm(r_2) 0
norm(r_3) 9.6097746e-07
norm(r_4) 0
Newton iteration  1 : ||r|| = 9.60977e-07, ||r||/||r_0|| = 0.0255681
Setting time step: 0.33895937 in DGTransportTDO
Setting time step: 0.33895937 in CombinedOp
Setting time step: 0.33895937 in IonStaticPressureOp
norm(r_0) 0
norm(r_1) 0
norm(r_2) 0
norm(r_3) 1.8578373e-06
norm(r_4) 0
Newton iteration  0 : ||r|| = 1.85784e-06
   Pass :  1   Iteration :   0  ||B r|| = 7.50517e-05 ...
   Pass :  1   Iteration :   4  ||B r|| = 3.93181e-07
norm(r_0) 0
norm(r_1) 0
norm(r_2) 0
norm(r_3) 1.0475681e-06
norm(r_4) 0
Newton iteration  1 : ||r|| = 1.04757e-06, ||r||/||r_0|| = 0.563864
Setting time step: 0.33895937 in DGTransportTDO
Setting time step: 0.33895937 in CombinedOp
Setting time step: 0.33895937 in IonStaticPressureOp
norm(r_0) 0
norm(r_1) 0
norm(r_2) 0
norm(r_3) 2.7531168e-06
norm(r_4) 0
Newton iteration  0 : ||r|| = 2.75312e-06
   Pass :  1   Iteration :   0  ||B r|| = 4.76181e-05 ...
   Pass :  1   Iteration :   3  ||B r|| = 6.25298e-07
norm(r_0) 0
norm(r_1) 0
norm(r_2) 0
norm(r_3) 1.4141315e-06
norm(r_4) 0
Newton iteration  1 : ||r|| = 1.41413e-06, ||r||/||r_0|| = 0.513647
Setting time step: 0.33895937 in DGTransportTDO
Setting time step: 0.33895937 in CombinedOp
Setting time step: 0.33895937 in IonStaticPressureOp
norm(r_0) 0
norm(r_1) 0
norm(r_2) 0
norm(r_3) 1.9827003e-06
norm(r_4) 0
Newton iteration  0 : ||r|| = 1.9827e-06
   Pass :  1   Iteration :   0  ||B r|| = 1.45889e-05 ...
   Pass :  1   Iteration :   2  ||B r|| = 3.74931e-07
norm(r_0) 0
norm(r_1) 0
norm(r_2) 0
norm(r_3) 9.1802865e-07
norm(r_4) 0
Newton iteration  1 : ||r|| = 9.18029e-07, ||r||/||r_0|| = 0.463019
Setting time step: 0.33895937 in DGTransportTDO
Setting time step: 0.33895937 in CombinedOp
Setting time step: 0.33895937 in IonStaticPressureOp
norm(r_0) 0
norm(r_1) 0
norm(r_2) 0
norm(r_3) 1.4756752e-06
norm(r_4) 0
Newton iteration  0 : ||r|| = 1.47568e-06
   Pass :  1   Iteration :   0  ||B r|| = 1.70227e-06 ...
   Pass :  1   Iteration :   1  ||B r|| = 3.50334e-07
norm(r_0) 0
norm(r_1) 0
norm(r_2) 0
norm(r_3) 5.5563543e-07
norm(r_4) 0
Newton iteration  1 : ||r|| = 5.55635e-07, ||r||/||r_0|| = 0.37653
Setting time step: 0.33895937 in DGTransportTDO
Setting time step: 0.33895937 in CombinedOp
Setting time step: 0.33895937 in IonStaticPressureOp
norm(r_0) 0
norm(r_1) 0
norm(r_2) 0
norm(r_3) 3.61703e-05
norm(r_4) 0
Newton iteration  0 : ||r|| = 3.61703e-05
   Pass :  1   Iteration :   0  ||B r|| = 7.32089e-05 ...
   Pass :  1   Iteration :   4  ||B r|| = 6.09688e-07
norm(r_0) 0
norm(r_1) 0
norm(r_2) 0
norm(r_3) 1.8442771e-06
norm(r_4) 0
Newton iteration  1 : ||r|| = 1.84428e-06, ||r||/||r_0|| = 0.0509887
Setting time step: 0.67791874 in DGTransportTDO
Setting time step: 0.67791874 in CombinedOp
Setting time step: 0.67791874 in IonStaticPressureOp
norm(r_0) 0
norm(r_1) 0
norm(r_2) 0
norm(r_3) 1.855416e-06
norm(r_4) 0
Newton iteration  0 : ||r|| = 1.85542e-06
   Pass :  1   Iteration :   0  ||B r|| = 6.05858e-06 ...
   Pass :  1   Iteration :   1  ||B r|| = 6.29818e-07
norm(r_0) 0
norm(r_1) 0
norm(r_2) 0
norm(r_3) 1.863583e-06
norm(r_4) 0
Newton iteration  1 : ||r|| = 1.86358e-06, ||r||/||r_0|| = 1.0044
Setting time step: 0.67791874 in DGTransportTDO
Setting time step: 0.67791874 in CombinedOp
Setting time step: 0.67791874 in IonStaticPressureOp
norm(r_0) 0
norm(r_1) 0
norm(r_2) 0
norm(r_3) 4.9440944e-06
norm(r_4) 0
Newton iteration  0 : ||r|| = 4.94409e-06
   Pass :  1   Iteration :   0  ||B r|| = 5.351e-06 ...
   Pass :  1   Iteration :   1  ||B r|| = 2.66508e-07
norm(r_0) 0
norm(r_1) 0
norm(r_2) 0
norm(r_3) 8.7296817e-07
norm(r_4) 0
Newton iteration  1 : ||r|| = 8.72968e-07, ||r||/||r_0|| = 0.176568
Setting time step: 0.67791874 in DGTransportTDO
Setting time step: 0.67791874 in CombinedOp
Setting time step: 0.67791874 in IonStaticPressureOp
norm(r_0) 0
norm(r_1) 0
norm(r_2) 0
norm(r_3) 3.7680134e-06
norm(r_4) 0
Newton iteration  0 : ||r|| = 3.76801e-06
   Pass :  1   Iteration :   0  ||B r|| = 2.61484e-06 ...
   Pass :  1   Iteration :   1  ||B r|| = 4.31865e-07
norm(r_0) 0
norm(r_1) 0
norm(r_2) 0
norm(r_3) 8.4410861e-07
norm(r_4) 0
Newton iteration  1 : ||r|| = 8.44109e-07, ||r||/||r_0|| = 0.22402
Setting time step: 0.67791874 in DGTransportTDO
Setting time step: 0.67791874 in CombinedOp
Setting time step: 0.67791874 in IonStaticPressureOp
norm(r_0) 0
norm(r_1) 0
norm(r_2) 0
norm(r_3) 2.8231858e-06
norm(r_4) 0
Newton iteration  0 : ||r|| = 2.82319e-06
   Pass :  1   Iteration :   0  ||B r|| = 1.18402e-06 ...
   Pass :  1   Iteration :   1  ||B r|| = 5.55419e-07
norm(r_0) 0
norm(r_1) 0
norm(r_2) 0
norm(r_3) 1.3169712e-06
norm(r_4) 0
Newton iteration  1 : ||r|| = 1.31697e-06, ||r||/||r_0|| = 0.466484
Setting time step: 0.67791874 in DGTransportTDO
Setting time step: 0.67791874 in CombinedOp
Setting time step: 0.67791874 in IonStaticPressureOp
norm(r_0) 0
norm(r_1) 0
norm(r_2) 0
norm(r_3) 2.0928886e-05
norm(r_4) 0
Newton iteration  0 : ||r|| = 2.09289e-05
   Pass :  1   Iteration :   0  ||B r|| = 1.07947e-05 ...
   Pass :  1   Iteration :   2  ||B r|| = 3.52032e-07
norm(r_0) 0
norm(r_1) 0
norm(r_2) 0
norm(r_3) 3.1577199e-06
norm(r_4) 0
Newton iteration  1 : ||r|| = 3.15772e-06, ||r||/||r_0|| = 0.150879
Setting time step: 1.3558375 in DGTransportTDO
Setting time step: 1.3558375 in CombinedOp
Setting time step: 1.3558375 in IonStaticPressureOp
norm(r_0) 0
norm(r_1) 0
norm(r_2) 0
norm(r_3) 3.1586092e-06
norm(r_4) 0
Newton iteration  0 : ||r|| = 3.15861e-06
   Pass :  1   Iteration :   0  ||B r|| = 1.82922e-07
norm(r_0) 0
norm(r_1) 0
norm(r_2) 0
norm(r_3) 3.1586092e-06
norm(r_4) 0
Newton iteration  1 : ||r|| = 3.15861e-06, ||r||/||r_0|| = 1
Setting time step: 1.3558375 in DGTransportTDO
Setting time step: 1.3558375 in CombinedOp
Setting time step: 1.3558375 in IonStaticPressureOp
norm(r_0) 0
norm(r_1) 0
norm(r_2) 0
norm(r_3) 3.1586092e-06
norm(r_4) 0
Newton iteration  0 : ||r|| = 3.15861e-06
   Pass :  1   Iteration :   0  ||B r|| = 1.82922e-07
norm(r_0) 0
norm(r_1) 0
norm(r_2) 0
norm(r_3) 3.1586092e-06
norm(r_4) 0
Newton iteration  1 : ||r|| = 3.15861e-06, ||r||/||r_0|| = 1
Setting time step: 1.3558375 in DGTransportTDO
Setting time step: 1.3558375 in CombinedOp
Setting time step: 1.3558375 in IonStaticPressureOp
norm(r_0) 0
norm(r_1) 0
norm(r_2) 0
norm(r_3) 3.1586092e-06
norm(r_4) 0
Newton iteration  0 : ||r|| = 3.15861e-06
   Pass :  1   Iteration :   0  ||B r|| = 1.82922e-07
norm(r_0) 0
norm(r_1) 0
norm(r_2) 0
norm(r_3) 3.1586092e-06
norm(r_4) 0
Newton iteration  1 : ||r|| = 3.15861e-06, ||r||/||r_0|| = 1
Setting time step: 1.3558375 in DGTransportTDO
Setting time step: 1.3558375 in CombinedOp
Setting time step: 1.3558375 in IonStaticPressureOp
norm(r_0) 0
norm(r_1) 0
norm(r_2) 0
norm(r_3) 3.1586092e-06
norm(r_4) 0
Newton iteration  0 : ||r|| = 3.15861e-06
   Pass :  1   Iteration :   0  ||B r|| = 1.82922e-07
norm(r_0) 0
norm(r_1) 0
norm(r_2) 0
norm(r_3) 3.1586092e-06
norm(r_4) 0
Newton iteration  1 : ||r|| = 3.15861e-06, ||r||/||r_0|| = 1
Setting time step: 1.3558375 in DGTransportTDO
Setting time step: 1.3558375 in CombinedOp
Setting time step: 1.3558375 in IonStaticPressureOp
norm(r_0) 0
norm(r_1) 0
norm(r_2) 0
norm(r_3) 3.1586092e-06
norm(r_4) 0
Newton iteration  0 : ||r|| = 3.15861e-06
   Pass :  1   Iteration :   0  ||B r|| = 1.82922e-07
norm(r_0) 0
norm(r_1) 0
norm(r_2) 0
norm(r_3) 3.1586092e-06
norm(r_4) 0
Newton iteration  1 : ||r|| = 3.15861e-06, ||r||/||r_0|| = 1
Time stepping paused at t = 11.060676
Steady State solution has been reached

Time stepping done after 1.0262489s.
