Options used:
   --mesh ../../mfem/data/inline-quad.mesh
   --bc-file ../../mfem/miniapps/plasma/transport2d_bcs.inp
   --ic-file ../../mfem/miniapps/plasma/transport2d_ics.inp
   --ec-file /home/gz6/mfem-analysis/input-files/transport2d_ecs.inp
   --es-file ../../mfem/miniapps/plasma/transport2d_ess.inp
   --eqdsk-file 
   --logging 1
   --operator-test 8
   --equation-weights '1 1 1 1 1'
   --problem 0
   --refine-serial 5
   --refine-parallel 0
   --enable-amr
   --max-err -1
   --hysteresis 0.25
   --nc-limit 3
   --amr-weights '1 1 1 1 1'
   --order 1
   --dg-sigma -1
   --dg-kappa 4
   --linear-abs-tolerance 1e-06
   --linear-rel-tolerance 1e-06
   --linear-max-iterations 500
   --linear-logging-level 3
   --newton-abs-tolerance 1e-10
   --newton-rel-tolerance 1e-10
   --newton-max-iterations 1
   --newton-logging-level 1
   --steady-state-abs-tolerance 1e-08
   --steady-state-rel-tolerance 1e-08
   --prec-type 1
   --prec-logging-level 0
   --initial-tolerance 1e-05
   --ode-tolerance 0.001
   --ode-solver 2
   --err-per-step
   --ode-weights '1 1 1 1 1'
   --kP 0
   --kI 0.6
   --kD 0
   --theta-max 2
   --t-minimum 0
   --t-final 100
   --time-step 0.01
   --cfl-number 0.3
   --ion-charge 1
   --ion-mass 2.0141018
   --neutral-mass 2.0141018
   --neutral-temp 3
   --min-neutral-density 9e+14
   --max-neutral-density 1e+15
   --neutral-density-exp 0
   --min-ion-density 1e+16
   --max-ion-density 1e+18
   --ion-density-exp 0
   --min-ion-temp 1
   --max-ion-temp 10
   --ion-temp-exp 0
   --min-electron-temp 10
   --max-electron-temp 440
   --electron-temp-exp 0
   --total-B-magnitude 5
   --poloidal-B-magnitude 0.5
   --velocity 1000
   --Di-perp 1
   --Xi-perp 1
   --Xe-perp 1
   --equation-term-flags '-1 -1 -1 -1 -1'
   --visualization-flags '-1 -1 -1 -1 -1'
   --visualization
   --visit-datafiles
   --ascii-datafiles
   --visualization-steps 4
Device configuration: cpu
Memory configuration: host-std
Number of elements in initial mesh: 16
Number of elements after serial refinement: 16384
1: Number of elements in parallel mesh: 1024
1: Number of elements after parallel refinement: 1024
0: Number of elements in parallel mesh: 1024
0: Number of elements after parallel refinement: 1024
3: Number of elements in parallel mesh: 1024
3: Number of elements after parallel refinement: 1024
2: Number of elements in parallel mesh: 1024
2: Number of elements after parallel refinement: 1024
11: Number of elements in parallel mesh: 1024
11: Number of elements after parallel refinement: 1024
9: Number of elements in parallel mesh: 1024
9: Number of elements after parallel refinement: 1024
8: Number of elements in parallel mesh: 1024
8: Number of elements after parallel refinement: 1024
10: Number of elements in parallel mesh: 1024
10: Number of elements after parallel refinement: 1024
7: Number of elements in parallel mesh: 1024
7: Number of elements after parallel refinement: 1024
5: Number of elements in parallel mesh: 1024
5: Number of elements after parallel refinement: 1024
6: Number of elements in parallel mesh: 1024
6: Number of elements after parallel refinement: 1024
4: Number of elements in parallel mesh: 1024
4: Number of elements after parallel refinement: 1024
13: Number of elements in parallel mesh: 1024
13: Number of elements after parallel refinement: 1024
12: Number of elements in parallel mesh: 1024
12: Number of elements after parallel refinement: 1024
14: Number of elements in parallel mesh: 1024
14: Number of elements after parallel refinement: 1024
15: Number of elements in parallel mesh: 1024
15: Number of elements after parallel refinement: 1024
Configuring initial conditions
Reading initial conditions from ../../mfem/miniapps/plasma/transport2d_ics.inp
Configuring exact solutions
Reading exact solutions from ../../mfem/miniapps/plasma/transport2d_ess.inp

AMR iteration 0
Number of unknowns: 65536
Stopping criterion satisfied. Stop.
Number of unknowns per field: 65536
Total number of unknowns:     327680
Configuring boundary conditions
Reading boundary conditions from ../../mfem/miniapps/plasma/transport2d_bcs.inp
Configuring equation coefficients
Reading equation coefficients from /home/gz6/mfem-analysis/input-files/transport2d_ecs.inp
|mn| = 3.3444946e-27
|ni| = 1
|ne| = 1

|Dn|     = -nan
|Di|     = -nan
|Eta|    = -nan
|nXi|    = -nan
|nXe|    = -nan

|Eta/mn| = -nan
|nXi/ni| = -nan
|nXe/ne| = -nan
Ion Static Pressure: Adding time derivative term proportional to d n_i / dt
Ion Static Pressure: Adding time derivative term proportional to d T_i / dt
Ion Static Pressure: Adding anisotropic diffusion term
Ion Static Pressure: Adding source term
Opening GLVis sockets.
Range of error estimates for initial condition: -nan < elem err < -nan

Begin time stepping at t = 0
Setting time step: 0.0025 in DGTransportTDO
Setting time step: 0.0025 in CombinedOp
Setting time step: 0.0025 in IonStaticPressureOp
norm(r_0) 0
norm(r_1) 0
norm(r_2) 0
norm(r_3) 0.038553142
norm(r_4) 0
Newton iteration  0 : ||r|| = 0.0385531
   Pass :  1   Iteration :   0  ||B r|| = 1418.62 ...
   Pass :  1   Iteration :  12  ||B r|| = 0.00139628
norm(r_0) 0
norm(r_1) 0
norm(r_2) 0
norm(r_3) 1.708546e-05
norm(r_4) 0
Newton iteration  1 : ||r|| = 1.70855e-05, ||r||/||r_0|| = 0.000443166
Setting time step: 0.0025 in DGTransportTDO
Setting time step: 0.0025 in CombinedOp
Setting time step: 0.0025 in IonStaticPressureOp
norm(r_0) 0
norm(r_1) 0
norm(r_2) 0
norm(r_3) 0.036096916
norm(r_4) 0
Newton iteration  0 : ||r|| = 0.0360969
   Pass :  1   Iteration :   0  ||B r|| = 1328.24 ...
   Pass :  1   Iteration :  12  ||B r|| = 0.00130787
norm(r_0) 0
norm(r_1) 0
norm(r_2) 0
norm(r_3) 1.6004783e-05
norm(r_4) 0
Newton iteration  1 : ||r|| = 1.60048e-05, ||r||/||r_0|| = 0.000443384
Setting time step: 0.0025 in DGTransportTDO
Setting time step: 0.0025 in CombinedOp
Setting time step: 0.0025 in IonStaticPressureOp
norm(r_0) 0
norm(r_1) 0
norm(r_2) 0
norm(r_3) 0.037066887
norm(r_4) 0
Newton iteration  0 : ||r|| = 0.0370669
   Pass :  1   Iteration :   0  ||B r|| = 1363.93 ...
   Pass :  1   Iteration :  12  ||B r|| = 0.00134287
norm(r_0) 0
norm(r_1) 0
norm(r_2) 0
norm(r_3) 1.6432756e-05
norm(r_4) 0
Newton iteration  1 : ||r|| = 1.64328e-05, ||r||/||r_0|| = 0.000443327
Setting time step: 0.0025 in DGTransportTDO
Setting time step: 0.0025 in CombinedOp
Setting time step: 0.0025 in IonStaticPressureOp
norm(r_0) 0
norm(r_1) 0
norm(r_2) 0
norm(r_3) 0.037314485
norm(r_4) 0
Newton iteration  0 : ||r|| = 0.0373145
   Pass :  1   Iteration :   0  ||B r|| = 1373.04 ...
   Pass :  1   Iteration :  12  ||B r|| = 0.00135176
norm(r_0) 0
norm(r_1) 0
norm(r_2) 0
norm(r_3) 1.6541381e-05
norm(r_4) 0
Newton iteration  1 : ||r|| = 1.65414e-05, ||r||/||r_0|| = 0.000443297
Setting time step: 0.0025 in DGTransportTDO
Setting time step: 0.0025 in CombinedOp
Setting time step: 0.0025 in IonStaticPressureOp
norm(r_0) 0
norm(r_1) 0
norm(r_2) 0
norm(r_3) 0.034910858
norm(r_4) 0
Newton iteration  0 : ||r|| = 0.0349109
   Pass :  1   Iteration :   0  ||B r|| = 1284.6 ...
   Pass :  1   Iteration :  12  ||B r|| = 0.00126407
norm(r_0) 0
norm(r_1) 0
norm(r_2) 0
norm(r_3) 1.5467344e-05
norm(r_4) 0
Newton iteration  1 : ||r|| = 1.54673e-05, ||r||/||r_0|| = 0.000443053
Setting time step: 0.005 in DGTransportTDO
Setting time step: 0.005 in CombinedOp
Setting time step: 0.005 in IonStaticPressureOp
norm(r_0) 0
norm(r_1) 0
norm(r_2) 0
norm(r_3) 0.033798758
norm(r_4) 0
Newton iteration  0 : ||r|| = 0.0337988
   Pass :  1   Iteration :   0  ||B r|| = 1126.56 ...
   Pass :  1   Iteration :  13  ||B r|| = 0.000793665
norm(r_0) 0
norm(r_1) 0
norm(r_2) 0
norm(r_3) 2.1612669e-05
norm(r_4) 0
Newton iteration  1 : ||r|| = 2.16127e-05, ||r||/||r_0|| = 0.000639452
Setting time step: 0.005 in DGTransportTDO
Setting time step: 0.005 in CombinedOp
Setting time step: 0.005 in IonStaticPressureOp
norm(r_0) 0
norm(r_1) 0
norm(r_2) 0
norm(r_3) 0.029625086
norm(r_4) 0
Newton iteration  0 : ||r|| = 0.0296251
   Pass :  1   Iteration :   0  ||B r|| = 987.445 ...
   Pass :  1   Iteration :  13  ||B r|| = 0.000695614
norm(r_0) 0
norm(r_1) 0
norm(r_2) 0
norm(r_3) 1.8943084e-05
norm(r_4) 0
Newton iteration  1 : ||r|| = 1.89431e-05, ||r||/||r_0|| = 0.000639427
Setting time step: 0.005 in DGTransportTDO
Setting time step: 0.005 in CombinedOp
Setting time step: 0.005 in IonStaticPressureOp
norm(r_0) 0
norm(r_1) 0
norm(r_2) 0
norm(r_3) 0.031253315
norm(r_4) 0
Newton iteration  0 : ||r|| = 0.0312533
   Pass :  1   Iteration :   0  ||B r|| = 1041.72 ...
   Pass :  1   Iteration :  13  ||B r|| = 0.00073386
norm(r_0) 0
norm(r_1) 0
norm(r_2) 0
norm(r_3) 1.9984459e-05
norm(r_4) 0
Newton iteration  1 : ||r|| = 1.99845e-05, ||r||/||r_0|| = 0.000639435
Setting time step: 0.005 in DGTransportTDO
Setting time step: 0.005 in CombinedOp
Setting time step: 0.005 in IonStaticPressureOp
norm(r_0) 0
norm(r_1) 0
norm(r_2) 0
norm(r_3) 0.031677323
norm(r_4) 0
Newton iteration  0 : ||r|| = 0.0316773
   Pass :  1   Iteration :   0  ||B r|| = 1055.85 ...
   Pass :  1   Iteration :  13  ||B r|| = 0.000743823
norm(r_0) 0
norm(r_1) 0
norm(r_2) 0
norm(r_3) 2.0255692e-05
norm(r_4) 0
Newton iteration  1 : ||r|| = 2.02557e-05, ||r||/||r_0|| = 0.000639438
Setting time step: 0.005 in DGTransportTDO
Setting time step: 0.005 in CombinedOp
Setting time step: 0.005 in IonStaticPressureOp
norm(r_0) 0
norm(r_1) 0
norm(r_2) 0
norm(r_3) 0.027686158
norm(r_4) 0
Newton iteration  0 : ||r|| = 0.0276862
   Pass :  1   Iteration :   0  ||B r|| = 922.816 ...
   Pass :  1   Iteration :  13  ||B r|| = 0.000650141
norm(r_0) 0
norm(r_1) 0
norm(r_2) 0
norm(r_3) 1.7703988e-05
norm(r_4) 0
Newton iteration  1 : ||r|| = 1.7704e-05, ||r||/||r_0|| = 0.000639453
Setting time step: 0.01 in DGTransportTDO
Setting time step: 0.01 in CombinedOp
Setting time step: 0.01 in IonStaticPressureOp
norm(r_0) 0
norm(r_1) 0
norm(r_2) 0
norm(r_3) 0.025976644
norm(r_4) 0
Newton iteration  0 : ||r|| = 0.0259766
   Pass :  1   Iteration :   0  ||B r|| = 740.122 ...
   Pass :  1   Iteration :  14  ||B r|| = 0.000348985
norm(r_0) 0
norm(r_1) 0
norm(r_2) 0
norm(r_3) 1.6968218e-05
norm(r_4) 0
Newton iteration  1 : ||r|| = 1.69682e-05, ||r||/||r_0|| = 0.000653211
Setting time step: 0.01 in DGTransportTDO
Setting time step: 0.01 in CombinedOp
Setting time step: 0.01 in IonStaticPressureOp
norm(r_0) 0
norm(r_1) 0
norm(r_2) 0
norm(r_3) 0.019934204
norm(r_4) 0
Newton iteration  0 : ||r|| = 0.0199342
   Pass :  1   Iteration :   0  ||B r|| = 567.961 ...
   Pass :  1   Iteration :  14  ||B r|| = 0.000267791
norm(r_0) 0
norm(r_1) 0
norm(r_2) 0
norm(r_3) 1.3020724e-05
norm(r_4) 0
Newton iteration  1 : ||r|| = 1.30207e-05, ||r||/||r_0|| = 0.000653185
Setting time step: 0.01 in DGTransportTDO
Setting time step: 0.01 in CombinedOp
Setting time step: 0.01 in IonStaticPressureOp
norm(r_0) 0
norm(r_1) 0
norm(r_2) 0
norm(r_3) 0.022238724
norm(r_4) 0
Newton iteration  0 : ||r|| = 0.0222387
   Pass :  1   Iteration :   0  ||B r|| = 633.621 ...
   Pass :  1   Iteration :  14  ||B r|| = 0.000298755
norm(r_0) 0
norm(r_1) 0
norm(r_2) 0
norm(r_3) 1.4526194e-05
norm(r_4) 0
Newton iteration  1 : ||r|| = 1.45262e-05, ||r||/||r_0|| = 0.000653194
Setting time step: 0.01 in DGTransportTDO
Setting time step: 0.01 in CombinedOp
Setting time step: 0.01 in IonStaticPressureOp
norm(r_0) 0
norm(r_1) 0
norm(r_2) 0
norm(r_3) 0.022861766
norm(r_4) 0
Newton iteration  0 : ||r|| = 0.0228618
   Pass :  1   Iteration :   0  ||B r|| = 651.373 ...
   Pass :  1   Iteration :  14  ||B r|| = 0.000307128
norm(r_0) 0
norm(r_1) 0
norm(r_2) 0
norm(r_3) 1.4933247e-05
norm(r_4) 0
Newton iteration  1 : ||r|| = 1.49332e-05, ||r||/||r_0|| = 0.000653197
Setting time step: 0.01 in DGTransportTDO
Setting time step: 0.01 in CombinedOp
Setting time step: 0.01 in IonStaticPressureOp
norm(r_0) 0
norm(r_1) 0
norm(r_2) 0
norm(r_3) 0.017364533
norm(r_4) 0
Newton iteration  0 : ||r|| = 0.0173645
   Pass :  1   Iteration :   0  ||B r|| = 494.744 ...
   Pass :  1   Iteration :  14  ||B r|| = 0.000233294
norm(r_0) 0
norm(r_1) 0
norm(r_2) 0
norm(r_3) 1.13429e-05
norm(r_4) 0
Newton iteration  1 : ||r|| = 1.13429e-05, ||r||/||r_0|| = 0.000653222
Setting time step: 0.02 in DGTransportTDO
Setting time step: 0.02 in CombinedOp
Setting time step: 0.02 in IonStaticPressureOp
norm(r_0) 0
norm(r_1) 0
norm(r_2) 0
norm(r_3) 0.015344823
norm(r_4) 0
Newton iteration  0 : ||r|| = 0.0153448
   Pass :  1   Iteration :   0  ||B r|| = 344.908 ...
   Pass :  1   Iteration :  14  ||B r|| = 0.000229548
norm(r_0) 0
norm(r_1) 0
norm(r_2) 0
norm(r_3) 1.9027043e-05
norm(r_4) 0
Newton iteration  1 : ||r|| = 1.9027e-05, ||r||/||r_0|| = 0.00123996
Setting time step: 0.02 in DGTransportTDO
Setting time step: 0.02 in CombinedOp
Setting time step: 0.02 in IonStaticPressureOp
norm(r_0) 0
norm(r_1) 0
norm(r_2) 0
norm(r_3) 0.0089498527
norm(r_4) 0
Newton iteration  0 : ||r|| = 0.00894985
   Pass :  1   Iteration :   0  ||B r|| = 201.166 ...
   Pass :  1   Iteration :  14  ||B r|| = 0.000133879
norm(r_0) 0
norm(r_1) 0
norm(r_2) 0
norm(r_3) 1.1097586e-05
norm(r_4) 0
Newton iteration  1 : ||r|| = 1.10976e-05, ||r||/||r_0|| = 0.00123997
Setting time step: 0.02 in DGTransportTDO
Setting time step: 0.02 in CombinedOp
Setting time step: 0.02 in IonStaticPressureOp
norm(r_0) 0
norm(r_1) 0
norm(r_2) 0
norm(r_3) 0.011294628
norm(r_4) 0
Newton iteration  0 : ||r|| = 0.0112946
   Pass :  1   Iteration :   0  ||B r|| = 253.87 ...
   Pass :  1   Iteration :  14  ||B r|| = 0.000168957
norm(r_0) 0
norm(r_1) 0
norm(r_2) 0
norm(r_3) 1.4005019e-05
norm(r_4) 0
Newton iteration  1 : ||r|| = 1.4005e-05, ||r||/||r_0|| = 0.00123997
Setting time step: 0.02 in DGTransportTDO
Setting time step: 0.02 in CombinedOp
Setting time step: 0.02 in IonStaticPressureOp
norm(r_0) 0
norm(r_1) 0
norm(r_2) 0
norm(r_3) 0.011971944
norm(r_4) 0
Newton iteration  0 : ||r|| = 0.0119719
   Pass :  1   Iteration :   0  ||B r|| = 269.095 ...
   Pass :  1   Iteration :  14  ||B r|| = 0.00017909
norm(r_0) 0
norm(r_1) 0
norm(r_2) 0
norm(r_3) 1.4844857e-05
norm(r_4) 0
Newton iteration  1 : ||r|| = 1.48449e-05, ||r||/||r_0|| = 0.00123997
Setting time step: 0.02 in DGTransportTDO
Setting time step: 0.02 in CombinedOp
Setting time step: 0.02 in IonStaticPressureOp
norm(r_0) 0
norm(r_1) 0
norm(r_2) 0
norm(r_3) 0.0067715224
norm(r_4) 0
Newton iteration  0 : ||r|| = 0.00677152
   Pass :  1   Iteration :   0  ||B r|| = 152.204 ...
   Pass :  1   Iteration :  14  ||B r|| = 0.000101301
norm(r_0) 0
norm(r_1) 0
norm(r_2) 0
norm(r_3) 8.3962582e-06
norm(r_4) 0
Newton iteration  1 : ||r|| = 8.39626e-06, ||r||/||r_0|| = 0.00123994
Time stepping paused at t = 0.15

Estimating errors.
No refinements necessary.
No derefinements needed.

AMR iteration 1
Number of unknowns: 65536
Setting time step: 0.019709857 in DGTransportTDO
Setting time step: 0.019709857 in CombinedOp
Setting time step: 0.019709857 in IonStaticPressureOp
norm(r_0) 0
norm(r_1) 0
norm(r_2) 0
norm(r_3) 0.0053604632
norm(r_4) 0
Newton iteration  0 : ||r|| = 0.00536046
   Pass :  1   Iteration :   0  ||B r|| = 121.216 ...
   Pass :  1   Iteration :  14  ||B r|| = 8.01627e-05
norm(r_0) 0
norm(r_1) 0
norm(r_2) 0
norm(r_3) 6.5663678e-06
norm(r_4) 0
Newton iteration  1 : ||r|| = 6.56637e-06, ||r||/||r_0|| = 0.00122496
Setting time step: 0.019709857 in DGTransportTDO
Setting time step: 0.019709857 in CombinedOp
Setting time step: 0.019709857 in IonStaticPressureOp
norm(r_0) 0
norm(r_1) 0
norm(r_2) 0
norm(r_3) 0.003152203
norm(r_4) 0
Newton iteration  0 : ||r|| = 0.0031522
   Pass :  1   Iteration :   0  ||B r|| = 71.2808 ...
   Pass :  1   Iteration :  14  ||B r|| = 4.71391e-05
norm(r_0) 0
norm(r_1) 0
norm(r_2) 0
norm(r_3) 3.8613377e-06
norm(r_4) 0
Newton iteration  1 : ||r|| = 3.86134e-06, ||r||/||r_0|| = 0.00122496
Setting time step: 0.019709857 in DGTransportTDO
Setting time step: 0.019709857 in CombinedOp
Setting time step: 0.019709857 in IonStaticPressureOp
norm(r_0) 0
norm(r_1) 0
norm(r_2) 0
norm(r_3) 0.003962731
norm(r_4) 0
Newton iteration  0 : ||r|| = 0.00396273
   Pass :  1   Iteration :   0  ||B r|| = 89.6093 ...
   Pass :  1   Iteration :  14  ||B r|| = 5.92601e-05
norm(r_0) 0
norm(r_1) 0
norm(r_2) 0
norm(r_3) 4.8542029e-06
norm(r_4) 0
Newton iteration  1 : ||r|| = 4.8542e-06, ||r||/||r_0|| = 0.00122496
Setting time step: 0.019709857 in DGTransportTDO
Setting time step: 0.019709857 in CombinedOp
Setting time step: 0.019709857 in IonStaticPressureOp
norm(r_0) 0
norm(r_1) 0
norm(r_2) 0
norm(r_3) 0.0041964478
norm(r_4) 0
Newton iteration  0 : ||r|| = 0.00419645
   Pass :  1   Iteration :   0  ||B r|| = 94.8944 ...
   Pass :  1   Iteration :  14  ||B r|| = 6.27553e-05
norm(r_0) 0
norm(r_1) 0
norm(r_2) 0
norm(r_3) 5.1404964e-06
norm(r_4) 0
Newton iteration  1 : ||r|| = 5.1405e-06, ||r||/||r_0|| = 0.00122496
Setting time step: 0.019709857 in DGTransportTDO
Setting time step: 0.019709857 in CombinedOp
Setting time step: 0.019709857 in IonStaticPressureOp
norm(r_0) 0
norm(r_1) 0
norm(r_2) 0
norm(r_3) 0.0023944506
norm(r_4) 0
Newton iteration  0 : ||r|| = 0.00239445
   Pass :  1   Iteration :   0  ||B r|| = 54.1458 ...
   Pass :  1   Iteration :  14  ||B r|| = 3.58079e-05
norm(r_0) 0
norm(r_1) 0
norm(r_2) 0
norm(r_3) 2.9331091e-06
norm(r_4) 0
Newton iteration  1 : ||r|| = 2.93311e-06, ||r||/||r_0|| = 0.00122496
Setting time step: 0.038632963 in DGTransportTDO
Setting time step: 0.038632963 in CombinedOp
Setting time step: 0.038632963 in IonStaticPressureOp
norm(r_0) 0
norm(r_1) 0
norm(r_2) 0
norm(r_3) 0.0019012494
norm(r_4) 0
Newton iteration  0 : ||r|| = 0.00190125
   Pass :  1   Iteration :   0  ||B r|| = 30.9154 ...
   Pass :  1   Iteration :  14  ||B r|| = 2.6126e-05
norm(r_0) 0
norm(r_1) 0
norm(r_2) 0
norm(r_3) 3.8862696e-06
norm(r_4) 0
Newton iteration  1 : ||r|| = 3.88627e-06, ||r||/||r_0|| = 0.00204406
Setting time step: 0.038632963 in DGTransportTDO
Setting time step: 0.038632963 in CombinedOp
Setting time step: 0.038632963 in IonStaticPressureOp
norm(r_0) 0
norm(r_1) 0
norm(r_2) 0
norm(r_3) 0.00061954705
norm(r_4) 0
Newton iteration  0 : ||r|| = 0.000619547
   Pass :  1   Iteration :   0  ||B r|| = 10.0739 ...
   Pass :  1   Iteration :  14  ||B r|| = 8.51352e-06
norm(r_0) 0
norm(r_1) 0
norm(r_2) 0
norm(r_3) 1.2664964e-06
norm(r_4) 0
Newton iteration  1 : ||r|| = 1.2665e-06, ||r||/||r_0|| = 0.00204423
Setting time step: 0.038632963 in DGTransportTDO
Setting time step: 0.038632963 in CombinedOp
Setting time step: 0.038632963 in IonStaticPressureOp
norm(r_0) 0
norm(r_1) 0
norm(r_2) 0
norm(r_3) 0.0010631008
norm(r_4) 0
Newton iteration  0 : ||r|| = 0.0010631
   Pass :  1   Iteration :   0  ||B r|| = 17.2865 ...
   Pass :  1   Iteration :  14  ||B r|| = 1.46087e-05
norm(r_0) 0
norm(r_1) 0
norm(r_2) 0
norm(r_3) 2.1731398e-06
norm(r_4) 0
Newton iteration  1 : ||r|| = 2.17314e-06, ||r||/||r_0|| = 0.00204415
Setting time step: 0.038632963 in DGTransportTDO
Setting time step: 0.038632963 in CombinedOp
Setting time step: 0.038632963 in IonStaticPressureOp
norm(r_0) 0
norm(r_1) 0
norm(r_2) 0
norm(r_3) 0.0012045135
norm(r_4) 0
Newton iteration  0 : ||r|| = 0.00120451
   Pass :  1   Iteration :   0  ||B r|| = 19.586 ...
   Pass :  1   Iteration :  14  ||B r|| = 1.65519e-05
norm(r_0) 0
norm(r_1) 0
norm(r_2) 0
norm(r_3) 2.4621796e-06
norm(r_4) 0
Newton iteration  1 : ||r|| = 2.46218e-06, ||r||/||r_0|| = 0.00204413
Setting time step: 0.038632963 in DGTransportTDO
Setting time step: 0.038632963 in CombinedOp
Setting time step: 0.038632963 in IonStaticPressureOp
norm(r_0) 0
norm(r_1) 0
norm(r_2) 0
norm(r_3) 0.0003891727
norm(r_4) 0
Newton iteration  0 : ||r|| = 0.000389173
   Pass :  1   Iteration :   0  ||B r|| = 6.3274 ...
   Pass :  1   Iteration :  14  ||B r|| = 5.34674e-06
norm(r_0) 0
norm(r_1) 0
norm(r_2) 0
norm(r_3) 7.9516886e-07
norm(r_4) 0
Newton iteration  1 : ||r|| = 7.95169e-07, ||r||/||r_0|| = 0.00204323
Setting time step: 0.042506321 in DGTransportTDO
Setting time step: 0.042506321 in CombinedOp
Setting time step: 0.042506321 in IonStaticPressureOp
norm(r_0) 0
norm(r_1) 0
norm(r_2) 0
norm(r_3) 0.00025796311
norm(r_4) 0
Newton iteration  0 : ||r|| = 0.000257963
   Pass :  1   Iteration :   0  ||B r|| = 3.96679 ...
   Pass :  1   Iteration :  14  ||B r|| = 3.45294e-06
norm(r_0) 0
norm(r_1) 0
norm(r_2) 0
norm(r_3) 5.6337958e-07
norm(r_4) 0
Newton iteration  1 : ||r|| = 5.6338e-07, ||r||/||r_0|| = 0.00218395
Setting time step: 0.042506321 in DGTransportTDO
Setting time step: 0.042506321 in CombinedOp
Setting time step: 0.042506321 in IonStaticPressureOp
norm(r_0) 0
norm(r_1) 0
norm(r_2) 0
norm(r_3) 7.2877676e-05
norm(r_4) 0
Newton iteration  0 : ||r|| = 7.28777e-05
   Pass :  1   Iteration :   0  ||B r|| = 1.12066 ...
   Pass :  1   Iteration :  14  ||B r|| = 9.75508e-07
norm(r_0) 0
norm(r_1) 0
norm(r_2) 0
norm(r_3) 1.5916587e-07
norm(r_4) 0
Newton iteration  1 : ||r|| = 1.59166e-07, ||r||/||r_0|| = 0.00218401
Setting time step: 0.042506321 in DGTransportTDO
Setting time step: 0.042506321 in CombinedOp
Setting time step: 0.042506321 in IonStaticPressureOp
norm(r_0) 0
norm(r_1) 0
norm(r_2) 0
norm(r_3) 0.00013628813
norm(r_4) 0
Newton iteration  0 : ||r|| = 0.000136288
   Pass :  1   Iteration :   0  ||B r|| = 2.09575 ...
   Pass :  1   Iteration :  14  ||B r|| = 1.82428e-06
norm(r_0) 0
norm(r_1) 0
norm(r_2) 0
norm(r_3) 2.9765065e-07
norm(r_4) 0
Newton iteration  1 : ||r|| = 2.97651e-07, ||r||/||r_0|| = 0.00218398
Setting time step: 0.042506321 in DGTransportTDO
Setting time step: 0.042506321 in CombinedOp
Setting time step: 0.042506321 in IonStaticPressureOp
norm(r_0) 0
norm(r_1) 0
norm(r_2) 0
norm(r_3) 0.00015685744
norm(r_4) 0
Newton iteration  0 : ||r|| = 0.000156857
   Pass :  1   Iteration :   0  ||B r|| = 2.41205 ...
   Pass :  1   Iteration :  14  ||B r|| = 2.09961e-06
norm(r_0) 0
norm(r_1) 0
norm(r_2) 0
norm(r_3) 3.4257239e-07
norm(r_4) 0
Newton iteration  1 : ||r|| = 3.42572e-07, ||r||/||r_0|| = 0.00218397
Setting time step: 0.042506321 in DGTransportTDO
Setting time step: 0.042506321 in CombinedOp
Setting time step: 0.042506321 in IonStaticPressureOp
norm(r_0) 0
norm(r_1) 0
norm(r_2) 0
norm(r_3) 4.5596305e-05
norm(r_4) 0
Newton iteration  0 : ||r|| = 4.55963e-05
   Pass :  1   Iteration :   0  ||B r|| = 0.701154 ...
   Pass :  1   Iteration :  14  ||B r|| = 6.10305e-07
norm(r_0) 0
norm(r_1) 0
norm(r_2) 0
norm(r_3) 9.9572135e-08
norm(r_4) 0
Newton iteration  1 : ||r|| = 9.95721e-08, ||r||/||r_0|| = 0.00218378
Setting time step: 0.085012642 in DGTransportTDO
Setting time step: 0.085012642 in CombinedOp
Setting time step: 0.085012642 in IonStaticPressureOp
norm(r_0) 0
norm(r_1) 0
norm(r_2) 0
norm(r_3) 2.9239009e-05
norm(r_4) 0
Newton iteration  0 : ||r|| = 2.9239e-05
   Pass :  1   Iteration :   0  ||B r|| = 0.281031 ...
   Pass :  1   Iteration :  13  ||B r|| = 6.35061e-07
norm(r_0) 0
norm(r_1) 0
norm(r_2) 0
norm(r_3) 2.7440084e-07
norm(r_4) 0
Newton iteration  1 : ||r|| = 2.74401e-07, ||r||/||r_0|| = 0.00938475
Setting time step: 0.085012642 in DGTransportTDO
Setting time step: 0.085012642 in CombinedOp
Setting time step: 0.085012642 in IonStaticPressureOp
norm(r_0) 0
norm(r_1) 0
norm(r_2) 0
norm(r_3) 1.7517094e-06
norm(r_4) 0
Newton iteration  0 : ||r|| = 1.75171e-06
   Pass :  1   Iteration :   0  ||B r|| = 0.0157676 ...
   Pass :  1   Iteration :   9  ||B r|| = 6.49582e-07
norm(r_0) 0
norm(r_1) 0
norm(r_2) 0
norm(r_3) 2.5142912e-07
norm(r_4) 0
Newton iteration  1 : ||r|| = 2.51429e-07, ||r||/||r_0|| = 0.143534
Setting time step: 0.085012642 in DGTransportTDO
Setting time step: 0.085012642 in CombinedOp
Setting time step: 0.085012642 in IonStaticPressureOp
norm(r_0) 0
norm(r_1) 0
norm(r_2) 0
norm(r_3) 8.1177289e-06
norm(r_4) 0
Newton iteration  0 : ||r|| = 8.11773e-06
   Pass :  1   Iteration :   0  ||B r|| = 0.0778758 ...
   Pass :  1   Iteration :  11  ||B r|| = 8.08609e-07
norm(r_0) 0
norm(r_1) 0
norm(r_2) 0
norm(r_3) 2.5421613e-07
norm(r_4) 0
Newton iteration  1 : ||r|| = 2.54216e-07, ||r||/||r_0|| = 0.0313162
Setting time step: 0.085012642 in DGTransportTDO
Setting time step: 0.085012642 in CombinedOp
Setting time step: 0.085012642 in IonStaticPressureOp
norm(r_0) 0
norm(r_1) 0
norm(r_2) 0
norm(r_3) 1.1751892e-05
norm(r_4) 0
Newton iteration  0 : ||r|| = 1.17519e-05
   Pass :  1   Iteration :   0  ||B r|| = 0.112888 ...
   Pass :  1   Iteration :  12  ||B r|| = 6.19463e-07
norm(r_0) 0
norm(r_1) 0
norm(r_2) 0
norm(r_3) 2.6162288e-07
norm(r_4) 0
Newton iteration  1 : ||r|| = 2.61623e-07, ||r||/||r_0|| = 0.0222622
Setting time step: 0.085012642 in DGTransportTDO
Setting time step: 0.085012642 in CombinedOp
Setting time step: 0.085012642 in IonStaticPressureOp
norm(r_0) 0
norm(r_1) 0
norm(r_2) 0
norm(r_3) 1.6132614e-05
norm(r_4) 0
Newton iteration  0 : ||r|| = 1.61326e-05
   Pass :  1   Iteration :   0  ||B r|| = 0.0325958 ...
   Pass :  1   Iteration :  10  ||B r|| = 6.95238e-07
norm(r_0) 0
norm(r_1) 0
norm(r_2) 0
norm(r_3) 2.4240993e-07
norm(r_4) 0
Newton iteration  1 : ||r|| = 2.4241e-07, ||r||/||r_0|| = 0.0150261
Time stepping paused at t = 0.89344713

Estimating errors.
No refinements necessary.
No derefinements needed.

AMR iteration 2
Number of unknowns: 65536
Setting time step: 0.17002528 in DGTransportTDO
Setting time step: 0.17002528 in CombinedOp
Setting time step: 0.17002528 in IonStaticPressureOp
norm(r_0) 0
norm(r_1) 0
norm(r_2) 0
norm(r_3) 1.619037e-06
norm(r_4) 0
Newton iteration  0 : ||r|| = 1.61904e-06
   Pass :  1   Iteration :   0  ||B r|| = 0.00865401 ...
   Pass :  1   Iteration :   8  ||B r|| = 8.76962e-07
norm(r_0) 0
norm(r_1) 0
norm(r_2) 0
norm(r_3) 6.4953758e-07
norm(r_4) 0
Newton iteration  1 : ||r|| = 6.49538e-07, ||r||/||r_0|| = 0.401188
Setting time step: 0.17002528 in DGTransportTDO
Setting time step: 0.17002528 in CombinedOp
Setting time step: 0.17002528 in IonStaticPressureOp
norm(r_0) 0
norm(r_1) 0
norm(r_2) 0
norm(r_3) 1.2962691e-06
norm(r_4) 0
Newton iteration  0 : ||r|| = 1.29627e-06
   Pass :  1   Iteration :   0  ||B r|| = 0.0033085 ...
   Pass :  1   Iteration :   7  ||B r|| = 7.29062e-07
norm(r_0) 0
norm(r_1) 0
norm(r_2) 0
norm(r_3) 4.6764203e-07
norm(r_4) 0
Newton iteration  1 : ||r|| = 4.67642e-07, ||r||/||r_0|| = 0.36076
Setting time step: 0.17002528 in DGTransportTDO
Setting time step: 0.17002528 in CombinedOp
Setting time step: 0.17002528 in IonStaticPressureOp
norm(r_0) 0
norm(r_1) 0
norm(r_2) 0
norm(r_3) 9.4445913e-07
norm(r_4) 0
Newton iteration  0 : ||r|| = 9.44459e-07
   Pass :  1   Iteration :   0  ||B r|| = 0.000153614 ...
   Pass :  1   Iteration :   4  ||B r|| = 4.84409e-07
norm(r_0) 0
norm(r_1) 0
norm(r_2) 0
norm(r_3) 2.9173077e-07
norm(r_4) 0
Newton iteration  1 : ||r|| = 2.91731e-07, ||r||/||r_0|| = 0.308887
Setting time step: 0.17002528 in DGTransportTDO
Setting time step: 0.17002528 in CombinedOp
Setting time step: 0.17002528 in IonStaticPressureOp
norm(r_0) 0
norm(r_1) 0
norm(r_2) 0
norm(r_3) 8.2423825e-07
norm(r_4) 0
Newton iteration  0 : ||r|| = 8.24238e-07
   Pass :  1   Iteration :   0  ||B r|| = 0.00165497 ...
   Pass :  1   Iteration :   6  ||B r|| = 9.8325e-07
norm(r_0) 0
norm(r_1) 0
norm(r_2) 0
norm(r_3) 7.2424231e-07
norm(r_4) 0
Newton iteration  1 : ||r|| = 7.24242e-07, ||r||/||r_0|| = 0.878681
Setting time step: 0.17002528 in DGTransportTDO
Setting time step: 0.17002528 in CombinedOp
Setting time step: 0.17002528 in IonStaticPressureOp
norm(r_0) 0
norm(r_1) 0
norm(r_2) 0
norm(r_3) 1.531781e-05
norm(r_4) 0
Newton iteration  0 : ||r|| = 1.53178e-05
   Pass :  1   Iteration :   0  ||B r|| = 0.00348449 ...
   Pass :  1   Iteration :   7  ||B r|| = 6.70636e-07
norm(r_0) 0
norm(r_1) 0
norm(r_2) 0
norm(r_3) 6.3288892e-07
norm(r_4) 0
Newton iteration  1 : ||r|| = 6.32889e-07, ||r||/||r_0|| = 0.0413172
Setting time step: 0.34005057 in DGTransportTDO
Setting time step: 0.34005057 in CombinedOp
Setting time step: 0.34005057 in IonStaticPressureOp
norm(r_0) 0
norm(r_1) 0
norm(r_2) 0
norm(r_3) 6.6354302e-07
norm(r_4) 0
Newton iteration  0 : ||r|| = 6.63543e-07
   Pass :  1   Iteration :   0  ||B r|| = 0.000579748 ...
   Pass :  1   Iteration :   5  ||B r|| = 8.48274e-07
norm(r_0) 0
norm(r_1) 0
norm(r_2) 0
norm(r_3) 8.7131002e-07
norm(r_4) 0
Newton iteration  1 : ||r|| = 8.7131e-07, ||r||/||r_0|| = 1.31312
Setting time step: 0.34005057 in DGTransportTDO
Setting time step: 0.34005057 in CombinedOp
Setting time step: 0.34005057 in IonStaticPressureOp
norm(r_0) 0
norm(r_1) 0
norm(r_2) 0
norm(r_3) 1.9849833e-06
norm(r_4) 0
Newton iteration  0 : ||r|| = 1.98498e-06
   Pass :  1   Iteration :   0  ||B r|| = 0.000368377 ...
   Pass :  1   Iteration :   4  ||B r|| = 9.09479e-07
norm(r_0) 0
norm(r_1) 0
norm(r_2) 0
norm(r_3) 1.0226395e-06
norm(r_4) 0
Newton iteration  1 : ||r|| = 1.02264e-06, ||r||/||r_0|| = 0.515188
Setting time step: 0.34005057 in DGTransportTDO
Setting time step: 0.34005057 in CombinedOp
Setting time step: 0.34005057 in IonStaticPressureOp
norm(r_0) 0
norm(r_1) 0
norm(r_2) 0
norm(r_3) 1.4206316e-06
norm(r_4) 0
Newton iteration  0 : ||r|| = 1.42063e-06
   Pass :  1   Iteration :   0  ||B r|| = 0.000113235 ...
   Pass :  1   Iteration :   3  ||B r|| = 8.37989e-07
norm(r_0) 0
norm(r_1) 0
norm(r_2) 0
norm(r_3) 1.3565686e-06
norm(r_4) 0
Newton iteration  1 : ||r|| = 1.35657e-06, ||r||/||r_0|| = 0.954905
Setting time step: 0.34005057 in DGTransportTDO
Setting time step: 0.34005057 in CombinedOp
Setting time step: 0.34005057 in IonStaticPressureOp
norm(r_0) 0
norm(r_1) 0
norm(r_2) 0
norm(r_3) 8.6806819e-07
norm(r_4) 0
Newton iteration  0 : ||r|| = 8.68068e-07
   Pass :  1   Iteration :   0  ||B r|| = 1.20737e-05 ...
   Pass :  1   Iteration :   2  ||B r|| = 8.81307e-07
norm(r_0) 0
norm(r_1) 0
norm(r_2) 0
norm(r_3) 2.1715139e-06
norm(r_4) 0
Newton iteration  1 : ||r|| = 2.17151e-06, ||r||/||r_0|| = 2.50155
Setting time step: 0.34005057 in DGTransportTDO
Setting time step: 0.34005057 in CombinedOp
Setting time step: 0.34005057 in IonStaticPressureOp
norm(r_0) 0
norm(r_1) 0
norm(r_2) 0
norm(r_3) 0.00011458121
norm(r_4) 0
Newton iteration  0 : ||r|| = 0.000114581
   Pass :  1   Iteration :   0  ||B r|| = 0.00058157 ...
   Pass :  1   Iteration :   5  ||B r|| = 9.32417e-07
norm(r_0) 0
norm(r_1) 0
norm(r_2) 0
norm(r_3) 1.9100201e-06
norm(r_4) 0
Newton iteration  1 : ||r|| = 1.91002e-06, ||r||/||r_0|| = 0.0166696
Setting time step: 0.68010113 in DGTransportTDO
Setting time step: 0.68010113 in CombinedOp
Setting time step: 0.68010113 in IonStaticPressureOp
norm(r_0) 0
norm(r_1) 0
norm(r_2) 0
norm(r_3) 1.9098903e-06
norm(r_4) 0
Newton iteration  0 : ||r|| = 1.90989e-06
   Pass :  1   Iteration :   0  ||B r|| = 3.74334e-05 ...
   Pass :  1   Iteration :   3  ||B r|| = 3.39449e-07
norm(r_0) 0
norm(r_1) 0
norm(r_2) 0
norm(r_3) 1.8570514e-06
norm(r_4) 0
Newton iteration  1 : ||r|| = 1.85705e-06, ||r||/||r_0|| = 0.972334
Setting time step: 0.68010113 in DGTransportTDO
Setting time step: 0.68010113 in CombinedOp
Setting time step: 0.68010113 in IonStaticPressureOp
norm(r_0) 0
norm(r_1) 0
norm(r_2) 0
norm(r_3) 5.5742019e-06
norm(r_4) 0
Newton iteration  0 : ||r|| = 5.5742e-06
   Pass :  1   Iteration :   0  ||B r|| = 3.01692e-05 ...
   Pass :  1   Iteration :   3  ||B r|| = 3.73773e-07
norm(r_0) 0
norm(r_1) 0
norm(r_2) 0
norm(r_3) 1.3181562e-06
norm(r_4) 0
Newton iteration  1 : ||r|| = 1.31816e-06, ||r||/||r_0|| = 0.236474
Setting time step: 0.68010113 in DGTransportTDO
Setting time step: 0.68010113 in CombinedOp
Setting time step: 0.68010113 in IonStaticPressureOp
norm(r_0) 0
norm(r_1) 0
norm(r_2) 0
norm(r_3) 4.2895562e-06
norm(r_4) 0
Newton iteration  0 : ||r|| = 4.28956e-06
   Pass :  1   Iteration :   0  ||B r|| = 1.291e-05 ...
   Pass :  1   Iteration :   2  ||B r|| = 5.10651e-07
norm(r_0) 0
norm(r_1) 0
norm(r_2) 0
norm(r_3) 2.9352672e-06
norm(r_4) 0
Newton iteration  1 : ||r|| = 2.93527e-06, ||r||/||r_0|| = 0.684282
Setting time step: 0.68010113 in DGTransportTDO
Setting time step: 0.68010113 in CombinedOp
Setting time step: 0.68010113 in IonStaticPressureOp
norm(r_0) 0
norm(r_1) 0
norm(r_2) 0
norm(r_3) 3.424907e-06
norm(r_4) 0
Newton iteration  0 : ||r|| = 3.42491e-06
   Pass :  1   Iteration :   0  ||B r|| = 3.68297e-06 ...
   Pass :  1   Iteration :   1  ||B r|| = 5.41207e-07
norm(r_0) 0
norm(r_1) 0
norm(r_2) 0
norm(r_3) 4.6780913e-06
norm(r_4) 0
Newton iteration  1 : ||r|| = 4.67809e-06, ||r||/||r_0|| = 1.3659
Setting time step: 0.68010113 in DGTransportTDO
Setting time step: 0.68010113 in CombinedOp
Setting time step: 0.68010113 in IonStaticPressureOp
norm(r_0) 0
norm(r_1) 0
norm(r_2) 0
norm(r_3) 0.00022892101
norm(r_4) 0
Newton iteration  0 : ||r|| = 0.000228921
   Pass :  1   Iteration :   0  ||B r|| = 6.6816e-05 ...
   Pass :  1   Iteration :   4  ||B r|| = 8.62609e-07
norm(r_0) 0
norm(r_1) 0
norm(r_2) 0
norm(r_3) 8.7105903e-07
norm(r_4) 0
Newton iteration  1 : ||r|| = 8.71059e-07, ||r||/||r_0|| = 0.00380506
Setting time step: 1.3602023 in DGTransportTDO
Setting time step: 1.3602023 in CombinedOp
Setting time step: 1.3602023 in IonStaticPressureOp
norm(r_0) 0
norm(r_1) 0
norm(r_2) 0
norm(r_3) 8.7132544e-07
norm(r_4) 0
Newton iteration  0 : ||r|| = 8.71325e-07
   Pass :  1   Iteration :   0  ||B r|| = 1.66437e-06 ...
   Pass :  1   Iteration :   1  ||B r|| = 1.26173e-07
norm(r_0) 0
norm(r_1) 0
norm(r_2) 0
norm(r_3) 5.720627e-07
norm(r_4) 0
Newton iteration  1 : ||r|| = 5.72063e-07, ||r||/||r_0|| = 0.656543
Setting time step: 1.3602023 in DGTransportTDO
Setting time step: 1.3602023 in CombinedOp
Setting time step: 1.3602023 in IonStaticPressureOp
norm(r_0) 0
norm(r_1) 0
norm(r_2) 0
norm(r_3) 1.9862256e-06
norm(r_4) 0
Newton iteration  0 : ||r|| = 1.98623e-06
   Pass :  1   Iteration :   0  ||B r|| = 1.57355e-06 ...
   Pass :  1   Iteration :   1  ||B r|| = 1.3404e-07
norm(r_0) 0
norm(r_1) 0
norm(r_2) 0
norm(r_3) 7.7892618e-07
norm(r_4) 0
Newton iteration  1 : ||r|| = 7.78926e-07, ||r||/||r_0|| = 0.392164
Setting time step: 1.3602023 in DGTransportTDO
Setting time step: 1.3602023 in CombinedOp
Setting time step: 1.3602023 in IonStaticPressureOp
norm(r_0) 0
norm(r_1) 0
norm(r_2) 0
norm(r_3) 1.5186658e-06
norm(r_4) 0
Newton iteration  0 : ||r|| = 1.51867e-06
   Pass :  1   Iteration :   0  ||B r|| = 7.93517e-07
norm(r_0) 0
norm(r_1) 0
norm(r_2) 0
norm(r_3) 1.5186658e-06
norm(r_4) 0
Newton iteration  1 : ||r|| = 1.51867e-06, ||r||/||r_0|| = 1
Setting time step: 1.3602023 in DGTransportTDO
Setting time step: 1.3602023 in CombinedOp
Setting time step: 1.3602023 in IonStaticPressureOp
norm(r_0) 0
norm(r_1) 0
norm(r_2) 0
norm(r_3) 1.2531989e-06
norm(r_4) 0
Newton iteration  0 : ||r|| = 1.2532e-06
   Pass :  1   Iteration :   0  ||B r|| = 4.36003e-07
norm(r_0) 0
norm(r_1) 0
norm(r_2) 0
norm(r_3) 1.2531989e-06
norm(r_4) 0
Newton iteration  1 : ||r|| = 1.2532e-06, ||r||/||r_0|| = 1
Setting time step: 1.3602023 in DGTransportTDO
Setting time step: 1.3602023 in CombinedOp
Setting time step: 1.3602023 in IonStaticPressureOp
norm(r_0) 0
norm(r_1) 0
norm(r_2) 0
norm(r_3) 1.6292819e-05
norm(r_4) 0
Newton iteration  0 : ||r|| = 1.62928e-05
   Pass :  1   Iteration :   0  ||B r|| = 1.13192e-05 ...
   Pass :  1   Iteration :   1  ||B r|| = 6.00433e-07
norm(r_0) 0
norm(r_1) 0
norm(r_2) 0
norm(r_3) 6.5580616e-06
norm(r_4) 0
Newton iteration  1 : ||r|| = 6.55806e-06, ||r||/||r_0|| = 0.402512
Time stepping paused at t = 11.094964
Steady State solution has been reached

Time stepping done after 19.310381s.
