Options used:
   --mesh ../../mfem/data/inline-quad.mesh
   --bc-file ../../mfem/miniapps/plasma/transport2d_bcs.inp
   --ic-file ../../mfem/miniapps/plasma/transport2d_ics.inp
   --ec-file /home/gz6/mfem-analysis/input-files/transport2d_ecs.inp
   --es-file ../../mfem/miniapps/plasma/transport2d_ess.inp
   --eqdsk-file 
   --logging 1
   --operator-test 8
   --equation-weights '1 1 1 1 1'
   --problem 0
   --refine-serial 4
   --refine-parallel 0
   --enable-amr
   --max-err -1
   --hysteresis 0.25
   --nc-limit 3
   --amr-weights '1 1 1 1 1'
   --order 2
   --dg-sigma -1
   --dg-kappa 9
   --linear-abs-tolerance 1e-06
   --linear-rel-tolerance 1e-06
   --linear-max-iterations 300
   --linear-logging-level 3
   --newton-abs-tolerance 1e-10
   --newton-rel-tolerance 1e-10
   --newton-max-iterations 1
   --newton-logging-level 1
   --steady-state-abs-tolerance 1e-08
   --steady-state-rel-tolerance 1e-08
   --prec-type 2
   --prec-logging-level 0
   --initial-tolerance 1e-05
   --ode-tolerance 0.001
   --ode-solver 2
   --err-per-step
   --ode-weights '1 1 1 1 1'
   --kP 0
   --kI 0.6
   --kD 0
   --theta-max 2
   --t-minimum 0
   --t-final 100
   --time-step 0.01
   --cfl-number 0.3
   --ion-charge 1
   --ion-mass 2.0141018
   --neutral-mass 2.0141018
   --neutral-temp 3
   --min-neutral-density 9e+14
   --max-neutral-density 1e+15
   --neutral-density-exp 0
   --min-ion-density 1e+16
   --max-ion-density 1e+18
   --ion-density-exp 0
   --min-ion-temp 1
   --max-ion-temp 10
   --ion-temp-exp 0
   --min-electron-temp 10
   --max-electron-temp 440
   --electron-temp-exp 0
   --total-B-magnitude 5
   --poloidal-B-magnitude 0.5
   --velocity 1000
   --Di-perp 1
   --Xi-perp 1
   --Xe-perp 1
   --equation-term-flags '-1 -1 -1 -1 -1'
   --visualization-flags '-1 -1 -1 -1 -1'
   --visualization
   --visit-datafiles
   --ascii-datafiles
   --visualization-steps 4
Device configuration: cpu
Memory configuration: host-std
Number of elements in initial mesh: 16
Number of elements after serial refinement: 4096
0: Number of elements in parallel mesh: 4096
0: Number of elements after parallel refinement: 4096
Configuring initial conditions
Reading initial conditions from ../../mfem/miniapps/plasma/transport2d_ics.inp
Configuring exact solutions
Reading exact solutions from ../../mfem/miniapps/plasma/transport2d_ess.inp

AMR iteration 0
Number of unknowns: 36864
Stopping criterion satisfied. Stop.
Number of unknowns per field: 36864
Total number of unknowns:     184320
Configuring boundary conditions
Reading boundary conditions from ../../mfem/miniapps/plasma/transport2d_bcs.inp
Configuring equation coefficients
Reading equation coefficients from /home/gz6/mfem-analysis/input-files/transport2d_ecs.inp
|mn| = 3.3444946e-27
|ni| = 1
|ne| = 1

|Dn|     = -nan
|Di|     = -nan
|Eta|    = -nan
|nXi|    = -nan
|nXe|    = -nan

|Eta/mn| = -nan
|nXi/ni| = -nan
|nXe/ne| = -nan
Ion Static Pressure: Adding time derivative term proportional to d n_i / dt
Ion Static Pressure: Adding time derivative term proportional to d T_i / dt
Ion Static Pressure: Adding anisotropic diffusion term
Ion Static Pressure: Adding source term
Opening GLVis sockets.
Range of error estimates for initial condition: -nan < elem err < -nan

Begin time stepping at t = 0
Setting time step: 0.0025 in DGTransportTDO
Setting time step: 0.0025 in CombinedOp
Setting time step: 0.0025 in IonStaticPressureOp
norm(r_0) 0
norm(r_1) 0
norm(r_2) 0
norm(r_3) 0.054259978
norm(r_4) 0
Newton iteration  0 : ||r|| = 0.05426

** Memory Usage **********************************
** NUMfact space (MB): (sum-of-all-processes)
    L\U :            2.87 |  Total :     5.02
** Total highmark (MB):
    Sum-of-all :    45.74 | Avg :    45.74  | Max :    45.74
**************************************************

** Memory Usage **********************************
** NUMfact space (MB): (sum-of-all-processes)
    L\U :            2.87 |  Total :     5.02
** Total highmark (MB):
    Sum-of-all :    45.74 | Avg :    45.74  | Max :    45.74
**************************************************

** Memory Usage **********************************
** NUMfact space (MB): (sum-of-all-processes)
    L\U :            2.87 |  Total :     5.02
** Total highmark (MB):
    Sum-of-all :    45.74 | Avg :    45.74  | Max :    45.74
**************************************************

** Memory Usage **********************************
** NUMfact space (MB): (sum-of-all-processes)
    L\U :          411.34 |  Total :   435.27
** Total highmark (MB):
    Sum-of-all :   483.28 | Avg :   483.28  | Max :   483.28
**************************************************

** Memory Usage **********************************
** NUMfact space (MB): (sum-of-all-processes)
    L\U :            2.87 |  Total :     5.02
** Total highmark (MB):
    Sum-of-all :    45.74 | Avg :    45.74  | Max :    45.74
**************************************************
   Pass :  1   Iteration :   0  ||B r|| = 1223.07 ...
   Pass :  1   Iteration :   1  ||B r|| = 2.15566e-08
norm(r_0) 0
norm(r_1) 0
norm(r_2) 0
norm(r_3) 2.6898282e-11
norm(r_4) 0
Newton iteration  1 : ||r|| = 2.68983e-11, ||r||/||r_0|| = 4.9573e-10
Setting time step: 0.0025 in DGTransportTDO
Setting time step: 0.0025 in CombinedOp
Setting time step: 0.0025 in IonStaticPressureOp
norm(r_0) 0
norm(r_1) 0
norm(r_2) 0
norm(r_3) 0.050803518
norm(r_4) 0
Newton iteration  0 : ||r|| = 0.0508035

** Memory Usage **********************************
** NUMfact space (MB): (sum-of-all-processes)
    L\U :            2.87 |  Total :     5.02
** Total highmark (MB):
    Sum-of-all :    45.74 | Avg :    45.74  | Max :    45.74
**************************************************

** Memory Usage **********************************
** NUMfact space (MB): (sum-of-all-processes)
    L\U :            2.87 |  Total :     5.02
** Total highmark (MB):
    Sum-of-all :    45.74 | Avg :    45.74  | Max :    45.74
**************************************************

** Memory Usage **********************************
** NUMfact space (MB): (sum-of-all-processes)
    L\U :            2.87 |  Total :     5.02
** Total highmark (MB):
    Sum-of-all :    45.74 | Avg :    45.74  | Max :    45.74
**************************************************

** Memory Usage **********************************
** NUMfact space (MB): (sum-of-all-processes)
    L\U :          411.34 |  Total :   435.27
** Total highmark (MB):
    Sum-of-all :   483.28 | Avg :   483.28  | Max :   483.28
**************************************************

** Memory Usage **********************************
** NUMfact space (MB): (sum-of-all-processes)
    L\U :            2.87 |  Total :     5.02
** Total highmark (MB):
    Sum-of-all :    45.74 | Avg :    45.74  | Max :    45.74
**************************************************
   Pass :  1   Iteration :   0  ||B r|| = 1145.16 ...
   Pass :  1   Iteration :   1  ||B r|| = 2.08322e-08
norm(r_0) 0
norm(r_1) 0
norm(r_2) 0
norm(r_3) 3.8410984e-11
norm(r_4) 0
Newton iteration  1 : ||r|| = 3.8411e-11, ||r||/||r_0|| = 7.56069e-10
Setting time step: 0.0025 in DGTransportTDO
Setting time step: 0.0025 in CombinedOp
Setting time step: 0.0025 in IonStaticPressureOp
norm(r_0) 0
norm(r_1) 0
norm(r_2) 0
norm(r_3) 0.052168487
norm(r_4) 0
Newton iteration  0 : ||r|| = 0.0521685

** Memory Usage **********************************
** NUMfact space (MB): (sum-of-all-processes)
    L\U :            2.87 |  Total :     5.02
** Total highmark (MB):
    Sum-of-all :    45.74 | Avg :    45.74  | Max :    45.74
**************************************************

** Memory Usage **********************************
** NUMfact space (MB): (sum-of-all-processes)
    L\U :            2.87 |  Total :     5.02
** Total highmark (MB):
    Sum-of-all :    45.74 | Avg :    45.74  | Max :    45.74
**************************************************

** Memory Usage **********************************
** NUMfact space (MB): (sum-of-all-processes)
    L\U :            2.87 |  Total :     5.02
** Total highmark (MB):
    Sum-of-all :    45.74 | Avg :    45.74  | Max :    45.74
**************************************************

** Memory Usage **********************************
** NUMfact space (MB): (sum-of-all-processes)
    L\U :          411.34 |  Total :   435.27
** Total highmark (MB):
    Sum-of-all :   483.28 | Avg :   483.28  | Max :   483.28
**************************************************

** Memory Usage **********************************
** NUMfact space (MB): (sum-of-all-processes)
    L\U :            2.87 |  Total :     5.02
** Total highmark (MB):
    Sum-of-all :    45.74 | Avg :    45.74  | Max :    45.74
**************************************************
   Pass :  1   Iteration :   0  ||B r|| = 1175.93 ...
   Pass :  1   Iteration :   1  ||B r|| = 1.49831e-08
norm(r_0) 0
norm(r_1) 0
norm(r_2) 0
norm(r_3) 3.2753671e-11
norm(r_4) 0
Newton iteration  1 : ||r|| = 3.27537e-11, ||r||/||r_0|| = 6.27844e-10
Setting time step: 0.0025 in DGTransportTDO
Setting time step: 0.0025 in CombinedOp
Setting time step: 0.0025 in IonStaticPressureOp
norm(r_0) 0
norm(r_1) 0
norm(r_2) 0
norm(r_3) 0.052516915
norm(r_4) 0
Newton iteration  0 : ||r|| = 0.0525169

** Memory Usage **********************************
** NUMfact space (MB): (sum-of-all-processes)
    L\U :            2.87 |  Total :     5.02
** Total highmark (MB):
    Sum-of-all :    45.74 | Avg :    45.74  | Max :    45.74
**************************************************

** Memory Usage **********************************
** NUMfact space (MB): (sum-of-all-processes)
    L\U :            2.87 |  Total :     5.02
** Total highmark (MB):
    Sum-of-all :    45.74 | Avg :    45.74  | Max :    45.74
**************************************************

** Memory Usage **********************************
** NUMfact space (MB): (sum-of-all-processes)
    L\U :            2.87 |  Total :     5.02
** Total highmark (MB):
    Sum-of-all :    45.74 | Avg :    45.74  | Max :    45.74
**************************************************

** Memory Usage **********************************
** NUMfact space (MB): (sum-of-all-processes)
    L\U :          411.34 |  Total :   435.27
** Total highmark (MB):
    Sum-of-all :   483.28 | Avg :   483.28  | Max :   483.28
**************************************************

** Memory Usage **********************************
** NUMfact space (MB): (sum-of-all-processes)
    L\U :            2.87 |  Total :     5.02
** Total highmark (MB):
    Sum-of-all :    45.74 | Avg :    45.74  | Max :    45.74
**************************************************
   Pass :  1   Iteration :   0  ||B r|| = 1183.78 ...
   Pass :  1   Iteration :   1  ||B r|| = 2.21443e-08
norm(r_0) 0
norm(r_1) 0
norm(r_2) 0
norm(r_3) 3.2079656e-11
norm(r_4) 0
Newton iteration  1 : ||r|| = 3.20797e-11, ||r||/||r_0|| = 6.10844e-10
Setting time step: 0.0025 in DGTransportTDO
Setting time step: 0.0025 in CombinedOp
Setting time step: 0.0025 in IonStaticPressureOp
norm(r_0) 0
norm(r_1) 0
norm(r_2) 0
norm(r_3) 0.049134485
norm(r_4) 0
Newton iteration  0 : ||r|| = 0.0491345

** Memory Usage **********************************
** NUMfact space (MB): (sum-of-all-processes)
    L\U :            2.87 |  Total :     5.02
** Total highmark (MB):
    Sum-of-all :    45.74 | Avg :    45.74  | Max :    45.74
**************************************************

** Memory Usage **********************************
** NUMfact space (MB): (sum-of-all-processes)
    L\U :            2.87 |  Total :     5.02
** Total highmark (MB):
    Sum-of-all :    45.74 | Avg :    45.74  | Max :    45.74
**************************************************

** Memory Usage **********************************
** NUMfact space (MB): (sum-of-all-processes)
    L\U :            2.87 |  Total :     5.02
** Total highmark (MB):
    Sum-of-all :    45.74 | Avg :    45.74  | Max :    45.74
**************************************************

** Memory Usage **********************************
** NUMfact space (MB): (sum-of-all-processes)
    L\U :          411.34 |  Total :   435.27
** Total highmark (MB):
    Sum-of-all :   483.28 | Avg :   483.28  | Max :   483.28
**************************************************

** Memory Usage **********************************
** NUMfact space (MB): (sum-of-all-processes)
    L\U :            2.87 |  Total :     5.02
** Total highmark (MB):
    Sum-of-all :    45.74 | Avg :    45.74  | Max :    45.74
**************************************************
   Pass :  1   Iteration :   0  ||B r|| = 1107.54 ...
   Pass :  1   Iteration :   1  ||B r|| = 1.56893e-08
norm(r_0) 0
norm(r_1) 0
norm(r_2) 0
norm(r_3) 4.7026505e-11
norm(r_4) 0
Newton iteration  1 : ||r|| = 4.70265e-11, ||r||/||r_0|| = 9.57098e-10
Setting time step: 0.005 in DGTransportTDO
Setting time step: 0.005 in CombinedOp
Setting time step: 0.005 in IonStaticPressureOp
norm(r_0) 0
norm(r_1) 0
norm(r_2) 0
norm(r_3) 0.047569506
norm(r_4) 0
Newton iteration  0 : ||r|| = 0.0475695

** Memory Usage **********************************
** NUMfact space (MB): (sum-of-all-processes)
    L\U :            2.87 |  Total :     5.02
** Total highmark (MB):
    Sum-of-all :    45.74 | Avg :    45.74  | Max :    45.74
**************************************************

** Memory Usage **********************************
** NUMfact space (MB): (sum-of-all-processes)
    L\U :            2.87 |  Total :     5.02
** Total highmark (MB):
    Sum-of-all :    45.74 | Avg :    45.74  | Max :    45.74
**************************************************

** Memory Usage **********************************
** NUMfact space (MB): (sum-of-all-processes)
    L\U :            2.87 |  Total :     5.02
** Total highmark (MB):
    Sum-of-all :    45.74 | Avg :    45.74  | Max :    45.74
**************************************************

** Memory Usage **********************************
** NUMfact space (MB): (sum-of-all-processes)
    L\U :          411.34 |  Total :   435.27
** Total highmark (MB):
    Sum-of-all :   483.28 | Avg :   483.28  | Max :   483.28
**************************************************

** Memory Usage **********************************
** NUMfact space (MB): (sum-of-all-processes)
    L\U :            2.87 |  Total :     5.02
** Total highmark (MB):
    Sum-of-all :    45.74 | Avg :    45.74  | Max :    45.74
**************************************************
   Pass :  1   Iteration :   0  ||B r|| = 1039.16 ...
   Pass :  1   Iteration :   1  ||B r|| = 2.76575e-08
norm(r_0) 0
norm(r_1) 0
norm(r_2) 0
norm(r_3) 7.1895755e-11
norm(r_4) 0
Newton iteration  1 : ||r|| = 7.18958e-11, ||r||/||r_0|| = 1.51138e-09
Setting time step: 0.005 in DGTransportTDO
Setting time step: 0.005 in CombinedOp
Setting time step: 0.005 in IonStaticPressureOp
norm(r_0) 0
norm(r_1) 0
norm(r_2) 0
norm(r_3) 0.041696055
norm(r_4) 0
Newton iteration  0 : ||r|| = 0.0416961

** Memory Usage **********************************
** NUMfact space (MB): (sum-of-all-processes)
    L\U :            2.87 |  Total :     5.02
** Total highmark (MB):
    Sum-of-all :    45.74 | Avg :    45.74  | Max :    45.74
**************************************************

** Memory Usage **********************************
** NUMfact space (MB): (sum-of-all-processes)
    L\U :            2.87 |  Total :     5.02
** Total highmark (MB):
    Sum-of-all :    45.74 | Avg :    45.74  | Max :    45.74
**************************************************

** Memory Usage **********************************
** NUMfact space (MB): (sum-of-all-processes)
    L\U :            2.87 |  Total :     5.02
** Total highmark (MB):
    Sum-of-all :    45.74 | Avg :    45.74  | Max :    45.74
**************************************************

** Memory Usage **********************************
** NUMfact space (MB): (sum-of-all-processes)
    L\U :          411.34 |  Total :   435.27
** Total highmark (MB):
    Sum-of-all :   483.28 | Avg :   483.28  | Max :   483.28
**************************************************

** Memory Usage **********************************
** NUMfact space (MB): (sum-of-all-processes)
    L\U :            2.87 |  Total :     5.02
** Total highmark (MB):
    Sum-of-all :    45.74 | Avg :    45.74  | Max :    45.74
**************************************************
   Pass :  1   Iteration :   0  ||B r|| = 910.857 ...
   Pass :  1   Iteration :   1  ||B r|| = 2.45598e-08
norm(r_0) 0
norm(r_1) 0
norm(r_2) 0
norm(r_3) 1.0135346e-10
norm(r_4) 0
Newton iteration  1 : ||r|| = 1.01353e-10, ||r||/||r_0|| = 2.43077e-09
Setting time step: 0.005 in DGTransportTDO
Setting time step: 0.005 in CombinedOp
Setting time step: 0.005 in IonStaticPressureOp
norm(r_0) 0
norm(r_1) 0
norm(r_2) 0
norm(r_3) 0.043987419
norm(r_4) 0
Newton iteration  0 : ||r|| = 0.0439874

** Memory Usage **********************************
** NUMfact space (MB): (sum-of-all-processes)
    L\U :            2.87 |  Total :     5.02
** Total highmark (MB):
    Sum-of-all :    45.74 | Avg :    45.74  | Max :    45.74
**************************************************

** Memory Usage **********************************
** NUMfact space (MB): (sum-of-all-processes)
    L\U :            2.87 |  Total :     5.02
** Total highmark (MB):
    Sum-of-all :    45.74 | Avg :    45.74  | Max :    45.74
**************************************************

** Memory Usage **********************************
** NUMfact space (MB): (sum-of-all-processes)
    L\U :            2.87 |  Total :     5.02
** Total highmark (MB):
    Sum-of-all :    45.74 | Avg :    45.74  | Max :    45.74
**************************************************

** Memory Usage **********************************
** NUMfact space (MB): (sum-of-all-processes)
    L\U :          411.34 |  Total :   435.27
** Total highmark (MB):
    Sum-of-all :   483.28 | Avg :   483.28  | Max :   483.28
**************************************************

** Memory Usage **********************************
** NUMfact space (MB): (sum-of-all-processes)
    L\U :            2.87 |  Total :     5.02
** Total highmark (MB):
    Sum-of-all :    45.74 | Avg :    45.74  | Max :    45.74
**************************************************
   Pass :  1   Iteration :   0  ||B r|| = 960.913 ...
   Pass :  1   Iteration :   1  ||B r|| = 2.40729e-08
norm(r_0) 0
norm(r_1) 0
norm(r_2) 0
norm(r_3) 9.0378872e-11
norm(r_4) 0
Newton iteration  1 : ||r|| = 9.03789e-11, ||r||/||r_0|| = 2.05465e-09
Setting time step: 0.005 in DGTransportTDO
Setting time step: 0.005 in CombinedOp
Setting time step: 0.005 in IonStaticPressureOp
norm(r_0) 0
norm(r_1) 0
norm(r_2) 0
norm(r_3) 0.044584118
norm(r_4) 0
Newton iteration  0 : ||r|| = 0.0445841

** Memory Usage **********************************
** NUMfact space (MB): (sum-of-all-processes)
    L\U :            2.87 |  Total :     5.02
** Total highmark (MB):
    Sum-of-all :    45.74 | Avg :    45.74  | Max :    45.74
**************************************************

** Memory Usage **********************************
** NUMfact space (MB): (sum-of-all-processes)
    L\U :            2.87 |  Total :     5.02
** Total highmark (MB):
    Sum-of-all :    45.74 | Avg :    45.74  | Max :    45.74
**************************************************

** Memory Usage **********************************
** NUMfact space (MB): (sum-of-all-processes)
    L\U :            2.87 |  Total :     5.02
** Total highmark (MB):
    Sum-of-all :    45.74 | Avg :    45.74  | Max :    45.74
**************************************************

** Memory Usage **********************************
** NUMfact space (MB): (sum-of-all-processes)
    L\U :          411.34 |  Total :   435.27
** Total highmark (MB):
    Sum-of-all :   483.28 | Avg :   483.28  | Max :   483.28
**************************************************

** Memory Usage **********************************
** NUMfact space (MB): (sum-of-all-processes)
    L\U :            2.87 |  Total :     5.02
** Total highmark (MB):
    Sum-of-all :    45.74 | Avg :    45.74  | Max :    45.74
**************************************************
   Pass :  1   Iteration :   0  ||B r|| = 973.948 ...
   Pass :  1   Iteration :   1  ||B r|| = 3.09253e-08
norm(r_0) 0
norm(r_1) 0
norm(r_2) 0
norm(r_3) 8.5005061e-11
norm(r_4) 0
Newton iteration  1 : ||r|| = 8.50051e-11, ||r||/||r_0|| = 1.90662e-09
Setting time step: 0.005 in DGTransportTDO
Setting time step: 0.005 in CombinedOp
Setting time step: 0.005 in IonStaticPressureOp
norm(r_0) 0
norm(r_1) 0
norm(r_2) 0
norm(r_3) 0.038967437
norm(r_4) 0
Newton iteration  0 : ||r|| = 0.0389674

** Memory Usage **********************************
** NUMfact space (MB): (sum-of-all-processes)
    L\U :            2.87 |  Total :     5.02
** Total highmark (MB):
    Sum-of-all :    45.74 | Avg :    45.74  | Max :    45.74
**************************************************

** Memory Usage **********************************
** NUMfact space (MB): (sum-of-all-processes)
    L\U :            2.87 |  Total :     5.02
** Total highmark (MB):
    Sum-of-all :    45.74 | Avg :    45.74  | Max :    45.74
**************************************************

** Memory Usage **********************************
** NUMfact space (MB): (sum-of-all-processes)
    L\U :            2.87 |  Total :     5.02
** Total highmark (MB):
    Sum-of-all :    45.74 | Avg :    45.74  | Max :    45.74
**************************************************

** Memory Usage **********************************
** NUMfact space (MB): (sum-of-all-processes)
    L\U :          411.34 |  Total :   435.27
** Total highmark (MB):
    Sum-of-all :   483.28 | Avg :   483.28  | Max :   483.28
**************************************************

** Memory Usage **********************************
** NUMfact space (MB): (sum-of-all-processes)
    L\U :            2.87 |  Total :     5.02
** Total highmark (MB):
    Sum-of-all :    45.74 | Avg :    45.74  | Max :    45.74
**************************************************
   Pass :  1   Iteration :   0  ||B r|| = 851.25 ...
   Pass :  1   Iteration :   1  ||B r|| = 1.71745e-08
norm(r_0) 0
norm(r_1) 0
norm(r_2) 0
norm(r_3) 1.1712397e-10
norm(r_4) 0
Newton iteration  1 : ||r|| = 1.17124e-10, ||r||/||r_0|| = 3.00569e-09
Setting time step: 0.01 in DGTransportTDO
Setting time step: 0.01 in CombinedOp
Setting time step: 0.01 in IonStaticPressureOp
norm(r_0) 0
norm(r_1) 0
norm(r_2) 0
norm(r_3) 0.036561764
norm(r_4) 0
Newton iteration  0 : ||r|| = 0.0365618

** Memory Usage **********************************
** NUMfact space (MB): (sum-of-all-processes)
    L\U :            2.87 |  Total :     5.02
** Total highmark (MB):
    Sum-of-all :    45.74 | Avg :    45.74  | Max :    45.74
**************************************************

** Memory Usage **********************************
** NUMfact space (MB): (sum-of-all-processes)
    L\U :            2.87 |  Total :     5.02
** Total highmark (MB):
    Sum-of-all :    45.74 | Avg :    45.74  | Max :    45.74
**************************************************

** Memory Usage **********************************
** NUMfact space (MB): (sum-of-all-processes)
    L\U :            2.87 |  Total :     5.02
** Total highmark (MB):
    Sum-of-all :    45.74 | Avg :    45.74  | Max :    45.74
**************************************************

** Memory Usage **********************************
** NUMfact space (MB): (sum-of-all-processes)
    L\U :          411.34 |  Total :   435.27
** Total highmark (MB):
    Sum-of-all :   483.28 | Avg :   483.28  | Max :   483.28
**************************************************

** Memory Usage **********************************
** NUMfact space (MB): (sum-of-all-processes)
    L\U :            2.87 |  Total :     5.02
** Total highmark (MB):
    Sum-of-all :    45.74 | Avg :    45.74  | Max :    45.74
**************************************************
   Pass :  1   Iteration :   0  ||B r|| = 752.257 ...
   Pass :  1   Iteration :   1  ||B r|| = 2.43532e-08
norm(r_0) 0
norm(r_1) 0
norm(r_2) 0
norm(r_3) 1.4977008e-10
norm(r_4) 0
Newton iteration  1 : ||r|| = 1.4977e-10, ||r||/||r_0|| = 4.09636e-09
Setting time step: 0.01 in DGTransportTDO
Setting time step: 0.01 in CombinedOp
Setting time step: 0.01 in IonStaticPressureOp
norm(r_0) 0
norm(r_1) 0
norm(r_2) 0
norm(r_3) 0.028058112
norm(r_4) 0
Newton iteration  0 : ||r|| = 0.0280581

** Memory Usage **********************************
** NUMfact space (MB): (sum-of-all-processes)
    L\U :            2.87 |  Total :     5.02
** Total highmark (MB):
    Sum-of-all :    45.74 | Avg :    45.74  | Max :    45.74
**************************************************

** Memory Usage **********************************
** NUMfact space (MB): (sum-of-all-processes)
    L\U :            2.87 |  Total :     5.02
** Total highmark (MB):
    Sum-of-all :    45.74 | Avg :    45.74  | Max :    45.74
**************************************************

** Memory Usage **********************************
** NUMfact space (MB): (sum-of-all-processes)
    L\U :            2.87 |  Total :     5.02
** Total highmark (MB):
    Sum-of-all :    45.74 | Avg :    45.74  | Max :    45.74
**************************************************

** Memory Usage **********************************
** NUMfact space (MB): (sum-of-all-processes)
    L\U :          411.34 |  Total :   435.27
** Total highmark (MB):
    Sum-of-all :   483.28 | Avg :   483.28  | Max :   483.28
**************************************************

** Memory Usage **********************************
** NUMfact space (MB): (sum-of-all-processes)
    L\U :            2.87 |  Total :     5.02
** Total highmark (MB):
    Sum-of-all :    45.74 | Avg :    45.74  | Max :    45.74
**************************************************
   Pass :  1   Iteration :   0  ||B r|| = 577.295 ...
   Pass :  1   Iteration :   1  ||B r|| = 2.52327e-08
norm(r_0) 0
norm(r_1) 0
norm(r_2) 0
norm(r_3) 1.944763e-10
norm(r_4) 0
Newton iteration  1 : ||r|| = 1.94476e-10, ||r||/||r_0|| = 6.9312e-09
Setting time step: 0.01 in DGTransportTDO
Setting time step: 0.01 in CombinedOp
Setting time step: 0.01 in IonStaticPressureOp
norm(r_0) 0
norm(r_1) 0
norm(r_2) 0
norm(r_3) 0.031301348
norm(r_4) 0
Newton iteration  0 : ||r|| = 0.0313013

** Memory Usage **********************************
** NUMfact space (MB): (sum-of-all-processes)
    L\U :            2.87 |  Total :     5.02
** Total highmark (MB):
    Sum-of-all :    45.74 | Avg :    45.74  | Max :    45.74
**************************************************

** Memory Usage **********************************
** NUMfact space (MB): (sum-of-all-processes)
    L\U :            2.87 |  Total :     5.02
** Total highmark (MB):
    Sum-of-all :    45.74 | Avg :    45.74  | Max :    45.74
**************************************************

** Memory Usage **********************************
** NUMfact space (MB): (sum-of-all-processes)
    L\U :            2.87 |  Total :     5.02
** Total highmark (MB):
    Sum-of-all :    45.74 | Avg :    45.74  | Max :    45.74
**************************************************

** Memory Usage **********************************
** NUMfact space (MB): (sum-of-all-processes)
    L\U :          411.34 |  Total :   435.27
** Total highmark (MB):
    Sum-of-all :   483.28 | Avg :   483.28  | Max :   483.28
**************************************************

** Memory Usage **********************************
** NUMfact space (MB): (sum-of-all-processes)
    L\U :            2.87 |  Total :     5.02
** Total highmark (MB):
    Sum-of-all :    45.74 | Avg :    45.74  | Max :    45.74
**************************************************
   Pass :  1   Iteration :   0  ||B r|| = 644.024 ...
   Pass :  1   Iteration :   1  ||B r|| = 2.96353e-08
norm(r_0) 0
norm(r_1) 0
norm(r_2) 0
norm(r_3) 1.764715e-10
norm(r_4) 0
Newton iteration  1 : ||r|| = 1.76471e-10, ||r||/||r_0|| = 5.63782e-09
Setting time step: 0.01 in DGTransportTDO
Setting time step: 0.01 in CombinedOp
Setting time step: 0.01 in IonStaticPressureOp
norm(r_0) 0
norm(r_1) 0
norm(r_2) 0
norm(r_3) 0.032178175
norm(r_4) 0
Newton iteration  0 : ||r|| = 0.0321782

** Memory Usage **********************************
** NUMfact space (MB): (sum-of-all-processes)
    L\U :            2.87 |  Total :     5.02
** Total highmark (MB):
    Sum-of-all :    45.74 | Avg :    45.74  | Max :    45.74
**************************************************

** Memory Usage **********************************
** NUMfact space (MB): (sum-of-all-processes)
    L\U :            2.87 |  Total :     5.02
** Total highmark (MB):
    Sum-of-all :    45.74 | Avg :    45.74  | Max :    45.74
**************************************************

** Memory Usage **********************************
** NUMfact space (MB): (sum-of-all-processes)
    L\U :            2.87 |  Total :     5.02
** Total highmark (MB):
    Sum-of-all :    45.74 | Avg :    45.74  | Max :    45.74
**************************************************

** Memory Usage **********************************
** NUMfact space (MB): (sum-of-all-processes)
    L\U :          411.34 |  Total :   435.27
** Total highmark (MB):
    Sum-of-all :   483.28 | Avg :   483.28  | Max :   483.28
**************************************************

** Memory Usage **********************************
** NUMfact space (MB): (sum-of-all-processes)
    L\U :            2.87 |  Total :     5.02
** Total highmark (MB):
    Sum-of-all :    45.74 | Avg :    45.74  | Max :    45.74
**************************************************
   Pass :  1   Iteration :   0  ||B r|| = 662.065 ...
   Pass :  1   Iteration :   1  ||B r|| = 2.74747e-08
norm(r_0) 0
norm(r_1) 0
norm(r_2) 0
norm(r_3) 1.7361792e-10
norm(r_4) 0
Newton iteration  1 : ||r|| = 1.73618e-10, ||r||/||r_0|| = 5.39552e-09
Setting time step: 0.01 in DGTransportTDO
Setting time step: 0.01 in CombinedOp
Setting time step: 0.01 in IonStaticPressureOp
norm(r_0) 0
norm(r_1) 0
norm(r_2) 0
norm(r_3) 0.024441592
norm(r_4) 0
Newton iteration  0 : ||r|| = 0.0244416

** Memory Usage **********************************
** NUMfact space (MB): (sum-of-all-processes)
    L\U :            2.87 |  Total :     5.02
** Total highmark (MB):
    Sum-of-all :    45.74 | Avg :    45.74  | Max :    45.74
**************************************************

** Memory Usage **********************************
** NUMfact space (MB): (sum-of-all-processes)
    L\U :            2.87 |  Total :     5.02
** Total highmark (MB):
    Sum-of-all :    45.74 | Avg :    45.74  | Max :    45.74
**************************************************

** Memory Usage **********************************
** NUMfact space (MB): (sum-of-all-processes)
    L\U :            2.87 |  Total :     5.02
** Total highmark (MB):
    Sum-of-all :    45.74 | Avg :    45.74  | Max :    45.74
**************************************************

** Memory Usage **********************************
** NUMfact space (MB): (sum-of-all-processes)
    L\U :          411.34 |  Total :   435.27
** Total highmark (MB):
    Sum-of-all :   483.28 | Avg :   483.28  | Max :   483.28
**************************************************

** Memory Usage **********************************
** NUMfact space (MB): (sum-of-all-processes)
    L\U :            2.87 |  Total :     5.02
** Total highmark (MB):
    Sum-of-all :    45.74 | Avg :    45.74  | Max :    45.74
**************************************************
   Pass :  1   Iteration :   0  ||B r|| = 502.885 ...
   Pass :  1   Iteration :   1  ||B r|| = 2.16566e-08
norm(r_0) 0
norm(r_1) 0
norm(r_2) 0
norm(r_3) 2.1138627e-10
norm(r_4) 0
Newton iteration  1 : ||r|| = 2.11386e-10, ||r||/||r_0|| = 8.64863e-09
Setting time step: 0.02 in DGTransportTDO
Setting time step: 0.02 in CombinedOp
Setting time step: 0.02 in IonStaticPressureOp
norm(r_0) 0
norm(r_1) 0
norm(r_2) 0
norm(r_3) 0.02159924
norm(r_4) 0
Newton iteration  0 : ||r|| = 0.0215992

** Memory Usage **********************************
** NUMfact space (MB): (sum-of-all-processes)
    L\U :            2.87 |  Total :     5.02
** Total highmark (MB):
    Sum-of-all :    45.74 | Avg :    45.74  | Max :    45.74
**************************************************

** Memory Usage **********************************
** NUMfact space (MB): (sum-of-all-processes)
    L\U :            2.87 |  Total :     5.02
** Total highmark (MB):
    Sum-of-all :    45.74 | Avg :    45.74  | Max :    45.74
**************************************************

** Memory Usage **********************************
** NUMfact space (MB): (sum-of-all-processes)
    L\U :            2.87 |  Total :     5.02
** Total highmark (MB):
    Sum-of-all :    45.74 | Avg :    45.74  | Max :    45.74
**************************************************

** Memory Usage **********************************
** NUMfact space (MB): (sum-of-all-processes)
    L\U :          411.34 |  Total :   435.27
** Total highmark (MB):
    Sum-of-all :   483.28 | Avg :   483.28  | Max :   483.28
**************************************************

** Memory Usage **********************************
** NUMfact space (MB): (sum-of-all-processes)
    L\U :            2.87 |  Total :     5.02
** Total highmark (MB):
    Sum-of-all :    45.74 | Avg :    45.74  | Max :    45.74
**************************************************
   Pass :  1   Iteration :   0  ||B r|| = 398.107 ...
   Pass :  1   Iteration :   1  ||B r|| = 2.46769e-08
norm(r_0) 0
norm(r_1) 0
norm(r_2) 0
norm(r_3) 2.402571e-10
norm(r_4) 0
Newton iteration  1 : ||r|| = 2.40257e-10, ||r||/||r_0|| = 1.11234e-08
Setting time step: 0.02 in DGTransportTDO
Setting time step: 0.02 in CombinedOp
Setting time step: 0.02 in IonStaticPressureOp
norm(r_0) 0
norm(r_1) 0
norm(r_2) 0
norm(r_3) 0.012598688
norm(r_4) 0
Newton iteration  0 : ||r|| = 0.0125987

** Memory Usage **********************************
** NUMfact space (MB): (sum-of-all-processes)
    L\U :            2.87 |  Total :     5.02
** Total highmark (MB):
    Sum-of-all :    45.74 | Avg :    45.74  | Max :    45.74
**************************************************

** Memory Usage **********************************
** NUMfact space (MB): (sum-of-all-processes)
    L\U :            2.87 |  Total :     5.02
** Total highmark (MB):
    Sum-of-all :    45.74 | Avg :    45.74  | Max :    45.74
**************************************************

** Memory Usage **********************************
** NUMfact space (MB): (sum-of-all-processes)
    L\U :            2.87 |  Total :     5.02
** Total highmark (MB):
    Sum-of-all :    45.74 | Avg :    45.74  | Max :    45.74
**************************************************

** Memory Usage **********************************
** NUMfact space (MB): (sum-of-all-processes)
    L\U :          411.34 |  Total :   435.27
** Total highmark (MB):
    Sum-of-all :   483.28 | Avg :   483.28  | Max :   483.28
**************************************************

** Memory Usage **********************************
** NUMfact space (MB): (sum-of-all-processes)
    L\U :            2.87 |  Total :     5.02
** Total highmark (MB):
    Sum-of-all :    45.74 | Avg :    45.74  | Max :    45.74
**************************************************
   Pass :  1   Iteration :   0  ||B r|| = 232.213 ...
   Pass :  1   Iteration :   1  ||B r|| = 1.48227e-08
norm(r_0) 0
norm(r_1) 0
norm(r_2) 0
norm(r_3) 2.889969e-10
norm(r_4) 0
Newton iteration  1 : ||r|| = 2.88997e-10, ||r||/||r_0|| = 2.29387e-08
Setting time step: 0.02 in DGTransportTDO
Setting time step: 0.02 in CombinedOp
Setting time step: 0.02 in IonStaticPressureOp
norm(r_0) 0
norm(r_1) 0
norm(r_2) 0
norm(r_3) 0.015898861
norm(r_4) 0
Newton iteration  0 : ||r|| = 0.0158989

** Memory Usage **********************************
** NUMfact space (MB): (sum-of-all-processes)
    L\U :            2.87 |  Total :     5.02
** Total highmark (MB):
    Sum-of-all :    45.74 | Avg :    45.74  | Max :    45.74
**************************************************

** Memory Usage **********************************
** NUMfact space (MB): (sum-of-all-processes)
    L\U :            2.87 |  Total :     5.02
** Total highmark (MB):
    Sum-of-all :    45.74 | Avg :    45.74  | Max :    45.74
**************************************************

** Memory Usage **********************************
** NUMfact space (MB): (sum-of-all-processes)
    L\U :            2.87 |  Total :     5.02
** Total highmark (MB):
    Sum-of-all :    45.74 | Avg :    45.74  | Max :    45.74
**************************************************

** Memory Usage **********************************
** NUMfact space (MB): (sum-of-all-processes)
    L\U :          411.34 |  Total :   435.27
** Total highmark (MB):
    Sum-of-all :   483.28 | Avg :   483.28  | Max :   483.28
**************************************************

** Memory Usage **********************************
** NUMfact space (MB): (sum-of-all-processes)
    L\U :            2.87 |  Total :     5.02
** Total highmark (MB):
    Sum-of-all :    45.74 | Avg :    45.74  | Max :    45.74
**************************************************
   Pass :  1   Iteration :   0  ||B r|| = 293.04 ...
   Pass :  1   Iteration :   1  ||B r|| = 1.39816e-08
norm(r_0) 0
norm(r_1) 0
norm(r_2) 0
norm(r_3) 2.6729445e-10
norm(r_4) 0
Newton iteration  1 : ||r|| = 2.67294e-10, ||r||/||r_0|| = 1.68122e-08
Setting time step: 0.02 in DGTransportTDO
Setting time step: 0.02 in CombinedOp
Setting time step: 0.02 in IonStaticPressureOp
norm(r_0) 0
norm(r_1) 0
norm(r_2) 0
norm(r_3) 0.016852143
norm(r_4) 0
Newton iteration  0 : ||r|| = 0.0168521

** Memory Usage **********************************
** NUMfact space (MB): (sum-of-all-processes)
    L\U :            2.87 |  Total :     5.02
** Total highmark (MB):
    Sum-of-all :    45.74 | Avg :    45.74  | Max :    45.74
**************************************************

** Memory Usage **********************************
** NUMfact space (MB): (sum-of-all-processes)
    L\U :            2.87 |  Total :     5.02
** Total highmark (MB):
    Sum-of-all :    45.74 | Avg :    45.74  | Max :    45.74
**************************************************

** Memory Usage **********************************
** NUMfact space (MB): (sum-of-all-processes)
    L\U :            2.87 |  Total :     5.02
** Total highmark (MB):
    Sum-of-all :    45.74 | Avg :    45.74  | Max :    45.74
**************************************************

** Memory Usage **********************************
** NUMfact space (MB): (sum-of-all-processes)
    L\U :          411.34 |  Total :   435.27
** Total highmark (MB):
    Sum-of-all :   483.28 | Avg :   483.28  | Max :   483.28
**************************************************

** Memory Usage **********************************
** NUMfact space (MB): (sum-of-all-processes)
    L\U :            2.87 |  Total :     5.02
** Total highmark (MB):
    Sum-of-all :    45.74 | Avg :    45.74  | Max :    45.74
**************************************************
   Pass :  1   Iteration :   0  ||B r|| = 310.611 ...
   Pass :  1   Iteration :   1  ||B r|| = 1.62462e-08
norm(r_0) 0
norm(r_1) 0
norm(r_2) 0
norm(r_3) 2.6355289e-10
norm(r_4) 0
Newton iteration  1 : ||r|| = 2.63553e-10, ||r||/||r_0|| = 1.56391e-08
Setting time step: 0.02 in DGTransportTDO
Setting time step: 0.02 in CombinedOp
Setting time step: 0.02 in IonStaticPressureOp
norm(r_0) 0
norm(r_1) 0
norm(r_2) 0
norm(r_3) 0.0095326092
norm(r_4) 0
Newton iteration  0 : ||r|| = 0.00953261

** Memory Usage **********************************
** NUMfact space (MB): (sum-of-all-processes)
    L\U :            2.87 |  Total :     5.02
** Total highmark (MB):
    Sum-of-all :    45.74 | Avg :    45.74  | Max :    45.74
**************************************************

** Memory Usage **********************************
** NUMfact space (MB): (sum-of-all-processes)
    L\U :            2.87 |  Total :     5.02
** Total highmark (MB):
    Sum-of-all :    45.74 | Avg :    45.74  | Max :    45.74
**************************************************

** Memory Usage **********************************
** NUMfact space (MB): (sum-of-all-processes)
    L\U :            2.87 |  Total :     5.02
** Total highmark (MB):
    Sum-of-all :    45.74 | Avg :    45.74  | Max :    45.74
**************************************************

** Memory Usage **********************************
** NUMfact space (MB): (sum-of-all-processes)
    L\U :          411.34 |  Total :   435.27
** Total highmark (MB):
    Sum-of-all :   483.28 | Avg :   483.28  | Max :   483.28
**************************************************

** Memory Usage **********************************
** NUMfact space (MB): (sum-of-all-processes)
    L\U :            2.87 |  Total :     5.02
** Total highmark (MB):
    Sum-of-all :    45.74 | Avg :    45.74  | Max :    45.74
**************************************************
   Pass :  1   Iteration :   0  ||B r|| = 175.701 ...
   Pass :  1   Iteration :   1  ||B r|| = 9.39343e-09
norm(r_0) 0
norm(r_1) 0
norm(r_2) 0
norm(r_3) 3.0510133e-10
norm(r_4) 0
Newton iteration  1 : ||r|| = 3.05101e-10, ||r||/||r_0|| = 3.20061e-08
Time stepping paused at t = 0.15

Estimating errors.
No refinements necessary.
No derefinements needed.

AMR iteration 1
Number of unknowns: 36864
Setting time step: 0.019710665 in DGTransportTDO
Setting time step: 0.019710665 in CombinedOp
Setting time step: 0.019710665 in IonStaticPressureOp
norm(r_0) 0
norm(r_1) 0
norm(r_2) 0
norm(r_3) 0.0075464572
norm(r_4) 0
Newton iteration  0 : ||r|| = 0.00754646

** Memory Usage **********************************
** NUMfact space (MB): (sum-of-all-processes)
    L\U :            2.87 |  Total :     5.02
** Total highmark (MB):
    Sum-of-all :    45.74 | Avg :    45.74  | Max :    45.74
**************************************************

** Memory Usage **********************************
** NUMfact space (MB): (sum-of-all-processes)
    L\U :            2.87 |  Total :     5.02
** Total highmark (MB):
    Sum-of-all :    45.74 | Avg :    45.74  | Max :    45.74
**************************************************

** Memory Usage **********************************
** NUMfact space (MB): (sum-of-all-processes)
    L\U :            2.87 |  Total :     5.02
** Total highmark (MB):
    Sum-of-all :    45.74 | Avg :    45.74  | Max :    45.74
**************************************************

** Memory Usage **********************************
** NUMfact space (MB): (sum-of-all-processes)
    L\U :          411.34 |  Total :   435.27
** Total highmark (MB):
    Sum-of-all :   483.28 | Avg :   483.28  | Max :   483.28
**************************************************

** Memory Usage **********************************
** NUMfact space (MB): (sum-of-all-processes)
    L\U :            2.87 |  Total :     5.02
** Total highmark (MB):
    Sum-of-all :    45.74 | Avg :    45.74  | Max :    45.74
**************************************************
   Pass :  1   Iteration :   0  ||B r|| = 139.513 ...
   Pass :  1   Iteration :   1  ||B r|| = 7.18495e-09
norm(r_0) 0
norm(r_1) 0
norm(r_2) 0
norm(r_3) 3.1527468e-10
norm(r_4) 0
Newton iteration  1 : ||r|| = 3.15275e-10, ||r||/||r_0|| = 4.17778e-08
Setting time step: 0.019710665 in DGTransportTDO
Setting time step: 0.019710665 in CombinedOp
Setting time step: 0.019710665 in IonStaticPressureOp
norm(r_0) 0
norm(r_1) 0
norm(r_2) 0
norm(r_3) 0.0044379197
norm(r_4) 0
Newton iteration  0 : ||r|| = 0.00443792

** Memory Usage **********************************
** NUMfact space (MB): (sum-of-all-processes)
    L\U :            2.87 |  Total :     5.02
** Total highmark (MB):
    Sum-of-all :    45.74 | Avg :    45.74  | Max :    45.74
**************************************************

** Memory Usage **********************************
** NUMfact space (MB): (sum-of-all-processes)
    L\U :            2.87 |  Total :     5.02
** Total highmark (MB):
    Sum-of-all :    45.74 | Avg :    45.74  | Max :    45.74
**************************************************

** Memory Usage **********************************
** NUMfact space (MB): (sum-of-all-processes)
    L\U :            2.87 |  Total :     5.02
** Total highmark (MB):
    Sum-of-all :    45.74 | Avg :    45.74  | Max :    45.74
**************************************************

** Memory Usage **********************************
** NUMfact space (MB): (sum-of-all-processes)
    L\U :          411.34 |  Total :   435.27
** Total highmark (MB):
    Sum-of-all :   483.28 | Avg :   483.28  | Max :   483.28
**************************************************

** Memory Usage **********************************
** NUMfact space (MB): (sum-of-all-processes)
    L\U :            2.87 |  Total :     5.02
** Total highmark (MB):
    Sum-of-all :    45.74 | Avg :    45.74  | Max :    45.74
**************************************************
   Pass :  1   Iteration :   0  ||B r|| = 82.045 ...
   Pass :  1   Iteration :   1  ||B r|| = 4.13011e-09
norm(r_0) 0
norm(r_1) 0
norm(r_2) 0
norm(r_3) 3.3540891e-10
norm(r_4) 0
Newton iteration  1 : ||r|| = 3.35409e-10, ||r||/||r_0|| = 7.5578e-08
Setting time step: 0.019710665 in DGTransportTDO
Setting time step: 0.019710665 in CombinedOp
Setting time step: 0.019710665 in IonStaticPressureOp
norm(r_0) 0
norm(r_1) 0
norm(r_2) 0
norm(r_3) 0.0055788971
norm(r_4) 0
Newton iteration  0 : ||r|| = 0.0055789

** Memory Usage **********************************
** NUMfact space (MB): (sum-of-all-processes)
    L\U :            2.87 |  Total :     5.02
** Total highmark (MB):
    Sum-of-all :    45.74 | Avg :    45.74  | Max :    45.74
**************************************************

** Memory Usage **********************************
** NUMfact space (MB): (sum-of-all-processes)
    L\U :            2.87 |  Total :     5.02
** Total highmark (MB):
    Sum-of-all :    45.74 | Avg :    45.74  | Max :    45.74
**************************************************

** Memory Usage **********************************
** NUMfact space (MB): (sum-of-all-processes)
    L\U :            2.87 |  Total :     5.02
** Total highmark (MB):
    Sum-of-all :    45.74 | Avg :    45.74  | Max :    45.74
**************************************************

** Memory Usage **********************************
** NUMfact space (MB): (sum-of-all-processes)
    L\U :          411.34 |  Total :   435.27
** Total highmark (MB):
    Sum-of-all :   483.28 | Avg :   483.28  | Max :   483.28
**************************************************

** Memory Usage **********************************
** NUMfact space (MB): (sum-of-all-processes)
    L\U :            2.87 |  Total :     5.02
** Total highmark (MB):
    Sum-of-all :    45.74 | Avg :    45.74  | Max :    45.74
**************************************************
   Pass :  1   Iteration :   0  ||B r|| = 103.139 ...
   Pass :  1   Iteration :   1  ||B r|| = 4.93636e-09
norm(r_0) 0
norm(r_1) 0
norm(r_2) 0
norm(r_3) 3.2830087e-10
norm(r_4) 0
Newton iteration  1 : ||r|| = 3.28301e-10, ||r||/||r_0|| = 5.88469e-08
Setting time step: 0.019710665 in DGTransportTDO
Setting time step: 0.019710665 in CombinedOp
Setting time step: 0.019710665 in IonStaticPressureOp
norm(r_0) 0
norm(r_1) 0
norm(r_2) 0
norm(r_3) 0.0059078954
norm(r_4) 0
Newton iteration  0 : ||r|| = 0.0059079

** Memory Usage **********************************
** NUMfact space (MB): (sum-of-all-processes)
    L\U :            2.87 |  Total :     5.02
** Total highmark (MB):
    Sum-of-all :    45.74 | Avg :    45.74  | Max :    45.74
**************************************************

** Memory Usage **********************************
** NUMfact space (MB): (sum-of-all-processes)
    L\U :            2.87 |  Total :     5.02
** Total highmark (MB):
    Sum-of-all :    45.74 | Avg :    45.74  | Max :    45.74
**************************************************

** Memory Usage **********************************
** NUMfact space (MB): (sum-of-all-processes)
    L\U :            2.87 |  Total :     5.02
** Total highmark (MB):
    Sum-of-all :    45.74 | Avg :    45.74  | Max :    45.74
**************************************************

** Memory Usage **********************************
** NUMfact space (MB): (sum-of-all-processes)
    L\U :          411.34 |  Total :   435.27
** Total highmark (MB):
    Sum-of-all :   483.28 | Avg :   483.28  | Max :   483.28
**************************************************

** Memory Usage **********************************
** NUMfact space (MB): (sum-of-all-processes)
    L\U :            2.87 |  Total :     5.02
** Total highmark (MB):
    Sum-of-all :    45.74 | Avg :    45.74  | Max :    45.74
**************************************************
   Pass :  1   Iteration :   0  ||B r|| = 109.221 ...
   Pass :  1   Iteration :   1  ||B r|| = 6.13037e-09
norm(r_0) 0
norm(r_1) 0
norm(r_2) 0
norm(r_3) 3.2897924e-10
norm(r_4) 0
Newton iteration  1 : ||r|| = 3.28979e-10, ||r||/||r_0|| = 5.56847e-08
Setting time step: 0.019710665 in DGTransportTDO
Setting time step: 0.019710665 in CombinedOp
Setting time step: 0.019710665 in IonStaticPressureOp
norm(r_0) 0
norm(r_1) 0
norm(r_2) 0
norm(r_3) 0.0033711873
norm(r_4) 0
Newton iteration  0 : ||r|| = 0.00337119

** Memory Usage **********************************
** NUMfact space (MB): (sum-of-all-processes)
    L\U :            2.87 |  Total :     5.02
** Total highmark (MB):
    Sum-of-all :    45.74 | Avg :    45.74  | Max :    45.74
**************************************************

** Memory Usage **********************************
** NUMfact space (MB): (sum-of-all-processes)
    L\U :            2.87 |  Total :     5.02
** Total highmark (MB):
    Sum-of-all :    45.74 | Avg :    45.74  | Max :    45.74
**************************************************

** Memory Usage **********************************
** NUMfact space (MB): (sum-of-all-processes)
    L\U :            2.87 |  Total :     5.02
** Total highmark (MB):
    Sum-of-all :    45.74 | Avg :    45.74  | Max :    45.74
**************************************************

** Memory Usage **********************************
** NUMfact space (MB): (sum-of-all-processes)
    L\U :          411.34 |  Total :   435.27
** Total highmark (MB):
    Sum-of-all :   483.28 | Avg :   483.28  | Max :   483.28
**************************************************

** Memory Usage **********************************
** NUMfact space (MB): (sum-of-all-processes)
    L\U :            2.87 |  Total :     5.02
** Total highmark (MB):
    Sum-of-all :    45.74 | Avg :    45.74  | Max :    45.74
**************************************************
   Pass :  1   Iteration :   0  ||B r|| = 62.324 ...
   Pass :  1   Iteration :   1  ||B r|| = 2.87253e-09
norm(r_0) 0
norm(r_1) 0
norm(r_2) 0
norm(r_3) 3.4205018e-10
norm(r_4) 0
Newton iteration  1 : ||r|| = 3.4205e-10, ||r||/||r_0|| = 1.01463e-07
Setting time step: 0.038632354 in DGTransportTDO
Setting time step: 0.038632354 in CombinedOp
Setting time step: 0.038632354 in IonStaticPressureOp
norm(r_0) 0
norm(r_1) 0
norm(r_2) 0
norm(r_3) 0.0026768573
norm(r_4) 0
Newton iteration  0 : ||r|| = 0.00267686

** Memory Usage **********************************
** NUMfact space (MB): (sum-of-all-processes)
    L\U :            2.87 |  Total :     5.02
** Total highmark (MB):
    Sum-of-all :    45.74 | Avg :    45.74  | Max :    45.74
**************************************************

** Memory Usage **********************************
** NUMfact space (MB): (sum-of-all-processes)
    L\U :            2.87 |  Total :     5.02
** Total highmark (MB):
    Sum-of-all :    45.74 | Avg :    45.74  | Max :    45.74
**************************************************

** Memory Usage **********************************
** NUMfact space (MB): (sum-of-all-processes)
    L\U :            2.87 |  Total :     5.02
** Total highmark (MB):
    Sum-of-all :    45.74 | Avg :    45.74  | Max :    45.74
**************************************************

** Memory Usage **********************************
** NUMfact space (MB): (sum-of-all-processes)
    L\U :          411.34 |  Total :   435.27
** Total highmark (MB):
    Sum-of-all :   483.28 | Avg :   483.28  | Max :   483.28
**************************************************

** Memory Usage **********************************
** NUMfact space (MB): (sum-of-all-processes)
    L\U :            2.87 |  Total :     5.02
** Total highmark (MB):
    Sum-of-all :    45.74 | Avg :    45.74  | Max :    45.74
**************************************************
   Pass :  1   Iteration :   0  ||B r|| = 41.3184 ...
   Pass :  1   Iteration :   1  ||B r|| = 1.95606e-09
norm(r_0) 0
norm(r_1) 0
norm(r_2) 0
norm(r_3) 3.469441e-10
norm(r_4) 0
Newton iteration  1 : ||r|| = 3.46944e-10, ||r||/||r_0|| = 1.29609e-07
Setting time step: 0.038632354 in DGTransportTDO
Setting time step: 0.038632354 in CombinedOp
Setting time step: 0.038632354 in IonStaticPressureOp
norm(r_0) 0
norm(r_1) 0
norm(r_2) 0
norm(r_3) 0.00087245118
norm(r_4) 0
Newton iteration  0 : ||r|| = 0.000872451

** Memory Usage **********************************
** NUMfact space (MB): (sum-of-all-processes)
    L\U :            2.87 |  Total :     5.02
** Total highmark (MB):
    Sum-of-all :    45.74 | Avg :    45.74  | Max :    45.74
**************************************************

** Memory Usage **********************************
** NUMfact space (MB): (sum-of-all-processes)
    L\U :            2.87 |  Total :     5.02
** Total highmark (MB):
    Sum-of-all :    45.74 | Avg :    45.74  | Max :    45.74
**************************************************

** Memory Usage **********************************
** NUMfact space (MB): (sum-of-all-processes)
    L\U :            2.87 |  Total :     5.02
** Total highmark (MB):
    Sum-of-all :    45.74 | Avg :    45.74  | Max :    45.74
**************************************************

** Memory Usage **********************************
** NUMfact space (MB): (sum-of-all-processes)
    L\U :          411.34 |  Total :   435.27
** Total highmark (MB):
    Sum-of-all :   483.28 | Avg :   483.28  | Max :   483.28
**************************************************

** Memory Usage **********************************
** NUMfact space (MB): (sum-of-all-processes)
    L\U :            2.87 |  Total :     5.02
** Total highmark (MB):
    Sum-of-all :    45.74 | Avg :    45.74  | Max :    45.74
**************************************************
   Pass :  1   Iteration :   0  ||B r|| = 13.4667 ...
   Pass :  1   Iteration :   1  ||B r|| = 1.08552e-09
norm(r_0) 0
norm(r_1) 0
norm(r_2) 0
norm(r_3) 3.5261734e-10
norm(r_4) 0
Newton iteration  1 : ||r|| = 3.52617e-10, ||r||/||r_0|| = 4.04169e-07
Setting time step: 0.038632354 in DGTransportTDO
Setting time step: 0.038632354 in CombinedOp
Setting time step: 0.038632354 in IonStaticPressureOp
norm(r_0) 0
norm(r_1) 0
norm(r_2) 0
norm(r_3) 0.001496909
norm(r_4) 0
Newton iteration  0 : ||r|| = 0.00149691

** Memory Usage **********************************
** NUMfact space (MB): (sum-of-all-processes)
    L\U :            2.87 |  Total :     5.02
** Total highmark (MB):
    Sum-of-all :    45.74 | Avg :    45.74  | Max :    45.74
**************************************************

** Memory Usage **********************************
** NUMfact space (MB): (sum-of-all-processes)
    L\U :            2.87 |  Total :     5.02
** Total highmark (MB):
    Sum-of-all :    45.74 | Avg :    45.74  | Max :    45.74
**************************************************

** Memory Usage **********************************
** NUMfact space (MB): (sum-of-all-processes)
    L\U :            2.87 |  Total :     5.02
** Total highmark (MB):
    Sum-of-all :    45.74 | Avg :    45.74  | Max :    45.74
**************************************************

** Memory Usage **********************************
** NUMfact space (MB): (sum-of-all-processes)
    L\U :          411.34 |  Total :   435.27
** Total highmark (MB):
    Sum-of-all :   483.28 | Avg :   483.28  | Max :   483.28
**************************************************

** Memory Usage **********************************
** NUMfact space (MB): (sum-of-all-processes)
    L\U :            2.87 |  Total :     5.02
** Total highmark (MB):
    Sum-of-all :    45.74 | Avg :    45.74  | Max :    45.74
**************************************************
   Pass :  1   Iteration :   0  ||B r|| = 23.1054 ...
   Pass :  1   Iteration :   1  ||B r|| = 1.6494e-09
norm(r_0) 0
norm(r_1) 0
norm(r_2) 0
norm(r_3) 3.5170424e-10
norm(r_4) 0
Newton iteration  1 : ||r|| = 3.51704e-10, ||r||/||r_0|| = 2.34954e-07
Setting time step: 0.038632354 in DGTransportTDO
Setting time step: 0.038632354 in CombinedOp
Setting time step: 0.038632354 in IonStaticPressureOp
norm(r_0) 0
norm(r_1) 0
norm(r_2) 0
norm(r_3) 0.0016959918
norm(r_4) 0
Newton iteration  0 : ||r|| = 0.00169599

** Memory Usage **********************************
** NUMfact space (MB): (sum-of-all-processes)
    L\U :            2.87 |  Total :     5.02
** Total highmark (MB):
    Sum-of-all :    45.74 | Avg :    45.74  | Max :    45.74
**************************************************

** Memory Usage **********************************
** NUMfact space (MB): (sum-of-all-processes)
    L\U :            2.87 |  Total :     5.02
** Total highmark (MB):
    Sum-of-all :    45.74 | Avg :    45.74  | Max :    45.74
**************************************************

** Memory Usage **********************************
** NUMfact space (MB): (sum-of-all-processes)
    L\U :            2.87 |  Total :     5.02
** Total highmark (MB):
    Sum-of-all :    45.74 | Avg :    45.74  | Max :    45.74
**************************************************

** Memory Usage **********************************
** NUMfact space (MB): (sum-of-all-processes)
    L\U :          411.34 |  Total :   435.27
** Total highmark (MB):
    Sum-of-all :   483.28 | Avg :   483.28  | Max :   483.28
**************************************************

** Memory Usage **********************************
** NUMfact space (MB): (sum-of-all-processes)
    L\U :            2.87 |  Total :     5.02
** Total highmark (MB):
    Sum-of-all :    45.74 | Avg :    45.74  | Max :    45.74
**************************************************
   Pass :  1   Iteration :   0  ||B r|| = 26.1784 ...
   Pass :  1   Iteration :   1  ||B r|| = 2.53714e-09
norm(r_0) 0
norm(r_1) 0
norm(r_2) 0
norm(r_3) 3.4956447e-10
norm(r_4) 0
Newton iteration  1 : ||r|| = 3.49564e-10, ||r||/||r_0|| = 2.06112e-07
Setting time step: 0.038632354 in DGTransportTDO
Setting time step: 0.038632354 in CombinedOp
Setting time step: 0.038632354 in IonStaticPressureOp
norm(r_0) 0
norm(r_1) 0
norm(r_2) 0
norm(r_3) 0.00054799932
norm(r_4) 0
Newton iteration  0 : ||r|| = 0.000547999

** Memory Usage **********************************
** NUMfact space (MB): (sum-of-all-processes)
    L\U :            2.87 |  Total :     5.02
** Total highmark (MB):
    Sum-of-all :    45.74 | Avg :    45.74  | Max :    45.74
**************************************************

** Memory Usage **********************************
** NUMfact space (MB): (sum-of-all-processes)
    L\U :            2.87 |  Total :     5.02
** Total highmark (MB):
    Sum-of-all :    45.74 | Avg :    45.74  | Max :    45.74
**************************************************

** Memory Usage **********************************
** NUMfact space (MB): (sum-of-all-processes)
    L\U :            2.87 |  Total :     5.02
** Total highmark (MB):
    Sum-of-all :    45.74 | Avg :    45.74  | Max :    45.74
**************************************************

** Memory Usage **********************************
** NUMfact space (MB): (sum-of-all-processes)
    L\U :          411.34 |  Total :   435.27
** Total highmark (MB):
    Sum-of-all :   483.28 | Avg :   483.28  | Max :   483.28
**************************************************

** Memory Usage **********************************
** NUMfact space (MB): (sum-of-all-processes)
    L\U :            2.87 |  Total :     5.02
** Total highmark (MB):
    Sum-of-all :    45.74 | Avg :    45.74  | Max :    45.74
**************************************************
   Pass :  1   Iteration :   0  ||B r|| = 8.4586 ...
   Pass :  1   Iteration :   1  ||B r|| = 7.02825e-10
norm(r_0) 0
norm(r_1) 0
norm(r_2) 0
norm(r_3) 3.5457818e-10
norm(r_4) 0
Newton iteration  1 : ||r|| = 3.54578e-10, ||r||/||r_0|| = 6.47041e-07
Setting time step: 0.042505032 in DGTransportTDO
Setting time step: 0.042505032 in CombinedOp
Setting time step: 0.042505032 in IonStaticPressureOp
norm(r_0) 0
norm(r_1) 0
norm(r_2) 0
norm(r_3) 0.00036330264
norm(r_4) 0
Newton iteration  0 : ||r|| = 0.000363303

** Memory Usage **********************************
** NUMfact space (MB): (sum-of-all-processes)
    L\U :            2.87 |  Total :     5.02
** Total highmark (MB):
    Sum-of-all :    45.74 | Avg :    45.74  | Max :    45.74
**************************************************

** Memory Usage **********************************
** NUMfact space (MB): (sum-of-all-processes)
    L\U :            2.87 |  Total :     5.02
** Total highmark (MB):
    Sum-of-all :    45.74 | Avg :    45.74  | Max :    45.74
**************************************************

** Memory Usage **********************************
** NUMfact space (MB): (sum-of-all-processes)
    L\U :            2.87 |  Total :     5.02
** Total highmark (MB):
    Sum-of-all :    45.74 | Avg :    45.74  | Max :    45.74
**************************************************

** Memory Usage **********************************
** NUMfact space (MB): (sum-of-all-processes)
    L\U :          411.34 |  Total :   435.27
** Total highmark (MB):
    Sum-of-all :   483.28 | Avg :   483.28  | Max :   483.28
**************************************************

** Memory Usage **********************************
** NUMfact space (MB): (sum-of-all-processes)
    L\U :            2.87 |  Total :     5.02
** Total highmark (MB):
    Sum-of-all :    45.74 | Avg :    45.74  | Max :    45.74
**************************************************
   Pass :  1   Iteration :   0  ||B r|| = 5.42446 ...
   Pass :  1   Iteration :   1  ||B r|| = 3.62122e-10
norm(r_0) 0
norm(r_1) 0
norm(r_2) 0
norm(r_3) 3.5619822e-10
norm(r_4) 0
Newton iteration  1 : ||r|| = 3.56198e-10, ||r||/||r_0|| = 9.80445e-07
Setting time step: 0.042505032 in DGTransportTDO
Setting time step: 0.042505032 in CombinedOp
Setting time step: 0.042505032 in IonStaticPressureOp
norm(r_0) 0
norm(r_1) 0
norm(r_2) 0
norm(r_3) 0.00010266563
norm(r_4) 0
Newton iteration  0 : ||r|| = 0.000102666

** Memory Usage **********************************
** NUMfact space (MB): (sum-of-all-processes)
    L\U :            2.87 |  Total :     5.02
** Total highmark (MB):
    Sum-of-all :    45.74 | Avg :    45.74  | Max :    45.74
**************************************************

** Memory Usage **********************************
** NUMfact space (MB): (sum-of-all-processes)
    L\U :            2.87 |  Total :     5.02
** Total highmark (MB):
    Sum-of-all :    45.74 | Avg :    45.74  | Max :    45.74
**************************************************

** Memory Usage **********************************
** NUMfact space (MB): (sum-of-all-processes)
    L\U :            2.87 |  Total :     5.02
** Total highmark (MB):
    Sum-of-all :    45.74 | Avg :    45.74  | Max :    45.74
**************************************************

** Memory Usage **********************************
** NUMfact space (MB): (sum-of-all-processes)
    L\U :          411.34 |  Total :   435.27
** Total highmark (MB):
    Sum-of-all :   483.28 | Avg :   483.28  | Max :   483.28
**************************************************

** Memory Usage **********************************
** NUMfact space (MB): (sum-of-all-processes)
    L\U :            2.87 |  Total :     5.02
** Total highmark (MB):
    Sum-of-all :    45.74 | Avg :    45.74  | Max :    45.74
**************************************************
   Pass :  1   Iteration :   0  ||B r|| = 1.5329 ...
   Pass :  1   Iteration :   1  ||B r|| = 1.39015e-10
norm(r_0) 0
norm(r_1) 0
norm(r_2) 0
norm(r_3) 3.5610197e-10
norm(r_4) 0
Newton iteration  1 : ||r|| = 3.56102e-10, ||r||/||r_0|| = 3.46856e-06
Setting time step: 0.042505032 in DGTransportTDO
Setting time step: 0.042505032 in CombinedOp
Setting time step: 0.042505032 in IonStaticPressureOp
norm(r_0) 0
norm(r_1) 0
norm(r_2) 0
norm(r_3) 0.00019196174
norm(r_4) 0
Newton iteration  0 : ||r|| = 0.000191962

** Memory Usage **********************************
** NUMfact space (MB): (sum-of-all-processes)
    L\U :            2.87 |  Total :     5.02
** Total highmark (MB):
    Sum-of-all :    45.74 | Avg :    45.74  | Max :    45.74
**************************************************

** Memory Usage **********************************
** NUMfact space (MB): (sum-of-all-processes)
    L\U :            2.87 |  Total :     5.02
** Total highmark (MB):
    Sum-of-all :    45.74 | Avg :    45.74  | Max :    45.74
**************************************************

** Memory Usage **********************************
** NUMfact space (MB): (sum-of-all-processes)
    L\U :            2.87 |  Total :     5.02
** Total highmark (MB):
    Sum-of-all :    45.74 | Avg :    45.74  | Max :    45.74
**************************************************

** Memory Usage **********************************
** NUMfact space (MB): (sum-of-all-processes)
    L\U :          411.34 |  Total :   435.27
** Total highmark (MB):
    Sum-of-all :   483.28 | Avg :   483.28  | Max :   483.28
**************************************************

** Memory Usage **********************************
** NUMfact space (MB): (sum-of-all-processes)
    L\U :            2.87 |  Total :     5.02
** Total highmark (MB):
    Sum-of-all :    45.74 | Avg :    45.74  | Max :    45.74
**************************************************
   Pass :  1   Iteration :   0  ||B r|| = 2.86617 ...
   Pass :  1   Iteration :   1  ||B r|| = 1.9391e-10
norm(r_0) 0
norm(r_1) 0
norm(r_2) 0
norm(r_3) 3.5698644e-10
norm(r_4) 0
Newton iteration  1 : ||r|| = 3.56986e-10, ||r||/||r_0|| = 1.85967e-06
Setting time step: 0.042505032 in DGTransportTDO
Setting time step: 0.042505032 in CombinedOp
Setting time step: 0.042505032 in IonStaticPressureOp
norm(r_0) 0
norm(r_1) 0
norm(r_2) 0
norm(r_3) 0.00022092706
norm(r_4) 0
Newton iteration  0 : ||r|| = 0.000220927

** Memory Usage **********************************
** NUMfact space (MB): (sum-of-all-processes)
    L\U :            2.87 |  Total :     5.02
** Total highmark (MB):
    Sum-of-all :    45.74 | Avg :    45.74  | Max :    45.74
**************************************************

** Memory Usage **********************************
** NUMfact space (MB): (sum-of-all-processes)
    L\U :            2.87 |  Total :     5.02
** Total highmark (MB):
    Sum-of-all :    45.74 | Avg :    45.74  | Max :    45.74
**************************************************

** Memory Usage **********************************
** NUMfact space (MB): (sum-of-all-processes)
    L\U :            2.87 |  Total :     5.02
** Total highmark (MB):
    Sum-of-all :    45.74 | Avg :    45.74  | Max :    45.74
**************************************************

** Memory Usage **********************************
** NUMfact space (MB): (sum-of-all-processes)
    L\U :          411.34 |  Total :   435.27
** Total highmark (MB):
    Sum-of-all :   483.28 | Avg :   483.28  | Max :   483.28
**************************************************

** Memory Usage **********************************
** NUMfact space (MB): (sum-of-all-processes)
    L\U :            2.87 |  Total :     5.02
** Total highmark (MB):
    Sum-of-all :    45.74 | Avg :    45.74  | Max :    45.74
**************************************************
   Pass :  1   Iteration :   0  ||B r|| = 3.29865 ...
   Pass :  1   Iteration :   1  ||B r|| = 2.73949e-10
norm(r_0) 0
norm(r_1) 0
norm(r_2) 0
norm(r_3) 3.5652284e-10
norm(r_4) 0
Newton iteration  1 : ||r|| = 3.56523e-10, ||r||/||r_0|| = 1.61376e-06
Setting time step: 0.042505032 in DGTransportTDO
Setting time step: 0.042505032 in CombinedOp
Setting time step: 0.042505032 in IonStaticPressureOp
norm(r_0) 0
norm(r_1) 0
norm(r_2) 0
norm(r_3) 6.4233201e-05
norm(r_4) 0
Newton iteration  0 : ||r|| = 6.42332e-05

** Memory Usage **********************************
** NUMfact space (MB): (sum-of-all-processes)
    L\U :            2.87 |  Total :     5.02
** Total highmark (MB):
    Sum-of-all :    45.74 | Avg :    45.74  | Max :    45.74
**************************************************

** Memory Usage **********************************
** NUMfact space (MB): (sum-of-all-processes)
    L\U :            2.87 |  Total :     5.02
** Total highmark (MB):
    Sum-of-all :    45.74 | Avg :    45.74  | Max :    45.74
**************************************************

** Memory Usage **********************************
** NUMfact space (MB): (sum-of-all-processes)
    L\U :            2.87 |  Total :     5.02
** Total highmark (MB):
    Sum-of-all :    45.74 | Avg :    45.74  | Max :    45.74
**************************************************

** Memory Usage **********************************
** NUMfact space (MB): (sum-of-all-processes)
    L\U :          411.34 |  Total :   435.27
** Total highmark (MB):
    Sum-of-all :   483.28 | Avg :   483.28  | Max :   483.28
**************************************************

** Memory Usage **********************************
** NUMfact space (MB): (sum-of-all-processes)
    L\U :            2.87 |  Total :     5.02
** Total highmark (MB):
    Sum-of-all :    45.74 | Avg :    45.74  | Max :    45.74
**************************************************
   Pass :  1   Iteration :   0  ||B r|| = 0.959063 ...
   Pass :  1   Iteration :   1  ||B r|| = 7.79905e-11
norm(r_0) 0
norm(r_1) 0
norm(r_2) 0
norm(r_3) 3.6003805e-10
norm(r_4) 0
Newton iteration  1 : ||r|| = 3.60038e-10, ||r||/||r_0|| = 5.60517e-06
Setting time step: 0.085010063 in DGTransportTDO
Setting time step: 0.085010063 in CombinedOp
Setting time step: 0.085010063 in IonStaticPressureOp
norm(r_0) 0
norm(r_1) 0
norm(r_2) 0
norm(r_3) 4.1192398e-05
norm(r_4) 0
Newton iteration  0 : ||r|| = 4.11924e-05

** Memory Usage **********************************
** NUMfact space (MB): (sum-of-all-processes)
    L\U :            2.87 |  Total :     5.02
** Total highmark (MB):
    Sum-of-all :    45.74 | Avg :    45.74  | Max :    45.74
**************************************************

** Memory Usage **********************************
** NUMfact space (MB): (sum-of-all-processes)
    L\U :            2.87 |  Total :     5.02
** Total highmark (MB):
    Sum-of-all :    45.74 | Avg :    45.74  | Max :    45.74
**************************************************

** Memory Usage **********************************
** NUMfact space (MB): (sum-of-all-processes)
    L\U :            2.87 |  Total :     5.02
** Total highmark (MB):
    Sum-of-all :    45.74 | Avg :    45.74  | Max :    45.74
**************************************************

** Memory Usage **********************************
** NUMfact space (MB): (sum-of-all-processes)
    L\U :          411.34 |  Total :   435.27
** Total highmark (MB):
    Sum-of-all :   483.28 | Avg :   483.28  | Max :   483.28
**************************************************

** Memory Usage **********************************
** NUMfact space (MB): (sum-of-all-processes)
    L\U :            2.87 |  Total :     5.02
** Total highmark (MB):
    Sum-of-all :    45.74 | Avg :    45.74  | Max :    45.74
**************************************************
   Pass :  1   Iteration :   0  ||B r|| = 0.452668 ...
   Pass :  1   Iteration :   1  ||B r|| = 3.65379e-11
norm(r_0) 0
norm(r_1) 0
norm(r_2) 0
norm(r_3) 3.6234433e-10
norm(r_4) 0
Newton iteration  1 : ||r|| = 3.62344e-10, ||r||/||r_0|| = 8.79639e-06
Setting time step: 0.085010063 in DGTransportTDO
Setting time step: 0.085010063 in CombinedOp
Setting time step: 0.085010063 in IonStaticPressureOp
norm(r_0) 0
norm(r_1) 0
norm(r_2) 0
norm(r_3) 2.3076156e-06
norm(r_4) 0
Newton iteration  0 : ||r|| = 2.30762e-06

** Memory Usage **********************************
** NUMfact space (MB): (sum-of-all-processes)
    L\U :            2.87 |  Total :     5.02
** Total highmark (MB):
    Sum-of-all :    45.74 | Avg :    45.74  | Max :    45.74
**************************************************

** Memory Usage **********************************
** NUMfact space (MB): (sum-of-all-processes)
    L\U :            2.87 |  Total :     5.02
** Total highmark (MB):
    Sum-of-all :    45.74 | Avg :    45.74  | Max :    45.74
**************************************************

** Memory Usage **********************************
** NUMfact space (MB): (sum-of-all-processes)
    L\U :            2.87 |  Total :     5.02
** Total highmark (MB):
    Sum-of-all :    45.74 | Avg :    45.74  | Max :    45.74
**************************************************

** Memory Usage **********************************
** NUMfact space (MB): (sum-of-all-processes)
    L\U :          411.34 |  Total :   435.27
** Total highmark (MB):
    Sum-of-all :   483.28 | Avg :   483.28  | Max :   483.28
**************************************************

** Memory Usage **********************************
** NUMfact space (MB): (sum-of-all-processes)
    L\U :            2.87 |  Total :     5.02
** Total highmark (MB):
    Sum-of-all :    45.74 | Avg :    45.74  | Max :    45.74
**************************************************
   Pass :  1   Iteration :   0  ||B r|| = 0.0253587 ...
   Pass :  1   Iteration :   1  ||B r|| = 2.46564e-12
norm(r_0) 0
norm(r_1) 0
norm(r_2) 0
norm(r_3) 3.5700147e-10
norm(r_4) 0
Newton iteration  1 : ||r|| = 3.57001e-10, ||r||/||r_0|| = 0.000154706
Setting time step: 0.085010063 in DGTransportTDO
Setting time step: 0.085010063 in CombinedOp
Setting time step: 0.085010063 in IonStaticPressureOp
norm(r_0) 0
norm(r_1) 0
norm(r_2) 0
norm(r_3) 1.1417436e-05
norm(r_4) 0
Newton iteration  0 : ||r|| = 1.14174e-05

** Memory Usage **********************************
** NUMfact space (MB): (sum-of-all-processes)
    L\U :            2.87 |  Total :     5.02
** Total highmark (MB):
    Sum-of-all :    45.74 | Avg :    45.74  | Max :    45.74
**************************************************

** Memory Usage **********************************
** NUMfact space (MB): (sum-of-all-processes)
    L\U :            2.87 |  Total :     5.02
** Total highmark (MB):
    Sum-of-all :    45.74 | Avg :    45.74  | Max :    45.74
**************************************************

** Memory Usage **********************************
** NUMfact space (MB): (sum-of-all-processes)
    L\U :            2.87 |  Total :     5.02
** Total highmark (MB):
    Sum-of-all :    45.74 | Avg :    45.74  | Max :    45.74
**************************************************

** Memory Usage **********************************
** NUMfact space (MB): (sum-of-all-processes)
    L\U :          411.34 |  Total :   435.27
** Total highmark (MB):
    Sum-of-all :   483.28 | Avg :   483.28  | Max :   483.28
**************************************************

** Memory Usage **********************************
** NUMfact space (MB): (sum-of-all-processes)
    L\U :            2.87 |  Total :     5.02
** Total highmark (MB):
    Sum-of-all :    45.74 | Avg :    45.74  | Max :    45.74
**************************************************
   Pass :  1   Iteration :   0  ||B r|| = 0.125468 ...
   Pass :  1   Iteration :   1  ||B r|| = 8.07309e-12
norm(r_0) 0
norm(r_1) 0
norm(r_2) 0
norm(r_3) 3.5632716e-10
norm(r_4) 0
Newton iteration  1 : ||r|| = 3.56327e-10, ||r||/||r_0|| = 3.1209e-05
Setting time step: 0.085010063 in DGTransportTDO
Setting time step: 0.085010063 in CombinedOp
Setting time step: 0.085010063 in IonStaticPressureOp
norm(r_0) 0
norm(r_1) 0
norm(r_2) 0
norm(r_3) 1.654891e-05
norm(r_4) 0
Newton iteration  0 : ||r|| = 1.65489e-05

** Memory Usage **********************************
** NUMfact space (MB): (sum-of-all-processes)
    L\U :            2.87 |  Total :     5.02
** Total highmark (MB):
    Sum-of-all :    45.74 | Avg :    45.74  | Max :    45.74
**************************************************

** Memory Usage **********************************
** NUMfact space (MB): (sum-of-all-processes)
    L\U :            2.87 |  Total :     5.02
** Total highmark (MB):
    Sum-of-all :    45.74 | Avg :    45.74  | Max :    45.74
**************************************************

** Memory Usage **********************************
** NUMfact space (MB): (sum-of-all-processes)
    L\U :            2.87 |  Total :     5.02
** Total highmark (MB):
    Sum-of-all :    45.74 | Avg :    45.74  | Max :    45.74
**************************************************

** Memory Usage **********************************
** NUMfact space (MB): (sum-of-all-processes)
    L\U :          411.34 |  Total :   435.27
** Total highmark (MB):
    Sum-of-all :   483.28 | Avg :   483.28  | Max :   483.28
**************************************************

** Memory Usage **********************************
** NUMfact space (MB): (sum-of-all-processes)
    L\U :            2.87 |  Total :     5.02
** Total highmark (MB):
    Sum-of-all :    45.74 | Avg :    45.74  | Max :    45.74
**************************************************
   Pass :  1   Iteration :   0  ||B r|| = 0.181858 ...
   Pass :  1   Iteration :   1  ||B r|| = 9.19788e-12
norm(r_0) 0
norm(r_1) 0
norm(r_2) 0
norm(r_3) 3.5887232e-10
norm(r_4) 0
Newton iteration  1 : ||r|| = 3.58872e-10, ||r||/||r_0|| = 2.16856e-05
Setting time step: 0.085010063 in DGTransportTDO
Setting time step: 0.085010063 in CombinedOp
Setting time step: 0.085010063 in IonStaticPressureOp
norm(r_0) 0
norm(r_1) 0
norm(r_2) 0
norm(r_3) 4.7772063e-06
norm(r_4) 0
Newton iteration  0 : ||r|| = 4.77721e-06

** Memory Usage **********************************
** NUMfact space (MB): (sum-of-all-processes)
    L\U :            2.87 |  Total :     5.02
** Total highmark (MB):
    Sum-of-all :    45.74 | Avg :    45.74  | Max :    45.74
**************************************************

** Memory Usage **********************************
** NUMfact space (MB): (sum-of-all-processes)
    L\U :            2.87 |  Total :     5.02
** Total highmark (MB):
    Sum-of-all :    45.74 | Avg :    45.74  | Max :    45.74
**************************************************

** Memory Usage **********************************
** NUMfact space (MB): (sum-of-all-processes)
    L\U :            2.87 |  Total :     5.02
** Total highmark (MB):
    Sum-of-all :    45.74 | Avg :    45.74  | Max :    45.74
**************************************************

** Memory Usage **********************************
** NUMfact space (MB): (sum-of-all-processes)
    L\U :          411.34 |  Total :   435.27
** Total highmark (MB):
    Sum-of-all :   483.28 | Avg :   483.28  | Max :   483.28
**************************************************

** Memory Usage **********************************
** NUMfact space (MB): (sum-of-all-processes)
    L\U :            2.87 |  Total :     5.02
** Total highmark (MB):
    Sum-of-all :    45.74 | Avg :    45.74  | Max :    45.74
**************************************************
   Pass :  1   Iteration :   0  ||B r|| = 0.0524974 ...
   Pass :  1   Iteration :   1  ||B r|| = 3.56522e-12
norm(r_0) 0
norm(r_1) 0
norm(r_2) 0
norm(r_3) 3.5510644e-10
norm(r_4) 0
Newton iteration  1 : ||r|| = 3.55106e-10, ||r||/||r_0|| = 7.43335e-05
Time stepping paused at t = 0.89343246

Estimating errors.
No refinements necessary.
No derefinements needed.

AMR iteration 2
Number of unknowns: 36864
Setting time step: 0.17002013 in DGTransportTDO
Setting time step: 0.17002013 in CombinedOp
Setting time step: 0.17002013 in IonStaticPressureOp
norm(r_0) 0
norm(r_1) 0
norm(r_2) 0
norm(r_3) 2.2547942e-06
norm(r_4) 0
Newton iteration  0 : ||r|| = 2.25479e-06

** Memory Usage **********************************
** NUMfact space (MB): (sum-of-all-processes)
    L\U :            2.87 |  Total :     5.02
** Total highmark (MB):
    Sum-of-all :    45.74 | Avg :    45.74  | Max :    45.74
**************************************************

** Memory Usage **********************************
** NUMfact space (MB): (sum-of-all-processes)
    L\U :            2.87 |  Total :     5.02
** Total highmark (MB):
    Sum-of-all :    45.74 | Avg :    45.74  | Max :    45.74
**************************************************

** Memory Usage **********************************
** NUMfact space (MB): (sum-of-all-processes)
    L\U :            2.87 |  Total :     5.02
** Total highmark (MB):
    Sum-of-all :    45.74 | Avg :    45.74  | Max :    45.74
**************************************************

** Memory Usage **********************************
** NUMfact space (MB): (sum-of-all-processes)
    L\U :          411.34 |  Total :   435.27
** Total highmark (MB):
    Sum-of-all :   483.28 | Avg :   483.28  | Max :   483.28
**************************************************

** Memory Usage **********************************
** NUMfact space (MB): (sum-of-all-processes)
    L\U :            2.87 |  Total :     5.02
** Total highmark (MB):
    Sum-of-all :    45.74 | Avg :    45.74  | Max :    45.74
**************************************************
   Pass :  1   Iteration :   0  ||B r|| = 0.016216 ...
   Pass :  1   Iteration :   1  ||B r|| = 1.28735e-12
norm(r_0) 0
norm(r_1) 0
norm(r_2) 0
norm(r_3) 3.6180013e-10
norm(r_4) 0
Newton iteration  1 : ||r|| = 3.618e-10, ||r||/||r_0|| = 0.000160458
Setting time step: 0.17002013 in DGTransportTDO
Setting time step: 0.17002013 in CombinedOp
Setting time step: 0.17002013 in IonStaticPressureOp
norm(r_0) 0
norm(r_1) 0
norm(r_2) 0
norm(r_3) 8.6181861e-07
norm(r_4) 0
Newton iteration  0 : ||r|| = 8.61819e-07

** Memory Usage **********************************
** NUMfact space (MB): (sum-of-all-processes)
    L\U :            2.87 |  Total :     5.02
** Total highmark (MB):
    Sum-of-all :    45.74 | Avg :    45.74  | Max :    45.74
**************************************************

** Memory Usage **********************************
** NUMfact space (MB): (sum-of-all-processes)
    L\U :            2.87 |  Total :     5.02
** Total highmark (MB):
    Sum-of-all :    45.74 | Avg :    45.74  | Max :    45.74
**************************************************

** Memory Usage **********************************
** NUMfact space (MB): (sum-of-all-processes)
    L\U :            2.87 |  Total :     5.02
** Total highmark (MB):
    Sum-of-all :    45.74 | Avg :    45.74  | Max :    45.74
**************************************************

** Memory Usage **********************************
** NUMfact space (MB): (sum-of-all-processes)
    L\U :          411.34 |  Total :   435.27
** Total highmark (MB):
    Sum-of-all :   483.28 | Avg :   483.28  | Max :   483.28
**************************************************

** Memory Usage **********************************
** NUMfact space (MB): (sum-of-all-processes)
    L\U :            2.87 |  Total :     5.02
** Total highmark (MB):
    Sum-of-all :    45.74 | Avg :    45.74  | Max :    45.74
**************************************************
   Pass :  1   Iteration :   0  ||B r|| = 0.00619801 ...
   Pass :  1   Iteration :   1  ||B r|| = 5.07514e-13
norm(r_0) 0
norm(r_1) 0
norm(r_2) 0
norm(r_3) 3.5755249e-10
norm(r_4) 0
Newton iteration  1 : ||r|| = 3.57552e-10, ||r||/||r_0|| = 0.000414881
Setting time step: 0.17002013 in DGTransportTDO
Setting time step: 0.17002013 in CombinedOp
Setting time step: 0.17002013 in IonStaticPressureOp
norm(r_0) 0
norm(r_1) 0
norm(r_2) 0
norm(r_3) 4.0205206e-08
norm(r_4) 0
Newton iteration  0 : ||r|| = 4.02052e-08

** Memory Usage **********************************
** NUMfact space (MB): (sum-of-all-processes)
    L\U :            2.87 |  Total :     5.02
** Total highmark (MB):
    Sum-of-all :    45.74 | Avg :    45.74  | Max :    45.74
**************************************************

** Memory Usage **********************************
** NUMfact space (MB): (sum-of-all-processes)
    L\U :            2.87 |  Total :     5.02
** Total highmark (MB):
    Sum-of-all :    45.74 | Avg :    45.74  | Max :    45.74
**************************************************

** Memory Usage **********************************
** NUMfact space (MB): (sum-of-all-processes)
    L\U :            2.87 |  Total :     5.02
** Total highmark (MB):
    Sum-of-all :    45.74 | Avg :    45.74  | Max :    45.74
**************************************************

** Memory Usage **********************************
** NUMfact space (MB): (sum-of-all-processes)
    L\U :          411.34 |  Total :   435.27
** Total highmark (MB):
    Sum-of-all :   483.28 | Avg :   483.28  | Max :   483.28
**************************************************

** Memory Usage **********************************
** NUMfact space (MB): (sum-of-all-processes)
    L\U :            2.87 |  Total :     5.02
** Total highmark (MB):
    Sum-of-all :    45.74 | Avg :    45.74  | Max :    45.74
**************************************************
   Pass :  1   Iteration :   0  ||B r|| = 0.000289123 ...
   Pass :  1   Iteration :   1  ||B r|| = 2.47445e-14
norm(r_0) 0
norm(r_1) 0
norm(r_2) 0
norm(r_3) 3.5609324e-10
norm(r_4) 0
Newton iteration  1 : ||r|| = 3.56093e-10, ||r||/||r_0|| = 0.00885689
Setting time step: 0.17002013 in DGTransportTDO
Setting time step: 0.17002013 in CombinedOp
Setting time step: 0.17002013 in IonStaticPressureOp
norm(r_0) 0
norm(r_1) 0
norm(r_2) 0
norm(r_3) 4.3134584e-07
norm(r_4) 0
Newton iteration  0 : ||r|| = 4.31346e-07

** Memory Usage **********************************
** NUMfact space (MB): (sum-of-all-processes)
    L\U :            2.87 |  Total :     5.02
** Total highmark (MB):
    Sum-of-all :    45.74 | Avg :    45.74  | Max :    45.74
**************************************************

** Memory Usage **********************************
** NUMfact space (MB): (sum-of-all-processes)
    L\U :            2.87 |  Total :     5.02
** Total highmark (MB):
    Sum-of-all :    45.74 | Avg :    45.74  | Max :    45.74
**************************************************

** Memory Usage **********************************
** NUMfact space (MB): (sum-of-all-processes)
    L\U :            2.87 |  Total :     5.02
** Total highmark (MB):
    Sum-of-all :    45.74 | Avg :    45.74  | Max :    45.74
**************************************************

** Memory Usage **********************************
** NUMfact space (MB): (sum-of-all-processes)
    L\U :          411.34 |  Total :   435.27
** Total highmark (MB):
    Sum-of-all :   483.28 | Avg :   483.28  | Max :   483.28
**************************************************

** Memory Usage **********************************
** NUMfact space (MB): (sum-of-all-processes)
    L\U :            2.87 |  Total :     5.02
** Total highmark (MB):
    Sum-of-all :    45.74 | Avg :    45.74  | Max :    45.74
**************************************************
   Pass :  1   Iteration :   0  ||B r|| = 0.00310215 ...
   Pass :  1   Iteration :   1  ||B r|| = 2.59889e-13
norm(r_0) 0
norm(r_1) 0
norm(r_2) 0
norm(r_3) 3.6014482e-10
norm(r_4) 0
Newton iteration  1 : ||r|| = 3.60145e-10, ||r||/||r_0|| = 0.000834933
Setting time step: 0.17002013 in DGTransportTDO
Setting time step: 0.17002013 in CombinedOp
Setting time step: 0.17002013 in IonStaticPressureOp
norm(r_0) 0
norm(r_1) 0
norm(r_2) 0
norm(r_3) 9.0800152e-07
norm(r_4) 0
Newton iteration  0 : ||r|| = 9.08002e-07

** Memory Usage **********************************
** NUMfact space (MB): (sum-of-all-processes)
    L\U :            2.87 |  Total :     5.02
** Total highmark (MB):
    Sum-of-all :    45.74 | Avg :    45.74  | Max :    45.74
**************************************************

** Memory Usage **********************************
** NUMfact space (MB): (sum-of-all-processes)
    L\U :            2.87 |  Total :     5.02
** Total highmark (MB):
    Sum-of-all :    45.74 | Avg :    45.74  | Max :    45.74
**************************************************

** Memory Usage **********************************
** NUMfact space (MB): (sum-of-all-processes)
    L\U :            2.87 |  Total :     5.02
** Total highmark (MB):
    Sum-of-all :    45.74 | Avg :    45.74  | Max :    45.74
**************************************************

** Memory Usage **********************************
** NUMfact space (MB): (sum-of-all-processes)
    L\U :          411.34 |  Total :   435.27
** Total highmark (MB):
    Sum-of-all :   483.28 | Avg :   483.28  | Max :   483.28
**************************************************

** Memory Usage **********************************
** NUMfact space (MB): (sum-of-all-processes)
    L\U :            2.87 |  Total :     5.02
** Total highmark (MB):
    Sum-of-all :    45.74 | Avg :    45.74  | Max :    45.74
**************************************************
   Pass :  1   Iteration :   0  ||B r|| = 0.00652936 ...
   Pass :  1   Iteration :   1  ||B r|| = 6.64388e-13
norm(r_0) 0
norm(r_1) 0
norm(r_2) 0
norm(r_3) 3.5727877e-10
norm(r_4) 0
Newton iteration  1 : ||r|| = 3.57279e-10, ||r||/||r_0|| = 0.000393478
Setting time step: 0.34004025 in DGTransportTDO
Setting time step: 0.34004025 in CombinedOp
Setting time step: 0.34004025 in IonStaticPressureOp
norm(r_0) 0
norm(r_1) 0
norm(r_2) 0
norm(r_3) 2.8043681e-07
norm(r_4) 0
Newton iteration  0 : ||r|| = 2.80437e-07

** Memory Usage **********************************
** NUMfact space (MB): (sum-of-all-processes)
    L\U :            2.87 |  Total :     5.02
** Total highmark (MB):
    Sum-of-all :    45.74 | Avg :    45.74  | Max :    45.74
**************************************************

** Memory Usage **********************************
** NUMfact space (MB): (sum-of-all-processes)
    L\U :            2.87 |  Total :     5.02
** Total highmark (MB):
    Sum-of-all :    45.74 | Avg :    45.74  | Max :    45.74
**************************************************

** Memory Usage **********************************
** NUMfact space (MB): (sum-of-all-processes)
    L\U :            2.87 |  Total :     5.02
** Total highmark (MB):
    Sum-of-all :    45.74 | Avg :    45.74  | Max :    45.74
**************************************************

** Memory Usage **********************************
** NUMfact space (MB): (sum-of-all-processes)
    L\U :          411.34 |  Total :   435.27
** Total highmark (MB):
    Sum-of-all :   483.28 | Avg :   483.28  | Max :   483.28
**************************************************

** Memory Usage **********************************
** NUMfact space (MB): (sum-of-all-processes)
    L\U :            2.87 |  Total :     5.02
** Total highmark (MB):
    Sum-of-all :    45.74 | Avg :    45.74  | Max :    45.74
**************************************************
   Pass :  1   Iteration :   0  ||B r|| = 0.00119261 ...
   Pass :  1   Iteration :   1  ||B r|| = 1.20748e-13
norm(r_0) 0
norm(r_1) 0
norm(r_2) 0
norm(r_3) 3.5902609e-10
norm(r_4) 0
Newton iteration  1 : ||r|| = 3.59026e-10, ||r||/||r_0|| = 0.00128024
Setting time step: 0.34004025 in DGTransportTDO
Setting time step: 0.34004025 in CombinedOp
Setting time step: 0.34004025 in IonStaticPressureOp
norm(r_0) 0
norm(r_1) 0
norm(r_2) 0
norm(r_3) 1.779869e-07
norm(r_4) 0
Newton iteration  0 : ||r|| = 1.77987e-07

** Memory Usage **********************************
** NUMfact space (MB): (sum-of-all-processes)
    L\U :            2.87 |  Total :     5.02
** Total highmark (MB):
    Sum-of-all :    45.74 | Avg :    45.74  | Max :    45.74
**************************************************

** Memory Usage **********************************
** NUMfact space (MB): (sum-of-all-processes)
    L\U :            2.87 |  Total :     5.02
** Total highmark (MB):
    Sum-of-all :    45.74 | Avg :    45.74  | Max :    45.74
**************************************************

** Memory Usage **********************************
** NUMfact space (MB): (sum-of-all-processes)
    L\U :            2.87 |  Total :     5.02
** Total highmark (MB):
    Sum-of-all :    45.74 | Avg :    45.74  | Max :    45.74
**************************************************

** Memory Usage **********************************
** NUMfact space (MB): (sum-of-all-processes)
    L\U :          411.34 |  Total :   435.27
** Total highmark (MB):
    Sum-of-all :   483.28 | Avg :   483.28  | Max :   483.28
**************************************************

** Memory Usage **********************************
** NUMfact space (MB): (sum-of-all-processes)
    L\U :            2.87 |  Total :     5.02
** Total highmark (MB):
    Sum-of-all :    45.74 | Avg :    45.74  | Max :    45.74
**************************************************
   Pass :  1   Iteration :   0  ||B r|| = 0.000756922 ...
   Pass :  1   Iteration :   1  ||B r|| = 5.57257e-14
norm(r_0) 0
norm(r_1) 0
norm(r_2) 0
norm(r_3) 3.6198582e-10
norm(r_4) 0
Newton iteration  1 : ||r|| = 3.61986e-10, ||r||/||r_0|| = 0.00203378
Setting time step: 0.34004025 in DGTransportTDO
Setting time step: 0.34004025 in CombinedOp
Setting time step: 0.34004025 in IonStaticPressureOp
norm(r_0) 0
norm(r_1) 0
norm(r_2) 0
norm(r_3) 5.4567711e-08
norm(r_4) 0
Newton iteration  0 : ||r|| = 5.45677e-08

** Memory Usage **********************************
** NUMfact space (MB): (sum-of-all-processes)
    L\U :            2.87 |  Total :     5.02
** Total highmark (MB):
    Sum-of-all :    45.74 | Avg :    45.74  | Max :    45.74
**************************************************

** Memory Usage **********************************
** NUMfact space (MB): (sum-of-all-processes)
    L\U :            2.87 |  Total :     5.02
** Total highmark (MB):
    Sum-of-all :    45.74 | Avg :    45.74  | Max :    45.74
**************************************************

** Memory Usage **********************************
** NUMfact space (MB): (sum-of-all-processes)
    L\U :            2.87 |  Total :     5.02
** Total highmark (MB):
    Sum-of-all :    45.74 | Avg :    45.74  | Max :    45.74
**************************************************

** Memory Usage **********************************
** NUMfact space (MB): (sum-of-all-processes)
    L\U :          411.34 |  Total :   435.27
** Total highmark (MB):
    Sum-of-all :   483.28 | Avg :   483.28  | Max :   483.28
**************************************************

** Memory Usage **********************************
** NUMfact space (MB): (sum-of-all-processes)
    L\U :            2.87 |  Total :     5.02
** Total highmark (MB):
    Sum-of-all :    45.74 | Avg :    45.74  | Max :    45.74
**************************************************
   Pass :  1   Iteration :   0  ||B r|| = 0.000232053 ...
   Pass :  1   Iteration :   1  ||B r|| = 2.58518e-14
norm(r_0) 0
norm(r_1) 0
norm(r_2) 0
norm(r_3) 3.5431118e-10
norm(r_4) 0
Newton iteration  1 : ||r|| = 3.54311e-10, ||r||/||r_0|| = 0.00649306
Setting time step: 0.34004025 in DGTransportTDO
Setting time step: 0.34004025 in CombinedOp
Setting time step: 0.34004025 in IonStaticPressureOp
norm(r_0) 0
norm(r_1) 0
norm(r_2) 0
norm(r_3) 5.9559758e-09
norm(r_4) 0
Newton iteration  0 : ||r|| = 5.95598e-09

** Memory Usage **********************************
** NUMfact space (MB): (sum-of-all-processes)
    L\U :            2.87 |  Total :     5.02
** Total highmark (MB):
    Sum-of-all :    45.74 | Avg :    45.74  | Max :    45.74
**************************************************

** Memory Usage **********************************
** NUMfact space (MB): (sum-of-all-processes)
    L\U :            2.87 |  Total :     5.02
** Total highmark (MB):
    Sum-of-all :    45.74 | Avg :    45.74  | Max :    45.74
**************************************************

** Memory Usage **********************************
** NUMfact space (MB): (sum-of-all-processes)
    L\U :            2.87 |  Total :     5.02
** Total highmark (MB):
    Sum-of-all :    45.74 | Avg :    45.74  | Max :    45.74
**************************************************

** Memory Usage **********************************
** NUMfact space (MB): (sum-of-all-processes)
    L\U :          411.34 |  Total :   435.27
** Total highmark (MB):
    Sum-of-all :   483.28 | Avg :   483.28  | Max :   483.28
**************************************************

** Memory Usage **********************************
** NUMfact space (MB): (sum-of-all-processes)
    L\U :            2.87 |  Total :     5.02
** Total highmark (MB):
    Sum-of-all :    45.74 | Avg :    45.74  | Max :    45.74
**************************************************
   Pass :  1   Iteration :   0  ||B r|| = 2.5248e-05 ...
   Pass :  1   Iteration :   1  ||B r|| = 2.38858e-15
norm(r_0) 0
norm(r_1) 0
norm(r_2) 0
norm(r_3) 3.6127004e-10
norm(r_4) 0
Newton iteration  1 : ||r|| = 3.6127e-10, ||r||/||r_0|| = 0.0606567
Setting time step: 0.34004025 in DGTransportTDO
Setting time step: 0.34004025 in CombinedOp
Setting time step: 0.34004025 in IonStaticPressureOp
norm(r_0) 0
norm(r_1) 0
norm(r_2) 0
norm(r_3) 2.6296721e-07
norm(r_4) 0
Newton iteration  0 : ||r|| = 2.62967e-07

** Memory Usage **********************************
** NUMfact space (MB): (sum-of-all-processes)
    L\U :            2.87 |  Total :     5.02
** Total highmark (MB):
    Sum-of-all :    45.74 | Avg :    45.74  | Max :    45.74
**************************************************

** Memory Usage **********************************
** NUMfact space (MB): (sum-of-all-processes)
    L\U :            2.87 |  Total :     5.02
** Total highmark (MB):
    Sum-of-all :    45.74 | Avg :    45.74  | Max :    45.74
**************************************************

** Memory Usage **********************************
** NUMfact space (MB): (sum-of-all-processes)
    L\U :            2.87 |  Total :     5.02
** Total highmark (MB):
    Sum-of-all :    45.74 | Avg :    45.74  | Max :    45.74
**************************************************

** Memory Usage **********************************
** NUMfact space (MB): (sum-of-all-processes)
    L\U :          411.34 |  Total :   435.27
** Total highmark (MB):
    Sum-of-all :   483.28 | Avg :   483.28  | Max :   483.28
**************************************************

** Memory Usage **********************************
** NUMfact space (MB): (sum-of-all-processes)
    L\U :            2.87 |  Total :     5.02
** Total highmark (MB):
    Sum-of-all :    45.74 | Avg :    45.74  | Max :    45.74
**************************************************
   Pass :  1   Iteration :   0  ||B r|| = 0.00111662 ...
   Pass :  1   Iteration :   1  ||B r|| = 1.11421e-13
norm(r_0) 0
norm(r_1) 0
norm(r_2) 0
norm(r_3) 3.5798945e-10
norm(r_4) 0
Newton iteration  1 : ||r|| = 3.57989e-10, ||r||/||r_0|| = 0.00136135
Setting time step: 0.68008051 in DGTransportTDO
Setting time step: 0.68008051 in CombinedOp
Setting time step: 0.68008051 in IonStaticPressureOp
norm(r_0) 0
norm(r_1) 0
norm(r_2) 0
norm(r_3) 4.7961292e-08
norm(r_4) 0
Newton iteration  0 : ||r|| = 4.79613e-08

** Memory Usage **********************************
** NUMfact space (MB): (sum-of-all-processes)
    L\U :            2.87 |  Total :     5.02
** Total highmark (MB):
    Sum-of-all :    45.74 | Avg :    45.74  | Max :    45.74
**************************************************

** Memory Usage **********************************
** NUMfact space (MB): (sum-of-all-processes)
    L\U :            2.87 |  Total :     5.02
** Total highmark (MB):
    Sum-of-all :    45.74 | Avg :    45.74  | Max :    45.74
**************************************************

** Memory Usage **********************************
** NUMfact space (MB): (sum-of-all-processes)
    L\U :            2.87 |  Total :     5.02
** Total highmark (MB):
    Sum-of-all :    45.74 | Avg :    45.74  | Max :    45.74
**************************************************
