Options used:
   --mesh ../../mfem/data/inline-quad.mesh
   --bc-file /home/gz6/mfem-analysis/input-files/transport2d_bcs.inp
   --ic-file /home/gz6/mfem-analysis/input-files/transport2d_ics.inp
   --ec-file /home/gz6/mfem-analysis/input-files/transport2d_ecs.inp
   --es-file /home/gz6/mfem-analysis/input-files/transport2d_ess.inp
   --eqdsk-file 
   --logging 1
   --operator-test 8
   --equation-weights '1 1 1 1 1'
   --problem 0
   --refine-serial 4
   --refine-parallel 0
   --disable-amr
   --max-err -1
   --hysteresis 0.25
   --nc-limit 3
   --amr-weights '1 1 1 1 1'
   --order 2
   --dg-sigma -1
   --dg-kappa 200
   --linear-abs-tolerance 1e-06
   --linear-rel-tolerance 1e-06
   --linear-max-iterations 300
   --linear-logging-level 3
   --newton-abs-tolerance 1e-10
   --newton-rel-tolerance 1e-10
   --newton-max-iterations 1
   --newton-logging-level 1
   --steady-state-abs-tolerance 1e-08
   --steady-state-rel-tolerance 1e-08
   --prec-type 1
   --prec-logging-level 0
   --initial-tolerance 1e-05
   --ode-tolerance 0.001
   --ode-solver 2
   --err-per-step
   --ode-weights '1 1 1 1 1'
   --kP 0
   --kI 0.6
   --kD 0
   --dead-zone-min 0.95
   --dead-zone-max 1.05
   --theta-max 2
   --t-minimum 0
   --t-final 200
   --time-step 0.01
   --cfl-number 0.3
   --ion-charge 1
   --ion-mass 2.01410178
   --neutral-mass 2.01410178
   --neutral-temp 3
   --min-neutral-density 900000000000000
   --max-neutral-density 1000000000000000
   --neutral-density-exp 0
   --min-ion-density 1e+16
   --max-ion-density 1e+18
   --ion-density-exp 0
   --min-ion-temp 1
   --max-ion-temp 10
   --ion-temp-exp 0
   --min-electron-temp 10
   --max-electron-temp 440
   --electron-temp-exp 0
   --total-B-magnitude 5
   --poloidal-B-magnitude 0.5
   --velocity 1000
   --Di-perp 1
   --Xi-perp 1
   --Xe-perp 1
   --equation-term-flags '-1 -1 -1 -1 -1'
   --visualization-flags '-1 -1 -1 -1 -1'
   --visualization
   --visit-datafiles
   --ascii-datafiles
   --no-check-gradient
   --visualization-steps 4
Device configuration: cpu
Memory configuration: host-std
Number of elements in initial mesh: 16
Number of elements after serial refinement: 4096
5: Number of elements in parallel mesh: 256
5: Number of elements after parallel refinement: 256
6: Number of elements in parallel mesh: 256
6: Number of elements after parallel refinement: 256
1: Number of elements in parallel mesh: 256
1: Number of elements after parallel refinement: 256
0: Number of elements in parallel mesh: 256
0: Number of elements after parallel refinement: 256
14: Number of elements in parallel mesh: 256
14: Number of elements after parallel refinement: 256
15: Number of elements in parallel mesh: 256
15: Number of elements after parallel refinement: 256
3: Number of elements in parallel mesh: 256
3: Number of elements after parallel refinement: 256
4: Number of elements in parallel mesh: 256
4: Number of elements after parallel refinement: 256
7: Number of elements in parallel mesh: 256
7: Number of elements after parallel refinement: 256
13: Number of elements in parallel mesh: 256
13: Number of elements after parallel refinement: 256
2: Number of elements in parallel mesh: 256
2: Number of elements after parallel refinement: 256
8: Number of elements in parallel mesh: 256
8: Number of elements after parallel refinement: 256
10: Number of elements in parallel mesh: 256
10: Number of elements after parallel refinement: 256
12: Number of elements in parallel mesh: 256
12: Number of elements after parallel refinement: 256
9: Number of elements in parallel mesh: 256
9: Number of elements after parallel refinement: 256
11: Number of elements in parallel mesh: 256
11: Number of elements after parallel refinement: 256
Configuring initial conditions
Reading initial conditions from /home/gz6/mfem-analysis/input-files/transport2d_ics.inp
Configuring exact solutions
Reading exact solutions from /home/gz6/mfem-analysis/input-files/transport2d_ess.inp
Number of unknowns per field: 36864
Total number of unknowns:     184320
Configuring boundary conditions
Reading boundary conditions from /home/gz6/mfem-analysis/input-files/transport2d_bcs.inp
Configuring equation coefficients
Reading equation coefficients from /home/gz6/mfem-analysis/input-files/transport2d_ecs.inp
Ion Static Pressure: Adding time derivative term proportional to d n_i / dt
Ion Static Pressure: Adding time derivative term proportional to d T_i / dt
Ion Static Pressure: Adding anisotropic diffusion term
Ion Static Pressure: Adding source term
Opening GLVis sockets.
Range of error estimates for initial condition: 3.726127237699916e-18 < elem err < 5.293380448358409e-18

Begin time stepping at t = 0
Setting time step: 0.0025 in DGTransportTDO
Setting time step: 0.0025 in CombinedOp
Setting time step: 0.0025 in IonStaticPressureOp
norm(r_0) 0
norm(r_1) 0
norm(r_2) 0
norm(r_3) 0.05425997789950748
norm(r_4) 0
Newton iteration  0 : ||r|| = 0.05426
   Pass :  1   Iteration :   0  ||B r|| = 37.2799 ...
   Pass :  6   Iteration : 300  ||B r|| = 0.00193615
GMRES: No convergence!
norm(r_0) 0
norm(r_1) 0
norm(r_2) 0
norm(r_3) 0.109750707615141
norm(r_4) 0
Newton iteration  1 : ||r|| = 0.109751, ||r||/||r_0|| = 2.02268
Setting time step: 0.0025 in DGTransportTDO
Setting time step: 0.0025 in CombinedOp
Setting time step: 0.0025 in IonStaticPressureOp
norm(r_0) 0
norm(r_1) 0
norm(r_2) 0
norm(r_3) 0.2252193083274596
norm(r_4) 0
Newton iteration  0 : ||r|| = 0.225219
   Pass :  1   Iteration :   0  ||B r|| = 34.8547 ...
   Pass :  6   Iteration : 300  ||B r|| = 0.00206153
GMRES: No convergence!
norm(r_0) 0
norm(r_1) 0
norm(r_2) 0
norm(r_3) 0.1320641492406383
norm(r_4) 0
Newton iteration  1 : ||r|| = 0.132064, ||r||/||r_0|| = 0.58638
Setting time step: 0.0025 in DGTransportTDO
Setting time step: 0.0025 in CombinedOp
Setting time step: 0.0025 in IonStaticPressureOp
norm(r_0) 0
norm(r_1) 0
norm(r_2) 0
norm(r_3) 0.1741710512784501
norm(r_4) 0
Newton iteration  0 : ||r|| = 0.174171
   Pass :  1   Iteration :   0  ||B r|| = 35.8161 ...
   Pass :  6   Iteration : 300  ||B r|| = 0.00201139
GMRES: No convergence!
norm(r_0) 0
norm(r_1) 0
norm(r_2) 0
norm(r_3) 0.124529853474563
norm(r_4) 0
Newton iteration  1 : ||r|| = 0.12453, ||r||/||r_0|| = 0.714986
Setting time step: 0.0025 in DGTransportTDO
Setting time step: 0.0025 in CombinedOp
Setting time step: 0.0025 in IonStaticPressureOp
norm(r_0) 0
norm(r_1) 0
norm(r_2) 0
norm(r_3) 0.1451853660638491
norm(r_4) 0
Newton iteration  0 : ||r|| = 0.145185
   Pass :  1   Iteration :   0  ||B r|| = 36.0602 ...
   Pass :  6   Iteration : 300  ||B r|| = 0.0020048
GMRES: No convergence!
norm(r_0) 0
norm(r_1) 0
norm(r_2) 0
norm(r_3) 0.1201476485953991
norm(r_4) 0
Newton iteration  1 : ||r|| = 0.120148, ||r||/||r_0|| = 0.827547
Setting time step: 0.0025 in DGTransportTDO
Setting time step: 0.0025 in CombinedOp
Setting time step: 0.0025 in IonStaticPressureOp
norm(r_0) 0
norm(r_1) 0
norm(r_2) 0
norm(r_3) 0.4802111281298916
norm(r_4) 0
Newton iteration  0 : ||r|| = 0.480211
   Pass :  1   Iteration :   0  ||B r|| = 33.6977 ...
   Pass :  6   Iteration : 300  ||B r|| = 0.00199369
GMRES: No convergence!
norm(r_0) 0
norm(r_1) 0
norm(r_2) 0
norm(r_3) 0.1287610454395792
norm(r_4) 0
Newton iteration  1 : ||r|| = 0.128761, ||r||/||r_0|| = 0.268134
Setting time step: 0.003823468786078599 in DGTransportTDO
Setting time step: 0.003823468786078599 in CombinedOp
Setting time step: 0.003823468786078599 in IonStaticPressureOp
norm(r_0) 0
norm(r_1) 0
norm(r_2) 0
norm(r_3) 0.1372291060149239
norm(r_4) 0
Newton iteration  0 : ||r|| = 0.137229
   Pass :  1   Iteration :   0  ||B r|| = 21.4048 ...
   Pass :  6   Iteration : 300  ||B r|| = 0.00197921
GMRES: No convergence!
norm(r_0) 0
norm(r_1) 0
norm(r_2) 0
norm(r_3) 0.195828853087027
norm(r_4) 0
Newton iteration  1 : ||r|| = 0.195829, ||r||/||r_0|| = 1.42702
Setting time step: 0.003823468786078599 in DGTransportTDO
Setting time step: 0.003823468786078599 in CombinedOp
Setting time step: 0.003823468786078599 in IonStaticPressureOp
norm(r_0) 0
norm(r_1) 0
norm(r_2) 0
norm(r_3) 0.3379569401248738
norm(r_4) 0
Newton iteration  0 : ||r|| = 0.337957
   Pass :  1   Iteration :   0  ||B r|| = 19.3072 ...
   Pass :  6   Iteration : 300  ||B r|| = 0.00187832
GMRES: No convergence!
norm(r_0) 0
norm(r_1) 0
norm(r_2) 0
norm(r_3) 0.1966849769859851
norm(r_4) 0
Newton iteration  1 : ||r|| = 0.196685, ||r||/||r_0|| = 0.581982
Setting time step: 0.003823468786078599 in DGTransportTDO
Setting time step: 0.003823468786078599 in CombinedOp
Setting time step: 0.003823468786078599 in IonStaticPressureOp
norm(r_0) 0
norm(r_1) 0
norm(r_2) 0
norm(r_3) 0.2742786072248936
norm(r_4) 0
Newton iteration  0 : ||r|| = 0.274279
   Pass :  1   Iteration :   0  ||B r|| = 20.1321 ...
   Pass :  6   Iteration : 300  ||B r|| = 0.00192183
GMRES: No convergence!
norm(r_0) 0
norm(r_1) 0
norm(r_2) 0
norm(r_3) 0.1936005475944067
norm(r_4) 0
Newton iteration  1 : ||r|| = 0.193601, ||r||/||r_0|| = 0.705854
Setting time step: 0.003823468786078599 in DGTransportTDO
Setting time step: 0.003823468786078599 in CombinedOp
Setting time step: 0.003823468786078599 in IonStaticPressureOp
norm(r_0) 0
norm(r_1) 0
norm(r_2) 0
norm(r_3) 0.2332080264027054
norm(r_4) 0
Newton iteration  0 : ||r|| = 0.233208
   Pass :  1   Iteration :   0  ||B r|| = 20.3436 ...
   Pass :  6   Iteration : 300  ||B r|| = 0.00191968
GMRES: No convergence!
norm(r_0) 0
norm(r_1) 0
norm(r_2) 0
norm(r_3) 0.1938662931467819
norm(r_4) 0
Newton iteration  1 : ||r|| = 0.193866, ||r||/||r_0|| = 0.831302
Setting time step: 0.003823468786078599 in DGTransportTDO
Setting time step: 0.003823468786078599 in CombinedOp
Setting time step: 0.003823468786078599 in IonStaticPressureOp
norm(r_0) 0
norm(r_1) 0
norm(r_2) 0
norm(r_3) 1.316212088872141
norm(r_4) 0
Newton iteration  0 : ||r|| = 1.31621
   Pass :  1   Iteration :   0  ||B r|| = 18.2602 ...
   Pass :  6   Iteration : 300  ||B r|| = 0.00193411
GMRES: No convergence!
norm(r_0) 0
norm(r_1) 0
norm(r_2) 0
norm(r_3) 0.1946537563802496
norm(r_4) 0
Newton iteration  1 : ||r|| = 0.194654, ||r||/||r_0|| = 0.147889
Setting time step: 0.006225458641875811 in DGTransportTDO
Setting time step: 0.006225458641875811 in CombinedOp
Setting time step: 0.006225458641875811 in IonStaticPressureOp
norm(r_0) 0
norm(r_1) 0
norm(r_2) 0
norm(r_3) 0.198503542779124
norm(r_4) 0
Newton iteration  0 : ||r|| = 0.198504
   Pass :  1   Iteration :   0  ||B r|| = 10.7245 ...
   Pass :  6   Iteration : 300  ||B r|| = 0.00248691
GMRES: No convergence!
norm(r_0) 0
norm(r_1) 0
norm(r_2) 0
norm(r_3) 0.4818146416728145
norm(r_4) 0
Newton iteration  1 : ||r|| = 0.481815, ||r||/||r_0|| = 2.42723
Setting time step: 0.006225458641875811 in DGTransportTDO
Setting time step: 0.006225458641875811 in CombinedOp
Setting time step: 0.006225458641875811 in IonStaticPressureOp
norm(r_0) 0
norm(r_1) 0
norm(r_2) 0
norm(r_3) 0.94107407144723
norm(r_4) 0
Newton iteration  0 : ||r|| = 0.941074
   Pass :  1   Iteration :   0  ||B r|| = 9.13041 ...
   Pass :  6   Iteration : 300  ||B r|| = 0.00226524
GMRES: No convergence!
norm(r_0) 0
norm(r_1) 0
norm(r_2) 0
norm(r_3) 0.3833488307808444
norm(r_4) 0
Newton iteration  1 : ||r|| = 0.383349, ||r||/||r_0|| = 0.407352
Setting time step: 0.006225458641875811 in DGTransportTDO
Setting time step: 0.006225458641875811 in CombinedOp
Setting time step: 0.006225458641875811 in IonStaticPressureOp
norm(r_0) 0
norm(r_1) 0
norm(r_2) 0
norm(r_3) 0.7531271647310422
norm(r_4) 0
Newton iteration  0 : ||r|| = 0.753127
   Pass :  1   Iteration :   0  ||B r|| = 9.77528 ...
   Pass :  6   Iteration : 300  ||B r|| = 0.00237551
GMRES: No convergence!
norm(r_0) 0
norm(r_1) 0
norm(r_2) 0
norm(r_3) 0.4244046270284622
norm(r_4) 0
Newton iteration  1 : ||r|| = 0.424405, ||r||/||r_0|| = 0.563523
Setting time step: 0.006225458641875811 in DGTransportTDO
Setting time step: 0.006225458641875811 in CombinedOp
Setting time step: 0.006225458641875811 in IonStaticPressureOp
norm(r_0) 0
norm(r_1) 0
norm(r_2) 0
norm(r_3) 0.6108901021839943
norm(r_4) 0
Newton iteration  0 : ||r|| = 0.61089
   Pass :  1   Iteration :   0  ||B r|| = 9.92894 ...
   Pass :  6   Iteration : 300  ||B r|| = 0.00240936
GMRES: No convergence!
norm(r_0) 0
norm(r_1) 0
norm(r_2) 0
norm(r_3) 0.4240801740039071
norm(r_4) 0
Newton iteration  1 : ||r|| = 0.42408, ||r||/||r_0|| = 0.6942
Setting time step: 0.006225458641875811 in DGTransportTDO
Setting time step: 0.006225458641875811 in CombinedOp
Setting time step: 0.006225458641875811 in IonStaticPressureOp
norm(r_0) 0
norm(r_1) 0
norm(r_2) 0
norm(r_3) 4.128706546543772
norm(r_4) 0
Newton iteration  0 : ||r|| = 4.12871
   Pass :  1   Iteration :   0  ||B r|| = 7.81877 ...
   Pass :  6   Iteration : 300  ||B r|| = 0.00244033
GMRES: No convergence!
norm(r_0) 0
norm(r_1) 0
norm(r_2) 0
norm(r_3) 0.480466004269799
norm(r_4) 0
Newton iteration  1 : ||r|| = 0.480466, ||r||/||r_0|| = 0.116372
Setting time step: 0.004383182046057246 in DGTransportTDO
Setting time step: 0.004383182046057246 in CombinedOp
Setting time step: 0.004383182046057246 in IonStaticPressureOp
norm(r_0) 0
norm(r_1) 0
norm(r_2) 0
norm(r_3) 0.198503542779124
norm(r_4) 0
Newton iteration  0 : ||r|| = 0.198504
   Pass :  1   Iteration :   0  ||B r|| = 15.3355 ...
   Pass :  6   Iteration : 300  ||B r|| = 0.0017896
GMRES: No convergence!
norm(r_0) 0
norm(r_1) 0
norm(r_2) 0
norm(r_3) 0.1893600147031637
norm(r_4) 0
Newton iteration  1 : ||r|| = 0.18936, ||r||/||r_0|| = 0.953938
Setting time step: 0.004383182046057246 in DGTransportTDO
Setting time step: 0.004383182046057246 in CombinedOp
Setting time step: 0.004383182046057246 in IonStaticPressureOp
norm(r_0) 0
norm(r_1) 0
norm(r_2) 0
norm(r_3) 0.2770568632146571
norm(r_4) 0
Newton iteration  0 : ||r|| = 0.277057
   Pass :  1   Iteration :   0  ||B r|| = 13.7701 ...
   Pass :  6   Iteration : 300  ||B r|| = 0.00162784
GMRES: No convergence!
norm(r_0) 0
norm(r_1) 0
norm(r_2) 0
norm(r_3) 0.2223413826278408
norm(r_4) 0
Newton iteration  1 : ||r|| = 0.222341, ||r||/||r_0|| = 0.802512
Setting time step: 0.004383182046057246 in DGTransportTDO
Setting time step: 0.004383182046057246 in CombinedOp
Setting time step: 0.004383182046057246 in IonStaticPressureOp
norm(r_0) 0
norm(r_1) 0
norm(r_2) 0
norm(r_3) 0.231292427629804
norm(r_4) 0
Newton iteration  0 : ||r|| = 0.231292
   Pass :  1   Iteration :   0  ||B r|| = 14.4028 ...
   Pass :  6   Iteration : 300  ||B r|| = 0.00170344
GMRES: No convergence!
norm(r_0) 0
norm(r_1) 0
norm(r_2) 0
norm(r_3) 0.2098639048797584
norm(r_4) 0
Newton iteration  1 : ||r|| = 0.209864, ||r||/||r_0|| = 0.907353
Setting time step: 0.004383182046057246 in DGTransportTDO
Setting time step: 0.004383182046057246 in CombinedOp
Setting time step: 0.004383182046057246 in IonStaticPressureOp
norm(r_0) 0
norm(r_1) 0
norm(r_2) 0
norm(r_3) 0.2086540596640802
norm(r_4) 0
Newton iteration  0 : ||r|| = 0.208654
   Pass :  1   Iteration :   0  ||B r|| = 14.556 ...
   Pass :  6   Iteration : 300  ||B r|| = 0.0017225
GMRES: No convergence!
norm(r_0) 0
norm(r_1) 0
norm(r_2) 0
norm(r_3) 0.2016110561721192
norm(r_4) 0
Newton iteration  1 : ||r|| = 0.201611, ||r||/||r_0|| = 0.966246
Setting time step: 0.004383182046057246 in DGTransportTDO
Setting time step: 0.004383182046057246 in CombinedOp
Setting time step: 0.004383182046057246 in IonStaticPressureOp
norm(r_0) 0
norm(r_1) 0
norm(r_2) 0
norm(r_3) 0.9062006636652986
norm(r_4) 0
Newton iteration  0 : ||r|| = 0.906201
   Pass :  1   Iteration :   0  ||B r|| = 12.7527 ...
   Pass :  6   Iteration : 300  ||B r|| = 0.00153735
GMRES: No convergence!
norm(r_0) 0
norm(r_1) 0
norm(r_2) 0
norm(r_3) 0.2061224885621161
norm(r_4) 0
Newton iteration  1 : ||r|| = 0.206122, ||r||/||r_0|| = 0.227458
Setting time step: 0.006378262258857844 in DGTransportTDO
Setting time step: 0.006378262258857844 in CombinedOp
Setting time step: 0.006378262258857844 in IonStaticPressureOp
norm(r_0) 0
norm(r_1) 0
norm(r_2) 0
norm(r_3) 0.2084479064123544
norm(r_4) 0
Newton iteration  0 : ||r|| = 0.208448
   Pass :  1   Iteration :   0  ||B r|| = 8.32183 ...
   Pass :  6   Iteration : 300  ||B r|| = 0.00199104
GMRES: No convergence!
norm(r_0) 0
norm(r_1) 0
norm(r_2) 0
norm(r_3) 0.4046981198905804
norm(r_4) 0
Newton iteration  1 : ||r|| = 0.404698, ||r||/||r_0|| = 1.94148
Setting time step: 0.006378262258857844 in DGTransportTDO
Setting time step: 0.006378262258857844 in CombinedOp
Setting time step: 0.006378262258857844 in IonStaticPressureOp
norm(r_0) 0
norm(r_1) 0
norm(r_2) 0
norm(r_3) 0.7553674073678162
norm(r_4) 0
Newton iteration  0 : ||r|| = 0.755367
   Pass :  1   Iteration :   0  ||B r|| = 7.11283 ...
   Pass :  6   Iteration : 300  ||B r|| = 0.00164415
GMRES: No convergence!
norm(r_0) 0
norm(r_1) 0
norm(r_2) 0
norm(r_3) 0.3584434358634687
norm(r_4) 0
Newton iteration  1 : ||r|| = 0.358443, ||r||/||r_0|| = 0.474529
Setting time step: 0.006378262258857844 in DGTransportTDO
Setting time step: 0.006378262258857844 in CombinedOp
Setting time step: 0.006378262258857844 in IonStaticPressureOp
norm(r_0) 0
norm(r_1) 0
norm(r_2) 0
norm(r_3) 0.6256258306630286
norm(r_4) 0
Newton iteration  0 : ||r|| = 0.625626
   Pass :  1   Iteration :   0  ||B r|| = 7.6113 ...
   Pass :  6   Iteration : 300  ||B r|| = 0.0017056
GMRES: No convergence!
norm(r_0) 0
norm(r_1) 0
norm(r_2) 0
norm(r_3) 0.3839332076016311
norm(r_4) 0
Newton iteration  1 : ||r|| = 0.383933, ||r||/||r_0|| = 0.613679
Setting time step: 0.006378262258857844 in DGTransportTDO
Setting time step: 0.006378262258857844 in CombinedOp
Setting time step: 0.006378262258857844 in IonStaticPressureOp
norm(r_0) 0
norm(r_1) 0
norm(r_2) 0
norm(r_3) 0.5112087010231697
norm(r_4) 0
Newton iteration  0 : ||r|| = 0.511209
   Pass :  1   Iteration :   0  ||B r|| = 7.72613 ...
   Pass :  6   Iteration : 300  ||B r|| = 0.0017477
GMRES: No convergence!
norm(r_0) 0
norm(r_1) 0
norm(r_2) 0
norm(r_3) 0.4084091404330751
norm(r_4) 0
Newton iteration  1 : ||r|| = 0.408409, ||r||/||r_0|| = 0.798909
Setting time step: 0.006378262258857844 in DGTransportTDO
Setting time step: 0.006378262258857844 in CombinedOp
Setting time step: 0.006378262258857844 in IonStaticPressureOp
norm(r_0) 0
norm(r_1) 0
norm(r_2) 0
norm(r_3) 3.723978547396637
norm(r_4) 0
Newton iteration  0 : ||r|| = 3.72398
   Pass :  1   Iteration :   0  ||B r|| = 5.97136 ...
   Pass :  6   Iteration : 300  ||B r|| = 0.00162913
GMRES: No convergence!
norm(r_0) 0
norm(r_1) 0
norm(r_2) 0
norm(r_3) 0.3512954964763055
norm(r_4) 0
Newton iteration  1 : ||r|| = 0.351295, ||r||/||r_0|| = 0.0943334
Setting time step: 0.004408120731722883 in DGTransportTDO
Setting time step: 0.004408120731722883 in CombinedOp
Setting time step: 0.004408120731722883 in IonStaticPressureOp
norm(r_0) 0
norm(r_1) 0
norm(r_2) 0
norm(r_3) 0.2084479064123544
norm(r_4) 0
Newton iteration  0 : ||r|| = 0.208448
   Pass :  1   Iteration :   0  ||B r|| = 12.0206 ...
   Pass :  6   Iteration : 300  ||B r|| = 0.00148637
GMRES: No convergence!
norm(r_0) 0
norm(r_1) 0
norm(r_2) 0
norm(r_3) 0.180639278941082
norm(r_4) 0
Newton iteration  1 : ||r|| = 0.180639, ||r||/||r_0|| = 0.866592
Setting time step: 0.004408120731722883 in DGTransportTDO
Setting time step: 0.004408120731722883 in CombinedOp
Setting time step: 0.004408120731722883 in IonStaticPressureOp
norm(r_0) 0
norm(r_1) 0
norm(r_2) 0
norm(r_3) 0.2634301863846268
norm(r_4) 0
Newton iteration  0 : ||r|| = 0.26343
   Pass :  1   Iteration :   0  ||B r|| = 10.7827 ...
   Pass :  6   Iteration : 300  ||B r|| = 0.00138132
GMRES: No convergence!
norm(r_0) 0
norm(r_1) 0
norm(r_2) 0
norm(r_3) 0.1464434463474593
norm(r_4) 0
Newton iteration  1 : ||r|| = 0.146443, ||r||/||r_0|| = 0.55591
Setting time step: 0.004408120731722883 in DGTransportTDO
Setting time step: 0.004408120731722883 in CombinedOp
Setting time step: 0.004408120731722883 in IonStaticPressureOp
norm(r_0) 0
norm(r_1) 0
norm(r_2) 0
norm(r_3) 0.2263429331520142
norm(r_4) 0
Newton iteration  0 : ||r|| = 0.226343
   Pass :  1   Iteration :   0  ||B r|| = 11.2801 ...
   Pass :  6   Iteration : 300  ||B r|| = 0.00142653
GMRES: No convergence!
norm(r_0) 0
norm(r_1) 0
norm(r_2) 0
norm(r_3) 0.1524961798923354
norm(r_4) 0
Newton iteration  1 : ||r|| = 0.152496, ||r||/||r_0|| = 0.67374
Setting time step: 0.004408120731722883 in DGTransportTDO
Setting time step: 0.004408120731722883 in CombinedOp
Setting time step: 0.004408120731722883 in IonStaticPressureOp
norm(r_0) 0
norm(r_1) 0
norm(r_2) 0
norm(r_3) 0.2005328272217945
norm(r_4) 0
Newton iteration  0 : ||r|| = 0.200533
   Pass :  1   Iteration :   0  ||B r|| = 11.4019 ...
   Pass :  6   Iteration : 300  ||B r|| = 0.00143589
GMRES: No convergence!
norm(r_0) 0
norm(r_1) 0
norm(r_2) 0
norm(r_3) 0.1555099246305934
norm(r_4) 0
Newton iteration  1 : ||r|| = 0.15551, ||r||/||r_0|| = 0.775484
Setting time step: 0.004408120731722883 in DGTransportTDO
Setting time step: 0.004408120731722883 in CombinedOp
Setting time step: 0.004408120731722883 in IonStaticPressureOp
norm(r_0) 0
norm(r_1) 0
norm(r_2) 0
norm(r_3) 0.8498433449733883
norm(r_4) 0
Newton iteration  0 : ||r|| = 0.849843
   Pass :  1   Iteration :   0  ||B r|| = 9.99606 ...
   Pass :  6   Iteration : 300  ||B r|| = 0.00127948
GMRES: No convergence!
norm(r_0) 0
norm(r_1) 0
norm(r_2) 0
norm(r_3) 0.1544747486701427
norm(r_4) 0
Newton iteration  1 : ||r|| = 0.154475, ||r||/||r_0|| = 0.181768
Time stepping paused at t = 0.06045908625543491

Estimating errors.
Setting time step: 0.007574610416707051 in DGTransportTDO
Setting time step: 0.007574610416707051 in CombinedOp
Setting time step: 0.007574610416707051 in IonStaticPressureOp
norm(r_0) 0
norm(r_1) 0
norm(r_2) 0
norm(r_3) 0.1564446141181952
norm(r_4) 0
Newton iteration  0 : ||r|| = 0.156445
   Pass :  1   Iteration :   0  ||B r|| = 5.55029 ...
   Pass :  6   Iteration : 300  ||B r|| = 0.00183572
GMRES: No convergence!
norm(r_0) 0
norm(r_1) 0
norm(r_2) 0
norm(r_3) 0.4275197616571563
norm(r_4) 0
Newton iteration  1 : ||r|| = 0.42752, ||r||/||r_0|| = 2.73272
Setting time step: 0.007574610416707051 in DGTransportTDO
Setting time step: 0.007574610416707051 in CombinedOp
Setting time step: 0.007574610416707051 in IonStaticPressureOp
norm(r_0) 0
norm(r_1) 0
norm(r_2) 0
norm(r_3) 0.7783987962134151
norm(r_4) 0
Newton iteration  0 : ||r|| = 0.778399
   Pass :  1   Iteration :   0  ||B r|| = 4.46955 ...
   Pass :  6   Iteration : 300  ||B r|| = 0.00160223
GMRES: No convergence!
norm(r_0) 0
norm(r_1) 0
norm(r_2) 0
norm(r_3) 0.2937215850946949
norm(r_4) 0
Newton iteration  1 : ||r|| = 0.293722, ||r||/||r_0|| = 0.377341
Setting time step: 0.007574610416707051 in DGTransportTDO
Setting time step: 0.007574610416707051 in CombinedOp
Setting time step: 0.007574610416707051 in IonStaticPressureOp
norm(r_0) 0
norm(r_1) 0
norm(r_2) 0
norm(r_3) 0.6501132684051135
norm(r_4) 0
Newton iteration  0 : ||r|| = 0.650113
   Pass :  1   Iteration :   0  ||B r|| = 4.88915 ...
   Pass :  6   Iteration : 300  ||B r|| = 0.00170066
GMRES: No convergence!
norm(r_0) 0
norm(r_1) 0
norm(r_2) 0
norm(r_3) 0.3193300777081816
norm(r_4) 0
Newton iteration  1 : ||r|| = 0.31933, ||r||/||r_0|| = 0.491191
Setting time step: 0.007574610416707051 in DGTransportTDO
Setting time step: 0.007574610416707051 in CombinedOp
Setting time step: 0.007574610416707051 in IonStaticPressureOp
norm(r_0) 0
norm(r_1) 0
norm(r_2) 0
norm(r_3) 0.5318137849408782
norm(r_4) 0
Newton iteration  0 : ||r|| = 0.531814
   Pass :  1   Iteration :   0  ||B r|| = 4.99694 ...
   Pass :  6   Iteration : 300  ||B r|| = 0.00178009
GMRES: No convergence!
norm(r_0) 0
norm(r_1) 0
norm(r_2) 0
norm(r_3) 0.3264328722548175
norm(r_4) 0
Newton iteration  1 : ||r|| = 0.326433, ||r||/||r_0|| = 0.61381
Setting time step: 0.007574610416707051 in DGTransportTDO
Setting time step: 0.007574610416707051 in CombinedOp
Setting time step: 0.007574610416707051 in IonStaticPressureOp
norm(r_0) 0
norm(r_1) 0
norm(r_2) 0
norm(r_3) 5.861323964234997
norm(r_4) 0
Newton iteration  0 : ||r|| = 5.86132
   Pass :  1   Iteration :   0  ||B r|| = 3.9189 ...
   Pass :  6   Iteration : 300  ||B r|| = 0.00138734
GMRES: No convergence!
norm(r_0) 0
norm(r_1) 0
norm(r_2) 0
norm(r_3) 0.4908649368275048
norm(r_4) 0
Newton iteration  1 : ||r|| = 0.490865, ||r||/||r_0|| = 0.0837464
Setting time step: 0.004791819740670799 in DGTransportTDO
Setting time step: 0.004791819740670799 in CombinedOp
Setting time step: 0.004791819740670799 in IonStaticPressureOp
norm(r_0) 0
norm(r_1) 0
norm(r_2) 0
norm(r_3) 0.1564446141181952
norm(r_4) 0
Newton iteration  0 : ||r|| = 0.156445
   Pass :  1   Iteration :   0  ||B r|| = 8.83668 ...
   Pass :  6   Iteration : 300  ||B r|| = 0.00111767
GMRES: No convergence!
norm(r_0) 0
norm(r_1) 0
norm(r_2) 0
norm(r_3) 0.1588540443059025
norm(r_4) 0
Newton iteration  1 : ||r|| = 0.158854, ||r||/||r_0|| = 1.0154
Setting time step: 0.004791819740670799 in DGTransportTDO
Setting time step: 0.004791819740670799 in CombinedOp
Setting time step: 0.004791819740670799 in IonStaticPressureOp
norm(r_0) 0
norm(r_1) 0
norm(r_2) 0
norm(r_3) 0.2292901574448842
norm(r_4) 0
Newton iteration  0 : ||r|| = 0.22929
   Pass :  1   Iteration :   0  ||B r|| = 7.84567 ...
   Pass :  6   Iteration : 300  ||B r|| = 0.00103431
GMRES: No convergence!
norm(r_0) 0
norm(r_1) 0
norm(r_2) 0
norm(r_3) 0.1369469637527095
norm(r_4) 0
Newton iteration  1 : ||r|| = 0.136947, ||r||/||r_0|| = 0.597265
Setting time step: 0.004791819740670799 in DGTransportTDO
Setting time step: 0.004791819740670799 in CombinedOp
Setting time step: 0.004791819740670799 in IonStaticPressureOp
norm(r_0) 0
norm(r_1) 0
norm(r_2) 0
norm(r_3) 0.1994632183831481
norm(r_4) 0
Newton iteration  0 : ||r|| = 0.199463
   Pass :  1   Iteration :   0  ||B r|| = 8.24064 ...
   Pass :  6   Iteration : 300  ||B r|| = 0.00107852
GMRES: No convergence!
norm(r_0) 0
norm(r_1) 0
norm(r_2) 0
norm(r_3) 0.14448322773874
norm(r_4) 0
Newton iteration  1 : ||r|| = 0.144483, ||r||/||r_0|| = 0.72436
Setting time step: 0.004791819740670799 in DGTransportTDO
Setting time step: 0.004791819740670799 in CombinedOp
Setting time step: 0.004791819740670799 in IonStaticPressureOp
norm(r_0) 0
norm(r_1) 0
norm(r_2) 0
norm(r_3) 0.1771568432347863
norm(r_4) 0
Newton iteration  0 : ||r|| = 0.177157
   Pass :  1   Iteration :   0  ||B r|| = 8.33902 ...
   Pass :  6   Iteration : 300  ||B r|| = 0.00108528
GMRES: No convergence!
norm(r_0) 0
norm(r_1) 0
norm(r_2) 0
norm(r_3) 0.1462490314179613
norm(r_4) 0
Newton iteration  1 : ||r|| = 0.146249, ||r||/||r_0|| = 0.825534
Setting time step: 0.004791819740670799 in DGTransportTDO
Setting time step: 0.004791819740670799 in CombinedOp
Setting time step: 0.004791819740670799 in IonStaticPressureOp
norm(r_0) 0
norm(r_1) 0
norm(r_2) 0
norm(r_3) 0.6398577435217448
norm(r_4) 0
Newton iteration  0 : ||r|| = 0.639858
   Pass :  1   Iteration :   0  ||B r|| = 7.26384 ...
   Pass :  6   Iteration : 300  ||B r|| = 0.000933867
GMRES: No convergence!
norm(r_0) 0
norm(r_1) 0
norm(r_2) 0
norm(r_3) 0.1083946028159799
norm(r_4) 0
Newton iteration  1 : ||r|| = 0.108395, ||r||/||r_0|| = 0.169404
Setting time step: 0.009583639481341598 in DGTransportTDO
Setting time step: 0.009583639481341598 in CombinedOp
Setting time step: 0.009583639481341598 in IonStaticPressureOp
norm(r_0) 0
norm(r_1) 0
norm(r_2) 0
norm(r_3) 0.110099045267483
norm(r_4) 0
Newton iteration  0 : ||r|| = 0.110099
   Pass :  1   Iteration :   0  ||B r|| = 3.47732 ...
   Pass :  6   Iteration : 300  ||B r|| = 0.00141178
GMRES: No convergence!
norm(r_0) 0
norm(r_1) 0
norm(r_2) 0
norm(r_3) 0.4269925520639284
norm(r_4) 0
Newton iteration  1 : ||r|| = 0.426993, ||r||/||r_0|| = 3.87826
Setting time step: 0.009583639481341598 in DGTransportTDO
Setting time step: 0.009583639481341598 in CombinedOp
Setting time step: 0.009583639481341598 in IonStaticPressureOp
norm(r_0) 0
norm(r_1) 0
norm(r_2) 0
norm(r_3) 0.818154139554262
norm(r_4) 0
Newton iteration  0 : ||r|| = 0.818154
   Pass :  1   Iteration :   0  ||B r|| = 2.6284 ...
   Pass :  6   Iteration : 300  ||B r|| = 0.00149023
GMRES: No convergence!
norm(r_0) 0
norm(r_1) 0
norm(r_2) 0
norm(r_3) 0.3892448874416589
norm(r_4) 0
Newton iteration  1 : ||r|| = 0.389245, ||r||/||r_0|| = 0.47576
Setting time step: 0.009583639481341598 in DGTransportTDO
Setting time step: 0.009583639481341598 in CombinedOp
Setting time step: 0.009583639481341598 in IonStaticPressureOp
norm(r_0) 0
norm(r_1) 0
norm(r_2) 0
norm(r_3) 0.6630198907844274
norm(r_4) 0
Newton iteration  0 : ||r|| = 0.66302
   Pass :  1   Iteration :   0  ||B r|| = 2.95849 ...
   Pass :  6   Iteration : 300  ||B r|| = 0.00155565
GMRES: No convergence!
norm(r_0) 0
norm(r_1) 0
norm(r_2) 0
norm(r_3) 0.3776888988309042
norm(r_4) 0
Newton iteration  1 : ||r|| = 0.377689, ||r||/||r_0|| = 0.569649
Setting time step: 0.009583639481341598 in DGTransportTDO
Setting time step: 0.009583639481341598 in CombinedOp
Setting time step: 0.009583639481341598 in IonStaticPressureOp
norm(r_0) 0
norm(r_1) 0
norm(r_2) 0
norm(r_3) 0.5381756925657591
norm(r_4) 0
Newton iteration  0 : ||r|| = 0.538176
   Pass :  1   Iteration :   0  ||B r|| = 3.04216 ...
   Pass :  6   Iteration : 300  ||B r|| = 0.00149128
GMRES: No convergence!
norm(r_0) 0
norm(r_1) 0
norm(r_2) 0
norm(r_3) 0.4059868539454961
norm(r_4) 0
Newton iteration  1 : ||r|| = 0.405987, ||r||/||r_0|| = 0.754376
Setting time step: 0.009583639481341598 in DGTransportTDO
Setting time step: 0.009583639481341598 in CombinedOp
Setting time step: 0.009583639481341598 in IonStaticPressureOp
norm(r_0) 0
norm(r_1) 0
norm(r_2) 0
norm(r_3) 9.041126268526837
norm(r_4) 0
Newton iteration  0 : ||r|| = 9.04113
   Pass :  1   Iteration :   0  ||B r|| = 1.77201 ...
   Pass :  6   Iteration : 300  ||B r|| = 0.00151662
GMRES: No convergence!
norm(r_0) 0
norm(r_1) 0
norm(r_2) 0
norm(r_3) 0.5985685189775777
norm(r_4) 0
Newton iteration  1 : ||r|| = 0.598569, ||r||/||r_0|| = 0.0662051
Setting time step: 0.007025054704435376 in DGTransportTDO
Setting time step: 0.007025054704435376 in CombinedOp
Setting time step: 0.007025054704435376 in IonStaticPressureOp
norm(r_0) 0
norm(r_1) 0
norm(r_2) 0
norm(r_3) 0.110099045267483
norm(r_4) 0
Newton iteration  0 : ||r|| = 0.110099
   Pass :  1   Iteration :   0  ||B r|| = 4.72736 ...
   Pass :  6   Iteration : 300  ||B r|| = 0.00131488
GMRES: No convergence!
norm(r_0) 0
norm(r_1) 0
norm(r_2) 0
norm(r_3) 0.353431612026568
norm(r_4) 0
Newton iteration  1 : ||r|| = 0.353432, ||r||/||r_0|| = 3.21012
Setting time step: 0.007025054704435376 in DGTransportTDO
Setting time step: 0.007025054704435376 in CombinedOp
Setting time step: 0.007025054704435376 in IonStaticPressureOp
norm(r_0) 0
norm(r_1) 0
norm(r_2) 0
norm(r_3) 0.6758752033960066
norm(r_4) 0
Newton iteration  0 : ||r|| = 0.675875
   Pass :  1   Iteration :   0  ||B r|| = 3.93503 ...
   Pass :  6   Iteration : 300  ||B r|| = 0.0011509
GMRES: No convergence!
norm(r_0) 0
norm(r_1) 0
norm(r_2) 0
norm(r_3) 0.3263791979025458
norm(r_4) 0
Newton iteration  1 : ||r|| = 0.326379, ||r||/||r_0|| = 0.482899
Setting time step: 0.007025054704435376 in DGTransportTDO
Setting time step: 0.007025054704435376 in CombinedOp
Setting time step: 0.007025054704435376 in IonStaticPressureOp
norm(r_0) 0
norm(r_1) 0
norm(r_2) 0
norm(r_3) 0.5329429177419476
norm(r_4) 0
Newton iteration  0 : ||r|| = 0.532943
   Pass :  1   Iteration :   0  ||B r|| = 4.25017 ...
   Pass :  6   Iteration : 300  ||B r|| = 0.00125007
GMRES: No convergence!
norm(r_0) 0
norm(r_1) 0
norm(r_2) 0
norm(r_3) 0.3503584096112946
norm(r_4) 0
Newton iteration  1 : ||r|| = 0.350358, ||r||/||r_0|| = 0.657403
Setting time step: 0.007025054704435376 in DGTransportTDO
Setting time step: 0.007025054704435376 in CombinedOp
Setting time step: 0.007025054704435376 in IonStaticPressureOp
norm(r_0) 0
norm(r_1) 0
norm(r_2) 0
norm(r_3) 0.4382790674012495
norm(r_4) 0
Newton iteration  0 : ||r|| = 0.438279
   Pass :  1   Iteration :   0  ||B r|| = 4.32783 ...
   Pass :  6   Iteration : 300  ||B r|| = 0.00125695
GMRES: No convergence!
norm(r_0) 0
norm(r_1) 0
norm(r_2) 0
norm(r_3) 0.3515339866933662
norm(r_4) 0
Newton iteration  1 : ||r|| = 0.351534, ||r||/||r_0|| = 0.802078
Setting time step: 0.007025054704435376 in DGTransportTDO
Setting time step: 0.007025054704435376 in CombinedOp
Setting time step: 0.007025054704435376 in IonStaticPressureOp
norm(r_0) 0
norm(r_1) 0
norm(r_2) 0
norm(r_3) 2.761546839711717
norm(r_4) 0
Newton iteration  0 : ||r|| = 2.76155
   Pass :  1   Iteration :   0  ||B r|| = 3.33571 ...
   Pass :  6   Iteration : 300  ||B r|| = 0.00098674
GMRES: No convergence!
norm(r_0) 0
norm(r_1) 0
norm(r_2) 0
norm(r_3) 0.2881931684253998
norm(r_4) 0
Newton iteration  1 : ||r|| = 0.288193, ||r||/||r_0|| = 0.104359
Setting time step: 0.008386678749893916 in DGTransportTDO
Setting time step: 0.008386678749893916 in CombinedOp
Setting time step: 0.008386678749893916 in IonStaticPressureOp
norm(r_0) 0
norm(r_1) 0
norm(r_2) 0
norm(r_3) 0.2885056294732385
norm(r_4) 0
Newton iteration  0 : ||r|| = 0.288506
   Pass :  1   Iteration :   0  ||B r|| = 2.67848 ...
   Pass :  6   Iteration : 300  ||B r|| = 0.000952028
GMRES: No convergence!
norm(r_0) 0
norm(r_1) 0
norm(r_2) 0
norm(r_3) 0.2533841675425587
norm(r_4) 0
Newton iteration  1 : ||r|| = 0.253384, ||r||/||r_0|| = 0.878264
Setting time step: 0.008386678749893916 in DGTransportTDO
Setting time step: 0.008386678749893916 in CombinedOp
Setting time step: 0.008386678749893916 in IonStaticPressureOp
norm(r_0) 0
norm(r_1) 0
norm(r_2) 0
norm(r_3) 0.4647844230463092
norm(r_4) 0
Newton iteration  0 : ||r|| = 0.464784
   Pass :  1   Iteration :   0  ||B r|| = 2.18432 ...
   Pass :  6   Iteration : 300  ||B r|| = 0.000850662
GMRES: No convergence!
norm(r_0) 0
norm(r_1) 0
norm(r_2) 0
norm(r_3) 0.2540237546509452
norm(r_4) 0
Newton iteration  1 : ||r|| = 0.254024, ||r||/||r_0|| = 0.546541
Setting time step: 0.008386678749893916 in DGTransportTDO
Setting time step: 0.008386678749893916 in CombinedOp
Setting time step: 0.008386678749893916 in IonStaticPressureOp
norm(r_0) 0
norm(r_1) 0
norm(r_2) 0
norm(r_3) 0.3763629761876273
norm(r_4) 0
Newton iteration  0 : ||r|| = 0.376363
   Pass :  1   Iteration :   0  ||B r|| = 2.37942 ...
   Pass :  6   Iteration : 300  ||B r|| = 0.000948797
GMRES: No convergence!
norm(r_0) 0
norm(r_1) 0
norm(r_2) 0
norm(r_3) 0.2696596432528263
norm(r_4) 0
Newton iteration  1 : ||r|| = 0.26966, ||r||/||r_0|| = 0.716488
Setting time step: 0.008386678749893916 in DGTransportTDO
Setting time step: 0.008386678749893916 in CombinedOp
Setting time step: 0.008386678749893916 in IonStaticPressureOp
norm(r_0) 0
norm(r_1) 0
norm(r_2) 0
norm(r_3) 0.3046512857859812
norm(r_4) 0
Newton iteration  0 : ||r|| = 0.304651
   Pass :  1   Iteration :   0  ||B r|| = 2.42856 ...
   Pass :  6   Iteration : 300  ||B r|| = 0.00104393
GMRES: No convergence!
norm(r_0) 0
norm(r_1) 0
norm(r_2) 0
norm(r_3) 0.2736907414508442
norm(r_4) 0
Newton iteration  1 : ||r|| = 0.273691, ||r||/||r_0|| = 0.898374
Setting time step: 0.008386678749893916 in DGTransportTDO
Setting time step: 0.008386678749893916 in CombinedOp
Setting time step: 0.008386678749893916 in IonStaticPressureOp
norm(r_0) 0
norm(r_1) 0
norm(r_2) 0
norm(r_3) 4.554248329653396
norm(r_4) 0
Newton iteration  0 : ||r|| = 4.55425
   Pass :  1   Iteration :   0  ||B r|| = 2.12036 ...
   Pass :  6   Iteration : 300  ||B r|| = 0.000633326
GMRES: No convergence!
norm(r_0) 0
norm(r_1) 0
norm(r_2) 0
norm(r_3) 0.1563926177739927
norm(r_4) 0
Newton iteration  1 : ||r|| = 0.156393, ||r||/||r_0|| = 0.0343399
Setting time step: 0.005344592069478463 in DGTransportTDO
Setting time step: 0.005344592069478463 in CombinedOp
Setting time step: 0.005344592069478463 in IonStaticPressureOp
norm(r_0) 0
norm(r_1) 0
norm(r_2) 0
norm(r_3) 0.2885056294732385
norm(r_4) 0
Newton iteration  0 : ||r|| = 0.288506
   Pass :  1   Iteration :   0  ||B r|| = 4.16951 ...
   Pass :  6   Iteration : 300  ||B r|| = 0.000871536
GMRES: No convergence!
norm(r_0) 0
norm(r_1) 0
norm(r_2) 0
norm(r_3) 0.1313864436648573
norm(r_4) 0
Newton iteration  1 : ||r|| = 0.131386, ||r||/||r_0|| = 0.455403
Setting time step: 0.005344592069478463 in DGTransportTDO
Setting time step: 0.005344592069478463 in CombinedOp
Setting time step: 0.005344592069478463 in IonStaticPressureOp
norm(r_0) 0
norm(r_1) 0
norm(r_2) 0
norm(r_3) 0.3639481978763857
norm(r_4) 0
Newton iteration  0 : ||r|| = 0.363948
   Pass :  1   Iteration :   0  ||B r|| = 3.65335 ...
   Pass :  6   Iteration : 300  ||B r|| = 0.000892756
GMRES: No convergence!
norm(r_0) 0
norm(r_1) 0
norm(r_2) 0
norm(r_3) 0.1669473268666283
norm(r_4) 0
Newton iteration  1 : ||r|| = 0.166947, ||r||/||r_0|| = 0.458712
Setting time step: 0.005344592069478463 in DGTransportTDO
Setting time step: 0.005344592069478463 in CombinedOp
Setting time step: 0.005344592069478463 in IonStaticPressureOp
norm(r_0) 0
norm(r_1) 0
norm(r_2) 0
norm(r_3) 0.2422925914591663
norm(r_4) 0
Newton iteration  0 : ||r|| = 0.242293
   Pass :  1   Iteration :   0  ||B r|| = 3.8468 ...
   Pass :  6   Iteration : 300  ||B r|| = 0.000885001
GMRES: No convergence!
norm(r_0) 0
norm(r_1) 0
norm(r_2) 0
norm(r_3) 0.1575134941078193
norm(r_4) 0
Newton iteration  1 : ||r|| = 0.157513, ||r||/||r_0|| = 0.650096
Setting time step: 0.005344592069478463 in DGTransportTDO
Setting time step: 0.005344592069478463 in CombinedOp
Setting time step: 0.005344592069478463 in IonStaticPressureOp
norm(r_0) 0
norm(r_1) 0
norm(r_2) 0
norm(r_3) 0.1720890519983497
norm(r_4) 0
Newton iteration  0 : ||r|| = 0.172089
   Pass :  1   Iteration :   0  ||B r|| = 3.90361 ...
   Pass :  6   Iteration : 300  ||B r|| = 0.000867902
GMRES: No convergence!
norm(r_0) 0
norm(r_1) 0
norm(r_2) 0
norm(r_3) 0.1536441114949829
norm(r_4) 0
Newton iteration  1 : ||r|| = 0.153644, ||r||/||r_0|| = 0.892817
Setting time step: 0.005344592069478463 in DGTransportTDO
Setting time step: 0.005344592069478463 in CombinedOp
Setting time step: 0.005344592069478463 in IonStaticPressureOp
norm(r_0) 0
norm(r_1) 0
norm(r_2) 0
norm(r_3) 2.127493671827292
norm(r_4) 0
Newton iteration  0 : ||r|| = 2.12749
   Pass :  1   Iteration :   0  ||B r|| = 3.59535 ...
   Pass :  6   Iteration : 300  ||B r|| = 0.000773533
GMRES: No convergence!
norm(r_0) 0
norm(r_1) 0
norm(r_2) 0
norm(r_3) 0.226626563012944
norm(r_4) 0
Newton iteration  1 : ||r|| = 0.226627, ||r||/||r_0|| = 0.106523
Setting time step: 0.007993630188671592 in DGTransportTDO
Setting time step: 0.007993630188671592 in CombinedOp
Setting time step: 0.007993630188671592 in IonStaticPressureOp
norm(r_0) 0
norm(r_1) 0
norm(r_2) 0
norm(r_3) 0.2268630072164003
norm(r_4) 0
Newton iteration  0 : ||r|| = 0.226863
   Pass :  1   Iteration :   0  ||B r|| = 2.13692 ...
   Pass :  6   Iteration : 300  ||B r|| = 0.00066935
GMRES: No convergence!
norm(r_0) 0
norm(r_1) 0
norm(r_2) 0
norm(r_3) 0.1888030769039412
norm(r_4) 0
Newton iteration  1 : ||r|| = 0.188803, ||r||/||r_0|| = 0.832234
Setting time step: 0.007993630188671592 in DGTransportTDO
Setting time step: 0.007993630188671592 in CombinedOp
Setting time step: 0.007993630188671592 in IonStaticPressureOp
norm(r_0) 0
norm(r_1) 0
norm(r_2) 0
norm(r_3) 0.4156082297039702
norm(r_4) 0
Newton iteration  0 : ||r|| = 0.415608
   Pass :  1   Iteration :   0  ||B r|| = 1.79312 ...
   Pass :  6   Iteration : 300  ||B r|| = 0.000741136
GMRES: No convergence!
norm(r_0) 0
norm(r_1) 0
norm(r_2) 0
norm(r_3) 0.2179002151510985
norm(r_4) 0
Newton iteration  1 : ||r|| = 0.2179, ||r||/||r_0|| = 0.524292
Setting time step: 0.007993630188671592 in DGTransportTDO
Setting time step: 0.007993630188671592 in CombinedOp
Setting time step: 0.007993630188671592 in IonStaticPressureOp
norm(r_0) 0
norm(r_1) 0
norm(r_2) 0
norm(r_3) 0.3194745542290879
norm(r_4) 0
Newton iteration  0 : ||r|| = 0.319475
   Pass :  1   Iteration :   0  ||B r|| = 1.93792 ...
   Pass :  6   Iteration : 300  ||B r|| = 0.000817591
GMRES: No convergence!
norm(r_0) 0
norm(r_1) 0
norm(r_2) 0
norm(r_3) 0.2270470104042118
norm(r_4) 0
Newton iteration  1 : ||r|| = 0.227047, ||r||/||r_0|| = 0.710689
Setting time step: 0.007993630188671592 in DGTransportTDO
Setting time step: 0.007993630188671592 in CombinedOp
Setting time step: 0.007993630188671592 in IonStaticPressureOp
norm(r_0) 0
norm(r_1) 0
norm(r_2) 0
norm(r_3) 0.2457153835753999
norm(r_4) 0
Newton iteration  0 : ||r|| = 0.245715
   Pass :  1   Iteration :   0  ||B r|| = 1.96877 ...
   Pass :  6   Iteration : 300  ||B r|| = 0.000820647
GMRES: No convergence!
norm(r_0) 0
norm(r_1) 0
norm(r_2) 0
norm(r_3) 0.2445290334842797
norm(r_4) 0
Newton iteration  1 : ||r|| = 0.244529, ||r||/||r_0|| = 0.995172
Setting time step: 0.007993630188671592 in DGTransportTDO
Setting time step: 0.007993630188671592 in CombinedOp
Setting time step: 0.007993630188671592 in IonStaticPressureOp
norm(r_0) 0
norm(r_1) 0
norm(r_2) 0
norm(r_3) 3.337297604332059
norm(r_4) 0
Newton iteration  0 : ||r|| = 3.3373
   Pass :  1   Iteration :   0  ||B r|| = 1.36275 ...
   Pass :  6   Iteration : 300  ||B r|| = 0.000507689
GMRES: No convergence!
norm(r_0) 0
norm(r_1) 0
norm(r_2) 0
norm(r_3) 0.1823816528494783
norm(r_4) 0
Newton iteration  1 : ||r|| = 0.182382, ||r||/||r_0|| = 0.0546495
Setting time step: 0.006967329369366653 in DGTransportTDO
Setting time step: 0.006967329369366653 in CombinedOp
Setting time step: 0.006967329369366653 in IonStaticPressureOp
norm(r_0) 0
norm(r_1) 0
norm(r_2) 0
norm(r_3) 0.2268630072164003
norm(r_4) 0
Newton iteration  0 : ||r|| = 0.226863
   Pass :  1   Iteration :   0  ||B r|| = 2.47871 ...
   Pass :  6   Iteration : 300  ||B r|| = 0.000818247
GMRES: No convergence!
norm(r_0) 0
norm(r_1) 0
norm(r_2) 0
norm(r_3) 0.1656475589967223
norm(r_4) 0
Newton iteration  1 : ||r|| = 0.165648, ||r||/||r_0|| = 0.730166
Setting time step: 0.006967329369366653 in DGTransportTDO
Setting time step: 0.006967329369366653 in CombinedOp
Setting time step: 0.006967329369366653 in IonStaticPressureOp
norm(r_0) 0
norm(r_1) 0
norm(r_2) 0
norm(r_3) 0.351074769884539
norm(r_4) 0
Newton iteration  0 : ||r|| = 0.351075
   Pass :  1   Iteration :   0  ||B r|| = 2.09621 ...
   Pass :  6   Iteration : 300  ||B r|| = 0.000755179
GMRES: No convergence!
norm(r_0) 0
norm(r_1) 0
norm(r_2) 0
norm(r_3) 0.214270267374481
norm(r_4) 0
Newton iteration  1 : ||r|| = 0.21427, ||r||/||r_0|| = 0.610327
Setting time step: 0.006967329369366653 in DGTransportTDO
Setting time step: 0.006967329369366653 in CombinedOp
Setting time step: 0.006967329369366653 in IonStaticPressureOp
norm(r_0) 0
norm(r_1) 0
norm(r_2) 0
norm(r_3) 0.2630250004212463
norm(r_4) 0
Newton iteration  0 : ||r|| = 0.263025
   Pass :  1   Iteration :   0  ||B r|| = 2.24859 ...
   Pass :  6   Iteration : 300  ||B r|| = 0.00072014
GMRES: No convergence!
norm(r_0) 0
norm(r_1) 0
norm(r_2) 0
norm(r_3) 0.2118465051298423
norm(r_4) 0
Newton iteration  1 : ||r|| = 0.211847, ||r||/||r_0|| = 0.805423
Setting time step: 0.006967329369366653 in DGTransportTDO
Setting time step: 0.006967329369366653 in CombinedOp
Setting time step: 0.006967329369366653 in IonStaticPressureOp
norm(r_0) 0
norm(r_1) 0
norm(r_2) 0
norm(r_3) 0.2043628620183857
norm(r_4) 0
Newton iteration  0 : ||r|| = 0.204363
   Pass :  1   Iteration :   0  ||B r|| = 2.28702 ...
   Pass :  6   Iteration : 300  ||B r|| = 0.000712678
GMRES: No convergence!
norm(r_0) 0
norm(r_1) 0
norm(r_2) 0
norm(r_3) 0.1732192727681853
norm(r_4) 0
Newton iteration  1 : ||r|| = 0.173219, ||r||/||r_0|| = 0.847606
Setting time step: 0.006967329369366653 in DGTransportTDO
Setting time step: 0.006967329369366653 in CombinedOp
Setting time step: 0.006967329369366653 in IonStaticPressureOp
norm(r_0) 0
norm(r_1) 0
norm(r_2) 0
norm(r_3) 4.124619427688699
norm(r_4) 0
Newton iteration  0 : ||r|| = 4.12462
   Pass :  1   Iteration :   0  ||B r|| = 1.71898 ...
   Pass :  6   Iteration : 300  ||B r|| = 0.000633176
GMRES: No convergence!
norm(r_0) 0
norm(r_1) 0
norm(r_2) 0
norm(r_3) 0.1265665213643734
norm(r_4) 0
Newton iteration  1 : ||r|| = 0.126567, ||r||/||r_0|| = 0.0306856
Time stepping paused at t = 0.1569742697912401

Estimating errors.
Setting time step: 0.007798932525114351 in DGTransportTDO
Setting time step: 0.007798932525114351 in CombinedOp
Setting time step: 0.007798932525114351 in IonStaticPressureOp
norm(r_0) 0
norm(r_1) 0
norm(r_2) 0
norm(r_3) 0.1267787326097856
norm(r_4) 0
Newton iteration  0 : ||r|| = 0.126779
   Pass :  1   Iteration :   0  ||B r|| = 1.53603 ...
   Pass :  6   Iteration : 300  ||B r|| = 0.000685404
GMRES: No convergence!
norm(r_0) 0
norm(r_1) 0
norm(r_2) 0
norm(r_3) 0.1860776701198499
norm(r_4) 0
Newton iteration  1 : ||r|| = 0.186078, ||r||/||r_0|| = 1.46774
Setting time step: 0.007798932525114351 in DGTransportTDO
Setting time step: 0.007798932525114351 in CombinedOp
Setting time step: 0.007798932525114351 in IonStaticPressureOp
norm(r_0) 0
norm(r_1) 0
norm(r_2) 0
norm(r_3) 0.3833763214262372
norm(r_4) 0
Newton iteration  0 : ||r|| = 0.383376
   Pass :  1   Iteration :   0  ||B r|| = 1.25979 ...
   Pass :  6   Iteration : 300  ||B r|| = 0.000540568
GMRES: No convergence!
norm(r_0) 0
norm(r_1) 0
norm(r_2) 0
norm(r_3) 0.1334289032193048
norm(r_4) 0
Newton iteration  1 : ||r|| = 0.133429, ||r||/||r_0|| = 0.348036
Setting time step: 0.007798932525114351 in DGTransportTDO
Setting time step: 0.007798932525114351 in CombinedOp
Setting time step: 0.007798932525114351 in IonStaticPressureOp
norm(r_0) 0
norm(r_1) 0
norm(r_2) 0
norm(r_3) 0.3145570895851882
norm(r_4) 0
Newton iteration  0 : ||r|| = 0.314557
   Pass :  1   Iteration :   0  ||B r|| = 1.36597 ...
   Pass :  6   Iteration : 300  ||B r|| = 0.000561281
GMRES: No convergence!
norm(r_0) 0
norm(r_1) 0
norm(r_2) 0
norm(r_3) 0.121528132132704
norm(r_4) 0
Newton iteration  1 : ||r|| = 0.121528, ||r||/||r_0|| = 0.386347
Setting time step: 0.007798932525114351 in DGTransportTDO
Setting time step: 0.007798932525114351 in CombinedOp
Setting time step: 0.007798932525114351 in IonStaticPressureOp
norm(r_0) 0
norm(r_1) 0
norm(r_2) 0
norm(r_3) 0.2465027694646819
norm(r_4) 0
Newton iteration  0 : ||r|| = 0.246503
   Pass :  1   Iteration :   0  ||B r|| = 1.39498 ...
   Pass :  6   Iteration : 300  ||B r|| = 0.000554827
GMRES: No convergence!
norm(r_0) 0
norm(r_1) 0
norm(r_2) 0
norm(r_3) 0.1361037798175828
norm(r_4) 0
Newton iteration  1 : ||r|| = 0.136104, ||r||/||r_0|| = 0.552139
Setting time step: 0.007798932525114351 in DGTransportTDO
Setting time step: 0.007798932525114351 in CombinedOp
Setting time step: 0.007798932525114351 in IonStaticPressureOp
norm(r_0) 0
norm(r_1) 0
norm(r_2) 0
norm(r_3) 2.451678179792157
norm(r_4) 0
Newton iteration  0 : ||r|| = 2.45168
   Pass :  1   Iteration :   0  ||B r|| = 1.08567 ...
   Pass :  6   Iteration : 300  ||B r|| = 0.000677254
GMRES: No convergence!
norm(r_0) 0
norm(r_1) 0
norm(r_2) 0
norm(r_3) 0.2126731820072341
norm(r_4) 0
Newton iteration  1 : ||r|| = 0.212673, ||r||/||r_0|| = 0.086746
Setting time step: 0.01072673848628854 in DGTransportTDO
Setting time step: 0.01072673848628854 in CombinedOp
Setting time step: 0.01072673848628854 in IonStaticPressureOp
norm(r_0) 0
norm(r_1) 0
norm(r_2) 0
norm(r_3) 0.2127336609624047
norm(r_4) 0
Newton iteration  0 : ||r|| = 0.212734
   Pass :  1   Iteration :   0  ||B r|| = 0.722879 ...
   Pass :  6   Iteration : 300  ||B r|| = 0.000431168
GMRES: No convergence!
norm(r_0) 0
norm(r_1) 0
norm(r_2) 0
norm(r_3) 0.1282961804539645
norm(r_4) 0
Newton iteration  1 : ||r|| = 0.128296, ||r||/||r_0|| = 0.603084
Setting time step: 0.01072673848628854 in DGTransportTDO
Setting time step: 0.01072673848628854 in CombinedOp
Setting time step: 0.01072673848628854 in IonStaticPressureOp
norm(r_0) 0
norm(r_1) 0
norm(r_2) 0
norm(r_3) 0.2710868035143996
norm(r_4) 0
Newton iteration  0 : ||r|| = 0.271087
   Pass :  1   Iteration :   0  ||B r|| = 0.57489 ...
   Pass :  6   Iteration : 300  ||B r|| = 0.000417815
GMRES: No convergence!
norm(r_0) 0
norm(r_1) 0
norm(r_2) 0
norm(r_3) 0.157662933036861
norm(r_4) 0
Newton iteration  1 : ||r|| = 0.157663, ||r||/||r_0|| = 0.581596
Setting time step: 0.01072673848628854 in DGTransportTDO
Setting time step: 0.01072673848628854 in CombinedOp
Setting time step: 0.01072673848628854 in IonStaticPressureOp
norm(r_0) 0
norm(r_1) 0
norm(r_2) 0
norm(r_3) 0.2031710847322541
norm(r_4) 0
Newton iteration  0 : ||r|| = 0.203171
   Pass :  1   Iteration :   0  ||B r|| = 0.633248 ...
   Pass :  6   Iteration : 300  ||B r|| = 0.000387142
GMRES: No convergence!
norm(r_0) 0
norm(r_1) 0
norm(r_2) 0
norm(r_3) 0.1328932605346838
norm(r_4) 0
Newton iteration  1 : ||r|| = 0.132893, ||r||/||r_0|| = 0.654095
Setting time step: 0.01072673848628854 in DGTransportTDO
Setting time step: 0.01072673848628854 in CombinedOp
Setting time step: 0.01072673848628854 in IonStaticPressureOp
norm(r_0) 0
norm(r_1) 0
norm(r_2) 0
norm(r_3) 0.1540934770200876
norm(r_4) 0
Newton iteration  0 : ||r|| = 0.154093
   Pass :  1   Iteration :   0  ||B r|| = 0.649331 ...
   Pass :  6   Iteration : 300  ||B r|| = 0.000373029
GMRES: No convergence!
norm(r_0) 0
norm(r_1) 0
norm(r_2) 0
norm(r_3) 0.1194223674852904
norm(r_4) 0
Newton iteration  1 : ||r|| = 0.119422, ||r||/||r_0|| = 0.774999
Setting time step: 0.01072673848628854 in DGTransportTDO
Setting time step: 0.01072673848628854 in CombinedOp
Setting time step: 0.01072673848628854 in IonStaticPressureOp
norm(r_0) 0
norm(r_1) 0
norm(r_2) 0
norm(r_3) 3.65791097024022
norm(r_4) 0
Newton iteration  0 : ||r|| = 3.65791
   Pass :  1   Iteration :   0  ||B r|| = 0.571558 ...
   Pass :  6   Iteration : 300  ||B r|| = 0.000341417
GMRES: No convergence!
norm(r_0) 0
norm(r_1) 0
norm(r_2) 0
norm(r_3) 0.1674847192999234
norm(r_4) 0
Newton iteration  1 : ||r|| = 0.167485, ||r||/||r_0|| = 0.045787
Setting time step: 0.01072673848628854 in DGTransportTDO
Setting time step: 0.01072673848628854 in CombinedOp
Setting time step: 0.01072673848628854 in IonStaticPressureOp
norm(r_0) 0
norm(r_1) 0
norm(r_2) 0
norm(r_3) 0.1675118255123225
norm(r_4) 0
Newton iteration  0 : ||r|| = 0.167512
   Pass :  1   Iteration :   0  ||B r|| = 0.436654 ...
   Pass :  6   Iteration : 300  ||B r|| = 0.000265739
GMRES: No convergence!
norm(r_0) 0
norm(r_1) 0
norm(r_2) 0
norm(r_3) 0.07738839773170539
norm(r_4) 0
Newton iteration  1 : ||r|| = 0.0773884, ||r||/||r_0|| = 0.461988
Setting time step: 0.01072673848628854 in DGTransportTDO
Setting time step: 0.01072673848628854 in CombinedOp
Setting time step: 0.01072673848628854 in IonStaticPressureOp
norm(r_0) 0
norm(r_1) 0
norm(r_2) 0
norm(r_3) 0.1961789804200834
norm(r_4) 0
Newton iteration  0 : ||r|| = 0.196179
   Pass :  1   Iteration :   0  ||B r|| = 0.356214 ...
   Pass :  6   Iteration : 300  ||B r|| = 0.000231565
GMRES: No convergence!
norm(r_0) 0
norm(r_1) 0
norm(r_2) 0
norm(r_3) 0.09017594962869044
norm(r_4) 0
Newton iteration  1 : ||r|| = 0.0901759, ||r||/||r_0|| = 0.459662
Setting time step: 0.01072673848628854 in DGTransportTDO
Setting time step: 0.01072673848628854 in CombinedOp
Setting time step: 0.01072673848628854 in IonStaticPressureOp
norm(r_0) 0
norm(r_1) 0
norm(r_2) 0
norm(r_3) 0.1374374907473989
norm(r_4) 0
Newton iteration  0 : ||r|| = 0.137437
   Pass :  1   Iteration :   0  ||B r|| = 0.390721 ...
   Pass :  6   Iteration : 300  ||B r|| = 0.000249906
GMRES: No convergence!
norm(r_0) 0
norm(r_1) 0
norm(r_2) 0
norm(r_3) 0.1162735303069622
norm(r_4) 0
Newton iteration  1 : ||r|| = 0.116274, ||r||/||r_0|| = 0.84601
Setting time step: 0.01072673848628854 in DGTransportTDO
Setting time step: 0.01072673848628854 in CombinedOp
Setting time step: 0.01072673848628854 in IonStaticPressureOp
norm(r_0) 0
norm(r_1) 0
norm(r_2) 0
norm(r_3) 0.09869585683250634
norm(r_4) 0
Newton iteration  0 : ||r|| = 0.0986959
   Pass :  1   Iteration :   0  ||B r|| = 0.397761 ...
   Pass :  6   Iteration : 300  ||B r|| = 0.000272232
GMRES: No convergence!
norm(r_0) 0
norm(r_1) 0
norm(r_2) 0
norm(r_3) 0.08533783095520142
norm(r_4) 0
Newton iteration  1 : ||r|| = 0.0853378, ||r||/||r_0|| = 0.864655
Setting time step: 0.01072673848628854 in DGTransportTDO
Setting time step: 0.01072673848628854 in CombinedOp
Setting time step: 0.01072673848628854 in IonStaticPressureOp
norm(r_0) 0
norm(r_1) 0
norm(r_2) 0
norm(r_3) 3.276428883331628
norm(r_4) 0
Newton iteration  0 : ||r|| = 3.27643
   Pass :  1   Iteration :   0  ||B r|| = 0.267392 ...
   Pass :  6   Iteration : 300  ||B r|| = 0.000146941
GMRES: No convergence!
norm(r_0) 0
norm(r_1) 0
norm(r_2) 0
norm(r_3) 0.07036847590116788
norm(r_4) 0
Newton iteration  1 : ||r|| = 0.0703685, ||r||/||r_0|| = 0.0214772
Setting time step: 0.01265086627794719 in DGTransportTDO
Setting time step: 0.01265086627794719 in CombinedOp
Setting time step: 0.01265086627794719 in IonStaticPressureOp
norm(r_0) 0
norm(r_1) 0
norm(r_2) 0
norm(r_3) 0.07039230578161906
norm(r_4) 0
Newton iteration  0 : ||r|| = 0.0703923
   Pass :  1   Iteration :   0  ||B r|| = 0.235506 ...
   Pass :  6   Iteration : 300  ||B r|| = 0.000132869
GMRES: No convergence!
norm(r_0) 0
norm(r_1) 0
norm(r_2) 0
norm(r_3) 0.06049651141082214
norm(r_4) 0
Newton iteration  1 : ||r|| = 0.0604965, ||r||/||r_0|| = 0.859419
Setting time step: 0.01265086627794719 in DGTransportTDO
Setting time step: 0.01265086627794719 in CombinedOp
Setting time step: 0.01265086627794719 in IonStaticPressureOp
norm(r_0) 0
norm(r_1) 0
norm(r_2) 0
norm(r_3) 0.1274391465548858
norm(r_4) 0
Newton iteration  0 : ||r|| = 0.127439
   Pass :  1   Iteration :   0  ||B r|| = 0.171166 ...
   Pass :  6   Iteration : 300  ||B r|| = 0.000118705
GMRES: No convergence!
norm(r_0) 0
norm(r_1) 0
norm(r_2) 0
norm(r_3) 0.05455156504955079
norm(r_4) 0
Newton iteration  1 : ||r|| = 0.0545516, ||r||/||r_0|| = 0.42806
Setting time step: 0.01265086627794719 in DGTransportTDO
Setting time step: 0.01265086627794719 in CombinedOp
Setting time step: 0.01265086627794719 in IonStaticPressureOp
norm(r_0) 0
norm(r_1) 0
norm(r_2) 0
norm(r_3) 0.1003455710136856
norm(r_4) 0
Newton iteration  0 : ||r|| = 0.100346
   Pass :  1   Iteration :   0  ||B r|| = 0.196443 ...
   Pass :  6   Iteration : 300  ||B r|| = 0.000135129
GMRES: No convergence!
norm(r_0) 0
norm(r_1) 0
norm(r_2) 0
norm(r_3) 0.0657951958208508
norm(r_4) 0
Newton iteration  1 : ||r|| = 0.0657952, ||r||/||r_0|| = 0.655686
Setting time step: 0.01265086627794719 in DGTransportTDO
Setting time step: 0.01265086627794719 in CombinedOp
Setting time step: 0.01265086627794719 in IonStaticPressureOp
norm(r_0) 0
norm(r_1) 0
norm(r_2) 0
norm(r_3) 0.07745589419965081
norm(r_4) 0
Newton iteration  0 : ||r|| = 0.0774559
   Pass :  1   Iteration :   0  ||B r|| = 0.202571 ...
   Pass :  6   Iteration : 300  ||B r|| = 0.000134661
GMRES: No convergence!
norm(r_0) 0
norm(r_1) 0
norm(r_2) 0
norm(r_3) 0.05394734132153838
norm(r_4) 0
Newton iteration  1 : ||r|| = 0.0539473, ||r||/||r_0|| = 0.696491
Setting time step: 0.01265086627794719 in DGTransportTDO
Setting time step: 0.01265086627794719 in CombinedOp
Setting time step: 0.01265086627794719 in IonStaticPressureOp
norm(r_0) 0
norm(r_1) 0
norm(r_2) 0
norm(r_3) 1.809841560078545
norm(r_4) 0
Newton iteration  0 : ||r|| = 1.80984
   Pass :  1   Iteration :   0  ||B r|| = 0.0961546 ...
   Pass :  6   Iteration : 300  ||B r|| = 6.74005e-05
GMRES: No convergence!
norm(r_0) 0
norm(r_1) 0
norm(r_2) 0
norm(r_3) 0.03774197470177122
norm(r_4) 0
Newton iteration  1 : ||r|| = 0.037742, ||r||/||r_0|| = 0.0208537
Time stepping paused at t = 0.3245873728937946

Estimating errors.
Setting time step: 0.02117354399627458 in DGTransportTDO
Setting time step: 0.02117354399627458 in CombinedOp
Setting time step: 0.02117354399627458 in IonStaticPressureOp
norm(r_0) 0
norm(r_1) 0
norm(r_2) 0
norm(r_3) 0.03775838534261456
norm(r_4) 0
Newton iteration  0 : ||r|| = 0.0377584
   Pass :  1   Iteration :   0  ||B r|| = 0.0725024 ...
   Pass :  6   Iteration : 300  ||B r|| = 9.30477e-05
GMRES: No convergence!
norm(r_0) 0
norm(r_1) 0
norm(r_2) 0
norm(r_3) 0.05892818874278093
norm(r_4) 0
Newton iteration  1 : ||r|| = 0.0589282, ||r||/||r_0|| = 1.56066
Setting time step: 0.02117354399627458 in DGTransportTDO
Setting time step: 0.02117354399627458 in CombinedOp
Setting time step: 0.02117354399627458 in IonStaticPressureOp
norm(r_0) 0
norm(r_1) 0
norm(r_2) 0
norm(r_3) 0.1195838863226902
norm(r_4) 0
Newton iteration  0 : ||r|| = 0.119584
   Pass :  1   Iteration :   0  ||B r|| = 0.0369911 ...
   Pass :  6   Iteration : 300  ||B r|| = 6.4411e-05
GMRES: No convergence!
norm(r_0) 0
norm(r_1) 0
norm(r_2) 0
norm(r_3) 0.07429310445297858
norm(r_4) 0
Newton iteration  1 : ||r|| = 0.0742931, ||r||/||r_0|| = 0.621264
Setting time step: 0.02117354399627458 in DGTransportTDO
Setting time step: 0.02117354399627458 in CombinedOp
Setting time step: 0.02117354399627458 in IonStaticPressureOp
norm(r_0) 0
norm(r_1) 0
norm(r_2) 0
norm(r_3) 0.0943970472108573
norm(r_4) 0
Newton iteration  0 : ||r|| = 0.094397
   Pass :  1   Iteration :   0  ||B r|| = 0.0492537 ...
   Pass :  6   Iteration : 300  ||B r|| = 6.84145e-05
GMRES: No convergence!
norm(r_0) 0
norm(r_1) 0
norm(r_2) 0
norm(r_3) 0.06245788273878967
norm(r_4) 0
Newton iteration  1 : ||r|| = 0.0624579, ||r||/||r_0|| = 0.661651
Setting time step: 0.02117354399627458 in DGTransportTDO
Setting time step: 0.02117354399627458 in CombinedOp
Setting time step: 0.02117354399627458 in IonStaticPressureOp
norm(r_0) 0
norm(r_1) 0
norm(r_2) 0
norm(r_3) 0.07502308541949615
norm(r_4) 0
Newton iteration  0 : ||r|| = 0.0750231
   Pass :  1   Iteration :   0  ||B r|| = 0.0534317 ...
   Pass :  6   Iteration : 300  ||B r|| = 7.0461e-05
GMRES: No convergence!
norm(r_0) 0
norm(r_1) 0
norm(r_2) 0
norm(r_3) 0.05056291487590136
norm(r_4) 0
Newton iteration  1 : ||r|| = 0.0505629, ||r||/||r_0|| = 0.673965
Setting time step: 0.02117354399627458 in DGTransportTDO
Setting time step: 0.02117354399627458 in CombinedOp
Setting time step: 0.02117354399627458 in IonStaticPressureOp
norm(r_0) 0
norm(r_1) 0
norm(r_2) 0
norm(r_3) 1.641475007886724
norm(r_4) 0
Newton iteration  0 : ||r|| = 1.64148
   Pass :  1   Iteration :   0  ||B r|| = 0.0481785 ...
   Pass :  6   Iteration : 300  ||B r|| = 5.40376e-05
GMRES: No convergence!
norm(r_0) 0
norm(r_1) 0
norm(r_2) 0
norm(r_3) 0.06086206485375766
norm(r_4) 0
Newton iteration  1 : ||r|| = 0.0608621, ||r||/||r_0|| = 0.0370777
Setting time step: 0.0326895933314478 in DGTransportTDO
Setting time step: 0.0326895933314478 in CombinedOp
Setting time step: 0.0326895933314478 in IonStaticPressureOp
norm(r_0) 0
norm(r_1) 0
norm(r_2) 0
norm(r_3) 0.06086371697683484
norm(r_4) 0
Newton iteration  0 : ||r|| = 0.0608637
   Pass :  1   Iteration :   0  ||B r|| = 0.0155451 ...
   Pass :  6   Iteration : 300  ||B r|| = 3.22448e-05
GMRES: No convergence!
norm(r_0) 0
norm(r_1) 0
norm(r_2) 0
norm(r_3) 0.06439754964212245
norm(r_4) 0
Newton iteration  1 : ||r|| = 0.0643975, ||r||/||r_0|| = 1.05806
Setting time step: 0.0326895933314478 in DGTransportTDO
Setting time step: 0.0326895933314478 in CombinedOp
Setting time step: 0.0326895933314478 in IonStaticPressureOp
norm(r_0) 0
norm(r_1) 0
norm(r_2) 0
norm(r_3) 0.103350853729093
norm(r_4) 0
Newton iteration  0 : ||r|| = 0.103351
   Pass :  1   Iteration :   0  ||B r|| = 0.0095018 ...
   Pass :  6   Iteration : 300  ||B r|| = 2.07672e-05
GMRES: No convergence!
norm(r_0) 0
norm(r_1) 0
norm(r_2) 0
norm(r_3) 0.04451414902877331
norm(r_4) 0
Newton iteration  1 : ||r|| = 0.0445141, ||r||/||r_0|| = 0.430709
Setting time step: 0.0326895933314478 in DGTransportTDO
Setting time step: 0.0326895933314478 in CombinedOp
Setting time step: 0.0326895933314478 in IonStaticPressureOp
norm(r_0) 0
norm(r_1) 0
norm(r_2) 0
norm(r_3) 0.08970292406249931
norm(r_4) 0
Newton iteration  0 : ||r|| = 0.0897029
   Pass :  1   Iteration :   0  ||B r|| = 0.0120129 ...
   Pass :  6   Iteration : 300  ||B r|| = 2.55866e-05
GMRES: No convergence!
norm(r_0) 0
norm(r_1) 0
norm(r_2) 0
norm(r_3) 0.05335176354230692
norm(r_4) 0
Newton iteration  1 : ||r|| = 0.0533518, ||r||/||r_0|| = 0.594761
Setting time step: 0.0326895933314478 in DGTransportTDO
Setting time step: 0.0326895933314478 in CombinedOp
Setting time step: 0.0326895933314478 in IonStaticPressureOp
norm(r_0) 0
norm(r_1) 0
norm(r_2) 0
norm(r_3) 0.07671200749886854
norm(r_4) 0
Newton iteration  0 : ||r|| = 0.076712
   Pass :  1   Iteration :   0  ||B r|| = 0.0125512 ...
   Pass :  6   Iteration : 300  ||B r|| = 2.79253e-05
GMRES: No convergence!
norm(r_0) 0
norm(r_1) 0
norm(r_2) 0
norm(r_3) 0.05908950577833025
norm(r_4) 0
Newton iteration  1 : ||r|| = 0.0590895, ||r||/||r_0|| = 0.770277
Setting time step: 0.0326895933314478 in DGTransportTDO
Setting time step: 0.0326895933314478 in CombinedOp
Setting time step: 0.0326895933314478 in IonStaticPressureOp
norm(r_0) 0
norm(r_1) 0
norm(r_2) 0
norm(r_3) 0.9812557899621345
norm(r_4) 0
Newton iteration  0 : ||r|| = 0.981256
   Pass :  1   Iteration :   0  ||B r|| = 0.00260341 ...
   Pass :  6   Iteration : 300  ||B r|| = 1.75864e-05
GMRES: No convergence!
norm(r_0) 0
norm(r_1) 0
norm(r_2) 0
norm(r_3) 0.04078040289832696
norm(r_4) 0
Newton iteration  1 : ||r|| = 0.0407804, ||r||/||r_0|| = 0.0415594
Setting time step: 0.05549285337395911 in DGTransportTDO
Setting time step: 0.05549285337395911 in CombinedOp
Setting time step: 0.05549285337395911 in IonStaticPressureOp
norm(r_0) 0
norm(r_1) 0
norm(r_2) 0
norm(r_3) 0.04078083936953703
norm(r_4) 0
Newton iteration  0 : ||r|| = 0.0407808
   Pass :  1   Iteration :   0  ||B r|| = 0.00202374 ...
   Pass :  6   Iteration : 300  ||B r|| = 8.86487e-06
GMRES: No convergence!
norm(r_0) 0
norm(r_1) 0
norm(r_2) 0
norm(r_3) 0.03170451002286472
norm(r_4) 0
Newton iteration  1 : ||r|| = 0.0317045, ||r||/||r_0|| = 0.777436
Setting time step: 0.05549285337395911 in DGTransportTDO
Setting time step: 0.05549285337395911 in CombinedOp
Setting time step: 0.05549285337395911 in IonStaticPressureOp
norm(r_0) 0
norm(r_1) 0
norm(r_2) 0
norm(r_3) 0.03899147135417253
norm(r_4) 0
Newton iteration  0 : ||r|| = 0.0389915
   Pass :  1   Iteration :   0  ||B r|| = 0.00108128 ...
   Pass :  6   Iteration : 300  ||B r|| = 5.45113e-06
GMRES: No convergence!
norm(r_0) 0
norm(r_1) 0
norm(r_2) 0
norm(r_3) 0.02111259952405504
norm(r_4) 0
Newton iteration  1 : ||r|| = 0.0211126, ||r||/||r_0|| = 0.541467
Setting time step: 0.05549285337395911 in DGTransportTDO
Setting time step: 0.05549285337395911 in CombinedOp
Setting time step: 0.05549285337395911 in IonStaticPressureOp
norm(r_0) 0
norm(r_1) 0
norm(r_2) 0
norm(r_3) 0.03583895559030688
norm(r_4) 0
Newton iteration  0 : ||r|| = 0.035839
   Pass :  1   Iteration :   0  ||B r|| = 0.00141945 ...
   Pass :  6   Iteration : 300  ||B r|| = 7.68178e-06
GMRES: No convergence!
norm(r_0) 0
norm(r_1) 0
norm(r_2) 0
norm(r_3) 0.02892261569289632
norm(r_4) 0
Newton iteration  1 : ||r|| = 0.0289226, ||r||/||r_0|| = 0.807016
Setting time step: 0.05549285337395911 in DGTransportTDO
Setting time step: 0.05549285337395911 in CombinedOp
Setting time step: 0.05549285337395911 in IonStaticPressureOp
norm(r_0) 0
norm(r_1) 0
norm(r_2) 0
norm(r_3) 0.03372301224913922
norm(r_4) 0
Newton iteration  0 : ||r|| = 0.033723
   Pass :  1   Iteration :   0  ||B r|| = 0.00153314 ...
   Pass :  6   Iteration : 300  ||B r|| = 5.93827e-06
GMRES: No convergence!
norm(r_0) 0
norm(r_1) 0
norm(r_2) 0
norm(r_3) 0.02711238754519732
norm(r_4) 0
Newton iteration  1 : ||r|| = 0.0271124, ||r||/||r_0|| = 0.803973
Setting time step: 0.05549285337395911 in DGTransportTDO
Setting time step: 0.05549285337395911 in CombinedOp
Setting time step: 0.05549285337395911 in IonStaticPressureOp
norm(r_0) 0
norm(r_1) 0
norm(r_2) 0
norm(r_3) 0.493632841037198
norm(r_4) 0
Newton iteration  0 : ||r|| = 0.493633
   Pass :  1   Iteration :   0  ||B r|| = 0.00138853 ...
   Pass :  6   Iteration : 300  ||B r|| = 1.09326e-05
GMRES: No convergence!
norm(r_0) 0
norm(r_1) 0
norm(r_2) 0
norm(r_3) 0.04348689690360903
norm(r_4) 0
Newton iteration  1 : ||r|| = 0.0434869, ||r||/||r_0|| = 0.0880956
Setting time step: 0.1080497667828709 in DGTransportTDO
Setting time step: 0.1080497667828709 in CombinedOp
Setting time step: 0.1080497667828709 in IonStaticPressureOp
norm(r_0) 0
norm(r_1) 0
norm(r_2) 0
norm(r_3) 0.04348701891108619
norm(r_4) 0
Newton iteration  0 : ||r|| = 0.043487
   Pass :  1   Iteration :   0  ||B r|| = 0.00028485 ...
   Pass :  6   Iteration : 300  ||B r|| = 3.52148e-06
GMRES: No convergence!
norm(r_0) 0
norm(r_1) 0
norm(r_2) 0
norm(r_3) 0.03205089110540499
norm(r_4) 0
Newton iteration  1 : ||r|| = 0.0320509, ||r||/||r_0|| = 0.737022
Setting time step: 0.1080497667828709 in DGTransportTDO
Setting time step: 0.1080497667828709 in CombinedOp
Setting time step: 0.1080497667828709 in IonStaticPressureOp
norm(r_0) 0
norm(r_1) 0
norm(r_2) 0
norm(r_3) 0.04085805877053789
norm(r_4) 0
Newton iteration  0 : ||r|| = 0.0408581
   Pass :  1   Iteration :   0  ||B r|| = 0.000295134 ...
   Pass :  6   Iteration : 300  ||B r|| = 1.64981e-06
GMRES: No convergence!
norm(r_0) 0
norm(r_1) 0
norm(r_2) 0
norm(r_3) 0.01524446450798418
norm(r_4) 0
Newton iteration  1 : ||r|| = 0.0152445, ||r||/||r_0|| = 0.373108
Setting time step: 0.1080497667828709 in DGTransportTDO
Setting time step: 0.1080497667828709 in CombinedOp
Setting time step: 0.1080497667828709 in IonStaticPressureOp
norm(r_0) 0
norm(r_1) 0
norm(r_2) 0
norm(r_3) 0.03715899305906514
norm(r_4) 0
Newton iteration  0 : ||r|| = 0.037159
   Pass :  1   Iteration :   0  ||B r|| = 0.000311266 ...
   Pass :  6   Iteration : 300  ||B r|| = 2.65055e-06
GMRES: No convergence!
norm(r_0) 0
norm(r_1) 0
norm(r_2) 0
norm(r_3) 0.02368585228291179
norm(r_4) 0
Newton iteration  1 : ||r|| = 0.0236859, ||r||/||r_0|| = 0.637419
Setting time step: 0.1080497667828709 in DGTransportTDO
Setting time step: 0.1080497667828709 in CombinedOp
Setting time step: 0.1080497667828709 in IonStaticPressureOp
norm(r_0) 0
norm(r_1) 0
norm(r_2) 0
norm(r_3) 0.03448265313251233
norm(r_4) 0
Newton iteration  0 : ||r|| = 0.0344827
   Pass :  1   Iteration :   0  ||B r|| = 0.000301965 ...
   Pass :  6   Iteration : 300  ||B r|| = 2.23067e-06
GMRES: No convergence!
norm(r_0) 0
norm(r_1) 0
norm(r_2) 0
norm(r_3) 0.02061691226278766
norm(r_4) 0
Newton iteration  1 : ||r|| = 0.0206169, ||r||/||r_0|| = 0.597892
Setting time step: 0.1080497667828709 in DGTransportTDO
Setting time step: 0.1080497667828709 in CombinedOp
Setting time step: 0.1080497667828709 in IonStaticPressureOp
norm(r_0) 0
norm(r_1) 0
norm(r_2) 0
norm(r_3) 0.3358924848194962
norm(r_4) 0
Newton iteration  0 : ||r|| = 0.335892
   Pass :  1   Iteration :   0  ||B r|| = 0.00235123 ...
   Pass :  6   Iteration : 300  ||B r|| = 1.03546e-05
GMRES: No convergence!
norm(r_0) 0
norm(r_1) 0
norm(r_2) 0
norm(r_3) 0.0949932868658758
norm(r_4) 0
Newton iteration  1 : ||r|| = 0.0949933, ||r||/||r_0|| = 0.282809
Time stepping paused at t = 1.194210402832004

Estimating errors.
Setting time step: 0.2026504638758651 in DGTransportTDO
Setting time step: 0.2026504638758651 in CombinedOp
Setting time step: 0.2026504638758651 in IonStaticPressureOp
norm(r_0) 0
norm(r_1) 0
norm(r_2) 0
norm(r_3) 0.09499342362533308
norm(r_4) 0
Newton iteration  0 : ||r|| = 0.0949934
   Pass :  1   Iteration :   0  ||B r|| = 0.000215125 ...
   Pass :  6   Iteration : 300  ||B r|| = 4.26175e-06
GMRES: No convergence!
norm(r_0) 0
norm(r_1) 0
norm(r_2) 0
norm(r_3) 0.0673458850302216
norm(r_4) 0
Newton iteration  1 : ||r|| = 0.0673459, ||r||/||r_0|| = 0.708953
Setting time step: 0.2026504638758651 in DGTransportTDO
Setting time step: 0.2026504638758651 in CombinedOp
Setting time step: 0.2026504638758651 in IonStaticPressureOp
norm(r_0) 0
norm(r_1) 0
norm(r_2) 0
norm(r_3) 0.0619944127578149
norm(r_4) 0
Newton iteration  0 : ||r|| = 0.0619944
   Pass :  1   Iteration :   0  ||B r|| = 3.61464e-05 ...
   Pass :  6   Iteration : 300  ||B r|| = 2.18339e-06
GMRES: No convergence!
norm(r_0) 0
norm(r_1) 0
norm(r_2) 0
norm(r_3) 0.03409703995105227
norm(r_4) 0
Newton iteration  1 : ||r|| = 0.034097, ||r||/||r_0|| = 0.550002
Setting time step: 0.2026504638758651 in DGTransportTDO
Setting time step: 0.2026504638758651 in CombinedOp
Setting time step: 0.2026504638758651 in IonStaticPressureOp
norm(r_0) 0
norm(r_1) 0
norm(r_2) 0
norm(r_3) 0.06640359960264078
norm(r_4) 0
Newton iteration  0 : ||r|| = 0.0664036
   Pass :  1   Iteration :   0  ||B r|| = 7.94145e-05 ...
   Pass :  6   Iteration : 300  ||B r|| = 2.58879e-06
GMRES: No convergence!
norm(r_0) 0
norm(r_1) 0
norm(r_2) 0
norm(r_3) 0.04119521387128929
norm(r_4) 0
Newton iteration  1 : ||r|| = 0.0411952, ||r||/||r_0|| = 0.620376
Setting time step: 0.2026504638758651 in DGTransportTDO
Setting time step: 0.2026504638758651 in CombinedOp
Setting time step: 0.2026504638758651 in IonStaticPressureOp
norm(r_0) 0
norm(r_1) 0
norm(r_2) 0
norm(r_3) 0.06708445044969226
norm(r_4) 0
Newton iteration  0 : ||r|| = 0.0670845
   Pass :  1   Iteration :   0  ||B r|| = 0.000108928 ...
   Pass :  6   Iteration : 300  ||B r|| = 2.86722e-06
GMRES: No convergence!
norm(r_0) 0
norm(r_1) 0
norm(r_2) 0
norm(r_3) 0.04758558576689564
norm(r_4) 0
Newton iteration  1 : ||r|| = 0.0475856, ||r||/||r_0|| = 0.709339
Setting time step: 0.2026504638758651 in DGTransportTDO
Setting time step: 0.2026504638758651 in CombinedOp
Setting time step: 0.2026504638758651 in IonStaticPressureOp
norm(r_0) 0
norm(r_1) 0
norm(r_2) 0
norm(r_3) 0.4457732721558095
norm(r_4) 0
Newton iteration  0 : ||r|| = 0.445773
   Pass :  1   Iteration :   0  ||B r|| = 0.00102755 ...
   Pass :  6   Iteration : 300  ||B r|| = 4.10195e-06
GMRES: No convergence!
norm(r_0) 0
norm(r_1) 0
norm(r_2) 0
norm(r_3) 0.06340405832299291
norm(r_4) 0
Newton iteration  1 : ||r|| = 0.0634041, ||r||/||r_0|| = 0.142234
Setting time step: 0.4053009277517302 in DGTransportTDO
Setting time step: 0.4053009277517302 in CombinedOp
Setting time step: 0.4053009277517302 in IonStaticPressureOp
norm(r_0) 0
norm(r_1) 0
norm(r_2) 0
norm(r_3) 0.06340409748802013
norm(r_4) 0
Newton iteration  0 : ||r|| = 0.0634041
   Pass :  1   Iteration :   0  ||B r|| = 3.45088e-05 ...
   Pass :  6   Iteration : 300  ||B r|| = 1.34382e-06
GMRES: No convergence!
norm(r_0) 0
norm(r_1) 0
norm(r_2) 0
norm(r_3) 0.04482528824014428
norm(r_4) 0
Newton iteration  1 : ||r|| = 0.0448253, ||r||/||r_0|| = 0.706978
Setting time step: 0.4053009277517302 in DGTransportTDO
Setting time step: 0.4053009277517302 in CombinedOp
Setting time step: 0.4053009277517302 in IonStaticPressureOp
norm(r_0) 0
norm(r_1) 0
norm(r_2) 0
norm(r_3) 0.0364672761337812
norm(r_4) 0
Newton iteration  0 : ||r|| = 0.0364673
   Pass :  1   Iteration :   0  ||B r|| = 7.62445e-05 ...
   Pass :  2   Iteration :  82  ||B r|| = 9.9989e-07
norm(r_0) 0
norm(r_1) 0
norm(r_2) 0
norm(r_3) 0.03010658679766237
norm(r_4) 0
Newton iteration  1 : ||r|| = 0.0301066, ||r||/||r_0|| = 0.825578
Setting time step: 0.4053009277517302 in DGTransportTDO
Setting time step: 0.4053009277517302 in CombinedOp
Setting time step: 0.4053009277517302 in IonStaticPressureOp
norm(r_0) 0
norm(r_1) 0
norm(r_2) 0
norm(r_3) 0.04153285822910622
norm(r_4) 0
Newton iteration  0 : ||r|| = 0.0415329
   Pass :  1   Iteration :   0  ||B r|| = 5.25381e-05 ...
   Pass :  5   Iteration : 250  ||B r|| = 9.62035e-07
norm(r_0) 0
norm(r_1) 0
norm(r_2) 0
norm(r_3) 0.03191762497261815
norm(r_4) 0
Newton iteration  1 : ||r|| = 0.0319176, ||r||/||r_0|| = 0.768491
Setting time step: 0.4053009277517302 in DGTransportTDO
Setting time step: 0.4053009277517302 in CombinedOp
Setting time step: 0.4053009277517302 in IonStaticPressureOp
norm(r_0) 0
norm(r_1) 0
norm(r_2) 0
norm(r_3) 0.04284585132385581
norm(r_4) 0
Newton iteration  0 : ||r|| = 0.0428459
   Pass :  1   Iteration :   0  ||B r|| = 3.72911e-05 ...
   Pass :  6   Iteration : 300  ||B r|| = 1.02624e-06
GMRES: No convergence!
norm(r_0) 0
norm(r_1) 0
norm(r_2) 0
norm(r_3) 0.03600134696385597
norm(r_4) 0
Newton iteration  1 : ||r|| = 0.0360013, ||r||/||r_0|| = 0.840253
Setting time step: 0.4053009277517302 in DGTransportTDO
Setting time step: 0.4053009277517302 in CombinedOp
Setting time step: 0.4053009277517302 in IonStaticPressureOp
norm(r_0) 0
norm(r_1) 0
norm(r_2) 0
norm(r_3) 0.4937914170019003
norm(r_4) 0
Newton iteration  0 : ||r|| = 0.493791
   Pass :  1   Iteration :   0  ||B r|| = 0.000121508 ...
   Pass :  6   Iteration : 300  ||B r|| = 2.30301e-06
GMRES: No convergence!
norm(r_0) 0
norm(r_1) 0
norm(r_2) 0
norm(r_3) 0.0639408266841878
norm(r_4) 0
Newton iteration  1 : ||r|| = 0.0639408, ||r||/||r_0|| = 0.12949
Setting time step: 0.8106018555034603 in DGTransportTDO
Setting time step: 0.8106018555034603 in CombinedOp
Setting time step: 0.8106018555034603 in IonStaticPressureOp
norm(r_0) 0
norm(r_1) 0
norm(r_2) 0
norm(r_3) 0.06394085193850507
norm(r_4) 0
Newton iteration  0 : ||r|| = 0.0639409
   Pass :  1   Iteration :   0  ||B r|| = 2.83928e-05 ...
   Pass :  4   Iteration : 191  ||B r|| = 9.99477e-07
norm(r_0) 0
norm(r_1) 0
norm(r_2) 0
norm(r_3) 0.05655510258545523
norm(r_4) 0
Newton iteration  1 : ||r|| = 0.0565551, ||r||/||r_0|| = 0.884491
Setting time step: 0.8106018555034603 in DGTransportTDO
Setting time step: 0.8106018555034603 in CombinedOp
Setting time step: 0.8106018555034603 in IonStaticPressureOp
norm(r_0) 0
norm(r_1) 0
norm(r_2) 0
norm(r_3) 0.05727423084776396
norm(r_4) 0
Newton iteration  0 : ||r|| = 0.0572742
   Pass :  1   Iteration :   0  ||B r|| = 1.83672e-05 ...
   Pass :  1   Iteration :  21  ||B r|| = 9.835e-07
norm(r_0) 0
norm(r_1) 0
norm(r_2) 0
norm(r_3) 0.050702935469484
norm(r_4) 0
Newton iteration  1 : ||r|| = 0.0507029, ||r||/||r_0|| = 0.885266
Setting time step: 0.8106018555034603 in DGTransportTDO
Setting time step: 0.8106018555034603 in CombinedOp
Setting time step: 0.8106018555034603 in IonStaticPressureOp
norm(r_0) 0
norm(r_1) 0
norm(r_2) 0
norm(r_3) 0.05720527021340084
norm(r_4) 0
Newton iteration  0 : ||r|| = 0.0572053
   Pass :  1   Iteration :   0  ||B r|| = 6.40114e-06 ...
   Pass :  1   Iteration :  22  ||B r|| = 9.89271e-07
norm(r_0) 0
norm(r_1) 0
norm(r_2) 0
norm(r_3) 0.05410221296692393
norm(r_4) 0
Newton iteration  1 : ||r|| = 0.0541022, ||r||/||r_0|| = 0.945756
Setting time step: 0.8106018555034603 in DGTransportTDO
Setting time step: 0.8106018555034603 in CombinedOp
Setting time step: 0.8106018555034603 in IonStaticPressureOp
norm(r_0) 0
norm(r_1) 0
norm(r_2) 0
norm(r_3) 0.05744591805545721
norm(r_4) 0
Newton iteration  0 : ||r|| = 0.0574459
   Pass :  1   Iteration :   0  ||B r|| = 1.02855e-06 ...
   Pass :  1   Iteration :  34  ||B r|| = 9.98937e-07
norm(r_0) 0
norm(r_1) 0
norm(r_2) 0
norm(r_3) 0.057908324324139
norm(r_4) 0
Newton iteration  1 : ||r|| = 0.0579083, ||r||/||r_0|| = 1.00805
Setting time step: 0.8106018555034603 in DGTransportTDO
Setting time step: 0.8106018555034603 in CombinedOp
Setting time step: 0.8106018555034603 in IonStaticPressureOp
norm(r_0) 0
norm(r_1) 0
norm(r_2) 0
norm(r_3) 0.2708524407698161
norm(r_4) 0
Newton iteration  0 : ||r|| = 0.270852
   Pass :  1   Iteration :   0  ||B r|| = 3.78406e-05 ...
   Pass :  2   Iteration :  93  ||B r|| = 9.92904e-07
norm(r_0) 0
norm(r_1) 0
norm(r_2) 0
norm(r_3) 0.05437561927923179
norm(r_4) 0
Newton iteration  1 : ||r|| = 0.0543756, ||r||/||r_0|| = 0.200757
Setting time step: 1.621203711006921 in DGTransportTDO
Setting time step: 1.621203711006921 in CombinedOp
Setting time step: 1.621203711006921 in IonStaticPressureOp
norm(r_0) 0
norm(r_1) 0
norm(r_2) 0
norm(r_3) 0.05437562190928038
norm(r_4) 0
Newton iteration  0 : ||r|| = 0.0543756
   Pass :  1   Iteration :   0  ||B r|| = 1.90696e-06 ...
   Pass :  1   Iteration :   2  ||B r|| = 6.35787e-07
norm(r_0) 0
norm(r_1) 0
norm(r_2) 0
norm(r_3) 0.08658025119570933
norm(r_4) 0
Newton iteration  1 : ||r|| = 0.0865803, ||r||/||r_0|| = 1.59226
Setting time step: 1.621203711006921 in DGTransportTDO
Setting time step: 1.621203711006921 in CombinedOp
Setting time step: 1.621203711006921 in IonStaticPressureOp
norm(r_0) 0
norm(r_1) 0
norm(r_2) 0
norm(r_3) 0.1353296891185375
norm(r_4) 0
Newton iteration  0 : ||r|| = 0.13533
   Pass :  1   Iteration :   0  ||B r|| = 1.9048e-06 ...
   Pass :  1   Iteration :   1  ||B r|| = 8.19736e-07
norm(r_0) 0
norm(r_1) 0
norm(r_2) 0
norm(r_3) 0.02779898015394809
norm(r_4) 0
Newton iteration  1 : ||r|| = 0.027799, ||r||/||r_0|| = 0.205417
Setting time step: 1.621203711006921 in DGTransportTDO
Setting time step: 1.621203711006921 in CombinedOp
Setting time step: 1.621203711006921 in IonStaticPressureOp
norm(r_0) 0
norm(r_1) 0
norm(r_2) 0
norm(r_3) 0.1256931064572066
norm(r_4) 0
Newton iteration  0 : ||r|| = 0.125693
   Pass :  1   Iteration :   0  ||B r|| = 1.1246e-06 ...
   Pass :  1   Iteration :   1  ||B r|| = 6.34033e-07
norm(r_0) 0
norm(r_1) 0
norm(r_2) 0
norm(r_3) 0.04754556041492457
norm(r_4) 0
Newton iteration  1 : ||r|| = 0.0475456, ||r||/||r_0|| = 0.378267
Setting time step: 1.621203711006921 in DGTransportTDO
Setting time step: 1.621203711006921 in CombinedOp
Setting time step: 1.621203711006921 in IonStaticPressureOp
norm(r_0) 0
norm(r_1) 0
norm(r_2) 0
norm(r_3) 0.1095822585636927
norm(r_4) 0
Newton iteration  0 : ||r|| = 0.109582
   Pass :  1   Iteration :   0  ||B r|| = 7.75762e-07
norm(r_0) 0
norm(r_1) 0
norm(r_2) 0
norm(r_3) 0.1095822585636927
norm(r_4) 0
Newton iteration  1 : ||r|| = 0.109582, ||r||/||r_0|| = 1
Setting time step: 1.621203711006921 in DGTransportTDO
Setting time step: 1.621203711006921 in CombinedOp
Setting time step: 1.621203711006921 in IonStaticPressureOp
norm(r_0) 0
norm(r_1) 0
norm(r_2) 0
norm(r_3) 1.762353903692805
norm(r_4) 0
Newton iteration  0 : ||r|| = 1.76235
   Pass :  1   Iteration :   0  ||B r|| = 1.71282e-05 ...
   Pass :  1   Iteration :   2  ||B r|| = 8.27579e-07
norm(r_0) 0
norm(r_1) 0
norm(r_2) 0
norm(r_3) 0.07452056590658929
norm(r_4) 0
Newton iteration  1 : ||r|| = 0.0745206, ||r||/||r_0|| = 0.0422847
Time stepping paused at t = 13.35323823538391

Estimating errors.
Setting time step: 3.242407422013841 in DGTransportTDO
Setting time step: 3.242407422013841 in CombinedOp
Setting time step: 3.242407422013841 in IonStaticPressureOp
norm(r_0) 0
norm(r_1) 0
norm(r_2) 0
norm(r_3) 0.0745205658791304
norm(r_4) 0
Newton iteration  0 : ||r|| = 0.0745206
   Pass :  1   Iteration :   0  ||B r|| = 4.15176e-07
norm(r_0) 0
norm(r_1) 0
norm(r_2) 0
norm(r_3) 0.0745205658791304
norm(r_4) 0
Newton iteration  1 : ||r|| = 0.0745206, ||r||/||r_0|| = 1
Setting time step: 3.242407422013841 in DGTransportTDO
Setting time step: 3.242407422013841 in CombinedOp
Setting time step: 3.242407422013841 in IonStaticPressureOp
norm(r_0) 0
norm(r_1) 0
norm(r_2) 0
norm(r_3) 0.0745205658791304
norm(r_4) 0
Newton iteration  0 : ||r|| = 0.0745206
   Pass :  1   Iteration :   0  ||B r|| = 4.15176e-07
norm(r_0) 0
norm(r_1) 0
norm(r_2) 0
norm(r_3) 0.0745205658791304
norm(r_4) 0
Newton iteration  1 : ||r|| = 0.0745206, ||r||/||r_0|| = 1
Setting time step: 3.242407422013841 in DGTransportTDO
Setting time step: 3.242407422013841 in CombinedOp
Setting time step: 3.242407422013841 in IonStaticPressureOp
norm(r_0) 0
norm(r_1) 0
norm(r_2) 0
norm(r_3) 0.0745205658791304
norm(r_4) 0
Newton iteration  0 : ||r|| = 0.0745206
   Pass :  1   Iteration :   0  ||B r|| = 4.15176e-07
norm(r_0) 0
norm(r_1) 0
norm(r_2) 0
norm(r_3) 0.0745205658791304
norm(r_4) 0
Newton iteration  1 : ||r|| = 0.0745206, ||r||/||r_0|| = 1
Setting time step: 3.242407422013841 in DGTransportTDO
Setting time step: 3.242407422013841 in CombinedOp
Setting time step: 3.242407422013841 in IonStaticPressureOp
norm(r_0) 0
norm(r_1) 0
norm(r_2) 0
norm(r_3) 0.0745205658791304
norm(r_4) 0
Newton iteration  0 : ||r|| = 0.0745206
   Pass :  1   Iteration :   0  ||B r|| = 4.15176e-07
norm(r_0) 0
norm(r_1) 0
norm(r_2) 0
norm(r_3) 0.0745205658791304
norm(r_4) 0
Newton iteration  1 : ||r|| = 0.0745206, ||r||/||r_0|| = 1
Setting time step: 3.242407422013841 in DGTransportTDO
Setting time step: 3.242407422013841 in CombinedOp
Setting time step: 3.242407422013841 in IonStaticPressureOp
norm(r_0) 0
norm(r_1) 0
norm(r_2) 0
norm(r_3) 0.0745205658791304
norm(r_4) 0
Newton iteration  0 : ||r|| = 0.0745206
   Pass :  1   Iteration :   0  ||B r|| = 4.15176e-07
norm(r_0) 0
norm(r_1) 0
norm(r_2) 0
norm(r_3) 0.0745205658791304
norm(r_4) 0
Newton iteration  1 : ||r|| = 0.0745206, ||r||/||r_0|| = 1
Setting time step: 3.242407422013841 in DGTransportTDO
Setting time step: 3.242407422013841 in CombinedOp
Setting time step: 3.242407422013841 in IonStaticPressureOp
norm(r_0) 0
norm(r_1) 0
norm(r_2) 0
norm(r_3) 0.0745205658791304
norm(r_4) 0
Newton iteration  0 : ||r|| = 0.0745206
   Pass :  1   Iteration :   0  ||B r|| = 4.15176e-07
norm(r_0) 0
norm(r_1) 0
norm(r_2) 0
norm(r_3) 0.0745205658791304
norm(r_4) 0
Newton iteration  1 : ||r|| = 0.0745206, ||r||/||r_0|| = 1
Setting time step: 3.242407422013841 in DGTransportTDO
Setting time step: 3.242407422013841 in CombinedOp
Setting time step: 3.242407422013841 in IonStaticPressureOp
norm(r_0) 0
norm(r_1) 0
norm(r_2) 0
norm(r_3) 0.0745205658791304
norm(r_4) 0
Newton iteration  0 : ||r|| = 0.0745206
   Pass :  1   Iteration :   0  ||B r|| = 4.15176e-07
norm(r_0) 0
norm(r_1) 0
norm(r_2) 0
norm(r_3) 0.0745205658791304
norm(r_4) 0
Newton iteration  1 : ||r|| = 0.0745206, ||r||/||r_0|| = 1
Setting time step: 3.242407422013841 in DGTransportTDO
Setting time step: 3.242407422013841 in CombinedOp
Setting time step: 3.242407422013841 in IonStaticPressureOp
norm(r_0) 0
norm(r_1) 0
norm(r_2) 0
norm(r_3) 0.0745205658791304
norm(r_4) 0
Newton iteration  0 : ||r|| = 0.0745206
   Pass :  1   Iteration :   0  ||B r|| = 4.15176e-07
norm(r_0) 0
norm(r_1) 0
norm(r_2) 0
norm(r_3) 0.0745205658791304
norm(r_4) 0
Newton iteration  1 : ||r|| = 0.0745206, ||r||/||r_0|| = 1
Setting time step: 3.242407422013841 in DGTransportTDO
Setting time step: 3.242407422013841 in CombinedOp
Setting time step: 3.242407422013841 in IonStaticPressureOp
norm(r_0) 0
norm(r_1) 0
norm(r_2) 0
norm(r_3) 0.0745205658791304
norm(r_4) 0
Newton iteration  0 : ||r|| = 0.0745206
   Pass :  1   Iteration :   0  ||B r|| = 4.15176e-07
norm(r_0) 0
norm(r_1) 0
norm(r_2) 0
norm(r_3) 0.0745205658791304
norm(r_4) 0
Newton iteration  1 : ||r|| = 0.0745206, ||r||/||r_0|| = 1
Setting time step: 3.242407422013841 in DGTransportTDO
Setting time step: 3.242407422013841 in CombinedOp
Setting time step: 3.242407422013841 in IonStaticPressureOp
norm(r_0) 0
norm(r_1) 0
norm(r_2) 0
norm(r_3) 0.0745205658791304
norm(r_4) 0
Newton iteration  0 : ||r|| = 0.0745206
   Pass :  1   Iteration :   0  ||B r|| = 4.15176e-07
norm(r_0) 0
norm(r_1) 0
norm(r_2) 0
norm(r_3) 0.0745205658791304
norm(r_4) 0
Newton iteration  1 : ||r|| = 0.0745206, ||r||/||r_0|| = 1
Setting time step: 3.242407422013841 in DGTransportTDO
Setting time step: 3.242407422013841 in CombinedOp
Setting time step: 3.242407422013841 in IonStaticPressureOp
norm(r_0) 0
norm(r_1) 0
norm(r_2) 0
norm(r_3) 0.0745205658791304
norm(r_4) 0
Newton iteration  0 : ||r|| = 0.0745206
   Pass :  1   Iteration :   0  ||B r|| = 4.15176e-07
norm(r_0) 0
norm(r_1) 0
norm(r_2) 0
norm(r_3) 0.0745205658791304
norm(r_4) 0
Newton iteration  1 : ||r|| = 0.0745206, ||r||/||r_0|| = 1
Setting time step: 3.242407422013841 in DGTransportTDO
Setting time step: 3.242407422013841 in CombinedOp
Setting time step: 3.242407422013841 in IonStaticPressureOp
norm(r_0) 0
norm(r_1) 0
norm(r_2) 0
norm(r_3) 0.0745205658791304
norm(r_4) 0
Newton iteration  0 : ||r|| = 0.0745206
   Pass :  1   Iteration :   0  ||B r|| = 4.15176e-07
norm(r_0) 0
norm(r_1) 0
norm(r_2) 0
norm(r_3) 0.0745205658791304
norm(r_4) 0
Newton iteration  1 : ||r|| = 0.0745206, ||r||/||r_0|| = 1
Setting time step: 3.242407422013841 in DGTransportTDO
Setting time step: 3.242407422013841 in CombinedOp
Setting time step: 3.242407422013841 in IonStaticPressureOp
norm(r_0) 0
norm(r_1) 0
norm(r_2) 0
norm(r_3) 0.0745205658791304
norm(r_4) 0
Newton iteration  0 : ||r|| = 0.0745206
   Pass :  1   Iteration :   0  ||B r|| = 4.15176e-07
norm(r_0) 0
norm(r_1) 0
norm(r_2) 0
norm(r_3) 0.0745205658791304
norm(r_4) 0
Newton iteration  1 : ||r|| = 0.0745206, ||r||/||r_0|| = 1
Setting time step: 3.242407422013841 in DGTransportTDO
Setting time step: 3.242407422013841 in CombinedOp
Setting time step: 3.242407422013841 in IonStaticPressureOp
norm(r_0) 0
norm(r_1) 0
norm(r_2) 0
norm(r_3) 0.0745205658791304
norm(r_4) 0
Newton iteration  0 : ||r|| = 0.0745206
   Pass :  1   Iteration :   0  ||B r|| = 4.15176e-07
norm(r_0) 0
norm(r_1) 0
norm(r_2) 0
norm(r_3) 0.0745205658791304
norm(r_4) 0
Newton iteration  1 : ||r|| = 0.0745206, ||r||/||r_0|| = 1
Setting time step: 3.242407422013841 in DGTransportTDO
Setting time step: 3.242407422013841 in CombinedOp
Setting time step: 3.242407422013841 in IonStaticPressureOp
norm(r_0) 0
norm(r_1) 0
norm(r_2) 0
norm(r_3) 0.0745205658791304
norm(r_4) 0
Newton iteration  0 : ||r|| = 0.0745206
   Pass :  1   Iteration :   0  ||B r|| = 4.15176e-07
norm(r_0) 0
norm(r_1) 0
norm(r_2) 0
norm(r_3) 0.0745205658791304
norm(r_4) 0
Newton iteration  1 : ||r|| = 0.0745206, ||r||/||r_0|| = 1
Setting time step: 3.242407422013841 in DGTransportTDO
Setting time step: 3.242407422013841 in CombinedOp
Setting time step: 3.242407422013841 in IonStaticPressureOp
norm(r_0) 0
norm(r_1) 0
norm(r_2) 0
norm(r_3) 0.0745205658791304
norm(r_4) 0
Newton iteration  0 : ||r|| = 0.0745206
   Pass :  1   Iteration :   0  ||B r|| = 4.15176e-07
norm(r_0) 0
norm(r_1) 0
norm(r_2) 0
norm(r_3) 0.0745205658791304
norm(r_4) 0
Newton iteration  1 : ||r|| = 0.0745206, ||r||/||r_0|| = 1
Setting time step: 3.242407422013841 in DGTransportTDO
Setting time step: 3.242407422013841 in CombinedOp
Setting time step: 3.242407422013841 in IonStaticPressureOp
norm(r_0) 0
norm(r_1) 0
norm(r_2) 0
norm(r_3) 0.0745205658791304
norm(r_4) 0
Newton iteration  0 : ||r|| = 0.0745206
   Pass :  1   Iteration :   0  ||B r|| = 4.15176e-07
norm(r_0) 0
norm(r_1) 0
norm(r_2) 0
norm(r_3) 0.0745205658791304
norm(r_4) 0
Newton iteration  1 : ||r|| = 0.0745206, ||r||/||r_0|| = 1
Setting time step: 3.242407422013841 in DGTransportTDO
Setting time step: 3.242407422013841 in CombinedOp
Setting time step: 3.242407422013841 in IonStaticPressureOp
norm(r_0) 0
norm(r_1) 0
norm(r_2) 0
norm(r_3) 0.0745205658791304
norm(r_4) 0
Newton iteration  0 : ||r|| = 0.0745206
   Pass :  1   Iteration :   0  ||B r|| = 4.15176e-07
norm(r_0) 0
norm(r_1) 0
norm(r_2) 0
norm(r_3) 0.0745205658791304
norm(r_4) 0
Newton iteration  1 : ||r|| = 0.0745206, ||r||/||r_0|| = 1
Setting time step: 3.242407422013841 in DGTransportTDO
Setting time step: 3.242407422013841 in CombinedOp
Setting time step: 3.242407422013841 in IonStaticPressureOp
norm(r_0) 0
norm(r_1) 0
norm(r_2) 0
norm(r_3) 0.0745205658791304
norm(r_4) 0
Newton iteration  0 : ||r|| = 0.0745206
   Pass :  1   Iteration :   0  ||B r|| = 4.15176e-07
norm(r_0) 0
norm(r_1) 0
norm(r_2) 0
norm(r_3) 0.0745205658791304
norm(r_4) 0
Newton iteration  1 : ||r|| = 0.0745206, ||r||/||r_0|| = 1
Setting time step: 3.242407422013841 in DGTransportTDO
Setting time step: 3.242407422013841 in CombinedOp
Setting time step: 3.242407422013841 in IonStaticPressureOp
norm(r_0) 0
norm(r_1) 0
norm(r_2) 0
norm(r_3) 0.0745205658791304
norm(r_4) 0
Newton iteration  0 : ||r|| = 0.0745206
   Pass :  1   Iteration :   0  ||B r|| = 4.15176e-07
norm(r_0) 0
norm(r_1) 0
norm(r_2) 0
norm(r_3) 0.0745205658791304
norm(r_4) 0
Newton iteration  1 : ||r|| = 0.0745206, ||r||/||r_0|| = 1
Time stepping paused at t = 65.23175698760537
Steady State solution has been reached

Time stepping done after 86.829987829s.
