Options used:
   --mesh ../../mfem/data/inline-quad.mesh
   --bc-file ../../mfem/miniapps/plasma/transport2d_bcs.inp
   --ic-file ../../mfem/miniapps/plasma/transport2d_ics.inp
   --ec-file /home/gz6/mfem-analysis/input-files/transport2d_ecs.inp
   --es-file ../../mfem/miniapps/plasma/transport2d_ess.inp
   --eqdsk-file 
   --logging 1
   --operator-test 8
   --equation-weights '1 1 1 1 1'
   --problem 0
   --refine-serial 4
   --refine-parallel 0
   --enable-amr
   --max-err -1
   --hysteresis 0.25
   --nc-limit 3
   --amr-weights '1 1 1 1 1'
   --order 5
   --dg-sigma -1
   --dg-kappa 36
   --linear-abs-tolerance 1e-06
   --linear-rel-tolerance 1e-06
   --linear-max-iterations 500
   --linear-logging-level 3
   --newton-abs-tolerance 1e-10
   --newton-rel-tolerance 1e-10
   --newton-max-iterations 1
   --newton-logging-level 1
   --steady-state-abs-tolerance 1e-08
   --steady-state-rel-tolerance 1e-08
   --prec-type 1
   --prec-logging-level 0
   --initial-tolerance 1e-05
   --ode-tolerance 0.001
   --ode-solver 2
   --err-per-step
   --ode-weights '1 1 1 1 1'
   --kP 0
   --kI 0.6
   --kD 0
   --theta-max 2
   --t-minimum 0
   --t-final 100
   --time-step 0.01
   --cfl-number 0.3
   --ion-charge 1
   --ion-mass 2.0141018
   --neutral-mass 2.0141018
   --neutral-temp 3
   --min-neutral-density 9e+14
   --max-neutral-density 1e+15
   --neutral-density-exp 0
   --min-ion-density 1e+16
   --max-ion-density 1e+18
   --ion-density-exp 0
   --min-ion-temp 1
   --max-ion-temp 10
   --ion-temp-exp 0
   --min-electron-temp 10
   --max-electron-temp 440
   --electron-temp-exp 0
   --total-B-magnitude 5
   --poloidal-B-magnitude 0.5
   --velocity 1000
   --Di-perp 1
   --Xi-perp 1
   --Xe-perp 1
   --equation-term-flags '-1 -1 -1 -1 -1'
   --visualization-flags '-1 -1 -1 -1 -1'
   --visualization
   --visit-datafiles
   --ascii-datafiles
   --visualization-steps 4
Device configuration: cpu
Memory configuration: host-std
Number of elements in initial mesh: 16
5: Number of elements in parallel mesh: 256
5: Number of elements after parallel refinement: 256
6: Number of elements in parallel mesh: 256
6: Number of elements after parallel refinement: 256
14: Number of elements in parallel mesh: 256
14: Number of elements after parallel refinement: 256
15: Number of elements in parallel mesh: 256
15: Number of elements after parallel refinement: 256
9: Number of elements in parallel mesh: 256
9: Number of elements after parallel refinement: 256
12: Number of elements in parallel mesh: 256
12: Number of elements after parallel refinement: 256
Number of elements after serial refinement: 4096
7: Number of elements in parallel mesh: 256
7: Number of elements after parallel refinement: 256
11: Number of elements in parallel mesh: 256
11: Number of elements after parallel refinement: 256
8: Number of elements in parallel mesh: 256
8: Number of elements after parallel refinement: 256
4: Number of elements in parallel mesh: 256
4: Number of elements after parallel refinement: 256
0: Number of elements in parallel mesh: 256
0: Number of elements after parallel refinement: 256
1: Number of elements in parallel mesh: 256
1: Number of elements after parallel refinement: 256
10: Number of elements in parallel mesh: 256
10: Number of elements after parallel refinement: 256
2: Number of elements in parallel mesh: 256
2: Number of elements after parallel refinement: 256
3: Number of elements in parallel mesh: 256
3: Number of elements after parallel refinement: 256
13: Number of elements in parallel mesh: 256
13: Number of elements after parallel refinement: 256
Configuring initial conditions
Reading initial conditions from ../../mfem/miniapps/plasma/transport2d_ics.inp
Configuring exact solutions
Reading exact solutions from ../../mfem/miniapps/plasma/transport2d_ess.inp

AMR iteration 0
Number of unknowns: 147456
Reached the maximum number of dofs. Stop.
Number of unknowns per field: 147456
Total number of unknowns:     737280
Configuring boundary conditions
Reading boundary conditions from ../../mfem/miniapps/plasma/transport2d_bcs.inp
Configuring equation coefficients
Reading equation coefficients from /home/gz6/mfem-analysis/input-files/transport2d_ecs.inp
|mn| = 3.3444946e-27
|ni| = 1
|ne| = 1

|Dn|     = -nan
|Di|     = -nan
|Eta|    = -nan
|nXi|    = -nan
|nXe|    = -nan

|Eta/mn| = -nan
|nXi/ni| = -nan
|nXe/ne| = -nan
Ion Static Pressure: Adding time derivative term proportional to d n_i / dt
Ion Static Pressure: Adding time derivative term proportional to d T_i / dt
Ion Static Pressure: Adding anisotropic diffusion term
Ion Static Pressure: Adding source term
Opening GLVis sockets.
Range of error estimates for initial condition: -nan < elem err < -nan

Begin time stepping at t = 0
Setting time step: 0.0025 in DGTransportTDO
Setting time step: 0.0025 in CombinedOp
Setting time step: 0.0025 in IonStaticPressureOp
norm(r_0) 0
norm(r_1) 0
norm(r_2) 0
norm(r_3) 0.029180445
norm(r_4) 0
Newton iteration  0 : ||r|| = 0.0291804
   Pass :  1   Iteration :   0  ||B r|| = 1398.48 ...
   Pass :  1   Iteration :  50  ||B r|| = 0.00135071
norm(r_0) 0
norm(r_1) 0
norm(r_2) 0
norm(r_3) 0.00019012511
norm(r_4) 0
Newton iteration  1 : ||r|| = 0.000190125, ||r||/||r_0|| = 0.0065155
Setting time step: 0.0025 in DGTransportTDO
Setting time step: 0.0025 in CombinedOp
Setting time step: 0.0025 in IonStaticPressureOp
norm(r_0) 0
norm(r_1) 0
norm(r_2) 0
norm(r_3) 0.027323693
norm(r_4) 0
Newton iteration  0 : ||r|| = 0.0273237
   Pass :  1   Iteration :   0  ||B r|| = 1309.39 ...
   Pass :  2   Iteration :  51  ||B r|| = 0.00126187
norm(r_0) 0
norm(r_1) 0
norm(r_2) 0
norm(r_3) 0.00017651685
norm(r_4) 0
Newton iteration  1 : ||r|| = 0.000176517, ||r||/||r_0|| = 0.00646021
Setting time step: 0.0025 in DGTransportTDO
Setting time step: 0.0025 in CombinedOp
Setting time step: 0.0025 in IonStaticPressureOp
norm(r_0) 0
norm(r_1) 0
norm(r_2) 0
norm(r_3) 0.028056795
norm(r_4) 0
Newton iteration  0 : ||r|| = 0.0280568
   Pass :  1   Iteration :   0  ||B r|| = 1344.57 ...
   Pass :  2   Iteration :  51  ||B r|| = 0.00127778
norm(r_0) 0
norm(r_1) 0
norm(r_2) 0
norm(r_3) 0.00017829877
norm(r_4) 0
Newton iteration  1 : ||r|| = 0.000178299, ||r||/||r_0|| = 0.00635492
Setting time step: 0.0025 in DGTransportTDO
Setting time step: 0.0025 in CombinedOp
Setting time step: 0.0025 in IonStaticPressureOp
norm(r_0) 0
norm(r_1) 0
norm(r_2) 0
norm(r_3) 0.028243705
norm(r_4) 0
Newton iteration  0 : ||r|| = 0.0282437
   Pass :  1   Iteration :   0  ||B r|| = 1353.55 ...
   Pass :  1   Iteration :  50  ||B r|| = 0.00135146
norm(r_0) 0
norm(r_1) 0
norm(r_2) 0
norm(r_3) 0.00019142256
norm(r_4) 0
Newton iteration  1 : ||r|| = 0.000191423, ||r||/||r_0|| = 0.00677753
Setting time step: 0.0025 in DGTransportTDO
Setting time step: 0.0025 in CombinedOp
Setting time step: 0.0025 in IonStaticPressureOp
norm(r_0) 0
norm(r_1) 0
norm(r_2) 0
norm(r_3) 0.026664262
norm(r_4) 0
Newton iteration  0 : ||r|| = 0.0266643
   Pass :  1   Iteration :   0  ||B r|| = 1266.37 ...
   Pass :  1   Iteration :  50  ||B r|| = 0.0011856
norm(r_0) 0
norm(r_1) 0
norm(r_2) 0
norm(r_3) 0.0001655415
norm(r_4) 0
Newton iteration  1 : ||r|| = 0.000165542, ||r||/||r_0|| = 0.00620837
Setting time step: 0.005 in DGTransportTDO
Setting time step: 0.005 in CombinedOp
Setting time step: 0.005 in IonStaticPressureOp
norm(r_0) 0
norm(r_1) 0
norm(r_2) 0
norm(r_3) 0.025582693
norm(r_4) 0
Newton iteration  0 : ||r|| = 0.0255827
   Pass :  1   Iteration :   0  ||B r|| = 961.376 ...
   Pass :  2   Iteration :  57  ||B r|| = 0.000918801
norm(r_0) 0
norm(r_1) 0
norm(r_2) 0
norm(r_3) 0.00025332206
norm(r_4) 0
Newton iteration  1 : ||r|| = 0.000253322, ||r||/||r_0|| = 0.00990209
Setting time step: 0.005 in DGTransportTDO
Setting time step: 0.005 in CombinedOp
Setting time step: 0.005 in IonStaticPressureOp
norm(r_0) 0
norm(r_1) 0
norm(r_2) 0
norm(r_3) 0.022427102
norm(r_4) 0
Newton iteration  0 : ||r|| = 0.0224271
   Pass :  1   Iteration :   0  ||B r|| = 842.673 ...
   Pass :  2   Iteration :  57  ||B r|| = 0.000825976
norm(r_0) 0
norm(r_1) 0
norm(r_2) 0
norm(r_3) 0.00022974977
norm(r_4) 0
Newton iteration  1 : ||r|| = 0.00022975, ||r||/||r_0|| = 0.0102443
Setting time step: 0.005 in DGTransportTDO
Setting time step: 0.005 in CombinedOp
Setting time step: 0.005 in IonStaticPressureOp
norm(r_0) 0
norm(r_1) 0
norm(r_2) 0
norm(r_3) 0.02365819
norm(r_4) 0
Newton iteration  0 : ||r|| = 0.0236582
   Pass :  1   Iteration :   0  ||B r|| = 888.982 ...
   Pass :  2   Iteration :  57  ||B r|| = 0.000865315
norm(r_0) 0
norm(r_1) 0
norm(r_2) 0
norm(r_3) 0.000240125
norm(r_4) 0
Newton iteration  1 : ||r|| = 0.000240125, ||r||/||r_0|| = 0.0101498
Setting time step: 0.005 in DGTransportTDO
Setting time step: 0.005 in CombinedOp
Setting time step: 0.005 in IonStaticPressureOp
norm(r_0) 0
norm(r_1) 0
norm(r_2) 0
norm(r_3) 0.023978533
norm(r_4) 0
Newton iteration  0 : ||r|| = 0.0239785
   Pass :  1   Iteration :   0  ||B r|| = 901.041 ...
   Pass :  2   Iteration :  57  ||B r|| = 0.000873946
norm(r_0) 0
norm(r_1) 0
norm(r_2) 0
norm(r_3) 0.00024222107
norm(r_4) 0
Newton iteration  1 : ||r|| = 0.000242221, ||r||/||r_0|| = 0.0101016
Setting time step: 0.005 in DGTransportTDO
Setting time step: 0.005 in CombinedOp
Setting time step: 0.005 in IonStaticPressureOp
norm(r_0) 0
norm(r_1) 0
norm(r_2) 0
norm(r_3) 0.020957241
norm(r_4) 0
Newton iteration  0 : ||r|| = 0.0209572
   Pass :  1   Iteration :   0  ||B r|| = 787.527 ...
   Pass :  2   Iteration :  57  ||B r|| = 0.000741764
norm(r_0) 0
norm(r_1) 0
norm(r_2) 0
norm(r_3) 0.00020330149
norm(r_4) 0
Newton iteration  1 : ||r|| = 0.000203301, ||r||/||r_0|| = 0.00970078
Setting time step: 0.01 in DGTransportTDO
Setting time step: 0.01 in CombinedOp
Setting time step: 0.01 in IonStaticPressureOp
norm(r_0) 0
norm(r_1) 0
norm(r_2) 0
norm(r_3) 0.019663558
norm(r_4) 0
Newton iteration  0 : ||r|| = 0.0196636
   Pass :  1   Iteration :   0  ||B r|| = 518.369 ...
   Pass :  2   Iteration :  63  ||B r|| = 0.00050211
norm(r_0) 0
norm(r_1) 0
norm(r_2) 0
norm(r_3) 0.00023077563
norm(r_4) 0
Newton iteration  1 : ||r|| = 0.000230776, ||r||/||r_0|| = 0.0117362
Setting time step: 0.01 in DGTransportTDO
Setting time step: 0.01 in CombinedOp
Setting time step: 0.01 in IonStaticPressureOp
norm(r_0) 0
norm(r_1) 0
norm(r_2) 0
norm(r_3) 0.015092722
norm(r_4) 0
Newton iteration  0 : ||r|| = 0.0150927
   Pass :  1   Iteration :   0  ||B r|| = 397.803 ...
   Pass :  2   Iteration :  63  ||B r|| = 0.000388822
norm(r_0) 0
norm(r_1) 0
norm(r_2) 0
norm(r_3) 0.00017924465
norm(r_4) 0
Newton iteration  1 : ||r|| = 0.000179245, ||r||/||r_0|| = 0.0118762
Setting time step: 0.01 in DGTransportTDO
Setting time step: 0.01 in CombinedOp
Setting time step: 0.01 in IonStaticPressureOp
norm(r_0) 0
norm(r_1) 0
norm(r_2) 0
norm(r_3) 0.01683584
norm(r_4) 0
Newton iteration  0 : ||r|| = 0.0168358
   Pass :  1   Iteration :   0  ||B r|| = 443.786 ...
   Pass :  2   Iteration :  63  ||B r|| = 0.000432561
norm(r_0) 0
norm(r_1) 0
norm(r_2) 0
norm(r_3) 0.00019922572
norm(r_4) 0
Newton iteration  1 : ||r|| = 0.000199226, ||r||/||r_0|| = 0.0118334
Setting time step: 0.01 in DGTransportTDO
Setting time step: 0.01 in CombinedOp
Setting time step: 0.01 in IonStaticPressureOp
norm(r_0) 0
norm(r_1) 0
norm(r_2) 0
norm(r_3) 0.01730692
norm(r_4) 0
Newton iteration  0 : ||r|| = 0.0173069
   Pass :  1   Iteration :   0  ||B r|| = 456.218 ...
   Pass :  2   Iteration :  63  ||B r|| = 0.000444098
norm(r_0) 0
norm(r_1) 0
norm(r_2) 0
norm(r_3) 0.00020445048
norm(r_4) 0
Newton iteration  1 : ||r|| = 0.00020445, ||r||/||r_0|| = 0.0118132
Setting time step: 0.01 in DGTransportTDO
Setting time step: 0.01 in CombinedOp
Setting time step: 0.01 in IonStaticPressureOp
norm(r_0) 0
norm(r_1) 0
norm(r_2) 0
norm(r_3) 0.013147524
norm(r_4) 0
Newton iteration  0 : ||r|| = 0.0131475
   Pass :  1   Iteration :   0  ||B r|| = 346.529 ...
   Pass :  2   Iteration :  63  ||B r|| = 0.000333147
norm(r_0) 0
norm(r_1) 0
norm(r_2) 0
norm(r_3) 0.00015269848
norm(r_4) 0
Newton iteration  1 : ||r|| = 0.000152698, ||r||/||r_0|| = 0.0116142
Setting time step: 0.02 in DGTransportTDO
Setting time step: 0.02 in CombinedOp
Setting time step: 0.02 in IonStaticPressureOp
norm(r_0) 0
norm(r_1) 0
norm(r_2) 0
norm(r_3) 0.011616905
norm(r_4) 0
Newton iteration  0 : ||r|| = 0.0116169
   Pass :  1   Iteration :   0  ||B r|| = 191.689 ...
   Pass :  2   Iteration :  70  ||B r|| = 0.00018327
norm(r_0) 0
norm(r_1) 0
norm(r_2) 0
norm(r_3) 0.00013428516
norm(r_4) 0
Newton iteration  1 : ||r|| = 0.000134285, ||r||/||r_0|| = 0.0115595
Setting time step: 0.02 in DGTransportTDO
Setting time step: 0.02 in CombinedOp
Setting time step: 0.02 in IonStaticPressureOp
norm(r_0) 0
norm(r_1) 0
norm(r_2) 0
norm(r_3) 0.0067783405
norm(r_4) 0
Newton iteration  0 : ||r|| = 0.00677834
   Pass :  1   Iteration :   0  ||B r|| = 111.811 ...
   Pass :  2   Iteration :  70  ||B r|| = 0.000106797
norm(r_0) 0
norm(r_1) 0
norm(r_2) 0
norm(r_3) 7.8261823e-05
norm(r_4) 0
Newton iteration  1 : ||r|| = 7.82618e-05, ||r||/||r_0|| = 0.0115459
Setting time step: 0.02 in DGTransportTDO
Setting time step: 0.02 in CombinedOp
Setting time step: 0.02 in IonStaticPressureOp
norm(r_0) 0
norm(r_1) 0
norm(r_2) 0
norm(r_3) 0.0085519133
norm(r_4) 0
Newton iteration  0 : ||r|| = 0.00855191
   Pass :  1   Iteration :   0  ||B r|| = 141.099 ...
   Pass :  2   Iteration :  70  ||B r|| = 0.00013482
norm(r_0) 0
norm(r_1) 0
norm(r_2) 0
norm(r_3) 9.8792404e-05
norm(r_4) 0
Newton iteration  1 : ||r|| = 9.87924e-05, ||r||/||r_0|| = 0.0115521
Setting time step: 0.02 in DGTransportTDO
Setting time step: 0.02 in CombinedOp
Setting time step: 0.02 in IonStaticPressureOp
norm(r_0) 0
norm(r_1) 0
norm(r_2) 0
norm(r_3) 0.0090641597
norm(r_4) 0
Newton iteration  0 : ||r|| = 0.00906416
   Pass :  1   Iteration :   0  ||B r|| = 149.56 ...
   Pass :  2   Iteration :  70  ||B r|| = 0.000142925
norm(r_0) 0
norm(r_1) 0
norm(r_2) 0
norm(r_3) 0.00010472929
norm(r_4) 0
Newton iteration  1 : ||r|| = 0.000104729, ||r||/||r_0|| = 0.0115542
Setting time step: 0.02 in DGTransportTDO
Setting time step: 0.02 in CombinedOp
Setting time step: 0.02 in IonStaticPressureOp
norm(r_0) 0
norm(r_1) 0
norm(r_2) 0
norm(r_3) 0.0051339275
norm(r_4) 0
Newton iteration  0 : ||r|| = 0.00513393
   Pass :  1   Iteration :   0  ||B r|| = 84.6003 ...
   Pass :  2   Iteration :  70  ||B r|| = 8.10255e-05
norm(r_0) 0
norm(r_1) 0
norm(r_2) 0
norm(r_3) 5.935923e-05
norm(r_4) 0
Newton iteration  1 : ||r|| = 5.93592e-05, ||r||/||r_0|| = 0.0115621
Time stepping paused at t = 0.15
Setting time step: 0.019718727 in DGTransportTDO
Setting time step: 0.019718727 in CombinedOp
Setting time step: 0.019718727 in IonStaticPressureOp
norm(r_0) 0
norm(r_1) 0
norm(r_2) 0
norm(r_3) 0.0040589074
norm(r_4) 0
Newton iteration  0 : ||r|| = 0.00405891
   Pass :  1   Iteration :   0  ||B r|| = 67.6898 ...
   Pass :  2   Iteration :  70  ||B r|| = 6.39801e-05
norm(r_0) 0
norm(r_1) 0
norm(r_2) 0
norm(r_3) 4.6268045e-05
norm(r_4) 0
Newton iteration  1 : ||r|| = 4.6268e-05, ||r||/||r_0|| = 0.0113991
Setting time step: 0.019718727 in DGTransportTDO
Setting time step: 0.019718727 in CombinedOp
Setting time step: 0.019718727 in IonStaticPressureOp
norm(r_0) 0
norm(r_1) 0
norm(r_2) 0
norm(r_3) 0.0023864172
norm(r_4) 0
Newton iteration  0 : ||r|| = 0.00238642
   Pass :  1   Iteration :   0  ||B r|| = 39.7981 ...
   Pass :  2   Iteration :  70  ||B r|| = 3.76102e-05
norm(r_0) 0
norm(r_1) 0
norm(r_2) 0
norm(r_3) 2.7197372e-05
norm(r_4) 0
Newton iteration  1 : ||r|| = 2.71974e-05, ||r||/||r_0|| = 0.0113967
Setting time step: 0.019718727 in DGTransportTDO
Setting time step: 0.019718727 in CombinedOp
Setting time step: 0.019718727 in IonStaticPressureOp
norm(r_0) 0
norm(r_1) 0
norm(r_2) 0
norm(r_3) 0.0030002775
norm(r_4) 0
Newton iteration  0 : ||r|| = 0.00300028
   Pass :  1   Iteration :   0  ||B r|| = 50.0353 ...
   Pass :  2   Iteration :  70  ||B r|| = 4.72877e-05
norm(r_0) 0
norm(r_1) 0
norm(r_2) 0
norm(r_3) 3.4195968e-05
norm(r_4) 0
Newton iteration  1 : ||r|| = 3.4196e-05, ||r||/||r_0|| = 0.0113976
Setting time step: 0.019718727 in DGTransportTDO
Setting time step: 0.019718727 in CombinedOp
Setting time step: 0.019718727 in IonStaticPressureOp
norm(r_0) 0
norm(r_1) 0
norm(r_2) 0
norm(r_3) 0.0031772934
norm(r_4) 0
Newton iteration  0 : ||r|| = 0.00317729
   Pass :  1   Iteration :   0  ||B r|| = 52.9874 ...
   Pass :  2   Iteration :  70  ||B r|| = 5.0079e-05
norm(r_0) 0
norm(r_1) 0
norm(r_2) 0
norm(r_3) 3.6214692e-05
norm(r_4) 0
Newton iteration  1 : ||r|| = 3.62147e-05, ||r||/||r_0|| = 0.011398
Setting time step: 0.019718727 in DGTransportTDO
Setting time step: 0.019718727 in CombinedOp
Setting time step: 0.019718727 in IonStaticPressureOp
norm(r_0) 0
norm(r_1) 0
norm(r_2) 0
norm(r_3) 0.0018126552
norm(r_4) 0
Newton iteration  0 : ||r|| = 0.00181266
   Pass :  1   Iteration :   0  ||B r|| = 30.2288 ...
   Pass :  2   Iteration :  70  ||B r|| = 2.8583e-05
norm(r_0) 0
norm(r_1) 0
norm(r_2) 0
norm(r_3) 2.0671334e-05
norm(r_4) 0
Newton iteration  1 : ||r|| = 2.06713e-05, ||r||/||r_0|| = 0.0114039
Setting time step: 0.038628434 in DGTransportTDO
Setting time step: 0.038628434 in CombinedOp
Setting time step: 0.038628434 in IonStaticPressureOp
norm(r_0) 0
norm(r_1) 0
norm(r_2) 0
norm(r_3) 0.0014391755
norm(r_4) 0
Newton iteration  0 : ||r|| = 0.00143918
   Pass :  1   Iteration :   0  ||B r|| = 13.9594 ...
   Pass :  2   Iteration :  74  ||B r|| = 1.27201e-05
norm(r_0) 0
norm(r_1) 0
norm(r_2) 0
norm(r_3) 1.5906249e-05
norm(r_4) 0
Newton iteration  1 : ||r|| = 1.59062e-05, ||r||/||r_0|| = 0.0110523
Setting time step: 0.038628434 in DGTransportTDO
Setting time step: 0.038628434 in CombinedOp
Setting time step: 0.038628434 in IonStaticPressureOp
norm(r_0) 0
norm(r_1) 0
norm(r_2) 0
norm(r_3) 0.00046997593
norm(r_4) 0
Newton iteration  0 : ||r|| = 0.000469976
   Pass :  1   Iteration :   0  ||B r|| = 4.55039 ...
   Pass :  2   Iteration :  74  ||B r|| = 4.14522e-06
norm(r_0) 0
norm(r_1) 0
norm(r_2) 0
norm(r_3) 5.1848757e-06
norm(r_4) 0
Newton iteration  1 : ||r|| = 5.18488e-06, ||r||/||r_0|| = 0.0110322
Setting time step: 0.038628434 in DGTransportTDO
Setting time step: 0.038628434 in CombinedOp
Setting time step: 0.038628434 in IonStaticPressureOp
norm(r_0) 0
norm(r_1) 0
norm(r_2) 0
norm(r_3) 0.00080508996
norm(r_4) 0
Newton iteration  0 : ||r|| = 0.00080509
   Pass :  1   Iteration :   0  ||B r|| = 7.80663 ...
   Pass :  2   Iteration :  74  ||B r|| = 7.11258e-06
norm(r_0) 0
norm(r_1) 0
norm(r_2) 0
norm(r_3) 8.8952609e-06
norm(r_4) 0
Newton iteration  1 : ||r|| = 8.89526e-06, ||r||/||r_0|| = 0.0110488
Setting time step: 0.038628434 in DGTransportTDO
Setting time step: 0.038628434 in CombinedOp
Setting time step: 0.038628434 in IonStaticPressureOp
norm(r_0) 0
norm(r_1) 0
norm(r_2) 0
norm(r_3) 0.00091197491
norm(r_4) 0
Newton iteration  0 : ||r|| = 0.000911975
   Pass :  1   Iteration :   0  ||B r|| = 8.84473 ...
   Pass :  2   Iteration :  74  ||B r|| = 8.05871e-06
norm(r_0) 0
norm(r_1) 0
norm(r_2) 0
norm(r_3) 1.0078171e-05
norm(r_4) 0
Newton iteration  1 : ||r|| = 1.00782e-05, ||r||/||r_0|| = 0.0110509
Setting time step: 0.038628434 in DGTransportTDO
Setting time step: 0.038628434 in CombinedOp
Setting time step: 0.038628434 in IonStaticPressureOp
norm(r_0) 0
norm(r_1) 0
norm(r_2) 0
norm(r_3) 0.00029916252
norm(r_4) 0
Newton iteration  0 : ||r|| = 0.000299163
   Pass :  1   Iteration :   0  ||B r|| = 2.85827 ...
   Pass :  2   Iteration :  74  ||B r|| = 2.60677e-06
norm(r_0) 0
norm(r_1) 0
norm(r_2) 0
norm(r_3) 3.2576704e-06
norm(r_4) 0
Newton iteration  1 : ||r|| = 3.25767e-06, ||r||/||r_0|| = 0.0108893
Setting time step: 0.042513055 in DGTransportTDO
Setting time step: 0.042513055 in CombinedOp
Setting time step: 0.042513055 in IonStaticPressureOp
norm(r_0) 0
norm(r_1) 0
norm(r_2) 0
norm(r_3) 0.00019537473
norm(r_4) 0
Newton iteration  0 : ||r|| = 0.000195375
   Pass :  1   Iteration :   0  ||B r|| = 1.74486 ...
   Pass :  2   Iteration :  74  ||B r|| = 1.69121e-06
norm(r_0) 0
norm(r_1) 0
norm(r_2) 0
norm(r_3) 2.2946856e-06
norm(r_4) 0
Newton iteration  1 : ||r|| = 2.29469e-06, ||r||/||r_0|| = 0.011745
Setting time step: 0.042513055 in DGTransportTDO
Setting time step: 0.042513055 in CombinedOp
Setting time step: 0.042513055 in IonStaticPressureOp
norm(r_0) 0
norm(r_1) 0
norm(r_2) 0
norm(r_3) 5.5204193e-05
norm(r_4) 0
Newton iteration  0 : ||r|| = 5.52042e-05
   Pass :  1   Iteration :   0  ||B r|| = 0.492932 ...
   Pass :  2   Iteration :  69  ||B r|| = 9.43206e-07
norm(r_0) 0
norm(r_1) 0
norm(r_2) 0
norm(r_3) 1.4409517e-06
norm(r_4) 0
Newton iteration  1 : ||r|| = 1.44095e-06, ||r||/||r_0|| = 0.0261022
Setting time step: 0.042513055 in DGTransportTDO
Setting time step: 0.042513055 in CombinedOp
Setting time step: 0.042513055 in IonStaticPressureOp
norm(r_0) 0
norm(r_1) 0
norm(r_2) 0
norm(r_3) 0.00010322757
norm(r_4) 0
Newton iteration  0 : ||r|| = 0.000103228
   Pass :  1   Iteration :   0  ||B r|| = 0.921842 ...
   Pass :  2   Iteration :  73  ||B r|| = 9.89977e-07
norm(r_0) 0
norm(r_1) 0
norm(r_2) 0
norm(r_3) 1.1852038e-06
norm(r_4) 0
Newton iteration  1 : ||r|| = 1.1852e-06, ||r||/||r_0|| = 0.0114815
Setting time step: 0.042513055 in DGTransportTDO
Setting time step: 0.042513055 in CombinedOp
Setting time step: 0.042513055 in IonStaticPressureOp
norm(r_0) 0
norm(r_1) 0
norm(r_2) 0
norm(r_3) 0.00011880338
norm(r_4) 0
Newton iteration  0 : ||r|| = 0.000118803
   Pass :  1   Iteration :   0  ||B r|| = 1.06097 ...
   Pass :  2   Iteration :  74  ||B r|| = 1.02857e-06
norm(r_0) 0
norm(r_1) 0
norm(r_2) 0
norm(r_3) 1.3956899e-06
norm(r_4) 0
Newton iteration  1 : ||r|| = 1.39569e-06, ||r||/||r_0|| = 0.0117479
Setting time step: 0.042513055 in DGTransportTDO
Setting time step: 0.042513055 in CombinedOp
Setting time step: 0.042513055 in IonStaticPressureOp
norm(r_0) 0
norm(r_1) 0
norm(r_2) 0
norm(r_3) 5.6729023e-05
norm(r_4) 0
Newton iteration  0 : ||r|| = 5.6729e-05
   Pass :  1   Iteration :   0  ||B r|| = 0.308417 ...
   Pass :  2   Iteration :  62  ||B r|| = 9.2026e-07
norm(r_0) 0
norm(r_1) 0
norm(r_2) 0
norm(r_3) 1.8062728e-06
norm(r_4) 0
Newton iteration  1 : ||r|| = 1.80627e-06, ||r||/||r_0|| = 0.0318404
Setting time step: 0.08502611 in DGTransportTDO
Setting time step: 0.08502611 in CombinedOp
Setting time step: 0.08502611 in IonStaticPressureOp
norm(r_0) 0
norm(r_1) 0
norm(r_2) 0
norm(r_3) 2.2215615e-05
norm(r_4) 0
Newton iteration  0 : ||r|| = 2.22156e-05
   Pass :  1   Iteration :   0  ||B r|| = 0.105895 ...
   Pass :  2   Iteration :  53  ||B r|| = 9.40615e-07
norm(r_0) 0
norm(r_1) 0
norm(r_2) 0
norm(r_3) 2.9934854e-06
norm(r_4) 0
Newton iteration  1 : ||r|| = 2.99349e-06, ||r||/||r_0|| = 0.134747
Setting time step: 0.08502611 in DGTransportTDO
Setting time step: 0.08502611 in CombinedOp
Setting time step: 0.08502611 in IonStaticPressureOp
norm(r_0) 0
norm(r_1) 0
norm(r_2) 0
norm(r_3) 5.3782984e-06
norm(r_4) 0
Newton iteration  0 : ||r|| = 5.3783e-06
   Pass :  1   Iteration :   0  ||B r|| = 0.00594273 ...
   Pass :  1   Iteration :  31  ||B r|| = 9.09064e-07
norm(r_0) 0
norm(r_1) 0
norm(r_2) 0
norm(r_3) 2.3121002e-06
norm(r_4) 0
Newton iteration  1 : ||r|| = 2.3121e-06, ||r||/||r_0|| = 0.429894
Setting time step: 0.08502611 in DGTransportTDO
Setting time step: 0.08502611 in CombinedOp
Setting time step: 0.08502611 in IonStaticPressureOp
norm(r_0) 0
norm(r_1) 0
norm(r_2) 0
norm(r_3) 7.6807196e-06
norm(r_4) 0
Newton iteration  0 : ||r|| = 7.68072e-06
   Pass :  1   Iteration :   0  ||B r|| = 0.0293428 ...
   Pass :  1   Iteration :  43  ||B r|| = 9.26884e-07
norm(r_0) 0
norm(r_1) 0
norm(r_2) 0
norm(r_3) 2.8822197e-06
norm(r_4) 0
Newton iteration  1 : ||r|| = 2.88222e-06, ||r||/||r_0|| = 0.375254
Setting time step: 0.08502611 in DGTransportTDO
Setting time step: 0.08502611 in CombinedOp
Setting time step: 0.08502611 in IonStaticPressureOp
norm(r_0) 0
norm(r_1) 0
norm(r_2) 0
norm(r_3) 9.6994804e-06
norm(r_4) 0
Newton iteration  0 : ||r|| = 9.69948e-06
   Pass :  1   Iteration :   0  ||B r|| = 0.0425359 ...
   Pass :  1   Iteration :  45  ||B r|| = 9.96286e-07
norm(r_0) 0
norm(r_1) 0
norm(r_2) 0
norm(r_3) 2.8592586e-06
norm(r_4) 0
Newton iteration  1 : ||r|| = 2.85926e-06, ||r||/||r_0|| = 0.294785
Setting time step: 0.08502611 in DGTransportTDO
Setting time step: 0.08502611 in CombinedOp
Setting time step: 0.08502611 in IonStaticPressureOp
norm(r_0) 0
norm(r_1) 0
norm(r_2) 0
norm(r_3) 9.2900503e-05
norm(r_4) 0
Newton iteration  0 : ||r|| = 9.29005e-05
   Pass :  1   Iteration :   0  ||B r|| = 0.0122364 ...
   Pass :  1   Iteration :  37  ||B r|| = 9.64652e-07
norm(r_0) 0
norm(r_1) 0
norm(r_2) 0
norm(r_3) 2.0804042e-06
norm(r_4) 0
Newton iteration  1 : ||r|| = 2.0804e-06, ||r||/||r_0|| = 0.0223939
Time stepping paused at t = 0.8935453
Setting time step: 0.17005222 in DGTransportTDO
Setting time step: 0.17005222 in CombinedOp
Setting time step: 0.17005222 in IonStaticPressureOp
norm(r_0) 0
norm(r_1) 0
norm(r_2) 0
norm(r_3) 2.4119973e-06
norm(r_4) 0
Newton iteration  0 : ||r|| = 2.412e-06
   Pass :  1   Iteration :   0  ||B r|| = 0.00301559 ...
   Pass :  1   Iteration :  29  ||B r|| = 9.43154e-07
norm(r_0) 0
norm(r_1) 0
norm(r_2) 0
norm(r_3) 4.0047114e-06
norm(r_4) 0
Newton iteration  1 : ||r|| = 4.00471e-06, ||r||/||r_0|| = 1.66033
Setting time step: 0.17005222 in DGTransportTDO
Setting time step: 0.17005222 in CombinedOp
Setting time step: 0.17005222 in IonStaticPressureOp
norm(r_0) 0
norm(r_1) 0
norm(r_2) 0
norm(r_3) 8.1263967e-06
norm(r_4) 0
Newton iteration  0 : ||r|| = 8.1264e-06
   Pass :  1   Iteration :   0  ||B r|| = 0.00115107 ...
   Pass :  1   Iteration :  22  ||B r|| = 9.81304e-07
norm(r_0) 0
norm(r_1) 0
norm(r_2) 0
norm(r_3) 4.6730584e-06
norm(r_4) 0
Newton iteration  1 : ||r|| = 4.67306e-06, ||r||/||r_0|| = 0.575047
Setting time step: 0.17005222 in DGTransportTDO
Setting time step: 0.17005222 in CombinedOp
Setting time step: 0.17005222 in IonStaticPressureOp
norm(r_0) 0
norm(r_1) 0
norm(r_2) 0
norm(r_3) 6.9112682e-06
norm(r_4) 0
Newton iteration  0 : ||r|| = 6.91127e-06
   Pass :  1   Iteration :   0  ||B r|| = 5.49762e-05 ...
   Pass :  1   Iteration :   9  ||B r|| = 9.82662e-07
norm(r_0) 0
norm(r_1) 0
norm(r_2) 0
norm(r_3) 2.236156e-06
norm(r_4) 0
Newton iteration  1 : ||r|| = 2.23616e-06, ||r||/||r_0|| = 0.323552
Setting time step: 0.17005222 in DGTransportTDO
Setting time step: 0.17005222 in CombinedOp
Setting time step: 0.17005222 in IonStaticPressureOp
norm(r_0) 0
norm(r_1) 0
norm(r_2) 0
norm(r_3) 5.5168739e-06
norm(r_4) 0
Newton iteration  0 : ||r|| = 5.51687e-06
   Pass :  1   Iteration :   0  ||B r|| = 0.000577571 ...
   Pass :  1   Iteration :  19  ||B r|| = 8.70557e-07
norm(r_0) 0
norm(r_1) 0
norm(r_2) 0
norm(r_3) 3.5997398e-06
norm(r_4) 0
Newton iteration  1 : ||r|| = 3.59974e-06, ||r||/||r_0|| = 0.652496
Setting time step: 0.17005222 in DGTransportTDO
Setting time step: 0.17005222 in CombinedOp
Setting time step: 0.17005222 in IonStaticPressureOp
norm(r_0) 0
norm(r_1) 0
norm(r_2) 0
norm(r_3) 0.00011502515
norm(r_4) 0
Newton iteration  0 : ||r|| = 0.000115025
   Pass :  1   Iteration :   0  ||B r|| = 0.00111146 ...
   Pass :  1   Iteration :  27  ||B r|| = 8.41805e-07
norm(r_0) 0
norm(r_1) 0
norm(r_2) 0
norm(r_3) 5.132093e-06
norm(r_4) 0
Newton iteration  1 : ||r|| = 5.13209e-06, ||r||/||r_0|| = 0.0446171
Setting time step: 0.34010444 in DGTransportTDO
Setting time step: 0.34010444 in CombinedOp
Setting time step: 0.34010444 in IonStaticPressureOp
norm(r_0) 0
norm(r_1) 0
norm(r_2) 0
norm(r_3) 5.1364446e-06
norm(r_4) 0
Newton iteration  0 : ||r|| = 5.13644e-06
   Pass :  1   Iteration :   0  ||B r|| = 0.000218878 ...
   Pass :  1   Iteration :  15  ||B r|| = 9.30369e-07
norm(r_0) 0
norm(r_1) 0
norm(r_2) 0
norm(r_3) 8.7511024e-06
norm(r_4) 0
Newton iteration  1 : ||r|| = 8.7511e-06, ||r||/||r_0|| = 1.70373
Setting time step: 0.34010444 in DGTransportTDO
Setting time step: 0.34010444 in CombinedOp
Setting time step: 0.34010444 in IonStaticPressureOp
norm(r_0) 0
norm(r_1) 0
norm(r_2) 0
norm(r_3) 1.7497221e-05
norm(r_4) 0
Newton iteration  0 : ||r|| = 1.74972e-05
   Pass :  1   Iteration :   0  ||B r|| = 0.000134743 ...
   Pass :  1   Iteration :  12  ||B r|| = 7.71114e-07
norm(r_0) 0
norm(r_1) 0
norm(r_2) 0
norm(r_3) 6.6862175e-06
norm(r_4) 0
Newton iteration  1 : ||r|| = 6.68622e-06, ||r||/||r_0|| = 0.38213
Setting time step: 0.34010444 in DGTransportTDO
Setting time step: 0.34010444 in CombinedOp
Setting time step: 0.34010444 in IonStaticPressureOp
norm(r_0) 0
norm(r_1) 0
norm(r_2) 0
norm(r_3) 1.4901364e-05
norm(r_4) 0
Newton iteration  0 : ||r|| = 1.49014e-05
   Pass :  1   Iteration :   0  ||B r|| = 3.91321e-05 ...
   Pass :  1   Iteration :   6  ||B r|| = 7.46712e-07
norm(r_0) 0
norm(r_1) 0
norm(r_2) 0
norm(r_3) 6.6383743e-06
norm(r_4) 0
Newton iteration  1 : ||r|| = 6.63837e-06, ||r||/||r_0|| = 0.445488
Setting time step: 0.34010444 in DGTransportTDO
Setting time step: 0.34010444 in CombinedOp
Setting time step: 0.34010444 in IonStaticPressureOp
norm(r_0) 0
norm(r_1) 0
norm(r_2) 0
norm(r_3) 1.1647093e-05
norm(r_4) 0
Newton iteration  0 : ||r|| = 1.16471e-05
   Pass :  1   Iteration :   0  ||B r|| = 7.66586e-06 ...
   Pass :  1   Iteration :   4  ||B r|| = 9.90717e-07
norm(r_0) 0
norm(r_1) 0
norm(r_2) 0
norm(r_3) 4.2345584e-06
norm(r_4) 0
Newton iteration  1 : ||r|| = 4.23456e-06, ||r||/||r_0|| = 0.363572
Setting time step: 0.34010444 in DGTransportTDO
Setting time step: 0.34010444 in CombinedOp
Setting time step: 0.34010444 in IonStaticPressureOp
norm(r_0) 0
norm(r_1) 0
norm(r_2) 0
norm(r_3) 0.00027007804
norm(r_4) 0
Newton iteration  0 : ||r|| = 0.000270078
   Pass :  1   Iteration :   0  ||B r|| = 0.000272974 ...
   Pass :  1   Iteration :  21  ||B r|| = 8.19399e-07
norm(r_0) 0
norm(r_1) 0
norm(r_2) 0
norm(r_3) 1.0166736e-05
norm(r_4) 0
Newton iteration  1 : ||r|| = 1.01667e-05, ||r||/||r_0|| = 0.0376437
Setting time step: 0.68020888 in DGTransportTDO
Setting time step: 0.68020888 in CombinedOp
Setting time step: 0.68020888 in IonStaticPressureOp
norm(r_0) 0
norm(r_1) 0
norm(r_2) 0
norm(r_3) 1.0166857e-05
norm(r_4) 0
Newton iteration  0 : ||r|| = 1.01669e-05
   Pass :  1   Iteration :   0  ||B r|| = 9.66593e-06 ...
   Pass :  1   Iteration :   3  ||B r|| = 8.64457e-07
norm(r_0) 0
norm(r_1) 0
norm(r_2) 0
norm(r_3) 2.3613361e-05
norm(r_4) 0
Newton iteration  1 : ||r|| = 2.36134e-05, ||r||/||r_0|| = 2.32258
Setting time step: 0.68020888 in DGTransportTDO
Setting time step: 0.68020888 in CombinedOp
Setting time step: 0.68020888 in IonStaticPressureOp
norm(r_0) 0
norm(r_1) 0
norm(r_2) 0
norm(r_3) 5.3442818e-05
norm(r_4) 0
Newton iteration  0 : ||r|| = 5.34428e-05
   Pass :  1   Iteration :   0  ||B r|| = 8.42347e-06 ...
   Pass :  1   Iteration :   2  ||B r|| = 6.59267e-07
norm(r_0) 0
norm(r_1) 0
norm(r_2) 0
norm(r_3) 7.9172562e-06
norm(r_4) 0
Newton iteration  1 : ||r|| = 7.91726e-06, ||r||/||r_0|| = 0.148144
Setting time step: 0.68020888 in DGTransportTDO
Setting time step: 0.68020888 in CombinedOp
Setting time step: 0.68020888 in IonStaticPressureOp
norm(r_0) 0
norm(r_1) 0
norm(r_2) 0
norm(r_3) 4.2847625e-05
norm(r_4) 0
Newton iteration  0 : ||r|| = 4.28476e-05
   Pass :  1   Iteration :   0  ||B r|| = 4.02608e-06 ...
   Pass :  1   Iteration :   2  ||B r|| = 9.37311e-07
norm(r_0) 0
norm(r_1) 0
norm(r_2) 0
norm(r_3) 1.057224e-05
norm(r_4) 0
Newton iteration  1 : ||r|| = 1.05722e-05, ||r||/||r_0|| = 0.24674
Setting time step: 0.68020888 in DGTransportTDO
Setting time step: 0.68020888 in CombinedOp
Setting time step: 0.68020888 in IonStaticPressureOp
norm(r_0) 0
norm(r_1) 0
norm(r_2) 0
norm(r_3) 3.1592233e-05
norm(r_4) 0
Newton iteration  0 : ||r|| = 3.15922e-05
   Pass :  1   Iteration :   0  ||B r|| = 1.69784e-06 ...
   Pass :  1   Iteration :   1  ||B r|| = 9.71614e-07
norm(r_0) 0
norm(r_1) 0
norm(r_2) 0
norm(r_3) 2.1491114e-05
norm(r_4) 0
Newton iteration  1 : ||r|| = 2.14911e-05, ||r||/||r_0|| = 0.680266
Setting time step: 0.68020888 in DGTransportTDO
Setting time step: 0.68020888 in CombinedOp
Setting time step: 0.68020888 in IonStaticPressureOp
norm(r_0) 0
norm(r_1) 0
norm(r_2) 0
norm(r_3) 0.0004037026
norm(r_4) 0
Newton iteration  0 : ||r|| = 0.000403703
   Pass :  1   Iteration :   0  ||B r|| = 2.78178e-05 ...
   Pass :  1   Iteration :   5  ||B r|| = 9.33646e-07
norm(r_0) 0
norm(r_1) 0
norm(r_2) 0
norm(r_3) 2.1418418e-05
norm(r_4) 0
Newton iteration  1 : ||r|| = 2.14184e-05, ||r||/||r_0|| = 0.0530549
Setting time step: 1.3604178 in DGTransportTDO
Setting time step: 1.3604178 in CombinedOp
Setting time step: 1.3604178 in IonStaticPressureOp
norm(r_0) 0
norm(r_1) 0
norm(r_2) 0
norm(r_3) 2.1418421e-05
norm(r_4) 0
Newton iteration  0 : ||r|| = 2.14184e-05
   Pass :  1   Iteration :   0  ||B r|| = 1.59937e-06 ...
   Pass :  1   Iteration :   1  ||B r|| = 4.27872e-07
norm(r_0) 0
norm(r_1) 0
norm(r_2) 0
norm(r_3) 2.2917086e-05
norm(r_4) 0
Newton iteration  1 : ||r|| = 2.29171e-05, ||r||/||r_0|| = 1.06997
Setting time step: 1.3604178 in DGTransportTDO
Setting time step: 1.3604178 in CombinedOp
Setting time step: 1.3604178 in IonStaticPressureOp
norm(r_0) 0
norm(r_1) 0
norm(r_2) 0
norm(r_3) 6.4674247e-05
norm(r_4) 0
Newton iteration  0 : ||r|| = 6.46742e-05
   Pass :  1   Iteration :   0  ||B r|| = 1.57341e-06 ...
   Pass :  1   Iteration :   1  ||B r|| = 9.48127e-07
norm(r_0) 0
norm(r_1) 0
norm(r_2) 0
norm(r_3) 9.095547e-05
norm(r_4) 0
Newton iteration  1 : ||r|| = 9.09555e-05, ||r||/||r_0|| = 1.40636
Setting time step: 1.3604178 in DGTransportTDO
Setting time step: 1.3604178 in CombinedOp
Setting time step: 1.3604178 in IonStaticPressureOp
norm(r_0) 0
norm(r_1) 0
norm(r_2) 0
norm(r_3) 6.2463424e-05
norm(r_4) 0
Newton iteration  0 : ||r|| = 6.24634e-05
   Pass :  1   Iteration :   0  ||B r|| = 8.50186e-07
norm(r_0) 0
norm(r_1) 0
norm(r_2) 0
norm(r_3) 6.2463424e-05
norm(r_4) 0
Newton iteration  1 : ||r|| = 6.24634e-05, ||r||/||r_0|| = 1
Setting time step: 1.3604178 in DGTransportTDO
Setting time step: 1.3604178 in CombinedOp
Setting time step: 1.3604178 in IonStaticPressureOp
norm(r_0) 0
norm(r_1) 0
norm(r_2) 0
norm(r_3) 5.7606553e-05
norm(r_4) 0
Newton iteration  0 : ||r|| = 5.76066e-05
   Pass :  1   Iteration :   0  ||B r|| = 6.14707e-07
norm(r_0) 0
norm(r_1) 0
norm(r_2) 0
norm(r_3) 5.7606553e-05
norm(r_4) 0
Newton iteration  1 : ||r|| = 5.76066e-05, ||r||/||r_0|| = 1
Setting time step: 1.3604178 in DGTransportTDO
Setting time step: 1.3604178 in CombinedOp
Setting time step: 1.3604178 in IonStaticPressureOp
norm(r_0) 0
norm(r_1) 0
norm(r_2) 0
norm(r_3) 0.00078898031
norm(r_4) 0
Newton iteration  0 : ||r|| = 0.00078898
   Pass :  1   Iteration :   0  ||B r|| = 9.314e-06 ...
   Pass :  1   Iteration :   2  ||B r|| = 6.5205e-07
norm(r_0) 0
norm(r_1) 0
norm(r_2) 0
norm(r_3) 5.7742469e-05
norm(r_4) 0
Newton iteration  1 : ||r|| = 5.77425e-05, ||r||/||r_0|| = 0.0731862
Time stepping paused at t = 11.096678
Steady State solution has been reached

Time stepping done after 213.25253s.
