14: Number of elements in parallel mesh: 64
15: Number of elements in parallel mesh: 64
15: Number of elements after parallel refinement: 64
Options used:
   --mesh ../../mfem/data/inline-quad.mesh
   --bc-file ../../mfem/miniapps/plasma/transport2d_bcs.inp
   --ic-file ../../mfem/miniapps/plasma/transport2d_ics.inp
   --ec-file /home/gz6/mfem-analysis/input-files/transport2d_ecs.inp
   --es-file ../../mfem/miniapps/plasma/transport2d_ess.inp
   --eqdsk-file 
   --logging 1
   --operator-test 8
   --equation-weights '1 1 1 1 1'
   --problem 0
   --refine-serial 3
   --refine-parallel 0
   --enable-amr
   --max-err -1
   --hysteresis 0.25
   --nc-limit 3
   --amr-weights '1 1 1 1 1'
   --order 2
   --dg-sigma -1
   --dg-kappa 9
   --linear-abs-tolerance 1e-06
   --linear-rel-tolerance 1e-06
   --linear-max-iterations 500
   --linear-logging-level 3
   --newton-abs-tolerance 1e-10
   --newton-rel-tolerance 1e-10
   --newton-max-iterations 1
   --newton-logging-level 1
   --steady-state-abs-tolerance 1e-08
   --steady-state-rel-tolerance 1e-08
   --prec-type 1
   --prec-logging-level 0
   --initial-tolerance 1e-05
   --ode-tolerance 0.001
   --ode-solver 2
   --err-per-step
   --ode-weights '1 1 1 1 1'
   --kP 0
   --kI 0.6
   --kD 0
   --theta-max 2
   --t-minimum 0
   --t-final 100
   --time-step 0.01
   --cfl-number 0.3
   --ion-charge 1
   --ion-mass 2.0141018
   --neutral-mass 2.0141018
   --neutral-temp 3
   --min-neutral-density 9e+14
   --max-neutral-density 1e+15
   --neutral-density-exp 0
   --min-ion-density 1e+16
   --max-ion-density 1e+18
   --ion-density-exp 0
   --min-ion-temp 1
   --max-ion-temp 10
   --ion-temp-exp 0
   --min-electron-temp 10
   --max-electron-temp 440
   --electron-temp-exp 0
   --total-B-magnitude 5
   --poloidal-B-magnitude 0.5
   --velocity 1000
   --Di-perp 1
   --Xi-perp 1
   --Xe-perp 1
   --equation-term-flags '-1 -1 -1 -1 -1'
   --visualization-flags '-1 -1 -1 -1 -1'
   --visualization
   --visit-datafiles
   --ascii-datafiles
   --visualization-steps 4
Device configuration: cpu
Memory configuration: host-std
Number of elements in initial mesh: 16
Number of elements after serial refinement: 1024
5: Number of elements in parallel mesh: 64
5: Number of elements after parallel refinement: 64
4: Number of elements in parallel mesh: 64
4: Number of elements after parallel refinement: 64
1: Number of elements in parallel mesh: 64
1: Number of elements after parallel refinement: 64
3: Number of elements in parallel mesh: 64
3: Number of elements after parallel refinement: 64
0: Number of elements in parallel mesh: 64
0: Number of elements after parallel refinement: 64
2: Number of elements in parallel mesh: 64
2: Number of elements after parallel refinement: 64
14: Number of elements after parallel refinement: 64
11: Number of elements in parallel mesh: 64
11: Number of elements after parallel refinement: 64
13: Number of elements in parallel mesh: 64
13: Number of elements after parallel refinement: 64
10: Number of elements in parallel mesh: 64
10: Number of elements after parallel refinement: 64
6: Number of elements in parallel mesh: 64
6: Number of elements after parallel refinement: 64
7: Number of elements in parallel mesh: 64
7: Number of elements after parallel refinement: 64
8: Number of elements in parallel mesh: 64
9: Number of elements in parallel mesh: 64
9: Number of elements after parallel refinement: 64
12: Number of elements in parallel mesh: 64
12: Number of elements after parallel refinement: 64
8: Number of elements after parallel refinement: 64
Configuring initial conditions
Reading initial conditions from ../../mfem/miniapps/plasma/transport2d_ics.inp
Configuring exact solutions
Reading exact solutions from ../../mfem/miniapps/plasma/transport2d_ess.inp

AMR iteration 0
Number of unknowns: 9216
Stopping criterion satisfied. Stop.
Number of unknowns per field: 9216
Total number of unknowns:     46080
Configuring boundary conditions
Reading boundary conditions from ../../mfem/miniapps/plasma/transport2d_bcs.inp
Configuring equation coefficients
Reading equation coefficients from /home/gz6/mfem-analysis/input-files/transport2d_ecs.inp
|mn| = 3.3444946e-27
|ni| = 1
|ne| = 1

|Dn|     = -nan
|Di|     = -nan
|Eta|    = -nan
|nXi|    = -nan
|nXe|    = -nan

|Eta/mn| = -nan
|nXi/ni| = -nan
|nXe/ne| = -nan
Ion Static Pressure: Adding time derivative term proportional to d n_i / dt
Ion Static Pressure: Adding time derivative term proportional to d T_i / dt
Ion Static Pressure: Adding anisotropic diffusion term
Ion Static Pressure: Adding source term
Opening GLVis sockets.
Range of error estimates for initial condition: -nan < elem err < -nan

Begin time stepping at t = 0
Setting time step: 0.0025 in DGTransportTDO
Setting time step: 0.0025 in CombinedOp
Setting time step: 0.0025 in IonStaticPressureOp
norm(r_0) 0
norm(r_1) 0
norm(r_2) 0
norm(r_3) 0.10851996
norm(r_4) 0
Newton iteration  0 : ||r|| = 0.10852
   Pass :  1   Iteration :   0  ||B r|| = 488.233 ...
   Pass :  1   Iteration :  15  ||B r|| = 0.000305989
norm(r_0) 0
norm(r_1) 0
norm(r_2) 0
norm(r_3) 7.7654444e-06
norm(r_4) 0
Newton iteration  1 : ||r|| = 7.76544e-06, ||r||/||r_0|| = 7.15578e-05
Setting time step: 0.0025 in DGTransportTDO
Setting time step: 0.0025 in CombinedOp
Setting time step: 0.0025 in IonStaticPressureOp
norm(r_0) 0
norm(r_1) 0
norm(r_2) 0
norm(r_3) 0.10160696
norm(r_4) 0
Newton iteration  0 : ||r|| = 0.101607
   Pass :  1   Iteration :   0  ||B r|| = 457.131 ...
   Pass :  1   Iteration :  15  ||B r|| = 0.00028657
norm(r_0) 0
norm(r_1) 0
norm(r_2) 0
norm(r_3) 7.2726905e-06
norm(r_4) 0
Newton iteration  1 : ||r|| = 7.27269e-06, ||r||/||r_0|| = 7.15767e-05
Setting time step: 0.0025 in DGTransportTDO
Setting time step: 0.0025 in CombinedOp
Setting time step: 0.0025 in IonStaticPressureOp
norm(r_0) 0
norm(r_1) 0
norm(r_2) 0
norm(r_3) 0.10433691
norm(r_4) 0
Newton iteration  0 : ||r|| = 0.104337
   Pass :  1   Iteration :   0  ||B r|| = 469.413 ...
   Pass :  1   Iteration :  15  ||B r|| = 0.000294249
norm(r_0) 0
norm(r_1) 0
norm(r_2) 0
norm(r_3) 7.4675447e-06
norm(r_4) 0
Newton iteration  1 : ||r|| = 7.46754e-06, ||r||/||r_0|| = 7.15715e-05
Setting time step: 0.0025 in DGTransportTDO
Setting time step: 0.0025 in CombinedOp
Setting time step: 0.0025 in IonStaticPressureOp
norm(r_0) 0
norm(r_1) 0
norm(r_2) 0
norm(r_3) 0.10503378
norm(r_4) 0
Newton iteration  0 : ||r|| = 0.105034
   Pass :  1   Iteration :   0  ||B r|| = 472.548 ...
   Pass :  1   Iteration :  15  ||B r|| = 0.000296204
norm(r_0) 0
norm(r_1) 0
norm(r_2) 0
norm(r_3) 7.5171501e-06
norm(r_4) 0
Newton iteration  1 : ||r|| = 7.51715e-06, ||r||/||r_0|| = 7.15689e-05
Setting time step: 0.0025 in DGTransportTDO
Setting time step: 0.0025 in CombinedOp
Setting time step: 0.0025 in IonStaticPressureOp
norm(r_0) 0
norm(r_1) 0
norm(r_2) 0
norm(r_3) 0.098269059
norm(r_4) 0
Newton iteration  0 : ||r|| = 0.0982691
   Pass :  1   Iteration :   0  ||B r|| = 442.113 ...
   Pass :  1   Iteration :  15  ||B r|| = 0.000277071
norm(r_0) 0
norm(r_1) 0
norm(r_2) 0
norm(r_3) 7.0315619e-06
norm(r_4) 0
Newton iteration  1 : ||r|| = 7.03156e-06, ||r||/||r_0|| = 7.15542e-05
Setting time step: 0.005 in DGTransportTDO
Setting time step: 0.005 in CombinedOp
Setting time step: 0.005 in IonStaticPressureOp
norm(r_0) 0
norm(r_1) 0
norm(r_2) 0
norm(r_3) 0.095138994
norm(r_4) 0
Newton iteration  0 : ||r|| = 0.095139
   Pass :  1   Iteration :   0  ||B r|| = 372.512 ...
   Pass :  1   Iteration :  16  ||B r|| = 0.000256246
norm(r_0) 0
norm(r_1) 0
norm(r_2) 0
norm(r_3) 1.1978068e-05
norm(r_4) 0
Newton iteration  1 : ||r|| = 1.19781e-05, ||r||/||r_0|| = 0.000125901
Setting time step: 0.005 in DGTransportTDO
Setting time step: 0.005 in CombinedOp
Setting time step: 0.005 in IonStaticPressureOp
norm(r_0) 0
norm(r_1) 0
norm(r_2) 0
norm(r_3) 0.083392501
norm(r_4) 0
Newton iteration  0 : ||r|| = 0.0833925
   Pass :  1   Iteration :   0  ||B r|| = 326.517 ...
   Pass :  1   Iteration :  16  ||B r|| = 0.000224626
norm(r_0) 0
norm(r_1) 0
norm(r_2) 0
norm(r_3) 1.0500029e-05
norm(r_4) 0
Newton iteration  1 : ||r|| = 1.05e-05, ||r||/||r_0|| = 0.000125911
Setting time step: 0.005 in DGTransportTDO
Setting time step: 0.005 in CombinedOp
Setting time step: 0.005 in IonStaticPressureOp
norm(r_0) 0
norm(r_1) 0
norm(r_2) 0
norm(r_3) 0.08797513
norm(r_4) 0
Newton iteration  0 : ||r|| = 0.0879751
   Pass :  1   Iteration :   0  ||B r|| = 344.461 ...
   Pass :  1   Iteration :  16  ||B r|| = 0.000236964
norm(r_0) 0
norm(r_1) 0
norm(r_2) 0
norm(r_3) 1.1076773e-05
norm(r_4) 0
Newton iteration  1 : ||r|| = 1.10768e-05, ||r||/||r_0|| = 0.000125908
Setting time step: 0.005 in DGTransportTDO
Setting time step: 0.005 in CombinedOp
Setting time step: 0.005 in IonStaticPressureOp
norm(r_0) 0
norm(r_1) 0
norm(r_2) 0
norm(r_3) 0.089168469
norm(r_4) 0
Newton iteration  0 : ||r|| = 0.0891685
   Pass :  1   Iteration :   0  ||B r|| = 349.133 ...
   Pass :  1   Iteration :  16  ||B r|| = 0.000240176
norm(r_0) 0
norm(r_1) 0
norm(r_2) 0
norm(r_3) 1.1226897e-05
norm(r_4) 0
Newton iteration  1 : ||r|| = 1.12269e-05, ||r||/||r_0|| = 0.000125907
Setting time step: 0.005 in DGTransportTDO
Setting time step: 0.005 in CombinedOp
Setting time step: 0.005 in IonStaticPressureOp
norm(r_0) 0
norm(r_1) 0
norm(r_2) 0
norm(r_3) 0.077934597
norm(r_4) 0
Newton iteration  0 : ||r|| = 0.0779346
   Pass :  1   Iteration :   0  ||B r|| = 305.15 ...
   Pass :  1   Iteration :  16  ||B r|| = 0.000209903
norm(r_0) 0
norm(r_1) 0
norm(r_2) 0
norm(r_3) 9.811761e-06
norm(r_4) 0
Newton iteration  1 : ||r|| = 9.81176e-06, ||r||/||r_0|| = 0.000125897
Setting time step: 0.01 in DGTransportTDO
Setting time step: 0.01 in CombinedOp
Setting time step: 0.01 in IonStaticPressureOp
norm(r_0) 0
norm(r_1) 0
norm(r_2) 0
norm(r_3) 0.073123711
norm(r_4) 0
Newton iteration  0 : ||r|| = 0.0731237
   Pass :  1   Iteration :   0  ||B r|| = 232.002 ...
   Pass :  1   Iteration :  17  ||B r|| = 0.000158936
norm(r_0) 0
norm(r_1) 0
norm(r_2) 0
norm(r_3) 1.3872957e-05
norm(r_4) 0
Newton iteration  1 : ||r|| = 1.3873e-05, ||r||/||r_0|| = 0.000189719
Setting time step: 0.01 in DGTransportTDO
Setting time step: 0.01 in CombinedOp
Setting time step: 0.01 in IonStaticPressureOp
norm(r_0) 0
norm(r_1) 0
norm(r_2) 0
norm(r_3) 0.056115915
norm(r_4) 0
Newton iteration  0 : ||r|| = 0.0561159
   Pass :  1   Iteration :   0  ||B r|| = 178.042 ...
   Pass :  1   Iteration :  17  ||B r|| = 0.000121973
norm(r_0) 0
norm(r_1) 0
norm(r_2) 0
norm(r_3) 1.0646485e-05
norm(r_4) 0
Newton iteration  1 : ||r|| = 1.06465e-05, ||r||/||r_0|| = 0.000189723
Setting time step: 0.01 in DGTransportTDO
Setting time step: 0.01 in CombinedOp
Setting time step: 0.01 in IonStaticPressureOp
norm(r_0) 0
norm(r_1) 0
norm(r_2) 0
norm(r_3) 0.062602496
norm(r_4) 0
Newton iteration  0 : ||r|| = 0.0626025
   Pass :  1   Iteration :   0  ||B r|| = 198.622 ...
   Pass :  1   Iteration :  17  ||B r|| = 0.000136071
norm(r_0) 0
norm(r_1) 0
norm(r_2) 0
norm(r_3) 1.187706e-05
norm(r_4) 0
Newton iteration  1 : ||r|| = 1.18771e-05, ||r||/||r_0|| = 0.000189722
Setting time step: 0.01 in DGTransportTDO
Setting time step: 0.01 in CombinedOp
Setting time step: 0.01 in IonStaticPressureOp
norm(r_0) 0
norm(r_1) 0
norm(r_2) 0
norm(r_3) 0.06435622
norm(r_4) 0
Newton iteration  0 : ||r|| = 0.0643562
   Pass :  1   Iteration :   0  ||B r|| = 204.186 ...
   Pass :  1   Iteration :  17  ||B r|| = 0.000139882
norm(r_0) 0
norm(r_1) 0
norm(r_2) 0
norm(r_3) 1.2209742e-05
norm(r_4) 0
Newton iteration  1 : ||r|| = 1.22097e-05, ||r||/||r_0|| = 0.000189721
Setting time step: 0.01 in DGTransportTDO
Setting time step: 0.01 in CombinedOp
Setting time step: 0.01 in IonStaticPressureOp
norm(r_0) 0
norm(r_1) 0
norm(r_2) 0
norm(r_3) 0.048883821
norm(r_4) 0
Newton iteration  0 : ||r|| = 0.0488838
   Pass :  1   Iteration :   0  ||B r|| = 155.094 ...
   Pass :  1   Iteration :  17  ||B r|| = 0.000106247
norm(r_0) 0
norm(r_1) 0
norm(r_2) 0
norm(r_3) 9.2740327e-06
norm(r_4) 0
Newton iteration  1 : ||r|| = 9.27403e-06, ||r||/||r_0|| = 0.000189716
Setting time step: 0.02 in DGTransportTDO
Setting time step: 0.02 in CombinedOp
Setting time step: 0.02 in IonStaticPressureOp
norm(r_0) 0
norm(r_1) 0
norm(r_2) 0
norm(r_3) 0.043198473
norm(r_4) 0
Newton iteration  0 : ||r|| = 0.0431985
   Pass :  1   Iteration :   0  ||B r|| = 100.989 ...
   Pass :  1   Iteration :  18  ||B r|| = 6.85919e-05
norm(r_0) 0
norm(r_1) 0
norm(r_2) 0
norm(r_3) 1.2908232e-05
norm(r_4) 0
Newton iteration  1 : ||r|| = 1.29082e-05, ||r||/||r_0|| = 0.000298812
Setting time step: 0.02 in DGTransportTDO
Setting time step: 0.02 in CombinedOp
Setting time step: 0.02 in IonStaticPressureOp
norm(r_0) 0
norm(r_1) 0
norm(r_2) 0
norm(r_3) 0.025197648
norm(r_4) 0
Newton iteration  0 : ||r|| = 0.0251976
   Pass :  1   Iteration :   0  ||B r|| = 58.9062 ...
   Pass :  1   Iteration :  18  ||B r|| = 4.00095e-05
norm(r_0) 0
norm(r_1) 0
norm(r_2) 0
norm(r_3) 7.5293443e-06
norm(r_4) 0
Newton iteration  1 : ||r|| = 7.52934e-06, ||r||/||r_0|| = 0.000298811
Setting time step: 0.02 in DGTransportTDO
Setting time step: 0.02 in CombinedOp
Setting time step: 0.02 in IonStaticPressureOp
norm(r_0) 0
norm(r_1) 0
norm(r_2) 0
norm(r_3) 0.031797926
norm(r_4) 0
Newton iteration  0 : ||r|| = 0.0317979
   Pass :  1   Iteration :   0  ||B r|| = 74.3364 ...
   Pass :  1   Iteration :  18  ||B r|| = 5.04897e-05
norm(r_0) 0
norm(r_1) 0
norm(r_2) 0
norm(r_3) 9.5015949e-06
norm(r_4) 0
Newton iteration  1 : ||r|| = 9.50159e-06, ||r||/||r_0|| = 0.000298812
Setting time step: 0.02 in DGTransportTDO
Setting time step: 0.02 in CombinedOp
Setting time step: 0.02 in IonStaticPressureOp
norm(r_0) 0
norm(r_1) 0
norm(r_2) 0
norm(r_3) 0.033704446
norm(r_4) 0
Newton iteration  0 : ||r|| = 0.0337044
   Pass :  1   Iteration :   0  ||B r|| = 78.7936 ...
   Pass :  1   Iteration :  18  ||B r|| = 5.35169e-05
norm(r_0) 0
norm(r_1) 0
norm(r_2) 0
norm(r_3) 1.007129e-05
norm(r_4) 0
Newton iteration  1 : ||r|| = 1.00713e-05, ||r||/||r_0|| = 0.000298812
Setting time step: 0.02 in DGTransportTDO
Setting time step: 0.02 in CombinedOp
Setting time step: 0.02 in IonStaticPressureOp
norm(r_0) 0
norm(r_1) 0
norm(r_2) 0
norm(r_3) 0.019065026
norm(r_4) 0
Newton iteration  0 : ||r|| = 0.019065
   Pass :  1   Iteration :   0  ||B r|| = 44.5705 ...
   Pass :  1   Iteration :  18  ||B r|| = 3.02721e-05
norm(r_0) 0
norm(r_1) 0
norm(r_2) 0
norm(r_3) 5.6968617e-06
norm(r_4) 0
Newton iteration  1 : ||r|| = 5.69686e-06, ||r||/||r_0|| = 0.000298812
Time stepping paused at t = 0.15

Estimating errors.
No refinements necessary.
No derefinements needed.

AMR iteration 1
Number of unknowns: 9216
Setting time step: 0.019714126 in DGTransportTDO
Setting time step: 0.019714126 in CombinedOp
Setting time step: 0.019714126 in IonStaticPressureOp
norm(r_0) 0
norm(r_1) 0
norm(r_2) 0
norm(r_3) 0.015092994
norm(r_4) 0
Newton iteration  0 : ||r|| = 0.015093
   Pass :  1   Iteration :   0  ||B r|| = 35.5533 ...
   Pass :  1   Iteration :  18  ||B r|| = 2.38531e-05
norm(r_0) 0
norm(r_1) 0
norm(r_2) 0
norm(r_3) 4.4206938e-06
norm(r_4) 0
Newton iteration  1 : ||r|| = 4.42069e-06, ||r||/||r_0|| = 0.000292897
Setting time step: 0.019714126 in DGTransportTDO
Setting time step: 0.019714126 in CombinedOp
Setting time step: 0.019714126 in IonStaticPressureOp
norm(r_0) 0
norm(r_1) 0
norm(r_2) 0
norm(r_3) 0.008875029
norm(r_4) 0
Newton iteration  0 : ||r|| = 0.00887503
   Pass :  1   Iteration :   0  ||B r|| = 20.9061 ...
   Pass :  1   Iteration :  18  ||B r|| = 1.40262e-05
norm(r_0) 0
norm(r_1) 0
norm(r_2) 0
norm(r_3) 2.5994681e-06
norm(r_4) 0
Newton iteration  1 : ||r|| = 2.59947e-06, ||r||/||r_0|| = 0.000292897
Setting time step: 0.019714126 in DGTransportTDO
Setting time step: 0.019714126 in CombinedOp
Setting time step: 0.019714126 in IonStaticPressureOp
norm(r_0) 0
norm(r_1) 0
norm(r_2) 0
norm(r_3) 0.011157282
norm(r_4) 0
Newton iteration  0 : ||r|| = 0.0111573
   Pass :  1   Iteration :   0  ||B r|| = 26.2822 ...
   Pass :  1   Iteration :  18  ||B r|| = 1.7633e-05
norm(r_0) 0
norm(r_1) 0
norm(r_2) 0
norm(r_3) 3.2679339e-06
norm(r_4) 0
Newton iteration  1 : ||r|| = 3.26793e-06, ||r||/||r_0|| = 0.000292897
Setting time step: 0.019714126 in DGTransportTDO
Setting time step: 0.019714126 in CombinedOp
Setting time step: 0.019714126 in IonStaticPressureOp
norm(r_0) 0
norm(r_1) 0
norm(r_2) 0
norm(r_3) 0.011815379
norm(r_4) 0
Newton iteration  0 : ||r|| = 0.0118154
   Pass :  1   Iteration :   0  ||B r|| = 27.8325 ...
   Pass :  1   Iteration :  18  ||B r|| = 1.86731e-05
norm(r_0) 0
norm(r_1) 0
norm(r_2) 0
norm(r_3) 3.4606887e-06
norm(r_4) 0
Newton iteration  1 : ||r|| = 3.46069e-06, ||r||/||r_0|| = 0.000292897
Setting time step: 0.019714126 in DGTransportTDO
Setting time step: 0.019714126 in CombinedOp
Setting time step: 0.019714126 in IonStaticPressureOp
norm(r_0) 0
norm(r_1) 0
norm(r_2) 0
norm(r_3) 0.0067414436
norm(r_4) 0
Newton iteration  0 : ||r|| = 0.00674144
   Pass :  1   Iteration :   0  ||B r|| = 15.8802 ...
   Pass :  1   Iteration :  18  ||B r|| = 1.06542e-05
norm(r_0) 0
norm(r_1) 0
norm(r_2) 0
norm(r_3) 1.9745518e-06
norm(r_4) 0
Newton iteration  1 : ||r|| = 1.97455e-06, ||r||/||r_0|| = 0.000292897
Setting time step: 0.038628464 in DGTransportTDO
Setting time step: 0.038628464 in CombinedOp
Setting time step: 0.038628464 in IonStaticPressureOp
norm(r_0) 0
norm(r_1) 0
norm(r_2) 0
norm(r_3) 0.0053527839
norm(r_4) 0
Newton iteration  0 : ||r|| = 0.00535278
   Pass :  1   Iteration :   0  ||B r|| = 8.37906 ...
   Pass :  1   Iteration :  19  ||B r|| = 4.59852e-06
norm(r_0) 0
norm(r_1) 0
norm(r_2) 0
norm(r_3) 1.6263603e-06
norm(r_4) 0
Newton iteration  1 : ||r|| = 1.62636e-06, ||r||/||r_0|| = 0.000303834
Setting time step: 0.038628464 in DGTransportTDO
Setting time step: 0.038628464 in CombinedOp
Setting time step: 0.038628464 in IonStaticPressureOp
norm(r_0) 0
norm(r_1) 0
norm(r_2) 0
norm(r_3) 0.0017448329
norm(r_4) 0
Newton iteration  0 : ||r|| = 0.00174483
   Pass :  1   Iteration :   0  ||B r|| = 2.73132 ...
   Pass :  1   Iteration :  19  ||B r|| = 1.49902e-06
norm(r_0) 0
norm(r_1) 0
norm(r_2) 0
norm(r_3) 5.3014676e-07
norm(r_4) 0
Newton iteration  1 : ||r|| = 5.30147e-07, ||r||/||r_0|| = 0.000303838
Setting time step: 0.038628464 in DGTransportTDO
Setting time step: 0.038628464 in CombinedOp
Setting time step: 0.038628464 in IonStaticPressureOp
norm(r_0) 0
norm(r_1) 0
norm(r_2) 0
norm(r_3) 0.0029934589
norm(r_4) 0
Newton iteration  0 : ||r|| = 0.00299346
   Pass :  1   Iteration :   0  ||B r|| = 4.68588 ...
   Pass :  1   Iteration :  19  ||B r|| = 2.5717e-06
norm(r_0) 0
norm(r_1) 0
norm(r_2) 0
norm(r_3) 9.0952201e-07
norm(r_4) 0
Newton iteration  1 : ||r|| = 9.09522e-07, ||r||/||r_0|| = 0.000303836
Setting time step: 0.038628464 in DGTransportTDO
Setting time step: 0.038628464 in CombinedOp
Setting time step: 0.038628464 in IonStaticPressureOp
norm(r_0) 0
norm(r_1) 0
norm(r_2) 0
norm(r_3) 0.0033915268
norm(r_4) 0
Newton iteration  0 : ||r|| = 0.00339153
   Pass :  1   Iteration :   0  ||B r|| = 5.309 ...
   Pass :  1   Iteration :  19  ||B r|| = 2.91366e-06
norm(r_0) 0
norm(r_1) 0
norm(r_2) 0
norm(r_3) 1.0304678e-06
norm(r_4) 0
Newton iteration  1 : ||r|| = 1.03047e-06, ||r||/||r_0|| = 0.000303836
Setting time step: 0.038628464 in DGTransportTDO
Setting time step: 0.038628464 in CombinedOp
Setting time step: 0.038628464 in IonStaticPressureOp
norm(r_0) 0
norm(r_1) 0
norm(r_2) 0
norm(r_3) 0.0010960364
norm(r_4) 0
Newton iteration  0 : ||r|| = 0.00109604
   Pass :  1   Iteration :   0  ||B r|| = 1.7156 ...
   Pass :  1   Iteration :  19  ||B r|| = 9.41487e-07
norm(r_0) 0
norm(r_1) 0
norm(r_2) 0
norm(r_3) 3.3299509e-07
norm(r_4) 0
Newton iteration  1 : ||r|| = 3.32995e-07, ||r||/||r_0|| = 0.000303818
Setting time step: 0.042514568 in DGTransportTDO
Setting time step: 0.042514568 in CombinedOp
Setting time step: 0.042514568 in IonStaticPressureOp
norm(r_0) 0
norm(r_1) 0
norm(r_2) 0
norm(r_3) 0.0007266145
norm(r_4) 0
Newton iteration  0 : ||r|| = 0.000726615
   Pass :  1   Iteration :   0  ||B r|| = 1.06401 ...
   Pass :  1   Iteration :  19  ||B r|| = 6.2054e-07
norm(r_0) 0
norm(r_1) 0
norm(r_2) 0
norm(r_3) 2.4265339e-07
norm(r_4) 0
Newton iteration  1 : ||r|| = 2.42653e-07, ||r||/||r_0|| = 0.000333951
Setting time step: 0.042514568 in DGTransportTDO
Setting time step: 0.042514568 in CombinedOp
Setting time step: 0.042514568 in IonStaticPressureOp
norm(r_0) 0
norm(r_1) 0
norm(r_2) 0
norm(r_3) 0.00020525936
norm(r_4) 0
Newton iteration  0 : ||r|| = 0.000205259
   Pass :  1   Iteration :   0  ||B r|| = 0.30057 ...
   Pass :  1   Iteration :  17  ||B r|| = 6.44406e-07
norm(r_0) 0
norm(r_1) 0
norm(r_2) 0
norm(r_3) 2.2481487e-07
norm(r_4) 0
Newton iteration  1 : ||r|| = 2.24815e-07, ||r||/||r_0|| = 0.00109527
Setting time step: 0.042514568 in DGTransportTDO
Setting time step: 0.042514568 in CombinedOp
Setting time step: 0.042514568 in IonStaticPressureOp
norm(r_0) 0
norm(r_1) 0
norm(r_2) 0
norm(r_3) 0.00038387534
norm(r_4) 0
Newton iteration  0 : ||r|| = 0.000383875
   Pass :  1   Iteration :   0  ||B r|| = 0.562125 ...
   Pass :  1   Iteration :  18  ||B r|| = 6.79702e-07
norm(r_0) 0
norm(r_1) 0
norm(r_2) 0
norm(r_3) 2.7096657e-07
norm(r_4) 0
Newton iteration  1 : ||r|| = 2.70967e-07, ||r||/||r_0|| = 0.000705871
Setting time step: 0.042514568 in DGTransportTDO
Setting time step: 0.042514568 in CombinedOp
Setting time step: 0.042514568 in IonStaticPressureOp
norm(r_0) 0
norm(r_1) 0
norm(r_2) 0
norm(r_3) 0.00044181611
norm(r_4) 0
Newton iteration  0 : ||r|| = 0.000441816
   Pass :  1   Iteration :   0  ||B r|| = 0.64697 ...
   Pass :  1   Iteration :  18  ||B r|| = 7.82291e-07
norm(r_0) 0
norm(r_1) 0
norm(r_2) 0
norm(r_3) 3.1186382e-07
norm(r_4) 0
Newton iteration  1 : ||r|| = 3.11864e-07, ||r||/||r_0|| = 0.000705868
Setting time step: 0.042514568 in DGTransportTDO
Setting time step: 0.042514568 in CombinedOp
Setting time step: 0.042514568 in IonStaticPressureOp
norm(r_0) 0
norm(r_1) 0
norm(r_2) 0
norm(r_3) 0.00012843813
norm(r_4) 0
Newton iteration  0 : ||r|| = 0.000128438
   Pass :  1   Iteration :   0  ||B r|| = 0.188058 ...
   Pass :  1   Iteration :  16  ||B r|| = 7.10673e-07
norm(r_0) 0
norm(r_1) 0
norm(r_2) 0
norm(r_3) 2.4513116e-07
norm(r_4) 0
Newton iteration  1 : ||r|| = 2.45131e-07, ||r||/||r_0|| = 0.00190855
Setting time step: 0.085029137 in DGTransportTDO
Setting time step: 0.085029137 in CombinedOp
Setting time step: 0.085029137 in IonStaticPressureOp
norm(r_0) 0
norm(r_1) 0
norm(r_2) 0
norm(r_3) 8.2352511e-05
norm(r_4) 0
Newton iteration  0 : ||r|| = 8.23525e-05
   Pass :  1   Iteration :   0  ||B r|| = 0.0706453 ...
   Pass :  1   Iteration :  15  ||B r|| = 5.52413e-07
norm(r_0) 0
norm(r_1) 0
norm(r_2) 0
norm(r_3) 3.9583238e-07
norm(r_4) 0
Newton iteration  1 : ||r|| = 3.95832e-07, ||r||/||r_0|| = 0.00480656
Setting time step: 0.085029137 in DGTransportTDO
Setting time step: 0.085029137 in CombinedOp
Setting time step: 0.085029137 in IonStaticPressureOp
norm(r_0) 0
norm(r_1) 0
norm(r_2) 0
norm(r_3) 4.7187096e-06
norm(r_4) 0
Newton iteration  0 : ||r|| = 4.71871e-06
   Pass :  1   Iteration :   0  ||B r|| = 0.00396533 ...
   Pass :  1   Iteration :  10  ||B r|| = 6.7071e-07
norm(r_0) 0
norm(r_1) 0
norm(r_2) 0
norm(r_3) 4.8415738e-07
norm(r_4) 0
Newton iteration  1 : ||r|| = 4.84157e-07, ||r||/||r_0|| = 0.102604
Setting time step: 0.085029137 in DGTransportTDO
Setting time step: 0.085029137 in CombinedOp
Setting time step: 0.085029137 in IonStaticPressureOp
norm(r_0) 0
norm(r_1) 0
norm(r_2) 0
norm(r_3) 2.2828182e-05
norm(r_4) 0
Newton iteration  0 : ||r|| = 2.28282e-05
   Pass :  1   Iteration :   0  ||B r|| = 0.0195751 ...
   Pass :  1   Iteration :  12  ||B r|| = 9.91948e-07
norm(r_0) 0
norm(r_1) 0
norm(r_2) 0
norm(r_3) 7.1706798e-07
norm(r_4) 0
Newton iteration  1 : ||r|| = 7.17068e-07, ||r||/||r_0|| = 0.0314115
Setting time step: 0.085029137 in DGTransportTDO
Setting time step: 0.085029137 in CombinedOp
Setting time step: 0.085029137 in IonStaticPressureOp
norm(r_0) 0
norm(r_1) 0
norm(r_2) 0
norm(r_3) 3.3082394e-05
norm(r_4) 0
Newton iteration  0 : ||r|| = 3.30824e-05
   Pass :  1   Iteration :   0  ||B r|| = 0.0283767 ...
   Pass :  1   Iteration :  13  ||B r|| = 7.72041e-07
norm(r_0) 0
norm(r_1) 0
norm(r_2) 0
norm(r_3) 5.507381e-07
norm(r_4) 0
Newton iteration  1 : ||r|| = 5.50738e-07, ||r||/||r_0|| = 0.0166475
Setting time step: 0.085029137 in DGTransportTDO
Setting time step: 0.085029137 in CombinedOp
Setting time step: 0.085029137 in IonStaticPressureOp
norm(r_0) 0
norm(r_1) 0
norm(r_2) 0
norm(r_3) 3.7141351e-05
norm(r_4) 0
Newton iteration  0 : ||r|| = 3.71414e-05
   Pass :  1   Iteration :   0  ||B r|| = 0.00820212 ...
   Pass :  1   Iteration :  11  ||B r|| = 7.49241e-07
norm(r_0) 0
norm(r_1) 0
norm(r_2) 0
norm(r_3) 4.8403626e-07
norm(r_4) 0
Newton iteration  1 : ||r|| = 4.84036e-07, ||r||/||r_0|| = 0.0130323
Time stepping paused at t = 0.89354518

Estimating errors.
No refinements necessary.
No derefinements needed.

AMR iteration 2
Number of unknowns: 9216
Setting time step: 0.17005827 in DGTransportTDO
Setting time step: 0.17005827 in CombinedOp
Setting time step: 0.17005827 in IonStaticPressureOp
norm(r_0) 0
norm(r_1) 0
norm(r_2) 0
norm(r_3) 4.5318738e-06
norm(r_4) 0
Newton iteration  0 : ||r|| = 4.53187e-06
   Pass :  1   Iteration :   0  ||B r|| = 0.00211193 ...
   Pass :  1   Iteration :   9  ||B r|| = 9.37234e-07
norm(r_0) 0
norm(r_1) 0
norm(r_2) 0
norm(r_3) 1.278371e-06
norm(r_4) 0
Newton iteration  1 : ||r|| = 1.27837e-06, ||r||/||r_0|| = 0.282084
Setting time step: 0.17005827 in DGTransportTDO
Setting time step: 0.17005827 in CombinedOp
Setting time step: 0.17005827 in IonStaticPressureOp
norm(r_0) 0
norm(r_1) 0
norm(r_2) 0
norm(r_3) 3.0683936e-06
norm(r_4) 0
Newton iteration  0 : ||r|| = 3.06839e-06
   Pass :  1   Iteration :   0  ||B r|| = 0.000807193 ...
   Pass :  1   Iteration :   8  ||B r|| = 6.31316e-07
norm(r_0) 0
norm(r_1) 0
norm(r_2) 0
norm(r_3) 7.5250989e-07
norm(r_4) 0
Newton iteration  1 : ||r|| = 7.5251e-07, ||r||/||r_0|| = 0.245246
Setting time step: 0.17005827 in DGTransportTDO
Setting time step: 0.17005827 in CombinedOp
Setting time step: 0.17005827 in IonStaticPressureOp
norm(r_0) 0
norm(r_1) 0
norm(r_2) 0
norm(r_3) 2.0706347e-06
norm(r_4) 0
Newton iteration  0 : ||r|| = 2.07063e-06
   Pass :  1   Iteration :   0  ||B r|| = 3.77203e-05 ...
   Pass :  1   Iteration :   3  ||B r|| = 8.58364e-07
norm(r_0) 0
norm(r_1) 0
norm(r_2) 0
norm(r_3) 1.5368611e-06
norm(r_4) 0
Newton iteration  1 : ||r|| = 1.53686e-06, ||r||/||r_0|| = 0.742217
Setting time step: 0.17005827 in DGTransportTDO
Setting time step: 0.17005827 in CombinedOp
Setting time step: 0.17005827 in IonStaticPressureOp
norm(r_0) 0
norm(r_1) 0
norm(r_2) 0
norm(r_3) 1.730163e-06
norm(r_4) 0
Newton iteration  0 : ||r|| = 1.73016e-06
   Pass :  1   Iteration :   0  ||B r|| = 0.000404033 ...
   Pass :  1   Iteration :   6  ||B r|| = 9.70865e-07
norm(r_0) 0
norm(r_1) 0
norm(r_2) 0
norm(r_3) 1.2902796e-06
norm(r_4) 0
Newton iteration  1 : ||r|| = 1.29028e-06, ||r||/||r_0|| = 0.745756
Setting time step: 0.17005827 in DGTransportTDO
Setting time step: 0.17005827 in CombinedOp
Setting time step: 0.17005827 in IonStaticPressureOp
norm(r_0) 0
norm(r_1) 0
norm(r_2) 0
norm(r_3) 5.2515936e-05
norm(r_4) 0
Newton iteration  0 : ||r|| = 5.25159e-05
   Pass :  1   Iteration :   0  ||B r|| = 0.000840449 ...
   Pass :  1   Iteration :   8  ||B r|| = 6.50946e-07
norm(r_0) 0
norm(r_1) 0
norm(r_2) 0
norm(r_3) 7.3834962e-07
norm(r_4) 0
Newton iteration  1 : ||r|| = 7.3835e-07, ||r||/||r_0|| = 0.0140595
Setting time step: 0.34011655 in DGTransportTDO
Setting time step: 0.34011655 in CombinedOp
Setting time step: 0.34011655 in IonStaticPressureOp
norm(r_0) 0
norm(r_1) 0
norm(r_2) 0
norm(r_3) 9.4061958e-07
norm(r_4) 0
Newton iteration  0 : ||r|| = 9.4062e-07
   Pass :  1   Iteration :   0  ||B r|| = 0.000141386 ...
   Pass :  1   Iteration :   5  ||B r|| = 7.68311e-07
norm(r_0) 0
norm(r_1) 0
norm(r_2) 0
norm(r_3) 1.8077158e-06
norm(r_4) 0
Newton iteration  1 : ||r|| = 1.80772e-06, ||r||/||r_0|| = 1.92184
Setting time step: 0.34011655 in DGTransportTDO
Setting time step: 0.34011655 in CombinedOp
Setting time step: 0.34011655 in IonStaticPressureOp
norm(r_0) 0
norm(r_1) 0
norm(r_2) 0
norm(r_3) 3.9497631e-06
norm(r_4) 0
Newton iteration  0 : ||r|| = 3.94976e-06
   Pass :  1   Iteration :   0  ||B r|| = 8.94756e-05 ...
   Pass :  1   Iteration :   4  ||B r|| = 9.73345e-07
norm(r_0) 0
norm(r_1) 0
norm(r_2) 0
norm(r_3) 2.1129857e-06
norm(r_4) 0
Newton iteration  1 : ||r|| = 2.11299e-06, ||r||/||r_0|| = 0.534965
Setting time step: 0.34011655 in DGTransportTDO
Setting time step: 0.34011655 in CombinedOp
Setting time step: 0.34011655 in IonStaticPressureOp
norm(r_0) 0
norm(r_1) 0
norm(r_2) 0
norm(r_3) 3.009156e-06
norm(r_4) 0
Newton iteration  0 : ||r|| = 3.00916e-06
   Pass :  1   Iteration :   0  ||B r|| = 2.72762e-05 ...
   Pass :  1   Iteration :   3  ||B r|| = 4.78277e-07
norm(r_0) 0
norm(r_1) 0
norm(r_2) 0
norm(r_3) 7.6350213e-07
norm(r_4) 0
Newton iteration  1 : ||r|| = 7.63502e-07, ||r||/||r_0|| = 0.253726
Setting time step: 0.34011655 in DGTransportTDO
Setting time step: 0.34011655 in CombinedOp
Setting time step: 0.34011655 in IonStaticPressureOp
norm(r_0) 0
norm(r_1) 0
norm(r_2) 0
norm(r_3) 2.1851564e-06
norm(r_4) 0
Newton iteration  0 : ||r|| = 2.18516e-06
   Pass :  1   Iteration :   0  ||B r|| = 3.39325e-06 ...
   Pass :  1   Iteration :   1  ||B r|| = 9.84462e-07
norm(r_0) 0
norm(r_1) 0
norm(r_2) 0
norm(r_3) 1.6486675e-06
norm(r_4) 0
Newton iteration  1 : ||r|| = 1.64867e-06, ||r||/||r_0|| = 0.754485
Setting time step: 0.34011655 in DGTransportTDO
Setting time step: 0.34011655 in CombinedOp
Setting time step: 0.34011655 in IonStaticPressureOp
norm(r_0) 0
norm(r_1) 0
norm(r_2) 0
norm(r_3) 3.4291108e-05
norm(r_4) 0
Newton iteration  0 : ||r|| = 3.42911e-05
   Pass :  1   Iteration :   0  ||B r|| = 0.000140461 ...
   Pass :  1   Iteration :   6  ||B r|| = 9.72559e-07
norm(r_0) 0
norm(r_1) 0
norm(r_2) 0
norm(r_3) 2.4216521e-06
norm(r_4) 0
Newton iteration  1 : ||r|| = 2.42165e-06, ||r||/||r_0|| = 0.0706204
Setting time step: 0.6802331 in DGTransportTDO
Setting time step: 0.6802331 in CombinedOp
Setting time step: 0.6802331 in IonStaticPressureOp
norm(r_0) 0
norm(r_1) 0
norm(r_2) 0
norm(r_3) 2.4240644e-06
norm(r_4) 0
Newton iteration  0 : ||r|| = 2.42406e-06
   Pass :  1   Iteration :   0  ||B r|| = 8.80688e-06 ...
   Pass :  1   Iteration :   2  ||B r|| = 3.72576e-07
norm(r_0) 0
norm(r_1) 0
norm(r_2) 0
norm(r_3) 1.5575107e-06
norm(r_4) 0
Newton iteration  1 : ||r|| = 1.55751e-06, ||r||/||r_0|| = 0.64252
Setting time step: 0.6802331 in DGTransportTDO
Setting time step: 0.6802331 in CombinedOp
Setting time step: 0.6802331 in IonStaticPressureOp
norm(r_0) 0
norm(r_1) 0
norm(r_2) 0
norm(r_3) 2.6452311e-06
norm(r_4) 0
Newton iteration  0 : ||r|| = 2.64523e-06
   Pass :  1   Iteration :   0  ||B r|| = 7.5427e-06 ...
   Pass :  1   Iteration :   1  ||B r|| = 5.29148e-07
norm(r_0) 0
norm(r_1) 0
norm(r_2) 0
norm(r_3) 1.5806773e-06
norm(r_4) 0
Newton iteration  1 : ||r|| = 1.58068e-06, ||r||/||r_0|| = 0.597557
Setting time step: 0.6802331 in DGTransportTDO
Setting time step: 0.6802331 in CombinedOp
Setting time step: 0.6802331 in IonStaticPressureOp
norm(r_0) 0
norm(r_1) 0
norm(r_2) 0
norm(r_3) 2.2741107e-06
norm(r_4) 0
Newton iteration  0 : ||r|| = 2.27411e-06
   Pass :  1   Iteration :   0  ||B r|| = 3.48439e-06 ...
   Pass :  1   Iteration :   1  ||B r|| = 3.12596e-07
norm(r_0) 0
norm(r_1) 0
norm(r_2) 0
norm(r_3) 2.1211331e-06
norm(r_4) 0
Newton iteration  1 : ||r|| = 2.12113e-06, ||r||/||r_0|| = 0.932731
Setting time step: 0.6802331 in DGTransportTDO
Setting time step: 0.6802331 in CombinedOp
Setting time step: 0.6802331 in IonStaticPressureOp
norm(r_0) 0
norm(r_1) 0
norm(r_2) 0
norm(r_3) 1.7269391e-06
norm(r_4) 0
Newton iteration  0 : ||r|| = 1.72694e-06
   Pass :  1   Iteration :   0  ||B r|| = 1.28782e-06 ...
   Pass :  1   Iteration :   1  ||B r|| = 3.73128e-07
norm(r_0) 0
norm(r_1) 0
norm(r_2) 0
norm(r_3) 2.3434899e-06
norm(r_4) 0
Newton iteration  1 : ||r|| = 2.34349e-06, ||r||/||r_0|| = 1.35702
Setting time step: 0.6802331 in DGTransportTDO
Setting time step: 0.6802331 in CombinedOp
Setting time step: 0.6802331 in IonStaticPressureOp
norm(r_0) 0
norm(r_1) 0
norm(r_2) 0
norm(r_3) 1.2069453e-05
norm(r_4) 0
Newton iteration  0 : ||r|| = 1.20695e-05
   Pass :  1   Iteration :   0  ||B r|| = 1.82562e-05 ...
   Pass :  1   Iteration :   1  ||B r|| = 7.47648e-07
norm(r_0) 0
norm(r_1) 0
norm(r_2) 0
norm(r_3) 2.2745194e-06
norm(r_4) 0
Newton iteration  1 : ||r|| = 2.27452e-06, ||r||/||r_0|| = 0.188453
Setting time step: 1.3604662 in DGTransportTDO
Setting time step: 1.3604662 in CombinedOp
Setting time step: 1.3604662 in IonStaticPressureOp
norm(r_0) 0
norm(r_1) 0
norm(r_2) 0
norm(r_3) 2.2746126e-06
norm(r_4) 0
Newton iteration  0 : ||r|| = 2.27461e-06
   Pass :  1   Iteration :   0  ||B r|| = 4.07628e-07
norm(r_0) 0
norm(r_1) 0
norm(r_2) 0
norm(r_3) 2.2746126e-06
norm(r_4) 0
Newton iteration  1 : ||r|| = 2.27461e-06, ||r||/||r_0|| = 1
Setting time step: 1.3604662 in DGTransportTDO
Setting time step: 1.3604662 in CombinedOp
Setting time step: 1.3604662 in IonStaticPressureOp
norm(r_0) 0
norm(r_1) 0
norm(r_2) 0
norm(r_3) 2.2746126e-06
norm(r_4) 0
Newton iteration  0 : ||r|| = 2.27461e-06
   Pass :  1   Iteration :   0  ||B r|| = 4.07628e-07
norm(r_0) 0
norm(r_1) 0
norm(r_2) 0
norm(r_3) 2.2746126e-06
norm(r_4) 0
Newton iteration  1 : ||r|| = 2.27461e-06, ||r||/||r_0|| = 1
Setting time step: 1.3604662 in DGTransportTDO
Setting time step: 1.3604662 in CombinedOp
Setting time step: 1.3604662 in IonStaticPressureOp
norm(r_0) 0
norm(r_1) 0
norm(r_2) 0
norm(r_3) 2.2746126e-06
norm(r_4) 0
Newton iteration  0 : ||r|| = 2.27461e-06
   Pass :  1   Iteration :   0  ||B r|| = 4.07628e-07
norm(r_0) 0
norm(r_1) 0
norm(r_2) 0
norm(r_3) 2.2746126e-06
norm(r_4) 0
Newton iteration  1 : ||r|| = 2.27461e-06, ||r||/||r_0|| = 1
Setting time step: 1.3604662 in DGTransportTDO
Setting time step: 1.3604662 in CombinedOp
Setting time step: 1.3604662 in IonStaticPressureOp
norm(r_0) 0
norm(r_1) 0
norm(r_2) 0
norm(r_3) 2.2746126e-06
norm(r_4) 0
Newton iteration  0 : ||r|| = 2.27461e-06
   Pass :  1   Iteration :   0  ||B r|| = 4.07628e-07
norm(r_0) 0
norm(r_1) 0
norm(r_2) 0
norm(r_3) 2.2746126e-06
norm(r_4) 0
Newton iteration  1 : ||r|| = 2.27461e-06, ||r||/||r_0|| = 1
Setting time step: 1.3604662 in DGTransportTDO
Setting time step: 1.3604662 in CombinedOp
Setting time step: 1.3604662 in IonStaticPressureOp
norm(r_0) 0
norm(r_1) 0
norm(r_2) 0
norm(r_3) 2.2746126e-06
norm(r_4) 0
Newton iteration  0 : ||r|| = 2.27461e-06
   Pass :  1   Iteration :   0  ||B r|| = 4.07628e-07
norm(r_0) 0
norm(r_1) 0
norm(r_2) 0
norm(r_3) 2.2746126e-06
norm(r_4) 0
Newton iteration  1 : ||r|| = 2.27461e-06, ||r||/||r_0|| = 1
Time stepping paused at t = 11.097042
Steady State solution has been reached

Time stepping done after 3.6067098s.
