Options used:
   --mesh ../../mfem/data/inline-quad.mesh
   --bc-file /home/gz6/mfem-analysis/input-files/transport2d_bcs.inp
   --ic-file /home/gz6/mfem-analysis/input-files/transport2d_ics.inp
   --ec-file /home/gz6/mfem-analysis/input-files/transport2d_ecs.inp
   --es-file /home/gz6/mfem-analysis/input-files/transport2d_ess.inp
   --eqdsk-file 
   --logging 1
   --operator-test 8
   --equation-weights '1 1 1 1 1'
   --problem 0
   --refine-serial 2
   --refine-parallel 0
   --disable-amr
   --max-err -1
   --hysteresis 0.25
   --nc-limit 3
   --amr-weights '1 1 1 1 1'
   --order 3
   --dg-sigma -1
   --dg-kappa 500
   --linear-abs-tolerance 1e-06
   --linear-rel-tolerance 1e-06
   --linear-max-iterations 300
   --linear-logging-level 3
   --newton-abs-tolerance 1e-10
   --newton-rel-tolerance 1e-10
   --newton-max-iterations 1
   --newton-logging-level 1
   --steady-state-abs-tolerance 1e-08
   --steady-state-rel-tolerance 1e-08
   --prec-type 1
   --prec-logging-level 0
   --initial-tolerance 1e-05
   --ode-tolerance 0.001
   --ode-solver 2
   --err-per-step
   --ode-weights '1 1 1 1 1'
   --kP 0
   --kI 0.6
   --kD 0
   --dead-zone-min 0.95
   --dead-zone-max 1.05
   --theta-max 2
   --t-minimum 0
   --t-final 200
   --time-step 0.01
   --cfl-number 0.3
   --ion-charge 1
   --ion-mass 2.01410178
   --neutral-mass 2.01410178
   --neutral-temp 3
   --min-neutral-density 900000000000000
   --max-neutral-density 1000000000000000
   --neutral-density-exp 0
   --min-ion-density 1e+16
   --max-ion-density 1e+18
   --ion-density-exp 0
   --min-ion-temp 1
   --max-ion-temp 10
   --ion-temp-exp 0
   --min-electron-temp 10
   --max-electron-temp 440
   --electron-temp-exp 0
   --total-B-magnitude 5
   --poloidal-B-magnitude 0.5
   --velocity 1000
   --Di-perp 1
   --Xi-perp 1
   --Xe-perp 1
   --equation-term-flags '-1 -1 -1 -1 -1'
   --visualization-flags '-1 -1 -1 -1 -1'
   --visualization
   --visit-datafiles
   --ascii-datafiles
   --no-check-gradient
   --visualization-steps 4
Device configuration: cpu
Memory configuration: host-std
Number of elements in initial mesh: 16
Number of elements after serial refinement: 256
5: Number of elements in parallel mesh: 16
5: Number of elements after parallel refinement: 16
6: Number of elements in parallel mesh: 16
6: Number of elements after parallel refinement: 16
9: Number of elements in parallel mesh: 16
9: Number of elements after parallel refinement: 16
11: Number of elements in parallel mesh: 16
11: Number of elements after parallel refinement: 16
4: Number of elements in parallel mesh: 16
4: Number of elements after parallel refinement: 16
10: Number of elements in parallel mesh: 16
10: Number of elements after parallel refinement: 16
7: Number of elements in parallel mesh: 16
7: Number of elements after parallel refinement: 16
8: Number of elements in parallel mesh: 16
8: Number of elements after parallel refinement: 16
13: Number of elements in parallel mesh: 16
13: Number of elements after parallel refinement: 16
14: Number of elements in parallel mesh: 16
14: Number of elements after parallel refinement: 16
15: Number of elements in parallel mesh: 16
15: Number of elements after parallel refinement: 16
12: Number of elements in parallel mesh: 16
12: Number of elements after parallel refinement: 16
3: Number of elements in parallel mesh: 16
3: Number of elements after parallel refinement: 16
0: Number of elements in parallel mesh: 16
0: Number of elements after parallel refinement: 16
1: Number of elements in parallel mesh: 16
1: Number of elements after parallel refinement: 16
2: Number of elements in parallel mesh: 16
2: Number of elements after parallel refinement: 16
Configuring initial conditions
Reading initial conditions from /home/gz6/mfem-analysis/input-files/transport2d_ics.inp
Configuring exact solutions
Reading exact solutions from /home/gz6/mfem-analysis/input-files/transport2d_ess.inp
Number of unknowns per field: 4096
Total number of unknowns:     20480
Configuring boundary conditions
Reading boundary conditions from /home/gz6/mfem-analysis/input-files/transport2d_bcs.inp
Configuring equation coefficients
Reading equation coefficients from /home/gz6/mfem-analysis/input-files/transport2d_ecs.inp
Ion Static Pressure: Adding time derivative term proportional to d n_i / dt
Ion Static Pressure: Adding time derivative term proportional to d T_i / dt
Ion Static Pressure: Adding anisotropic diffusion term
Ion Static Pressure: Adding source term
Opening GLVis sockets.
Range of error estimates for initial condition: 1.467858650236067e-16 < elem err < 2.476257740287902e-16

Begin time stepping at t = 0
Setting time step: 0.0025 in DGTransportTDO
Setting time step: 0.0025 in CombinedOp
Setting time step: 0.0025 in IonStaticPressureOp
norm(r_0) 0
norm(r_1) 0
norm(r_2) 0
norm(r_3) 0.1684915103195231
norm(r_4) 0
Newton iteration  0 : ||r|| = 0.168492
   Pass :  1   Iteration :   0  ||B r|| = 6.28416 ...
   Pass :  6   Iteration : 300  ||B r|| = 2.45344e-05
GMRES: No convergence!
norm(r_0) 0
norm(r_1) 0
norm(r_2) 0
norm(r_3) 34.79974297233213
norm(r_4) 0
Newton iteration  1 : ||r|| = 34.7997, ||r||/||r_0|| = 206.537
Setting time step: 0.0025 in DGTransportTDO
Setting time step: 0.0025 in CombinedOp
Setting time step: 0.0025 in IonStaticPressureOp
norm(r_0) 0
norm(r_1) 0
norm(r_2) 0
norm(r_3) 69.59920274010416
norm(r_4) 0
Newton iteration  0 : ||r|| = 69.5992
   Pass :  1   Iteration :   0  ||B r|| = 5.75894 ...
   Pass :  6   Iteration : 300  ||B r|| = 2.1934e-05
GMRES: No convergence!
norm(r_0) 0
norm(r_1) 0
norm(r_2) 0
norm(r_3) 31.57895286210479
norm(r_4) 0
Newton iteration  1 : ||r|| = 31.579, ||r||/||r_0|| = 0.453726
Setting time step: 0.0025 in DGTransportTDO
Setting time step: 0.0025 in CombinedOp
Setting time step: 0.0025 in IonStaticPressureOp
norm(r_0) 0
norm(r_1) 0
norm(r_2) 0
norm(r_3) 54.18031522352582
norm(r_4) 0
Newton iteration  0 : ||r|| = 54.1803
   Pass :  1   Iteration :   0  ||B r|| = 2.80984 ...
   Pass :  6   Iteration : 300  ||B r|| = 2.25126e-05
GMRES: No convergence!
norm(r_0) 0
norm(r_1) 0
norm(r_2) 0
norm(r_3) 33.37210078948655
norm(r_4) 0
Newton iteration  1 : ||r|| = 33.3721, ||r||/||r_0|| = 0.615945
Setting time step: 0.0025 in DGTransportTDO
Setting time step: 0.0025 in CombinedOp
Setting time step: 0.0025 in IonStaticPressureOp
norm(r_0) 0
norm(r_1) 0
norm(r_2) 0
norm(r_3) 44.01035141734624
norm(r_4) 0
Newton iteration  0 : ||r|| = 44.0104
   Pass :  1   Iteration :   0  ||B r|| = 1.12123 ...
   Pass :  6   Iteration : 300  ||B r|| = 2.38134e-05
GMRES: No convergence!
norm(r_0) 0
norm(r_1) 0
norm(r_2) 0
norm(r_3) 34.91229834783878
norm(r_4) 0
Newton iteration  1 : ||r|| = 34.9123, ||r||/||r_0|| = 0.793275
Setting time step: 0.0025 in DGTransportTDO
Setting time step: 0.0025 in CombinedOp
Setting time step: 0.0025 in IonStaticPressureOp
norm(r_0) 0
norm(r_1) 0
norm(r_2) 0
norm(r_3) 242.1098209307587
norm(r_4) 0
Newton iteration  0 : ||r|| = 242.11
   Pass :  1   Iteration :   0  ||B r|| = 13.1883 ...
   Pass :  6   Iteration : 300  ||B r|| = 2.31914e-05
GMRES: No convergence!
norm(r_0) 0
norm(r_1) 0
norm(r_2) 0
norm(r_3) 31.39194053237382
norm(r_4) 0
Newton iteration  1 : ||r|| = 31.3919, ||r||/||r_0|| = 0.12966
Setting time step: 0.00293318391840695 in DGTransportTDO
Setting time step: 0.00293318391840695 in CombinedOp
Setting time step: 0.00293318391840695 in IonStaticPressureOp
norm(r_0) 0
norm(r_1) 0
norm(r_2) 0
norm(r_3) 31.39192974297501
norm(r_4) 0
Newton iteration  0 : ||r|| = 31.3919
   Pass :  1   Iteration :   0  ||B r|| = 0.221119 ...
   Pass :  6   Iteration : 300  ||B r|| = 2.03644e-05
GMRES: No convergence!
norm(r_0) 0
norm(r_1) 0
norm(r_2) 0
norm(r_3) 33.02349291770035
norm(r_4) 0
Newton iteration  1 : ||r|| = 33.0235, ||r||/||r_0|| = 1.05197
Setting time step: 0.00293318391840695 in DGTransportTDO
Setting time step: 0.00293318391840695 in CombinedOp
Setting time step: 0.00293318391840695 in IonStaticPressureOp
norm(r_0) 0
norm(r_1) 0
norm(r_2) 0
norm(r_3) 36.3056006455174
norm(r_4) 0
Newton iteration  0 : ||r|| = 36.3056
   Pass :  1   Iteration :   0  ||B r|| = 0.20993 ...
   Pass :  6   Iteration : 300  ||B r|| = 2.0481e-05
GMRES: No convergence!
norm(r_0) 0
norm(r_1) 0
norm(r_2) 0
norm(r_3) 32.89865807061309
norm(r_4) 0
Newton iteration  1 : ||r|| = 32.8987, ||r||/||r_0|| = 0.906159
Setting time step: 0.00293318391840695 in DGTransportTDO
Setting time step: 0.00293318391840695 in CombinedOp
Setting time step: 0.00293318391840695 in IonStaticPressureOp
norm(r_0) 0
norm(r_1) 0
norm(r_2) 0
norm(r_3) 34.69042353552739
norm(r_4) 0
Newton iteration  0 : ||r|| = 34.6904
   Pass :  1   Iteration :   0  ||B r|| = 0.104878 ...
   Pass :  6   Iteration : 300  ||B r|| = 2.04008e-05
GMRES: No convergence!
norm(r_0) 0
norm(r_1) 0
norm(r_2) 0
norm(r_3) 33.1668556164258
norm(r_4) 0
Newton iteration  1 : ||r|| = 33.1669, ||r||/||r_0|| = 0.956081
Setting time step: 0.00293318391840695 in DGTransportTDO
Setting time step: 0.00293318391840695 in CombinedOp
Setting time step: 0.00293318391840695 in IonStaticPressureOp
norm(r_0) 0
norm(r_1) 0
norm(r_2) 0
norm(r_3) 33.79683461408648
norm(r_4) 0
Newton iteration  0 : ||r|| = 33.7968
   Pass :  1   Iteration :   0  ||B r|| = 0.0441886 ...
   Pass :  6   Iteration : 300  ||B r|| = 2.03789e-05
GMRES: No convergence!
norm(r_0) 0
norm(r_1) 0
norm(r_2) 0
norm(r_3) 33.30096372302237
norm(r_4) 0
Newton iteration  1 : ||r|| = 33.301, ||r||/||r_0|| = 0.985328
Setting time step: 0.00293318391840695 in DGTransportTDO
Setting time step: 0.00293318391840695 in CombinedOp
Setting time step: 0.00293318391840695 in IonStaticPressureOp
norm(r_0) 0
norm(r_1) 0
norm(r_2) 0
norm(r_3) 100.9061421263599
norm(r_4) 0
Newton iteration  0 : ||r|| = 100.906
   Pass :  1   Iteration :   0  ||B r|| = 0.439607 ...
   Pass :  6   Iteration : 300  ||B r|| = 2.2634e-05
GMRES: No convergence!
norm(r_0) 0
norm(r_1) 0
norm(r_2) 0
norm(r_3) 38.13703738334182
norm(r_4) 0
Newton iteration  1 : ||r|| = 38.137, ||r||/||r_0|| = 0.377946
Setting time step: 0.0058663678368139 in DGTransportTDO
Setting time step: 0.0058663678368139 in CombinedOp
Setting time step: 0.0058663678368139 in IonStaticPressureOp
norm(r_0) 0
norm(r_1) 0
norm(r_2) 0
norm(r_3) 38.13703885584928
norm(r_4) 0
Newton iteration  0 : ||r|| = 38.137
   Pass :  1   Iteration :   0  ||B r|| = 0.0103913 ...
   Pass :  6   Iteration : 300  ||B r|| = 1.11593e-05
GMRES: No convergence!
norm(r_0) 0
norm(r_1) 0
norm(r_2) 0
norm(r_3) 38.85973400227762
norm(r_4) 0
Newton iteration  1 : ||r|| = 38.8597, ||r||/||r_0|| = 1.01895
Setting time step: 0.0058663678368139 in DGTransportTDO
Setting time step: 0.0058663678368139 in CombinedOp
Setting time step: 0.0058663678368139 in IonStaticPressureOp
norm(r_0) 0
norm(r_1) 0
norm(r_2) 0
norm(r_3) 41.81579896079138
norm(r_4) 0
Newton iteration  0 : ||r|| = 41.8158
   Pass :  1   Iteration :   0  ||B r|| = 0.00595916 ...
   Pass :  6   Iteration : 300  ||B r|| = 1.0851e-05
GMRES: No convergence!
norm(r_0) 0
norm(r_1) 0
norm(r_2) 0
norm(r_3) 37.75755106512215
norm(r_4) 0
Newton iteration  1 : ||r|| = 37.7576, ||r||/||r_0|| = 0.902949
Setting time step: 0.0058663678368139 in DGTransportTDO
Setting time step: 0.0058663678368139 in CombinedOp
Setting time step: 0.0058663678368139 in IonStaticPressureOp
norm(r_0) 0
norm(r_1) 0
norm(r_2) 0
norm(r_3) 40.47557802371721
norm(r_4) 0
Newton iteration  0 : ||r|| = 40.4756
   Pass :  1   Iteration :   0  ||B r|| = 0.0012102 ...
   Pass :  6   Iteration : 300  ||B r|| = 1.097e-05
GMRES: No convergence!
norm(r_0) 0
norm(r_1) 0
norm(r_2) 0
norm(r_3) 39.9543361482638
norm(r_4) 0
Newton iteration  1 : ||r|| = 39.9543, ||r||/||r_0|| = 0.987122
Setting time step: 0.0058663678368139 in DGTransportTDO
Setting time step: 0.0058663678368139 in CombinedOp
Setting time step: 0.0058663678368139 in IonStaticPressureOp
norm(r_0) 0
norm(r_1) 0
norm(r_2) 0
norm(r_3) 39.78234866822216
norm(r_4) 0
Newton iteration  0 : ||r|| = 39.7823
   Pass :  1   Iteration :   0  ||B r|| = 0.00191931 ...
   Pass :  6   Iteration : 300  ||B r|| = 1.09822e-05
GMRES: No convergence!
norm(r_0) 0
norm(r_1) 0
norm(r_2) 0
norm(r_3) 39.58033786989845
norm(r_4) 0
Newton iteration  1 : ||r|| = 39.5803, ||r||/||r_0|| = 0.994922
Setting time step: 0.0058663678368139 in DGTransportTDO
Setting time step: 0.0058663678368139 in CombinedOp
Setting time step: 0.0058663678368139 in IonStaticPressureOp
norm(r_0) 0
norm(r_1) 0
norm(r_2) 0
norm(r_3) 228.0786798050178
norm(r_4) 0
Newton iteration  0 : ||r|| = 228.079
   Pass :  1   Iteration :   0  ||B r|| = 0.160201 ...
   Pass :  6   Iteration : 300  ||B r|| = 1.09428e-05
GMRES: No convergence!
norm(r_0) 0
norm(r_1) 0
norm(r_2) 0
norm(r_3) 31.40701253693945
norm(r_4) 0
Newton iteration  1 : ||r|| = 31.407, ||r||/||r_0|| = 0.137703
Setting time step: 0.0058663678368139 in DGTransportTDO
Setting time step: 0.0058663678368139 in CombinedOp
Setting time step: 0.0058663678368139 in IonStaticPressureOp
norm(r_0) 0
norm(r_1) 0
norm(r_2) 0
norm(r_3) 31.40701252449595
norm(r_4) 0
Newton iteration  0 : ||r|| = 31.407
   Pass :  1   Iteration :   0  ||B r|| = 0.024329 ...
   Pass :  6   Iteration : 300  ||B r|| = 1.08642e-05
GMRES: No convergence!
norm(r_0) 0
norm(r_1) 0
norm(r_2) 0
norm(r_3) 34.8251156258258
norm(r_4) 0
Newton iteration  1 : ||r|| = 34.8251, ||r||/||r_0|| = 1.10883
Setting time step: 0.0058663678368139 in DGTransportTDO
Setting time step: 0.0058663678368139 in CombinedOp
Setting time step: 0.0058663678368139 in IonStaticPressureOp
norm(r_0) 0
norm(r_1) 0
norm(r_2) 0
norm(r_3) 41.17482234510411
norm(r_4) 0
Newton iteration  0 : ||r|| = 41.1748
   Pass :  1   Iteration :   0  ||B r|| = 0.0199626 ...
   Pass :  6   Iteration : 300  ||B r|| = 1.05345e-05
GMRES: No convergence!
norm(r_0) 0
norm(r_1) 0
norm(r_2) 0
norm(r_3) 31.04410664146069
norm(r_4) 0
Newton iteration  1 : ||r|| = 31.0441, ||r||/||r_0|| = 0.753958
Setting time step: 0.0058663678368139 in DGTransportTDO
Setting time step: 0.0058663678368139 in CombinedOp
Setting time step: 0.0058663678368139 in IonStaticPressureOp
norm(r_0) 0
norm(r_1) 0
norm(r_2) 0
norm(r_3) 38.56776023507415
norm(r_4) 0
Newton iteration  0 : ||r|| = 38.5678
   Pass :  1   Iteration :   0  ||B r|| = 0.00922512 ...
   Pass :  6   Iteration : 300  ||B r|| = 1.0658e-05
GMRES: No convergence!
norm(r_0) 0
norm(r_1) 0
norm(r_2) 0
norm(r_3) 31.71843958932652
norm(r_4) 0
Newton iteration  1 : ||r|| = 31.7184, ||r||/||r_0|| = 0.822408
Setting time step: 0.0058663678368139 in DGTransportTDO
Setting time step: 0.0058663678368139 in CombinedOp
Setting time step: 0.0058663678368139 in IonStaticPressureOp
norm(r_0) 0
norm(r_1) 0
norm(r_2) 0
norm(r_3) 36.50228894255736
norm(r_4) 0
Newton iteration  0 : ||r|| = 36.5023
   Pass :  1   Iteration :   0  ||B r|| = 0.00272367 ...
   Pass :  6   Iteration : 300  ||B r|| = 1.08027e-05
GMRES: No convergence!
norm(r_0) 0
norm(r_1) 0
norm(r_2) 0
norm(r_3) 33.87116638742054
norm(r_4) 0
Newton iteration  1 : ||r|| = 33.8712, ||r||/||r_0|| = 0.927919
Setting time step: 0.0058663678368139 in DGTransportTDO
Setting time step: 0.0058663678368139 in CombinedOp
Setting time step: 0.0058663678368139 in IonStaticPressureOp
norm(r_0) 0
norm(r_1) 0
norm(r_2) 0
norm(r_3) 233.0297416011462
norm(r_4) 0
Newton iteration  0 : ||r|| = 233.03
   Pass :  1   Iteration :   0  ||B r|| = 0.0676328 ...
   Pass :  6   Iteration : 300  ||B r|| = 1.17165e-05
GMRES: No convergence!
norm(r_0) 0
norm(r_1) 0
norm(r_2) 0
norm(r_3) 34.29087833054898
norm(r_4) 0
Newton iteration  1 : ||r|| = 34.2909, ||r||/||r_0|| = 0.147152
Time stepping paused at t = 0.068663678368139

Estimating errors.
Setting time step: 0.0117327356736278 in DGTransportTDO
Setting time step: 0.0117327356736278 in CombinedOp
Setting time step: 0.0117327356736278 in IonStaticPressureOp
norm(r_0) 0
norm(r_1) 0
norm(r_2) 0
norm(r_3) 34.29087844870197
norm(r_4) 0
Newton iteration  0 : ||r|| = 34.2909
   Pass :  1   Iteration :   0  ||B r|| = 0.00345025 ...
   Pass :  6   Iteration : 300  ||B r|| = 5.65433e-06
GMRES: No convergence!
norm(r_0) 0
norm(r_1) 0
norm(r_2) 0
norm(r_3) 33.31733326480814
norm(r_4) 0
Newton iteration  1 : ||r|| = 33.3173, ||r||/||r_0|| = 0.971609
Setting time step: 0.0117327356736278 in DGTransportTDO
Setting time step: 0.0117327356736278 in CombinedOp
Setting time step: 0.0117327356736278 in IonStaticPressureOp
norm(r_0) 0
norm(r_1) 0
norm(r_2) 0
norm(r_3) 34.96171950296446
norm(r_4) 0
Newton iteration  0 : ||r|| = 34.9617
   Pass :  1   Iteration :   0  ||B r|| = 0.00253252 ...
   Pass :  6   Iteration : 300  ||B r|| = 5.56253e-06
GMRES: No convergence!
norm(r_0) 0
norm(r_1) 0
norm(r_2) 0
norm(r_3) 33.39889497505218
norm(r_4) 0
Newton iteration  1 : ||r|| = 33.3989, ||r||/||r_0|| = 0.955299
Setting time step: 0.0117327356736278 in DGTransportTDO
Setting time step: 0.0117327356736278 in CombinedOp
Setting time step: 0.0117327356736278 in IonStaticPressureOp
norm(r_0) 0
norm(r_1) 0
norm(r_2) 0
norm(r_3) 34.42969098837607
norm(r_4) 0
Newton iteration  0 : ||r|| = 34.4297
   Pass :  1   Iteration :   0  ||B r|| = 0.00322019 ...
   Pass :  6   Iteration : 300  ||B r|| = 5.62276e-06
GMRES: No convergence!
norm(r_0) 0
norm(r_1) 0
norm(r_2) 0
norm(r_3) 34.7280600247662
norm(r_4) 0
Newton iteration  1 : ||r|| = 34.7281, ||r||/||r_0|| = 1.00867
Setting time step: 0.0117327356736278 in DGTransportTDO
Setting time step: 0.0117327356736278 in CombinedOp
Setting time step: 0.0117327356736278 in IonStaticPressureOp
norm(r_0) 0
norm(r_1) 0
norm(r_2) 0
norm(r_3) 33.95601833836053
norm(r_4) 0
Newton iteration  0 : ||r|| = 33.956
   Pass :  1   Iteration :   0  ||B r|| = 0.00309993 ...
   Pass :  6   Iteration : 300  ||B r|| = 5.65096e-06
GMRES: No convergence!
norm(r_0) 0
norm(r_1) 0
norm(r_2) 0
norm(r_3) 33.95356442848118
norm(r_4) 0
Newton iteration  1 : ||r|| = 33.9536, ||r||/||r_0|| = 0.999928
Setting time step: 0.0117327356736278 in DGTransportTDO
Setting time step: 0.0117327356736278 in CombinedOp
Setting time step: 0.0117327356736278 in IonStaticPressureOp
norm(r_0) 0
norm(r_1) 0
norm(r_2) 0
norm(r_3) 265.3167029346208
norm(r_4) 0
Newton iteration  0 : ||r|| = 265.317
   Pass :  1   Iteration :   0  ||B r|| = 0.000364058 ...
   Pass :  6   Iteration : 300  ||B r|| = 5.56085e-06
GMRES: No convergence!
norm(r_0) 0
norm(r_1) 0
norm(r_2) 0
norm(r_3) 34.75122969883682
norm(r_4) 0
Newton iteration  1 : ||r|| = 34.7512, ||r||/||r_0|| = 0.13098
Setting time step: 0.0234654713472556 in DGTransportTDO
Setting time step: 0.0234654713472556 in CombinedOp
Setting time step: 0.0234654713472556 in IonStaticPressureOp
norm(r_0) 0
norm(r_1) 0
norm(r_2) 0
norm(r_3) 34.75122972193367
norm(r_4) 0
Newton iteration  0 : ||r|| = 34.7512
   Pass :  1   Iteration :   0  ||B r|| = 0.000136488 ...
   Pass :  6   Iteration : 300  ||B r|| = 2.73219e-06
GMRES: No convergence!
norm(r_0) 0
norm(r_1) 0
norm(r_2) 0
norm(r_3) 38.17545473196416
norm(r_4) 0
Newton iteration  1 : ||r|| = 38.1755, ||r||/||r_0|| = 1.09854
Setting time step: 0.0234654713472556 in DGTransportTDO
Setting time step: 0.0234654713472556 in CombinedOp
Setting time step: 0.0234654713472556 in IonStaticPressureOp
norm(r_0) 0
norm(r_1) 0
norm(r_2) 0
norm(r_3) 47.38950241276566
norm(r_4) 0
Newton iteration  0 : ||r|| = 47.3895
   Pass :  1   Iteration :   0  ||B r|| = 0.000115513 ...
   Pass :  6   Iteration : 300  ||B r|| = 2.70244e-06
GMRES: No convergence!
norm(r_0) 0
norm(r_1) 0
norm(r_2) 0
norm(r_3) 39.59423456742665
norm(r_4) 0
Newton iteration  1 : ||r|| = 39.5942, ||r||/||r_0|| = 0.835506
Setting time step: 0.0234654713472556 in DGTransportTDO
Setting time step: 0.0234654713472556 in CombinedOp
Setting time step: 0.0234654713472556 in IonStaticPressureOp
norm(r_0) 0
norm(r_1) 0
norm(r_2) 0
norm(r_3) 43.07132306171786
norm(r_4) 0
Newton iteration  0 : ||r|| = 43.0713
   Pass :  1   Iteration :   0  ||B r|| = 5.24161e-05 ...
   Pass :  6   Iteration : 300  ||B r|| = 2.70289e-06
GMRES: No convergence!
norm(r_0) 0
norm(r_1) 0
norm(r_2) 0
norm(r_3) 40.84721503055299
norm(r_4) 0
Newton iteration  1 : ||r|| = 40.8472, ||r||/||r_0|| = 0.948362
Setting time step: 0.0234654713472556 in DGTransportTDO
Setting time step: 0.0234654713472556 in CombinedOp
Setting time step: 0.0234654713472556 in IonStaticPressureOp
norm(r_0) 0
norm(r_1) 0
norm(r_2) 0
norm(r_3) 40.31228117007026
norm(r_4) 0
Newton iteration  0 : ||r|| = 40.3123
   Pass :  1   Iteration :   0  ||B r|| = 1.63226e-05 ...
   Pass :  6   Iteration : 300  ||B r|| = 2.71685e-06
GMRES: No convergence!
norm(r_0) 0
norm(r_1) 0
norm(r_2) 0
norm(r_3) 40.35937939428342
norm(r_4) 0
Newton iteration  1 : ||r|| = 40.3594, ||r||/||r_0|| = 1.00117
Setting time step: 0.0234654713472556 in DGTransportTDO
Setting time step: 0.0234654713472556 in CombinedOp
Setting time step: 0.0234654713472556 in IonStaticPressureOp
norm(r_0) 0
norm(r_1) 0
norm(r_2) 0
norm(r_3) 192.0631590568298
norm(r_4) 0
Newton iteration  0 : ||r|| = 192.063
   Pass :  1   Iteration :   0  ||B r|| = 0.00013407 ...
   Pass :  6   Iteration : 300  ||B r|| = 2.79318e-06
GMRES: No convergence!
norm(r_0) 0
norm(r_1) 0
norm(r_2) 0
norm(r_3) 34.79495721249706
norm(r_4) 0
Newton iteration  1 : ||r|| = 34.795, ||r||/||r_0|| = 0.181164
Setting time step: 0.0469309426945112 in DGTransportTDO
Setting time step: 0.0469309426945112 in CombinedOp
Setting time step: 0.0469309426945112 in IonStaticPressureOp
norm(r_0) 0
norm(r_1) 0
norm(r_2) 0
norm(r_3) 34.79495722030301
norm(r_4) 0
Newton iteration  0 : ||r|| = 34.795
   Pass :  1   Iteration :   0  ||B r|| = 8.37912e-05 ...
   Pass :  6   Iteration : 300  ||B r|| = 1.3914e-06
GMRES: No convergence!
norm(r_0) 0
norm(r_1) 0
norm(r_2) 0
norm(r_3) 35.00301974583922
norm(r_4) 0
Newton iteration  1 : ||r|| = 35.003, ||r||/||r_0|| = 1.00598
Setting time step: 0.0469309426945112 in DGTransportTDO
Setting time step: 0.0469309426945112 in CombinedOp
Setting time step: 0.0469309426945112 in IonStaticPressureOp
norm(r_0) 0
norm(r_1) 0
norm(r_2) 0
norm(r_3) 35.51846907150433
norm(r_4) 0
Newton iteration  0 : ||r|| = 35.5185
   Pass :  1   Iteration :   0  ||B r|| = 8.50383e-05 ...
   Pass :  6   Iteration : 300  ||B r|| = 1.39121e-06
GMRES: No convergence!
norm(r_0) 0
norm(r_1) 0
norm(r_2) 0
norm(r_3) 35.23390127658462
norm(r_4) 0
Newton iteration  1 : ||r|| = 35.2339, ||r||/||r_0|| = 0.991988
Setting time step: 0.0469309426945112 in DGTransportTDO
Setting time step: 0.0469309426945112 in CombinedOp
Setting time step: 0.0469309426945112 in IonStaticPressureOp
norm(r_0) 0
norm(r_1) 0
norm(r_2) 0
norm(r_3) 35.21538702801181
norm(r_4) 0
Newton iteration  0 : ||r|| = 35.2154
   Pass :  1   Iteration :   0  ||B r|| = 4.50433e-05 ...
   Pass :  6   Iteration : 300  ||B r|| = 1.39032e-06
GMRES: No convergence!
norm(r_0) 0
norm(r_1) 0
norm(r_2) 0
norm(r_3) 35.33651680303623
norm(r_4) 0
Newton iteration  1 : ||r|| = 35.3365, ||r||/||r_0|| = 1.00344
Setting time step: 0.0469309426945112 in DGTransportTDO
Setting time step: 0.0469309426945112 in CombinedOp
Setting time step: 0.0469309426945112 in IonStaticPressureOp
norm(r_0) 0
norm(r_1) 0
norm(r_2) 0
norm(r_3) 35.10616857918914
norm(r_4) 0
Newton iteration  0 : ||r|| = 35.1062
   Pass :  1   Iteration :   0  ||B r|| = 2.08867e-05 ...
   Pass :  6   Iteration : 300  ||B r|| = 1.39034e-06
GMRES: No convergence!
norm(r_0) 0
norm(r_1) 0
norm(r_2) 0
norm(r_3) 35.15899647356999
norm(r_4) 0
Newton iteration  1 : ||r|| = 35.159, ||r||/||r_0|| = 1.0015
Setting time step: 0.0469309426945112 in DGTransportTDO
Setting time step: 0.0469309426945112 in CombinedOp
Setting time step: 0.0469309426945112 in IonStaticPressureOp
norm(r_0) 0
norm(r_1) 0
norm(r_2) 0
norm(r_3) 47.64271148751472
norm(r_4) 0
Newton iteration  0 : ||r|| = 47.6427
   Pass :  1   Iteration :   0  ||B r|| = 0.000215305 ...
   Pass :  6   Iteration : 300  ||B r|| = 1.37456e-06
GMRES: No convergence!
norm(r_0) 0
norm(r_1) 0
norm(r_2) 0
norm(r_3) 36.45848122874873
norm(r_4) 0
Newton iteration  1 : ||r|| = 36.4585, ||r||/||r_0|| = 0.765248
Setting time step: 0.0938618853890224 in DGTransportTDO
Setting time step: 0.0938618853890224 in CombinedOp
Setting time step: 0.0938618853890224 in IonStaticPressureOp
norm(r_0) 0
norm(r_1) 0
norm(r_2) 0
norm(r_3) 36.45848122798729
norm(r_4) 0
Newton iteration  0 : ||r|| = 36.4585
   Pass :  1   Iteration :   0  ||B r|| = 3.88917e-06 ...
   Pass :  1   Iteration :   1  ||B r|| = 7.58747e-07
norm(r_0) 0
norm(r_1) 0
norm(r_2) 0
norm(r_3) 20.63847591637292
norm(r_4) 0
Newton iteration  1 : ||r|| = 20.6385, ||r||/||r_0|| = 0.566082
Setting time step: 0.0938618853890224 in DGTransportTDO
Setting time step: 0.0938618853890224 in CombinedOp
Setting time step: 0.0938618853890224 in IonStaticPressureOp
norm(r_0) 0
norm(r_1) 0
norm(r_2) 0
norm(r_3) 12.84206306024598
norm(r_4) 0
Newton iteration  0 : ||r|| = 12.8421
   Pass :  1   Iteration :   0  ||B r|| = 3.88504e-06 ...
   Pass :  1   Iteration :   1  ||B r|| = 8.84045e-07
norm(r_0) 0
norm(r_1) 0
norm(r_2) 0
norm(r_3) 12.35503969163009
norm(r_4) 0
Newton iteration  1 : ||r|| = 12.355, ||r||/||r_0|| = 0.962076
Setting time step: 0.0938618853890224 in DGTransportTDO
Setting time step: 0.0938618853890224 in CombinedOp
Setting time step: 0.0938618853890224 in IonStaticPressureOp
norm(r_0) 0
norm(r_1) 0
norm(r_2) 0
norm(r_3) 16.49088965360431
norm(r_4) 0
Newton iteration  0 : ||r|| = 16.4909
   Pass :  1   Iteration :   0  ||B r|| = 2.1111e-06 ...
   Pass :  1   Iteration :   2  ||B r|| = 7.63452e-07
norm(r_0) 0
norm(r_1) 0
norm(r_2) 0
norm(r_3) 21.85283694059974
norm(r_4) 0
Newton iteration  1 : ||r|| = 21.8528, ||r||/||r_0|| = 1.32515
Setting time step: 0.0938618853890224 in DGTransportTDO
Setting time step: 0.0938618853890224 in CombinedOp
Setting time step: 0.0938618853890224 in IonStaticPressureOp
norm(r_0) 0
norm(r_1) 0
norm(r_2) 0
norm(r_3) 20.12972020149115
norm(r_4) 0
Newton iteration  0 : ||r|| = 20.1297
   Pass :  1   Iteration :   0  ||B r|| = 1.15728e-06 ...
   Pass :  1   Iteration :   1  ||B r|| = 7.28685e-07
norm(r_0) 0
norm(r_1) 0
norm(r_2) 0
norm(r_3) 31.80037303591692
norm(r_4) 0
Newton iteration  1 : ||r|| = 31.8004, ||r||/||r_0|| = 1.57977
Setting time step: 0.0938618853890224 in DGTransportTDO
Setting time step: 0.0938618853890224 in CombinedOp
Setting time step: 0.0938618853890224 in IonStaticPressureOp
norm(r_0) 0
norm(r_1) 0
norm(r_2) 0
norm(r_3) 289.8673601511629
norm(r_4) 0
Newton iteration  0 : ||r|| = 289.867
   Pass :  1   Iteration :   0  ||B r|| = 1.02139e-05 ...
   Pass :  1   Iteration :   5  ||B r|| = 8.85343e-07
norm(r_0) 0
norm(r_1) 0
norm(r_2) 0
norm(r_3) 37.2935697243647
norm(r_4) 0
Newton iteration  1 : ||r|| = 37.2936, ||r||/||r_0|| = 0.128657
Time stepping paused at t = 0.772627818785807

Estimating errors.
Setting time step: 0.1877237707780448 in DGTransportTDO
Setting time step: 0.1877237707780448 in CombinedOp
Setting time step: 0.1877237707780448 in IonStaticPressureOp
norm(r_0) 0
norm(r_1) 0
norm(r_2) 0
norm(r_3) 37.29356972488604
norm(r_4) 0
Newton iteration  0 : ||r|| = 37.2936
   Pass :  1   Iteration :   0  ||B r|| = 4.4282e-07
norm(r_0) 0
norm(r_1) 0
norm(r_2) 0
norm(r_3) 37.29356972488604
norm(r_4) 0
Newton iteration  1 : ||r|| = 37.2936, ||r||/||r_0|| = 1
Setting time step: 0.1877237707780448 in DGTransportTDO
Setting time step: 0.1877237707780448 in CombinedOp
Setting time step: 0.1877237707780448 in IonStaticPressureOp
norm(r_0) 0
norm(r_1) 0
norm(r_2) 0
norm(r_3) 37.29356972488604
norm(r_4) 0
Newton iteration  0 : ||r|| = 37.2936
   Pass :  1   Iteration :   0  ||B r|| = 4.4282e-07
norm(r_0) 0
norm(r_1) 0
norm(r_2) 0
norm(r_3) 37.29356972488604
norm(r_4) 0
Newton iteration  1 : ||r|| = 37.2936, ||r||/||r_0|| = 1
Setting time step: 0.1877237707780448 in DGTransportTDO
Setting time step: 0.1877237707780448 in CombinedOp
Setting time step: 0.1877237707780448 in IonStaticPressureOp
norm(r_0) 0
norm(r_1) 0
norm(r_2) 0
norm(r_3) 37.29356972488604
norm(r_4) 0
Newton iteration  0 : ||r|| = 37.2936
   Pass :  1   Iteration :   0  ||B r|| = 4.4282e-07
norm(r_0) 0
norm(r_1) 0
norm(r_2) 0
norm(r_3) 37.29356972488604
norm(r_4) 0
Newton iteration  1 : ||r|| = 37.2936, ||r||/||r_0|| = 1
Setting time step: 0.1877237707780448 in DGTransportTDO
Setting time step: 0.1877237707780448 in CombinedOp
Setting time step: 0.1877237707780448 in IonStaticPressureOp
norm(r_0) 0
norm(r_1) 0
norm(r_2) 0
norm(r_3) 37.29356972488604
norm(r_4) 0
Newton iteration  0 : ||r|| = 37.2936
   Pass :  1   Iteration :   0  ||B r|| = 4.4282e-07
norm(r_0) 0
norm(r_1) 0
norm(r_2) 0
norm(r_3) 37.29356972488604
norm(r_4) 0
Newton iteration  1 : ||r|| = 37.2936, ||r||/||r_0|| = 1
Setting time step: 0.1877237707780448 in DGTransportTDO
Setting time step: 0.1877237707780448 in CombinedOp
Setting time step: 0.1877237707780448 in IonStaticPressureOp
norm(r_0) 0
norm(r_1) 0
norm(r_2) 0
norm(r_3) 37.29356972488604
norm(r_4) 0
Newton iteration  0 : ||r|| = 37.2936
   Pass :  1   Iteration :   0  ||B r|| = 4.4282e-07
norm(r_0) 0
norm(r_1) 0
norm(r_2) 0
norm(r_3) 37.29356972488604
norm(r_4) 0
Newton iteration  1 : ||r|| = 37.2936, ||r||/||r_0|| = 1
Setting time step: 0.1877237707780448 in DGTransportTDO
Setting time step: 0.1877237707780448 in CombinedOp
Setting time step: 0.1877237707780448 in IonStaticPressureOp
norm(r_0) 0
norm(r_1) 0
norm(r_2) 0
norm(r_3) 37.29356972488604
norm(r_4) 0
Newton iteration  0 : ||r|| = 37.2936
   Pass :  1   Iteration :   0  ||B r|| = 4.4282e-07
norm(r_0) 0
norm(r_1) 0
norm(r_2) 0
norm(r_3) 37.29356972488604
norm(r_4) 0
Newton iteration  1 : ||r|| = 37.2936, ||r||/||r_0|| = 1
Setting time step: 0.1877237707780448 in DGTransportTDO
Setting time step: 0.1877237707780448 in CombinedOp
Setting time step: 0.1877237707780448 in IonStaticPressureOp
norm(r_0) 0
norm(r_1) 0
norm(r_2) 0
norm(r_3) 37.29356972488604
norm(r_4) 0
Newton iteration  0 : ||r|| = 37.2936
   Pass :  1   Iteration :   0  ||B r|| = 4.4282e-07
norm(r_0) 0
norm(r_1) 0
norm(r_2) 0
norm(r_3) 37.29356972488604
norm(r_4) 0
Newton iteration  1 : ||r|| = 37.2936, ||r||/||r_0|| = 1
Setting time step: 0.1877237707780448 in DGTransportTDO
Setting time step: 0.1877237707780448 in CombinedOp
Setting time step: 0.1877237707780448 in IonStaticPressureOp
norm(r_0) 0
norm(r_1) 0
norm(r_2) 0
norm(r_3) 37.29356972488604
norm(r_4) 0
Newton iteration  0 : ||r|| = 37.2936
   Pass :  1   Iteration :   0  ||B r|| = 4.4282e-07
norm(r_0) 0
norm(r_1) 0
norm(r_2) 0
norm(r_3) 37.29356972488604
norm(r_4) 0
Newton iteration  1 : ||r|| = 37.2936, ||r||/||r_0|| = 1
Setting time step: 0.1877237707780448 in DGTransportTDO
Setting time step: 0.1877237707780448 in CombinedOp
Setting time step: 0.1877237707780448 in IonStaticPressureOp
norm(r_0) 0
norm(r_1) 0
norm(r_2) 0
norm(r_3) 37.29356972488604
norm(r_4) 0
Newton iteration  0 : ||r|| = 37.2936
   Pass :  1   Iteration :   0  ||B r|| = 4.4282e-07
norm(r_0) 0
norm(r_1) 0
norm(r_2) 0
norm(r_3) 37.29356972488604
norm(r_4) 0
Newton iteration  1 : ||r|| = 37.2936, ||r||/||r_0|| = 1
Setting time step: 0.1877237707780448 in DGTransportTDO
Setting time step: 0.1877237707780448 in CombinedOp
Setting time step: 0.1877237707780448 in IonStaticPressureOp
norm(r_0) 0
norm(r_1) 0
norm(r_2) 0
norm(r_3) 37.29356972488604
norm(r_4) 0
Newton iteration  0 : ||r|| = 37.2936
   Pass :  1   Iteration :   0  ||B r|| = 4.4282e-07
norm(r_0) 0
norm(r_1) 0
norm(r_2) 0
norm(r_3) 37.29356972488604
norm(r_4) 0
Newton iteration  1 : ||r|| = 37.2936, ||r||/||r_0|| = 1
Setting time step: 0.1877237707780448 in DGTransportTDO
Setting time step: 0.1877237707780448 in CombinedOp
Setting time step: 0.1877237707780448 in IonStaticPressureOp
norm(r_0) 0
norm(r_1) 0
norm(r_2) 0
norm(r_3) 37.29356972488604
norm(r_4) 0
Newton iteration  0 : ||r|| = 37.2936
   Pass :  1   Iteration :   0  ||B r|| = 4.4282e-07
norm(r_0) 0
norm(r_1) 0
norm(r_2) 0
norm(r_3) 37.29356972488604
norm(r_4) 0
Newton iteration  1 : ||r|| = 37.2936, ||r||/||r_0|| = 1
Setting time step: 0.1877237707780448 in DGTransportTDO
Setting time step: 0.1877237707780448 in CombinedOp
Setting time step: 0.1877237707780448 in IonStaticPressureOp
norm(r_0) 0
norm(r_1) 0
norm(r_2) 0
norm(r_3) 37.29356972488604
norm(r_4) 0
Newton iteration  0 : ||r|| = 37.2936
   Pass :  1   Iteration :   0  ||B r|| = 4.4282e-07
norm(r_0) 0
norm(r_1) 0
norm(r_2) 0
norm(r_3) 37.29356972488604
norm(r_4) 0
Newton iteration  1 : ||r|| = 37.2936, ||r||/||r_0|| = 1
Setting time step: 0.1877237707780448 in DGTransportTDO
Setting time step: 0.1877237707780448 in CombinedOp
Setting time step: 0.1877237707780448 in IonStaticPressureOp
norm(r_0) 0
norm(r_1) 0
norm(r_2) 0
norm(r_3) 37.29356972488604
norm(r_4) 0
Newton iteration  0 : ||r|| = 37.2936
   Pass :  1   Iteration :   0  ||B r|| = 4.4282e-07
norm(r_0) 0
norm(r_1) 0
norm(r_2) 0
norm(r_3) 37.29356972488604
norm(r_4) 0
Newton iteration  1 : ||r|| = 37.2936, ||r||/||r_0|| = 1
Setting time step: 0.1877237707780448 in DGTransportTDO
Setting time step: 0.1877237707780448 in CombinedOp
Setting time step: 0.1877237707780448 in IonStaticPressureOp
norm(r_0) 0
norm(r_1) 0
norm(r_2) 0
norm(r_3) 37.29356972488604
norm(r_4) 0
Newton iteration  0 : ||r|| = 37.2936
   Pass :  1   Iteration :   0  ||B r|| = 4.4282e-07
norm(r_0) 0
norm(r_1) 0
norm(r_2) 0
norm(r_3) 37.29356972488604
norm(r_4) 0
Newton iteration  1 : ||r|| = 37.2936, ||r||/||r_0|| = 1
Setting time step: 0.1877237707780448 in DGTransportTDO
Setting time step: 0.1877237707780448 in CombinedOp
Setting time step: 0.1877237707780448 in IonStaticPressureOp
norm(r_0) 0
norm(r_1) 0
norm(r_2) 0
norm(r_3) 37.29356972488604
norm(r_4) 0
Newton iteration  0 : ||r|| = 37.2936
   Pass :  1   Iteration :   0  ||B r|| = 4.4282e-07
norm(r_0) 0
norm(r_1) 0
norm(r_2) 0
norm(r_3) 37.29356972488604
norm(r_4) 0
Newton iteration  1 : ||r|| = 37.2936, ||r||/||r_0|| = 1
Setting time step: 0.1877237707780448 in DGTransportTDO
Setting time step: 0.1877237707780448 in CombinedOp
Setting time step: 0.1877237707780448 in IonStaticPressureOp
norm(r_0) 0
norm(r_1) 0
norm(r_2) 0
norm(r_3) 37.29356972488604
norm(r_4) 0
Newton iteration  0 : ||r|| = 37.2936
   Pass :  1   Iteration :   0  ||B r|| = 4.4282e-07
norm(r_0) 0
norm(r_1) 0
norm(r_2) 0
norm(r_3) 37.29356972488604
norm(r_4) 0
Newton iteration  1 : ||r|| = 37.2936, ||r||/||r_0|| = 1
Setting time step: 0.1877237707780448 in DGTransportTDO
Setting time step: 0.1877237707780448 in CombinedOp
Setting time step: 0.1877237707780448 in IonStaticPressureOp
norm(r_0) 0
norm(r_1) 0
norm(r_2) 0
norm(r_3) 37.29356972488604
norm(r_4) 0
Newton iteration  0 : ||r|| = 37.2936
   Pass :  1   Iteration :   0  ||B r|| = 4.4282e-07
norm(r_0) 0
norm(r_1) 0
norm(r_2) 0
norm(r_3) 37.29356972488604
norm(r_4) 0
Newton iteration  1 : ||r|| = 37.2936, ||r||/||r_0|| = 1
Setting time step: 0.1877237707780448 in DGTransportTDO
Setting time step: 0.1877237707780448 in CombinedOp
Setting time step: 0.1877237707780448 in IonStaticPressureOp
norm(r_0) 0
norm(r_1) 0
norm(r_2) 0
norm(r_3) 37.29356972488604
norm(r_4) 0
Newton iteration  0 : ||r|| = 37.2936
   Pass :  1   Iteration :   0  ||B r|| = 4.4282e-07
norm(r_0) 0
norm(r_1) 0
norm(r_2) 0
norm(r_3) 37.29356972488604
norm(r_4) 0
Newton iteration  1 : ||r|| = 37.2936, ||r||/||r_0|| = 1
Setting time step: 0.1877237707780448 in DGTransportTDO
Setting time step: 0.1877237707780448 in CombinedOp
Setting time step: 0.1877237707780448 in IonStaticPressureOp
norm(r_0) 0
norm(r_1) 0
norm(r_2) 0
norm(r_3) 37.29356972488604
norm(r_4) 0
Newton iteration  0 : ||r|| = 37.2936
   Pass :  1   Iteration :   0  ||B r|| = 4.4282e-07
norm(r_0) 0
norm(r_1) 0
norm(r_2) 0
norm(r_3) 37.29356972488604
norm(r_4) 0
Newton iteration  1 : ||r|| = 37.2936, ||r||/||r_0|| = 1
Setting time step: 0.1877237707780448 in DGTransportTDO
Setting time step: 0.1877237707780448 in CombinedOp
Setting time step: 0.1877237707780448 in IonStaticPressureOp
norm(r_0) 0
norm(r_1) 0
norm(r_2) 0
norm(r_3) 37.29356972488604
norm(r_4) 0
Newton iteration  0 : ||r|| = 37.2936
   Pass :  1   Iteration :   0  ||B r|| = 4.4282e-07
norm(r_0) 0
norm(r_1) 0
norm(r_2) 0
norm(r_3) 37.29356972488604
norm(r_4) 0
Newton iteration  1 : ||r|| = 37.2936, ||r||/||r_0|| = 1
Time stepping paused at t = 3.776208151234524
Steady State solution has been reached

Time stepping done after 5.698722493s.
