Options used:
   --mesh ../../mfem/data/inline-quad.mesh
   --bc-file ../input-files/transport2d_bcs.inp
   --ic-file ../input-files/transport2d_ics.inp
   --ec-file ../input-files/transport2d_ecs.inp
   --es-file ../input-files/transport2d_ess.inp
   --eqdsk-file 
   --logging 1
   --operator-test 2
   --equation-weights '1 1 1 1 1'
   --problem 0
   --refine-serial 1
   --refine-parallel 0
   --disable-amr
   --max-err -1
   --hysteresis 0.25
   --nc-limit 3
   --amr-weights '1 1 1 1 1'
   --order 3
   --dg-sigma -1
   --dg-kappa 16
   --linear-abs-tolerance 1e-06
   --linear-rel-tolerance 1e-06
   --linear-max-iterations 500
   --linear-logging-level 3
   --newton-abs-tolerance 1e-10
   --newton-rel-tolerance 1e-10
   --newton-max-iterations 10
   --newton-logging-level 1
   --steady-state-abs-tolerance 1e-08
   --steady-state-rel-tolerance 1e-08
   --prec-type 1
   --prec-logging-level 0
   --initial-tolerance 1e-05
   --ode-tolerance 0.001
   --ode-solver 2
   --err-per-step
   --ode-weights '1 1 1 1 1'
   --kP 0
   --kI 0.6
   --kD 0
   --dead-zone-min 0.95
   --dead-zone-max 1.05
   --theta-max 2
   --t-minimum 0
   --t-final 200
   --time-step 0.01
   --cfl-number 0.3
   --ion-charge 1
   --ion-mass 2.0141018
   --neutral-mass 2.0141018
   --neutral-temp 3
   --min-neutral-density 9e+14
   --max-neutral-density 1e+15
   --neutral-density-exp 0
   --min-ion-density 1e+16
   --max-ion-density 1e+18
   --ion-density-exp 0
   --min-ion-temp 1
   --max-ion-temp 10
   --ion-temp-exp 0
   --min-electron-temp 10
   --max-electron-temp 440
   --electron-temp-exp 0
   --total-B-magnitude 5
   --poloidal-B-magnitude 0.5
   --velocity 1000
   --Di-perp 1
   --Xi-perp 1
   --Xe-perp 1
   --equation-term-flags '-1 17 -1 -1 -1'
   --visualization-flags '-1 -1 -1 -1 -1'
   --visualization
   --visit-datafiles
   --ascii-datafiles
   --no-check-gradient
   --visualization-steps 4
Device configuration: cpu
Memory configuration: host-std
Number of elements in initial mesh: 16
Number of elements after serial refinement: 64
5: Number of elements in parallel mesh: 4
5: Number of elements after parallel refinement: 4
6: Number of elements in parallel mesh: 4
6: Number of elements after parallel refinement: 4
11: Number of elements in parallel mesh: 4
11: Number of elements after parallel refinement: 4
4: Number of elements in parallel mesh: 4
4: Number of elements after parallel refinement: 4
7: Number of elements in parallel mesh: 4
7: Number of elements after parallel refinement: 4
8: Number of elements in parallel mesh: 4
8: Number of elements after parallel refinement: 4
9: Number of elements in parallel mesh: 4
9: Number of elements after parallel refinement: 4
10: Number of elements in parallel mesh: 4
10: Number of elements after parallel refinement: 4
1: Number of elements in parallel mesh: 4
1: Number of elements after parallel refinement: 4
2: Number of elements in parallel mesh: 4
2: Number of elements after parallel refinement: 4
3: Number of elements in parallel mesh: 4
3: Number of elements after parallel refinement: 4
0: Number of elements in parallel mesh: 4
0: Number of elements after parallel refinement: 4
12: Number of elements in parallel mesh: 4
12: Number of elements after parallel refinement: 4
13: Number of elements in parallel mesh: 4
13: Number of elements after parallel refinement: 4
14: Number of elements in parallel mesh: 4
14: Number of elements after parallel refinement: 4
15: Number of elements in parallel mesh: 4
15: Number of elements after parallel refinement: 4
Configuring initial conditions
Reading initial conditions from ../input-files/transport2d_ics.inp
Configuring exact solutions
Reading exact solutions from ../input-files/transport2d_ess.inp
Number of unknowns per field: 1024
Total number of unknowns:     5120
Configuring boundary conditions
Reading boundary conditions from ../input-files/transport2d_bcs.inp
Configuring equation coefficients
Reading equation coefficients from ../input-files/transport2d_ecs.inp
Using B field from TotBFunc
Ion Density: Adding time derivative term proportional to d n_i / dt
Ion Density: Adding anisotropic diffusion term
Ion Density: Adding source term
Opening GLVis sockets.
Range of error estimates for initial condition: 1.0985559e-16 < elem err < 1.8020807e-16

Begin time stepping at t = 0
Setting time step: 0.0025 in DGTransportTDO
Setting time step: 0.0025 in CombinedOp
Setting time step: 0.0025 in IonDensityOp
norm(r_0) 0
norm(r_1) 0.33698302
norm(r_2) 0
norm(r_3) 0
norm(r_4) 0
Newton iteration  0 : ||r|| = 0.336983
   Pass :  1   Iteration :   0  ||B r|| = 1.49694e-06 ...
   Pass :  1   Iteration :   1  ||B r|| = 3.98775e-07
norm(r_0) 0
norm(r_1) 16.967011
norm(r_2) 0
norm(r_3) 0
norm(r_4) 0
Newton iteration  1 : ||r|| = 16.967, ||r||/||r_0|| = 50.3497
   Pass :  1   Iteration :   0  ||B r|| = 3.98775e-07
norm(r_0) 0
norm(r_1) 16.967011
norm(r_2) 0
norm(r_3) 0
norm(r_4) 0
Newton iteration  2 : ||r|| = 16.967, ||r||/||r_0|| = 50.3497
   Pass :  1   Iteration :   0  ||B r|| = 3.98775e-07
norm(r_0) 0
norm(r_1) 16.967011
norm(r_2) 0
norm(r_3) 0
norm(r_4) 0
Newton iteration  3 : ||r|| = 16.967, ||r||/||r_0|| = 50.3497
   Pass :  1   Iteration :   0  ||B r|| = 3.98775e-07
norm(r_0) 0
norm(r_1) 16.967011
norm(r_2) 0
norm(r_3) 0
norm(r_4) 0
Newton iteration  4 : ||r|| = 16.967, ||r||/||r_0|| = 50.3497
   Pass :  1   Iteration :   0  ||B r|| = 3.98775e-07
norm(r_0) 0
norm(r_1) 16.967011
norm(r_2) 0
norm(r_3) 0
norm(r_4) 0
Newton iteration  5 : ||r|| = 16.967, ||r||/||r_0|| = 50.3497
   Pass :  1   Iteration :   0  ||B r|| = 3.98775e-07
norm(r_0) 0
norm(r_1) 16.967011
norm(r_2) 0
norm(r_3) 0
norm(r_4) 0
Newton iteration  6 : ||r|| = 16.967, ||r||/||r_0|| = 50.3497
   Pass :  1   Iteration :   0  ||B r|| = 3.98775e-07
norm(r_0) 0
norm(r_1) 16.967011
norm(r_2) 0
norm(r_3) 0
norm(r_4) 0
Newton iteration  7 : ||r|| = 16.967, ||r||/||r_0|| = 50.3497
   Pass :  1   Iteration :   0  ||B r|| = 3.98775e-07
norm(r_0) 0
norm(r_1) 16.967011
norm(r_2) 0
norm(r_3) 0
norm(r_4) 0
Newton iteration  8 : ||r|| = 16.967, ||r||/||r_0|| = 50.3497
   Pass :  1   Iteration :   0  ||B r|| = 3.98775e-07
norm(r_0) 0
norm(r_1) 16.967011
norm(r_2) 0
norm(r_3) 0
norm(r_4) 0
Newton iteration  9 : ||r|| = 16.967, ||r||/||r_0|| = 50.3497
   Pass :  1   Iteration :   0  ||B r|| = 3.98775e-07
norm(r_0) 0
norm(r_1) 16.967011
norm(r_2) 0
norm(r_3) 0
norm(r_4) 0
Newton iteration 10 : ||r|| = 16.967, ||r||/||r_0|| = 50.3497
Setting time step: 0.0025 in DGTransportTDO
Setting time step: 0.0025 in CombinedOp
Setting time step: 0.0025 in IonDensityOp
norm(r_0) 0
norm(r_1) 33.929031
norm(r_2) 0
norm(r_3) 0
norm(r_4) 0
Newton iteration  0 : ||r|| = 33.929
   Pass :  1   Iteration :   0  ||B r|| = 1.49694e-06 ...
   Pass :  1   Iteration :   1  ||B r|| = 3.62892e-07
norm(r_0) 0
norm(r_1) 17.1883
norm(r_2) 0
norm(r_3) 0
norm(r_4) 0
Newton iteration  1 : ||r|| = 17.1883, ||r||/||r_0|| = 0.506596
   Pass :  1   Iteration :   0  ||B r|| = 3.62892e-07
norm(r_0) 0
norm(r_1) 17.1883
norm(r_2) 0
norm(r_3) 0
norm(r_4) 0
Newton iteration  2 : ||r|| = 17.1883, ||r||/||r_0|| = 0.506596
   Pass :  1   Iteration :   0  ||B r|| = 3.62892e-07
norm(r_0) 0
norm(r_1) 17.1883
norm(r_2) 0
norm(r_3) 0
norm(r_4) 0
Newton iteration  3 : ||r|| = 17.1883, ||r||/||r_0|| = 0.506596
   Pass :  1   Iteration :   0  ||B r|| = 3.62892e-07
norm(r_0) 0
norm(r_1) 17.1883
norm(r_2) 0
norm(r_3) 0
norm(r_4) 0
Newton iteration  4 : ||r|| = 17.1883, ||r||/||r_0|| = 0.506596
   Pass :  1   Iteration :   0  ||B r|| = 3.62892e-07
norm(r_0) 0
norm(r_1) 17.1883
norm(r_2) 0
norm(r_3) 0
norm(r_4) 0
Newton iteration  5 : ||r|| = 17.1883, ||r||/||r_0|| = 0.506596
   Pass :  1   Iteration :   0  ||B r|| = 3.62892e-07
norm(r_0) 0
norm(r_1) 17.1883
norm(r_2) 0
norm(r_3) 0
norm(r_4) 0
Newton iteration  6 : ||r|| = 17.1883, ||r||/||r_0|| = 0.506596
   Pass :  1   Iteration :   0  ||B r|| = 3.62892e-07
norm(r_0) 0
norm(r_1) 17.1883
norm(r_2) 0
norm(r_3) 0
norm(r_4) 0
Newton iteration  7 : ||r|| = 17.1883, ||r||/||r_0|| = 0.506596
   Pass :  1   Iteration :   0  ||B r|| = 3.62892e-07
norm(r_0) 0
norm(r_1) 17.1883
norm(r_2) 0
norm(r_3) 0
norm(r_4) 0
Newton iteration  8 : ||r|| = 17.1883, ||r||/||r_0|| = 0.506596
   Pass :  1   Iteration :   0  ||B r|| = 3.62892e-07
norm(r_0) 0
norm(r_1) 17.1883
norm(r_2) 0
norm(r_3) 0
norm(r_4) 0
Newton iteration  9 : ||r|| = 17.1883, ||r||/||r_0|| = 0.506596
   Pass :  1   Iteration :   0  ||B r|| = 3.62892e-07
norm(r_0) 0
norm(r_1) 17.1883
norm(r_2) 0
norm(r_3) 0
norm(r_4) 0
Newton iteration 10 : ||r|| = 17.1883, ||r||/||r_0|| = 0.506596
Setting time step: 0.0025 in DGTransportTDO
Setting time step: 0.0025 in CombinedOp
Setting time step: 0.0025 in IonDensityOp
norm(r_0) 0
norm(r_1) 25.803392
norm(r_2) 0
norm(r_3) 0
norm(r_4) 0
Newton iteration  0 : ||r|| = 25.8034
   Pass :  1   Iteration :   0  ||B r|| = 8.53972e-07
norm(r_0) 0
norm(r_1) 25.803392
norm(r_2) 0
norm(r_3) 0
norm(r_4) 0
Newton iteration  1 : ||r|| = 25.8034, ||r||/||r_0|| = 1
   Pass :  1   Iteration :   0  ||B r|| = 8.53972e-07
norm(r_0) 0
norm(r_1) 25.803392
norm(r_2) 0
norm(r_3) 0
norm(r_4) 0
Newton iteration  2 : ||r|| = 25.8034, ||r||/||r_0|| = 1
   Pass :  1   Iteration :   0  ||B r|| = 8.53972e-07
norm(r_0) 0
norm(r_1) 25.803392
norm(r_2) 0
norm(r_3) 0
norm(r_4) 0
Newton iteration  3 : ||r|| = 25.8034, ||r||/||r_0|| = 1
   Pass :  1   Iteration :   0  ||B r|| = 8.53972e-07
norm(r_0) 0
norm(r_1) 25.803392
norm(r_2) 0
norm(r_3) 0
norm(r_4) 0
Newton iteration  4 : ||r|| = 25.8034, ||r||/||r_0|| = 1
   Pass :  1   Iteration :   0  ||B r|| = 8.53972e-07
norm(r_0) 0
norm(r_1) 25.803392
norm(r_2) 0
norm(r_3) 0
norm(r_4) 0
Newton iteration  5 : ||r|| = 25.8034, ||r||/||r_0|| = 1
   Pass :  1   Iteration :   0  ||B r|| = 8.53972e-07
norm(r_0) 0
norm(r_1) 25.803392
norm(r_2) 0
norm(r_3) 0
norm(r_4) 0
Newton iteration  6 : ||r|| = 25.8034, ||r||/||r_0|| = 1
   Pass :  1   Iteration :   0  ||B r|| = 8.53972e-07
norm(r_0) 0
norm(r_1) 25.803392
norm(r_2) 0
norm(r_3) 0
norm(r_4) 0
Newton iteration  7 : ||r|| = 25.8034, ||r||/||r_0|| = 1
   Pass :  1   Iteration :   0  ||B r|| = 8.53972e-07
norm(r_0) 0
norm(r_1) 25.803392
norm(r_2) 0
norm(r_3) 0
norm(r_4) 0
Newton iteration  8 : ||r|| = 25.8034, ||r||/||r_0|| = 1
   Pass :  1   Iteration :   0  ||B r|| = 8.53972e-07
norm(r_0) 0
norm(r_1) 25.803392
norm(r_2) 0
norm(r_3) 0
norm(r_4) 0
Newton iteration  9 : ||r|| = 25.8034, ||r||/||r_0|| = 1
   Pass :  1   Iteration :   0  ||B r|| = 8.53972e-07
norm(r_0) 0
norm(r_1) 25.803392
norm(r_2) 0
norm(r_3) 0
norm(r_4) 0
Newton iteration 10 : ||r|| = 25.8034, ||r||/||r_0|| = 1
Setting time step: 0.0025 in DGTransportTDO
Setting time step: 0.0025 in CombinedOp
Setting time step: 0.0025 in IonDensityOp
norm(r_0) 0
norm(r_1) 21.95428
norm(r_2) 0
norm(r_3) 0
norm(r_4) 0
Newton iteration  0 : ||r|| = 21.9543
   Pass :  1   Iteration :   0  ||B r|| = 5.87916e-07
norm(r_0) 0
norm(r_1) 21.95428
norm(r_2) 0
norm(r_3) 0
norm(r_4) 0
Newton iteration  1 : ||r|| = 21.9543, ||r||/||r_0|| = 1
   Pass :  1   Iteration :   0  ||B r|| = 5.87916e-07
norm(r_0) 0
norm(r_1) 21.95428
norm(r_2) 0
norm(r_3) 0
norm(r_4) 0
Newton iteration  2 : ||r|| = 21.9543, ||r||/||r_0|| = 1
   Pass :  1   Iteration :   0  ||B r|| = 5.87916e-07
norm(r_0) 0
norm(r_1) 21.95428
norm(r_2) 0
norm(r_3) 0
norm(r_4) 0
Newton iteration  3 : ||r|| = 21.9543, ||r||/||r_0|| = 1
   Pass :  1   Iteration :   0  ||B r|| = 5.87916e-07
norm(r_0) 0
norm(r_1) 21.95428
norm(r_2) 0
norm(r_3) 0
norm(r_4) 0
Newton iteration  4 : ||r|| = 21.9543, ||r||/||r_0|| = 1
   Pass :  1   Iteration :   0  ||B r|| = 5.87916e-07
norm(r_0) 0
norm(r_1) 21.95428
norm(r_2) 0
norm(r_3) 0
norm(r_4) 0
Newton iteration  5 : ||r|| = 21.9543, ||r||/||r_0|| = 1
   Pass :  1   Iteration :   0  ||B r|| = 5.87916e-07
norm(r_0) 0
norm(r_1) 21.95428
norm(r_2) 0
norm(r_3) 0
norm(r_4) 0
Newton iteration  6 : ||r|| = 21.9543, ||r||/||r_0|| = 1
   Pass :  1   Iteration :   0  ||B r|| = 5.87916e-07
norm(r_0) 0
norm(r_1) 21.95428
norm(r_2) 0
norm(r_3) 0
norm(r_4) 0
Newton iteration  7 : ||r|| = 21.9543, ||r||/||r_0|| = 1
   Pass :  1   Iteration :   0  ||B r|| = 5.87916e-07
norm(r_0) 0
norm(r_1) 21.95428
norm(r_2) 0
norm(r_3) 0
norm(r_4) 0
Newton iteration  8 : ||r|| = 21.9543, ||r||/||r_0|| = 1
   Pass :  1   Iteration :   0  ||B r|| = 5.87916e-07
norm(r_0) 0
norm(r_1) 21.95428
norm(r_2) 0
norm(r_3) 0
norm(r_4) 0
Newton iteration  9 : ||r|| = 21.9543, ||r||/||r_0|| = 1
   Pass :  1   Iteration :   0  ||B r|| = 5.87916e-07
norm(r_0) 0
norm(r_1) 21.95428
norm(r_2) 0
norm(r_3) 0
norm(r_4) 0
Newton iteration 10 : ||r|| = 21.9543, ||r||/||r_0|| = 1
Setting time step: 0.0025 in DGTransportTDO
Setting time step: 0.0025 in CombinedOp
Setting time step: 0.0025 in IonDensityOp
norm(r_0) 0
norm(r_1) 140.83525
norm(r_2) 0
norm(r_3) 0
norm(r_4) 0
Newton iteration  0 : ||r|| = 140.835
   Pass :  1   Iteration :   0  ||B r|| = 1.05093e-05 ...
   Pass :  1   Iteration :   1  ||B r|| = 4.31276e-07
norm(r_0) 0
norm(r_1) 26.021419
norm(r_2) 0
norm(r_3) 0
norm(r_4) 0
Newton iteration  1 : ||r|| = 26.0214, ||r||/||r_0|| = 0.184765
   Pass :  1   Iteration :   0  ||B r|| = 4.31276e-07
norm(r_0) 0
norm(r_1) 26.021419
norm(r_2) 0
norm(r_3) 0
norm(r_4) 0
Newton iteration  2 : ||r|| = 26.0214, ||r||/||r_0|| = 0.184765
   Pass :  1   Iteration :   0  ||B r|| = 4.31276e-07
norm(r_0) 0
norm(r_1) 26.021419
norm(r_2) 0
norm(r_3) 0
norm(r_4) 0
Newton iteration  3 : ||r|| = 26.0214, ||r||/||r_0|| = 0.184765
   Pass :  1   Iteration :   0  ||B r|| = 4.31276e-07
norm(r_0) 0
norm(r_1) 26.021419
norm(r_2) 0
norm(r_3) 0
norm(r_4) 0
Newton iteration  4 : ||r|| = 26.0214, ||r||/||r_0|| = 0.184765
   Pass :  1   Iteration :   0  ||B r|| = 4.31276e-07
norm(r_0) 0
norm(r_1) 26.021419
norm(r_2) 0
norm(r_3) 0
norm(r_4) 0
Newton iteration  5 : ||r|| = 26.0214, ||r||/||r_0|| = 0.184765
   Pass :  1   Iteration :   0  ||B r|| = 4.31276e-07
norm(r_0) 0
norm(r_1) 26.021419
norm(r_2) 0
norm(r_3) 0
norm(r_4) 0
Newton iteration  6 : ||r|| = 26.0214, ||r||/||r_0|| = 0.184765
   Pass :  1   Iteration :   0  ||B r|| = 4.31276e-07
norm(r_0) 0
norm(r_1) 26.021419
norm(r_2) 0
norm(r_3) 0
norm(r_4) 0
Newton iteration  7 : ||r|| = 26.0214, ||r||/||r_0|| = 0.184765
   Pass :  1   Iteration :   0  ||B r|| = 4.31276e-07
norm(r_0) 0
norm(r_1) 26.021419
norm(r_2) 0
norm(r_3) 0
norm(r_4) 0
Newton iteration  8 : ||r|| = 26.0214, ||r||/||r_0|| = 0.184765
   Pass :  1   Iteration :   0  ||B r|| = 4.31276e-07
norm(r_0) 0
norm(r_1) 26.021419
norm(r_2) 0
norm(r_3) 0
norm(r_4) 0
Newton iteration  9 : ||r|| = 26.0214, ||r||/||r_0|| = 0.184765
   Pass :  1   Iteration :   0  ||B r|| = 4.31276e-07
norm(r_0) 0
norm(r_1) 26.021419
norm(r_2) 0
norm(r_3) 0
norm(r_4) 0
Newton iteration 10 : ||r|| = 26.0214, ||r||/||r_0|| = 0.184765
Setting time step: 0.005 in DGTransportTDO
Setting time step: 0.005 in CombinedOp
Setting time step: 0.005 in IonDensityOp
norm(r_0) 0
norm(r_1) 26.021419
norm(r_2) 0
norm(r_3) 0
norm(r_4) 0
Newton iteration  0 : ||r|| = 26.0214
   Pass :  1   Iteration :   0  ||B r|| = 2.15638e-07
norm(r_0) 0
norm(r_1) 26.021419
norm(r_2) 0
norm(r_3) 0
norm(r_4) 0
Newton iteration  1 : ||r|| = 26.0214, ||r||/||r_0|| = 1
   Pass :  1   Iteration :   0  ||B r|| = 2.15638e-07
norm(r_0) 0
norm(r_1) 26.021419
norm(r_2) 0
norm(r_3) 0
norm(r_4) 0
Newton iteration  2 : ||r|| = 26.0214, ||r||/||r_0|| = 1
   Pass :  1   Iteration :   0  ||B r|| = 2.15638e-07
norm(r_0) 0
norm(r_1) 26.021419
norm(r_2) 0
norm(r_3) 0
norm(r_4) 0
Newton iteration  3 : ||r|| = 26.0214, ||r||/||r_0|| = 1
   Pass :  1   Iteration :   0  ||B r|| = 2.15638e-07
norm(r_0) 0
norm(r_1) 26.021419
norm(r_2) 0
norm(r_3) 0
norm(r_4) 0
Newton iteration  4 : ||r|| = 26.0214, ||r||/||r_0|| = 1
   Pass :  1   Iteration :   0  ||B r|| = 2.15638e-07
norm(r_0) 0
norm(r_1) 26.021419
norm(r_2) 0
norm(r_3) 0
norm(r_4) 0
Newton iteration  5 : ||r|| = 26.0214, ||r||/||r_0|| = 1
   Pass :  1   Iteration :   0  ||B r|| = 2.15638e-07
norm(r_0) 0
norm(r_1) 26.021419
norm(r_2) 0
norm(r_3) 0
norm(r_4) 0
Newton iteration  6 : ||r|| = 26.0214, ||r||/||r_0|| = 1
   Pass :  1   Iteration :   0  ||B r|| = 2.15638e-07
norm(r_0) 0
norm(r_1) 26.021419
norm(r_2) 0
norm(r_3) 0
norm(r_4) 0
Newton iteration  7 : ||r|| = 26.0214, ||r||/||r_0|| = 1
   Pass :  1   Iteration :   0  ||B r|| = 2.15638e-07
norm(r_0) 0
norm(r_1) 26.021419
norm(r_2) 0
norm(r_3) 0
norm(r_4) 0
Newton iteration  8 : ||r|| = 26.0214, ||r||/||r_0|| = 1
   Pass :  1   Iteration :   0  ||B r|| = 2.15638e-07
norm(r_0) 0
norm(r_1) 26.021419
norm(r_2) 0
norm(r_3) 0
norm(r_4) 0
Newton iteration  9 : ||r|| = 26.0214, ||r||/||r_0|| = 1
   Pass :  1   Iteration :   0  ||B r|| = 2.15638e-07
norm(r_0) 0
norm(r_1) 26.021419
norm(r_2) 0
norm(r_3) 0
norm(r_4) 0
Newton iteration 10 : ||r|| = 26.0214, ||r||/||r_0|| = 1
Setting time step: 0.005 in DGTransportTDO
Setting time step: 0.005 in CombinedOp
Setting time step: 0.005 in IonDensityOp
norm(r_0) 0
norm(r_1) 26.021419
norm(r_2) 0
norm(r_3) 0
norm(r_4) 0
Newton iteration  0 : ||r|| = 26.0214
   Pass :  1   Iteration :   0  ||B r|| = 2.15638e-07
norm(r_0) 0
norm(r_1) 26.021419
norm(r_2) 0
norm(r_3) 0
norm(r_4) 0
Newton iteration  1 : ||r|| = 26.0214, ||r||/||r_0|| = 1
   Pass :  1   Iteration :   0  ||B r|| = 2.15638e-07
norm(r_0) 0
norm(r_1) 26.021419
norm(r_2) 0
norm(r_3) 0
norm(r_4) 0
Newton iteration  2 : ||r|| = 26.0214, ||r||/||r_0|| = 1
   Pass :  1   Iteration :   0  ||B r|| = 2.15638e-07
norm(r_0) 0
norm(r_1) 26.021419
norm(r_2) 0
norm(r_3) 0
norm(r_4) 0
Newton iteration  3 : ||r|| = 26.0214, ||r||/||r_0|| = 1
   Pass :  1   Iteration :   0  ||B r|| = 2.15638e-07
norm(r_0) 0
norm(r_1) 26.021419
norm(r_2) 0
norm(r_3) 0
norm(r_4) 0
Newton iteration  4 : ||r|| = 26.0214, ||r||/||r_0|| = 1
   Pass :  1   Iteration :   0  ||B r|| = 2.15638e-07
norm(r_0) 0
norm(r_1) 26.021419
norm(r_2) 0
norm(r_3) 0
norm(r_4) 0
Newton iteration  5 : ||r|| = 26.0214, ||r||/||r_0|| = 1
   Pass :  1   Iteration :   0  ||B r|| = 2.15638e-07
norm(r_0) 0
norm(r_1) 26.021419
norm(r_2) 0
norm(r_3) 0
norm(r_4) 0
Newton iteration  6 : ||r|| = 26.0214, ||r||/||r_0|| = 1
   Pass :  1   Iteration :   0  ||B r|| = 2.15638e-07
norm(r_0) 0
norm(r_1) 26.021419
norm(r_2) 0
norm(r_3) 0
norm(r_4) 0
Newton iteration  7 : ||r|| = 26.0214, ||r||/||r_0|| = 1
   Pass :  1   Iteration :   0  ||B r|| = 2.15638e-07
norm(r_0) 0
norm(r_1) 26.021419
norm(r_2) 0
norm(r_3) 0
norm(r_4) 0
Newton iteration  8 : ||r|| = 26.0214, ||r||/||r_0|| = 1
   Pass :  1   Iteration :   0  ||B r|| = 2.15638e-07
norm(r_0) 0
norm(r_1) 26.021419
norm(r_2) 0
norm(r_3) 0
norm(r_4) 0
Newton iteration  9 : ||r|| = 26.0214, ||r||/||r_0|| = 1
   Pass :  1   Iteration :   0  ||B r|| = 2.15638e-07
norm(r_0) 0
norm(r_1) 26.021419
norm(r_2) 0
norm(r_3) 0
norm(r_4) 0
Newton iteration 10 : ||r|| = 26.0214, ||r||/||r_0|| = 1
Setting time step: 0.005 in DGTransportTDO
Setting time step: 0.005 in CombinedOp
Setting time step: 0.005 in IonDensityOp
norm(r_0) 0
norm(r_1) 26.021419
norm(r_2) 0
norm(r_3) 0
norm(r_4) 0
Newton iteration  0 : ||r|| = 26.0214
   Pass :  1   Iteration :   0  ||B r|| = 2.15638e-07
norm(r_0) 0
norm(r_1) 26.021419
norm(r_2) 0
norm(r_3) 0
norm(r_4) 0
Newton iteration  1 : ||r|| = 26.0214, ||r||/||r_0|| = 1
   Pass :  1   Iteration :   0  ||B r|| = 2.15638e-07
norm(r_0) 0
norm(r_1) 26.021419
norm(r_2) 0
norm(r_3) 0
norm(r_4) 0
Newton iteration  2 : ||r|| = 26.0214, ||r||/||r_0|| = 1
   Pass :  1   Iteration :   0  ||B r|| = 2.15638e-07
norm(r_0) 0
norm(r_1) 26.021419
norm(r_2) 0
norm(r_3) 0
norm(r_4) 0
Newton iteration  3 : ||r|| = 26.0214, ||r||/||r_0|| = 1
   Pass :  1   Iteration :   0  ||B r|| = 2.15638e-07
norm(r_0) 0
norm(r_1) 26.021419
norm(r_2) 0
norm(r_3) 0
norm(r_4) 0
Newton iteration  4 : ||r|| = 26.0214, ||r||/||r_0|| = 1
   Pass :  1   Iteration :   0  ||B r|| = 2.15638e-07
norm(r_0) 0
norm(r_1) 26.021419
norm(r_2) 0
norm(r_3) 0
norm(r_4) 0
Newton iteration  5 : ||r|| = 26.0214, ||r||/||r_0|| = 1
   Pass :  1   Iteration :   0  ||B r|| = 2.15638e-07
norm(r_0) 0
norm(r_1) 26.021419
norm(r_2) 0
norm(r_3) 0
norm(r_4) 0
Newton iteration  6 : ||r|| = 26.0214, ||r||/||r_0|| = 1
   Pass :  1   Iteration :   0  ||B r|| = 2.15638e-07
norm(r_0) 0
norm(r_1) 26.021419
norm(r_2) 0
norm(r_3) 0
norm(r_4) 0
Newton iteration  7 : ||r|| = 26.0214, ||r||/||r_0|| = 1
   Pass :  1   Iteration :   0  ||B r|| = 2.15638e-07
norm(r_0) 0
norm(r_1) 26.021419
norm(r_2) 0
norm(r_3) 0
norm(r_4) 0
Newton iteration  8 : ||r|| = 26.0214, ||r||/||r_0|| = 1
   Pass :  1   Iteration :   0  ||B r|| = 2.15638e-07
norm(r_0) 0
norm(r_1) 26.021419
norm(r_2) 0
norm(r_3) 0
norm(r_4) 0
Newton iteration  9 : ||r|| = 26.0214, ||r||/||r_0|| = 1
   Pass :  1   Iteration :   0  ||B r|| = 2.15638e-07
norm(r_0) 0
norm(r_1) 26.021419
norm(r_2) 0
norm(r_3) 0
norm(r_4) 0
Newton iteration 10 : ||r|| = 26.0214, ||r||/||r_0|| = 1
Setting time step: 0.005 in DGTransportTDO
Setting time step: 0.005 in CombinedOp
Setting time step: 0.005 in IonDensityOp
norm(r_0) 0
norm(r_1) 26.021419
norm(r_2) 0
norm(r_3) 0
norm(r_4) 0
Newton iteration  0 : ||r|| = 26.0214
   Pass :  1   Iteration :   0  ||B r|| = 2.15638e-07
norm(r_0) 0
norm(r_1) 26.021419
norm(r_2) 0
norm(r_3) 0
norm(r_4) 0
Newton iteration  1 : ||r|| = 26.0214, ||r||/||r_0|| = 1
   Pass :  1   Iteration :   0  ||B r|| = 2.15638e-07
norm(r_0) 0
norm(r_1) 26.021419
norm(r_2) 0
norm(r_3) 0
norm(r_4) 0
Newton iteration  2 : ||r|| = 26.0214, ||r||/||r_0|| = 1
   Pass :  1   Iteration :   0  ||B r|| = 2.15638e-07
norm(r_0) 0
norm(r_1) 26.021419
norm(r_2) 0
norm(r_3) 0
norm(r_4) 0
Newton iteration  3 : ||r|| = 26.0214, ||r||/||r_0|| = 1
   Pass :  1   Iteration :   0  ||B r|| = 2.15638e-07
norm(r_0) 0
norm(r_1) 26.021419
norm(r_2) 0
norm(r_3) 0
norm(r_4) 0
Newton iteration  4 : ||r|| = 26.0214, ||r||/||r_0|| = 1
   Pass :  1   Iteration :   0  ||B r|| = 2.15638e-07
norm(r_0) 0
norm(r_1) 26.021419
norm(r_2) 0
norm(r_3) 0
norm(r_4) 0
Newton iteration  5 : ||r|| = 26.0214, ||r||/||r_0|| = 1
   Pass :  1   Iteration :   0  ||B r|| = 2.15638e-07
norm(r_0) 0
norm(r_1) 26.021419
norm(r_2) 0
norm(r_3) 0
norm(r_4) 0
Newton iteration  6 : ||r|| = 26.0214, ||r||/||r_0|| = 1
   Pass :  1   Iteration :   0  ||B r|| = 2.15638e-07
norm(r_0) 0
norm(r_1) 26.021419
norm(r_2) 0
norm(r_3) 0
norm(r_4) 0
Newton iteration  7 : ||r|| = 26.0214, ||r||/||r_0|| = 1
   Pass :  1   Iteration :   0  ||B r|| = 2.15638e-07
norm(r_0) 0
norm(r_1) 26.021419
norm(r_2) 0
norm(r_3) 0
norm(r_4) 0
Newton iteration  8 : ||r|| = 26.0214, ||r||/||r_0|| = 1
   Pass :  1   Iteration :   0  ||B r|| = 2.15638e-07
norm(r_0) 0
norm(r_1) 26.021419
norm(r_2) 0
norm(r_3) 0
norm(r_4) 0
Newton iteration  9 : ||r|| = 26.0214, ||r||/||r_0|| = 1
   Pass :  1   Iteration :   0  ||B r|| = 2.15638e-07
norm(r_0) 0
norm(r_1) 26.021419
norm(r_2) 0
norm(r_3) 0
norm(r_4) 0
Newton iteration 10 : ||r|| = 26.0214, ||r||/||r_0|| = 1
Setting time step: 0.005 in DGTransportTDO
Setting time step: 0.005 in CombinedOp
Setting time step: 0.005 in IonDensityOp
norm(r_0) 0
norm(r_1) 26.021419
norm(r_2) 0
norm(r_3) 0
norm(r_4) 0
Newton iteration  0 : ||r|| = 26.0214
   Pass :  1   Iteration :   0  ||B r|| = 2.15638e-07
norm(r_0) 0
norm(r_1) 26.021419
norm(r_2) 0
norm(r_3) 0
norm(r_4) 0
Newton iteration  1 : ||r|| = 26.0214, ||r||/||r_0|| = 1
   Pass :  1   Iteration :   0  ||B r|| = 2.15638e-07
norm(r_0) 0
norm(r_1) 26.021419
norm(r_2) 0
norm(r_3) 0
norm(r_4) 0
Newton iteration  2 : ||r|| = 26.0214, ||r||/||r_0|| = 1
   Pass :  1   Iteration :   0  ||B r|| = 2.15638e-07
norm(r_0) 0
norm(r_1) 26.021419
norm(r_2) 0
norm(r_3) 0
norm(r_4) 0
Newton iteration  3 : ||r|| = 26.0214, ||r||/||r_0|| = 1
   Pass :  1   Iteration :   0  ||B r|| = 2.15638e-07
norm(r_0) 0
norm(r_1) 26.021419
norm(r_2) 0
norm(r_3) 0
norm(r_4) 0
Newton iteration  4 : ||r|| = 26.0214, ||r||/||r_0|| = 1
   Pass :  1   Iteration :   0  ||B r|| = 2.15638e-07
norm(r_0) 0
norm(r_1) 26.021419
norm(r_2) 0
norm(r_3) 0
norm(r_4) 0
Newton iteration  5 : ||r|| = 26.0214, ||r||/||r_0|| = 1
   Pass :  1   Iteration :   0  ||B r|| = 2.15638e-07
norm(r_0) 0
norm(r_1) 26.021419
norm(r_2) 0
norm(r_3) 0
norm(r_4) 0
Newton iteration  6 : ||r|| = 26.0214, ||r||/||r_0|| = 1
   Pass :  1   Iteration :   0  ||B r|| = 2.15638e-07
norm(r_0) 0
norm(r_1) 26.021419
norm(r_2) 0
norm(r_3) 0
norm(r_4) 0
Newton iteration  7 : ||r|| = 26.0214, ||r||/||r_0|| = 1
   Pass :  1   Iteration :   0  ||B r|| = 2.15638e-07
norm(r_0) 0
norm(r_1) 26.021419
norm(r_2) 0
norm(r_3) 0
norm(r_4) 0
Newton iteration  8 : ||r|| = 26.0214, ||r||/||r_0|| = 1
   Pass :  1   Iteration :   0  ||B r|| = 2.15638e-07
norm(r_0) 0
norm(r_1) 26.021419
norm(r_2) 0
norm(r_3) 0
norm(r_4) 0
Newton iteration  9 : ||r|| = 26.0214, ||r||/||r_0|| = 1
   Pass :  1   Iteration :   0  ||B r|| = 2.15638e-07
norm(r_0) 0
norm(r_1) 26.021419
norm(r_2) 0
norm(r_3) 0
norm(r_4) 0
Newton iteration 10 : ||r|| = 26.0214, ||r||/||r_0|| = 1
Setting time step: 0.005 in DGTransportTDO
Setting time step: 0.005 in CombinedOp
Setting time step: 0.005 in IonDensityOp
norm(r_0) 0
norm(r_1) 26.021419
norm(r_2) 0
norm(r_3) 0
norm(r_4) 0
Newton iteration  0 : ||r|| = 26.0214
   Pass :  1   Iteration :   0  ||B r|| = 2.15638e-07
norm(r_0) 0
norm(r_1) 26.021419
norm(r_2) 0
norm(r_3) 0
norm(r_4) 0
Newton iteration  1 : ||r|| = 26.0214, ||r||/||r_0|| = 1
   Pass :  1   Iteration :   0  ||B r|| = 2.15638e-07
norm(r_0) 0
norm(r_1) 26.021419
norm(r_2) 0
norm(r_3) 0
norm(r_4) 0
Newton iteration  2 : ||r|| = 26.0214, ||r||/||r_0|| = 1
   Pass :  1   Iteration :   0  ||B r|| = 2.15638e-07
norm(r_0) 0
norm(r_1) 26.021419
norm(r_2) 0
norm(r_3) 0
norm(r_4) 0
Newton iteration  3 : ||r|| = 26.0214, ||r||/||r_0|| = 1
   Pass :  1   Iteration :   0  ||B r|| = 2.15638e-07
norm(r_0) 0
norm(r_1) 26.021419
norm(r_2) 0
norm(r_3) 0
norm(r_4) 0
Newton iteration  4 : ||r|| = 26.0214, ||r||/||r_0|| = 1
   Pass :  1   Iteration :   0  ||B r|| = 2.15638e-07
norm(r_0) 0
norm(r_1) 26.021419
norm(r_2) 0
norm(r_3) 0
norm(r_4) 0
Newton iteration  5 : ||r|| = 26.0214, ||r||/||r_0|| = 1
   Pass :  1   Iteration :   0  ||B r|| = 2.15638e-07
norm(r_0) 0
norm(r_1) 26.021419
norm(r_2) 0
norm(r_3) 0
norm(r_4) 0
Newton iteration  6 : ||r|| = 26.0214, ||r||/||r_0|| = 1
   Pass :  1   Iteration :   0  ||B r|| = 2.15638e-07
norm(r_0) 0
norm(r_1) 26.021419
norm(r_2) 0
norm(r_3) 0
norm(r_4) 0
Newton iteration  7 : ||r|| = 26.0214, ||r||/||r_0|| = 1
   Pass :  1   Iteration :   0  ||B r|| = 2.15638e-07
norm(r_0) 0
norm(r_1) 26.021419
norm(r_2) 0
norm(r_3) 0
norm(r_4) 0
Newton iteration  8 : ||r|| = 26.0214, ||r||/||r_0|| = 1
   Pass :  1   Iteration :   0  ||B r|| = 2.15638e-07
norm(r_0) 0
norm(r_1) 26.021419
norm(r_2) 0
norm(r_3) 0
norm(r_4) 0
Newton iteration  9 : ||r|| = 26.0214, ||r||/||r_0|| = 1
   Pass :  1   Iteration :   0  ||B r|| = 2.15638e-07
norm(r_0) 0
norm(r_1) 26.021419
norm(r_2) 0
norm(r_3) 0
norm(r_4) 0
Newton iteration 10 : ||r|| = 26.0214, ||r||/||r_0|| = 1
Setting time step: 0.005 in DGTransportTDO
Setting time step: 0.005 in CombinedOp
Setting time step: 0.005 in IonDensityOp
norm(r_0) 0
norm(r_1) 26.021419
norm(r_2) 0
norm(r_3) 0
norm(r_4) 0
Newton iteration  0 : ||r|| = 26.0214
   Pass :  1   Iteration :   0  ||B r|| = 2.15638e-07
norm(r_0) 0
norm(r_1) 26.021419
norm(r_2) 0
norm(r_3) 0
norm(r_4) 0
Newton iteration  1 : ||r|| = 26.0214, ||r||/||r_0|| = 1
   Pass :  1   Iteration :   0  ||B r|| = 2.15638e-07
norm(r_0) 0
norm(r_1) 26.021419
norm(r_2) 0
norm(r_3) 0
norm(r_4) 0
Newton iteration  2 : ||r|| = 26.0214, ||r||/||r_0|| = 1
   Pass :  1   Iteration :   0  ||B r|| = 2.15638e-07
norm(r_0) 0
norm(r_1) 26.021419
norm(r_2) 0
norm(r_3) 0
norm(r_4) 0
Newton iteration  3 : ||r|| = 26.0214, ||r||/||r_0|| = 1
   Pass :  1   Iteration :   0  ||B r|| = 2.15638e-07
norm(r_0) 0
norm(r_1) 26.021419
norm(r_2) 0
norm(r_3) 0
norm(r_4) 0
Newton iteration  4 : ||r|| = 26.0214, ||r||/||r_0|| = 1
   Pass :  1   Iteration :   0  ||B r|| = 2.15638e-07
norm(r_0) 0
norm(r_1) 26.021419
norm(r_2) 0
norm(r_3) 0
norm(r_4) 0
Newton iteration  5 : ||r|| = 26.0214, ||r||/||r_0|| = 1
   Pass :  1   Iteration :   0  ||B r|| = 2.15638e-07
norm(r_0) 0
norm(r_1) 26.021419
norm(r_2) 0
norm(r_3) 0
norm(r_4) 0
Newton iteration  6 : ||r|| = 26.0214, ||r||/||r_0|| = 1
   Pass :  1   Iteration :   0  ||B r|| = 2.15638e-07
norm(r_0) 0
norm(r_1) 26.021419
norm(r_2) 0
norm(r_3) 0
norm(r_4) 0
Newton iteration  7 : ||r|| = 26.0214, ||r||/||r_0|| = 1
   Pass :  1   Iteration :   0  ||B r|| = 2.15638e-07
norm(r_0) 0
norm(r_1) 26.021419
norm(r_2) 0
norm(r_3) 0
norm(r_4) 0
Newton iteration  8 : ||r|| = 26.0214, ||r||/||r_0|| = 1
   Pass :  1   Iteration :   0  ||B r|| = 2.15638e-07
norm(r_0) 0
norm(r_1) 26.021419
norm(r_2) 0
norm(r_3) 0
norm(r_4) 0
Newton iteration  9 : ||r|| = 26.0214, ||r||/||r_0|| = 1
   Pass :  1   Iteration :   0  ||B r|| = 2.15638e-07
norm(r_0) 0
norm(r_1) 26.021419
norm(r_2) 0
norm(r_3) 0
norm(r_4) 0
Newton iteration 10 : ||r|| = 26.0214, ||r||/||r_0|| = 1
Setting time step: 0.005 in DGTransportTDO
Setting time step: 0.005 in CombinedOp
Setting time step: 0.005 in IonDensityOp
norm(r_0) 0
norm(r_1) 26.021419
norm(r_2) 0
norm(r_3) 0
norm(r_4) 0
Newton iteration  0 : ||r|| = 26.0214
   Pass :  1   Iteration :   0  ||B r|| = 2.15638e-07
norm(r_0) 0
norm(r_1) 26.021419
norm(r_2) 0
norm(r_3) 0
norm(r_4) 0
Newton iteration  1 : ||r|| = 26.0214, ||r||/||r_0|| = 1
   Pass :  1   Iteration :   0  ||B r|| = 2.15638e-07
norm(r_0) 0
norm(r_1) 26.021419
norm(r_2) 0
norm(r_3) 0
norm(r_4) 0
Newton iteration  2 : ||r|| = 26.0214, ||r||/||r_0|| = 1
   Pass :  1   Iteration :   0  ||B r|| = 2.15638e-07
norm(r_0) 0
norm(r_1) 26.021419
norm(r_2) 0
norm(r_3) 0
norm(r_4) 0
Newton iteration  3 : ||r|| = 26.0214, ||r||/||r_0|| = 1
   Pass :  1   Iteration :   0  ||B r|| = 2.15638e-07
norm(r_0) 0
norm(r_1) 26.021419
norm(r_2) 0
norm(r_3) 0
norm(r_4) 0
Newton iteration  4 : ||r|| = 26.0214, ||r||/||r_0|| = 1
   Pass :  1   Iteration :   0  ||B r|| = 2.15638e-07
norm(r_0) 0
norm(r_1) 26.021419
norm(r_2) 0
norm(r_3) 0
norm(r_4) 0
Newton iteration  5 : ||r|| = 26.0214, ||r||/||r_0|| = 1
   Pass :  1   Iteration :   0  ||B r|| = 2.15638e-07
norm(r_0) 0
norm(r_1) 26.021419
norm(r_2) 0
norm(r_3) 0
norm(r_4) 0
Newton iteration  6 : ||r|| = 26.0214, ||r||/||r_0|| = 1
   Pass :  1   Iteration :   0  ||B r|| = 2.15638e-07
norm(r_0) 0
norm(r_1) 26.021419
norm(r_2) 0
norm(r_3) 0
norm(r_4) 0
Newton iteration  7 : ||r|| = 26.0214, ||r||/||r_0|| = 1
   Pass :  1   Iteration :   0  ||B r|| = 2.15638e-07
norm(r_0) 0
norm(r_1) 26.021419
norm(r_2) 0
norm(r_3) 0
norm(r_4) 0
Newton iteration  8 : ||r|| = 26.0214, ||r||/||r_0|| = 1
   Pass :  1   Iteration :   0  ||B r|| = 2.15638e-07
norm(r_0) 0
norm(r_1) 26.021419
norm(r_2) 0
norm(r_3) 0
norm(r_4) 0
Newton iteration  9 : ||r|| = 26.0214, ||r||/||r_0|| = 1
   Pass :  1   Iteration :   0  ||B r|| = 2.15638e-07
norm(r_0) 0
norm(r_1) 26.021419
norm(r_2) 0
norm(r_3) 0
norm(r_4) 0
Newton iteration 10 : ||r|| = 26.0214, ||r||/||r_0|| = 1
Setting time step: 0.005 in DGTransportTDO
Setting time step: 0.005 in CombinedOp
Setting time step: 0.005 in IonDensityOp
norm(r_0) 0
norm(r_1) 26.021419
norm(r_2) 0
norm(r_3) 0
norm(r_4) 0
Newton iteration  0 : ||r|| = 26.0214
   Pass :  1   Iteration :   0  ||B r|| = 2.15638e-07
norm(r_0) 0
norm(r_1) 26.021419
norm(r_2) 0
norm(r_3) 0
norm(r_4) 0
Newton iteration  1 : ||r|| = 26.0214, ||r||/||r_0|| = 1
   Pass :  1   Iteration :   0  ||B r|| = 2.15638e-07
norm(r_0) 0
norm(r_1) 26.021419
norm(r_2) 0
norm(r_3) 0
norm(r_4) 0
Newton iteration  2 : ||r|| = 26.0214, ||r||/||r_0|| = 1
   Pass :  1   Iteration :   0  ||B r|| = 2.15638e-07
norm(r_0) 0
norm(r_1) 26.021419
norm(r_2) 0
norm(r_3) 0
norm(r_4) 0
Newton iteration  3 : ||r|| = 26.0214, ||r||/||r_0|| = 1
   Pass :  1   Iteration :   0  ||B r|| = 2.15638e-07
norm(r_0) 0
norm(r_1) 26.021419
norm(r_2) 0
norm(r_3) 0
norm(r_4) 0
Newton iteration  4 : ||r|| = 26.0214, ||r||/||r_0|| = 1
   Pass :  1   Iteration :   0  ||B r|| = 2.15638e-07
norm(r_0) 0
norm(r_1) 26.021419
norm(r_2) 0
norm(r_3) 0
norm(r_4) 0
Newton iteration  5 : ||r|| = 26.0214, ||r||/||r_0|| = 1
   Pass :  1   Iteration :   0  ||B r|| = 2.15638e-07
norm(r_0) 0
norm(r_1) 26.021419
norm(r_2) 0
norm(r_3) 0
norm(r_4) 0
Newton iteration  6 : ||r|| = 26.0214, ||r||/||r_0|| = 1
   Pass :  1   Iteration :   0  ||B r|| = 2.15638e-07
norm(r_0) 0
norm(r_1) 26.021419
norm(r_2) 0
norm(r_3) 0
norm(r_4) 0
Newton iteration  7 : ||r|| = 26.0214, ||r||/||r_0|| = 1
   Pass :  1   Iteration :   0  ||B r|| = 2.15638e-07
norm(r_0) 0
norm(r_1) 26.021419
norm(r_2) 0
norm(r_3) 0
norm(r_4) 0
Newton iteration  8 : ||r|| = 26.0214, ||r||/||r_0|| = 1
   Pass :  1   Iteration :   0  ||B r|| = 2.15638e-07
norm(r_0) 0
norm(r_1) 26.021419
norm(r_2) 0
norm(r_3) 0
norm(r_4) 0
Newton iteration  9 : ||r|| = 26.0214, ||r||/||r_0|| = 1
   Pass :  1   Iteration :   0  ||B r|| = 2.15638e-07
norm(r_0) 0
norm(r_1) 26.021419
norm(r_2) 0
norm(r_3) 0
norm(r_4) 0
Newton iteration 10 : ||r|| = 26.0214, ||r||/||r_0|| = 1
Setting time step: 0.005 in DGTransportTDO
Setting time step: 0.005 in CombinedOp
Setting time step: 0.005 in IonDensityOp
norm(r_0) 0
norm(r_1) 26.021419
norm(r_2) 0
norm(r_3) 0
norm(r_4) 0
Newton iteration  0 : ||r|| = 26.0214
   Pass :  1   Iteration :   0  ||B r|| = 2.15638e-07
norm(r_0) 0
norm(r_1) 26.021419
norm(r_2) 0
norm(r_3) 0
norm(r_4) 0
Newton iteration  1 : ||r|| = 26.0214, ||r||/||r_0|| = 1
   Pass :  1   Iteration :   0  ||B r|| = 2.15638e-07
norm(r_0) 0
norm(r_1) 26.021419
norm(r_2) 0
norm(r_3) 0
norm(r_4) 0
Newton iteration  2 : ||r|| = 26.0214, ||r||/||r_0|| = 1
   Pass :  1   Iteration :   0  ||B r|| = 2.15638e-07
norm(r_0) 0
norm(r_1) 26.021419
norm(r_2) 0
norm(r_3) 0
norm(r_4) 0
Newton iteration  3 : ||r|| = 26.0214, ||r||/||r_0|| = 1
   Pass :  1   Iteration :   0  ||B r|| = 2.15638e-07
norm(r_0) 0
norm(r_1) 26.021419
norm(r_2) 0
norm(r_3) 0
norm(r_4) 0
Newton iteration  4 : ||r|| = 26.0214, ||r||/||r_0|| = 1
   Pass :  1   Iteration :   0  ||B r|| = 2.15638e-07
norm(r_0) 0
norm(r_1) 26.021419
norm(r_2) 0
norm(r_3) 0
norm(r_4) 0
Newton iteration  5 : ||r|| = 26.0214, ||r||/||r_0|| = 1
   Pass :  1   Iteration :   0  ||B r|| = 2.15638e-07
norm(r_0) 0
norm(r_1) 26.021419
norm(r_2) 0
norm(r_3) 0
norm(r_4) 0
Newton iteration  6 : ||r|| = 26.0214, ||r||/||r_0|| = 1
   Pass :  1   Iteration :   0  ||B r|| = 2.15638e-07
norm(r_0) 0
norm(r_1) 26.021419
norm(r_2) 0
norm(r_3) 0
norm(r_4) 0
Newton iteration  7 : ||r|| = 26.0214, ||r||/||r_0|| = 1
   Pass :  1   Iteration :   0  ||B r|| = 2.15638e-07
norm(r_0) 0
norm(r_1) 26.021419
norm(r_2) 0
norm(r_3) 0
norm(r_4) 0
Newton iteration  8 : ||r|| = 26.0214, ||r||/||r_0|| = 1
   Pass :  1   Iteration :   0  ||B r|| = 2.15638e-07
norm(r_0) 0
norm(r_1) 26.021419
norm(r_2) 0
norm(r_3) 0
norm(r_4) 0
Newton iteration  9 : ||r|| = 26.0214, ||r||/||r_0|| = 1
   Pass :  1   Iteration :   0  ||B r|| = 2.15638e-07
norm(r_0) 0
norm(r_1) 26.021419
norm(r_2) 0
norm(r_3) 0
norm(r_4) 0
Newton iteration 10 : ||r|| = 26.0214, ||r||/||r_0|| = 1
Setting time step: 0.005 in DGTransportTDO
Setting time step: 0.005 in CombinedOp
Setting time step: 0.005 in IonDensityOp
norm(r_0) 0
norm(r_1) 26.021419
norm(r_2) 0
norm(r_3) 0
norm(r_4) 0
Newton iteration  0 : ||r|| = 26.0214
   Pass :  1   Iteration :   0  ||B r|| = 2.15638e-07
norm(r_0) 0
norm(r_1) 26.021419
norm(r_2) 0
norm(r_3) 0
norm(r_4) 0
Newton iteration  1 : ||r|| = 26.0214, ||r||/||r_0|| = 1
   Pass :  1   Iteration :   0  ||B r|| = 2.15638e-07
norm(r_0) 0
norm(r_1) 26.021419
norm(r_2) 0
norm(r_3) 0
norm(r_4) 0
Newton iteration  2 : ||r|| = 26.0214, ||r||/||r_0|| = 1
   Pass :  1   Iteration :   0  ||B r|| = 2.15638e-07
norm(r_0) 0
norm(r_1) 26.021419
norm(r_2) 0
norm(r_3) 0
norm(r_4) 0
Newton iteration  3 : ||r|| = 26.0214, ||r||/||r_0|| = 1
   Pass :  1   Iteration :   0  ||B r|| = 2.15638e-07
norm(r_0) 0
norm(r_1) 26.021419
norm(r_2) 0
norm(r_3) 0
norm(r_4) 0
Newton iteration  4 : ||r|| = 26.0214, ||r||/||r_0|| = 1
   Pass :  1   Iteration :   0  ||B r|| = 2.15638e-07
norm(r_0) 0
norm(r_1) 26.021419
norm(r_2) 0
norm(r_3) 0
norm(r_4) 0
Newton iteration  5 : ||r|| = 26.0214, ||r||/||r_0|| = 1
   Pass :  1   Iteration :   0  ||B r|| = 2.15638e-07
norm(r_0) 0
norm(r_1) 26.021419
norm(r_2) 0
norm(r_3) 0
norm(r_4) 0
Newton iteration  6 : ||r|| = 26.0214, ||r||/||r_0|| = 1
   Pass :  1   Iteration :   0  ||B r|| = 2.15638e-07
norm(r_0) 0
norm(r_1) 26.021419
norm(r_2) 0
norm(r_3) 0
norm(r_4) 0
Newton iteration  7 : ||r|| = 26.0214, ||r||/||r_0|| = 1
   Pass :  1   Iteration :   0  ||B r|| = 2.15638e-07
norm(r_0) 0
norm(r_1) 26.021419
norm(r_2) 0
norm(r_3) 0
norm(r_4) 0
Newton iteration  8 : ||r|| = 26.0214, ||r||/||r_0|| = 1
   Pass :  1   Iteration :   0  ||B r|| = 2.15638e-07
norm(r_0) 0
norm(r_1) 26.021419
norm(r_2) 0
norm(r_3) 0
norm(r_4) 0
Newton iteration  9 : ||r|| = 26.0214, ||r||/||r_0|| = 1
   Pass :  1   Iteration :   0  ||B r|| = 2.15638e-07
norm(r_0) 0
norm(r_1) 26.021419
norm(r_2) 0
norm(r_3) 0
norm(r_4) 0
Newton iteration 10 : ||r|| = 26.0214, ||r||/||r_0|| = 1
Setting time step: 0.005 in DGTransportTDO
Setting time step: 0.005 in CombinedOp
Setting time step: 0.005 in IonDensityOp
norm(r_0) 0
norm(r_1) 26.021419
norm(r_2) 0
norm(r_3) 0
norm(r_4) 0
Newton iteration  0 : ||r|| = 26.0214
   Pass :  1   Iteration :   0  ||B r|| = 2.15638e-07
norm(r_0) 0
norm(r_1) 26.021419
norm(r_2) 0
norm(r_3) 0
norm(r_4) 0
Newton iteration  1 : ||r|| = 26.0214, ||r||/||r_0|| = 1
   Pass :  1   Iteration :   0  ||B r|| = 2.15638e-07
norm(r_0) 0
norm(r_1) 26.021419
norm(r_2) 0
norm(r_3) 0
norm(r_4) 0
Newton iteration  2 : ||r|| = 26.0214, ||r||/||r_0|| = 1
   Pass :  1   Iteration :   0  ||B r|| = 2.15638e-07
norm(r_0) 0
norm(r_1) 26.021419
norm(r_2) 0
norm(r_3) 0
norm(r_4) 0
Newton iteration  3 : ||r|| = 26.0214, ||r||/||r_0|| = 1
   Pass :  1   Iteration :   0  ||B r|| = 2.15638e-07
norm(r_0) 0
norm(r_1) 26.021419
norm(r_2) 0
norm(r_3) 0
norm(r_4) 0
Newton iteration  4 : ||r|| = 26.0214, ||r||/||r_0|| = 1
   Pass :  1   Iteration :   0  ||B r|| = 2.15638e-07
norm(r_0) 0
norm(r_1) 26.021419
norm(r_2) 0
norm(r_3) 0
norm(r_4) 0
Newton iteration  5 : ||r|| = 26.0214, ||r||/||r_0|| = 1
   Pass :  1   Iteration :   0  ||B r|| = 2.15638e-07
norm(r_0) 0
norm(r_1) 26.021419
norm(r_2) 0
norm(r_3) 0
norm(r_4) 0
Newton iteration  6 : ||r|| = 26.0214, ||r||/||r_0|| = 1
   Pass :  1   Iteration :   0  ||B r|| = 2.15638e-07
norm(r_0) 0
norm(r_1) 26.021419
norm(r_2) 0
norm(r_3) 0
norm(r_4) 0
Newton iteration  7 : ||r|| = 26.0214, ||r||/||r_0|| = 1
   Pass :  1   Iteration :   0  ||B r|| = 2.15638e-07
norm(r_0) 0
norm(r_1) 26.021419
norm(r_2) 0
norm(r_3) 0
norm(r_4) 0
Newton iteration  8 : ||r|| = 26.0214, ||r||/||r_0|| = 1
   Pass :  1   Iteration :   0  ||B r|| = 2.15638e-07
norm(r_0) 0
norm(r_1) 26.021419
norm(r_2) 0
norm(r_3) 0
norm(r_4) 0
Newton iteration  9 : ||r|| = 26.0214, ||r||/||r_0|| = 1
   Pass :  1   Iteration :   0  ||B r|| = 2.15638e-07
norm(r_0) 0
norm(r_1) 26.021419
norm(r_2) 0
norm(r_3) 0
norm(r_4) 0
Newton iteration 10 : ||r|| = 26.0214, ||r||/||r_0|| = 1
Setting time step: 0.005 in DGTransportTDO
Setting time step: 0.005 in CombinedOp
Setting time step: 0.005 in IonDensityOp
norm(r_0) 0
norm(r_1) 26.021419
norm(r_2) 0
norm(r_3) 0
norm(r_4) 0
Newton iteration  0 : ||r|| = 26.0214
   Pass :  1   Iteration :   0  ||B r|| = 2.15638e-07
norm(r_0) 0
norm(r_1) 26.021419
norm(r_2) 0
norm(r_3) 0
norm(r_4) 0
Newton iteration  1 : ||r|| = 26.0214, ||r||/||r_0|| = 1
   Pass :  1   Iteration :   0  ||B r|| = 2.15638e-07
norm(r_0) 0
norm(r_1) 26.021419
norm(r_2) 0
norm(r_3) 0
norm(r_4) 0
Newton iteration  2 : ||r|| = 26.0214, ||r||/||r_0|| = 1
   Pass :  1   Iteration :   0  ||B r|| = 2.15638e-07
norm(r_0) 0
norm(r_1) 26.021419
norm(r_2) 0
norm(r_3) 0
norm(r_4) 0
Newton iteration  3 : ||r|| = 26.0214, ||r||/||r_0|| = 1
   Pass :  1   Iteration :   0  ||B r|| = 2.15638e-07
norm(r_0) 0
norm(r_1) 26.021419
norm(r_2) 0
norm(r_3) 0
norm(r_4) 0
Newton iteration  4 : ||r|| = 26.0214, ||r||/||r_0|| = 1
   Pass :  1   Iteration :   0  ||B r|| = 2.15638e-07
norm(r_0) 0
norm(r_1) 26.021419
norm(r_2) 0
norm(r_3) 0
norm(r_4) 0
Newton iteration  5 : ||r|| = 26.0214, ||r||/||r_0|| = 1
   Pass :  1   Iteration :   0  ||B r|| = 2.15638e-07
norm(r_0) 0
norm(r_1) 26.021419
norm(r_2) 0
norm(r_3) 0
norm(r_4) 0
Newton iteration  6 : ||r|| = 26.0214, ||r||/||r_0|| = 1
   Pass :  1   Iteration :   0  ||B r|| = 2.15638e-07
norm(r_0) 0
norm(r_1) 26.021419
norm(r_2) 0
norm(r_3) 0
norm(r_4) 0
Newton iteration  7 : ||r|| = 26.0214, ||r||/||r_0|| = 1
   Pass :  1   Iteration :   0  ||B r|| = 2.15638e-07
norm(r_0) 0
norm(r_1) 26.021419
norm(r_2) 0
norm(r_3) 0
norm(r_4) 0
Newton iteration  8 : ||r|| = 26.0214, ||r||/||r_0|| = 1
   Pass :  1   Iteration :   0  ||B r|| = 2.15638e-07
norm(r_0) 0
norm(r_1) 26.021419
norm(r_2) 0
norm(r_3) 0
norm(r_4) 0
Newton iteration  9 : ||r|| = 26.0214, ||r||/||r_0|| = 1
   Pass :  1   Iteration :   0  ||B r|| = 2.15638e-07
norm(r_0) 0
norm(r_1) 26.021419
norm(r_2) 0
norm(r_3) 0
norm(r_4) 0
Newton iteration 10 : ||r|| = 26.0214, ||r||/||r_0|| = 1
Setting time step: 0.005 in DGTransportTDO
Setting time step: 0.005 in CombinedOp
Setting time step: 0.005 in IonDensityOp
norm(r_0) 0
norm(r_1) 26.021419
norm(r_2) 0
norm(r_3) 0
norm(r_4) 0
Newton iteration  0 : ||r|| = 26.0214
   Pass :  1   Iteration :   0  ||B r|| = 2.15638e-07
norm(r_0) 0
norm(r_1) 26.021419
norm(r_2) 0
norm(r_3) 0
norm(r_4) 0
Newton iteration  1 : ||r|| = 26.0214, ||r||/||r_0|| = 1
   Pass :  1   Iteration :   0  ||B r|| = 2.15638e-07
norm(r_0) 0
norm(r_1) 26.021419
norm(r_2) 0
norm(r_3) 0
norm(r_4) 0
Newton iteration  2 : ||r|| = 26.0214, ||r||/||r_0|| = 1
   Pass :  1   Iteration :   0  ||B r|| = 2.15638e-07
norm(r_0) 0
norm(r_1) 26.021419
norm(r_2) 0
norm(r_3) 0
norm(r_4) 0
Newton iteration  3 : ||r|| = 26.0214, ||r||/||r_0|| = 1
   Pass :  1   Iteration :   0  ||B r|| = 2.15638e-07
norm(r_0) 0
norm(r_1) 26.021419
norm(r_2) 0
norm(r_3) 0
norm(r_4) 0
Newton iteration  4 : ||r|| = 26.0214, ||r||/||r_0|| = 1
   Pass :  1   Iteration :   0  ||B r|| = 2.15638e-07
norm(r_0) 0
norm(r_1) 26.021419
norm(r_2) 0
norm(r_3) 0
norm(r_4) 0
Newton iteration  5 : ||r|| = 26.0214, ||r||/||r_0|| = 1
   Pass :  1   Iteration :   0  ||B r|| = 2.15638e-07
norm(r_0) 0
norm(r_1) 26.021419
norm(r_2) 0
norm(r_3) 0
norm(r_4) 0
Newton iteration  6 : ||r|| = 26.0214, ||r||/||r_0|| = 1
   Pass :  1   Iteration :   0  ||B r|| = 2.15638e-07
norm(r_0) 0
norm(r_1) 26.021419
norm(r_2) 0
norm(r_3) 0
norm(r_4) 0
Newton iteration  7 : ||r|| = 26.0214, ||r||/||r_0|| = 1
   Pass :  1   Iteration :   0  ||B r|| = 2.15638e-07
norm(r_0) 0
norm(r_1) 26.021419
norm(r_2) 0
norm(r_3) 0
norm(r_4) 0
Newton iteration  8 : ||r|| = 26.0214, ||r||/||r_0|| = 1
   Pass :  1   Iteration :   0  ||B r|| = 2.15638e-07
norm(r_0) 0
norm(r_1) 26.021419
norm(r_2) 0
norm(r_3) 0
norm(r_4) 0
Newton iteration  9 : ||r|| = 26.0214, ||r||/||r_0|| = 1
   Pass :  1   Iteration :   0  ||B r|| = 2.15638e-07
norm(r_0) 0
norm(r_1) 26.021419
norm(r_2) 0
norm(r_3) 0
norm(r_4) 0
Newton iteration 10 : ||r|| = 26.0214, ||r||/||r_0|| = 1
Setting time step: 0.005 in DGTransportTDO
Setting time step: 0.005 in CombinedOp
Setting time step: 0.005 in IonDensityOp
norm(r_0) 0
norm(r_1) 26.021419
norm(r_2) 0
norm(r_3) 0
norm(r_4) 0
Newton iteration  0 : ||r|| = 26.0214
   Pass :  1   Iteration :   0  ||B r|| = 2.15638e-07
norm(r_0) 0
norm(r_1) 26.021419
norm(r_2) 0
norm(r_3) 0
norm(r_4) 0
Newton iteration  1 : ||r|| = 26.0214, ||r||/||r_0|| = 1
   Pass :  1   Iteration :   0  ||B r|| = 2.15638e-07
norm(r_0) 0
norm(r_1) 26.021419
norm(r_2) 0
norm(r_3) 0
norm(r_4) 0
Newton iteration  2 : ||r|| = 26.0214, ||r||/||r_0|| = 1
   Pass :  1   Iteration :   0  ||B r|| = 2.15638e-07
norm(r_0) 0
norm(r_1) 26.021419
norm(r_2) 0
norm(r_3) 0
norm(r_4) 0
Newton iteration  3 : ||r|| = 26.0214, ||r||/||r_0|| = 1
   Pass :  1   Iteration :   0  ||B r|| = 2.15638e-07
norm(r_0) 0
norm(r_1) 26.021419
norm(r_2) 0
norm(r_3) 0
norm(r_4) 0
Newton iteration  4 : ||r|| = 26.0214, ||r||/||r_0|| = 1
   Pass :  1   Iteration :   0  ||B r|| = 2.15638e-07
norm(r_0) 0
norm(r_1) 26.021419
norm(r_2) 0
norm(r_3) 0
norm(r_4) 0
Newton iteration  5 : ||r|| = 26.0214, ||r||/||r_0|| = 1
   Pass :  1   Iteration :   0  ||B r|| = 2.15638e-07
norm(r_0) 0
norm(r_1) 26.021419
norm(r_2) 0
norm(r_3) 0
norm(r_4) 0
Newton iteration  6 : ||r|| = 26.0214, ||r||/||r_0|| = 1
   Pass :  1   Iteration :   0  ||B r|| = 2.15638e-07
norm(r_0) 0
norm(r_1) 26.021419
norm(r_2) 0
norm(r_3) 0
norm(r_4) 0
Newton iteration  7 : ||r|| = 26.0214, ||r||/||r_0|| = 1
   Pass :  1   Iteration :   0  ||B r|| = 2.15638e-07
norm(r_0) 0
norm(r_1) 26.021419
norm(r_2) 0
norm(r_3) 0
norm(r_4) 0
Newton iteration  8 : ||r|| = 26.0214, ||r||/||r_0|| = 1
   Pass :  1   Iteration :   0  ||B r|| = 2.15638e-07
norm(r_0) 0
norm(r_1) 26.021419
norm(r_2) 0
norm(r_3) 0
norm(r_4) 0
Newton iteration  9 : ||r|| = 26.0214, ||r||/||r_0|| = 1
   Pass :  1   Iteration :   0  ||B r|| = 2.15638e-07
norm(r_0) 0
norm(r_1) 26.021419
norm(r_2) 0
norm(r_3) 0
norm(r_4) 0
Newton iteration 10 : ||r|| = 26.0214, ||r||/||r_0|| = 1
Time stepping paused at t = 0.07
Steady State solution has been reached

Time stepping done after 0.70561116s.
