Options used:
   --mesh ../../../mfem/data/inline-quad.mesh
   --bc-file /home/gz6/mfem-analysis/input-files/transport2d_bcs.inp
   --ic-file /home/gz6/mfem-analysis/input-files/transport2d_ics.inp
   --ec-file /home/gz6/mfem-analysis/input-files/transport2d_ecs.inp
   --es-file /home/gz6/mfem-analysis/input-files/transport2d_ess.inp
   --eqdsk-file 
   --logging 1
   --operator-test 8
   --equation-weights '1 1 1 1 1'
   --problem 0
   --refine-serial 3
   --refine-parallel 0
   --disable-amr
   --max-err -1
   --hysteresis 0.25
   --nc-limit 3
   --amr-weights '1 1 1 1 1'
   --order 3
   --dg-sigma -1
   --dg-kappa 500
   --linear-abs-tolerance 1e-06
   --linear-rel-tolerance 1e-06
   --linear-max-iterations 300
   --linear-logging-level 3
   --newton-abs-tolerance 1e-10
   --newton-rel-tolerance 1e-10
   --newton-max-iterations 1
   --newton-logging-level 1
   --steady-state-abs-tolerance 1e-08
   --steady-state-rel-tolerance 1e-08
   --prec-type 2
   --prec-logging-level 0
   --initial-tolerance 1e-05
   --ode-tolerance 0.001
   --ode-solver 2
   --err-per-step
   --ode-weights '1 1 1 1 1'
   --kP 0
   --kI 0.6
   --kD 0
   --dead-zone-min 0.95
   --dead-zone-max 1.05
   --theta-max 2
   --t-minimum 0
   --t-final 200
   --time-step 0.01
   --cfl-number 0.3
   --ion-charge 1
   --ion-mass 2.01410178
   --neutral-mass 2.01410178
   --neutral-temp 3
   --min-neutral-density 900000000000000
   --max-neutral-density 1000000000000000
   --neutral-density-exp 0
   --min-ion-density 1e+16
   --max-ion-density 1e+18
   --ion-density-exp 0
   --min-ion-temp 1
   --max-ion-temp 10
   --ion-temp-exp 0
   --min-electron-temp 10
   --max-electron-temp 440
   --electron-temp-exp 0
   --total-B-magnitude 5
   --poloidal-B-magnitude 0.5
   --velocity 1000
   --Di-perp 1
   --Xi-perp 1
   --Xe-perp 1
   --equation-term-flags '-1 -1 -1 -1 -1'
   --visualization-flags '-1 -1 -1 -1 -1'
   --visualization
   --visit-datafiles
   --ascii-datafiles
   --no-check-gradient
   --visualization-steps 4
Device configuration: cpu
Memory configuration: host-std
Number of elements in initial mesh: 16
Number of elements after serial refinement: 1024
0: Number of elements in parallel mesh: 1024
0: Number of elements after parallel refinement: 1024
Configuring initial conditions
Reading initial conditions from /home/gz6/mfem-analysis/input-files/transport2d_ics.inp
Configuring exact solutions
Reading exact solutions from /home/gz6/mfem-analysis/input-files/transport2d_ess.inp
Number of unknowns per field: 16384
Total number of unknowns:     81920
Configuring boundary conditions
Reading boundary conditions from /home/gz6/mfem-analysis/input-files/transport2d_bcs.inp
Configuring equation coefficients
Reading equation coefficients from /home/gz6/mfem-analysis/input-files/transport2d_ecs.inp
Ion Static Pressure: Adding time derivative term proportional to d n_i / dt
Ion Static Pressure: Adding time derivative term proportional to d T_i / dt
Ion Static Pressure: Adding anisotropic diffusion term
Ion Static Pressure: Adding source term
Opening GLVis sockets.
Range of error estimates for initial condition: 7.339293251180452e-17 < elem err < 1.238128870144119e-16

Begin time stepping at t = 0
Setting time step: 0.0025 in DGTransportTDO
Setting time step: 0.0025 in CombinedOp
Setting time step: 0.0025 in IonStaticPressureOp
norm(r_0) 0
norm(r_1) 0
norm(r_2) 0
norm(r_3) 0.08424575515976199
norm(r_4) 0
Newton iteration  0 : ||r|| = 0.0842458
	Nonzeros in L         139264
	Nonzeros in U         139264
	nonzeros in L+U       262144
	nonzeros in LSUB       32768

** Memory Usage **********************************
** NUMfact space (MB): (sum-of-all-processes)
    L\U :            2.18 |  Total :     4.17
** Total highmark (MB):
    Sum-of-all :    23.80 | Avg :    23.80  | Max :    23.80
**************************************************
	Nonzeros in L         139264
	Nonzeros in U         139264
	nonzeros in L+U       262144
	nonzeros in LSUB       32768

** Memory Usage **********************************
** NUMfact space (MB): (sum-of-all-processes)
    L\U :            2.18 |  Total :     4.17
** Total highmark (MB):
    Sum-of-all :    23.80 | Avg :    23.80  | Max :    23.80
**************************************************
	Nonzeros in L         139264
	Nonzeros in U         139264
	nonzeros in L+U       262144
	nonzeros in LSUB       32768

** Memory Usage **********************************
** NUMfact space (MB): (sum-of-all-processes)
    L\U :            2.18 |  Total :     4.17
** Total highmark (MB):
    Sum-of-all :    23.80 | Avg :    23.80  | Max :    23.80
**************************************************
	Nonzeros in L        3302400
	Nonzeros in U        3302400
	nonzeros in L+U      6588416
	nonzeros in LSUB      805570

** Memory Usage **********************************
** NUMfact space (MB): (sum-of-all-processes)
    L\U :           54.21 |  Total :    77.02
** Total highmark (MB):
    Sum-of-all :    84.46 | Avg :    84.46  | Max :    84.46
**************************************************
	Nonzeros in L         139264
	Nonzeros in U         139264
	nonzeros in L+U       262144
	nonzeros in LSUB       32768

** Memory Usage **********************************
** NUMfact space (MB): (sum-of-all-processes)
    L\U :            2.18 |  Total :     4.17
** Total highmark (MB):
    Sum-of-all :    23.80 | Avg :    23.80  | Max :    23.80
**************************************************
   Pass :  1   Iteration :   0  ||B r|| = 815.381 ...
   Pass :  1   Iteration :   1  ||B r|| = 9.17336e-07
norm(r_0) 0
norm(r_1) 0
norm(r_2) 0
norm(r_3) 9.11856053763767e-09
norm(r_4) 0
Newton iteration  1 : ||r|| = 9.11856e-09, ||r||/||r_0|| = 1.08238e-07
Setting time step: 0.0025 in DGTransportTDO
Setting time step: 0.0025 in CombinedOp
Setting time step: 0.0025 in IonStaticPressureOp
norm(r_0) 0
norm(r_1) 0
norm(r_2) 0
norm(r_3) 0.0788791578019242
norm(r_4) 0
Newton iteration  0 : ||r|| = 0.0788792
	Nonzeros in L         139264
	Nonzeros in U         139264
	nonzeros in L+U       262144
	nonzeros in LSUB       32768

** Memory Usage **********************************
** NUMfact space (MB): (sum-of-all-processes)
    L\U :            2.18 |  Total :     4.17
** Total highmark (MB):
    Sum-of-all :    23.80 | Avg :    23.80  | Max :    23.80
**************************************************
	Nonzeros in L         139264
	Nonzeros in U         139264
	nonzeros in L+U       262144
	nonzeros in LSUB       32768

** Memory Usage **********************************
** NUMfact space (MB): (sum-of-all-processes)
    L\U :            2.18 |  Total :     4.17
** Total highmark (MB):
    Sum-of-all :    23.80 | Avg :    23.80  | Max :    23.80
**************************************************
	Nonzeros in L         139264
	Nonzeros in U         139264
	nonzeros in L+U       262144
	nonzeros in LSUB       32768

** Memory Usage **********************************
** NUMfact space (MB): (sum-of-all-processes)
    L\U :            2.18 |  Total :     4.17
** Total highmark (MB):
    Sum-of-all :    23.80 | Avg :    23.80  | Max :    23.80
**************************************************
	Nonzeros in L        3302400
	Nonzeros in U        3302400
	nonzeros in L+U      6588416
	nonzeros in LSUB      805570

** Memory Usage **********************************
** NUMfact space (MB): (sum-of-all-processes)
    L\U :           54.21 |  Total :    77.02
** Total highmark (MB):
    Sum-of-all :    84.46 | Avg :    84.46  | Max :    84.46
**************************************************
	Nonzeros in L         139264
	Nonzeros in U         139264
	nonzeros in L+U       262144
	nonzeros in LSUB       32768

** Memory Usage **********************************
** NUMfact space (MB): (sum-of-all-processes)
    L\U :            2.18 |  Total :     4.17
** Total highmark (MB):
    Sum-of-all :    23.80 | Avg :    23.80  | Max :    23.80
**************************************************
   Pass :  1   Iteration :   0  ||B r|| = 763.44 ...
   Pass :  1   Iteration :   1  ||B r|| = 1.30834e-06
norm(r_0) 0
norm(r_1) 0
norm(r_2) 0
norm(r_3) 1.47554651350253e-08
norm(r_4) 0
Newton iteration  1 : ||r|| = 1.47555e-08, ||r||/||r_0|| = 1.87064e-07
Setting time step: 0.0025 in DGTransportTDO
Setting time step: 0.0025 in CombinedOp
Setting time step: 0.0025 in IonStaticPressureOp
norm(r_0) 0
norm(r_1) 0
norm(r_2) 0
norm(r_3) 0.08099844752640614
norm(r_4) 0
Newton iteration  0 : ||r|| = 0.0809984
	Nonzeros in L         139264
	Nonzeros in U         139264
	nonzeros in L+U       262144
	nonzeros in LSUB       32768

** Memory Usage **********************************
** NUMfact space (MB): (sum-of-all-processes)
    L\U :            2.18 |  Total :     4.17
** Total highmark (MB):
    Sum-of-all :    23.80 | Avg :    23.80  | Max :    23.80
**************************************************
	Nonzeros in L         139264
	Nonzeros in U         139264
	nonzeros in L+U       262144
	nonzeros in LSUB       32768

** Memory Usage **********************************
** NUMfact space (MB): (sum-of-all-processes)
    L\U :            2.18 |  Total :     4.17
** Total highmark (MB):
    Sum-of-all :    23.80 | Avg :    23.80  | Max :    23.80
**************************************************
	Nonzeros in L         139264
	Nonzeros in U         139264
	nonzeros in L+U       262144
	nonzeros in LSUB       32768

** Memory Usage **********************************
** NUMfact space (MB): (sum-of-all-processes)
    L\U :            2.18 |  Total :     4.17
** Total highmark (MB):
    Sum-of-all :    23.80 | Avg :    23.80  | Max :    23.80
**************************************************
	Nonzeros in L        3302400
	Nonzeros in U        3302400
	nonzeros in L+U      6588416
	nonzeros in LSUB      805570

** Memory Usage **********************************
** NUMfact space (MB): (sum-of-all-processes)
    L\U :           54.21 |  Total :    77.02
** Total highmark (MB):
    Sum-of-all :    84.46 | Avg :    84.46  | Max :    84.46
**************************************************
	Nonzeros in L         139264
	Nonzeros in U         139264
	nonzeros in L+U       262144
	nonzeros in LSUB       32768

** Memory Usage **********************************
** NUMfact space (MB): (sum-of-all-processes)
    L\U :            2.18 |  Total :     4.17
** Total highmark (MB):
    Sum-of-all :    23.80 | Avg :    23.80  | Max :    23.80
**************************************************
   Pass :  1   Iteration :   0  ||B r|| = 783.952 ...
   Pass :  1   Iteration :   1  ||B r|| = 1.81635e-06
norm(r_0) 0
norm(r_1) 0
norm(r_2) 0
norm(r_3) 1.176553848614319e-08
norm(r_4) 0
Newton iteration  1 : ||r|| = 1.17655e-08, ||r||/||r_0|| = 1.45256e-07
Setting time step: 0.0025 in DGTransportTDO
Setting time step: 0.0025 in CombinedOp
Setting time step: 0.0025 in IonStaticPressureOp
norm(r_0) 0
norm(r_1) 0
norm(r_2) 0
norm(r_3) 0.08153942641687011
norm(r_4) 0
Newton iteration  0 : ||r|| = 0.0815394
	Nonzeros in L         139264
	Nonzeros in U         139264
	nonzeros in L+U       262144
	nonzeros in LSUB       32768

** Memory Usage **********************************
** NUMfact space (MB): (sum-of-all-processes)
    L\U :            2.18 |  Total :     4.17
** Total highmark (MB):
    Sum-of-all :    23.80 | Avg :    23.80  | Max :    23.80
**************************************************
	Nonzeros in L         139264
	Nonzeros in U         139264
	nonzeros in L+U       262144
	nonzeros in LSUB       32768

** Memory Usage **********************************
** NUMfact space (MB): (sum-of-all-processes)
    L\U :            2.18 |  Total :     4.17
** Total highmark (MB):
    Sum-of-all :    23.80 | Avg :    23.80  | Max :    23.80
**************************************************
	Nonzeros in L         139264
	Nonzeros in U         139264
	nonzeros in L+U       262144
	nonzeros in LSUB       32768

** Memory Usage **********************************
** NUMfact space (MB): (sum-of-all-processes)
    L\U :            2.18 |  Total :     4.17
** Total highmark (MB):
    Sum-of-all :    23.80 | Avg :    23.80  | Max :    23.80
**************************************************
	Nonzeros in L        3302400
	Nonzeros in U        3302400
	nonzeros in L+U      6588416
	nonzeros in LSUB      805570

** Memory Usage **********************************
** NUMfact space (MB): (sum-of-all-processes)
    L\U :           54.21 |  Total :    77.02
** Total highmark (MB):
    Sum-of-all :    84.46 | Avg :    84.46  | Max :    84.46
**************************************************
	Nonzeros in L         139264
	Nonzeros in U         139264
	nonzeros in L+U       262144
	nonzeros in LSUB       32768

** Memory Usage **********************************
** NUMfact space (MB): (sum-of-all-processes)
    L\U :            2.18 |  Total :     4.17
** Total highmark (MB):
    Sum-of-all :    23.80 | Avg :    23.80  | Max :    23.80
**************************************************
   Pass :  1   Iteration :   0  ||B r|| = 789.188 ...
   Pass :  1   Iteration :   1  ||B r|| = 1.18632e-06
norm(r_0) 0
norm(r_1) 0
norm(r_2) 0
norm(r_3) 1.158907693413825e-08
norm(r_4) 0
Newton iteration  1 : ||r|| = 1.15891e-08, ||r||/||r_0|| = 1.42129e-07
Setting time step: 0.0025 in DGTransportTDO
Setting time step: 0.0025 in CombinedOp
Setting time step: 0.0025 in IonStaticPressureOp
norm(r_0) 0
norm(r_1) 0
norm(r_2) 0
norm(r_3) 0.07628776780862376
norm(r_4) 0
Newton iteration  0 : ||r|| = 0.0762878
	Nonzeros in L         139264
	Nonzeros in U         139264
	nonzeros in L+U       262144
	nonzeros in LSUB       32768

** Memory Usage **********************************
** NUMfact space (MB): (sum-of-all-processes)
    L\U :            2.18 |  Total :     4.17
** Total highmark (MB):
    Sum-of-all :    23.80 | Avg :    23.80  | Max :    23.80
**************************************************
	Nonzeros in L         139264
	Nonzeros in U         139264
	nonzeros in L+U       262144
	nonzeros in LSUB       32768

** Memory Usage **********************************
** NUMfact space (MB): (sum-of-all-processes)
    L\U :            2.18 |  Total :     4.17
** Total highmark (MB):
    Sum-of-all :    23.80 | Avg :    23.80  | Max :    23.80
**************************************************
	Nonzeros in L         139264
	Nonzeros in U         139264
	nonzeros in L+U       262144
	nonzeros in LSUB       32768

** Memory Usage **********************************
** NUMfact space (MB): (sum-of-all-processes)
    L\U :            2.18 |  Total :     4.17
** Total highmark (MB):
    Sum-of-all :    23.80 | Avg :    23.80  | Max :    23.80
**************************************************
	Nonzeros in L        3302400
	Nonzeros in U        3302400
	nonzeros in L+U      6588416
	nonzeros in LSUB      805570

** Memory Usage **********************************
** NUMfact space (MB): (sum-of-all-processes)
    L\U :           54.21 |  Total :    77.02
** Total highmark (MB):
    Sum-of-all :    84.46 | Avg :    84.46  | Max :    84.46
**************************************************
	Nonzeros in L         139264
	Nonzeros in U         139264
	nonzeros in L+U       262144
	nonzeros in LSUB       32768

** Memory Usage **********************************
** NUMfact space (MB): (sum-of-all-processes)
    L\U :            2.18 |  Total :     4.17
** Total highmark (MB):
    Sum-of-all :    23.80 | Avg :    23.80  | Max :    23.80
**************************************************
   Pass :  1   Iteration :   0  ||B r|| = 738.359 ...
   Pass :  1   Iteration :   1  ||B r|| = 2.48342e-06
norm(r_0) 0
norm(r_1) 0
norm(r_2) 0
norm(r_3) 1.801916769913705e-08
norm(r_4) 0
Newton iteration  1 : ||r|| = 1.80192e-08, ||r||/||r_0|| = 2.362e-07
Setting time step: 0.005 in DGTransportTDO
Setting time step: 0.005 in CombinedOp
Setting time step: 0.005 in IonStaticPressureOp
norm(r_0) 0
norm(r_1) 0
norm(r_2) 0
norm(r_3) 0.07385793582689769
norm(r_4) 0
Newton iteration  0 : ||r|| = 0.0738579
	Nonzeros in L         139264
	Nonzeros in U         139264
	nonzeros in L+U       262144
	nonzeros in LSUB       32768

** Memory Usage **********************************
** NUMfact space (MB): (sum-of-all-processes)
    L\U :            2.18 |  Total :     4.17
** Total highmark (MB):
    Sum-of-all :    23.80 | Avg :    23.80  | Max :    23.80
**************************************************
	Nonzeros in L         139264
	Nonzeros in U         139264
	nonzeros in L+U       262144
	nonzeros in LSUB       32768

** Memory Usage **********************************
** NUMfact space (MB): (sum-of-all-processes)
    L\U :            2.18 |  Total :     4.17
** Total highmark (MB):
    Sum-of-all :    23.80 | Avg :    23.80  | Max :    23.80
**************************************************
	Nonzeros in L         139264
	Nonzeros in U         139264
	nonzeros in L+U       262144
	nonzeros in LSUB       32768

** Memory Usage **********************************
** NUMfact space (MB): (sum-of-all-processes)
    L\U :            2.18 |  Total :     4.17
** Total highmark (MB):
    Sum-of-all :    23.80 | Avg :    23.80  | Max :    23.80
**************************************************
	Nonzeros in L        3302400
	Nonzeros in U        3302400
	nonzeros in L+U      6588416
	nonzeros in LSUB      805570

** Memory Usage **********************************
** NUMfact space (MB): (sum-of-all-processes)
    L\U :           54.21 |  Total :    77.02
** Total highmark (MB):
    Sum-of-all :    84.46 | Avg :    84.46  | Max :    84.46
**************************************************
	Nonzeros in L         139264
	Nonzeros in U         139264
	nonzeros in L+U       262144
	nonzeros in LSUB       32768

** Memory Usage **********************************
** NUMfact space (MB): (sum-of-all-processes)
    L\U :            2.18 |  Total :     4.17
** Total highmark (MB):
    Sum-of-all :    23.80 | Avg :    23.80  | Max :    23.80
**************************************************
   Pass :  1   Iteration :   0  ||B r|| = 692.776 ...
   Pass :  1   Iteration :   1  ||B r|| = 2.9655e-06
norm(r_0) 0
norm(r_1) 0
norm(r_2) 0
norm(r_3) 2.795255264645315e-08
norm(r_4) 0
Newton iteration  1 : ||r|| = 2.79526e-08, ||r||/||r_0|| = 3.78464e-07
Setting time step: 0.005 in DGTransportTDO
Setting time step: 0.005 in CombinedOp
Setting time step: 0.005 in IonStaticPressureOp
norm(r_0) 0
norm(r_1) 0
norm(r_2) 0
norm(r_3) 0.06473864540252945
norm(r_4) 0
Newton iteration  0 : ||r|| = 0.0647386
	Nonzeros in L         139264
	Nonzeros in U         139264
	nonzeros in L+U       262144
	nonzeros in LSUB       32768

** Memory Usage **********************************
** NUMfact space (MB): (sum-of-all-processes)
    L\U :            2.18 |  Total :     4.17
** Total highmark (MB):
    Sum-of-all :    23.80 | Avg :    23.80  | Max :    23.80
**************************************************
	Nonzeros in L         139264
	Nonzeros in U         139264
	nonzeros in L+U       262144
	nonzeros in LSUB       32768

** Memory Usage **********************************
** NUMfact space (MB): (sum-of-all-processes)
    L\U :            2.18 |  Total :     4.17
** Total highmark (MB):
    Sum-of-all :    23.80 | Avg :    23.80  | Max :    23.80
**************************************************
	Nonzeros in L         139264
	Nonzeros in U         139264
	nonzeros in L+U       262144
	nonzeros in LSUB       32768

** Memory Usage **********************************
** NUMfact space (MB): (sum-of-all-processes)
    L\U :            2.18 |  Total :     4.17
** Total highmark (MB):
    Sum-of-all :    23.80 | Avg :    23.80  | Max :    23.80
**************************************************
	Nonzeros in L        3302400
	Nonzeros in U        3302400
	nonzeros in L+U      6588416
	nonzeros in LSUB      805570

** Memory Usage **********************************
** NUMfact space (MB): (sum-of-all-processes)
    L\U :           54.21 |  Total :    77.02
** Total highmark (MB):
    Sum-of-all :    84.46 | Avg :    84.46  | Max :    84.46
**************************************************
	Nonzeros in L         139264
	Nonzeros in U         139264
	nonzeros in L+U       262144
	nonzeros in LSUB       32768

** Memory Usage **********************************
** NUMfact space (MB): (sum-of-all-processes)
    L\U :            2.18 |  Total :     4.17
** Total highmark (MB):
    Sum-of-all :    23.80 | Avg :    23.80  | Max :    23.80
**************************************************
   Pass :  1   Iteration :   0  ||B r|| = 607.239 ...
   Pass :  1   Iteration :   1  ||B r|| = 3.4056e-06
norm(r_0) 0
norm(r_1) 0
norm(r_2) 0
norm(r_3) 3.978037519587167e-08
norm(r_4) 0
Newton iteration  1 : ||r|| = 3.97804e-08, ||r||/||r_0|| = 6.14476e-07
Setting time step: 0.005 in DGTransportTDO
Setting time step: 0.005 in CombinedOp
Setting time step: 0.005 in IonStaticPressureOp
norm(r_0) 0
norm(r_1) 0
norm(r_2) 0
norm(r_3) 0.06829628468345719
norm(r_4) 0
Newton iteration  0 : ||r|| = 0.0682963
	Nonzeros in L         139264
	Nonzeros in U         139264
	nonzeros in L+U       262144
	nonzeros in LSUB       32768

** Memory Usage **********************************
** NUMfact space (MB): (sum-of-all-processes)
    L\U :            2.18 |  Total :     4.17
** Total highmark (MB):
    Sum-of-all :    23.80 | Avg :    23.80  | Max :    23.80
**************************************************
	Nonzeros in L         139264
	Nonzeros in U         139264
	nonzeros in L+U       262144
	nonzeros in LSUB       32768

** Memory Usage **********************************
** NUMfact space (MB): (sum-of-all-processes)
    L\U :            2.18 |  Total :     4.17
** Total highmark (MB):
    Sum-of-all :    23.80 | Avg :    23.80  | Max :    23.80
**************************************************
	Nonzeros in L         139264
	Nonzeros in U         139264
	nonzeros in L+U       262144
	nonzeros in LSUB       32768

** Memory Usage **********************************
** NUMfact space (MB): (sum-of-all-processes)
    L\U :            2.18 |  Total :     4.17
** Total highmark (MB):
    Sum-of-all :    23.80 | Avg :    23.80  | Max :    23.80
**************************************************
	Nonzeros in L        3302400
	Nonzeros in U        3302400
	nonzeros in L+U      6588416
	nonzeros in LSUB      805570

** Memory Usage **********************************
** NUMfact space (MB): (sum-of-all-processes)
    L\U :           54.21 |  Total :    77.02
** Total highmark (MB):
    Sum-of-all :    84.46 | Avg :    84.46  | Max :    84.46
**************************************************
	Nonzeros in L         139264
	Nonzeros in U         139264
	nonzeros in L+U       262144
	nonzeros in LSUB       32768

** Memory Usage **********************************
** NUMfact space (MB): (sum-of-all-processes)
    L\U :            2.18 |  Total :     4.17
** Total highmark (MB):
    Sum-of-all :    23.80 | Avg :    23.80  | Max :    23.80
**************************************************
   Pass :  1   Iteration :   0  ||B r|| = 640.609 ...
   Pass :  1   Iteration :   1  ||B r|| = 4.08283e-06
norm(r_0) 0
norm(r_1) 0
norm(r_2) 0
norm(r_3) 3.463829806952908e-08
norm(r_4) 0
Newton iteration  1 : ||r|| = 3.46383e-08, ||r||/||r_0|| = 5.07177e-07
Setting time step: 0.005 in DGTransportTDO
Setting time step: 0.005 in CombinedOp
Setting time step: 0.005 in IonStaticPressureOp
norm(r_0) 0
norm(r_1) 0
norm(r_2) 0
norm(r_3) 0.06922273565156573
norm(r_4) 0
Newton iteration  0 : ||r|| = 0.0692227
	Nonzeros in L         139264
	Nonzeros in U         139264
	nonzeros in L+U       262144
	nonzeros in LSUB       32768

** Memory Usage **********************************
** NUMfact space (MB): (sum-of-all-processes)
    L\U :            2.18 |  Total :     4.17
** Total highmark (MB):
    Sum-of-all :    23.80 | Avg :    23.80  | Max :    23.80
**************************************************
	Nonzeros in L         139264
	Nonzeros in U         139264
	nonzeros in L+U       262144
	nonzeros in LSUB       32768

** Memory Usage **********************************
** NUMfact space (MB): (sum-of-all-processes)
    L\U :            2.18 |  Total :     4.17
** Total highmark (MB):
    Sum-of-all :    23.80 | Avg :    23.80  | Max :    23.80
**************************************************
	Nonzeros in L         139264
	Nonzeros in U         139264
	nonzeros in L+U       262144
	nonzeros in LSUB       32768

** Memory Usage **********************************
** NUMfact space (MB): (sum-of-all-processes)
    L\U :            2.18 |  Total :     4.17
** Total highmark (MB):
    Sum-of-all :    23.80 | Avg :    23.80  | Max :    23.80
**************************************************
	Nonzeros in L        3302400
	Nonzeros in U        3302400
	nonzeros in L+U      6588416
	nonzeros in LSUB      805570

** Memory Usage **********************************
** NUMfact space (MB): (sum-of-all-processes)
    L\U :           54.21 |  Total :    77.02
** Total highmark (MB):
    Sum-of-all :    84.46 | Avg :    84.46  | Max :    84.46
**************************************************
	Nonzeros in L         139264
	Nonzeros in U         139264
	nonzeros in L+U       262144
	nonzeros in LSUB       32768

** Memory Usage **********************************
** NUMfact space (MB): (sum-of-all-processes)
    L\U :            2.18 |  Total :     4.17
** Total highmark (MB):
    Sum-of-all :    23.80 | Avg :    23.80  | Max :    23.80
**************************************************
   Pass :  1   Iteration :   0  ||B r|| = 649.299 ...
   Pass :  1   Iteration :   1  ||B r|| = 3.29823e-06
norm(r_0) 0
norm(r_1) 0
norm(r_2) 0
norm(r_3) 3.364466694689411e-08
norm(r_4) 0
Newton iteration  1 : ||r|| = 3.36447e-08, ||r||/||r_0|| = 4.86035e-07
Setting time step: 0.005 in DGTransportTDO
Setting time step: 0.005 in CombinedOp
Setting time step: 0.005 in IonStaticPressureOp
norm(r_0) 0
norm(r_1) 0
norm(r_2) 0
norm(r_3) 0.06050211245808979
norm(r_4) 0
Newton iteration  0 : ||r|| = 0.0605021
	Nonzeros in L         139264
	Nonzeros in U         139264
	nonzeros in L+U       262144
	nonzeros in LSUB       32768

** Memory Usage **********************************
** NUMfact space (MB): (sum-of-all-processes)
    L\U :            2.18 |  Total :     4.17
** Total highmark (MB):
    Sum-of-all :    23.80 | Avg :    23.80  | Max :    23.80
**************************************************
	Nonzeros in L         139264
	Nonzeros in U         139264
	nonzeros in L+U       262144
	nonzeros in LSUB       32768

** Memory Usage **********************************
** NUMfact space (MB): (sum-of-all-processes)
    L\U :            2.18 |  Total :     4.17
** Total highmark (MB):
    Sum-of-all :    23.80 | Avg :    23.80  | Max :    23.80
**************************************************
	Nonzeros in L         139264
	Nonzeros in U         139264
	nonzeros in L+U       262144
	nonzeros in LSUB       32768

** Memory Usage **********************************
** NUMfact space (MB): (sum-of-all-processes)
    L\U :            2.18 |  Total :     4.17
** Total highmark (MB):
    Sum-of-all :    23.80 | Avg :    23.80  | Max :    23.80
**************************************************
	Nonzeros in L        3302400
	Nonzeros in U        3302400
	nonzeros in L+U      6588416
	nonzeros in LSUB      805570

** Memory Usage **********************************
** NUMfact space (MB): (sum-of-all-processes)
    L\U :           54.21 |  Total :    77.02
** Total highmark (MB):
    Sum-of-all :    84.46 | Avg :    84.46  | Max :    84.46
**************************************************
	Nonzeros in L         139264
	Nonzeros in U         139264
	nonzeros in L+U       262144
	nonzeros in LSUB       32768

** Memory Usage **********************************
** NUMfact space (MB): (sum-of-all-processes)
    L\U :            2.18 |  Total :     4.17
** Total highmark (MB):
    Sum-of-all :    23.80 | Avg :    23.80  | Max :    23.80
**************************************************
   Pass :  1   Iteration :   0  ||B r|| = 567.501 ...
   Pass :  1   Iteration :   1  ||B r|| = 2.40545e-06
norm(r_0) 0
norm(r_1) 0
norm(r_2) 0
norm(r_3) 4.608369628220719e-08
norm(r_4) 0
Newton iteration  1 : ||r|| = 4.60837e-08, ||r||/||r_0|| = 7.61687e-07
Setting time step: 0.01 in DGTransportTDO
Setting time step: 0.01 in CombinedOp
Setting time step: 0.01 in IonStaticPressureOp
norm(r_0) 0
norm(r_1) 0
norm(r_2) 0
norm(r_3) 0.05676699239674765
norm(r_4) 0
Newton iteration  0 : ||r|| = 0.056767
	Nonzeros in L         139264
	Nonzeros in U         139264
	nonzeros in L+U       262144
	nonzeros in LSUB       32768

** Memory Usage **********************************
** NUMfact space (MB): (sum-of-all-processes)
    L\U :            2.18 |  Total :     4.17
** Total highmark (MB):
    Sum-of-all :    23.80 | Avg :    23.80  | Max :    23.80
**************************************************
	Nonzeros in L         139264
	Nonzeros in U         139264
	nonzeros in L+U       262144
	nonzeros in LSUB       32768

** Memory Usage **********************************
** NUMfact space (MB): (sum-of-all-processes)
    L\U :            2.18 |  Total :     4.17
** Total highmark (MB):
    Sum-of-all :    23.80 | Avg :    23.80  | Max :    23.80
**************************************************
	Nonzeros in L         139264
	Nonzeros in U         139264
	nonzeros in L+U       262144
	nonzeros in LSUB       32768

** Memory Usage **********************************
** NUMfact space (MB): (sum-of-all-processes)
    L\U :            2.18 |  Total :     4.17
** Total highmark (MB):
    Sum-of-all :    23.80 | Avg :    23.80  | Max :    23.80
**************************************************
	Nonzeros in L        3302400
	Nonzeros in U        3302400
	nonzeros in L+U      6588416
	nonzeros in LSUB      805570

** Memory Usage **********************************
** NUMfact space (MB): (sum-of-all-processes)
    L\U :           54.21 |  Total :    77.02
** Total highmark (MB):
    Sum-of-all :    84.46 | Avg :    84.46  | Max :    84.46
**************************************************
	Nonzeros in L         139264
	Nonzeros in U         139264
	nonzeros in L+U       262144
	nonzeros in LSUB       32768

** Memory Usage **********************************
** NUMfact space (MB): (sum-of-all-processes)
    L\U :            2.18 |  Total :     4.17
** Total highmark (MB):
    Sum-of-all :    23.80 | Avg :    23.80  | Max :    23.80
**************************************************
   Pass :  1   Iteration :   0  ||B r|| = 501.505 ...
   Pass :  1   Iteration :   1  ||B r|| = 4.54719e-06
norm(r_0) 0
norm(r_1) 0
norm(r_2) 0
norm(r_3) 5.938068177430268e-08
norm(r_4) 0
Newton iteration  1 : ||r|| = 5.93807e-08, ||r||/||r_0|| = 1.04604e-06
Setting time step: 0.01 in DGTransportTDO
Setting time step: 0.01 in CombinedOp
Setting time step: 0.01 in IonStaticPressureOp
norm(r_0) 0
norm(r_1) 0
norm(r_2) 0
norm(r_3) 0.04356396648711721
norm(r_4) 0
Newton iteration  0 : ||r|| = 0.043564
	Nonzeros in L         139264
	Nonzeros in U         139264
	nonzeros in L+U       262144
	nonzeros in LSUB       32768

** Memory Usage **********************************
** NUMfact space (MB): (sum-of-all-processes)
    L\U :            2.18 |  Total :     4.17
** Total highmark (MB):
    Sum-of-all :    23.80 | Avg :    23.80  | Max :    23.80
**************************************************
	Nonzeros in L         139264
	Nonzeros in U         139264
	nonzeros in L+U       262144
	nonzeros in LSUB       32768

** Memory Usage **********************************
** NUMfact space (MB): (sum-of-all-processes)
    L\U :            2.18 |  Total :     4.17
** Total highmark (MB):
    Sum-of-all :    23.80 | Avg :    23.80  | Max :    23.80
**************************************************
	Nonzeros in L         139264
	Nonzeros in U         139264
	nonzeros in L+U       262144
	nonzeros in LSUB       32768

** Memory Usage **********************************
** NUMfact space (MB): (sum-of-all-processes)
    L\U :            2.18 |  Total :     4.17
** Total highmark (MB):
    Sum-of-all :    23.80 | Avg :    23.80  | Max :    23.80
**************************************************
	Nonzeros in L        3302400
	Nonzeros in U        3302400
	nonzeros in L+U      6588416
	nonzeros in LSUB      805570

** Memory Usage **********************************
** NUMfact space (MB): (sum-of-all-processes)
    L\U :           54.21 |  Total :    77.02
** Total highmark (MB):
    Sum-of-all :    84.46 | Avg :    84.46  | Max :    84.46
**************************************************
	Nonzeros in L         139264
	Nonzeros in U         139264
	nonzeros in L+U       262144
	nonzeros in LSUB       32768

** Memory Usage **********************************
** NUMfact space (MB): (sum-of-all-processes)
    L\U :            2.18 |  Total :     4.17
** Total highmark (MB):
    Sum-of-all :    23.80 | Avg :    23.80  | Max :    23.80
**************************************************
   Pass :  1   Iteration :   0  ||B r|| = 384.864 ...
   Pass :  1   Iteration :   1  ||B r|| = 2.1069e-06
norm(r_0) 0
norm(r_1) 0
norm(r_2) 0
norm(r_3) 7.414452245194987e-08
norm(r_4) 0
Newton iteration  1 : ||r|| = 7.41445e-08, ||r||/||r_0|| = 1.70197e-06
Setting time step: 0.01 in DGTransportTDO
Setting time step: 0.01 in CombinedOp
Setting time step: 0.01 in IonStaticPressureOp
norm(r_0) 0
norm(r_1) 0
norm(r_2) 0
norm(r_3) 0.04859951390457971
norm(r_4) 0
Newton iteration  0 : ||r|| = 0.0485995
	Nonzeros in L         139264
	Nonzeros in U         139264
	nonzeros in L+U       262144
	nonzeros in LSUB       32768

** Memory Usage **********************************
** NUMfact space (MB): (sum-of-all-processes)
    L\U :            2.18 |  Total :     4.17
** Total highmark (MB):
    Sum-of-all :    23.80 | Avg :    23.80  | Max :    23.80
**************************************************
	Nonzeros in L         139264
	Nonzeros in U         139264
	nonzeros in L+U       262144
	nonzeros in LSUB       32768

** Memory Usage **********************************
** NUMfact space (MB): (sum-of-all-processes)
    L\U :            2.18 |  Total :     4.17
** Total highmark (MB):
    Sum-of-all :    23.80 | Avg :    23.80  | Max :    23.80
**************************************************
	Nonzeros in L         139264
	Nonzeros in U         139264
	nonzeros in L+U       262144
	nonzeros in LSUB       32768

** Memory Usage **********************************
** NUMfact space (MB): (sum-of-all-processes)
    L\U :            2.18 |  Total :     4.17
** Total highmark (MB):
    Sum-of-all :    23.80 | Avg :    23.80  | Max :    23.80
**************************************************
	Nonzeros in L        3302400
	Nonzeros in U        3302400
	nonzeros in L+U      6588416
	nonzeros in LSUB      805570

** Memory Usage **********************************
** NUMfact space (MB): (sum-of-all-processes)
    L\U :           54.21 |  Total :    77.02
** Total highmark (MB):
    Sum-of-all :    84.46 | Avg :    84.46  | Max :    84.46
**************************************************
	Nonzeros in L         139264
	Nonzeros in U         139264
	nonzeros in L+U       262144
	nonzeros in LSUB       32768

** Memory Usage **********************************
** NUMfact space (MB): (sum-of-all-processes)
    L\U :            2.18 |  Total :     4.17
** Total highmark (MB):
    Sum-of-all :    23.80 | Avg :    23.80  | Max :    23.80
**************************************************
   Pass :  1   Iteration :   0  ||B r|| = 429.35 ...
   Pass :  1   Iteration :   1  ||B r|| = 2.48539e-06
norm(r_0) 0
norm(r_1) 0
norm(r_2) 0
norm(r_3) 6.887677263655444e-08
norm(r_4) 0
Newton iteration  1 : ||r|| = 6.88768e-08, ||r||/||r_0|| = 1.41723e-06
Setting time step: 0.01 in DGTransportTDO
Setting time step: 0.01 in CombinedOp
Setting time step: 0.01 in IonStaticPressureOp
norm(r_0) 0
norm(r_1) 0
norm(r_2) 0
norm(r_3) 0.04996089990718209
norm(r_4) 0
Newton iteration  0 : ||r|| = 0.0499609
	Nonzeros in L         139264
	Nonzeros in U         139264
	nonzeros in L+U       262144
	nonzeros in LSUB       32768

** Memory Usage **********************************
** NUMfact space (MB): (sum-of-all-processes)
    L\U :            2.18 |  Total :     4.17
** Total highmark (MB):
    Sum-of-all :    23.80 | Avg :    23.80  | Max :    23.80
**************************************************
	Nonzeros in L         139264
	Nonzeros in U         139264
	nonzeros in L+U       262144
	nonzeros in LSUB       32768

** Memory Usage **********************************
** NUMfact space (MB): (sum-of-all-processes)
    L\U :            2.18 |  Total :     4.17
** Total highmark (MB):
    Sum-of-all :    23.80 | Avg :    23.80  | Max :    23.80
**************************************************
	Nonzeros in L         139264
	Nonzeros in U         139264
	nonzeros in L+U       262144
	nonzeros in LSUB       32768

** Memory Usage **********************************
** NUMfact space (MB): (sum-of-all-processes)
    L\U :            2.18 |  Total :     4.17
** Total highmark (MB):
    Sum-of-all :    23.80 | Avg :    23.80  | Max :    23.80
**************************************************
	Nonzeros in L        3302400
	Nonzeros in U        3302400
	nonzeros in L+U      6588416
	nonzeros in LSUB      805570

** Memory Usage **********************************
** NUMfact space (MB): (sum-of-all-processes)
    L\U :           54.21 |  Total :    77.02
** Total highmark (MB):
    Sum-of-all :    84.46 | Avg :    84.46  | Max :    84.46
**************************************************
	Nonzeros in L         139264
	Nonzeros in U         139264
	nonzeros in L+U       262144
	nonzeros in LSUB       32768

** Memory Usage **********************************
** NUMfact space (MB): (sum-of-all-processes)
    L\U :            2.18 |  Total :     4.17
** Total highmark (MB):
    Sum-of-all :    23.80 | Avg :    23.80  | Max :    23.80
**************************************************
   Pass :  1   Iteration :   0  ||B r|| = 441.377 ...
   Pass :  1   Iteration :   1  ||B r|| = 3.34042e-06
norm(r_0) 0
norm(r_1) 0
norm(r_2) 0
norm(r_3) 6.711423880994613e-08
norm(r_4) 0
Newton iteration  1 : ||r|| = 6.71142e-08, ||r||/||r_0|| = 1.34334e-06
Setting time step: 0.01 in DGTransportTDO
Setting time step: 0.01 in CombinedOp
Setting time step: 0.01 in IonStaticPressureOp
norm(r_0) 0
norm(r_1) 0
norm(r_2) 0
norm(r_3) 0.03794884142536529
norm(r_4) 0
Newton iteration  0 : ||r|| = 0.0379488
	Nonzeros in L         139264
	Nonzeros in U         139264
	nonzeros in L+U       262144
	nonzeros in LSUB       32768

** Memory Usage **********************************
** NUMfact space (MB): (sum-of-all-processes)
    L\U :            2.18 |  Total :     4.17
** Total highmark (MB):
    Sum-of-all :    23.80 | Avg :    23.80  | Max :    23.80
**************************************************
	Nonzeros in L         139264
	Nonzeros in U         139264
	nonzeros in L+U       262144
	nonzeros in LSUB       32768

** Memory Usage **********************************
** NUMfact space (MB): (sum-of-all-processes)
    L\U :            2.18 |  Total :     4.17
** Total highmark (MB):
    Sum-of-all :    23.80 | Avg :    23.80  | Max :    23.80
**************************************************
	Nonzeros in L         139264
	Nonzeros in U         139264
	nonzeros in L+U       262144
	nonzeros in LSUB       32768

** Memory Usage **********************************
** NUMfact space (MB): (sum-of-all-processes)
    L\U :            2.18 |  Total :     4.17
** Total highmark (MB):
    Sum-of-all :    23.80 | Avg :    23.80  | Max :    23.80
**************************************************
	Nonzeros in L        3302400
	Nonzeros in U        3302400
	nonzeros in L+U      6588416
	nonzeros in LSUB      805570

** Memory Usage **********************************
** NUMfact space (MB): (sum-of-all-processes)
    L\U :           54.21 |  Total :    77.02
** Total highmark (MB):
    Sum-of-all :    84.46 | Avg :    84.46  | Max :    84.46
**************************************************
	Nonzeros in L         139264
	Nonzeros in U         139264
	nonzeros in L+U       262144
	nonzeros in LSUB       32768

** Memory Usage **********************************
** NUMfact space (MB): (sum-of-all-processes)
    L\U :            2.18 |  Total :     4.17
** Total highmark (MB):
    Sum-of-all :    23.80 | Avg :    23.80  | Max :    23.80
**************************************************
   Pass :  1   Iteration :   0  ||B r|| = 335.257 ...
   Pass :  1   Iteration :   1  ||B r|| = 7.95548e-07
norm(r_0) 0
norm(r_1) 0
norm(r_2) 0
norm(r_3) 8.517725478583843e-08
norm(r_4) 0
Newton iteration  1 : ||r|| = 8.51773e-08, ||r||/||r_0|| = 2.24453e-06
Setting time step: 0.02 in DGTransportTDO
Setting time step: 0.02 in CombinedOp
Setting time step: 0.02 in IonStaticPressureOp
norm(r_0) 0
norm(r_1) 0
norm(r_2) 0
norm(r_3) 0.03353571879213803
norm(r_4) 0
Newton iteration  0 : ||r|| = 0.0335357
	Nonzeros in L         139264
	Nonzeros in U         139264
	nonzeros in L+U       262144
	nonzeros in LSUB       32768

** Memory Usage **********************************
** NUMfact space (MB): (sum-of-all-processes)
    L\U :            2.18 |  Total :     4.17
** Total highmark (MB):
    Sum-of-all :    23.80 | Avg :    23.80  | Max :    23.80
**************************************************
	Nonzeros in L         139264
	Nonzeros in U         139264
	nonzeros in L+U       262144
	nonzeros in LSUB       32768

** Memory Usage **********************************
** NUMfact space (MB): (sum-of-all-processes)
    L\U :            2.18 |  Total :     4.17
** Total highmark (MB):
    Sum-of-all :    23.80 | Avg :    23.80  | Max :    23.80
**************************************************
	Nonzeros in L         139264
	Nonzeros in U         139264
	nonzeros in L+U       262144
	nonzeros in LSUB       32768

** Memory Usage **********************************
** NUMfact space (MB): (sum-of-all-processes)
    L\U :            2.18 |  Total :     4.17
** Total highmark (MB):
    Sum-of-all :    23.80 | Avg :    23.80  | Max :    23.80
**************************************************
	Nonzeros in L        3302400
	Nonzeros in U        3302400
	nonzeros in L+U      6588416
	nonzeros in LSUB      805570

** Memory Usage **********************************
** NUMfact space (MB): (sum-of-all-processes)
    L\U :           54.21 |  Total :    77.02
** Total highmark (MB):
    Sum-of-all :    84.46 | Avg :    84.46  | Max :    84.46
**************************************************
	Nonzeros in L         139264
	Nonzeros in U         139264
	nonzeros in L+U       262144
	nonzeros in LSUB       32768

** Memory Usage **********************************
** NUMfact space (MB): (sum-of-all-processes)
    L\U :            2.18 |  Total :     4.17
** Total highmark (MB):
    Sum-of-all :    23.80 | Avg :    23.80  | Max :    23.80
**************************************************
   Pass :  1   Iteration :   0  ||B r|| = 265.405 ...
   Pass :  1   Iteration :   1  ||B r|| = 3.29916e-06
norm(r_0) 0
norm(r_1) 0
norm(r_2) 0
norm(r_3) 9.737206339562738e-08
norm(r_4) 0
Newton iteration  1 : ||r|| = 9.73721e-08, ||r||/||r_0|| = 2.90353e-06
Setting time step: 0.02 in DGTransportTDO
Setting time step: 0.02 in CombinedOp
Setting time step: 0.02 in IonStaticPressureOp
norm(r_0) 0
norm(r_1) 0
norm(r_2) 0
norm(r_3) 0.01956117281153167
norm(r_4) 0
Newton iteration  0 : ||r|| = 0.0195612
	Nonzeros in L         139264
	Nonzeros in U         139264
	nonzeros in L+U       262144
	nonzeros in LSUB       32768

** Memory Usage **********************************
** NUMfact space (MB): (sum-of-all-processes)
    L\U :            2.18 |  Total :     4.17
** Total highmark (MB):
    Sum-of-all :    23.80 | Avg :    23.80  | Max :    23.80
**************************************************
	Nonzeros in L         139264
	Nonzeros in U         139264
	nonzeros in L+U       262144
	nonzeros in LSUB       32768

** Memory Usage **********************************
** NUMfact space (MB): (sum-of-all-processes)
    L\U :            2.18 |  Total :     4.17
** Total highmark (MB):
    Sum-of-all :    23.80 | Avg :    23.80  | Max :    23.80
**************************************************
	Nonzeros in L         139264
	Nonzeros in U         139264
	nonzeros in L+U       262144
	nonzeros in LSUB       32768

** Memory Usage **********************************
** NUMfact space (MB): (sum-of-all-processes)
    L\U :            2.18 |  Total :     4.17
** Total highmark (MB):
    Sum-of-all :    23.80 | Avg :    23.80  | Max :    23.80
**************************************************
	Nonzeros in L        3302400
	Nonzeros in U        3302400
	nonzeros in L+U      6588416
	nonzeros in LSUB      805570

** Memory Usage **********************************
** NUMfact space (MB): (sum-of-all-processes)
    L\U :           54.21 |  Total :    77.02
** Total highmark (MB):
    Sum-of-all :    84.46 | Avg :    84.46  | Max :    84.46
**************************************************
	Nonzeros in L         139264
	Nonzeros in U         139264
	nonzeros in L+U       262144
	nonzeros in LSUB       32768

** Memory Usage **********************************
** NUMfact space (MB): (sum-of-all-processes)
    L\U :            2.18 |  Total :     4.17
** Total highmark (MB):
    Sum-of-all :    23.80 | Avg :    23.80  | Max :    23.80
**************************************************
   Pass :  1   Iteration :   0  ||B r|| = 154.809 ...
   Pass :  1   Iteration :   1  ||B r|| = 1.02648e-06
norm(r_0) 0
norm(r_1) 0
norm(r_2) 0
norm(r_3) 1.161036440493882e-07
norm(r_4) 0
Newton iteration  1 : ||r|| = 1.16104e-07, ||r||/||r_0|| = 5.93541e-06
Setting time step: 0.02 in DGTransportTDO
Setting time step: 0.02 in CombinedOp
Setting time step: 0.02 in IonStaticPressureOp
norm(r_0) 0
norm(r_1) 0
norm(r_2) 0
norm(r_3) 0.02468512867409822
norm(r_4) 0
Newton iteration  0 : ||r|| = 0.0246851
	Nonzeros in L         139264
	Nonzeros in U         139264
	nonzeros in L+U       262144
	nonzeros in LSUB       32768

** Memory Usage **********************************
** NUMfact space (MB): (sum-of-all-processes)
    L\U :            2.18 |  Total :     4.17
** Total highmark (MB):
    Sum-of-all :    23.80 | Avg :    23.80  | Max :    23.80
**************************************************
	Nonzeros in L         139264
	Nonzeros in U         139264
	nonzeros in L+U       262144
	nonzeros in LSUB       32768

** Memory Usage **********************************
** NUMfact space (MB): (sum-of-all-processes)
    L\U :            2.18 |  Total :     4.17
** Total highmark (MB):
    Sum-of-all :    23.80 | Avg :    23.80  | Max :    23.80
**************************************************
	Nonzeros in L         139264
	Nonzeros in U         139264
	nonzeros in L+U       262144
	nonzeros in LSUB       32768

** Memory Usage **********************************
** NUMfact space (MB): (sum-of-all-processes)
    L\U :            2.18 |  Total :     4.17
** Total highmark (MB):
    Sum-of-all :    23.80 | Avg :    23.80  | Max :    23.80
**************************************************
	Nonzeros in L        3302400
	Nonzeros in U        3302400
	nonzeros in L+U      6588416
	nonzeros in LSUB      805570

** Memory Usage **********************************
** NUMfact space (MB): (sum-of-all-processes)
    L\U :           54.21 |  Total :    77.02
** Total highmark (MB):
    Sum-of-all :    84.46 | Avg :    84.46  | Max :    84.46
**************************************************
	Nonzeros in L         139264
	Nonzeros in U         139264
	nonzeros in L+U       262144
	nonzeros in LSUB       32768

** Memory Usage **********************************
** NUMfact space (MB): (sum-of-all-processes)
    L\U :            2.18 |  Total :     4.17
** Total highmark (MB):
    Sum-of-all :    23.80 | Avg :    23.80  | Max :    23.80
**************************************************
   Pass :  1   Iteration :   0  ||B r|| = 195.361 ...
   Pass :  1   Iteration :   1  ||B r|| = 1.03553e-06
norm(r_0) 0
norm(r_1) 0
norm(r_2) 0
norm(r_3) 1.105822038079345e-07
norm(r_4) 0
Newton iteration  1 : ||r|| = 1.10582e-07, ||r||/||r_0|| = 4.47971e-06
Setting time step: 0.02 in DGTransportTDO
Setting time step: 0.02 in CombinedOp
Setting time step: 0.02 in IonStaticPressureOp
norm(r_0) 0
norm(r_1) 0
norm(r_2) 0
norm(r_3) 0.02616522441184286
norm(r_4) 0
Newton iteration  0 : ||r|| = 0.0261652
	Nonzeros in L         139264
	Nonzeros in U         139264
	nonzeros in L+U       262144
	nonzeros in LSUB       32768

** Memory Usage **********************************
** NUMfact space (MB): (sum-of-all-processes)
    L\U :            2.18 |  Total :     4.17
** Total highmark (MB):
    Sum-of-all :    23.80 | Avg :    23.80  | Max :    23.80
**************************************************
	Nonzeros in L         139264
	Nonzeros in U         139264
	nonzeros in L+U       262144
	nonzeros in LSUB       32768

** Memory Usage **********************************
** NUMfact space (MB): (sum-of-all-processes)
    L\U :            2.18 |  Total :     4.17
** Total highmark (MB):
    Sum-of-all :    23.80 | Avg :    23.80  | Max :    23.80
**************************************************
	Nonzeros in L         139264
	Nonzeros in U         139264
	nonzeros in L+U       262144
	nonzeros in LSUB       32768

** Memory Usage **********************************
** NUMfact space (MB): (sum-of-all-processes)
    L\U :            2.18 |  Total :     4.17
** Total highmark (MB):
    Sum-of-all :    23.80 | Avg :    23.80  | Max :    23.80
**************************************************
	Nonzeros in L        3302400
	Nonzeros in U        3302400
	nonzeros in L+U      6588416
	nonzeros in LSUB      805570

** Memory Usage **********************************
** NUMfact space (MB): (sum-of-all-processes)
    L\U :           54.21 |  Total :    77.02
** Total highmark (MB):
    Sum-of-all :    84.46 | Avg :    84.46  | Max :    84.46
**************************************************
	Nonzeros in L         139264
	Nonzeros in U         139264
	nonzeros in L+U       262144
	nonzeros in LSUB       32768

** Memory Usage **********************************
** NUMfact space (MB): (sum-of-all-processes)
    L\U :            2.18 |  Total :     4.17
** Total highmark (MB):
    Sum-of-all :    23.80 | Avg :    23.80  | Max :    23.80
**************************************************
   Pass :  1   Iteration :   0  ||B r|| = 207.074 ...
   Pass :  1   Iteration :   1  ||B r|| = 8.53142e-07
norm(r_0) 0
norm(r_1) 0
norm(r_2) 0
norm(r_3) 1.103119640888992e-07
norm(r_4) 0
Newton iteration  1 : ||r|| = 1.10312e-07, ||r||/||r_0|| = 4.21598e-06
Setting time step: 0.02 in DGTransportTDO
Setting time step: 0.02 in CombinedOp
Setting time step: 0.02 in IonStaticPressureOp
norm(r_0) 0
norm(r_1) 0
norm(r_2) 0
norm(r_3) 0.01480069977766739
norm(r_4) 0
Newton iteration  0 : ||r|| = 0.0148007
	Nonzeros in L         139264
	Nonzeros in U         139264
	nonzeros in L+U       262144
	nonzeros in LSUB       32768

** Memory Usage **********************************
** NUMfact space (MB): (sum-of-all-processes)
    L\U :            2.18 |  Total :     4.17
** Total highmark (MB):
    Sum-of-all :    23.80 | Avg :    23.80  | Max :    23.80
**************************************************
	Nonzeros in L         139264
	Nonzeros in U         139264
	nonzeros in L+U       262144
	nonzeros in LSUB       32768

** Memory Usage **********************************
** NUMfact space (MB): (sum-of-all-processes)
    L\U :            2.18 |  Total :     4.17
** Total highmark (MB):
    Sum-of-all :    23.80 | Avg :    23.80  | Max :    23.80
**************************************************
	Nonzeros in L         139264
	Nonzeros in U         139264
	nonzeros in L+U       262144
	nonzeros in LSUB       32768

** Memory Usage **********************************
** NUMfact space (MB): (sum-of-all-processes)
    L\U :            2.18 |  Total :     4.17
** Total highmark (MB):
    Sum-of-all :    23.80 | Avg :    23.80  | Max :    23.80
**************************************************
	Nonzeros in L        3302400
	Nonzeros in U        3302400
	nonzeros in L+U      6588416
	nonzeros in LSUB      805570

** Memory Usage **********************************
** NUMfact space (MB): (sum-of-all-processes)
    L\U :           54.21 |  Total :    77.02
** Total highmark (MB):
    Sum-of-all :    84.46 | Avg :    84.46  | Max :    84.46
**************************************************
	Nonzeros in L         139264
	Nonzeros in U         139264
	nonzeros in L+U       262144
	nonzeros in LSUB       32768

** Memory Usage **********************************
** NUMfact space (MB): (sum-of-all-processes)
    L\U :            2.18 |  Total :     4.17
** Total highmark (MB):
    Sum-of-all :    23.80 | Avg :    23.80  | Max :    23.80
**************************************************
   Pass :  1   Iteration :   0  ||B r|| = 117.134 ...
   Pass :  1   Iteration :   1  ||B r|| = 1.08162e-06
norm(r_0) 0
norm(r_1) 0
norm(r_2) 0
norm(r_3) 1.235542794721136e-07
norm(r_4) 0
Newton iteration  1 : ||r|| = 1.23554e-07, ||r||/||r_0|| = 8.34787e-06
Time stepping paused at t = 0.15

Estimating errors.
Setting time step: 0.02 in DGTransportTDO
Setting time step: 0.02 in CombinedOp
Setting time step: 0.02 in IonStaticPressureOp
norm(r_0) 0
norm(r_1) 0
norm(r_2) 0
norm(r_3) 0.01171691238203371
norm(r_4) 0
Newton iteration  0 : ||r|| = 0.0117169
	Nonzeros in L         139264
	Nonzeros in U         139264
	nonzeros in L+U       262144
	nonzeros in LSUB       32768

** Memory Usage **********************************
** NUMfact space (MB): (sum-of-all-processes)
    L\U :            2.18 |  Total :     4.17
** Total highmark (MB):
    Sum-of-all :    23.80 | Avg :    23.80  | Max :    23.80
**************************************************
	Nonzeros in L         139264
	Nonzeros in U         139264
	nonzeros in L+U       262144
	nonzeros in LSUB       32768

** Memory Usage **********************************
** NUMfact space (MB): (sum-of-all-processes)
    L\U :            2.18 |  Total :     4.17
** Total highmark (MB):
    Sum-of-all :    23.80 | Avg :    23.80  | Max :    23.80
**************************************************
	Nonzeros in L         139264
	Nonzeros in U         139264
	nonzeros in L+U       262144
	nonzeros in LSUB       32768

** Memory Usage **********************************
** NUMfact space (MB): (sum-of-all-processes)
    L\U :            2.18 |  Total :     4.17
** Total highmark (MB):
    Sum-of-all :    23.80 | Avg :    23.80  | Max :    23.80
**************************************************
	Nonzeros in L        3302400
	Nonzeros in U        3302400
	nonzeros in L+U      6588416
	nonzeros in LSUB      805570

** Memory Usage **********************************
** NUMfact space (MB): (sum-of-all-processes)
    L\U :           54.21 |  Total :    77.02
** Total highmark (MB):
    Sum-of-all :    84.46 | Avg :    84.46  | Max :    84.46
**************************************************
	Nonzeros in L         139264
	Nonzeros in U         139264
	nonzeros in L+U       262144
	nonzeros in LSUB       32768

** Memory Usage **********************************
** NUMfact space (MB): (sum-of-all-processes)
    L\U :            2.18 |  Total :     4.17
** Total highmark (MB):
    Sum-of-all :    23.80 | Avg :    23.80  | Max :    23.80
**************************************************
   Pass :  1   Iteration :   0  ||B r|| = 92.7289 ...
   Pass :  1   Iteration :   1  ||B r|| = 6.96401e-07
norm(r_0) 0
norm(r_1) 0
norm(r_2) 0
norm(r_3) 1.270550699011894e-07
norm(r_4) 0
Newton iteration  1 : ||r|| = 1.27055e-07, ||r||/||r_0|| = 1.08437e-05
Setting time step: 0.02 in DGTransportTDO
Setting time step: 0.02 in CombinedOp
Setting time step: 0.02 in IonStaticPressureOp
norm(r_0) 0
norm(r_1) 0
norm(r_2) 0
norm(r_3) 0.006834401303444525
norm(r_4) 0
Newton iteration  0 : ||r|| = 0.0068344
	Nonzeros in L         139264
	Nonzeros in U         139264
	nonzeros in L+U       262144
	nonzeros in LSUB       32768

** Memory Usage **********************************
** NUMfact space (MB): (sum-of-all-processes)
    L\U :            2.18 |  Total :     4.17
** Total highmark (MB):
    Sum-of-all :    23.80 | Avg :    23.80  | Max :    23.80
**************************************************
	Nonzeros in L         139264
	Nonzeros in U         139264
	nonzeros in L+U       262144
	nonzeros in LSUB       32768

** Memory Usage **********************************
** NUMfact space (MB): (sum-of-all-processes)
    L\U :            2.18 |  Total :     4.17
** Total highmark (MB):
    Sum-of-all :    23.80 | Avg :    23.80  | Max :    23.80
**************************************************
	Nonzeros in L         139264
	Nonzeros in U         139264
	nonzeros in L+U       262144
	nonzeros in LSUB       32768

** Memory Usage **********************************
** NUMfact space (MB): (sum-of-all-processes)
    L\U :            2.18 |  Total :     4.17
** Total highmark (MB):
    Sum-of-all :    23.80 | Avg :    23.80  | Max :    23.80
**************************************************
	Nonzeros in L        3302400
	Nonzeros in U        3302400
	nonzeros in L+U      6588416
	nonzeros in LSUB      805570

** Memory Usage **********************************
** NUMfact space (MB): (sum-of-all-processes)
    L\U :           54.21 |  Total :    77.02
** Total highmark (MB):
    Sum-of-all :    84.46 | Avg :    84.46  | Max :    84.46
**************************************************
	Nonzeros in L         139264
	Nonzeros in U         139264
	nonzeros in L+U       262144
	nonzeros in LSUB       32768

** Memory Usage **********************************
** NUMfact space (MB): (sum-of-all-processes)
    L\U :            2.18 |  Total :     4.17
** Total highmark (MB):
    Sum-of-all :    23.80 | Avg :    23.80  | Max :    23.80
**************************************************
   Pass :  1   Iteration :   0  ||B r|| = 54.0882 ...
   Pass :  1   Iteration :   1  ||B r|| = 5.63343e-07
norm(r_0) 0
norm(r_1) 0
norm(r_2) 0
norm(r_3) 1.339106559041834e-07
norm(r_4) 0
Newton iteration  1 : ||r|| = 1.33911e-07, ||r||/||r_0|| = 1.95936e-05
Setting time step: 0.02 in DGTransportTDO
Setting time step: 0.02 in CombinedOp
Setting time step: 0.02 in IonStaticPressureOp
norm(r_0) 0
norm(r_1) 0
norm(r_2) 0
norm(r_3) 0.008624640102358748
norm(r_4) 0
Newton iteration  0 : ||r|| = 0.00862464
	Nonzeros in L         139264
	Nonzeros in U         139264
	nonzeros in L+U       262144
	nonzeros in LSUB       32768

** Memory Usage **********************************
** NUMfact space (MB): (sum-of-all-processes)
    L\U :            2.18 |  Total :     4.17
** Total highmark (MB):
    Sum-of-all :    23.80 | Avg :    23.80  | Max :    23.80
**************************************************
	Nonzeros in L         139264
	Nonzeros in U         139264
	nonzeros in L+U       262144
	nonzeros in LSUB       32768

** Memory Usage **********************************
** NUMfact space (MB): (sum-of-all-processes)
    L\U :            2.18 |  Total :     4.17
** Total highmark (MB):
    Sum-of-all :    23.80 | Avg :    23.80  | Max :    23.80
**************************************************
	Nonzeros in L         139264
	Nonzeros in U         139264
	nonzeros in L+U       262144
	nonzeros in LSUB       32768

** Memory Usage **********************************
** NUMfact space (MB): (sum-of-all-processes)
    L\U :            2.18 |  Total :     4.17
** Total highmark (MB):
    Sum-of-all :    23.80 | Avg :    23.80  | Max :    23.80
**************************************************
	Nonzeros in L        3302400
	Nonzeros in U        3302400
	nonzeros in L+U      6588416
	nonzeros in LSUB      805570

** Memory Usage **********************************
** NUMfact space (MB): (sum-of-all-processes)
    L\U :           54.21 |  Total :    77.02
** Total highmark (MB):
    Sum-of-all :    84.46 | Avg :    84.46  | Max :    84.46
**************************************************
	Nonzeros in L         139264
	Nonzeros in U         139264
	nonzeros in L+U       262144
	nonzeros in LSUB       32768

** Memory Usage **********************************
** NUMfact space (MB): (sum-of-all-processes)
    L\U :            2.18 |  Total :     4.17
** Total highmark (MB):
    Sum-of-all :    23.80 | Avg :    23.80  | Max :    23.80
**************************************************
   Pass :  1   Iteration :   0  ||B r|| = 68.2563 ...
   Pass :  1   Iteration :   1  ||B r|| = 3.28526e-07
norm(r_0) 0
norm(r_1) 0
norm(r_2) 0
norm(r_3) 1.30491493425673e-07
norm(r_4) 0
Newton iteration  1 : ||r|| = 1.30491e-07, ||r||/||r_0|| = 1.51301e-05
Setting time step: 0.02 in DGTransportTDO
Setting time step: 0.02 in CombinedOp
Setting time step: 0.02 in IonStaticPressureOp
norm(r_0) 0
norm(r_1) 0
norm(r_2) 0
norm(r_3) 0.009141765825891835
norm(r_4) 0
Newton iteration  0 : ||r|| = 0.00914177
	Nonzeros in L         139264
	Nonzeros in U         139264
	nonzeros in L+U       262144
	nonzeros in LSUB       32768

** Memory Usage **********************************
** NUMfact space (MB): (sum-of-all-processes)
    L\U :            2.18 |  Total :     4.17
** Total highmark (MB):
    Sum-of-all :    23.80 | Avg :    23.80  | Max :    23.80
**************************************************
	Nonzeros in L         139264
	Nonzeros in U         139264
	nonzeros in L+U       262144
	nonzeros in LSUB       32768

** Memory Usage **********************************
** NUMfact space (MB): (sum-of-all-processes)
    L\U :            2.18 |  Total :     4.17
** Total highmark (MB):
    Sum-of-all :    23.80 | Avg :    23.80  | Max :    23.80
**************************************************
	Nonzeros in L         139264
	Nonzeros in U         139264
	nonzeros in L+U       262144
	nonzeros in LSUB       32768

** Memory Usage **********************************
** NUMfact space (MB): (sum-of-all-processes)
    L\U :            2.18 |  Total :     4.17
** Total highmark (MB):
    Sum-of-all :    23.80 | Avg :    23.80  | Max :    23.80
**************************************************
	Nonzeros in L        3302400
	Nonzeros in U        3302400
	nonzeros in L+U      6588416
	nonzeros in LSUB      805570

** Memory Usage **********************************
** NUMfact space (MB): (sum-of-all-processes)
    L\U :           54.21 |  Total :    77.02
** Total highmark (MB):
    Sum-of-all :    84.46 | Avg :    84.46  | Max :    84.46
**************************************************
	Nonzeros in L         139264
	Nonzeros in U         139264
	nonzeros in L+U       262144
	nonzeros in LSUB       32768

** Memory Usage **********************************
** NUMfact space (MB): (sum-of-all-processes)
    L\U :            2.18 |  Total :     4.17
** Total highmark (MB):
    Sum-of-all :    23.80 | Avg :    23.80  | Max :    23.80
**************************************************
   Pass :  1   Iteration :   0  ||B r|| = 72.3489 ...
   Pass :  1   Iteration :   1  ||B r|| = 3.61569e-07
norm(r_0) 0
norm(r_1) 0
--------------------------------------------------------------------------
mpirun noticed that process rank 0 with PID 0 on node fusiont6-1 exited on signal 15 (Terminated).
--------------------------------------------------------------------------
