Options used:
   --mesh ../../mfem/data/inline-quad.mesh
   --bc-file ../../mfem/miniapps/plasma/transport2d_bcs.inp
   --ic-file ../../mfem/miniapps/plasma/transport2d_ics.inp
   --ec-file /home/gz6/mfem-analysis/input-files/transport2d_ecs.inp
   --es-file ../../mfem/miniapps/plasma/transport2d_ess.inp
   --eqdsk-file 
   --logging 1
   --operator-test 8
   --equation-weights '1 1 1 1 1'
   --problem 0
   --refine-serial 0
   --refine-parallel 0
   --enable-amr
   --max-err -1
   --hysteresis 0.25
   --nc-limit 3
   --amr-weights '1 1 1 1 1'
   --order 2
   --dg-sigma -1
   --dg-kappa 9
   --linear-abs-tolerance 1e-06
   --linear-rel-tolerance 1e-06
   --linear-max-iterations 500
   --linear-logging-level 1
   --newton-abs-tolerance 1e-10
   --newton-rel-tolerance 1e-10
   --newton-max-iterations 1
   --newton-logging-level 1
   --steady-state-abs-tolerance 1e-08
   --steady-state-rel-tolerance 1e-08
   --prec-type 1
   --prec-logging-level 0
   --initial-tolerance 1e-05
   --ode-tolerance 0.001
   --ode-solver 2
   --err-per-step
   --ode-weights '1 1 1 1 1'
   --kP 0
   --kI 0.6
   --kD 0
   --theta-max 2
   --t-minimum 0
   --t-final 100
   --time-step 0.01
   --cfl-number 0.3
   --ion-charge 1
   --ion-mass 2.0141018
   --neutral-mass 2.0141018
   --neutral-temp 3
   --min-neutral-density 9e+14
   --max-neutral-density 1e+15
   --neutral-density-exp 0
   --min-ion-density 1e+16
   --max-ion-density 1e+18
   --ion-density-exp 0
   --min-ion-temp 1
   --max-ion-temp 10
   --ion-temp-exp 0
   --min-electron-temp 10
   --max-electron-temp 440
   --electron-temp-exp 0
   --total-B-magnitude 5
   --poloidal-B-magnitude 0.5
   --velocity 1000
   --Di-perp 1
   --Xi-perp 1
   --Xe-perp 1
   --equation-term-flags '-1 -1 -1 -1 -1'
   --visualization-flags '-1 -1 -1 -1 -1'
   --visualization
   --visit-datafiles
   --ascii-datafiles
   --visualization-steps 4
Device configuration: cpu
Memory configuration: host-std
Number of elements in initial mesh: 16
Number of elements after serial refinement: 16
7: Number of elements in parallel mesh: 1
7: Number of elements after parallel refinement: 1
9: Number of elements in parallel mesh: 1
9: Number of elements after parallel refinement: 1
11: Number of elements in parallel mesh: 1
12: Number of elements in parallel mesh: 1
12: Number of elements after parallel refinement: 1
13: Number of elements in parallel mesh: 1
13: Number of elements after parallel refinement: 1
15: Number of elements in parallel mesh: 1
15: Number of elements after parallel refinement: 1
4: Number of elements in parallel mesh: 1
4: Number of elements after parallel refinement: 1
5: Number of elements in parallel mesh: 1
5: Number of elements after parallel refinement: 1
6: Number of elements in parallel mesh: 1
6: Number of elements after parallel refinement: 1
8: Number of elements in parallel mesh: 1
8: Number of elements after parallel refinement: 1
10: Number of elements in parallel mesh: 1
10: Number of elements after parallel refinement: 1
11: Number of elements after parallel refinement: 1
14: Number of elements in parallel mesh: 1
14: Number of elements after parallel refinement: 1
2: Number of elements in parallel mesh: 1
2: Number of elements after parallel refinement: 1
3: Number of elements in parallel mesh: 1
3: Number of elements after parallel refinement: 1
0: Number of elements in parallel mesh: 1
0: Number of elements after parallel refinement: 1
1: Number of elements in parallel mesh: 1
1: Number of elements after parallel refinement: 1
Configuring initial conditions
Reading initial conditions from ../../mfem/miniapps/plasma/transport2d_ics.inp
Configuring exact solutions
Reading exact solutions from ../../mfem/miniapps/plasma/transport2d_ess.inp

AMR iteration 0
Number of unknowns: 144
Stopping criterion satisfied. Stop.
Number of unknowns per field: 144
Total number of unknowns:     720
Configuring boundary conditions
Reading boundary conditions from ../../mfem/miniapps/plasma/transport2d_bcs.inp
Configuring equation coefficients
Reading equation coefficients from /home/gz6/mfem-analysis/input-files/transport2d_ecs.inp
|mn| = 3.3444946e-27
|ni| = 1
|ne| = 1

|Dn|     = -nan
|Di|     = -nan
|Eta|    = -nan
|nXi|    = -nan
|nXe|    = -nan

|Eta/mn| = -nan
|nXi/ni| = -nan
|nXe/ne| = -nan
Ion Static Pressure: Adding time derivative term proportional to d n_i / dt
Ion Static Pressure: Adding time derivative term proportional to d T_i / dt
Ion Static Pressure: Adding anisotropic diffusion term
Ion Static Pressure: Adding source term
Opening GLVis sockets.
Range of error estimates for initial condition: -nan < elem err < -nan

Begin time stepping at t = 0
Setting time step: 0.0025 in DGTransportTDO
Setting time step: 0.0025 in CombinedOp
Setting time step: 0.0025 in IonStaticPressureOp
norm(r_0) 0
norm(r_1) 0
norm(r_2) 0
norm(r_3) 0.86815965
norm(r_4) 0
Newton iteration  0 : ||r|| = 0.86816
   Pass :  1   Iteration :   0  ||B r|| = 51.5225
   Pass :  1   Iteration :   1  ||B r|| = 0.326954
   Pass :  1   Iteration :   2  ||B r|| = 0.181054
   Pass :  1   Iteration :   3  ||B r|| = 0.176299
   Pass :  1   Iteration :   4  ||B r|| = 0.175825
   Pass :  1   Iteration :   5  ||B r|| = 0.17463
   Pass :  1   Iteration :   6  ||B r|| = 0.165925
   Pass :  1   Iteration :   7  ||B r|| = 0.158273
   Pass :  1   Iteration :   8  ||B r|| = 0.144344
   Pass :  1   Iteration :   9  ||B r|| = 0.132047
   Pass :  1   Iteration :  10  ||B r|| = 0.0974606
   Pass :  1   Iteration :  11  ||B r|| = 0.0546066
   Pass :  1   Iteration :  12  ||B r|| = 0.0435473
   Pass :  1   Iteration :  13  ||B r|| = 0.0314733
   Pass :  1   Iteration :  14  ||B r|| = 0.0194964
   Pass :  1   Iteration :  15  ||B r|| = 0.016064
   Pass :  1   Iteration :  16  ||B r|| = 0.0145305
   Pass :  1   Iteration :  17  ||B r|| = 0.0144085
   Pass :  1   Iteration :  18  ||B r|| = 0.0140901
   Pass :  1   Iteration :  19  ||B r|| = 0.0133215
   Pass :  1   Iteration :  20  ||B r|| = 0.012648
   Pass :  1   Iteration :  21  ||B r|| = 0.0111038
   Pass :  1   Iteration :  22  ||B r|| = 0.00956576
   Pass :  1   Iteration :  23  ||B r|| = 0.00686465
   Pass :  1   Iteration :  24  ||B r|| = 0.0055124
   Pass :  1   Iteration :  25  ||B r|| = 0.00418332
   Pass :  1   Iteration :  26  ||B r|| = 0.00272544
   Pass :  1   Iteration :  27  ||B r|| = 0.00158886
   Pass :  1   Iteration :  28  ||B r|| = 0.00109895
   Pass :  1   Iteration :  29  ||B r|| = 0.000626954
   Pass :  1   Iteration :  30  ||B r|| = 0.000309782
   Pass :  1   Iteration :  31  ||B r|| = 0.000178185
   Pass :  1   Iteration :  32  ||B r|| = 9.57669e-05
   Pass :  1   Iteration :  33  ||B r|| = 5.41061e-05
   Pass :  1   Iteration :  34  ||B r|| = 3.27372e-05
norm(r_0) 0
norm(r_1) 0
norm(r_2) 0
norm(r_3) 0.0019598876
norm(r_4) 0
Newton iteration  1 : ||r|| = 0.00195989, ||r||/||r_0|| = 0.00225752
Setting time step: 0.0025 in DGTransportTDO
Setting time step: 0.0025 in CombinedOp
Setting time step: 0.0025 in IonStaticPressureOp
norm(r_0) 0
norm(r_1) 0
norm(r_2) 0
norm(r_3) 0.81173581
norm(r_4) 0
Newton iteration  0 : ||r|| = 0.811736
   Pass :  1   Iteration :   0  ||B r|| = 48.5545
   Pass :  1   Iteration :   1  ||B r|| = 0.303039
   Pass :  1   Iteration :   2  ||B r|| = 0.163728
   Pass :  1   Iteration :   3  ||B r|| = 0.157882
   Pass :  1   Iteration :   4  ||B r|| = 0.15784
   Pass :  1   Iteration :   5  ||B r|| = 0.157819
   Pass :  1   Iteration :   6  ||B r|| = 0.152426
   Pass :  1   Iteration :   7  ||B r|| = 0.146998
   Pass :  1   Iteration :   8  ||B r|| = 0.133965
   Pass :  1   Iteration :   9  ||B r|| = 0.122205
   Pass :  1   Iteration :  10  ||B r|| = 0.089572
   Pass :  1   Iteration :  11  ||B r|| = 0.049323
   Pass :  1   Iteration :  12  ||B r|| = 0.038942
   Pass :  1   Iteration :  13  ||B r|| = 0.0282022
   Pass :  1   Iteration :  14  ||B r|| = 0.0172399
   Pass :  1   Iteration :  15  ||B r|| = 0.0138388
   Pass :  1   Iteration :  16  ||B r|| = 0.0123638
   Pass :  1   Iteration :  17  ||B r|| = 0.0122386
   Pass :  1   Iteration :  18  ||B r|| = 0.0119594
   Pass :  1   Iteration :  19  ||B r|| = 0.011318
   Pass :  1   Iteration :  20  ||B r|| = 0.0107789
   Pass :  1   Iteration :  21  ||B r|| = 0.00960781
   Pass :  1   Iteration :  22  ||B r|| = 0.00838581
   Pass :  1   Iteration :  23  ||B r|| = 0.00617243
   Pass :  1   Iteration :  24  ||B r|| = 0.00498908
   Pass :  1   Iteration :  25  ||B r|| = 0.00381244
   Pass :  1   Iteration :  26  ||B r|| = 0.00251065
   Pass :  1   Iteration :  27  ||B r|| = 0.00146389
   Pass :  1   Iteration :  28  ||B r|| = 0.00101348
   Pass :  1   Iteration :  29  ||B r|| = 0.000577716
   Pass :  1   Iteration :  30  ||B r|| = 0.000280323
   Pass :  1   Iteration :  31  ||B r|| = 0.000162293
   Pass :  1   Iteration :  32  ||B r|| = 8.80227e-05
   Pass :  1   Iteration :  33  ||B r|| = 5.04609e-05
   Pass :  1   Iteration :  34  ||B r|| = 3.03931e-05
norm(r_0) 0
norm(r_1) 0
norm(r_2) 0
norm(r_3) 0.0018199305
norm(r_4) 0
Newton iteration  1 : ||r|| = 0.00181993, ||r||/||r_0|| = 0.00224202
Setting time step: 0.0025 in DGTransportTDO
Setting time step: 0.0025 in CombinedOp
Setting time step: 0.0025 in IonStaticPressureOp
norm(r_0) 0
norm(r_1) 0
norm(r_2) 0
norm(r_3) 0.83376296
norm(r_4) 0
Newton iteration  0 : ||r|| = 0.833763
   Pass :  1   Iteration :   0  ||B r|| = 49.7294
   Pass :  1   Iteration :   1  ||B r|| = 0.31244
   Pass :  1   Iteration :   2  ||B r|| = 0.170092
   Pass :  1   Iteration :   3  ||B r|| = 0.164578
   Pass :  1   Iteration :   4  ||B r|| = 0.164572
   Pass :  1   Iteration :   5  ||B r|| = 0.164352
   Pass :  1   Iteration :   6  ||B r|| = 0.157815
   Pass :  1   Iteration :   7  ||B r|| = 0.151561
   Pass :  1   Iteration :   8  ||B r|| = 0.138121
   Pass :  1   Iteration :   9  ||B r|| = 0.126098
   Pass :  1   Iteration :  10  ||B r|| = 0.0926158
   Pass :  1   Iteration :  11  ||B r|| = 0.0512738
   Pass :  1   Iteration :  12  ||B r|| = 0.0406128
   Pass :  1   Iteration :  13  ||B r|| = 0.0293904
   Pass :  1   Iteration :  14  ||B r|| = 0.0180413
   Pass :  1   Iteration :  15  ||B r|| = 0.0146082
   Pass :  1   Iteration :  16  ||B r|| = 0.0131092
   Pass :  1   Iteration :  17  ||B r|| = 0.012985
   Pass :  1   Iteration :  18  ||B r|| = 0.0126921
   Pass :  1   Iteration :  19  ||B r|| = 0.012007
   Pass :  1   Iteration :  20  ||B r|| = 0.0114235
   Pass :  1   Iteration :  21  ||B r|| = 0.0101356
   Pass :  1   Iteration :  22  ||B r|| = 0.00880924
   Pass :  1   Iteration :  23  ||B r|| = 0.00642927
   Pass :  1   Iteration :  24  ||B r|| = 0.00518428
   Pass :  1   Iteration :  25  ||B r|| = 0.00395288
   Pass :  1   Iteration :  26  ||B r|| = 0.00259295
   Pass :  1   Iteration :  27  ||B r|| = 0.0015121
   Pass :  1   Iteration :  28  ||B r|| = 0.0010466
   Pass :  1   Iteration :  29  ||B r|| = 0.00059647
   Pass :  1   Iteration :  30  ||B r|| = 0.00029115
   Pass :  1   Iteration :  31  ||B r|| = 0.00016814
   Pass :  1   Iteration :  32  ||B r|| = 9.09616e-05
   Pass :  1   Iteration :  33  ||B r|| = 5.19062e-05
   Pass :  1   Iteration :  34  ||B r|| = 3.13319e-05
norm(r_0) 0
norm(r_1) 0
norm(r_2) 0
norm(r_3) 0.0018751931
norm(r_4) 0
Newton iteration  1 : ||r|| = 0.00187519, ||r||/||r_0|| = 0.00224907
Setting time step: 0.0025 in DGTransportTDO
Setting time step: 0.0025 in CombinedOp
Setting time step: 0.0025 in IonStaticPressureOp
norm(r_0) 0
norm(r_1) 0
norm(r_2) 0
norm(r_3) 0.83943455
norm(r_4) 0
Newton iteration  0 : ||r|| = 0.839435
   Pass :  1   Iteration :   0  ||B r|| = 50.0294
   Pass :  1   Iteration :   1  ||B r|| = 0.314836
   Pass :  1   Iteration :   2  ||B r|| = 0.171919
   Pass :  1   Iteration :   3  ||B r|| = 0.166537
   Pass :  1   Iteration :   4  ||B r|| = 0.166504
   Pass :  1   Iteration :   5  ||B r|| = 0.166159
   Pass :  1   Iteration :   6  ||B r|| = 0.159223
   Pass :  1   Iteration :   7  ||B r|| = 0.152696
   Pass :  1   Iteration :   8  ||B r|| = 0.139164
   Pass :  1   Iteration :   9  ||B r|| = 0.127092
   Pass :  1   Iteration :  10  ||B r|| = 0.0934247
   Pass :  1   Iteration :  11  ||B r|| = 0.0518326
   Pass :  1   Iteration :  12  ||B r|| = 0.0411068
   Pass :  1   Iteration :  13  ||B r|| = 0.0297396
   Pass :  1   Iteration :  14  ||B r|| = 0.0182865
   Pass :  1   Iteration :  15  ||B r|| = 0.0148566
   Pass :  1   Iteration :  16  ||B r|| = 0.0133524
   Pass :  1   Iteration :  17  ||B r|| = 0.0132288
   Pass :  1   Iteration :  18  ||B r|| = 0.0129318
   Pass :  1   Iteration :  19  ||B r|| = 0.0122329
   Pass :  1   Iteration :  20  ||B r|| = 0.0116345
   Pass :  1   Iteration :  21  ||B r|| = 0.0103027
   Pass :  1   Iteration :  22  ||B r|| = 0.00893984
   Pass :  1   Iteration :  23  ||B r|| = 0.00650371
   Pass :  1   Iteration :  24  ||B r|| = 0.00524007
   Pass :  1   Iteration :  25  ||B r|| = 0.00399158
   Pass :  1   Iteration :  26  ||B r|| = 0.00261517
   Pass :  1   Iteration :  27  ||B r|| = 0.00152482
   Pass :  1   Iteration :  28  ||B r|| = 0.00105526
   Pass :  1   Iteration :  29  ||B r|| = 0.000601587
   Pass :  1   Iteration :  30  ||B r|| = 0.000294325
   Pass :  1   Iteration :  31  ||B r|| = 0.000169849
   Pass :  1   Iteration :  32  ||B r|| = 9.17799e-05
   Pass :  1   Iteration :  33  ||B r|| = 5.22764e-05
   Pass :  1   Iteration :  34  ||B r|| = 3.15691e-05
norm(r_0) 0
norm(r_1) 0
norm(r_2) 0
norm(r_3) 0.0018896014
norm(r_4) 0
Newton iteration  1 : ||r|| = 0.0018896, ||r||/||r_0|| = 0.00225104
Setting time step: 0.0025 in DGTransportTDO
Setting time step: 0.0025 in CombinedOp
Setting time step: 0.0025 in IonStaticPressureOp
norm(r_0) 0
norm(r_1) 0
norm(r_2) 0
norm(r_3) 0.78496796
norm(r_4) 0
Newton iteration  0 : ||r|| = 0.784968
   Pass :  1   Iteration :   0  ||B r|| = 47.2296
   Pass :  1   Iteration :   1  ||B r|| = 0.290314
   Pass :  1   Iteration :   2  ||B r|| = 0.158394
   Pass :  1   Iteration :   3  ||B r|| = 0.15274
   Pass :  1   Iteration :   4  ||B r|| = 0.152739
   Pass :  1   Iteration :   5  ||B r|| = 0.152568
   Pass :  1   Iteration :   6  ||B r|| = 0.146713
   Pass :  1   Iteration :   7  ||B r|| = 0.140906
   Pass :  1   Iteration :   8  ||B r|| = 0.128386
   Pass :  1   Iteration :   9  ||B r|| = 0.117169
   Pass :  1   Iteration :  10  ||B r|| = 0.0860834
   Pass :  1   Iteration :  11  ||B r|| = 0.0477646
   Pass :  1   Iteration :  12  ||B r|| = 0.0378887
   Pass :  1   Iteration :  13  ||B r|| = 0.0273967
   Pass :  1   Iteration :  14  ||B r|| = 0.0168696
   Pass :  1   Iteration :  15  ||B r|| = 0.0137434
   Pass :  1   Iteration :  16  ||B r|| = 0.0123116
   Pass :  1   Iteration :  17  ||B r|| = 0.0121919
   Pass :  1   Iteration :  18  ||B r|| = 0.0119247
   Pass :  1   Iteration :  19  ||B r|| = 0.0113099
   Pass :  1   Iteration :  20  ||B r|| = 0.0107779
   Pass :  1   Iteration :  21  ||B r|| = 0.00951065
   Pass :  1   Iteration :  22  ||B r|| = 0.00824819
   Pass :  1   Iteration :  23  ||B r|| = 0.0060033
   Pass :  1   Iteration :  24  ||B r|| = 0.00484357
   Pass :  1   Iteration :  25  ||B r|| = 0.00367822
   Pass :  1   Iteration :  26  ||B r|| = 0.00242976
   Pass :  1   Iteration :  27  ||B r|| = 0.00140612
   Pass :  1   Iteration :  28  ||B r|| = 0.000971898
   Pass :  1   Iteration :  29  ||B r|| = 0.000559153
   Pass :  1   Iteration :  30  ||B r|| = 0.000274667
   Pass :  1   Iteration :  31  ||B r|| = 0.000159438
   Pass :  1   Iteration :  32  ||B r|| = 8.60205e-05
   Pass :  1   Iteration :  33  ||B r|| = 4.8711e-05
   Pass :  1   Iteration :  34  ||B r|| = 2.916e-05
norm(r_0) 0
norm(r_1) 0
norm(r_2) 0
norm(r_3) 0.001762262
norm(r_4) 0
Newton iteration  1 : ||r|| = 0.00176226, ||r||/||r_0|| = 0.00224501
Setting time step: 0.0046082058 in DGTransportTDO
Setting time step: 0.0046082058 in CombinedOp
Setting time step: 0.0046082058 in IonStaticPressureOp
norm(r_0) 0
norm(r_1) 0
norm(r_2) 0
norm(r_3) 0.75948889
norm(r_4) 0
Newton iteration  0 : ||r|| = 0.759489
   Pass :  1   Iteration :   0  ||B r|| = 39.3486
   Pass :  1   Iteration :   1  ||B r|| = 0.176736
   Pass :  1   Iteration :   2  ||B r|| = 0.0968653
   Pass :  1   Iteration :   3  ||B r|| = 0.0952903
   Pass :  1   Iteration :   4  ||B r|| = 0.0943527
   Pass :  1   Iteration :   5  ||B r|| = 0.09334
   Pass :  1   Iteration :   6  ||B r|| = 0.0903964
   Pass :  1   Iteration :   7  ||B r|| = 0.0875615
   Pass :  1   Iteration :   8  ||B r|| = 0.0824526
   Pass :  1   Iteration :   9  ||B r|| = 0.0781062
   Pass :  1   Iteration :  10  ||B r|| = 0.0611742
   Pass :  1   Iteration :  11  ||B r|| = 0.036469
   Pass :  1   Iteration :  12  ||B r|| = 0.0302406
   Pass :  1   Iteration :  13  ||B r|| = 0.0227762
   Pass :  1   Iteration :  14  ||B r|| = 0.0147587
   Pass :  1   Iteration :  15  ||B r|| = 0.0121112
   Pass :  1   Iteration :  16  ||B r|| = 0.0111236
   Pass :  1   Iteration :  17  ||B r|| = 0.0110721
   Pass :  1   Iteration :  18  ||B r|| = 0.0108031
   Pass :  1   Iteration :  19  ||B r|| = 0.0102142
   Pass :  1   Iteration :  20  ||B r|| = 0.00978392
   Pass :  1   Iteration :  21  ||B r|| = 0.00902934
   Pass :  1   Iteration :  22  ||B r|| = 0.00805945
   Pass :  1   Iteration :  23  ||B r|| = 0.00629933
   Pass :  1   Iteration :  24  ||B r|| = 0.0052606
   Pass :  1   Iteration :  25  ||B r|| = 0.00406522
   Pass :  1   Iteration :  26  ||B r|| = 0.00263039
   Pass :  1   Iteration :  27  ||B r|| = 0.00159028
   Pass :  1   Iteration :  28  ||B r|| = 0.00103771
   Pass :  1   Iteration :  29  ||B r|| = 0.000584039
   Pass :  1   Iteration :  30  ||B r|| = 0.000297626
   Pass :  1   Iteration :  31  ||B r|| = 0.000164385
   Pass :  1   Iteration :  32  ||B r|| = 9.0335e-05
   Pass :  1   Iteration :  33  ||B r|| = 5.26581e-05
   Pass :  1   Iteration :  34  ||B r|| = 3.2194e-05
norm(r_0) 0
norm(r_1) 0
norm(r_2) 0
norm(r_3) 0.0037693252
norm(r_4) 0
Newton iteration  1 : ||r|| = 0.00376933, ||r||/||r_0|| = 0.00496298
Setting time step: 0.0046082058 in DGTransportTDO
Setting time step: 0.0046082058 in CombinedOp
Setting time step: 0.0046082058 in IonStaticPressureOp
norm(r_0) 0
norm(r_1) 0
norm(r_2) 0
norm(r_3) 0.67171525
norm(r_4) 0
Newton iteration  0 : ||r|| = 0.671715
   Pass :  1   Iteration :   0  ||B r|| = 34.8449
   Pass :  1   Iteration :   1  ||B r|| = 0.156057
   Pass :  1   Iteration :   2  ||B r|| = 0.0851344
   Pass :  1   Iteration :   3  ||B r|| = 0.0836271
   Pass :  1   Iteration :   4  ||B r|| = 0.0830119
   Pass :  1   Iteration :   5  ||B r|| = 0.0823052
   Pass :  1   Iteration :   6  ||B r|| = 0.0798684
   Pass :  1   Iteration :   7  ||B r|| = 0.0774557
   Pass :  1   Iteration :   8  ||B r|| = 0.0729223
   Pass :  1   Iteration :   9  ||B r|| = 0.0690315
   Pass :  1   Iteration :  10  ||B r|| = 0.0539791
   Pass :  1   Iteration :  11  ||B r|| = 0.0320687
   Pass :  1   Iteration :  12  ||B r|| = 0.026566
   Pass :  1   Iteration :  13  ||B r|| = 0.0200281
   Pass :  1   Iteration :  14  ||B r|| = 0.0129782
   Pass :  1   Iteration :  15  ||B r|| = 0.0106438
   Pass :  1   Iteration :  16  ||B r|| = 0.00977402
   Pass :  1   Iteration :  17  ||B r|| = 0.00972845
   Pass :  1   Iteration :  18  ||B r|| = 0.00949105
   Pass :  1   Iteration :  19  ||B r|| = 0.00897125
   Pass :  1   Iteration :  20  ||B r|| = 0.00859393
   Pass :  1   Iteration :  21  ||B r|| = 0.00793905
   Pass :  1   Iteration :  22  ||B r|| = 0.00709335
   Pass :  1   Iteration :  23  ||B r|| = 0.0055553
   Pass :  1   Iteration :  24  ||B r|| = 0.00464031
   Pass :  1   Iteration :  25  ||B r|| = 0.00358666
   Pass :  1   Iteration :  26  ||B r|| = 0.00232331
   Pass :  1   Iteration :  27  ||B r|| = 0.00140416
   Pass :  1   Iteration :  28  ||B r|| = 0.000916083
   Pass :  1   Iteration :  29  ||B r|| = 0.000516298
   Pass :  1   Iteration :  30  ||B r|| = 0.000262257
   Pass :  1   Iteration :  31  ||B r|| = 0.000144888
   Pass :  1   Iteration :  32  ||B r|| = 7.95587e-05
   Pass :  1   Iteration :  33  ||B r|| = 4.65718e-05
   Pass :  1   Iteration :  34  ||B r|| = 2.84232e-05
norm(r_0) 0
norm(r_1) 0
norm(r_2) 0
norm(r_3) 0.0033272865
norm(r_4) 0
Newton iteration  1 : ||r|| = 0.00332729, ||r||/||r_0|| = 0.00495342
Setting time step: 0.0046082058 in DGTransportTDO
Setting time step: 0.0046082058 in CombinedOp
Setting time step: 0.0046082058 in IonStaticPressureOp
norm(r_0) 0
norm(r_1) 0
norm(r_2) 0
norm(r_3) 0.70601656
norm(r_4) 0
Newton iteration  0 : ||r|| = 0.706017
   Pass :  1   Iteration :   0  ||B r|| = 36.6068
   Pass :  1   Iteration :   1  ||B r|| = 0.164124
   Pass :  1   Iteration :   2  ||B r|| = 0.0896581
   Pass :  1   Iteration :   3  ||B r|| = 0.0881113
   Pass :  1   Iteration :   4  ||B r|| = 0.0874012
   Pass :  1   Iteration :   5  ||B r|| = 0.0865998
   Pass :  1   Iteration :   6  ||B r|| = 0.0839834
   Pass :  1   Iteration :   7  ||B r|| = 0.0814163
   Pass :  1   Iteration :   8  ||B r|| = 0.0766558
   Pass :  1   Iteration :   9  ||B r|| = 0.0725808
   Pass :  1   Iteration :  10  ||B r|| = 0.0567828
   Pass :  1   Iteration :  11  ||B r|| = 0.0337701
   Pass :  1   Iteration :  12  ||B r|| = 0.0279841
   Pass :  1   Iteration :  13  ||B r|| = 0.0210907
   Pass :  1   Iteration :  14  ||B r|| = 0.0136666
   Pass :  1   Iteration :  15  ||B r|| = 0.0112104
   Pass :  1   Iteration :  16  ||B r|| = 0.0102951
   Pass :  1   Iteration :  17  ||B r|| = 0.0102472
   Pass :  1   Iteration :  18  ||B r|| = 0.00999746
   Pass :  1   Iteration :  19  ||B r|| = 0.00945063
   Pass :  1   Iteration :  20  ||B r|| = 0.00905298
   Pass :  1   Iteration :  21  ||B r|| = 0.00836069
   Pass :  1   Iteration :  22  ||B r|| = 0.00746778
   Pass :  1   Iteration :  23  ||B r|| = 0.00584489
   Pass :  1   Iteration :  24  ||B r|| = 0.00488171
   Pass :  1   Iteration :  25  ||B r|| = 0.00377318
   Pass :  1   Iteration :  26  ||B r|| = 0.00244323
   Pass :  1   Iteration :  27  ||B r|| = 0.00147682
   Pass :  1   Iteration :  28  ||B r|| = 0.000963533
   Pass :  1   Iteration :  29  ||B r|| = 0.000542811
   Pass :  1   Iteration :  30  ||B r|| = 0.000276029
   Pass :  1   Iteration :  31  ||B r|| = 0.000152466
   Pass :  1   Iteration :  32  ||B r|| = 8.37406e-05
   Pass :  1   Iteration :  33  ||B r|| = 4.89583e-05
   Pass :  1   Iteration :  34  ||B r|| = 2.98963e-05
norm(r_0) 0
norm(r_1) 0
norm(r_2) 0
norm(r_3) 0.0035001323
norm(r_4) 0
Newton iteration  1 : ||r|| = 0.00350013, ||r||/||r_0|| = 0.00495758
Setting time step: 0.0046082058 in DGTransportTDO
Setting time step: 0.0046082058 in CombinedOp
Setting time step: 0.0046082058 in IonStaticPressureOp
norm(r_0) 0
norm(r_1) 0
norm(r_2) 0
norm(r_3) 0.71492006
norm(r_4) 0
Newton iteration  0 : ||r|| = 0.71492
   Pass :  1   Iteration :   0  ||B r|| = 37.0636
   Pass :  1   Iteration :   1  ||B r|| = 0.166225
   Pass :  1   Iteration :   2  ||B r|| = 0.0908629
   Pass :  1   Iteration :   3  ||B r|| = 0.0893125
   Pass :  1   Iteration :   4  ||B r|| = 0.0885633
   Pass :  1   Iteration :   5  ||B r|| = 0.087725
   Pass :  1   Iteration :   6  ||B r|| = 0.0850519
   Pass :  1   Iteration :   7  ||B r|| = 0.0824386
   Pass :  1   Iteration :   8  ||B r|| = 0.0776201
   Pass :  1   Iteration :   9  ||B r|| = 0.0735004
   Pass :  1   Iteration :  10  ||B r|| = 0.0575145
   Pass :  1   Iteration :  11  ||B r|| = 0.0342208
   Pass :  1   Iteration :  12  ||B r|| = 0.0283611
   Pass :  1   Iteration :  13  ||B r|| = 0.0213722
   Pass :  1   Iteration :  14  ||B r|| = 0.013849
   Pass :  1   Iteration :  15  ||B r|| = 0.0113609
   Pass :  1   Iteration :  16  ||B r|| = 0.0104336
   Pass :  1   Iteration :  17  ||B r|| = 0.010385
   Pass :  1   Iteration :  18  ||B r|| = 0.0101321
   Pass :  1   Iteration :  19  ||B r|| = 0.00957826
   Pass :  1   Iteration :  20  ||B r|| = 0.00917516
   Pass :  1   Iteration :  21  ||B r|| = 0.00847237
   Pass :  1   Iteration :  22  ||B r|| = 0.00756653
   Pass :  1   Iteration :  23  ||B r|| = 0.00592063
   Pass :  1   Iteration :  24  ||B r|| = 0.00494487
   Pass :  1   Iteration :  25  ||B r|| = 0.00382182
   Pass :  1   Iteration :  26  ||B r|| = 0.00247439
   Pass :  1   Iteration :  27  ||B r|| = 0.00149571
   Pass :  1   Iteration :  28  ||B r|| = 0.000975884
   Pass :  1   Iteration :  29  ||B r|| = 0.000549669
   Pass :  1   Iteration :  30  ||B r|| = 0.000279626
   Pass :  1   Iteration :  31  ||B r|| = 0.000154453
   Pass :  1   Iteration :  32  ||B r|| = 8.48412e-05
   Pass :  1   Iteration :  33  ||B r|| = 4.95738e-05
   Pass :  1   Iteration :  34  ||B r|| = 3.0279e-05
norm(r_0) 0
norm(r_1) 0
norm(r_2) 0
norm(r_3) 0.0035449486
norm(r_4) 0
Newton iteration  1 : ||r|| = 0.00354495, ||r||/||r_0|| = 0.00495852
Setting time step: 0.0046082058 in DGTransportTDO
Setting time step: 0.0046082058 in CombinedOp
Setting time step: 0.0046082058 in IonStaticPressureOp
norm(r_0) 0
norm(r_1) 0
norm(r_2) 0
norm(r_3) 0.63059004
norm(r_4) 0
Newton iteration  0 : ||r|| = 0.63059
   Pass :  1   Iteration :   0  ||B r|| = 32.7409
   Pass :  1   Iteration :   1  ||B r|| = 0.146447
   Pass :  1   Iteration :   2  ||B r|| = 0.0803112
   Pass :  1   Iteration :   3  ||B r|| = 0.0789858
   Pass :  1   Iteration :   4  ||B r|| = 0.0781891
   Pass :  1   Iteration :   5  ||B r|| = 0.0773393
   Pass :  1   Iteration :   6  ||B r|| = 0.0749097
   Pass :  1   Iteration :   7  ||B r|| = 0.07255
   Pass :  1   Iteration :   8  ||B r|| = 0.0683065
   Pass :  1   Iteration :   9  ||B r|| = 0.0647008
   Pass :  1   Iteration :  10  ||B r|| = 0.0506601
   Pass :  1   Iteration :  11  ||B r|| = 0.0301911
   Pass :  1   Iteration :  12  ||B r|| = 0.0250255
   Pass :  1   Iteration :  13  ||B r|| = 0.0188524
   Pass :  1   Iteration :  14  ||B r|| = 0.0122193
   Pass :  1   Iteration :  15  ||B r|| = 0.0100258
   Pass :  1   Iteration :  16  ||B r|| = 0.00920528
   Pass :  1   Iteration :  17  ||B r|| = 0.00916226
   Pass :  1   Iteration :  18  ||B r|| = 0.00894084
   Pass :  1   Iteration :  19  ||B r|| = 0.00845478
   Pass :  1   Iteration :  20  ||B r|| = 0.0080986
   Pass :  1   Iteration :  21  ||B r|| = 0.0074719
   Pass :  1   Iteration :  22  ||B r|| = 0.0066697
   Pass :  1   Iteration :  23  ||B r|| = 0.00521501
   Pass :  1   Iteration :  24  ||B r|| = 0.00435806
   Pass :  1   Iteration :  25  ||B r|| = 0.00336373
   Pass :  1   Iteration :  26  ||B r|| = 0.00217856
   Pass :  1   Iteration :  27  ||B r|| = 0.0013164
   Pass :  1   Iteration :  28  ||B r|| = 0.000859017
   Pass :  1   Iteration :  29  ||B r|| = 0.000483485
   Pass :  1   Iteration :  30  ||B r|| = 0.000245763
   Pass :  1   Iteration :  31  ||B r|| = 0.000136078
   Pass :  1   Iteration :  32  ||B r|| = 7.47957e-05
   Pass :  1   Iteration :  33  ||B r|| = 4.35848e-05
   Pass :  1   Iteration :  34  ||B r|| = 2.66328e-05
norm(r_0) 0
norm(r_1) 0
norm(r_2) 0
norm(r_3) 0.0031142179
norm(r_4) 0
Newton iteration  1 : ||r|| = 0.00311422, ||r||/||r_0|| = 0.00493858
Setting time step: 0.0092164117 in DGTransportTDO
Setting time step: 0.0092164117 in CombinedOp
Setting time step: 0.0092164117 in IonStaticPressureOp
norm(r_0) 0
norm(r_1) 0
norm(r_2) 0
norm(r_3) 0.59415581
norm(r_4) 0
Newton iteration  0 : ||r|| = 0.594156
   Pass :  1   Iteration :   0  ||B r|| = 23.6231
   Pass :  1   Iteration :   1  ||B r|| = 0.0824959
   Pass :  1   Iteration :   2  ||B r|| = 0.0452691
   Pass :  1   Iteration :   3  ||B r|| = 0.0449191
   Pass :  1   Iteration :   4  ||B r|| = 0.0439828
   Pass :  1   Iteration :   5  ||B r|| = 0.043204
   Pass :  1   Iteration :   6  ||B r|| = 0.0422026
   Pass :  1   Iteration :   7  ||B r|| = 0.0411499
   Pass :  1   Iteration :   8  ||B r|| = 0.0396962
   Pass :  1   Iteration :   9  ||B r|| = 0.0385074
   Pass :  1   Iteration :  10  ||B r|| = 0.03208
   Pass :  1   Iteration :  11  ||B r|| = 0.0210624
   Pass :  1   Iteration :  12  ||B r|| = 0.0184088
   Pass :  1   Iteration :  13  ||B r|| = 0.014571
   Pass :  1   Iteration :  14  ||B r|| = 0.0101256
   Pass :  1   Iteration :  15  ||B r|| = 0.0085299
   Pass :  1   Iteration :  16  ||B r|| = 0.00802281
   Pass :  1   Iteration :  17  ||B r|| = 0.00800501
   Pass :  1   Iteration :  18  ||B r|| = 0.00774795
   Pass :  1   Iteration :  19  ||B r|| = 0.00734114
   Pass :  1   Iteration :  20  ||B r|| = 0.00702876
   Pass :  1   Iteration :  21  ||B r|| = 0.00666307
   Pass :  1   Iteration :  22  ||B r|| = 0.00607708
   Pass :  1   Iteration :  23  ||B r|| = 0.00501356
   Pass :  1   Iteration :  24  ||B r|| = 0.00425854
   Pass :  1   Iteration :  25  ||B r|| = 0.00338541
   Pass :  1   Iteration :  26  ||B r|| = 0.00218257
   Pass :  1   Iteration :  27  ||B r|| = 0.0013589
   Pass :  1   Iteration :  28  ||B r|| = 0.000826127
   Pass :  1   Iteration :  29  ||B r|| = 0.000437796
   Pass :  1   Iteration :  30  ||B r|| = 0.00025205
   Pass :  1   Iteration :  31  ||B r|| = 0.000126785
   Pass :  1   Iteration :  32  ||B r|| = 7.11881e-05
   Pass :  1   Iteration :  33  ||B r|| = 4.09509e-05
   Pass :  1   Iteration :  34  ||B r|| = 2.48745e-05
   Pass :  1   Iteration :  35  ||B r|| = 1.19655e-05
norm(r_0) 0
norm(r_1) 0
norm(r_2) 0
norm(r_3) 0.0021299874
norm(r_4) 0
Newton iteration  1 : ||r|| = 0.00212999, ||r||/||r_0|| = 0.0035849
Setting time step: 0.0092164117 in DGTransportTDO
Setting time step: 0.0092164117 in CombinedOp
Setting time step: 0.0092164117 in IonStaticPressureOp
norm(r_0) 0
norm(r_1) 0
norm(r_2) 0
norm(r_3) 0.46426053
norm(r_4) 0
Newton iteration  0 : ||r|| = 0.464261
   Pass :  1   Iteration :   0  ||B r|| = 18.455
   Pass :  1   Iteration :   1  ||B r|| = 0.0644598
   Pass :  1   Iteration :   2  ||B r|| = 0.0353386
   Pass :  1   Iteration :   3  ||B r|| = 0.0350599
   Pass :  1   Iteration :   4  ||B r|| = 0.0343453
   Pass :  1   Iteration :   5  ||B r|| = 0.0337492
   Pass :  1   Iteration :   6  ||B r|| = 0.0329736
   Pass :  1   Iteration :   7  ||B r|| = 0.0321483
   Pass :  1   Iteration :   8  ||B r|| = 0.0310141
   Pass :  1   Iteration :   9  ||B r|| = 0.030088
   Pass :  1   Iteration :  10  ||B r|| = 0.0250629
   Pass :  1   Iteration :  11  ||B r|| = 0.0164453
   Pass :  1   Iteration :  12  ||B r|| = 0.0143734
   Pass :  1   Iteration :  13  ||B r|| = 0.0113756
   Pass :  1   Iteration :  14  ||B r|| = 0.00791071
   Pass :  1   Iteration :  15  ||B r|| = 0.00666468
   Pass :  1   Iteration :  16  ||B r|| = 0.00626778
   Pass :  1   Iteration :  17  ||B r|| = 0.00625401
   Pass :  1   Iteration :  18  ||B r|| = 0.00605378
   Pass :  1   Iteration :  19  ||B r|| = 0.00573619
   Pass :  1   Iteration :  20  ||B r|| = 0.00549138
   Pass :  1   Iteration :  21  ||B r|| = 0.00520384
   Pass :  1   Iteration :  22  ||B r|| = 0.00474405
   Pass :  1   Iteration :  23  ||B r|| = 0.00391061
   Pass :  1   Iteration :  24  ||B r|| = 0.00332153
   Pass :  1   Iteration :  25  ||B r|| = 0.0026374
   Pass :  1   Iteration :  26  ||B r|| = 0.00170322
   Pass :  1   Iteration :  27  ||B r|| = 0.0010618
   Pass :  1   Iteration :  28  ||B r|| = 0.000645413
   Pass :  1   Iteration :  29  ||B r|| = 0.000342057
   Pass :  1   Iteration :  30  ||B r|| = 0.000196723
   Pass :  1   Iteration :  31  ||B r|| = 9.89578e-05
   Pass :  1   Iteration :  32  ||B r|| = 5.55535e-05
   Pass :  1   Iteration :  33  ||B r|| = 3.20054e-05
   Pass :  1   Iteration :  34  ||B r|| = 1.94292e-05
   Pass :  1   Iteration :  35  ||B r|| = 9.30088e-06
norm(r_0) 0
norm(r_1) 0
norm(r_2) 0
norm(r_3) 0.0016587581
norm(r_4) 0
Newton iteration  1 : ||r|| = 0.00165876, ||r||/||r_0|| = 0.0035729
Setting time step: 0.0092164117 in DGTransportTDO
Setting time step: 0.0092164117 in CombinedOp
Setting time step: 0.0092164117 in IonStaticPressureOp
norm(r_0) 0
norm(r_1) 0
norm(r_2) 0
norm(r_3) 0.51394408
norm(r_4) 0
Newton iteration  0 : ||r|| = 0.513944
   Pass :  1   Iteration :   0  ||B r|| = 20.4315
   Pass :  1   Iteration :   1  ||B r|| = 0.0713601
   Pass :  1   Iteration :   2  ||B r|| = 0.0391329
   Pass :  1   Iteration :   3  ||B r|| = 0.0388262
   Pass :  1   Iteration :   4  ||B r|| = 0.0380292
   Pass :  1   Iteration :   5  ||B r|| = 0.0373649
   Pass :  1   Iteration :   6  ||B r|| = 0.036504
   Pass :  1   Iteration :   7  ||B r|| = 0.0355911
   Pass :  1   Iteration :   8  ||B r|| = 0.034335
   Pass :  1   Iteration :   9  ||B r|| = 0.0333089
   Pass :  1   Iteration :  10  ||B r|| = 0.027747
   Pass :  1   Iteration :  11  ||B r|| = 0.01821
   Pass :  1   Iteration :  12  ||B r|| = 0.0159158
   Pass :  1   Iteration :  13  ||B r|| = 0.0125967
   Pass :  1   Iteration :  14  ||B r|| = 0.00875794
   Pass :  1   Iteration :  15  ||B r|| = 0.00737824
   Pass :  1   Iteration :  16  ||B r|| = 0.00693907
   Pass :  1   Iteration :  17  ||B r|| = 0.00692378
   Pass :  1   Iteration :  18  ||B r|| = 0.0067019
   Pass :  1   Iteration :  19  ||B r|| = 0.00635023
   Pass :  1   Iteration :  20  ||B r|| = 0.00607945
   Pass :  1   Iteration :  21  ||B r|| = 0.00576173
   Pass :  1   Iteration :  22  ||B r|| = 0.00525335
   Pass :  1   Iteration :  23  ||B r|| = 0.00433149
   Pass :  1   Iteration :  24  ||B r|| = 0.00367907
   Pass :  1   Iteration :  25  ||B r|| = 0.00292235
   Pass :  1   Iteration :  26  ||B r|| = 0.00188627
   Pass :  1   Iteration :  27  ||B r|| = 0.00117547
   Pass :  1   Iteration :  28  ||B r|| = 0.000714546
   Pass :  1   Iteration :  29  ||B r|| = 0.000378684
   Pass :  1   Iteration :  30  ||B r|| = 0.000217859
   Pass :  1   Iteration :  31  ||B r|| = 0.000109588
   Pass :  1   Iteration :  32  ||B r|| = 6.15247e-05
   Pass :  1   Iteration :  33  ||B r|| = 3.54292e-05
   Pass :  1   Iteration :  34  ||B r|| = 2.15115e-05
   Pass :  1   Iteration :  35  ||B r|| = 1.03127e-05
norm(r_0) 0
norm(r_1) 0
norm(r_2) 0
norm(r_3) 0.0018381946
norm(r_4) 0
Newton iteration  1 : ||r|| = 0.00183819, ||r||/||r_0|| = 0.00357664
Setting time step: 0.0092164117 in DGTransportTDO
Setting time step: 0.0092164117 in CombinedOp
Setting time step: 0.0092164117 in IonStaticPressureOp
norm(r_0) 0
norm(r_1) 0
norm(r_2) 0
norm(r_3) 0.52730681
norm(r_4) 0
Newton iteration  0 : ||r|| = 0.527307
   Pass :  1   Iteration :   0  ||B r|| = 20.9635
   Pass :  1   Iteration :   1  ||B r|| = 0.0732159
   Pass :  1   Iteration :   2  ||B r|| = 0.040156
   Pass :  1   Iteration :   3  ||B r|| = 0.0398421
   Pass :  1   Iteration :   4  ||B r|| = 0.0390217
   Pass :  1   Iteration :   5  ||B r|| = 0.0383381
   Pass :  1   Iteration :   6  ||B r|| = 0.0374537
   Pass :  1   Iteration :   7  ||B r|| = 0.0365176
   Pass :  1   Iteration :   8  ||B r|| = 0.0352285
   Pass :  1   Iteration :   9  ||B r|| = 0.0341753
   Pass :  1   Iteration :  10  ||B r|| = 0.0284692
   Pass :  1   Iteration :  11  ||B r|| = 0.0186855
   Pass :  1   Iteration :  12  ||B r|| = 0.0163314
   Pass :  1   Iteration :  13  ||B r|| = 0.0129258
   Pass :  1   Iteration :  14  ||B r|| = 0.00898586
   Pass :  1   Iteration :  15  ||B r|| = 0.00757016
   Pass :  1   Iteration :  16  ||B r|| = 0.00711969
   Pass :  1   Iteration :  17  ||B r|| = 0.00710397
   Pass :  1   Iteration :  18  ||B r|| = 0.00687623
   Pass :  1   Iteration :  19  ||B r|| = 0.00651536
   Pass :  1   Iteration :  20  ||B r|| = 0.00623766
   Pass :  1   Iteration :  21  ||B r|| = 0.00591198
   Pass :  1   Iteration :  22  ||B r|| = 0.0053907
   Pass :  1   Iteration :  23  ||B r|| = 0.00444526
   Pass :  1   Iteration :  24  ||B r|| = 0.00377574
   Pass :  1   Iteration :  25  ||B r|| = 0.00299965
   Pass :  1   Iteration :  26  ||B r|| = 0.00193569
   Pass :  1   Iteration :  27  ||B r|| = 0.00120604
   Pass :  1   Iteration :  28  ||B r|| = 0.000733141
   Pass :  1   Iteration :  29  ||B r|| = 0.000388535
   Pass :  1   Iteration :  30  ||B r|| = 0.00022356
   Pass :  1   Iteration :  31  ||B r|| = 0.000112455
   Pass :  1   Iteration :  32  ||B r|| = 6.31362e-05
   Pass :  1   Iteration :  33  ||B r|| = 3.63493e-05
   Pass :  1   Iteration :  34  ||B r|| = 2.20721e-05
   Pass :  1   Iteration :  35  ||B r|| = 1.0589e-05
norm(r_0) 0
norm(r_1) 0
norm(r_2) 0
norm(r_3) 0.0018869143
norm(r_4) 0
Newton iteration  1 : ||r|| = 0.00188691, ||r||/||r_0|| = 0.0035784
Setting time step: 0.0092164117 in DGTransportTDO
Setting time step: 0.0092164117 in CombinedOp
Setting time step: 0.0092164117 in IonStaticPressureOp
norm(r_0) 0
norm(r_1) 0
norm(r_2) 0
norm(r_3) 0.40826153
norm(r_4) 0
Newton iteration  0 : ||r|| = 0.408262
   Pass :  1   Iteration :   0  ||B r|| = 16.2337
   Pass :  1   Iteration :   1  ||B r|| = 0.0566689
   Pass :  1   Iteration :   2  ||B r|| = 0.0311161
   Pass :  1   Iteration :   3  ||B r|| = 0.0308781
   Pass :  1   Iteration :   4  ||B r|| = 0.0302285
   Pass :  1   Iteration :   5  ||B r|| = 0.0296878
   Pass :  1   Iteration :   6  ||B r|| = 0.0289962
   Pass :  1   Iteration :   7  ||B r|| = 0.0282767
   Pass :  1   Iteration :   8  ||B r|| = 0.027276
   Pass :  1   Iteration :   9  ||B r|| = 0.0264553
   Pass :  1   Iteration :  10  ||B r|| = 0.0220388
   Pass :  1   Iteration :  11  ||B r|| = 0.0144743
   Pass :  1   Iteration :  12  ||B r|| = 0.0126496
   Pass :  1   Iteration :  13  ||B r|| = 0.0100148
   Pass :  1   Iteration :  14  ||B r|| = 0.00695516
   Pass :  1   Iteration :  15  ||B r|| = 0.00585938
   Pass :  1   Iteration :  16  ||B r|| = 0.00551197
   Pass :  1   Iteration :  17  ||B r|| = 0.00549962
   Pass :  1   Iteration :  18  ||B r|| = 0.00532247
   Pass :  1   Iteration :  19  ||B r|| = 0.00504263
   Pass :  1   Iteration :  20  ||B r|| = 0.00482866
   Pass :  1   Iteration :  21  ||B r|| = 0.00457912
   Pass :  1   Iteration :  22  ||B r|| = 0.00417835
   Pass :  1   Iteration :  23  ||B r|| = 0.00345001
   Pass :  1   Iteration :  24  ||B r|| = 0.00293055
   Pass :  1   Iteration :  25  ||B r|| = 0.00233212
   Pass :  1   Iteration :  26  ||B r|| = 0.00150103
   Pass :  1   Iteration :  27  ||B r|| = 0.000933295
   Pass :  1   Iteration :  28  ||B r|| = 0.000567332
   Pass :  1   Iteration :  29  ||B r|| = 0.000300669
   Pass :  1   Iteration :  30  ||B r|| = 0.000173266
   Pass :  1   Iteration :  31  ||B r|| = 8.71626e-05
   Pass :  1   Iteration :  32  ||B r|| = 4.8942e-05
   Pass :  1   Iteration :  33  ||B r|| = 2.81199e-05
   Pass :  1   Iteration :  34  ||B r|| = 1.70894e-05
   Pass :  1   Iteration :  35  ||B r|| = 8.25995e-06
norm(r_0) 0
norm(r_1) 0
norm(r_2) 0
norm(r_3) 0.0014673723
norm(r_4) 0
Newton iteration  1 : ||r|| = 0.00146737, ||r||/||r_0|| = 0.0035942
Setting time step: 0.018432823 in DGTransportTDO
Setting time step: 0.018432823 in CombinedOp
Setting time step: 0.018432823 in IonStaticPressureOp
norm(r_0) 0
norm(r_1) 0
norm(r_2) 0
norm(r_3) 0.36359124
norm(r_4) 0
Newton iteration  0 : ||r|| = 0.363591
   Pass :  1   Iteration :   0  ||B r|| = 9.84482
   Pass :  1   Iteration :   1  ||B r|| = 0.0295441
   Pass :  1   Iteration :   2  ||B r|| = 0.0163027
   Pass :  1   Iteration :   3  ||B r|| = 0.0162288
   Pass :  1   Iteration :   4  ||B r|| = 0.0157715
   Pass :  1   Iteration :   5  ||B r|| = 0.0154222
   Pass :  1   Iteration :   6  ||B r|| = 0.0151217
   Pass :  1   Iteration :   7  ||B r|| = 0.0147985
   Pass :  1   Iteration :   8  ||B r|| = 0.0144886
   Pass :  1   Iteration :   9  ||B r|| = 0.0142394
   Pass :  1   Iteration :  10  ||B r|| = 0.0124253
   Pass :  1   Iteration :  11  ||B r|| = 0.00903413
   Pass :  1   Iteration :  12  ||B r|| = 0.00826144
   Pass :  1   Iteration :  13  ||B r|| = 0.00683481
   Pass :  1   Iteration :  14  ||B r|| = 0.0050795
   Pass :  1   Iteration :  15  ||B r|| = 0.00442559
   Pass :  1   Iteration :  16  ||B r|| = 0.00421282
   Pass :  1   Iteration :  17  ||B r|| = 0.00420516
   Pass :  1   Iteration :  18  ||B r|| = 0.00404752
   Pass :  1   Iteration :  19  ||B r|| = 0.00387403
   Pass :  1   Iteration :  20  ||B r|| = 0.00367432
   Pass :  1   Iteration :  21  ||B r|| = 0.00353195
   Pass :  1   Iteration :  22  ||B r|| = 0.00328542
   Pass :  1   Iteration :  23  ||B r|| = 0.00282058
   Pass :  1   Iteration :  24  ||B r|| = 0.00241227
   Pass :  1   Iteration :  25  ||B r|| = 0.00198833
   Pass :  1   Iteration :  26  ||B r|| = 0.00129988
   Pass :  1   Iteration :  27  ||B r|| = 0.000812795
   Pass :  1   Iteration :  28  ||B r|| = 0.00049569
   Pass :  1   Iteration :  29  ||B r|| = 0.00024296
   Pass :  1   Iteration :  30  ||B r|| = 0.000145764
   Pass :  1   Iteration :  31  ||B r|| = 7.01162e-05
   Pass :  1   Iteration :  32  ||B r|| = 4.02903e-05
   Pass :  1   Iteration :  33  ||B r|| = 2.22604e-05
   Pass :  1   Iteration :  34  ||B r|| = 1.357e-05
   Pass :  1   Iteration :  35  ||B r|| = 7.03981e-06
norm(r_0) 0
norm(r_1) 0
norm(r_2) 0
norm(r_3) 0.0029313215
norm(r_4) 0
Newton iteration  1 : ||r|| = 0.00293132, ||r||/||r_0|| = 0.00806213
Setting time step: 0.018432823 in DGTransportTDO
Setting time step: 0.018432823 in CombinedOp
Setting time step: 0.018432823 in IonStaticPressureOp
norm(r_0) 0
norm(r_1) 0
norm(r_2) 0
norm(r_3) 0.22031059
norm(r_4) 0
Newton iteration  0 : ||r|| = 0.220311
   Pass :  1   Iteration :   0  ||B r|| = 5.9623
   Pass :  1   Iteration :   1  ||B r|| = 0.0178946
   Pass :  1   Iteration :   2  ||B r|| = 0.00987198
   Pass :  1   Iteration :   3  ||B r|| = 0.00982722
   Pass :  1   Iteration :   4  ||B r|| = 0.00954965
   Pass :  1   Iteration :   5  ||B r|| = 0.00933799
   Pass :  1   Iteration :   6  ||B r|| = 0.00915762
   Pass :  1   Iteration :   7  ||B r|| = 0.00896169
   Pass :  1   Iteration :   8  ||B r|| = 0.00877433
   Pass :  1   Iteration :   9  ||B r|| = 0.00862433
   Pass :  1   Iteration :  10  ||B r|| = 0.00752684
   Pass :  1   Iteration :  11  ||B r|| = 0.00546882
   Pass :  1   Iteration :  12  ||B r|| = 0.00500199
   Pass :  1   Iteration :  13  ||B r|| = 0.00413792
   Pass :  1   Iteration :  14  ||B r|| = 0.00307698
   Pass :  1   Iteration :  15  ||B r|| = 0.00268284
   Pass :  1   Iteration :  16  ||B r|| = 0.00255241
   Pass :  1   Iteration :  17  ||B r|| = 0.00254768
   Pass :  1   Iteration :  18  ||B r|| = 0.0024527
   Pass :  1   Iteration :  19  ||B r|| = 0.00234824
   Pass :  1   Iteration :  20  ||B r|| = 0.00222573
   Pass :  1   Iteration :  21  ||B r|| = 0.00213999
   Pass :  1   Iteration :  22  ||B r|| = 0.00199182
   Pass :  1   Iteration :  23  ||B r|| = 0.00170833
   Pass :  1   Iteration :  24  ||B r|| = 0.00146128
   Pass :  1   Iteration :  25  ||B r|| = 0.00120392
   Pass :  1   Iteration :  26  ||B r|| = 0.000787614
   Pass :  1   Iteration :  27  ||B r|| = 0.000493825
   Pass :  1   Iteration :  28  ||B r|| = 0.00030134
   Pass :  1   Iteration :  29  ||B r|| = 0.00014835
   Pass :  1   Iteration :  30  ||B r|| = 8.89865e-05
   Pass :  1   Iteration :  31  ||B r|| = 4.25105e-05
   Pass :  1   Iteration :  32  ||B r|| = 2.43694e-05
   Pass :  1   Iteration :  33  ||B r|| = 1.35858e-05
   Pass :  1   Iteration :  34  ||B r|| = 8.26164e-06
   Pass :  1   Iteration :  35  ||B r|| = 4.24903e-06
norm(r_0) 0
norm(r_1) 0
norm(r_2) 0
norm(r_3) 0.0017741058
norm(r_4) 0
Newton iteration  1 : ||r|| = 0.00177411, ||r||/||r_0|| = 0.00805275
Setting time step: 0.018432823 in DGTransportTDO
Setting time step: 0.018432823 in CombinedOp
Setting time step: 0.018432823 in IonStaticPressureOp
norm(r_0) 0
norm(r_1) 0
norm(r_2) 0
norm(r_3) 0.27310771
norm(r_4) 0
Newton iteration  0 : ||r|| = 0.273108
   Pass :  1   Iteration :   0  ||B r|| = 7.39276
   Pass :  1   Iteration :   1  ||B r|| = 0.022187
   Pass :  1   Iteration :   2  ||B r|| = 0.012241
   Pass :  1   Iteration :   3  ||B r|| = 0.0121856
   Pass :  1   Iteration :   4  ||B r|| = 0.0118417
   Pass :  1   Iteration :   5  ||B r|| = 0.0115793
   Pass :  1   Iteration :   6  ||B r|| = 0.0113549
   Pass :  1   Iteration :   7  ||B r|| = 0.011112
   Pass :  1   Iteration :   8  ||B r|| = 0.0108796
   Pass :  1   Iteration :   9  ||B r|| = 0.0106932
   Pass :  1   Iteration :  10  ||B r|| = 0.00933189
   Pass :  1   Iteration :  11  ||B r|| = 0.00678198
   Pass :  1   Iteration :  12  ||B r|| = 0.00620267
   Pass :  1   Iteration :  13  ||B r|| = 0.0051313
   Pass :  1   Iteration :  14  ||B r|| = 0.00381488
   Pass :  1   Iteration :  15  ||B r|| = 0.00332533
   Pass :  1   Iteration :  16  ||B r|| = 0.00316432
   Pass :  1   Iteration :  17  ||B r|| = 0.0031585
   Pass :  1   Iteration :  18  ||B r|| = 0.0030405
   Pass :  1   Iteration :  19  ||B r|| = 0.00291069
   Pass :  1   Iteration :  20  ||B r|| = 0.0027595
   Pass :  1   Iteration :  21  ||B r|| = 0.00265298
   Pass :  1   Iteration :  22  ||B r|| = 0.00246876
   Pass :  1   Iteration :  23  ||B r|| = 0.00211815
   Pass :  1   Iteration :  24  ||B r|| = 0.00181172
   Pass :  1   Iteration :  25  ||B r|| = 0.00149289
   Pass :  1   Iteration :  26  ||B r|| = 0.000976427
   Pass :  1   Iteration :  27  ||B r|| = 0.000611597
   Pass :  1   Iteration :  28  ||B r|| = 0.00037313
   Pass :  1   Iteration :  29  ||B r|| = 0.000183395
   Pass :  1   Iteration :  30  ||B r|| = 0.000110021
   Pass :  1   Iteration :  31  ||B r|| = 5.26865e-05
   Pass :  1   Iteration :  32  ||B r|| = 3.02301e-05
   Pass :  1   Iteration :  33  ||B r|| = 1.6796e-05
   Pass :  1   Iteration :  34  ||B r|| = 1.02237e-05
   Pass :  1   Iteration :  35  ||B r|| = 5.27461e-06
norm(r_0) 0
norm(r_1) 0
norm(r_2) 0
norm(r_3) 0.0022001402
norm(r_4) 0
Newton iteration  1 : ||r|| = 0.00220014, ||r||/||r_0|| = 0.00805594
Setting time step: 0.018432823 in DGTransportTDO
Setting time step: 0.018432823 in CombinedOp
Setting time step: 0.018432823 in IonStaticPressureOp
norm(r_0) 0
norm(r_1) 0
norm(r_2) 0
norm(r_3) 0.28822656
norm(r_4) 0
Newton iteration  0 : ||r|| = 0.288227
   Pass :  1   Iteration :   0  ||B r|| = 7.8026
   Pass :  1   Iteration :   1  ||B r|| = 0.0234166
   Pass :  1   Iteration :   2  ||B r|| = 0.0129199
   Pass :  1   Iteration :   3  ||B r|| = 0.0128614
   Pass :  1   Iteration :   4  ||B r|| = 0.0124986
   Pass :  1   Iteration :   5  ||B r|| = 0.0122216
   Pass :  1   Iteration :   6  ||B r|| = 0.0119845
   Pass :  1   Iteration :   7  ||B r|| = 0.0117282
   Pass :  1   Iteration :   8  ||B r|| = 0.0114828
   Pass :  1   Iteration :   9  ||B r|| = 0.0112859
   Pass :  1   Iteration :  10  ||B r|| = 0.00984891
   Pass :  1   Iteration :  11  ||B r|| = 0.00715846
   Pass :  1   Iteration :  12  ||B r|| = 0.0065468
   Pass :  1   Iteration :  13  ||B r|| = 0.00541605
   Pass :  1   Iteration :  14  ||B r|| = 0.00402624
   Pass :  1   Iteration :  15  ||B r|| = 0.00350918
   Pass :  1   Iteration :  16  ||B r|| = 0.00333955
   Pass :  1   Iteration :  17  ||B r|| = 0.00333343
   Pass :  1   Iteration :  18  ||B r|| = 0.00320879
   Pass :  1   Iteration :  19  ||B r|| = 0.00307167
   Pass :  1   Iteration :  20  ||B r|| = 0.0029124
   Pass :  1   Iteration :  21  ||B r|| = 0.00279988
   Pass :  1   Iteration :  22  ||B r|| = 0.00260522
   Pass :  1   Iteration :  23  ||B r|| = 0.00223555
   Pass :  1   Iteration :  24  ||B r|| = 0.00191208
   Pass :  1   Iteration :  25  ||B r|| = 0.0015757
   Pass :  1   Iteration :  26  ||B r|| = 0.00103049
   Pass :  1   Iteration :  27  ||B r|| = 0.000645194
   Pass :  1   Iteration :  28  ||B r|| = 0.000393593
   Pass :  1   Iteration :  29  ||B r|| = 0.000193327
   Pass :  1   Iteration :  30  ||B r|| = 0.000115983
   Pass :  1   Iteration :  31  ||B r|| = 5.55984e-05
   Pass :  1   Iteration :  32  ||B r|| = 3.19123e-05
   Pass :  1   Iteration :  33  ||B r|| = 1.77067e-05
   Pass :  1   Iteration :  34  ||B r|| = 1.07821e-05
   Pass :  1   Iteration :  35  ||B r|| = 5.56998e-06
norm(r_0) 0
norm(r_1) 0
norm(r_2) 0
norm(r_3) 0.0023223931
norm(r_4) 0
Newton iteration  1 : ||r|| = 0.00232239, ||r||/||r_0|| = 0.00805753
Setting time step: 0.018432823 in DGTransportTDO
Setting time step: 0.018432823 in CombinedOp
Setting time step: 0.018432823 in IonStaticPressureOp
norm(r_0) 0
norm(r_1) 0
norm(r_2) 0
norm(r_3) 0.16971826
norm(r_4) 0
Newton iteration  0 : ||r|| = 0.169718
   Pass :  1   Iteration :   0  ||B r|| = 4.59578
   Pass :  1   Iteration :   1  ||B r|| = 0.0137907
   Pass :  1   Iteration :   2  ||B r|| = 0.00761233
   Pass :  1   Iteration :   3  ||B r|| = 0.00757789
   Pass :  1   Iteration :   4  ||B r|| = 0.00736553
   Pass :  1   Iteration :   5  ||B r|| = 0.0072028
   Pass :  1   Iteration :   6  ||B r|| = 0.00706056
   Pass :  1   Iteration :   7  ||B r|| = 0.0069099
   Pass :  1   Iteration :   8  ||B r|| = 0.00676476
   Pass :  1   Iteration :   9  ||B r|| = 0.00664731
   Pass :  1   Iteration :  10  ||B r|| = 0.00579876
   Pass :  1   Iteration :  11  ||B r|| = 0.00422046
   Pass :  1   Iteration :  12  ||B r|| = 0.00385782
   Pass :  1   Iteration :  13  ||B r|| = 0.00319229
   Pass :  1   Iteration :  14  ||B r|| = 0.00237076
   Pass :  1   Iteration :  15  ||B r|| = 0.00206316
   Pass :  1   Iteration :  16  ||B r|| = 0.00196548
   Pass :  1   Iteration :  17  ||B r|| = 0.00196202
   Pass :  1   Iteration :  18  ||B r|| = 0.0018882
   Pass :  1   Iteration :  19  ||B r|| = 0.00180663
   Pass :  1   Iteration :  20  ||B r|| = 0.00171492
   Pass :  1   Iteration :  21  ||B r|| = 0.0016478
   Pass :  1   Iteration :  22  ||B r|| = 0.00153123
   Pass :  1   Iteration :  23  ||B r|| = 0.00131626
   Pass :  1   Iteration :  24  ||B r|| = 0.00112541
   Pass :  1   Iteration :  25  ||B r|| = 0.000928169
   Pass :  1   Iteration :  26  ||B r|| = 0.000606147
   Pass :  1   Iteration :  27  ||B r|| = 0.000377522
   Pass :  1   Iteration :  28  ||B r|| = 0.000230023
   Pass :  1   Iteration :  29  ||B r|| = 0.00011208
   Pass :  1   Iteration :  30  ||B r|| = 6.72244e-05
   Pass :  1   Iteration :  31  ||B r|| = 3.27126e-05
   Pass :  1   Iteration :  32  ||B r|| = 1.88512e-05
   Pass :  1   Iteration :  33  ||B r|| = 1.03058e-05
   Pass :  1   Iteration :  34  ||B r|| = 6.29757e-06
   Pass :  1   Iteration :  35  ||B r|| = 3.31095e-06
norm(r_0) 0
norm(r_1) 0
norm(r_2) 0
norm(r_3) 0.0013729388
norm(r_4) 0
Newton iteration  1 : ||r|| = 0.00137294, ||r||/||r_0|| = 0.00808952
Time stepping paused at t = 0.13902976

Estimating errors.
No refinements necessary.
No derefinements needed.

AMR iteration 1
Number of unknowns: 144
Setting time step: 0.020559206 in DGTransportTDO
Setting time step: 0.020559206 in CombinedOp
Setting time step: 0.020559206 in IonStaticPressureOp
norm(r_0) 0
norm(r_1) 0
norm(r_2) 0
norm(r_3) 0.13627231
norm(r_4) 0
Newton iteration  0 : ||r|| = 0.136272
--------------------------------------------------------------------------
MPI_ABORT was invoked on rank 15 in communicator MPI_COMM_WORLD
with errorcode 1.

NOTE: invoking MPI_ABORT causes Open MPI to kill all MPI processes.
You may or may not see output from other processes, depending on
exactly when Open MPI kills them.
--------------------------------------------------------------------------
