Options used:
   --mesh ../../mfem/data/inline-quad.mesh
   --bc-file ../../mfem/miniapps/plasma/transport2d_bcs.inp
   --ic-file ../../mfem/miniapps/plasma/transport2d_ics.inp
   --ec-file /home/gz6/mfem-analysis/input-files/transport2d_ecs.inp
   --es-file ../../mfem/miniapps/plasma/transport2d_ess.inp
   --eqdsk-file 
   --logging 1
   --operator-test 8
   --equation-weights '1 1 1 1 1'
   --problem 0
   --refine-serial 4
   --refine-parallel 0
   --enable-amr
   --max-err -1
   --hysteresis 0.25
   --nc-limit 3
   --amr-weights '1 1 1 1 1'
   --order 2
   --dg-sigma -1
   --dg-kappa 9
   --linear-abs-tolerance 1e-12
   --linear-rel-tolerance 1e-12
   --linear-max-iterations 300
   --linear-logging-level 3
   --newton-abs-tolerance 1e-12
   --newton-rel-tolerance 1e-12
   --newton-max-iterations 10
   --newton-logging-level 1
   --steady-state-abs-tolerance 1e-08
   --steady-state-rel-tolerance 1e-08
   --prec-type 1
   --prec-logging-level 0
   --initial-tolerance 1e-05
   --ode-tolerance 0.001
   --ode-solver 2
   --err-per-step
   --ode-weights '1 1 1 1 1'
   --kP 0
   --kI 0.6
   --kD 0
   --dead-zone-min 0
   --dead-zone-max 1e+20
   --theta-max 2
   --t-minimum 0
   --t-final 100
   --time-step 9.999999999999999e-12
   --cfl-number 0.3
   --ion-charge 1
   --ion-mass 2.01410178
   --neutral-mass 2.01410178
   --neutral-temp 3
   --min-neutral-density 900000000000000
   --max-neutral-density 1000000000000000
   --neutral-density-exp 0
   --min-ion-density 1e+16
   --max-ion-density 1e+18
   --ion-density-exp 0
   --min-ion-temp 1
   --max-ion-temp 10
   --ion-temp-exp 0
   --min-electron-temp 10
   --max-electron-temp 440
   --electron-temp-exp 0
   --total-B-magnitude 5
   --poloidal-B-magnitude 0.5
   --velocity 1000
   --Di-perp 1
   --Xi-perp 1
   --Xe-perp 1
   --equation-term-flags '-1 -1 -1 -1 -1'
   --visualization-flags '-1 -1 -1 -1 -1'
   --visualization
   --visit-datafiles
   --ascii-datafiles
   --no-check-gradient
   --visualization-steps 4
Device configuration: cpu
Memory configuration: host-std
Number of elements in initial mesh: 16
Number of elements after serial refinement: 4096
1: Number of elements in parallel mesh: 2048
1: Number of elements after parallel refinement: 2048
0: Number of elements in parallel mesh: 2048
0: Number of elements after parallel refinement: 2048
Configuring initial conditions
Reading initial conditions from ../../mfem/miniapps/plasma/transport2d_ics.inp
Configuring exact solutions
Reading exact solutions from ../../mfem/miniapps/plasma/transport2d_ess.inp

AMR iteration 0
Number of unknowns: 36864
Stopping criterion satisfied. Stop.
Number of unknowns per field: 36864
Total number of unknowns:     184320
Configuring boundary conditions
Reading boundary conditions from ../../mfem/miniapps/plasma/transport2d_bcs.inp
Configuring equation coefficients
Reading equation coefficients from /home/gz6/mfem-analysis/input-files/transport2d_ecs.inp
Ion Static Pressure: Adding time derivative term proportional to d n_i / dt
Ion Static Pressure: Adding time derivative term proportional to d T_i / dt
Ion Static Pressure: Adding anisotropic diffusion term
Ion Static Pressure: Adding source term
Opening GLVis sockets.
Range of error estimates for initial condition: 6.803213242658068e-12 < elem err < 1.513735650461772e-07

Begin time stepping at t = 0
Setting time step: 2.5e-12 in DGTransportTDO
Setting time step: 2.5e-12 in CombinedOp
Setting time step: 2.5e-12 in IonStaticPressureOp
norm(r_0) 0
norm(r_1) 0
norm(r_2) 0
norm(r_3) 830.6727372776995
norm(r_4) 0
Newton iteration  0 : ||r|| = 830.673
   Pass :  1   Iteration :   0  ||B r|| = 2.6344e-10 ...
   Pass :  1   Iteration :   1  ||B r|| = 9.46049e-25
norm(r_0) 0
norm(r_1) 0
norm(r_2) 0
norm(r_3) 2.938769563318814e-12
norm(r_4) 0
Newton iteration  1 : ||r|| = 2.93877e-12, ||r||/||r_0|| = 3.53782e-15
Setting time step: 2.5e-12 in DGTransportTDO
Setting time step: 2.5e-12 in CombinedOp
Setting time step: 2.5e-12 in IonStaticPressureOp
norm(r_0) 0
norm(r_1) 0
norm(r_2) 0
norm(r_3) 830.6727372776995
norm(r_4) 0
Newton iteration  0 : ||r|| = 830.673
   Pass :  1   Iteration :   0  ||B r|| = 2.6344e-10 ...
   Pass :  1   Iteration :   1  ||B r|| = 9.46049e-25
norm(r_0) 0
norm(r_1) 0
norm(r_2) 0
norm(r_3) 2.938769563318814e-12
norm(r_4) 0
Newton iteration  1 : ||r|| = 2.93877e-12, ||r||/||r_0|| = 3.53782e-15
Setting time step: 2.5e-12 in DGTransportTDO
Setting time step: 2.5e-12 in CombinedOp
Setting time step: 2.5e-12 in IonStaticPressureOp
norm(r_0) 0
norm(r_1) 0
norm(r_2) 0
norm(r_3) 830.6727372776995
norm(r_4) 0
Newton iteration  0 : ||r|| = 830.673
   Pass :  1   Iteration :   0  ||B r|| = 2.6344e-10 ...
   Pass :  1   Iteration :   1  ||B r|| = 9.46049e-25
norm(r_0) 0
norm(r_1) 0
norm(r_2) 0
norm(r_3) 2.938769563318814e-12
norm(r_4) 0
Newton iteration  1 : ||r|| = 2.93877e-12, ||r||/||r_0|| = 3.53782e-15
Setting time step: 2.5e-12 in DGTransportTDO
Setting time step: 2.5e-12 in CombinedOp
Setting time step: 2.5e-12 in IonStaticPressureOp
norm(r_0) 0
norm(r_1) 0
norm(r_2) 0
norm(r_3) 830.6727372776995
norm(r_4) 0
Newton iteration  0 : ||r|| = 830.673
   Pass :  1   Iteration :   0  ||B r|| = 2.6344e-10 ...
   Pass :  1   Iteration :   1  ||B r|| = 9.46049e-25
norm(r_0) 0
norm(r_1) 0
norm(r_2) 0
norm(r_3) 2.938769563318814e-12
norm(r_4) 0
Newton iteration  1 : ||r|| = 2.93877e-12, ||r||/||r_0|| = 3.53782e-15
Setting time step: 2.5e-12 in DGTransportTDO
Setting time step: 2.5e-12 in CombinedOp
Setting time step: 2.5e-12 in IonStaticPressureOp
norm(r_0) 0
norm(r_1) 0
norm(r_2) 0
norm(r_3) 830.6727372776995
norm(r_4) 0
Newton iteration  0 : ||r|| = 830.673
   Pass :  1   Iteration :   0  ||B r|| = 2.6344e-10 ...
   Pass :  1   Iteration :   1  ||B r|| = 9.46049e-25
norm(r_0) 0
norm(r_1) 0
norm(r_2) 0
norm(r_3) 2.938769563318814e-12
norm(r_4) 0
Newton iteration  1 : ||r|| = 2.93877e-12, ||r||/||r_0|| = 3.53782e-15
Setting time step: 5e-12 in DGTransportTDO
Setting time step: 5e-12 in CombinedOp
Setting time step: 5e-12 in IonStaticPressureOp
norm(r_0) 0
norm(r_1) 0
norm(r_2) 0
norm(r_3) 830.6727372776995
norm(r_4) 0
Newton iteration  0 : ||r|| = 830.673
   Pass :  1   Iteration :   0  ||B r|| = 2.6344e-10 ...
   Pass :  1   Iteration :   1  ||B r|| = 9.46049e-25
norm(r_0) 0
norm(r_1) 0
norm(r_2) 0
norm(r_3) 2.938769563318815e-12
norm(r_4) 0
Newton iteration  1 : ||r|| = 2.93877e-12, ||r||/||r_0|| = 3.53782e-15
Setting time step: 5e-12 in DGTransportTDO
Setting time step: 5e-12 in CombinedOp
Setting time step: 5e-12 in IonStaticPressureOp
norm(r_0) 0
norm(r_1) 0
norm(r_2) 0
norm(r_3) 830.6727372776995
norm(r_4) 0
Newton iteration  0 : ||r|| = 830.673
   Pass :  1   Iteration :   0  ||B r|| = 2.6344e-10 ...
   Pass :  1   Iteration :   1  ||B r|| = 9.46049e-25
norm(r_0) 0
norm(r_1) 0
norm(r_2) 0
norm(r_3) 2.938769563318815e-12
norm(r_4) 0
Newton iteration  1 : ||r|| = 2.93877e-12, ||r||/||r_0|| = 3.53782e-15
Setting time step: 5e-12 in DGTransportTDO
Setting time step: 5e-12 in CombinedOp
Setting time step: 5e-12 in IonStaticPressureOp
norm(r_0) 0
norm(r_1) 0
norm(r_2) 0
norm(r_3) 830.6727372776995
norm(r_4) 0
Newton iteration  0 : ||r|| = 830.673
   Pass :  1   Iteration :   0  ||B r|| = 2.6344e-10 ...
   Pass :  1   Iteration :   1  ||B r|| = 9.46049e-25
norm(r_0) 0
norm(r_1) 0
norm(r_2) 0
norm(r_3) 2.938769563318815e-12
norm(r_4) 0
Newton iteration  1 : ||r|| = 2.93877e-12, ||r||/||r_0|| = 3.53782e-15
Setting time step: 5e-12 in DGTransportTDO
Setting time step: 5e-12 in CombinedOp
Setting time step: 5e-12 in IonStaticPressureOp
norm(r_0) 0
norm(r_1) 0
norm(r_2) 0
norm(r_3) 830.6727372776995
norm(r_4) 0
Newton iteration  0 : ||r|| = 830.673
   Pass :  1   Iteration :   0  ||B r|| = 2.6344e-10 ...
   Pass :  1   Iteration :   1  ||B r|| = 9.46049e-25
norm(r_0) 0
norm(r_1) 0
norm(r_2) 0
norm(r_3) 2.938769563318815e-12
norm(r_4) 0
Newton iteration  1 : ||r|| = 2.93877e-12, ||r||/||r_0|| = 3.53782e-15
Setting time step: 5e-12 in DGTransportTDO
Setting time step: 5e-12 in CombinedOp
Setting time step: 5e-12 in IonStaticPressureOp
norm(r_0) 0
norm(r_1) 0
norm(r_2) 0
norm(r_3) 830.6727372776995
norm(r_4) 0
Newton iteration  0 : ||r|| = 830.673
   Pass :  1   Iteration :   0  ||B r|| = 2.6344e-10 ...
   Pass :  1   Iteration :   1  ||B r|| = 9.46049e-25
norm(r_0) 0
norm(r_1) 0
norm(r_2) 0
norm(r_3) 2.938769563318815e-12
norm(r_4) 0
Newton iteration  1 : ||r|| = 2.93877e-12, ||r||/||r_0|| = 3.53782e-15
Setting time step: 9.999999999999999e-12 in DGTransportTDO
Setting time step: 9.999999999999999e-12 in CombinedOp
Setting time step: 9.999999999999999e-12 in IonStaticPressureOp
norm(r_0) 0
norm(r_1) 0
norm(r_2) 0
norm(r_3) 830.6727372776995
norm(r_4) 0
Newton iteration  0 : ||r|| = 830.673
   Pass :  1   Iteration :   0  ||B r|| = 2.6344e-10 ...
   Pass :  1   Iteration :   1  ||B r|| = 9.46049e-25
norm(r_0) 0
norm(r_1) 0
norm(r_2) 0
norm(r_3) 2.938769563318816e-12
norm(r_4) 0
Newton iteration  1 : ||r|| = 2.93877e-12, ||r||/||r_0|| = 3.53782e-15
Setting time step: 9.999999999999999e-12 in DGTransportTDO
Setting time step: 9.999999999999999e-12 in CombinedOp
Setting time step: 9.999999999999999e-12 in IonStaticPressureOp
norm(r_0) 0
norm(r_1) 0
norm(r_2) 0
norm(r_3) 830.6727372776995
norm(r_4) 0
Newton iteration  0 : ||r|| = 830.673
   Pass :  1   Iteration :   0  ||B r|| = 2.6344e-10 ...
   Pass :  1   Iteration :   1  ||B r|| = 9.46049e-25
norm(r_0) 0
norm(r_1) 0
norm(r_2) 0
norm(r_3) 2.938769563318816e-12
norm(r_4) 0
Newton iteration  1 : ||r|| = 2.93877e-12, ||r||/||r_0|| = 3.53782e-15
Setting time step: 9.999999999999999e-12 in DGTransportTDO
Setting time step: 9.999999999999999e-12 in CombinedOp
Setting time step: 9.999999999999999e-12 in IonStaticPressureOp
norm(r_0) 0
norm(r_1) 0
norm(r_2) 0
norm(r_3) 830.6727372776995
norm(r_4) 0
Newton iteration  0 : ||r|| = 830.673
   Pass :  1   Iteration :   0  ||B r|| = 2.6344e-10 ...
   Pass :  1   Iteration :   1  ||B r|| = 9.46049e-25
norm(r_0) 0
norm(r_1) 0
norm(r_2) 0
norm(r_3) 2.938769563318816e-12
norm(r_4) 0
Newton iteration  1 : ||r|| = 2.93877e-12, ||r||/||r_0|| = 3.53782e-15
Setting time step: 9.999999999999999e-12 in DGTransportTDO
Setting time step: 9.999999999999999e-12 in CombinedOp
Setting time step: 9.999999999999999e-12 in IonStaticPressureOp
norm(r_0) 0
norm(r_1) 0
norm(r_2) 0
norm(r_3) 830.6727372776995
norm(r_4) 0
Newton iteration  0 : ||r|| = 830.673
   Pass :  1   Iteration :   0  ||B r|| = 2.6344e-10 ...
   Pass :  1   Iteration :   1  ||B r|| = 9.46049e-25
norm(r_0) 0
norm(r_1) 0
norm(r_2) 0
norm(r_3) 2.938769563318816e-12
norm(r_4) 0
Newton iteration  1 : ||r|| = 2.93877e-12, ||r||/||r_0|| = 3.53782e-15
Setting time step: 9.999999999999999e-12 in DGTransportTDO
Setting time step: 9.999999999999999e-12 in CombinedOp
Setting time step: 9.999999999999999e-12 in IonStaticPressureOp
norm(r_0) 0
norm(r_1) 0
norm(r_2) 0
norm(r_3) 830.6727372776995
norm(r_4) 0
Newton iteration  0 : ||r|| = 830.673
   Pass :  1   Iteration :   0  ||B r|| = 2.6344e-10 ...
   Pass :  1   Iteration :   1  ||B r|| = 9.46049e-25
norm(r_0) 0
norm(r_1) 0
norm(r_2) 0
norm(r_3) 2.938769563318816e-12
norm(r_4) 0
Newton iteration  1 : ||r|| = 2.93877e-12, ||r||/||r_0|| = 3.53782e-15
Setting time step: 2e-11 in DGTransportTDO
Setting time step: 2e-11 in CombinedOp
Setting time step: 2e-11 in IonStaticPressureOp
norm(r_0) 0
norm(r_1) 0
norm(r_2) 0
norm(r_3) 830.6727372776995
norm(r_4) 0
Newton iteration  0 : ||r|| = 830.673
   Pass :  1   Iteration :   0  ||B r|| = 2.6344e-10 ...
   Pass :  1   Iteration :   1  ||B r|| = 9.46049e-25
norm(r_0) 0
norm(r_1) 0
norm(r_2) 0
norm(r_3) 2.938769563318821e-12
norm(r_4) 0
Newton iteration  1 : ||r|| = 2.93877e-12, ||r||/||r_0|| = 3.53782e-15
Setting time step: 2e-11 in DGTransportTDO
Setting time step: 2e-11 in CombinedOp
Setting time step: 2e-11 in IonStaticPressureOp
norm(r_0) 0
norm(r_1) 0
norm(r_2) 0
norm(r_3) 830.6727372776995
norm(r_4) 0
Newton iteration  0 : ||r|| = 830.673
   Pass :  1   Iteration :   0  ||B r|| = 2.6344e-10 ...
   Pass :  1   Iteration :   1  ||B r|| = 9.46049e-25
norm(r_0) 0
norm(r_1) 0
norm(r_2) 0
norm(r_3) 2.938769563318821e-12
norm(r_4) 0
Newton iteration  1 : ||r|| = 2.93877e-12, ||r||/||r_0|| = 3.53782e-15
Setting time step: 2e-11 in DGTransportTDO
Setting time step: 2e-11 in CombinedOp
Setting time step: 2e-11 in IonStaticPressureOp
norm(r_0) 0
norm(r_1) 0
norm(r_2) 0
norm(r_3) 830.6727372776995
norm(r_4) 0
Newton iteration  0 : ||r|| = 830.673
   Pass :  1   Iteration :   0  ||B r|| = 2.6344e-10 ...
   Pass :  1   Iteration :   1  ||B r|| = 9.46049e-25
norm(r_0) 0
norm(r_1) 0
norm(r_2) 0
norm(r_3) 2.938769563318821e-12
norm(r_4) 0
Newton iteration  1 : ||r|| = 2.93877e-12, ||r||/||r_0|| = 3.53782e-15
Setting time step: 2e-11 in DGTransportTDO
Setting time step: 2e-11 in CombinedOp
Setting time step: 2e-11 in IonStaticPressureOp
norm(r_0) 0
norm(r_1) 0
norm(r_2) 0
norm(r_3) 830.6727372776995
norm(r_4) 0
Newton iteration  0 : ||r|| = 830.673
   Pass :  1   Iteration :   0  ||B r|| = 2.6344e-10 ...
   Pass :  1   Iteration :   1  ||B r|| = 9.46049e-25
norm(r_0) 0
norm(r_1) 0
norm(r_2) 0
norm(r_3) 2.938769563318821e-12
norm(r_4) 0
Newton iteration  1 : ||r|| = 2.93877e-12, ||r||/||r_0|| = 3.53782e-15
Setting time step: 2e-11 in DGTransportTDO
Setting time step: 2e-11 in CombinedOp
Setting time step: 2e-11 in IonStaticPressureOp
norm(r_0) 0
norm(r_1) 0
norm(r_2) 0
norm(r_3) 830.6727372776995
norm(r_4) 0
Newton iteration  0 : ||r|| = 830.673
   Pass :  1   Iteration :   0  ||B r|| = 2.6344e-10 ...
   Pass :  1   Iteration :   1  ||B r|| = 9.46049e-25
norm(r_0) 0
norm(r_1) 0
norm(r_2) 0
norm(r_3) 2.938769563318821e-12
norm(r_4) 0
Newton iteration  1 : ||r|| = 2.93877e-12, ||r||/||r_0|| = 3.53782e-15
Time stepping paused at t = 1.5e-10
Steady State solution has been reached

Time stepping done after 12.587361389s.
