5: Number of elements in parallel mesh: 64
5: Number of elements after parallel refinement: 64
Options used:
   --mesh ../../mfem/data/inline-quad.mesh
   --bc-file ../../mfem/miniapps/plasma/transport2d_bcs.inp
   --ic-file ../../mfem/miniapps/plasma/transport2d_ics.inp
   --ec-file /home/gz6/mfem-analysis/input-files/transport2d_ecs.inp
   --es-file ../../mfem/miniapps/plasma/transport2d_ess.inp
   --eqdsk-file 
   --logging 1
   --operator-test 8
   --equation-weights '1 1 1 1 1'
   --problem 0
   --refine-serial 3
   --refine-parallel 0
   --enable-amr
   --max-err -1
   --hysteresis 0.25
   --nc-limit 3
   --amr-weights '1 1 1 1 1'
   --order 5
   --dg-sigma -1
   --dg-kappa 36
   --linear-abs-tolerance 1e-06
   --linear-rel-tolerance 1e-06
   --linear-max-iterations 500
   --linear-logging-level 3
   --newton-abs-tolerance 1e-10
   --newton-rel-tolerance 1e-10
   --newton-max-iterations 1
   --newton-logging-level 1
   --steady-state-abs-tolerance 1e-08
   --steady-state-rel-tolerance 1e-08
   --prec-type 1
   --prec-logging-level 0
   --initial-tolerance 1e-05
   --ode-tolerance 0.001
   --ode-solver 2
   --err-per-step
   --ode-weights '1 1 1 1 1'
   --kP 0
   --kI 0.6
   --kD 0
   --theta-max 2
   --t-minimum 0
   --t-final 100
   --time-step 0.01
   --cfl-number 0.3
   --ion-charge 1
   --ion-mass 2.0141018
   --neutral-mass 2.0141018
   --neutral-temp 3
   --min-neutral-density 9e+14
   --max-neutral-density 1e+15
   --neutral-density-exp 0
   --min-ion-density 1e+16
   --max-ion-density 1e+18
   --ion-density-exp 0
   --min-ion-temp 1
   --max-ion-temp 10
   --ion-temp-exp 0
   --min-electron-temp 10
   --max-electron-temp 440
   --electron-temp-exp 0
   --total-B-magnitude 5
   --poloidal-B-magnitude 0.5
   --velocity 1000
   --Di-perp 1
   --Xi-perp 1
   --Xe-perp 1
   --equation-term-flags '-1 -1 -1 -1 -1'
   --visualization-flags '-1 -1 -1 -1 -1'
   --visualization
   --visit-datafiles
   --ascii-datafiles
   --visualization-steps 4
Device configuration: cpu
Memory configuration: host-std
Number of elements in initial mesh: 16
15: Number of elements in parallel mesh: 64
15: Number of elements after parallel refinement: 64
14: Number of elements in parallel mesh: 64
14: Number of elements after parallel refinement: 64
13: Number of elements in parallel mesh: 64
13: Number of elements after parallel refinement: 64
11: Number of elements in parallel mesh: 64
11: Number of elements after parallel refinement: 64
4: Number of elements in parallel mesh: 64
4: Number of elements after parallel refinement: 64
10: Number of elements in parallel mesh: 64
10: Number of elements after parallel refinement: 64
6: Number of elements in parallel mesh: 64
6: Number of elements after parallel refinement: 64
Number of elements after serial refinement: 1024
1: Number of elements in parallel mesh: 64
1: Number of elements after parallel refinement: 64
0: Number of elements in parallel mesh: 64
0: Number of elements after parallel refinement: 64
9: Number of elements in parallel mesh: 64
9: Number of elements after parallel refinement: 64
12: Number of elements in parallel mesh: 64
12: Number of elements after parallel refinement: 64
8: Number of elements in parallel mesh: 64
8: Number of elements after parallel refinement: 64
3: Number of elements in parallel mesh: 64
3: Number of elements after parallel refinement: 64
7: Number of elements in parallel mesh: 64
7: Number of elements after parallel refinement: 64
2: Number of elements in parallel mesh: 64
2: Number of elements after parallel refinement: 64
Configuring initial conditions
Reading initial conditions from ../../mfem/miniapps/plasma/transport2d_ics.inp
Configuring exact solutions
Reading exact solutions from ../../mfem/miniapps/plasma/transport2d_ess.inp

AMR iteration 0
Number of unknowns: 36864
Stopping criterion satisfied. Stop.
Number of unknowns per field: 36864
Total number of unknowns:     184320
Configuring boundary conditions
Reading boundary conditions from ../../mfem/miniapps/plasma/transport2d_bcs.inp
Configuring equation coefficients
Reading equation coefficients from /home/gz6/mfem-analysis/input-files/transport2d_ecs.inp
|mn| = 3.3444946e-27
|ni| = 1
|ne| = 1

|Dn|     = -nan
|Di|     = -nan
|Eta|    = -nan
|nXi|    = -nan
|nXe|    = -nan

|Eta/mn| = -nan
|nXi/ni| = -nan
|nXe/ne| = -nan
Ion Static Pressure: Adding time derivative term proportional to d n_i / dt
Ion Static Pressure: Adding time derivative term proportional to d T_i / dt
Ion Static Pressure: Adding anisotropic diffusion term
Ion Static Pressure: Adding source term
Opening GLVis sockets.
Range of error estimates for initial condition: -nan < elem err < -nan

Begin time stepping at t = 0
Setting time step: 0.0025 in DGTransportTDO
Setting time step: 0.0025 in CombinedOp
Setting time step: 0.0025 in IonStaticPressureOp
norm(r_0) 0
norm(r_1) 0
norm(r_2) 0
norm(r_3) 0.05836089
norm(r_4) 0
Newton iteration  0 : ||r|| = 0.0583609
   Pass :  1   Iteration :   0  ||B r|| = 747.437 ...
   Pass :  1   Iteration :  48  ||B r|| = 0.000721002
norm(r_0) 0
norm(r_1) 0
norm(r_2) 0
norm(r_3) 0.00014459722
norm(r_4) 0
Newton iteration  1 : ||r|| = 0.000144597, ||r||/||r_0|| = 0.00247764
Setting time step: 0.0025 in DGTransportTDO
Setting time step: 0.0025 in CombinedOp
Setting time step: 0.0025 in IonStaticPressureOp
norm(r_0) 0
norm(r_1) 0
norm(r_2) 0
norm(r_3) 0.054643593
norm(r_4) 0
Newton iteration  0 : ||r|| = 0.0546436
   Pass :  1   Iteration :   0  ||B r|| = 699.825 ...
   Pass :  1   Iteration :  48  ||B r|| = 0.000688234
norm(r_0) 0
norm(r_1) 0
norm(r_2) 0
norm(r_3) 0.00013872384
norm(r_4) 0
Newton iteration  1 : ||r|| = 0.000138724, ||r||/||r_0|| = 0.0025387
Setting time step: 0.0025 in DGTransportTDO
Setting time step: 0.0025 in CombinedOp
Setting time step: 0.0025 in IonStaticPressureOp
norm(r_0) 0
norm(r_1) 0
norm(r_2) 0
norm(r_3) 0.05611148
norm(r_4) 0
Newton iteration  0 : ||r|| = 0.0561115
   Pass :  1   Iteration :   0  ||B r|| = 718.627 ...
   Pass :  1   Iteration :  48  ||B r|| = 0.00070315
norm(r_0) 0
norm(r_1) 0
norm(r_2) 0
norm(r_3) 0.00014154551
norm(r_4) 0
Newton iteration  1 : ||r|| = 0.000141546, ||r||/||r_0|| = 0.00252258
Setting time step: 0.0025 in DGTransportTDO
Setting time step: 0.0025 in CombinedOp
Setting time step: 0.0025 in IonStaticPressureOp
norm(r_0) 0
norm(r_1) 0
norm(r_2) 0
norm(r_3) 0.056486147
norm(r_4) 0
Newton iteration  0 : ||r|| = 0.0564861
   Pass :  1   Iteration :   0  ||B r|| = 723.427 ...
   Pass :  1   Iteration :  48  ||B r|| = 0.000705958
norm(r_0) 0
norm(r_1) 0
norm(r_2) 0
norm(r_3) 0.00014201372
norm(r_4) 0
Newton iteration  1 : ||r|| = 0.000142014, ||r||/||r_0|| = 0.00251413
Setting time step: 0.0025 in DGTransportTDO
Setting time step: 0.0025 in CombinedOp
Setting time step: 0.0025 in IonStaticPressureOp
norm(r_0) 0
norm(r_1) 0
norm(r_2) 0
norm(r_3) 0.052848636
norm(r_4) 0
Newton iteration  0 : ||r|| = 0.0528486
   Pass :  1   Iteration :   0  ||B r|| = 676.833 ...
   Pass :  1   Iteration :  48  ||B r|| = 0.000647353
norm(r_0) 0
norm(r_1) 0
norm(r_2) 0
norm(r_3) 0.00012958038
norm(r_4) 0
Newton iteration  1 : ||r|| = 0.00012958, ||r||/||r_0|| = 0.00245192
Setting time step: 0.005 in DGTransportTDO
Setting time step: 0.005 in CombinedOp
Setting time step: 0.005 in IonStaticPressureOp
norm(r_0) 0
norm(r_1) 0
norm(r_2) 0
norm(r_3) 0.05116477
norm(r_4) 0
Newton iteration  0 : ||r|| = 0.0511648
   Pass :  1   Iteration :   0  ||B r|| = 530.655 ...
   Pass :  2   Iteration :  53  ||B r|| = 0.000506433
norm(r_0) 0
norm(r_1) 0
norm(r_2) 0
norm(r_3) 0.00019117681
norm(r_4) 0
Newton iteration  1 : ||r|| = 0.000191177, ||r||/||r_0|| = 0.00373649
Setting time step: 0.005 in DGTransportTDO
Setting time step: 0.005 in CombinedOp
Setting time step: 0.005 in IonStaticPressureOp
norm(r_0) 0
norm(r_1) 0
norm(r_2) 0
norm(r_3) 0.044848726
norm(r_4) 0
Newton iteration  0 : ||r|| = 0.0448487
   Pass :  1   Iteration :   0  ||B r|| = 465.135 ...
   Pass :  2   Iteration :  53  ||B r|| = 0.000446079
norm(r_0) 0
norm(r_1) 0
norm(r_2) 0
norm(r_3) 0.00016882308
norm(r_4) 0
Newton iteration  1 : ||r|| = 0.000168823, ||r||/||r_0|| = 0.00376428
Setting time step: 0.005 in DGTransportTDO
Setting time step: 0.005 in CombinedOp
Setting time step: 0.005 in IonStaticPressureOp
norm(r_0) 0
norm(r_1) 0
norm(r_2) 0
norm(r_3) 0.047312826
norm(r_4) 0
Newton iteration  0 : ||r|| = 0.0473128
   Pass :  1   Iteration :   0  ||B r|| = 490.696 ...
   Pass :  2   Iteration :  53  ||B r|| = 0.000469959
norm(r_0) 0
norm(r_1) 0
norm(r_2) 0
norm(r_3) 0.00017773485
norm(r_4) 0
Newton iteration  1 : ||r|| = 0.000177735, ||r||/||r_0|| = 0.00375659
Setting time step: 0.005 in DGTransportTDO
Setting time step: 0.005 in CombinedOp
Setting time step: 0.005 in IonStaticPressureOp
norm(r_0) 0
norm(r_1) 0
norm(r_2) 0
norm(r_3) 0.047954398
norm(r_4) 0
Newton iteration  0 : ||r|| = 0.0479544
   Pass :  1   Iteration :   0  ||B r|| = 497.352 ...
   Pass :  2   Iteration :  53  ||B r|| = 0.000476004
norm(r_0) 0
norm(r_1) 0
norm(r_2) 0
norm(r_3) 0.00017995666
norm(r_4) 0
Newton iteration  1 : ||r|| = 0.000179957, ||r||/||r_0|| = 0.00375266
Setting time step: 0.005 in DGTransportTDO
Setting time step: 0.005 in CombinedOp
Setting time step: 0.005 in IonStaticPressureOp
norm(r_0) 0
norm(r_1) 0
norm(r_2) 0
norm(r_3) 0.0419125
norm(r_4) 0
Newton iteration  0 : ||r|| = 0.0419125
   Pass :  1   Iteration :   0  ||B r|| = 434.697 ...
   Pass :  2   Iteration :  53  ||B r|| = 0.00041355
norm(r_0) 0
norm(r_1) 0
norm(r_2) 0
norm(r_3) 0.00015590391
norm(r_4) 0
Newton iteration  1 : ||r|| = 0.000155904, ||r||/||r_0|| = 0.00371975
Setting time step: 0.01 in DGTransportTDO
Setting time step: 0.01 in CombinedOp
Setting time step: 0.01 in IonStaticPressureOp
norm(r_0) 0
norm(r_1) 0
norm(r_2) 0
norm(r_3) 0.039325459
norm(r_4) 0
Newton iteration  0 : ||r|| = 0.0393255
   Pass :  1   Iteration :   0  ||B r|| = 294.95 ...
   Pass :  2   Iteration :  57  ||B r|| = 0.00029042
norm(r_0) 0
norm(r_1) 0
norm(r_2) 0
norm(r_3) 0.00021374266
norm(r_4) 0
Newton iteration  1 : ||r|| = 0.000213743, ||r||/||r_0|| = 0.00543522
Setting time step: 0.01 in DGTransportTDO
Setting time step: 0.01 in CombinedOp
Setting time step: 0.01 in IonStaticPressureOp
norm(r_0) 0
norm(r_1) 0
norm(r_2) 0
norm(r_3) 0.030180818
norm(r_4) 0
Newton iteration  0 : ||r|| = 0.0301808
   Pass :  1   Iteration :   0  ||B r|| = 226.35 ...
   Pass :  2   Iteration :  57  ||B r|| = 0.00022371
norm(r_0) 0
norm(r_1) 0
norm(r_2) 0
norm(r_3) 0.00016496963
norm(r_4) 0
Newton iteration  1 : ||r|| = 0.00016497, ||r||/||r_0|| = 0.00546604
Setting time step: 0.01 in DGTransportTDO
Setting time step: 0.01 in CombinedOp
Setting time step: 0.01 in IonStaticPressureOp
norm(r_0) 0
norm(r_1) 0
norm(r_2) 0
norm(r_3) 0.033668495
norm(r_4) 0
Newton iteration  0 : ||r|| = 0.0336685
   Pass :  1   Iteration :   0  ||B r|| = 252.514 ...
   Pass :  2   Iteration :  57  ||B r|| = 0.000249283
norm(r_0) 0
norm(r_1) 0
norm(r_2) 0
norm(r_3) 0.0001837169
norm(r_4) 0
Newton iteration  1 : ||r|| = 0.000183717, ||r||/||r_0|| = 0.00545664
Setting time step: 0.01 in DGTransportTDO
Setting time step: 0.01 in CombinedOp
Setting time step: 0.01 in IonStaticPressureOp
norm(r_0) 0
norm(r_1) 0
norm(r_2) 0
norm(r_3) 0.034611272
norm(r_4) 0
Newton iteration  0 : ||r|| = 0.0346113
   Pass :  1   Iteration :   0  ||B r|| = 259.588 ...
   Pass :  2   Iteration :  57  ||B r|| = 0.000256126
norm(r_0) 0
norm(r_1) 0
norm(r_2) 0
norm(r_3) 0.00018870676
norm(r_4) 0
Newton iteration  1 : ||r|| = 0.000188707, ||r||/||r_0|| = 0.00545218
Setting time step: 0.01 in DGTransportTDO
Setting time step: 0.01 in CombinedOp
Setting time step: 0.01 in IonStaticPressureOp
norm(r_0) 0
norm(r_1) 0
norm(r_2) 0
norm(r_3) 0.026290038
norm(r_4) 0
Newton iteration  0 : ||r|| = 0.02629
   Pass :  1   Iteration :   0  ||B r|| = 197.174 ...
   Pass :  2   Iteration :  57  ||B r|| = 0.000193485
norm(r_0) 0
norm(r_1) 0
norm(r_2) 0
norm(r_3) 0.00014215995
norm(r_4) 0
Newton iteration  1 : ||r|| = 0.00014216, ||r||/||r_0|| = 0.00540737
Setting time step: 0.02 in DGTransportTDO
Setting time step: 0.02 in CombinedOp
Setting time step: 0.02 in IonStaticPressureOp
norm(r_0) 0
norm(r_1) 0
norm(r_2) 0
norm(r_3) 0.023232267
norm(r_4) 0
Newton iteration  0 : ||r|| = 0.0232323
   Pass :  1   Iteration :   0  ||B r|| = 111.154 ...
   Pass :  2   Iteration :  62  ||B r|| = 9.98278e-05
norm(r_0) 0
norm(r_1) 0
norm(r_2) 0
norm(r_3) 0.00013820902
norm(r_4) 0
Newton iteration  1 : ||r|| = 0.000138209, ||r||/||r_0|| = 0.00594901
Setting time step: 0.02 in DGTransportTDO
Setting time step: 0.02 in CombinedOp
Setting time step: 0.02 in IonStaticPressureOp
norm(r_0) 0
norm(r_1) 0
norm(r_2) 0
norm(r_3) 0.013552142
norm(r_4) 0
Newton iteration  0 : ||r|| = 0.0135521
   Pass :  1   Iteration :   0  ||B r|| = 64.8352 ...
   Pass :  2   Iteration :  62  ||B r|| = 5.83646e-05
norm(r_0) 0
norm(r_1) 0
norm(r_2) 0
norm(r_3) 8.0909474e-05
norm(r_4) 0
Newton iteration  1 : ||r|| = 8.09095e-05, ||r||/||r_0|| = 0.00597024
Setting time step: 0.02 in DGTransportTDO
Setting time step: 0.02 in CombinedOp
Setting time step: 0.02 in IonStaticPressureOp
norm(r_0) 0
norm(r_1) 0
norm(r_2) 0
norm(r_3) 0.017101283
norm(r_4) 0
Newton iteration  0 : ||r|| = 0.0171013
   Pass :  1   Iteration :   0  ||B r|| = 81.8186 ...
   Pass :  2   Iteration :  62  ||B r|| = 7.35887e-05
norm(r_0) 0
norm(r_1) 0
norm(r_2) 0
norm(r_3) 0.00010196485
norm(r_4) 0
Newton iteration  1 : ||r|| = 0.000101965, ||r||/||r_0|| = 0.00596241
Setting time step: 0.02 in DGTransportTDO
Setting time step: 0.02 in CombinedOp
Setting time step: 0.02 in IonStaticPressureOp
norm(r_0) 0
norm(r_1) 0
norm(r_2) 0
norm(r_3) 0.018126453
norm(r_4) 0
Newton iteration  0 : ||r|| = 0.0181265
   Pass :  1   Iteration :   0  ||B r|| = 86.7244 ...
   Pass :  2   Iteration :  62  ||B r|| = 7.79743e-05
norm(r_0) 0
norm(r_1) 0
norm(r_2) 0
norm(r_3) 0.00010802072
norm(r_4) 0
Newton iteration  1 : ||r|| = 0.000108021, ||r||/||r_0|| = 0.00595929
Setting time step: 0.02 in DGTransportTDO
Setting time step: 0.02 in CombinedOp
Setting time step: 0.02 in IonStaticPressureOp
norm(r_0) 0
norm(r_1) 0
norm(r_2) 0
norm(r_3) 0.010255946
norm(r_4) 0
Newton iteration  0 : ||r|| = 0.0102559
   Pass :  1   Iteration :   0  ||B r|| = 49.0567 ...
   Pass :  2   Iteration :  62  ||B r|| = 4.39157e-05
norm(r_0) 0
norm(r_1) 0
norm(r_2) 0
norm(r_3) 6.0684042e-05
norm(r_4) 0
Newton iteration  1 : ||r|| = 6.0684e-05, ||r||/||r_0|| = 0.00591696
Time stepping paused at t = 0.15

Estimating errors.
No refinements necessary.
No derefinements needed.

AMR iteration 1
Number of unknowns: 36864
Setting time step: 0.019711348 in DGTransportTDO
Setting time step: 0.019711348 in CombinedOp
Setting time step: 0.019711348 in IonStaticPressureOp
norm(r_0) 0
norm(r_1) 0
norm(r_2) 0
norm(r_3) 0.0081170761
norm(r_4) 0
Newton iteration  0 : ||r|| = 0.00811708
   Pass :  1   Iteration :   0  ||B r|| = 39.2474 ...
   Pass :  2   Iteration :  61  ||B r|| = 3.90872e-05
norm(r_0) 0
norm(r_1) 0
norm(r_2) 0
norm(r_3) 5.3657198e-05
norm(r_4) 0
Newton iteration  1 : ||r|| = 5.36572e-05, ||r||/||r_0|| = 0.00661041
Setting time step: 0.019711348 in DGTransportTDO
Setting time step: 0.019711348 in CombinedOp
Setting time step: 0.019711348 in IonStaticPressureOp
norm(r_0) 0
norm(r_1) 0
norm(r_2) 0
norm(r_3) 0.0047738306
norm(r_4) 0
Newton iteration  0 : ||r|| = 0.00477383
   Pass :  1   Iteration :   0  ||B r|| = 23.0802 ...
   Pass :  2   Iteration :  61  ||B r|| = 2.30051e-05
norm(r_0) 0
norm(r_1) 0
norm(r_2) 0
norm(r_3) 3.1601546e-05
norm(r_4) 0
Newton iteration  1 : ||r|| = 3.16015e-05, ||r||/||r_0|| = 0.00661975
Setting time step: 0.019711348 in DGTransportTDO
Setting time step: 0.019711348 in CombinedOp
Setting time step: 0.019711348 in IonStaticPressureOp
norm(r_0) 0
norm(r_1) 0
norm(r_2) 0
norm(r_3) 0.0060008908
norm(r_4) 0
Newton iteration  0 : ||r|| = 0.00600089
   Pass :  1   Iteration :   0  ||B r|| = 29.0143 ...
   Pass :  2   Iteration :  61  ||B r|| = 2.89109e-05
norm(r_0) 0
norm(r_1) 0
norm(r_2) 0
norm(r_3) 3.9704334e-05
norm(r_4) 0
Newton iteration  1 : ||r|| = 3.97043e-05, ||r||/||r_0|| = 0.00661641
Setting time step: 0.019711348 in DGTransportTDO
Setting time step: 0.019711348 in CombinedOp
Setting time step: 0.019711348 in IonStaticPressureOp
norm(r_0) 0
norm(r_1) 0
norm(r_2) 0
norm(r_3) 0.0063546933
norm(r_4) 0
Newton iteration  0 : ||r|| = 0.00635469
   Pass :  1   Iteration :   0  ||B r|| = 30.7254 ...
   Pass :  2   Iteration :  61  ||B r|| = 3.06121e-05
norm(r_0) 0
norm(r_1) 0
norm(r_2) 0
norm(r_3) 4.2036558e-05
norm(r_4) 0
Newton iteration  1 : ||r|| = 4.20366e-05, ||r||/||r_0|| = 0.00661504
Setting time step: 0.019711348 in DGTransportTDO
Setting time step: 0.019711348 in CombinedOp
Setting time step: 0.019711348 in IonStaticPressureOp
norm(r_0) 0
norm(r_1) 0
norm(r_2) 0
norm(r_3) 0.0036268626
norm(r_4) 0
Newton iteration  0 : ||r|| = 0.00362686
   Pass :  1   Iteration :   0  ||B r|| = 17.5322 ...
   Pass :  2   Iteration :  61  ||B r|| = 1.74414e-05
norm(r_0) 0
norm(r_1) 0
norm(r_2) 0
norm(r_3) 2.3919783e-05
norm(r_4) 0
Newton iteration  1 : ||r|| = 2.39198e-05, ||r||/||r_0|| = 0.00659517
Setting time step: 0.03863765 in DGTransportTDO
Setting time step: 0.03863765 in CombinedOp
Setting time step: 0.03863765 in IonStaticPressureOp
norm(r_0) 0
norm(r_1) 0
norm(r_2) 0
norm(r_3) 0.0028792039
norm(r_4) 0
Newton iteration  0 : ||r|| = 0.0028792
   Pass :  1   Iteration :   0  ||B r|| = 8.19728 ...
   Pass :  2   Iteration :  66  ||B r|| = 7.57594e-06
norm(r_0) 0
norm(r_1) 0
norm(r_2) 0
norm(r_3) 1.7472827e-05
norm(r_4) 0
Newton iteration  1 : ||r|| = 1.74728e-05, ||r||/||r_0|| = 0.00606863
Setting time step: 0.03863765 in DGTransportTDO
Setting time step: 0.03863765 in CombinedOp
Setting time step: 0.03863765 in IonStaticPressureOp
norm(r_0) 0
norm(r_1) 0
norm(r_2) 0
norm(r_3) 0.00093850215
norm(r_4) 0
Newton iteration  0 : ||r|| = 0.000938502
   Pass :  1   Iteration :   0  ||B r|| = 2.67114 ...
   Pass :  2   Iteration :  66  ||B r|| = 2.4715e-06
norm(r_0) 0
norm(r_1) 0
norm(r_2) 0
norm(r_3) 5.7059451e-06
norm(r_4) 0
Newton iteration  1 : ||r|| = 5.70595e-06, ||r||/||r_0|| = 0.00607984
Setting time step: 0.03863765 in DGTransportTDO
Setting time step: 0.03863765 in CombinedOp
Setting time step: 0.03863765 in IonStaticPressureOp
norm(r_0) 0
norm(r_1) 0
norm(r_2) 0
norm(r_3) 0.001610019
norm(r_4) 0
Newton iteration  0 : ||r|| = 0.00161002
   Pass :  1   Iteration :   0  ||B r|| = 4.58355 ...
   Pass :  2   Iteration :  66  ||B r|| = 4.23842e-06
norm(r_0) 0
norm(r_1) 0
norm(r_2) 0
norm(r_3) 9.7799942e-06
norm(r_4) 0
Newton iteration  1 : ||r|| = 9.77999e-06, ||r||/||r_0|| = 0.00607446
Setting time step: 0.03863765 in DGTransportTDO
Setting time step: 0.03863765 in CombinedOp
Setting time step: 0.03863765 in IonStaticPressureOp
norm(r_0) 0
norm(r_1) 0
norm(r_2) 0
norm(r_3) 0.0018241266
norm(r_4) 0
Newton iteration  0 : ||r|| = 0.00182413
   Pass :  1   Iteration :   0  ||B r|| = 5.19327 ...
   Pass :  2   Iteration :  66  ||B r|| = 4.80147e-06
norm(r_0) 0
norm(r_1) 0
norm(r_2) 0
norm(r_3) 1.1077698e-05
norm(r_4) 0
Newton iteration  1 : ||r|| = 1.10777e-05, ||r||/||r_0|| = 0.00607288
Setting time step: 0.03863765 in DGTransportTDO
Setting time step: 0.03863765 in CombinedOp
Setting time step: 0.03863765 in IonStaticPressureOp
norm(r_0) 0
norm(r_1) 0
norm(r_2) 0
norm(r_3) 0.00059079159
norm(r_4) 0
Newton iteration  0 : ||r|| = 0.000590792
   Pass :  1   Iteration :   0  ||B r|| = 1.67792 ...
   Pass :  2   Iteration :  66  ||B r|| = 1.54659e-06
norm(r_0) 0
norm(r_1) 0
norm(r_2) 0
norm(r_3) 3.5583745e-06
norm(r_4) 0
Newton iteration  1 : ||r|| = 3.55837e-06, ||r||/||r_0|| = 0.00602306
Setting time step: 0.042495946 in DGTransportTDO
Setting time step: 0.042495946 in CombinedOp
Setting time step: 0.042495946 in IonStaticPressureOp
norm(r_0) 0
norm(r_1) 0
norm(r_2) 0
norm(r_3) 0.00039067651
norm(r_4) 0
Newton iteration  0 : ||r|| = 0.000390677
   Pass :  1   Iteration :   0  ||B r|| = 1.02625 ...
   Pass :  2   Iteration :  66  ||B r|| = 1.01673e-06
norm(r_0) 0
norm(r_1) 0
norm(r_2) 0
norm(r_3) 2.5399044e-06
norm(r_4) 0
Newton iteration  1 : ||r|| = 2.5399e-06, ||r||/||r_0|| = 0.0065013
Setting time step: 0.042495946 in DGTransportTDO
Setting time step: 0.042495946 in CombinedOp
Setting time step: 0.042495946 in IonStaticPressureOp
norm(r_0) 0
norm(r_1) 0
norm(r_2) 0
norm(r_3) 0.00011044817
norm(r_4) 0
Newton iteration  0 : ||r|| = 0.000110448
   Pass :  1   Iteration :   0  ||B r|| = 0.290104 ...
   Pass :  2   Iteration :  57  ||B r|| = 8.92834e-07
norm(r_0) 0
norm(r_1) 0
norm(r_2) 0
norm(r_3) 2.6658307e-06
norm(r_4) 0
Newton iteration  1 : ||r|| = 2.66583e-06, ||r||/||r_0|| = 0.0241365
Setting time step: 0.042495946 in DGTransportTDO
Setting time step: 0.042495946 in CombinedOp
Setting time step: 0.042495946 in IonStaticPressureOp
norm(r_0) 0
norm(r_1) 0
norm(r_2) 0
norm(r_3) 0.00020645867
norm(r_4) 0
Newton iteration  0 : ||r|| = 0.000206459
   Pass :  1   Iteration :   0  ||B r|| = 0.542319 ...
   Pass :  2   Iteration :  61  ||B r|| = 9.61457e-07
norm(r_0) 0
norm(r_1) 0
norm(r_2) 0
norm(r_3) 2.5013909e-06
norm(r_4) 0
Newton iteration  1 : ||r|| = 2.50139e-06, ||r||/||r_0|| = 0.0121157
Setting time step: 0.042495946 in DGTransportTDO
Setting time step: 0.042495946 in CombinedOp
Setting time step: 0.042495946 in IonStaticPressureOp
norm(r_0) 0
norm(r_1) 0
norm(r_2) 0
norm(r_3) 0.00023760065
norm(r_4) 0
Newton iteration  0 : ||r|| = 0.000237601
   Pass :  1   Iteration :   0  ||B r|| = 0.624128 ...
   Pass :  2   Iteration :  62  ||B r|| = 9.97602e-07
norm(r_0) 0
norm(r_1) 0
norm(r_2) 0
norm(r_3) 2.613804e-06
norm(r_4) 0
Newton iteration  1 : ||r|| = 2.6138e-06, ||r||/||r_0|| = 0.0110008
Setting time step: 0.042495946 in DGTransportTDO
Setting time step: 0.042495946 in CombinedOp
Setting time step: 0.042495946 in IonStaticPressureOp
norm(r_0) 0
norm(r_1) 0
norm(r_2) 0
norm(r_3) 8.9671533e-05
norm(r_4) 0
Newton iteration  0 : ||r|| = 8.96715e-05
   Pass :  1   Iteration :   0  ||B r|| = 0.181521 ...
   Pass :  2   Iteration :  51  ||B r|| = 9.71483e-07
norm(r_0) 0
norm(r_1) 0
norm(r_2) 0
norm(r_3) 2.4122721e-06
norm(r_4) 0
Newton iteration  1 : ||r|| = 2.41227e-06, ||r||/||r_0|| = 0.0269012
Setting time step: 0.084991891 in DGTransportTDO
Setting time step: 0.084991891 in CombinedOp
Setting time step: 0.084991891 in IonStaticPressureOp
norm(r_0) 0
norm(r_1) 0
norm(r_2) 0
norm(r_3) 4.4376614e-05
norm(r_4) 0
Newton iteration  0 : ||r|| = 4.43766e-05
   Pass :  1   Iteration :   0  ||B r|| = 0.0628406 ...
   Pass :  1   Iteration :  47  ||B r|| = 8.96385e-07
norm(r_0) 0
norm(r_1) 0
norm(r_2) 0
norm(r_3) 4.2900749e-06
norm(r_4) 0
Newton iteration  1 : ||r|| = 4.29007e-06, ||r||/||r_0|| = 0.0966742
Setting time step: 0.084991891 in DGTransportTDO
Setting time step: 0.084991891 in CombinedOp
Setting time step: 0.084991891 in IonStaticPressureOp
norm(r_0) 0
norm(r_1) 0
norm(r_2) 0
norm(r_3) 7.9178394e-06
norm(r_4) 0
Newton iteration  0 : ||r|| = 7.91784e-06
   Pass :  1   Iteration :   0  ||B r|| = 0.00351528 ...
   Pass :  1   Iteration :  26  ||B r|| = 9.28319e-07
norm(r_0) 0
norm(r_1) 0
norm(r_2) 0
norm(r_3) 3.2462798e-06
norm(r_4) 0
Newton iteration  1 : ||r|| = 3.24628e-06, ||r||/||r_0|| = 0.409996
Setting time step: 0.084991891 in DGTransportTDO
Setting time step: 0.084991891 in CombinedOp
Setting time step: 0.084991891 in IonStaticPressureOp
norm(r_0) 0
norm(r_1) 0
norm(r_2) 0
norm(r_3) 1.3951328e-05
norm(r_4) 0
Newton iteration  0 : ||r|| = 1.39513e-05
   Pass :  1   Iteration :   0  ||B r|| = 0.0174209 ...
   Pass :  1   Iteration :  38  ||B r|| = 8.9362e-07
norm(r_0) 0
norm(r_1) 0
norm(r_2) 0
norm(r_3) 3.6221441e-06
norm(r_4) 0
Newton iteration  1 : ||r|| = 3.62214e-06, ||r||/||r_0|| = 0.259627
Setting time step: 0.084991891 in DGTransportTDO
Setting time step: 0.084991891 in CombinedOp
Setting time step: 0.084991891 in IonStaticPressureOp
norm(r_0) 0
norm(r_1) 0
norm(r_2) 0
norm(r_3) 1.8610621e-05
norm(r_4) 0
Newton iteration  0 : ||r|| = 1.86106e-05
   Pass :  1   Iteration :   0  ||B r|| = 0.0252484 ...
   Pass :  1   Iteration :  40  ||B r|| = 9.7871e-07
norm(r_0) 0
norm(r_1) 0
norm(r_2) 0
norm(r_3) 4.0768419e-06
norm(r_4) 0
Newton iteration  1 : ||r|| = 4.07684e-06, ||r||/||r_0|| = 0.21906
Setting time step: 0.084991891 in DGTransportTDO
Setting time step: 0.084991891 in CombinedOp
Setting time step: 0.084991891 in IonStaticPressureOp
norm(r_0) 0
norm(r_1) 0
norm(r_2) 0
norm(r_3) 0.00010613325
norm(r_4) 0
Newton iteration  0 : ||r|| = 0.000106133
   Pass :  1   Iteration :   0  ||B r|| = 0.00726627 ...
   Pass :  1   Iteration :  33  ||B r|| = 8.54068e-07
norm(r_0) 0
norm(r_1) 0
norm(r_2) 0
norm(r_3) 3.4351277e-06
norm(r_4) 0
Newton iteration  1 : ||r|| = 3.43513e-06, ||r||/||r_0|| = 0.0323662
Time stepping paused at t = 0.89334734

Estimating errors.
No refinements necessary.
No derefinements needed.

AMR iteration 2
Number of unknowns: 36864
Setting time step: 0.16998378 in DGTransportTDO
Setting time step: 0.16998378 in CombinedOp
Setting time step: 0.16998378 in IonStaticPressureOp
norm(r_0) 0
norm(r_1) 0
norm(r_2) 0
norm(r_3) 4.214598e-06
norm(r_4) 0
Newton iteration  0 : ||r|| = 4.2146e-06
   Pass :  1   Iteration :   0  ||B r|| = 0.0017961 ...
   Pass :  1   Iteration :  24  ||B r|| = 9.63413e-07
norm(r_0) 0
norm(r_1) 0
norm(r_2) 0
norm(r_3) 6.0703836e-06
norm(r_4) 0
Newton iteration  1 : ||r|| = 6.07038e-06, ||r||/||r_0|| = 1.44032
Setting time step: 0.16998378 in DGTransportTDO
Setting time step: 0.16998378 in CombinedOp
Setting time step: 0.16998378 in IonStaticPressureOp
norm(r_0) 0
norm(r_1) 0
norm(r_2) 0
norm(r_3) 1.2374322e-05
norm(r_4) 0
Newton iteration  0 : ||r|| = 1.23743e-05
   Pass :  1   Iteration :   0  ||B r|| = 0.000686606 ...
   Pass :  1   Iteration :  18  ||B r|| = 8.75926e-07
norm(r_0) 0
norm(r_1) 0
norm(r_2) 0
norm(r_3) 5.4350332e-06
norm(r_4) 0
Newton iteration  1 : ||r|| = 5.43503e-06, ||r||/||r_0|| = 0.439219
Setting time step: 0.16998378 in DGTransportTDO
Setting time step: 0.16998378 in CombinedOp
Setting time step: 0.16998378 in IonStaticPressureOp
norm(r_0) 0
norm(r_1) 0
norm(r_2) 0
norm(r_3) 1.0369544e-05
norm(r_4) 0
Newton iteration  0 : ||r|| = 1.03695e-05
   Pass :  1   Iteration :   0  ||B r|| = 3.16264e-05 ...
   Pass :  1   Iteration :   9  ||B r|| = 8.90485e-07
norm(r_0) 0
norm(r_1) 0
norm(r_2) 0
norm(r_3) 4.4659926e-06
norm(r_4) 0
Newton iteration  1 : ||r|| = 4.46599e-06, ||r||/||r_0|| = 0.430684
Setting time step: 0.16998378 in DGTransportTDO
Setting time step: 0.16998378 in CombinedOp
Setting time step: 0.16998378 in IonStaticPressureOp
norm(r_0) 0
norm(r_1) 0
norm(r_2) 0
norm(r_3) 8.3010593e-06
norm(r_4) 0
Newton iteration  0 : ||r|| = 8.30106e-06
   Pass :  1   Iteration :   0  ||B r|| = 0.000342962 ...
   Pass :  1   Iteration :  16  ||B r|| = 7.77273e-07
norm(r_0) 0
norm(r_1) 0
norm(r_2) 0
norm(r_3) 4.9247532e-06
norm(r_4) 0
Newton iteration  1 : ||r|| = 4.92475e-06, ||r||/||r_0|| = 0.593268
Setting time step: 0.16998378 in DGTransportTDO
Setting time step: 0.16998378 in CombinedOp
Setting time step: 0.16998378 in IonStaticPressureOp
norm(r_0) 0
norm(r_1) 0
norm(r_2) 0
norm(r_3) 0.00018245348
norm(r_4) 0
Newton iteration  0 : ||r|| = 0.000182453
   Pass :  1   Iteration :   0  ||B r|| = 0.000658266 ...
   Pass :  1   Iteration :  23  ||B r|| = 8.65012e-07
norm(r_0) 0
norm(r_1) 0
norm(r_2) 0
norm(r_3) 6.2046454e-06
norm(r_4) 0
Newton iteration  1 : ||r|| = 6.20465e-06, ||r||/||r_0|| = 0.0340067
Setting time step: 0.33996756 in DGTransportTDO
Setting time step: 0.33996756 in CombinedOp
Setting time step: 0.33996756 in IonStaticPressureOp
norm(r_0) 0
norm(r_1) 0
norm(r_2) 0
norm(r_3) 6.2217474e-06
norm(r_4) 0
Newton iteration  0 : ||r|| = 6.22175e-06
   Pass :  1   Iteration :   0  ||B r|| = 0.000132303 ...
   Pass :  1   Iteration :  12  ||B r|| = 9.36334e-07
norm(r_0) 0
norm(r_1) 0
norm(r_2) 0
norm(r_3) 9.3647686e-06
norm(r_4) 0
Newton iteration  1 : ||r|| = 9.36477e-06, ||r||/||r_0|| = 1.50517
Setting time step: 0.33996756 in DGTransportTDO
Setting time step: 0.33996756 in CombinedOp
Setting time step: 0.33996756 in IonStaticPressureOp
norm(r_0) 0
norm(r_1) 0
norm(r_2) 0
norm(r_3) 1.9019321e-05
norm(r_4) 0
Newton iteration  0 : ||r|| = 1.90193e-05
   Pass :  1   Iteration :   0  ||B r|| = 8.13887e-05 ...
   Pass :  1   Iteration :   6  ||B r|| = 8.2174e-07
norm(r_0) 0
norm(r_1) 0
norm(r_2) 0
norm(r_3) 8.2894229e-06
norm(r_4) 0
Newton iteration  1 : ||r|| = 8.28942e-06, ||r||/||r_0|| = 0.435842
Setting time step: 0.33996756 in DGTransportTDO
Setting time step: 0.33996756 in CombinedOp
Setting time step: 0.33996756 in IonStaticPressureOp
norm(r_0) 0
norm(r_1) 0
norm(r_2) 0
norm(r_3) 1.5544813e-05
norm(r_4) 0
Newton iteration  0 : ||r|| = 1.55448e-05
   Pass :  1   Iteration :   0  ||B r|| = 2.41064e-05 ...
   Pass :  1   Iteration :   4  ||B r|| = 8.86731e-07
norm(r_0) 0
norm(r_1) 0
norm(r_2) 0
norm(r_3) 7.2548146e-06
norm(r_4) 0
Newton iteration  1 : ||r|| = 7.25481e-06, ||r||/||r_0|| = 0.466703
Setting time step: 0.33996756 in DGTransportTDO
Setting time step: 0.33996756 in CombinedOp
Setting time step: 0.33996756 in IonStaticPressureOp
norm(r_0) 0
norm(r_1) 0
norm(r_2) 0
norm(r_3) 1.2330991e-05
norm(r_4) 0
Newton iteration  0 : ||r|| = 1.2331e-05
   Pass :  1   Iteration :   0  ||B r|| = 4.32219e-06 ...
   Pass :  1   Iteration :   3  ||B r|| = 9.69515e-07
norm(r_0) 0
norm(r_1) 0
norm(r_2) 0
norm(r_3) 6.043354e-06
norm(r_4) 0
Newton iteration  1 : ||r|| = 6.04335e-06, ||r||/||r_0|| = 0.490095
Setting time step: 0.33996756 in DGTransportTDO
Setting time step: 0.33996756 in CombinedOp
Setting time step: 0.33996756 in IonStaticPressureOp
norm(r_0) 0
norm(r_1) 0
norm(r_2) 0
norm(r_3) 0.00022516906
norm(r_4) 0
Newton iteration  0 : ||r|| = 0.000225169
   Pass :  1   Iteration :   0  ||B r|| = 0.000183625 ...
   Pass :  1   Iteration :  17  ||B r|| = 8.1426e-07
norm(r_0) 0
norm(r_1) 0
norm(r_2) 0
norm(r_3) 1.4582967e-05
norm(r_4) 0
Newton iteration  1 : ||r|| = 1.4583e-05, ||r||/||r_0|| = 0.0647645
Setting time step: 0.67993513 in DGTransportTDO
Setting time step: 0.67993513 in CombinedOp
Setting time step: 0.67993513 in IonStaticPressureOp
norm(r_0) 0
norm(r_1) 0
norm(r_2) 0
norm(r_3) 1.4583418e-05
norm(r_4) 0
Newton iteration  0 : ||r|| = 1.45834e-05
   Pass :  1   Iteration :   0  ||B r|| = 1.27401e-05 ...
   Pass :  1   Iteration :   2  ||B r|| = 9.27521e-07
norm(r_0) 0
norm(r_1) 0
norm(r_2) 0
norm(r_3) 1.3080821e-05
norm(r_4) 0
Newton iteration  1 : ||r|| = 1.30808e-05, ||r||/||r_0|| = 0.896965
Setting time step: 0.67993513 in DGTransportTDO
Setting time step: 0.67993513 in CombinedOp
Setting time step: 0.67993513 in IonStaticPressureOp
norm(r_0) 0
norm(r_1) 0
norm(r_2) 0
norm(r_3) 1.6277564e-05
norm(r_4) 0
Newton iteration  0 : ||r|| = 1.62776e-05
   Pass :  1   Iteration :   0  ||B r|| = 1.17654e-05 ...
   Pass :  1   Iteration :   1  ||B r|| = 7.60554e-07
norm(r_0) 0
norm(r_1) 0
norm(r_2) 0
norm(r_3) 2.3103265e-05
norm(r_4) 0
Newton iteration  1 : ||r|| = 2.31033e-05, ||r||/||r_0|| = 1.41933
Setting time step: 0.67993513 in DGTransportTDO
Setting time step: 0.67993513 in CombinedOp
Setting time step: 0.67993513 in IonStaticPressureOp
norm(r_0) 0
norm(r_1) 0
norm(r_2) 0
norm(r_3) 1.9306147e-05
norm(r_4) 0
Newton iteration  0 : ||r|| = 1.93061e-05
   Pass :  1   Iteration :   0  ||B r|| = 5.82195e-06 ...
   Pass :  1   Iteration :   1  ||B r|| = 9.5126e-07
norm(r_0) 0
norm(r_1) 0
norm(r_2) 0
norm(r_3) 3.2285323e-05
norm(r_4) 0
Newton iteration  1 : ||r|| = 3.22853e-05, ||r||/||r_0|| = 1.67228
Setting time step: 0.67993513 in DGTransportTDO
Setting time step: 0.67993513 in CombinedOp
Setting time step: 0.67993513 in IonStaticPressureOp
norm(r_0) 0
norm(r_1) 0
norm(r_2) 0
norm(r_3) 1.4763897e-05
norm(r_4) 0
Newton iteration  0 : ||r|| = 1.47639e-05
   Pass :  1   Iteration :   0  ||B r|| = 2.51259e-06 ...
   Pass :  1   Iteration :   1  ||B r|| = 9.64463e-07
norm(r_0) 0
norm(r_1) 0
norm(r_2) 0
norm(r_3) 2.2370698e-05
norm(r_4) 0
Newton iteration  1 : ||r|| = 2.23707e-05, ||r||/||r_0|| = 1.51523
Setting time step: 0.67993513 in DGTransportTDO
Setting time step: 0.67993513 in CombinedOp
Setting time step: 0.67993513 in IonStaticPressureOp
norm(r_0) 0
norm(r_1) 0
norm(r_2) 0
norm(r_3) 0.00040302279
norm(r_4) 0
Newton iteration  0 : ||r|| = 0.000403023
   Pass :  1   Iteration :   0  ||B r|| = 2.71573e-05 ...
   Pass :  1   Iteration :   2  ||B r|| = 7.06757e-07
norm(r_0) 0
norm(r_1) 0
norm(r_2) 0
norm(r_3) 1.9451712e-05
norm(r_4) 0
Newton iteration  1 : ||r|| = 1.94517e-05, ||r||/||r_0|| = 0.0482645
Setting time step: 1.3598703 in DGTransportTDO
Setting time step: 1.3598703 in CombinedOp
Setting time step: 1.3598703 in IonStaticPressureOp
norm(r_0) 0
norm(r_1) 0
norm(r_2) 0
norm(r_3) 1.9451697e-05
norm(r_4) 0
Newton iteration  0 : ||r|| = 1.94517e-05
   Pass :  1   Iteration :   0  ||B r|| = 5.23938e-07
norm(r_0) 0
norm(r_1) 0
norm(r_2) 0
norm(r_3) 1.9451697e-05
norm(r_4) 0
Newton iteration  1 : ||r|| = 1.94517e-05, ||r||/||r_0|| = 1
Setting time step: 1.3598703 in DGTransportTDO
Setting time step: 1.3598703 in CombinedOp
Setting time step: 1.3598703 in IonStaticPressureOp
norm(r_0) 0
norm(r_1) 0
norm(r_2) 0
norm(r_3) 1.9451697e-05
norm(r_4) 0
Newton iteration  0 : ||r|| = 1.94517e-05
   Pass :  1   Iteration :   0  ||B r|| = 5.23938e-07
norm(r_0) 0
norm(r_1) 0
norm(r_2) 0
norm(r_3) 1.9451697e-05
norm(r_4) 0
Newton iteration  1 : ||r|| = 1.94517e-05, ||r||/||r_0|| = 1
Setting time step: 1.3598703 in DGTransportTDO
Setting time step: 1.3598703 in CombinedOp
Setting time step: 1.3598703 in IonStaticPressureOp
norm(r_0) 0
norm(r_1) 0
norm(r_2) 0
norm(r_3) 1.9451697e-05
norm(r_4) 0
Newton iteration  0 : ||r|| = 1.94517e-05
   Pass :  1   Iteration :   0  ||B r|| = 5.23938e-07
norm(r_0) 0
norm(r_1) 0
norm(r_2) 0
norm(r_3) 1.9451697e-05
norm(r_4) 0
Newton iteration  1 : ||r|| = 1.94517e-05, ||r||/||r_0|| = 1
Setting time step: 1.3598703 in DGTransportTDO
Setting time step: 1.3598703 in CombinedOp
Setting time step: 1.3598703 in IonStaticPressureOp
norm(r_0) 0
norm(r_1) 0
norm(r_2) 0
norm(r_3) 1.9451697e-05
norm(r_4) 0
Newton iteration  0 : ||r|| = 1.94517e-05
   Pass :  1   Iteration :   0  ||B r|| = 5.23938e-07
norm(r_0) 0
norm(r_1) 0
norm(r_2) 0
norm(r_3) 1.9451697e-05
norm(r_4) 0
Newton iteration  1 : ||r|| = 1.94517e-05, ||r||/||r_0|| = 1
Setting time step: 1.3598703 in DGTransportTDO
Setting time step: 1.3598703 in CombinedOp
Setting time step: 1.3598703 in IonStaticPressureOp
norm(r_0) 0
norm(r_1) 0
norm(r_2) 0
norm(r_3) 1.9451697e-05
norm(r_4) 0
Newton iteration  0 : ||r|| = 1.94517e-05
   Pass :  1   Iteration :   0  ||B r|| = 5.23938e-07
norm(r_0) 0
norm(r_1) 0
norm(r_2) 0
norm(r_3) 1.9451697e-05
norm(r_4) 0
Newton iteration  1 : ||r|| = 1.94517e-05, ||r||/||r_0|| = 1
Time stepping paused at t = 11.092374
Steady State solution has been reached

Time stepping done after 46.794596s.
