8: Number of elements in parallel mesh: 16
8: Number of elements after parallel refinement: 16
9: Number of elements in parallel mesh: 16
9: Number of elements after parallel refinement: 16
11: Number of elements in parallel mesh: 16
11: Number of elements after parallel refinement: 16
12: Number of elements in parallel mesh: 16
12: Number of elements after parallel refinement: 16
13: Number of elements in parallel mesh: 16
13: Number of elements after parallel refinement: 16
14: Number of elements in parallel mesh: 16
14: Number of elements after parallel refinement: 16
15: Number of elements in parallel mesh: 16
15: Number of elements after parallel refinement: 16
4: Number of elements in parallel mesh: 16
4: Number of elements after parallel refinement: 16
5: Number of elements in parallel mesh: 16
5: Number of elements after parallel refinement: 16
6: Number of elements in parallel mesh: 16
6: Number of elements after parallel refinement: 16
7: Number of elements in parallel mesh: 16
7: Number of elements after parallel refinement: 16
10: Number of elements in parallel mesh: 16
10: Number of elements after parallel refinement: 16
Options used:
   --mesh ../../mfem/data/inline-quad.mesh
   --bc-file ../../mfem/miniapps/plasma/transport2d_bcs.inp
   --ic-file ../../mfem/miniapps/plasma/transport2d_ics.inp
   --ec-file /home/gz6/mfem-analysis/input-files/transport2d_ecs.inp
   --es-file ../../mfem/miniapps/plasma/transport2d_ess.inp
   --eqdsk-file 
   --logging 1
   --operator-test 8
   --equation-weights '1 1 1 1 1'
   --problem 0
   --refine-serial 2
   --refine-parallel 0
   --enable-amr
   --max-err -1
   --hysteresis 0.25
   --nc-limit 3
   --amr-weights '1 1 1 1 1'
   --order 3
   --dg-sigma -1
   --dg-kappa 16
   --linear-abs-tolerance 1e-06
   --linear-rel-tolerance 1e-06
   --linear-max-iterations 500
   --linear-logging-level 3
   --newton-abs-tolerance 1e-10
   --newton-rel-tolerance 1e-10
   --newton-max-iterations 1
   --newton-logging-level 1
   --steady-state-abs-tolerance 1e-08
   --steady-state-rel-tolerance 1e-08
   --prec-type 1
   --prec-logging-level 0
   --initial-tolerance 1e-05
   --ode-tolerance 0.001
   --ode-solver 2
   --err-per-step
   --ode-weights '1 1 1 1 1'
   --kP 0
   --kI 0.6
   --kD 0
   --theta-max 2
   --t-minimum 0
   --t-final 100
   --time-step 0.01
   --cfl-number 0.3
   --ion-charge 1
   --ion-mass 2.0141018
   --neutral-mass 2.0141018
   --neutral-temp 3
   --min-neutral-density 9e+14
   --max-neutral-density 1e+15
   --neutral-density-exp 0
   --min-ion-density 1e+16
   --max-ion-density 1e+18
   --ion-density-exp 0
   --min-ion-temp 1
   --max-ion-temp 10
   --ion-temp-exp 0
   --min-electron-temp 10
   --max-electron-temp 440
   --electron-temp-exp 0
   --total-B-magnitude 5
   --poloidal-B-magnitude 0.5
   --velocity 1000
   --Di-perp 1
   --Xi-perp 1
   --Xe-perp 1
   --equation-term-flags '-1 -1 -1 -1 -1'
   --visualization-flags '-1 -1 -1 -1 -1'
   --visualization
   --visit-datafiles
   --ascii-datafiles
   --visualization-steps 4
Device configuration: cpu
Memory configuration: host-std
Number of elements in initial mesh: 16
Number of elements after serial refinement: 256
0: Number of elements in parallel mesh: 16
0: Number of elements after parallel refinement: 16
1: Number of elements in parallel mesh: 16
1: Number of elements after parallel refinement: 16
3: Number of elements in parallel mesh: 16
3: Number of elements after parallel refinement: 16
2: Number of elements in parallel mesh: 16
2: Number of elements after parallel refinement: 16
Configuring initial conditions
Reading initial conditions from ../../mfem/miniapps/plasma/transport2d_ics.inp
Configuring exact solutions
Reading exact solutions from ../../mfem/miniapps/plasma/transport2d_ess.inp

AMR iteration 0
Number of unknowns: 4096
Stopping criterion satisfied. Stop.
Number of unknowns per field: 4096
Total number of unknowns:     20480
Configuring boundary conditions
Reading boundary conditions from ../../mfem/miniapps/plasma/transport2d_bcs.inp
Configuring equation coefficients
Reading equation coefficients from /home/gz6/mfem-analysis/input-files/transport2d_ecs.inp
|mn| = 3.3444946e-27
|ni| = 1
|ne| = 1

|Dn|     = -nan
|Di|     = -nan
|Eta|    = -nan
|nXi|    = -nan
|nXe|    = -nan

|Eta/mn| = -nan
|nXi/ni| = -nan
|nXe/ne| = -nan
Ion Static Pressure: Adding time derivative term proportional to d n_i / dt
Ion Static Pressure: Adding time derivative term proportional to d T_i / dt
Ion Static Pressure: Adding anisotropic diffusion term
Ion Static Pressure: Adding source term
Opening GLVis sockets.
Range of error estimates for initial condition: -nan < elem err < -nan

Begin time stepping at t = 0
Setting time step: 0.0025 in DGTransportTDO
Setting time step: 0.0025 in CombinedOp
Setting time step: 0.0025 in IonStaticPressureOp
norm(r_0) 0
norm(r_1) 0
norm(r_2) 0
norm(r_3) 0.16849151
norm(r_4) 0
Newton iteration  0 : ||r|| = 0.168492
   Pass :  1   Iteration :   0  ||B r|| = 294.274 ...
   Pass :  1   Iteration :  31  ||B r|| = 0.000269402
norm(r_0) 0
norm(r_1) 0
norm(r_2) 0
norm(r_3) 5.0437731e-05
norm(r_4) 0
Newton iteration  1 : ||r|| = 5.04377e-05, ||r||/||r_0|| = 0.000299349
Setting time step: 0.0025 in DGTransportTDO
Setting time step: 0.0025 in CombinedOp
Setting time step: 0.0025 in IonStaticPressureOp
norm(r_0) 0
norm(r_1) 0
norm(r_2) 0
norm(r_3) 0.15775866
norm(r_4) 0
Newton iteration  0 : ||r|| = 0.157759
   Pass :  1   Iteration :   0  ||B r|| = 275.528 ...
   Pass :  1   Iteration :  31  ||B r|| = 0.000252702
norm(r_0) 0
norm(r_1) 0
norm(r_2) 0
norm(r_3) 4.7304812e-05
norm(r_4) 0
Newton iteration  1 : ||r|| = 4.73048e-05, ||r||/||r_0|| = 0.000299856
Setting time step: 0.0025 in DGTransportTDO
Setting time step: 0.0025 in CombinedOp
Setting time step: 0.0025 in IonStaticPressureOp
norm(r_0) 0
norm(r_1) 0
norm(r_2) 0
norm(r_3) 0.16199716
norm(r_4) 0
Newton iteration  0 : ||r|| = 0.161997
   Pass :  1   Iteration :   0  ||B r|| = 282.931 ...
   Pass :  1   Iteration :  31  ||B r|| = 0.000259359
norm(r_0) 0
norm(r_1) 0
norm(r_2) 0
norm(r_3) 4.8552586e-05
norm(r_4) 0
Newton iteration  1 : ||r|| = 4.85526e-05, ||r||/||r_0|| = 0.000299713
Setting time step: 0.0025 in DGTransportTDO
Setting time step: 0.0025 in CombinedOp
Setting time step: 0.0025 in IonStaticPressureOp
norm(r_0) 0
norm(r_1) 0
norm(r_2) 0
norm(r_3) 0.16307906
norm(r_4) 0
Newton iteration  0 : ||r|| = 0.163079
   Pass :  1   Iteration :   0  ||B r|| = 284.821 ...
   Pass :  1   Iteration :  31  ||B r|| = 0.000261027
norm(r_0) 0
norm(r_1) 0
norm(r_2) 0
norm(r_3) 4.8865834e-05
norm(r_4) 0
Newton iteration  1 : ||r|| = 4.88658e-05, ||r||/||r_0|| = 0.000299645
Setting time step: 0.0025 in DGTransportTDO
Setting time step: 0.0025 in CombinedOp
Setting time step: 0.0025 in IonStaticPressureOp
norm(r_0) 0
norm(r_1) 0
norm(r_2) 0
norm(r_3) 0.1525753
norm(r_4) 0
Newton iteration  0 : ||r|| = 0.152575
   Pass :  1   Iteration :   0  ||B r|| = 266.476 ...
   Pass :  1   Iteration :  31  ||B r|| = 0.000243918
norm(r_0) 0
norm(r_1) 0
norm(r_2) 0
norm(r_3) 4.5669514e-05
norm(r_4) 0
Newton iteration  1 : ||r|| = 4.56695e-05, ||r||/||r_0|| = 0.000299324
Setting time step: 0.005 in DGTransportTDO
Setting time step: 0.005 in CombinedOp
Setting time step: 0.005 in IonStaticPressureOp
norm(r_0) 0
norm(r_1) 0
norm(r_2) 0
norm(r_3) 0.14771602
norm(r_4) 0
Newton iteration  0 : ||r|| = 0.147716
   Pass :  1   Iteration :   0  ||B r|| = 224.557 ...
   Pass :  1   Iteration :  34  ||B r|| = 0.000205411
norm(r_0) 0
norm(r_1) 0
norm(r_2) 0
norm(r_3) 7.3483129e-05
norm(r_4) 0
Newton iteration  1 : ||r|| = 7.34831e-05, ||r||/||r_0|| = 0.000497462
Setting time step: 0.005 in DGTransportTDO
Setting time step: 0.005 in CombinedOp
Setting time step: 0.005 in IonStaticPressureOp
norm(r_0) 0
norm(r_1) 0
norm(r_2) 0
norm(r_3) 0.12947718
norm(r_4) 0
Newton iteration  0 : ||r|| = 0.129477
   Pass :  1   Iteration :   0  ||B r|| = 196.831 ...
   Pass :  1   Iteration :  34  ||B r|| = 0.000180051
norm(r_0) 0
norm(r_1) 0
norm(r_2) 0
norm(r_3) 6.4412497e-05
norm(r_4) 0
Newton iteration  1 : ||r|| = 6.44125e-05, ||r||/||r_0|| = 0.000497481
Setting time step: 0.005 in DGTransportTDO
Setting time step: 0.005 in CombinedOp
Setting time step: 0.005 in IonStaticPressureOp
norm(r_0) 0
norm(r_1) 0
norm(r_2) 0
norm(r_3) 0.1365925
norm(r_4) 0
Newton iteration  0 : ||r|| = 0.136593
   Pass :  1   Iteration :   0  ||B r|| = 207.648 ...
   Pass :  1   Iteration :  34  ||B r|| = 0.000189944
norm(r_0) 0
norm(r_1) 0
norm(r_2) 0
norm(r_3) 6.7951272e-05
norm(r_4) 0
Newton iteration  1 : ||r|| = 6.79513e-05, ||r||/||r_0|| = 0.000497474
Setting time step: 0.005 in DGTransportTDO
Setting time step: 0.005 in CombinedOp
Setting time step: 0.005 in IonStaticPressureOp
norm(r_0) 0
norm(r_1) 0
norm(r_2) 0
norm(r_3) 0.13844544
norm(r_4) 0
Newton iteration  0 : ||r|| = 0.138445
   Pass :  1   Iteration :   0  ||B r|| = 210.464 ...
   Pass :  1   Iteration :  34  ||B r|| = 0.000192521
norm(r_0) 0
norm(r_1) 0
norm(r_2) 0
norm(r_3) 6.887277e-05
norm(r_4) 0
Newton iteration  1 : ||r|| = 6.88728e-05, ||r||/||r_0|| = 0.000497472
Setting time step: 0.005 in DGTransportTDO
Setting time step: 0.005 in CombinedOp
Setting time step: 0.005 in IonStaticPressureOp
norm(r_0) 0
norm(r_1) 0
norm(r_2) 0
norm(r_3) 0.1210046
norm(r_4) 0
Newton iteration  0 : ||r|| = 0.121005
   Pass :  1   Iteration :   0  ||B r|| = 183.95 ...
   Pass :  1   Iteration :  34  ||B r|| = 0.000168276
norm(r_0) 0
norm(r_1) 0
norm(r_2) 0
norm(r_3) 6.0199352e-05
norm(r_4) 0
Newton iteration  1 : ||r|| = 6.01994e-05, ||r||/||r_0|| = 0.000497496
Setting time step: 0.01 in DGTransportTDO
Setting time step: 0.01 in CombinedOp
Setting time step: 0.01 in IonStaticPressureOp
norm(r_0) 0
norm(r_1) 0
norm(r_2) 0
norm(r_3) 0.11353397
norm(r_4) 0
Newton iteration  0 : ||r|| = 0.113534
   Pass :  1   Iteration :   0  ||B r|| = 140.718 ...
   Pass :  1   Iteration :  37  ||B r|| = 0.000110654
norm(r_0) 0
norm(r_1) 0
norm(r_2) 0
norm(r_3) 7.2402104e-05
norm(r_4) 0
Newton iteration  1 : ||r|| = 7.24021e-05, ||r||/||r_0|| = 0.000637713
Setting time step: 0.01 in DGTransportTDO
Setting time step: 0.01 in CombinedOp
Setting time step: 0.01 in IonStaticPressureOp
norm(r_0) 0
norm(r_1) 0
norm(r_2) 0
norm(r_3) 0.087128414
norm(r_4) 0
Newton iteration  0 : ||r|| = 0.0871284
   Pass :  1   Iteration :   0  ||B r|| = 107.99 ...
   Pass :  1   Iteration :  37  ||B r|| = 8.48977e-05
norm(r_0) 0
norm(r_1) 0
norm(r_2) 0
norm(r_3) 5.5552103e-05
norm(r_4) 0
Newton iteration  1 : ||r|| = 5.55521e-05, ||r||/||r_0|| = 0.000637589
Setting time step: 0.01 in DGTransportTDO
Setting time step: 0.01 in CombinedOp
Setting time step: 0.01 in IonStaticPressureOp
norm(r_0) 0
norm(r_1) 0
norm(r_2) 0
norm(r_3) 0.097199366
norm(r_4) 0
Newton iteration  0 : ||r|| = 0.0971994
   Pass :  1   Iteration :   0  ||B r|| = 120.472 ...
   Pass :  1   Iteration :  37  ||B r|| = 9.47178e-05
norm(r_0) 0
norm(r_1) 0
norm(r_2) 0
norm(r_3) 6.1976969e-05
norm(r_4) 0
Newton iteration  1 : ||r|| = 6.1977e-05, ||r||/||r_0|| = 0.000637627
Setting time step: 0.01 in DGTransportTDO
Setting time step: 0.01 in CombinedOp
Setting time step: 0.01 in IonStaticPressureOp
norm(r_0) 0
norm(r_1) 0
norm(r_2) 0
norm(r_3) 0.099922055
norm(r_4) 0
Newton iteration  0 : ||r|| = 0.0999221
   Pass :  1   Iteration :   0  ||B r|| = 123.847 ...
   Pass :  1   Iteration :  37  ||B r|| = 9.73744e-05
norm(r_0) 0
norm(r_1) 0
norm(r_2) 0
norm(r_3) 6.3714843e-05
norm(r_4) 0
Newton iteration  1 : ||r|| = 6.37148e-05, ||r||/||r_0|| = 0.000637645
Setting time step: 0.01 in DGTransportTDO
Setting time step: 0.01 in CombinedOp
Setting time step: 0.01 in IonStaticPressureOp
norm(r_0) 0
norm(r_1) 0
norm(r_2) 0
norm(r_3) 0.075897403
norm(r_4) 0
Newton iteration  0 : ||r|| = 0.0758974
   Pass :  1   Iteration :   0  ||B r|| = 94.0703 ...
   Pass :  1   Iteration :  37  ||B r|| = 7.39859e-05
norm(r_0) 0
norm(r_1) 0
norm(r_2) 0
norm(r_3) 4.8409066e-05
norm(r_4) 0
Newton iteration  1 : ||r|| = 4.84091e-05, ||r||/||r_0|| = 0.000637822
Setting time step: 0.02 in DGTransportTDO
Setting time step: 0.02 in CombinedOp
Setting time step: 0.02 in IonStaticPressureOp
norm(r_0) 0
norm(r_1) 0
norm(r_2) 0
norm(r_3) 0.067071493
norm(r_4) 0
Newton iteration  0 : ||r|| = 0.0670715
   Pass :  1   Iteration :   0  ||B r|| = 59.6258 ...
   Pass :  1   Iteration :  39  ||B r|| = 4.81136e-05
norm(r_0) 0
norm(r_1) 0
norm(r_2) 0
norm(r_3) 6.1715743e-05
norm(r_4) 0
Newton iteration  1 : ||r|| = 6.17157e-05, ||r||/||r_0|| = 0.000920149
Setting time step: 0.02 in DGTransportTDO
Setting time step: 0.02 in CombinedOp
Setting time step: 0.02 in IonStaticPressureOp
norm(r_0) 0
norm(r_1) 0
norm(r_2) 0
norm(r_3) 0.039123493
norm(r_4) 0
Newton iteration  0 : ||r|| = 0.0391235
   Pass :  1   Iteration :   0  ||B r|| = 34.7793 ...
   Pass :  1   Iteration :  39  ||B r|| = 2.80591e-05
norm(r_0) 0
norm(r_1) 0
norm(r_2) 0
norm(r_3) 3.5992625e-05
norm(r_4) 0
Newton iteration  1 : ||r|| = 3.59926e-05, ||r||/||r_0|| = 0.000919975
Setting time step: 0.02 in DGTransportTDO
Setting time step: 0.02 in CombinedOp
Setting time step: 0.02 in IonStaticPressureOp
norm(r_0) 0
norm(r_1) 0
norm(r_2) 0
norm(r_3) 0.049371138
norm(r_4) 0
Newton iteration  0 : ||r|| = 0.0493711
   Pass :  1   Iteration :   0  ||B r|| = 43.8896 ...
   Pass :  1   Iteration :  39  ||B r|| = 3.54116e-05
norm(r_0) 0
norm(r_1) 0
norm(r_2) 0
norm(r_3) 4.5423456e-05
norm(r_4) 0
Newton iteration  1 : ||r|| = 4.54235e-05, ||r||/||r_0|| = 0.000920041
Setting time step: 0.02 in DGTransportTDO
Setting time step: 0.02 in CombinedOp
Setting time step: 0.02 in IonStaticPressureOp
norm(r_0) 0
norm(r_1) 0
norm(r_2) 0
norm(r_3) 0.052331151
norm(r_4) 0
Newton iteration  0 : ||r|| = 0.0523312
   Pass :  1   Iteration :   0  ||B r|| = 46.5212 ...
   Pass :  1   Iteration :  39  ||B r|| = 3.75358e-05
norm(r_0) 0
norm(r_1) 0
norm(r_2) 0
norm(r_3) 4.814814e-05
norm(r_4) 0
Newton iteration  1 : ||r|| = 4.81481e-05, ||r||/||r_0|| = 0.000920067
Setting time step: 0.02 in DGTransportTDO
Setting time step: 0.02 in CombinedOp
Setting time step: 0.02 in IonStaticPressureOp
norm(r_0) 0
norm(r_1) 0
norm(r_2) 0
norm(r_3) 0.029600466
norm(r_4) 0
Newton iteration  0 : ||r|| = 0.0296005
   Pass :  1   Iteration :   0  ||B r|| = 26.3152 ...
   Pass :  1   Iteration :  39  ||B r|| = 2.124e-05
norm(r_0) 0
norm(r_1) 0
norm(r_2) 0
norm(r_3) 2.7243862e-05
norm(r_4) 0
Newton iteration  1 : ||r|| = 2.72439e-05, ||r||/||r_0|| = 0.000920386
Time stepping paused at t = 0.15

Estimating errors.
No refinements necessary.
No derefinements needed.

AMR iteration 1
Number of unknowns: 4096
Setting time step: 0.019709182 in DGTransportTDO
Setting time step: 0.019709182 in CombinedOp
Setting time step: 0.019709182 in IonStaticPressureOp
norm(r_0) 0
norm(r_1) 0
norm(r_2) 0
norm(r_3) 0.023434011
norm(r_4) 0
Newton iteration  0 : ||r|| = 0.023434
   Pass :  1   Iteration :   0  ||B r|| = 21.0078 ...
   Pass :  1   Iteration :  39  ||B r|| = 1.67258e-05
norm(r_0) 0
norm(r_1) 0
norm(r_2) 0
norm(r_3) 2.1142652e-05
norm(r_4) 0
Newton iteration  1 : ||r|| = 2.11427e-05, ||r||/||r_0|| = 0.000902221
Setting time step: 0.019709182 in DGTransportTDO
Setting time step: 0.019709182 in CombinedOp
Setting time step: 0.019709182 in IonStaticPressureOp
norm(r_0) 0
norm(r_1) 0
norm(r_2) 0
norm(r_3) 0.013781634
norm(r_4) 0
Newton iteration  0 : ||r|| = 0.0137816
   Pass :  1   Iteration :   0  ||B r|| = 12.3548 ...
   Pass :  1   Iteration :  39  ||B r|| = 9.83626e-06
norm(r_0) 0
norm(r_1) 0
norm(r_2) 0
norm(r_3) 1.2433933e-05
norm(r_4) 0
Newton iteration  1 : ||r|| = 1.24339e-05, ||r||/||r_0|| = 0.00090221
Setting time step: 0.019709182 in DGTransportTDO
Setting time step: 0.019709182 in CombinedOp
Setting time step: 0.019709182 in IonStaticPressureOp
norm(r_0) 0
norm(r_1) 0
norm(r_2) 0
norm(r_3) 0.017324521
norm(r_4) 0
Newton iteration  0 : ||r|| = 0.0173245
   Pass :  1   Iteration :   0  ||B r|| = 15.5309 ...
   Pass :  1   Iteration :  39  ||B r|| = 1.2365e-05
norm(r_0) 0
norm(r_1) 0
norm(r_2) 0
norm(r_3) 1.5630431e-05
norm(r_4) 0
Newton iteration  1 : ||r|| = 1.56304e-05, ||r||/||r_0|| = 0.000902214
Setting time step: 0.019709182 in DGTransportTDO
Setting time step: 0.019709182 in CombinedOp
Setting time step: 0.019709182 in IonStaticPressureOp
norm(r_0) 0
norm(r_1) 0
norm(r_2) 0
norm(r_3) 0.018346097
norm(r_4) 0
Newton iteration  0 : ||r|| = 0.0183461
   Pass :  1   Iteration :   0  ||B r|| = 16.4467 ...
   Pass :  1   Iteration :  39  ||B r|| = 1.30942e-05
norm(r_0) 0
norm(r_1) 0
norm(r_2) 0
norm(r_3) 1.6552139e-05
norm(r_4) 0
Newton iteration  1 : ||r|| = 1.65521e-05, ||r||/||r_0|| = 0.000902216
Setting time step: 0.019709182 in DGTransportTDO
Setting time step: 0.019709182 in CombinedOp
Setting time step: 0.019709182 in IonStaticPressureOp
norm(r_0) 0
norm(r_1) 0
norm(r_2) 0
norm(r_3) 0.010469203
norm(r_4) 0
Newton iteration  0 : ||r|| = 0.0104692
   Pass :  1   Iteration :   0  ||B r|| = 9.38528 ...
   Pass :  1   Iteration :  39  ||B r|| = 7.47249e-06
norm(r_0) 0
norm(r_1) 0
norm(r_2) 0
norm(r_3) 9.4456585e-06
norm(r_4) 0
Newton iteration  1 : ||r|| = 9.44566e-06, ||r||/||r_0|| = 0.000902233
Setting time step: 0.038634935 in DGTransportTDO
Setting time step: 0.038634935 in CombinedOp
Setting time step: 0.038634935 in IonStaticPressureOp
norm(r_0) 0
norm(r_1) 0
norm(r_2) 0
norm(r_3) 0.008313083
norm(r_4) 0
Newton iteration  0 : ||r|| = 0.00831308
   Pass :  1   Iteration :   0  ||B r|| = 4.74079 ...
   Pass :  1   Iteration :  41  ||B r|| = 3.32413e-06
norm(r_0) 0
norm(r_1) 0
norm(r_2) 0
norm(r_3) 9.1580478e-06
norm(r_4) 0
Newton iteration  1 : ||r|| = 9.15805e-06, ||r||/||r_0|| = 0.00110164
Setting time step: 0.038634935 in DGTransportTDO
Setting time step: 0.038634935 in CombinedOp
Setting time step: 0.038634935 in IonStaticPressureOp
norm(r_0) 0
norm(r_1) 0
norm(r_2) 0
norm(r_3) 0.002709247
norm(r_4) 0
Newton iteration  0 : ||r|| = 0.00270925
   Pass :  1   Iteration :   0  ||B r|| = 1.54499 ...
   Pass :  1   Iteration :  41  ||B r|| = 1.08322e-06
norm(r_0) 0
norm(r_1) 0
norm(r_2) 0
norm(r_3) 2.9843292e-06
norm(r_4) 0
Newton iteration  1 : ||r|| = 2.98433e-06, ||r||/||r_0|| = 0.00110153
Setting time step: 0.038634935 in DGTransportTDO
Setting time step: 0.038634935 in CombinedOp
Setting time step: 0.038634935 in IonStaticPressureOp
norm(r_0) 0
norm(r_1) 0
norm(r_2) 0
norm(r_3) 0.0046485583
norm(r_4) 0
Newton iteration  0 : ||r|| = 0.00464856
   Pass :  1   Iteration :   0  ||B r|| = 2.65096 ...
   Pass :  1   Iteration :  41  ||B r|| = 1.85872e-06
norm(r_0) 0
norm(r_1) 0
norm(r_2) 0
norm(r_3) 5.1208419e-06
norm(r_4) 0
Newton iteration  1 : ||r|| = 5.12084e-06, ||r||/||r_0|| = 0.0011016
Setting time step: 0.038634935 in DGTransportTDO
Setting time step: 0.038634935 in CombinedOp
Setting time step: 0.038634935 in IonStaticPressureOp
norm(r_0) 0
norm(r_1) 0
norm(r_2) 0
norm(r_3) 0.0052668373
norm(r_4) 0
Newton iteration  0 : ||r|| = 0.00526684
   Pass :  1   Iteration :   0  ||B r|| = 3.00356 ...
   Pass :  1   Iteration :  41  ||B r|| = 2.10596e-06
norm(r_0) 0
norm(r_1) 0
norm(r_2) 0
norm(r_3) 5.8020111e-06
norm(r_4) 0
Newton iteration  1 : ||r|| = 5.80201e-06, ||r||/||r_0|| = 0.00110161
Setting time step: 0.038634935 in DGTransportTDO
Setting time step: 0.038634935 in CombinedOp
Setting time step: 0.038634935 in IonStaticPressureOp
norm(r_0) 0
norm(r_1) 0
norm(r_2) 0
norm(r_3) 0.0017019216
norm(r_4) 0
Newton iteration  0 : ||r|| = 0.00170192
   Pass :  1   Iteration :   0  ||B r|| = 0.970436 ...
   Pass :  1   Iteration :  41  ||B r|| = 6.80583e-07
norm(r_0) 0
norm(r_1) 0
norm(r_2) 0
norm(r_3) 1.8749684e-06
norm(r_4) 0
Newton iteration  1 : ||r|| = 1.87497e-06, ||r||/||r_0|| = 0.00110168
Setting time step: 0.042501759 in DGTransportTDO
Setting time step: 0.042501759 in CombinedOp
Setting time step: 0.042501759 in IonStaticPressureOp
norm(r_0) 0
norm(r_1) 0
norm(r_2) 0
norm(r_3) 0.0011281155
norm(r_4) 0
Newton iteration  0 : ||r|| = 0.00112812
   Pass :  1   Iteration :   0  ||B r|| = 0.599529 ...
   Pass :  1   Iteration :  39  ||B r|| = 8.85254e-07
norm(r_0) 0
norm(r_1) 0
norm(r_2) 0
norm(r_3) 2.4146691e-06
norm(r_4) 0
Newton iteration  1 : ||r|| = 2.41467e-06, ||r||/||r_0|| = 0.00214044
Setting time step: 0.042501759 in DGTransportTDO
Setting time step: 0.042501759 in CombinedOp
Setting time step: 0.042501759 in IonStaticPressureOp
norm(r_0) 0
norm(r_1) 0
norm(r_2) 0
norm(r_3) 0.00031889876
norm(r_4) 0
Newton iteration  0 : ||r|| = 0.000318899
   Pass :  1   Iteration :   0  ||B r|| = 0.169446 ...
   Pass :  1   Iteration :  35  ||B r|| = 8.70263e-07
norm(r_0) 0
norm(r_1) 0
norm(r_2) 0
norm(r_3) 2.0910482e-06
norm(r_4) 0
Newton iteration  1 : ||r|| = 2.09105e-06, ||r||/||r_0|| = 0.00655709
Setting time step: 0.042501759 in DGTransportTDO
Setting time step: 0.042501759 in CombinedOp
Setting time step: 0.042501759 in IonStaticPressureOp
norm(r_0) 0
norm(r_1) 0
norm(r_2) 0
norm(r_3) 0.00059614046
norm(r_4) 0
Newton iteration  0 : ||r|| = 0.00059614
   Pass :  1   Iteration :   0  ||B r|| = 0.316797 ...
   Pass :  1   Iteration :  37  ||B r|| = 9.1331e-07
norm(r_0) 0
norm(r_1) 0
norm(r_2) 0
norm(r_3) 2.4404697e-06
norm(r_4) 0
Newton iteration  1 : ||r|| = 2.44047e-06, ||r||/||r_0|| = 0.00409378
Setting time step: 0.042501759 in DGTransportTDO
Setting time step: 0.042501759 in CombinedOp
Setting time step: 0.042501759 in IonStaticPressureOp
norm(r_0) 0
norm(r_1) 0
norm(r_2) 0
norm(r_3) 0.00068606658
norm(r_4) 0
Newton iteration  0 : ||r|| = 0.000686067
   Pass :  1   Iteration :   0  ||B r|| = 0.364593 ...
   Pass :  1   Iteration :  38  ||B r|| = 7.20622e-07
norm(r_0) 0
norm(r_1) 0
norm(r_2) 0
norm(r_3) 2.0347933e-06
norm(r_4) 0
Newton iteration  1 : ||r|| = 2.03479e-06, ||r||/||r_0|| = 0.00296588
Setting time step: 0.042501759 in DGTransportTDO
Setting time step: 0.042501759 in CombinedOp
Setting time step: 0.042501759 in IonStaticPressureOp
norm(r_0) 0
norm(r_1) 0
norm(r_2) 0
norm(r_3) 0.00021500649
norm(r_4) 0
Newton iteration  0 : ||r|| = 0.000215006
   Pass :  1   Iteration :   0  ||B r|| = 0.10607 ...
   Pass :  1   Iteration :  32  ||B r|| = 9.47635e-07
norm(r_0) 0
norm(r_1) 0
norm(r_2) 0
norm(r_3) 2.220398e-06
norm(r_4) 0
Newton iteration  1 : ||r|| = 2.2204e-06, ||r||/||r_0|| = 0.0103271
Setting time step: 0.085003519 in DGTransportTDO
Setting time step: 0.085003519 in CombinedOp
Setting time step: 0.085003519 in IonStaticPressureOp
norm(r_0) 0
norm(r_1) 0
norm(r_2) 0
norm(r_3) 0.00012790787
norm(r_4) 0
Newton iteration  0 : ||r|| = 0.000127908
   Pass :  1   Iteration :   0  ||B r|| = 0.0388308 ...
   Pass :  1   Iteration :  28  ||B r|| = 9.4631e-07
norm(r_0) 0
norm(r_1) 0
norm(r_2) 0
norm(r_3) 5.5246507e-06
norm(r_4) 0
Newton iteration  1 : ||r|| = 5.52465e-06, ||r||/||r_0|| = 0.0431924
Setting time step: 0.085003519 in DGTransportTDO
Setting time step: 0.085003519 in CombinedOp
Setting time step: 0.085003519 in IonStaticPressureOp
norm(r_0) 0
norm(r_1) 0
norm(r_2) 0
norm(r_3) 1.2558309e-05
norm(r_4) 0
Newton iteration  0 : ||r|| = 1.25583e-05
   Pass :  1   Iteration :   0  ||B r|| = 0.0021764 ...
   Pass :  1   Iteration :  16  ||B r|| = 9.95003e-07
norm(r_0) 0
norm(r_1) 0
norm(r_2) 0
norm(r_3) 4.337735e-06
norm(r_4) 0
Newton iteration  1 : ||r|| = 4.33773e-06, ||r||/||r_0|| = 0.345408
Setting time step: 0.085003519 in DGTransportTDO
Setting time step: 0.085003519 in CombinedOp
Setting time step: 0.085003519 in IonStaticPressureOp
norm(r_0) 0
norm(r_1) 0
norm(r_2) 0
norm(r_3) 3.6571817e-05
norm(r_4) 0
Newton iteration  0 : ||r|| = 3.65718e-05
   Pass :  1   Iteration :   0  ||B r|| = 0.0107618 ...
   Pass :  1   Iteration :  23  ||B r|| = 9.17673e-07
norm(r_0) 0
norm(r_1) 0
norm(r_2) 0
norm(r_3) 5.0659768e-06
norm(r_4) 0
Newton iteration  1 : ||r|| = 5.06598e-06, ||r||/||r_0|| = 0.138521
Setting time step: 0.085003519 in DGTransportTDO
Setting time step: 0.085003519 in CombinedOp
Setting time step: 0.085003519 in IonStaticPressureOp
norm(r_0) 0
norm(r_1) 0
norm(r_2) 0
norm(r_3) 5.1922239e-05
norm(r_4) 0
Newton iteration  0 : ||r|| = 5.19222e-05
   Pass :  1   Iteration :   0  ||B r|| = 0.015599 ...
   Pass :  1   Iteration :  25  ||B r|| = 7.84272e-07
norm(r_0) 0
norm(r_1) 0
norm(r_2) 0
norm(r_3) 4.4068564e-06
norm(r_4) 0
Newton iteration  1 : ||r|| = 4.40686e-06, ||r||/||r_0|| = 0.0848742
Setting time step: 0.085003519 in DGTransportTDO
Setting time step: 0.085003519 in CombinedOp
Setting time step: 0.085003519 in IonStaticPressureOp
norm(r_0) 0
norm(r_1) 0
norm(r_2) 0
norm(r_3) 0.00013654903
norm(r_4) 0
Newton iteration  0 : ||r|| = 0.000136549
   Pass :  1   Iteration :   0  ||B r|| = 0.00450086 ...
   Pass :  1   Iteration :  19  ||B r|| = 8.64755e-07
norm(r_0) 0
norm(r_1) 0
norm(r_2) 0
norm(r_3) 4.2908814e-06
norm(r_4) 0
Newton iteration  1 : ||r|| = 4.29088e-06, ||r||/||r_0|| = 0.0314237
Time stepping paused at t = 0.89339758

Estimating errors.
No refinements necessary.
No derefinements needed.

AMR iteration 2
Number of unknowns: 4096
Setting time step: 0.17000704 in DGTransportTDO
Setting time step: 0.17000704 in CombinedOp
Setting time step: 0.17000704 in IonStaticPressureOp
norm(r_0) 0
norm(r_1) 0
norm(r_2) 0
norm(r_3) 8.2451377e-06
norm(r_4) 0
Newton iteration  0 : ||r|| = 8.24514e-06
   Pass :  1   Iteration :   0  ||B r|| = 0.0011419 ...
   Pass :  1   Iteration :  15  ||B r|| = 9.40003e-07
norm(r_0) 0
norm(r_1) 0
norm(r_2) 0
norm(r_3) 7.8770339e-06
norm(r_4) 0
Newton iteration  1 : ||r|| = 7.87703e-06, ||r||/||r_0|| = 0.955355
Setting time step: 0.17000704 in DGTransportTDO
Setting time step: 0.17000704 in CombinedOp
Setting time step: 0.17000704 in IonStaticPressureOp
norm(r_0) 0
norm(r_1) 0
norm(r_2) 0
norm(r_3) 1.5485024e-05
norm(r_4) 0
Newton iteration  0 : ||r|| = 1.5485e-05
   Pass :  1   Iteration :   0  ||B r|| = 0.000435797 ...
   Pass :  1   Iteration :  12  ||B r|| = 9.35252e-07
norm(r_0) 0
norm(r_1) 0
norm(r_2) 0
norm(r_3) 6.4717239e-06
norm(r_4) 0
Newton iteration  1 : ||r|| = 6.47172e-06, ||r||/||r_0|| = 0.417934
Setting time step: 0.17000704 in DGTransportTDO
Setting time step: 0.17000704 in CombinedOp
Setting time step: 0.17000704 in IonStaticPressureOp
norm(r_0) 0
norm(r_1) 0
norm(r_2) 0
norm(r_3) 1.2944429e-05
norm(r_4) 0
Newton iteration  0 : ||r|| = 1.29444e-05
   Pass :  1   Iteration :   0  ||B r|| = 2.08129e-05 ...
   Pass :  1   Iteration :   3  ||B r|| = 9.91769e-07
norm(r_0) 0
norm(r_1) 0
norm(r_2) 0
norm(r_3) 6.1872969e-06
norm(r_4) 0
Newton iteration  1 : ||r|| = 6.1873e-06, ||r||/||r_0|| = 0.477989
Setting time step: 0.17000704 in DGTransportTDO
Setting time step: 0.17000704 in CombinedOp
Setting time step: 0.17000704 in IonStaticPressureOp
norm(r_0) 0
norm(r_1) 0
norm(r_2) 0
norm(r_3) 1.0533224e-05
norm(r_4) 0
Newton iteration  0 : ||r|| = 1.05332e-05
   Pass :  1   Iteration :   0  ||B r|| = 0.000218458 ...
   Pass :  1   Iteration :  10  ||B r|| = 8.63507e-07
norm(r_0) 0
norm(r_1) 0
norm(r_2) 0
norm(r_3) 5.9216388e-06
norm(r_4) 0
Newton iteration  1 : ||r|| = 5.92164e-06, ||r||/||r_0|| = 0.562187
Setting time step: 0.17000704 in DGTransportTDO
Setting time step: 0.17000704 in CombinedOp
Setting time step: 0.17000704 in IonStaticPressureOp
norm(r_0) 0
norm(r_1) 0
norm(r_2) 0
norm(r_3) 0.00023763214
norm(r_4) 0
Newton iteration  0 : ||r|| = 0.000237632
   Pass :  1   Iteration :   0  ||B r|| = 0.000412299 ...
   Pass :  1   Iteration :  16  ||B r|| = 9.63332e-07
norm(r_0) 0
norm(r_1) 0
norm(r_2) 0
norm(r_3) 6.3003611e-06
norm(r_4) 0
Newton iteration  1 : ||r|| = 6.30036e-06, ||r||/||r_0|| = 0.0265131
Setting time step: 0.34001407 in DGTransportTDO
Setting time step: 0.34001407 in CombinedOp
Setting time step: 0.34001407 in IonStaticPressureOp
norm(r_0) 0
norm(r_1) 0
norm(r_2) 0
norm(r_3) 6.3746187e-06
norm(r_4) 0
Newton iteration  0 : ||r|| = 6.37462e-06
   Pass :  1   Iteration :   0  ||B r|| = 8.59989e-05 ...
   Pass :  1   Iteration :   7  ||B r|| = 9.62646e-07
norm(r_0) 0
norm(r_1) 0
norm(r_2) 0
norm(r_3) 1.1819039e-05
norm(r_4) 0
Newton iteration  1 : ||r|| = 1.1819e-05, ||r||/||r_0|| = 1.85408
Setting time step: 0.34001407 in DGTransportTDO
Setting time step: 0.34001407 in CombinedOp
Setting time step: 0.34001407 in IonStaticPressureOp
norm(r_0) 0
norm(r_1) 0
norm(r_2) 0
norm(r_3) 2.5471066e-05
norm(r_4) 0
Newton iteration  0 : ||r|| = 2.54711e-05
   Pass :  1   Iteration :   0  ||B r|| = 5.36906e-05 ...
   Pass :  1   Iteration :   4  ||B r|| = 9.15216e-07
norm(r_0) 0
norm(r_1) 0
norm(r_2) 0
norm(r_3) 8.4760767e-06
norm(r_4) 0
Newton iteration  1 : ||r|| = 8.47608e-06, ||r||/||r_0|| = 0.332773
Setting time step: 0.34001407 in DGTransportTDO
Setting time step: 0.34001407 in CombinedOp
Setting time step: 0.34001407 in IonStaticPressureOp
norm(r_0) 0
norm(r_1) 0
norm(r_2) 0
norm(r_3) 2.0425858e-05
norm(r_4) 0
Newton iteration  0 : ||r|| = 2.04259e-05
   Pass :  1   Iteration :   0  ||B r|| = 1.62298e-05 ...
   Pass :  1   Iteration :   2  ||B r|| = 9.671e-07
norm(r_0) 0
norm(r_1) 0
norm(r_2) 0
norm(r_3) 1.3717517e-05
norm(r_4) 0
Newton iteration  1 : ||r|| = 1.37175e-05, ||r||/||r_0|| = 0.671576
Setting time step: 0.34001407 in DGTransportTDO
Setting time step: 0.34001407 in CombinedOp
Setting time step: 0.34001407 in IonStaticPressureOp
norm(r_0) 0
norm(r_1) 0
norm(r_2) 0
norm(r_3) 1.6290319e-05
norm(r_4) 0
Newton iteration  0 : ||r|| = 1.62903e-05
   Pass :  1   Iteration :   0  ||B r|| = 2.6206e-06 ...
   Pass :  1   Iteration :   3  ||B r|| = 7.80935e-07
norm(r_0) 0
norm(r_1) 0
norm(r_2) 0
norm(r_3) 8.6883133e-06
norm(r_4) 0
Newton iteration  1 : ||r|| = 8.68831e-06, ||r||/||r_0|| = 0.533342
Setting time step: 0.34001407 in DGTransportTDO
Setting time step: 0.34001407 in CombinedOp
Setting time step: 0.34001407 in IonStaticPressureOp
norm(r_0) 0
norm(r_1) 0
norm(r_2) 0
norm(r_3) 0.00058750835
norm(r_4) 0
Newton iteration  0 : ||r|| = 0.000587508
   Pass :  1   Iteration :   0  ||B r|| = 0.000128528 ...
   Pass :  1   Iteration :   9  ||B r|| = 7.0639e-07
norm(r_0) 0
norm(r_1) 0
norm(r_2) 0
norm(r_3) 1.0953418e-05
norm(r_4) 0
Newton iteration  1 : ||r|| = 1.09534e-05, ||r||/||r_0|| = 0.0186439
Setting time step: 0.68002815 in DGTransportTDO
Setting time step: 0.68002815 in CombinedOp
Setting time step: 0.68002815 in IonStaticPressureOp
norm(r_0) 0
norm(r_1) 0
norm(r_2) 0
norm(r_3) 1.0957329e-05
norm(r_4) 0
Newton iteration  0 : ||r|| = 1.09573e-05
   Pass :  1   Iteration :   0  ||B r|| = 1.03759e-05 ...
   Pass :  1   Iteration :   2  ||B r|| = 5.68466e-07
norm(r_0) 0
norm(r_1) 0
norm(r_2) 0
norm(r_3) 8.4257619e-06
norm(r_4) 0
Newton iteration  1 : ||r|| = 8.42576e-06, ||r||/||r_0|| = 0.768961
Setting time step: 0.68002815 in DGTransportTDO
Setting time step: 0.68002815 in CombinedOp
Setting time step: 0.68002815 in IonStaticPressureOp
norm(r_0) 0
norm(r_1) 0
norm(r_2) 0
norm(r_3) 1.5041966e-05
norm(r_4) 0
Newton iteration  0 : ||r|| = 1.5042e-05
   Pass :  1   Iteration :   0  ||B r|| = 9.26789e-06 ...
   Pass :  1   Iteration :   1  ||B r|| = 4.86252e-07
norm(r_0) 0
norm(r_1) 0
norm(r_2) 0
norm(r_3) 7.5069989e-06
norm(r_4) 0
Newton iteration  1 : ||r|| = 7.507e-06, ||r||/||r_0|| = 0.49907
Setting time step: 0.68002815 in DGTransportTDO
Setting time step: 0.68002815 in CombinedOp
Setting time step: 0.68002815 in IonStaticPressureOp
norm(r_0) 0
norm(r_1) 0
norm(r_2) 0
norm(r_3) 1.1802458e-05
norm(r_4) 0
Newton iteration  0 : ||r|| = 1.18025e-05
   Pass :  1   Iteration :   0  ||B r|| = 4.44716e-06 ...
   Pass :  1   Iteration :   1  ||B r|| = 5.15915e-07
norm(r_0) 0
norm(r_1) 0
norm(r_2) 0
norm(r_3) 7.134966e-06
norm(r_4) 0
Newton iteration  1 : ||r|| = 7.13497e-06, ||r||/||r_0|| = 0.604532
Setting time step: 0.68002815 in DGTransportTDO
Setting time step: 0.68002815 in CombinedOp
Setting time step: 0.68002815 in IonStaticPressureOp
norm(r_0) 0
norm(r_1) 0
norm(r_2) 0
norm(r_3) 9.7363932e-06
norm(r_4) 0
Newton iteration  0 : ||r|| = 9.73639e-06
   Pass :  1   Iteration :   0  ||B r|| = 1.77527e-06 ...
   Pass :  1   Iteration :   1  ||B r|| = 5.84241e-07
norm(r_0) 0
norm(r_1) 0
norm(r_2) 0
norm(r_3) 6.8600672e-06
norm(r_4) 0
Newton iteration  1 : ||r|| = 6.86007e-06, ||r||/||r_0|| = 0.70458
Setting time step: 0.68002815 in DGTransportTDO
Setting time step: 0.68002815 in CombinedOp
Setting time step: 0.68002815 in IonStaticPressureOp
norm(r_0) 0
norm(r_1) 0
norm(r_2) 0
norm(r_3) 4.9730733e-05
norm(r_4) 0
Newton iteration  0 : ||r|| = 4.97307e-05
   Pass :  1   Iteration :   0  ||B r|| = 2.10792e-05 ...
   Pass :  1   Iteration :   1  ||B r|| = 6.95105e-07
norm(r_0) 0
norm(r_1) 0
norm(r_2) 0
norm(r_3) 1.3436344e-05
norm(r_4) 0
Newton iteration  1 : ||r|| = 1.34363e-05, ||r||/||r_0|| = 0.270182
Setting time step: 1.3600563 in DGTransportTDO
Setting time step: 1.3600563 in CombinedOp
Setting time step: 1.3600563 in IonStaticPressureOp
norm(r_0) 0
norm(r_1) 0
norm(r_2) 0
norm(r_3) 1.3436244e-05
norm(r_4) 0
Newton iteration  0 : ||r|| = 1.34362e-05
   Pass :  1   Iteration :   0  ||B r|| = 4.58868e-07
norm(r_0) 0
norm(r_1) 0
norm(r_2) 0
norm(r_3) 1.3436244e-05
norm(r_4) 0
Newton iteration  1 : ||r|| = 1.34362e-05, ||r||/||r_0|| = 1
Setting time step: 1.3600563 in DGTransportTDO
Setting time step: 1.3600563 in CombinedOp
Setting time step: 1.3600563 in IonStaticPressureOp
norm(r_0) 0
norm(r_1) 0
norm(r_2) 0
norm(r_3) 1.3436244e-05
norm(r_4) 0
Newton iteration  0 : ||r|| = 1.34362e-05
   Pass :  1   Iteration :   0  ||B r|| = 4.58868e-07
norm(r_0) 0
norm(r_1) 0
norm(r_2) 0
norm(r_3) 1.3436244e-05
norm(r_4) 0
Newton iteration  1 : ||r|| = 1.34362e-05, ||r||/||r_0|| = 1
Setting time step: 1.3600563 in DGTransportTDO
Setting time step: 1.3600563 in CombinedOp
Setting time step: 1.3600563 in IonStaticPressureOp
norm(r_0) 0
norm(r_1) 0
norm(r_2) 0
norm(r_3) 1.3436244e-05
norm(r_4) 0
Newton iteration  0 : ||r|| = 1.34362e-05
   Pass :  1   Iteration :   0  ||B r|| = 4.58868e-07
norm(r_0) 0
norm(r_1) 0
norm(r_2) 0
norm(r_3) 1.3436244e-05
norm(r_4) 0
Newton iteration  1 : ||r|| = 1.34362e-05, ||r||/||r_0|| = 1
Setting time step: 1.3600563 in DGTransportTDO
Setting time step: 1.3600563 in CombinedOp
Setting time step: 1.3600563 in IonStaticPressureOp
norm(r_0) 0
norm(r_1) 0
norm(r_2) 0
norm(r_3) 1.3436244e-05
norm(r_4) 0
Newton iteration  0 : ||r|| = 1.34362e-05
   Pass :  1   Iteration :   0  ||B r|| = 4.58868e-07
norm(r_0) 0
norm(r_1) 0
norm(r_2) 0
norm(r_3) 1.3436244e-05
norm(r_4) 0
Newton iteration  1 : ||r|| = 1.34362e-05, ||r||/||r_0|| = 1
Setting time step: 1.3600563 in DGTransportTDO
Setting time step: 1.3600563 in CombinedOp
Setting time step: 1.3600563 in IonStaticPressureOp
norm(r_0) 0
norm(r_1) 0
norm(r_2) 0
norm(r_3) 1.3436244e-05
norm(r_4) 0
Newton iteration  0 : ||r|| = 1.34362e-05
   Pass :  1   Iteration :   0  ||B r|| = 4.58868e-07
norm(r_0) 0
norm(r_1) 0
norm(r_2) 0
norm(r_3) 1.3436244e-05
norm(r_4) 0
Newton iteration  1 : ||r|| = 1.34362e-05, ||r||/||r_0|| = 1
Time stepping paused at t = 11.09382
Steady State solution has been reached

Time stepping done after 3.0786145s.
