Options used:
   --mesh ../../mfem/data/inline-quad.mesh
   --bc-file /home/gz6/mfem-analysis/input-files/transport2d_bcs.inp
   --ic-file /home/gz6/mfem-analysis/input-files/transport2d_ics.inp
   --ec-file /home/gz6/mfem-analysis/input-files/transport2d_ecs.inp
   --es-file /home/gz6/mfem-analysis/input-files/transport2d_ess.inp
   --eqdsk-file 
   --logging 1
   --operator-test 8
   --equation-weights '1 1 1 1 1'
   --problem 0
   --refine-serial 3
   --refine-parallel 0
   --disable-amr
   --max-err -1
   --hysteresis 0.25
   --nc-limit 3
   --amr-weights '1 1 1 1 1'
   --order 2
   --dg-sigma -1
   --dg-kappa 300
   --linear-abs-tolerance 1e-06
   --linear-rel-tolerance 1e-06
   --linear-max-iterations 300
   --linear-logging-level 3
   --newton-abs-tolerance 1e-10
   --newton-rel-tolerance 1e-10
   --newton-max-iterations 1
   --newton-logging-level 1
   --steady-state-abs-tolerance 1e-08
   --steady-state-rel-tolerance 1e-08
   --prec-type 1
   --prec-logging-level 0
   --initial-tolerance 1e-05
   --ode-tolerance 0.001
   --ode-solver 2
   --err-per-step
   --ode-weights '1 1 1 1 1'
   --kP 0
   --kI 0.6
   --kD 0
   --dead-zone-min 0.95
   --dead-zone-max 1.05
   --theta-max 2
   --t-minimum 0
   --t-final 200
   --time-step 0.01
   --cfl-number 0.3
   --ion-charge 1
   --ion-mass 2.01410178
   --neutral-mass 2.01410178
   --neutral-temp 3
   --min-neutral-density 900000000000000
   --max-neutral-density 1000000000000000
   --neutral-density-exp 0
   --min-ion-density 1e+16
   --max-ion-density 1e+18
   --ion-density-exp 0
   --min-ion-temp 1
   --max-ion-temp 10
   --ion-temp-exp 0
   --min-electron-temp 10
   --max-electron-temp 440
   --electron-temp-exp 0
   --total-B-magnitude 5
   --poloidal-B-magnitude 0.5
   --velocity 1000
   --Di-perp 1
   --Xi-perp 1
   --Xe-perp 1
   --equation-term-flags '-1 -1 -1 -1 -1'
   --visualization-flags '-1 -1 -1 -1 -1'
   --visualization
   --visit-datafiles
   --ascii-datafiles
   --no-check-gradient
   --visualization-steps 4
Device configuration: cpu
Memory configuration: host-std
Number of elements in initial mesh: 16
Number of elements after serial refinement: 1024
8: Number of elements in parallel mesh: 64
8: Number of elements after parallel refinement: 64
11: Number of elements in parallel mesh: 64
11: Number of elements after parallel refinement: 64
3: Number of elements in parallel mesh: 64
3: Number of elements after parallel refinement: 64
0: Number of elements in parallel mesh: 64
0: Number of elements after parallel refinement: 64
6: Number of elements in parallel mesh: 64
6: Number of elements after parallel refinement: 64
7: Number of elements in parallel mesh: 64
7: Number of elements after parallel refinement: 64
15: Number of elements in parallel mesh: 64
15: Number of elements after parallel refinement: 64
5: Number of elements in parallel mesh: 64
5: Number of elements after parallel refinement: 64
4: Number of elements in parallel mesh: 64
4: Number of elements after parallel refinement: 64
12: Number of elements in parallel mesh: 64
12: Number of elements after parallel refinement: 64
2: Number of elements in parallel mesh: 64
2: Number of elements after parallel refinement: 64
10: Number of elements in parallel mesh: 64
10: Number of elements after parallel refinement: 64
14: Number of elements in parallel mesh: 64
14: Number of elements after parallel refinement: 64
13: Number of elements in parallel mesh: 64
13: Number of elements after parallel refinement: 64
1: Number of elements in parallel mesh: 64
1: Number of elements after parallel refinement: 64
9: Number of elements in parallel mesh: 64
9: Number of elements after parallel refinement: 64
Configuring initial conditions
Reading initial conditions from /home/gz6/mfem-analysis/input-files/transport2d_ics.inp
Configuring exact solutions
Reading exact solutions from /home/gz6/mfem-analysis/input-files/transport2d_ess.inp
Number of unknowns per field: 9216
Total number of unknowns:     46080
Configuring boundary conditions
Reading boundary conditions from /home/gz6/mfem-analysis/input-files/transport2d_bcs.inp
Configuring equation coefficients
Reading equation coefficients from /home/gz6/mfem-analysis/input-files/transport2d_ecs.inp
Ion Static Pressure: Adding time derivative term proportional to d n_i / dt
Ion Static Pressure: Adding time derivative term proportional to d T_i / dt
Ion Static Pressure: Adding anisotropic diffusion term
Ion Static Pressure: Adding source term
Opening GLVis sockets.
Range of error estimates for initial condition: 7.452254475399678e-18 < elem err < 1.058676089669504e-17

Begin time stepping at t = 0
Setting time step: 0.0025 in DGTransportTDO
Setting time step: 0.0025 in CombinedOp
Setting time step: 0.0025 in IonStaticPressureOp
norm(r_0) 0
norm(r_1) 0
norm(r_2) 0
norm(r_3) 0.1085199557990149
norm(r_4) 0
Newton iteration  0 : ||r|| = 0.10852
   Pass :  1   Iteration :   0  ||B r|| = 13.7654 ...
   Pass :  6   Iteration : 300  ||B r|| = 0.00136956
GMRES: No convergence!
norm(r_0) 0
norm(r_1) 0
norm(r_2) 0
norm(r_3) 0.3536003771941658
norm(r_4) 0
Newton iteration  1 : ||r|| = 0.3536, ||r||/||r_0|| = 3.25839
Setting time step: 0.0025 in DGTransportTDO
Setting time step: 0.0025 in CombinedOp
Setting time step: 0.0025 in IonStaticPressureOp
norm(r_0) 0
norm(r_1) 0
norm(r_2) 0
norm(r_3) 0.7141327096885622
norm(r_4) 0
Newton iteration  0 : ||r|| = 0.714133
   Pass :  1   Iteration :   0  ||B r|| = 12.9649 ...
   Pass :  6   Iteration : 300  ||B r|| = 0.0013952
GMRES: No convergence!
norm(r_0) 0
norm(r_1) 0
norm(r_2) 0
norm(r_3) 0.3123674789086344
norm(r_4) 0
Newton iteration  1 : ||r|| = 0.312367, ||r||/||r_0|| = 0.437408
Setting time step: 0.0025 in DGTransportTDO
Setting time step: 0.0025 in CombinedOp
Setting time step: 0.0025 in IonStaticPressureOp
norm(r_0) 0
norm(r_1) 0
norm(r_2) 0
norm(r_3) 0.5695995431964677
norm(r_4) 0
Newton iteration  0 : ||r|| = 0.5696
   Pass :  1   Iteration :   0  ||B r|| = 13.2997 ...
   Pass :  6   Iteration : 300  ||B r|| = 0.00139194
GMRES: No convergence!
norm(r_0) 0
norm(r_1) 0
norm(r_2) 0
norm(r_3) 0.3135402674629129
norm(r_4) 0
Newton iteration  1 : ||r|| = 0.31354, ||r||/||r_0|| = 0.550457
Setting time step: 0.0025 in DGTransportTDO
Setting time step: 0.0025 in CombinedOp
Setting time step: 0.0025 in IonStaticPressureOp
norm(r_0) 0
norm(r_1) 0
norm(r_2) 0
norm(r_3) 0.4600905333671632
norm(r_4) 0
Newton iteration  0 : ||r|| = 0.460091
   Pass :  1   Iteration :   0  ||B r|| = 13.3755 ...
   Pass :  6   Iteration : 300  ||B r|| = 0.00138057
GMRES: No convergence!
norm(r_0) 0
norm(r_1) 0
norm(r_2) 0
norm(r_3) 0.3198783010884464
norm(r_4) 0
Newton iteration  1 : ||r|| = 0.319878, ||r||/||r_0|| = 0.695251
Setting time step: 0.0025 in DGTransportTDO
Setting time step: 0.0025 in CombinedOp
Setting time step: 0.0025 in IonStaticPressureOp
norm(r_0) 0
norm(r_1) 0
norm(r_2) 0
norm(r_3) 3.660312559588984
norm(r_4) 0
Newton iteration  0 : ||r|| = 3.66031
   Pass :  1   Iteration :   0  ||B r|| = 12.4349 ...
   Pass :  6   Iteration : 300  ||B r|| = 0.00153693
GMRES: No convergence!
norm(r_0) 0
norm(r_1) 0
norm(r_2) 0
norm(r_3) 0.3211770861650417
norm(r_4) 0
Newton iteration  1 : ||r|| = 0.321177, ||r||/||r_0|| = 0.0877458
Setting time step: 0.002368665665750155 in DGTransportTDO
Setting time step: 0.002368665665750155 in CombinedOp
Setting time step: 0.002368665665750155 in IonStaticPressureOp
norm(r_0) 0
norm(r_1) 0
norm(r_2) 0
norm(r_3) 0.334637523383165
norm(r_4) 0
Newton iteration  0 : ||r|| = 0.334638
   Pass :  1   Iteration :   0  ||B r|| = 12.5879 ...
   Pass :  6   Iteration : 300  ||B r|| = 0.00142193
GMRES: No convergence!
norm(r_0) 0
norm(r_1) 0
norm(r_2) 0
norm(r_3) 0.2765189077454808
norm(r_4) 0
Newton iteration  1 : ||r|| = 0.276519, ||r||/||r_0|| = 0.826324
Setting time step: 0.002368665665750155 in DGTransportTDO
Setting time step: 0.002368665665750155 in CombinedOp
Setting time step: 0.002368665665750155 in IonStaticPressureOp
norm(r_0) 0
norm(r_1) 0
norm(r_2) 0
norm(r_3) 0.4377249213834961
norm(r_4) 0
Newton iteration  0 : ||r|| = 0.437725
   Pass :  1   Iteration :   0  ||B r|| = 11.7981 ...
   Pass :  6   Iteration : 300  ||B r|| = 0.00140177
GMRES: No convergence!
norm(r_0) 0
norm(r_1) 0
norm(r_2) 0
norm(r_3) 0.3506947110178051
norm(r_4) 0
Newton iteration  1 : ||r|| = 0.350695, ||r||/||r_0|| = 0.801176
Setting time step: 0.002368665665750155 in DGTransportTDO
Setting time step: 0.002368665665750155 in CombinedOp
Setting time step: 0.002368665665750155 in IonStaticPressureOp
norm(r_0) 0
norm(r_1) 0
norm(r_2) 0
norm(r_3) 0.3664067425062835
norm(r_4) 0
Newton iteration  0 : ||r|| = 0.366407
   Pass :  1   Iteration :   0  ||B r|| = 12.1086 ...
   Pass :  6   Iteration : 300  ||B r|| = 0.0014017
GMRES: No convergence!
norm(r_0) 0
norm(r_1) 0
norm(r_2) 0
norm(r_3) 0.3603245499711275
norm(r_4) 0
Newton iteration  1 : ||r|| = 0.360325, ||r||/||r_0|| = 0.9834
Setting time step: 0.002368665665750155 in DGTransportTDO
Setting time step: 0.002368665665750155 in CombinedOp
Setting time step: 0.002368665665750155 in IonStaticPressureOp
norm(r_0) 0
norm(r_1) 0
norm(r_2) 0
norm(r_3) 0.320370818697556
norm(r_4) 0
Newton iteration  0 : ||r|| = 0.320371
   Pass :  1   Iteration :   0  ||B r|| = 12.1884 ...
   Pass :  6   Iteration : 300  ||B r|| = 0.00140874
GMRES: No convergence!
norm(r_0) 0
norm(r_1) 0
norm(r_2) 0
norm(r_3) 0.3674291193175424
norm(r_4) 0
Newton iteration  1 : ||r|| = 0.367429, ||r||/||r_0|| = 1.14689
Setting time step: 0.002368665665750155 in DGTransportTDO
Setting time step: 0.002368665665750155 in CombinedOp
Setting time step: 0.002368665665750155 in IonStaticPressureOp
norm(r_0) 0
norm(r_1) 0
norm(r_2) 0
norm(r_3) 4.025440051652358
norm(r_4) 0
Newton iteration  0 : ||r|| = 4.02544
   Pass :  1   Iteration :   0  ||B r|| = 11.3919 ...
   Pass :  6   Iteration : 300  ||B r|| = 0.00137637
GMRES: No convergence!
norm(r_0) 0
norm(r_1) 0
norm(r_2) 0
norm(r_3) 0.2578767283657745
norm(r_4) 0
Newton iteration  1 : ||r|| = 0.257877, ||r||/||r_0|| = 0.0640617
Setting time step: 0.00473733133150031 in DGTransportTDO
Setting time step: 0.00473733133150031 in CombinedOp
Setting time step: 0.00473733133150031 in IonStaticPressureOp
norm(r_0) 0
norm(r_1) 0
norm(r_2) 0
norm(r_3) 0.2711268267055684
norm(r_4) 0
Newton iteration  0 : ||r|| = 0.271127
   Pass :  1   Iteration :   0  ||B r|| = 5.61519 ...
   Pass :  6   Iteration : 300  ||B r|| = 0.00135617
GMRES: No convergence!
norm(r_0) 0
norm(r_1) 0
norm(r_2) 0
norm(r_3) 0.5332472930579608
norm(r_4) 0
Newton iteration  1 : ||r|| = 0.533247, ||r||/||r_0|| = 1.96678
Setting time step: 0.00473733133150031 in DGTransportTDO
Setting time step: 0.00473733133150031 in CombinedOp
Setting time step: 0.00473733133150031 in IonStaticPressureOp
norm(r_0) 0
norm(r_1) 0
norm(r_2) 0
norm(r_3) 0.9603147021065456
norm(r_4) 0
Newton iteration  0 : ||r|| = 0.960315
   Pass :  1   Iteration :   0  ||B r|| = 4.93963 ...
   Pass :  6   Iteration : 300  ||B r|| = 0.00140197
GMRES: No convergence!
norm(r_0) 0
norm(r_1) 0
norm(r_2) 0
norm(r_3) 0.5896581373645369
norm(r_4) 0
Newton iteration  1 : ||r|| = 0.589658, ||r||/||r_0|| = 0.614026
Setting time step: 0.00473733133150031 in DGTransportTDO
Setting time step: 0.00473733133150031 in CombinedOp
Setting time step: 0.00473733133150031 in IonStaticPressureOp
norm(r_0) 0
norm(r_1) 0
norm(r_2) 0
norm(r_3) 0.7782708265258153
norm(r_4) 0
Newton iteration  0 : ||r|| = 0.778271
   Pass :  1   Iteration :   0  ||B r|| = 5.21442 ...
   Pass :  6   Iteration : 300  ||B r|| = 0.00140322
GMRES: No convergence!
norm(r_0) 0
norm(r_1) 0
norm(r_2) 0
norm(r_3) 0.5038355424669569
norm(r_4) 0
Newton iteration  1 : ||r|| = 0.503836, ||r||/||r_0|| = 0.647378
Setting time step: 0.00473733133150031 in DGTransportTDO
Setting time step: 0.00473733133150031 in CombinedOp
Setting time step: 0.00473733133150031 in IonStaticPressureOp
norm(r_0) 0
norm(r_1) 0
norm(r_2) 0
norm(r_3) 0.6454331470976237
norm(r_4) 0
Newton iteration  0 : ||r|| = 0.645433
   Pass :  1   Iteration :   0  ||B r|| = 5.27958 ...
   Pass :  6   Iteration : 300  ||B r|| = 0.00138881
GMRES: No convergence!
norm(r_0) 0
norm(r_1) 0
norm(r_2) 0
norm(r_3) 0.5145754048240783
norm(r_4) 0
Newton iteration  1 : ||r|| = 0.514575, ||r||/||r_0|| = 0.797256
Setting time step: 0.00473733133150031 in DGTransportTDO
Setting time step: 0.00473733133150031 in CombinedOp
Setting time step: 0.00473733133150031 in IonStaticPressureOp
norm(r_0) 0
norm(r_1) 0
norm(r_2) 0
norm(r_3) 5.843975379602301
norm(r_4) 0
Newton iteration  0 : ||r|| = 5.84398
   Pass :  1   Iteration :   0  ||B r|| = 4.4172 ...
   Pass :  6   Iteration : 300  ||B r|| = 0.0013046
GMRES: No convergence!
norm(r_0) 0
norm(r_1) 0
norm(r_2) 0
norm(r_3) 0.7478836549152004
norm(r_4) 0
Newton iteration  1 : ||r|| = 0.747884, ||r||/||r_0|| = 0.127975
Setting time step: 0.00473733133150031 in DGTransportTDO
Setting time step: 0.00473733133150031 in CombinedOp
Setting time step: 0.00473733133150031 in IonStaticPressureOp
norm(r_0) 0
norm(r_1) 0
norm(r_2) 0
norm(r_3) 0.7506916281112856
norm(r_4) 0
Newton iteration  0 : ||r|| = 0.750692
   Pass :  1   Iteration :   0  ||B r|| = 4.23304 ...
   Pass :  6   Iteration : 300  ||B r|| = 0.00128493
GMRES: No convergence!
norm(r_0) 0
norm(r_1) 0
norm(r_2) 0
norm(r_3) 0.4110376083636572
norm(r_4) 0
Newton iteration  1 : ||r|| = 0.411038, ||r||/||r_0|| = 0.547545
Setting time step: 0.00473733133150031 in DGTransportTDO
Setting time step: 0.00473733133150031 in CombinedOp
Setting time step: 0.00473733133150031 in IonStaticPressureOp
norm(r_0) 0
norm(r_1) 0
norm(r_2) 0
norm(r_3) 0.7419169629474792
norm(r_4) 0
Newton iteration  0 : ||r|| = 0.741917
   Pass :  1   Iteration :   0  ||B r|| = 3.78132 ...
   Pass :  6   Iteration : 300  ||B r|| = 0.00114499
GMRES: No convergence!
norm(r_0) 0
norm(r_1) 0
norm(r_2) 0
norm(r_3) 0.5239271696808884
norm(r_4) 0
Newton iteration  1 : ||r|| = 0.523927, ||r||/||r_0|| = 0.70618
Setting time step: 0.00473733133150031 in DGTransportTDO
Setting time step: 0.00473733133150031 in CombinedOp
Setting time step: 0.00473733133150031 in IonStaticPressureOp
norm(r_0) 0
norm(r_1) 0
norm(r_2) 0
norm(r_3) 0.5656350316344397
norm(r_4) 0
Newton iteration  0 : ||r|| = 0.565635
   Pass :  1   Iteration :   0  ||B r|| = 3.96345 ...
   Pass :  6   Iteration : 300  ||B r|| = 0.00120575
GMRES: No convergence!
norm(r_0) 0
norm(r_1) 0
norm(r_2) 0
norm(r_3) 0.4982800192411522
norm(r_4) 0
Newton iteration  1 : ||r|| = 0.49828, ||r||/||r_0|| = 0.880921
Setting time step: 0.00473733133150031 in DGTransportTDO
Setting time step: 0.00473733133150031 in CombinedOp
Setting time step: 0.00473733133150031 in IonStaticPressureOp
norm(r_0) 0
norm(r_1) 0
norm(r_2) 0
norm(r_3) 0.4609700324626381
norm(r_4) 0
Newton iteration  0 : ||r|| = 0.46097
   Pass :  1   Iteration :   0  ||B r|| = 4.00777 ...
   Pass :  6   Iteration : 300  ||B r|| = 0.00121769
GMRES: No convergence!
norm(r_0) 0
norm(r_1) 0
norm(r_2) 0
norm(r_3) 0.4863761650977679
norm(r_4) 0
Newton iteration  1 : ||r|| = 0.486376, ||r||/||r_0|| = 1.05511
Setting time step: 0.00473733133150031 in DGTransportTDO
Setting time step: 0.00473733133150031 in CombinedOp
Setting time step: 0.00473733133150031 in IonStaticPressureOp
norm(r_0) 0
norm(r_1) 0
norm(r_2) 0
norm(r_3) 6.23083070141304
norm(r_4) 0
Newton iteration  0 : ||r|| = 6.23083
   Pass :  1   Iteration :   0  ||B r|| = 3.52854 ...
   Pass :  6   Iteration : 300  ||B r|| = 0.000953826
GMRES: No convergence!
norm(r_0) 0
norm(r_1) 0
norm(r_2) 0
norm(r_3) 0.5585827905029698
norm(r_4) 0
Newton iteration  1 : ||r|| = 0.558583, ||r||/||r_0|| = 0.0896482
Time stepping paused at t = 0.0573733133150031

Estimating errors.
Setting time step: 0.00762407220681401 in DGTransportTDO
Setting time step: 0.00762407220681401 in CombinedOp
Setting time step: 0.00762407220681401 in IonStaticPressureOp
norm(r_0) 0
norm(r_1) 0
norm(r_2) 0
norm(r_3) 0.561054073121611
norm(r_4) 0
Newton iteration  0 : ||r|| = 0.561054
   Pass :  1   Iteration :   0  ||B r|| = 2.09264 ...
   Pass :  6   Iteration : 300  ||B r|| = 0.00110241
GMRES: No convergence!
norm(r_0) 0
norm(r_1) 0
norm(r_2) 0
norm(r_3) 0.8681301738721892
norm(r_4) 0
Newton iteration  1 : ||r|| = 0.86813, ||r||/||r_0|| = 1.54732
Setting time step: 0.00762407220681401 in DGTransportTDO
Setting time step: 0.00762407220681401 in CombinedOp
Setting time step: 0.00762407220681401 in IonStaticPressureOp
norm(r_0) 0
norm(r_1) 0
norm(r_2) 0
norm(r_3) 1.68512086427526
norm(r_4) 0
Newton iteration  0 : ||r|| = 1.68512
   Pass :  1   Iteration :   0  ||B r|| = 1.59866 ...
   Pass :  6   Iteration : 300  ||B r|| = 0.000966241
GMRES: No convergence!
norm(r_0) 0
norm(r_1) 0
norm(r_2) 0
norm(r_3) 1.150706820474271
norm(r_4) 0
Newton iteration  1 : ||r|| = 1.15071, ||r||/||r_0|| = 0.682863
Setting time step: 0.00762407220681401 in DGTransportTDO
Setting time step: 0.00762407220681401 in CombinedOp
Setting time step: 0.00762407220681401 in IonStaticPressureOp
norm(r_0) 0
norm(r_1) 0
norm(r_2) 0
norm(r_3) 1.400921820543935
norm(r_4) 0
Newton iteration  0 : ||r|| = 1.40092
   Pass :  1   Iteration :   0  ||B r|| = 1.7769 ...
   Pass :  6   Iteration : 300  ||B r|| = 0.00107038
GMRES: No convergence!
norm(r_0) 0
norm(r_1) 0
norm(r_2) 0
norm(r_3) 1.194566799971922
norm(r_4) 0
Newton iteration  1 : ||r|| = 1.19457, ||r||/||r_0|| = 0.852701
Setting time step: 0.00762407220681401 in DGTransportTDO
Setting time step: 0.00762407220681401 in CombinedOp
Setting time step: 0.00762407220681401 in IonStaticPressureOp
norm(r_0) 0
norm(r_1) 0
norm(r_2) 0
norm(r_3) 1.137951356796059
norm(r_4) 0
Newton iteration  0 : ||r|| = 1.13795
   Pass :  1   Iteration :   0  ||B r|| = 1.82854 ...
   Pass :  6   Iteration : 300  ||B r|| = 0.00113343
GMRES: No convergence!
norm(r_0) 0
norm(r_1) 0
norm(r_2) 0
norm(r_3) 1.668434616226941
norm(r_4) 0
Newton iteration  1 : ||r|| = 1.66843, ||r||/||r_0|| = 1.46617
Setting time step: 0.00762407220681401 in DGTransportTDO
Setting time step: 0.00762407220681401 in CombinedOp
Setting time step: 0.00762407220681401 in IonStaticPressureOp
norm(r_0) 0
norm(r_1) 0
norm(r_2) 0
norm(r_3) 38.20600310959936
norm(r_4) 0
Newton iteration  0 : ||r|| = 38.206
   Pass :  1   Iteration :   0  ||B r|| = 1.82283 ...
   Pass :  6   Iteration : 300  ||B r|| = 0.000724791
GMRES: No convergence!
norm(r_0) 0
norm(r_1) 0
norm(r_2) 0
norm(r_3) 0.7965860850475152
norm(r_4) 0
Newton iteration  1 : ||r|| = 0.796586, ||r||/||r_0|| = 0.0208498
Setting time step: 0.002341583027770672 in DGTransportTDO
Setting time step: 0.002341583027770672 in CombinedOp
Setting time step: 0.002341583027770672 in IonStaticPressureOp
norm(r_0) 0
norm(r_1) 0
norm(r_2) 0
norm(r_3) 0.561054073121611
norm(r_4) 0
Newton iteration  0 : ||r|| = 0.561054
   Pass :  1   Iteration :   0  ||B r|| = 6.67997 ...
   Pass :  6   Iteration : 300  ||B r|| = 0.0011727
GMRES: No convergence!
norm(r_0) 0
norm(r_1) 0
norm(r_2) 0
norm(r_3) 0.2045011560283069
norm(r_4) 0
Newton iteration  1 : ||r|| = 0.204501, ||r||/||r_0|| = 0.364495
Setting time step: 0.002341583027770672 in DGTransportTDO
Setting time step: 0.002341583027770672 in CombinedOp
Setting time step: 0.002341583027770672 in IonStaticPressureOp
norm(r_0) 0
norm(r_1) 0
norm(r_2) 0
norm(r_3) 0.5063265618643659
norm(r_4) 0
Newton iteration  0 : ||r|| = 0.506327
   Pass :  1   Iteration :   0  ||B r|| = 6.17371 ...
   Pass :  6   Iteration : 300  ||B r|| = 0.00104116
GMRES: No convergence!
norm(r_0) 0
norm(r_1) 0
norm(r_2) 0
norm(r_3) 0.1937899771391607
norm(r_4) 0
Newton iteration  1 : ||r|| = 0.19379, ||r||/||r_0|| = 0.382737
Setting time step: 0.002341583027770672 in DGTransportTDO
Setting time step: 0.002341583027770672 in CombinedOp
Setting time step: 0.002341583027770672 in IonStaticPressureOp
norm(r_0) 0
norm(r_1) 0
norm(r_2) 0
norm(r_3) 0.32859672268087
norm(r_4) 0
Newton iteration  0 : ||r|| = 0.328597
   Pass :  1   Iteration :   0  ||B r|| = 6.34551 ...
   Pass :  6   Iteration : 300  ||B r|| = 0.00108662
GMRES: No convergence!
norm(r_0) 0
norm(r_1) 0
norm(r_2) 0
norm(r_3) 0.1834804579198724
norm(r_4) 0
Newton iteration  1 : ||r|| = 0.18348, ||r||/||r_0|| = 0.558376
Setting time step: 0.002341583027770672 in DGTransportTDO
Setting time step: 0.002341583027770672 in CombinedOp
Setting time step: 0.002341583027770672 in IonStaticPressureOp
norm(r_0) 0
norm(r_1) 0
norm(r_2) 0
norm(r_3) 0.236820878299265
norm(r_4) 0
Newton iteration  0 : ||r|| = 0.236821
   Pass :  1   Iteration :   0  ||B r|| = 6.40384 ...
   Pass :  6   Iteration : 300  ||B r|| = 0.00108199
GMRES: No convergence!
norm(r_0) 0
norm(r_1) 0
norm(r_2) 0
norm(r_3) 0.2134687351565138
norm(r_4) 0
Newton iteration  1 : ||r|| = 0.213469, ||r||/||r_0|| = 0.901393
Setting time step: 0.002341583027770672 in DGTransportTDO
Setting time step: 0.002341583027770672 in CombinedOp
Setting time step: 0.002341583027770672 in IonStaticPressureOp
norm(r_0) 0
norm(r_1) 0
norm(r_2) 0
norm(r_3) 4.533155788390204
norm(r_4) 0
Newton iteration  0 : ||r|| = 4.53316
   Pass :  1   Iteration :   0  ||B r|| = 6.35391 ...
   Pass :  6   Iteration : 300  ||B r|| = 0.000896085
GMRES: No convergence!
norm(r_0) 0
norm(r_1) 0
norm(r_2) 0
norm(r_3) 0.1625867147937921
norm(r_4) 0
Newton iteration  1 : ||r|| = 0.162587, ||r||/||r_0|| = 0.0358661
Setting time step: 0.003051389310308854 in DGTransportTDO
Setting time step: 0.003051389310308854 in CombinedOp
Setting time step: 0.003051389310308854 in IonStaticPressureOp
norm(r_0) 0
norm(r_1) 0
norm(r_2) 0
norm(r_3) 0.1693503538679695
norm(r_4) 0
Newton iteration  0 : ||r|| = 0.16935
   Pass :  1   Iteration :   0  ||B r|| = 4.66621 ...
   Pass :  6   Iteration : 300  ||B r|| = 0.000907868
GMRES: No convergence!
norm(r_0) 0
norm(r_1) 0
norm(r_2) 0
norm(r_3) 0.2304929385464878
norm(r_4) 0
Newton iteration  1 : ||r|| = 0.230493, ||r||/||r_0|| = 1.36104
Setting time step: 0.003051389310308854 in DGTransportTDO
Setting time step: 0.003051389310308854 in CombinedOp
Setting time step: 0.003051389310308854 in IonStaticPressureOp
norm(r_0) 0
norm(r_1) 0
norm(r_2) 0
norm(r_3) 0.3739585667503184
norm(r_4) 0
Newton iteration  0 : ||r|| = 0.373959
   Pass :  1   Iteration :   0  ||B r|| = 4.28234 ...
   Pass :  6   Iteration : 300  ||B r|| = 0.000770293
GMRES: No convergence!
norm(r_0) 0
norm(r_1) 0
norm(r_2) 0
norm(r_3) 0.2454835228704679
norm(r_4) 0
Newton iteration  1 : ||r|| = 0.245484, ||r||/||r_0|| = 0.656446
Setting time step: 0.003051389310308854 in DGTransportTDO
Setting time step: 0.003051389310308854 in CombinedOp
Setting time step: 0.003051389310308854 in IonStaticPressureOp
norm(r_0) 0
norm(r_1) 0
norm(r_2) 0
norm(r_3) 0.3148551472939897
norm(r_4) 0
Newton iteration  0 : ||r|| = 0.314855
   Pass :  1   Iteration :   0  ||B r|| = 4.42658 ...
   Pass :  6   Iteration : 300  ||B r|| = 0.000811109
GMRES: No convergence!
norm(r_0) 0
norm(r_1) 0
norm(r_2) 0
norm(r_3) 0.2490350558590242
norm(r_4) 0
Newton iteration  1 : ||r|| = 0.249035, ||r||/||r_0|| = 0.790951
Setting time step: 0.003051389310308854 in DGTransportTDO
Setting time step: 0.003051389310308854 in CombinedOp
Setting time step: 0.003051389310308854 in IonStaticPressureOp
norm(r_0) 0
norm(r_1) 0
norm(r_2) 0
norm(r_3) 0.2729808063058612
norm(r_4) 0
Newton iteration  0 : ||r|| = 0.272981
   Pass :  1   Iteration :   0  ||B r|| = 4.46712 ...
   Pass :  6   Iteration : 300  ||B r|| = 0.000829427
GMRES: No convergence!
norm(r_0) 0
norm(r_1) 0
norm(r_2) 0
norm(r_3) 0.2419238610584867
norm(r_4) 0
Newton iteration  1 : ||r|| = 0.241924, ||r||/||r_0|| = 0.88623
Setting time step: 0.003051389310308854 in DGTransportTDO
Setting time step: 0.003051389310308854 in CombinedOp
Setting time step: 0.003051389310308854 in IonStaticPressureOp
norm(r_0) 0
norm(r_1) 0
norm(r_2) 0
norm(r_3) 1.552482039161721
norm(r_4) 0
Newton iteration  0 : ||r|| = 1.55248
   Pass :  1   Iteration :   0  ||B r|| = 4.19913 ...
   Pass :  6   Iteration : 300  ||B r|| = 0.000816245
GMRES: No convergence!
norm(r_0) 0
norm(r_1) 0
norm(r_2) 0
norm(r_3) 0.2314545512993759
norm(r_4) 0
Newton iteration  1 : ||r|| = 0.231455, ||r||/||r_0|| = 0.149087
Setting time step: 0.005536644019733536 in DGTransportTDO
Setting time step: 0.005536644019733536 in CombinedOp
Setting time step: 0.005536644019733536 in IonStaticPressureOp
norm(r_0) 0
norm(r_1) 0
norm(r_2) 0
norm(r_3) 0.2348180224059054
norm(r_4) 0
Newton iteration  0 : ||r|| = 0.234818
   Pass :  1   Iteration :   0  ||B r|| = 2.22761 ...
   Pass :  6   Iteration : 300  ||B r|| = 0.00072292
GMRES: No convergence!
norm(r_0) 0
norm(r_1) 0
norm(r_2) 0
norm(r_3) 0.345098825768534
norm(r_4) 0
Newton iteration  1 : ||r|| = 0.345099, ||r||/||r_0|| = 1.46964
Setting time step: 0.005536644019733536 in DGTransportTDO
Setting time step: 0.005536644019733536 in CombinedOp
Setting time step: 0.005536644019733536 in IonStaticPressureOp
norm(r_0) 0
norm(r_1) 0
norm(r_2) 0
norm(r_3) 0.576329697872174
norm(r_4) 0
Newton iteration  0 : ||r|| = 0.57633
   Pass :  1   Iteration :   0  ||B r|| = 1.91155 ...
   Pass :  6   Iteration : 300  ||B r|| = 0.000709504
GMRES: No convergence!
norm(r_0) 0
norm(r_1) 0
norm(r_2) 0
norm(r_3) 0.3384620200272434
norm(r_4) 0
Newton iteration  1 : ||r|| = 0.338462, ||r||/||r_0|| = 0.587272
Setting time step: 0.005536644019733536 in DGTransportTDO
Setting time step: 0.005536644019733536 in CombinedOp
Setting time step: 0.005536644019733536 in IonStaticPressureOp
norm(r_0) 0
norm(r_1) 0
norm(r_2) 0
norm(r_3) 0.477946142222403
norm(r_4) 0
Newton iteration  0 : ||r|| = 0.477946
   Pass :  1   Iteration :   0  ||B r|| = 2.03673 ...
   Pass :  6   Iteration : 300  ||B r|| = 0.000717629
GMRES: No convergence!
norm(r_0) 0
norm(r_1) 0
norm(r_2) 0
norm(r_3) 0.3910134890500075
norm(r_4) 0
Newton iteration  1 : ||r|| = 0.391013, ||r||/||r_0|| = 0.818112
Setting time step: 0.005536644019733536 in DGTransportTDO
Setting time step: 0.005536644019733536 in CombinedOp
Setting time step: 0.005536644019733536 in IonStaticPressureOp
norm(r_0) 0
norm(r_1) 0
norm(r_2) 0
norm(r_3) 0.4058101489350243
norm(r_4) 0
Newton iteration  0 : ||r|| = 0.40581
   Pass :  1   Iteration :   0  ||B r|| = 2.06789 ...
   Pass :  6   Iteration : 300  ||B r|| = 0.000713235
GMRES: No convergence!
norm(r_0) 0
norm(r_1) 0
norm(r_2) 0
norm(r_3) 0.4005602811082131
norm(r_4) 0
Newton iteration  1 : ||r|| = 0.40056, ||r||/||r_0|| = 0.987063
Setting time step: 0.005536644019733536 in DGTransportTDO
Setting time step: 0.005536644019733536 in CombinedOp
Setting time step: 0.005536644019733536 in IonStaticPressureOp
norm(r_0) 0
norm(r_1) 0
norm(r_2) 0
norm(r_3) 5.042198797653898
norm(r_4) 0
Newton iteration  0 : ||r|| = 5.0422
   Pass :  1   Iteration :   0  ||B r|| = 1.6806 ...
   Pass :  6   Iteration : 300  ||B r|| = 0.000728139
GMRES: No convergence!
norm(r_0) 0
norm(r_1) 0
norm(r_2) 0
norm(r_3) 0.4786388649329479
norm(r_4) 0
Newton iteration  1 : ||r|| = 0.478639, ||r||/||r_0|| = 0.0949266
Setting time step: 0.007567939288643502 in DGTransportTDO
Setting time step: 0.007567939288643502 in CombinedOp
Setting time step: 0.007567939288643502 in IonStaticPressureOp
norm(r_0) 0
norm(r_1) 0
norm(r_2) 0
norm(r_3) 0.4795440460874487
norm(r_4) 0
Newton iteration  0 : ||r|| = 0.479544
   Pass :  1   Iteration :   0  ||B r|| = 1.17518 ...
   Pass :  6   Iteration : 300  ||B r|| = 0.000634105
GMRES: No convergence!
norm(r_0) 0
norm(r_1) 0
norm(r_2) 0
norm(r_3) 0.4879999196295161
norm(r_4) 0
Newton iteration  1 : ||r|| = 0.488, ||r||/||r_0|| = 1.01763
Setting time step: 0.007567939288643502 in DGTransportTDO
Setting time step: 0.007567939288643502 in CombinedOp
Setting time step: 0.007567939288643502 in IonStaticPressureOp
norm(r_0) 0
norm(r_1) 0
norm(r_2) 0
norm(r_3) 0.8462620126885089
norm(r_4) 0
Newton iteration  0 : ||r|| = 0.846262
   Pass :  1   Iteration :   0  ||B r|| = 0.960927 ...
   Pass :  6   Iteration : 300  ||B r|| = 0.00059875
GMRES: No convergence!
norm(r_0) 0
norm(r_1) 0
norm(r_2) 0
norm(r_3) 0.6130496304942138
norm(r_4) 0
Newton iteration  1 : ||r|| = 0.61305, ||r||/||r_0|| = 0.724421
Setting time step: 0.007567939288643502 in DGTransportTDO
Setting time step: 0.007567939288643502 in CombinedOp
Setting time step: 0.007567939288643502 in IonStaticPressureOp
norm(r_0) 0
norm(r_1) 0
norm(r_2) 0
norm(r_3) 0.677786735971311
norm(r_4) 0
Newton iteration  0 : ||r|| = 0.677787
   Pass :  1   Iteration :   0  ||B r|| = 1.04683 ...
   Pass :  6   Iteration : 300  ||B r|| = 0.000639695
GMRES: No convergence!
norm(r_0) 0
norm(r_1) 0
norm(r_2) 0
norm(r_3) 0.6308608756152398
norm(r_4) 0
Newton iteration  1 : ||r|| = 0.630861, ||r||/||r_0|| = 0.930766
Setting time step: 0.007567939288643502 in DGTransportTDO
Setting time step: 0.007567939288643502 in CombinedOp
Setting time step: 0.007567939288643502 in IonStaticPressureOp
norm(r_0) 0
norm(r_1) 0
norm(r_2) 0
norm(r_3) 0.5532143234188382
norm(r_4) 0
Newton iteration  0 : ||r|| = 0.553214
   Pass :  1   Iteration :   0  ||B r|| = 1.06719 ...
   Pass :  6   Iteration : 300  ||B r|| = 0.000622315
GMRES: No convergence!
norm(r_0) 0
norm(r_1) 0
norm(r_2) 0
norm(r_3) 0.5705789289577001
norm(r_4) 0
Newton iteration  1 : ||r|| = 0.570579, ||r||/||r_0|| = 1.03139
Setting time step: 0.007567939288643502 in DGTransportTDO
Setting time step: 0.007567939288643502 in CombinedOp
Setting time step: 0.007567939288643502 in IonStaticPressureOp
norm(r_0) 0
norm(r_1) 0
norm(r_2) 0
norm(r_3) 10.19267695689105
norm(r_4) 0
Newton iteration  0 : ||r|| = 10.1927
   Pass :  1   Iteration :   0  ||B r|| = 0.641472 ...
   Pass :  6   Iteration : 300  ||B r|| = 0.000564703
GMRES: No convergence!
norm(r_0) 0
norm(r_1) 0
norm(r_2) 0
norm(r_3) 0.6489405795095675
norm(r_4) 0
Newton iteration  1 : ||r|| = 0.648941, ||r||/||r_0|| = 0.0636673
Setting time step: 0.004921741864426721 in DGTransportTDO
Setting time step: 0.004921741864426721 in CombinedOp
Setting time step: 0.004921741864426721 in IonStaticPressureOp
norm(r_0) 0
norm(r_1) 0
norm(r_2) 0
norm(r_3) 0.4795440460874487
norm(r_4) 0
Newton iteration  0 : ||r|| = 0.479544
   Pass :  1   Iteration :   0  ||B r|| = 1.79837 ...
   Pass :  6   Iteration : 300  ||B r|| = 0.000641612
GMRES: No convergence!
norm(r_0) 0
norm(r_1) 0
norm(r_2) 0
norm(r_3) 0.2440592651749023
norm(r_4) 0
Newton iteration  1 : ||r|| = 0.244059, ||r||/||r_0|| = 0.50894
Setting time step: 0.004921741864426721 in DGTransportTDO
Setting time step: 0.004921741864426721 in CombinedOp
Setting time step: 0.004921741864426721 in IonStaticPressureOp
norm(r_0) 0
norm(r_1) 0
norm(r_2) 0
norm(r_3) 0.5039426193496469
norm(r_4) 0
Newton iteration  0 : ||r|| = 0.503943
   Pass :  1   Iteration :   0  ||B r|| = 1.62825 ...
   Pass :  6   Iteration : 300  ||B r|| = 0.000513286
GMRES: No convergence!
norm(r_0) 0
norm(r_1) 0
norm(r_2) 0
norm(r_3) 0.2937100875648285
norm(r_4) 0
Newton iteration  1 : ||r|| = 0.29371, ||r||/||r_0|| = 0.582824
Setting time step: 0.004921741864426721 in DGTransportTDO
Setting time step: 0.004921741864426721 in CombinedOp
Setting time step: 0.004921741864426721 in IonStaticPressureOp
norm(r_0) 0
norm(r_1) 0
norm(r_2) 0
norm(r_3) 0.3718309060901058
norm(r_4) 0
Newton iteration  0 : ||r|| = 0.371831
   Pass :  1   Iteration :   0  ||B r|| = 1.69741 ...
   Pass :  6   Iteration : 300  ||B r|| = 0.000559279
GMRES: No convergence!
norm(r_0) 0
norm(r_1) 0
norm(r_2) 0
norm(r_3) 0.2961561210887291
norm(r_4) 0
Newton iteration  1 : ||r|| = 0.296156, ||r||/||r_0|| = 0.796481
Setting time step: 0.004921741864426721 in DGTransportTDO
Setting time step: 0.004921741864426721 in CombinedOp
Setting time step: 0.004921741864426721 in IonStaticPressureOp
norm(r_0) 0
norm(r_1) 0
norm(r_2) 0
norm(r_3) 0.2855172366456225
norm(r_4) 0
Newton iteration  0 : ||r|| = 0.285517
   Pass :  1   Iteration :   0  ||B r|| = 1.71399 ...
   Pass :  6   Iteration : 300  ||B r|| = 0.000594896
GMRES: No convergence!
norm(r_0) 0
norm(r_1) 0
norm(r_2) 0
norm(r_3) 0.2895452058516024
norm(r_4) 0
Newton iteration  1 : ||r|| = 0.289545, ||r||/||r_0|| = 1.01411
Setting time step: 0.004921741864426721 in DGTransportTDO
Setting time step: 0.004921741864426721 in CombinedOp
Setting time step: 0.004921741864426721 in IonStaticPressureOp
norm(r_0) 0
norm(r_1) 0
norm(r_2) 0
norm(r_3) 4.786151310739704
norm(r_4) 0
Newton iteration  0 : ||r|| = 4.78615
   Pass :  1   Iteration :   0  ||B r|| = 1.54457 ...
   Pass :  6   Iteration : 300  ||B r|| = 0.000597589
GMRES: No convergence!
norm(r_0) 0
norm(r_1) 0
norm(r_2) 0
norm(r_3) 0.3470268162553385
norm(r_4) 0
Newton iteration  1 : ||r|| = 0.347027, ||r||/||r_0|| = 0.0725064
Time stepping paused at t = 0.1207787462039622

Estimating errors.
Setting time step: 0.004921741864426721 in DGTransportTDO
Setting time step: 0.004921741864426721 in CombinedOp
Setting time step: 0.004921741864426721 in IonStaticPressureOp
norm(r_0) 0
norm(r_1) 0
norm(r_2) 0
norm(r_3) 0.3477911573916682
norm(r_4) 0
Newton iteration  0 : ||r|| = 0.347791
   Pass :  1   Iteration :   0  ||B r|| = 1.45983 ...
   Pass :  6   Iteration : 300  ||B r|| = 0.00045232
GMRES: No convergence!
norm(r_0) 0
norm(r_1) 0
norm(r_2) 0
norm(r_3) 0.1890520142922527
norm(r_4) 0
Newton iteration  1 : ||r|| = 0.189052, ||r||/||r_0|| = 0.543579
Setting time step: 0.004921741864426721 in DGTransportTDO
Setting time step: 0.004921741864426721 in CombinedOp
Setting time step: 0.004921741864426721 in IonStaticPressureOp
norm(r_0) 0
norm(r_1) 0
norm(r_2) 0
norm(r_3) 0.4093651416443088
norm(r_4) 0
Newton iteration  0 : ||r|| = 0.409365
   Pass :  1   Iteration :   0  ||B r|| = 1.30157 ...
   Pass :  6   Iteration : 300  ||B r|| = 0.000432996
GMRES: No convergence!
norm(r_0) 0
norm(r_1) 0
norm(r_2) 0
norm(r_3) 0.2173039980641853
norm(r_4) 0
Newton iteration  1 : ||r|| = 0.217304, ||r||/||r_0|| = 0.530832
Setting time step: 0.004921741864426721 in DGTransportTDO
Setting time step: 0.004921741864426721 in CombinedOp
Setting time step: 0.004921741864426721 in IonStaticPressureOp
norm(r_0) 0
norm(r_1) 0
norm(r_2) 0
norm(r_3) 0.2974297689125325
norm(r_4) 0
Newton iteration  0 : ||r|| = 0.29743
   Pass :  1   Iteration :   0  ||B r|| = 1.36604 ...
   Pass :  6   Iteration : 300  ||B r|| = 0.00046685
GMRES: No convergence!
norm(r_0) 0
norm(r_1) 0
norm(r_2) 0
norm(r_3) 0.2286330965960916
norm(r_4) 0
Newton iteration  1 : ||r|| = 0.228633, ||r||/||r_0|| = 0.768696
Setting time step: 0.004921741864426721 in DGTransportTDO
Setting time step: 0.004921741864426721 in CombinedOp
Setting time step: 0.004921741864426721 in IonStaticPressureOp
norm(r_0) 0
norm(r_1) 0
norm(r_2) 0
norm(r_3) 0.2288979625851415
norm(r_4) 0
Newton iteration  0 : ||r|| = 0.228898
   Pass :  1   Iteration :   0  ||B r|| = 1.38118 ...
   Pass :  6   Iteration : 300  ||B r|| = 0.000468971
GMRES: No convergence!
norm(r_0) 0
norm(r_1) 0
norm(r_2) 0
norm(r_3) 0.2058841876404342
norm(r_4) 0
Newton iteration  1 : ||r|| = 0.205884, ||r||/||r_0|| = 0.899458
Setting time step: 0.004921741864426721 in DGTransportTDO
Setting time step: 0.004921741864426721 in CombinedOp
Setting time step: 0.004921741864426721 in IonStaticPressureOp
norm(r_0) 0
norm(r_1) 0
norm(r_2) 0
norm(r_3) 3.202447819833604
norm(r_4) 0
Newton iteration  0 : ||r|| = 3.20245
   Pass :  1   Iteration :   0  ||B r|| = 1.18437 ...
   Pass :  6   Iteration : 300  ||B r|| = 0.000363133
GMRES: No convergence!
norm(r_0) 0
norm(r_1) 0
norm(r_2) 0
norm(r_3) 0.201133876396547
norm(r_4) 0
Newton iteration  1 : ||r|| = 0.201134, ||r||/||r_0|| = 0.0628063
Setting time step: 0.008015546297596975 in DGTransportTDO
Setting time step: 0.008015546297596975 in CombinedOp
Setting time step: 0.008015546297596975 in IonStaticPressureOp
norm(r_0) 0
norm(r_1) 0
norm(r_2) 0
norm(r_3) 0.2020065217256412
norm(r_4) 0
Newton iteration  0 : ||r|| = 0.202007
   Pass :  1   Iteration :   0  ||B r|| = 0.684205 ...
   Pass :  6   Iteration : 300  ||B r|| = 0.000364019
GMRES: No convergence!
norm(r_0) 0
norm(r_1) 0
norm(r_2) 0
norm(r_3) 0.3380579484351607
norm(r_4) 0
Newton iteration  1 : ||r|| = 0.338058, ||r||/||r_0|| = 1.6735
Setting time step: 0.008015546297596975 in DGTransportTDO
Setting time step: 0.008015546297596975 in CombinedOp
Setting time step: 0.008015546297596975 in IonStaticPressureOp
norm(r_0) 0
norm(r_1) 0
norm(r_2) 0
norm(r_3) 0.6346370451502792
norm(r_4) 0
Newton iteration  0 : ||r|| = 0.634637
   Pass :  1   Iteration :   0  ||B r|| = 0.555928 ...
   Pass :  6   Iteration : 300  ||B r|| = 0.000370123
GMRES: No convergence!
norm(r_0) 0
norm(r_1) 0
norm(r_2) 0
norm(r_3) 0.3424362113651108
norm(r_4) 0
Newton iteration  1 : ||r|| = 0.342436, ||r||/||r_0|| = 0.539578
Setting time step: 0.008015546297596975 in DGTransportTDO
Setting time step: 0.008015546297596975 in CombinedOp
Setting time step: 0.008015546297596975 in IonStaticPressureOp
norm(r_0) 0
norm(r_1) 0
norm(r_2) 0
norm(r_3) 0.5158986005194434
norm(r_4) 0
Newton iteration  0 : ||r|| = 0.515899
   Pass :  1   Iteration :   0  ||B r|| = 0.60717 ...
   Pass :  6   Iteration : 300  ||B r|| = 0.000426213
GMRES: No convergence!
norm(r_0) 0
norm(r_1) 0
norm(r_2) 0
norm(r_3) 0.3902779341959505
norm(r_4) 0
Newton iteration  1 : ||r|| = 0.390278, ||r||/||r_0|| = 0.756501
Setting time step: 0.008015546297596975 in DGTransportTDO
Setting time step: 0.008015546297596975 in CombinedOp
Setting time step: 0.008015546297596975 in IonStaticPressureOp
norm(r_0) 0
norm(r_1) 0
norm(r_2) 0
norm(r_3) 0.4192730211075655
norm(r_4) 0
Newton iteration  0 : ||r|| = 0.419273
   Pass :  1   Iteration :   0  ||B r|| = 0.618423 ...
   Pass :  6   Iteration : 300  ||B r|| = 0.000353389
GMRES: No convergence!
norm(r_0) 0
norm(r_1) 0
norm(r_2) 0
norm(r_3) 0.4360530636317001
norm(r_4) 0
Newton iteration  1 : ||r|| = 0.436053, ||r||/||r_0|| = 1.04002
Setting time step: 0.008015546297596975 in DGTransportTDO
Setting time step: 0.008015546297596975 in CombinedOp
Setting time step: 0.008015546297596975 in IonStaticPressureOp
norm(r_0) 0
norm(r_1) 0
norm(r_2) 0
norm(r_3) 11.46990619198375
norm(r_4) 0
Newton iteration  0 : ||r|| = 11.4699
   Pass :  1   Iteration :   0  ||B r|| = 0.0603832 ...
   Pass :  6   Iteration : 300  ||B r|| = 0.000451431
GMRES: No convergence!
norm(r_0) 0
norm(r_1) 0
norm(r_2) 0
norm(r_3) 0.5723227973077357
norm(r_4) 0
Newton iteration  1 : ||r|| = 0.572323, ||r||/||r_0|| = 0.0498978
Setting time step: 0.003600681818113709 in DGTransportTDO
Setting time step: 0.003600681818113709 in CombinedOp
Setting time step: 0.003600681818113709 in IonStaticPressureOp
norm(r_0) 0
norm(r_1) 0
norm(r_2) 0
norm(r_3) 0.2020065217256412
norm(r_4) 0
Newton iteration  0 : ||r|| = 0.202007
   Pass :  1   Iteration :   0  ||B r|| = 1.50749 ...
   Pass :  6   Iteration : 300  ||B r|| = 0.000389391
GMRES: No convergence!
norm(r_0) 0
norm(r_1) 0
norm(r_2) 0
norm(r_3) 0.1190928105980998
norm(r_4) 0
Newton iteration  1 : ||r|| = 0.119093, ||r||/||r_0|| = 0.589549
Setting time step: 0.003600681818113709 in DGTransportTDO
Setting time step: 0.003600681818113709 in CombinedOp
Setting time step: 0.003600681818113709 in IonStaticPressureOp
norm(r_0) 0
norm(r_1) 0
norm(r_2) 0
norm(r_3) 0.262720354464994
norm(r_4) 0
Newton iteration  0 : ||r|| = 0.26272
   Pass :  1   Iteration :   0  ||B r|| = 1.42327 ...
   Pass :  6   Iteration : 300  ||B r|| = 0.00038202
GMRES: No convergence!
norm(r_0) 0
norm(r_1) 0
norm(r_2) 0
norm(r_3) 0.139219264128328
norm(r_4) 0
Newton iteration  1 : ||r|| = 0.139219, ||r||/||r_0|| = 0.529914
Setting time step: 0.003600681818113709 in DGTransportTDO
Setting time step: 0.003600681818113709 in CombinedOp
Setting time step: 0.003600681818113709 in IonStaticPressureOp
norm(r_0) 0
norm(r_1) 0
norm(r_2) 0
norm(r_3) 0.1962480479137569
norm(r_4) 0
Newton iteration  0 : ||r|| = 0.196248
   Pass :  1   Iteration :   0  ||B r|| = 1.45889 ...
   Pass :  6   Iteration : 300  ||B r|| = 0.000403801
GMRES: No convergence!
norm(r_0) 0
norm(r_1) 0
norm(r_2) 0
norm(r_3) 0.1327837513692635
norm(r_4) 0
Newton iteration  1 : ||r|| = 0.132784, ||r||/||r_0|| = 0.676612
Setting time step: 0.003600681818113709 in DGTransportTDO
Setting time step: 0.003600681818113709 in CombinedOp
Setting time step: 0.003600681818113709 in IonStaticPressureOp
norm(r_0) 0
norm(r_1) 0
norm(r_2) 0
norm(r_3) 0.1498062700536744
norm(r_4) 0
Newton iteration  0 : ||r|| = 0.149806
   Pass :  1   Iteration :   0  ||B r|| = 1.46693 ...
   Pass :  6   Iteration : 300  ||B r|| = 0.000410132
GMRES: No convergence!
norm(r_0) 0
norm(r_1) 0
norm(r_2) 0
norm(r_3) 0.1201846150168046
norm(r_4) 0
Newton iteration  1 : ||r|| = 0.120185, ||r||/||r_0|| = 0.802267
Setting time step: 0.003600681818113709 in DGTransportTDO
Setting time step: 0.003600681818113709 in CombinedOp
Setting time step: 0.003600681818113709 in IonStaticPressureOp
norm(r_0) 0
norm(r_1) 0
norm(r_2) 0
norm(r_3) 1.578205628418179
norm(r_4) 0
Newton iteration  0 : ||r|| = 1.57821
   Pass :  1   Iteration :   0  ||B r|| = 1.38894 ...
   Pass :  6   Iteration : 300  ||B r|| = 0.000302894
GMRES: No convergence!
norm(r_0) 0
norm(r_1) 0
norm(r_2) 0
norm(r_3) 0.1361942152527121
norm(r_4) 0
Newton iteration  1 : ||r|| = 0.136194, ||r||/||r_0|| = 0.0862969
Setting time step: 0.007201363636227418 in DGTransportTDO
Setting time step: 0.007201363636227418 in CombinedOp
Setting time step: 0.007201363636227418 in IonStaticPressureOp
norm(r_0) 0
norm(r_1) 0
norm(r_2) 0
norm(r_3) 0.137116002230133
norm(r_4) 0
Newton iteration  0 : ||r|| = 0.137116
   Pass :  1   Iteration :   0  ||B r|| = 0.654106 ...
   Pass :  6   Iteration : 300  ||B r|| = 0.000301802
GMRES: No convergence!
norm(r_0) 0
norm(r_1) 0
norm(r_2) 0
norm(r_3) 0.2402616843734696
norm(r_4) 0
Newton iteration  1 : ||r|| = 0.240262, ||r||/||r_0|| = 1.75225
Setting time step: 0.007201363636227418 in DGTransportTDO
Setting time step: 0.007201363636227418 in CombinedOp
Setting time step: 0.007201363636227418 in IonStaticPressureOp
norm(r_0) 0
norm(r_1) 0
norm(r_2) 0
norm(r_3) 0.4608713921486564
norm(r_4) 0
Newton iteration  0 : ||r|| = 0.460871
   Pass :  1   Iteration :   0  ||B r|| = 0.535109 ...
   Pass :  6   Iteration : 300  ||B r|| = 0.000254488
GMRES: No convergence!
norm(r_0) 0
norm(r_1) 0
norm(r_2) 0
norm(r_3) 0.2211492708071568
norm(r_4) 0
Newton iteration  1 : ||r|| = 0.221149, ||r||/||r_0|| = 0.47985
Setting time step: 0.007201363636227418 in DGTransportTDO
Setting time step: 0.007201363636227418 in CombinedOp
Setting time step: 0.007201363636227418 in IonStaticPressureOp
norm(r_0) 0
norm(r_1) 0
norm(r_2) 0
norm(r_3) 0.3718733540133107
norm(r_4) 0
Newton iteration  0 : ||r|| = 0.371873
   Pass :  1   Iteration :   0  ||B r|| = 0.581334 ...
   Pass :  6   Iteration : 300  ||B r|| = 0.000334968
GMRES: No convergence!
norm(r_0) 0
norm(r_1) 0
norm(r_2) 0
norm(r_3) 0.3390572435103792
norm(r_4) 0
Newton iteration  1 : ||r|| = 0.339057, ||r||/||r_0|| = 0.911755
Setting time step: 0.007201363636227418 in DGTransportTDO
Setting time step: 0.007201363636227418 in CombinedOp
Setting time step: 0.007201363636227418 in IonStaticPressureOp
norm(r_0) 0
norm(r_1) 0
norm(r_2) 0
norm(r_3) 0.3054998283384925
norm(r_4) 0
Newton iteration  0 : ||r|| = 0.3055
   Pass :  1   Iteration :   0  ||B r|| = 0.592138 ...
   Pass :  6   Iteration : 300  ||B r|| = 0.000362827
GMRES: No convergence!
norm(r_0) 0
norm(r_1) 0
norm(r_2) 0
norm(r_3) 0.2480762602868321
norm(r_4) 0
Newton iteration  1 : ||r|| = 0.248076, ||r||/||r_0|| = 0.812034
Setting time step: 0.007201363636227418 in DGTransportTDO
Setting time step: 0.007201363636227418 in CombinedOp
Setting time step: 0.007201363636227418 in IonStaticPressureOp
norm(r_0) 0
norm(r_1) 0
norm(r_2) 0
norm(r_3) 11.24464323152062
norm(r_4) 0
Newton iteration  0 : ||r|| = 11.2446
   Pass :  1   Iteration :   0  ||B r|| = 0.42543 ...
   Pass :  6   Iteration : 300  ||B r|| = 0.000343896
GMRES: No convergence!
norm(r_0) 0
norm(r_1) 0
norm(r_2) 0
norm(r_3) 0.3699427470080829
norm(r_4) 0
Newton iteration  1 : ||r|| = 0.369943, ||r||/||r_0|| = 0.0328995
Setting time step: 0.006589054577502691 in DGTransportTDO
Setting time step: 0.006589054577502691 in CombinedOp
Setting time step: 0.006589054577502691 in IonStaticPressureOp
norm(r_0) 0
norm(r_1) 0
norm(r_2) 0
norm(r_3) 0.3701103054184022
norm(r_4) 0
Newton iteration  0 : ||r|| = 0.37011
   Pass :  1   Iteration :   0  ||B r|| = 0.443003 ...
   Pass :  6   Iteration : 300  ||B r|| = 0.000321042
GMRES: No convergence!
norm(r_0) 0
norm(r_1) 0
norm(r_2) 0
norm(r_3) 0.350429507582745
norm(r_4) 0
Newton iteration  1 : ||r|| = 0.35043, ||r||/||r_0|| = 0.946825
Setting time step: 0.006589054577502691 in DGTransportTDO
Setting time step: 0.006589054577502691 in CombinedOp
Setting time step: 0.006589054577502691 in IonStaticPressureOp
norm(r_0) 0
norm(r_1) 0
norm(r_2) 0
norm(r_3) 0.5771494962085615
norm(r_4) 0
Newton iteration  0 : ||r|| = 0.577149
   Pass :  1   Iteration :   0  ||B r|| = 0.395423 ...
   Pass :  6   Iteration : 300  ||B r|| = 0.000289941
GMRES: No convergence!
norm(r_0) 0
norm(r_1) 0
norm(r_2) 0
norm(r_3) 0.3076861061246323
norm(r_4) 0
Newton iteration  1 : ||r|| = 0.307686, ||r||/||r_0|| = 0.533113
Setting time step: 0.006589054577502691 in DGTransportTDO
Setting time step: 0.006589054577502691 in CombinedOp
Setting time step: 0.006589054577502691 in IonStaticPressureOp
norm(r_0) 0
norm(r_1) 0
norm(r_2) 0
norm(r_3) 0.4759408885482973
norm(r_4) 0
Newton iteration  0 : ||r|| = 0.475941
   Pass :  1   Iteration :   0  ||B r|| = 0.416157 ...
   Pass :  6   Iteration : 300  ||B r|| = 0.000272476
GMRES: No convergence!
norm(r_0) 0
norm(r_1) 0
norm(r_2) 0
norm(r_3) 0.2743412740328937
norm(r_4) 0
Newton iteration  1 : ||r|| = 0.274341, ||r||/||r_0|| = 0.576419
Setting time step: 0.006589054577502691 in DGTransportTDO
Setting time step: 0.006589054577502691 in CombinedOp
Setting time step: 0.006589054577502691 in IonStaticPressureOp
norm(r_0) 0
norm(r_1) 0
norm(r_2) 0
norm(r_3) 0.40261293804425
norm(r_4) 0
Newton iteration  0 : ||r|| = 0.402613
   Pass :  1   Iteration :   0  ||B r|| = 0.421008 ...
   Pass :  6   Iteration : 300  ||B r|| = 0.000320306
GMRES: No convergence!
norm(r_0) 0
norm(r_1) 0
norm(r_2) 0
norm(r_3) 0.3075445627235495
norm(r_4) 0
Newton iteration  1 : ||r|| = 0.307545, ||r||/||r_0|| = 0.763872
Setting time step: 0.006589054577502691 in DGTransportTDO
Setting time step: 0.006589054577502691 in CombinedOp
Setting time step: 0.006589054577502691 in IonStaticPressureOp
norm(r_0) 0
norm(r_1) 0
norm(r_2) 0
norm(r_3) 4.366485344283269
norm(r_4) 0
Newton iteration  0 : ||r|| = 4.36649
   Pass :  1   Iteration :   0  ||B r|| = 0.503797 ...
   Pass :  6   Iteration : 300  ||B r|| = 0.000147422
GMRES: No convergence!
norm(r_0) 0
norm(r_1) 0
norm(r_2) 0
norm(r_3) 0.1323944857762439
norm(r_4) 0
Newton iteration  1 : ||r|| = 0.132394, ||r||/||r_0|| = 0.0303206
Setting time step: 0.005414352527193613 in DGTransportTDO
Setting time step: 0.005414352527193613 in CombinedOp
Setting time step: 0.005414352527193613 in IonStaticPressureOp
norm(r_0) 0
norm(r_1) 0
norm(r_2) 0
norm(r_3) 0.3701103054184022
norm(r_4) 0
Newton iteration  0 : ||r|| = 0.37011
   Pass :  1   Iteration :   0  ||B r|| = 0.537889 ...
   Pass :  6   Iteration : 300  ||B r|| = 0.000335039
GMRES: No convergence!
norm(r_0) 0
norm(r_1) 0
norm(r_2) 0
norm(r_3) 0.2709255486991427
norm(r_4) 0
Newton iteration  1 : ||r|| = 0.270926, ||r||/||r_0|| = 0.732013
Setting time step: 0.005414352527193613 in DGTransportTDO
Setting time step: 0.005414352527193613 in CombinedOp
Setting time step: 0.005414352527193613 in IonStaticPressureOp
norm(r_0) 0
norm(r_1) 0
norm(r_2) 0
norm(r_3) 0.4462732013759874
norm(r_4) 0
Newton iteration  0 : ||r|| = 0.446273
   Pass :  1   Iteration :   0  ||B r|| = 0.511842 ...
   Pass :  6   Iteration : 300  ||B r|| = 0.000313604
GMRES: No convergence!
norm(r_0) 0
norm(r_1) 0
norm(r_2) 0
norm(r_3) 0.1806204522110801
norm(r_4) 0
Newton iteration  1 : ||r|| = 0.18062, ||r||/||r_0|| = 0.404731
Setting time step: 0.005414352527193613 in DGTransportTDO
Setting time step: 0.005414352527193613 in CombinedOp
Setting time step: 0.005414352527193613 in IonStaticPressureOp
norm(r_0) 0
norm(r_1) 0
norm(r_2) 0
norm(r_3) 0.3680468264003673
norm(r_4) 0
Newton iteration  0 : ||r|| = 0.368047
   Pass :  1   Iteration :   0  ||B r|| = 0.526864 ...
   Pass :  6   Iteration : 300  ||B r|| = 0.000330987
GMRES: No convergence!
norm(r_0) 0
norm(r_1) 0
norm(r_2) 0
norm(r_3) 0.1822473063838694
norm(r_4) 0
Newton iteration  1 : ||r|| = 0.182247, ||r||/||r_0|| = 0.495174
Setting time step: 0.005414352527193613 in DGTransportTDO
Setting time step: 0.005414352527193613 in CombinedOp
Setting time step: 0.005414352527193613 in IonStaticPressureOp
norm(r_0) 0
norm(r_1) 0
norm(r_2) 0
norm(r_3) 0.3110155390528692
norm(r_4) 0
Newton iteration  0 : ||r|| = 0.311016
   Pass :  1   Iteration :   0  ||B r|| = 0.528308 ...
   Pass :  6   Iteration : 300  ||B r|| = 0.000337788
GMRES: No convergence!
norm(r_0) 0
norm(r_1) 0
norm(r_2) 0
norm(r_3) 0.2337164634402734
norm(r_4) 0
Newton iteration  1 : ||r|| = 0.233716, ||r||/||r_0|| = 0.751462
Setting time step: 0.005414352527193613 in DGTransportTDO
Setting time step: 0.005414352527193613 in CombinedOp
Setting time step: 0.005414352527193613 in IonStaticPressureOp
norm(r_0) 0
norm(r_1) 0
norm(r_2) 0
norm(r_3) 3.580007283240784
norm(r_4) 0
Newton iteration  0 : ||r|| = 3.58001
   Pass :  1   Iteration :   0  ||B r|| = 0.481704 ...
   Pass :  6   Iteration : 300  ||B r|| = 0.00022984
GMRES: No convergence!
norm(r_0) 0
norm(r_1) 0
norm(r_2) 0
norm(r_3) 0.1928958305637157
norm(r_4) 0
Newton iteration  1 : ||r|| = 0.192896, ||r||/||r_0|| = 0.0538814
Time stepping paused at t = 0.2053313055878081

Estimating errors.
Setting time step: 0.01082870505438723 in DGTransportTDO
Setting time step: 0.01082870505438723 in CombinedOp
Setting time step: 0.01082870505438723 in IonStaticPressureOp
norm(r_0) 0
norm(r_1) 0
norm(r_2) 0
norm(r_3) 0.1930880376336159
norm(r_4) 0
Newton iteration  0 : ||r|| = 0.193088
   Pass :  1   Iteration :   0  ||B r|| = 0.233451 ...
   Pass :  6   Iteration : 300  ||B r|| = 0.000212261
GMRES: No convergence!
norm(r_0) 0
norm(r_1) 0
norm(r_2) 0
norm(r_3) 0.2726994243359889
norm(r_4) 0
Newton iteration  1 : ||r|| = 0.272699, ||r||/||r_0|| = 1.41231
Setting time step: 0.01082870505438723 in DGTransportTDO
Setting time step: 0.01082870505438723 in CombinedOp
Setting time step: 0.01082870505438723 in IonStaticPressureOp
norm(r_0) 0
norm(r_1) 0
norm(r_2) 0
norm(r_3) 0.5484008418708145
norm(r_4) 0
Newton iteration  0 : ||r|| = 0.548401
   Pass :  1   Iteration :   0  ||B r|| = 0.150949 ...
   Pass :  6   Iteration : 300  ||B r|| = 0.000154919
GMRES: No convergence!
norm(r_0) 0
norm(r_1) 0
norm(r_2) 0
norm(r_3) 0.3670287534438983
norm(r_4) 0
Newton iteration  1 : ||r|| = 0.367029, ||r||/||r_0|| = 0.669271
Setting time step: 0.01082870505438723 in DGTransportTDO
Setting time step: 0.01082870505438723 in CombinedOp
Setting time step: 0.01082870505438723 in IonStaticPressureOp
norm(r_0) 0
norm(r_1) 0
norm(r_2) 0
norm(r_3) 0.4463861117202652
norm(r_4) 0
Newton iteration  0 : ||r|| = 0.446386
   Pass :  1   Iteration :   0  ||B r|| = 0.178849 ...
   Pass :  6   Iteration : 300  ||B r|| = 0.000180865
GMRES: No convergence!
norm(r_0) 0
norm(r_1) 0
norm(r_2) 0
norm(r_3) 0.33113827312146
norm(r_4) 0
Newton iteration  1 : ||r|| = 0.331138, ||r||/||r_0|| = 0.74182
Setting time step: 0.01082870505438723 in DGTransportTDO
Setting time step: 0.01082870505438723 in CombinedOp
Setting time step: 0.01082870505438723 in IonStaticPressureOp
norm(r_0) 0
norm(r_1) 0
norm(r_2) 0
norm(r_3) 0.3505917580434307
norm(r_4) 0
Newton iteration  0 : ||r|| = 0.350592
   Pass :  1   Iteration :   0  ||B r|| = 0.188292 ...
   Pass :  6   Iteration : 300  ||B r|| = 0.000155866
GMRES: No convergence!
norm(r_0) 0
norm(r_1) 0
norm(r_2) 0
norm(r_3) 0.2428011993168409
norm(r_4) 0
Newton iteration  1 : ||r|| = 0.242801, ||r||/||r_0|| = 0.692547
Setting time step: 0.01082870505438723 in DGTransportTDO
Setting time step: 0.01082870505438723 in CombinedOp
Setting time step: 0.01082870505438723 in IonStaticPressureOp
norm(r_0) 0
norm(r_1) 0
norm(r_2) 0
norm(r_3) 5.373558513494316
norm(r_4) 0
Newton iteration  0 : ||r|| = 5.37356
   Pass :  1   Iteration :   0  ||B r|| = 0.00456823 ...
   Pass :  6   Iteration : 300  ||B r|| = 0.00016146
GMRES: No convergence!
norm(r_0) 0
norm(r_1) 0
norm(r_2) 0
norm(r_3) 0.2916640347687078
norm(r_4) 0
Newton iteration  1 : ||r|| = 0.291664, ||r||/||r_0|| = 0.0542776
Setting time step: 0.007899821495315623 in DGTransportTDO
Setting time step: 0.007899821495315623 in CombinedOp
Setting time step: 0.007899821495315623 in IonStaticPressureOp
norm(r_0) 0
norm(r_1) 0
norm(r_2) 0
norm(r_3) 0.1930880376336159
norm(r_4) 0
Newton iteration  0 : ||r|| = 0.193088
   Pass :  1   Iteration :   0  ||B r|| = 0.319261 ...
   Pass :  6   Iteration : 300  ||B r|| = 0.000212376
GMRES: No convergence!
norm(r_0) 0
norm(r_1) 0
norm(r_2) 0
norm(r_3) 0.2084906214683016
norm(r_4) 0
Newton iteration  1 : ||r|| = 0.208491, ||r||/||r_0|| = 1.07977
Setting time step: 0.007899821495315623 in DGTransportTDO
Setting time step: 0.007899821495315623 in CombinedOp
Setting time step: 0.007899821495315623 in IonStaticPressureOp
norm(r_0) 0
norm(r_1) 0
norm(r_2) 0
norm(r_3) 0.4342317672105621
norm(r_4) 0
Newton iteration  0 : ||r|| = 0.434232
   Pass :  1   Iteration :   0  ||B r|| = 0.251103 ...
   Pass :  6   Iteration : 300  ||B r|| = 0.000196543
GMRES: No convergence!
norm(r_0) 0
norm(r_1) 0
norm(r_2) 0
norm(r_3) 0.2667481133170054
norm(r_4) 0
Newton iteration  1 : ||r|| = 0.266748, ||r||/||r_0|| = 0.614299
Setting time step: 0.007899821495315623 in DGTransportTDO
Setting time step: 0.007899821495315623 in CombinedOp
Setting time step: 0.007899821495315623 in IonStaticPressureOp
norm(r_0) 0
norm(r_1) 0
norm(r_2) 0
norm(r_3) 0.3445320927749724
norm(r_4) 0
Newton iteration  0 : ||r|| = 0.344532
   Pass :  1   Iteration :   0  ||B r|| = 0.277474 ...
   Pass :  6   Iteration : 300  ||B r|| = 0.000169371
GMRES: No convergence!
norm(r_0) 0
norm(r_1) 0
norm(r_2) 0
norm(r_3) 0.2127411667106138
norm(r_4) 0
Newton iteration  1 : ||r|| = 0.212741, ||r||/||r_0|| = 0.617479
Setting time step: 0.007899821495315623 in DGTransportTDO
Setting time step: 0.007899821495315623 in CombinedOp
Setting time step: 0.007899821495315623 in IonStaticPressureOp
norm(r_0) 0
norm(r_1) 0
norm(r_2) 0
norm(r_3) 0.266305372453376
norm(r_4) 0
Newton iteration  0 : ||r|| = 0.266305
   Pass :  1   Iteration :   0  ||B r|| = 0.285104 ...
   Pass :  6   Iteration : 300  ||B r|| = 0.000163218
GMRES: No convergence!
norm(r_0) 0
norm(r_1) 0
norm(r_2) 0
norm(r_3) 0.1831167293643855
norm(r_4) 0
Newton iteration  1 : ||r|| = 0.183117, ||r||/||r_0|| = 0.687619
Setting time step: 0.007899821495315623 in DGTransportTDO
Setting time step: 0.007899821495315623 in CombinedOp
Setting time step: 0.007899821495315623 in IonStaticPressureOp
norm(r_0) 0
norm(r_1) 0
norm(r_2) 0
norm(r_3) 2.38687758751663
norm(r_4) 0
Newton iteration  0 : ||r|| = 2.38688
   Pass :  1   Iteration :   0  ||B r|| = 0.19478 ...
   Pass :  6   Iteration : 300  ||B r|| = 0.000154972
GMRES: No convergence!
norm(r_0) 0
norm(r_1) 0
norm(r_2) 0
norm(r_3) 0.1659120133996053
norm(r_4) 0
Newton iteration  1 : ||r|| = 0.165912, ||r||/||r_0|| = 0.0695101
Setting time step: 0.007899821495315623 in DGTransportTDO
Setting time step: 0.007899821495315623 in CombinedOp
Setting time step: 0.007899821495315623 in IonStaticPressureOp
norm(r_0) 0
norm(r_1) 0
norm(r_2) 0
norm(r_3) 0.1660336815756759
norm(r_4) 0
Newton iteration  0 : ||r|| = 0.166034
   Pass :  1   Iteration :   0  ||B r|| = 0.204032 ...
   Pass :  6   Iteration : 300  ||B r|| = 0.000184245
GMRES: No convergence!
norm(r_0) 0
norm(r_1) 0
norm(r_2) 0
norm(r_3) 0.1755685192579979
norm(r_4) 0
Newton iteration  1 : ||r|| = 0.175569, ||r||/||r_0|| = 1.05743
Setting time step: 0.007899821495315623 in DGTransportTDO
Setting time step: 0.007899821495315623 in CombinedOp
Setting time step: 0.007899821495315623 in IonStaticPressureOp
norm(r_0) 0
norm(r_1) 0
norm(r_2) 0
norm(r_3) 0.3550153096121793
norm(r_4) 0
Newton iteration  0 : ||r|| = 0.355015
   Pass :  1   Iteration :   0  ||B r|| = 0.169733 ...
   Pass :  6   Iteration : 300  ||B r|| = 0.000121027
GMRES: No convergence!
norm(r_0) 0
norm(r_1) 0
norm(r_2) 0
norm(r_3) 0.126735099852488
norm(r_4) 0
Newton iteration  1 : ||r|| = 0.126735, ||r||/||r_0|| = 0.356985
Setting time step: 0.007899821495315623 in DGTransportTDO
Setting time step: 0.007899821495315623 in CombinedOp
Setting time step: 0.007899821495315623 in IonStaticPressureOp
norm(r_0) 0
norm(r_1) 0
norm(r_2) 0
norm(r_3) 0.2828785645438545
norm(r_4) 0
Newton iteration  0 : ||r|| = 0.282879
   Pass :  1   Iteration :   0  ||B r|| = 0.181533 ...
   Pass :  6   Iteration : 300  ||B r|| = 0.000169977
GMRES: No convergence!
norm(r_0) 0
norm(r_1) 0
norm(r_2) 0
norm(r_3) 0.197007329271994
norm(r_4) 0
Newton iteration  1 : ||r|| = 0.197007, ||r||/||r_0|| = 0.696438
Setting time step: 0.007899821495315623 in DGTransportTDO
Setting time step: 0.007899821495315623 in CombinedOp
Setting time step: 0.007899821495315623 in IonStaticPressureOp
norm(r_0) 0
norm(r_1) 0
norm(r_2) 0
norm(r_3) 0.2233120694349293
norm(r_4) 0
Newton iteration  0 : ||r|| = 0.223312
   Pass :  1   Iteration :   0  ||B r|| = 0.184926 ...
   Pass :  6   Iteration : 300  ||B r|| = 0.000152254
GMRES: No convergence!
norm(r_0) 0
norm(r_1) 0
norm(r_2) 0
norm(r_3) 0.1793863877631929
norm(r_4) 0
Newton iteration  1 : ||r|| = 0.179386, ||r||/||r_0|| = 0.803299
Setting time step: 0.007899821495315623 in DGTransportTDO
Setting time step: 0.007899821495315623 in CombinedOp
Setting time step: 0.007899821495315623 in IonStaticPressureOp
norm(r_0) 0
norm(r_1) 0
norm(r_2) 0
norm(r_3) 3.767820511266829
norm(r_4) 0
Newton iteration  0 : ||r|| = 3.76782
   Pass :  1   Iteration :   0  ||B r|| = 0.0659164 ...
   Pass :  6   Iteration : 300  ||B r|| = 0.000145283
GMRES: No convergence!
norm(r_0) 0
norm(r_1) 0
norm(r_2) 0
norm(r_3) 0.1311686521080045
norm(r_4) 0
Newton iteration  1 : ||r|| = 0.131169, ||r||/||r_0|| = 0.0348129
Setting time step: 0.009584320634386183 in DGTransportTDO
Setting time step: 0.009584320634386183 in CombinedOp
Setting time step: 0.009584320634386183 in IonStaticPressureOp
norm(r_0) 0
norm(r_1) 0
norm(r_2) 0
norm(r_3) 0.1312880894048624
norm(r_4) 0
Newton iteration  0 : ||r|| = 0.131288
   Pass :  1   Iteration :   0  ||B r|| = 0.104083 ...
   Pass :  6   Iteration : 300  ||B r|| = 0.00013457
GMRES: No convergence!
norm(r_0) 0
norm(r_1) 0
norm(r_2) 0
norm(r_3) 0.1810739285434126
norm(r_4) 0
Newton iteration  1 : ||r|| = 0.181074, ||r||/||r_0|| = 1.37921
Setting time step: 0.009584320634386183 in DGTransportTDO
Setting time step: 0.009584320634386183 in CombinedOp
Setting time step: 0.009584320634386183 in IonStaticPressureOp
norm(r_0) 0
norm(r_1) 0
norm(r_2) 0
norm(r_3) 0.344100780746353
norm(r_4) 0
Newton iteration  0 : ||r|| = 0.344101
   Pass :  1   Iteration :   0  ||B r|| = 0.0986261 ...
   Pass :  6   Iteration : 300  ||B r|| = 0.000103075
GMRES: No convergence!
norm(r_0) 0
norm(r_1) 0
norm(r_2) 0
norm(r_3) 0.1744219017084835
norm(r_4) 0
Newton iteration  1 : ||r|| = 0.174422, ||r||/||r_0|| = 0.506892
Setting time step: 0.009584320634386183 in DGTransportTDO
Setting time step: 0.009584320634386183 in CombinedOp
Setting time step: 0.009584320634386183 in IonStaticPressureOp
norm(r_0) 0
norm(r_1) 0
norm(r_2) 0
norm(r_3) 0.2727857974986609
norm(r_4) 0
Newton iteration  0 : ||r|| = 0.272786
   Pass :  1   Iteration :   0  ||B r|| = 0.101875 ...
   Pass :  6   Iteration : 300  ||B r|| = 0.000120964
GMRES: No convergence!
norm(r_0) 0
norm(r_1) 0
norm(r_2) 0
norm(r_3) 0.1942170100085419
norm(r_4) 0
Newton iteration  1 : ||r|| = 0.194217, ||r||/||r_0|| = 0.711976
Setting time step: 0.009584320634386183 in DGTransportTDO
Setting time step: 0.009584320634386183 in CombinedOp
Setting time step: 0.009584320634386183 in IonStaticPressureOp
norm(r_0) 0
norm(r_1) 0
norm(r_2) 0
norm(r_3) 0.2211775525290748
norm(r_4) 0
Newton iteration  0 : ||r|| = 0.221178
   Pass :  1   Iteration :   0  ||B r|| = 0.102403 ...
   Pass :  6   Iteration : 300  ||B r|| = 0.000142237
GMRES: No convergence!
norm(r_0) 0
norm(r_1) 0
norm(r_2) 0
norm(r_3) 0.2177993190959796
norm(r_4) 0
Newton iteration  1 : ||r|| = 0.217799, ||r||/||r_0|| = 0.984726
Setting time step: 0.009584320634386183 in DGTransportTDO
Setting time step: 0.009584320634386183 in CombinedOp
Setting time step: 0.009584320634386183 in IonStaticPressureOp
norm(r_0) 0
norm(r_1) 0
norm(r_2) 0
norm(r_3) 5.389874204388533
norm(r_4) 0
Newton iteration  0 : ||r|| = 5.38987
   Pass :  1   Iteration :   0  ||B r|| = 0.154964 ...
   Pass :  6   Iteration : 300  ||B r|| = 4.89354e-05
GMRES: No convergence!
norm(r_0) 0
norm(r_1) 0
norm(r_2) 0
norm(r_3) 0.06959655651684923
norm(r_4) 0
Newton iteration  1 : ||r|| = 0.0695966, ||r||/||r_0|| = 0.0129125
Setting time step: 0.009584320634386183 in DGTransportTDO
Setting time step: 0.009584320634386183 in CombinedOp
Setting time step: 0.009584320634386183 in IonStaticPressureOp
norm(r_0) 0
norm(r_1) 0
norm(r_2) 0
norm(r_3) 0.06965424171031613
norm(r_4) 0
Newton iteration  0 : ||r|| = 0.0696542
   Pass :  1   Iteration :   0  ||B r|| = 0.0987722 ...
   Pass :  6   Iteration : 300  ||B r|| = 6.28927e-05
GMRES: No convergence!
norm(r_0) 0
norm(r_1) 0
norm(r_2) 0
norm(r_3) 0.0825274785281175
norm(r_4) 0
Newton iteration  1 : ||r|| = 0.0825275, ||r||/||r_0|| = 1.18482
Setting time step: 0.009584320634386183 in DGTransportTDO
Setting time step: 0.009584320634386183 in CombinedOp
Setting time step: 0.009584320634386183 in IonStaticPressureOp
norm(r_0) 0
norm(r_1) 0
norm(r_2) 0
norm(r_3) 0.1502609693705381
norm(r_4) 0
Newton iteration  0 : ||r|| = 0.150261
   Pass :  1   Iteration :   0  ||B r|| = 0.0668232 ...
   Pass :  6   Iteration : 300  ||B r|| = 6.08803e-05
GMRES: No convergence!
norm(r_0) 0
norm(r_1) 0
norm(r_2) 0
norm(r_3) 0.08431546041208603
norm(r_4) 0
Newton iteration  1 : ||r|| = 0.0843155, ||r||/||r_0|| = 0.561127
Setting time step: 0.009584320634386183 in DGTransportTDO
Setting time step: 0.009584320634386183 in CombinedOp
Setting time step: 0.009584320634386183 in IonStaticPressureOp
norm(r_0) 0
norm(r_1) 0
norm(r_2) 0
norm(r_3) 0.1255445344606967
norm(r_4) 0
Newton iteration  0 : ||r|| = 0.125545
   Pass :  1   Iteration :   0  ||B r|| = 0.0785912 ...
   Pass :  6   Iteration : 300  ||B r|| = 6.6007e-05
GMRES: No convergence!
norm(r_0) 0
norm(r_1) 0
norm(r_2) 0
norm(r_3) 0.08426522333807429
norm(r_4) 0
Newton iteration  1 : ||r|| = 0.0842652, ||r||/||r_0|| = 0.671198
Setting time step: 0.009584320634386183 in DGTransportTDO
Setting time step: 0.009584320634386183 in CombinedOp
Setting time step: 0.009584320634386183 in IonStaticPressureOp
norm(r_0) 0
norm(r_1) 0
norm(r_2) 0
norm(r_3) 0.1010573428952745
norm(r_4) 0
Newton iteration  0 : ||r|| = 0.101057
   Pass :  1   Iteration :   0  ||B r|| = 0.0818919 ...
   Pass :  6   Iteration : 300  ||B r|| = 6.66535e-05
GMRES: No convergence!
norm(r_0) 0
norm(r_1) 0
norm(r_2) 0
norm(r_3) 0.07855327400884048
norm(r_4) 0
Newton iteration  1 : ||r|| = 0.0785533, ||r||/||r_0|| = 0.777314
Setting time step: 0.009584320634386183 in DGTransportTDO
Setting time step: 0.009584320634386183 in CombinedOp
Setting time step: 0.009584320634386183 in IonStaticPressureOp
norm(r_0) 0
norm(r_1) 0
norm(r_2) 0
norm(r_3) 1.345383139780868
norm(r_4) 0
Newton iteration  0 : ||r|| = 1.34538
   Pass :  1   Iteration :   0  ||B r|| = 0.04261 ...
   Pass :  6   Iteration : 300  ||B r|| = 5.33017e-05
GMRES: No convergence!
norm(r_0) 0
norm(r_1) 0
norm(r_2) 0
norm(r_3) 0.07243885092728534
norm(r_4) 0
Newton iteration  1 : ||r|| = 0.0724389, ||r||/||r_0|| = 0.0538425
Time stepping paused at t = 0.3452044426254226

Estimating errors.
Setting time step: 0.01916864126877237 in DGTransportTDO
Setting time step: 0.01916864126877237 in CombinedOp
Setting time step: 0.01916864126877237 in IonStaticPressureOp
norm(r_0) 0
norm(r_1) 0
norm(r_2) 0
norm(r_3) 0.07246557938342592
norm(r_4) 0
Newton iteration  0 : ||r|| = 0.0724656
   Pass :  1   Iteration :   0  ||B r|| = 0.0247991 ...
   Pass :  6   Iteration : 300  ||B r|| = 4.78656e-05
GMRES: No convergence!
norm(r_0) 0
norm(r_1) 0
norm(r_2) 0
norm(r_3) 0.1262988521078911
norm(r_4) 0
Newton iteration  1 : ||r|| = 0.126299, ||r||/||r_0|| = 1.74288
Setting time step: 0.01916864126877237 in DGTransportTDO
Setting time step: 0.01916864126877237 in CombinedOp
Setting time step: 0.01916864126877237 in IonStaticPressureOp
norm(r_0) 0
norm(r_1) 0
norm(r_2) 0
norm(r_3) 0.2597416271219923
norm(r_4) 0
Newton iteration  0 : ||r|| = 0.259742
   Pass :  1   Iteration :   0  ||B r|| = 0.0123988 ...
   Pass :  6   Iteration : 300  ||B r|| = 3.06442e-05
GMRES: No convergence!
norm(r_0) 0
norm(r_1) 0
norm(r_2) 0
norm(r_3) 0.08586707149176237
norm(r_4) 0
Newton iteration  1 : ||r|| = 0.0858671, ||r||/||r_0|| = 0.330586
Setting time step: 0.01916864126877237 in DGTransportTDO
Setting time step: 0.01916864126877237 in CombinedOp
Setting time step: 0.01916864126877237 in IonStaticPressureOp
norm(r_0) 0
norm(r_1) 0
norm(r_2) 0
norm(r_3) 0.2105325646531219
norm(r_4) 0
Newton iteration  0 : ||r|| = 0.210533
   Pass :  1   Iteration :   0  ||B r|| = 0.0162149 ...
   Pass :  6   Iteration : 300  ||B r|| = 2.73697e-05
GMRES: No convergence!
norm(r_0) 0
norm(r_1) 0
norm(r_2) 0
norm(r_3) 0.07552353354271699
norm(r_4) 0
Newton iteration  1 : ||r|| = 0.0755235, ||r||/||r_0|| = 0.358726
Setting time step: 0.01916864126877237 in DGTransportTDO
Setting time step: 0.01916864126877237 in CombinedOp
Setting time step: 0.01916864126877237 in IonStaticPressureOp
norm(r_0) 0
norm(r_1) 0
norm(r_2) 0
norm(r_3) 0.1642576998675083
norm(r_4) 0
Newton iteration  0 : ||r|| = 0.164258
   Pass :  1   Iteration :   0  ||B r|| = 0.017879 ...
   Pass :  6   Iteration : 300  ||B r|| = 2.98673e-05
GMRES: No convergence!
norm(r_0) 0
norm(r_1) 0
norm(r_2) 0
norm(r_3) 0.09351437297322292
norm(r_4) 0
Newton iteration  1 : ||r|| = 0.0935144, ||r||/||r_0|| = 0.569315
Setting time step: 0.01916864126877237 in DGTransportTDO
Setting time step: 0.01916864126877237 in CombinedOp
Setting time step: 0.01916864126877237 in IonStaticPressureOp
norm(r_0) 0
norm(r_1) 0
norm(r_2) 0
norm(r_3) 1.650474139955403
norm(r_4) 0
Newton iteration  0 : ||r|| = 1.65047
   Pass :  1   Iteration :   0  ||B r|| = 0.0320079 ...
   Pass :  6   Iteration : 300  ||B r|| = 2.14724e-05
GMRES: No convergence!
norm(r_0) 0
norm(r_1) 0
norm(r_2) 0
norm(r_3) 0.05229219468796613
norm(r_4) 0
Newton iteration  1 : ||r|| = 0.0522922, ||r||/||r_0|| = 0.0316831
Setting time step: 0.01515094599084183 in DGTransportTDO
Setting time step: 0.01515094599084183 in CombinedOp
Setting time step: 0.01515094599084183 in IonStaticPressureOp
norm(r_0) 0
norm(r_1) 0
norm(r_2) 0
norm(r_3) 0.07246557938342592
norm(r_4) 0
Newton iteration  0 : ||r|| = 0.0724656
   Pass :  1   Iteration :   0  ||B r|| = 0.0313458 ...
   Pass :  6   Iteration : 300  ||B r|| = 4.73271e-05
GMRES: No convergence!
norm(r_0) 0
norm(r_1) 0
norm(r_2) 0
norm(r_3) 0.09788676980952196
norm(r_4) 0
Newton iteration  1 : ||r|| = 0.0978868, ||r||/||r_0|| = 1.3508
Setting time step: 0.01515094599084183 in DGTransportTDO
Setting time step: 0.01515094599084183 in CombinedOp
Setting time step: 0.01515094599084183 in IonStaticPressureOp
norm(r_0) 0
norm(r_1) 0
norm(r_2) 0
norm(r_3) 0.2044866699895523
norm(r_4) 0
Newton iteration  0 : ||r|| = 0.204487
   Pass :  1   Iteration :   0  ||B r|| = 0.0223439 ...
   Pass :  6   Iteration : 300  ||B r|| = 2.57262e-05
GMRES: No convergence!
norm(r_0) 0
norm(r_1) 0
norm(r_2) 0
norm(r_3) 0.06200313369003033
norm(r_4) 0
Newton iteration  1 : ||r|| = 0.0620031, ||r||/||r_0|| = 0.303214
Setting time step: 0.01515094599084183 in DGTransportTDO
Setting time step: 0.01515094599084183 in CombinedOp
Setting time step: 0.01515094599084183 in IonStaticPressureOp
norm(r_0) 0
norm(r_1) 0
norm(r_2) 0
norm(r_3) 0.1633336416833774
norm(r_4) 0
Newton iteration  0 : ||r|| = 0.163334
   Pass :  1   Iteration :   0  ||B r|| = 0.0251811 ...
   Pass :  6   Iteration : 300  ||B r|| = 3.34569e-05
GMRES: No convergence!
norm(r_0) 0
norm(r_1) 0
norm(r_2) 0
norm(r_3) 0.07603740237546476
norm(r_4) 0
Newton iteration  1 : ||r|| = 0.0760374, ||r||/||r_0|| = 0.465534
Setting time step: 0.01515094599084183 in DGTransportTDO
Setting time step: 0.01515094599084183 in CombinedOp
Setting time step: 0.01515094599084183 in IonStaticPressureOp
norm(r_0) 0
norm(r_1) 0
norm(r_2) 0
norm(r_3) 0.128782102160165
norm(r_4) 0
Newton iteration  0 : ||r|| = 0.128782
   Pass :  1   Iteration :   0  ||B r|| = 0.0261817 ...
   Pass :  6   Iteration : 300  ||B r|| = 3.71546e-05
GMRES: No convergence!
norm(r_0) 0
norm(r_1) 0
norm(r_2) 0
norm(r_3) 0.07559716183228769
norm(r_4) 0
Newton iteration  1 : ||r|| = 0.0755972, ||r||/||r_0|| = 0.587016
Setting time step: 0.01515094599084183 in DGTransportTDO
Setting time step: 0.01515094599084183 in CombinedOp
Setting time step: 0.01515094599084183 in IonStaticPressureOp
norm(r_0) 0
norm(r_1) 0
norm(r_2) 0
norm(r_3) 1.209706753306689
norm(r_4) 0
Newton iteration  0 : ||r|| = 1.20971
   Pass :  1   Iteration :   0  ||B r|| = 0.0325283 ...
   Pass :  6   Iteration : 300  ||B r|| = 4.26114e-05
GMRES: No convergence!
norm(r_0) 0
norm(r_1) 0
norm(r_2) 0
norm(r_3) 0.1051764084003832
norm(r_4) 0
Newton iteration  1 : ||r|| = 0.105176, ||r||/||r_0|| = 0.0869437
Setting time step: 0.0202918477581689 in DGTransportTDO
Setting time step: 0.0202918477581689 in CombinedOp
Setting time step: 0.0202918477581689 in IonStaticPressureOp
norm(r_0) 0
norm(r_1) 0
norm(r_2) 0
norm(r_3) 0.1051835891770212
norm(r_4) 0
Newton iteration  0 : ||r|| = 0.105184
   Pass :  1   Iteration :   0  ||B r|| = 0.00739644 ...
   Pass :  6   Iteration : 300  ||B r|| = 2.1215e-05
GMRES: No convergence!
norm(r_0) 0
norm(r_1) 0
norm(r_2) 0
norm(r_3) 0.05591236675202833
norm(r_4) 0
Newton iteration  1 : ||r|| = 0.0559124, ||r||/||r_0|| = 0.531569
Setting time step: 0.0202918477581689 in DGTransportTDO
Setting time step: 0.0202918477581689 in CombinedOp
Setting time step: 0.0202918477581689 in IonStaticPressureOp
norm(r_0) 0
norm(r_1) 0
norm(r_2) 0
norm(r_3) 0.1480965774671796
norm(r_4) 0
Newton iteration  0 : ||r|| = 0.148097
   Pass :  1   Iteration :   0  ||B r|| = 0.0129633 ...
   Pass :  6   Iteration : 300  ||B r|| = 1.16143e-05
GMRES: No convergence!
norm(r_0) 0
norm(r_1) 0
norm(r_2) 0
norm(r_3) 0.03883172436995661
norm(r_4) 0
Newton iteration  1 : ||r|| = 0.0388317, ||r||/||r_0|| = 0.262205
Setting time step: 0.0202918477581689 in DGTransportTDO
Setting time step: 0.0202918477581689 in CombinedOp
Setting time step: 0.0202918477581689 in IonStaticPressureOp
norm(r_0) 0
norm(r_1) 0
norm(r_2) 0
norm(r_3) 0.1053565746419933
norm(r_4) 0
Newton iteration  0 : ||r|| = 0.105357
   Pass :  1   Iteration :   0  ||B r|| = 0.0119566 ...
   Pass :  6   Iteration : 300  ||B r|| = 1.52295e-05
GMRES: No convergence!
norm(r_0) 0
norm(r_1) 0
norm(r_2) 0
norm(r_3) 0.05330514206789403
norm(r_4) 0
Newton iteration  1 : ||r|| = 0.0533051, ||r||/||r_0|| = 0.50595
Setting time step: 0.0202918477581689 in DGTransportTDO
Setting time step: 0.0202918477581689 in CombinedOp
Setting time step: 0.0202918477581689 in IonStaticPressureOp
norm(r_0) 0
norm(r_1) 0
norm(r_2) 0
norm(r_3) 0.0754392010558201
norm(r_4) 0
Newton iteration  0 : ||r|| = 0.0754392
   Pass :  1   Iteration :   0  ||B r|| = 0.0110213 ...
   Pass :  6   Iteration : 300  ||B r|| = 1.89096e-05
GMRES: No convergence!
norm(r_0) 0
norm(r_1) 0
norm(r_2) 0
norm(r_3) 0.07044028715482689
norm(r_4) 0
Newton iteration  1 : ||r|| = 0.0704403, ||r||/||r_0|| = 0.933736
Setting time step: 0.0202918477581689 in DGTransportTDO
Setting time step: 0.0202918477581689 in CombinedOp
Setting time step: 0.0202918477581689 in IonStaticPressureOp
norm(r_0) 0
norm(r_1) 0
norm(r_2) 0
norm(r_3) 1.043887105404437
norm(r_4) 0
Newton iteration  0 : ||r|| = 1.04389
   Pass :  1   Iteration :   0  ||B r|| = 0.0294534 ...
   Pass :  6   Iteration : 300  ||B r|| = 1.62359e-05
GMRES: No convergence!
norm(r_0) 0
norm(r_1) 0
norm(r_2) 0
norm(r_3) 0.04990301195523077
norm(r_4) 0
Newton iteration  1 : ||r|| = 0.049903, ||r||/||r_0|| = 0.047805
Setting time step: 0.02217764656706601 in DGTransportTDO
Setting time step: 0.02217764656706601 in CombinedOp
Setting time step: 0.02217764656706601 in IonStaticPressureOp
norm(r_0) 0
norm(r_1) 0
norm(r_2) 0
norm(r_3) 0.04990844787613481
norm(r_4) 0
Newton iteration  0 : ||r|| = 0.0499084
   Pass :  1   Iteration :   0  ||B r|| = 0.00719936 ...
   Pass :  6   Iteration : 300  ||B r|| = 1.18804e-05
GMRES: No convergence!
norm(r_0) 0
norm(r_1) 0
norm(r_2) 0
norm(r_3) 0.03937911541145619
norm(r_4) 0
Newton iteration  1 : ||r|| = 0.0393791, ||r||/||r_0|| = 0.789027
Setting time step: 0.02217764656706601 in DGTransportTDO
Setting time step: 0.02217764656706601 in CombinedOp
Setting time step: 0.02217764656706601 in IonStaticPressureOp
norm(r_0) 0
norm(r_1) 0
norm(r_2) 0
norm(r_3) 0.05877847324234668
norm(r_4) 0
Newton iteration  0 : ||r|| = 0.0587785
   Pass :  1   Iteration :   0  ||B r|| = 0.00258372 ...
   Pass :  6   Iteration : 300  ||B r|| = 5.2908e-06
GMRES: No convergence!
norm(r_0) 0
norm(r_1) 0
norm(r_2) 0
norm(r_3) 0.01658484469159309
norm(r_4) 0
Newton iteration  1 : ||r|| = 0.0165848, ||r||/||r_0|| = 0.282158
Setting time step: 0.02217764656706601 in DGTransportTDO
Setting time step: 0.02217764656706601 in CombinedOp
Setting time step: 0.02217764656706601 in IonStaticPressureOp
norm(r_0) 0
norm(r_1) 0
norm(r_2) 0
norm(r_3) 0.05151090667965844
norm(r_4) 0
Newton iteration  0 : ||r|| = 0.0515109
   Pass :  1   Iteration :   0  ||B r|| = 0.000210665 ...
   Pass :  6   Iteration : 300  ||B r|| = 5.41271e-06
GMRES: No convergence!
norm(r_0) 0
norm(r_1) 0
norm(r_2) 0
norm(r_3) 0.02294572809200543
norm(r_4) 0
Newton iteration  1 : ||r|| = 0.0229457, ||r||/||r_0|| = 0.445454
Setting time step: 0.02217764656706601 in DGTransportTDO
Setting time step: 0.02217764656706601 in CombinedOp
Setting time step: 0.02217764656706601 in IonStaticPressureOp
norm(r_0) 0
norm(r_1) 0
norm(r_2) 0
norm(r_3) 0.04409985250785012
norm(r_4) 0
Newton iteration  0 : ||r|| = 0.0440999
   Pass :  1   Iteration :   0  ||B r|| = 0.00145865 ...
   Pass :  6   Iteration : 300  ||B r|| = 5.80381e-06
GMRES: No convergence!
norm(r_0) 0
norm(r_1) 0
norm(r_2) 0
norm(r_3) 0.02185760364626801
norm(r_4) 0
Newton iteration  1 : ||r|| = 0.0218576, ||r||/||r_0|| = 0.495639
Setting time step: 0.02217764656706601 in DGTransportTDO
Setting time step: 0.02217764656706601 in CombinedOp
Setting time step: 0.02217764656706601 in IonStaticPressureOp
norm(r_0) 0
norm(r_1) 0
norm(r_2) 0
norm(r_3) 0.5478894703761379
norm(r_4) 0
Newton iteration  0 : ||r|| = 0.547889
   Pass :  1   Iteration :   0  ||B r|| = 0.00418572 ...
   Pass :  6   Iteration : 300  ||B r|| = 4.88095e-06
GMRES: No convergence!
norm(r_0) 0
norm(r_1) 0
norm(r_2) 0
norm(r_3) 0.01434467546233812
norm(r_4) 0
Newton iteration  1 : ||r|| = 0.0143447, ||r||/||r_0|| = 0.0261817
Setting time step: 0.04435529313413202 in DGTransportTDO
Setting time step: 0.04435529313413202 in CombinedOp
Setting time step: 0.04435529313413202 in IonStaticPressureOp
norm(r_0) 0
norm(r_1) 0
norm(r_2) 0
norm(r_3) 0.01434575736293353
norm(r_4) 0
Newton iteration  0 : ||r|| = 0.0143458
   Pass :  1   Iteration :   0  ||B r|| = 0.000276367 ...
   Pass :  6   Iteration : 300  ||B r|| = 2.14092e-06
GMRES: No convergence!
norm(r_0) 0
norm(r_1) 0
norm(r_2) 0
norm(r_3) 0.01539367396109544
norm(r_4) 0
Newton iteration  1 : ||r|| = 0.0153937, ||r||/||r_0|| = 1.07305
Setting time step: 0.04435529313413202 in DGTransportTDO
Setting time step: 0.04435529313413202 in CombinedOp
Setting time step: 0.04435529313413202 in IonStaticPressureOp
norm(r_0) 0
norm(r_1) 0
norm(r_2) 0
norm(r_3) 0.02294321452684617
norm(r_4) 0
Newton iteration  0 : ||r|| = 0.0229432
   Pass :  1   Iteration :   0  ||B r|| = 0.000360823 ...
   Pass :  6   Iteration : 300  ||B r|| = 1.27716e-06
GMRES: No convergence!
norm(r_0) 0
norm(r_1) 0
norm(r_2) 0
norm(r_3) 0.009993336999262383
norm(r_4) 0
Newton iteration  1 : ||r|| = 0.00999334, ||r||/||r_0|| = 0.435568
Setting time step: 0.04435529313413202 in DGTransportTDO
Setting time step: 0.04435529313413202 in CombinedOp
Setting time step: 0.04435529313413202 in IonStaticPressureOp
norm(r_0) 0
norm(r_1) 0
norm(r_2) 0
norm(r_3) 0.02007621538977
norm(r_4) 0
Newton iteration  0 : ||r|| = 0.0200762
   Pass :  1   Iteration :   0  ||B r|| = 0.00018176 ...
   Pass :  6   Iteration : 300  ||B r|| = 1.62133e-06
GMRES: No convergence!
norm(r_0) 0
norm(r_1) 0
norm(r_2) 0
norm(r_3) 0.01387461273515126
norm(r_4) 0
Newton iteration  1 : ||r|| = 0.0138746, ||r||/||r_0|| = 0.691097
Setting time step: 0.04435529313413202 in DGTransportTDO
Setting time step: 0.04435529313413202 in CombinedOp
Setting time step: 0.04435529313413202 in IonStaticPressureOp
norm(r_0) 0
norm(r_1) 0
norm(r_2) 0
norm(r_3) 0.01772000869762025
norm(r_4) 0
Newton iteration  0 : ||r|| = 0.01772
   Pass :  1   Iteration :   0  ||B r|| = 9.70614e-05 ...
   Pass :  6   Iteration : 300  ||B r|| = 1.55022e-06
GMRES: No convergence!
norm(r_0) 0
norm(r_1) 0
norm(r_2) 0
norm(r_3) 0.01322620709019708
norm(r_4) 0
Newton iteration  1 : ||r|| = 0.0132262, ||r||/||r_0|| = 0.7464
Setting time step: 0.04435529313413202 in DGTransportTDO
Setting time step: 0.04435529313413202 in CombinedOp
Setting time step: 0.04435529313413202 in IonStaticPressureOp
norm(r_0) 0
norm(r_1) 0
norm(r_2) 0
norm(r_3) 0.3386604602903642
norm(r_4) 0
Newton iteration  0 : ||r|| = 0.33866
   Pass :  1   Iteration :   0  ||B r|| = 0.000433889 ...
   Pass :  6   Iteration : 294  ||B r|| = 9.96186e-07
norm(r_0) 0
norm(r_1) 0
norm(r_2) 0
norm(r_3) 0.00851617562825137
norm(r_4) 0
Newton iteration  1 : ||r|| = 0.00851618, ||r||/||r_0|| = 0.0251466
Time stepping paused at t = 0.7531073764262576

Estimating errors.
Setting time step: 0.08871058626826404 in DGTransportTDO
Setting time step: 0.08871058626826404 in CombinedOp
Setting time step: 0.08871058626826404 in IonStaticPressureOp
norm(r_0) 0
norm(r_1) 0
norm(r_2) 0
norm(r_3) 0.008516412236314438
norm(r_4) 0
Newton iteration  0 : ||r|| = 0.00851641
   Pass :  1   Iteration :   0  ||B r|| = 8.57891e-05 ...
   Pass :  1   Iteration :  33  ||B r|| = 9.99973e-07
norm(r_0) 0
norm(r_1) 0
norm(r_2) 0
norm(r_3) 0.01390209137762079
norm(r_4) 0
Newton iteration  1 : ||r|| = 0.0139021, ||r||/||r_0|| = 1.63239
Setting time step: 0.08871058626826404 in DGTransportTDO
Setting time step: 0.08871058626826404 in CombinedOp
Setting time step: 0.08871058626826404 in IonStaticPressureOp
norm(r_0) 0
norm(r_1) 0
norm(r_2) 0
norm(r_3) 0.02308328340126257
norm(r_4) 0
Newton iteration  0 : ||r|| = 0.0230833
   Pass :  1   Iteration :   0  ||B r|| = 7.46225e-05 ...
   Pass :  1   Iteration :  22  ||B r|| = 9.97712e-07
norm(r_0) 0
norm(r_1) 0
norm(r_2) 0
norm(r_3) 0.0119216808038661
norm(r_4) 0
Newton iteration  1 : ||r|| = 0.0119217, ||r||/||r_0|| = 0.516464
Setting time step: 0.08871058626826404 in DGTransportTDO
Setting time step: 0.08871058626826404 in CombinedOp
Setting time step: 0.08871058626826404 in IonStaticPressureOp
norm(r_0) 0
norm(r_1) 0
norm(r_2) 0
norm(r_3) 0.01893945483266864
norm(r_4) 0
Newton iteration  0 : ||r|| = 0.0189395
   Pass :  1   Iteration :   0  ||B r|| = 3.49544e-05 ...
   Pass :  1   Iteration :  18  ||B r|| = 9.98271e-07
norm(r_0) 0
norm(r_1) 0
norm(r_2) 0
norm(r_3) 0.01340033612505296
norm(r_4) 0
Newton iteration  1 : ||r|| = 0.0134003, ||r||/||r_0|| = 0.707535
Setting time step: 0.08871058626826404 in DGTransportTDO
Setting time step: 0.08871058626826404 in CombinedOp
Setting time step: 0.08871058626826404 in IonStaticPressureOp
norm(r_0) 0
norm(r_1) 0
norm(r_2) 0
norm(r_3) 0.0162851400855028
norm(r_4) 0
Newton iteration  0 : ||r|| = 0.0162851
   Pass :  1   Iteration :   0  ||B r|| = 1.26686e-05 ...
   Pass :  1   Iteration :  18  ||B r|| = 9.91542e-07
norm(r_0) 0
norm(r_1) 0
norm(r_2) 0
norm(r_3) 0.01331202225873748
norm(r_4) 0
Newton iteration  1 : ||r|| = 0.013312, ||r||/||r_0|| = 0.817434
Setting time step: 0.08871058626826404 in DGTransportTDO
Setting time step: 0.08871058626826404 in CombinedOp
Setting time step: 0.08871058626826404 in IonStaticPressureOp
norm(r_0) 0
norm(r_1) 0
norm(r_2) 0
norm(r_3) 0.07566473606890509
norm(r_4) 0
Newton iteration  0 : ||r|| = 0.0756647
   Pass :  1   Iteration :   0  ||B r|| = 0.000169085 ...
   Pass :  1   Iteration :  37  ||B r|| = 9.99733e-07
norm(r_0) 0
norm(r_1) 0
norm(r_2) 0
norm(r_3) 0.01192218045870229
norm(r_4) 0
Newton iteration  1 : ||r|| = 0.0119222, ||r||/||r_0|| = 0.157566
Setting time step: 0.1774211725365281 in DGTransportTDO
Setting time step: 0.1774211725365281 in CombinedOp
Setting time step: 0.1774211725365281 in IonStaticPressureOp
norm(r_0) 0
norm(r_1) 0
norm(r_2) 0
norm(r_3) 0.01192218166442553
norm(r_4) 0
Newton iteration  0 : ||r|| = 0.0119222
   Pass :  1   Iteration :   0  ||B r|| = 8.62951e-07
norm(r_0) 0
norm(r_1) 0
norm(r_2) 0
norm(r_3) 0.01192218166442553
norm(r_4) 0
Newton iteration  1 : ||r|| = 0.0119222, ||r||/||r_0|| = 1
Setting time step: 0.1774211725365281 in DGTransportTDO
Setting time step: 0.1774211725365281 in CombinedOp
Setting time step: 0.1774211725365281 in IonStaticPressureOp
norm(r_0) 0
norm(r_1) 0
norm(r_2) 0
norm(r_3) 0.01192218166442553
norm(r_4) 0
Newton iteration  0 : ||r|| = 0.0119222
   Pass :  1   Iteration :   0  ||B r|| = 8.62951e-07
norm(r_0) 0
norm(r_1) 0
norm(r_2) 0
norm(r_3) 0.01192218166442553
norm(r_4) 0
Newton iteration  1 : ||r|| = 0.0119222, ||r||/||r_0|| = 1
Setting time step: 0.1774211725365281 in DGTransportTDO
Setting time step: 0.1774211725365281 in CombinedOp
Setting time step: 0.1774211725365281 in IonStaticPressureOp
norm(r_0) 0
norm(r_1) 0
norm(r_2) 0
norm(r_3) 0.01192218166442553
norm(r_4) 0
Newton iteration  0 : ||r|| = 0.0119222
   Pass :  1   Iteration :   0  ||B r|| = 8.62951e-07
norm(r_0) 0
norm(r_1) 0
norm(r_2) 0
norm(r_3) 0.01192218166442553
norm(r_4) 0
Newton iteration  1 : ||r|| = 0.0119222, ||r||/||r_0|| = 1
Setting time step: 0.1774211725365281 in DGTransportTDO
Setting time step: 0.1774211725365281 in CombinedOp
Setting time step: 0.1774211725365281 in IonStaticPressureOp
norm(r_0) 0
norm(r_1) 0
norm(r_2) 0
norm(r_3) 0.01192218166442553
norm(r_4) 0
Newton iteration  0 : ||r|| = 0.0119222
   Pass :  1   Iteration :   0  ||B r|| = 8.62951e-07
norm(r_0) 0
norm(r_1) 0
norm(r_2) 0
norm(r_3) 0.01192218166442553
norm(r_4) 0
Newton iteration  1 : ||r|| = 0.0119222, ||r||/||r_0|| = 1
Setting time step: 0.1774211725365281 in DGTransportTDO
Setting time step: 0.1774211725365281 in CombinedOp
Setting time step: 0.1774211725365281 in IonStaticPressureOp
norm(r_0) 0
norm(r_1) 0
norm(r_2) 0
norm(r_3) 0.01192218166442553
norm(r_4) 0
Newton iteration  0 : ||r|| = 0.0119222
   Pass :  1   Iteration :   0  ||B r|| = 8.62951e-07
norm(r_0) 0
norm(r_1) 0
norm(r_2) 0
norm(r_3) 0.01192218166442553
norm(r_4) 0
Newton iteration  1 : ||r|| = 0.0119222, ||r||/||r_0|| = 1
Setting time step: 0.1774211725365281 in DGTransportTDO
Setting time step: 0.1774211725365281 in CombinedOp
Setting time step: 0.1774211725365281 in IonStaticPressureOp
norm(r_0) 0
norm(r_1) 0
norm(r_2) 0
norm(r_3) 0.01192218166442553
norm(r_4) 0
Newton iteration  0 : ||r|| = 0.0119222
   Pass :  1   Iteration :   0  ||B r|| = 8.62951e-07
norm(r_0) 0
norm(r_1) 0
norm(r_2) 0
norm(r_3) 0.01192218166442553
norm(r_4) 0
Newton iteration  1 : ||r|| = 0.0119222, ||r||/||r_0|| = 1
Setting time step: 0.1774211725365281 in DGTransportTDO
Setting time step: 0.1774211725365281 in CombinedOp
Setting time step: 0.1774211725365281 in IonStaticPressureOp
norm(r_0) 0
norm(r_1) 0
norm(r_2) 0
norm(r_3) 0.01192218166442553
norm(r_4) 0
Newton iteration  0 : ||r|| = 0.0119222
   Pass :  1   Iteration :   0  ||B r|| = 8.62951e-07
norm(r_0) 0
norm(r_1) 0
norm(r_2) 0
norm(r_3) 0.01192218166442553
norm(r_4) 0
Newton iteration  1 : ||r|| = 0.0119222, ||r||/||r_0|| = 1
Setting time step: 0.1774211725365281 in DGTransportTDO
Setting time step: 0.1774211725365281 in CombinedOp
Setting time step: 0.1774211725365281 in IonStaticPressureOp
norm(r_0) 0
norm(r_1) 0
norm(r_2) 0
norm(r_3) 0.01192218166442553
norm(r_4) 0
Newton iteration  0 : ||r|| = 0.0119222
   Pass :  1   Iteration :   0  ||B r|| = 8.62951e-07
norm(r_0) 0
norm(r_1) 0
norm(r_2) 0
norm(r_3) 0.01192218166442553
norm(r_4) 0
Newton iteration  1 : ||r|| = 0.0119222, ||r||/||r_0|| = 1
Setting time step: 0.1774211725365281 in DGTransportTDO
Setting time step: 0.1774211725365281 in CombinedOp
Setting time step: 0.1774211725365281 in IonStaticPressureOp
norm(r_0) 0
norm(r_1) 0
norm(r_2) 0
norm(r_3) 0.01192218166442553
norm(r_4) 0
Newton iteration  0 : ||r|| = 0.0119222
   Pass :  1   Iteration :   0  ||B r|| = 8.62951e-07
norm(r_0) 0
norm(r_1) 0
norm(r_2) 0
norm(r_3) 0.01192218166442553
norm(r_4) 0
Newton iteration  1 : ||r|| = 0.0119222, ||r||/||r_0|| = 1
Setting time step: 0.1774211725365281 in DGTransportTDO
Setting time step: 0.1774211725365281 in CombinedOp
Setting time step: 0.1774211725365281 in IonStaticPressureOp
norm(r_0) 0
norm(r_1) 0
norm(r_2) 0
norm(r_3) 0.01192218166442553
norm(r_4) 0
Newton iteration  0 : ||r|| = 0.0119222
   Pass :  1   Iteration :   0  ||B r|| = 8.62951e-07
norm(r_0) 0
norm(r_1) 0
norm(r_2) 0
norm(r_3) 0.01192218166442553
norm(r_4) 0
Newton iteration  1 : ||r|| = 0.0119222, ||r||/||r_0|| = 1
Setting time step: 0.1774211725365281 in DGTransportTDO
Setting time step: 0.1774211725365281 in CombinedOp
Setting time step: 0.1774211725365281 in IonStaticPressureOp
norm(r_0) 0
norm(r_1) 0
norm(r_2) 0
norm(r_3) 0.01192218166442553
norm(r_4) 0
Newton iteration  0 : ||r|| = 0.0119222
   Pass :  1   Iteration :   0  ||B r|| = 8.62951e-07
norm(r_0) 0
norm(r_1) 0
norm(r_2) 0
norm(r_3) 0.01192218166442553
norm(r_4) 0
Newton iteration  1 : ||r|| = 0.0119222, ||r||/||r_0|| = 1
Setting time step: 0.1774211725365281 in DGTransportTDO
Setting time step: 0.1774211725365281 in CombinedOp
Setting time step: 0.1774211725365281 in IonStaticPressureOp
norm(r_0) 0
norm(r_1) 0
norm(r_2) 0
norm(r_3) 0.01192218166442553
norm(r_4) 0
Newton iteration  0 : ||r|| = 0.0119222
   Pass :  1   Iteration :   0  ||B r|| = 8.62951e-07
norm(r_0) 0
norm(r_1) 0
norm(r_2) 0
norm(r_3) 0.01192218166442553
norm(r_4) 0
Newton iteration  1 : ||r|| = 0.0119222, ||r||/||r_0|| = 1
Setting time step: 0.1774211725365281 in DGTransportTDO
Setting time step: 0.1774211725365281 in CombinedOp
Setting time step: 0.1774211725365281 in IonStaticPressureOp
norm(r_0) 0
norm(r_1) 0
norm(r_2) 0
norm(r_3) 0.01192218166442553
norm(r_4) 0
Newton iteration  0 : ||r|| = 0.0119222
   Pass :  1   Iteration :   0  ||B r|| = 8.62951e-07
norm(r_0) 0
norm(r_1) 0
norm(r_2) 0
norm(r_3) 0.01192218166442553
norm(r_4) 0
Newton iteration  1 : ||r|| = 0.0119222, ||r||/||r_0|| = 1
Setting time step: 0.1774211725365281 in DGTransportTDO
Setting time step: 0.1774211725365281 in CombinedOp
Setting time step: 0.1774211725365281 in IonStaticPressureOp
norm(r_0) 0
norm(r_1) 0
norm(r_2) 0
norm(r_3) 0.01192218166442553
norm(r_4) 0
Newton iteration  0 : ||r|| = 0.0119222
   Pass :  1   Iteration :   0  ||B r|| = 8.62951e-07
norm(r_0) 0
norm(r_1) 0
norm(r_2) 0
norm(r_3) 0.01192218166442553
norm(r_4) 0
Newton iteration  1 : ||r|| = 0.0119222, ||r||/||r_0|| = 1
Setting time step: 0.1774211725365281 in DGTransportTDO
Setting time step: 0.1774211725365281 in CombinedOp
Setting time step: 0.1774211725365281 in IonStaticPressureOp
norm(r_0) 0
norm(r_1) 0
norm(r_2) 0
norm(r_3) 0.01192218166442553
norm(r_4) 0
Newton iteration  0 : ||r|| = 0.0119222
   Pass :  1   Iteration :   0  ||B r|| = 8.62951e-07
norm(r_0) 0
norm(r_1) 0
norm(r_2) 0
norm(r_3) 0.01192218166442553
norm(r_4) 0
Newton iteration  1 : ||r|| = 0.0119222, ||r||/||r_0|| = 1
Time stepping paused at t = 3.237003791937651
Steady State solution has been reached

Time stepping done after 27.132591077s.
