Options used:
   --mesh ../../mfem/data/inline-quad.mesh
   --bc-file ../../mfem/miniapps/plasma/transport2d_bcs.inp
   --ic-file ../../mfem/miniapps/plasma/transport2d_ics.inp
   --ec-file /home/gz6/mfem-analysis/input-files/transport2d_ecs.inp
   --es-file ../../mfem/miniapps/plasma/transport2d_ess.inp
   --eqdsk-file 
   --logging 1
   --operator-test 8
   --equation-weights '1 1 1 1 1'
   --problem 0
   --refine-serial 3
   --refine-parallel 0
   --enable-amr
   --max-err -1
   --hysteresis 0.25
   --nc-limit 3
   --amr-weights '1 1 1 1 1'
   --order 3
   --dg-sigma -1
   --dg-kappa 16
   --linear-abs-tolerance 1e-06
   --linear-rel-tolerance 1e-06
   --linear-max-iterations 500
   --linear-logging-level 3
   --newton-abs-tolerance 1e-10
   --newton-rel-tolerance 1e-10
   --newton-max-iterations 1
   --newton-logging-level 1
   --steady-state-abs-tolerance 1e-08
   --steady-state-rel-tolerance 1e-08
   --prec-type 1
   --prec-logging-level 0
   --initial-tolerance 1e-05
   --ode-tolerance 0.001
   --ode-solver 2
   --err-per-step
   --ode-weights '1 1 1 1 1'
   --kP 0
   --kI 0.6
   --kD 0
   --theta-max 2
   --t-minimum 0
   --t-final 100
   --time-step 0.01
   --cfl-number 0.3
   --ion-charge 1
   --ion-mass 2.0141018
   --neutral-mass 2.0141018
   --neutral-temp 3
   --min-neutral-density 9e+14
   --max-neutral-density 1e+15
   --neutral-density-exp 0
   --min-ion-density 1e+16
   --max-ion-density 1e+18
   --ion-density-exp 0
   --min-ion-temp 1
   --max-ion-temp 10
   --ion-temp-exp 0
   --min-electron-temp 10
   --max-electron-temp 440
   --electron-temp-exp 0
   --total-B-magnitude 5
   --poloidal-B-magnitude 0.5
   --velocity 1000
   --Di-perp 1
   --Xi-perp 1
   --Xe-perp 1
   --equation-term-flags '-1 -1 -1 -1 -1'
   --visualization-flags '-1 -1 -1 -1 -1'
   --visualization
   --visit-datafiles
   --ascii-datafiles
   --visualization-steps 4
Device configuration: cpu
Memory configuration: host-std
Number of elements in initial mesh: 16
Number of elements after serial refinement: 1024
0: Number of elements in parallel mesh: 64
0: Number of elements after parallel refinement: 64
4: Number of elements in parallel mesh: 64
4: Number of elements after parallel refinement: 64
5: Number of elements in parallel mesh: 64
5: Number of elements after parallel refinement: 64
3: Number of elements in parallel mesh: 64
3: Number of elements after parallel refinement: 64
2: Number of elements in parallel mesh: 64
2: Number of elements after parallel refinement: 64
13: Number of elements in parallel mesh: 64
13: Number of elements after parallel refinement: 64
14: Number of elements in parallel mesh: 64
14: Number of elements after parallel refinement: 64
6: Number of elements in parallel mesh: 64
6: Number of elements after parallel refinement: 64
1: Number of elements in parallel mesh: 64
1: Number of elements after parallel refinement: 64
12: Number of elements in parallel mesh: 64
12: Number of elements after parallel refinement: 64
10: Number of elements in parallel mesh: 64
10: Number of elements after parallel refinement: 64
9: Number of elements in parallel mesh: 64
9: Number of elements after parallel refinement: 64
11: Number of elements in parallel mesh: 64
11: Number of elements after parallel refinement: 64
8: Number of elements in parallel mesh: 64
8: Number of elements after parallel refinement: 64
15: Number of elements in parallel mesh: 64
15: Number of elements after parallel refinement: 64
7: Number of elements in parallel mesh: 64
7: Number of elements after parallel refinement: 64
Configuring initial conditions
Reading initial conditions from ../../mfem/miniapps/plasma/transport2d_ics.inp
Configuring exact solutions
Reading exact solutions from ../../mfem/miniapps/plasma/transport2d_ess.inp

AMR iteration 0
Number of unknowns: 16384
Stopping criterion satisfied. Stop.
Number of unknowns per field: 16384
Total number of unknowns:     81920
Configuring boundary conditions
Reading boundary conditions from ../../mfem/miniapps/plasma/transport2d_bcs.inp
Configuring equation coefficients
Reading equation coefficients from /home/gz6/mfem-analysis/input-files/transport2d_ecs.inp
|mn| = 3.3444946e-27
|ni| = 1
|ne| = 1

|Dn|     = -nan
|Di|     = -nan
|Eta|    = -nan
|nXi|    = -nan
|nXe|    = -nan

|Eta/mn| = -nan
|nXi/ni| = -nan
|nXe/ne| = -nan
Ion Static Pressure: Adding time derivative term proportional to d n_i / dt
Ion Static Pressure: Adding time derivative term proportional to d T_i / dt
Ion Static Pressure: Adding anisotropic diffusion term
Ion Static Pressure: Adding source term
Opening GLVis sockets.
Range of error estimates for initial condition: -nan < elem err < -nan

Begin time stepping at t = 0
Setting time step: 0.0025 in DGTransportTDO
Setting time step: 0.0025 in CombinedOp
Setting time step: 0.0025 in IonStaticPressureOp
norm(r_0) 0
norm(r_1) 0
norm(r_2) 0
norm(r_3) 0.084245755
norm(r_4) 0
Newton iteration  0 : ||r|| = 0.0842458
   Pass :  1   Iteration :   0  ||B r|| = 541.404 ...
   Pass :  1   Iteration :  36  ||B r|| = 0.000440667
norm(r_0) 0
norm(r_1) 0
norm(r_2) 0
norm(r_3) 5.9963242e-05
norm(r_4) 0
Newton iteration  1 : ||r|| = 5.99632e-05, ||r||/||r_0|| = 0.000711766
Setting time step: 0.0025 in DGTransportTDO
Setting time step: 0.0025 in CombinedOp
Setting time step: 0.0025 in IonStaticPressureOp
norm(r_0) 0
norm(r_1) 0
norm(r_2) 0
norm(r_3) 0.078879078
norm(r_4) 0
Newton iteration  0 : ||r|| = 0.0788791
   Pass :  1   Iteration :   0  ||B r|| = 506.916 ...
   Pass :  1   Iteration :  36  ||B r|| = 0.000411256
norm(r_0) 0
norm(r_1) 0
norm(r_2) 0
norm(r_3) 5.5946887e-05
norm(r_4) 0
Newton iteration  1 : ||r|| = 5.59469e-05, ||r||/||r_0|| = 0.000709274
Setting time step: 0.0025 in DGTransportTDO
Setting time step: 0.0025 in CombinedOp
Setting time step: 0.0025 in IonStaticPressureOp
norm(r_0) 0
norm(r_1) 0
norm(r_2) 0
norm(r_3) 0.080998369
norm(r_4) 0
Newton iteration  0 : ||r|| = 0.0809984
   Pass :  1   Iteration :   0  ||B r|| = 520.535 ...
   Pass :  1   Iteration :  36  ||B r|| = 0.000422671
norm(r_0) 0
norm(r_1) 0
norm(r_2) 0
norm(r_3) 5.7503463e-05
norm(r_4) 0
Newton iteration  1 : ||r|| = 5.75035e-05, ||r||/||r_0|| = 0.000709934
Setting time step: 0.0025 in DGTransportTDO
Setting time step: 0.0025 in CombinedOp
Setting time step: 0.0025 in IonStaticPressureOp
norm(r_0) 0
norm(r_1) 0
norm(r_2) 0
norm(r_3) 0.081539355
norm(r_4) 0
Newton iteration  0 : ||r|| = 0.0815394
   Pass :  1   Iteration :   0  ||B r|| = 524.012 ...
   Pass :  1   Iteration :  36  ||B r|| = 0.000425688
norm(r_0) 0
norm(r_1) 0
norm(r_2) 0
norm(r_3) 5.791619e-05
norm(r_4) 0
Newton iteration  1 : ||r|| = 5.79162e-05, ||r||/||r_0|| = 0.000710285
Setting time step: 0.0025 in DGTransportTDO
Setting time step: 0.0025 in CombinedOp
Setting time step: 0.0025 in IonStaticPressureOp
norm(r_0) 0
norm(r_1) 0
norm(r_2) 0
norm(r_3) 0.076287937
norm(r_4) 0
Newton iteration  0 : ||r|| = 0.0762879
   Pass :  1   Iteration :   0  ||B r|| = 490.262 ...
   Pass :  1   Iteration :  36  ||B r|| = 0.00039967
norm(r_0) 0
norm(r_1) 0
norm(r_2) 0
norm(r_3) 5.4398101e-05
norm(r_4) 0
Newton iteration  1 : ||r|| = 5.43981e-05, ||r||/||r_0|| = 0.000713063
Setting time step: 0.005 in DGTransportTDO
Setting time step: 0.005 in CombinedOp
Setting time step: 0.005 in IonStaticPressureOp
norm(r_0) 0
norm(r_1) 0
norm(r_2) 0
norm(r_3) 0.073857876
norm(r_4) 0
Newton iteration  0 : ||r|| = 0.0738579
   Pass :  1   Iteration :   0  ||B r|| = 404.968 ...
   Pass :  1   Iteration :  38  ||B r|| = 0.000343318
norm(r_0) 0
norm(r_1) 0
norm(r_2) 0
norm(r_3) 8.139224e-05
norm(r_4) 0
Newton iteration  1 : ||r|| = 8.13922e-05, ||r||/||r_0|| = 0.00110201
Setting time step: 0.005 in DGTransportTDO
Setting time step: 0.005 in CombinedOp
Setting time step: 0.005 in IonStaticPressureOp
norm(r_0) 0
norm(r_1) 0
norm(r_2) 0
norm(r_3) 0.064738851
norm(r_4) 0
Newton iteration  0 : ||r|| = 0.0647389
   Pass :  1   Iteration :   0  ||B r|| = 354.967 ...
   Pass :  1   Iteration :  38  ||B r|| = 0.00030048
norm(r_0) 0
norm(r_1) 0
norm(r_2) 0
norm(r_3) 7.1216168e-05
norm(r_4) 0
Newton iteration  1 : ||r|| = 7.12162e-05, ||r||/||r_0|| = 0.00110005
Setting time step: 0.005 in DGTransportTDO
Setting time step: 0.005 in CombinedOp
Setting time step: 0.005 in IonStaticPressureOp
norm(r_0) 0
norm(r_1) 0
norm(r_2) 0
norm(r_3) 0.068296408
norm(r_4) 0
Newton iteration  0 : ||r|| = 0.0682964
   Pass :  1   Iteration :   0  ||B r|| = 374.474 ...
   Pass :  1   Iteration :  38  ||B r|| = 0.000317123
norm(r_0) 0
norm(r_1) 0
norm(r_2) 0
norm(r_3) 7.5166583e-05
norm(r_4) 0
Newton iteration  1 : ||r|| = 7.51666e-05, ||r||/||r_0|| = 0.00110059
Setting time step: 0.005 in DGTransportTDO
Setting time step: 0.005 in CombinedOp
Setting time step: 0.005 in IonStaticPressureOp
norm(r_0) 0
norm(r_1) 0
norm(r_2) 0
norm(r_3) 0.069222815
norm(r_4) 0
Newton iteration  0 : ||r|| = 0.0692228
   Pass :  1   Iteration :   0  ||B r|| = 379.553 ...
   Pass :  1   Iteration :  38  ||B r|| = 0.000321494
norm(r_0) 0
norm(r_1) 0
norm(r_2) 0
norm(r_3) 7.6205643e-05
norm(r_4) 0
Newton iteration  1 : ||r|| = 7.62056e-05, ||r||/||r_0|| = 0.00110087
Setting time step: 0.005 in DGTransportTDO
Setting time step: 0.005 in CombinedOp
Setting time step: 0.005 in IonStaticPressureOp
norm(r_0) 0
norm(r_1) 0
norm(r_2) 0
norm(r_3) 0.060501988
norm(r_4) 0
Newton iteration  0 : ||r|| = 0.060502
   Pass :  1   Iteration :   0  ||B r|| = 331.738 ...
   Pass :  1   Iteration :  38  ||B r|| = 0.00028152
norm(r_0) 0
norm(r_1) 0
norm(r_2) 0
norm(r_3) 6.6757288e-05
norm(r_4) 0
Newton iteration  1 : ||r|| = 6.67573e-05, ||r||/||r_0|| = 0.00110339
Setting time step: 0.01 in DGTransportTDO
Setting time step: 0.01 in CombinedOp
Setting time step: 0.01 in IonStaticPressureOp
norm(r_0) 0
norm(r_1) 0
norm(r_2) 0
norm(r_3) 0.05676702
norm(r_4) 0
Newton iteration  0 : ||r|| = 0.056767
   Pass :  1   Iteration :   0  ||B r|| = 240.51 ...
   Pass :  1   Iteration :  40  ||B r|| = 0.000198774
norm(r_0) 0
norm(r_1) 0
norm(r_2) 0
norm(r_3) 9.2098692e-05
norm(r_4) 0
Newton iteration  1 : ||r|| = 9.20987e-05, ||r||/||r_0|| = 0.0016224
Setting time step: 0.01 in DGTransportTDO
Setting time step: 0.01 in CombinedOp
Setting time step: 0.01 in IonStaticPressureOp
norm(r_0) 0
norm(r_1) 0
norm(r_2) 0
norm(r_3) 0.043564255
norm(r_4) 0
Newton iteration  0 : ||r|| = 0.0435643
   Pass :  1   Iteration :   0  ||B r|| = 184.572 ...
   Pass :  1   Iteration :  40  ||B r|| = 0.000152424
norm(r_0) 0
norm(r_1) 0
norm(r_2) 0
norm(r_3) 7.0613711e-05
norm(r_4) 0
Newton iteration  1 : ||r|| = 7.06137e-05, ||r||/||r_0|| = 0.00162091
Setting time step: 0.01 in DGTransportTDO
Setting time step: 0.01 in CombinedOp
Setting time step: 0.01 in IonStaticPressureOp
norm(r_0) 0
norm(r_1) 0
norm(r_2) 0
norm(r_3) 0.048599702
norm(r_4) 0
Newton iteration  0 : ||r|| = 0.0485997
   Pass :  1   Iteration :   0  ||B r|| = 205.906 ...
   Pass :  1   Iteration :  40  ||B r|| = 0.000170083
norm(r_0) 0
norm(r_1) 0
norm(r_2) 0
norm(r_3) 7.8797886e-05
norm(r_4) 0
Newton iteration  1 : ||r|| = 7.87979e-05, ||r||/||r_0|| = 0.00162137
Setting time step: 0.01 in DGTransportTDO
Setting time step: 0.01 in CombinedOp
Setting time step: 0.01 in IonStaticPressureOp
norm(r_0) 0
norm(r_1) 0
norm(r_2) 0
norm(r_3) 0.049961039
norm(r_4) 0
Newton iteration  0 : ||r|| = 0.049961
   Pass :  1   Iteration :   0  ||B r|| = 211.674 ...
   Pass :  1   Iteration :  40  ||B r|| = 0.000174867
norm(r_0) 0
norm(r_1) 0
norm(r_2) 0
norm(r_3) 8.1016011e-05
norm(r_4) 0
Newton iteration  1 : ||r|| = 8.1016e-05, ||r||/||r_0|| = 0.00162158
Setting time step: 0.01 in DGTransportTDO
Setting time step: 0.01 in CombinedOp
Setting time step: 0.01 in IonStaticPressureOp
norm(r_0) 0
norm(r_1) 0
norm(r_2) 0
norm(r_3) 0.037948937
norm(r_4) 0
Newton iteration  0 : ||r|| = 0.0379489
   Pass :  1   Iteration :   0  ||B r|| = 160.781 ...
   Pass :  1   Iteration :  40  ||B r|| = 0.000132979
norm(r_0) 0
norm(r_1) 0
norm(r_2) 0
norm(r_3) 6.1622212e-05
norm(r_4) 0
Newton iteration  1 : ||r|| = 6.16222e-05, ||r||/||r_0|| = 0.00162382
Setting time step: 0.02 in DGTransportTDO
Setting time step: 0.02 in CombinedOp
Setting time step: 0.02 in IonStaticPressureOp
norm(r_0) 0
norm(r_1) 0
norm(r_2) 0
norm(r_3) 0.033535755
norm(r_4) 0
Newton iteration  0 : ||r|| = 0.0335358
   Pass :  1   Iteration :   0  ||B r|| = 96.8798 ...
   Pass :  1   Iteration :  42  ||B r|| = 7.61685e-05
norm(r_0) 0
norm(r_1) 0
norm(r_2) 0
norm(r_3) 6.8452341e-05
norm(r_4) 0
Newton iteration  1 : ||r|| = 6.84523e-05, ||r||/||r_0|| = 0.00204117
Setting time step: 0.02 in DGTransportTDO
Setting time step: 0.02 in CombinedOp
Setting time step: 0.02 in IonStaticPressureOp
norm(r_0) 0
norm(r_1) 0
norm(r_2) 0
norm(r_3) 0.01956157
norm(r_4) 0
Newton iteration  0 : ||r|| = 0.0195616
   Pass :  1   Iteration :   0  ||B r|| = 56.5095 ...
   Pass :  1   Iteration :  42  ||B r|| = 4.44004e-05
norm(r_0) 0
norm(r_1) 0
norm(r_2) 0
norm(r_3) 3.9897062e-05
norm(r_4) 0
Newton iteration  1 : ||r|| = 3.98971e-05, ||r||/||r_0|| = 0.00203956
Setting time step: 0.02 in DGTransportTDO
Setting time step: 0.02 in CombinedOp
Setting time step: 0.02 in IonStaticPressureOp
norm(r_0) 0
norm(r_1) 0
norm(r_2) 0
norm(r_3) 0.024685384
norm(r_4) 0
Newton iteration  0 : ||r|| = 0.0246854
   Pass :  1   Iteration :   0  ||B r|| = 71.3118 ...
   Pass :  1   Iteration :  42  ||B r|| = 5.60442e-05
norm(r_0) 0
norm(r_1) 0
norm(r_2) 0
norm(r_3) 5.0362402e-05
norm(r_4) 0
Newton iteration  1 : ||r|| = 5.03624e-05, ||r||/||r_0|| = 0.00204017
Setting time step: 0.02 in DGTransportTDO
Setting time step: 0.02 in CombinedOp
Setting time step: 0.02 in IonStaticPressureOp
norm(r_0) 0
norm(r_1) 0
norm(r_2) 0
norm(r_3) 0.026165412
norm(r_4) 0
Newton iteration  0 : ||r|| = 0.0261654
   Pass :  1   Iteration :   0  ||B r|| = 75.5876 ...
   Pass :  1   Iteration :  42  ||B r|| = 5.94101e-05
norm(r_0) 0
norm(r_1) 0
norm(r_2) 0
norm(r_3) 5.3388178e-05
norm(r_4) 0
Newton iteration  1 : ||r|| = 5.33882e-05, ||r||/||r_0|| = 0.00204041
Setting time step: 0.02 in DGTransportTDO
Setting time step: 0.02 in CombinedOp
Setting time step: 0.02 in IonStaticPressureOp
norm(r_0) 0
norm(r_1) 0
norm(r_2) 0
norm(r_3) 0.014800939
norm(r_4) 0
Newton iteration  0 : ||r|| = 0.0148009
   Pass :  1   Iteration :   0  ||B r|| = 42.7568 ...
   Pass :  1   Iteration :  42  ||B r|| = 3.36477e-05
norm(r_0) 0
norm(r_1) 0
norm(r_2) 0
norm(r_3) 3.0245189e-05
norm(r_4) 0
Newton iteration  1 : ||r|| = 3.02452e-05, ||r||/||r_0|| = 0.00204346
Time stepping paused at t = 0.15

Estimating errors.
No refinements necessary.
No derefinements needed.

AMR iteration 1
Number of unknowns: 16384
Setting time step: 0.019713928 in DGTransportTDO
Setting time step: 0.019713928 in CombinedOp
Setting time step: 0.019713928 in IonStaticPressureOp
norm(r_0) 0
norm(r_1) 0
norm(r_2) 0
norm(r_3) 0.011716936
norm(r_4) 0
Newton iteration  0 : ||r|| = 0.0117169
   Pass :  1   Iteration :   0  ||B r|| = 34.1605 ...
   Pass :  1   Iteration :  41  ||B r|| = 3.39236e-05
norm(r_0) 0
norm(r_1) 0
norm(r_2) 0
norm(r_3) 2.9776374e-05
norm(r_4) 0
Newton iteration  1 : ||r|| = 2.97764e-05, ||r||/||r_0|| = 0.00254131
Setting time step: 0.019713928 in DGTransportTDO
Setting time step: 0.019713928 in CombinedOp
Setting time step: 0.019713928 in IonStaticPressureOp
norm(r_0) 0
norm(r_1) 0
norm(r_2) 0
norm(r_3) 0.0068900042
norm(r_4) 0
Newton iteration  0 : ||r|| = 0.00689
   Pass :  1   Iteration :   0  ||B r|| = 20.0873 ...
   Pass :  1   Iteration :  41  ||B r|| = 1.99414e-05
norm(r_0) 0
norm(r_1) 0
norm(r_2) 0
norm(r_3) 1.7502472e-05
norm(r_4) 0
Newton iteration  1 : ||r|| = 1.75025e-05, ||r||/||r_0|| = 0.00254027
Setting time step: 0.019713928 in DGTransportTDO
Setting time step: 0.019713928 in CombinedOp
Setting time step: 0.019713928 in IonStaticPressureOp
norm(r_0) 0
norm(r_1) 0
norm(r_2) 0
norm(r_3) 0.0086616545
norm(r_4) 0
Newton iteration  0 : ||r|| = 0.00866165
   Pass :  1   Iteration :   0  ||B r|| = 25.2527 ...
   Pass :  1   Iteration :  41  ||B r|| = 2.50724e-05
norm(r_0) 0
norm(r_1) 0
norm(r_2) 0
norm(r_3) 2.2006441e-05
norm(r_4) 0
Newton iteration  1 : ||r|| = 2.20064e-05, ||r||/||r_0|| = 0.00254067
Setting time step: 0.019713928 in DGTransportTDO
Setting time step: 0.019713928 in CombinedOp
Setting time step: 0.019713928 in IonStaticPressureOp
norm(r_0) 0
norm(r_1) 0
norm(r_2) 0
norm(r_3) 0.0091725115
norm(r_4) 0
Newton iteration  0 : ||r|| = 0.00917251
   Pass :  1   Iteration :   0  ||B r|| = 26.7422 ...
   Pass :  1   Iteration :  41  ||B r|| = 2.65526e-05
norm(r_0) 0
norm(r_1) 0
norm(r_2) 0
norm(r_3) 2.3305791e-05
norm(r_4) 0
Newton iteration  1 : ||r|| = 2.33058e-05, ||r||/||r_0|| = 0.00254083
Setting time step: 0.019713928 in DGTransportTDO
Setting time step: 0.019713928 in CombinedOp
Setting time step: 0.019713928 in IonStaticPressureOp
norm(r_0) 0
norm(r_1) 0
norm(r_2) 0
norm(r_3) 0.0052339716
norm(r_4) 0
Newton iteration  0 : ||r|| = 0.00523397
   Pass :  1   Iteration :   0  ||B r|| = 15.2582 ...
   Pass :  1   Iteration :  41  ||B r|| = 1.51596e-05
norm(r_0) 0
norm(r_1) 0
norm(r_2) 0
norm(r_3) 1.33076e-05
norm(r_4) 0
Newton iteration  1 : ||r|| = 1.33076e-05, ||r||/||r_0|| = 0.00254254
Setting time step: 0.03862303 in DGTransportTDO
Setting time step: 0.03862303 in CombinedOp
Setting time step: 0.03862303 in IonStaticPressureOp
norm(r_0) 0
norm(r_1) 0
norm(r_2) 0
norm(r_3) 0.0041554838
norm(r_4) 0
Newton iteration  0 : ||r|| = 0.00415548
   Pass :  1   Iteration :   0  ||B r|| = 7.51614 ...
   Pass :  1   Iteration :  43  ||B r|| = 7.51122e-06
norm(r_0) 0
norm(r_1) 0
norm(r_2) 0
norm(r_3) 1.1824521e-05
norm(r_4) 0
Newton iteration  1 : ||r|| = 1.18245e-05, ||r||/||r_0|| = 0.00284552
Setting time step: 0.03862303 in DGTransportTDO
Setting time step: 0.03862303 in CombinedOp
Setting time step: 0.03862303 in IonStaticPressureOp
norm(r_0) 0
norm(r_1) 0
norm(r_2) 0
norm(r_3) 0.0013549535
norm(r_4) 0
Newton iteration  0 : ||r|| = 0.00135495
   Pass :  1   Iteration :   0  ||B r|| = 2.4505 ...
   Pass :  1   Iteration :  43  ||B r|| = 2.44666e-06
norm(r_0) 0
norm(r_1) 0
norm(r_2) 0
norm(r_3) 3.850364e-06
norm(r_4) 0
Newton iteration  1 : ||r|| = 3.85036e-06, ||r||/||r_0|| = 0.00284169
Setting time step: 0.03862303 in DGTransportTDO
Setting time step: 0.03862303 in CombinedOp
Setting time step: 0.03862303 in IonStaticPressureOp
norm(r_0) 0
norm(r_1) 0
norm(r_2) 0
norm(r_3) 0.0023241459
norm(r_4) 0
Newton iteration  0 : ||r|| = 0.00232415
   Pass :  1   Iteration :   0  ||B r|| = 4.20363 ...
   Pass :  1   Iteration :  43  ||B r|| = 4.19906e-06
norm(r_0) 0
norm(r_1) 0
norm(r_2) 0
norm(r_3) 6.6093167e-06
norm(r_4) 0
Newton iteration  1 : ||r|| = 6.60932e-06, ||r||/||r_0|| = 0.00284376
Setting time step: 0.03862303 in DGTransportTDO
Setting time step: 0.03862303 in CombinedOp
Setting time step: 0.03862303 in IonStaticPressureOp
norm(r_0) 0
norm(r_1) 0
norm(r_2) 0
norm(r_3) 0.0026331196
norm(r_4) 0
Newton iteration  0 : ||r|| = 0.00263312
   Pass :  1   Iteration :   0  ||B r|| = 4.76252 ...
   Pass :  1   Iteration :  43  ||B r|| = 4.75794e-06
norm(r_0) 0
norm(r_1) 0
norm(r_2) 0
norm(r_3) 7.4893308e-06
norm(r_4) 0
Newton iteration  1 : ||r|| = 7.48933e-06, ||r||/||r_0|| = 0.00284428
Setting time step: 0.03862303 in DGTransportTDO
Setting time step: 0.03862303 in CombinedOp
Setting time step: 0.03862303 in IonStaticPressureOp
norm(r_0) 0
norm(r_1) 0
norm(r_2) 0
norm(r_3) 0.00085137295
norm(r_4) 0
Newton iteration  0 : ||r|| = 0.000851373
   Pass :  1   Iteration :   0  ||B r|| = 1.53924 ...
   Pass :  1   Iteration :  44  ||B r|| = 1.21841e-06
norm(r_0) 0
norm(r_1) 0
norm(r_2) 0
norm(r_3) 2.0615043e-06
norm(r_4) 0
Newton iteration  1 : ||r|| = 2.0615e-06, ||r||/||r_0|| = 0.00242139
Setting time step: 0.042515991 in DGTransportTDO
Setting time step: 0.042515991 in CombinedOp
Setting time step: 0.042515991 in IonStaticPressureOp
norm(r_0) 0
norm(r_1) 0
norm(r_2) 0
norm(r_3) 0.00056423117
norm(r_4) 0
Newton iteration  0 : ||r|| = 0.000564231
   Pass :  1   Iteration :   0  ||B r|| = 0.946463 ...
   Pass :  1   Iteration :  44  ||B r|| = 7.90259e-07
norm(r_0) 0
norm(r_1) 0
norm(r_2) 0
norm(r_3) 1.4696094e-06
norm(r_4) 0
Newton iteration  1 : ||r|| = 1.46961e-06, ||r||/||r_0|| = 0.00260462
Setting time step: 0.042515991 in DGTransportTDO
Setting time step: 0.042515991 in CombinedOp
Setting time step: 0.042515991 in IonStaticPressureOp
norm(r_0) 0
norm(r_1) 0
norm(r_2) 0
norm(r_3) 0.00015938064
norm(r_4) 0
Newton iteration  0 : ||r|| = 0.000159381
   Pass :  1   Iteration :   0  ||B r|| = 0.267349 ...
   Pass :  1   Iteration :  38  ||B r|| = 8.84919e-07
norm(r_0) 0
norm(r_1) 0
norm(r_2) 0
norm(r_3) 1.5766644e-06
norm(r_4) 0
Newton iteration  1 : ||r|| = 1.57666e-06, ||r||/||r_0|| = 0.00989245
Setting time step: 0.042515991 in DGTransportTDO
Setting time step: 0.042515991 in CombinedOp
Setting time step: 0.042515991 in IonStaticPressureOp
norm(r_0) 0
norm(r_1) 0
norm(r_2) 0
norm(r_3) 0.00029808148
norm(r_4) 0
Newton iteration  0 : ||r|| = 0.000298081
   Pass :  1   Iteration :   0  ||B r|| = 0.500012 ...
   Pass :  1   Iteration :  41  ||B r|| = 8.21955e-07
norm(r_0) 0
norm(r_1) 0
norm(r_2) 0
norm(r_3) 1.4925363e-06
norm(r_4) 0
Newton iteration  1 : ||r|| = 1.49254e-06, ||r||/||r_0|| = 0.00500714
Setting time step: 0.042515991 in DGTransportTDO
Setting time step: 0.042515991 in CombinedOp
Setting time step: 0.042515991 in IonStaticPressureOp
norm(r_0) 0
norm(r_1) 0
norm(r_2) 0
norm(r_3) 0.0003430745
norm(r_4) 0
Newton iteration  0 : ||r|| = 0.000343074
   Pass :  1   Iteration :   0  ||B r|| = 0.575486 ...
   Pass :  1   Iteration :  41  ||B r|| = 9.46038e-07
norm(r_0) 0
norm(r_1) 0
norm(r_2) 0
norm(r_3) 1.7178634e-06
norm(r_4) 0
Newton iteration  1 : ||r|| = 1.71786e-06, ||r||/||r_0|| = 0.00500726
Setting time step: 0.042515991 in DGTransportTDO
Setting time step: 0.042515991 in CombinedOp
Setting time step: 0.042515991 in IonStaticPressureOp
norm(r_0) 0
norm(r_1) 0
norm(r_2) 0
norm(r_3) 9.9885642e-05
norm(r_4) 0
Newton iteration  0 : ||r|| = 9.98856e-05
   Pass :  1   Iteration :   0  ||B r|| = 0.167276 ...
   Pass :  1   Iteration :  36  ||B r|| = 8.50889e-07
norm(r_0) 0
norm(r_1) 0
norm(r_2) 0
norm(r_3) 1.5738745e-06
norm(r_4) 0
Newton iteration  1 : ||r|| = 1.57387e-06, ||r||/||r_0|| = 0.0157568
Setting time step: 0.085031982 in DGTransportTDO
Setting time step: 0.085031982 in CombinedOp
Setting time step: 0.085031982 in IonStaticPressureOp
norm(r_0) 0
norm(r_1) 0
norm(r_2) 0
norm(r_3) 6.3959671e-05
norm(r_4) 0
Newton iteration  0 : ||r|| = 6.39597e-05
   Pass :  1   Iteration :   0  ||B r|| = 0.0597838 ...
   Pass :  1   Iteration :  33  ||B r|| = 9.00348e-07
norm(r_0) 0
norm(r_1) 0
norm(r_2) 0
norm(r_3) 2.925613e-06
norm(r_4) 0
Newton iteration  1 : ||r|| = 2.92561e-06, ||r||/||r_0|| = 0.0457415
Setting time step: 0.085031982 in DGTransportTDO
Setting time step: 0.085031982 in CombinedOp
Setting time step: 0.085031982 in IonStaticPressureOp
norm(r_0) 0
norm(r_1) 0
norm(r_2) 0
norm(r_3) 6.4298329e-06
norm(r_4) 0
Newton iteration  0 : ||r|| = 6.42983e-06
   Pass :  1   Iteration :   0  ||B r|| = 0.00335948 ...
   Pass :  1   Iteration :  19  ||B r|| = 9.84543e-07
norm(r_0) 0
norm(r_1) 0
norm(r_2) 0
norm(r_3) 2.465789e-06
norm(r_4) 0
Newton iteration  1 : ||r|| = 2.46579e-06, ||r||/||r_0|| = 0.383492
Setting time step: 0.085031982 in DGTransportTDO
Setting time step: 0.085031982 in CombinedOp
Setting time step: 0.085031982 in IonStaticPressureOp
norm(r_0) 0
norm(r_1) 0
norm(r_2) 0
norm(r_3) 1.833865e-05
norm(r_4) 0
Newton iteration  0 : ||r|| = 1.83387e-05
   Pass :  1   Iteration :   0  ||B r|| = 0.0165617 ...
   Pass :  1   Iteration :  28  ||B r|| = 8.75683e-07
norm(r_0) 0
norm(r_1) 0
norm(r_2) 0
norm(r_3) 2.7607874e-06
norm(r_4) 0
Newton iteration  1 : ||r|| = 2.76079e-06, ||r||/||r_0|| = 0.150545
Setting time step: 0.085031982 in DGTransportTDO
Setting time step: 0.085031982 in CombinedOp
Setting time step: 0.085031982 in IonStaticPressureOp
norm(r_0) 0
norm(r_1) 0
norm(r_2) 0
norm(r_3) 2.5992177e-05
norm(r_4) 0
Newton iteration  0 : ||r|| = 2.59922e-05
   Pass :  1   Iteration :   0  ||B r|| = 0.0240105 ...
   Pass :  1   Iteration :  30  ||B r|| = 7.88929e-07
norm(r_0) 0
norm(r_1) 0
norm(r_2) 0
norm(r_3) 2.5207553e-06
norm(r_4) 0
Newton iteration  1 : ||r|| = 2.52076e-06, ||r||/||r_0|| = 0.0969813
Setting time step: 0.085031982 in DGTransportTDO
Setting time step: 0.085031982 in CombinedOp
Setting time step: 0.085031982 in IonStaticPressureOp
norm(r_0) 0
norm(r_1) 0
norm(r_2) 0
norm(r_3) 7.5771819e-05
norm(r_4) 0
Newton iteration  0 : ||r|| = 7.57718e-05
   Pass :  1   Iteration :   0  ||B r|| = 0.00689183 ...
   Pass :  1   Iteration :  24  ||B r|| = 9.39708e-07
norm(r_0) 0
norm(r_1) 0
norm(r_2) 0
norm(r_3) 2.9492063e-06
norm(r_4) 0
Newton iteration  1 : ||r|| = 2.94921e-06, ||r||/||r_0|| = 0.0389222
Time stepping paused at t = 0.89353972

Estimating errors.
No refinements necessary.
No derefinements needed.

AMR iteration 2
Number of unknowns: 16384
Setting time step: 0.17006396 in DGTransportTDO
Setting time step: 0.17006396 in CombinedOp
Setting time step: 0.17006396 in IonStaticPressureOp
norm(r_0) 0
norm(r_1) 0
norm(r_2) 0
norm(r_3) 4.6156496e-06
norm(r_4) 0
Newton iteration  0 : ||r|| = 4.61565e-06
   Pass :  1   Iteration :   0  ||B r|| = 0.00174528 ...
   Pass :  1   Iteration :  18  ||B r|| = 8.99926e-07
norm(r_0) 0
norm(r_1) 0
norm(r_2) 0
norm(r_3) 4.5980181e-06
norm(r_4) 0
Newton iteration  1 : ||r|| = 4.59802e-06, ||r||/||r_0|| = 0.99618
Setting time step: 0.17006396 in DGTransportTDO
Setting time step: 0.17006396 in CombinedOp
Setting time step: 0.17006396 in IonStaticPressureOp
norm(r_0) 0
norm(r_1) 0
norm(r_2) 0
norm(r_3) 8.4997209e-06
norm(r_4) 0
Newton iteration  0 : ||r|| = 8.49972e-06
   Pass :  1   Iteration :   0  ||B r|| = 0.000667013 ...
   Pass :  1   Iteration :  13  ||B r|| = 9.47941e-07
norm(r_0) 0
norm(r_1) 0
norm(r_2) 0
norm(r_3) 3.9436634e-06
norm(r_4) 0
Newton iteration  1 : ||r|| = 3.94366e-06, ||r||/||r_0|| = 0.463976
Setting time step: 0.17006396 in DGTransportTDO
Setting time step: 0.17006396 in CombinedOp
Setting time step: 0.17006396 in IonStaticPressureOp
norm(r_0) 0
norm(r_1) 0
norm(r_2) 0
norm(r_3) 7.31447e-06
norm(r_4) 0
Newton iteration  0 : ||r|| = 7.31447e-06
   Pass :  1   Iteration :   0  ||B r|| = 3.08389e-05 ...
   Pass :  1   Iteration :   5  ||B r|| = 9.9649e-07
norm(r_0) 0
norm(r_1) 0
norm(r_2) 0
norm(r_3) 4.2356654e-06
norm(r_4) 0
Newton iteration  1 : ||r|| = 4.23567e-06, ||r||/||r_0|| = 0.57908
Setting time step: 0.17006396 in DGTransportTDO
Setting time step: 0.17006396 in CombinedOp
Setting time step: 0.17006396 in IonStaticPressureOp
norm(r_0) 0
norm(r_1) 0
norm(r_2) 0
norm(r_3) 6.0164661e-06
norm(r_4) 0
Newton iteration  0 : ||r|| = 6.01647e-06
   Pass :  1   Iteration :   0  ||B r|| = 0.000333396 ...
   Pass :  1   Iteration :  12  ||B r|| = 8.71707e-07
norm(r_0) 0
norm(r_1) 0
norm(r_2) 0
norm(r_3) 4.12265e-06
norm(r_4) 0
Newton iteration  1 : ||r|| = 4.12265e-06, ||r||/||r_0|| = 0.685228
Setting time step: 0.17006396 in DGTransportTDO
Setting time step: 0.17006396 in CombinedOp
Setting time step: 0.17006396 in IonStaticPressureOp
norm(r_0) 0
norm(r_1) 0
norm(r_2) 0
norm(r_3) 0.0001882152
norm(r_4) 0
Newton iteration  0 : ||r|| = 0.000188215
   Pass :  1   Iteration :   0  ||B r|| = 0.000624207 ...
   Pass :  1   Iteration :  17  ||B r|| = 9.19533e-07
norm(r_0) 0
norm(r_1) 0
norm(r_2) 0
norm(r_3) 5.6206834e-06
norm(r_4) 0
Newton iteration  1 : ||r|| = 5.62068e-06, ||r||/||r_0|| = 0.0298631
Setting time step: 0.34012793 in DGTransportTDO
Setting time step: 0.34012793 in CombinedOp
Setting time step: 0.34012793 in IonStaticPressureOp
norm(r_0) 0
norm(r_1) 0
norm(r_2) 0
norm(r_3) 5.6617189e-06
norm(r_4) 0
Newton iteration  0 : ||r|| = 5.66172e-06
   Pass :  1   Iteration :   0  ||B r|| = 0.000136347 ...
   Pass :  1   Iteration :   9  ||B r|| = 9.55314e-07
norm(r_0) 0
norm(r_1) 0
norm(r_2) 0
norm(r_3) 8.6127726e-06
norm(r_4) 0
Newton iteration  1 : ||r|| = 8.61277e-06, ||r||/||r_0|| = 1.52123
Setting time step: 0.34012793 in DGTransportTDO
Setting time step: 0.34012793 in CombinedOp
Setting time step: 0.34012793 in IonStaticPressureOp
norm(r_0) 0
norm(r_1) 0
norm(r_2) 0
norm(r_3) 1.7141096e-05
norm(r_4) 0
Newton iteration  0 : ||r|| = 1.71411e-05
   Pass :  1   Iteration :   0  ||B r|| = 8.39277e-05 ...
   Pass :  1   Iteration :   7  ||B r|| = 7.60637e-07
norm(r_0) 0
norm(r_1) 0
norm(r_2) 0
norm(r_3) 7.5073031e-06
norm(r_4) 0
Newton iteration  1 : ||r|| = 7.5073e-06, ||r||/||r_0|| = 0.437971
Setting time step: 0.34012793 in DGTransportTDO
Setting time step: 0.34012793 in CombinedOp
Setting time step: 0.34012793 in IonStaticPressureOp
norm(r_0) 0
norm(r_1) 0
norm(r_2) 0
norm(r_3) 1.4896527e-05
norm(r_4) 0
Newton iteration  0 : ||r|| = 1.48965e-05
   Pass :  1   Iteration :   0  ||B r|| = 2.4438e-05 ...
   Pass :  1   Iteration :   4  ||B r|| = 6.54088e-07
norm(r_0) 0
norm(r_1) 0
norm(r_2) 0
norm(r_3) 5.3133118e-06
norm(r_4) 0
Newton iteration  1 : ||r|| = 5.31331e-06, ||r||/||r_0|| = 0.356681
Setting time step: 0.34012793 in DGTransportTDO
Setting time step: 0.34012793 in CombinedOp
Setting time step: 0.34012793 in IonStaticPressureOp
norm(r_0) 0
norm(r_1) 0
norm(r_2) 0
norm(r_3) 1.2060424e-05
norm(r_4) 0
Newton iteration  0 : ||r|| = 1.20604e-05
   Pass :  1   Iteration :   0  ||B r|| = 4.78432e-06 ...
   Pass :  1   Iteration :   3  ||B r|| = 9.40721e-07
norm(r_0) 0
norm(r_1) 0
norm(r_2) 0
norm(r_3) 4.8119923e-06
norm(r_4) 0
Newton iteration  1 : ||r|| = 4.81199e-06, ||r||/||r_0|| = 0.39899
Setting time step: 0.34012793 in DGTransportTDO
Setting time step: 0.34012793 in CombinedOp
Setting time step: 0.34012793 in IonStaticPressureOp
norm(r_0) 0
norm(r_1) 0
norm(r_2) 0
norm(r_3) 0.00024467461
norm(r_4) 0
Newton iteration  0 : ||r|| = 0.000244675
   Pass :  1   Iteration :   0  ||B r|| = 0.000154163 ...
   Pass :  1   Iteration :  13  ||B r|| = 8.57752e-07
norm(r_0) 0
norm(r_1) 0
norm(r_2) 0
norm(r_3) 8.3578512e-06
norm(r_4) 0
Newton iteration  1 : ||r|| = 8.35785e-06, ||r||/||r_0|| = 0.034159
Setting time step: 0.68025585 in DGTransportTDO
Setting time step: 0.68025585 in CombinedOp
Setting time step: 0.68025585 in IonStaticPressureOp
norm(r_0) 0
norm(r_1) 0
norm(r_2) 0
norm(r_3) 8.3580295e-06
norm(r_4) 0
Newton iteration  0 : ||r|| = 8.35803e-06
   Pass :  1   Iteration :   0  ||B r|| = 8.40047e-07
norm(r_0) 0
norm(r_1) 0
norm(r_2) 0
norm(r_3) 8.3580295e-06
norm(r_4) 0
Newton iteration  1 : ||r|| = 8.35803e-06, ||r||/||r_0|| = 1
Setting time step: 0.68025585 in DGTransportTDO
Setting time step: 0.68025585 in CombinedOp
Setting time step: 0.68025585 in IonStaticPressureOp
norm(r_0) 0
norm(r_1) 0
norm(r_2) 0
norm(r_3) 8.3580295e-06
norm(r_4) 0
Newton iteration  0 : ||r|| = 8.35803e-06
   Pass :  1   Iteration :   0  ||B r|| = 8.40047e-07
norm(r_0) 0
norm(r_1) 0
norm(r_2) 0
norm(r_3) 8.3580295e-06
norm(r_4) 0
Newton iteration  1 : ||r|| = 8.35803e-06, ||r||/||r_0|| = 1
Setting time step: 0.68025585 in DGTransportTDO
Setting time step: 0.68025585 in CombinedOp
Setting time step: 0.68025585 in IonStaticPressureOp
norm(r_0) 0
norm(r_1) 0
norm(r_2) 0
norm(r_3) 8.3580295e-06
norm(r_4) 0
Newton iteration  0 : ||r|| = 8.35803e-06
   Pass :  1   Iteration :   0  ||B r|| = 8.40047e-07
norm(r_0) 0
norm(r_1) 0
norm(r_2) 0
norm(r_3) 8.3580295e-06
norm(r_4) 0
Newton iteration  1 : ||r|| = 8.35803e-06, ||r||/||r_0|| = 1
Setting time step: 0.68025585 in DGTransportTDO
Setting time step: 0.68025585 in CombinedOp
Setting time step: 0.68025585 in IonStaticPressureOp
norm(r_0) 0
norm(r_1) 0
norm(r_2) 0
norm(r_3) 8.3580295e-06
norm(r_4) 0
Newton iteration  0 : ||r|| = 8.35803e-06
   Pass :  1   Iteration :   0  ||B r|| = 8.40047e-07
norm(r_0) 0
norm(r_1) 0
norm(r_2) 0
norm(r_3) 8.3580295e-06
norm(r_4) 0
Newton iteration  1 : ||r|| = 8.35803e-06, ||r||/||r_0|| = 1
Setting time step: 0.68025585 in DGTransportTDO
Setting time step: 0.68025585 in CombinedOp
Setting time step: 0.68025585 in IonStaticPressureOp
norm(r_0) 0
norm(r_1) 0
norm(r_2) 0
norm(r_3) 8.3580295e-06
norm(r_4) 0
Newton iteration  0 : ||r|| = 8.35803e-06
   Pass :  1   Iteration :   0  ||B r|| = 8.40047e-07
norm(r_0) 0
norm(r_1) 0
norm(r_2) 0
norm(r_3) 8.3580295e-06
norm(r_4) 0
Newton iteration  1 : ||r|| = 8.35803e-06, ||r||/||r_0|| = 1
Setting time step: 0.68025585 in DGTransportTDO
Setting time step: 0.68025585 in CombinedOp
Setting time step: 0.68025585 in IonStaticPressureOp
norm(r_0) 0
norm(r_1) 0
norm(r_2) 0
norm(r_3) 8.3580295e-06
norm(r_4) 0
Newton iteration  0 : ||r|| = 8.35803e-06
   Pass :  1   Iteration :   0  ||B r|| = 8.40047e-07
norm(r_0) 0
norm(r_1) 0
norm(r_2) 0
norm(r_3) 8.3580295e-06
norm(r_4) 0
Newton iteration  1 : ||r|| = 8.35803e-06, ||r||/||r_0|| = 1
Setting time step: 0.68025585 in DGTransportTDO
Setting time step: 0.68025585 in CombinedOp
Setting time step: 0.68025585 in IonStaticPressureOp
norm(r_0) 0
norm(r_1) 0
norm(r_2) 0
norm(r_3) 8.3580295e-06
norm(r_4) 0
Newton iteration  0 : ||r|| = 8.35803e-06
   Pass :  1   Iteration :   0  ||B r|| = 8.40047e-07
norm(r_0) 0
norm(r_1) 0
norm(r_2) 0
norm(r_3) 8.3580295e-06
norm(r_4) 0
Newton iteration  1 : ||r|| = 8.35803e-06, ||r||/||r_0|| = 1
Setting time step: 0.68025585 in DGTransportTDO
Setting time step: 0.68025585 in CombinedOp
Setting time step: 0.68025585 in IonStaticPressureOp
norm(r_0) 0
norm(r_1) 0
norm(r_2) 0
norm(r_3) 8.3580295e-06
norm(r_4) 0
Newton iteration  0 : ||r|| = 8.35803e-06
   Pass :  1   Iteration :   0  ||B r|| = 8.40047e-07
norm(r_0) 0
norm(r_1) 0
norm(r_2) 0
norm(r_3) 8.3580295e-06
norm(r_4) 0
Newton iteration  1 : ||r|| = 8.35803e-06, ||r||/||r_0|| = 1
Setting time step: 0.68025585 in DGTransportTDO
Setting time step: 0.68025585 in CombinedOp
Setting time step: 0.68025585 in IonStaticPressureOp
norm(r_0) 0
norm(r_1) 0
norm(r_2) 0
norm(r_3) 8.3580295e-06
norm(r_4) 0
Newton iteration  0 : ||r|| = 8.35803e-06
   Pass :  1   Iteration :   0  ||B r|| = 8.40047e-07
norm(r_0) 0
norm(r_1) 0
norm(r_2) 0
norm(r_3) 8.3580295e-06
norm(r_4) 0
Newton iteration  1 : ||r|| = 8.35803e-06, ||r||/||r_0|| = 1
Setting time step: 0.68025585 in DGTransportTDO
Setting time step: 0.68025585 in CombinedOp
Setting time step: 0.68025585 in IonStaticPressureOp
norm(r_0) 0
norm(r_1) 0
norm(r_2) 0
norm(r_3) 8.3580295e-06
norm(r_4) 0
Newton iteration  0 : ||r|| = 8.35803e-06
   Pass :  1   Iteration :   0  ||B r|| = 8.40047e-07
norm(r_0) 0
norm(r_1) 0
norm(r_2) 0
norm(r_3) 8.3580295e-06
norm(r_4) 0
Newton iteration  1 : ||r|| = 8.35803e-06, ||r||/||r_0|| = 1
Time stepping paused at t = 8.3763541
Steady State solution has been reached

Time stepping done after 8.9133611s.
