15: Number of elements in parallel mesh: 4
15: Number of elements after parallel refinement: 4
5: Number of elements in parallel mesh: 4
5: Number of elements after parallel refinement: 4
14: Number of elements in parallel mesh: 4
14: Number of elements after parallel refinement: 4
6: Number of elements in parallel mesh: 4
6: Number of elements after parallel refinement: 4
7: Number of elements in parallel mesh: 4
7: Number of elements after parallel refinement: 4
4: Number of elements in parallel mesh: 4
4: Number of elements after parallel refinement: 4
Options used:
   --mesh ../../mfem/data/inline-quad.mesh
   --bc-file ../../mfem/miniapps/plasma/transport2d_bcs.inp
   --ic-file ../../mfem/miniapps/plasma/transport2d_ics.inp
   --ec-file /home/gz6/mfem-analysis/input-files/transport2d_ecs.inp
   --es-file ../../mfem/miniapps/plasma/transport2d_ess.inp
   --eqdsk-file 
   --logging 1
   --operator-test 8
   --equation-weights '1 1 1 1 1'
   --problem 0
   --refine-serial 1
   --refine-parallel 0
   --enable-amr
   --max-err -1
   --hysteresis 0.25
   --nc-limit 3
   --amr-weights '1 1 1 1 1'
   --order 5
   --dg-sigma -1
   --dg-kappa 36
   --linear-abs-tolerance 1e-06
   --linear-rel-tolerance 1e-06
   --linear-max-iterations 500
   --linear-logging-level 3
   --newton-abs-tolerance 1e-10
   --newton-rel-tolerance 1e-10
   --newton-max-iterations 1
   --newton-logging-level 1
   --steady-state-abs-tolerance 1e-08
   --steady-state-rel-tolerance 1e-08
   --prec-type 1
   --prec-logging-level 0
   --initial-tolerance 1e-05
   --ode-tolerance 0.001
   --ode-solver 2
   --err-per-step
   --ode-weights '1 1 1 1 1'
   --kP 0
   --kI 0.6
   --kD 0
   --theta-max 2
   --t-minimum 0
   --t-final 100
   --time-step 0.01
   --cfl-number 0.3
   --ion-charge 1
   --ion-mass 2.0141018
   --neutral-mass 2.0141018
   --neutral-temp 3
   --min-neutral-density 9e+14
   --max-neutral-density 1e+15
   --neutral-density-exp 0
   --min-ion-density 1e+16
   --max-ion-density 1e+18
   --ion-density-exp 0
   --min-ion-temp 1
   --max-ion-temp 10
   --ion-temp-exp 0
   --min-electron-temp 10
   --max-electron-temp 440
   --electron-temp-exp 0
   --total-B-magnitude 5
   --poloidal-B-magnitude 0.5
   --velocity 1000
   --Di-perp 1
   --Xi-perp 1
   --Xe-perp 1
   --equation-term-flags '-1 -1 -1 -1 -1'
   --visualization-flags '-1 -1 -1 -1 -1'
   --visualization
   --visit-datafiles
   --ascii-datafiles
   --visualization-steps 4
Device configuration: cpu
Memory configuration: host-std
Number of elements in initial mesh: 16
Number of elements after serial refinement: 64
3: Number of elements in parallel mesh: 4
3: Number of elements after parallel refinement: 4
0: Number of elements in parallel mesh: 4
0: Number of elements after parallel refinement: 4
1: Number of elements in parallel mesh: 4
1: Number of elements after parallel refinement: 4
9: Number of elements in parallel mesh: 4
13: Number of elements in parallel mesh: 4
13: Number of elements after parallel refinement: 4
8: Number of elements in parallel mesh: 4
8: Number of elements after parallel refinement: 4
9: Number of elements after parallel refinement: 4
12: Number of elements in parallel mesh: 4
12: Number of elements after parallel refinement: 4
11: Number of elements in parallel mesh: 4
11: Number of elements after parallel refinement: 4
10: Number of elements in parallel mesh: 4
10: Number of elements after parallel refinement: 4
2: Number of elements in parallel mesh: 4
2: Number of elements after parallel refinement: 4
Configuring initial conditions
Reading initial conditions from ../../mfem/miniapps/plasma/transport2d_ics.inp
Configuring exact solutions
Reading exact solutions from ../../mfem/miniapps/plasma/transport2d_ess.inp

AMR iteration 0
Number of unknowns: 2304
Stopping criterion satisfied. Stop.
Number of unknowns per field: 2304
Total number of unknowns:     11520
Configuring boundary conditions
Reading boundary conditions from ../../mfem/miniapps/plasma/transport2d_bcs.inp
Configuring equation coefficients
Reading equation coefficients from /home/gz6/mfem-analysis/input-files/transport2d_ecs.inp
|mn| = 3.3444946e-27
|ni| = 1
|ne| = 1

|Dn|     = -nan
|Di|     = -nan
|Eta|    = -nan
|nXi|    = -nan
|nXe|    = -nan

|Eta/mn| = -nan
|nXi/ni| = -nan
|nXe/ne| = -nan
Ion Static Pressure: Adding time derivative term proportional to d n_i / dt
Ion Static Pressure: Adding time derivative term proportional to d T_i / dt
Ion Static Pressure: Adding anisotropic diffusion term
Ion Static Pressure: Adding source term
Opening GLVis sockets.
Range of error estimates for initial condition: -nan < elem err < -nan

Begin time stepping at t = 0
Setting time step: 0.0025 in DGTransportTDO
Setting time step: 0.0025 in CombinedOp
Setting time step: 0.0025 in IonStaticPressureOp
norm(r_0) 0
norm(r_1) 0
norm(r_2) 0
norm(r_3) 0.23344356
norm(r_4) 0
Newton iteration  0 : ||r|| = 0.233444
   Pass :  1   Iteration :   0  ||B r|| = 209.026 ...
   Pass :  1   Iteration :  42  ||B r|| = 0.000191751
norm(r_0) 0
norm(r_1) 0
norm(r_2) 0
norm(r_3) 7.7824204e-05
norm(r_4) 0
Newton iteration  1 : ||r|| = 7.78242e-05, ||r||/||r_0|| = 0.000333375
Setting time step: 0.0025 in DGTransportTDO
Setting time step: 0.0025 in CombinedOp
Setting time step: 0.0025 in IonStaticPressureOp
norm(r_0) 0
norm(r_1) 0
norm(r_2) 0
norm(r_3) 0.21857588
norm(r_4) 0
Newton iteration  0 : ||r|| = 0.218576
   Pass :  1   Iteration :   0  ||B r|| = 195.711 ...
   Pass :  1   Iteration :  42  ||B r|| = 0.00018002
norm(r_0) 0
norm(r_1) 0
norm(r_2) 0
norm(r_3) 7.3131065e-05
norm(r_4) 0
Newton iteration  1 : ||r|| = 7.31311e-05, ||r||/||r_0|| = 0.00033458
Setting time step: 0.0025 in DGTransportTDO
Setting time step: 0.0025 in CombinedOp
Setting time step: 0.0025 in IonStaticPressureOp
norm(r_0) 0
norm(r_1) 0
norm(r_2) 0
norm(r_3) 0.22444772
norm(r_4) 0
Newton iteration  0 : ||r|| = 0.224448
   Pass :  1   Iteration :   0  ||B r|| = 200.969 ...
   Pass :  1   Iteration :  42  ||B r|| = 0.000184713
norm(r_0) 0
norm(r_1) 0
norm(r_2) 0
norm(r_3) 7.5017307e-05
norm(r_4) 0
Newton iteration  1 : ||r|| = 7.50173e-05, ||r||/||r_0|| = 0.000334231
Setting time step: 0.0025 in DGTransportTDO
Setting time step: 0.0025 in CombinedOp
Setting time step: 0.0025 in IonStaticPressureOp
norm(r_0) 0
norm(r_1) 0
norm(r_2) 0
norm(r_3) 0.2259463
norm(r_4) 0
Newton iteration  0 : ||r|| = 0.225946
   Pass :  1   Iteration :   0  ||B r|| = 202.312 ...
   Pass :  1   Iteration :  42  ||B r|| = 0.000185881
norm(r_0) 0
norm(r_1) 0
norm(r_2) 0
norm(r_3) 7.5482259e-05
norm(r_4) 0
Newton iteration  1 : ||r|| = 7.54823e-05, ||r||/||r_0|| = 0.000334072
Setting time step: 0.0025 in DGTransportTDO
Setting time step: 0.0025 in CombinedOp
Setting time step: 0.0025 in IonStaticPressureOp
norm(r_0) 0
norm(r_1) 0
norm(r_2) 0
norm(r_3) 0.21138864
norm(r_4) 0
Newton iteration  0 : ||r|| = 0.211389
   Pass :  1   Iteration :   0  ||B r|| = 189.282 ...
   Pass :  1   Iteration :  42  ||B r|| = 0.000173663
norm(r_0) 0
norm(r_1) 0
norm(r_2) 0
norm(r_3) 7.0488365e-05
norm(r_4) 0
Newton iteration  1 : ||r|| = 7.04884e-05, ||r||/||r_0|| = 0.000333454
Setting time step: 0.005 in DGTransportTDO
Setting time step: 0.005 in CombinedOp
Setting time step: 0.005 in IonStaticPressureOp
norm(r_0) 0
norm(r_1) 0
norm(r_2) 0
norm(r_3) 0.20466028
norm(r_4) 0
Newton iteration  0 : ||r|| = 0.20466
   Pass :  1   Iteration :   0  ||B r|| = 157.504 ...
   Pass :  1   Iteration :  46  ||B r|| = 0.000139677
norm(r_0) 0
norm(r_1) 0
norm(r_2) 0
norm(r_3) 0.00010847224
norm(r_4) 0
Newton iteration  1 : ||r|| = 0.000108472, ||r||/||r_0|| = 0.000530011
Setting time step: 0.005 in DGTransportTDO
Setting time step: 0.005 in CombinedOp
Setting time step: 0.005 in IonStaticPressureOp
norm(r_0) 0
norm(r_1) 0
norm(r_2) 0
norm(r_3) 0.17939276
norm(r_4) 0
Newton iteration  0 : ||r|| = 0.179393
   Pass :  1   Iteration :   0  ||B r|| = 138.057 ...
   Pass :  1   Iteration :  46  ||B r|| = 0.000122942
norm(r_0) 0
norm(r_1) 0
norm(r_2) 0
norm(r_3) 9.5526683e-05
norm(r_4) 0
Newton iteration  1 : ||r|| = 9.55267e-05, ||r||/||r_0|| = 0.0005325
Setting time step: 0.005 in DGTransportTDO
Setting time step: 0.005 in CombinedOp
Setting time step: 0.005 in IonStaticPressureOp
norm(r_0) 0
norm(r_1) 0
norm(r_2) 0
norm(r_3) 0.18925053
norm(r_4) 0
Newton iteration  0 : ||r|| = 0.189251
   Pass :  1   Iteration :   0  ||B r|| = 145.644 ...
   Pass :  1   Iteration :  46  ||B r|| = 0.000129539
norm(r_0) 0
norm(r_1) 0
norm(r_2) 0
norm(r_3) 0.00010063687
norm(r_4) 0
Newton iteration  1 : ||r|| = 0.000100637, ||r||/||r_0|| = 0.000531765
Setting time step: 0.005 in DGTransportTDO
Setting time step: 0.005 in CombinedOp
Setting time step: 0.005 in IonStaticPressureOp
norm(r_0) 0
norm(r_1) 0
norm(r_2) 0
norm(r_3) 0.19181742
norm(r_4) 0
Newton iteration  0 : ||r|| = 0.191817
   Pass :  1   Iteration :   0  ||B r|| = 147.62 ...
   Pass :  1   Iteration :  46  ||B r|| = 0.000131221
norm(r_0) 0
norm(r_1) 0
norm(r_2) 0
norm(r_3) 0.0001019367
norm(r_4) 0
Newton iteration  1 : ||r|| = 0.000101937, ||r||/||r_0|| = 0.000531426
Setting time step: 0.005 in DGTransportTDO
Setting time step: 0.005 in CombinedOp
Setting time step: 0.005 in IonStaticPressureOp
norm(r_0) 0
norm(r_1) 0
norm(r_2) 0
norm(r_3) 0.16764866
norm(r_4) 0
Newton iteration  0 : ||r|| = 0.167649
   Pass :  1   Iteration :   0  ||B r|| = 129.022 ...
   Pass :  1   Iteration :  46  ||B r|| = 0.000114333
norm(r_0) 0
norm(r_1) 0
norm(r_2) 0
norm(r_3) 8.8773514e-05
norm(r_4) 0
Newton iteration  1 : ||r|| = 8.87735e-05, ||r||/||r_0|| = 0.000529521
Setting time step: 0.01 in DGTransportTDO
Setting time step: 0.01 in CombinedOp
Setting time step: 0.01 in IonStaticPressureOp
norm(r_0) 0
norm(r_1) 0
norm(r_2) 0
norm(r_3) 0.1573022
norm(r_4) 0
Newton iteration  0 : ||r|| = 0.157302
   Pass :  1   Iteration :   0  ||B r|| = 93.16 ...
   Pass :  2   Iteration :  53  ||B r|| = 9.29894e-05
norm(r_0) 0
norm(r_1) 0
norm(r_2) 0
norm(r_3) 0.00013339433
norm(r_4) 0
Newton iteration  1 : ||r|| = 0.000133394, ||r||/||r_0|| = 0.000848013
Setting time step: 0.01 in DGTransportTDO
Setting time step: 0.01 in CombinedOp
Setting time step: 0.01 in IonStaticPressureOp
norm(r_0) 0
norm(r_1) 0
norm(r_2) 0
norm(r_3) 0.120716
norm(r_4) 0
Newton iteration  0 : ||r|| = 0.120716
   Pass :  1   Iteration :   0  ||B r|| = 71.4927 ...
   Pass :  2   Iteration :  54  ||B r|| = 6.88717e-05
norm(r_0) 0
norm(r_1) 0
norm(r_2) 0
norm(r_3) 9.6932712e-05
norm(r_4) 0
Newton iteration  1 : ||r|| = 9.69327e-05, ||r||/||r_0|| = 0.000802981
Setting time step: 0.01 in DGTransportTDO
Setting time step: 0.01 in CombinedOp
Setting time step: 0.01 in IonStaticPressureOp
norm(r_0) 0
norm(r_1) 0
norm(r_2) 0
norm(r_3) 0.13466967
norm(r_4) 0
Newton iteration  0 : ||r|| = 0.13467
   Pass :  1   Iteration :   0  ||B r|| = 79.7565 ...
   Pass :  2   Iteration :  54  ||B r|| = 7.67322e-05
norm(r_0) 0
norm(r_1) 0
norm(r_2) 0
norm(r_3) 0.00010799936
norm(r_4) 0
Newton iteration  1 : ||r|| = 0.000107999, ||r||/||r_0|| = 0.000801958
Setting time step: 0.01 in DGTransportTDO
Setting time step: 0.01 in CombinedOp
Setting time step: 0.01 in IonStaticPressureOp
norm(r_0) 0
norm(r_1) 0
norm(r_2) 0
norm(r_3) 0.13844213
norm(r_4) 0
Newton iteration  0 : ||r|| = 0.138442
   Pass :  1   Iteration :   0  ||B r|| = 81.9906 ...
   Pass :  2   Iteration :  54  ||B r|| = 7.88349e-05
norm(r_0) 0
norm(r_1) 0
norm(r_2) 0
norm(r_3) 0.00011096004
norm(r_4) 0
Newton iteration  1 : ||r|| = 0.00011096, ||r||/||r_0|| = 0.00080149
Setting time step: 0.01 in DGTransportTDO
Setting time step: 0.01 in CombinedOp
Setting time step: 0.01 in IonStaticPressureOp
norm(r_0) 0
norm(r_1) 0
norm(r_2) 0
norm(r_3) 0.10515664
norm(r_4) 0
Newton iteration  0 : ||r|| = 0.105157
   Pass :  1   Iteration :   0  ||B r|| = 62.2773 ...
   Pass :  2   Iteration :  53  ||B r|| = 6.20292e-05
norm(r_0) 0
norm(r_1) 0
norm(r_2) 0
norm(r_3) 8.8973297e-05
norm(r_4) 0
Newton iteration  1 : ||r|| = 8.89733e-05, ||r||/||r_0|| = 0.000846102
Setting time step: 0.02 in DGTransportTDO
Setting time step: 0.02 in CombinedOp
Setting time step: 0.02 in IonStaticPressureOp
norm(r_0) 0
norm(r_1) 0
norm(r_2) 0
norm(r_3) 0.092928154
norm(r_4) 0
Newton iteration  0 : ||r|| = 0.0929282
   Pass :  1   Iteration :   0  ||B r|| = 37.3559 ...
   Pass :  2   Iteration :  59  ||B r|| = 3.46556e-05
norm(r_0) 0
norm(r_1) 0
norm(r_2) 0
norm(r_3) 7.9497405e-05
norm(r_4) 0
Newton iteration  1 : ||r|| = 7.94974e-05, ||r||/||r_0|| = 0.000855472
Setting time step: 0.02 in DGTransportTDO
Setting time step: 0.02 in CombinedOp
Setting time step: 0.02 in IonStaticPressureOp
norm(r_0) 0
norm(r_1) 0
norm(r_2) 0
norm(r_3) 0.054206209
norm(r_4) 0
Newton iteration  0 : ||r|| = 0.0542062
   Pass :  1   Iteration :   0  ||B r|| = 21.7898 ...
   Pass :  2   Iteration :  59  ||B r|| = 2.02272e-05
norm(r_0) 0
norm(r_1) 0
norm(r_2) 0
norm(r_3) 4.6415386e-05
norm(r_4) 0
Newton iteration  1 : ||r|| = 4.64154e-05, ||r||/||r_0|| = 0.000856274
Setting time step: 0.02 in DGTransportTDO
Setting time step: 0.02 in CombinedOp
Setting time step: 0.02 in IonStaticPressureOp
norm(r_0) 0
norm(r_1) 0
norm(r_2) 0
norm(r_3) 0.068404375
norm(r_4) 0
Newton iteration  0 : ||r|| = 0.0684044
   Pass :  1   Iteration :   0  ||B r|| = 27.4973 ...
   Pass :  2   Iteration :  59  ||B r|| = 2.55194e-05
norm(r_0) 0
norm(r_1) 0
norm(r_2) 0
norm(r_3) 5.8551885e-05
norm(r_4) 0
Newton iteration  1 : ||r|| = 5.85519e-05, ||r||/||r_0|| = 0.000855967
Setting time step: 0.02 in DGTransportTDO
Setting time step: 0.02 in CombinedOp
Setting time step: 0.02 in IonStaticPressureOp
norm(r_0) 0
norm(r_1) 0
norm(r_2) 0
norm(r_3) 0.072505465
norm(r_4) 0
Newton iteration  0 : ||r|| = 0.0725055
   Pass :  1   Iteration :   0  ||B r|| = 29.146 ...
   Pass :  2   Iteration :  59  ||B r|| = 2.70471e-05
norm(r_0) 0
norm(r_1) 0
norm(r_2) 0
norm(r_3) 6.2053908e-05
norm(r_4) 0
Newton iteration  1 : ||r|| = 6.20539e-05, ||r||/||r_0|| = 0.000855851
Setting time step: 0.02 in DGTransportTDO
Setting time step: 0.02 in CombinedOp
Setting time step: 0.02 in IonStaticPressureOp
norm(r_0) 0
norm(r_1) 0
norm(r_2) 0
norm(r_3) 0.041011226
norm(r_4) 0
Newton iteration  0 : ||r|| = 0.0410112
   Pass :  1   Iteration :   0  ||B r|| = 16.4865 ...
   Pass :  2   Iteration :  59  ||B r|| = 1.52853e-05
norm(r_0) 0
norm(r_1) 0
norm(r_2) 0
norm(r_3) 3.5050449e-05
norm(r_4) 0
Newton iteration  1 : ||r|| = 3.50504e-05, ||r||/||r_0|| = 0.000854655
Time stepping paused at t = 0.15

Estimating errors.
No refinements necessary.
No derefinements needed.

AMR iteration 1
Number of unknowns: 2304
Setting time step: 0.019721777 in DGTransportTDO
Setting time step: 0.019721777 in CombinedOp
Setting time step: 0.019721777 in IonStaticPressureOp
norm(r_0) 0
norm(r_1) 0
norm(r_2) 0
norm(r_3) 0.032468152
norm(r_4) 0
Newton iteration  0 : ||r|| = 0.0324682
   Pass :  1   Iteration :   0  ||B r|| = 13.1698 ...
   Pass :  2   Iteration :  59  ||B r|| = 1.20649e-05
norm(r_0) 0
norm(r_1) 0
norm(r_2) 0
norm(r_3) 2.7324415e-05
norm(r_4) 0
Newton iteration  1 : ||r|| = 2.73244e-05, ||r||/||r_0|| = 0.000841576
Setting time step: 0.019721777 in DGTransportTDO
Setting time step: 0.019721777 in CombinedOp
Setting time step: 0.019721777 in IonStaticPressureOp
norm(r_0) 0
norm(r_1) 0
norm(r_2) 0
norm(r_3) 0.019087853
norm(r_4) 0
Newton iteration  0 : ||r|| = 0.0190879
   Pass :  1   Iteration :   0  ||B r|| = 7.74259 ...
   Pass :  2   Iteration :  59  ||B r|| = 7.09429e-06
norm(r_0) 0
norm(r_1) 0
norm(r_2) 0
norm(r_3) 1.6068488e-05
norm(r_4) 0
Newton iteration  1 : ||r|| = 1.60685e-05, ||r||/||r_0|| = 0.000841817
Setting time step: 0.019721777 in DGTransportTDO
Setting time step: 0.019721777 in CombinedOp
Setting time step: 0.019721777 in IonStaticPressureOp
norm(r_0) 0
norm(r_1) 0
norm(r_2) 0
norm(r_3) 0.02399884
norm(r_4) 0
Newton iteration  0 : ||r|| = 0.0239988
   Pass :  1   Iteration :   0  ||B r|| = 9.73458 ...
   Pass :  2   Iteration :  59  ||B r|| = 8.91886e-06
norm(r_0) 0
norm(r_1) 0
norm(r_2) 0
norm(r_3) 2.0200428e-05
norm(r_4) 0
Newton iteration  1 : ||r|| = 2.02004e-05, ||r||/||r_0|| = 0.000841725
Setting time step: 0.019721777 in DGTransportTDO
Setting time step: 0.019721777 in CombinedOp
Setting time step: 0.019721777 in IonStaticPressureOp
norm(r_0) 0
norm(r_1) 0
norm(r_2) 0
norm(r_3) 0.025415012
norm(r_4) 0
Newton iteration  0 : ||r|| = 0.025415
   Pass :  1   Iteration :   0  ||B r|| = 10.309 ...
   Pass :  2   Iteration :  59  ||B r|| = 9.44489e-06
norm(r_0) 0
norm(r_1) 0
norm(r_2) 0
norm(r_3) 2.1391573e-05
norm(r_4) 0
Newton iteration  1 : ||r|| = 2.13916e-05, ||r||/||r_0|| = 0.00084169
Setting time step: 0.019721777 in DGTransportTDO
Setting time step: 0.019721777 in CombinedOp
Setting time step: 0.019721777 in IonStaticPressureOp
norm(r_0) 0
norm(r_1) 0
norm(r_2) 0
norm(r_3) 0.014497617
norm(r_4) 0
Newton iteration  0 : ||r|| = 0.0144976
   Pass :  1   Iteration :   0  ||B r|| = 5.88052 ...
   Pass :  2   Iteration :  59  ||B r|| = 5.38616e-06
norm(r_0) 0
norm(r_1) 0
norm(r_2) 0
norm(r_3) 1.2197459e-05
norm(r_4) 0
Newton iteration  1 : ||r|| = 1.21975e-05, ||r||/||r_0|| = 0.000841342
Setting time step: 0.038620531 in DGTransportTDO
Setting time step: 0.038620531 in CombinedOp
Setting time step: 0.038620531 in IonStaticPressureOp
norm(r_0) 0
norm(r_1) 0
norm(r_2) 0
norm(r_3) 0.011510315
norm(r_4) 0
Newton iteration  0 : ||r|| = 0.0115103
   Pass :  1   Iteration :   0  ||B r|| = 2.8874 ...
   Pass :  2   Iteration :  65  ||B r|| = 2.42313e-06
norm(r_0) 0
norm(r_1) 0
norm(r_2) 0
norm(r_3) 9.3720273e-06
norm(r_4) 0
Newton iteration  1 : ||r|| = 9.37203e-06, ||r||/||r_0|| = 0.000814229
Setting time step: 0.038620531 in DGTransportTDO
Setting time step: 0.038620531 in CombinedOp
Setting time step: 0.038620531 in IonStaticPressureOp
norm(r_0) 0
norm(r_1) 0
norm(r_2) 0
norm(r_3) 0.0037527645
norm(r_4) 0
Newton iteration  0 : ||r|| = 0.00375276
   Pass :  1   Iteration :   0  ||B r|| = 0.941488 ...
   Pass :  2   Iteration :  64  ||B r|| = 9.50735e-07
norm(r_0) 0
norm(r_1) 0
norm(r_2) 0
norm(r_3) 3.5524146e-06
norm(r_4) 0
Newton iteration  1 : ||r|| = 3.55241e-06, ||r||/||r_0|| = 0.000946613
Setting time step: 0.038620531 in DGTransportTDO
Setting time step: 0.038620531 in CombinedOp
Setting time step: 0.038620531 in IonStaticPressureOp
norm(r_0) 0
norm(r_1) 0
norm(r_2) 0
norm(r_3) 0.0064374625
norm(r_4) 0
Newton iteration  0 : ||r|| = 0.00643746
   Pass :  1   Iteration :   0  ||B r|| = 1.61494 ...
   Pass :  2   Iteration :  65  ||B r|| = 1.35505e-06
norm(r_0) 0
norm(r_1) 0
norm(r_2) 0
norm(r_3) 5.2404861e-06
norm(r_4) 0
Newton iteration  1 : ||r|| = 5.24049e-06, ||r||/||r_0|| = 0.000814061
Setting time step: 0.038620531 in DGTransportTDO
Setting time step: 0.038620531 in CombinedOp
Setting time step: 0.038620531 in IonStaticPressureOp
norm(r_0) 0
norm(r_1) 0
norm(r_2) 0
norm(r_3) 0.0072933579
norm(r_4) 0
Newton iteration  0 : ||r|| = 0.00729336
   Pass :  1   Iteration :   0  ||B r|| = 1.82963 ...
   Pass :  2   Iteration :  65  ||B r|| = 1.53526e-06
norm(r_0) 0
norm(r_1) 0
norm(r_2) 0
norm(r_3) 5.937586e-06
norm(r_4) 0
Newton iteration  1 : ||r|| = 5.93759e-06, ||r||/||r_0|| = 0.000814109
Setting time step: 0.038620531 in DGTransportTDO
Setting time step: 0.038620531 in CombinedOp
Setting time step: 0.038620531 in IonStaticPressureOp
norm(r_0) 0
norm(r_1) 0
norm(r_2) 0
norm(r_3) 0.0023580843
norm(r_4) 0
Newton iteration  0 : ||r|| = 0.00235808
   Pass :  1   Iteration :   0  ||B r|| = 0.591336 ...
   Pass :  2   Iteration :  59  ||B r|| = 9.74946e-07
norm(r_0) 0
norm(r_1) 0
norm(r_2) 0
norm(r_3) 4.1972953e-06
norm(r_4) 0
Newton iteration  1 : ||r|| = 4.1973e-06, ||r||/||r_0|| = 0.00177996
Setting time step: 0.042536433 in DGTransportTDO
Setting time step: 0.042536433 in CombinedOp
Setting time step: 0.042536433 in IonStaticPressureOp
norm(r_0) 0
norm(r_1) 0
norm(r_2) 0
norm(r_3) 0.0015630906
norm(r_4) 0
Newton iteration  0 : ||r|| = 0.00156309
   Pass :  1   Iteration :   0  ||B r|| = 0.363332 ...
   Pass :  2   Iteration :  57  ||B r|| = 9.04815e-07
norm(r_0) 0
norm(r_1) 0
norm(r_2) 0
norm(r_3) 4.3551106e-06
norm(r_4) 0
Newton iteration  1 : ||r|| = 4.35511e-06, ||r||/||r_0|| = 0.00278622
Setting time step: 0.042536433 in DGTransportTDO
Setting time step: 0.042536433 in CombinedOp
Setting time step: 0.042536433 in IonStaticPressureOp
norm(r_0) 0
norm(r_1) 0
norm(r_2) 0
norm(r_3) 0.00044130374
norm(r_4) 0
Newton iteration  0 : ||r|| = 0.000441304
   Pass :  1   Iteration :   0  ||B r|| = 0.10255 ...
   Pass :  1   Iteration :  44  ||B r|| = 9.70814e-07
norm(r_0) 0
norm(r_1) 0
norm(r_2) 0
norm(r_3) 6.4434183e-06
norm(r_4) 0
Newton iteration  1 : ||r|| = 6.44342e-06, ||r||/||r_0|| = 0.0146009
Setting time step: 0.042536433 in DGTransportTDO
Setting time step: 0.042536433 in CombinedOp
Setting time step: 0.042536433 in IonStaticPressureOp
norm(r_0) 0
norm(r_1) 0
norm(r_2) 0
norm(r_3) 0.00082559232
norm(r_4) 0
Newton iteration  0 : ||r|| = 0.000825592
   Pass :  1   Iteration :   0  ||B r|| = 0.191889 ...
   Pass :  1   Iteration :  49  ||B r|| = 9.92873e-07
norm(r_0) 0
norm(r_1) 0
norm(r_2) 0
norm(r_3) 6.5404871e-06
norm(r_4) 0
Newton iteration  1 : ||r|| = 6.54049e-06, ||r||/||r_0|| = 0.00792218
Setting time step: 0.042536433 in DGTransportTDO
Setting time step: 0.042536433 in CombinedOp
Setting time step: 0.042536433 in IonStaticPressureOp
norm(r_0) 0
norm(r_1) 0
norm(r_2) 0
norm(r_3) 0.00095025899
norm(r_4) 0
Newton iteration  0 : ||r|| = 0.000950259
   Pass :  1   Iteration :   0  ||B r|| = 0.220872 ...
   Pass :  2   Iteration :  51  ||B r|| = 9.85204e-07
norm(r_0) 0
norm(r_1) 0
norm(r_2) 0
norm(r_3) 6.2351179e-06
norm(r_4) 0
Newton iteration  1 : ||r|| = 6.23512e-06, ||r||/||r_0|| = 0.00656149
Setting time step: 0.042536433 in DGTransportTDO
Setting time step: 0.042536433 in CombinedOp
Setting time step: 0.042536433 in IonStaticPressureOp
norm(r_0) 0
norm(r_1) 0
norm(r_2) 0
norm(r_3) 0.00028432571
norm(r_4) 0
Newton iteration  0 : ||r|| = 0.000284326
   Pass :  1   Iteration :   0  ||B r|| = 0.0641719 ...
   Pass :  1   Iteration :  41  ||B r|| = 9.72581e-07
norm(r_0) 0
norm(r_1) 0
norm(r_2) 0
norm(r_3) 5.8734476e-06
norm(r_4) 0
Newton iteration  1 : ||r|| = 5.87345e-06, ||r||/||r_0|| = 0.0206575
Setting time step: 0.085072865 in DGTransportTDO
Setting time step: 0.085072865 in CombinedOp
Setting time step: 0.085072865 in IonStaticPressureOp
norm(r_0) 0
norm(r_1) 0
norm(r_2) 0
norm(r_3) 0.00017716074
norm(r_4) 0
Newton iteration  0 : ||r|| = 0.000177161
   Pass :  1   Iteration :   0  ||B r|| = 0.0228842 ...
   Pass :  1   Iteration :  38  ||B r|| = 8.53845e-07
norm(r_0) 0
norm(r_1) 0
norm(r_2) 0
norm(r_3) 9.4535154e-06
norm(r_4) 0
Newton iteration  1 : ||r|| = 9.45352e-06, ||r||/||r_0|| = 0.0533612
Setting time step: 0.085072865 in DGTransportTDO
Setting time step: 0.085072865 in CombinedOp
Setting time step: 0.085072865 in IonStaticPressureOp
norm(r_0) 0
norm(r_1) 0
norm(r_2) 0
norm(r_3) 1.8876617e-05
norm(r_4) 0
Newton iteration  0 : ||r|| = 1.88766e-05
   Pass :  1   Iteration :   0  ||B r|| = 0.0012881 ...
   Pass :  1   Iteration :  22  ||B r|| = 8.67787e-07
norm(r_0) 0
norm(r_1) 0
norm(r_2) 0
norm(r_3) 7.4872807e-06
norm(r_4) 0
Newton iteration  1 : ||r|| = 7.48728e-06, ||r||/||r_0|| = 0.396643
Setting time step: 0.085072865 in DGTransportTDO
Setting time step: 0.085072865 in CombinedOp
Setting time step: 0.085072865 in IonStaticPressureOp
norm(r_0) 0
norm(r_1) 0
norm(r_2) 0
norm(r_3) 5.125393e-05
norm(r_4) 0
Newton iteration  0 : ||r|| = 5.12539e-05
   Pass :  1   Iteration :   0  ||B r|| = 0.00633837 ...
   Pass :  1   Iteration :  31  ||B r|| = 8.50799e-07
norm(r_0) 0
norm(r_1) 0
norm(r_2) 0
norm(r_3) 9.0134816e-06
norm(r_4) 0
Newton iteration  1 : ||r|| = 9.01348e-06, ||r||/||r_0|| = 0.175859
Setting time step: 0.085072865 in DGTransportTDO
Setting time step: 0.085072865 in CombinedOp
Setting time step: 0.085072865 in IonStaticPressureOp
norm(r_0) 0
norm(r_1) 0
norm(r_2) 0
norm(r_3) 7.2261744e-05
norm(r_4) 0
Newton iteration  0 : ||r|| = 7.22617e-05
   Pass :  1   Iteration :   0  ||B r|| = 0.00918984 ...
   Pass :  1   Iteration :  33  ||B r|| = 8.30968e-07
norm(r_0) 0
norm(r_1) 0
norm(r_2) 0
norm(r_3) 9.2347056e-06
norm(r_4) 0
Newton iteration  1 : ||r|| = 9.23471e-06, ||r||/||r_0|| = 0.127795
Setting time step: 0.085072865 in DGTransportTDO
Setting time step: 0.085072865 in CombinedOp
Setting time step: 0.085072865 in IonStaticPressureOp
norm(r_0) 0
norm(r_1) 0
norm(r_2) 0
norm(r_3) 0.00022496421
norm(r_4) 0
Newton iteration  0 : ||r|| = 0.000224964
   Pass :  1   Iteration :   0  ||B r|| = 0.00270324 ...
   Pass :  1   Iteration :  24  ||B r|| = 9.44112e-07
norm(r_0) 0
norm(r_1) 0
norm(r_2) 0
norm(r_3) 8.5821747e-06
norm(r_4) 0
Newton iteration  1 : ||r|| = 8.58217e-06, ||r||/||r_0|| = 0.0381491
Time stepping paused at t = 0.89380642

Estimating errors.
No refinements necessary.
No derefinements needed.

AMR iteration 2
Number of unknowns: 2304
Setting time step: 0.17014573 in DGTransportTDO
Setting time step: 0.17014573 in CombinedOp
Setting time step: 0.17014573 in IonStaticPressureOp
norm(r_0) 0
norm(r_1) 0
norm(r_2) 0
norm(r_3) 1.284051e-05
norm(r_4) 0
Newton iteration  0 : ||r|| = 1.28405e-05
   Pass :  1   Iteration :   0  ||B r|| = 0.000645395 ...
   Pass :  1   Iteration :  20  ||B r|| = 8.82308e-07
norm(r_0) 0
norm(r_1) 0
norm(r_2) 0
norm(r_3) 1.2939698e-05
norm(r_4) 0
Newton iteration  1 : ||r|| = 1.29397e-05, ||r||/||r_0|| = 1.00772
Setting time step: 0.17014573 in DGTransportTDO
Setting time step: 0.17014573 in CombinedOp
Setting time step: 0.17014573 in IonStaticPressureOp
norm(r_0) 0
norm(r_1) 0
norm(r_2) 0
norm(r_3) 2.610482e-05
norm(r_4) 0
Newton iteration  0 : ||r|| = 2.61048e-05
   Pass :  1   Iteration :   0  ||B r|| = 0.000253195 ...
   Pass :  1   Iteration :  10  ||B r|| = 8.80918e-07
norm(r_0) 0
norm(r_1) 0
norm(r_2) 0
norm(r_3) 1.2296977e-05
norm(r_4) 0
Newton iteration  1 : ||r|| = 1.2297e-05, ||r||/||r_0|| = 0.471062
Setting time step: 0.17014573 in DGTransportTDO
Setting time step: 0.17014573 in CombinedOp
Setting time step: 0.17014573 in IonStaticPressureOp
norm(r_0) 0
norm(r_1) 0
norm(r_2) 0
norm(r_3) 2.1813642e-05
norm(r_4) 0
Newton iteration  0 : ||r|| = 2.18136e-05
   Pass :  1   Iteration :   0  ||B r|| = 4.40616e-06 ...
   Pass :  1   Iteration :   5  ||B r|| = 9.14812e-07
norm(r_0) 0
norm(r_1) 0
norm(r_2) 0
norm(r_3) 1.0800267e-05
norm(r_4) 0
Newton iteration  1 : ||r|| = 1.08003e-05, ||r||/||r_0|| = 0.495115
Setting time step: 0.17014573 in DGTransportTDO
Setting time step: 0.17014573 in CombinedOp
Setting time step: 0.17014573 in IonStaticPressureOp
norm(r_0) 0
norm(r_1) 0
norm(r_2) 0
norm(r_3) 1.7946164e-05
norm(r_4) 0
Newton iteration  0 : ||r|| = 1.79462e-05
   Pass :  1   Iteration :   0  ||B r|| = 0.000116875 ...
   Pass :  1   Iteration :  11  ||B r|| = 9.34804e-07
norm(r_0) 0
norm(r_1) 0
norm(r_2) 0
norm(r_3) 1.2644314e-05
norm(r_4) 0
Newton iteration  1 : ||r|| = 1.26443e-05, ||r||/||r_0|| = 0.704569
Setting time step: 0.17014573 in DGTransportTDO
Setting time step: 0.17014573 in CombinedOp
Setting time step: 0.17014573 in IonStaticPressureOp
norm(r_0) 0
norm(r_1) 0
norm(r_2) 0
norm(r_3) 0.00039479598
norm(r_4) 0
Newton iteration  0 : ||r|| = 0.000394796
   Pass :  1   Iteration :   0  ||B r|| = 0.000160547 ...
   Pass :  1   Iteration :  23  ||B r|| = 8.87127e-07
norm(r_0) 0
norm(r_1) 0
norm(r_2) 0
norm(r_3) 1.6437374e-05
norm(r_4) 0
Newton iteration  1 : ||r|| = 1.64374e-05, ||r||/||r_0|| = 0.0416351
Setting time step: 0.34029146 in DGTransportTDO
Setting time step: 0.34029146 in CombinedOp
Setting time step: 0.34029146 in IonStaticPressureOp
norm(r_0) 0
norm(r_1) 0
norm(r_2) 0
norm(r_3) 1.6618656e-05
norm(r_4) 0
Newton iteration  0 : ||r|| = 1.66187e-05
   Pass :  1   Iteration :   0  ||B r|| = 8.1173e-05 ...
   Pass :  1   Iteration :   7  ||B r|| = 7.88617e-07
norm(r_0) 0
norm(r_1) 0
norm(r_2) 0
norm(r_3) 2.0463967e-05
norm(r_4) 0
Newton iteration  1 : ||r|| = 2.0464e-05, ||r||/||r_0|| = 1.23139
Setting time step: 0.34029146 in DGTransportTDO
Setting time step: 0.34029146 in CombinedOp
Setting time step: 0.34029146 in IonStaticPressureOp
norm(r_0) 0
norm(r_1) 0
norm(r_2) 0
norm(r_3) 4.362174e-05
norm(r_4) 0
Newton iteration  0 : ||r|| = 4.36217e-05
   Pass :  1   Iteration :   0  ||B r|| = 5.63763e-05 ...
   Pass :  1   Iteration :   4  ||B r|| = 8.02859e-07
norm(r_0) 0
norm(r_1) 0
norm(r_2) 0
norm(r_3) 1.9978388e-05
norm(r_4) 0
Newton iteration  1 : ||r|| = 1.99784e-05, ||r||/||r_0|| = 0.457992
Setting time step: 0.34029146 in DGTransportTDO
Setting time step: 0.34029146 in CombinedOp
Setting time step: 0.34029146 in IonStaticPressureOp
norm(r_0) 0
norm(r_1) 0
norm(r_2) 0
norm(r_3) 3.3765211e-05
norm(r_4) 0
Newton iteration  0 : ||r|| = 3.37652e-05
   Pass :  1   Iteration :   0  ||B r|| = 2.05907e-05 ...
   Pass :  1   Iteration :   2  ||B r|| = 8.82143e-07
norm(r_0) 0
norm(r_1) 0
norm(r_2) 0
norm(r_3) 2.1437397e-05
norm(r_4) 0
Newton iteration  1 : ||r|| = 2.14374e-05, ||r||/||r_0|| = 0.634896
Setting time step: 0.34029146 in DGTransportTDO
Setting time step: 0.34029146 in CombinedOp
Setting time step: 0.34029146 in IonStaticPressureOp
norm(r_0) 0
norm(r_1) 0
norm(r_2) 0
norm(r_3) 2.6982483e-05
norm(r_4) 0
Newton iteration  0 : ||r|| = 2.69825e-05
   Pass :  1   Iteration :   0  ||B r|| = 2.31755e-06 ...
   Pass :  1   Iteration :   1  ||B r|| = 9.42214e-07
norm(r_0) 0
norm(r_1) 0
norm(r_2) 0
norm(r_3) 2.1692504e-05
norm(r_4) 0
Newton iteration  1 : ||r|| = 2.16925e-05, ||r||/||r_0|| = 0.803948
Setting time step: 0.34029146 in DGTransportTDO
Setting time step: 0.34029146 in CombinedOp
Setting time step: 0.34029146 in IonStaticPressureOp
norm(r_0) 0
norm(r_1) 0
norm(r_2) 0
norm(r_3) 0.00041835456
norm(r_4) 0
Newton iteration  0 : ||r|| = 0.000418355
   Pass :  1   Iteration :   0  ||B r|| = 0.000132069 ...
   Pass :  1   Iteration :   8  ||B r|| = 9.26954e-07
norm(r_0) 0
norm(r_1) 0
norm(r_2) 0
norm(r_3) 2.5930195e-05
norm(r_4) 0
Newton iteration  1 : ||r|| = 2.59302e-05, ||r||/||r_0|| = 0.0619814
Setting time step: 0.68058292 in DGTransportTDO
Setting time step: 0.68058292 in CombinedOp
Setting time step: 0.68058292 in IonStaticPressureOp
norm(r_0) 0
norm(r_1) 0
norm(r_2) 0
norm(r_3) 2.5927147e-05
norm(r_4) 0
Newton iteration  0 : ||r|| = 2.59271e-05
   Pass :  1   Iteration :   0  ||B r|| = 3.21084e-06 ...
   Pass :  1   Iteration :   1  ||B r|| = 5.8254e-07
norm(r_0) 0
norm(r_1) 0
norm(r_2) 0
norm(r_3) 2.3181866e-05
norm(r_4) 0
Newton iteration  1 : ||r|| = 2.31819e-05, ||r||/||r_0|| = 0.894116
Setting time step: 0.68058292 in DGTransportTDO
Setting time step: 0.68058292 in CombinedOp
Setting time step: 0.68058292 in IonStaticPressureOp
norm(r_0) 0
norm(r_1) 0
norm(r_2) 0
norm(r_3) 2.4388404e-05
norm(r_4) 0
Newton iteration  0 : ||r|| = 2.43884e-05
   Pass :  1   Iteration :   0  ||B r|| = 3.05454e-06 ...
   Pass :  1   Iteration :   1  ||B r|| = 4.82465e-07
norm(r_0) 0
norm(r_1) 0
norm(r_2) 0
norm(r_3) 2.0369606e-05
norm(r_4) 0
Newton iteration  1 : ||r|| = 2.03696e-05, ||r||/||r_0|| = 0.835217
Setting time step: 0.68058292 in DGTransportTDO
Setting time step: 0.68058292 in CombinedOp
Setting time step: 0.68058292 in IonStaticPressureOp
norm(r_0) 0
norm(r_1) 0
norm(r_2) 0
norm(r_3) 2.3807755e-05
norm(r_4) 0
Newton iteration  0 : ||r|| = 2.38078e-05
   Pass :  1   Iteration :   0  ||B r|| = 1.61987e-06 ...
   Pass :  1   Iteration :   1  ||B r|| = 5.31197e-07
norm(r_0) 0
norm(r_1) 0
norm(r_2) 0
norm(r_3) 2.1754225e-05
norm(r_4) 0
Newton iteration  1 : ||r|| = 2.17542e-05, ||r||/||r_0|| = 0.913745
Setting time step: 0.68058292 in DGTransportTDO
Setting time step: 0.68058292 in CombinedOp
Setting time step: 0.68058292 in IonStaticPressureOp
norm(r_0) 0
norm(r_1) 0
norm(r_2) 0
norm(r_3) 2.3512413e-05
norm(r_4) 0
Newton iteration  0 : ||r|| = 2.35124e-05
   Pass :  1   Iteration :   0  ||B r|| = 8.72134e-07
norm(r_0) 0
norm(r_1) 0
norm(r_2) 0
norm(r_3) 2.3512413e-05
norm(r_4) 0
Newton iteration  1 : ||r|| = 2.35124e-05, ||r||/||r_0|| = 1
Setting time step: 0.68058292 in DGTransportTDO
Setting time step: 0.68058292 in CombinedOp
Setting time step: 0.68058292 in IonStaticPressureOp
norm(r_0) 0
norm(r_1) 0
norm(r_2) 0
norm(r_3) 0.00011080039
norm(r_4) 0
Newton iteration  0 : ||r|| = 0.0001108
   Pass :  1   Iteration :   0  ||B r|| = 2.54387e-05 ...
   Pass :  1   Iteration :   1  ||B r|| = 7.37064e-07
norm(r_0) 0
norm(r_1) 0
norm(r_2) 0
norm(r_3) 2.3208714e-05
norm(r_4) 0
Newton iteration  1 : ||r|| = 2.32087e-05, ||r||/||r_0|| = 0.209464
Setting time step: 1.3611658 in DGTransportTDO
Setting time step: 1.3611658 in CombinedOp
Setting time step: 1.3611658 in IonStaticPressureOp
norm(r_0) 0
norm(r_1) 0
norm(r_2) 0
norm(r_3) 2.3208605e-05
norm(r_4) 0
Newton iteration  0 : ||r|| = 2.32086e-05
   Pass :  1   Iteration :   0  ||B r|| = 4.07068e-07
norm(r_0) 0
norm(r_1) 0
norm(r_2) 0
norm(r_3) 2.3208605e-05
norm(r_4) 0
Newton iteration  1 : ||r|| = 2.32086e-05, ||r||/||r_0|| = 1
Setting time step: 1.3611658 in DGTransportTDO
Setting time step: 1.3611658 in CombinedOp
Setting time step: 1.3611658 in IonStaticPressureOp
norm(r_0) 0
norm(r_1) 0
norm(r_2) 0
norm(r_3) 2.3208605e-05
norm(r_4) 0
Newton iteration  0 : ||r|| = 2.32086e-05
   Pass :  1   Iteration :   0  ||B r|| = 4.07068e-07
norm(r_0) 0
norm(r_1) 0
norm(r_2) 0
norm(r_3) 2.3208605e-05
norm(r_4) 0
Newton iteration  1 : ||r|| = 2.32086e-05, ||r||/||r_0|| = 1
Setting time step: 1.3611658 in DGTransportTDO
Setting time step: 1.3611658 in CombinedOp
Setting time step: 1.3611658 in IonStaticPressureOp
norm(r_0) 0
norm(r_1) 0
norm(r_2) 0
norm(r_3) 2.3208605e-05
norm(r_4) 0
Newton iteration  0 : ||r|| = 2.32086e-05
   Pass :  1   Iteration :   0  ||B r|| = 4.07068e-07
norm(r_0) 0
norm(r_1) 0
norm(r_2) 0
norm(r_3) 2.3208605e-05
norm(r_4) 0
Newton iteration  1 : ||r|| = 2.32086e-05, ||r||/||r_0|| = 1
Setting time step: 1.3611658 in DGTransportTDO
Setting time step: 1.3611658 in CombinedOp
Setting time step: 1.3611658 in IonStaticPressureOp
norm(r_0) 0
norm(r_1) 0
norm(r_2) 0
norm(r_3) 2.3208605e-05
norm(r_4) 0
Newton iteration  0 : ||r|| = 2.32086e-05
   Pass :  1   Iteration :   0  ||B r|| = 4.07068e-07
norm(r_0) 0
norm(r_1) 0
norm(r_2) 0
norm(r_3) 2.3208605e-05
norm(r_4) 0
Newton iteration  1 : ||r|| = 2.32086e-05, ||r||/||r_0|| = 1
Setting time step: 1.3611658 in DGTransportTDO
Setting time step: 1.3611658 in CombinedOp
Setting time step: 1.3611658 in IonStaticPressureOp
norm(r_0) 0
norm(r_1) 0
norm(r_2) 0
norm(r_3) 2.3208605e-05
norm(r_4) 0
Newton iteration  0 : ||r|| = 2.32086e-05
   Pass :  1   Iteration :   0  ||B r|| = 4.07068e-07
norm(r_0) 0
norm(r_1) 0
norm(r_2) 0
norm(r_3) 2.3208605e-05
norm(r_4) 0
Newton iteration  1 : ||r|| = 2.32086e-05, ||r||/||r_0|| = 1
Time stepping paused at t = 11.10255
Steady State solution has been reached

Time stepping done after 3.5248801s.
