Options used:
   --mesh slab_512.mesh
   --bc-file transport2d_bcs.inp
   --ic-file transport2d_ics.inp
   --ec-file transport2d_ecs.inp
   --es-file transport2d_ess.inp
   --eqdsk-file 
   --logging 1
   --operator-test 7
   --field-magnitudes '1e+15 1e+17 10000 1 1'
   --equation-weights '1 1 1 1 1'
   --problem 4
   --refine-serial 0
   --refine-parallel 0
   --disable-amr
   --max-err -1
   --hysteresis 0.25
   --nc-limit 3
   --amr-weights '1 1 1 1 1'
   --order 3
   --dg-sigma -1
   --dg-kappa 16
   --linear-abs-tolerance 1e-10
   --linear-rel-tolerance 1e-08
   --linear-max-iterations 1
   --linear-logging-level 3
   --newton-abs-tolerance 1e-08
   --newton-rel-tolerance 1e-06
   --newton-max-iterations 1
   --newton-logging-level 1
   --steady-state-abs-tolerance 0
   --steady-state-rel-tolerance -1
   --prec-type 2
   --prec-logging-level 0
   --initial-tolerance 1e-05
   --ode-tolerance 0.001
   --ode-solver 3
   --err-per-step
   --ode-weights '1 1 1 1 1'
   --kP 0
   --kI 0.6
   --kD 0
   --dead-zone-min 0
   --dead-zone-max 1e+20
   --theta-max 2
   --t-minimum 0
   --t-final 1e-12
   --time-step 1e-12
   --cfl-number 0.3
   --ion-charge 1
   --ion-mass 2.0141018
   --neutral-mass 2.0141018
   --neutral-temp 3
   --min-neutral-density 9e+14
   --max-neutral-density 1e+15
   --neutral-density-exp 0
   --min-ion-density 1e+16
   --max-ion-density 1e+18
   --ion-density-exp 0
   --min-ion-temp 1
   --max-ion-temp 10
   --ion-temp-exp 0
   --min-electron-temp 10
   --max-electron-temp 440
   --electron-temp-exp 0
   --total-B-magnitude 5
   --poloidal-B-magnitude 0.5
   --velocity 1000
   --Di-perp 1
   --Xi-perp 1
   --Xe-perp 1
   --equation-term-flags '-1 -1 3 0 0'
   --visualization-flags '-1 -1 -1 -1 -1'
   --visualization
   --visit-datafiles
   --ascii-datafiles
   --no-check-gradient
   --visualization-steps 1
Device configuration: cpu
Memory configuration: host-std
Number of elements in initial mesh: 512
Number of elements after serial refinement: 512
0: Number of elements in parallel mesh: 512
0: Number of elements after parallel refinement: 512
Configuring initial conditions
Reading initial conditions from transport2d_ics.inp
Found 'neutral_density' at position 63
Found 'ion_density' at position 127
Found 'ion_parallel_velocity' at position 221
Found 'ion_temperature' at position 294
Found 'electron_temperature' at position 382
Configuring exact solutions
Reading exact solutions from transport2d_ess.inp
Found 'neutral_density' at position 63
Found 'ion_density' at position 145
Found 'ion_parallel_velocity' at position 256
Found 'ion_temperature' at position 329
Found 'electron_temperature' at position 417
Number of unknowns per field: 8192
Total number of unknowns:     40960
Configuring boundary conditions
Reading boundary conditions from transport2d_bcs.inp
Found 'neutral_density' at position 63
Found 'ion_density' at position 111
Found 'ion_parallel_velocity' at position 189
Found 'ion_temperature' at position 348
Found 'electron_temperature' at position 423
Found 'coupled_bcs' at position 471
Configuring equation coefficients
Reading equation coefficients from transport2d_ecs.inp
Found 'neutral_density' at position 65
Found 'ion_density' at position 143
Found 'ion_parallel_momentum' at position 299
Found 'ion_total_energy' at position 476
Found 'electron_total_energy' at position 537
Found 'common_coefs' at position 564
Using B field from transport2d_ecs.inp
NeutralDensityOp term flag 1023
Neutral Density: Adding time derivative term proportional to d n_n / dt
Neutral Density: Adding isotropic diffusion term
Neutral Density: Adding source term
Neutral Density: Adding source term to gradient
Neutral Density: Adding source term proportional to d n_i / dt in the gradient
Neutral Density: Adding source term
Neutral Density: Adding source term to gradient
Neutral Density: Adding source term proportional to d n_n / dt in the gradient
Neutral Density: Adding source term proportional to d n_i / dt in the gradient
Neutral Density: Adding recycling boundary source term
Neutral Density: Adding boundary source term proportional to d n_i / dt in the gradient
Neutral Density: Adding boundary source term proportional to d v_i / dt in the gradient
IonDensityOp term flag 1023
Ion Density: Adding time derivative term proportional to d n_i / dt
Ion Density: Adding advection-diffusion term
Ion Density: Adding outflow boundary term
Ion Density: Adding source term
Ion Density: Adding source term to gradient
Ion Density: Adding source term proportional to d n_n / dt in the gradient
Ion Density: Adding source term proportional to d n_i / dt in the gradient
Ion Density: Adding source term
Ion Density: Adding source term to gradient
Ion Density: Adding source term proportional to d n_i / dt in the gradient
Ion Parallel Momentum: Adding time derivative term proportional to d n_i / dt
Ion Parallel Momentum: Adding time derivative term proportional to d v_i / dt
Ion Parallel Momentum: Adding advection-diffusion term
Opening GLVis sockets.
Setting time: 0 in CombinedOp
Range of error estimates for initial condition: 5.0277257e-17 < elem err < 9.4168465e-17

Begin time stepping at t = 0
Setting time: 1e-12 in CombinedOp
Setting time step: 1e-12 in DGTransportTDO
Setting time step: 1e-12 in CombinedOp
Setting time step: 1e-12 in NeutralDensityOp
Setting time step: 1e-12 in IonDensityOp
Setting time step: 1e-12 in IonMomentumOp
norm(r_0) 6.9972119e+14
norm(r_1) 6.9972119e+14
norm(r_2) 4.684929e+26
norm(r_3) 0
norm(r_4) 0
Newton iteration  0 : ||r|| = 4.68493e+26
	Matrix size min_mn      8192
	Nonzeros in L         429824
	Nonzeros in U         429824
	nonzeros in L+U       851456
	nonzeros in LSUB       68355

** Memory Usage **********************************
** NUMfact space (MB): (sum-of-all-processes)
    L\U :            6.93 |  Total :    15.35
** Total highmark (MB):
    Sum-of-all :    29.60 | Avg :    29.60  | Max :    29.60
**************************************************

** number of Tiny Pivots:        0

	Matrix size min_mn      8192
	Nonzeros in L         429824
	Nonzeros in U         429824
	nonzeros in L+U       851456
	nonzeros in LSUB       68355

** Memory Usage **********************************
** NUMfact space (MB): (sum-of-all-processes)
    L\U :            6.93 |  Total :    15.35
** Total highmark (MB):
    Sum-of-all :    29.60 | Avg :    29.60  | Max :    29.60
**************************************************

** number of Tiny Pivots:        0

	Matrix size min_mn      8192
	Nonzeros in L         429824
	Nonzeros in U         429824
	nonzeros in L+U       851456
	nonzeros in LSUB       68355

** Memory Usage **********************************
** NUMfact space (MB): (sum-of-all-processes)
    L\U :            6.93 |  Total :    15.35
** Total highmark (MB):
    Sum-of-all :    29.60 | Avg :    29.60  | Max :    29.60
**************************************************

** number of Tiny Pivots:        0

	Matrix size min_mn      8192
	Nonzeros in L          69632
	Nonzeros in U          69632
	nonzeros in L+U       131072
	nonzeros in LSUB       16384

** Memory Usage **********************************
** NUMfact space (MB): (sum-of-all-processes)
    L\U :            1.09 |  Total :     8.77
** Total highmark (MB):
    Sum-of-all :    20.29 | Avg :    20.29  | Max :    20.29
**************************************************

** number of Tiny Pivots:        0

	Matrix size min_mn      8192
	Nonzeros in L          69632
	Nonzeros in U          69632
	nonzeros in L+U       131072
	nonzeros in LSUB       16384

** Memory Usage **********************************
** NUMfact space (MB): (sum-of-all-processes)
    L\U :            1.09 |  Total :     8.77
** Total highmark (MB):
    Sum-of-all :    20.29 | Avg :    20.29  | Max :    20.29
**************************************************

** number of Tiny Pivots:        0

   Pass :  1   Iteration :   0  ||B r|| = 2.80607e+18 ...
   Pass :  1   Iteration :   1  ||B r|| = 3.24069e+08
norm(r_0) 6.1019939e+17
norm(r_1) 4.9897372e+17
norm(r_2) 1.4615181e+21
norm(r_3) 0
norm(r_4) 0
Newton iteration  1 : ||r|| = 1.46152e+21, ||r||/||r_0|| = 3.11962e-06
Time stepping paused at t = 1e-12

Time stepping done after 1.1772772s.
