Options used:
   --mesh ../../mfem/data/inline-quad.mesh
   --bc-file /home/gz6/mfem-analysis/input-files/transport2d_bcs.inp
   --ic-file /home/gz6/mfem-analysis/input-files/transport2d_ics.inp
   --ec-file /home/gz6/mfem-analysis/input-files/transport2d_ecs.inp
   --es-file /home/gz6/mfem-analysis/input-files/transport2d_ess.inp
   --eqdsk-file 
   --logging 1
   --operator-test 8
   --equation-weights '1 1 1 1 1'
   --problem 0
   --refine-serial 2
   --refine-parallel 0
   --disable-amr
   --max-err -1
   --hysteresis 0.25
   --nc-limit 3
   --amr-weights '1 1 1 1 1'
   --order 4
   --dg-sigma -1
   --dg-kappa 500
   --linear-abs-tolerance 1e-06
   --linear-rel-tolerance 1e-06
   --linear-max-iterations 300
   --linear-logging-level 3
   --newton-abs-tolerance 1e-10
   --newton-rel-tolerance 1e-10
   --newton-max-iterations 1
   --newton-logging-level 1
   --steady-state-abs-tolerance 1e-08
   --steady-state-rel-tolerance 1e-08
   --prec-type 1
   --prec-logging-level 0
   --initial-tolerance 1e-05
   --ode-tolerance 0.001
   --ode-solver 2
   --err-per-step
   --ode-weights '1 1 1 1 1'
   --kP 0
   --kI 0.6
   --kD 0
   --dead-zone-min 0.95
   --dead-zone-max 1.05
   --theta-max 2
   --t-minimum 0
   --t-final 200
   --time-step 0.01
   --cfl-number 0.3
   --ion-charge 1
   --ion-mass 2.01410178
   --neutral-mass 2.01410178
   --neutral-temp 3
   --min-neutral-density 900000000000000
   --max-neutral-density 1000000000000000
   --neutral-density-exp 0
   --min-ion-density 1e+16
   --max-ion-density 1e+18
   --ion-density-exp 0
   --min-ion-temp 1
   --max-ion-temp 10
   --ion-temp-exp 0
   --min-electron-temp 10
   --max-electron-temp 440
   --electron-temp-exp 0
   --total-B-magnitude 5
   --poloidal-B-magnitude 0.5
   --velocity 1000
   --Di-perp 1
   --Xi-perp 1
   --Xe-perp 1
   --equation-term-flags '-1 -1 -1 -1 -1'
   --visualization-flags '-1 -1 -1 -1 -1'
   --visualization
   --visit-datafiles
   --ascii-datafiles
   --no-check-gradient
   --visualization-steps 4
Device configuration: cpu
Memory configuration: host-std
Number of elements in initial mesh: 16
Number of elements after serial refinement: 256
14: Number of elements in parallel mesh: 16
14: Number of elements after parallel refinement: 16
15: Number of elements in parallel mesh: 16
15: Number of elements after parallel refinement: 16
13: Number of elements in parallel mesh: 16
13: Number of elements after parallel refinement: 16
8: Number of elements in parallel mesh: 16
8: Number of elements after parallel refinement: 16
9: Number of elements in parallel mesh: 16
9: Number of elements after parallel refinement: 16
12: Number of elements in parallel mesh: 16
12: Number of elements after parallel refinement: 16
4: Number of elements in parallel mesh: 16
4: Number of elements after parallel refinement: 16
6: Number of elements in parallel mesh: 16
6: Number of elements after parallel refinement: 16
7: Number of elements in parallel mesh: 16
7: Number of elements after parallel refinement: 16
10: Number of elements in parallel mesh: 16
10: Number of elements after parallel refinement: 16
11: Number of elements in parallel mesh: 16
11: Number of elements after parallel refinement: 16
5: Number of elements in parallel mesh: 16
5: Number of elements after parallel refinement: 16
3: Number of elements in parallel mesh: 16
3: Number of elements after parallel refinement: 16
1: Number of elements in parallel mesh: 16
1: Number of elements after parallel refinement: 16
0: Number of elements in parallel mesh: 16
0: Number of elements after parallel refinement: 16
2: Number of elements in parallel mesh: 16
2: Number of elements after parallel refinement: 16
Configuring initial conditions
Reading initial conditions from /home/gz6/mfem-analysis/input-files/transport2d_ics.inp
Configuring exact solutions
Reading exact solutions from /home/gz6/mfem-analysis/input-files/transport2d_ess.inp
Number of unknowns per field: 6400
Total number of unknowns:     32000
Configuring boundary conditions
Reading boundary conditions from /home/gz6/mfem-analysis/input-files/transport2d_bcs.inp
Configuring equation coefficients
Reading equation coefficients from /home/gz6/mfem-analysis/input-files/transport2d_ecs.inp
Ion Static Pressure: Adding time derivative term proportional to d n_i / dt
Ion Static Pressure: Adding time derivative term proportional to d T_i / dt
Ion Static Pressure: Adding anisotropic diffusion term
Ion Static Pressure: Adding source term
Opening GLVis sockets.
Range of error estimates for initial condition: 2.794226506324517e-16 < elem err < 4.09928993068473e-16

Begin time stepping at t = 0
Setting time step: 0.0025 in DGTransportTDO
Setting time step: 0.0025 in CombinedOp
Setting time step: 0.0025 in IonStaticPressureOp
norm(r_0) 0
norm(r_1) 0
norm(r_2) 0
norm(r_3) 0.137877459630959
norm(r_4) 0
Newton iteration  0 : ||r|| = 0.137877
   Pass :  1   Iteration :   0  ||B r|| = 7.85924 ...
   Pass :  6   Iteration : 300  ||B r|| = 4.49023e-05
GMRES: No convergence!
norm(r_0) 0
norm(r_1) 0
norm(r_2) 0
norm(r_3) 33.96088603216666
norm(r_4) 0
Newton iteration  1 : ||r|| = 33.9609, ||r||/||r_0|| = 246.312
Setting time step: 0.0025 in DGTransportTDO
Setting time step: 0.0025 in CombinedOp
Setting time step: 0.0025 in IonStaticPressureOp
norm(r_0) 0
norm(r_1) 0
norm(r_2) 0
norm(r_3) 67.9216180134146
norm(r_4) 0
Newton iteration  0 : ||r|| = 67.9216
   Pass :  1   Iteration :   0  ||B r|| = 7.46888 ...
   Pass :  6   Iteration : 300  ||B r|| = 4.34992e-05
GMRES: No convergence!
norm(r_0) 0
norm(r_1) 0
norm(r_2) 0
norm(r_3) 35.27183721176815
norm(r_4) 0
Newton iteration  1 : ||r|| = 35.2718, ||r||/||r_0|| = 0.519302
Setting time step: 0.0025 in DGTransportTDO
Setting time step: 0.0025 in CombinedOp
Setting time step: 0.0025 in IonStaticPressureOp
norm(r_0) 0
norm(r_1) 0
norm(r_2) 0
norm(r_3) 52.3486049676771
norm(r_4) 0
Newton iteration  0 : ||r|| = 52.3486
   Pass :  1   Iteration :   0  ||B r|| = 3.73695 ...
   Pass :  6   Iteration : 300  ||B r|| = 4.46516e-05
GMRES: No convergence!
norm(r_0) 0
norm(r_1) 0
norm(r_2) 0
norm(r_3) 35.76098714946554
norm(r_4) 0
Newton iteration  1 : ||r|| = 35.761, ||r||/||r_0|| = 0.683132
Setting time step: 0.0025 in DGTransportTDO
Setting time step: 0.0025 in CombinedOp
Setting time step: 0.0025 in IonStaticPressureOp
norm(r_0) 0
norm(r_1) 0
norm(r_2) 0
norm(r_3) 42.85011133892198
norm(r_4) 0
Newton iteration  0 : ||r|| = 42.8501
   Pass :  1   Iteration :   0  ||B r|| = 1.57636 ...
   Pass :  6   Iteration : 300  ||B r|| = 4.62645e-05
GMRES: No convergence!
norm(r_0) 0
norm(r_1) 0
norm(r_2) 0
norm(r_3) 39.17149269898579
norm(r_4) 0
Newton iteration  1 : ||r|| = 39.1715, ||r||/||r_0|| = 0.914151
Setting time step: 0.0025 in DGTransportTDO
Setting time step: 0.0025 in CombinedOp
Setting time step: 0.0025 in IonStaticPressureOp
norm(r_0) 0
norm(r_1) 0
norm(r_2) 0
norm(r_3) 319.0381562054277
norm(r_4) 0
Newton iteration  0 : ||r|| = 319.038
   Pass :  1   Iteration :   0  ||B r|| = 16.7524 ...
   Pass :  6   Iteration : 300  ||B r|| = 4.30596e-05
GMRES: No convergence!
norm(r_0) 0
norm(r_1) 0
norm(r_2) 0
norm(r_3) 40.93290355020561
norm(r_4) 0
Newton iteration  1 : ||r|| = 40.9329, ||r||/||r_0|| = 0.128301
Setting time step: 0.002851193147471473 in DGTransportTDO
Setting time step: 0.002851193147471473 in CombinedOp
Setting time step: 0.002851193147471473 in IonStaticPressureOp
norm(r_0) 0
norm(r_1) 0
norm(r_2) 0
norm(r_3) 40.93289611569147
norm(r_4) 0
Newton iteration  0 : ||r|| = 40.9329
   Pass :  1   Iteration :   0  ||B r|| = 0.302135 ...
   Pass :  6   Iteration : 300  ||B r|| = 3.77574e-05
GMRES: No convergence!
norm(r_0) 0
norm(r_1) 0
norm(r_2) 0
norm(r_3) 42.21900791629098
norm(r_4) 0
Newton iteration  1 : ||r|| = 42.219, ||r||/||r_0|| = 1.03142
Setting time step: 0.002851193147471473 in DGTransportTDO
Setting time step: 0.002851193147471473 in CombinedOp
Setting time step: 0.002851193147471473 in IonStaticPressureOp
norm(r_0) 0
norm(r_1) 0
norm(r_2) 0
norm(r_3) 52.82842815001305
norm(r_4) 0
Newton iteration  0 : ||r|| = 52.8284
   Pass :  1   Iteration :   0  ||B r|| = 0.294378 ...
   Pass :  6   Iteration : 300  ||B r|| = 3.80448e-05
GMRES: No convergence!
norm(r_0) 0
norm(r_1) 0
norm(r_2) 0
norm(r_3) 44.43156330804723
norm(r_4) 0
Newton iteration  1 : ||r|| = 44.4316, ||r||/||r_0|| = 0.841054
Setting time step: 0.002851193147471473 in DGTransportTDO
Setting time step: 0.002851193147471473 in CombinedOp
Setting time step: 0.002851193147471473 in IonStaticPressureOp
norm(r_0) 0
norm(r_1) 0
norm(r_2) 0
norm(r_3) 46.62582627133468
norm(r_4) 0
Newton iteration  0 : ||r|| = 46.6258
   Pass :  1   Iteration :   0  ||B r|| = 0.148578 ...
   Pass :  6   Iteration : 300  ||B r|| = 3.76164e-05
GMRES: No convergence!
norm(r_0) 0
norm(r_1) 0
norm(r_2) 0
norm(r_3) 41.31135937232334
norm(r_4) 0
Newton iteration  1 : ||r|| = 41.3114, ||r||/||r_0|| = 0.886019
Setting time step: 0.002851193147471473 in DGTransportTDO
Setting time step: 0.002851193147471473 in CombinedOp
Setting time step: 0.002851193147471473 in IonStaticPressureOp
norm(r_0) 0
norm(r_1) 0
norm(r_2) 0
norm(r_3) 43.55666783717972
norm(r_4) 0
Newton iteration  0 : ||r|| = 43.5567
   Pass :  1   Iteration :   0  ||B r|| = 0.0644539 ...
   Pass :  6   Iteration : 300  ||B r|| = 3.78142e-05
GMRES: No convergence!
norm(r_0) 0
norm(r_1) 0
norm(r_2) 0
norm(r_3) 41.63332161577689
norm(r_4) 0
Newton iteration  1 : ||r|| = 41.6333, ||r||/||r_0|| = 0.955843
Setting time step: 0.002851193147471473 in DGTransportTDO
Setting time step: 0.002851193147471473 in CombinedOp
Setting time step: 0.002851193147471473 in IonStaticPressureOp
norm(r_0) 0
norm(r_1) 0
norm(r_2) 0
norm(r_3) 337.2393898845492
norm(r_4) 0
Newton iteration  0 : ||r|| = 337.239
   Pass :  1   Iteration :   0  ||B r|| = 0.576292 ...
   Pass :  6   Iteration : 300  ||B r|| = 4.21814e-05
GMRES: No convergence!
norm(r_0) 0
norm(r_1) 0
norm(r_2) 0
norm(r_3) 46.19149561675258
norm(r_4) 0
Newton iteration  1 : ||r|| = 46.1915, ||r||/||r_0|| = 0.136969
Setting time step: 0.005702386294942946 in DGTransportTDO
Setting time step: 0.005702386294942946 in CombinedOp
Setting time step: 0.005702386294942946 in IonStaticPressureOp
norm(r_0) 0
norm(r_1) 0
norm(r_2) 0
norm(r_3) 46.19149576584226
norm(r_4) 0
Newton iteration  0 : ||r|| = 46.1915
   Pass :  1   Iteration :   0  ||B r|| = 0.0145132 ...
   Pass :  6   Iteration : 300  ||B r|| = 2.11549e-05
GMRES: No convergence!
norm(r_0) 0
norm(r_1) 0
norm(r_2) 0
norm(r_3) 48.18340641434008
norm(r_4) 0
Newton iteration  1 : ||r|| = 48.1834, ||r||/||r_0|| = 1.04312
Setting time step: 0.005702386294942946 in DGTransportTDO
Setting time step: 0.005702386294942946 in CombinedOp
Setting time step: 0.005702386294942946 in IonStaticPressureOp
norm(r_0) 0
norm(r_1) 0
norm(r_2) 0
norm(r_3) 51.53146656051628
norm(r_4) 0
Newton iteration  0 : ||r|| = 51.5315
   Pass :  1   Iteration :   0  ||B r|| = 0.0151538 ...
   Pass :  6   Iteration : 300  ||B r|| = 2.11438e-05
GMRES: No convergence!
norm(r_0) 0
norm(r_1) 0
norm(r_2) 0
norm(r_3) 48.47848786582242
norm(r_4) 0
Newton iteration  1 : ||r|| = 48.4785, ||r||/||r_0|| = 0.940755
Setting time step: 0.005702386294942946 in DGTransportTDO
Setting time step: 0.005702386294942946 in CombinedOp
Setting time step: 0.005702386294942946 in IonStaticPressureOp
norm(r_0) 0
norm(r_1) 0
norm(r_2) 0
norm(r_3) 49.79530383162476
norm(r_4) 0
Newton iteration  0 : ||r|| = 49.7953
   Pass :  1   Iteration :   0  ||B r|| = 0.00815791 ...
   Pass :  6   Iteration : 300  ||B r|| = 2.11073e-05
GMRES: No convergence!
norm(r_0) 0
norm(r_1) 0
norm(r_2) 0
norm(r_3) 48.19467357142804
norm(r_4) 0
Newton iteration  1 : ||r|| = 48.1947, ||r||/||r_0|| = 0.967856
Setting time step: 0.005702386294942946 in DGTransportTDO
Setting time step: 0.005702386294942946 in CombinedOp
Setting time step: 0.005702386294942946 in IonStaticPressureOp
norm(r_0) 0
norm(r_1) 0
norm(r_2) 0
norm(r_3) 48.82984410517827
norm(r_4) 0
Newton iteration  0 : ||r|| = 48.8298
   Pass :  1   Iteration :   0  ||B r|| = 0.00390376 ...
   Pass :  6   Iteration : 300  ||B r|| = 2.11418e-05
GMRES: No convergence!
norm(r_0) 0
norm(r_1) 0
norm(r_2) 0
norm(r_3) 48.50719107776683
norm(r_4) 0
Newton iteration  1 : ||r|| = 48.5072, ||r||/||r_0|| = 0.993392
Setting time step: 0.005702386294942946 in DGTransportTDO
Setting time step: 0.005702386294942946 in CombinedOp
Setting time step: 0.005702386294942946 in IonStaticPressureOp
norm(r_0) 0
norm(r_1) 0
norm(r_2) 0
norm(r_3) 192.6560539866605
norm(r_4) 0
Newton iteration  0 : ||r|| = 192.656
   Pass :  1   Iteration :   0  ||B r|| = 0.0337415 ...
   Pass :  6   Iteration : 300  ||B r|| = 2.11368e-05
GMRES: No convergence!
norm(r_0) 0
norm(r_1) 0
norm(r_2) 0
norm(r_3) 40.33783419267703
norm(r_4) 0
Newton iteration  1 : ||r|| = 40.3378, ||r||/||r_0|| = 0.209377
Setting time step: 0.01140477258988589 in DGTransportTDO
Setting time step: 0.01140477258988589 in CombinedOp
Setting time step: 0.01140477258988589 in IonStaticPressureOp
norm(r_0) 0
norm(r_1) 0
norm(r_2) 0
norm(r_3) 40.33783414132427
norm(r_4) 0
Newton iteration  0 : ||r|| = 40.3378
   Pass :  1   Iteration :   0  ||B r|| = 0.000195187 ...
   Pass :  6   Iteration : 300  ||B r|| = 1.03886e-05
GMRES: No convergence!
norm(r_0) 0
norm(r_1) 0
norm(r_2) 0
norm(r_3) 41.67357011387352
norm(r_4) 0
Newton iteration  1 : ||r|| = 41.6736, ||r||/||r_0|| = 1.03311
Setting time step: 0.01140477258988589 in DGTransportTDO
Setting time step: 0.01140477258988589 in CombinedOp
Setting time step: 0.01140477258988589 in IonStaticPressureOp
norm(r_0) 0
norm(r_1) 0
norm(r_2) 0
norm(r_3) 52.70652464855475
norm(r_4) 0
Newton iteration  0 : ||r|| = 52.7065
   Pass :  1   Iteration :   0  ||B r|| = 0.000321101 ...
   Pass :  6   Iteration : 300  ||B r|| = 1.04171e-05
GMRES: No convergence!
norm(r_0) 0
norm(r_1) 0
norm(r_2) 0
norm(r_3) 42.95699200047701
norm(r_4) 0
Newton iteration  1 : ||r|| = 42.957, ||r||/||r_0|| = 0.815022
Setting time step: 0.01140477258988589 in DGTransportTDO
Setting time step: 0.01140477258988589 in CombinedOp
Setting time step: 0.01140477258988589 in IonStaticPressureOp
norm(r_0) 0
norm(r_1) 0
norm(r_2) 0
norm(r_3) 46.45843526617519
norm(r_4) 0
Newton iteration  0 : ||r|| = 46.4584
   Pass :  1   Iteration :   0  ||B r|| = 0.000205845 ...
   Pass :  6   Iteration : 300  ||B r|| = 1.03553e-05
GMRES: No convergence!
norm(r_0) 0
norm(r_1) 0
norm(r_2) 0
norm(r_3) 42.31865244084774
norm(r_4) 0
Newton iteration  1 : ||r|| = 42.3187, ||r||/||r_0|| = 0.910893
Setting time step: 0.01140477258988589 in DGTransportTDO
Setting time step: 0.01140477258988589 in CombinedOp
Setting time step: 0.01140477258988589 in IonStaticPressureOp
norm(r_0) 0
norm(r_1) 0
norm(r_2) 0
norm(r_3) 43.56479757929836
norm(r_4) 0
Newton iteration  0 : ||r|| = 43.5648
   Pass :  1   Iteration :   0  ||B r|| = 0.000135712 ...
   Pass :  6   Iteration : 300  ||B r|| = 1.03103e-05
GMRES: No convergence!
norm(r_0) 0
norm(r_1) 0
norm(r_2) 0
norm(r_3) 42.97883331468112
norm(r_4) 0
Newton iteration  1 : ||r|| = 42.9788, ||r||/||r_0|| = 0.98655
Setting time step: 0.01140477258988589 in DGTransportTDO
Setting time step: 0.01140477258988589 in CombinedOp
Setting time step: 0.01140477258988589 in IonStaticPressureOp
norm(r_0) 0
norm(r_1) 0
norm(r_2) 0
norm(r_3) 280.2662283718782
norm(r_4) 0
Newton iteration  0 : ||r|| = 280.266
   Pass :  1   Iteration :   0  ||B r|| = 0.000835293 ...
   Pass :  6   Iteration : 300  ||B r|| = 1.10878e-05
GMRES: No convergence!
norm(r_0) 0
norm(r_1) 0
norm(r_2) 0
norm(r_3) 37.08509836847886
norm(r_4) 0
Newton iteration  1 : ||r|| = 37.0851, ||r||/||r_0|| = 0.132321
Time stepping paused at t = 0.08983340812920124

Estimating errors.
Setting time step: 0.02280954517977178 in DGTransportTDO
Setting time step: 0.02280954517977178 in CombinedOp
Setting time step: 0.02280954517977178 in IonStaticPressureOp
norm(r_0) 0
norm(r_1) 0
norm(r_2) 0
norm(r_3) 37.08509855165381
norm(r_4) 0
Newton iteration  0 : ||r|| = 37.0851
   Pass :  1   Iteration :   0  ||B r|| = 0.00292078 ...
   Pass :  6   Iteration : 300  ||B r|| = 5.4929e-06
GMRES: No convergence!
norm(r_0) 0
norm(r_1) 0
norm(r_2) 0
norm(r_3) 38.21001115764943
norm(r_4) 0
Newton iteration  1 : ||r|| = 38.21, ||r||/||r_0|| = 1.03033
Setting time step: 0.02280954517977178 in DGTransportTDO
Setting time step: 0.02280954517977178 in CombinedOp
Setting time step: 0.02280954517977178 in IonStaticPressureOp
norm(r_0) 0
norm(r_1) 0
norm(r_2) 0
norm(r_3) 42.14187944880234
norm(r_4) 0
Newton iteration  0 : ||r|| = 42.1419
   Pass :  1   Iteration :   0  ||B r|| = 0.00282618 ...
   Pass :  6   Iteration : 300  ||B r|| = 5.50041e-06
GMRES: No convergence!
norm(r_0) 0
norm(r_1) 0
norm(r_2) 0
norm(r_3) 38.88787132574443
norm(r_4) 0
Newton iteration  1 : ||r|| = 38.8879, ||r||/||r_0|| = 0.922784
Setting time step: 0.02280954517977178 in DGTransportTDO
Setting time step: 0.02280954517977178 in CombinedOp
Setting time step: 0.02280954517977178 in IonStaticPressureOp
norm(r_0) 0
norm(r_1) 0
norm(r_2) 0
norm(r_3) 40.06247431009468
norm(r_4) 0
Newton iteration  0 : ||r|| = 40.0625
   Pass :  1   Iteration :   0  ||B r|| = 0.00144385 ...
   Pass :  6   Iteration : 300  ||B r|| = 5.48906e-06
GMRES: No convergence!
norm(r_0) 0
norm(r_1) 0
norm(r_2) 0
norm(r_3) 38.86333631913082
norm(r_4) 0
Newton iteration  1 : ||r|| = 38.8633, ||r||/||r_0|| = 0.970068
Setting time step: 0.02280954517977178 in DGTransportTDO
Setting time step: 0.02280954517977178 in CombinedOp
Setting time step: 0.02280954517977178 in IonStaticPressureOp
norm(r_0) 0
norm(r_1) 0
norm(r_2) 0
norm(r_3) 39.01914082654099
norm(r_4) 0
Newton iteration  0 : ||r|| = 39.0191
   Pass :  1   Iteration :   0  ||B r|| = 0.000620765 ...
   Pass :  6   Iteration : 300  ||B r|| = 5.48504e-06
GMRES: No convergence!
norm(r_0) 0
norm(r_1) 0
norm(r_2) 0
norm(r_3) 39.11315386783387
norm(r_4) 0
Newton iteration  1 : ||r|| = 39.1132, ||r||/||r_0|| = 1.00241
Setting time step: 0.02280954517977178 in DGTransportTDO
Setting time step: 0.02280954517977178 in CombinedOp
Setting time step: 0.02280954517977178 in IonStaticPressureOp
norm(r_0) 0
norm(r_1) 0
norm(r_2) 0
norm(r_3) 209.0375694305784
norm(r_4) 0
Newton iteration  0 : ||r|| = 209.038
   Pass :  1   Iteration :   0  ||B r|| = 0.00532298 ...
   Pass :  6   Iteration : 300  ||B r|| = 5.80634e-06
GMRES: No convergence!
norm(r_0) 0
norm(r_1) 0
norm(r_2) 0
norm(r_3) 33.43138063534022
norm(r_4) 0
Newton iteration  1 : ||r|| = 33.4314, ||r||/||r_0|| = 0.15993
Setting time step: 0.04561909035954357 in DGTransportTDO
Setting time step: 0.04561909035954357 in CombinedOp
Setting time step: 0.04561909035954357 in IonStaticPressureOp
norm(r_0) 0
norm(r_1) 0
norm(r_2) 0
norm(r_3) 33.43138070031509
norm(r_4) 0
Newton iteration  0 : ||r|| = 33.4314
   Pass :  1   Iteration :   0  ||B r|| = 0.000775895 ...
   Pass :  6   Iteration : 300  ||B r|| = 2.77841e-06
GMRES: No convergence!
norm(r_0) 0
norm(r_1) 0
norm(r_2) 0
norm(r_3) 34.23512122909293
norm(r_4) 0
Newton iteration  1 : ||r|| = 34.2351, ||r||/||r_0|| = 1.02404
Setting time step: 0.04561909035954357 in DGTransportTDO
Setting time step: 0.04561909035954357 in CombinedOp
Setting time step: 0.04561909035954357 in IonStaticPressureOp
norm(r_0) 0
norm(r_1) 0
norm(r_2) 0
norm(r_3) 44.78445430565406
norm(r_4) 0
Newton iteration  0 : ||r|| = 44.7845
   Pass :  1   Iteration :   0  ||B r|| = 0.00111314 ...
   Pass :  6   Iteration : 300  ||B r|| = 2.64232e-06
GMRES: No convergence!
norm(r_0) 0
norm(r_1) 0
norm(r_2) 0
norm(r_3) 35.98033040410826
norm(r_4) 0
Newton iteration  1 : ||r|| = 35.9803, ||r||/||r_0|| = 0.803411
Setting time step: 0.04561909035954357 in DGTransportTDO
Setting time step: 0.04561909035954357 in CombinedOp
Setting time step: 0.04561909035954357 in IonStaticPressureOp
norm(r_0) 0
norm(r_1) 0
norm(r_2) 0
norm(r_3) 39.35785899176871
norm(r_4) 0
Newton iteration  0 : ||r|| = 39.3579
   Pass :  1   Iteration :   0  ||B r|| = 0.000672755 ...
   Pass :  6   Iteration : 300  ||B r|| = 2.61151e-06
GMRES: No convergence!
norm(r_0) 0
norm(r_1) 0
norm(r_2) 0
norm(r_3) 34.11249617662995
norm(r_4) 0
Newton iteration  1 : ||r|| = 34.1125, ||r||/||r_0|| = 0.866726
Setting time step: 0.04561909035954357 in DGTransportTDO
Setting time step: 0.04561909035954357 in CombinedOp
Setting time step: 0.04561909035954357 in IonStaticPressureOp
norm(r_0) 0
norm(r_1) 0
norm(r_2) 0
norm(r_3) 36.39635186805537
norm(r_4) 0
Newton iteration  0 : ||r|| = 36.3964
   Pass :  1   Iteration :   0  ||B r|| = 0.000405809 ...
   Pass :  6   Iteration : 300  ||B r|| = 2.62795e-06
GMRES: No convergence!
norm(r_0) 0
norm(r_1) 0
norm(r_2) 0
norm(r_3) 37.29947037594813
norm(r_4) 0
Newton iteration  1 : ||r|| = 37.2995, ||r||/||r_0|| = 1.02481
Setting time step: 0.04561909035954357 in DGTransportTDO
Setting time step: 0.04561909035954357 in CombinedOp
Setting time step: 0.04561909035954357 in IonStaticPressureOp
norm(r_0) 0
norm(r_1) 0
norm(r_2) 0
norm(r_3) 530.524760115755
norm(r_4) 0
Newton iteration  0 : ||r|| = 530.525
   Pass :  1   Iteration :   0  ||B r|| = 0.00191178 ...
   Pass :  6   Iteration : 300  ||B r|| = 3.00928e-06
GMRES: No convergence!
norm(r_0) 0
norm(r_1) 0
norm(r_2) 0
norm(r_3) 50.27648931628948
norm(r_4) 0
Newton iteration  1 : ||r|| = 50.2765, ||r||/||r_0|| = 0.0947675
Setting time step: 0.09123818071908714 in DGTransportTDO
Setting time step: 0.09123818071908714 in CombinedOp
Setting time step: 0.09123818071908714 in IonStaticPressureOp
norm(r_0) 0
norm(r_1) 0
norm(r_2) 0
norm(r_3) 50.27648930780402
norm(r_4) 0
Newton iteration  0 : ||r|| = 50.2765
   Pass :  1   Iteration :   0  ||B r|| = 1.57276e-05 ...
   Pass :  6   Iteration : 300  ||B r|| = 1.50112e-06
GMRES: No convergence!
norm(r_0) 0
norm(r_1) 0
norm(r_2) 0
norm(r_3) 49.18165536307706
norm(r_4) 0
Newton iteration  1 : ||r|| = 49.1817, ||r||/||r_0|| = 0.978224
Setting time step: 0.09123818071908714 in DGTransportTDO
Setting time step: 0.09123818071908714 in CombinedOp
Setting time step: 0.09123818071908714 in IonStaticPressureOp
norm(r_0) 0
norm(r_1) 0
norm(r_2) 0
norm(r_3) 49.30079120247957
norm(r_4) 0
Newton iteration  0 : ||r|| = 49.3008
   Pass :  1   Iteration :   0  ||B r|| = 1.21308e-05 ...
   Pass :  6   Iteration : 300  ||B r|| = 1.47787e-06
GMRES: No convergence!
norm(r_0) 0
norm(r_1) 0
norm(r_2) 0
norm(r_3) 54.50076041849656
norm(r_4) 0
Newton iteration  1 : ||r|| = 54.5008, ||r||/||r_0|| = 1.10547
Setting time step: 0.09123818071908714 in DGTransportTDO
Setting time step: 0.09123818071908714 in CombinedOp
Setting time step: 0.09123818071908714 in IonStaticPressureOp
norm(r_0) 0
norm(r_1) 0
norm(r_2) 0
norm(r_3) 48.64907701809843
norm(r_4) 0
Newton iteration  0 : ||r|| = 48.6491
   Pass :  1   Iteration :   0  ||B r|| = 4.98297e-06 ...
   Pass :  6   Iteration : 300  ||B r|| = 1.49375e-06
GMRES: No convergence!
norm(r_0) 0
norm(r_1) 0
norm(r_2) 0
norm(r_3) 50.89752303024822
norm(r_4) 0
Newton iteration  1 : ||r|| = 50.8975, ||r||/||r_0|| = 1.04622
Setting time step: 0.09123818071908714 in DGTransportTDO
Setting time step: 0.09123818071908714 in CombinedOp
Setting time step: 0.09123818071908714 in IonStaticPressureOp
norm(r_0) 0
norm(r_1) 0
norm(r_2) 0
norm(r_3) 48.72141777345603
norm(r_4) 0
Newton iteration  0 : ||r|| = 48.7214
   Pass :  1   Iteration :   0  ||B r|| = 2.05492e-06 ...
   Pass :  6   Iteration : 300  ||B r|| = 1.48943e-06
GMRES: No convergence!
norm(r_0) 0
norm(r_1) 0
norm(r_2) 0
norm(r_3) 50.55078849897566
norm(r_4) 0
Newton iteration  1 : ||r|| = 50.5508, ||r||/||r_0|| = 1.03755
Setting time step: 0.09123818071908714 in DGTransportTDO
Setting time step: 0.09123818071908714 in CombinedOp
Setting time step: 0.09123818071908714 in IonStaticPressureOp
norm(r_0) 0
norm(r_1) 0
norm(r_2) 0
norm(r_3) 302.8708435568153
norm(r_4) 0
Newton iteration  0 : ||r|| = 302.871
   Pass :  1   Iteration :   0  ||B r|| = 3.6132e-05 ...
   Pass :  6   Iteration : 300  ||B r|| = 1.49774e-06
GMRES: No convergence!
norm(r_0) 0
norm(r_1) 0
norm(r_2) 0
norm(r_3) 43.22320757520265
norm(r_4) 0
Newton iteration  1 : ||r|| = 43.2232, ||r||/||r_0|| = 0.142712
Setting time step: 0.1824763614381743 in DGTransportTDO
Setting time step: 0.1824763614381743 in CombinedOp
Setting time step: 0.1824763614381743 in IonStaticPressureOp
norm(r_0) 0
norm(r_1) 0
norm(r_2) 0
norm(r_3) 43.22320757416974
norm(r_4) 0
Newton iteration  0 : ||r|| = 43.2232
   Pass :  1   Iteration :   0  ||B r|| = 1.93348e-06 ...
   Pass :  1   Iteration :   1  ||B r|| = 8.29606e-07
norm(r_0) 0
norm(r_1) 0
norm(r_2) 0
norm(r_3) 21.41828772973448
norm(r_4) 0
Newton iteration  1 : ||r|| = 21.4183, ||r||/||r_0|| = 0.495527
Setting time step: 0.1824763614381743 in DGTransportTDO
Setting time step: 0.1824763614381743 in CombinedOp
Setting time step: 0.1824763614381743 in IonStaticPressureOp
norm(r_0) 0
norm(r_1) 0
norm(r_2) 0
norm(r_3) 21.8598224017032
norm(r_4) 0
Newton iteration  0 : ||r|| = 21.8598
   Pass :  1   Iteration :   0  ||B r|| = 1.9328e-06 ...
   Pass :  1   Iteration :   1  ||B r|| = 9.60518e-07
norm(r_0) 0
norm(r_1) 0
norm(r_2) 0
norm(r_3) 61.62541076713973
norm(r_4) 0
Newton iteration  1 : ||r|| = 61.6254, ||r||/||r_0|| = 2.81912
Setting time step: 0.1824763614381743 in DGTransportTDO
Setting time step: 0.1824763614381743 in CombinedOp
Setting time step: 0.1824763614381743 in IonStaticPressureOp
norm(r_0) 0
norm(r_1) 0
norm(r_2) 0
norm(r_3) 23.18349383767934
norm(r_4) 0
Newton iteration  0 : ||r|| = 23.1835
   Pass :  1   Iteration :   0  ||B r|| = 1.22479e-06 ...
   Pass :  1   Iteration :   2  ||B r|| = 8.8957e-07
norm(r_0) 0
norm(r_1) 0
norm(r_2) 0
norm(r_3) 38.04360614259967
norm(r_4) 0
Newton iteration  1 : ||r|| = 38.0436, ||r||/||r_0|| = 1.64098
Setting time step: 0.1824763614381743 in DGTransportTDO
Setting time step: 0.1824763614381743 in CombinedOp
Setting time step: 0.1824763614381743 in IonStaticPressureOp
norm(r_0) 0
norm(r_1) 0
norm(r_2) 0
norm(r_3) 23.80081418826421
norm(r_4) 0
Newton iteration  0 : ||r|| = 23.8008
   Pass :  1   Iteration :   0  ||B r|| = 9.40689e-07
norm(r_0) 0
norm(r_1) 0
norm(r_2) 0
norm(r_3) 23.80081418826421
norm(r_4) 0
Newton iteration  1 : ||r|| = 23.8008, ||r||/||r_0|| = 1
Setting time step: 0.1824763614381743 in DGTransportTDO
Setting time step: 0.1824763614381743 in CombinedOp
Setting time step: 0.1824763614381743 in IonStaticPressureOp
norm(r_0) 0
norm(r_1) 0
norm(r_2) 0
norm(r_3) 855.3772965413267
norm(r_4) 0
Newton iteration  0 : ||r|| = 855.377
   Pass :  1   Iteration :   0  ||B r|| = 1.74139e-05 ...
   Pass :  1   Iteration :  12  ||B r|| = 9.8868e-07
norm(r_0) 0
norm(r_1) 0
norm(r_2) 0
norm(r_3) 41.34460613412111
norm(r_4) 0
Newton iteration  1 : ||r|| = 41.3446, ||r||/||r_0|| = 0.0483349
Time stepping paused at t = 1.458406118915508

Estimating errors.
Setting time step: 0.3649527228763486 in DGTransportTDO
Setting time step: 0.3649527228763486 in CombinedOp
Setting time step: 0.3649527228763486 in IonStaticPressureOp
norm(r_0) 0
norm(r_1) 0
norm(r_2) 0
norm(r_3) 41.34460613563578
norm(r_4) 0
Newton iteration  0 : ||r|| = 41.3446
   Pass :  1   Iteration :   0  ||B r|| = 4.98687e-07
norm(r_0) 0
norm(r_1) 0
norm(r_2) 0
norm(r_3) 41.34460613563578
norm(r_4) 0
Newton iteration  1 : ||r|| = 41.3446, ||r||/||r_0|| = 1
Setting time step: 0.3649527228763486 in DGTransportTDO
Setting time step: 0.3649527228763486 in CombinedOp
Setting time step: 0.3649527228763486 in IonStaticPressureOp
norm(r_0) 0
norm(r_1) 0
norm(r_2) 0
norm(r_3) 41.34460613563578
norm(r_4) 0
Newton iteration  0 : ||r|| = 41.3446
   Pass :  1   Iteration :   0  ||B r|| = 4.98687e-07
norm(r_0) 0
norm(r_1) 0
norm(r_2) 0
norm(r_3) 41.34460613563578
norm(r_4) 0
Newton iteration  1 : ||r|| = 41.3446, ||r||/||r_0|| = 1
Setting time step: 0.3649527228763486 in DGTransportTDO
Setting time step: 0.3649527228763486 in CombinedOp
Setting time step: 0.3649527228763486 in IonStaticPressureOp
norm(r_0) 0
norm(r_1) 0
norm(r_2) 0
norm(r_3) 41.34460613563578
norm(r_4) 0
Newton iteration  0 : ||r|| = 41.3446
   Pass :  1   Iteration :   0  ||B r|| = 4.98687e-07
norm(r_0) 0
norm(r_1) 0
norm(r_2) 0
norm(r_3) 41.34460613563578
norm(r_4) 0
Newton iteration  1 : ||r|| = 41.3446, ||r||/||r_0|| = 1
Setting time step: 0.3649527228763486 in DGTransportTDO
Setting time step: 0.3649527228763486 in CombinedOp
Setting time step: 0.3649527228763486 in IonStaticPressureOp
norm(r_0) 0
norm(r_1) 0
norm(r_2) 0
norm(r_3) 41.34460613563578
norm(r_4) 0
Newton iteration  0 : ||r|| = 41.3446
   Pass :  1   Iteration :   0  ||B r|| = 4.98687e-07
norm(r_0) 0
norm(r_1) 0
norm(r_2) 0
norm(r_3) 41.34460613563578
norm(r_4) 0
Newton iteration  1 : ||r|| = 41.3446, ||r||/||r_0|| = 1
Setting time step: 0.3649527228763486 in DGTransportTDO
Setting time step: 0.3649527228763486 in CombinedOp
Setting time step: 0.3649527228763486 in IonStaticPressureOp
norm(r_0) 0
norm(r_1) 0
norm(r_2) 0
norm(r_3) 41.34460613563578
norm(r_4) 0
Newton iteration  0 : ||r|| = 41.3446
   Pass :  1   Iteration :   0  ||B r|| = 4.98687e-07
norm(r_0) 0
norm(r_1) 0
norm(r_2) 0
norm(r_3) 41.34460613563578
norm(r_4) 0
Newton iteration  1 : ||r|| = 41.3446, ||r||/||r_0|| = 1
Setting time step: 0.3649527228763486 in DGTransportTDO
Setting time step: 0.3649527228763486 in CombinedOp
Setting time step: 0.3649527228763486 in IonStaticPressureOp
norm(r_0) 0
norm(r_1) 0
norm(r_2) 0
norm(r_3) 41.34460613563578
norm(r_4) 0
Newton iteration  0 : ||r|| = 41.3446
   Pass :  1   Iteration :   0  ||B r|| = 4.98687e-07
norm(r_0) 0
norm(r_1) 0
norm(r_2) 0
norm(r_3) 41.34460613563578
norm(r_4) 0
Newton iteration  1 : ||r|| = 41.3446, ||r||/||r_0|| = 1
Setting time step: 0.3649527228763486 in DGTransportTDO
Setting time step: 0.3649527228763486 in CombinedOp
Setting time step: 0.3649527228763486 in IonStaticPressureOp
norm(r_0) 0
norm(r_1) 0
norm(r_2) 0
norm(r_3) 41.34460613563578
norm(r_4) 0
Newton iteration  0 : ||r|| = 41.3446
   Pass :  1   Iteration :   0  ||B r|| = 4.98687e-07
norm(r_0) 0
norm(r_1) 0
norm(r_2) 0
norm(r_3) 41.34460613563578
norm(r_4) 0
Newton iteration  1 : ||r|| = 41.3446, ||r||/||r_0|| = 1
Setting time step: 0.3649527228763486 in DGTransportTDO
Setting time step: 0.3649527228763486 in CombinedOp
Setting time step: 0.3649527228763486 in IonStaticPressureOp
norm(r_0) 0
norm(r_1) 0
norm(r_2) 0
norm(r_3) 41.34460613563578
norm(r_4) 0
Newton iteration  0 : ||r|| = 41.3446
   Pass :  1   Iteration :   0  ||B r|| = 4.98687e-07
norm(r_0) 0
norm(r_1) 0
norm(r_2) 0
norm(r_3) 41.34460613563578
norm(r_4) 0
Newton iteration  1 : ||r|| = 41.3446, ||r||/||r_0|| = 1
Setting time step: 0.3649527228763486 in DGTransportTDO
Setting time step: 0.3649527228763486 in CombinedOp
Setting time step: 0.3649527228763486 in IonStaticPressureOp
norm(r_0) 0
norm(r_1) 0
norm(r_2) 0
norm(r_3) 41.34460613563578
norm(r_4) 0
Newton iteration  0 : ||r|| = 41.3446
   Pass :  1   Iteration :   0  ||B r|| = 4.98687e-07
norm(r_0) 0
norm(r_1) 0
norm(r_2) 0
norm(r_3) 41.34460613563578
norm(r_4) 0
Newton iteration  1 : ||r|| = 41.3446, ||r||/||r_0|| = 1
Setting time step: 0.3649527228763486 in DGTransportTDO
Setting time step: 0.3649527228763486 in CombinedOp
Setting time step: 0.3649527228763486 in IonStaticPressureOp
norm(r_0) 0
norm(r_1) 0
norm(r_2) 0
norm(r_3) 41.34460613563578
norm(r_4) 0
Newton iteration  0 : ||r|| = 41.3446
   Pass :  1   Iteration :   0  ||B r|| = 4.98687e-07
norm(r_0) 0
norm(r_1) 0
norm(r_2) 0
norm(r_3) 41.34460613563578
norm(r_4) 0
Newton iteration  1 : ||r|| = 41.3446, ||r||/||r_0|| = 1
Setting time step: 0.3649527228763486 in DGTransportTDO
Setting time step: 0.3649527228763486 in CombinedOp
Setting time step: 0.3649527228763486 in IonStaticPressureOp
norm(r_0) 0
norm(r_1) 0
norm(r_2) 0
norm(r_3) 41.34460613563578
norm(r_4) 0
Newton iteration  0 : ||r|| = 41.3446
   Pass :  1   Iteration :   0  ||B r|| = 4.98687e-07
norm(r_0) 0
norm(r_1) 0
norm(r_2) 0
norm(r_3) 41.34460613563578
norm(r_4) 0
Newton iteration  1 : ||r|| = 41.3446, ||r||/||r_0|| = 1
Setting time step: 0.3649527228763486 in DGTransportTDO
Setting time step: 0.3649527228763486 in CombinedOp
Setting time step: 0.3649527228763486 in IonStaticPressureOp
norm(r_0) 0
norm(r_1) 0
norm(r_2) 0
norm(r_3) 41.34460613563578
norm(r_4) 0
Newton iteration  0 : ||r|| = 41.3446
   Pass :  1   Iteration :   0  ||B r|| = 4.98687e-07
norm(r_0) 0
norm(r_1) 0
norm(r_2) 0
norm(r_3) 41.34460613563578
norm(r_4) 0
Newton iteration  1 : ||r|| = 41.3446, ||r||/||r_0|| = 1
Setting time step: 0.3649527228763486 in DGTransportTDO
Setting time step: 0.3649527228763486 in CombinedOp
Setting time step: 0.3649527228763486 in IonStaticPressureOp
norm(r_0) 0
norm(r_1) 0
norm(r_2) 0
norm(r_3) 41.34460613563578
norm(r_4) 0
Newton iteration  0 : ||r|| = 41.3446
   Pass :  1   Iteration :   0  ||B r|| = 4.98687e-07
norm(r_0) 0
norm(r_1) 0
norm(r_2) 0
norm(r_3) 41.34460613563578
norm(r_4) 0
Newton iteration  1 : ||r|| = 41.3446, ||r||/||r_0|| = 1
Setting time step: 0.3649527228763486 in DGTransportTDO
Setting time step: 0.3649527228763486 in CombinedOp
Setting time step: 0.3649527228763486 in IonStaticPressureOp
norm(r_0) 0
norm(r_1) 0
norm(r_2) 0
norm(r_3) 41.34460613563578
norm(r_4) 0
Newton iteration  0 : ||r|| = 41.3446
   Pass :  1   Iteration :   0  ||B r|| = 4.98687e-07
norm(r_0) 0
norm(r_1) 0
norm(r_2) 0
norm(r_3) 41.34460613563578
norm(r_4) 0
Newton iteration  1 : ||r|| = 41.3446, ||r||/||r_0|| = 1
Setting time step: 0.3649527228763486 in DGTransportTDO
Setting time step: 0.3649527228763486 in CombinedOp
Setting time step: 0.3649527228763486 in IonStaticPressureOp
norm(r_0) 0
norm(r_1) 0
norm(r_2) 0
norm(r_3) 41.34460613563578
norm(r_4) 0
Newton iteration  0 : ||r|| = 41.3446
   Pass :  1   Iteration :   0  ||B r|| = 4.98687e-07
norm(r_0) 0
norm(r_1) 0
norm(r_2) 0
norm(r_3) 41.34460613563578
norm(r_4) 0
Newton iteration  1 : ||r|| = 41.3446, ||r||/||r_0|| = 1
Setting time step: 0.3649527228763486 in DGTransportTDO
Setting time step: 0.3649527228763486 in CombinedOp
Setting time step: 0.3649527228763486 in IonStaticPressureOp
norm(r_0) 0
norm(r_1) 0
norm(r_2) 0
norm(r_3) 41.34460613563578
norm(r_4) 0
Newton iteration  0 : ||r|| = 41.3446
   Pass :  1   Iteration :   0  ||B r|| = 4.98687e-07
norm(r_0) 0
norm(r_1) 0
norm(r_2) 0
norm(r_3) 41.34460613563578
norm(r_4) 0
Newton iteration  1 : ||r|| = 41.3446, ||r||/||r_0|| = 1
Setting time step: 0.3649527228763486 in DGTransportTDO
Setting time step: 0.3649527228763486 in CombinedOp
Setting time step: 0.3649527228763486 in IonStaticPressureOp
norm(r_0) 0
norm(r_1) 0
norm(r_2) 0
norm(r_3) 41.34460613563578
norm(r_4) 0
Newton iteration  0 : ||r|| = 41.3446
   Pass :  1   Iteration :   0  ||B r|| = 4.98687e-07
norm(r_0) 0
norm(r_1) 0
norm(r_2) 0
norm(r_3) 41.34460613563578
norm(r_4) 0
Newton iteration  1 : ||r|| = 41.3446, ||r||/||r_0|| = 1
Setting time step: 0.3649527228763486 in DGTransportTDO
Setting time step: 0.3649527228763486 in CombinedOp
Setting time step: 0.3649527228763486 in IonStaticPressureOp
norm(r_0) 0
norm(r_1) 0
norm(r_2) 0
norm(r_3) 41.34460613563578
norm(r_4) 0
Newton iteration  0 : ||r|| = 41.3446
   Pass :  1   Iteration :   0  ||B r|| = 4.98687e-07
norm(r_0) 0
norm(r_1) 0
norm(r_2) 0
norm(r_3) 41.34460613563578
norm(r_4) 0
Newton iteration  1 : ||r|| = 41.3446, ||r||/||r_0|| = 1
Setting time step: 0.3649527228763486 in DGTransportTDO
Setting time step: 0.3649527228763486 in CombinedOp
Setting time step: 0.3649527228763486 in IonStaticPressureOp
norm(r_0) 0
norm(r_1) 0
norm(r_2) 0
norm(r_3) 41.34460613563578
norm(r_4) 0
Newton iteration  0 : ||r|| = 41.3446
   Pass :  1   Iteration :   0  ||B r|| = 4.98687e-07
norm(r_0) 0
norm(r_1) 0
norm(r_2) 0
norm(r_3) 41.34460613563578
norm(r_4) 0
Newton iteration  1 : ||r|| = 41.3446, ||r||/||r_0|| = 1
Setting time step: 0.3649527228763486 in DGTransportTDO
Setting time step: 0.3649527228763486 in CombinedOp
Setting time step: 0.3649527228763486 in IonStaticPressureOp
norm(r_0) 0
norm(r_1) 0
norm(r_2) 0
norm(r_3) 41.34460613563578
norm(r_4) 0
Newton iteration  0 : ||r|| = 41.3446
   Pass :  1   Iteration :   0  ||B r|| = 4.98687e-07
norm(r_0) 0
norm(r_1) 0
norm(r_2) 0
norm(r_3) 41.34460613563578
norm(r_4) 0
Newton iteration  1 : ||r|| = 41.3446, ||r||/||r_0|| = 1
Time stepping paused at t = 7.297649684937085
Steady State solution has been reached

Time stepping done after 9.833487814s.
