Options used:
   --mesh ../../mfem/data/inline-quad.mesh
   --bc-file /home/gz6/mfem-analysis/input-files/transport2d_bcs.inp
   --ic-file /home/gz6/mfem-analysis/input-files/transport2d_ics.inp
   --ec-file /home/gz6/mfem-analysis/input-files/transport2d_ecs.inp
   --es-file /home/gz6/mfem-analysis/input-files/transport2d_ess.inp
   --eqdsk-file 
   --logging 1
   --operator-test 8
   --equation-weights '1 1 1 1 1'
   --problem 0
   --refine-serial 1
   --refine-parallel 0
   --disable-amr
   --max-err -1
   --hysteresis 0.25
   --nc-limit 3
   --amr-weights '1 1 1 1 1'
   --order 3
   --dg-sigma -1
   --dg-kappa 100
   --linear-abs-tolerance 1e-06
   --linear-rel-tolerance 1e-06
   --linear-max-iterations 300
   --linear-logging-level 3
   --newton-abs-tolerance 1e-10
   --newton-rel-tolerance 1e-10
   --newton-max-iterations 1
   --newton-logging-level 1
   --steady-state-abs-tolerance 1e-08
   --steady-state-rel-tolerance 1e-08
   --prec-type 1
   --prec-logging-level 0
   --initial-tolerance 1e-05
   --ode-tolerance 0.001
   --ode-solver 2
   --err-per-step
   --ode-weights '1 1 1 1 1'
   --kP 0
   --kI 0.6
   --kD 0
   --dead-zone-min 0.95
   --dead-zone-max 1.05
   --theta-max 2
   --t-minimum 0
   --t-final 200
   --time-step 0.01
   --cfl-number 0.3
   --ion-charge 1
   --ion-mass 2.01410178
   --neutral-mass 2.01410178
   --neutral-temp 3
   --min-neutral-density 900000000000000
   --max-neutral-density 1000000000000000
   --neutral-density-exp 0
   --min-ion-density 1e+16
   --max-ion-density 1e+18
   --ion-density-exp 0
   --min-ion-temp 1
   --max-ion-temp 10
   --ion-temp-exp 0
   --min-electron-temp 10
   --max-electron-temp 440
   --electron-temp-exp 0
   --total-B-magnitude 5
   --poloidal-B-magnitude 0.5
   --velocity 1000
   --Di-perp 1
   --Xi-perp 1
   --Xe-perp 1
   --equation-term-flags '-1 -1 -1 -1 -1'
   --visualization-flags '-1 -1 -1 -1 -1'
   --visualization
   --visit-datafiles
   --ascii-datafiles
   --no-check-gradient
   --visualization-steps 4
Device configuration: cpu
Memory configuration: host-std
Number of elements in initial mesh: 16
Number of elements after serial refinement: 64
5: Number of elements in parallel mesh: 4
5: Number of elements after parallel refinement: 4
6: Number of elements in parallel mesh: 4
6: Number of elements after parallel refinement: 4
11: Number of elements in parallel mesh: 4
11: Number of elements after parallel refinement: 4
13: Number of elements in parallel mesh: 4
13: Number of elements after parallel refinement: 4
15: Number of elements in parallel mesh: 4
15: Number of elements after parallel refinement: 4
4: Number of elements in parallel mesh: 4
4: Number of elements after parallel refinement: 4
7: Number of elements in parallel mesh: 4
7: Number of elements after parallel refinement: 4
8: Number of elements in parallel mesh: 4
8: Number of elements after parallel refinement: 4
9: Number of elements in parallel mesh: 4
9: Number of elements after parallel refinement: 4
10: Number of elements in parallel mesh: 4
10: Number of elements after parallel refinement: 4
12: Number of elements in parallel mesh: 4
12: Number of elements after parallel refinement: 4
14: Number of elements in parallel mesh: 4
14: Number of elements after parallel refinement: 4
1: Number of elements in parallel mesh: 4
1: Number of elements after parallel refinement: 4
3: Number of elements in parallel mesh: 4
3: Number of elements after parallel refinement: 4
0: Number of elements in parallel mesh: 4
0: Number of elements after parallel refinement: 4
2: Number of elements in parallel mesh: 4
2: Number of elements after parallel refinement: 4
Configuring initial conditions
Reading initial conditions from /home/gz6/mfem-analysis/input-files/transport2d_ics.inp
Configuring exact solutions
Reading exact solutions from /home/gz6/mfem-analysis/input-files/transport2d_ess.inp
Number of unknowns per field: 1024
Total number of unknowns:     5120
Configuring boundary conditions
Reading boundary conditions from /home/gz6/mfem-analysis/input-files/transport2d_bcs.inp
Configuring equation coefficients
Reading equation coefficients from /home/gz6/mfem-analysis/input-files/transport2d_ecs.inp
Ion Static Pressure: Adding time derivative term proportional to d n_i / dt
Ion Static Pressure: Adding time derivative term proportional to d T_i / dt
Ion Static Pressure: Adding anisotropic diffusion term
Ion Static Pressure: Adding source term
Opening GLVis sockets.
Range of error estimates for initial condition: 2.935718608779478e-16 < elem err < 4.952507106702502e-16

Begin time stepping at t = 0
Setting time step: 0.0025 in DGTransportTDO
Setting time step: 0.0025 in CombinedOp
Setting time step: 0.0025 in IonStaticPressureOp
norm(r_0) 0
norm(r_1) 0
norm(r_2) 0
norm(r_3) 0.3369830206390462
norm(r_4) 0
Newton iteration  0 : ||r|| = 0.336983
   Pass :  1   Iteration :   0  ||B r|| = 26.9497 ...
   Pass :  6   Iteration : 300  ||B r|| = 7.00447e-05
GMRES: No convergence!
norm(r_0) 0
norm(r_1) 0
norm(r_2) 0
norm(r_3) 15.42529336179455
norm(r_4) 0
Newton iteration  1 : ||r|| = 15.4253, ||r||/||r_0|| = 45.7747
Setting time step: 0.0025 in DGTransportTDO
Setting time step: 0.0025 in CombinedOp
Setting time step: 0.0025 in IonStaticPressureOp
norm(r_0) 0
norm(r_1) 0
norm(r_2) 0
norm(r_3) 30.84894960311437
norm(r_4) 0
Newton iteration  0 : ||r|| = 30.8489
   Pass :  1   Iteration :   0  ||B r|| = 18.5865 ...
   Pass :  6   Iteration : 300  ||B r|| = 8.65999e-05
GMRES: No convergence!
norm(r_0) 0
norm(r_1) 0
norm(r_2) 0
norm(r_3) 18.80122903514251
norm(r_4) 0
Newton iteration  1 : ||r|| = 18.8012, ||r||/||r_0|| = 0.609461
Setting time step: 0.0025 in DGTransportTDO
Setting time step: 0.0025 in CombinedOp
Setting time step: 0.0025 in IonStaticPressureOp
norm(r_0) 0
norm(r_1) 0
norm(r_2) 0
norm(r_3) 23.37774082807127
norm(r_4) 0
Newton iteration  0 : ||r|| = 23.3777
   Pass :  1   Iteration :   0  ||B r|| = 6.51504 ...
   Pass :  6   Iteration : 300  ||B r|| = 8.0441e-05
GMRES: No convergence!
norm(r_0) 0
norm(r_1) 0
norm(r_2) 0
norm(r_3) 16.98116456001459
norm(r_4) 0
Newton iteration  1 : ||r|| = 16.9812, ||r||/||r_0|| = 0.726382
Setting time step: 0.0025 in DGTransportTDO
Setting time step: 0.0025 in CombinedOp
Setting time step: 0.0025 in IonStaticPressureOp
norm(r_0) 0
norm(r_1) 0
norm(r_2) 0
norm(r_3) 18.90769497178127
norm(r_4) 0
Newton iteration  0 : ||r|| = 18.9077
   Pass :  1   Iteration :   0  ||B r|| = 0.438675 ...
   Pass :  6   Iteration : 300  ||B r|| = 7.69039e-05
GMRES: No convergence!
norm(r_0) 0
norm(r_1) 0
norm(r_2) 0
norm(r_3) 18.03146813914511
norm(r_4) 0
Newton iteration  1 : ||r|| = 18.0315, ||r||/||r_0|| = 0.953658
Setting time step: 0.0025 in DGTransportTDO
Setting time step: 0.0025 in CombinedOp
Setting time step: 0.0025 in IonStaticPressureOp
norm(r_0) 0
norm(r_1) 0
norm(r_2) 0
norm(r_3) 304.9022289865333
norm(r_4) 0
Newton iteration  0 : ||r|| = 304.902
   Pass :  1   Iteration :   0  ||B r|| = 28.8373 ...
   Pass :  6   Iteration : 300  ||B r|| = 7.22214e-05
GMRES: No convergence!
norm(r_0) 0
norm(r_1) 0
norm(r_2) 0
norm(r_3) 18.0329447092257
norm(r_4) 0
Newton iteration  1 : ||r|| = 18.0329, ||r||/||r_0|| = 0.0591434
Setting time step: 0.001054734637918 in DGTransportTDO
Setting time step: 0.001054734637918 in CombinedOp
Setting time step: 0.001054734637918 in IonStaticPressureOp
norm(r_0) 0
norm(r_1) 0
norm(r_2) 0
norm(r_3) 0.3369830206390462
norm(r_4) 0
Newton iteration  0 : ||r|| = 0.336983
   Pass :  1   Iteration :   0  ||B r|| = 52.515 ...
   Pass :  6   Iteration : 300  ||B r|| = 0.000144838
GMRES: No convergence!
norm(r_0) 0
norm(r_1) 0
norm(r_2) 0
norm(r_3) 14.06986318413219
norm(r_4) 0
Newton iteration  1 : ||r|| = 14.0699, ||r||/||r_0|| = 41.7524
Setting time step: 0.001054734637918 in DGTransportTDO
Setting time step: 0.001054734637918 in CombinedOp
Setting time step: 0.001054734637918 in IonStaticPressureOp
norm(r_0) 0
norm(r_1) 0
norm(r_2) 0
norm(r_3) 28.13690390297684
norm(r_4) 0
Newton iteration  0 : ||r|| = 28.1369
   Pass :  1   Iteration :   0  ||B r|| = 20.6519 ...
   Pass :  6   Iteration : 300  ||B r|| = 0.000197718
GMRES: No convergence!
norm(r_0) 0
norm(r_1) 0
norm(r_2) 0
norm(r_3) 17.62640727959237
norm(r_4) 0
Newton iteration  1 : ||r|| = 17.6264, ||r||/||r_0|| = 0.626452
Setting time step: 0.001054734637918 in DGTransportTDO
Setting time step: 0.001054734637918 in CombinedOp
Setting time step: 0.001054734637918 in IonStaticPressureOp
norm(r_0) 0
norm(r_1) 0
norm(r_2) 0
norm(r_3) 21.27260846462835
norm(r_4) 0
Newton iteration  0 : ||r|| = 21.2726
   Pass :  1   Iteration :   0  ||B r|| = 0.472932 ...
   Pass :  6   Iteration : 300  ||B r|| = 0.000176496
GMRES: No convergence!
norm(r_0) 0
norm(r_1) 0
norm(r_2) 0
norm(r_3) 17.13325521170785
norm(r_4) 0
Newton iteration  1 : ||r|| = 17.1333, ||r||/||r_0|| = 0.805414
Setting time step: 0.001054734637918 in DGTransportTDO
Setting time step: 0.001054734637918 in CombinedOp
Setting time step: 0.001054734637918 in IonStaticPressureOp
norm(r_0) 0
norm(r_1) 0
norm(r_2) 0
norm(r_3) 17.3862917142822
norm(r_4) 0
Newton iteration  0 : ||r|| = 17.3863
   Pass :  1   Iteration :   0  ||B r|| = 9.68004 ...
   Pass :  6   Iteration : 300  ||B r|| = 0.000166529
GMRES: No convergence!
norm(r_0) 0
norm(r_1) 0
norm(r_2) 0
norm(r_3) 16.35301654550288
norm(r_4) 0
Newton iteration  1 : ||r|| = 16.353, ||r||/||r_0|| = 0.94057
Setting time step: 0.001054734637918 in DGTransportTDO
Setting time step: 0.001054734637918 in CombinedOp
Setting time step: 0.001054734637918 in IonStaticPressureOp
norm(r_0) 0
norm(r_1) 0
norm(r_2) 0
norm(r_3) 279.488277842478
norm(r_4) 0
Newton iteration  0 : ||r|| = 279.488
   Pass :  1   Iteration :   0  ||B r|| = 21.0594 ...
   Pass :  6   Iteration : 300  ||B r|| = 0.000176198
GMRES: No convergence!
norm(r_0) 0
norm(r_1) 0
norm(r_2) 0
norm(r_3) 18.04771180432171
norm(r_4) 0
Newton iteration  1 : ||r|| = 18.0477, ||r||/||r_0|| = 0.0645741
Setting time step: 0.0006833075163020235 in DGTransportTDO
Setting time step: 0.0006833075163020235 in CombinedOp
Setting time step: 0.0006833075163020235 in IonStaticPressureOp
norm(r_0) 0
norm(r_1) 0
norm(r_2) 0
norm(r_3) 0.3369830206390462
norm(r_4) 0
Newton iteration  0 : ||r|| = 0.336983
   Pass :  1   Iteration :   0  ||B r|| = 69.4453 ...
   Pass :  6   Iteration : 300  ||B r|| = 0.000204105
GMRES: No convergence!
norm(r_0) 0
norm(r_1) 0
norm(r_2) 0
norm(r_3) 13.33348030615533
norm(r_4) 0
Newton iteration  1 : ||r|| = 13.3335, ||r||/||r_0|| = 39.5672
Setting time step: 0.0006833075163020235 in DGTransportTDO
Setting time step: 0.0006833075163020235 in CombinedOp
Setting time step: 0.0006833075163020235 in IonStaticPressureOp
norm(r_0) 0
norm(r_1) 0
norm(r_2) 0
norm(r_3) 26.66345049985059
norm(r_4) 0
Newton iteration  0 : ||r|| = 26.6635
   Pass :  1   Iteration :   0  ||B r|| = 13.564 ...
   Pass :  6   Iteration : 300  ||B r|| = 0.000291454
GMRES: No convergence!
norm(r_0) 0
norm(r_1) 0
norm(r_2) 0
norm(r_3) 18.25548889062194
norm(r_4) 0
Newton iteration  1 : ||r|| = 18.2555, ||r||/||r_0|| = 0.684663
Setting time step: 0.0006833075163020235 in DGTransportTDO
Setting time step: 0.0006833075163020235 in CombinedOp
Setting time step: 0.0006833075163020235 in IonStaticPressureOp
norm(r_0) 0
norm(r_1) 0
norm(r_2) 0
norm(r_3) 19.75031145611171
norm(r_4) 0
Newton iteration  0 : ||r|| = 19.7503
   Pass :  1   Iteration :   0  ||B r|| = 11.709 ...
   Pass :  6   Iteration : 300  ||B r|| = 0.000256943
GMRES: No convergence!
norm(r_0) 0
norm(r_1) 0
norm(r_2) 0
norm(r_3) 15.15469984782755
norm(r_4) 0
Newton iteration  1 : ||r|| = 15.1547, ||r||/||r_0|| = 0.767314
Setting time step: 0.0006833075163020235 in DGTransportTDO
Setting time step: 0.0006833075163020235 in CombinedOp
Setting time step: 0.0006833075163020235 in IonStaticPressureOp
norm(r_0) 0
norm(r_1) 0
norm(r_2) 0
norm(r_3) 15.88105360279597
norm(r_4) 0
Newton iteration  0 : ||r|| = 15.8811
   Pass :  1   Iteration :   0  ||B r|| = 21.774 ...
   Pass :  6   Iteration : 300  ||B r|| = 0.000241856
GMRES: No convergence!
norm(r_0) 0
norm(r_1) 0
norm(r_2) 0
norm(r_3) 15.75833659555798
norm(r_4) 0
Newton iteration  1 : ||r|| = 15.7583, ||r||/||r_0|| = 0.992273
Setting time step: 0.0006833075163020235 in DGTransportTDO
Setting time step: 0.0006833075163020235 in CombinedOp
Setting time step: 0.0006833075163020235 in IonStaticPressureOp
norm(r_0) 0
norm(r_1) 0
norm(r_2) 0
norm(r_3) 205.1960896543605
norm(r_4) 0
Newton iteration  0 : ||r|| = 205.196
   Pass :  1   Iteration :   0  ||B r|| = 11.6078 ...
   Pass :  6   Iteration : 300  ||B r|| = 0.000264403
GMRES: No convergence!
norm(r_0) 0
norm(r_1) 0
norm(r_2) 0
norm(r_3) 17.39287763895296
norm(r_4) 0
Newton iteration  1 : ||r|| = 17.3929, ||r||/||r_0|| = 0.0847622
Setting time step: 0.0006182841428685996 in DGTransportTDO
Setting time step: 0.0006182841428685996 in CombinedOp
Setting time step: 0.0006182841428685996 in IonStaticPressureOp
norm(r_0) 0
norm(r_1) 0
norm(r_2) 0
norm(r_3) 17.39280102948534
norm(r_4) 0
Newton iteration  0 : ||r|| = 17.3928
   Pass :  1   Iteration :   0  ||B r|| = 6.9437 ...
   Pass :  6   Iteration : 300  ||B r|| = 0.000305265
GMRES: No convergence!
norm(r_0) 0
norm(r_1) 0
norm(r_2) 0
norm(r_3) 18.94975938913771
norm(r_4) 0
Newton iteration  1 : ||r|| = 18.9498, ||r||/||r_0|| = 1.08952
Setting time step: 0.0006182841428685996 in DGTransportTDO
Setting time step: 0.0006182841428685996 in CombinedOp
Setting time step: 0.0006182841428685996 in IonStaticPressureOp
norm(r_0) 0
norm(r_1) 0
norm(r_2) 0
norm(r_3) 22.32405737791559
norm(r_4) 0
Newton iteration  0 : ||r|| = 22.3241
   Pass :  1   Iteration :   0  ||B r|| = 0.767512 ...
   Pass :  6   Iteration : 300  ||B r|| = 0.000316067
GMRES: No convergence!
norm(r_0) 0
norm(r_1) 0
norm(r_2) 0
norm(r_3) 20.11218666336992
norm(r_4) 0
Newton iteration  1 : ||r|| = 20.1122, ||r||/||r_0|| = 0.90092
Setting time step: 0.0006182841428685996 in DGTransportTDO
Setting time step: 0.0006182841428685996 in CombinedOp
Setting time step: 0.0006182841428685996 in IonStaticPressureOp
norm(r_0) 0
norm(r_1) 0
norm(r_2) 0
norm(r_3) 20.46412076410771
norm(r_4) 0
Newton iteration  0 : ||r|| = 20.4641
   Pass :  1   Iteration :   0  ||B r|| = 1.62528 ...
   Pass :  6   Iteration : 300  ||B r|| = 0.00031374
GMRES: No convergence!
norm(r_0) 0
norm(r_1) 0
norm(r_2) 0
norm(r_3) 19.79690572159968
norm(r_4) 0
Newton iteration  1 : ||r|| = 19.7969, ||r||/||r_0|| = 0.967396
Setting time step: 0.0006182841428685996 in DGTransportTDO
Setting time step: 0.0006182841428685996 in CombinedOp
Setting time step: 0.0006182841428685996 in IonStaticPressureOp
norm(r_0) 0
norm(r_1) 0
norm(r_2) 0
norm(r_3) 19.60852769025561
norm(r_4) 0
Newton iteration  0 : ||r|| = 19.6085
   Pass :  1   Iteration :   0  ||B r|| = 2.53958 ...
   Pass :  6   Iteration : 300  ||B r|| = 0.000312196
GMRES: No convergence!
norm(r_0) 0
norm(r_1) 0
norm(r_2) 0
norm(r_3) 19.55154606707514
norm(r_4) 0
Newton iteration  1 : ||r|| = 19.5515, ||r||/||r_0|| = 0.997094
Setting time step: 0.0006182841428685996 in DGTransportTDO
Setting time step: 0.0006182841428685996 in CombinedOp
Setting time step: 0.0006182841428685996 in IonStaticPressureOp
norm(r_0) 0
norm(r_1) 0
norm(r_2) 0
norm(r_3) 99.66593461161182
norm(r_4) 0
Newton iteration  0 : ||r|| = 99.6659
   Pass :  1   Iteration :   0  ||B r|| = 0.639171 ...
   Pass :  6   Iteration : 300  ||B r|| = 0.000300988
GMRES: No convergence!
norm(r_0) 0
norm(r_1) 0
norm(r_2) 0
norm(r_3) 19.55865572413673
norm(r_4) 0
Newton iteration  1 : ||r|| = 19.5587, ||r||/||r_0|| = 0.196242
Setting time step: 0.0008026400275168807 in DGTransportTDO
Setting time step: 0.0008026400275168807 in CombinedOp
Setting time step: 0.0008026400275168807 in IonStaticPressureOp
norm(r_0) 0
norm(r_1) 0
norm(r_2) 0
norm(r_3) 19.55898423219972
norm(r_4) 0
Newton iteration  0 : ||r|| = 19.559
   Pass :  1   Iteration :   0  ||B r|| = 4.91817 ...
   Pass :  6   Iteration : 300  ||B r|| = 0.000231934
GMRES: No convergence!
norm(r_0) 0
norm(r_1) 0
norm(r_2) 0
norm(r_3) 22.15064733162796
norm(r_4) 0
Newton iteration  1 : ||r|| = 22.1506, ||r||/||r_0|| = 1.1325
Setting time step: 0.0008026400275168807 in DGTransportTDO
Setting time step: 0.0008026400275168807 in CombinedOp
Setting time step: 0.0008026400275168807 in IonStaticPressureOp
norm(r_0) 0
norm(r_1) 0
norm(r_2) 0
norm(r_3) 28.45550446656936
norm(r_4) 0
Newton iteration  0 : ||r|| = 28.4555
   Pass :  1   Iteration :   0  ||B r|| = 1.46474 ...
   Pass :  6   Iteration : 300  ||B r|| = 0.000239507
GMRES: No convergence!
norm(r_0) 0
norm(r_1) 0
norm(r_2) 0
norm(r_3) 25.07919654135454
norm(r_4) 0
Newton iteration  1 : ||r|| = 25.0792, ||r||/||r_0|| = 0.881348
Setting time step: 0.0008026400275168807 in DGTransportTDO
Setting time step: 0.0008026400275168807 in CombinedOp
Setting time step: 0.0008026400275168807 in IonStaticPressureOp
norm(r_0) 0
norm(r_1) 0
norm(r_2) 0
norm(r_3) 24.84124620390608
norm(r_4) 0
Newton iteration  0 : ||r|| = 24.8412
   Pass :  1   Iteration :   0  ||B r|| = 2.66453 ...
   Pass :  6   Iteration : 300  ||B r|| = 0.000236579
GMRES: No convergence!
norm(r_0) 0
norm(r_1) 0
norm(r_2) 0
norm(r_3) 23.45961737300341
norm(r_4) 0
Newton iteration  1 : ||r|| = 23.4596, ||r||/||r_0|| = 0.944382
Setting time step: 0.0008026400275168807 in DGTransportTDO
Setting time step: 0.0008026400275168807 in CombinedOp
Setting time step: 0.0008026400275168807 in IonStaticPressureOp
norm(r_0) 0
norm(r_1) 0
norm(r_2) 0
norm(r_3) 23.16143864802173
norm(r_4) 0
Newton iteration  0 : ||r|| = 23.1614
   Pass :  1   Iteration :   0  ||B r|| = 3.00461 ...
   Pass :  6   Iteration : 300  ||B r|| = 0.000235833
GMRES: No convergence!
norm(r_0) 0
norm(r_1) 0
norm(r_2) 0
norm(r_3) 22.80732032774997
norm(r_4) 0
Newton iteration  1 : ||r|| = 22.8073, ||r||/||r_0|| = 0.984711
Setting time step: 0.0008026400275168807 in DGTransportTDO
Setting time step: 0.0008026400275168807 in CombinedOp
Setting time step: 0.0008026400275168807 in IonStaticPressureOp
norm(r_0) 0
norm(r_1) 0
norm(r_2) 0
norm(r_3) 114.1132199202183
norm(r_4) 0
Newton iteration  0 : ||r|| = 114.113
   Pass :  1   Iteration :   0  ||B r|| = 5.43419 ...
   Pass :  6   Iteration : 300  ||B r|| = 0.000262608
GMRES: No convergence!
norm(r_0) 0
norm(r_1) 0
norm(r_2) 0
norm(r_3) 25.3350934955234
norm(r_4) 0
Newton iteration  1 : ||r|| = 25.3351, ||r||/||r_0|| = 0.222017
Setting time step: 0.001605280055033761 in DGTransportTDO
Setting time step: 0.001605280055033761 in CombinedOp
Setting time step: 0.001605280055033761 in IonStaticPressureOp
norm(r_0) 0
norm(r_1) 0
norm(r_2) 0
norm(r_3) 25.33501157339755
norm(r_4) 0
Newton iteration  0 : ||r|| = 25.335
   Pass :  1   Iteration :   0  ||B r|| = 1.07524 ...
   Pass :  6   Iteration : 300  ||B r|| = 0.00013361
GMRES: No convergence!
norm(r_0) 0
norm(r_1) 0
norm(r_2) 0
norm(r_3) 26.31165116135841
norm(r_4) 0
Newton iteration  1 : ||r|| = 26.3117, ||r||/||r_0|| = 1.03855
Setting time step: 0.001605280055033761 in DGTransportTDO
Setting time step: 0.001605280055033761 in CombinedOp
Setting time step: 0.001605280055033761 in IonStaticPressureOp
norm(r_0) 0
norm(r_1) 0
norm(r_2) 0
norm(r_3) 29.13506384614792
norm(r_4) 0
Newton iteration  0 : ||r|| = 29.1351
   Pass :  1   Iteration :   0  ||B r|| = 0.548725 ...
   Pass :  6   Iteration : 300  ||B r|| = 0.000127583
GMRES: No convergence!
norm(r_0) 0
norm(r_1) 0
norm(r_2) 0
norm(r_3) 23.14254724439481
norm(r_4) 0
Newton iteration  1 : ||r|| = 23.1425, ||r||/||r_0|| = 0.794319
Setting time step: 0.001605280055033761 in DGTransportTDO
Setting time step: 0.001605280055033761 in CombinedOp
Setting time step: 0.001605280055033761 in IonStaticPressureOp
norm(r_0) 0
norm(r_1) 0
norm(r_2) 0
norm(r_3) 28.26824552262485
norm(r_4) 0
Newton iteration  0 : ||r|| = 28.2682
   Pass :  1   Iteration :   0  ||B r|| = 0.103753 ...
   Pass :  6   Iteration : 300  ||B r|| = 0.00013072
GMRES: No convergence!
norm(r_0) 0
norm(r_1) 0
norm(r_2) 0
norm(r_3) 24.61183293032224
norm(r_4) 0
Newton iteration  1 : ||r|| = 24.6118, ||r||/||r_0|| = 0.870653
Setting time step: 0.001605280055033761 in DGTransportTDO
Setting time step: 0.001605280055033761 in CombinedOp
Setting time step: 0.001605280055033761 in IonStaticPressureOp
norm(r_0) 0
norm(r_1) 0
norm(r_2) 0
norm(r_3) 27.39000728985079
norm(r_4) 0
Newton iteration  0 : ||r|| = 27.39
   Pass :  1   Iteration :   0  ||B r|| = 0.0984326 ...
   Pass :  6   Iteration : 300  ||B r|| = 0.000134006
GMRES: No convergence!
norm(r_0) 0
norm(r_1) 0
norm(r_2) 0
norm(r_3) 26.40778199811141
norm(r_4) 0
Newton iteration  1 : ||r|| = 26.4078, ||r||/||r_0|| = 0.964139
Setting time step: 0.001605280055033761 in DGTransportTDO
Setting time step: 0.001605280055033761 in CombinedOp
Setting time step: 0.001605280055033761 in IonStaticPressureOp
norm(r_0) 0
norm(r_1) 0
norm(r_2) 0
norm(r_3) 149.3967152764752
norm(r_4) 0
Newton iteration  0 : ||r|| = 149.397
   Pass :  1   Iteration :   0  ||B r|| = 0.717153 ...
   Pass :  6   Iteration : 300  ||B r|| = 0.000128865
GMRES: No convergence!
norm(r_0) 0
norm(r_1) 0
norm(r_2) 0
norm(r_3) 26.00221994345932
norm(r_4) 0
Newton iteration  1 : ||r|| = 26.0022, ||r||/||r_0|| = 0.174048
Setting time step: 0.001409295808984324 in DGTransportTDO
Setting time step: 0.001409295808984324 in CombinedOp
Setting time step: 0.001409295808984324 in IonStaticPressureOp
norm(r_0) 0
norm(r_1) 0
norm(r_2) 0
norm(r_3) 25.33501157339755
norm(r_4) 0
Newton iteration  0 : ||r|| = 25.335
   Pass :  1   Iteration :   0  ||B r|| = 1.18745 ...
   Pass :  6   Iteration : 300  ||B r|| = 0.000152088
GMRES: No convergence!
norm(r_0) 0
norm(r_1) 0
norm(r_2) 0
norm(r_3) 27.15090566177043
norm(r_4) 0
Newton iteration  1 : ||r|| = 27.1509, ||r||/||r_0|| = 1.07168
Setting time step: 0.001409295808984324 in DGTransportTDO
Setting time step: 0.001409295808984324 in CombinedOp
Setting time step: 0.001409295808984324 in IonStaticPressureOp
norm(r_0) 0
norm(r_1) 0
norm(r_2) 0
norm(r_3) 30.56881456722557
norm(r_4) 0
Newton iteration  0 : ||r|| = 30.5688
   Pass :  1   Iteration :   0  ||B r|| = 0.509183 ...
   Pass :  6   Iteration : 300  ||B r|| = 0.000147232
GMRES: No convergence!
norm(r_0) 0
norm(r_1) 0
norm(r_2) 0
norm(r_3) 25.53111848142293
norm(r_4) 0
Newton iteration  1 : ||r|| = 25.5311, ||r||/||r_0|| = 0.835201
Setting time step: 0.001409295808984324 in DGTransportTDO
Setting time step: 0.001409295808984324 in CombinedOp
Setting time step: 0.001409295808984324 in IonStaticPressureOp
norm(r_0) 0
norm(r_1) 0
norm(r_2) 0
norm(r_3) 29.21474649215804
norm(r_4) 0
Newton iteration  0 : ||r|| = 29.2147
   Pass :  1   Iteration :   0  ||B r|| = 0.020313 ...
   Pass :  6   Iteration : 300  ||B r|| = 0.000151598
GMRES: No convergence!
norm(r_0) 0
norm(r_1) 0
norm(r_2) 0
norm(r_3) 28.86841299707381
norm(r_4) 0
Newton iteration  1 : ||r|| = 28.8684, ||r||/||r_0|| = 0.988145
Setting time step: 0.001409295808984324 in DGTransportTDO
Setting time step: 0.001409295808984324 in CombinedOp
Setting time step: 0.001409295808984324 in IonStaticPressureOp
norm(r_0) 0
norm(r_1) 0
norm(r_2) 0
norm(r_3) 28.42070133197898
norm(r_4) 0
Newton iteration  0 : ||r|| = 28.4207
   Pass :  1   Iteration :   0  ||B r|| = 0.196602 ...
   Pass :  6   Iteration : 300  ||B r|| = 0.000150969
GMRES: No convergence!
norm(r_0) 0
norm(r_1) 0
norm(r_2) 0
norm(r_3) 25.29911161100703
norm(r_4) 0
Newton iteration  1 : ||r|| = 25.2991, ||r||/||r_0|| = 0.890165
Setting time step: 0.001409295808984324 in DGTransportTDO
Setting time step: 0.001409295808984324 in CombinedOp
Setting time step: 0.001409295808984324 in IonStaticPressureOp
norm(r_0) 0
norm(r_1) 0
norm(r_2) 0
norm(r_3) 225.1239995642418
norm(r_4) 0
Newton iteration  0 : ||r|| = 225.124
   Pass :  1   Iteration :   0  ||B r|| = 4.74127 ...
   Pass :  6   Iteration : 300  ||B r|| = 0.000147891
GMRES: No convergence!
norm(r_0) 0
norm(r_1) 0
norm(r_2) 0
norm(r_3) 24.50464946398435
norm(r_4) 0
Newton iteration  1 : ||r|| = 24.5046, ||r||/||r_0|| = 0.10885
Time stepping paused at t = 0.01405410998268731

Estimating errors.
Setting time step: 0.001851855613724641 in DGTransportTDO
Setting time step: 0.001851855613724641 in CombinedOp
Setting time step: 0.001851855613724641 in IonStaticPressureOp
norm(r_0) 0
norm(r_1) 0
norm(r_2) 0
norm(r_3) 24.50466099559458
norm(r_4) 0
Newton iteration  0 : ||r|| = 24.5047
   Pass :  1   Iteration :   0  ||B r|| = 1.60495 ...
   Pass :  6   Iteration : 300  ||B r|| = 0.000104326
GMRES: No convergence!
norm(r_0) 0
norm(r_1) 0
norm(r_2) 0
norm(r_3) 25.34237774892599
norm(r_4) 0
Newton iteration  1 : ||r|| = 25.3424, ||r||/||r_0|| = 1.03419
Setting time step: 0.001851855613724641 in DGTransportTDO
Setting time step: 0.001851855613724641 in CombinedOp
Setting time step: 0.001851855613724641 in IonStaticPressureOp
norm(r_0) 0
norm(r_1) 0
norm(r_2) 0
norm(r_3) 29.22182998938053
norm(r_4) 0
Newton iteration  0 : ||r|| = 29.2218
   Pass :  1   Iteration :   0  ||B r|| = 3.89086 ...
   Pass :  6   Iteration : 300  ||B r|| = 0.000108999
GMRES: No convergence!
norm(r_0) 0
norm(r_1) 0
norm(r_2) 0
norm(r_3) 25.82891736655289
norm(r_4) 0
Newton iteration  1 : ||r|| = 25.8289, ||r||/||r_0|| = 0.883891
Setting time step: 0.001851855613724641 in DGTransportTDO
Setting time step: 0.001851855613724641 in CombinedOp
Setting time step: 0.001851855613724641 in IonStaticPressureOp
norm(r_0) 0
norm(r_1) 0
norm(r_2) 0
norm(r_3) 27.63265043148629
norm(r_4) 0
Newton iteration  0 : ||r|| = 27.6327
   Pass :  1   Iteration :   0  ||B r|| = 3.56752 ...
   Pass :  6   Iteration : 300  ||B r|| = 0.000114257
GMRES: No convergence!
norm(r_0) 0
norm(r_1) 0
norm(r_2) 0
norm(r_3) 27.45691418663611
norm(r_4) 0
Newton iteration  1 : ||r|| = 27.4569, ||r||/||r_0|| = 0.99364
Setting time step: 0.001851855613724641 in DGTransportTDO
Setting time step: 0.001851855613724641 in CombinedOp
Setting time step: 0.001851855613724641 in IonStaticPressureOp
norm(r_0) 0
norm(r_1) 0
norm(r_2) 0
norm(r_3) 26.53165111899505
norm(r_4) 0
Newton iteration  0 : ||r|| = 26.5317
   Pass :  1   Iteration :   0  ||B r|| = 3.0602 ...
   Pass :  6   Iteration : 300  ||B r|| = 0.000111864
GMRES: No convergence!
norm(r_0) 0
norm(r_1) 0
norm(r_2) 0
norm(r_3) 29.15558079122905
norm(r_4) 0
Newton iteration  1 : ||r|| = 29.1556, ||r||/||r_0|| = 1.0989
Setting time step: 0.001851855613724641 in DGTransportTDO
Setting time step: 0.001851855613724641 in CombinedOp
Setting time step: 0.001851855613724641 in IonStaticPressureOp
norm(r_0) 0
norm(r_1) 0
norm(r_2) 0
norm(r_3) 292.9983878475897
norm(r_4) 0
Newton iteration  0 : ||r|| = 292.998
   Pass :  1   Iteration :   0  ||B r|| = 3.01547 ...
   Pass :  6   Iteration : 300  ||B r|| = 0.000125919
GMRES: No convergence!
norm(r_0) 0
norm(r_1) 0
norm(r_2) 0
norm(r_3) 25.13202410632672
norm(r_4) 0
Newton iteration  1 : ||r|| = 25.132, ||r||/||r_0|| = 0.0857753
Setting time step: 0.001085664136955636 in DGTransportTDO
Setting time step: 0.001085664136955636 in CombinedOp
Setting time step: 0.001085664136955636 in IonStaticPressureOp
norm(r_0) 0
norm(r_1) 0
norm(r_2) 0
norm(r_3) 24.50466099559458
norm(r_4) 0
Newton iteration  0 : ||r|| = 24.5047
   Pass :  1   Iteration :   0  ||B r|| = 2.39603 ...
   Pass :  6   Iteration : 300  ||B r|| = 0.000186873
GMRES: No convergence!
norm(r_0) 0
norm(r_1) 0
norm(r_2) 0
norm(r_3) 28.03050497452283
norm(r_4) 0
Newton iteration  1 : ||r|| = 28.0305, ||r||/||r_0|| = 1.14388
Setting time step: 0.001085664136955636 in DGTransportTDO
Setting time step: 0.001085664136955636 in CombinedOp
Setting time step: 0.001085664136955636 in IonStaticPressureOp
norm(r_0) 0
norm(r_1) 0
norm(r_2) 0
norm(r_3) 34.40401107125303
norm(r_4) 0
Newton iteration  0 : ||r|| = 34.404
   Pass :  1   Iteration :   0  ||B r|| = 3.10922 ...
   Pass :  6   Iteration : 300  ||B r|| = 0.000175989
GMRES: No convergence!
norm(r_0) 0
norm(r_1) 0
norm(r_2) 0
norm(r_3) 24.22617955704228
norm(r_4) 0
Newton iteration  1 : ||r|| = 24.2262, ||r||/||r_0|| = 0.704167
Setting time step: 0.001085664136955636 in DGTransportTDO
Setting time step: 0.001085664136955636 in CombinedOp
Setting time step: 0.001085664136955636 in IonStaticPressureOp
norm(r_0) 0
norm(r_1) 0
norm(r_2) 0
norm(r_3) 32.49782219170043
norm(r_4) 0
Newton iteration  0 : ||r|| = 32.4978
   Pass :  1   Iteration :   0  ||B r|| = 2.80449 ...
   Pass :  6   Iteration : 300  ||B r|| = 0.000173257
GMRES: No convergence!
norm(r_0) 0
norm(r_1) 0
norm(r_2) 0
norm(r_3) 24.73740895802018
norm(r_4) 0
Newton iteration  1 : ||r|| = 24.7374, ||r||/||r_0|| = 0.761202
Setting time step: 0.001085664136955636 in DGTransportTDO
Setting time step: 0.001085664136955636 in CombinedOp
Setting time step: 0.001085664136955636 in IonStaticPressureOp
norm(r_0) 0
norm(r_1) 0
norm(r_2) 0
norm(r_3) 30.40728316855885
norm(r_4) 0
Newton iteration  0 : ||r|| = 30.4073
   Pass :  1   Iteration :   0  ||B r|| = 2.76541 ...
   Pass :  6   Iteration : 300  ||B r|| = 0.000167155
GMRES: No convergence!
norm(r_0) 0
norm(r_1) 0
norm(r_2) 0
norm(r_3) 22.74616089748876
norm(r_4) 0
Newton iteration  1 : ||r|| = 22.7462, ||r||/||r_0|| = 0.74805
Setting time step: 0.001085664136955636 in DGTransportTDO
Setting time step: 0.001085664136955636 in CombinedOp
Setting time step: 0.001085664136955636 in IonStaticPressureOp
norm(r_0) 0
norm(r_1) 0
norm(r_2) 0
norm(r_3) 242.8222201196748
norm(r_4) 0
Newton iteration  0 : ||r|| = 242.822
   Pass :  1   Iteration :   0  ||B r|| = 76.227 ...
   Pass :  6   Iteration : 300  ||B r|| = 0.000312691
GMRES: No convergence!
norm(r_0) 0
norm(r_1) 0
norm(r_2) 0
norm(r_3) 33.90366796027036
norm(r_4) 0
Newton iteration  1 : ||r|| = 33.9037, ||r||/||r_0|| = 0.139623
Setting time step: 0.0005485178708744757 in DGTransportTDO
Setting time step: 0.0005485178708744757 in CombinedOp
Setting time step: 0.0005485178708744757 in IonStaticPressureOp
norm(r_0) 0
norm(r_1) 0
norm(r_2) 0
norm(r_3) 24.50466099559458
norm(r_4) 0
Newton iteration  0 : ||r|| = 24.5047
   Pass :  1   Iteration :   0  ||B r|| = 3.66114 ...
   Pass :  6   Iteration : 300  ||B r|| = 0.000356992
GMRES: No convergence!
norm(r_0) 0
norm(r_1) 0
norm(r_2) 0
norm(r_3) 24.91279509419148
norm(r_4) 0
Newton iteration  1 : ||r|| = 24.9128, ||r||/||r_0|| = 1.01666
Setting time step: 0.0005485178708744757 in DGTransportTDO
Setting time step: 0.0005485178708744757 in CombinedOp
Setting time step: 0.0005485178708744757 in IonStaticPressureOp
norm(r_0) 0
norm(r_1) 0
norm(r_2) 0
norm(r_3) 28.46168182401268
norm(r_4) 0
Newton iteration  0 : ||r|| = 28.4617
   Pass :  1   Iteration :   0  ||B r|| = 10.9255 ...
   Pass :  6   Iteration : 300  ||B r|| = 0.000336509
GMRES: No convergence!
norm(r_0) 0
norm(r_1) 0
norm(r_2) 0
norm(r_3) 19.92729585337085
norm(r_4) 0
Newton iteration  1 : ||r|| = 19.9273, ||r||/||r_0|| = 0.700145
Setting time step: 0.0005485178708744757 in DGTransportTDO
Setting time step: 0.0005485178708744757 in CombinedOp
Setting time step: 0.0005485178708744757 in IonStaticPressureOp
norm(r_0) 0
norm(r_1) 0
norm(r_2) 0
norm(r_3) 28.55637883562027
norm(r_4) 0
Newton iteration  0 : ||r|| = 28.5564
   Pass :  1   Iteration :   0  ||B r|| = 9.49981 ...
   Pass :  6   Iteration : 300  ||B r|| = 0.000337579
GMRES: No convergence!
norm(r_0) 0
norm(r_1) 0
norm(r_2) 0
norm(r_3) 19.57222198068354
norm(r_4) 0
Newton iteration  1 : ||r|| = 19.5722, ||r||/||r_0|| = 0.685389
Setting time step: 0.0005485178708744757 in DGTransportTDO
Setting time step: 0.0005485178708744757 in CombinedOp
Setting time step: 0.0005485178708744757 in IonStaticPressureOp
norm(r_0) 0
norm(r_1) 0
norm(r_2) 0
norm(r_3) 26.71738751163639
norm(r_4) 0
Newton iteration  0 : ||r|| = 26.7174
   Pass :  1   Iteration :   0  ||B r|| = 8.24087 ...
   Pass :  6   Iteration : 300  ||B r|| = 0.000339143
GMRES: No convergence!
norm(r_0) 0
norm(r_1) 0
norm(r_2) 0
norm(r_3) 19.96729716095509
norm(r_4) 0
Newton iteration  1 : ||r|| = 19.9673, ||r||/||r_0|| = 0.747352
Setting time step: 0.0005485178708744757 in DGTransportTDO
Setting time step: 0.0005485178708744757 in CombinedOp
Setting time step: 0.0005485178708744757 in IonStaticPressureOp
norm(r_0) 0
norm(r_1) 0
norm(r_2) 0
norm(r_3) 270.6260135502839
norm(r_4) 0
Newton iteration  0 : ||r|| = 270.626
   Pass :  1   Iteration :   0  ||B r|| = 39.3849 ...
   Pass :  6   Iteration : 300  ||B r|| = 0.000470451
GMRES: No convergence!
norm(r_0) 0
norm(r_1) 0
norm(r_2) 0
norm(r_3) 27.54586536502995
norm(r_4) 0
Newton iteration  1 : ||r|| = 27.5459, ||r||/||r_0|| = 0.101786
Setting time step: 0.0004753889848518486 in DGTransportTDO
Setting time step: 0.0004753889848518486 in CombinedOp
Setting time step: 0.0004753889848518486 in IonStaticPressureOp
norm(r_0) 0
norm(r_1) 0
norm(r_2) 0
norm(r_3) 24.50466099559458
norm(r_4) 0
Newton iteration  0 : ||r|| = 24.5047
   Pass :  1   Iteration :   0  ||B r|| = 3.9447 ...
   Pass :  6   Iteration : 300  ||B r|| = 0.000416548
GMRES: No convergence!
norm(r_0) 0
norm(r_1) 0
norm(r_2) 0
norm(r_3) 24.37838768990266
norm(r_4) 0
Newton iteration  1 : ||r|| = 24.3784, ||r||/||r_0|| = 0.994847
Setting time step: 0.0004753889848518486 in DGTransportTDO
Setting time step: 0.0004753889848518486 in CombinedOp
Setting time step: 0.0004753889848518486 in IonStaticPressureOp
norm(r_0) 0
norm(r_1) 0
norm(r_2) 0
norm(r_3) 26.52569736717841
norm(r_4) 0
Newton iteration  0 : ||r|| = 26.5257
   Pass :  1   Iteration :   0  ||B r|| = 10.2329 ...
   Pass :  6   Iteration : 300  ||B r|| = 0.000374024
GMRES: No convergence!
norm(r_0) 0
norm(r_1) 0
norm(r_2) 0
norm(r_3) 16.63613601787359
norm(r_4) 0
Newton iteration  1 : ||r|| = 16.6361, ||r||/||r_0|| = 0.627171
Setting time step: 0.0004753889848518486 in DGTransportTDO
Setting time step: 0.0004753889848518486 in CombinedOp
Setting time step: 0.0004753889848518486 in IonStaticPressureOp
norm(r_0) 0
norm(r_1) 0
norm(r_2) 0
norm(r_3) 27.16624397745397
norm(r_4) 0
Newton iteration  0 : ||r|| = 27.1662
   Pass :  1   Iteration :   0  ||B r|| = 8.97372 ...
   Pass :  6   Iteration : 300  ||B r|| = 0.000382852
GMRES: No convergence!
norm(r_0) 0
norm(r_1) 0
norm(r_2) 0
norm(r_3) 18.75464157487517
norm(r_4) 0
Newton iteration  1 : ||r|| = 18.7546, ||r||/||r_0|| = 0.690366
Setting time step: 0.0004753889848518486 in DGTransportTDO
Setting time step: 0.0004753889848518486 in CombinedOp
Setting time step: 0.0004753889848518486 in IonStaticPressureOp
norm(r_0) 0
norm(r_1) 0
norm(r_2) 0
norm(r_3) 25.86578547260002
norm(r_4) 0
Newton iteration  0 : ||r|| = 25.8658
   Pass :  1   Iteration :   0  ||B r|| = 7.86708 ...
   Pass :  6   Iteration : 300  ||B r|| = 0.000387874
GMRES: No convergence!
norm(r_0) 0
norm(r_1) 0
norm(r_2) 0
norm(r_3) 20.4403202198853
norm(r_4) 0
Newton iteration  1 : ||r|| = 20.4403, ||r||/||r_0|| = 0.790245
Setting time step: 0.0004753889848518486 in DGTransportTDO
Setting time step: 0.0004753889848518486 in CombinedOp
Setting time step: 0.0004753889848518486 in IonStaticPressureOp
norm(r_0) 0
norm(r_1) 0
norm(r_2) 0
norm(r_3) 267.8315067476757
norm(r_4) 0
Newton iteration  0 : ||r|| = 267.832
   Pass :  1   Iteration :   0  ||B r|| = 17.2603 ...
   Pass :  6   Iteration : 300  ||B r|| = 0.000496975
GMRES: No convergence!
norm(r_0) 0
norm(r_1) 0
norm(r_2) 0
norm(r_3) 24.05134607031858
norm(r_4) 0
Newton iteration  1 : ||r|| = 24.0513, ||r||/||r_0|| = 0.0898003
Setting time step: 0.0005643035842820155 in DGTransportTDO
Setting time step: 0.0005643035842820155 in CombinedOp
Setting time step: 0.0005643035842820155 in IonStaticPressureOp
norm(r_0) 0
norm(r_1) 0
norm(r_2) 0
norm(r_3) 24.05171203884968
norm(r_4) 0
Newton iteration  0 : ||r|| = 24.0517
   Pass :  1   Iteration :   0  ||B r|| = 8.03819 ...
   Pass :  6   Iteration : 300  ||B r|| = 0.000373576
GMRES: No convergence!
norm(r_0) 0
norm(r_1) 0
norm(r_2) 0
norm(r_3) 18.66664427471106
norm(r_4) 0
Newton iteration  1 : ||r|| = 18.6666, ||r||/||r_0|| = 0.776105
Setting time step: 0.0005643035842820155 in DGTransportTDO
Setting time step: 0.0005643035842820155 in CombinedOp
Setting time step: 0.0005643035842820155 in IonStaticPressureOp
norm(r_0) 0
norm(r_1) 0
norm(r_2) 0
norm(r_3) 19.3418312776543
norm(r_4) 0
Newton iteration  0 : ||r|| = 19.3418
   Pass :  1   Iteration :   0  ||B r|| = 0.996808 ...
   Pass :  6   Iteration : 300  ||B r|| = 0.000340205
GMRES: No convergence!
norm(r_0) 0
norm(r_1) 0
norm(r_2) 0
norm(r_3) 19.79872589480545
norm(r_4) 0
Newton iteration  1 : ||r|| = 19.7987, ||r||/||r_0|| = 1.02362
Setting time step: 0.0005643035842820155 in DGTransportTDO
Setting time step: 0.0005643035842820155 in CombinedOp
Setting time step: 0.0005643035842820155 in IonStaticPressureOp
norm(r_0) 0
norm(r_1) 0
norm(r_2) 0
norm(r_3) 18.72967988804405
norm(r_4) 0
Newton iteration  0 : ||r|| = 18.7297
   Pass :  1   Iteration :   0  ||B r|| = 1.84386 ...
   Pass :  6   Iteration : 300  ||B r|| = 0.0003404
GMRES: No convergence!
norm(r_0) 0
norm(r_1) 0
norm(r_2) 0
norm(r_3) 17.81429735603483
norm(r_4) 0
Newton iteration  1 : ||r|| = 17.8143, ||r||/||r_0|| = 0.951127
Setting time step: 0.0005643035842820155 in DGTransportTDO
Setting time step: 0.0005643035842820155 in CombinedOp
Setting time step: 0.0005643035842820155 in IonStaticPressureOp
norm(r_0) 0
norm(r_1) 0
norm(r_2) 0
norm(r_3) 18.44569056789662
norm(r_4) 0
Newton iteration  0 : ||r|| = 18.4457
   Pass :  1   Iteration :   0  ||B r|| = 2.89439 ...
   Pass :  6   Iteration : 300  ||B r|| = 0.000347119
GMRES: No convergence!
norm(r_0) 0
norm(r_1) 0
norm(r_2) 0
norm(r_3) 17.95879405980354
norm(r_4) 0
Newton iteration  1 : ||r|| = 17.9588, ||r||/||r_0|| = 0.973604
Setting time step: 0.0005643035842820155 in DGTransportTDO
Setting time step: 0.0005643035842820155 in CombinedOp
Setting time step: 0.0005643035842820155 in IonStaticPressureOp
norm(r_0) 0
norm(r_1) 0
norm(r_2) 0
norm(r_3) 175.5309916925434
norm(r_4) 0
Newton iteration  0 : ||r|| = 175.531
   Pass :  1   Iteration :   0  ||B r|| = 8.89699 ...
   Pass :  6   Iteration : 300  ||B r|| = 0.000286951
GMRES: No convergence!
norm(r_0) 0
norm(r_1) 0
norm(r_2) 0
norm(r_3) 14.46624764299032
norm(r_4) 0
Newton iteration  1 : ||r|| = 14.4662, ||r||/||r_0|| = 0.0824142
Setting time step: 0.0005643035842820155 in DGTransportTDO
Setting time step: 0.0005643035842820155 in CombinedOp
Setting time step: 0.0005643035842820155 in IonStaticPressureOp
norm(r_0) 0
norm(r_1) 0
norm(r_2) 0
norm(r_3) 14.46661822726649
norm(r_4) 0
Newton iteration  0 : ||r|| = 14.4666
   Pass :  1   Iteration :   0  ||B r|| = 13.0679 ...
   Pass :  6   Iteration : 300  ||B r|| = 0.00028807
GMRES: No convergence!
norm(r_0) 0
norm(r_1) 0
norm(r_2) 0
norm(r_3) 15.96835171332833
norm(r_4) 0
Newton iteration  1 : ||r|| = 15.9684, ||r||/||r_0|| = 1.10381
Setting time step: 0.0005643035842820155 in DGTransportTDO
Setting time step: 0.0005643035842820155 in CombinedOp
Setting time step: 0.0005643035842820155 in IonStaticPressureOp
norm(r_0) 0
norm(r_1) 0
norm(r_2) 0
norm(r_3) 22.26488431018491
norm(r_4) 0
Newton iteration  0 : ||r|| = 22.2649
   Pass :  1   Iteration :   0  ||B r|| = 6.0178 ...
   Pass :  6   Iteration : 300  ||B r|| = 0.000330197
GMRES: No convergence!
norm(r_0) 0
norm(r_1) 0
norm(r_2) 0
norm(r_3) 19.13712302383891
norm(r_4) 0
Newton iteration  1 : ||r|| = 19.1371, ||r||/||r_0|| = 0.85952
Setting time step: 0.0005643035842820155 in DGTransportTDO
Setting time step: 0.0005643035842820155 in CombinedOp
Setting time step: 0.0005643035842820155 in IonStaticPressureOp
norm(r_0) 0
norm(r_1) 0
norm(r_2) 0
norm(r_3) 18.76702655389458
norm(r_4) 0
Newton iteration  0 : ||r|| = 18.767
   Pass :  1   Iteration :   0  ||B r|| = 8.76776 ...
   Pass :  6   Iteration : 300  ||B r|| = 0.000314958
GMRES: No convergence!
norm(r_0) 0
norm(r_1) 0
norm(r_2) 0
norm(r_3) 19.69248158767538
norm(r_4) 0
Newton iteration  1 : ||r|| = 19.6925, ||r||/||r_0|| = 1.04931
Setting time step: 0.0005643035842820155 in DGTransportTDO
Setting time step: 0.0005643035842820155 in CombinedOp
Setting time step: 0.0005643035842820155 in IonStaticPressureOp
norm(r_0) 0
norm(r_1) 0
norm(r_2) 0
norm(r_3) 16.96320645288402
norm(r_4) 0
Newton iteration  0 : ||r|| = 16.9632
   Pass :  1   Iteration :   0  ||B r|| = 9.33535 ...
   Pass :  6   Iteration : 300  ||B r|| = 0.000315957
GMRES: No convergence!
norm(r_0) 0
norm(r_1) 0
norm(r_2) 0
norm(r_3) 18.24550578755149
norm(r_4) 0
Newton iteration  1 : ||r|| = 18.2455, ||r||/||r_0|| = 1.07559
Setting time step: 0.0005643035842820155 in DGTransportTDO
Setting time step: 0.0005643035842820155 in CombinedOp
Setting time step: 0.0005643035842820155 in IonStaticPressureOp
norm(r_0) 0
norm(r_1) 0
norm(r_2) 0
norm(r_3) 350.1463318408033
norm(r_4) 0
Newton iteration  0 : ||r|| = 350.146
   Pass :  1   Iteration :   0  ||B r|| = 2.96541 ...
   Pass :  6   Iteration : 300  ||B r|| = 0.000350109
GMRES: No convergence!
norm(r_0) 0
norm(r_1) 0
norm(r_2) 0
norm(r_3) 22.01821322866942
norm(r_4) 0
Newton iteration  1 : ||r|| = 22.0182, ||r||/||r_0|| = 0.0628829
Setting time step: 0.001083074621438805 in DGTransportTDO
Setting time step: 0.001083074621438805 in CombinedOp
Setting time step: 0.001083074621438805 in IonStaticPressureOp
norm(r_0) 0
norm(r_1) 0
norm(r_2) 0
norm(r_3) 22.01816488418338
norm(r_4) 0
Newton iteration  0 : ||r|| = 22.0182
   Pass :  1   Iteration :   0  ||B r|| = 0.803188 ...
   Pass :  6   Iteration : 300  ||B r|| = 0.000182454
GMRES: No convergence!
norm(r_0) 0
norm(r_1) 0
norm(r_2) 0
norm(r_3) 23.70522266262602
norm(r_4) 0
Newton iteration  1 : ||r|| = 23.7052, ||r||/||r_0|| = 1.07662
Setting time step: 0.001083074621438805 in DGTransportTDO
Setting time step: 0.001083074621438805 in CombinedOp
Setting time step: 0.001083074621438805 in IonStaticPressureOp
norm(r_0) 0
norm(r_1) 0
norm(r_2) 0
norm(r_3) 27.02835379775298
norm(r_4) 0
Newton iteration  0 : ||r|| = 27.0284
   Pass :  1   Iteration :   0  ||B r|| = 0.26868 ...
   Pass :  6   Iteration : 300  ||B r|| = 0.00018388
GMRES: No convergence!
norm(r_0) 0
norm(r_1) 0
norm(r_2) 0
norm(r_3) 24.94874132789623
norm(r_4) 0
Newton iteration  1 : ||r|| = 24.9487, ||r||/||r_0|| = 0.923058
Setting time step: 0.001083074621438805 in DGTransportTDO
Setting time step: 0.001083074621438805 in CombinedOp
Setting time step: 0.001083074621438805 in IonStaticPressureOp
norm(r_0) 0
norm(r_1) 0
norm(r_2) 0
norm(r_3) 25.09400911380017
norm(r_4) 0
Newton iteration  0 : ||r|| = 25.094
   Pass :  1   Iteration :   0  ||B r|| = 0.0416567 ...
   Pass :  6   Iteration : 300  ||B r|| = 0.000183254
GMRES: No convergence!
norm(r_0) 0
norm(r_1) 0
norm(r_2) 0
norm(r_3) 24.23913712850214
norm(r_4) 0
Newton iteration  1 : ||r|| = 24.2391, ||r||/||r_0|| = 0.965933
Setting time step: 0.001083074621438805 in DGTransportTDO
Setting time step: 0.001083074621438805 in CombinedOp
Setting time step: 0.001083074621438805 in IonStaticPressureOp
norm(r_0) 0
norm(r_1) 0
norm(r_2) 0
norm(r_3) 24.26624879531532
norm(r_4) 0
Newton iteration  0 : ||r|| = 24.2662
   Pass :  1   Iteration :   0  ||B r|| = 0.177205 ...
   Pass :  6   Iteration : 300  ||B r|| = 0.000182945
GMRES: No convergence!
norm(r_0) 0
norm(r_1) 0
norm(r_2) 0
norm(r_3) 23.80900562048358
norm(r_4) 0
Newton iteration  1 : ||r|| = 23.809, ||r||/||r_0|| = 0.981157
Setting time step: 0.001083074621438805 in DGTransportTDO
Setting time step: 0.001083074621438805 in CombinedOp
Setting time step: 0.001083074621438805 in IonStaticPressureOp
norm(r_0) 0
norm(r_1) 0
norm(r_2) 0
norm(r_3) 61.78761652530665
norm(r_4) 0
Newton iteration  0 : ||r|| = 61.7876
   Pass :  1   Iteration :   0  ||B r|| = 0.488914 ...
   Pass :  6   Iteration : 300  ||B r|| = 0.000183844
GMRES: No convergence!
norm(r_0) 0
norm(r_1) 0
norm(r_2) 0
norm(r_3) 24.80717023208215
norm(r_4) 0
Newton iteration  1 : ||r|| = 24.8072, ||r||/||r_0|| = 0.401491
Time stepping paused at t = 0.02480239308210605

Estimating errors.
Setting time step: 0.00216614924287761 in DGTransportTDO
Setting time step: 0.00216614924287761 in CombinedOp
Setting time step: 0.00216614924287761 in IonStaticPressureOp
norm(r_0) 0
norm(r_1) 0
norm(r_2) 0
norm(r_3) 24.80716659327663
norm(r_4) 0
Newton iteration  0 : ||r|| = 24.8072
   Pass :  1   Iteration :   0  ||B r|| = 0.118343 ...
   Pass :  6   Iteration : 300  ||B r|| = 9.14412e-05
GMRES: No convergence!
norm(r_0) 0
norm(r_1) 0
norm(r_2) 0
norm(r_3) 24.94954806890065
norm(r_4) 0
Newton iteration  1 : ||r|| = 24.9495, ||r||/||r_0|| = 1.00574
Setting time step: 0.00216614924287761 in DGTransportTDO
Setting time step: 0.00216614924287761 in CombinedOp
Setting time step: 0.00216614924287761 in IonStaticPressureOp
norm(r_0) 0
norm(r_1) 0
norm(r_2) 0
norm(r_3) 25.36921280504561
norm(r_4) 0
Newton iteration  0 : ||r|| = 25.3692
   Pass :  1   Iteration :   0  ||B r|| = 0.09401 ...
   Pass :  6   Iteration : 300  ||B r|| = 8.99863e-05
GMRES: No convergence!
norm(r_0) 0
norm(r_1) 0
norm(r_2) 0
norm(r_3) 25.44772207301059
norm(r_4) 0
Newton iteration  1 : ||r|| = 25.4477, ||r||/||r_0|| = 1.00309
Setting time step: 0.00216614924287761 in DGTransportTDO
Setting time step: 0.00216614924287761 in CombinedOp
Setting time step: 0.00216614924287761 in IonStaticPressureOp
norm(r_0) 0
norm(r_1) 0
norm(r_2) 0
norm(r_3) 25.29872109001537
norm(r_4) 0
Newton iteration  0 : ||r|| = 25.2987
   Pass :  1   Iteration :   0  ||B r|| = 0.0385533 ...
   Pass :  6   Iteration : 300  ||B r|| = 9.03959e-05
GMRES: No convergence!
norm(r_0) 0
norm(r_1) 0
norm(r_2) 0
norm(r_3) 25.31520611911432
norm(r_4) 0
Newton iteration  1 : ||r|| = 25.3152, ||r||/||r_0|| = 1.00065
Setting time step: 0.00216614924287761 in DGTransportTDO
Setting time step: 0.00216614924287761 in CombinedOp
Setting time step: 0.00216614924287761 in IonStaticPressureOp
norm(r_0) 0
norm(r_1) 0
norm(r_2) 0
norm(r_3) 25.07890909134893
norm(r_4) 0
Newton iteration  0 : ||r|| = 25.0789
   Pass :  1   Iteration :   0  ||B r|| = 0.00946647 ...
   Pass :  6   Iteration : 300  ||B r|| = 9.02921e-05
GMRES: No convergence!
norm(r_0) 0
norm(r_1) 0
norm(r_2) 0
norm(r_3) 25.8497948297471
norm(r_4) 0
Newton iteration  1 : ||r|| = 25.8498, ||r||/||r_0|| = 1.03074
Setting time step: 0.00216614924287761 in DGTransportTDO
Setting time step: 0.00216614924287761 in CombinedOp
Setting time step: 0.00216614924287761 in IonStaticPressureOp
norm(r_0) 0
norm(r_1) 0
norm(r_2) 0
norm(r_3) 137.3388591071788
norm(r_4) 0
Newton iteration  0 : ||r|| = 137.339
   Pass :  1   Iteration :   0  ||B r|| = 0.131775 ...
   Pass :  6   Iteration : 300  ||B r|| = 9.02852e-05
GMRES: No convergence!
norm(r_0) 0
norm(r_1) 0
norm(r_2) 0
norm(r_3) 23.24980215534881
norm(r_4) 0
Newton iteration  1 : ||r|| = 23.2498, ||r||/||r_0|| = 0.169288
Setting time step: 0.004332298485755219 in DGTransportTDO
Setting time step: 0.004332298485755219 in CombinedOp
Setting time step: 0.004332298485755219 in IonStaticPressureOp
norm(r_0) 0
norm(r_1) 0
norm(r_2) 0
norm(r_3) 23.24979986646627
norm(r_4) 0
Newton iteration  0 : ||r|| = 23.2498
   Pass :  1   Iteration :   0  ||B r|| = 0.0230118 ...
   Pass :  6   Iteration : 300  ||B r|| = 4.50532e-05
GMRES: No convergence!
norm(r_0) 0
norm(r_1) 0
norm(r_2) 0
norm(r_3) 23.56373901917285
norm(r_4) 0
Newton iteration  1 : ||r|| = 23.5637, ||r||/||r_0|| = 1.0135
Setting time step: 0.004332298485755219 in DGTransportTDO
Setting time step: 0.004332298485755219 in CombinedOp
Setting time step: 0.004332298485755219 in IonStaticPressureOp
norm(r_0) 0
norm(r_1) 0
norm(r_2) 0
norm(r_3) 24.06402889698754
norm(r_4) 0
Newton iteration  0 : ||r|| = 24.064
   Pass :  1   Iteration :   0  ||B r|| = 0.0196474 ...
   Pass :  6   Iteration : 300  ||B r|| = 4.47305e-05
GMRES: No convergence!
norm(r_0) 0
norm(r_1) 0
norm(r_2) 0
norm(r_3) 23.41355126191121
norm(r_4) 0
Newton iteration  1 : ||r|| = 23.4136, ||r||/||r_0|| = 0.972969
Setting time step: 0.004332298485755219 in DGTransportTDO
Setting time step: 0.004332298485755219 in CombinedOp
Setting time step: 0.004332298485755219 in IonStaticPressureOp
norm(r_0) 0
norm(r_1) 0
norm(r_2) 0
norm(r_3) 23.8438036333995
norm(r_4) 0
Newton iteration  0 : ||r|| = 23.8438
   Pass :  1   Iteration :   0  ||B r|| = 0.00824198 ...
   Pass :  6   Iteration : 300  ||B r|| = 4.47905e-05
GMRES: No convergence!
norm(r_0) 0
norm(r_1) 0
norm(r_2) 0
norm(r_3) 23.64079471150854
norm(r_4) 0
Newton iteration  1 : ||r|| = 23.6408, ||r||/||r_0|| = 0.991486
Setting time step: 0.004332298485755219 in DGTransportTDO
Setting time step: 0.004332298485755219 in CombinedOp
Setting time step: 0.004332298485755219 in IonStaticPressureOp
norm(r_0) 0
norm(r_1) 0
norm(r_2) 0
norm(r_3) 23.71832252979543
norm(r_4) 0
Newton iteration  0 : ||r|| = 23.7183
   Pass :  1   Iteration :   0  ||B r|| = 0.00252733 ...
   Pass :  6   Iteration : 300  ||B r|| = 4.48846e-05
GMRES: No convergence!
norm(r_0) 0
norm(r_1) 0
norm(r_2) 0
norm(r_3) 23.73727121177845
norm(r_4) 0
Newton iteration  1 : ||r|| = 23.7373, ||r||/||r_0|| = 1.0008
Setting time step: 0.004332298485755219 in DGTransportTDO
Setting time step: 0.004332298485755219 in CombinedOp
Setting time step: 0.004332298485755219 in IonStaticPressureOp
norm(r_0) 0
norm(r_1) 0
norm(r_2) 0
norm(r_3) 31.38030431237911
norm(r_4) 0
Newton iteration  0 : ||r|| = 31.3803
   Pass :  1   Iteration :   0  ||B r|| = 0.0226005 ...
   Pass :  6   Iteration : 300  ||B r|| = 4.4645e-05
GMRES: No convergence!
norm(r_0) 0
norm(r_1) 0
norm(r_2) 0
norm(r_3) 21.81806382693446
norm(r_4) 0
Newton iteration  1 : ||r|| = 21.8181, ||r||/||r_0|| = 0.695279
Setting time step: 0.008495921959380981 in DGTransportTDO
Setting time step: 0.008495921959380981 in CombinedOp
Setting time step: 0.008495921959380981 in IonStaticPressureOp
norm(r_0) 0
norm(r_1) 0
norm(r_2) 0
norm(r_3) 21.81807084940209
norm(r_4) 0
Newton iteration  0 : ||r|| = 21.8181
   Pass :  1   Iteration :   0  ||B r|| = 0.0644019 ...
   Pass :  6   Iteration : 300  ||B r|| = 2.29776e-05
GMRES: No convergence!
norm(r_0) 0
norm(r_1) 0
norm(r_2) 0
norm(r_3) 22.28258851446579
norm(r_4) 0
Newton iteration  1 : ||r|| = 22.2826, ||r||/||r_0|| = 1.02129
Setting time step: 0.008495921959380981 in DGTransportTDO
Setting time step: 0.008495921959380981 in CombinedOp
Setting time step: 0.008495921959380981 in IonStaticPressureOp
norm(r_0) 0
norm(r_1) 0
norm(r_2) 0
norm(r_3) 22.82970727645526
norm(r_4) 0
Newton iteration  0 : ||r|| = 22.8297
   Pass :  1   Iteration :   0  ||B r|| = 0.0470644 ...
   Pass :  6   Iteration : 300  ||B r|| = 2.31556e-05
GMRES: No convergence!
norm(r_0) 0
norm(r_1) 0
norm(r_2) 0
norm(r_3) 22.46067939653208
norm(r_4) 0
Newton iteration  1 : ||r|| = 22.4607, ||r||/||r_0|| = 0.983836
Setting time step: 0.008495921959380981 in DGTransportTDO
Setting time step: 0.008495921959380981 in CombinedOp
Setting time step: 0.008495921959380981 in IonStaticPressureOp
norm(r_0) 0
norm(r_1) 0
norm(r_2) 0
norm(r_3) 22.53449468058203
norm(r_4) 0
Newton iteration  0 : ||r|| = 22.5345
   Pass :  1   Iteration :   0  ||B r|| = 0.0182492 ...
   Pass :  6   Iteration : 300  ||B r|| = 2.307e-05
GMRES: No convergence!
norm(r_0) 0
norm(r_1) 0
norm(r_2) 0
norm(r_3) 22.35629255527272
norm(r_4) 0
Newton iteration  1 : ||r|| = 22.3563, ||r||/||r_0|| = 0.992092
Setting time step: 0.008495921959380981 in DGTransportTDO
Setting time step: 0.008495921959380981 in CombinedOp
Setting time step: 0.008495921959380981 in IonStaticPressureOp
norm(r_0) 0
norm(r_1) 0
norm(r_2) 0
norm(r_3) 22.38623389111865
norm(r_4) 0
Newton iteration  0 : ||r|| = 22.3862
   Pass :  1   Iteration :   0  ||B r|| = 0.00326851 ...
   Pass :  6   Iteration : 300  ||B r|| = 2.30389e-05
GMRES: No convergence!
norm(r_0) 0
norm(r_1) 0
norm(r_2) 0
norm(r_3) 22.32567454653925
norm(r_4) 0
Newton iteration  1 : ||r|| = 22.3257, ||r||/||r_0|| = 0.997295
Setting time step: 0.008495921959380981 in DGTransportTDO
Setting time step: 0.008495921959380981 in CombinedOp
Setting time step: 0.008495921959380981 in IonStaticPressureOp
norm(r_0) 0
norm(r_1) 0
norm(r_2) 0
norm(r_3) 22.31246918181422
norm(r_4) 0
Newton iteration  0 : ||r|| = 22.3125
   Pass :  1   Iteration :   0  ||B r|| = 0.0908836 ...
   Pass :  6   Iteration : 300  ||B r|| = 2.34331e-05
GMRES: No convergence!
norm(r_0) 0
norm(r_1) 0
norm(r_2) 0
norm(r_3) 22.70340702967571
norm(r_4) 0
Newton iteration  1 : ||r|| = 22.7034, ||r||/||r_0|| = 1.01752
Setting time step: 0.01699184391876196 in DGTransportTDO
Setting time step: 0.01699184391876196 in CombinedOp
Setting time step: 0.01699184391876196 in IonStaticPressureOp
norm(r_0) 0
norm(r_1) 0
norm(r_2) 0
norm(r_3) 22.70340549528845
norm(r_4) 0
Newton iteration  0 : ||r|| = 22.7034
   Pass :  1   Iteration :   0  ||B r|| = 2.38108e-05 ...
   Pass :  6   Iteration : 300  ||B r|| = 1.17036e-05
GMRES: No convergence!
norm(r_0) 0
norm(r_1) 0
norm(r_2) 0
norm(r_3) 22.64238826988803
norm(r_4) 0
Newton iteration  1 : ||r|| = 22.6424, ||r||/||r_0|| = 0.997312
Setting time step: 0.01699184391876196 in DGTransportTDO
Setting time step: 0.01699184391876196 in CombinedOp
Setting time step: 0.01699184391876196 in IonStaticPressureOp
norm(r_0) 0
norm(r_1) 0
norm(r_2) 0
norm(r_3) 22.59898455871468
norm(r_4) 0
Newton iteration  0 : ||r|| = 22.599
   Pass :  1   Iteration :   0  ||B r|| = 3.00108e-05 ...
   Pass :  6   Iteration : 300  ||B r|| = 1.16951e-05
GMRES: No convergence!
norm(r_0) 0
norm(r_1) 0
norm(r_2) 0
norm(r_3) 22.4451070788939
norm(r_4) 0
Newton iteration  1 : ||r|| = 22.4451, ||r||/||r_0|| = 0.993191
Setting time step: 0.01699184391876196 in DGTransportTDO
Setting time step: 0.01699184391876196 in CombinedOp
Setting time step: 0.01699184391876196 in IonStaticPressureOp
norm(r_0) 0
norm(r_1) 0
norm(r_2) 0
norm(r_3) 22.6528530371385
norm(r_4) 0
Newton iteration  0 : ||r|| = 22.6529
   Pass :  1   Iteration :   0  ||B r|| = 2.68873e-05 ...
   Pass :  6   Iteration : 300  ||B r|| = 1.16961e-05
GMRES: No convergence!
norm(r_0) 0
norm(r_1) 0
norm(r_2) 0
norm(r_3) 22.53206807539086
norm(r_4) 0
Newton iteration  1 : ||r|| = 22.5321, ||r||/||r_0|| = 0.994668
Setting time step: 0.01699184391876196 in DGTransportTDO
Setting time step: 0.01699184391876196 in CombinedOp
Setting time step: 0.01699184391876196 in IonStaticPressureOp
norm(r_0) 0
norm(r_1) 0
norm(r_2) 0
norm(r_3) 22.65907400143113
norm(r_4) 0
Newton iteration  0 : ||r|| = 22.6591
   Pass :  1   Iteration :   0  ||B r|| = 2.70168e-05 ...
   Pass :  6   Iteration : 300  ||B r|| = 1.1697e-05
GMRES: No convergence!
norm(r_0) 0
norm(r_1) 0
norm(r_2) 0
norm(r_3) 22.55520131904851
norm(r_4) 0
Newton iteration  1 : ||r|| = 22.5552, ||r||/||r_0|| = 0.995416
Setting time step: 0.01699184391876196 in DGTransportTDO
Setting time step: 0.01699184391876196 in CombinedOp
Setting time step: 0.01699184391876196 in IonStaticPressureOp
norm(r_0) 0
norm(r_1) 0
norm(r_2) 0
norm(r_3) 22.32899648182713
norm(r_4) 0
Newton iteration  0 : ||r|| = 22.329
   Pass :  1   Iteration :   0  ||B r|| = 0.000141142 ...
   Pass :  6   Iteration : 300  ||B r|| = 1.17002e-05
GMRES: No convergence!
norm(r_0) 0
norm(r_1) 0
norm(r_2) 0
norm(r_3) 22.29951981272962
norm(r_4) 0
Newton iteration  1 : ||r|| = 22.2995, ||r||/||r_0|| = 0.99868
Time stepping paused at t = 0.1527472475092091

Estimating errors.
Setting time step: 0.03398368783752392 in DGTransportTDO
Setting time step: 0.03398368783752392 in CombinedOp
Setting time step: 0.03398368783752392 in IonStaticPressureOp
norm(r_0) 0
norm(r_1) 0
norm(r_2) 0
norm(r_3) 22.29951979473183
norm(r_4) 0
Newton iteration  0 : ||r|| = 22.2995
   Pass :  1   Iteration :   0  ||B r|| = 3.93118e-05 ...
   Pass :  6   Iteration : 300  ||B r|| = 5.8502e-06
GMRES: No convergence!
norm(r_0) 0
norm(r_1) 0
norm(r_2) 0
norm(r_3) 22.29815485365076
norm(r_4) 0
Newton iteration  1 : ||r|| = 22.2982, ||r||/||r_0|| = 0.999939
Setting time step: 0.03398368783752392 in DGTransportTDO
Setting time step: 0.03398368783752392 in CombinedOp
Setting time step: 0.03398368783752392 in IonStaticPressureOp
norm(r_0) 0
norm(r_1) 0
norm(r_2) 0
norm(r_3) 22.29810734849096
norm(r_4) 0
Newton iteration  0 : ||r|| = 22.2981
   Pass :  1   Iteration :   0  ||B r|| = 3.00783e-05 ...
   Pass :  6   Iteration : 300  ||B r|| = 5.83911e-06
GMRES: No convergence!
norm(r_0) 0
norm(r_1) 0
norm(r_2) 0
norm(r_3) 22.46562859849325
norm(r_4) 0
Newton iteration  1 : ||r|| = 22.4656, ||r||/||r_0|| = 1.00751
Setting time step: 0.03398368783752392 in DGTransportTDO
Setting time step: 0.03398368783752392 in CombinedOp
Setting time step: 0.03398368783752392 in IonStaticPressureOp
norm(r_0) 0
norm(r_1) 0
norm(r_2) 0
norm(r_3) 22.29037815989452
norm(r_4) 0
Newton iteration  0 : ||r|| = 22.2904
   Pass :  1   Iteration :   0  ||B r|| = 1.74576e-05 ...
   Pass :  6   Iteration : 300  ||B r|| = 5.85068e-06
GMRES: No convergence!
norm(r_0) 0
norm(r_1) 0
norm(r_2) 0
norm(r_3) 22.32600163047915
norm(r_4) 0
Newton iteration  1 : ||r|| = 22.326, ||r||/||r_0|| = 1.0016
Setting time step: 0.03398368783752392 in DGTransportTDO
Setting time step: 0.03398368783752392 in CombinedOp
Setting time step: 0.03398368783752392 in IonStaticPressureOp
norm(r_0) 0
norm(r_1) 0
norm(r_2) 0
norm(r_3) 22.29286827919881
norm(r_4) 0
Newton iteration  0 : ||r|| = 22.2929
   Pass :  1   Iteration :   0  ||B r|| = 9.55062e-06 ...
   Pass :  6   Iteration : 300  ||B r|| = 5.84889e-06
GMRES: No convergence!
norm(r_0) 0
norm(r_1) 0
norm(r_2) 0
norm(r_3) 22.39535889924932
norm(r_4) 0
Newton iteration  1 : ||r|| = 22.3954, ||r||/||r_0|| = 1.0046
Setting time step: 0.03398368783752392 in DGTransportTDO
Setting time step: 0.03398368783752392 in CombinedOp
Setting time step: 0.03398368783752392 in IonStaticPressureOp
norm(r_0) 0
norm(r_1) 0
norm(r_2) 0
norm(r_3) 26.55741852785602
norm(r_4) 0
Newton iteration  0 : ||r|| = 26.5574
   Pass :  1   Iteration :   0  ||B r|| = 0.000165718 ...
   Pass :  6   Iteration : 300  ||B r|| = 5.76995e-06
GMRES: No convergence!
norm(r_0) 0
norm(r_1) 0
norm(r_2) 0
norm(r_3) 22.63830427107436
norm(r_4) 0
Newton iteration  1 : ||r|| = 22.6383, ||r||/||r_0|| = 0.852429
Setting time step: 0.06796737567504785 in DGTransportTDO
Setting time step: 0.06796737567504785 in CombinedOp
Setting time step: 0.06796737567504785 in IonStaticPressureOp
norm(r_0) 0
norm(r_1) 0
norm(r_2) 0
norm(r_3) 22.63830428991908
norm(r_4) 0
Newton iteration  0 : ||r|| = 22.6383
   Pass :  1   Iteration :   0  ||B r|| = 1.8426e-05 ...
   Pass :  6   Iteration : 300  ||B r|| = 2.87673e-06
GMRES: No convergence!
norm(r_0) 0
norm(r_1) 0
norm(r_2) 0
norm(r_3) 22.94590265295183
norm(r_4) 0
Newton iteration  1 : ||r|| = 22.9459, ||r||/||r_0|| = 1.01359
Setting time step: 0.06796737567504785 in DGTransportTDO
Setting time step: 0.06796737567504785 in CombinedOp
Setting time step: 0.06796737567504785 in IonStaticPressureOp
norm(r_0) 0
norm(r_1) 0
norm(r_2) 0
norm(r_3) 23.34238906995719
norm(r_4) 0
Newton iteration  0 : ||r|| = 23.3424
   Pass :  1   Iteration :   0  ||B r|| = 3.72811e-05 ...
   Pass :  6   Iteration : 300  ||B r|| = 2.87412e-06
GMRES: No convergence!
norm(r_0) 0
norm(r_1) 0
norm(r_2) 0
norm(r_3) 23.23234088935603
norm(r_4) 0
Newton iteration  1 : ||r|| = 23.2323, ||r||/||r_0|| = 0.995285
Setting time step: 0.06796737567504785 in DGTransportTDO
Setting time step: 0.06796737567504785 in CombinedOp
Setting time step: 0.06796737567504785 in IonStaticPressureOp
norm(r_0) 0
norm(r_1) 0
norm(r_2) 0
norm(r_3) 23.09982958520483
norm(r_4) 0
Newton iteration  0 : ||r|| = 23.0998
   Pass :  1   Iteration :   0  ||B r|| = 2.55983e-05 ...
   Pass :  6   Iteration : 300  ||B r|| = 2.87446e-06
GMRES: No convergence!
norm(r_0) 0
norm(r_1) 0
norm(r_2) 0
norm(r_3) 22.91885400040334
norm(r_4) 0
Newton iteration  1 : ||r|| = 22.9189, ||r||/||r_0|| = 0.992166
Setting time step: 0.06796737567504785 in DGTransportTDO
Setting time step: 0.06796737567504785 in CombinedOp
Setting time step: 0.06796737567504785 in IonStaticPressureOp
norm(r_0) 0
norm(r_1) 0
norm(r_2) 0
norm(r_3) 22.98381156016117
norm(r_4) 0
Newton iteration  0 : ||r|| = 22.9838
   Pass :  1   Iteration :   0  ||B r|| = 1.64307e-05 ...
   Pass :  6   Iteration : 300  ||B r|| = 2.87498e-06
GMRES: No convergence!
norm(r_0) 0
norm(r_1) 0
norm(r_2) 0
norm(r_3) 22.98488192075628
norm(r_4) 0
Newton iteration  1 : ||r|| = 22.9849, ||r||/||r_0|| = 1.00005
Setting time step: 0.06796737567504785 in DGTransportTDO
Setting time step: 0.06796737567504785 in CombinedOp
Setting time step: 0.06796737567504785 in IonStaticPressureOp
norm(r_0) 0
norm(r_1) 0
norm(r_2) 0
norm(r_3) 37.14312306261149
norm(r_4) 0
Newton iteration  0 : ||r|| = 37.1431
   Pass :  1   Iteration :   0  ||B r|| = 0.000285661 ...
   Pass :  6   Iteration : 300  ||B r|| = 2.99406e-06
GMRES: No convergence!
norm(r_0) 0
norm(r_1) 0
norm(r_2) 0
norm(r_3) 21.05234656000975
norm(r_4) 0
Newton iteration  1 : ||r|| = 21.0523, ||r||/||r_0|| = 0.56679
Setting time step: 0.1359347513500957 in DGTransportTDO
Setting time step: 0.1359347513500957 in CombinedOp
Setting time step: 0.1359347513500957 in IonStaticPressureOp
norm(r_0) 0
norm(r_1) 0
norm(r_2) 0
norm(r_3) 21.05234647778762
norm(r_4) 0
Newton iteration  0 : ||r|| = 21.0523
   Pass :  1   Iteration :   0  ||B r|| = 4.6819e-05 ...
   Pass :  6   Iteration : 300  ||B r|| = 1.49451e-06
GMRES: No convergence!
norm(r_0) 0
norm(r_1) 0
norm(r_2) 0
norm(r_3) 21.33049652017147
norm(r_4) 0
Newton iteration  1 : ||r|| = 21.3305, ||r||/||r_0|| = 1.01321
Setting time step: 0.1359347513500957 in DGTransportTDO
Setting time step: 0.1359347513500957 in CombinedOp
Setting time step: 0.1359347513500957 in IonStaticPressureOp
norm(r_0) 0
norm(r_1) 0
norm(r_2) 0
norm(r_3) 21.80342288584656
norm(r_4) 0
Newton iteration  0 : ||r|| = 21.8034
   Pass :  1   Iteration :   0  ||B r|| = 3.66752e-05 ...
   Pass :  6   Iteration : 300  ||B r|| = 1.4919e-06
GMRES: No convergence!
norm(r_0) 0
norm(r_1) 0
norm(r_2) 0
norm(r_3) 21.6230937108518
norm(r_4) 0
Newton iteration  1 : ||r|| = 21.6231, ||r||/||r_0|| = 0.991729
Setting time step: 0.1359347513500957 in DGTransportTDO
Setting time step: 0.1359347513500957 in CombinedOp
Setting time step: 0.1359347513500957 in IonStaticPressureOp
norm(r_0) 0
norm(r_1) 0
norm(r_2) 0
norm(r_3) 21.51995070302073
norm(r_4) 0
Newton iteration  0 : ||r|| = 21.52
   Pass :  1   Iteration :   0  ||B r|| = 1.50835e-05 ...
   Pass :  6   Iteration : 300  ||B r|| = 1.49362e-06
GMRES: No convergence!
norm(r_0) 0
norm(r_1) 0
norm(r_2) 0
norm(r_3) 21.33304168995512
norm(r_4) 0
Newton iteration  1 : ||r|| = 21.333, ||r||/||r_0|| = 0.991315
Setting time step: 0.1359347513500957 in DGTransportTDO
Setting time step: 0.1359347513500957 in CombinedOp
Setting time step: 0.1359347513500957 in IonStaticPressureOp
norm(r_0) 0
norm(r_1) 0
norm(r_2) 0
norm(r_3) 21.38626475602433
norm(r_4) 0
Newton iteration  0 : ||r|| = 21.3863
   Pass :  1   Iteration :   0  ||B r|| = 3.85086e-06 ...
   Pass :  6   Iteration : 300  ||B r|| = 1.48812e-06
GMRES: No convergence!
norm(r_0) 0
norm(r_1) 0
norm(r_2) 0
norm(r_3) 20.98708590509684
norm(r_4) 0
Newton iteration  1 : ||r|| = 20.9871, ||r||/||r_0|| = 0.981335
Setting time step: 0.1359347513500957 in DGTransportTDO
Setting time step: 0.1359347513500957 in CombinedOp
Setting time step: 0.1359347513500957 in IonStaticPressureOp
norm(r_0) 0
norm(r_1) 0
norm(r_2) 0
norm(r_3) 101.76863463179
norm(r_4) 0
Newton iteration  0 : ||r|| = 101.769
   Pass :  1   Iteration :   0  ||B r|| = 2.59496e-05 ...
   Pass :  6   Iteration : 300  ||B r|| = 1.50652e-06
GMRES: No convergence!
norm(r_0) 0
norm(r_1) 0
norm(r_2) 0
norm(r_3) 18.51968288668428
norm(r_4) 0
Newton iteration  1 : ||r|| = 18.5197, ||r||/||r_0|| = 0.181978
Setting time step: 0.2718695027001914 in DGTransportTDO
Setting time step: 0.2718695027001914 in CombinedOp
Setting time step: 0.2718695027001914 in IonStaticPressureOp
norm(r_0) 0
norm(r_1) 0
norm(r_2) 0
norm(r_3) 18.51968289653247
norm(r_4) 0
Newton iteration  0 : ||r|| = 18.5197
   Pass :  1   Iteration :   0  ||B r|| = 7.77836e-07
norm(r_0) 0
norm(r_1) 0
norm(r_2) 0
norm(r_3) 18.51968289653247
norm(r_4) 0
Newton iteration  1 : ||r|| = 18.5197, ||r||/||r_0|| = 1
Setting time step: 0.2718695027001914 in DGTransportTDO
Setting time step: 0.2718695027001914 in CombinedOp
Setting time step: 0.2718695027001914 in IonStaticPressureOp
norm(r_0) 0
norm(r_1) 0
norm(r_2) 0
norm(r_3) 18.51968289653247
norm(r_4) 0
Newton iteration  0 : ||r|| = 18.5197
   Pass :  1   Iteration :   0  ||B r|| = 7.77836e-07
norm(r_0) 0
norm(r_1) 0
norm(r_2) 0
norm(r_3) 18.51968289653247
norm(r_4) 0
Newton iteration  1 : ||r|| = 18.5197, ||r||/||r_0|| = 1
Setting time step: 0.2718695027001914 in DGTransportTDO
Setting time step: 0.2718695027001914 in CombinedOp
Setting time step: 0.2718695027001914 in IonStaticPressureOp
norm(r_0) 0
norm(r_1) 0
norm(r_2) 0
norm(r_3) 18.51968289653247
norm(r_4) 0
Newton iteration  0 : ||r|| = 18.5197
   Pass :  1   Iteration :   0  ||B r|| = 7.77836e-07
norm(r_0) 0
norm(r_1) 0
norm(r_2) 0
norm(r_3) 18.51968289653247
norm(r_4) 0
Newton iteration  1 : ||r|| = 18.5197, ||r||/||r_0|| = 1
Setting time step: 0.2718695027001914 in DGTransportTDO
Setting time step: 0.2718695027001914 in CombinedOp
Setting time step: 0.2718695027001914 in IonStaticPressureOp
norm(r_0) 0
norm(r_1) 0
norm(r_2) 0
norm(r_3) 18.51968289653247
norm(r_4) 0
Newton iteration  0 : ||r|| = 18.5197
   Pass :  1   Iteration :   0  ||B r|| = 7.77836e-07
norm(r_0) 0
norm(r_1) 0
norm(r_2) 0
norm(r_3) 18.51968289653247
norm(r_4) 0
Newton iteration  1 : ||r|| = 18.5197, ||r||/||r_0|| = 1
Setting time step: 0.2718695027001914 in DGTransportTDO
Setting time step: 0.2718695027001914 in CombinedOp
Setting time step: 0.2718695027001914 in IonStaticPressureOp
norm(r_0) 0
norm(r_1) 0
norm(r_2) 0
norm(r_3) 18.51968289653247
norm(r_4) 0
Newton iteration  0 : ||r|| = 18.5197
   Pass :  1   Iteration :   0  ||B r|| = 7.77836e-07
norm(r_0) 0
norm(r_1) 0
norm(r_2) 0
norm(r_3) 18.51968289653247
norm(r_4) 0
Newton iteration  1 : ||r|| = 18.5197, ||r||/||r_0|| = 1
Time stepping paused at t = 2.191768517760645
Steady State solution has been reached

Time stepping done after 17.548874598s.
