Options used:
   --mesh /home/gz6/mfem/data/inline-quad.mesh
   --bc-file /home/gz6/mfem-analysis/input-files/transport2d_bcs.inp
   --ic-file /home/gz6/mfem-analysis/input-files/transport2d_ics.inp
   --ec-file /home/gz6/mfem-analysis/input-files/transport2d_ecs.inp
   --es-file /home/gz6/mfem-analysis/input-files/transport2d_ess.inp
   --eqdsk-file 
   --logging 1
   --operator-test 8
   --equation-weights '1 1 1 1 1'
   --problem 0
   --refine-serial 5
   --refine-parallel 0
   --disable-amr
   --max-err -1
   --hysteresis 0.25
   --nc-limit 3
   --amr-weights '1 1 1 1 1'
   --order 1
   --dg-sigma -1
   --dg-kappa 100
   --linear-abs-tolerance 1e-06
   --linear-rel-tolerance 1e-06
   --linear-max-iterations 300
   --linear-logging-level 3
   --newton-abs-tolerance 1e-10
   --newton-rel-tolerance 1e-10
   --newton-max-iterations 1
   --newton-logging-level 1
   --steady-state-abs-tolerance 1e-08
   --steady-state-rel-tolerance 1e-08
   --prec-type 1
   --prec-logging-level 0
   --initial-tolerance 1e-05
   --ode-tolerance 0.001
   --ode-solver 2
   --err-per-step
   --ode-weights '1 1 1 1 1'
   --kP 0
   --kI 0.6
   --kD 0
   --dead-zone-min 0.95
   --dead-zone-max 1.05
   --theta-max 2
   --t-minimum 0
   --t-final 200
   --time-step 0.01
   --cfl-number 0.3
   --ion-charge 1
   --ion-mass 2.01410178
   --neutral-mass 2.01410178
   --neutral-temp 3
   --min-neutral-density 900000000000000
   --max-neutral-density 1000000000000000
   --neutral-density-exp 0
   --min-ion-density 1e+16
   --max-ion-density 1e+18
   --ion-density-exp 0
   --min-ion-temp 1
   --max-ion-temp 10
   --ion-temp-exp 0
   --min-electron-temp 10
   --max-electron-temp 440
   --electron-temp-exp 0
   --total-B-magnitude 5
   --poloidal-B-magnitude 0.5
   --velocity 1000
   --Di-perp 1
   --Xi-perp 1
   --Xe-perp 1
   --equation-term-flags '-1 -1 -1 -1 -1'
   --visualization-flags '-1 -1 -1 -1 -1'
   --visualization
   --visit-datafiles
   --ascii-datafiles
   --no-check-gradient
   --visualization-steps 4
Device configuration: cpu
Memory configuration: host-std
Number of elements in initial mesh: 16
Number of elements after serial refinement: 16384
0: Number of elements in parallel mesh: 1024
0: Number of elements after parallel refinement: 1024
3: Number of elements in parallel mesh: 1024
3: Number of elements after parallel refinement: 1024
8: Number of elements in parallel mesh: 1024
8: Number of elements after parallel refinement: 1024
4: Number of elements in parallel mesh: 1024
4: Number of elements after parallel refinement: 1024
7: Number of elements in parallel mesh: 1024
7: Number of elements after parallel refinement: 1024
15: Number of elements in parallel mesh: 1024
15: Number of elements after parallel refinement: 1024
2: Number of elements in parallel mesh: 1024
2: Number of elements after parallel refinement: 1024
14: Number of elements in parallel mesh: 1024
14: Number of elements after parallel refinement: 1024
13: Number of elements in parallel mesh: 1024
13: Number of elements after parallel refinement: 1024
10: Number of elements in parallel mesh: 1024
10: Number of elements after parallel refinement: 1024
6: Number of elements in parallel mesh: 1024
6: Number of elements after parallel refinement: 1024
12: Number of elements in parallel mesh: 1024
12: Number of elements after parallel refinement: 1024
1: Number of elements in parallel mesh: 1024
1: Number of elements after parallel refinement: 1024
9: Number of elements in parallel mesh: 1024
9: Number of elements after parallel refinement: 1024
5: Number of elements in parallel mesh: 1024
5: Number of elements after parallel refinement: 1024
11: Number of elements in parallel mesh: 1024
11: Number of elements after parallel refinement: 1024
Configuring initial conditions
Reading initial conditions from /home/gz6/mfem-analysis/input-files/transport2d_ics.inp
Configuring exact solutions
Reading exact solutions from /home/gz6/mfem-analysis/input-files/transport2d_ess.inp
Number of unknowns per field: 65536
Total number of unknowns:     327680
Configuring boundary conditions
Reading boundary conditions from /home/gz6/mfem-analysis/input-files/transport2d_bcs.inp
Configuring equation coefficients
Reading equation coefficients from /home/gz6/mfem-analysis/input-files/transport2d_ecs.inp
Ion Static Pressure: Adding time derivative term proportional to d n_i / dt
Ion Static Pressure: Adding time derivative term proportional to d T_i / dt
Ion Static Pressure: Adding anisotropic diffusion term
Ion Static Pressure: Adding source term
Opening GLVis sockets.
Range of error estimates for initial condition: 0 < elem err < 0

Begin time stepping at t = 0
Setting time step: 0.0025 in DGTransportTDO
Setting time step: 0.0025 in CombinedOp
Setting time step: 0.0025 in IonStaticPressureOp
norm(r_0) 0
norm(r_1) 0
norm(r_2) 0
norm(r_3) 0.0385531421917553
norm(r_4) 0
Newton iteration  0 : ||r|| = 0.0385531
   Pass :  1   Iteration :   0  ||B r|| = 106.636 ...
   Pass :  6   Iteration : 300  ||B r|| = 0.000745289
GMRES: No convergence!
norm(r_0) 0
norm(r_1) 0
norm(r_2) 0
norm(r_3) 0.01563571809118907
norm(r_4) 0
Newton iteration  1 : ||r|| = 0.0156357, ||r||/||r_0|| = 0.405563
Setting time step: 0.0025 in DGTransportTDO
Setting time step: 0.0025 in CombinedOp
Setting time step: 0.0025 in IonStaticPressureOp
norm(r_0) 0
norm(r_1) 0
norm(r_2) 0
norm(r_3) 0.04758998621678365
norm(r_4) 0
Newton iteration  0 : ||r|| = 0.04759
   Pass :  1   Iteration :   0  ||B r|| = 99.6405 ...
   Pass :  6   Iteration : 300  ||B r|| = 0.000718725
GMRES: No convergence!
norm(r_0) 0
norm(r_1) 0
norm(r_2) 0
norm(r_3) 0.0147572713618198
norm(r_4) 0
Newton iteration  1 : ||r|| = 0.0147573, ||r||/||r_0|| = 0.310092
Setting time step: 0.0025 in DGTransportTDO
Setting time step: 0.0025 in CombinedOp
Setting time step: 0.0025 in IonStaticPressureOp
norm(r_0) 0
norm(r_1) 0
norm(r_2) 0
norm(r_3) 0.0440098928494269
norm(r_4) 0
Newton iteration  0 : ||r|| = 0.0440099
   Pass :  1   Iteration :   0  ||B r|| = 102.42 ...
   Pass :  6   Iteration : 300  ||B r|| = 0.000732874
GMRES: No convergence!
norm(r_0) 0
norm(r_1) 0
norm(r_2) 0
norm(r_3) 0.0151414747300211
norm(r_4) 0
Newton iteration  1 : ||r|| = 0.0151415, ||r||/||r_0|| = 0.344047
Setting time step: 0.0025 in DGTransportTDO
Setting time step: 0.0025 in CombinedOp
Setting time step: 0.0025 in IonStaticPressureOp
norm(r_0) 0
norm(r_1) 0
norm(r_2) 0
norm(r_3) 0.04197770249206437
norm(r_4) 0
Newton iteration  0 : ||r|| = 0.0419777
   Pass :  1   Iteration :   0  ||B r|| = 103.122 ...
   Pass :  6   Iteration : 300  ||B r|| = 0.000734736
GMRES: No convergence!
norm(r_0) 0
norm(r_1) 0
norm(r_2) 0
norm(r_3) 0.0152152054953238
norm(r_4) 0
Newton iteration  1 : ||r|| = 0.0152152, ||r||/||r_0|| = 0.362459
Setting time step: 0.0025 in DGTransportTDO
Setting time step: 0.0025 in CombinedOp
Setting time step: 0.0025 in IonStaticPressureOp
norm(r_0) 0
norm(r_1) 0
norm(r_2) 0
norm(r_3) 0.04192845840221072
norm(r_4) 0
Newton iteration  0 : ||r|| = 0.0419285
   Pass :  1   Iteration :   0  ||B r|| = 96.1475 ...
   Pass :  6   Iteration : 300  ||B r|| = 0.000667623
GMRES: No convergence!
norm(r_0) 0
norm(r_1) 0
norm(r_2) 0
norm(r_3) 0.01361598989561921
norm(r_4) 0
Newton iteration  1 : ||r|| = 0.013616, ||r||/||r_0|| = 0.324743
Setting time step: 0.005 in DGTransportTDO
Setting time step: 0.005 in CombinedOp
Setting time step: 0.005 in IonStaticPressureOp
norm(r_0) 0
norm(r_1) 0
norm(r_2) 0
norm(r_3) 0.03606231915498521
norm(r_4) 0
Newton iteration  0 : ||r|| = 0.0360623
   Pass :  1   Iteration :   0  ||B r|| = 46.9319 ...
   Pass :  6   Iteration : 300  ||B r|| = 0.00110182
GMRES: No convergence!
norm(r_0) 0
norm(r_1) 0
norm(r_2) 0
norm(r_3) 0.04294650070335244
norm(r_4) 0
Newton iteration  1 : ||r|| = 0.0429465, ||r||/||r_0|| = 1.1909
Setting time step: 0.005 in DGTransportTDO
Setting time step: 0.005 in CombinedOp
Setting time step: 0.005 in IonStaticPressureOp
norm(r_0) 0
norm(r_1) 0
norm(r_2) 0
norm(r_3) 0.08966771622470113
norm(r_4) 0
Newton iteration  0 : ||r|| = 0.0896677
   Pass :  1   Iteration :   0  ||B r|| = 40.7069 ...
   Pass :  6   Iteration : 300  ||B r|| = 0.00101579
GMRES: No convergence!
norm(r_0) 0
norm(r_1) 0
norm(r_2) 0
norm(r_3) 0.03535230453039656
norm(r_4) 0
Newton iteration  1 : ||r|| = 0.0353523, ||r||/||r_0|| = 0.394259
Setting time step: 0.005 in DGTransportTDO
Setting time step: 0.005 in CombinedOp
Setting time step: 0.005 in IonStaticPressureOp
norm(r_0) 0
norm(r_1) 0
norm(r_2) 0
norm(r_3) 0.07360314368890139
norm(r_4) 0
Newton iteration  0 : ||r|| = 0.0736031
   Pass :  1   Iteration :   0  ||B r|| = 43.1381 ...
   Pass :  6   Iteration : 300  ||B r|| = 0.00105843
GMRES: No convergence!
norm(r_0) 0
norm(r_1) 0
norm(r_2) 0
norm(r_3) 0.03606788641342371
norm(r_4) 0
Newton iteration  1 : ||r|| = 0.0360679, ||r||/||r_0|| = 0.490032
Setting time step: 0.005 in DGTransportTDO
Setting time step: 0.005 in CombinedOp
Setting time step: 0.005 in IonStaticPressureOp
norm(r_0) 0
norm(r_1) 0
norm(r_2) 0
norm(r_3) 0.06220380843067847
norm(r_4) 0
Newton iteration  0 : ||r|| = 0.0622038
   Pass :  1   Iteration :   0  ||B r|| = 43.7693 ...
   Pass :  6   Iteration : 300  ||B r|| = 0.00106634
GMRES: No convergence!
norm(r_0) 0
norm(r_1) 0
norm(r_2) 0
norm(r_3) 0.0359243832921255
norm(r_4) 0
Newton iteration  1 : ||r|| = 0.0359244, ||r||/||r_0|| = 0.577527
Setting time step: 0.005 in DGTransportTDO
Setting time step: 0.005 in CombinedOp
Setting time step: 0.005 in IonStaticPressureOp
norm(r_0) 0
norm(r_1) 0
norm(r_2) 0
norm(r_3) 0.1392987971094718
norm(r_4) 0
Newton iteration  0 : ||r|| = 0.139299
   Pass :  1   Iteration :   0  ||B r|| = 37.7343 ...
   Pass :  6   Iteration : 300  ||B r|| = 0.000923028
GMRES: No convergence!
norm(r_0) 0
norm(r_1) 0
norm(r_2) 0
norm(r_3) 0.03360931371784112
norm(r_4) 0
Newton iteration  1 : ||r|| = 0.0336093, ||r||/||r_0|| = 0.241275
Setting time step: 0.01 in DGTransportTDO
Setting time step: 0.01 in CombinedOp
Setting time step: 0.01 in IonStaticPressureOp
norm(r_0) 0
norm(r_1) 0
norm(r_2) 0
norm(r_3) 0.04193028021767105
norm(r_4) 0
Newton iteration  0 : ||r|| = 0.0419303
   Pass :  1   Iteration :   0  ||B r|| = 17.9664 ...
   Pass :  6   Iteration : 300  ||B r|| = 0.000672738
GMRES: No convergence!
norm(r_0) 0
norm(r_1) 0
norm(r_2) 0
norm(r_3) 0.06320194888716515
norm(r_4) 0
Newton iteration  1 : ||r|| = 0.0632019, ||r||/||r_0|| = 1.50731
Setting time step: 0.01 in DGTransportTDO
Setting time step: 0.01 in CombinedOp
Setting time step: 0.01 in IonStaticPressureOp
norm(r_0) 0
norm(r_1) 0
norm(r_2) 0
norm(r_3) 0.1144914029023189
norm(r_4) 0
Newton iteration  0 : ||r|| = 0.114491
   Pass :  1   Iteration :   0  ||B r|| = 13.4674 ...
   Pass :  6   Iteration : 300  ||B r|| = 0.000521768
GMRES: No convergence!
norm(r_0) 0
norm(r_1) 0
norm(r_2) 0
norm(r_3) 0.04651545396961817
norm(r_4) 0
Newton iteration  1 : ||r|| = 0.0465155, ||r||/||r_0|| = 0.406279
Setting time step: 0.01 in DGTransportTDO
Setting time step: 0.01 in CombinedOp
Setting time step: 0.01 in IonStaticPressureOp
norm(r_0) 0
norm(r_1) 0
norm(r_2) 0
norm(r_3) 0.09519774016120282
norm(r_4) 0
Newton iteration  0 : ||r|| = 0.0951977
   Pass :  1   Iteration :   0  ||B r|| = 15.1779 ...
   Pass :  6   Iteration : 300  ||B r|| = 0.000578837
GMRES: No convergence!
norm(r_0) 0
norm(r_1) 0
norm(r_2) 0
norm(r_3) 0.05103478121749093
norm(r_4) 0
Newton iteration  1 : ||r|| = 0.0510348, ||r||/||r_0|| = 0.536092
Setting time step: 0.01 in DGTransportTDO
Setting time step: 0.01 in CombinedOp
Setting time step: 0.01 in IonStaticPressureOp
norm(r_0) 0
norm(r_1) 0
norm(r_2) 0
norm(r_3) 0.08002991987846574
norm(r_4) 0
Newton iteration  0 : ||r|| = 0.0800299
   Pass :  1   Iteration :   0  ||B r|| = 15.6426 ...
   Pass :  6   Iteration : 300  ||B r|| = 0.000593085
GMRES: No convergence!
norm(r_0) 0
norm(r_1) 0
norm(r_2) 0
norm(r_3) 0.05338431515250028
norm(r_4) 0
Newton iteration  1 : ||r|| = 0.0533843, ||r||/||r_0|| = 0.667054
Setting time step: 0.01 in DGTransportTDO
Setting time step: 0.01 in CombinedOp
Setting time step: 0.01 in IonStaticPressureOp
norm(r_0) 0
norm(r_1) 0
norm(r_2) 0
norm(r_3) 0.3210197804523571
norm(r_4) 0
Newton iteration  0 : ||r|| = 0.32102
   Pass :  1   Iteration :   0  ||B r|| = 11.5619 ...
   Pass :  6   Iteration : 300  ||B r|| = 0.000447658
GMRES: No convergence!
norm(r_0) 0
norm(r_1) 0
norm(r_2) 0
norm(r_3) 0.03627482825276018
norm(r_4) 0
Newton iteration  1 : ||r|| = 0.0362748, ||r||/||r_0|| = 0.112999
Setting time step: 0.01411295104302883 in DGTransportTDO
Setting time step: 0.01411295104302883 in CombinedOp
Setting time step: 0.01411295104302883 in IonStaticPressureOp
norm(r_0) 0
norm(r_1) 0
norm(r_2) 0
norm(r_3) 0.03893416914125097
norm(r_4) 0
Newton iteration  0 : ||r|| = 0.0389342
   Pass :  1   Iteration :   0  ||B r|| = 7.21758 ...
   Pass :  6   Iteration : 300  ||B r|| = 0.000392495
GMRES: No convergence!
norm(r_0) 0
norm(r_1) 0
norm(r_2) 0
norm(r_3) 0.06815003368712784
norm(r_4) 0
Newton iteration  1 : ||r|| = 0.06815, ||r||/||r_0|| = 1.75039
Setting time step: 0.01411295104302883 in DGTransportTDO
Setting time step: 0.01411295104302883 in CombinedOp
Setting time step: 0.01411295104302883 in IonStaticPressureOp
norm(r_0) 0
norm(r_1) 0
norm(r_2) 0
norm(r_3) 0.1212790858837361
norm(r_4) 0
Newton iteration  0 : ||r|| = 0.121279
   Pass :  1   Iteration :   0  ||B r|| = 4.77812 ...
   Pass :  6   Iteration : 300  ||B r|| = 0.000263865
GMRES: No convergence!
norm(r_0) 0
norm(r_1) 0
norm(r_2) 0
norm(r_3) 0.04455557024808968
norm(r_4) 0
Newton iteration  1 : ||r|| = 0.0445556, ||r||/||r_0|| = 0.36738
Setting time step: 0.01411295104302883 in DGTransportTDO
Setting time step: 0.01411295104302883 in CombinedOp
Setting time step: 0.01411295104302883 in IonStaticPressureOp
norm(r_0) 0
norm(r_1) 0
norm(r_2) 0
norm(r_3) 0.102264505045719
norm(r_4) 0
Newton iteration  0 : ||r|| = 0.102265
   Pass :  1   Iteration :   0  ||B r|| = 5.68618 ...
   Pass :  6   Iteration : 300  ||B r|| = 0.000316068
GMRES: No convergence!
norm(r_0) 0
norm(r_1) 0
norm(r_2) 0
norm(r_3) 0.05012819896352474
norm(r_4) 0
Newton iteration  1 : ||r|| = 0.0501282, ||r||/||r_0|| = 0.490182
Setting time step: 0.01411295104302883 in DGTransportTDO
Setting time step: 0.01411295104302883 in CombinedOp
Setting time step: 0.01411295104302883 in IonStaticPressureOp
norm(r_0) 0
norm(r_1) 0
norm(r_2) 0
norm(r_3) 0.08483915155466278
norm(r_4) 0
Newton iteration  0 : ||r|| = 0.0848392
   Pass :  1   Iteration :   0  ||B r|| = 5.94199 ...
   Pass :  6   Iteration : 300  ||B r|| = 0.000330183
GMRES: No convergence!
norm(r_0) 0
norm(r_1) 0
norm(r_2) 0
norm(r_3) 0.0601016473563917
norm(r_4) 0
Newton iteration  1 : ||r|| = 0.0601016, ||r||/||r_0|| = 0.708419
Setting time step: 0.01411295104302883 in DGTransportTDO
Setting time step: 0.01411295104302883 in CombinedOp
Setting time step: 0.01411295104302883 in IonStaticPressureOp
norm(r_0) 0
norm(r_1) 0
norm(r_2) 0
norm(r_3) 0.7937288839130381
norm(r_4) 0
Newton iteration  0 : ||r|| = 0.793729
   Pass :  1   Iteration :   0  ||B r|| = 3.87764 ...
   Pass :  6   Iteration : 300  ||B r|| = 0.000198536
GMRES: No convergence!
norm(r_0) 0
norm(r_1) 0
norm(r_2) 0
norm(r_3) 0.02223393599122924
norm(r_4) 0
Newton iteration  1 : ||r|| = 0.0222339, ||r||/||r_0|| = 0.028012
Time stepping paused at t = 0.1264518041721153

Estimating errors.
Setting time step: 0.02108297820981643 in DGTransportTDO
Setting time step: 0.02108297820981643 in CombinedOp
Setting time step: 0.02108297820981643 in IonStaticPressureOp
norm(r_0) 0
norm(r_1) 0
norm(r_2) 0
norm(r_3) 0.02311445085231094
norm(r_4) 0
Newton iteration  0 : ||r|| = 0.0231145
   Pass :  1   Iteration :   0  ||B r|| = 2.16654 ...
   Pass :  6   Iteration : 300  ||B r|| = 0.000189234
GMRES: No convergence!
norm(r_0) 0
norm(r_1) 0
norm(r_2) 0
norm(r_3) 0.05517712062350723
norm(r_4) 0
Newton iteration  1 : ||r|| = 0.0551771, ||r||/||r_0|| = 2.38713
Setting time step: 0.02108297820981643 in DGTransportTDO
Setting time step: 0.02108297820981643 in CombinedOp
Setting time step: 0.02108297820981643 in IonStaticPressureOp
norm(r_0) 0
norm(r_1) 0
norm(r_2) 0
norm(r_3) 0.1063716108759387
norm(r_4) 0
Newton iteration  0 : ||r|| = 0.106372
   Pass :  1   Iteration :   0  ||B r|| = 1.14888 ...
   Pass :  6   Iteration : 300  ||B r|| = 0.000113586
GMRES: No convergence!
norm(r_0) 0
norm(r_1) 0
norm(r_2) 0
norm(r_3) 0.02759731904703199
norm(r_4) 0
Newton iteration  1 : ||r|| = 0.0275973, ||r||/||r_0|| = 0.259443
Setting time step: 0.02108297820981643 in DGTransportTDO
Setting time step: 0.02108297820981643 in CombinedOp
Setting time step: 0.02108297820981643 in IonStaticPressureOp
norm(r_0) 0
norm(r_1) 0
norm(r_2) 0
norm(r_3) 0.09000280360366092
norm(r_4) 0
Newton iteration  0 : ||r|| = 0.0900028
   Pass :  1   Iteration :   0  ||B r|| = 1.51605 ...
   Pass :  6   Iteration : 300  ||B r|| = 0.000128101
GMRES: No convergence!
norm(r_0) 0
norm(r_1) 0
norm(r_2) 0
norm(r_3) 0.03803600980772974
norm(r_4) 0
Newton iteration  1 : ||r|| = 0.038036, ||r||/||r_0|| = 0.422609
Setting time step: 0.02108297820981643 in DGTransportTDO
Setting time step: 0.02108297820981643 in CombinedOp
Setting time step: 0.02108297820981643 in IonStaticPressureOp
norm(r_0) 0
norm(r_1) 0
norm(r_2) 0
norm(r_3) 0.07236664474097754
norm(r_4) 0
Newton iteration  0 : ||r|| = 0.0723666
   Pass :  1   Iteration :   0  ||B r|| = 1.62537 ...
   Pass :  6   Iteration : 300  ||B r|| = 0.000133285
GMRES: No convergence!
norm(r_0) 0
norm(r_1) 0
norm(r_2) 0
norm(r_3) 0.03380241456197509
norm(r_4) 0
Newton iteration  1 : ||r|| = 0.0338024, ||r||/||r_0|| = 0.467099
Setting time step: 0.02108297820981643 in DGTransportTDO
Setting time step: 0.02108297820981643 in CombinedOp
Setting time step: 0.02108297820981643 in IonStaticPressureOp
norm(r_0) 0
norm(r_1) 0
norm(r_2) 0
norm(r_3) 1.181644345685539
norm(r_4) 0
Newton iteration  0 : ||r|| = 1.18164
   Pass :  1   Iteration :   0  ||B r|| = 0.863312 ...
   Pass :  6   Iteration : 300  ||B r|| = 4.8682e-05
GMRES: No convergence!
norm(r_0) 0
norm(r_1) 0
norm(r_2) 0
norm(r_3) 0.008785388579145877
norm(r_4) 0
Newton iteration  1 : ||r|| = 0.00878539, ||r||/||r_0|| = 0.00743488
Setting time step: 0.02307617600131092 in DGTransportTDO
Setting time step: 0.02307617600131092 in CombinedOp
Setting time step: 0.02307617600131092 in IonStaticPressureOp
norm(r_0) 0
norm(r_1) 0
norm(r_2) 0
norm(r_3) 0.008990854046692719
norm(r_4) 0
Newton iteration  0 : ||r|| = 0.00899085
   Pass :  1   Iteration :   0  ||B r|| = 0.601204 ...
   Pass :  6   Iteration : 300  ||B r|| = 5.80221e-05
GMRES: No convergence!
norm(r_0) 0
norm(r_1) 0
norm(r_2) 0
norm(r_3) 0.01632770078216992
norm(r_4) 0
Newton iteration  1 : ||r|| = 0.0163277, ||r||/||r_0|| = 1.81603
Setting time step: 0.02307617600131092 in DGTransportTDO
Setting time step: 0.02307617600131092 in CombinedOp
Setting time step: 0.02307617600131092 in IonStaticPressureOp
norm(r_0) 0
norm(r_1) 0
norm(r_2) 0
norm(r_3) 0.03064989710821356
norm(r_4) 0
Newton iteration  0 : ||r|| = 0.0306499
   Pass :  1   Iteration :   0  ||B r|| = 0.296037 ...
   Pass :  6   Iteration : 300  ||B r|| = 3.43941e-05
GMRES: No convergence!
norm(r_0) 0
norm(r_1) 0
norm(r_2) 0
norm(r_3) 0.009533754472228387
norm(r_4) 0
Newton iteration  1 : ||r|| = 0.00953375, ||r||/||r_0|| = 0.311053
Setting time step: 0.02307617600131092 in DGTransportTDO
Setting time step: 0.02307617600131092 in CombinedOp
Setting time step: 0.02307617600131092 in IonStaticPressureOp
norm(r_0) 0
norm(r_1) 0
norm(r_2) 0
norm(r_3) 0.02584468738359421
norm(r_4) 0
Newton iteration  0 : ||r|| = 0.0258447
   Pass :  1   Iteration :   0  ||B r|| = 0.404913 ...
   Pass :  6   Iteration : 300  ||B r|| = 4.08601e-05
GMRES: No convergence!
norm(r_0) 0
norm(r_1) 0
norm(r_2) 0
norm(r_3) 0.01162897341024027
norm(r_4) 0
Newton iteration  1 : ||r|| = 0.011629, ||r||/||r_0|| = 0.449956
Setting time step: 0.02307617600131092 in DGTransportTDO
Setting time step: 0.02307617600131092 in CombinedOp
Setting time step: 0.02307617600131092 in IonStaticPressureOp
norm(r_0) 0
norm(r_1) 0
norm(r_2) 0
norm(r_3) 0.02078213328080371
norm(r_4) 0
Newton iteration  0 : ||r|| = 0.0207821
   Pass :  1   Iteration :   0  ||B r|| = 0.437956 ...
   Pass :  6   Iteration : 300  ||B r|| = 4.23656e-05
GMRES: No convergence!
norm(r_0) 0
norm(r_1) 0
norm(r_2) 0
norm(r_3) 0.01263808982941453
norm(r_4) 0
Newton iteration  1 : ||r|| = 0.0126381, ||r||/||r_0|| = 0.608123
Setting time step: 0.02307617600131092 in DGTransportTDO
Setting time step: 0.02307617600131092 in CombinedOp
Setting time step: 0.02307617600131092 in IonStaticPressureOp
norm(r_0) 0
norm(r_1) 0
norm(r_2) 0
norm(r_3) 0.2798269417761293
norm(r_4) 0
Newton iteration  0 : ||r|| = 0.279827
   Pass :  1   Iteration :   0  ||B r|| = 0.219847 ...
   Pass :  6   Iteration : 300  ||B r|| = 1.95472e-05
GMRES: No convergence!
norm(r_0) 0
norm(r_1) 0
norm(r_2) 0
norm(r_3) 0.0044006486434101
norm(r_4) 0
Newton iteration  1 : ||r|| = 0.00440065, ||r||/||r_0|| = 0.0157263
Setting time step: 0.04421736216014838 in DGTransportTDO
Setting time step: 0.04421736216014838 in CombinedOp
Setting time step: 0.04421736216014838 in IonStaticPressureOp
norm(r_0) 0
norm(r_1) 0
norm(r_2) 0
norm(r_3) 0.004431436324425041
norm(r_4) 0
Newton iteration  0 : ||r|| = 0.00443144
   Pass :  1   Iteration :   0  ||B r|| = 0.0856154 ...
   Pass :  6   Iteration : 300  ||B r|| = 2.05732e-05
GMRES: No convergence!
norm(r_0) 0
norm(r_1) 0
norm(r_2) 0
norm(r_3) 0.00923374720408709
norm(r_4) 0
Newton iteration  1 : ||r|| = 0.00923375, ||r||/||r_0|| = 2.08369
Setting time step: 0.04421736216014838 in DGTransportTDO
Setting time step: 0.04421736216014838 in CombinedOp
Setting time step: 0.04421736216014838 in IonStaticPressureOp
norm(r_0) 0
norm(r_1) 0
norm(r_2) 0
norm(r_3) 0.01756247767057753
norm(r_4) 0
Newton iteration  0 : ||r|| = 0.0175625
   Pass :  1   Iteration :   0  ||B r|| = 0.0172256 ...
   Pass :  6   Iteration : 300  ||B r|| = 6.75218e-06
GMRES: No convergence!
norm(r_0) 0
norm(r_1) 0
norm(r_2) 0
norm(r_3) 0.004741343970649492
norm(r_4) 0
Newton iteration  1 : ||r|| = 0.00474134, ||r||/||r_0|| = 0.26997
Setting time step: 0.04421736216014838 in DGTransportTDO
Setting time step: 0.04421736216014838 in CombinedOp
Setting time step: 0.04421736216014838 in IonStaticPressureOp
norm(r_0) 0
norm(r_1) 0
norm(r_2) 0
norm(r_3) 0.01479235859107795
norm(r_4) 0
Newton iteration  0 : ||r|| = 0.0147924
   Pass :  1   Iteration :   0  ||B r|| = 0.0399339 ...
   Pass :  6   Iteration : 300  ||B r|| = 1.63851e-05
GMRES: No convergence!
norm(r_0) 0
norm(r_1) 0
norm(r_2) 0
norm(r_3) 0.01106906921572002
norm(r_4) 0
Newton iteration  1 : ||r|| = 0.0110691, ||r||/||r_0|| = 0.748296
Setting time step: 0.04421736216014838 in DGTransportTDO
Setting time step: 0.04421736216014838 in CombinedOp
Setting time step: 0.04421736216014838 in IonStaticPressureOp
norm(r_0) 0
norm(r_1) 0
norm(r_2) 0
norm(r_3) 0.01181334089637165
norm(r_4) 0
Newton iteration  0 : ||r|| = 0.0118133
   Pass :  1   Iteration :   0  ||B r|| = 0.0476982 ...
   Pass :  6   Iteration : 300  ||B r|| = 1.62312e-05
GMRES: No convergence!
norm(r_0) 0
norm(r_1) 0
norm(r_2) 0
norm(r_3) 0.008592989814145807
norm(r_4) 0
Newton iteration  1 : ||r|| = 0.00859299, ||r||/||r_0|| = 0.727397
Setting time step: 0.04421736216014838 in DGTransportTDO
Setting time step: 0.04421736216014838 in CombinedOp
Setting time step: 0.04421736216014838 in IonStaticPressureOp
norm(r_0) 0
norm(r_1) 0
norm(r_2) 0
norm(r_3) 0.3269367289094927
norm(r_4) 0
Newton iteration  0 : ||r|| = 0.326937
   Pass :  1   Iteration :   0  ||B r|| = 0.011982 ...
   Pass :  6   Iteration : 300  ||B r|| = 1.96623e-05
GMRES: No convergence!
norm(r_0) 0
norm(r_1) 0
norm(r_2) 0
norm(r_3) 0.02000424980582833
norm(r_4) 0
Newton iteration  1 : ||r|| = 0.0200042, ||r||/||r_0|| = 0.0611869
Setting time step: 0.0802519474498785 in DGTransportTDO
Setting time step: 0.0802519474498785 in CombinedOp
Setting time step: 0.0802519474498785 in IonStaticPressureOp
norm(r_0) 0
norm(r_1) 0
norm(r_2) 0
norm(r_3) 0.02000443592238673
norm(r_4) 0
Newton iteration  0 : ||r|| = 0.0200044
   Pass :  1   Iteration :   0  ||B r|| = 0.00450245 ...
   Pass :  6   Iteration : 300  ||B r|| = 3.39381e-06
GMRES: No convergence!
norm(r_0) 0
norm(r_1) 0
norm(r_2) 0
norm(r_3) 0.005902926722947671
norm(r_4) 0
Newton iteration  1 : ||r|| = 0.00590293, ||r||/||r_0|| = 0.295081
Setting time step: 0.0802519474498785 in DGTransportTDO
Setting time step: 0.0802519474498785 in CombinedOp
Setting time step: 0.0802519474498785 in IonStaticPressureOp
norm(r_0) 0
norm(r_1) 0
norm(r_2) 0
norm(r_3) 0.01884249328381998
norm(r_4) 0
Newton iteration  0 : ||r|| = 0.0188425
   Pass :  1   Iteration :   0  ||B r|| = 0.000907265 ...
   Pass :  6   Iteration : 278  ||B r|| = 9.96129e-07
norm(r_0) 0
norm(r_1) 0
norm(r_2) 0
norm(r_3) 0.001541384524922875
norm(r_4) 0
Newton iteration  1 : ||r|| = 0.00154138, ||r||/||r_0|| = 0.0818036
Setting time step: 0.0802519474498785 in DGTransportTDO
Setting time step: 0.0802519474498785 in CombinedOp
Setting time step: 0.0802519474498785 in IonStaticPressureOp
norm(r_0) 0
norm(r_1) 0
norm(r_2) 0
norm(r_3) 0.01125401045613621
norm(r_4) 0
Newton iteration  0 : ||r|| = 0.011254
   Pass :  1   Iteration :   0  ||B r|| = 0.00217456 ...
   Pass :  6   Iteration : 300  ||B r|| = 1.39082e-06
GMRES: No convergence!
norm(r_0) 0
norm(r_1) 0
norm(r_2) 0
norm(r_3) 0.002479831476866688
norm(r_4) 0
Newton iteration  1 : ||r|| = 0.00247983, ||r||/||r_0|| = 0.220351
Setting time step: 0.0802519474498785 in DGTransportTDO
Setting time step: 0.0802519474498785 in CombinedOp
Setting time step: 0.0802519474498785 in IonStaticPressureOp
norm(r_0) 0
norm(r_1) 0
norm(r_2) 0
norm(r_3) 0.007461419627705779
norm(r_4) 0
Newton iteration  0 : ||r|| = 0.00746142
   Pass :  1   Iteration :   0  ||B r|| = 0.00255452 ...
   Pass :  6   Iteration : 300  ||B r|| = 1.69465e-06
GMRES: No convergence!
norm(r_0) 0
norm(r_1) 0
norm(r_2) 0
norm(r_3) 0.003166910306687037
norm(r_4) 0
Newton iteration  1 : ||r|| = 0.00316691, ||r||/||r_0|| = 0.424438
Setting time step: 0.0802519474498785 in DGTransportTDO
Setting time step: 0.0802519474498785 in CombinedOp
Setting time step: 0.0802519474498785 in IonStaticPressureOp
norm(r_0) 0
norm(r_1) 0
norm(r_2) 0
norm(r_3) 0.09072340215444108
norm(r_4) 0
Newton iteration  0 : ||r|| = 0.0907234
   Pass :  1   Iteration :   0  ||B r|| = 0.00136767 ...
   Pass :  6   Iteration : 300  ||B r|| = 3.75651e-06
GMRES: No convergence!
norm(r_0) 0
norm(r_1) 0
norm(r_2) 0
norm(r_3) 0.007149599851428321
norm(r_4) 0
Newton iteration  1 : ||r|| = 0.0071496, ||r||/||r_0|| = 0.0788066
Time stepping paused at t = 0.8009656594567323

Estimating errors.
Setting time step: 0.160503894899757 in DGTransportTDO
Setting time step: 0.160503894899757 in CombinedOp
Setting time step: 0.160503894899757 in IonStaticPressureOp
norm(r_0) 0
norm(r_1) 0
norm(r_2) 0
norm(r_3) 0.007149621929706397
norm(r_4) 0
Newton iteration  0 : ||r|| = 0.00714962
   Pass :  1   Iteration :   0  ||B r|| = 5.78874e-05 ...
   Pass :  4   Iteration : 196  ||B r|| = 9.80624e-07
norm(r_0) 0
norm(r_1) 0
norm(r_2) 0
norm(r_3) 0.00396798681480374
norm(r_4) 0
Newton iteration  1 : ||r|| = 0.00396799, ||r||/||r_0|| = 0.554993
Setting time step: 0.160503894899757 in DGTransportTDO
Setting time step: 0.160503894899757 in CombinedOp
Setting time step: 0.160503894899757 in IonStaticPressureOp
norm(r_0) 0
norm(r_1) 0
norm(r_2) 0
norm(r_3) 0.006029425526462806
norm(r_4) 0
Newton iteration  0 : ||r|| = 0.00602943
   Pass :  1   Iteration :   0  ||B r|| = 8.04785e-05 ...
   Pass :  1   Iteration :  13  ||B r|| = 9.95592e-07
norm(r_0) 0
norm(r_1) 0
norm(r_2) 0
norm(r_3) 0.002848012723114138
norm(r_4) 0
Newton iteration  1 : ||r|| = 0.00284801, ||r||/||r_0|| = 0.472352
Setting time step: 0.160503894899757 in DGTransportTDO
Setting time step: 0.160503894899757 in CombinedOp
Setting time step: 0.160503894899757 in IonStaticPressureOp
norm(r_0) 0
norm(r_1) 0
norm(r_2) 0
norm(r_3) 0.004918545148795144
norm(r_4) 0
Newton iteration  0 : ||r|| = 0.00491855
   Pass :  1   Iteration :   0  ||B r|| = 8.57161e-05 ...
   Pass :  1   Iteration :  30  ||B r|| = 9.68406e-07
norm(r_0) 0
norm(r_1) 0
norm(r_2) 0
norm(r_3) 0.003244096452514186
norm(r_4) 0
Newton iteration  1 : ||r|| = 0.0032441, ||r||/||r_0|| = 0.659564
Setting time step: 0.160503894899757 in DGTransportTDO
Setting time step: 0.160503894899757 in CombinedOp
Setting time step: 0.160503894899757 in IonStaticPressureOp
norm(r_0) 0
norm(r_1) 0
norm(r_2) 0
norm(r_3) 0.004431150910495159
norm(r_4) 0
Newton iteration  0 : ||r|| = 0.00443115
   Pass :  1   Iteration :   0  ||B r|| = 7.72879e-05 ...
   Pass :  1   Iteration :  45  ||B r|| = 9.9522e-07
norm(r_0) 0
norm(r_1) 0
norm(r_2) 0
norm(r_3) 0.003508931638792044
norm(r_4) 0
Newton iteration  1 : ||r|| = 0.00350893, ||r||/||r_0|| = 0.791878
Setting time step: 0.160503894899757 in DGTransportTDO
Setting time step: 0.160503894899757 in CombinedOp
Setting time step: 0.160503894899757 in IonStaticPressureOp
norm(r_0) 0
norm(r_1) 0
norm(r_2) 0
norm(r_3) 0.08684617098691542
norm(r_4) 0
Newton iteration  0 : ||r|| = 0.0868462
   Pass :  1   Iteration :   0  ||B r|| = 0.0003468 ...
   Pass :  2   Iteration :  95  ||B r|| = 9.97793e-07
norm(r_0) 0
norm(r_1) 0
norm(r_2) 0
norm(r_3) 0.005180507555632382
norm(r_4) 0
Newton iteration  1 : ||r|| = 0.00518051, ||r||/||r_0|| = 0.0596515
Setting time step: 0.321007789799514 in DGTransportTDO
Setting time step: 0.321007789799514 in CombinedOp
Setting time step: 0.321007789799514 in IonStaticPressureOp
norm(r_0) 0
norm(r_1) 0
norm(r_2) 0
norm(r_3) 0.005180509993563996
norm(r_4) 0
Newton iteration  0 : ||r|| = 0.00518051
   Pass :  1   Iteration :   0  ||B r|| = 4.44217e-05 ...
   Pass :  1   Iteration :  16  ||B r|| = 9.37485e-07
norm(r_0) 0
norm(r_1) 0
norm(r_2) 0
norm(r_3) 0.01674082857027659
norm(r_4) 0
Newton iteration  1 : ||r|| = 0.0167408, ||r||/||r_0|| = 3.2315
Setting time step: 0.321007789799514 in DGTransportTDO
Setting time step: 0.321007789799514 in CombinedOp
Setting time step: 0.321007789799514 in IonStaticPressureOp
norm(r_0) 0
norm(r_1) 0
norm(r_2) 0
norm(r_3) 0.0293159405338873
norm(r_4) 0
Newton iteration  0 : ||r|| = 0.0293159
   Pass :  1   Iteration :   0  ||B r|| = 4.0986e-05 ...
   Pass :  1   Iteration :   6  ||B r|| = 9.99169e-07
norm(r_0) 0
norm(r_1) 0
norm(r_2) 0
norm(r_3) 0.01364593795607903
norm(r_4) 0
Newton iteration  1 : ||r|| = 0.0136459, ||r||/||r_0|| = 0.465478
Setting time step: 0.321007789799514 in DGTransportTDO
Setting time step: 0.321007789799514 in CombinedOp
Setting time step: 0.321007789799514 in IonStaticPressureOp
norm(r_0) 0
norm(r_1) 0
norm(r_2) 0
norm(r_3) 0.02417090038973721
norm(r_4) 0
Newton iteration  0 : ||r|| = 0.0241709
   Pass :  1   Iteration :   0  ||B r|| = 2.01853e-05 ...
   Pass :  1   Iteration :   6  ||B r|| = 9.86051e-07
norm(r_0) 0
norm(r_1) 0
norm(r_2) 0
norm(r_3) 0.01557007014566998
norm(r_4) 0
Newton iteration  1 : ||r|| = 0.0155701, ||r||/||r_0|| = 0.644166
Setting time step: 0.321007789799514 in DGTransportTDO
Setting time step: 0.321007789799514 in CombinedOp
Setting time step: 0.321007789799514 in IonStaticPressureOp
norm(r_0) 0
norm(r_1) 0
norm(r_2) 0
norm(r_3) 0.02037234611671803
norm(r_4) 0
Newton iteration  0 : ||r|| = 0.0203723
   Pass :  1   Iteration :   0  ||B r|| = 8.21937e-06 ...
   Pass :  1   Iteration :   6  ||B r|| = 9.93048e-07
norm(r_0) 0
norm(r_1) 0
norm(r_2) 0
norm(r_3) 0.01604030345104282
norm(r_4) 0
Newton iteration  1 : ||r|| = 0.0160403, ||r||/||r_0|| = 0.787357
Setting time step: 0.321007789799514 in DGTransportTDO
Setting time step: 0.321007789799514 in CombinedOp
Setting time step: 0.321007789799514 in IonStaticPressureOp
norm(r_0) 0
norm(r_1) 0
norm(r_2) 0
norm(r_3) 0.06806260613136089
norm(r_4) 0
Newton iteration  0 : ||r|| = 0.0680626
   Pass :  1   Iteration :   0  ||B r|| = 9.65346e-05 ...
   Pass :  1   Iteration :   9  ||B r|| = 9.30467e-07
norm(r_0) 0
norm(r_1) 0
norm(r_2) 0
norm(r_3) 0.006649234193210673
norm(r_4) 0
Newton iteration  1 : ||r|| = 0.00664923, ||r||/||r_0|| = 0.0976929
Setting time step: 0.642015579599028 in DGTransportTDO
Setting time step: 0.642015579599028 in CombinedOp
Setting time step: 0.642015579599028 in IonStaticPressureOp
norm(r_0) 0
norm(r_1) 0
norm(r_2) 0
norm(r_3) 0.006649234213801647
norm(r_4) 0
Newton iteration  0 : ||r|| = 0.00664923
   Pass :  1   Iteration :   0  ||B r|| = 5.04514e-07
norm(r_0) 0
norm(r_1) 0
norm(r_2) 0
norm(r_3) 0.006649234213801647
norm(r_4) 0
Newton iteration  1 : ||r|| = 0.00664923, ||r||/||r_0|| = 1
Setting time step: 0.642015579599028 in DGTransportTDO
Setting time step: 0.642015579599028 in CombinedOp
Setting time step: 0.642015579599028 in IonStaticPressureOp
norm(r_0) 0
norm(r_1) 0
norm(r_2) 0
norm(r_3) 0.006649234213801647
norm(r_4) 0
Newton iteration  0 : ||r|| = 0.00664923
   Pass :  1   Iteration :   0  ||B r|| = 5.04514e-07
norm(r_0) 0
norm(r_1) 0
norm(r_2) 0
norm(r_3) 0.006649234213801647
norm(r_4) 0
Newton iteration  1 : ||r|| = 0.00664923, ||r||/||r_0|| = 1
Setting time step: 0.642015579599028 in DGTransportTDO
Setting time step: 0.642015579599028 in CombinedOp
Setting time step: 0.642015579599028 in IonStaticPressureOp
norm(r_0) 0
norm(r_1) 0
norm(r_2) 0
norm(r_3) 0.006649234213801647
norm(r_4) 0
Newton iteration  0 : ||r|| = 0.00664923
   Pass :  1   Iteration :   0  ||B r|| = 5.04514e-07
norm(r_0) 0
norm(r_1) 0
norm(r_2) 0
norm(r_3) 0.006649234213801647
norm(r_4) 0
Newton iteration  1 : ||r|| = 0.00664923, ||r||/||r_0|| = 1
Setting time step: 0.642015579599028 in DGTransportTDO
Setting time step: 0.642015579599028 in CombinedOp
Setting time step: 0.642015579599028 in IonStaticPressureOp
norm(r_0) 0
norm(r_1) 0
norm(r_2) 0
norm(r_3) 0.006649234213801647
norm(r_4) 0
Newton iteration  0 : ||r|| = 0.00664923
   Pass :  1   Iteration :   0  ||B r|| = 5.04514e-07
norm(r_0) 0
norm(r_1) 0
norm(r_2) 0
norm(r_3) 0.006649234213801647
norm(r_4) 0
Newton iteration  1 : ||r|| = 0.00664923, ||r||/||r_0|| = 1
Setting time step: 0.642015579599028 in DGTransportTDO
Setting time step: 0.642015579599028 in CombinedOp
Setting time step: 0.642015579599028 in IonStaticPressureOp
norm(r_0) 0
norm(r_1) 0
norm(r_2) 0
norm(r_3) 0.006649234213801647
norm(r_4) 0
Newton iteration  0 : ||r|| = 0.00664923
   Pass :  1   Iteration :   0  ||B r|| = 5.04514e-07
norm(r_0) 0
norm(r_1) 0
norm(r_2) 0
norm(r_3) 0.006649234213801647
norm(r_4) 0
Newton iteration  1 : ||r|| = 0.00664923, ||r||/||r_0|| = 1
Setting time step: 0.642015579599028 in DGTransportTDO
Setting time step: 0.642015579599028 in CombinedOp
Setting time step: 0.642015579599028 in IonStaticPressureOp
norm(r_0) 0
norm(r_1) 0
norm(r_2) 0
norm(r_3) 0.006649234213801647
norm(r_4) 0
Newton iteration  0 : ||r|| = 0.00664923
   Pass :  1   Iteration :   0  ||B r|| = 5.04514e-07
norm(r_0) 0
norm(r_1) 0
norm(r_2) 0
norm(r_3) 0.006649234213801647
norm(r_4) 0
Newton iteration  1 : ||r|| = 0.00664923, ||r||/||r_0|| = 1
Setting time step: 0.642015579599028 in DGTransportTDO
Setting time step: 0.642015579599028 in CombinedOp
Setting time step: 0.642015579599028 in IonStaticPressureOp
norm(r_0) 0
norm(r_1) 0
norm(r_2) 0
norm(r_3) 0.006649234213801647
norm(r_4) 0
Newton iteration  0 : ||r|| = 0.00664923
   Pass :  1   Iteration :   0  ||B r|| = 5.04514e-07
norm(r_0) 0
norm(r_1) 0
norm(r_2) 0
norm(r_3) 0.006649234213801647
norm(r_4) 0
Newton iteration  1 : ||r|| = 0.00664923, ||r||/||r_0|| = 1
Setting time step: 0.642015579599028 in DGTransportTDO
Setting time step: 0.642015579599028 in CombinedOp
Setting time step: 0.642015579599028 in IonStaticPressureOp
norm(r_0) 0
norm(r_1) 0
norm(r_2) 0
norm(r_3) 0.006649234213801647
norm(r_4) 0
Newton iteration  0 : ||r|| = 0.00664923
   Pass :  1   Iteration :   0  ||B r|| = 5.04514e-07
norm(r_0) 0
norm(r_1) 0
norm(r_2) 0
norm(r_3) 0.006649234213801647
norm(r_4) 0
Newton iteration  1 : ||r|| = 0.00664923, ||r||/||r_0|| = 1
Setting time step: 0.642015579599028 in DGTransportTDO
Setting time step: 0.642015579599028 in CombinedOp
Setting time step: 0.642015579599028 in IonStaticPressureOp
norm(r_0) 0
norm(r_1) 0
norm(r_2) 0
norm(r_3) 0.006649234213801647
norm(r_4) 0
Newton iteration  0 : ||r|| = 0.00664923
   Pass :  1   Iteration :   0  ||B r|| = 5.04514e-07
norm(r_0) 0
norm(r_1) 0
norm(r_2) 0
norm(r_3) 0.006649234213801647
norm(r_4) 0
Newton iteration  1 : ||r|| = 0.00664923, ||r||/||r_0|| = 1
Setting time step: 0.642015579599028 in DGTransportTDO
Setting time step: 0.642015579599028 in CombinedOp
Setting time step: 0.642015579599028 in IonStaticPressureOp
norm(r_0) 0
norm(r_1) 0
norm(r_2) 0
norm(r_3) 0.006649234213801647
norm(r_4) 0
Newton iteration  0 : ||r|| = 0.00664923
   Pass :  1   Iteration :   0  ||B r|| = 5.04514e-07
norm(r_0) 0
norm(r_1) 0
norm(r_2) 0
norm(r_3) 0.006649234213801647
norm(r_4) 0
Newton iteration  1 : ||r|| = 0.00664923, ||r||/||r_0|| = 1
Time stepping paused at t = 7.863137035046041
Steady State solution has been reached

Time stepping done after 42.641378196s.
